#
# There is insufficient memory for the Java Runtime Environment to continue.
# Native memory allocation (malloc) failed to allocate 1866416 bytes for Chunk::new
# Possible reasons:
#   The system is out of physical RAM or swap space
#   The process is running with CompressedOops enabled, and the Java Heap may be blocking the growth of the native heap
# Possible solutions:
#   Reduce memory load on the system
#   Increase physical memory or swap space
#   Check if swap backing store is full
#   Decrease Java heap size (-Xmx/-Xms)
#   Decrease number of Java threads
#   Decrease Java thread stack sizes (-Xss)
#   Set larger code cache with -XX:ReservedCodeCacheSize=
#   JVM is running with Unscaled Compressed Oops mode in which the Java heap is
#     placed in the first 4GB address space. The Java Heap base address is the
#     maximum limit for the native heap growth. Please use -XX:HeapBaseMinAddress
#     to set the Java Heap base and to place the Java Heap above 4GB virtual address.
# This output file may be truncated or incomplete.
#
#  Out of Memory Error (src/hotspot/share/memory/arena.cpp:197), pid=3904, tid=9296
#
# JRE version: OpenJDK Runtime Environment (11.0.15) (build 11.0.15+0-b2043.56-9505619)
# Java VM: OpenJDK 64-Bit Server VM (11.0.15+0-b2043.56-9505619, mixed mode, tiered, compressed oops, g1 gc, windows-amd64)
# No core dump will be written. Minidumps are not enabled by default on client versions of Windows
#

---------------  S U M M A R Y ------------

Command Line: -javaagent:C:\Program Files\Android\Android Studio\plugins\android\resources\trace_agent.jar=C:\Users\SHAHZA~1\AppData\Local\Temp\sync.trace.profile --add-opens=java.base/java.util=ALL-UNNAMED --add-opens=java.base/java.lang=ALL-UNNAMED --add-opens=java.base/java.lang.invoke=ALL-UNNAMED --add-opens=java.base/java.util=ALL-UNNAMED --add-opens=java.prefs/java.util.prefs=ALL-UNNAMED --add-opens=java.prefs/java.util.prefs=ALL-UNNAMED --add-opens=java.base/java.nio.charset=ALL-UNNAMED --add-opens=java.base/java.net=ALL-UNNAMED --add-opens=java.base/java.util.concurrent.atomic=ALL-UNNAMED -Xmx2048m -Dfile.encoding=UTF-8 -Duser.country=US -Duser.language=en -Duser.variant org.gradle.launcher.daemon.bootstrap.GradleDaemon 7.5

Host: Intel(R) Core(TM) i5-4310U CPU @ 2.00GHz, 4 cores, 7G,  Windows 10 , 64 bit Build 19041 (10.0.19041.2788)
Time: Tue May  9 20:29:34 2023 Pakistan Standard Time elapsed time: 14.938923 seconds (0d 0h 0m 14s)

---------------  T H R E A D  ---------------

Current thread (0x000001f1284ab000):  JavaThread "C2 CompilerThread1" daemon [_thread_in_native, id=9296, stack(0x000000efde900000,0x000000efdea00000)]


Current CompileTask:
C2:  14938 5988       4       java.lang.invoke.MethodType::makeImpl (108 bytes)

Stack: [0x000000efde900000,0x000000efdea00000]
Native frames: (J=compiled Java code, j=interpreted, Vv=VM code, C=native code)
V  [jvm.dll+0x64135a]
V  [jvm.dll+0x7d39f9]
V  [jvm.dll+0x7d51b9]
V  [jvm.dll+0x7d58a3]
V  [jvm.dll+0x2691c5]
V  [jvm.dll+0xc1a5c]
V  [jvm.dll+0xc200c]
V  [jvm.dll+0x377462]
V  [jvm.dll+0x342495]
V  [jvm.dll+0x34186a]
V  [jvm.dll+0x2214bd]
V  [jvm.dll+0x220498]
V  [jvm.dll+0x19e851]
V  [jvm.dll+0x230479]
V  [jvm.dll+0x22e5ef]
V  [jvm.dll+0x794de1]
V  [jvm.dll+0x78dc24]
V  [jvm.dll+0x6400f6]
C  [ucrtbase.dll+0x21bb2]
C  [KERNEL32.DLL+0x17604]
C  [ntdll.dll+0x526a1]


---------------  P R O C E S S  ---------------

Threads class SMR info:
_java_thread_list=0x000001f12cefc8b0, length=78, elements={
0x000001f10d814000, 0x000001f127426000, 0x000001f127427800, 0x000001f127440000,
0x000001f127442000, 0x000001f127443000, 0x000001f127447000, 0x000001f12746a000,
0x000001f12746b800, 0x000001f127e0b800, 0x000001f1284ab000, 0x000001f12a7ac800,
0x000001f12aeea800, 0x000001f12b781000, 0x000001f12a884000, 0x000001f12a881800,
0x000001f12a87f000, 0x000001f12a880000, 0x000001f12a880800, 0x000001f12a882800,
0x000001f12a883000, 0x000001f12a87e800, 0x000001f12a885000, 0x000001f1280ae000,
0x000001f1280a8800, 0x000001f1280a9000, 0x000001f1280aa000, 0x000001f1280aa800,
0x000001f1280ab800, 0x000001f1280ac800, 0x000001f1280ad000, 0x000001f1280af000,
0x000001f1293d0000, 0x000001f1293d0800, 0x000001f1293cf000, 0x000001f1293d2000,
0x000001f1293cc800, 0x000001f1293cd800, 0x000001f1293d9000, 0x000001f1293d3000,
0x000001f1293d9800, 0x000001f1293d4000, 0x000001f1293d4800, 0x000001f1293d5800,
0x000001f1293d8000, 0x000001f1293d6800, 0x000001f1293d7000, 0x000001f12d54c000,
0x000001f12d54d800, 0x000001f12d551000, 0x000001f12d552800, 0x000001f12d54d000,
0x000001f12d551800, 0x000001f12d553800, 0x000001f12d554000, 0x000001f12d54e800,
0x000001f12d54f000, 0x000001f12d555000, 0x000001f12d556000, 0x000001f12d550000,
0x000001f12d55a000, 0x000001f12d55a800, 0x000001f12d556800, 0x000001f12d557800,
0x000001f12d558000, 0x000001f12d559000, 0x000001f12eb47000, 0x000001f12eb46000,
0x000001f12eb45000, 0x000001f12eb47800, 0x000001f12eb44800, 0x000001f12eb4a000,
0x000001f12eb4b800, 0x000001f12eb49000, 0x000001f12eb4c800, 0x000001f12eb4e000,
0x000001f12eb4d800, 0x000001f12eb4b000
}

Java Threads: ( => current thread )
  0x000001f10d814000 JavaThread "main" [_thread_blocked, id=15300, stack(0x000000efdd900000,0x000000efdda00000)]
  0x000001f127426000 JavaThread "Reference Handler" daemon [_thread_blocked, id=6608, stack(0x000000efde000000,0x000000efde100000)]
  0x000001f127427800 JavaThread "Finalizer" daemon [_thread_blocked, id=3796, stack(0x000000efde100000,0x000000efde200000)]
  0x000001f127440000 JavaThread "Signal Dispatcher" daemon [_thread_blocked, id=11980, stack(0x000000efde200000,0x000000efde300000)]
  0x000001f127442000 JavaThread "Attach Listener" daemon [_thread_blocked, id=9988, stack(0x000000efde300000,0x000000efde400000)]
  0x000001f127443000 JavaThread "Service Thread" daemon [_thread_blocked, id=12352, stack(0x000000efde400000,0x000000efde500000)]
  0x000001f127447000 JavaThread "C2 CompilerThread0" daemon [_thread_in_native, id=15400, stack(0x000000efde500000,0x000000efde600000)]
  0x000001f12746a000 JavaThread "C1 CompilerThread0" daemon [_thread_blocked, id=14644, stack(0x000000efde600000,0x000000efde700000)]
  0x000001f12746b800 JavaThread "Sweeper thread" daemon [_thread_blocked, id=7828, stack(0x000000efde700000,0x000000efde800000)]
  0x000001f127e0b800 JavaThread "Common-Cleaner" daemon [_thread_blocked, id=8316, stack(0x000000efde800000,0x000000efde900000)]
=>0x000001f1284ab000 JavaThread "C2 CompilerThread1" daemon [_thread_in_native, id=9296, stack(0x000000efde900000,0x000000efdea00000)]
  0x000001f12a7ac800 JavaThread "Daemon health stats" [_thread_blocked, id=2684, stack(0x000000efded00000,0x000000efdee00000)]
  0x000001f12aeea800 JavaThread "Incoming local TCP Connector on port 52032" [_thread_in_native, id=9460, stack(0x000000efdee00000,0x000000efdef00000)]
  0x000001f12b781000 JavaThread "Daemon periodic checks" [_thread_blocked, id=13448, stack(0x000000efdef00000,0x000000efdf000000)]
  0x000001f12a884000 JavaThread "Daemon" [_thread_blocked, id=13900, stack(0x000000efdf000000,0x000000efdf100000)]
  0x000001f12a881800 JavaThread "Handler for socket connection from /127.0.0.1:52032 to /127.0.0.1:52033" [_thread_in_native, id=9588, stack(0x000000efdf100000,0x000000efdf200000)]
  0x000001f12a87f000 JavaThread "Cancel handler" [_thread_blocked, id=5440, stack(0x000000efdf200000,0x000000efdf300000)]
  0x000001f12a880000 JavaThread "Daemon worker" [_thread_in_Java, id=7276, stack(0x000000efdf300000,0x000000efdf400000)]
  0x000001f12a880800 JavaThread "Asynchronous log dispatcher for DefaultDaemonConnection: socket connection from /127.0.0.1:52032 to /127.0.0.1:52033" [_thread_blocked, id=12292, stack(0x000000efdf400000,0x000000efdf500000)]
  0x000001f12a882800 JavaThread "Stdin handler" [_thread_blocked, id=8948, stack(0x000000efdf500000,0x000000efdf600000)]
  0x000001f12a883000 JavaThread "Daemon client event forwarder" [_thread_in_vm, id=11332, stack(0x000000efdf600000,0x000000efdf700000)]
  0x000001f12a87e800 JavaThread "Cache worker for journal cache (C:\Users\shahzaib lptp\AndroidStudioProjects\loginsqlite\caches\journal-1)" [_thread_blocked, id=7948, stack(0x000000efdf800000,0x000000efdf900000)]
  0x000001f12a885000 JavaThread "File lock request listener" [_thread_in_native, id=8868, stack(0x000000efdf900000,0x000000efdfa00000)]
  0x000001f1280ae000 JavaThread "Cache worker for file hash cache (C:\Users\shahzaib lptp\AndroidStudioProjects\loginsqlite\caches\7.5\fileHashes)" [_thread_blocked, id=6120, stack(0x000000efdfa00000,0x000000efdfb00000)]
  0x000001f1280a8800 JavaThread "File watcher server" daemon [_thread_in_native, id=11068, stack(0x000000efdfb00000,0x000000efdfc00000)]
  0x000001f1280a9000 JavaThread "File watcher consumer" daemon [_thread_blocked, id=6364, stack(0x000000efdfc00000,0x000000efdfd00000)]
  0x000001f1280aa000 JavaThread "Cache worker for checksums cache (C:\Users\shahzaib lptp\AndroidStudioProjects\EyeonwaterApp\.gradle\7.5\checksums)" [_thread_blocked, id=15436, stack(0x000000efdfd00000,0x000000efdfe00000)]
  0x000001f1280aa800 JavaThread "Cache worker for cache directory md-rule (C:\Users\shahzaib lptp\AndroidStudioProjects\loginsqlite\caches\7.5\md-rule)" [_thread_blocked, id=3212, stack(0x000000efdfe00000,0x000000efdff00000)]
  0x000001f1280ab800 JavaThread "Cache worker for file content cache (C:\Users\shahzaib lptp\AndroidStudioProjects\loginsqlite\caches\7.5\fileContent)" [_thread_blocked, id=2156, stack(0x000000efdff00000,0x000000efe0000000)]
  0x000001f1280ac800 JavaThread "Cache worker for file hash cache (C:\Users\shahzaib lptp\AndroidStudioProjects\EyeonwaterApp\.gradle\7.5\fileHashes)" [_thread_blocked, id=6348, stack(0x000000efe0000000,0x000000efe0100000)]
  0x000001f1280ad000 JavaThread "Cache worker for cache directory md-supplier (C:\Users\shahzaib lptp\AndroidStudioProjects\loginsqlite\caches\7.5\md-supplier)" [_thread_blocked, id=12348, stack(0x000000efe0100000,0x000000efe0200000)]
  0x000001f1280af000 JavaThread "Cache worker for execution history cache (C:\Users\shahzaib lptp\AndroidStudioProjects\loginsqlite\caches\7.5\executionHistory)" [_thread_blocked, id=16260, stack(0x000000efe0200000,0x000000efe0300000)]
  0x000001f1293d0000 JavaThread "jar transforms" [_thread_blocked, id=2844, stack(0x000000efe0300000,0x000000efe0400000)]
  0x000001f1293d0800 JavaThread "jar transforms Thread 2" [_thread_blocked, id=7940, stack(0x000000efe0400000,0x000000efe0500000)]
  0x000001f1293cf000 JavaThread "jar transforms Thread 3" [_thread_blocked, id=8964, stack(0x000000efe0500000,0x000000efe0600000)]
  0x000001f1293d2000 JavaThread "jar transforms Thread 4" [_thread_blocked, id=2212, stack(0x000000efe0600000,0x000000efe0700000)]
  0x000001f1293cc800 JavaThread "Cache worker for dependencies-accessors (C:\Users\shahzaib lptp\AndroidStudioProjects\EyeonwaterApp\.gradle\7.5\dependencies-accessors)" [_thread_blocked, id=11504, stack(0x000000efe0700000,0x000000efe0800000)]
  0x000001f1293cd800 JavaThread "Cache worker for Build Output Cleanup Cache (C:\Users\shahzaib lptp\AndroidStudioProjects\EyeonwaterApp\.gradle\buildOutputCleanup)" [_thread_blocked, id=3556, stack(0x000000efe0800000,0x000000efe0900000)]
  0x000001f1293d9000 JavaThread "Unconstrained build operations" [_thread_blocked, id=11344, stack(0x000000efe0900000,0x000000efe0a00000)]
  0x000001f1293d3000 JavaThread "Unconstrained build operations Thread 2" [_thread_blocked, id=10944, stack(0x000000efe0a00000,0x000000efe0b00000)]
  0x000001f1293d9800 JavaThread "Unconstrained build operations Thread 3" [_thread_blocked, id=12316, stack(0x000000efe0b00000,0x000000efe0c00000)]
  0x000001f1293d4000 JavaThread "Unconstrained build operations Thread 4" [_thread_blocked, id=3956, stack(0x000000efe0c00000,0x000000efe0d00000)]
  0x000001f1293d4800 JavaThread "Unconstrained build operations Thread 5" [_thread_blocked, id=4856, stack(0x000000efe0d00000,0x000000efe0e00000)]
  0x000001f1293d5800 JavaThread "Unconstrained build operations Thread 6" [_thread_blocked, id=2880, stack(0x000000efe0e00000,0x000000efe0f00000)]
  0x000001f1293d8000 JavaThread "Unconstrained build operations Thread 7" [_thread_blocked, id=16036, stack(0x000000efe0f00000,0x000000efe1000000)]
  0x000001f1293d6800 JavaThread "Unconstrained build operations Thread 8" [_thread_blocked, id=14992, stack(0x000000efe1000000,0x000000efe1100000)]
  0x000001f1293d7000 JavaThread "Unconstrained build operations Thread 9" [_thread_blocked, id=12252, stack(0x000000efe1100000,0x000000efe1200000)]
  0x000001f12d54c000 JavaThread "Unconstrained build operations Thread 10" [_thread_blocked, id=3920, stack(0x000000efe1200000,0x000000efe1300000)]
  0x000001f12d54d800 JavaThread "Unconstrained build operations Thread 11" [_thread_blocked, id=8656, stack(0x000000efe1300000,0x000000efe1400000)]
  0x000001f12d551000 JavaThread "Unconstrained build operations Thread 12" [_thread_blocked, id=11592, stack(0x000000efe1400000,0x000000efe1500000)]
  0x000001f12d552800 JavaThread "Unconstrained build operations Thread 13" [_thread_blocked, id=7048, stack(0x000000efe1500000,0x000000efe1600000)]
  0x000001f12d54d000 JavaThread "Unconstrained build operations Thread 14" [_thread_blocked, id=2008, stack(0x000000efe1600000,0x000000efe1700000)]
  0x000001f12d551800 JavaThread "Unconstrained build operations Thread 15" [_thread_blocked, id=15452, stack(0x000000efe1700000,0x000000efe1800000)]
  0x000001f12d553800 JavaThread "Unconstrained build operations Thread 16" [_thread_blocked, id=10708, stack(0x000000efe1800000,0x000000efe1900000)]
  0x000001f12d554000 JavaThread "Unconstrained build operations Thread 17" [_thread_blocked, id=7308, stack(0x000000efe1900000,0x000000efe1a00000)]
  0x000001f12d54e800 JavaThread "Unconstrained build operations Thread 18" [_thread_blocked, id=6488, stack(0x000000efe1a00000,0x000000efe1b00000)]
  0x000001f12d54f000 JavaThread "Unconstrained build operations Thread 19" [_thread_blocked, id=6776, stack(0x000000efe1b00000,0x000000efe1c00000)]
  0x000001f12d555000 JavaThread "Unconstrained build operations Thread 20" [_thread_blocked, id=12836, stack(0x000000efe1c00000,0x000000efe1d00000)]
  0x000001f12d556000 JavaThread "Unconstrained build operations Thread 21" [_thread_blocked, id=3244, stack(0x000000efe1d00000,0x000000efe1e00000)]
  0x000001f12d550000 JavaThread "Unconstrained build operations Thread 22" [_thread_blocked, id=5840, stack(0x000000efe1e00000,0x000000efe1f00000)]
  0x000001f12d55a000 JavaThread "Unconstrained build operations Thread 23" [_thread_blocked, id=13476, stack(0x000000efe1f00000,0x000000efe2000000)]
  0x000001f12d55a800 JavaThread "Unconstrained build operations Thread 24" [_thread_blocked, id=9644, stack(0x000000efe2000000,0x000000efe2100000)]
  0x000001f12d556800 JavaThread "Unconstrained build operations Thread 25" [_thread_blocked, id=6996, stack(0x000000efe2100000,0x000000efe2200000)]
  0x000001f12d557800 JavaThread "Unconstrained build operations Thread 26" [_thread_blocked, id=9844, stack(0x000000efe2200000,0x000000efe2300000)]
  0x000001f12d558000 JavaThread "Unconstrained build operations Thread 27" [_thread_blocked, id=15568, stack(0x000000efe2300000,0x000000efe2400000)]
  0x000001f12d559000 JavaThread "Unconstrained build operations Thread 28" [_thread_blocked, id=15604, stack(0x000000efe2400000,0x000000efe2500000)]
  0x000001f12eb47000 JavaThread "Unconstrained build operations Thread 29" [_thread_blocked, id=7968, stack(0x000000efe2500000,0x000000efe2600000)]
  0x000001f12eb46000 JavaThread "Unconstrained build operations Thread 30" [_thread_blocked, id=6676, stack(0x000000efe2600000,0x000000efe2700000)]
  0x000001f12eb45000 JavaThread "Unconstrained build operations Thread 31" [_thread_blocked, id=14464, stack(0x000000efe2700000,0x000000efe2800000)]
  0x000001f12eb47800 JavaThread "Unconstrained build operations Thread 32" [_thread_blocked, id=14252, stack(0x000000efe2800000,0x000000efe2900000)]
  0x000001f12eb44800 JavaThread "Unconstrained build operations Thread 33" [_thread_blocked, id=5488, stack(0x000000efe2900000,0x000000efe2a00000)]
  0x000001f12eb4a000 JavaThread "Unconstrained build operations Thread 34" [_thread_blocked, id=11636, stack(0x000000efe2a00000,0x000000efe2b00000)]
  0x000001f12eb4b800 JavaThread "Unconstrained build operations Thread 35" [_thread_blocked, id=5480, stack(0x000000efe2b00000,0x000000efe2c00000)]
  0x000001f12eb49000 JavaThread "Unconstrained build operations Thread 36" [_thread_blocked, id=4500, stack(0x000000efe2c00000,0x000000efe2d00000)]
  0x000001f12eb4c800 JavaThread "Unconstrained build operations Thread 37" [_thread_blocked, id=13200, stack(0x000000efe2d00000,0x000000efe2e00000)]
  0x000001f12eb4e000 JavaThread "Unconstrained build operations Thread 38" [_thread_blocked, id=11116, stack(0x000000efe2e00000,0x000000efe2f00000)]
  0x000001f12eb4d800 JavaThread "Unconstrained build operations Thread 39" [_thread_blocked, id=12880, stack(0x000000efe2f00000,0x000000efe3000000)]
  0x000001f12eb4b000 JavaThread "Unconstrained build operations Thread 40" [_thread_blocked, id=15876, stack(0x000000efe3000000,0x000000efe3100000)]

Other Threads:
  0x000001f127421800 VMThread "VM Thread" [stack: 0x000000efddf00000,0x000000efde000000] [id=12780] _threads_hazard_ptr=0x000001f12cefc8b0
  0x000001f128391000 WatcherThread [stack: 0x000000efdea00000,0x000000efdeb00000] [id=1864]
  0x000001f10d82e800 GCTaskThread "GC Thread#0" [stack: 0x000000efdda00000,0x000000efddb00000] [id=6652]
  0x000001f128da0000 GCTaskThread "GC Thread#1" [stack: 0x000000efdeb00000,0x000000efdec00000] [id=12484]
  0x000001f129242000 GCTaskThread "GC Thread#2" [stack: 0x000000efdec00000,0x000000efded00000] [id=13204]
  0x000001f12be78800 GCTaskThread "GC Thread#3" [stack: 0x000000efdf700000,0x000000efdf800000] [id=6484]
  0x000001f10d85f800 ConcurrentGCThread "G1 Main Marker" [stack: 0x000000efddb00000,0x000000efddc00000] [id=9724]
  0x000001f10d861000 ConcurrentGCThread "G1 Conc#0" [stack: 0x000000efddc00000,0x000000efddd00000] [id=2360]
  0x000001f127280800 ConcurrentGCThread "G1 Refine#0" [stack: 0x000000efddd00000,0x000000efdde00000] [id=4120]
  0x000001f127281800 ConcurrentGCThread "G1 Young RemSet Sampling" [stack: 0x000000efdde00000,0x000000efddf00000] [id=10908]

Threads with active compile tasks:
C2 CompilerThread0    14973 6119 %     4       java.net.URI::quote @ 21 (196 bytes)
C2 CompilerThread1    14973 5988       4       java.lang.invoke.MethodType::makeImpl (108 bytes)

VM state:at safepoint (normal execution)

VM Mutex/Monitor currently owned by a thread:  ([mutex/lock_event])
[0x000001f10d8105c0] Threads_lock - owner thread: 0x000001f127421800

Heap address: 0x0000000080000000, size: 2048 MB, Compressed Oops mode: 32-bit
Narrow klass base: 0x0000000000000000, Narrow klass shift: 3
Compressed class space size: 1073741824 Address: 0x0000000100000000

Heap:
 garbage-first heap   total 195584K, used 81427K [0x0000000080000000, 0x0000000100000000)
  region size 1024K, 57 young (58368K), 8 survivors (8192K)
 Metaspace       used 50419K, capacity 51886K, committed 51968K, reserved 1093632K
  class space    used 6358K, capacity 6862K, committed 6912K, reserved 1048576K
Heap Regions: E=young(eden), S=young(survivor), O=old, HS=humongous(starts), HC=humongous(continues), CS=collection set, F=free, A=archive, TAMS=top-at-mark-start (previous, next)
|   0|0x0000000080000000, 0x0000000080100000, 0x0000000080100000|100%| O|  |TAMS 0x0000000080100000, 0x0000000080000000| Untracked 
|   1|0x0000000080100000, 0x0000000080200000, 0x0000000080200000|100%| O|  |TAMS 0x0000000080200000, 0x0000000080100000| Untracked 
|   2|0x0000000080200000, 0x0000000080300000, 0x0000000080300000|100%| O|  |TAMS 0x0000000080300000, 0x0000000080200000| Untracked 
|   3|0x0000000080300000, 0x0000000080400000, 0x0000000080400000|100%|HS|  |TAMS 0x0000000080400000, 0x0000000080300000| Complete 
|   4|0x0000000080400000, 0x0000000080500000, 0x0000000080500000|100%|HC|  |TAMS 0x0000000080500000, 0x0000000080400000| Complete 
|   5|0x0000000080500000, 0x0000000080600000, 0x0000000080600000|100%|HC|  |TAMS 0x0000000080600000, 0x0000000080500000| Complete 
|   6|0x0000000080600000, 0x0000000080700000, 0x0000000080700000|100%| O|  |TAMS 0x0000000080700000, 0x0000000080600000| Untracked 
|   7|0x0000000080700000, 0x0000000080800000, 0x0000000080800000|100%| O|  |TAMS 0x0000000080800000, 0x0000000080700000| Untracked 
|   8|0x0000000080800000, 0x0000000080900000, 0x0000000080900000|100%| O|  |TAMS 0x0000000080900000, 0x0000000080800000| Untracked 
|   9|0x0000000080900000, 0x0000000080a00000, 0x0000000080a00000|100%| O|  |TAMS 0x0000000080a00000, 0x0000000080900000| Untracked 
|  10|0x0000000080a00000, 0x0000000080b00000, 0x0000000080b00000|100%| O|  |TAMS 0x0000000080b00000, 0x0000000080a00000| Untracked 
|  11|0x0000000080b00000, 0x0000000080c00000, 0x0000000080c00000|100%| O|  |TAMS 0x0000000080c00000, 0x0000000080b00000| Untracked 
|  12|0x0000000080c00000, 0x0000000080d00000, 0x0000000080d00000|100%| O|  |TAMS 0x0000000080d00000, 0x0000000080c00000| Untracked 
|  13|0x0000000080d00000, 0x0000000080e00000, 0x0000000080e00000|100%| O|  |TAMS 0x0000000080e00000, 0x0000000080d00000| Untracked 
|  14|0x0000000080e00000, 0x0000000080f00000, 0x0000000080f00000|100%| O|  |TAMS 0x0000000080f00000, 0x0000000080e00000| Untracked 
|  15|0x0000000080f00000, 0x0000000081000000, 0x0000000081000000|100%| O|  |TAMS 0x0000000081000000, 0x0000000080f00000| Untracked 
|  16|0x0000000081000000, 0x0000000081100000, 0x0000000081100000|100%| O|  |TAMS 0x0000000081039800, 0x0000000081000000| Untracked 
|  17|0x0000000081100000, 0x0000000081100000, 0x0000000081200000|  0%| F|  |TAMS 0x0000000081100000, 0x0000000081100000| Untracked 
|  18|0x0000000081200000, 0x0000000081300000, 0x0000000081300000|100%| O|  |TAMS 0x0000000081200000, 0x0000000081200000| Untracked 
|  19|0x0000000081300000, 0x0000000081400000, 0x0000000081400000|100%| O|  |TAMS 0x0000000081300000, 0x0000000081300000| Untracked 
|  20|0x0000000081400000, 0x0000000081500000, 0x0000000081500000|100%| O|  |TAMS 0x0000000081400000, 0x0000000081400000| Untracked 
|  21|0x0000000081500000, 0x0000000081600000, 0x0000000081600000|100%| O|  |TAMS 0x0000000081500000, 0x0000000081500000| Untracked 
|  22|0x0000000081600000, 0x0000000081700000, 0x0000000081700000|100%| O|  |TAMS 0x0000000081600000, 0x0000000081600000| Untracked 
|  23|0x0000000081700000, 0x0000000081721600, 0x0000000081800000| 13%| O|  |TAMS 0x0000000081700000, 0x0000000081700000| Untracked 
|  24|0x0000000081800000, 0x0000000081800000, 0x0000000081900000|  0%| F|  |TAMS 0x0000000081800000, 0x0000000081800000| Untracked 
|  25|0x0000000081900000, 0x0000000081900000, 0x0000000081a00000|  0%| F|  |TAMS 0x0000000081900000, 0x0000000081900000| Untracked 
|  26|0x0000000081a00000, 0x0000000081a00000, 0x0000000081b00000|  0%| F|  |TAMS 0x0000000081a00000, 0x0000000081a00000| Untracked 
|  27|0x0000000081b00000, 0x0000000081c00000, 0x0000000081c00000|100%| O|  |TAMS 0x0000000081b00000, 0x0000000081b00000| Untracked 
|  28|0x0000000081c00000, 0x0000000081d00000, 0x0000000081d00000|100%| O|  |TAMS 0x0000000081c00000, 0x0000000081c00000| Untracked 
|  29|0x0000000081d00000, 0x0000000081d00000, 0x0000000081e00000|  0%| F|  |TAMS 0x0000000081d00000, 0x0000000081d00000| Untracked 
|  30|0x0000000081e00000, 0x0000000081e00000, 0x0000000081f00000|  0%| F|  |TAMS 0x0000000081e00000, 0x0000000081e00000| Untracked 
|  31|0x0000000081f00000, 0x0000000081f00000, 0x0000000082000000|  0%| F|  |TAMS 0x0000000081f00000, 0x0000000081f00000| Untracked 
|  32|0x0000000082000000, 0x0000000082000000, 0x0000000082100000|  0%| F|  |TAMS 0x0000000082000000, 0x0000000082000000| Untracked 
|  33|0x0000000082100000, 0x0000000082100000, 0x0000000082200000|  0%| F|  |TAMS 0x0000000082100000, 0x0000000082100000| Untracked 
|  34|0x0000000082200000, 0x0000000082200000, 0x0000000082300000|  0%| F|  |TAMS 0x0000000082200000, 0x0000000082200000| Untracked 
|  35|0x0000000082300000, 0x0000000082300000, 0x0000000082400000|  0%| F|  |TAMS 0x0000000082300000, 0x0000000082300000| Untracked 
|  36|0x0000000082400000, 0x0000000082400000, 0x0000000082500000|  0%| F|  |TAMS 0x0000000082400000, 0x0000000082400000| Untracked 
|  37|0x0000000082500000, 0x0000000082500000, 0x0000000082600000|  0%| F|  |TAMS 0x0000000082500000, 0x0000000082500000| Untracked 
|  38|0x0000000082600000, 0x0000000082600000, 0x0000000082700000|  0%| F|  |TAMS 0x0000000082600000, 0x0000000082600000| Untracked 
|  39|0x0000000082700000, 0x0000000082700000, 0x0000000082800000|  0%| F|  |TAMS 0x0000000082700000, 0x0000000082700000| Untracked 
|  40|0x0000000082800000, 0x0000000082800000, 0x0000000082900000|  0%| F|  |TAMS 0x0000000082800000, 0x0000000082800000| Untracked 
|  41|0x0000000082900000, 0x0000000082900000, 0x0000000082a00000|  0%| F|  |TAMS 0x0000000082900000, 0x0000000082900000| Untracked 
|  42|0x0000000082a00000, 0x0000000082a00000, 0x0000000082b00000|  0%| F|  |TAMS 0x0000000082a00000, 0x0000000082a00000| Untracked 
|  43|0x0000000082b00000, 0x0000000082b00000, 0x0000000082c00000|  0%| F|  |TAMS 0x0000000082b00000, 0x0000000082b00000| Untracked 
|  44|0x0000000082c00000, 0x0000000082c00000, 0x0000000082d00000|  0%| F|  |TAMS 0x0000000082c00000, 0x0000000082c00000| Untracked 
|  45|0x0000000082d00000, 0x0000000082d00000, 0x0000000082e00000|  0%| F|  |TAMS 0x0000000082d00000, 0x0000000082d00000| Untracked 
|  46|0x0000000082e00000, 0x0000000082e00000, 0x0000000082f00000|  0%| F|  |TAMS 0x0000000082e00000, 0x0000000082e00000| Untracked 
|  47|0x0000000082f00000, 0x0000000082f00000, 0x0000000083000000|  0%| F|  |TAMS 0x0000000082f00000, 0x0000000082f00000| Untracked 
|  48|0x0000000083000000, 0x0000000083000000, 0x0000000083100000|  0%| F|  |TAMS 0x0000000083000000, 0x0000000083000000| Untracked 
|  49|0x0000000083100000, 0x0000000083100000, 0x0000000083200000|  0%| F|  |TAMS 0x0000000083100000, 0x0000000083100000| Untracked 
|  50|0x0000000083200000, 0x0000000083200000, 0x0000000083300000|  0%| F|  |TAMS 0x0000000083200000, 0x0000000083200000| Untracked 
|  51|0x0000000083300000, 0x0000000083300000, 0x0000000083400000|  0%| F|  |TAMS 0x0000000083300000, 0x0000000083300000| Untracked 
|  52|0x0000000083400000, 0x0000000083400000, 0x0000000083500000|  0%| F|  |TAMS 0x0000000083400000, 0x0000000083400000| Untracked 
|  53|0x0000000083500000, 0x0000000083500000, 0x0000000083600000|  0%| F|  |TAMS 0x0000000083500000, 0x0000000083500000| Untracked 
|  54|0x0000000083600000, 0x0000000083600000, 0x0000000083700000|  0%| F|  |TAMS 0x0000000083600000, 0x0000000083600000| Untracked 
|  55|0x0000000083700000, 0x0000000083700000, 0x0000000083800000|  0%| F|  |TAMS 0x0000000083700000, 0x0000000083700000| Untracked 
|  56|0x0000000083800000, 0x0000000083863990, 0x0000000083900000| 38%| S|CS|TAMS 0x0000000083800000, 0x0000000083800000| Complete 
|  57|0x0000000083900000, 0x0000000083a00000, 0x0000000083a00000|100%| S|CS|TAMS 0x0000000083900000, 0x0000000083900000| Complete 
|  58|0x0000000083a00000, 0x0000000083a00000, 0x0000000083b00000|  0%| F|  |TAMS 0x0000000083a00000, 0x0000000083a00000| Untracked 
|  59|0x0000000083b00000, 0x0000000083b00000, 0x0000000083c00000|  0%| F|  |TAMS 0x0000000083b00000, 0x0000000083b00000| Untracked 
|  60|0x0000000083c00000, 0x0000000083c00000, 0x0000000083d00000|  0%| F|  |TAMS 0x0000000083c00000, 0x0000000083c00000| Untracked 
|  61|0x0000000083d00000, 0x0000000083d00000, 0x0000000083e00000|  0%| F|  |TAMS 0x0000000083d00000, 0x0000000083d00000| Untracked 
|  62|0x0000000083e00000, 0x0000000083e00000, 0x0000000083f00000|  0%| F|  |TAMS 0x0000000083e00000, 0x0000000083e00000| Untracked 
|  63|0x0000000083f00000, 0x0000000083f00000, 0x0000000084000000|  0%| F|  |TAMS 0x0000000083f00000, 0x0000000083f00000| Untracked 
|  64|0x0000000084000000, 0x0000000084000000, 0x0000000084100000|  0%| F|  |TAMS 0x0000000084000000, 0x0000000084000000| Untracked 
|  65|0x0000000084100000, 0x0000000084100000, 0x0000000084200000|  0%| F|  |TAMS 0x0000000084100000, 0x0000000084100000| Untracked 
|  66|0x0000000084200000, 0x0000000084200000, 0x0000000084300000|  0%| F|  |TAMS 0x0000000084200000, 0x0000000084200000| Untracked 
|  67|0x0000000084300000, 0x0000000084400000, 0x0000000084400000|100%| S|CS|TAMS 0x0000000084300000, 0x0000000084300000| Complete 
|  68|0x0000000084400000, 0x0000000084500000, 0x0000000084500000|100%| S|CS|TAMS 0x0000000084400000, 0x0000000084400000| Complete 
|  69|0x0000000084500000, 0x0000000084600000, 0x0000000084600000|100%| S|CS|TAMS 0x0000000084500000, 0x0000000084500000| Complete 
|  70|0x0000000084600000, 0x0000000084700000, 0x0000000084700000|100%| S|CS|TAMS 0x0000000084600000, 0x0000000084600000| Complete 
|  71|0x0000000084700000, 0x0000000084800000, 0x0000000084800000|100%| S|CS|TAMS 0x0000000084700000, 0x0000000084700000| Complete 
|  72|0x0000000084800000, 0x0000000084900000, 0x0000000084900000|100%| S|CS|TAMS 0x0000000084800000, 0x0000000084800000| Complete 
|  73|0x0000000084900000, 0x0000000084900000, 0x0000000084a00000|  0%| F|  |TAMS 0x0000000084900000, 0x0000000084900000| Untracked 
|  74|0x0000000084a00000, 0x0000000084a00000, 0x0000000084b00000|  0%| F|  |TAMS 0x0000000084a00000, 0x0000000084a00000| Untracked 
|  75|0x0000000084b00000, 0x0000000084b00000, 0x0000000084c00000|  0%| F|  |TAMS 0x0000000084b00000, 0x0000000084b00000| Untracked 
|  76|0x0000000084c00000, 0x0000000084c00000, 0x0000000084d00000|  0%| F|  |TAMS 0x0000000084c00000, 0x0000000084c00000| Untracked 
|  77|0x0000000084d00000, 0x0000000084d00000, 0x0000000084e00000|  0%| F|  |TAMS 0x0000000084d00000, 0x0000000084d00000| Untracked 
|  78|0x0000000084e00000, 0x0000000084e00000, 0x0000000084f00000|  0%| F|  |TAMS 0x0000000084e00000, 0x0000000084e00000| Untracked 
|  79|0x0000000084f00000, 0x0000000084f00000, 0x0000000085000000|  0%| F|  |TAMS 0x0000000084f00000, 0x0000000084f00000| Untracked 
|  80|0x0000000085000000, 0x0000000085000000, 0x0000000085100000|  0%| F|  |TAMS 0x0000000085000000, 0x0000000085000000| Untracked 
|  81|0x0000000085100000, 0x0000000085100000, 0x0000000085200000|  0%| F|  |TAMS 0x0000000085100000, 0x0000000085100000| Untracked 
|  82|0x0000000085200000, 0x0000000085200000, 0x0000000085300000|  0%| F|  |TAMS 0x0000000085200000, 0x0000000085200000| Untracked 
|  83|0x0000000085300000, 0x0000000085300000, 0x0000000085400000|  0%| F|  |TAMS 0x0000000085300000, 0x0000000085300000| Untracked 
|  84|0x0000000085400000, 0x0000000085400000, 0x0000000085500000|  0%| F|  |TAMS 0x0000000085400000, 0x0000000085400000| Untracked 
|  85|0x0000000085500000, 0x0000000085500000, 0x0000000085600000|  0%| F|  |TAMS 0x0000000085500000, 0x0000000085500000| Untracked 
|  86|0x0000000085600000, 0x0000000085600000, 0x0000000085700000|  0%| F|  |TAMS 0x0000000085600000, 0x0000000085600000| Untracked 
|  87|0x0000000085700000, 0x0000000085700000, 0x0000000085800000|  0%| F|  |TAMS 0x0000000085700000, 0x0000000085700000| Untracked 
|  88|0x0000000085800000, 0x0000000085800000, 0x0000000085900000|  0%| F|  |TAMS 0x0000000085800000, 0x0000000085800000| Untracked 
|  89|0x0000000085900000, 0x0000000085900000, 0x0000000085a00000|  0%| F|  |TAMS 0x0000000085900000, 0x0000000085900000| Untracked 
|  90|0x0000000085a00000, 0x0000000085a00000, 0x0000000085b00000|  0%| F|  |TAMS 0x0000000085a00000, 0x0000000085a00000| Untracked 
|  91|0x0000000085b00000, 0x0000000085b00000, 0x0000000085c00000|  0%| F|  |TAMS 0x0000000085b00000, 0x0000000085b00000| Untracked 
|  92|0x0000000085c00000, 0x0000000085c00000, 0x0000000085d00000|  0%| F|  |TAMS 0x0000000085c00000, 0x0000000085c00000| Untracked 
|  93|0x0000000085d00000, 0x0000000085d00000, 0x0000000085e00000|  0%| F|  |TAMS 0x0000000085d00000, 0x0000000085d00000| Untracked 
|  94|0x0000000085e00000, 0x0000000085e00000, 0x0000000085f00000|  0%| F|  |TAMS 0x0000000085e00000, 0x0000000085e00000| Untracked 
|  95|0x0000000085f00000, 0x0000000085f00000, 0x0000000086000000|  0%| F|  |TAMS 0x0000000085f00000, 0x0000000085f00000| Untracked 
|  96|0x0000000086000000, 0x0000000086000000, 0x0000000086100000|  0%| F|  |TAMS 0x0000000086000000, 0x0000000086000000| Untracked 
|  97|0x0000000086100000, 0x0000000086100000, 0x0000000086200000|  0%| F|  |TAMS 0x0000000086100000, 0x0000000086100000| Untracked 
|  98|0x0000000086200000, 0x0000000086200000, 0x0000000086300000|  0%| F|  |TAMS 0x0000000086200000, 0x0000000086200000| Untracked 
|  99|0x0000000086300000, 0x0000000086300000, 0x0000000086400000|  0%| F|  |TAMS 0x0000000086300000, 0x0000000086300000| Untracked 
| 100|0x0000000086400000, 0x0000000086400000, 0x0000000086500000|  0%| F|  |TAMS 0x0000000086400000, 0x0000000086400000| Untracked 
| 101|0x0000000086500000, 0x0000000086500000, 0x0000000086600000|  0%| F|  |TAMS 0x0000000086500000, 0x0000000086500000| Untracked 
| 102|0x0000000086600000, 0x0000000086600000, 0x0000000086700000|  0%| F|  |TAMS 0x0000000086600000, 0x0000000086600000| Untracked 
| 103|0x0000000086700000, 0x0000000086700000, 0x0000000086800000|  0%| F|  |TAMS 0x0000000086700000, 0x0000000086700000| Untracked 
| 104|0x0000000086800000, 0x0000000086800000, 0x0000000086900000|  0%| F|  |TAMS 0x0000000086800000, 0x0000000086800000| Untracked 
| 105|0x0000000086900000, 0x0000000086900000, 0x0000000086a00000|  0%| F|  |TAMS 0x0000000086900000, 0x0000000086900000| Untracked 
| 106|0x0000000086a00000, 0x0000000086a00000, 0x0000000086b00000|  0%| F|  |TAMS 0x0000000086a00000, 0x0000000086a00000| Untracked 
| 107|0x0000000086b00000, 0x0000000086b00000, 0x0000000086c00000|  0%| F|  |TAMS 0x0000000086b00000, 0x0000000086b00000| Untracked 
| 108|0x0000000086c00000, 0x0000000086c00000, 0x0000000086d00000|  0%| F|  |TAMS 0x0000000086c00000, 0x0000000086c00000| Untracked 
| 109|0x0000000086d00000, 0x0000000086d00000, 0x0000000086e00000|  0%| F|  |TAMS 0x0000000086d00000, 0x0000000086d00000| Untracked 
| 110|0x0000000086e00000, 0x0000000086e00000, 0x0000000086f00000|  0%| F|  |TAMS 0x0000000086e00000, 0x0000000086e00000| Untracked 
| 111|0x0000000086f00000, 0x0000000086f00000, 0x0000000087000000|  0%| F|  |TAMS 0x0000000086f00000, 0x0000000086f00000| Untracked 
| 112|0x0000000087000000, 0x0000000087000000, 0x0000000087100000|  0%| F|  |TAMS 0x0000000087000000, 0x0000000087000000| Untracked 
| 113|0x0000000087100000, 0x0000000087100000, 0x0000000087200000|  0%| F|  |TAMS 0x0000000087100000, 0x0000000087100000| Untracked 
| 114|0x0000000087200000, 0x0000000087200000, 0x0000000087300000|  0%| F|  |TAMS 0x0000000087200000, 0x0000000087200000| Untracked 
| 115|0x0000000087300000, 0x0000000087300000, 0x0000000087400000|  0%| F|  |TAMS 0x0000000087300000, 0x0000000087300000| Untracked 
| 116|0x0000000087400000, 0x0000000087400000, 0x0000000087500000|  0%| F|  |TAMS 0x0000000087400000, 0x0000000087400000| Untracked 
| 117|0x0000000087500000, 0x0000000087500000, 0x0000000087600000|  0%| F|  |TAMS 0x0000000087500000, 0x0000000087500000| Untracked 
| 118|0x0000000087600000, 0x0000000087600000, 0x0000000087700000|  0%| F|  |TAMS 0x0000000087600000, 0x0000000087600000| Untracked 
| 119|0x0000000087700000, 0x0000000087700000, 0x0000000087800000|  0%| F|  |TAMS 0x0000000087700000, 0x0000000087700000| Untracked 
| 120|0x0000000087800000, 0x0000000087800000, 0x0000000087900000|  0%| F|  |TAMS 0x0000000087800000, 0x0000000087800000| Untracked 
| 121|0x0000000087900000, 0x0000000087900000, 0x0000000087a00000|  0%| F|  |TAMS 0x0000000087900000, 0x0000000087900000| Untracked 
| 122|0x0000000087a00000, 0x0000000087a00000, 0x0000000087b00000|  0%| F|  |TAMS 0x0000000087a00000, 0x0000000087a00000| Untracked 
| 123|0x0000000087b00000, 0x0000000087b00000, 0x0000000087c00000|  0%| F|  |TAMS 0x0000000087b00000, 0x0000000087b00000| Untracked 
| 124|0x0000000087c00000, 0x0000000087c00000, 0x0000000087d00000|  0%| F|  |TAMS 0x0000000087c00000, 0x0000000087c00000| Untracked 
| 125|0x0000000087d00000, 0x0000000087d00000, 0x0000000087e00000|  0%| F|  |TAMS 0x0000000087d00000, 0x0000000087d00000| Untracked 
| 126|0x0000000087e00000, 0x0000000087e00000, 0x0000000087f00000|  0%| F|  |TAMS 0x0000000087e00000, 0x0000000087e00000| Untracked 
| 127|0x0000000087f00000, 0x0000000087f00000, 0x0000000088000000|  0%| F|  |TAMS 0x0000000087f00000, 0x0000000087f00000| Untracked 
| 128|0x0000000088000000, 0x0000000088000000, 0x0000000088100000|  0%| F|  |TAMS 0x0000000088000000, 0x0000000088000000| Untracked 
| 129|0x0000000088100000, 0x0000000088100000, 0x0000000088200000|  0%| F|  |TAMS 0x0000000088100000, 0x0000000088100000| Untracked 
| 130|0x0000000088200000, 0x0000000088200000, 0x0000000088300000|  0%| F|  |TAMS 0x0000000088200000, 0x0000000088200000| Untracked 
| 131|0x0000000088300000, 0x0000000088300000, 0x0000000088400000|  0%| F|  |TAMS 0x0000000088300000, 0x0000000088300000| Untracked 
| 132|0x0000000088400000, 0x0000000088400000, 0x0000000088500000|  0%| F|  |TAMS 0x0000000088400000, 0x0000000088400000| Untracked 
| 133|0x0000000088500000, 0x0000000088500000, 0x0000000088600000|  0%| F|  |TAMS 0x0000000088500000, 0x0000000088500000| Untracked 
| 134|0x0000000088600000, 0x0000000088600000, 0x0000000088700000|  0%| F|  |TAMS 0x0000000088600000, 0x0000000088600000| Untracked 
| 135|0x0000000088700000, 0x0000000088700000, 0x0000000088800000|  0%| F|  |TAMS 0x0000000088700000, 0x0000000088700000| Untracked 
| 136|0x0000000088800000, 0x0000000088800000, 0x0000000088900000|  0%| F|  |TAMS 0x0000000088800000, 0x0000000088800000| Untracked 
| 137|0x0000000088900000, 0x0000000088900000, 0x0000000088a00000|  0%| F|  |TAMS 0x0000000088900000, 0x0000000088900000| Untracked 
| 138|0x0000000088a00000, 0x0000000088a00000, 0x0000000088b00000|  0%| F|  |TAMS 0x0000000088a00000, 0x0000000088a00000| Untracked 
| 139|0x0000000088b00000, 0x0000000088b00000, 0x0000000088c00000|  0%| F|  |TAMS 0x0000000088b00000, 0x0000000088b00000| Untracked 
| 140|0x0000000088c00000, 0x0000000088c00000, 0x0000000088d00000|  0%| F|  |TAMS 0x0000000088c00000, 0x0000000088c00000| Untracked 
| 141|0x0000000088d00000, 0x0000000088d00000, 0x0000000088e00000|  0%| F|  |TAMS 0x0000000088d00000, 0x0000000088d00000| Untracked 
| 142|0x0000000088e00000, 0x0000000088e542b8, 0x0000000088f00000| 32%| E|  |TAMS 0x0000000088e00000, 0x0000000088e00000| Complete 
| 143|0x0000000088f00000, 0x0000000089000000, 0x0000000089000000|100%| E|CS|TAMS 0x0000000088f00000, 0x0000000088f00000| Complete 
| 144|0x0000000089000000, 0x0000000089100000, 0x0000000089100000|100%| E|CS|TAMS 0x0000000089000000, 0x0000000089000000| Complete 
| 145|0x0000000089100000, 0x0000000089200000, 0x0000000089200000|100%| E|CS|TAMS 0x0000000089100000, 0x0000000089100000| Complete 
| 146|0x0000000089200000, 0x0000000089300000, 0x0000000089300000|100%| E|CS|TAMS 0x0000000089200000, 0x0000000089200000| Complete 
| 147|0x0000000089300000, 0x0000000089400000, 0x0000000089400000|100%| E|CS|TAMS 0x0000000089300000, 0x0000000089300000| Complete 
| 148|0x0000000089400000, 0x0000000089500000, 0x0000000089500000|100%| E|CS|TAMS 0x0000000089400000, 0x0000000089400000| Complete 
| 149|0x0000000089500000, 0x0000000089600000, 0x0000000089600000|100%| E|CS|TAMS 0x0000000089500000, 0x0000000089500000| Complete 
| 150|0x0000000089600000, 0x0000000089700000, 0x0000000089700000|100%| E|CS|TAMS 0x0000000089600000, 0x0000000089600000| Complete 
| 151|0x0000000089700000, 0x0000000089800000, 0x0000000089800000|100%| E|CS|TAMS 0x0000000089700000, 0x0000000089700000| Complete 
| 152|0x0000000089800000, 0x0000000089900000, 0x0000000089900000|100%| E|CS|TAMS 0x0000000089800000, 0x0000000089800000| Complete 
| 153|0x0000000089900000, 0x0000000089a00000, 0x0000000089a00000|100%| E|CS|TAMS 0x0000000089900000, 0x0000000089900000| Complete 
| 154|0x0000000089a00000, 0x0000000089b00000, 0x0000000089b00000|100%| E|CS|TAMS 0x0000000089a00000, 0x0000000089a00000| Complete 
| 155|0x0000000089b00000, 0x0000000089c00000, 0x0000000089c00000|100%| E|CS|TAMS 0x0000000089b00000, 0x0000000089b00000| Complete 
| 156|0x0000000089c00000, 0x0000000089d00000, 0x0000000089d00000|100%| E|CS|TAMS 0x0000000089c00000, 0x0000000089c00000| Complete 
| 157|0x0000000089d00000, 0x0000000089e00000, 0x0000000089e00000|100%| E|CS|TAMS 0x0000000089d00000, 0x0000000089d00000| Complete 
| 158|0x0000000089e00000, 0x0000000089f00000, 0x0000000089f00000|100%| E|CS|TAMS 0x0000000089e00000, 0x0000000089e00000| Complete 
| 159|0x0000000089f00000, 0x000000008a000000, 0x000000008a000000|100%| E|CS|TAMS 0x0000000089f00000, 0x0000000089f00000| Complete 
| 160|0x000000008a000000, 0x000000008a100000, 0x000000008a100000|100%| E|CS|TAMS 0x000000008a000000, 0x000000008a000000| Complete 
| 161|0x000000008a100000, 0x000000008a200000, 0x000000008a200000|100%| E|CS|TAMS 0x000000008a100000, 0x000000008a100000| Complete 
| 162|0x000000008a200000, 0x000000008a300000, 0x000000008a300000|100%| E|CS|TAMS 0x000000008a200000, 0x000000008a200000| Complete 
| 163|0x000000008a300000, 0x000000008a400000, 0x000000008a400000|100%| E|CS|TAMS 0x000000008a300000, 0x000000008a300000| Complete 
| 164|0x000000008a400000, 0x000000008a500000, 0x000000008a500000|100%| E|CS|TAMS 0x000000008a400000, 0x000000008a400000| Complete 
| 165|0x000000008a500000, 0x000000008a600000, 0x000000008a600000|100%| E|CS|TAMS 0x000000008a500000, 0x000000008a500000| Complete 
| 166|0x000000008a600000, 0x000000008a700000, 0x000000008a700000|100%| E|CS|TAMS 0x000000008a600000, 0x000000008a600000| Complete 
| 167|0x000000008a700000, 0x000000008a800000, 0x000000008a800000|100%| E|CS|TAMS 0x000000008a700000, 0x000000008a700000| Complete 
| 168|0x000000008a800000, 0x000000008a900000, 0x000000008a900000|100%| E|CS|TAMS 0x000000008a800000, 0x000000008a800000| Complete 
| 169|0x000000008a900000, 0x000000008aa00000, 0x000000008aa00000|100%| E|CS|TAMS 0x000000008a900000, 0x000000008a900000| Complete 
| 170|0x000000008aa00000, 0x000000008ab00000, 0x000000008ab00000|100%| E|CS|TAMS 0x000000008aa00000, 0x000000008aa00000| Complete 
| 171|0x000000008ab00000, 0x000000008ac00000, 0x000000008ac00000|100%| E|CS|TAMS 0x000000008ab00000, 0x000000008ab00000| Complete 
| 172|0x000000008ac00000, 0x000000008ad00000, 0x000000008ad00000|100%| E|CS|TAMS 0x000000008ac00000, 0x000000008ac00000| Complete 
| 173|0x000000008ad00000, 0x000000008ae00000, 0x000000008ae00000|100%| E|CS|TAMS 0x000000008ad00000, 0x000000008ad00000| Complete 
| 174|0x000000008ae00000, 0x000000008af00000, 0x000000008af00000|100%| E|CS|TAMS 0x000000008ae00000, 0x000000008ae00000| Complete 
| 175|0x000000008af00000, 0x000000008b000000, 0x000000008b000000|100%| E|CS|TAMS 0x000000008af00000, 0x000000008af00000| Complete 
| 176|0x000000008b000000, 0x000000008b100000, 0x000000008b100000|100%| E|CS|TAMS 0x000000008b000000, 0x000000008b000000| Complete 
| 177|0x000000008b100000, 0x000000008b200000, 0x000000008b200000|100%| E|CS|TAMS 0x000000008b100000, 0x000000008b100000| Complete 
| 178|0x000000008b200000, 0x000000008b300000, 0x000000008b300000|100%| E|CS|TAMS 0x000000008b200000, 0x000000008b200000| Complete 
| 179|0x000000008b300000, 0x000000008b400000, 0x000000008b400000|100%| E|CS|TAMS 0x000000008b300000, 0x000000008b300000| Complete 
| 180|0x000000008b400000, 0x000000008b500000, 0x000000008b500000|100%| E|CS|TAMS 0x000000008b400000, 0x000000008b400000| Complete 
| 181|0x000000008b500000, 0x000000008b600000, 0x000000008b600000|100%| E|CS|TAMS 0x000000008b500000, 0x000000008b500000| Complete 
| 182|0x000000008b600000, 0x000000008b700000, 0x000000008b700000|100%| E|CS|TAMS 0x000000008b600000, 0x000000008b600000| Complete 
| 183|0x000000008b700000, 0x000000008b800000, 0x000000008b800000|100%| E|CS|TAMS 0x000000008b700000, 0x000000008b700000| Complete 
| 184|0x000000008b800000, 0x000000008b900000, 0x000000008b900000|100%| E|CS|TAMS 0x000000008b800000, 0x000000008b800000| Complete 
| 185|0x000000008b900000, 0x000000008ba00000, 0x000000008ba00000|100%| E|CS|TAMS 0x000000008b900000, 0x000000008b900000| Complete 
| 186|0x000000008ba00000, 0x000000008bb00000, 0x000000008bb00000|100%| E|CS|TAMS 0x000000008ba00000, 0x000000008ba00000| Complete 
| 187|0x000000008bb00000, 0x000000008bc00000, 0x000000008bc00000|100%| E|CS|TAMS 0x000000008bb00000, 0x000000008bb00000| Complete 
| 188|0x000000008bc00000, 0x000000008bd00000, 0x000000008bd00000|100%| E|CS|TAMS 0x000000008bc00000, 0x000000008bc00000| Complete 
| 189|0x000000008bd00000, 0x000000008be00000, 0x000000008be00000|100%| E|CS|TAMS 0x000000008bd00000, 0x000000008bd00000| Complete 
| 190|0x000000008be00000, 0x000000008bf00000, 0x000000008bf00000|100%| E|CS|TAMS 0x000000008be00000, 0x000000008be00000| Complete 

Card table byte_map: [0x000001f120740000,0x000001f120b40000] _byte_map_base: 0x000001f120340000

Marking Bits (Prev, Next): (CMBitMap*) 0x000001f10d856ac8, (CMBitMap*) 0x000001f10d856b00
 Prev Bits: [0x000001f120f40000, 0x000001f122f40000)
 Next Bits: [0x000001f122f40000, 0x000001f124f40000)

Polling page: 0x000001f10b7d0000

Metaspace:

Usage:
  Non-class:     43.98 MB capacity,    43.04 MB ( 98%) used,   815.07 KB (  2%) free+waste,   141.06 KB ( <1%) overhead. 
      Class:      6.70 MB capacity,     6.21 MB ( 93%) used,   437.74 KB (  6%) free+waste,    67.19 KB ( <1%) overhead. 
       Both:     50.68 MB capacity,    49.25 MB ( 97%) used,     1.22 MB (  2%) free+waste,   208.25 KB ( <1%) overhead. 

Virtual space:
  Non-class space:       44.00 MB reserved,      44.00 MB (100%) committed 
      Class space:        1.00 GB reserved,       6.75 MB ( <1%) committed 
             Both:        1.04 GB reserved,      50.75 MB (  5%) committed 

Chunk freelists:
   Non-Class:  25.00 KB
       Class:  0 bytes
        Both:  25.00 KB

MaxMetaspaceSize: 17179869184.00 GB
CompressedClassSpaceSize: 1.00 GB
Initial GC threshold: 20.80 MB
Current GC threshold: 58.75 MB
CDS: off

CodeHeap 'non-profiled nmethods': size=120064Kb used=4146Kb max_used=4146Kb free=115917Kb
 bounds [0x000001f118e00000, 0x000001f119210000, 0x000001f120340000]
CodeHeap 'profiled nmethods': size=120000Kb used=11833Kb max_used=11833Kb free=108166Kb
 bounds [0x000001f1118d0000, 0x000001f112460000, 0x000001f118e00000]
CodeHeap 'non-nmethods': size=5696Kb used=2303Kb max_used=2333Kb free=3392Kb
 bounds [0x000001f111340000, 0x000001f1115b0000, 0x000001f1118d0000]
 total_blobs=6814 nmethods=6011 adapters=715
 compilation: enabled
              stopped_count=0, restarted_count=0
 full_count=0

Compilation events (20 events):
Event: 14.924 Thread 0x000001f12746a000 6108       3       org.gradle.internal.hash.HashCode::longToBytes (118 bytes)
Event: 14.924 Thread 0x000001f12746a000 nmethod 6108 0x000001f112450490 code [0x000001f112450640, 0x000001f1124508d8]
Event: 14.924 Thread 0x000001f12746a000 6110   !   3       com.google.common.cache.LocalCache$Segment::get (210 bytes)
Event: 14.929 Thread 0x000001f12746a000 nmethod 6110 0x000001f112450a90 code [0x000001f112450fa0, 0x000001f112453898]
Event: 14.929 Thread 0x000001f12746a000 6113       3       org.gradle.cache.internal.CrossProcessSynchronizingCache::getIfPresent (17 bytes)
Event: 14.930 Thread 0x000001f12746a000 nmethod 6113 0x000001f112454c10 code [0x000001f112454e20, 0x000001f1124554c8]
Event: 14.930 Thread 0x000001f12746a000 6114       3       org.gradle.cache.internal.CrossProcessSynchronizingCache$$Lambda$354/0x0000000100482440::get$Lambda (10 bytes)
Event: 14.930 Thread 0x000001f12746a000 nmethod 6114 0x000001f112455710 code [0x000001f1124558e0, 0x000001f112455b98]
Event: 14.930 Thread 0x000001f12746a000 6115       3       org.gradle.cache.internal.CrossProcessSynchronizingCache$$Lambda$354/0x0000000100482440::<init> (15 bytes)
Event: 14.930 Thread 0x000001f12746a000 nmethod 6115 0x000001f112455c90 code [0x000001f112455e40, 0x000001f112456058]
Event: 14.930 Thread 0x000001f12746a000 6111       3       org.gradle.internal.snapshot.RegularFileSnapshot::getType (4 bytes)
Event: 14.930 Thread 0x000001f12746a000 nmethod 6111 0x000001f112456110 code [0x000001f1124562c0, 0x000001f1124563d8]
Event: 14.930 Thread 0x000001f12746a000 6109       3       org.gradle.internal.hash.HashCode$HashCode128::toByteArray (26 bytes)
Event: 14.931 Thread 0x000001f12746a000 nmethod 6109 0x000001f112456490 code [0x000001f112456660, 0x000001f112456938]
Event: 14.932 Thread 0x000001f12746a000 6116       3       java.util.ArrayDeque::nonNullElementAt (18 bytes)
Event: 14.932 Thread 0x000001f12746a000 nmethod 6116 0x000001f112456a90 code [0x000001f112456c60, 0x000001f112456e68]
Event: 14.933 Thread 0x000001f127447000 nmethod 6099 0x000001f119208f10 code [0x000001f1192090c0, 0x000001f119209658]
Event: 14.933 Thread 0x000001f127447000 6107       4       java.util.Arrays::fill (21 bytes)
Event: 14.936 Thread 0x000001f127447000 nmethod 6107 0x000001f119209890 code [0x000001f119209a20, 0x000001f119209b18]
Event: 14.937 Thread 0x000001f127447000 6117       4       java.net.URI::match (56 bytes)

GC Heap History (20 events):
Event: 6.731 GC heap before
{Heap before GC invocations=4 (full 0):
 garbage-first heap   total 131072K, used 58307K [0x0000000080000000, 0x0000000100000000)
  region size 1024K, 48 young (49152K), 6 survivors (6144K)
 Metaspace       used 20803K, capacity 21216K, committed 21248K, reserved 1069056K
  class space    used 2398K, capacity 2544K, committed 2560K, reserved 1048576K
}
Event: 6.741 GC heap after
{Heap after GC invocations=5 (full 0):
 garbage-first heap   total 131072K, used 17567K [0x0000000080000000, 0x0000000100000000)
  region size 1024K, 2 young (2048K), 2 survivors (2048K)
 Metaspace       used 20803K, capacity 21216K, committed 21248K, reserved 1069056K
  class space    used 2398K, capacity 2544K, committed 2560K, reserved 1048576K
}
Event: 7.503 GC heap before
{Heap before GC invocations=6 (full 0):
 garbage-first heap   total 131072K, used 84127K [0x0000000080000000, 0x0000000100000000)
  region size 1024K, 67 young (68608K), 2 survivors (2048K)
 Metaspace       used 23467K, capacity 24028K, committed 24064K, reserved 1071104K
  class space    used 2868K, capacity 3062K, committed 3072K, reserved 1048576K
}
Event: 7.509 GC heap after
{Heap after GC invocations=7 (full 0):
 garbage-first heap   total 131072K, used 18324K [0x0000000080000000, 0x0000000100000000)
  region size 1024K, 3 young (3072K), 3 survivors (3072K)
 Metaspace       used 23467K, capacity 24028K, committed 24064K, reserved 1071104K
  class space    used 2868K, capacity 3062K, committed 3072K, reserved 1048576K
}
Event: 8.361 GC heap before
{Heap before GC invocations=7 (full 0):
 garbage-first heap   total 131072K, used 86932K [0x0000000080000000, 0x0000000100000000)
  region size 1024K, 70 young (71680K), 3 survivors (3072K)
 Metaspace       used 26647K, capacity 27312K, committed 27520K, reserved 1073152K
  class space    used 3368K, capacity 3609K, committed 3712K, reserved 1048576K
}
Event: 8.372 GC heap after
{Heap after GC invocations=8 (full 0):
 garbage-first heap   total 131072K, used 19527K [0x0000000080000000, 0x0000000100000000)
  region size 1024K, 4 young (4096K), 4 survivors (4096K)
 Metaspace       used 26647K, capacity 27312K, committed 27520K, reserved 1073152K
  class space    used 3368K, capacity 3609K, committed 3712K, reserved 1048576K
}
Event: 9.295 GC heap before
{Heap before GC invocations=8 (full 0):
 garbage-first heap   total 131072K, used 90183K [0x0000000080000000, 0x0000000100000000)
  region size 1024K, 73 young (74752K), 4 survivors (4096K)
 Metaspace       used 29837K, capacity 30530K, committed 30848K, reserved 1075200K
  class space    used 3857K, capacity 4112K, committed 4224K, reserved 1048576K
}
Event: 9.306 GC heap after
{Heap after GC invocations=9 (full 0):
 garbage-first heap   total 162816K, used 20495K [0x0000000080000000, 0x0000000100000000)
  region size 1024K, 5 young (5120K), 5 survivors (5120K)
 Metaspace       used 29837K, capacity 30530K, committed 30848K, reserved 1075200K
  class space    used 3857K, capacity 4112K, committed 4224K, reserved 1048576K
}
Event: 10.163 GC heap before
{Heap before GC invocations=9 (full 0):
 garbage-first heap   total 162816K, used 103439K [0x0000000080000000, 0x0000000100000000)
  region size 1024K, 86 young (88064K), 5 survivors (5120K)
 Metaspace       used 33797K, capacity 34634K, committed 34816K, reserved 1079296K
  class space    used 4462K, capacity 4779K, committed 4864K, reserved 1048576K
}
Event: 10.172 GC heap after
{Heap after GC invocations=10 (full 0):
 garbage-first heap   total 162816K, used 22108K [0x0000000080000000, 0x0000000100000000)
  region size 1024K, 7 young (7168K), 7 survivors (7168K)
 Metaspace       used 33797K, capacity 34634K, committed 34816K, reserved 1079296K
  class space    used 4462K, capacity 4779K, committed 4864K, reserved 1048576K
}
Event: 10.437 GC heap before
{Heap before GC invocations=10 (full 0):
 garbage-first heap   total 162816K, used 43612K [0x0000000080000000, 0x0000000100000000)
  region size 1024K, 29 young (29696K), 7 survivors (7168K)
 Metaspace       used 34917K, capacity 35734K, committed 35840K, reserved 1081344K
  class space    used 4573K, capacity 4912K, committed 4992K, reserved 1048576K
}
Event: 10.450 GC heap after
{Heap after GC invocations=11 (full 0):
 garbage-first heap   total 162816K, used 23046K [0x0000000080000000, 0x0000000100000000)
  region size 1024K, 7 young (7168K), 7 survivors (7168K)
 Metaspace       used 34917K, capacity 35734K, committed 35840K, reserved 1081344K
  class space    used 4573K, capacity 4912K, committed 4992K, reserved 1048576K
}
Event: 11.300 GC heap before
{Heap before GC invocations=12 (full 0):
 garbage-first heap   total 162816K, used 109062K [0x0000000080000000, 0x0000000100000000)
  region size 1024K, 92 young (94208K), 7 survivors (7168K)
 Metaspace       used 39424K, capacity 40425K, committed 40576K, reserved 1085440K
  class space    used 5014K, capacity 5389K, committed 5504K, reserved 1048576K
}
Event: 11.314 GC heap after
{Heap after GC invocations=13 (full 0):
 garbage-first heap   total 162816K, used 26301K [0x0000000080000000, 0x0000000100000000)
  region size 1024K, 10 young (10240K), 10 survivors (10240K)
 Metaspace       used 39424K, capacity 40425K, committed 40576K, reserved 1085440K
  class space    used 5014K, capacity 5389K, committed 5504K, reserved 1048576K
}
Event: 12.220 GC heap before
{Heap before GC invocations=13 (full 0):
 garbage-first heap   total 162816K, used 123581K [0x0000000080000000, 0x0000000100000000)
  region size 1024K, 95 young (97280K), 10 survivors (10240K)
 Metaspace       used 41993K, capacity 43042K, committed 43392K, reserved 1087488K
  class space    used 5272K, capacity 5660K, committed 5760K, reserved 1048576K
}
Event: 12.243 GC heap after
{Heap after GC invocations=14 (full 0):
 garbage-first heap   total 162816K, used 28950K [0x0000000080000000, 0x0000000100000000)
  region size 1024K, 10 young (10240K), 10 survivors (10240K)
 Metaspace       used 41993K, capacity 43042K, committed 43392K, reserved 1087488K
  class space    used 5272K, capacity 5660K, committed 5760K, reserved 1048576K
}
Event: 13.004 GC heap before
{Heap before GC invocations=14 (full 0):
 garbage-first heap   total 162816K, used 118038K [0x0000000080000000, 0x0000000100000000)
  region size 1024K, 95 young (97280K), 10 survivors (10240K)
 Metaspace       used 45543K, capacity 46690K, committed 46848K, reserved 1089536K
  class space    used 5714K, capacity 6132K, committed 6144K, reserved 1048576K
}
Event: 13.019 GC heap after
{Heap after GC invocations=15 (full 0):
 garbage-first heap   total 162816K, used 32034K [0x0000000080000000, 0x0000000100000000)
  region size 1024K, 9 young (9216K), 9 survivors (9216K)
 Metaspace       used 45543K, capacity 46690K, committed 46848K, reserved 1089536K
  class space    used 5714K, capacity 6132K, committed 6144K, reserved 1048576K
}
Event: 13.845 GC heap before
{Heap before GC invocations=15 (full 0):
 garbage-first heap   total 162816K, used 120098K [0x0000000080000000, 0x0000000100000000)
  region size 1024K, 95 young (97280K), 9 survivors (9216K)
 Metaspace       used 48885K, capacity 50262K, committed 50560K, reserved 1093632K
  class space    used 6197K, capacity 6685K, committed 6784K, reserved 1048576K
}
Event: 13.861 GC heap after
{Heap after GC invocations=16 (full 0):
 garbage-first heap   total 195584K, used 32275K [0x0000000080000000, 0x0000000100000000)
  region size 1024K, 8 young (8192K), 8 survivors (8192K)
 Metaspace       used 48885K, capacity 50262K, committed 50560K, reserved 1093632K
  class space    used 6197K, capacity 6685K, committed 6784K, reserved 1048576K
}

Deoptimization events (20 events):
Event: 14.704 Thread 0x000001f1293cf000 Uncommon trap: trap_request=0xffffffcc fr.pc=0x000001f1191f4408 relative=0x00000000000010e8
Event: 14.704 Thread 0x000001f1293d0800 Uncommon trap: reason=intrinsic_or_type_checked_inlining action=make_not_entrant pc=0x000001f1191f4408 method=java.util.ArrayList.toArray([Ljava/lang/Object;)[Ljava/lang/Object; @ 36 c2
Event: 14.705 Thread 0x000001f1293d2000 Uncommon trap: reason=intrinsic_or_type_checked_inlining action=make_not_entrant pc=0x000001f1191f4408 method=java.util.ArrayList.toArray([Ljava/lang/Object;)[Ljava/lang/Object; @ 36 c2
Event: 14.705 Thread 0x000001f1293d0800 DEOPT PACKING pc=0x000001f1191f4408 sp=0x000000efe04fe790
Event: 14.705 Thread 0x000001f1293d2000 DEOPT PACKING pc=0x000001f1191f4408 sp=0x000000efe06fea30
Event: 14.705 Thread 0x000001f1293d0800 DEOPT UNPACKING pc=0x000001f11138a1af sp=0x000000efe04fe6e8 mode 2
Event: 14.705 Thread 0x000001f1293d2000 DEOPT UNPACKING pc=0x000001f11138a1af sp=0x000000efe06fe988 mode 2
Event: 14.705 Thread 0x000001f1293cf000 Uncommon trap: reason=intrinsic_or_type_checked_inlining action=make_not_entrant pc=0x000001f1191f4408 method=java.util.ArrayList.toArray([Ljava/lang/Object;)[Ljava/lang/Object; @ 36 c2
Event: 14.705 Thread 0x000001f1293cf000 DEOPT PACKING pc=0x000001f1191f4408 sp=0x000000efe05fea10
Event: 14.705 Thread 0x000001f1293cf000 DEOPT UNPACKING pc=0x000001f11138a1af sp=0x000000efe05fe968 mode 2
Event: 14.715 Thread 0x000001f1293d0800 Uncommon trap: trap_request=0xffffff4d fr.pc=0x000001f1191faaa4 relative=0x00000000000001e4
Event: 14.715 Thread 0x000001f1293d0800 Uncommon trap: reason=unstable_if action=reinterpret pc=0x000001f1191faaa4 method=java.util.concurrent.locks.ReentrantLock$Sync.nonfairTryAcquire(I)Z @ 19 c2
Event: 14.715 Thread 0x000001f1293d0800 DEOPT PACKING pc=0x000001f1191faaa4 sp=0x000000efe04fe5b0
Event: 14.715 Thread 0x000001f1293d0800 DEOPT UNPACKING pc=0x000001f11138a1af sp=0x000000efe04fe428 mode 2
Event: 14.753 Thread 0x000001f12a87e800 DEOPT PACKING pc=0x000001f111cea77a sp=0x000000efdf8fe660
Event: 14.753 Thread 0x000001f12a87e800 DEOPT UNPACKING pc=0x000001f11138a95e sp=0x000000efdf8fda98 mode 0
Event: 14.905 Thread 0x000001f1280ae000 DEOPT PACKING pc=0x000001f11237e17d sp=0x000000efdfafe820
Event: 14.905 Thread 0x000001f1280ae000 DEOPT UNPACKING pc=0x000001f11138a95e sp=0x000000efdfafdc58 mode 0
Event: 14.922 Thread 0x000001f1280ae000 DEOPT PACKING pc=0x000001f11241318b sp=0x000000efdfafe830
Event: 14.922 Thread 0x000001f1280ae000 DEOPT UNPACKING pc=0x000001f11138a95e sp=0x000000efdfafdcb8 mode 0

Classes redefined (0 events):
No events

Internal exceptions (20 events):
Event: 13.100 Thread 0x000001f12a880000 Exception <a 'java/lang/ClassNotFoundException'{0x000000008982d320}: org/gradle/api/internal/initialization/DefaultScriptHandlerBeanInfo> (0x000000008982d320) thrown at [src/hotspot/share/classfile/systemDictionary.cpp, line 230]
Event: 13.103 Thread 0x000001f12a880000 Exception <a 'java/lang/ClassNotFoundException'{0x000000008985bac0}: org/gradle/api/internal/initialization/DefaultScriptHandlerCustomizer> (0x000000008985bac0) thrown at [src/hotspot/share/classfile/systemDictionary.cpp, line 230]
Event: 13.274 Thread 0x000001f12a880000 Exception <a 'java/lang/ClassNotFoundException'{0x0000000088984528}: org/gradle/api/internal/artifacts/dsl/dependencies/DefaultDependencyHandler_DecoratedBeanInfo> (0x0000000088984528) thrown at [src/hotspot/share/classfile/systemDictionary.cpp, line 230]
Event: 13.275 Thread 0x000001f12a880000 Exception <a 'java/lang/ClassNotFoundException'{0x00000000889ca750}: org/gradle/api/internal/artifacts/dsl/dependencies/DefaultDependencyHandlerBeanInfo> (0x00000000889ca750) thrown at [src/hotspot/share/classfile/systemDictionary.cpp, line 230]
Event: 13.277 Thread 0x000001f12a880000 Exception <a 'java/lang/ClassNotFoundException'{0x0000000088811050}: org/gradle/api/internal/artifacts/dsl/dependencies/DefaultDependencyHandlerCustomizer> (0x0000000088811050) thrown at [src/hotspot/share/classfile/systemDictionary.cpp, line 230]
Event: 13.281 Thread 0x000001f12a880000 Exception <a 'java/lang/ClassNotFoundException'{0x0000000088882858}: org/gradle/api/internal/artifacts/dsl/dependencies/DefaultDependencyHandler_DecoratedCustomizer> (0x0000000088882858) thrown at [src/hotspot/share/classfile/systemDictionary.cpp, line 230]
Event: 13.307 Thread 0x000001f12a880000 Exception <a 'java/lang/ClassNotFoundException'{0x0000000088636a70}: org/gradle/plugin/use/internal/PluginRequestCollector$PluginDependenciesSpecImplBeanInfo> (0x0000000088636a70) thrown at [src/hotspot/share/classfile/systemDictionary.cpp, line 230]
Event: 13.308 Thread 0x000001f12a880000 Exception <a 'java/lang/ClassNotFoundException'{0x000000008866aa88}: org/gradle/plugin/use/internal/PluginRequestCollector$PluginDependenciesSpecImplCustomizer> (0x000000008866aa88) thrown at [src/hotspot/share/classfile/systemDictionary.cpp, line 230]
Event: 13.316 Thread 0x000001f12a880000 Exception <a 'java/lang/ClassNotFoundException'{0x00000000886ea8b0}: org/gradle/plugin/use/internal/PluginRequestCollector$PluginDependencySpecImplBeanInfo> (0x00000000886ea8b0) thrown at [src/hotspot/share/classfile/systemDictionary.cpp, line 230]
Event: 13.318 Thread 0x000001f12a880000 Exception <a 'java/lang/ClassNotFoundException'{0x000000008851dfe8}: org/gradle/plugin/use/internal/PluginRequestCollector$PluginDependencySpecImplCustomizer> (0x000000008851dfe8) thrown at [src/hotspot/share/classfile/systemDictionary.cpp, line 230]
Event: 13.452 Thread 0x000001f12a880000 Exception <a 'java/lang/NoSuchMethodError'{0x0000000087bf17e8}: 'java.lang.Object java.lang.invoke.DirectMethodHandle$Holder.invokeStatic(java.lang.Object, int, java.lang.Object)'> (0x0000000087bf17e8) thrown at [src/hotspot/share/interpreter/linkResolver.cpp, line 773]
Event: 13.676 Thread 0x000001f12a880000 Exception <a 'java/lang/IncompatibleClassChangeError'{0x0000000085e13558}: Found class java.lang.Object, but interface was expected> (0x0000000085e13558) thrown at [src/hotspot/share/interpreter/linkResolver.cpp, line 839]
Event: 13.802 Thread 0x000001f12a880000 Exception <a 'java/lang/NoSuchMethodError'{0x0000000084d5b108}: 'int java.lang.invoke.DirectMethodHandle$Holder.invokeStaticInit(java.lang.Object)'> (0x0000000084d5b108) thrown at [src/hotspot/share/interpreter/linkResolver.cpp, line 773]
Event: 13.839 Thread 0x000001f12a880000 Exception <a 'java/lang/NoSuchMethodError'{0x000000008495b650}: 'void java.lang.invoke.DirectMethodHandle$Holder.invokeStatic(java.lang.Object, java.lang.Object, java.lang.Object, int, java.lang.Object)'> (0x000000008495b650) thrown at [src/hotspot/share/interpreter/linkResolver.cpp, line 773]
Event: 13.920 Thread 0x000001f12a880000 Exception <a 'java/lang/NoSuchMethodError'{0x000000008bac7e10}: 'java.lang.Object java.lang.invoke.DelegatingMethodHandle$Holder.reinvoke_L(java.lang.Object, java.lang.Object, java.lang.Object, java.lang.Object, java.lang.Object, java.lang.Object, java.lang.Object, java.lang.Object, java.lang.Object, java.lang.Object, java.lang.Object, java.lang.Object, java.lang.Object, java.lang.Object, java.lang.Object, java.lang.Object, java.lang.Object, java.lang.Object, java.lang.Object, java.lang.Object, java.lang.O
Event: 13.921 Thread 0x000001f12a880000 Exception <a 'java/lang/NoSuchMethodError'{0x000000008bad3a70}: 'java.lang.Object java.lang.invoke.Invokers$Holder.invoker(java.lang.Object, java.lang.Object, java.lang.Object, java.lang.Object, java.lang.Object, java.lang.Object, java.lang.Object, java.lang.Object, java.lang.Object, java.lang.Object, java.lang.Object, java.lang.Object, java.lang.Object, java.lang.Object, java.lang.Object, java.lang.Object, java.lang.Object, java.lang.Object, java.lang.Object, java.lang.Object, java.lang.Object)'> (0x00000
Event: 13.922 Thread 0x000001f12a880000 Exception <a 'java/lang/NoSuchMethodError'{0x000000008badade0}: 'java.lang.Object java.lang.invoke.DelegatingMethodHandle$Holder.delegate(java.lang.Object, java.lang.Object, java.lang.Object, java.lang.Object, java.lang.Object, java.lang.Object, java.lang.Object, java.lang.Object, java.lang.Object, java.lang.Object, java.lang.Object, java.lang.Object, java.lang.Object, java.lang.Object, java.lang.Object, java.lang.Object, java.lang.Object, java.lang.Object, java.lang.Object, java.lang.Object, java.lang.Obj
Event: 13.932 Thread 0x000001f12a880000 Exception <a 'java/lang/NoSuchMethodError'{0x000000008b953a18}: 'java.lang.Object java.lang.invoke.DirectMethodHandle$Holder.invokeStatic(java.lang.Object, java.lang.Object, java.lang.Object, java.lang.Object, java.lang.Object, java.lang.Object, java.lang.Object, java.lang.Object, java.lang.Object, java.lang.Object, java.lang.Object, java.lang.Object, java.lang.Object, java.lang.Object, java.lang.Object)'> (0x000000008b953a18) thrown at [src/hotspot/share/interpreter/linkResolver.cpp, line 773]
Event: 13.935 Thread 0x000001f12a880000 Exception <a 'java/lang/NoSuchMethodError'{0x000000008b974e90}: 'java.lang.Object java.lang.invoke.DirectMethodHandle$Holder.invokeStatic(java.lang.Object, java.lang.Object, java.lang.Object, java.lang.Object, java.lang.Object, java.lang.Object, java.lang.Object, java.lang.Object, java.lang.Object, java.lang.Object, java.lang.Object, java.lang.Object, java.lang.Object, java.lang.Object, java.lang.Object, java.lang.Object)'> (0x000000008b974e90) thrown at [src/hotspot/share/interpreter/linkResolver.cpp, lin
Event: 13.937 Thread 0x000001f12a880000 Exception <a 'java/lang/NoSuchMethodError'{0x000000008b9858c8}: 'java.lang.Object java.lang.invoke.DelegatingMethodHandle$Holder.reinvoke_L(java.lang.Object, java.lang.Object, java.lang.Object, java.lang.Object, java.lang.Object, java.lang.Object, java.lang.Object, java.lang.Object, java.lang.Object, java.lang.Object, java.lang.Object, java.lang.Object, java.lang.Object, java.lang.Object, java.lang.Object, java.lang.Object, java.lang.Object, java.lang.Object, java.lang.Object, java.lang.Object)'> (0x000000

Events (20 events):
Event: 14.895 loading class org/gradle/internal/RelativePathSupplier
Event: 14.895 loading class org/gradle/internal/RelativePathSupplier done
Event: 14.896 loading class org/gradle/internal/fingerprint/hashing/RegularFileSnapshotContextHasher
Event: 14.896 loading class org/gradle/internal/fingerprint/hashing/RegularFileSnapshotContextHasher done
Event: 14.896 loading class org/gradle/internal/hash/HashCode
Event: 14.896 loading class org/gradle/internal/hash/HashCode done
Event: 14.896 loading class org/gradle/internal/fingerprint/hashing/RegularFileSnapshotContextHasher
Event: 14.896 loading class org/gradle/internal/fingerprint/hashing/RegularFileSnapshotContextHasher done
Event: 14.896 loading class org/gradle/internal/io/IoSupplier
Event: 14.896 loading class org/gradle/internal/io/IoSupplier done
Event: 14.899 loading class org/gradle/internal/fingerprint/impl/IgnoredPathFileSystemLocationFingerprint
Event: 14.899 loading class org/gradle/internal/fingerprint/impl/IgnoredPathFileSystemLocationFingerprint done
Event: 14.901 loading class org/gradle/internal/fingerprint/impl/IgnoredPathFileSystemLocationFingerprint$1
Event: 14.901 loading class org/gradle/internal/fingerprint/impl/IgnoredPathFileSystemLocationFingerprint$1 done
Event: 14.928 loading class org/gradle/internal/fingerprint/FingerprintHashingStrategy
Event: 14.928 loading class org/gradle/internal/fingerprint/FingerprintHashingStrategy done
Event: 14.930 loading class org/gradle/internal/fingerprint/FingerprintHashingStrategy$1
Event: 14.930 loading class org/gradle/internal/fingerprint/FingerprintHashingStrategy$1 done
Event: 14.930 loading class org/gradle/internal/fingerprint/FingerprintHashingStrategy$2
Event: 14.930 loading class org/gradle/internal/fingerprint/FingerprintHashingStrategy$2 done


Dynamic libraries:
0x00007ff609f50000 - 0x00007ff609f5a000 	C:\Program Files\Android\Android Studio\jbr\bin\java.exe
0x00007ffe327f0000 - 0x00007ffe329e8000 	C:\WINDOWS\SYSTEM32\ntdll.dll
0x00007ffe31d30000 - 0x00007ffe31def000 	C:\WINDOWS\System32\KERNEL32.DLL
0x00007ffe30000000 - 0x00007ffe302da000 	C:\WINDOWS\System32\KERNELBASE.dll
0x00007ffe2ff00000 - 0x00007ffe30000000 	C:\WINDOWS\System32\ucrtbase.dll
0x00007ffe1c740000 - 0x00007ffe1c75b000 	C:\Program Files\Android\Android Studio\jbr\bin\VCRUNTIME140.dll
0x00007ffe120d0000 - 0x00007ffe120e7000 	C:\Program Files\Android\Android Studio\jbr\bin\jli.dll
0x00007ffe32600000 - 0x00007ffe3279d000 	C:\WINDOWS\System32\USER32.dll
0x00007ffe30780000 - 0x00007ffe307a2000 	C:\WINDOWS\System32\win32u.dll
0x00007ffe31400000 - 0x00007ffe3142b000 	C:\WINDOWS\System32\GDI32.dll
0x00007ffe303c0000 - 0x00007ffe304d0000 	C:\WINDOWS\System32\gdi32full.dll
0x00007ffe307b0000 - 0x00007ffe3084d000 	C:\WINDOWS\System32\msvcp_win.dll
0x00007ffe1e340000 - 0x00007ffe1e5da000 	C:\WINDOWS\WinSxS\amd64_microsoft.windows.common-controls_6595b64144ccf1df_6.0.19041.1110_none_60b5254171f9507e\COMCTL32.dll
0x00007ffe32240000 - 0x00007ffe322de000 	C:\WINDOWS\System32\msvcrt.dll
0x00007ffe30850000 - 0x00007ffe30880000 	C:\WINDOWS\System32\IMM32.DLL
0x00007ffe1c630000 - 0x00007ffe1c63c000 	C:\Program Files\Android\Android Studio\jbr\bin\vcruntime140_1.dll
0x00007ffe12620000 - 0x00007ffe126ad000 	C:\Program Files\Android\Android Studio\jbr\bin\msvcp140.dll
0x00007ffdd7d30000 - 0x00007ffdd88ec000 	C:\Program Files\Android\Android Studio\jbr\bin\server\jvm.dll
0x00007ffe31c80000 - 0x00007ffe31d2e000 	C:\WINDOWS\System32\ADVAPI32.dll
0x00007ffe310f0000 - 0x00007ffe3118c000 	C:\WINDOWS\System32\sechost.dll
0x00007ffe324d0000 - 0x00007ffe325f6000 	C:\WINDOWS\System32\RPCRT4.dll
0x00007ffe30880000 - 0x00007ffe30888000 	C:\WINDOWS\System32\PSAPI.DLL
0x00007ffe2b6e0000 - 0x00007ffe2b6e9000 	C:\WINDOWS\SYSTEM32\WSOCK32.dll
0x00007ffe321d0000 - 0x00007ffe3223b000 	C:\WINDOWS\System32\WS2_32.dll
0x00007ffe1d6c0000 - 0x00007ffe1d6e7000 	C:\WINDOWS\SYSTEM32\WINMM.dll
0x00007ffe209f0000 - 0x00007ffe209fa000 	C:\WINDOWS\SYSTEM32\VERSION.dll
0x00007ffe2e710000 - 0x00007ffe2e722000 	C:\WINDOWS\SYSTEM32\kernel.appcore.dll
0x00007ffe2adf0000 - 0x00007ffe2ae00000 	C:\Program Files\Android\Android Studio\jbr\bin\verify.dll
0x00007ffe1bf90000 - 0x00007ffe1c174000 	C:\WINDOWS\SYSTEM32\DBGHELP.DLL
0x00007ffe1bf50000 - 0x00007ffe1bf84000 	C:\WINDOWS\SYSTEM32\dbgcore.DLL
0x00007ffe302e0000 - 0x00007ffe30362000 	C:\WINDOWS\System32\bcryptPrimitives.dll
0x00007ffe107c0000 - 0x00007ffe107e8000 	C:\Program Files\Android\Android Studio\jbr\bin\java.dll
0x00007ffe25560000 - 0x00007ffe2556a000 	C:\Program Files\Android\Android Studio\jbr\bin\jimage.dll
0x00007ffe1ded0000 - 0x00007ffe1dede000 	C:\Program Files\Android\Android Studio\jbr\bin\instrument.dll
0x00007ffe107a0000 - 0x00007ffe107b8000 	C:\Program Files\Android\Android Studio\jbr\bin\zip.dll
0x00007ffe314a0000 - 0x00007ffe31be4000 	C:\WINDOWS\System32\SHELL32.dll
0x00007ffe2deb0000 - 0x00007ffe2e643000 	C:\WINDOWS\SYSTEM32\windows.storage.dll
0x00007ffe31df0000 - 0x00007ffe32144000 	C:\WINDOWS\System32\combase.dll
0x00007ffe2f7a0000 - 0x00007ffe2f7ce000 	C:\WINDOWS\SYSTEM32\Wldp.dll
0x00007ffe308f0000 - 0x00007ffe3099d000 	C:\WINDOWS\System32\SHCORE.dll
0x00007ffe31190000 - 0x00007ffe311e5000 	C:\WINDOWS\System32\shlwapi.dll
0x00007ffe2fe40000 - 0x00007ffe2fe5f000 	C:\WINDOWS\SYSTEM32\profapi.dll
0x00007ffe1cd90000 - 0x00007ffe1cd9a000 	C:\Program Files\Android\Android Studio\jbr\bin\management.dll
0x00007ffe1c9c0000 - 0x00007ffe1c9cb000 	C:\Program Files\Android\Android Studio\jbr\bin\management_ext.dll
0x00007ffe10780000 - 0x00007ffe10799000 	C:\Program Files\Android\Android Studio\jbr\bin\net.dll
0x00007ffe221f0000 - 0x00007ffe222fa000 	C:\WINDOWS\SYSTEM32\WINHTTP.dll
0x00007ffe2f580000 - 0x00007ffe2f5ea000 	C:\WINDOWS\system32\mswsock.dll
0x00007ffe10760000 - 0x00007ffe10773000 	C:\Program Files\Android\Android Studio\jbr\bin\nio.dll
0x00007ffe1f250000 - 0x00007ffe1f267000 	C:\WINDOWS\system32\napinsp.dll
0x00007ffe24c70000 - 0x00007ffe24c8b000 	C:\WINDOWS\system32\pnrpnsp.dll
0x00007ffe29f30000 - 0x00007ffe29f45000 	C:\WINDOWS\system32\wshbth.dll
0x00007ffe2b1e0000 - 0x00007ffe2b1fd000 	C:\WINDOWS\system32\NLAapi.dll
0x00007ffe2f290000 - 0x00007ffe2f2cc000 	C:\WINDOWS\SYSTEM32\IPHLPAPI.DLL
0x00007ffe2f2d0000 - 0x00007ffe2f39b000 	C:\WINDOWS\SYSTEM32\DNSAPI.dll
0x00007ffe327a0000 - 0x00007ffe327a8000 	C:\WINDOWS\System32\NSI.dll
0x00007ffe28a30000 - 0x00007ffe28a42000 	C:\WINDOWS\System32\winrnr.dll
0x00007ffe20e00000 - 0x00007ffe20e0a000 	C:\Windows\System32\rasadhlp.dll
0x00007ffe21fb0000 - 0x00007ffe22030000 	C:\WINDOWS\System32\fwpuclnt.dll
0x00007ffe30750000 - 0x00007ffe30777000 	C:\WINDOWS\System32\bcrypt.dll
0x00007ffe126b0000 - 0x00007ffe126d7000 	C:\Users\shahzaib lptp\AndroidStudioProjects\loginsqlite\native\e1d6ef7f7dcc3fd88c89a11ec53ec762bb8ba0a96d01ffa2cd45eb1d1d8dd5c5\windows-amd64\native-platform.dll
0x00007ffde6d10000 - 0x00007ffde6e54000 	C:\Users\shahzaib lptp\AndroidStudioProjects\loginsqlite\native\0d407fdbe67a94daf76414ababcb853783967236a71b16ec16e742cd7a986fd3\windows-amd64\native-platform-file-events.dll
0x00007ffe2fb20000 - 0x00007ffe2fb38000 	C:\WINDOWS\SYSTEM32\CRYPTSP.dll
0x00007ffe2eec0000 - 0x00007ffe2eef4000 	C:\WINDOWS\system32\rsaenh.dll
0x00007ffe2fe00000 - 0x00007ffe2fe2e000 	C:\WINDOWS\SYSTEM32\USERENV.dll
0x00007ffe2f710000 - 0x00007ffe2f71c000 	C:\WINDOWS\SYSTEM32\CRYPTBASE.dll
0x00007ffe23110000 - 0x00007ffe23127000 	C:\WINDOWS\SYSTEM32\dhcpcsvc6.DLL
0x00007ffe230f0000 - 0x00007ffe2310d000 	C:\WINDOWS\SYSTEM32\dhcpcsvc.DLL

dbghelp: loaded successfully - version: 4.0.5 - missing functions: none
symbol engine: initialized successfully - sym options: 0x614 - pdb path: .;C:\Program Files\Android\Android Studio\jbr\bin;C:\WINDOWS\SYSTEM32;C:\WINDOWS\WinSxS\amd64_microsoft.windows.common-controls_6595b64144ccf1df_6.0.19041.1110_none_60b5254171f9507e;C:\Program Files\Android\Android Studio\jbr\bin\server;C:\Users\shahzaib lptp\AndroidStudioProjects\loginsqlite\native\e1d6ef7f7dcc3fd88c89a11ec53ec762bb8ba0a96d01ffa2cd45eb1d1d8dd5c5\windows-amd64;C:\Users\shahzaib lptp\AndroidStudioProjects\loginsqlite\native\0d407fdbe67a94daf76414ababcb853783967236a71b16ec16e742cd7a986fd3\windows-amd64

VM Arguments:
jvm_args: -javaagent:C:\Program Files\Android\Android Studio\plugins\android\resources\trace_agent.jar=C:\Users\SHAHZA~1\AppData\Local\Temp\sync.trace.profile --add-opens=java.base/java.util=ALL-UNNAMED --add-opens=java.base/java.lang=ALL-UNNAMED --add-opens=java.base/java.lang.invoke=ALL-UNNAMED --add-opens=java.base/java.util=ALL-UNNAMED --add-opens=java.prefs/java.util.prefs=ALL-UNNAMED --add-opens=java.prefs/java.util.prefs=ALL-UNNAMED --add-opens=java.base/java.nio.charset=ALL-UNNAMED --add-opens=java.base/java.net=ALL-UNNAMED --add-opens=java.base/java.util.concurrent.atomic=ALL-UNNAMED -Xmx2048m -Dfile.encoding=UTF-8 -Duser.country=US -Duser.language=en -Duser.variant 
java_command: org.gradle.launcher.daemon.bootstrap.GradleDaemon 7.5
java_class_path (initial): C:\Users\shahzaib lptp\AndroidStudioProjects\loginsqlite\wrapper\dists\gradle-7.5-bin\f1w0cc9nuo0eivz97x2xlu9sv\gradle-7.5\lib\gradle-launcher-7.5.jar
Launcher Type: SUN_STANDARD

[Global flags]
     intx CICompilerCount                          = 3                                         {product} {ergonomic}
     uint ConcGCThreads                            = 1                                         {product} {ergonomic}
     uint G1ConcRefinementThreads                  = 4                                         {product} {ergonomic}
   size_t G1HeapRegionSize                         = 1048576                                   {product} {ergonomic}
    uintx GCDrainStackTargetSize                   = 64                                        {product} {ergonomic}
   size_t InitialHeapSize                          = 134217728                                 {product} {ergonomic}
   size_t MarkStackSize                            = 4194304                                   {product} {ergonomic}
   size_t MaxHeapSize                              = 2147483648                                {product} {command line}
   size_t MaxNewSize                               = 1287651328                                {product} {ergonomic}
   size_t MinHeapDeltaBytes                        = 1048576                                   {product} {ergonomic}
    uintx NonNMethodCodeHeapSize                   = 5830732                                {pd product} {ergonomic}
    uintx NonProfiledCodeHeapSize                  = 122913754                              {pd product} {ergonomic}
    uintx ProfiledCodeHeapSize                     = 122913754                              {pd product} {ergonomic}
    uintx ReservedCodeCacheSize                    = 251658240                              {pd product} {ergonomic}
     bool SegmentedCodeCache                       = true                                      {product} {ergonomic}
     bool UseCompressedClassPointers               = true                                 {lp64_product} {ergonomic}
     bool UseCompressedOops                        = true                                 {lp64_product} {ergonomic}
     bool UseG1GC                                  = true                                      {product} {ergonomic}
     bool UseLargePagesIndividualAllocation        = false                                  {pd product} {ergonomic}

Logging:
Log output configuration:
 #0: stdout all=warning uptime,level,tags
 #1: stderr all=off uptime,level,tags

Environment Variables:
PATH=C:\Program Files\Python310\Scripts\;C:\Program Files\Python310\;C:\Program Files\Common Files\Oracle\Java\javapath;C:\app\bin;C:\app\shahzaiblptp\product\11.2.0\dbhome_1\bin;C:\WINDOWS\system32;C:\WINDOWS;C:\WINDOWS\System32\Wbem;C:\WINDOWS\System32\WindowsPowerShell\v1.0\;c:\Program Files (x86)\Microsoft SQL Server\100\Tools\Binn\;c:\Program Files\Microsoft SQL Server\100\Tools\Binn\;c:\Program Files\Microsoft SQL Server\100\DTS\Binn\;C:\WINDOWS\System32\OpenSSH\;C:\ProgramData\chocolatey\bin;%JAVA_HOME%\bin;C:\Users\shahzaib lptp\AppData\Local\Microsoft\WindowsApps;C:\Program Files\JetBrains\IntelliJ IDEA Community Edition 2021.3\bin;;C:\Program Files\Python310\PyCharm Community Edition 2022.1\bin;;C:\Users\shahzaib lptp\AppData\Local\Programs\Microsoft VS Code\bin;C:\Program Files\flutter\bin;C:\src\flutter\bin;C:\Program Files\Android\Android Studio\bin;
USERNAME=shahzaib lptp
OS=Windows_NT
PROCESSOR_IDENTIFIER=Intel64 Family 6 Model 69 Stepping 1, GenuineIntel



---------------  S Y S T E M  ---------------

OS: Windows 10 , 64 bit Build 19041 (10.0.19041.2788)
OS uptime: 9 days 22:21 hours
Hyper-V role detected

CPU:total 4 (initial active 4) (2 cores per cpu, 2 threads per core) family 6 model 69 stepping 1 microcode 0x26, cmov, cx8, fxsr, mmx, sse, sse2, sse3, ssse3, sse4.1, sse4.2, popcnt, avx, avx2, aes, clmul, erms, lzcnt, ht, tsc, tscinvbit, bmi1, bmi2, fma

Memory: 4k page, system-wide physical 8073M (464M free)
TotalPageFile size 10073M (AvailPageFile size 3M)
current process WorkingSet (physical memory assigned to process): 369M, peak: 369M
current process commit charge ("private bytes"): 414M, peak: 416M

vm_info: OpenJDK 64-Bit Server VM (11.0.15+0-b2043.56-9505619) for windows-amd64 JRE (11.0.15+0-b2043.56-9505619), built on Jan 19 2023 02:48:00 by "builduser" with unknown MS VC++:1929

END.
