#
# There is insufficient memory for the Java Runtime Environment to continue.
# Native memory allocation (mmap) failed to map 32505856 bytes for Failed to commit area from 0x0000000089a00000 to 0x000000008b900000 of length 32505856.
# Possible reasons:
#   The system is out of physical RAM or swap space
#   The process is running with CompressedOops enabled, and the Java Heap may be blocking the growth of the native heap
# Possible solutions:
#   Reduce memory load on the system
#   Increase physical memory or swap space
#   Check if swap backing store is full
#   Decrease Java heap size (-Xmx/-Xms)
#   Decrease number of Java threads
#   Decrease Java thread stack sizes (-Xss)
#   Set larger code cache with -XX:ReservedCodeCacheSize=
#   JVM is running with Unscaled Compressed Oops mode in which the Java heap is
#     placed in the first 4GB address space. The Java Heap base address is the
#     maximum limit for the native heap growth. Please use -XX:HeapBaseMinAddress
#     to set the Java Heap base and to place the Java Heap above 4GB virtual address.
# This output file may be truncated or incomplete.
#
#  Out of Memory Error (src/hotspot/os/windows/os_windows.cpp:3627), pid=656, tid=7380
#
# JRE version: OpenJDK Runtime Environment (11.0.15) (build 11.0.15+0-b2043.56-9505619)
# Java VM: OpenJDK 64-Bit Server VM (11.0.15+0-b2043.56-9505619, mixed mode, tiered, compressed oops, g1 gc, windows-amd64)
# No core dump will be written. Minidumps are not enabled by default on client versions of Windows
#

---------------  S U M M A R Y ------------

Command Line: -javaagent:C:\Program Files\Android\Android Studio\plugins\android\resources\trace_agent.jar=C:\Users\SHAHZA~1\AppData\Local\Temp\sync.trace.profile --add-opens=java.base/java.util=ALL-UNNAMED --add-opens=java.base/java.lang=ALL-UNNAMED --add-opens=java.base/java.lang.invoke=ALL-UNNAMED --add-opens=java.base/java.util=ALL-UNNAMED --add-opens=java.prefs/java.util.prefs=ALL-UNNAMED --add-opens=java.prefs/java.util.prefs=ALL-UNNAMED --add-opens=java.base/java.nio.charset=ALL-UNNAMED --add-opens=java.base/java.net=ALL-UNNAMED --add-opens=java.base/java.util.concurrent.atomic=ALL-UNNAMED -Xmx2048m -Dfile.encoding=UTF-8 -Duser.country=US -Duser.language=en -Duser.variant org.gradle.launcher.daemon.bootstrap.GradleDaemon 7.5

Host: Intel(R) Core(TM) i5-4310U CPU @ 2.00GHz, 4 cores, 7G,  Windows 10 , 64 bit Build 19041 (10.0.19041.3031)
Time: Sat Jul 22 17:23:28 2023 Pakistan Standard Time elapsed time: 17.316058 seconds (0d 0h 0m 17s)

---------------  T H R E A D  ---------------

Current thread (0x0000025dfbce7800):  VMThread "VM Thread" [stack: 0x000000d7f0200000,0x000000d7f0300000] [id=7380]

Stack: [0x000000d7f0200000,0x000000d7f0300000]
[error occurred during error reporting (printing stack bounds), id 0xc0000005, EXCEPTION_ACCESS_VIOLATION (0xc0000005) at pc=0x0000025d8000112d]

Native frames: (J=compiled Java code, j=interpreted, Vv=VM code, C=native code)
V  [jvm.dll+0x64135a]
V  [jvm.dll+0x7d39f9]
V  [jvm.dll+0x7d51b9]
V  [jvm.dll+0x7d5805]
V  [jvm.dll+0x7d57bb]
V  [jvm.dll+0x640655]
V  [jvm.dll+0x640d68]
C  [ntdll.dll+0xa247f]
C  [ntdll.dll+0x514f4]
C  [ntdll.dll+0xa0f8e]
C  0x0000025d8000112d

VM_Operation (0x000000d7f16f5140): G1CollectForAllocation, mode: safepoint, requested by thread 0x0000025dfdeb0000


---------------  P R O C E S S  ---------------

Threads class SMR info:
_java_thread_list=0x0000025d90d52fe0, length=37, elements={
0x0000025df10d4800, 0x0000025dfbce9000, 0x0000025dfbcf7000, 0x0000025dfbd05800,
0x0000025dfbd06800, 0x0000025dfbd07000, 0x0000025dfbd0a800, 0x0000025dfbd13000,
0x0000025dfbd1c000, 0x0000025dfc7dc800, 0x0000025d8fbfd800, 0x0000025dfd14c000,
0x0000025d8f653000, 0x0000025dfcc06000, 0x0000025d8ffd0800, 0x0000025dfcfc0800,
0x0000025d8f8f0800, 0x0000025dfdeb0000, 0x0000025dfe1a2800, 0x0000025d8ffc7800,
0x0000025d8f5ef800, 0x0000025d8f5f1000, 0x0000025d8f5f0800, 0x0000025d8f5f2000,
0x0000025d9040a800, 0x0000025d90409000, 0x0000025d90409800, 0x0000025d90408000,
0x0000025d9040b800, 0x0000025d9040c000, 0x0000025d9040d000, 0x0000025d90407800,
0x0000025d9040e000, 0x0000025dfc912800, 0x0000025dfc914000, 0x0000025dfc915800,
0x0000025dfc916800
}

Java Threads: ( => current thread )
  0x0000025df10d4800 JavaThread "main" [_thread_blocked, id=12356, stack(0x000000d7efc00000,0x000000d7efd00000)]
  0x0000025dfbce9000 JavaThread "Reference Handler" daemon [_thread_blocked, id=7676, stack(0x000000d7f0300000,0x000000d7f0400000)]
  0x0000025dfbcf7000 JavaThread "Finalizer" daemon [_thread_blocked, id=2376, stack(0x000000d7f0400000,0x000000d7f0500000)]
  0x0000025dfbd05800 JavaThread "Signal Dispatcher" daemon [_thread_blocked, id=14156, stack(0x000000d7f0500000,0x000000d7f0600000)]
  0x0000025dfbd06800 JavaThread "Attach Listener" daemon [_thread_blocked, id=1996, stack(0x000000d7f0600000,0x000000d7f0700000)]
  0x0000025dfbd07000 JavaThread "Service Thread" daemon [_thread_blocked, id=9212, stack(0x000000d7f0700000,0x000000d7f0800000)]
  0x0000025dfbd0a800 JavaThread "C2 CompilerThread0" daemon [_thread_blocked, id=1688, stack(0x000000d7f0800000,0x000000d7f0900000)]
  0x0000025dfbd13000 JavaThread "C1 CompilerThread0" daemon [_thread_blocked, id=252, stack(0x000000d7f0900000,0x000000d7f0a00000)]
  0x0000025dfbd1c000 JavaThread "Sweeper thread" daemon [_thread_blocked, id=8528, stack(0x000000d7f0a00000,0x000000d7f0b00000)]
  0x0000025dfc7dc800 JavaThread "Common-Cleaner" daemon [_thread_blocked, id=1144, stack(0x000000d7f0b00000,0x000000d7f0c00000)]
  0x0000025d8fbfd800 JavaThread "Daemon health stats" [_thread_blocked, id=3748, stack(0x000000d7f1000000,0x000000d7f1100000)]
  0x0000025dfd14c000 JavaThread "C2 CompilerThread1" daemon [_thread_in_native, id=10540, stack(0x000000d7f0c00000,0x000000d7f0d00000)]
  0x0000025d8f653000 JavaThread "Incoming local TCP Connector on port 64651" [_thread_in_native, id=12608, stack(0x000000d7f1100000,0x000000d7f1200000)]
  0x0000025dfcc06000 JavaThread "Daemon periodic checks" [_thread_blocked, id=12000, stack(0x000000d7f1200000,0x000000d7f1300000)]
  0x0000025d8ffd0800 JavaThread "Daemon" [_thread_blocked, id=9980, stack(0x000000d7f1300000,0x000000d7f1400000)]
  0x0000025dfcfc0800 JavaThread "Handler for socket connection from /127.0.0.1:64651 to /127.0.0.1:64652" [_thread_in_native, id=12208, stack(0x000000d7f1400000,0x000000d7f1500000)]
  0x0000025d8f8f0800 JavaThread "Cancel handler" [_thread_blocked, id=888, stack(0x000000d7f1500000,0x000000d7f1600000)]
  0x0000025dfdeb0000 JavaThread "Daemon worker" [_thread_blocked, id=3240, stack(0x000000d7f1600000,0x000000d7f1700000)]
  0x0000025dfe1a2800 JavaThread "Asynchronous log dispatcher for DefaultDaemonConnection: socket connection from /127.0.0.1:64651 to /127.0.0.1:64652" [_thread_blocked, id=8612, stack(0x000000d7f1700000,0x000000d7f1800000)]
  0x0000025d8ffc7800 JavaThread "Stdin handler" [_thread_blocked, id=3568, stack(0x000000d7f1800000,0x000000d7f1900000)]
  0x0000025d8f5ef800 JavaThread "Daemon client event forwarder" [_thread_blocked, id=13936, stack(0x000000d7f1900000,0x000000d7f1a00000)]
  0x0000025d8f5f1000 JavaThread "Cache worker for journal cache (C:\Users\shahzaib lptp\AndroidStudioProjects\loginsqlite\caches\journal-1)" [_thread_blocked, id=3468, stack(0x000000d7f1b00000,0x000000d7f1c00000)]
  0x0000025d8f5f0800 JavaThread "File lock request listener" [_thread_in_native, id=3704, stack(0x000000d7f1c00000,0x000000d7f1d00000)]
  0x0000025d8f5f2000 JavaThread "Cache worker for file hash cache (C:\Users\shahzaib lptp\AndroidStudioProjects\loginsqlite\caches\7.5\fileHashes)" [_thread_blocked, id=3028, stack(0x000000d7f1d00000,0x000000d7f1e00000)]
  0x0000025d9040a800 JavaThread "File watcher server" daemon [_thread_in_native, id=12604, stack(0x000000d7f1e00000,0x000000d7f1f00000)]
  0x0000025d90409000 JavaThread "File watcher consumer" daemon [_thread_blocked, id=9132, stack(0x000000d7f1f00000,0x000000d7f2000000)]
  0x0000025d90409800 JavaThread "Cache worker for checksums cache (C:\Users\shahzaib lptp\AndroidStudioProjects\EyeonwaterApp\.gradle\7.5\checksums)" [_thread_blocked, id=11856, stack(0x000000d7f2000000,0x000000d7f2100000)]
  0x0000025d90408000 JavaThread "Cache worker for cache directory md-rule (C:\Users\shahzaib lptp\AndroidStudioProjects\loginsqlite\caches\7.5\md-rule)" [_thread_blocked, id=4212, stack(0x000000d7f2100000,0x000000d7f2200000)]
  0x0000025d9040b800 JavaThread "Cache worker for file content cache (C:\Users\shahzaib lptp\AndroidStudioProjects\loginsqlite\caches\7.5\fileContent)" [_thread_blocked, id=5040, stack(0x000000d7f2200000,0x000000d7f2300000)]
  0x0000025d9040c000 JavaThread "Cache worker for file hash cache (C:\Users\shahzaib lptp\AndroidStudioProjects\EyeonwaterApp\.gradle\7.5\fileHashes)" [_thread_blocked, id=7000, stack(0x000000d7f2300000,0x000000d7f2400000)]
  0x0000025d9040d000 JavaThread "Cache worker for cache directory md-supplier (C:\Users\shahzaib lptp\AndroidStudioProjects\loginsqlite\caches\7.5\md-supplier)" [_thread_blocked, id=12936, stack(0x000000d7f2400000,0x000000d7f2500000)]
  0x0000025d90407800 JavaThread "Cache worker for execution history cache (C:\Users\shahzaib lptp\AndroidStudioProjects\loginsqlite\caches\7.5\executionHistory)" [_thread_blocked, id=7644, stack(0x000000d7f2500000,0x000000d7f2600000)]
  0x0000025d9040e000 JavaThread "jar transforms" [_thread_blocked, id=3460, stack(0x000000d7f2600000,0x000000d7f2700000)]
  0x0000025dfc912800 JavaThread "jar transforms Thread 2" [_thread_blocked, id=5184, stack(0x000000d7f2700000,0x000000d7f2800000)]
  0x0000025dfc914000 JavaThread "jar transforms Thread 3" [_thread_blocked, id=2220, stack(0x000000d7f2800000,0x000000d7f2900000)]
  0x0000025dfc915800 JavaThread "jar transforms Thread 4" [_thread_blocked, id=9128, stack(0x000000d7f2900000,0x000000d7f2a00000)]
  0x0000025dfc916800 JavaThread "Cache worker for dependencies-accessors (C:\Users\shahzaib lptp\AndroidStudioProjects\EyeonwaterApp\.gradle\7.5\dependencies-accessors)" [_thread_blocked, id=11816, stack(0x000000d7f2a00000,0x000000d7f2b00000)]

Other Threads:
=>0x0000025dfbce7800 VMThread "VM Thread" [stack: 0x000000d7f0200000,0x000000d7f0300000] [id=7380]
  0x0000025dfd040000 WatcherThread [stack: 0x000000d7f0d00000,0x000000d7f0e00000] [id=4772]
  0x0000025df10ee000 GCTaskThread "GC Thread#0" [stack: 0x000000d7efd00000,0x000000d7efe00000] [id=1580]
  0x0000025dfc953800 GCTaskThread "GC Thread#1" [stack: 0x000000d7f0e00000,0x000000d7f0f00000] [id=2420]
  0x0000025dfc9e5000 GCTaskThread "GC Thread#2" [stack: 0x000000d7f0f00000,0x000000d7f1000000] [id=12216]
  0x0000025d8f631000 GCTaskThread "GC Thread#3" [stack: 0x000000d7f1a00000,0x000000d7f1b00000] [id=11304]
  0x0000025df1121800 ConcurrentGCThread "G1 Main Marker" [stack: 0x000000d7efe00000,0x000000d7eff00000] [id=7324]
  0x0000025df1122800 ConcurrentGCThread "G1 Conc#0" [stack: 0x000000d7eff00000,0x000000d7f0000000] [id=13464]
  0x0000025dfbb40800 ConcurrentGCThread "G1 Refine#0" [stack: 0x000000d7f0000000,0x000000d7f0100000] [id=5140]
  0x0000025dfbb41000 ConcurrentGCThread "G1 Young RemSet Sampling" [stack: 0x000000d7f0100000,0x000000d7f0200000] [id=7372]

Threads with active compile tasks:
C2 CompilerThread0    17348 4896       4       java.lang.invoke.MethodType$ConcurrentWeakInternSet::get (54 bytes)
C2 CompilerThread1    17348 4897       4       java.lang.invoke.MethodType::makeImpl (108 bytes)

VM state:at safepoint (normal execution)

VM Mutex/Monitor currently owned by a thread:  ([mutex/lock_event])
[0x0000025df10d0dc0] Threads_lock - owner thread: 0x0000025dfbce7800
[0x0000025df10cf620] Heap_lock - owner thread: 0x0000025dfdeb0000

Heap address: 0x0000000080000000, size: 2048 MB, Compressed Oops mode: 32-bit
Narrow klass base: 0x0000000000000000, Narrow klass shift: 3
Compressed class space size: 1073741824 Address: 0x0000000100000000

Heap:
 garbage-first heap   total 189440K, used 32036K [0x0000000080000000, 0x0000000100000000)
  region size 1024K, 5 young (5120K), 5 survivors (5120K)
 Metaspace       used 48477K, capacity 49780K, committed 49920K, reserved 1093632K
  class space    used 6134K, capacity 6594K, committed 6656K, reserved 1048576K
Heap Regions: E=young(eden), S=young(survivor), O=old, HS=humongous(starts), HC=humongous(continues), CS=collection set, F=free, A=archive, TAMS=top-at-mark-start (previous, next)
|   0|0x0000000080000000, 0x0000000080100000, 0x0000000080100000|100%| O|  |TAMS 0x0000000080100000, 0x0000000080000000| Untracked 
|   1|0x0000000080100000, 0x0000000080200000, 0x0000000080200000|100%| O|  |TAMS 0x0000000080200000, 0x0000000080100000| Untracked 
|   2|0x0000000080200000, 0x0000000080300000, 0x0000000080300000|100%| O|  |TAMS 0x0000000080300000, 0x0000000080200000| Untracked 
|   3|0x0000000080300000, 0x0000000080400000, 0x0000000080400000|100%|HS|  |TAMS 0x0000000080400000, 0x0000000080300000| Complete 
|   4|0x0000000080400000, 0x0000000080500000, 0x0000000080500000|100%|HC|  |TAMS 0x0000000080500000, 0x0000000080400000| Complete 
|   5|0x0000000080500000, 0x0000000080600000, 0x0000000080600000|100%|HC|  |TAMS 0x0000000080600000, 0x0000000080500000| Complete 
|   6|0x0000000080600000, 0x0000000080700000, 0x0000000080700000|100%| O|  |TAMS 0x0000000080700000, 0x0000000080600000| Untracked 
|   7|0x0000000080700000, 0x0000000080800000, 0x0000000080800000|100%| O|  |TAMS 0x0000000080800000, 0x0000000080700000| Untracked 
|   8|0x0000000080800000, 0x0000000080900000, 0x0000000080900000|100%| O|  |TAMS 0x0000000080900000, 0x0000000080800000| Untracked 
|   9|0x0000000080900000, 0x0000000080a00000, 0x0000000080a00000|100%| O|  |TAMS 0x0000000080a00000, 0x0000000080900000| Untracked 
|  10|0x0000000080a00000, 0x0000000080b00000, 0x0000000080b00000|100%| O|  |TAMS 0x0000000080b00000, 0x0000000080a00000| Untracked 
|  11|0x0000000080b00000, 0x0000000080c00000, 0x0000000080c00000|100%| O|  |TAMS 0x0000000080c00000, 0x0000000080b00000| Untracked 
|  12|0x0000000080c00000, 0x0000000080d00000, 0x0000000080d00000|100%| O|  |TAMS 0x0000000080d00000, 0x0000000080c00000| Untracked 
|  13|0x0000000080d00000, 0x0000000080e00000, 0x0000000080e00000|100%| O|  |TAMS 0x0000000080e00000, 0x0000000080d00000| Untracked 
|  14|0x0000000080e00000, 0x0000000080f00000, 0x0000000080f00000|100%| O|  |TAMS 0x0000000080e92000, 0x0000000080e00000| Untracked 
|  15|0x0000000080f00000, 0x0000000081000000, 0x0000000081000000|100%| O|  |TAMS 0x0000000080f00000, 0x0000000080f00000| Untracked 
|  16|0x0000000081000000, 0x0000000081000000, 0x0000000081100000|  0%| F|  |TAMS 0x0000000081000000, 0x0000000081000000| Untracked 
|  17|0x0000000081100000, 0x0000000081100000, 0x0000000081200000|  0%| F|  |TAMS 0x0000000081100000, 0x0000000081100000| Untracked 
|  18|0x0000000081200000, 0x0000000081300000, 0x0000000081300000|100%| O|  |TAMS 0x0000000081200000, 0x0000000081200000| Untracked 
|  19|0x0000000081300000, 0x0000000081400000, 0x0000000081400000|100%| O|  |TAMS 0x0000000081300000, 0x0000000081300000| Untracked 
|  20|0x0000000081400000, 0x0000000081500000, 0x0000000081500000|100%| O|  |TAMS 0x0000000081400000, 0x0000000081400000| Untracked 
|  21|0x0000000081500000, 0x0000000081500000, 0x0000000081600000|  0%| F|  |TAMS 0x0000000081500000, 0x0000000081500000| Untracked 
|  22|0x0000000081600000, 0x0000000081700000, 0x0000000081700000|100%| O|  |TAMS 0x0000000081600000, 0x0000000081600000| Untracked 
|  23|0x0000000081700000, 0x0000000081800000, 0x0000000081800000|100%| O|  |TAMS 0x0000000081700000, 0x0000000081700000| Untracked 
|  24|0x0000000081800000, 0x0000000081900000, 0x0000000081900000|100%| O|  |TAMS 0x0000000081800000, 0x0000000081800000| Untracked 
|  25|0x0000000081900000, 0x0000000081a00000, 0x0000000081a00000|100%| O|  |TAMS 0x0000000081900000, 0x0000000081900000| Untracked 
|  26|0x0000000081a00000, 0x0000000081b00000, 0x0000000081b00000|100%| O|  |TAMS 0x0000000081a00000, 0x0000000081a00000| Untracked 
|  27|0x0000000081b00000, 0x0000000081c00000, 0x0000000081c00000|100%| O|  |TAMS 0x0000000081b00000, 0x0000000081b00000| Untracked 
|  28|0x0000000081c00000, 0x0000000081d00000, 0x0000000081d00000|100%| O|  |TAMS 0x0000000081c00000, 0x0000000081c00000| Untracked 
|  29|0x0000000081d00000, 0x0000000081dd9a00, 0x0000000081e00000| 85%| O|  |TAMS 0x0000000081d00000, 0x0000000081d00000| Untracked 
|  30|0x0000000081e00000, 0x0000000081e00000, 0x0000000081f00000|  0%| F|  |TAMS 0x0000000081e00000, 0x0000000081e00000| Untracked 
|  31|0x0000000081f00000, 0x0000000081f00000, 0x0000000082000000|  0%| F|  |TAMS 0x0000000081f00000, 0x0000000081f00000| Untracked 
|  32|0x0000000082000000, 0x0000000082000000, 0x0000000082100000|  0%| F|  |TAMS 0x0000000082000000, 0x0000000082000000| Untracked 
|  33|0x0000000082100000, 0x0000000082100000, 0x0000000082200000|  0%| F|  |TAMS 0x0000000082100000, 0x0000000082100000| Untracked 
|  34|0x0000000082200000, 0x0000000082200000, 0x0000000082300000|  0%| F|  |TAMS 0x0000000082200000, 0x0000000082200000| Untracked 
|  35|0x0000000082300000, 0x0000000082300000, 0x0000000082400000|  0%| F|  |TAMS 0x0000000082300000, 0x0000000082300000| Untracked 
|  36|0x0000000082400000, 0x0000000082400000, 0x0000000082500000|  0%| F|  |TAMS 0x0000000082400000, 0x0000000082400000| Untracked 
|  37|0x0000000082500000, 0x0000000082500000, 0x0000000082600000|  0%| F|  |TAMS 0x0000000082500000, 0x0000000082500000| Untracked 
|  38|0x0000000082600000, 0x0000000082600000, 0x0000000082700000|  0%| F|  |TAMS 0x0000000082600000, 0x0000000082600000| Untracked 
|  39|0x0000000082700000, 0x0000000082700000, 0x0000000082800000|  0%| F|  |TAMS 0x0000000082700000, 0x0000000082700000| Untracked 
|  40|0x0000000082800000, 0x0000000082800000, 0x0000000082900000|  0%| F|  |TAMS 0x0000000082800000, 0x0000000082800000| Untracked 
|  41|0x0000000082900000, 0x0000000082900000, 0x0000000082a00000|  0%| F|  |TAMS 0x0000000082900000, 0x0000000082900000| Untracked 
|  42|0x0000000082a00000, 0x0000000082a00000, 0x0000000082b00000|  0%| F|  |TAMS 0x0000000082a00000, 0x0000000082a00000| Untracked 
|  43|0x0000000082b00000, 0x0000000082b00000, 0x0000000082c00000|  0%| F|  |TAMS 0x0000000082b00000, 0x0000000082b00000| Untracked 
|  44|0x0000000082c00000, 0x0000000082c00000, 0x0000000082d00000|  0%| F|  |TAMS 0x0000000082c00000, 0x0000000082c00000| Untracked 
|  45|0x0000000082d00000, 0x0000000082d00000, 0x0000000082e00000|  0%| F|  |TAMS 0x0000000082d00000, 0x0000000082d00000| Untracked 
|  46|0x0000000082e00000, 0x0000000082e00000, 0x0000000082f00000|  0%| F|  |TAMS 0x0000000082e00000, 0x0000000082e00000| Untracked 
|  47|0x0000000082f00000, 0x0000000082f00000, 0x0000000083000000|  0%| F|  |TAMS 0x0000000082f00000, 0x0000000082f00000| Untracked 
|  48|0x0000000083000000, 0x0000000083000000, 0x0000000083100000|  0%| F|  |TAMS 0x0000000083000000, 0x0000000083000000| Untracked 
|  49|0x0000000083100000, 0x0000000083100000, 0x0000000083200000|  0%| F|  |TAMS 0x0000000083100000, 0x0000000083100000| Untracked 
|  50|0x0000000083200000, 0x0000000083200000, 0x0000000083300000|  0%| F|  |TAMS 0x0000000083200000, 0x0000000083200000| Untracked 
|  51|0x0000000083300000, 0x0000000083300000, 0x0000000083400000|  0%| F|  |TAMS 0x0000000083300000, 0x0000000083300000| Untracked 
|  52|0x0000000083400000, 0x0000000083400000, 0x0000000083500000|  0%| F|  |TAMS 0x0000000083400000, 0x0000000083400000| Untracked 
|  53|0x0000000083500000, 0x0000000083500000, 0x0000000083600000|  0%| F|  |TAMS 0x0000000083500000, 0x0000000083500000| Untracked 
|  54|0x0000000083600000, 0x0000000083600000, 0x0000000083700000|  0%| F|  |TAMS 0x0000000083600000, 0x0000000083600000| Untracked 
|  55|0x0000000083700000, 0x0000000083700000, 0x0000000083800000|  0%| F|  |TAMS 0x0000000083700000, 0x0000000083700000| Untracked 
|  56|0x0000000083800000, 0x0000000083800000, 0x0000000083900000|  0%| F|  |TAMS 0x0000000083800000, 0x0000000083800000| Untracked 
|  57|0x0000000083900000, 0x0000000083900000, 0x0000000083a00000|  0%| F|  |TAMS 0x0000000083900000, 0x0000000083900000| Untracked 
|  58|0x0000000083a00000, 0x0000000083a00000, 0x0000000083b00000|  0%| F|  |TAMS 0x0000000083a00000, 0x0000000083a00000| Untracked 
|  59|0x0000000083b00000, 0x0000000083b00000, 0x0000000083c00000|  0%| F|  |TAMS 0x0000000083b00000, 0x0000000083b00000| Untracked 
|  60|0x0000000083c00000, 0x0000000083c00000, 0x0000000083d00000|  0%| F|  |TAMS 0x0000000083c00000, 0x0000000083c00000| Untracked 
|  61|0x0000000083d00000, 0x0000000083d00000, 0x0000000083e00000|  0%| F|  |TAMS 0x0000000083d00000, 0x0000000083d00000| Untracked 
|  62|0x0000000083e00000, 0x0000000083e00000, 0x0000000083f00000|  0%| F|  |TAMS 0x0000000083e00000, 0x0000000083e00000| Untracked 
|  63|0x0000000083f00000, 0x0000000083f00000, 0x0000000084000000|  0%| F|  |TAMS 0x0000000083f00000, 0x0000000083f00000| Untracked 
|  64|0x0000000084000000, 0x0000000084000000, 0x0000000084100000|  0%| F|  |TAMS 0x0000000084000000, 0x0000000084000000| Untracked 
|  65|0x0000000084100000, 0x0000000084100000, 0x0000000084200000|  0%| F|  |TAMS 0x0000000084100000, 0x0000000084100000| Untracked 
|  66|0x0000000084200000, 0x0000000084200000, 0x0000000084300000|  0%| F|  |TAMS 0x0000000084200000, 0x0000000084200000| Untracked 
|  67|0x0000000084300000, 0x000000008436f6d0, 0x0000000084400000| 43%| S|CS|TAMS 0x0000000084300000, 0x0000000084300000| Complete 
|  68|0x0000000084400000, 0x0000000084500000, 0x0000000084500000|100%| S|CS|TAMS 0x0000000084400000, 0x0000000084400000| Complete 
|  69|0x0000000084500000, 0x0000000084600000, 0x0000000084600000|100%| S|CS|TAMS 0x0000000084500000, 0x0000000084500000| Complete 
|  70|0x0000000084600000, 0x0000000084700000, 0x0000000084700000|100%| S|CS|TAMS 0x0000000084600000, 0x0000000084600000| Complete 
|  71|0x0000000084700000, 0x0000000084800000, 0x0000000084800000|100%| S|CS|TAMS 0x0000000084700000, 0x0000000084700000| Complete 
|  72|0x0000000084800000, 0x0000000084800000, 0x0000000084900000|  0%| F|  |TAMS 0x0000000084800000, 0x0000000084800000| Untracked 
|  73|0x0000000084900000, 0x0000000084900000, 0x0000000084a00000|  0%| F|  |TAMS 0x0000000084900000, 0x0000000084900000| Untracked 
|  74|0x0000000084a00000, 0x0000000084a00000, 0x0000000084b00000|  0%| F|  |TAMS 0x0000000084a00000, 0x0000000084a00000| Untracked 
|  75|0x0000000084b00000, 0x0000000084b00000, 0x0000000084c00000|  0%| F|  |TAMS 0x0000000084b00000, 0x0000000084b00000| Untracked 
|  76|0x0000000084c00000, 0x0000000084c00000, 0x0000000084d00000|  0%| F|  |TAMS 0x0000000084c00000, 0x0000000084c00000| Untracked 
|  77|0x0000000084d00000, 0x0000000084d00000, 0x0000000084e00000|  0%| F|  |TAMS 0x0000000084d00000, 0x0000000084d00000| Untracked 
|  78|0x0000000084e00000, 0x0000000084e00000, 0x0000000084f00000|  0%| F|  |TAMS 0x0000000084e00000, 0x0000000084e00000| Untracked 
|  79|0x0000000084f00000, 0x0000000084f00000, 0x0000000085000000|  0%| F|  |TAMS 0x0000000084f00000, 0x0000000084f00000| Untracked 
|  80|0x0000000085000000, 0x0000000085000000, 0x0000000085100000|  0%| F|  |TAMS 0x0000000085000000, 0x0000000085000000| Untracked 
|  81|0x0000000085100000, 0x0000000085100000, 0x0000000085200000|  0%| F|  |TAMS 0x0000000085100000, 0x0000000085100000| Untracked 
|  82|0x0000000085200000, 0x0000000085200000, 0x0000000085300000|  0%| F|  |TAMS 0x0000000085200000, 0x0000000085200000| Untracked 
|  83|0x0000000085300000, 0x0000000085300000, 0x0000000085400000|  0%| F|  |TAMS 0x0000000085300000, 0x0000000085300000| Untracked 
|  84|0x0000000085400000, 0x0000000085400000, 0x0000000085500000|  0%| F|  |TAMS 0x0000000085400000, 0x0000000085400000| Untracked 
|  85|0x0000000085500000, 0x0000000085500000, 0x0000000085600000|  0%| F|  |TAMS 0x0000000085500000, 0x0000000085500000| Untracked 
|  86|0x0000000085600000, 0x0000000085600000, 0x0000000085700000|  0%| F|  |TAMS 0x0000000085600000, 0x0000000085600000| Untracked 
|  87|0x0000000085700000, 0x0000000085700000, 0x0000000085800000|  0%| F|  |TAMS 0x0000000085700000, 0x0000000085700000| Untracked 
|  88|0x0000000085800000, 0x0000000085800000, 0x0000000085900000|  0%| F|  |TAMS 0x0000000085800000, 0x0000000085800000| Untracked 
|  89|0x0000000085900000, 0x0000000085900000, 0x0000000085a00000|  0%| F|  |TAMS 0x0000000085900000, 0x0000000085900000| Untracked 
|  90|0x0000000085a00000, 0x0000000085a00000, 0x0000000085b00000|  0%| F|  |TAMS 0x0000000085a00000, 0x0000000085a00000| Untracked 
|  91|0x0000000085b00000, 0x0000000085b00000, 0x0000000085c00000|  0%| F|  |TAMS 0x0000000085b00000, 0x0000000085b00000| Untracked 
|  92|0x0000000085c00000, 0x0000000085c00000, 0x0000000085d00000|  0%| F|  |TAMS 0x0000000085c00000, 0x0000000085c00000| Untracked 
|  93|0x0000000085d00000, 0x0000000085d00000, 0x0000000085e00000|  0%| F|  |TAMS 0x0000000085d00000, 0x0000000085d00000| Untracked 
|  94|0x0000000085e00000, 0x0000000085e00000, 0x0000000085f00000|  0%| F|  |TAMS 0x0000000085e00000, 0x0000000085e00000| Untracked 
|  95|0x0000000085f00000, 0x0000000085f00000, 0x0000000086000000|  0%| F|  |TAMS 0x0000000085f00000, 0x0000000085f00000| Untracked 
|  96|0x0000000086000000, 0x0000000086000000, 0x0000000086100000|  0%| F|  |TAMS 0x0000000086000000, 0x0000000086000000| Untracked 
|  97|0x0000000086100000, 0x0000000086100000, 0x0000000086200000|  0%| F|  |TAMS 0x0000000086100000, 0x0000000086100000| Untracked 
|  98|0x0000000086200000, 0x0000000086200000, 0x0000000086300000|  0%| F|  |TAMS 0x0000000086200000, 0x0000000086200000| Untracked 
|  99|0x0000000086300000, 0x0000000086300000, 0x0000000086400000|  0%| F|  |TAMS 0x0000000086300000, 0x0000000086300000| Untracked 
| 100|0x0000000086400000, 0x0000000086400000, 0x0000000086500000|  0%| F|  |TAMS 0x0000000086400000, 0x0000000086400000| Untracked 
| 101|0x0000000086500000, 0x0000000086500000, 0x0000000086600000|  0%| F|  |TAMS 0x0000000086500000, 0x0000000086500000| Untracked 
| 102|0x0000000086600000, 0x0000000086600000, 0x0000000086700000|  0%| F|  |TAMS 0x0000000086600000, 0x0000000086600000| Untracked 
| 103|0x0000000086700000, 0x0000000086700000, 0x0000000086800000|  0%| F|  |TAMS 0x0000000086700000, 0x0000000086700000| Untracked 
| 104|0x0000000086800000, 0x0000000086800000, 0x0000000086900000|  0%| F|  |TAMS 0x0000000086800000, 0x0000000086800000| Untracked 
| 105|0x0000000086900000, 0x0000000086900000, 0x0000000086a00000|  0%| F|  |TAMS 0x0000000086900000, 0x0000000086900000| Untracked 
| 106|0x0000000086a00000, 0x0000000086a00000, 0x0000000086b00000|  0%| F|  |TAMS 0x0000000086a00000, 0x0000000086a00000| Untracked 
| 107|0x0000000086b00000, 0x0000000086b00000, 0x0000000086c00000|  0%| F|  |TAMS 0x0000000086b00000, 0x0000000086b00000| Untracked 
| 108|0x0000000086c00000, 0x0000000086c00000, 0x0000000086d00000|  0%| F|  |TAMS 0x0000000086c00000, 0x0000000086c00000| Untracked 
| 109|0x0000000086d00000, 0x0000000086d00000, 0x0000000086e00000|  0%| F|  |TAMS 0x0000000086d00000, 0x0000000086d00000| Untracked 
| 110|0x0000000086e00000, 0x0000000086e00000, 0x0000000086f00000|  0%| F|  |TAMS 0x0000000086e00000, 0x0000000086e00000| Untracked 
| 111|0x0000000086f00000, 0x0000000086f00000, 0x0000000087000000|  0%| F|  |TAMS 0x0000000086f00000, 0x0000000086f00000| Untracked 
| 112|0x0000000087000000, 0x0000000087000000, 0x0000000087100000|  0%| F|  |TAMS 0x0000000087000000, 0x0000000087000000| Untracked 
| 113|0x0000000087100000, 0x0000000087100000, 0x0000000087200000|  0%| F|  |TAMS 0x0000000087100000, 0x0000000087100000| Untracked 
| 114|0x0000000087200000, 0x0000000087200000, 0x0000000087300000|  0%| F|  |TAMS 0x0000000087200000, 0x0000000087200000| Untracked 
| 115|0x0000000087300000, 0x0000000087300000, 0x0000000087400000|  0%| F|  |TAMS 0x0000000087300000, 0x0000000087300000| Untracked 
| 116|0x0000000087400000, 0x0000000087400000, 0x0000000087500000|  0%| F|  |TAMS 0x0000000087400000, 0x0000000087400000| Untracked 
| 117|0x0000000087500000, 0x0000000087500000, 0x0000000087600000|  0%| F|  |TAMS 0x0000000087500000, 0x0000000087500000| Untracked 
| 118|0x0000000087600000, 0x0000000087600000, 0x0000000087700000|  0%| F|  |TAMS 0x0000000087600000, 0x0000000087600000| Untracked 
| 119|0x0000000087700000, 0x0000000087700000, 0x0000000087800000|  0%| F|  |TAMS 0x0000000087700000, 0x0000000087700000| Untracked 
| 120|0x0000000087800000, 0x0000000087800000, 0x0000000087900000|  0%| F|  |TAMS 0x0000000087800000, 0x0000000087800000| Untracked 
| 121|0x0000000087900000, 0x0000000087900000, 0x0000000087a00000|  0%| F|  |TAMS 0x0000000087900000, 0x0000000087900000| Untracked 
| 122|0x0000000087a00000, 0x0000000087a00000, 0x0000000087b00000|  0%| F|  |TAMS 0x0000000087a00000, 0x0000000087a00000| Untracked 
| 123|0x0000000087b00000, 0x0000000087b00000, 0x0000000087c00000|  0%| F|  |TAMS 0x0000000087b00000, 0x0000000087b00000| Untracked 
| 124|0x0000000087c00000, 0x0000000087c00000, 0x0000000087d00000|  0%| F|  |TAMS 0x0000000087c00000, 0x0000000087c00000| Untracked 
| 125|0x0000000087d00000, 0x0000000087d00000, 0x0000000087e00000|  0%| F|  |TAMS 0x0000000087d00000, 0x0000000087d00000| Untracked 
| 126|0x0000000087e00000, 0x0000000087e00000, 0x0000000087f00000|  0%| F|  |TAMS 0x0000000087e00000, 0x0000000087e00000| Untracked 
| 127|0x0000000087f00000, 0x0000000087f00000, 0x0000000088000000|  0%| F|  |TAMS 0x0000000087f00000, 0x0000000087f00000| Untracked 
| 128|0x0000000088000000, 0x0000000088000000, 0x0000000088100000|  0%| F|  |TAMS 0x0000000088000000, 0x0000000088000000| Untracked 
| 129|0x0000000088100000, 0x0000000088100000, 0x0000000088200000|  0%| F|  |TAMS 0x0000000088100000, 0x0000000088100000| Untracked 
| 130|0x0000000088200000, 0x0000000088200000, 0x0000000088300000|  0%| F|  |TAMS 0x0000000088200000, 0x0000000088200000| Untracked 
| 131|0x0000000088300000, 0x0000000088300000, 0x0000000088400000|  0%| F|  |TAMS 0x0000000088300000, 0x0000000088300000| Untracked 
| 132|0x0000000088400000, 0x0000000088400000, 0x0000000088500000|  0%| F|  |TAMS 0x0000000088400000, 0x0000000088400000| Untracked 
| 133|0x0000000088500000, 0x0000000088500000, 0x0000000088600000|  0%| F|  |TAMS 0x0000000088500000, 0x0000000088500000| Untracked 
| 134|0x0000000088600000, 0x0000000088600000, 0x0000000088700000|  0%| F|  |TAMS 0x0000000088600000, 0x0000000088600000| Untracked 
| 135|0x0000000088700000, 0x0000000088700000, 0x0000000088800000|  0%| F|  |TAMS 0x0000000088700000, 0x0000000088700000| Untracked 
| 136|0x0000000088800000, 0x0000000088800000, 0x0000000088900000|  0%| F|  |TAMS 0x0000000088800000, 0x0000000088800000| Untracked 
| 137|0x0000000088900000, 0x0000000088900000, 0x0000000088a00000|  0%| F|  |TAMS 0x0000000088900000, 0x0000000088900000| Untracked 
| 138|0x0000000088a00000, 0x0000000088a00000, 0x0000000088b00000|  0%| F|  |TAMS 0x0000000088a00000, 0x0000000088a00000| Untracked 
| 139|0x0000000088b00000, 0x0000000088b00000, 0x0000000088c00000|  0%| F|  |TAMS 0x0000000088b00000, 0x0000000088b00000| Untracked 
| 140|0x0000000088c00000, 0x0000000088c00000, 0x0000000088d00000|  0%| F|  |TAMS 0x0000000088c00000, 0x0000000088c00000| Untracked 
| 141|0x0000000088d00000, 0x0000000088d00000, 0x0000000088e00000|  0%| F|  |TAMS 0x0000000088d00000, 0x0000000088d00000| Untracked 
| 142|0x0000000088e00000, 0x0000000088e00000, 0x0000000088f00000|  0%| F|  |TAMS 0x0000000088e00000, 0x0000000088e00000| Untracked 
| 143|0x0000000088f00000, 0x0000000088f00000, 0x0000000089000000|  0%| F|  |TAMS 0x0000000088f00000, 0x0000000088f00000| Untracked 
| 144|0x0000000089000000, 0x0000000089000000, 0x0000000089100000|  0%| F|  |TAMS 0x0000000089000000, 0x0000000089000000| Untracked 
| 145|0x0000000089100000, 0x0000000089100000, 0x0000000089200000|  0%| F|  |TAMS 0x0000000089100000, 0x0000000089100000| Untracked 
| 146|0x0000000089200000, 0x0000000089200000, 0x0000000089300000|  0%| F|  |TAMS 0x0000000089200000, 0x0000000089200000| Untracked 
| 147|0x0000000089300000, 0x0000000089300000, 0x0000000089400000|  0%| F|  |TAMS 0x0000000089300000, 0x0000000089300000| Untracked 
| 148|0x0000000089400000, 0x0000000089400000, 0x0000000089500000|  0%| F|  |TAMS 0x0000000089400000, 0x0000000089400000| Untracked 
| 149|0x0000000089500000, 0x0000000089500000, 0x0000000089600000|  0%| F|  |TAMS 0x0000000089500000, 0x0000000089500000| Untracked 
| 150|0x0000000089600000, 0x0000000089600000, 0x0000000089700000|  0%| F|  |TAMS 0x0000000089600000, 0x0000000089600000| Untracked 
| 151|0x0000000089700000, 0x0000000089700000, 0x0000000089800000|  0%| F|  |TAMS 0x0000000089700000, 0x0000000089700000| Untracked 
| 152|0x0000000089800000, 0x0000000089800000, 0x0000000089900000|  0%| F|  |TAMS 0x0000000089800000, 0x0000000089800000| Untracked 
| 153|0x0000000089900000, 0x0000000089900000, 0x0000000089a00000|  0%| F|  |TAMS 0x0000000089900000, 0x0000000089900000| Untracked 

Card table byte_map: [0x0000025df5000000,0x0000025df5400000] _byte_map_base: 0x0000025df4c00000

Marking Bits (Prev, Next): (CMBitMap*) 0x0000025df1118768, (CMBitMap*) 0x0000025df11187a0
 Prev Bits: [0x0000025df5800000, 0x0000025df7800000)
 Next Bits: [0x0000025df7800000, 0x0000025df9800000)

Polling page: 0x0000025df08b0000

Metaspace:

Usage:
  Non-class:     42.17 MB capacity,    41.35 MB ( 98%) used,   717.28 KB (  2%) free+waste,   124.94 KB ( <1%) overhead. 
      Class:      6.44 MB capacity,     5.99 MB ( 93%) used,   399.87 KB (  6%) free+waste,    59.94 KB ( <1%) overhead. 
       Both:     48.61 MB capacity,    47.34 MB ( 97%) used,     1.09 MB (  2%) free+waste,   184.88 KB ( <1%) overhead. 

Virtual space:
  Non-class space:       44.00 MB reserved,      42.25 MB ( 96%) committed 
      Class space:        1.00 GB reserved,       6.50 MB ( <1%) committed 
             Both:        1.04 GB reserved,      48.75 MB (  5%) committed 

Chunk freelists:
   Non-Class:  14.00 KB
       Class:  0 bytes
        Both:  14.00 KB

MaxMetaspaceSize: 17179869184.00 GB
CompressedClassSpaceSize: 1.00 GB
Initial GC threshold: 20.80 MB
Current GC threshold: 58.75 MB
CDS: off

CodeHeap 'non-profiled nmethods': size=120064Kb used=3638Kb max_used=3638Kb free=116425Kb
 bounds [0x0000025d87ac0000, 0x0000025d87e50000, 0x0000025d8f000000]
CodeHeap 'profiled nmethods': size=120000Kb used=10734Kb max_used=10734Kb free=109265Kb
 bounds [0x0000025d80590000, 0x0000025d81010000, 0x0000025d87ac0000]
CodeHeap 'non-nmethods': size=5696Kb used=2308Kb max_used=2329Kb free=3387Kb
 bounds [0x0000025d80000000, 0x0000025d80270000, 0x0000025d80590000]
 total_blobs=5589 nmethods=4796 adapters=703
 compilation: enabled
              stopped_count=0, restarted_count=0
 full_count=0

Compilation events (20 events):
Event: 17.197 Thread 0x0000025dfbd13000 4925       3       java.security.SecureClassLoader::getProtectionDomain (38 bytes)
Event: 17.198 Thread 0x0000025dfbd13000 nmethod 4925 0x0000025d81002310 code [0x0000025d81002520, 0x0000025d81002b68]
Event: 17.208 Thread 0x0000025dfbd0a800 nmethod 4899 0x0000025d87e4bc10 code [0x0000025d87e4be40, 0x0000025d87e4cb28]
Event: 17.208 Thread 0x0000025dfbd0a800 4896       4       java.lang.invoke.MethodType$ConcurrentWeakInternSet::get (54 bytes)
Event: 17.211 Thread 0x0000025dfbd13000 4926       3       java.util.regex.Pattern::range (294 bytes)
Event: 17.216 Thread 0x0000025dfbd13000 nmethod 4926 0x0000025d81002d10 code [0x0000025d810031c0, 0x0000025d81005448]
Event: 17.239 Thread 0x0000025dfbd13000 4927       3       java.io.FileDescriptor$1::get (5 bytes)
Event: 17.240 Thread 0x0000025dfbd13000 nmethod 4927 0x0000025d81006010 code [0x0000025d810061c0, 0x0000025d810062b8]
Event: 17.248 Thread 0x0000025dfbd13000 4928       3       java.util.HashMap::afterNodeRemoval (1 bytes)
Event: 17.248 Thread 0x0000025dfbd13000 nmethod 4928 0x0000025d81006390 code [0x0000025d81006540, 0x0000025d81006638]
Event: 17.250 Thread 0x0000025dfbd13000 4929       3       com.android.tools.tracer.agent.objectweb.asm.commons.AdviceAdapter::visitFieldInsn (190 bytes)
Event: 17.253 Thread 0x0000025dfbd13000 nmethod 4929 0x0000025d81006710 code [0x0000025d81006b40, 0x0000025d81008a78]
Event: 17.263 Thread 0x0000025dfbd13000 4930   !   3       org.gradle.internal.serialize.kryo.KryoBackedDecoder::readNullableString (15 bytes)
Event: 17.264 Thread 0x0000025dfbd13000 nmethod 4930 0x0000025d81009410 code [0x0000025d81009620, 0x0000025d81009bc8]
Event: 17.264 Thread 0x0000025dfbd13000 4931       3       com.esotericsoftware.kryo.io.Input::readString (127 bytes)
Event: 17.265 Thread 0x0000025dfbd13000 nmethod 4931 0x0000025d81009e10 code [0x0000025d8100a060, 0x0000025d8100a748]
Event: 17.265 Thread 0x0000025dfbd13000 4932       3       com.esotericsoftware.kryo.io.Input::readUtf8Length (139 bytes)
Event: 17.266 Thread 0x0000025dfbd13000 nmethod 4932 0x0000025d8100aa10 code [0x0000025d8100abe0, 0x0000025d8100aef8]
Event: 17.285 Thread 0x0000025dfbd13000 4933   !   3       java.lang.Class::desiredAssertionStatus (54 bytes)
Event: 17.286 Thread 0x0000025dfbd13000 nmethod 4933 0x0000025d8100b010 code [0x0000025d8100b220, 0x0000025d8100b7d8]

GC Heap History (20 events):
Event: 4.927 GC heap after
{Heap after GC invocations=3 (full 0):
 garbage-first heap   total 131072K, used 15091K [0x0000000080000000, 0x0000000100000000)
  region size 1024K, 10 young (10240K), 10 survivors (10240K)
 Metaspace       used 14560K, capacity 14889K, committed 14976K, reserved 1062912K
  class space    used 1527K, capacity 1651K, committed 1664K, reserved 1048576K
}
Event: 7.178 GC heap before
{Heap before GC invocations=3 (full 0):
 garbage-first heap   total 131072K, used 82675K [0x0000000080000000, 0x0000000100000000)
  region size 1024K, 76 young (77824K), 10 survivors (10240K)
 Metaspace       used 18635K, capacity 19011K, committed 19200K, reserved 1067008K
  class space    used 2101K, capacity 2239K, committed 2304K, reserved 1048576K
}
Event: 7.201 GC heap after
{Heap after GC invocations=4 (full 0):
 garbage-first heap   total 131072K, used 16496K [0x0000000080000000, 0x0000000100000000)
  region size 1024K, 2 young (2048K), 2 survivors (2048K)
 Metaspace       used 18635K, capacity 19011K, committed 19200K, reserved 1067008K
  class space    used 2101K, capacity 2239K, committed 2304K, reserved 1048576K
}
Event: 7.854 GC heap before
{Heap before GC invocations=4 (full 0):
 garbage-first heap   total 131072K, used 58480K [0x0000000080000000, 0x0000000100000000)
  region size 1024K, 44 young (45056K), 2 survivors (2048K)
 Metaspace       used 20782K, capacity 21199K, committed 21248K, reserved 1069056K
  class space    used 2398K, capacity 2544K, committed 2560K, reserved 1048576K
}
Event: 7.861 GC heap after
{Heap after GC invocations=5 (full 0):
 garbage-first heap   total 157696K, used 16968K [0x0000000080000000, 0x0000000100000000)
  region size 1024K, 2 young (2048K), 2 survivors (2048K)
 Metaspace       used 20782K, capacity 21199K, committed 21248K, reserved 1069056K
  class space    used 2398K, capacity 2544K, committed 2560K, reserved 1048576K
}
Event: 9.030 GC heap before
{Heap before GC invocations=6 (full 0):
 garbage-first heap   total 157696K, used 99912K [0x0000000080000000, 0x0000000100000000)
  region size 1024K, 83 young (84992K), 2 survivors (2048K)
 Metaspace       used 24014K, capacity 24507K, committed 24704K, reserved 1071104K
  class space    used 2961K, capacity 3164K, committed 3200K, reserved 1048576K
}
Event: 9.038 GC heap after
{Heap after GC invocations=7 (full 0):
 garbage-first heap   total 157696K, used 17992K [0x0000000080000000, 0x0000000100000000)
  region size 1024K, 3 young (3072K), 3 survivors (3072K)
 Metaspace       used 24014K, capacity 24507K, committed 24704K, reserved 1071104K
  class space    used 2961K, capacity 3164K, committed 3200K, reserved 1048576K
}
Event: 10.548 GC heap before
{Heap before GC invocations=7 (full 0):
 garbage-first heap   total 157696K, used 105032K [0x0000000080000000, 0x0000000100000000)
  region size 1024K, 88 young (90112K), 3 survivors (3072K)
 Metaspace       used 28171K, capacity 28839K, committed 28928K, reserved 1075200K
  class space    used 3591K, capacity 3830K, committed 3840K, reserved 1048576K
}
Event: 10.560 GC heap after
{Heap after GC invocations=8 (full 0):
 garbage-first heap   total 157696K, used 19445K [0x0000000080000000, 0x0000000100000000)
  region size 1024K, 5 young (5120K), 5 survivors (5120K)
 Metaspace       used 28171K, capacity 28839K, committed 28928K, reserved 1075200K
  class space    used 3591K, capacity 3830K, committed 3840K, reserved 1048576K
}
Event: 11.975 GC heap before
{Heap before GC invocations=8 (full 0):
 garbage-first heap   total 157696K, used 108533K [0x0000000080000000, 0x0000000100000000)
  region size 1024K, 92 young (94208K), 5 survivors (5120K)
 Metaspace       used 31901K, capacity 32649K, committed 33024K, reserved 1077248K
  class space    used 4190K, capacity 4484K, committed 4608K, reserved 1048576K
}
Event: 11.987 GC heap after
{Heap after GC invocations=9 (full 0):
 garbage-first heap   total 157696K, used 20604K [0x0000000080000000, 0x0000000100000000)
  region size 1024K, 6 young (6144K), 6 survivors (6144K)
 Metaspace       used 31901K, capacity 32649K, committed 33024K, reserved 1077248K
  class space    used 4190K, capacity 4484K, committed 4608K, reserved 1048576K
}
Event: 12.750 GC heap before
{Heap before GC invocations=9 (full 0):
 garbage-first heap   total 157696K, used 71804K [0x0000000080000000, 0x0000000100000000)
  region size 1024K, 57 young (58368K), 6 survivors (6144K)
 Metaspace       used 34848K, capacity 35686K, committed 35840K, reserved 1081344K
  class space    used 4556K, capacity 4880K, committed 4992K, reserved 1048576K
}
Event: 12.767 GC heap after
{Heap after GC invocations=10 (full 0):
 garbage-first heap   total 157696K, used 22332K [0x0000000080000000, 0x0000000100000000)
  region size 1024K, 8 young (8192K), 8 survivors (8192K)
 Metaspace       used 34848K, capacity 35686K, committed 35840K, reserved 1081344K
  class space    used 4556K, capacity 4880K, committed 4992K, reserved 1048576K
}
Event: 13.934 GC heap before
{Heap before GC invocations=11 (full 0):
 garbage-first heap   total 157696K, used 107324K [0x0000000080000000, 0x0000000100000000)
  region size 1024K, 92 young (94208K), 8 survivors (8192K)
 Metaspace       used 39424K, capacity 40377K, committed 40448K, reserved 1085440K
  class space    used 5012K, capacity 5357K, committed 5376K, reserved 1048576K
}
Event: 13.951 GC heap after
{Heap after GC invocations=12 (full 0):
 garbage-first heap   total 157696K, used 24684K [0x0000000080000000, 0x0000000100000000)
  region size 1024K, 9 young (9216K), 9 survivors (9216K)
 Metaspace       used 39424K, capacity 40377K, committed 40448K, reserved 1085440K
  class space    used 5012K, capacity 5357K, committed 5376K, reserved 1048576K
}
Event: 15.169 GC heap before
{Heap before GC invocations=12 (full 0):
 garbage-first heap   total 157696K, used 118892K [0x0000000080000000, 0x0000000100000000)
  region size 1024K, 92 young (94208K), 9 survivors (9216K)
 Metaspace       used 41936K, capacity 43010K, committed 43136K, reserved 1087488K
  class space    used 5264K, capacity 5656K, committed 5760K, reserved 1048576K
}
Event: 15.191 GC heap after
{Heap after GC invocations=13 (full 0):
 garbage-first heap   total 157696K, used 28087K [0x0000000080000000, 0x0000000100000000)
  region size 1024K, 9 young (9216K), 9 survivors (9216K)
 Metaspace       used 41936K, capacity 43010K, committed 43136K, reserved 1087488K
  class space    used 5264K, capacity 5656K, committed 5760K, reserved 1048576K
}
Event: 16.212 GC heap before
{Heap before GC invocations=13 (full 0):
 garbage-first heap   total 157696K, used 114103K [0x0000000080000000, 0x0000000100000000)
  region size 1024K, 92 young (94208K), 9 survivors (9216K)
 Metaspace       used 45008K, capacity 46227K, committed 46336K, reserved 1089536K
  class space    used 5711K, capacity 6132K, committed 6144K, reserved 1048576K
}
Event: 16.239 GC heap after
{Heap after GC invocations=14 (full 0):
 garbage-first heap   total 157696K, used 34162K [0x0000000080000000, 0x0000000100000000)
  region size 1024K, 10 young (10240K), 10 survivors (10240K)
 Metaspace       used 45008K, capacity 46227K, committed 46336K, reserved 1089536K
  class space    used 5711K, capacity 6132K, committed 6144K, reserved 1048576K
}
Event: 17.287 GC heap before
{Heap before GC invocations=14 (full 0):
 garbage-first heap   total 157696K, used 119154K [0x0000000080000000, 0x0000000100000000)
  region size 1024K, 92 young (94208K), 10 survivors (10240K)
 Metaspace       used 48477K, capacity 49780K, committed 49920K, reserved 1093632K
  class space    used 6134K, capacity 6594K, committed 6656K, reserved 1048576K
}

Deoptimization events (20 events):
Event: 16.754 Thread 0x0000025dfdeb0000 Uncommon trap: trap_request=0xffffff4d fr.pc=0x0000025d87b782e8 relative=0x0000000000000148
Event: 16.754 Thread 0x0000025dfdeb0000 Uncommon trap: reason=unstable_if action=reinterpret pc=0x0000025d87b782e8 method=java.net.URI.match(CJJ)Z @ 45 c2
Event: 16.754 Thread 0x0000025dfdeb0000 DEOPT PACKING pc=0x0000025d87b782e8 sp=0x000000d7f16f84c0
Event: 16.754 Thread 0x0000025dfdeb0000 DEOPT UNPACKING pc=0x0000025d8004a1af sp=0x000000d7f16f83f8 mode 2
Event: 16.758 Thread 0x0000025dfdeb0000 Uncommon trap: trap_request=0xffffff4d fr.pc=0x0000025d87b16f44 relative=0x00000000000000a4
Event: 16.758 Thread 0x0000025dfdeb0000 Uncommon trap: reason=unstable_if action=reinterpret pc=0x0000025d87b16f44 method=java.net.URI.match(CJJ)Z @ 45 c2
Event: 16.758 Thread 0x0000025dfdeb0000 DEOPT PACKING pc=0x0000025d87b16f44 sp=0x000000d7f16f8450
Event: 16.758 Thread 0x0000025dfdeb0000 DEOPT UNPACKING pc=0x0000025d8004a1af sp=0x000000d7f16f8400 mode 2
Event: 16.779 Thread 0x0000025dfcc06000 Uncommon trap: trap_request=0xffffff4d fr.pc=0x0000025d87adde1c relative=0x000000000000055c
Event: 16.779 Thread 0x0000025dfcc06000 Uncommon trap: reason=unstable_if action=reinterpret pc=0x0000025d87adde1c method=java.lang.AbstractStringBuilder.append(Ljava/lang/String;)Ljava/lang/AbstractStringBuilder; @ 1 c2
Event: 16.779 Thread 0x0000025dfcc06000 DEOPT PACKING pc=0x0000025d87adde1c sp=0x000000d7f12fe590
Event: 16.779 Thread 0x0000025dfcc06000 DEOPT UNPACKING pc=0x0000025d8004a1af sp=0x000000d7f12fe520 mode 2
Event: 16.779 Thread 0x0000025dfcc06000 Uncommon trap: trap_request=0xffffff4d fr.pc=0x0000025d87add36c relative=0x000000000000052c
Event: 16.779 Thread 0x0000025dfcc06000 Uncommon trap: reason=unstable_if action=reinterpret pc=0x0000025d87add36c method=java.lang.AbstractStringBuilder.append(Ljava/lang/String;)Ljava/lang/AbstractStringBuilder; @ 1 c2
Event: 16.779 Thread 0x0000025dfcc06000 DEOPT PACKING pc=0x0000025d87add36c sp=0x000000d7f12fe540
Event: 16.779 Thread 0x0000025dfcc06000 DEOPT UNPACKING pc=0x0000025d8004a1af sp=0x000000d7f12fe528 mode 2
Event: 17.233 Thread 0x0000025dfdeb0000 Uncommon trap: trap_request=0xffffff4d fr.pc=0x0000025d87dc8f94 relative=0x00000000000000d4
Event: 17.233 Thread 0x0000025dfdeb0000 Uncommon trap: reason=unstable_if action=reinterpret pc=0x0000025d87dc8f94 method=com.android.tools.tracer.agent.objectweb.asm.commons.AdviceAdapter.visitFieldInsn(ILjava/lang/String;Ljava/lang/String;Ljava/lang/String;)V @ 149 c2
Event: 17.233 Thread 0x0000025dfdeb0000 DEOPT PACKING pc=0x0000025d87dc8f94 sp=0x000000d7f16f3dd0
Event: 17.233 Thread 0x0000025dfdeb0000 DEOPT UNPACKING pc=0x0000025d8004a1af sp=0x000000d7f16f3d98 mode 2

Classes redefined (0 events):
No events

Internal exceptions (20 events):
Event: 15.713 Thread 0x0000025d8f5ef800 Exception <a 'java/lang/NoSuchMethodError'{0x000000008720f928}: <clinit>> (0x000000008720f928) thrown at [src/hotspot/share/prims/jni.cpp, line 1367]
Event: 15.920 Thread 0x0000025dfdeb0000 Implicit null exception at 0x0000025d87b4052f to 0x0000025d87b4059d
Event: 16.398 Thread 0x0000025dfdeb0000 Exception <a 'java/lang/ClassNotFoundException'{0x0000000088d2bf70}: build_9gyu84dc5y2nopeaqa54sh5j2BeanInfo> (0x0000000088d2bf70) thrown at [src/hotspot/share/classfile/systemDictionary.cpp, line 230]
Event: 16.399 Thread 0x0000025dfdeb0000 Exception <a 'java/lang/ClassNotFoundException'{0x0000000088d439f0}: org/gradle/api/internal/project/ProjectScriptBeanInfo> (0x0000000088d439f0) thrown at [src/hotspot/share/classfile/systemDictionary.cpp, line 230]
Event: 16.399 Thread 0x0000025dfdeb0000 Exception <a 'java/lang/ClassNotFoundException'{0x0000000088d5b640}: org/gradle/api/internal/project/ProjectScriptCustomizer> (0x0000000088d5b640) thrown at [src/hotspot/share/classfile/systemDictionary.cpp, line 230]
Event: 16.401 Thread 0x0000025dfdeb0000 Exception <a 'java/lang/ClassNotFoundException'{0x0000000088d77968}: build_9gyu84dc5y2nopeaqa54sh5j2Customizer> (0x0000000088d77968) thrown at [src/hotspot/share/classfile/systemDictionary.cpp, line 230]
Event: 16.422 Thread 0x0000025dfdeb0000 Exception <a 'java/lang/ClassNotFoundException'{0x0000000088c71a70}: org/gradle/api/internal/initialization/DefaultScriptHandlerBeanInfo> (0x0000000088c71a70) thrown at [src/hotspot/share/classfile/systemDictionary.cpp, line 230]
Event: 16.425 Thread 0x0000025dfdeb0000 Exception <a 'java/lang/ClassNotFoundException'{0x0000000088c9cd40}: org/gradle/api/internal/initialization/DefaultScriptHandlerCustomizer> (0x0000000088c9cd40) thrown at [src/hotspot/share/classfile/systemDictionary.cpp, line 230]
Event: 16.643 Thread 0x0000025dfdeb0000 Exception <a 'java/lang/ClassNotFoundException'{0x0000000087d8d0a0}: org/gradle/api/internal/artifacts/dsl/dependencies/DefaultDependencyHandler_DecoratedBeanInfo> (0x0000000087d8d0a0) thrown at [src/hotspot/share/classfile/systemDictionary.cpp, line 230]
Event: 16.646 Thread 0x0000025dfdeb0000 Exception <a 'java/lang/ClassNotFoundException'{0x0000000087dcd328}: org/gradle/api/internal/artifacts/dsl/dependencies/DefaultDependencyHandlerBeanInfo> (0x0000000087dcd328) thrown at [src/hotspot/share/classfile/systemDictionary.cpp, line 230]
Event: 16.647 Thread 0x0000025dfdeb0000 Exception <a 'java/lang/ClassNotFoundException'{0x0000000087c0dc70}: org/gradle/api/internal/artifacts/dsl/dependencies/DefaultDependencyHandlerCustomizer> (0x0000000087c0dc70) thrown at [src/hotspot/share/classfile/systemDictionary.cpp, line 230]
Event: 16.652 Thread 0x0000025dfdeb0000 Exception <a 'java/lang/ClassNotFoundException'{0x0000000087c78b90}: org/gradle/api/internal/artifacts/dsl/dependencies/DefaultDependencyHandler_DecoratedCustomizer> (0x0000000087c78b90) thrown at [src/hotspot/share/classfile/systemDictionary.cpp, line 230]
Event: 16.685 Thread 0x0000025dfdeb0000 Exception <a 'java/lang/ClassNotFoundException'{0x0000000087a26560}: org/gradle/plugin/use/internal/PluginRequestCollector$PluginDependenciesSpecImplBeanInfo> (0x0000000087a26560) thrown at [src/hotspot/share/classfile/systemDictionary.cpp, line 230]
Event: 16.687 Thread 0x0000025dfdeb0000 Exception <a 'java/lang/ClassNotFoundException'{0x0000000087a56870}: org/gradle/plugin/use/internal/PluginRequestCollector$PluginDependenciesSpecImplCustomizer> (0x0000000087a56870) thrown at [src/hotspot/share/classfile/systemDictionary.cpp, line 230]
Event: 16.696 Thread 0x0000025dfdeb0000 Exception <a 'java/lang/ClassNotFoundException'{0x0000000087ad1620}: org/gradle/plugin/use/internal/PluginRequestCollector$PluginDependencySpecImplBeanInfo> (0x0000000087ad1620) thrown at [src/hotspot/share/classfile/systemDictionary.cpp, line 230]
Event: 16.698 Thread 0x0000025dfdeb0000 Exception <a 'java/lang/ClassNotFoundException'{0x0000000087901040}: org/gradle/plugin/use/internal/PluginRequestCollector$PluginDependencySpecImplCustomizer> (0x0000000087901040) thrown at [src/hotspot/share/classfile/systemDictionary.cpp, line 230]
Event: 16.779 Thread 0x0000025dfcc06000 Implicit null exception at 0x0000025d87add8f7 to 0x0000025d87adde04
Event: 16.779 Thread 0x0000025dfcc06000 Implicit null exception at 0x0000025d87adce74 to 0x0000025d87add354
Event: 16.836 Thread 0x0000025dfdeb0000 Exception <a 'java/lang/NoSuchMethodError'{0x0000000086e94d60}: 'java.lang.Object java.lang.invoke.DirectMethodHandle$Holder.invokeStatic(java.lang.Object, int, java.lang.Object)'> (0x0000000086e94d60) thrown at [src/hotspot/share/interpreter/linkResolver.cpp, line 773]
Event: 17.144 Thread 0x0000025dfdeb0000 Exception <a 'java/lang/IncompatibleClassChangeError'{0x000000008523f2f8}: Found class java.lang.Object, but interface was expected> (0x000000008523f2f8) thrown at [src/hotspot/share/interpreter/linkResolver.cpp, line 839]

Events (20 events):
Event: 17.268 loading class org/gradle/internal/component/external/model/ExternalDependencyDescriptor done
Event: 17.269 loading class org/gradle/internal/component/external/model/maven/DefaultMutableMavenModuleResolveMetadata
Event: 17.269 loading class org/gradle/internal/component/external/model/maven/DefaultMutableMavenModuleResolveMetadata done
Event: 17.271 loading class org/gradle/internal/component/external/model/AbstractMutableModuleComponentResolveMetadata
Event: 17.271 loading class org/gradle/internal/component/external/model/AbstractMutableModuleComponentResolveMetadata done
Event: 17.273 loading class org/gradle/internal/component/external/model/MutableComponentVariant
Event: 17.273 loading class org/gradle/internal/component/external/model/MutableComponentVariant done
Event: 17.277 loading class org/gradle/internal/component/external/model/maven/MavenModuleResolveMetadata
Event: 17.277 loading class org/gradle/internal/component/external/model/maven/MavenModuleResolveMetadata done
Event: 17.278 loading class org/gradle/internal/component/external/model/VariantMetadataRules
Event: 17.278 loading class org/gradle/internal/component/external/model/VariantMetadataRules done
Event: 17.280 loading class org/gradle/internal/component/external/model/VariantMetadataRules$ImmutableRules
Event: 17.280 loading class org/gradle/internal/component/external/model/VariantMetadataRules$ImmutableRules done
Event: 17.283 loading class org/gradle/api/capabilities/MutableCapabilitiesMetadata
Event: 17.283 loading class org/gradle/api/capabilities/MutableCapabilitiesMetadata done
Event: 17.283 loading class org/gradle/internal/component/model/MutableModuleSources
Event: 17.283 loading class org/gradle/internal/component/model/MutableModuleSources done
Event: 17.286 loading class org/gradle/api/internal/artifacts/ivyservice/ivyresolve/parser/GradlePomModuleDescriptorBuilder
Event: 17.286 loading class org/gradle/api/internal/artifacts/ivyservice/ivyresolve/parser/GradlePomModuleDescriptorBuilder done
Event: 17.286 Executing VM operation: G1CollectForAllocation


Dynamic libraries:
0x00007ff6fbb50000 - 0x00007ff6fbb5a000 	C:\Program Files\Android\Android Studio\jbr\bin\java.exe
0x00007ffeb5eb0000 - 0x00007ffeb60a8000 	C:\WINDOWS\SYSTEM32\ntdll.dll
0x00007ffeb5240000 - 0x00007ffeb52ff000 	C:\WINDOWS\System32\KERNEL32.DLL
0x00007ffeb3be0000 - 0x00007ffeb3ed6000 	C:\WINDOWS\System32\KERNELBASE.dll
0x00007ffeb3960000 - 0x00007ffeb3a60000 	C:\WINDOWS\System32\ucrtbase.dll
0x00007ffe9bf00000 - 0x00007ffe9bf17000 	C:\Program Files\Android\Android Studio\jbr\bin\jli.dll
0x00007ffeb4b50000 - 0x00007ffeb4ced000 	C:\WINDOWS\System32\USER32.dll
0x00007ffeb3ee0000 - 0x00007ffeb3f02000 	C:\WINDOWS\System32\win32u.dll
0x00007ffeb4b20000 - 0x00007ffeb4b4c000 	C:\WINDOWS\System32\GDI32.dll
0x00007ffeb37a0000 - 0x00007ffeb38b5000 	C:\WINDOWS\System32\gdi32full.dll
0x00007ffeb38c0000 - 0x00007ffeb395d000 	C:\WINDOWS\System32\msvcp_win.dll
0x00007ffe96840000 - 0x00007ffe9685b000 	C:\Program Files\Android\Android Studio\jbr\bin\VCRUNTIME140.dll
0x00007ffe9b930000 - 0x00007ffe9bbca000 	C:\WINDOWS\WinSxS\amd64_microsoft.windows.common-controls_6595b64144ccf1df_6.0.19041.1110_none_60b5254171f9507e\COMCTL32.dll
0x00007ffeb4660000 - 0x00007ffeb46fe000 	C:\WINDOWS\System32\msvcrt.dll
0x00007ffeb5780000 - 0x00007ffeb57b0000 	C:\WINDOWS\System32\IMM32.DLL
0x00007ffea2340000 - 0x00007ffea234c000 	C:\Program Files\Android\Android Studio\jbr\bin\vcruntime140_1.dll
0x00007ffe72fe0000 - 0x00007ffe7306d000 	C:\Program Files\Android\Android Studio\jbr\bin\msvcp140.dll
0x00007ffe69850000 - 0x00007ffe6a40c000 	C:\Program Files\Android\Android Studio\jbr\bin\server\jvm.dll
0x00007ffeb5180000 - 0x00007ffeb522f000 	C:\WINDOWS\System32\ADVAPI32.dll
0x00007ffeb5dd0000 - 0x00007ffeb5e6c000 	C:\WINDOWS\System32\sechost.dll
0x00007ffeb4700000 - 0x00007ffeb4826000 	C:\WINDOWS\System32\RPCRT4.dll
0x00007ffeb5300000 - 0x00007ffeb5308000 	C:\WINDOWS\System32\PSAPI.DLL
0x00007ffeac040000 - 0x00007ffeac049000 	C:\WINDOWS\SYSTEM32\WSOCK32.dll
0x00007ffea3dc0000 - 0x00007ffea3de7000 	C:\WINDOWS\SYSTEM32\WINMM.dll
0x00007ffeb5bd0000 - 0x00007ffeb5c3b000 	C:\WINDOWS\System32\WS2_32.dll
0x00007ffea74c0000 - 0x00007ffea74ca000 	C:\WINDOWS\SYSTEM32\VERSION.dll
0x00007ffeb1dc0000 - 0x00007ffeb1dd2000 	C:\WINDOWS\SYSTEM32\kernel.appcore.dll
0x00007ffeabef0000 - 0x00007ffeabf00000 	C:\Program Files\Android\Android Studio\jbr\bin\verify.dll
0x00007ffea38c0000 - 0x00007ffea3aa4000 	C:\WINDOWS\SYSTEM32\DBGHELP.DLL
0x00007ffea3880000 - 0x00007ffea38b4000 	C:\WINDOWS\SYSTEM32\dbgcore.DLL
0x00007ffeb3b50000 - 0x00007ffeb3bd2000 	C:\WINDOWS\System32\bcryptPrimitives.dll
0x00007ffe9f640000 - 0x00007ffe9f668000 	C:\Program Files\Android\Android Studio\jbr\bin\java.dll
0x00007ffea6170000 - 0x00007ffea617a000 	C:\Program Files\Android\Android Studio\jbr\bin\jimage.dll
0x00007ffe9c420000 - 0x00007ffe9c42e000 	C:\Program Files\Android\Android Studio\jbr\bin\instrument.dll
0x00007ffe982a0000 - 0x00007ffe982b8000 	C:\Program Files\Android\Android Studio\jbr\bin\zip.dll
0x00007ffeb3f10000 - 0x00007ffeb4654000 	C:\WINDOWS\System32\SHELL32.dll
0x00007ffeb0fb0000 - 0x00007ffeb1743000 	C:\WINDOWS\SYSTEM32\windows.storage.dll
0x00007ffeb4d00000 - 0x00007ffeb5054000 	C:\WINDOWS\System32\combase.dll
0x00007ffeb2e20000 - 0x00007ffeb2e4e000 	C:\WINDOWS\SYSTEM32\Wldp.dll
0x00007ffeb5b20000 - 0x00007ffeb5bcd000 	C:\WINDOWS\System32\SHCORE.dll
0x00007ffeb4830000 - 0x00007ffeb4885000 	C:\WINDOWS\System32\shlwapi.dll
0x00007ffeb34d0000 - 0x00007ffeb34ef000 	C:\WINDOWS\SYSTEM32\profapi.dll
0x00007ffe9bef0000 - 0x00007ffe9befa000 	C:\Program Files\Android\Android Studio\jbr\bin\management.dll
0x00007ffe9b420000 - 0x00007ffe9b42b000 	C:\Program Files\Android\Android Studio\jbr\bin\management_ext.dll
0x00007ffe98280000 - 0x00007ffe98299000 	C:\Program Files\Android\Android Studio\jbr\bin\net.dll
0x00007ffea8520000 - 0x00007ffea862a000 	C:\WINDOWS\SYSTEM32\WINHTTP.dll
0x00007ffeb2c00000 - 0x00007ffeb2c6a000 	C:\WINDOWS\system32\mswsock.dll
0x00007ffe98260000 - 0x00007ffe98273000 	C:\Program Files\Android\Android Studio\jbr\bin\nio.dll
0x00007ffea3180000 - 0x00007ffea3197000 	C:\WINDOWS\system32\napinsp.dll
0x00007ffea31a0000 - 0x00007ffea31bb000 	C:\WINDOWS\system32\pnrpnsp.dll
0x00007ffe94150000 - 0x00007ffe94165000 	C:\WINDOWS\system32\wshbth.dll
0x00007ffeae910000 - 0x00007ffeae92d000 	C:\WINDOWS\system32\NLAapi.dll
0x00007ffeb2910000 - 0x00007ffeb294c000 	C:\WINDOWS\SYSTEM32\IPHLPAPI.DLL
0x00007ffeb2950000 - 0x00007ffeb2a1a000 	C:\WINDOWS\SYSTEM32\DNSAPI.dll
0x00007ffeb5230000 - 0x00007ffeb5238000 	C:\WINDOWS\System32\NSI.dll
0x00007ffeab940000 - 0x00007ffeab952000 	C:\WINDOWS\System32\winrnr.dll
0x00007ffea6fc0000 - 0x00007ffea6fca000 	C:\Windows\System32\rasadhlp.dll
0x00007ffea8320000 - 0x00007ffea83a2000 	C:\WINDOWS\System32\fwpuclnt.dll
0x00007ffeb3ab0000 - 0x00007ffeb3ad7000 	C:\WINDOWS\System32\bcrypt.dll
0x00007ffe90eb0000 - 0x00007ffe90ed7000 	C:\Users\shahzaib lptp\AndroidStudioProjects\loginsqlite\native\e1d6ef7f7dcc3fd88c89a11ec53ec762bb8ba0a96d01ffa2cd45eb1d1d8dd5c5\windows-amd64\native-platform.dll
0x00007ffe6b3e0000 - 0x00007ffe6b524000 	C:\Users\shahzaib lptp\AndroidStudioProjects\loginsqlite\native\0d407fdbe67a94daf76414ababcb853783967236a71b16ec16e742cd7a986fd3\windows-amd64\native-platform-file-events.dll
0x00007ffeb3170000 - 0x00007ffeb3188000 	C:\WINDOWS\SYSTEM32\CRYPTSP.dll
0x00007ffeb2540000 - 0x00007ffeb2574000 	C:\WINDOWS\system32\rsaenh.dll
0x00007ffeb3490000 - 0x00007ffeb34be000 	C:\WINDOWS\SYSTEM32\USERENV.dll
0x00007ffeb2d90000 - 0x00007ffeb2d9c000 	C:\WINDOWS\SYSTEM32\CRYPTBASE.dll
0x00007ffea89f0000 - 0x00007ffea8a07000 	C:\WINDOWS\SYSTEM32\dhcpcsvc6.DLL
0x00007ffea8840000 - 0x00007ffea885d000 	C:\WINDOWS\SYSTEM32\dhcpcsvc.DLL

dbghelp: loaded successfully - version: 4.0.5 - missing functions: none
symbol engine: initialized successfully - sym options: 0x614 - pdb path: .;C:\Program Files\Android\Android Studio\jbr\bin;C:\WINDOWS\SYSTEM32;C:\WINDOWS\WinSxS\amd64_microsoft.windows.common-controls_6595b64144ccf1df_6.0.19041.1110_none_60b5254171f9507e;C:\Program Files\Android\Android Studio\jbr\bin\server;C:\Users\shahzaib lptp\AndroidStudioProjects\loginsqlite\native\e1d6ef7f7dcc3fd88c89a11ec53ec762bb8ba0a96d01ffa2cd45eb1d1d8dd5c5\windows-amd64;C:\Users\shahzaib lptp\AndroidStudioProjects\loginsqlite\native\0d407fdbe67a94daf76414ababcb853783967236a71b16ec16e742cd7a986fd3\windows-amd64

VM Arguments:
jvm_args: -javaagent:C:\Program Files\Android\Android Studio\plugins\android\resources\trace_agent.jar=C:\Users\SHAHZA~1\AppData\Local\Temp\sync.trace.profile --add-opens=java.base/java.util=ALL-UNNAMED --add-opens=java.base/java.lang=ALL-UNNAMED --add-opens=java.base/java.lang.invoke=ALL-UNNAMED --add-opens=java.base/java.util=ALL-UNNAMED --add-opens=java.prefs/java.util.prefs=ALL-UNNAMED --add-opens=java.prefs/java.util.prefs=ALL-UNNAMED --add-opens=java.base/java.nio.charset=ALL-UNNAMED --add-opens=java.base/java.net=ALL-UNNAMED --add-opens=java.base/java.util.concurrent.atomic=ALL-UNNAMED -Xmx2048m -Dfile.encoding=UTF-8 -Duser.country=US -Duser.language=en -Duser.variant 
java_command: org.gradle.launcher.daemon.bootstrap.GradleDaemon 7.5
java_class_path (initial): C:\Users\shahzaib lptp\AndroidStudioProjects\loginsqlite\wrapper\dists\gradle-7.5-bin\f1w0cc9nuo0eivz97x2xlu9sv\gradle-7.5\lib\gradle-launcher-7.5.jar
Launcher Type: SUN_STANDARD

[Global flags]
     intx CICompilerCount                          = 3                                         {product} {ergonomic}
     uint ConcGCThreads                            = 1                                         {product} {ergonomic}
     uint G1ConcRefinementThreads                  = 4                                         {product} {ergonomic}
   size_t G1HeapRegionSize                         = 1048576                                   {product} {ergonomic}
    uintx GCDrainStackTargetSize                   = 64                                        {product} {ergonomic}
   size_t InitialHeapSize                          = 134217728                                 {product} {ergonomic}
   size_t MarkStackSize                            = 4194304                                   {product} {ergonomic}
   size_t MaxHeapSize                              = 2147483648                                {product} {command line}
   size_t MaxNewSize                               = 1287651328                                {product} {ergonomic}
   size_t MinHeapDeltaBytes                        = 1048576                                   {product} {ergonomic}
    uintx NonNMethodCodeHeapSize                   = 5830732                                {pd product} {ergonomic}
    uintx NonProfiledCodeHeapSize                  = 122913754                              {pd product} {ergonomic}
    uintx ProfiledCodeHeapSize                     = 122913754                              {pd product} {ergonomic}
    uintx ReservedCodeCacheSize                    = 251658240                              {pd product} {ergonomic}
     bool SegmentedCodeCache                       = true                                      {product} {ergonomic}
     bool UseCompressedClassPointers               = true                                 {lp64_product} {ergonomic}
     bool UseCompressedOops                        = true                                 {lp64_product} {ergonomic}
     bool UseG1GC                                  = true                                      {product} {ergonomic}
     bool UseLargePagesIndividualAllocation        = false                                  {pd product} {ergonomic}

Logging:
Log output configuration:
 #0: stdout all=warning uptime,level,tags
 #1: stderr all=off uptime,level,tags

Environment Variables:
PATH=C:\Program Files\Python310\Scripts\;C:\Program Files\Python310\;C:\Program Files\Common Files\Oracle\Java\javapath;C:\app\bin;C:\app\shahzaiblptp\product\11.2.0\dbhome_1\bin;C:\WINDOWS\system32;C:\WINDOWS;C:\WINDOWS\System32\Wbem;C:\WINDOWS\System32\WindowsPowerShell\v1.0\;c:\Program Files (x86)\Microsoft SQL Server\100\Tools\Binn\;c:\Program Files\Microsoft SQL Server\100\Tools\Binn\;c:\Program Files\Microsoft SQL Server\100\DTS\Binn\;C:\WINDOWS\System32\OpenSSH\;C:\ProgramData\chocolatey\bin;%JAVA_HOME%\bin;C:\Program Files\Git\cmd;C:\WINDOWS\System32;C:\Users\shahzaib lptp\AppData\Local\Microsoft\WindowsApps;C:\Program Files\JetBrains\IntelliJ IDEA Community Edition 2021.3\bin;;C:\Program Files\Python310\PyCharm Community Edition 2022.1\bin;;C:\Users\shahzaib lptp\AppData\Local\Programs\Microsoft VS Code\bin;C:\Program Files\flutter\bin;C:\src\flutter\bin;C:\Program Files\Android\Android Studio\bin;
USERNAME=shahzaib lptp
OS=Windows_NT
PROCESSOR_IDENTIFIER=Intel64 Family 6 Model 69 Stepping 1, GenuineIntel



---------------  S Y S T E M  ---------------

OS: Windows 10 , 64 bit Build 19041 (10.0.19041.3031)
OS uptime: 0 days 22:11 hours
Hyper-V role detected

CPU:total 4 (initial active 4) (2 cores per cpu, 2 threads per core) family 6 model 69 stepping 1 microcode 0x26, cmov, cx8, fxsr, mmx, sse, sse2, sse3, ssse3, sse4.1, sse4.2, popcnt, avx, avx2, aes, clmul, erms, lzcnt, ht, tsc, tscinvbit, bmi1, bmi2, fma

Memory: 4k page, system-wide physical 8073M (512M free)
TotalPageFile size 10073M (AvailPageFile size 26M)
current process WorkingSet (physical memory assigned to process): 312M, peak: 314M
current process commit charge ("private bytes"): 352M, peak: 383M

vm_info: OpenJDK 64-Bit Server VM (11.0.15+0-b2043.56-9505619) for windows-amd64 JRE (11.0.15+0-b2043.56-9505619), built on Jan 19 2023 02:48:00 by "builduser" with unknown MS VC++:1929

END.
