#
# There is insufficient memory for the Java Runtime Environment to continue.
# Native memory allocation (mmap) failed to map 47185920 bytes for Failed to commit area from 0x000000008de00000 to 0x0000000090b00000 of length 47185920.
# Possible reasons:
#   The system is out of physical RAM or swap space
#   The process is running with CompressedOops enabled, and the Java Heap may be blocking the growth of the native heap
# Possible solutions:
#   Reduce memory load on the system
#   Increase physical memory or swap space
#   Check if swap backing store is full
#   Decrease Java heap size (-Xmx/-Xms)
#   Decrease number of Java threads
#   Decrease Java thread stack sizes (-Xss)
#   Set larger code cache with -XX:ReservedCodeCacheSize=
#   JVM is running with Unscaled Compressed Oops mode in which the Java heap is
#     placed in the first 4GB address space. The Java Heap base address is the
#     maximum limit for the native heap growth. Please use -XX:HeapBaseMinAddress
#     to set the Java Heap base and to place the Java Heap above 4GB virtual address.
# This output file may be truncated or incomplete.
#
#  Out of Memory Error (src/hotspot/os/windows/os_windows.cpp:3627), pid=12316, tid=3244
#
# JRE version: OpenJDK Runtime Environment (11.0.15) (build 11.0.15+0-b2043.56-9505619)
# Java VM: OpenJDK 64-Bit Server VM (11.0.15+0-b2043.56-9505619, mixed mode, tiered, compressed oops, g1 gc, windows-amd64)
# No core dump will be written. Minidumps are not enabled by default on client versions of Windows
#

---------------  S U M M A R Y ------------

Command Line: --add-opens=java.base/java.util.concurrent.atomic=ALL-UNNAMED -javaagent:C:\Program Files\Android\Android Studio\plugins\android\resources\trace_agent.jar=C:\Users\SHAHZA~1\AppData\Local\Temp\sync.trace.profile --add-opens=java.base/java.util=ALL-UNNAMED --add-opens=java.base/java.lang=ALL-UNNAMED --add-opens=java.base/java.lang.invoke=ALL-UNNAMED --add-opens=java.prefs/java.util.prefs=ALL-UNNAMED --add-opens=java.base/java.nio.charset=ALL-UNNAMED --add-opens=java.base/java.net=ALL-UNNAMED --add-opens=java.base/java.util.concurrent.atomic=ALL-UNNAMED -Xmx2048m -Dfile.encoding=UTF-8 -Duser.country=US -Duser.language=en -Duser.variant -javaagent:C:\Users\shahzaib lptp\AndroidStudioProjects\loginsqlite\wrapper\dists\gradle-8.3-rc-1-bin\3lbs5z64xhcdp1uarsx2vp16o\gradle-8.3-rc-1\lib\agents\gradle-instrumentation-agent-8.3.jar org.gradle.launcher.daemon.bootstrap.GradleDaemon 8.3-rc-1

Host: Intel(R) Core(TM) i5-4310U CPU @ 2.00GHz, 4 cores, 7G,  Windows 10 , 64 bit Build 19041 (10.0.19041.3031)
Time: Fri Jul 28 00:57:41 2023 Pakistan Standard Time elapsed time: 45.527393 seconds (0d 0h 0m 45s)

---------------  T H R E A D  ---------------

Current thread (0x000002d45663a800):  VMThread "VM Thread" [stack: 0x000000ea39800000,0x000000ea39900000] [id=3244]

Stack: [0x000000ea39800000,0x000000ea39900000]
[error occurred during error reporting (printing stack bounds), id 0xc0000005, EXCEPTION_ACCESS_VIOLATION (0xc0000005) at pc=0x000002d43fdd112d]

Native frames: (J=compiled Java code, j=interpreted, Vv=VM code, C=native code)
V  [jvm.dll+0x64135a]
V  [jvm.dll+0x7d39f9]
V  [jvm.dll+0x7d51b9]
V  [jvm.dll+0x7d5805]
V  [jvm.dll+0x7d57bb]
V  [jvm.dll+0x640655]
V  [jvm.dll+0x640d68]
C  [ntdll.dll+0xa247f]
C  [ntdll.dll+0x514f4]
C  [ntdll.dll+0xa0f8e]
C  0x000002d43fdd112d

VM_Operation (0x000000ea3b3fd8b0): G1CollectForAllocation, mode: safepoint, requested by thread 0x000002d45b9cf800


---------------  P R O C E S S  ---------------

Threads class SMR info:
_java_thread_list=0x000002d45d8efdd0, length=53, elements={
0x000002d43aad6000, 0x000002d45663c000, 0x000002d456645800, 0x000002d456657800,
0x000002d456659800, 0x000002d45665b000, 0x000002d45665f000, 0x000002d456660800,
0x000002d456665000, 0x000002d45709d800, 0x000002d459c05000, 0x000002d458675800,
0x000002d45b6ed800, 0x000002d45aaa3000, 0x000002d45affa800, 0x000002d459b86800,
0x000002d45acad000, 0x000002d4598e2000, 0x000002d459a87000, 0x000002d457550800,
0x000002d45b9d0000, 0x000002d45b9ce800, 0x000002d45b9cf800, 0x000002d45b9cd800,
0x000002d45b9cb000, 0x000002d45b9ca800, 0x000002d45b9d1000, 0x000002d45b9cc000,
0x000002d45c51f800, 0x000002d45c51e000, 0x000002d45c51a000, 0x000002d45c520800,
0x000002d45c51b000, 0x000002d45c523000, 0x000002d45c51d800, 0x000002d45c524000,
0x000002d45c528000, 0x000002d45c526800, 0x000002d45c528800, 0x000002d45c524800,
0x000002d45c525800, 0x000002d45c527000, 0x000002d458b2d800, 0x000002d45e3a4000,
0x000002d45e39e800, 0x000002d45e3a5000, 0x000002d45e3a3000, 0x000002d45e3a0800,
0x000002d45e3a2800, 0x000002d45e39f000, 0x000002d45e3a9000, 0x000002d45e3a7800,
0x000002d45e3a8000
}

Java Threads: ( => current thread )
  0x000002d43aad6000 JavaThread "main" [_thread_blocked, id=11444, stack(0x000000ea39200000,0x000000ea39300000)]
  0x000002d45663c000 JavaThread "Reference Handler" daemon [_thread_blocked, id=3784, stack(0x000000ea39900000,0x000000ea39a00000)]
  0x000002d456645800 JavaThread "Finalizer" daemon [_thread_blocked, id=7520, stack(0x000000ea39a00000,0x000000ea39b00000)]
  0x000002d456657800 JavaThread "Signal Dispatcher" daemon [_thread_blocked, id=11860, stack(0x000000ea39b00000,0x000000ea39c00000)]
  0x000002d456659800 JavaThread "Attach Listener" daemon [_thread_blocked, id=7396, stack(0x000000ea39c00000,0x000000ea39d00000)]
  0x000002d45665b000 JavaThread "Service Thread" daemon [_thread_blocked, id=7904, stack(0x000000ea39d00000,0x000000ea39e00000)]
  0x000002d45665f000 JavaThread "C2 CompilerThread0" daemon [_thread_in_native, id=3188, stack(0x000000ea39e00000,0x000000ea39f00000)]
  0x000002d456660800 JavaThread "C1 CompilerThread0" daemon [_thread_blocked, id=4408, stack(0x000000ea39f00000,0x000000ea3a000000)]
  0x000002d456665000 JavaThread "Sweeper thread" daemon [_thread_blocked, id=14064, stack(0x000000ea3a000000,0x000000ea3a100000)]
  0x000002d45709d800 JavaThread "Common-Cleaner" daemon [_thread_blocked, id=5076, stack(0x000000ea3a100000,0x000000ea3a200000)]
  0x000002d459c05000 JavaThread "Daemon health stats" [_thread_blocked, id=11716, stack(0x000000ea3a600000,0x000000ea3a700000)]
  0x000002d458675800 JavaThread "Incoming local TCP Connector on port 57487" [_thread_in_native, id=11828, stack(0x000000ea3a700000,0x000000ea3a800000)]
  0x000002d45b6ed800 JavaThread "Daemon periodic checks" [_thread_blocked, id=1604, stack(0x000000ea3a800000,0x000000ea3a900000)]
  0x000002d45aaa3000 JavaThread "Daemon" [_thread_blocked, id=4560, stack(0x000000ea3a900000,0x000000ea3aa00000)]
  0x000002d45affa800 JavaThread "Handler for socket connection from /127.0.0.1:57487 to /127.0.0.1:57488" [_thread_in_native, id=2800, stack(0x000000ea3aa00000,0x000000ea3ab00000)]
  0x000002d459b86800 JavaThread "Cancel handler" [_thread_blocked, id=236, stack(0x000000ea3ab00000,0x000000ea3ac00000)]
  0x000002d45acad000 JavaThread "Daemon worker" [_thread_blocked, id=13776, stack(0x000000ea3ad00000,0x000000ea3ae00000)]
  0x000002d4598e2000 JavaThread "Asynchronous log dispatcher for DefaultDaemonConnection: socket connection from /127.0.0.1:57487 to /127.0.0.1:57488" [_thread_blocked, id=13048, stack(0x000000ea3ae00000,0x000000ea3af00000)]
  0x000002d459a87000 JavaThread "Stdin handler" [_thread_blocked, id=8000, stack(0x000000ea3af00000,0x000000ea3b000000)]
  0x000002d457550800 JavaThread "Daemon client event forwarder" [_thread_blocked, id=8972, stack(0x000000ea3b000000,0x000000ea3b100000)]
  0x000002d45b9d0000 JavaThread "Cache worker for journal cache (C:\Users\shahzaib lptp\AndroidStudioProjects\loginsqlite\caches\journal-1)" [_thread_blocked, id=7348, stack(0x000000ea3b100000,0x000000ea3b200000)]
  0x000002d45b9ce800 JavaThread "File lock request listener" [_thread_in_native, id=7476, stack(0x000000ea3b200000,0x000000ea3b300000)]
  0x000002d45b9cf800 JavaThread "Cache worker for file hash cache (C:\Users\shahzaib lptp\AndroidStudioProjects\loginsqlite\caches\8.3-rc-1\fileHashes)" [_thread_blocked, id=9552, stack(0x000000ea3b300000,0x000000ea3b400000)]
  0x000002d45b9cd800 JavaThread "File watcher server" daemon [_thread_blocked, id=12296, stack(0x000000ea3b400000,0x000000ea3b500000)]
  0x000002d45b9cb000 JavaThread "File watcher consumer" daemon [_thread_blocked, id=13892, stack(0x000000ea3b500000,0x000000ea3b600000)]
  0x000002d45b9ca800 JavaThread "Cache worker for checksums cache (C:\Users\shahzaib lptp\AndroidStudioProjects\EyeonwaterApp\.gradle\8.3-rc-1\checksums)" [_thread_blocked, id=7172, stack(0x000000ea3b600000,0x000000ea3b700000)]
  0x000002d45b9d1000 JavaThread "Cache worker for file hash cache (C:\Users\shahzaib lptp\AndroidStudioProjects\EyeonwaterApp\.gradle\8.3-rc-1\fileHashes)" [_thread_blocked, id=9436, stack(0x000000ea3b700000,0x000000ea3b800000)]
  0x000002d45b9cc000 JavaThread "Cache worker for cache directory md-supplier (C:\Users\shahzaib lptp\AndroidStudioProjects\loginsqlite\caches\8.3-rc-1\md-supplier)" [_thread_blocked, id=6892, stack(0x000000ea3b800000,0x000000ea3b900000)]
  0x000002d45c51f800 JavaThread "Cache worker for file content cache (C:\Users\shahzaib lptp\AndroidStudioProjects\loginsqlite\caches\8.3-rc-1\fileContent)" [_thread_blocked, id=9192, stack(0x000000ea3b900000,0x000000ea3ba00000)]
  0x000002d45c51e000 JavaThread "Cache worker for cache directory md-rule (C:\Users\shahzaib lptp\AndroidStudioProjects\loginsqlite\caches\8.3-rc-1\md-rule)" [_thread_blocked, id=12228, stack(0x000000ea3ba00000,0x000000ea3bb00000)]
  0x000002d45c51a000 JavaThread "Cache worker for execution history cache (C:\Users\shahzaib lptp\AndroidStudioProjects\loginsqlite\caches\8.3-rc-1\executionHistory)" [_thread_blocked, id=3752, stack(0x000000ea3bb00000,0x000000ea3bc00000)]
  0x000002d45c520800 JavaThread "jar transforms" [_thread_blocked, id=14224, stack(0x000000ea3bc00000,0x000000ea3bd00000)]
  0x000002d45c51b000 JavaThread "jar transforms Thread 2" [_thread_blocked, id=13676, stack(0x000000ea3bd00000,0x000000ea3be00000)]
  0x000002d45c523000 JavaThread "jar transforms Thread 3" [_thread_blocked, id=4940, stack(0x000000ea3be00000,0x000000ea3bf00000)]
  0x000002d45c51d800 JavaThread "jar transforms Thread 4" [_thread_blocked, id=3212, stack(0x000000ea3bf00000,0x000000ea3c000000)]
  0x000002d45c524000 JavaThread "Cache worker for dependencies-accessors (C:\Users\shahzaib lptp\AndroidStudioProjects\EyeonwaterApp\.gradle\8.3-rc-1\dependencies-accessors)" [_thread_blocked, id=12736, stack(0x000000ea3c000000,0x000000ea3c100000)]
  0x000002d45c528000 JavaThread "Cache worker for Build Output Cleanup Cache (C:\Users\shahzaib lptp\AndroidStudioProjects\EyeonwaterApp\.gradle\buildOutputCleanup)" [_thread_blocked, id=5368, stack(0x000000ea3c100000,0x000000ea3c200000)]
  0x000002d45c526800 JavaThread "Unconstrained build operations" [_thread_blocked, id=8064, stack(0x000000ea3c200000,0x000000ea3c300000)]
  0x000002d45c528800 JavaThread "Unconstrained build operations Thread 2" [_thread_blocked, id=13256, stack(0x000000ea3c300000,0x000000ea3c400000)]
  0x000002d45c524800 JavaThread "Unconstrained build operations Thread 3" [_thread_blocked, id=3340, stack(0x000000ea3c400000,0x000000ea3c500000)]
  0x000002d45c525800 JavaThread "build event listener" [_thread_blocked, id=2360, stack(0x000000ea3a200000,0x000000ea3a300000)]
  0x000002d45c527000 JavaThread "Memory manager" [_thread_blocked, id=8400, stack(0x000000ea3c600000,0x000000ea3c700000)]
  0x000002d458b2d800 JavaThread "C2 CompilerThread1" daemon [_thread_blocked, id=10320, stack(0x000000ea3c500000,0x000000ea3c600000)]
  0x000002d45e3a4000 JavaThread "pool-3-thread-1" [_thread_blocked, id=4004, stack(0x000000ea3c900000,0x000000ea3ca00000)]
  0x000002d45e39e800 JavaThread "build event listener" [_thread_blocked, id=14328, stack(0x000000ea3ca00000,0x000000ea3cb00000)]
  0x000002d45e3a5000 JavaThread "included builds" [_thread_blocked, id=5400, stack(0x000000ea3cb00000,0x000000ea3cc00000)]
  0x000002d45e3a3000 JavaThread "Execution worker" [_thread_blocked, id=13816, stack(0x000000ea3cc00000,0x000000ea3cd00000)]
  0x000002d45e3a0800 JavaThread "Execution worker Thread 2" [_thread_blocked, id=1496, stack(0x000000ea3cd00000,0x000000ea3ce00000)]
  0x000002d45e3a2800 JavaThread "Execution worker Thread 3" [_thread_blocked, id=4112, stack(0x000000ea3ce00000,0x000000ea3cf00000)]
  0x000002d45e39f000 JavaThread "Cache worker for execution history cache (C:\Users\shahzaib lptp\AndroidStudioProjects\EyeonwaterApp\.gradle\8.3-rc-1\executionHistory)" [_thread_blocked, id=12060, stack(0x000000ea3cf00000,0x000000ea3d000000)]
  0x000002d45e3a9000 JavaThread "Unconstrained build operations Thread 4" [_thread_blocked, id=124, stack(0x000000ea3d000000,0x000000ea3d100000)]
  0x000002d45e3a7800 JavaThread "Unconstrained build operations Thread 5" [_thread_blocked, id=5152, stack(0x000000ea3d100000,0x000000ea3d200000)]
  0x000002d45e3a8000 JavaThread "Unconstrained build operations Thread 6" [_thread_blocked, id=4036, stack(0x000000ea3d200000,0x000000ea3d300000)]

Other Threads:
=>0x000002d45663a800 VMThread "VM Thread" [stack: 0x000000ea39800000,0x000000ea39900000] [id=3244]
  0x000002d45815b800 WatcherThread [stack: 0x000000ea3a300000,0x000000ea3a400000] [id=11344]
  0x000002d43aaee800 GCTaskThread "GC Thread#0" [stack: 0x000000ea39300000,0x000000ea39400000] [id=13952]
  0x000002d4580e4800 GCTaskThread "GC Thread#1" [stack: 0x000000ea3a400000,0x000000ea3a500000] [id=5600]
  0x000002d457b57800 GCTaskThread "GC Thread#2" [stack: 0x000000ea3a500000,0x000000ea3a600000] [id=5472]
  0x000002d457eb2000 GCTaskThread "GC Thread#3" [stack: 0x000000ea3ac00000,0x000000ea3ad00000] [id=4764]
  0x000002d43ab20000 ConcurrentGCThread "G1 Main Marker" [stack: 0x000000ea39400000,0x000000ea39500000] [id=1316]
  0x000002d43ab21800 ConcurrentGCThread "G1 Conc#0" [stack: 0x000000ea39500000,0x000000ea39600000] [id=5208]
  0x000002d43aba1800 ConcurrentGCThread "G1 Refine#0" [stack: 0x000000ea39600000,0x000000ea39700000] [id=5424]
  0x000002d456490800 ConcurrentGCThread "G1 Young RemSet Sampling" [stack: 0x000000ea39700000,0x000000ea39800000] [id=9532]

Threads with active compile tasks:
C2 CompilerThread0    45566 11097       4       java.lang.invoke.MethodType::makeImpl (108 bytes)
C2 CompilerThread1    45566 11351       4       org.gradle.cache.internal.btree.CachingBlockStore::read (56 bytes)

VM state:at safepoint (normal execution)

VM Mutex/Monitor currently owned by a thread:  ([mutex/lock_event])
[0x000002d43aad1a10] Threads_lock - owner thread: 0x000002d45663a800
[0x000002d43aad1e00] Heap_lock - owner thread: 0x000002d45b9cf800

Heap address: 0x0000000080000000, size: 2048 MB, Compressed Oops mode: 32-bit
Narrow klass base: 0x0000000000000000, Narrow klass shift: 3
Compressed class space size: 1073741824 Address: 0x0000000100000000

Heap:
 garbage-first heap   total 273408K, used 93412K [0x0000000080000000, 0x0000000100000000)
  region size 1024K, 7 young (7168K), 7 survivors (7168K)
 Metaspace       used 91559K, capacity 94558K, committed 94796K, reserved 1130496K
  class space    used 11926K, capacity 13050K, committed 13132K, reserved 1048576K
Heap Regions: E=young(eden), S=young(survivor), O=old, HS=humongous(starts), HC=humongous(continues), CS=collection set, F=free, A=archive, TAMS=top-at-mark-start (previous, next)
|   0|0x0000000080000000, 0x0000000080100000, 0x0000000080100000|100%|HS|  |TAMS 0x0000000080100000, 0x0000000080000000| Complete 
|   1|0x0000000080100000, 0x0000000080200000, 0x0000000080200000|100%|HC|  |TAMS 0x0000000080200000, 0x0000000080100000| Complete 
|   2|0x0000000080200000, 0x0000000080300000, 0x0000000080300000|100%|HC|  |TAMS 0x0000000080300000, 0x0000000080200000| Complete 
|   3|0x0000000080300000, 0x0000000080400000, 0x0000000080400000|100%|HC|  |TAMS 0x0000000080400000, 0x0000000080300000| Complete 
|   4|0x0000000080400000, 0x0000000080500000, 0x0000000080500000|100%| O|  |TAMS 0x0000000080500000, 0x0000000080400000| Untracked 
|   5|0x0000000080500000, 0x0000000080600000, 0x0000000080600000|100%| O|  |TAMS 0x0000000080600000, 0x0000000080500000| Untracked 
|   6|0x0000000080600000, 0x0000000080700000, 0x0000000080700000|100%| O|  |TAMS 0x0000000080700000, 0x0000000080600000| Untracked 
|   7|0x0000000080700000, 0x0000000080800000, 0x0000000080800000|100%| O|  |TAMS 0x0000000080800000, 0x0000000080700000| Untracked 
|   8|0x0000000080800000, 0x0000000080900000, 0x0000000080900000|100%| O|  |TAMS 0x0000000080900000, 0x0000000080800000| Untracked 
|   9|0x0000000080900000, 0x0000000080a00000, 0x0000000080a00000|100%| O|  |TAMS 0x0000000080a00000, 0x0000000080900000| Untracked 
|  10|0x0000000080a00000, 0x0000000080b00000, 0x0000000080b00000|100%| O|  |TAMS 0x0000000080b00000, 0x0000000080a00000| Untracked 
|  11|0x0000000080b00000, 0x0000000080c00000, 0x0000000080c00000|100%| O|  |TAMS 0x0000000080c00000, 0x0000000080b00000| Untracked 
|  12|0x0000000080c00000, 0x0000000080d00000, 0x0000000080d00000|100%| O|  |TAMS 0x0000000080d00000, 0x0000000080c00000| Untracked 
|  13|0x0000000080d00000, 0x0000000080e00000, 0x0000000080e00000|100%| O|  |TAMS 0x0000000080e00000, 0x0000000080d00000| Untracked 
|  14|0x0000000080e00000, 0x0000000080f00000, 0x0000000080f00000|100%| O|  |TAMS 0x0000000080f00000, 0x0000000080e00000| Untracked 
|  15|0x0000000080f00000, 0x0000000081000000, 0x0000000081000000|100%| O|  |TAMS 0x0000000081000000, 0x0000000080f00000| Untracked 
|  16|0x0000000081000000, 0x0000000081100000, 0x0000000081100000|100%| O|  |TAMS 0x0000000081100000, 0x0000000081000000| Untracked 
|  17|0x0000000081100000, 0x0000000081200000, 0x0000000081200000|100%| O|  |TAMS 0x0000000081200000, 0x0000000081100000| Untracked 
|  18|0x0000000081200000, 0x0000000081300000, 0x0000000081300000|100%| O|  |TAMS 0x0000000081300000, 0x0000000081200000| Untracked 
|  19|0x0000000081300000, 0x0000000081400000, 0x0000000081400000|100%| O|  |TAMS 0x0000000081400000, 0x0000000081300000| Untracked 
|  20|0x0000000081400000, 0x0000000081500000, 0x0000000081500000|100%|HS|  |TAMS 0x0000000081500000, 0x0000000081400000| Complete 
|  21|0x0000000081500000, 0x0000000081600000, 0x0000000081600000|100%|HS|  |TAMS 0x0000000081600000, 0x0000000081500000| Complete 
|  22|0x0000000081600000, 0x0000000081700000, 0x0000000081700000|100%| O|  |TAMS 0x0000000081700000, 0x0000000081600000| Untracked 
|  23|0x0000000081700000, 0x0000000081800000, 0x0000000081800000|100%| O|  |TAMS 0x0000000081800000, 0x0000000081700000| Untracked 
|  24|0x0000000081800000, 0x0000000081900000, 0x0000000081900000|100%|HS|  |TAMS 0x0000000081900000, 0x0000000081800000| Complete 
|  25|0x0000000081900000, 0x0000000081a00000, 0x0000000081a00000|100%| O|  |TAMS 0x0000000081a00000, 0x0000000081900000| Untracked 
|  26|0x0000000081a00000, 0x0000000081b00000, 0x0000000081b00000|100%| O|  |TAMS 0x0000000081b00000, 0x0000000081a00000| Untracked 
|  27|0x0000000081b00000, 0x0000000081c00000, 0x0000000081c00000|100%| O|  |TAMS 0x0000000081c00000, 0x0000000081b00000| Untracked 
|  28|0x0000000081c00000, 0x0000000081d00000, 0x0000000081d00000|100%| O|  |TAMS 0x0000000081d00000, 0x0000000081c00000| Untracked 
|  29|0x0000000081d00000, 0x0000000081e00000, 0x0000000081e00000|100%| O|  |TAMS 0x0000000081e00000, 0x0000000081d00000| Untracked 
|  30|0x0000000081e00000, 0x0000000081f00000, 0x0000000081f00000|100%| O|  |TAMS 0x0000000081f00000, 0x0000000081e00000| Untracked 
|  31|0x0000000081f00000, 0x0000000082000000, 0x0000000082000000|100%| O|  |TAMS 0x0000000082000000, 0x0000000081f00000| Untracked 
|  32|0x0000000082000000, 0x0000000082100000, 0x0000000082100000|100%| O|  |TAMS 0x0000000082100000, 0x0000000082000000| Untracked 
|  33|0x0000000082100000, 0x0000000082200000, 0x0000000082200000|100%| O|  |TAMS 0x0000000082200000, 0x0000000082100000| Untracked 
|  34|0x0000000082200000, 0x0000000082300000, 0x0000000082300000|100%| O|  |TAMS 0x0000000082300000, 0x0000000082200000| Untracked 
|  35|0x0000000082300000, 0x0000000082400000, 0x0000000082400000|100%| O|  |TAMS 0x0000000082400000, 0x0000000082300000| Untracked 
|  36|0x0000000082400000, 0x0000000082500000, 0x0000000082500000|100%| O|  |TAMS 0x0000000082500000, 0x0000000082400000| Untracked 
|  37|0x0000000082500000, 0x0000000082600000, 0x0000000082600000|100%| O|  |TAMS 0x0000000082600000, 0x0000000082500000| Untracked 
|  38|0x0000000082600000, 0x0000000082700000, 0x0000000082700000|100%| O|  |TAMS 0x0000000082700000, 0x0000000082600000| Untracked 
|  39|0x0000000082700000, 0x0000000082800000, 0x0000000082800000|100%| O|  |TAMS 0x0000000082800000, 0x0000000082700000| Untracked 
|  40|0x0000000082800000, 0x0000000082900000, 0x0000000082900000|100%| O|  |TAMS 0x0000000082900000, 0x0000000082800000| Untracked 
|  41|0x0000000082900000, 0x0000000082a00000, 0x0000000082a00000|100%| O|  |TAMS 0x0000000082a00000, 0x0000000082900000| Untracked 
|  42|0x0000000082a00000, 0x0000000082b00000, 0x0000000082b00000|100%| O|  |TAMS 0x0000000082adfc00, 0x0000000082a00000| Untracked 
|  43|0x0000000082b00000, 0x0000000082c00000, 0x0000000082c00000|100%| O|  |TAMS 0x0000000082b00000, 0x0000000082b00000| Untracked 
|  44|0x0000000082c00000, 0x0000000082d00000, 0x0000000082d00000|100%| O|  |TAMS 0x0000000082c00000, 0x0000000082c00000| Untracked 
|  45|0x0000000082d00000, 0x0000000082e00000, 0x0000000082e00000|100%| O|  |TAMS 0x0000000082d00000, 0x0000000082d00000| Untracked 
|  46|0x0000000082e00000, 0x0000000082f00000, 0x0000000082f00000|100%| O|  |TAMS 0x0000000082e00000, 0x0000000082e00000| Untracked 
|  47|0x0000000082f00000, 0x0000000083000000, 0x0000000083000000|100%| O|  |TAMS 0x0000000082f00000, 0x0000000082f00000| Untracked 
|  48|0x0000000083000000, 0x0000000083100000, 0x0000000083100000|100%| O|  |TAMS 0x0000000083000000, 0x0000000083000000| Untracked 
|  49|0x0000000083100000, 0x0000000083200000, 0x0000000083200000|100%| O|  |TAMS 0x0000000083100000, 0x0000000083100000| Untracked 
|  50|0x0000000083200000, 0x0000000083300000, 0x0000000083300000|100%| O|  |TAMS 0x0000000083200000, 0x0000000083200000| Untracked 
|  51|0x0000000083300000, 0x0000000083400000, 0x0000000083400000|100%| O|  |TAMS 0x0000000083300000, 0x0000000083300000| Untracked 
|  52|0x0000000083400000, 0x0000000083500000, 0x0000000083500000|100%| O|  |TAMS 0x0000000083400000, 0x0000000083400000| Untracked 
|  53|0x0000000083500000, 0x0000000083600000, 0x0000000083600000|100%| O|  |TAMS 0x0000000083500000, 0x0000000083500000| Untracked 
|  54|0x0000000083600000, 0x0000000083700000, 0x0000000083700000|100%| O|  |TAMS 0x0000000083600000, 0x0000000083600000| Untracked 
|  55|0x0000000083700000, 0x0000000083800000, 0x0000000083800000|100%| O|  |TAMS 0x0000000083700000, 0x0000000083700000| Untracked 
|  56|0x0000000083800000, 0x0000000083900000, 0x0000000083900000|100%| O|  |TAMS 0x0000000083800000, 0x0000000083800000| Untracked 
|  57|0x0000000083900000, 0x0000000083a00000, 0x0000000083a00000|100%| O|  |TAMS 0x0000000083900000, 0x0000000083900000| Untracked 
|  58|0x0000000083a00000, 0x0000000083b00000, 0x0000000083b00000|100%| O|  |TAMS 0x0000000083a00000, 0x0000000083a00000| Untracked 
|  59|0x0000000083b00000, 0x0000000083c00000, 0x0000000083c00000|100%| O|  |TAMS 0x0000000083b00000, 0x0000000083b00000| Untracked 
|  60|0x0000000083c00000, 0x0000000083d00000, 0x0000000083d00000|100%| O|  |TAMS 0x0000000083c00000, 0x0000000083c00000| Untracked 
|  61|0x0000000083d00000, 0x0000000083e00000, 0x0000000083e00000|100%| O|  |TAMS 0x0000000083d00000, 0x0000000083d00000| Untracked 
|  62|0x0000000083e00000, 0x0000000083f00000, 0x0000000083f00000|100%| O|  |TAMS 0x0000000083e00000, 0x0000000083e00000| Untracked 
|  63|0x0000000083f00000, 0x0000000084000000, 0x0000000084000000|100%| O|  |TAMS 0x0000000083f00000, 0x0000000083f00000| Untracked 
|  64|0x0000000084000000, 0x0000000084100000, 0x0000000084100000|100%| O|  |TAMS 0x0000000084000000, 0x0000000084000000| Untracked 
|  65|0x0000000084100000, 0x0000000084200000, 0x0000000084200000|100%| O|  |TAMS 0x0000000084100000, 0x0000000084100000| Untracked 
|  66|0x0000000084200000, 0x0000000084300000, 0x0000000084300000|100%| O|  |TAMS 0x0000000084200000, 0x0000000084200000| Untracked 
|  67|0x0000000084300000, 0x0000000084400000, 0x0000000084400000|100%| O|  |TAMS 0x0000000084300000, 0x0000000084300000| Untracked 
|  68|0x0000000084400000, 0x0000000084500000, 0x0000000084500000|100%| O|  |TAMS 0x0000000084400000, 0x0000000084400000| Untracked 
|  69|0x0000000084500000, 0x0000000084600000, 0x0000000084600000|100%| O|  |TAMS 0x0000000084500000, 0x0000000084500000| Untracked 
|  70|0x0000000084600000, 0x0000000084700000, 0x0000000084700000|100%| O|  |TAMS 0x0000000084600000, 0x0000000084600000| Untracked 
|  71|0x0000000084700000, 0x0000000084800000, 0x0000000084800000|100%| O|  |TAMS 0x0000000084700000, 0x0000000084700000| Untracked 
|  72|0x0000000084800000, 0x0000000084900000, 0x0000000084900000|100%| O|  |TAMS 0x0000000084800000, 0x0000000084800000| Untracked 
|  73|0x0000000084900000, 0x0000000084a00000, 0x0000000084a00000|100%| O|  |TAMS 0x0000000084900000, 0x0000000084900000| Untracked 
|  74|0x0000000084a00000, 0x0000000084b00000, 0x0000000084b00000|100%| O|  |TAMS 0x0000000084a00000, 0x0000000084a00000| Untracked 
|  75|0x0000000084b00000, 0x0000000084c00000, 0x0000000084c00000|100%| O|  |TAMS 0x0000000084b00000, 0x0000000084b00000| Untracked 
|  76|0x0000000084c00000, 0x0000000084d00000, 0x0000000084d00000|100%| O|  |TAMS 0x0000000084c00000, 0x0000000084c00000| Untracked 
|  77|0x0000000084d00000, 0x0000000084e00000, 0x0000000084e00000|100%| O|  |TAMS 0x0000000084d00000, 0x0000000084d00000| Untracked 
|  78|0x0000000084e00000, 0x0000000084f00000, 0x0000000084f00000|100%| O|  |TAMS 0x0000000084e00000, 0x0000000084e00000| Untracked 
|  79|0x0000000084f00000, 0x0000000085000000, 0x0000000085000000|100%| O|  |TAMS 0x0000000084f00000, 0x0000000084f00000| Untracked 
|  80|0x0000000085000000, 0x0000000085100000, 0x0000000085100000|100%| O|  |TAMS 0x0000000085000000, 0x0000000085000000| Untracked 
|  81|0x0000000085100000, 0x0000000085200000, 0x0000000085200000|100%| O|  |TAMS 0x0000000085100000, 0x0000000085100000| Untracked 
|  82|0x0000000085200000, 0x0000000085300000, 0x0000000085300000|100%| O|  |TAMS 0x0000000085200000, 0x0000000085200000| Untracked 
|  83|0x0000000085300000, 0x0000000085400000, 0x0000000085400000|100%| O|  |TAMS 0x0000000085300000, 0x0000000085300000| Untracked 
|  84|0x0000000085400000, 0x0000000085400000, 0x0000000085500000|  0%| F|  |TAMS 0x0000000085400000, 0x0000000085400000| Untracked 
|  85|0x0000000085500000, 0x0000000085500000, 0x0000000085600000|  0%| F|  |TAMS 0x0000000085500000, 0x0000000085500000| Untracked 
|  86|0x0000000085600000, 0x0000000085600000, 0x0000000085700000|  0%| F|  |TAMS 0x0000000085600000, 0x0000000085600000| Untracked 
|  87|0x0000000085700000, 0x0000000085700000, 0x0000000085800000|  0%| F|  |TAMS 0x0000000085700000, 0x0000000085700000| Untracked 
|  88|0x0000000085800000, 0x0000000085800000, 0x0000000085900000|  0%| F|  |TAMS 0x0000000085800000, 0x0000000085800000| Untracked 
|  89|0x0000000085900000, 0x0000000085900000, 0x0000000085a00000|  0%| F|  |TAMS 0x0000000085900000, 0x0000000085900000| Untracked 
|  90|0x0000000085a00000, 0x0000000085a00000, 0x0000000085b00000|  0%| F|  |TAMS 0x0000000085a00000, 0x0000000085a00000| Untracked 
|  91|0x0000000085b00000, 0x0000000085b00000, 0x0000000085c00000|  0%| F|  |TAMS 0x0000000085b00000, 0x0000000085b00000| Untracked 
|  92|0x0000000085c00000, 0x0000000085c00000, 0x0000000085d00000|  0%| F|  |TAMS 0x0000000085c00000, 0x0000000085c00000| Untracked 
|  93|0x0000000085d00000, 0x0000000085d00000, 0x0000000085e00000|  0%| F|  |TAMS 0x0000000085d00000, 0x0000000085d00000| Untracked 
|  94|0x0000000085e00000, 0x0000000085e00000, 0x0000000085f00000|  0%| F|  |TAMS 0x0000000085e00000, 0x0000000085e00000| Untracked 
|  95|0x0000000085f00000, 0x0000000085f00000, 0x0000000086000000|  0%| F|  |TAMS 0x0000000085f00000, 0x0000000085f00000| Untracked 
|  96|0x0000000086000000, 0x0000000086000000, 0x0000000086100000|  0%| F|  |TAMS 0x0000000086000000, 0x0000000086000000| Untracked 
|  97|0x0000000086100000, 0x0000000086100000, 0x0000000086200000|  0%| F|  |TAMS 0x0000000086100000, 0x0000000086100000| Untracked 
|  98|0x0000000086200000, 0x0000000086200000, 0x0000000086300000|  0%| F|  |TAMS 0x0000000086200000, 0x0000000086200000| Untracked 
|  99|0x0000000086300000, 0x00000000863b9200, 0x0000000086400000| 72%| O|  |TAMS 0x0000000086300000, 0x0000000086300000| Untracked 
| 100|0x0000000086400000, 0x0000000086400000, 0x0000000086500000|  0%| F|  |TAMS 0x0000000086400000, 0x0000000086400000| Untracked 
| 101|0x0000000086500000, 0x0000000086500000, 0x0000000086600000|  0%| F|  |TAMS 0x0000000086500000, 0x0000000086500000| Untracked 
| 102|0x0000000086600000, 0x0000000086600000, 0x0000000086700000|  0%| F|  |TAMS 0x0000000086600000, 0x0000000086600000| Untracked 
| 103|0x0000000086700000, 0x0000000086700000, 0x0000000086800000|  0%| F|  |TAMS 0x0000000086700000, 0x0000000086700000| Untracked 
| 104|0x0000000086800000, 0x0000000086800000, 0x0000000086900000|  0%| F|  |TAMS 0x0000000086800000, 0x0000000086800000| Untracked 
| 105|0x0000000086900000, 0x0000000086900000, 0x0000000086a00000|  0%| F|  |TAMS 0x0000000086900000, 0x0000000086900000| Untracked 
| 106|0x0000000086a00000, 0x0000000086a00000, 0x0000000086b00000|  0%| F|  |TAMS 0x0000000086a00000, 0x0000000086a00000| Untracked 
| 107|0x0000000086b00000, 0x0000000086b00000, 0x0000000086c00000|  0%| F|  |TAMS 0x0000000086b00000, 0x0000000086b00000| Untracked 
| 108|0x0000000086c00000, 0x0000000086c00000, 0x0000000086d00000|  0%| F|  |TAMS 0x0000000086c00000, 0x0000000086c00000| Untracked 
| 109|0x0000000086d00000, 0x0000000086d00000, 0x0000000086e00000|  0%| F|  |TAMS 0x0000000086d00000, 0x0000000086d00000| Untracked 
| 110|0x0000000086e00000, 0x0000000086e00000, 0x0000000086f00000|  0%| F|  |TAMS 0x0000000086e00000, 0x0000000086e00000| Untracked 
| 111|0x0000000086f00000, 0x0000000086f00000, 0x0000000087000000|  0%| F|  |TAMS 0x0000000086f00000, 0x0000000086f00000| Untracked 
| 112|0x0000000087000000, 0x0000000087000000, 0x0000000087100000|  0%| F|  |TAMS 0x0000000087000000, 0x0000000087000000| Untracked 
| 113|0x0000000087100000, 0x0000000087100000, 0x0000000087200000|  0%| F|  |TAMS 0x0000000087100000, 0x0000000087100000| Untracked 
| 114|0x0000000087200000, 0x0000000087200000, 0x0000000087300000|  0%| F|  |TAMS 0x0000000087200000, 0x0000000087200000| Untracked 
| 115|0x0000000087300000, 0x0000000087300000, 0x0000000087400000|  0%| F|  |TAMS 0x0000000087300000, 0x0000000087300000| Untracked 
| 116|0x0000000087400000, 0x0000000087400000, 0x0000000087500000|  0%| F|  |TAMS 0x0000000087400000, 0x0000000087400000| Untracked 
| 117|0x0000000087500000, 0x0000000087500000, 0x0000000087600000|  0%| F|  |TAMS 0x0000000087500000, 0x0000000087500000| Untracked 
| 118|0x0000000087600000, 0x0000000087600000, 0x0000000087700000|  0%| F|  |TAMS 0x0000000087600000, 0x0000000087600000| Untracked 
| 119|0x0000000087700000, 0x0000000087700000, 0x0000000087800000|  0%| F|  |TAMS 0x0000000087700000, 0x0000000087700000| Untracked 
| 120|0x0000000087800000, 0x0000000087800000, 0x0000000087900000|  0%| F|  |TAMS 0x0000000087800000, 0x0000000087800000| Untracked 
| 121|0x0000000087900000, 0x0000000087900000, 0x0000000087a00000|  0%| F|  |TAMS 0x0000000087900000, 0x0000000087900000| Untracked 
| 122|0x0000000087a00000, 0x0000000087a80000, 0x0000000087b00000| 50%| S|CS|TAMS 0x0000000087a00000, 0x0000000087a00000| Complete 
| 123|0x0000000087b00000, 0x0000000087c00000, 0x0000000087c00000|100%| S|CS|TAMS 0x0000000087b00000, 0x0000000087b00000| Complete 
| 124|0x0000000087c00000, 0x0000000087d00000, 0x0000000087d00000|100%| S|CS|TAMS 0x0000000087c00000, 0x0000000087c00000| Complete 
| 125|0x0000000087d00000, 0x0000000087e00000, 0x0000000087e00000|100%| S|CS|TAMS 0x0000000087d00000, 0x0000000087d00000| Complete 
| 126|0x0000000087e00000, 0x0000000087f00000, 0x0000000087f00000|100%| S|CS|TAMS 0x0000000087e00000, 0x0000000087e00000| Complete 
| 127|0x0000000087f00000, 0x0000000088000000, 0x0000000088000000|100%| S|CS|TAMS 0x0000000087f00000, 0x0000000087f00000| Complete 
| 128|0x0000000088000000, 0x0000000088100000, 0x0000000088100000|100%| S|CS|TAMS 0x0000000088000000, 0x0000000088000000| Complete 
| 129|0x0000000088100000, 0x0000000088100000, 0x0000000088200000|  0%| F|  |TAMS 0x0000000088100000, 0x0000000088100000| Untracked 
| 130|0x0000000088200000, 0x0000000088200000, 0x0000000088300000|  0%| F|  |TAMS 0x0000000088200000, 0x0000000088200000| Untracked 
| 131|0x0000000088300000, 0x0000000088300000, 0x0000000088400000|  0%| F|  |TAMS 0x0000000088300000, 0x0000000088300000| Untracked 
| 132|0x0000000088400000, 0x0000000088400000, 0x0000000088500000|  0%| F|  |TAMS 0x0000000088400000, 0x0000000088400000| Untracked 
| 133|0x0000000088500000, 0x0000000088500000, 0x0000000088600000|  0%| F|  |TAMS 0x0000000088500000, 0x0000000088500000| Untracked 
| 134|0x0000000088600000, 0x0000000088600000, 0x0000000088700000|  0%| F|  |TAMS 0x0000000088600000, 0x0000000088600000| Untracked 
| 135|0x0000000088700000, 0x0000000088700000, 0x0000000088800000|  0%| F|  |TAMS 0x0000000088700000, 0x0000000088700000| Untracked 
| 136|0x0000000088800000, 0x0000000088800000, 0x0000000088900000|  0%| F|  |TAMS 0x0000000088800000, 0x0000000088800000| Untracked 
| 137|0x0000000088900000, 0x0000000088900000, 0x0000000088a00000|  0%| F|  |TAMS 0x0000000088900000, 0x0000000088900000| Untracked 
| 138|0x0000000088a00000, 0x0000000088a00000, 0x0000000088b00000|  0%| F|  |TAMS 0x0000000088a00000, 0x0000000088a00000| Untracked 
| 139|0x0000000088b00000, 0x0000000088b00000, 0x0000000088c00000|  0%| F|  |TAMS 0x0000000088b00000, 0x0000000088b00000| Untracked 
| 140|0x0000000088c00000, 0x0000000088c00000, 0x0000000088d00000|  0%| F|  |TAMS 0x0000000088c00000, 0x0000000088c00000| Untracked 
| 141|0x0000000088d00000, 0x0000000088d00000, 0x0000000088e00000|  0%| F|  |TAMS 0x0000000088d00000, 0x0000000088d00000| Untracked 
| 142|0x0000000088e00000, 0x0000000088e00000, 0x0000000088f00000|  0%| F|  |TAMS 0x0000000088e00000, 0x0000000088e00000| Untracked 
| 143|0x0000000088f00000, 0x0000000088f00000, 0x0000000089000000|  0%| F|  |TAMS 0x0000000088f00000, 0x0000000088f00000| Untracked 
| 144|0x0000000089000000, 0x0000000089000000, 0x0000000089100000|  0%| F|  |TAMS 0x0000000089000000, 0x0000000089000000| Untracked 
| 145|0x0000000089100000, 0x0000000089100000, 0x0000000089200000|  0%| F|  |TAMS 0x0000000089100000, 0x0000000089100000| Untracked 
| 146|0x0000000089200000, 0x0000000089200000, 0x0000000089300000|  0%| F|  |TAMS 0x0000000089200000, 0x0000000089200000| Untracked 
| 147|0x0000000089300000, 0x0000000089300000, 0x0000000089400000|  0%| F|  |TAMS 0x0000000089300000, 0x0000000089300000| Untracked 
| 148|0x0000000089400000, 0x0000000089400000, 0x0000000089500000|  0%| F|  |TAMS 0x0000000089400000, 0x0000000089400000| Untracked 
| 149|0x0000000089500000, 0x0000000089500000, 0x0000000089600000|  0%| F|  |TAMS 0x0000000089500000, 0x0000000089500000| Untracked 
| 150|0x0000000089600000, 0x0000000089600000, 0x0000000089700000|  0%| F|  |TAMS 0x0000000089600000, 0x0000000089600000| Untracked 
| 151|0x0000000089700000, 0x0000000089700000, 0x0000000089800000|  0%| F|  |TAMS 0x0000000089700000, 0x0000000089700000| Untracked 
| 152|0x0000000089800000, 0x0000000089800000, 0x0000000089900000|  0%| F|  |TAMS 0x0000000089800000, 0x0000000089800000| Untracked 
| 153|0x0000000089900000, 0x0000000089900000, 0x0000000089a00000|  0%| F|  |TAMS 0x0000000089900000, 0x0000000089900000| Untracked 
| 154|0x0000000089a00000, 0x0000000089a00000, 0x0000000089b00000|  0%| F|  |TAMS 0x0000000089a00000, 0x0000000089a00000| Untracked 
| 155|0x0000000089b00000, 0x0000000089b00000, 0x0000000089c00000|  0%| F|  |TAMS 0x0000000089b00000, 0x0000000089b00000| Untracked 
| 156|0x0000000089c00000, 0x0000000089c00000, 0x0000000089d00000|  0%| F|  |TAMS 0x0000000089c00000, 0x0000000089c00000| Untracked 
| 157|0x0000000089d00000, 0x0000000089d00000, 0x0000000089e00000|  0%| F|  |TAMS 0x0000000089d00000, 0x0000000089d00000| Untracked 
| 158|0x0000000089e00000, 0x0000000089e00000, 0x0000000089f00000|  0%| F|  |TAMS 0x0000000089e00000, 0x0000000089e00000| Untracked 
| 159|0x0000000089f00000, 0x0000000089f00000, 0x000000008a000000|  0%| F|  |TAMS 0x0000000089f00000, 0x0000000089f00000| Untracked 
| 160|0x000000008a000000, 0x000000008a000000, 0x000000008a100000|  0%| F|  |TAMS 0x000000008a000000, 0x000000008a000000| Untracked 
| 161|0x000000008a100000, 0x000000008a100000, 0x000000008a200000|  0%| F|  |TAMS 0x000000008a100000, 0x000000008a100000| Untracked 
| 162|0x000000008a200000, 0x000000008a200000, 0x000000008a300000|  0%| F|  |TAMS 0x000000008a200000, 0x000000008a200000| Untracked 
| 163|0x000000008a300000, 0x000000008a300000, 0x000000008a400000|  0%| F|  |TAMS 0x000000008a300000, 0x000000008a300000| Untracked 
| 164|0x000000008a400000, 0x000000008a400000, 0x000000008a500000|  0%| F|  |TAMS 0x000000008a400000, 0x000000008a400000| Untracked 
| 165|0x000000008a500000, 0x000000008a500000, 0x000000008a600000|  0%| F|  |TAMS 0x000000008a500000, 0x000000008a500000| Untracked 
| 166|0x000000008a600000, 0x000000008a600000, 0x000000008a700000|  0%| F|  |TAMS 0x000000008a600000, 0x000000008a600000| Untracked 
| 167|0x000000008a700000, 0x000000008a700000, 0x000000008a800000|  0%| F|  |TAMS 0x000000008a700000, 0x000000008a700000| Untracked 
| 168|0x000000008a800000, 0x000000008a800000, 0x000000008a900000|  0%| F|  |TAMS 0x000000008a800000, 0x000000008a800000| Untracked 
| 169|0x000000008a900000, 0x000000008a900000, 0x000000008aa00000|  0%| F|  |TAMS 0x000000008a900000, 0x000000008a900000| Untracked 
| 170|0x000000008aa00000, 0x000000008aa00000, 0x000000008ab00000|  0%| F|  |TAMS 0x000000008aa00000, 0x000000008aa00000| Untracked 
| 171|0x000000008ab00000, 0x000000008ab00000, 0x000000008ac00000|  0%| F|  |TAMS 0x000000008ab00000, 0x000000008ab00000| Untracked 
| 172|0x000000008ac00000, 0x000000008ac00000, 0x000000008ad00000|  0%| F|  |TAMS 0x000000008ac00000, 0x000000008ac00000| Untracked 
| 173|0x000000008ad00000, 0x000000008ad00000, 0x000000008ae00000|  0%| F|  |TAMS 0x000000008ad00000, 0x000000008ad00000| Untracked 
| 174|0x000000008ae00000, 0x000000008ae00000, 0x000000008af00000|  0%| F|  |TAMS 0x000000008ae00000, 0x000000008ae00000| Untracked 
| 175|0x000000008af00000, 0x000000008af00000, 0x000000008b000000|  0%| F|  |TAMS 0x000000008af00000, 0x000000008af00000| Untracked 
| 176|0x000000008b000000, 0x000000008b000000, 0x000000008b100000|  0%| F|  |TAMS 0x000000008b000000, 0x000000008b000000| Untracked 
| 177|0x000000008b100000, 0x000000008b100000, 0x000000008b200000|  0%| F|  |TAMS 0x000000008b100000, 0x000000008b100000| Untracked 
| 178|0x000000008b200000, 0x000000008b200000, 0x000000008b300000|  0%| F|  |TAMS 0x000000008b200000, 0x000000008b200000| Untracked 
| 179|0x000000008b300000, 0x000000008b300000, 0x000000008b400000|  0%| F|  |TAMS 0x000000008b300000, 0x000000008b300000| Untracked 
| 180|0x000000008b400000, 0x000000008b400000, 0x000000008b500000|  0%| F|  |TAMS 0x000000008b400000, 0x000000008b400000| Untracked 
| 181|0x000000008b500000, 0x000000008b500000, 0x000000008b600000|  0%| F|  |TAMS 0x000000008b500000, 0x000000008b500000| Untracked 
| 182|0x000000008b600000, 0x000000008b600000, 0x000000008b700000|  0%| F|  |TAMS 0x000000008b600000, 0x000000008b600000| Untracked 
| 183|0x000000008b700000, 0x000000008b700000, 0x000000008b800000|  0%| F|  |TAMS 0x000000008b700000, 0x000000008b700000| Untracked 
| 184|0x000000008b800000, 0x000000008b800000, 0x000000008b900000|  0%| F|  |TAMS 0x000000008b800000, 0x000000008b800000| Untracked 
| 185|0x000000008b900000, 0x000000008b900000, 0x000000008ba00000|  0%| F|  |TAMS 0x000000008b900000, 0x000000008b900000| Untracked 
| 186|0x000000008ba00000, 0x000000008ba00000, 0x000000008bb00000|  0%| F|  |TAMS 0x000000008ba00000, 0x000000008ba00000| Untracked 
| 187|0x000000008bb00000, 0x000000008bb00000, 0x000000008bc00000|  0%| F|  |TAMS 0x000000008bb00000, 0x000000008bb00000| Untracked 
| 188|0x000000008bc00000, 0x000000008bc00000, 0x000000008bd00000|  0%| F|  |TAMS 0x000000008bc00000, 0x000000008bc00000| Untracked 
| 189|0x000000008bd00000, 0x000000008bd00000, 0x000000008be00000|  0%| F|  |TAMS 0x000000008bd00000, 0x000000008bd00000| Untracked 
| 190|0x000000008be00000, 0x000000008be00000, 0x000000008bf00000|  0%| F|  |TAMS 0x000000008be00000, 0x000000008be00000| Untracked 
| 191|0x000000008bf00000, 0x000000008bf00000, 0x000000008c000000|  0%| F|  |TAMS 0x000000008bf00000, 0x000000008bf00000| Untracked 
| 192|0x000000008c000000, 0x000000008c000000, 0x000000008c100000|  0%| F|  |TAMS 0x000000008c000000, 0x000000008c000000| Untracked 
| 193|0x000000008c100000, 0x000000008c100000, 0x000000008c200000|  0%| F|  |TAMS 0x000000008c100000, 0x000000008c100000| Untracked 
| 194|0x000000008c200000, 0x000000008c200000, 0x000000008c300000|  0%| F|  |TAMS 0x000000008c200000, 0x000000008c200000| Untracked 
| 195|0x000000008c300000, 0x000000008c300000, 0x000000008c400000|  0%| F|  |TAMS 0x000000008c300000, 0x000000008c300000| Untracked 
| 196|0x000000008c400000, 0x000000008c400000, 0x000000008c500000|  0%| F|  |TAMS 0x000000008c400000, 0x000000008c400000| Untracked 
| 197|0x000000008c500000, 0x000000008c500000, 0x000000008c600000|  0%| F|  |TAMS 0x000000008c500000, 0x000000008c500000| Untracked 
| 198|0x000000008c600000, 0x000000008c600000, 0x000000008c700000|  0%| F|  |TAMS 0x000000008c600000, 0x000000008c600000| Untracked 
| 199|0x000000008c700000, 0x000000008c700000, 0x000000008c800000|  0%| F|  |TAMS 0x000000008c700000, 0x000000008c700000| Untracked 
| 200|0x000000008c800000, 0x000000008c800000, 0x000000008c900000|  0%| F|  |TAMS 0x000000008c800000, 0x000000008c800000| Untracked 
| 201|0x000000008c900000, 0x000000008c900000, 0x000000008ca00000|  0%| F|  |TAMS 0x000000008c900000, 0x000000008c900000| Untracked 
| 202|0x000000008ca00000, 0x000000008ca00000, 0x000000008cb00000|  0%| F|  |TAMS 0x000000008ca00000, 0x000000008ca00000| Untracked 
| 203|0x000000008cb00000, 0x000000008cb00000, 0x000000008cc00000|  0%| F|  |TAMS 0x000000008cb00000, 0x000000008cb00000| Untracked 
| 204|0x000000008cc00000, 0x000000008cc00000, 0x000000008cd00000|  0%| F|  |TAMS 0x000000008cc00000, 0x000000008cc00000| Untracked 
| 205|0x000000008cd00000, 0x000000008cd00000, 0x000000008ce00000|  0%| F|  |TAMS 0x000000008cd00000, 0x000000008cd00000| Untracked 
| 206|0x000000008ce00000, 0x000000008ce00000, 0x000000008cf00000|  0%| F|  |TAMS 0x000000008ce00000, 0x000000008ce00000| Untracked 
| 207|0x000000008cf00000, 0x000000008cf00000, 0x000000008d000000|  0%| F|  |TAMS 0x000000008cf00000, 0x000000008cf00000| Untracked 
| 208|0x000000008d000000, 0x000000008d000000, 0x000000008d100000|  0%| F|  |TAMS 0x000000008d000000, 0x000000008d000000| Untracked 
| 209|0x000000008d100000, 0x000000008d100000, 0x000000008d200000|  0%| F|  |TAMS 0x000000008d100000, 0x000000008d100000| Untracked 
| 210|0x000000008d200000, 0x000000008d200000, 0x000000008d300000|  0%| F|  |TAMS 0x000000008d200000, 0x000000008d200000| Untracked 
| 211|0x000000008d300000, 0x000000008d300000, 0x000000008d400000|  0%| F|  |TAMS 0x000000008d300000, 0x000000008d300000| Untracked 
| 212|0x000000008d400000, 0x000000008d400000, 0x000000008d500000|  0%| F|  |TAMS 0x000000008d400000, 0x000000008d400000| Untracked 
| 213|0x000000008d500000, 0x000000008d500000, 0x000000008d600000|  0%| F|  |TAMS 0x000000008d500000, 0x000000008d500000| Untracked 
| 214|0x000000008d600000, 0x000000008d600000, 0x000000008d700000|  0%| F|  |TAMS 0x000000008d600000, 0x000000008d600000| Untracked 
| 215|0x000000008d700000, 0x000000008d700000, 0x000000008d800000|  0%| F|  |TAMS 0x000000008d700000, 0x000000008d700000| Untracked 
| 216|0x000000008d800000, 0x000000008d800000, 0x000000008d900000|  0%| F|  |TAMS 0x000000008d800000, 0x000000008d800000| Untracked 
| 217|0x000000008d900000, 0x000000008d900000, 0x000000008da00000|  0%| F|  |TAMS 0x000000008d900000, 0x000000008d900000| Untracked 
| 218|0x000000008da00000, 0x000000008da00000, 0x000000008db00000|  0%| F|  |TAMS 0x000000008da00000, 0x000000008da00000| Untracked 
| 219|0x000000008db00000, 0x000000008db00000, 0x000000008dc00000|  0%| F|  |TAMS 0x000000008db00000, 0x000000008db00000| Untracked 
| 220|0x000000008dc00000, 0x000000008dc00000, 0x000000008dd00000|  0%| F|  |TAMS 0x000000008dc00000, 0x000000008dc00000| Untracked 
| 221|0x000000008dd00000, 0x000000008dd00000, 0x000000008de00000|  0%| F|  |TAMS 0x000000008dd00000, 0x000000008dd00000| Untracked 

Card table byte_map: [0x000002d44f7f0000,0x000002d44fbf0000] _byte_map_base: 0x000002d44f3f0000

Marking Bits (Prev, Next): (CMBitMap*) 0x000002d43ab176c8, (CMBitMap*) 0x000002d43ab17700
 Prev Bits: [0x000002d44fff0000, 0x000002d451ff0000)
 Next Bits: [0x000002d451ff0000, 0x000002d453ff0000)

Polling page: 0x000002d43a8b0000

Metaspace:

Usage:
  Non-class:     79.60 MB capacity,    77.77 MB ( 98%) used,     1.50 MB (  2%) free+waste,   336.44 KB ( <1%) overhead. 
      Class:     12.74 MB capacity,    11.65 MB ( 91%) used,   968.30 KB (  7%) free+waste,   155.69 KB (  1%) overhead. 
       Both:     92.34 MB capacity,    89.41 MB ( 97%) used,     2.45 MB (  3%) free+waste,   492.12 KB ( <1%) overhead. 

Virtual space:
  Non-class space:       80.00 MB reserved,      79.75 MB (>99%) committed 
      Class space:        1.00 GB reserved,      12.82 MB (  1%) committed 
             Both:        1.08 GB reserved,      92.57 MB (  8%) committed 

Chunk freelists:
   Non-Class:  28.00 KB
       Class:  6.00 KB
        Both:  34.00 KB

MaxMetaspaceSize: 17179869184.00 GB
CompressedClassSpaceSize: 1.00 GB
Initial GC threshold: 20.80 MB
Current GC threshold: 106.38 MB
CDS: off

CodeHeap 'non-profiled nmethods': size=120064Kb used=8146Kb max_used=8146Kb free=111917Kb
 bounds [0x000002d447890000, 0x000002d448090000, 0x000002d44edd0000]
CodeHeap 'profiled nmethods': size=120000Kb used=25411Kb max_used=25411Kb free=94588Kb
 bounds [0x000002d440360000, 0x000002d441c40000, 0x000002d447890000]
CodeHeap 'non-nmethods': size=5696Kb used=2381Kb max_used=2435Kb free=3314Kb
 bounds [0x000002d43fdd0000, 0x000002d440040000, 0x000002d440360000]
 total_blobs=12006 nmethods=11102 adapters=816
 compilation: enabled
              stopped_count=0, restarted_count=0
 full_count=0

Compilation events (20 events):
Event: 45.434 Thread 0x000002d456660800 nmethod 11342 0x000002d441c2b990 code [0x000002d441c2bba0, 0x000002d441c2c038]
Event: 45.434 Thread 0x000002d456660800 11343       3       sun.nio.fs.WindowsNativeDispatcher$QueryDirectoryInformation::<init> (5 bytes)
Event: 45.434 Thread 0x000002d456660800 nmethod 11343 0x000002d441c2c310 code [0x000002d441c2c4c0, 0x000002d441c2c618]
Event: 45.434 Thread 0x000002d456660800 11344   !   3       sun.nio.fs.WindowsDirectoryStream::<init> (104 bytes)
Event: 45.436 Thread 0x000002d456660800 nmethod 11344 0x000002d441c2c710 code [0x000002d441c2c9a0, 0x000002d441c2d4f8]
Event: 45.436 Thread 0x000002d456660800 11345   !   3       sun.nio.fs.WindowsDirectoryStream::iterator (62 bytes)
Event: 45.437 Thread 0x000002d456660800 nmethod 11345 0x000002d441c2d990 code [0x000002d441c2dba0, 0x000002d441c2e168]
Event: 45.437 Thread 0x000002d456660800 11346       3       sun.nio.fs.WindowsDirectoryStream$WindowsDirectoryIterator::<init> (73 bytes)
Event: 45.439 Thread 0x000002d456660800 nmethod 11346 0x000002d441c2e410 code [0x000002d441c2e680, 0x000002d441c2f1b8]
Event: 45.439 Thread 0x000002d456660800 11347   !   3       sun.nio.fs.WindowsDirectoryStream::close (59 bytes)
Event: 45.440 Thread 0x000002d456660800 nmethod 11347 0x000002d441c2f590 code [0x000002d441c2f7a0, 0x000002d441c2fd08]
Event: 45.440 Thread 0x000002d456660800 11348       3       org.gradle.internal.snapshot.impl.DirectorySnapshotterStatistics$CollectingFileVisitor::postVisitDirectory (10 bytes)
Event: 45.440 Thread 0x000002d456660800 nmethod 11348 0x000002d441c2ff90 code [0x000002d441c30160, 0x000002d441c30468]
Event: 45.440 Thread 0x000002d458b2d800 11349       4       java.util.ArrayDeque::dec (13 bytes)
Event: 45.441 Thread 0x000002d458b2d800 nmethod 11349 0x000002d448084110 code [0x000002d4480842a0, 0x000002d4480842f8]
Event: 45.442 Thread 0x000002d458b2d800 11350       4       org.gradle.internal.hash.Hashing$MessageDigestHasher::update (28 bytes)
Event: 45.442 Thread 0x000002d456660800 11352       3       org.gradle.internal.hash.Hashing$MessageDigestHasher::<init> (25 bytes)
Event: 45.443 Thread 0x000002d456660800 nmethod 11352 0x000002d441c30590 code [0x000002d441c30780, 0x000002d441c30c38]
Event: 45.447 Thread 0x000002d458b2d800 nmethod 11350 0x000002d448084410 code [0x000002d4480845c0, 0x000002d448084778]
Event: 45.447 Thread 0x000002d458b2d800 11351       4       org.gradle.cache.internal.btree.CachingBlockStore::read (56 bytes)

GC Heap History (20 events):
Event: 24.864 GC heap after
{Heap after GC invocations=19 (full 0):
 garbage-first heap   total 189440K, used 48966K [0x0000000080000000, 0x0000000100000000)
  region size 1024K, 12 young (12288K), 12 survivors (12288K)
 Metaspace       used 57238K, capacity 59144K, committed 59264K, reserved 1099776K
  class space    used 7282K, capacity 7971K, committed 8064K, reserved 1048576K
}
Event: 25.037 GC heap before
{Heap before GC invocations=19 (full 0):
 garbage-first heap   total 189440K, used 73542K [0x0000000080000000, 0x0000000100000000)
  region size 1024K, 37 young (37888K), 12 survivors (12288K)
 Metaspace       used 58285K, capacity 60123K, committed 60160K, reserved 1101824K
  class space    used 7372K, capacity 8042K, committed 8064K, reserved 1048576K
}
Event: 25.054 GC heap after
{Heap after GC invocations=20 (full 0):
 garbage-first heap   total 189440K, used 49816K [0x0000000080000000, 0x0000000100000000)
  region size 1024K, 6 young (6144K), 6 survivors (6144K)
 Metaspace       used 58285K, capacity 60123K, committed 60160K, reserved 1101824K
  class space    used 7372K, capacity 8042K, committed 8064K, reserved 1048576K
}
Event: 26.421 GC heap before
{Heap before GC invocations=21 (full 0):
 garbage-first heap   total 189440K, used 147096K [0x0000000080000000, 0x0000000100000000)
  region size 1024K, 101 young (103424K), 6 survivors (6144K)
 Metaspace       used 62441K, capacity 64417K, committed 64588K, reserved 1105920K
  class space    used 7917K, capacity 8646K, committed 8780K, reserved 1048576K
}
Event: 26.438 GC heap after
{Heap after GC invocations=22 (full 0):
 garbage-first heap   total 189440K, used 50047K [0x0000000080000000, 0x0000000100000000)
  region size 1024K, 6 young (6144K), 6 survivors (6144K)
 Metaspace       used 62441K, capacity 64417K, committed 64588K, reserved 1105920K
  class space    used 7917K, capacity 8646K, committed 8780K, reserved 1048576K
}
Event: 29.131 GC heap before
{Heap before GC invocations=23 (full 0):
 garbage-first heap   total 189440K, used 158591K [0x0000000080000000, 0x0000000100000000)
  region size 1024K, 105 young (107520K), 6 survivors (6144K)
 Metaspace       used 66793K, capacity 68815K, committed 68940K, reserved 1110016K
  class space    used 8439K, capacity 9192K, committed 9292K, reserved 1048576K
}
Event: 29.148 GC heap after
{Heap after GC invocations=24 (full 0):
 garbage-first heap   total 227328K, used 55986K [0x0000000080000000, 0x0000000100000000)
  region size 1024K, 12 young (12288K), 12 survivors (12288K)
 Metaspace       used 66793K, capacity 68815K, committed 68940K, reserved 1110016K
  class space    used 8439K, capacity 9192K, committed 9292K, reserved 1048576K
}
Event: 31.560 GC heap before
{Heap before GC invocations=24 (full 0):
 garbage-first heap   total 227328K, used 165554K [0x0000000080000000, 0x0000000100000000)
  region size 1024K, 119 young (121856K), 12 survivors (12288K)
 Metaspace       used 70587K, capacity 72671K, committed 72780K, reserved 1112064K
  class space    used 8948K, capacity 9724K, committed 9804K, reserved 1048576K
}
Event: 31.588 GC heap after
{Heap after GC invocations=25 (full 0):
 garbage-first heap   total 227328K, used 58897K [0x0000000080000000, 0x0000000100000000)
  region size 1024K, 10 young (10240K), 10 survivors (10240K)
 Metaspace       used 70587K, capacity 72671K, committed 72780K, reserved 1112064K
  class space    used 8948K, capacity 9724K, committed 9804K, reserved 1048576K
}
Event: 34.173 GC heap before
{Heap before GC invocations=25 (full 0):
 garbage-first heap   total 227328K, used 172561K [0x0000000080000000, 0x0000000100000000)
  region size 1024K, 121 young (123904K), 10 survivors (10240K)
 Metaspace       used 73480K, capacity 75680K, committed 75724K, reserved 1114112K
  class space    used 9333K, capacity 10163K, committed 10188K, reserved 1048576K
}
Event: 34.197 GC heap after
{Heap after GC invocations=26 (full 0):
 garbage-first heap   total 227328K, used 63610K [0x0000000080000000, 0x0000000100000000)
  region size 1024K, 9 young (9216K), 9 survivors (9216K)
 Metaspace       used 73480K, capacity 75680K, committed 75724K, reserved 1114112K
  class space    used 9333K, capacity 10163K, committed 10188K, reserved 1048576K
}
Event: 36.474 GC heap before
{Heap before GC invocations=26 (full 0):
 garbage-first heap   total 227328K, used 178298K [0x0000000080000000, 0x0000000100000000)
  region size 1024K, 121 young (123904K), 9 survivors (9216K)
 Metaspace       used 77627K, capacity 79820K, committed 80076K, reserved 1118208K
  class space    used 10066K, capacity 10897K, committed 10956K, reserved 1048576K
}
Event: 36.495 GC heap after
{Heap after GC invocations=27 (full 0):
 garbage-first heap   total 227328K, used 66256K [0x0000000080000000, 0x0000000100000000)
  region size 1024K, 11 young (11264K), 11 survivors (11264K)
 Metaspace       used 77627K, capacity 79820K, committed 80076K, reserved 1118208K
  class space    used 10066K, capacity 10897K, committed 10956K, reserved 1048576K
}
Event: 38.533 GC heap before
{Heap before GC invocations=27 (full 0):
 garbage-first heap   total 227328K, used 184016K [0x0000000080000000, 0x0000000100000000)
  region size 1024K, 126 young (129024K), 11 survivors (11264K)
 Metaspace       used 81630K, capacity 84031K, committed 84300K, reserved 1122304K
  class space    used 10646K, capacity 11568K, committed 11596K, reserved 1048576K
}
Event: 38.565 GC heap after
{Heap after GC invocations=28 (full 0):
 garbage-first heap   total 227328K, used 71312K [0x0000000080000000, 0x0000000100000000)
  region size 1024K, 13 young (13312K), 13 survivors (13312K)
 Metaspace       used 81630K, capacity 84031K, committed 84300K, reserved 1122304K
  class space    used 10646K, capacity 11568K, committed 11596K, reserved 1048576K
}
Event: 40.412 GC heap before
{Heap before GC invocations=28 (full 0):
 garbage-first heap   total 227328K, used 184976K [0x0000000080000000, 0x0000000100000000)
  region size 1024K, 124 young (126976K), 13 survivors (13312K)
 Metaspace       used 85992K, capacity 88484K, committed 88780K, reserved 1126400K
  class space    used 11235K, capacity 12193K, committed 12236K, reserved 1048576K
}
Event: 40.445 GC heap after
{Heap after GC invocations=29 (full 0):
 garbage-first heap   total 227328K, used 75326K [0x0000000080000000, 0x0000000100000000)
  region size 1024K, 12 young (12288K), 12 survivors (12288K)
 Metaspace       used 85992K, capacity 88484K, committed 88780K, reserved 1126400K
  class space    used 11235K, capacity 12193K, committed 12236K, reserved 1048576K
}
Event: 41.977 GC heap before
{Heap before GC invocations=29 (full 0):
 garbage-first heap   total 227328K, used 187966K [0x0000000080000000, 0x0000000100000000)
  region size 1024K, 122 young (124928K), 12 survivors (12288K)
 Metaspace       used 87822K, capacity 90477K, committed 90828K, reserved 1128448K
  class space    used 11430K, capacity 12387K, committed 12492K, reserved 1048576K
}
Event: 42.029 GC heap after
{Heap after GC invocations=30 (full 0):
 garbage-first heap   total 227328K, used 88445K [0x0000000080000000, 0x0000000100000000)
  region size 1024K, 16 young (16384K), 16 survivors (16384K)
 Metaspace       used 87822K, capacity 90477K, committed 90828K, reserved 1128448K
  class space    used 11430K, capacity 12387K, committed 12492K, reserved 1048576K
}
Event: 45.472 GC heap before
{Heap before GC invocations=30 (full 0):
 garbage-first heap   total 227328K, used 182653K [0x0000000080000000, 0x0000000100000000)
  region size 1024K, 109 young (111616K), 16 survivors (16384K)
 Metaspace       used 91559K, capacity 94558K, committed 94796K, reserved 1130496K
  class space    used 11926K, capacity 13050K, committed 13132K, reserved 1048576K
}

Deoptimization events (20 events):
Event: 45.141 Thread 0x000002d45c51a000 Uncommon trap: trap_request=0xffffffc6 fr.pc=0x000002d447ffe73c relative=0x0000000000000b3c
Event: 45.141 Thread 0x000002d45c51a000 Uncommon trap: reason=bimorphic_or_optimized_type_check action=maybe_recompile pc=0x000002d447ffe73c method=java.io.BufferedInputStream.read1([BII)I @ 39 c2
Event: 45.141 Thread 0x000002d45c51a000 DEOPT PACKING pc=0x000002d447ffe73c sp=0x000000ea3bbfdd40
Event: 45.141 Thread 0x000002d45c51a000 DEOPT UNPACKING pc=0x000002d43fe1a1af sp=0x000000ea3bbfdc58 mode 2
Event: 45.305 Thread 0x000002d45c51a000 Uncommon trap: trap_request=0xffffffc6 fr.pc=0x000002d447ffe73c relative=0x0000000000000b3c
Event: 45.305 Thread 0x000002d45c51a000 Uncommon trap: reason=bimorphic_or_optimized_type_check action=maybe_recompile pc=0x000002d447ffe73c method=java.io.BufferedInputStream.read1([BII)I @ 39 c2
Event: 45.306 Thread 0x000002d45c51a000 DEOPT PACKING pc=0x000002d447ffe73c sp=0x000000ea3bbfddf0
Event: 45.306 Thread 0x000002d45c51a000 DEOPT UNPACKING pc=0x000002d43fe1a1af sp=0x000000ea3bbfdd08 mode 2
Event: 45.308 Thread 0x000002d45c51a000 Uncommon trap: trap_request=0xffffff4d fr.pc=0x000002d447d04fd8 relative=0x00000000000001f8
Event: 45.308 Thread 0x000002d45c51a000 Uncommon trap: reason=unstable_if action=reinterpret pc=0x000002d447d04fd8 method=com.esotericsoftware.kryo.io.Input.readVarInt(Z)I @ 42 c2
Event: 45.308 Thread 0x000002d45c51a000 DEOPT PACKING pc=0x000002d447d04fd8 sp=0x000000ea3bbfe0a0
Event: 45.308 Thread 0x000002d45c51a000 DEOPT UNPACKING pc=0x000002d43fe1a1af sp=0x000000ea3bbfdf90 mode 2
Event: 45.350 Thread 0x000002d45e3a7800 Uncommon trap: trap_request=0xffffff4d fr.pc=0x000002d447d29544 relative=0x00000000000001e4
Event: 45.350 Thread 0x000002d45e3a7800 Uncommon trap: reason=unstable_if action=reinterpret pc=0x000002d447d29544 method=java.util.concurrent.locks.ReentrantLock$Sync.nonfairTryAcquire(I)Z @ 19 c2
Event: 45.350 Thread 0x000002d45e3a7800 DEOPT PACKING pc=0x000002d447d29544 sp=0x000000ea3d1fabf0
Event: 45.350 Thread 0x000002d45e3a7800 DEOPT UNPACKING pc=0x000002d43fe1a1af sp=0x000000ea3d1faa68 mode 2
Event: 45.397 Thread 0x000002d45e3a7800 Uncommon trap: trap_request=0xffffff4d fr.pc=0x000002d447d5d40c relative=0x000000000000016c
Event: 45.397 Thread 0x000002d45e3a7800 Uncommon trap: reason=unstable_if action=reinterpret pc=0x000002d447d5d40c method=java.util.concurrent.locks.ReentrantLock$Sync.nonfairTryAcquire(I)Z @ 19 c2
Event: 45.397 Thread 0x000002d45e3a7800 DEOPT PACKING pc=0x000002d447d5d40c sp=0x000000ea3d1faa60
Event: 45.397 Thread 0x000002d45e3a7800 DEOPT UNPACKING pc=0x000002d43fe1a1af sp=0x000000ea3d1fa9f8 mode 2

Classes redefined (0 events):
No events

Internal exceptions (20 events):
Event: 42.546 Thread 0x000002d45e3a5000 Exception <a 'java/lang/NoSuchMethodError'{0x000000008be77458}: 'int java.lang.invoke.DirectMethodHandle$Holder.invokeStaticInit(java.lang.Object, java.lang.Object, java.lang.Object, java.lang.Object, java.lang.Object)'> (0x000000008be77458) thrown at [src/hotspot/share/interpreter/linkResolver.cpp, line 773]
Event: 42.575 Thread 0x000002d457550800 Exception <a 'java/lang/NoSuchMethodError'{0x000000008bb0ec10}: <clinit>> (0x000000008bb0ec10) thrown at [src/hotspot/share/prims/jni.cpp, line 1367]
Event: 42.578 Thread 0x000002d457550800 Exception <a 'java/lang/NoSuchMethodError'{0x000000008bb54100}: <clinit>> (0x000000008bb54100) thrown at [src/hotspot/share/prims/jni.cpp, line 1367]
Event: 42.579 Thread 0x000002d457550800 Exception <a 'java/lang/NoSuchMethodError'{0x000000008bb622d8}: <clinit>> (0x000000008bb622d8) thrown at [src/hotspot/share/prims/jni.cpp, line 1367]
Event: 42.628 Thread 0x000002d45e3a5000 Exception <a 'sun/nio/fs/WindowsException'{0x000000008bace4c8}> (0x000000008bace4c8) thrown at [src/hotspot/share/prims/jni.cpp, line 617]
Event: 42.647 Thread 0x000002d45c525800 Exception <a 'java/lang/NoSuchMethodError'{0x000000008b7d9a38}: <clinit>> (0x000000008b7d9a38) thrown at [src/hotspot/share/prims/jni.cpp, line 1367]
Event: 42.653 Thread 0x000002d45c525800 Exception <a 'java/lang/NoSuchMethodError'{0x000000008b7eb4f0}: <clinit>> (0x000000008b7eb4f0) thrown at [src/hotspot/share/prims/jni.cpp, line 1367]
Event: 42.666 Thread 0x000002d45c525800 Exception <a 'java/lang/NoSuchMethodError'{0x000000008b6e5cc0}: <clinit>> (0x000000008b6e5cc0) thrown at [src/hotspot/share/prims/jni.cpp, line 1367]
Event: 42.673 Thread 0x000002d457550800 Exception <a 'java/lang/NoSuchMethodError'{0x000000008b42ce20}: <clinit>> (0x000000008b42ce20) thrown at [src/hotspot/share/prims/jni.cpp, line 1367]
Event: 42.694 Thread 0x000002d45e3a5000 Exception <a 'sun/nio/fs/WindowsException'{0x000000008b634ba0}> (0x000000008b634ba0) thrown at [src/hotspot/share/prims/jni.cpp, line 617]
Event: 42.728 Thread 0x000002d45e3a5000 Exception <a 'java/lang/NoSuchMethodError'{0x000000008b2d4808}: 'int java.lang.invoke.DirectMethodHandle$Holder.invokeSpecial(java.lang.Object, java.lang.Object, java.lang.Object, java.lang.Object, java.lang.Object)'> (0x000000008b2d4808) thrown at [src/hotspot/share/interpreter/linkResolver.cpp, line 773]
Event: 42.750 Thread 0x000002d45e3a2800 Exception <a 'sun/nio/fs/WindowsException'{0x000000008d067cf8}> (0x000000008d067cf8) thrown at [src/hotspot/share/prims/jni.cpp, line 617]
Event: 42.751 Thread 0x000002d45e3a2800 Exception <a 'sun/nio/fs/WindowsException'{0x000000008d069c10}> (0x000000008d069c10) thrown at [src/hotspot/share/prims/jni.cpp, line 617]
Event: 42.752 Thread 0x000002d45e3a2800 Exception <a 'sun/nio/fs/WindowsException'{0x000000008d06bb68}> (0x000000008d06bb68) thrown at [src/hotspot/share/prims/jni.cpp, line 617]
Event: 42.757 Thread 0x000002d45e3a2800 Exception <a 'sun/nio/fs/WindowsException'{0x000000008d06db70}> (0x000000008d06db70) thrown at [src/hotspot/share/prims/jni.cpp, line 617]
Event: 44.832 Thread 0x000002d45e3a2800 Exception <a 'java/lang/NoSuchMethodError'{0x000000008981e428}: 'void java.lang.invoke.DirectMethodHandle$Holder.invokeStatic(java.lang.Object, java.lang.Object, java.lang.Object, java.lang.Object, int, java.lang.Object, java.lang.Object)'> (0x000000008981e428) thrown at [src/hotspot/share/interpreter/linkResolver.cpp, line 773]
Event: 44.863 Thread 0x000002d45e3a9000 Implicit null exception at 0x000002d447ff095b to 0x000002d447ff09ec
Event: 44.914 Thread 0x000002d45e3a2800 Exception <a 'java/lang/NoSuchMethodError'{0x00000000895e5340}: 'java.lang.Object java.lang.invoke.DirectMethodHandle$Holder.invokeSpecialIFC(java.lang.Object, java.lang.Object, java.lang.Object)'> (0x00000000895e5340) thrown at [src/hotspot/share/interpreter/linkResolver.cpp, line 773]
Event: 44.914 Thread 0x000002d45e3a9000 Exception <a 'java/lang/NoSuchMethodError'{0x000000008946e598}: 'java.lang.Object java.lang.invoke.DirectMethodHandle$Holder.invokeSpecialIFC(java.lang.Object, java.lang.Object, java.lang.Object)'> (0x000000008946e598) thrown at [src/hotspot/share/interpreter/linkResolver.cpp, line 773]
Event: 44.915 Thread 0x000002d45e3a7800 Exception <a 'java/lang/NoSuchMethodError'{0x0000000089436e80}: 'java.lang.Object java.lang.invoke.DirectMethodHandle$Holder.invokeSpecialIFC(java.lang.Object, java.lang.Object, java.lang.Object)'> (0x0000000089436e80) thrown at [src/hotspot/share/interpreter/linkResolver.cpp, line 773]

Events (20 events):
Event: 44.996 loading class com/google/common/collect/ImmutableList done
Event: 44.997 loading class org/gradle/internal/snapshot/VfsRelativePath
Event: 44.997 loading class org/gradle/internal/snapshot/VfsRelativePath done
Event: 44.997 loading class org/gradle/internal/snapshot/MetadataSnapshot
Event: 44.997 loading class org/gradle/internal/snapshot/MetadataSnapshot done
Event: 44.997 loading class org/gradle/internal/snapshot/VfsRelativePath
Event: 44.997 loading class org/gradle/internal/snapshot/VfsRelativePath done
Event: 45.057 Executing VM operation: RevokeBias
Event: 45.058 Executing VM operation: RevokeBias done
Event: 45.068 Executing VM operation: RevokeBias
Event: 45.069 Executing VM operation: RevokeBias done
Event: 45.077 Executing VM operation: RevokeBias
Event: 45.078 Executing VM operation: RevokeBias done
Event: 45.096 Executing VM operation: RevokeBias
Event: 45.097 Executing VM operation: RevokeBias done
Event: 45.315 Executing VM operation: RevokeBias
Event: 45.316 Executing VM operation: RevokeBias done
Event: 45.419 Loaded shared library C:\Program Files\Android\Android Studio\jbr\bin\nio.dll
Event: 45.430 Loaded shared library C:\Program Files\Android\Android Studio\jbr\bin\nio.dll
Event: 45.472 Executing VM operation: G1CollectForAllocation


Dynamic libraries:
0x00007ff7a6e00000 - 0x00007ff7a6e0a000 	C:\Program Files\Android\Android Studio\jbr\bin\java.exe
0x00007ff902a30000 - 0x00007ff902c28000 	C:\WINDOWS\SYSTEM32\ntdll.dll
0x00007ff901d00000 - 0x00007ff901dbf000 	C:\WINDOWS\System32\KERNEL32.DLL
0x00007ff9002a0000 - 0x00007ff900596000 	C:\WINDOWS\System32\KERNELBASE.dll
0x00007ff9001a0000 - 0x00007ff9002a0000 	C:\WINDOWS\System32\ucrtbase.dll
0x00007ff8ec850000 - 0x00007ff8ec867000 	C:\Program Files\Android\Android Studio\jbr\bin\jli.dll
0x00007ff8f8b20000 - 0x00007ff8f8b3b000 	C:\Program Files\Android\Android Studio\jbr\bin\VCRUNTIME140.dll
0x00007ff9027f0000 - 0x00007ff90298d000 	C:\WINDOWS\System32\USER32.dll
0x00007ff900610000 - 0x00007ff900632000 	C:\WINDOWS\System32\win32u.dll
0x00007ff8ebc40000 - 0x00007ff8ebeda000 	C:\WINDOWS\WinSxS\amd64_microsoft.windows.common-controls_6595b64144ccf1df_6.0.19041.1110_none_60b5254171f9507e\COMCTL32.dll
0x00007ff902120000 - 0x00007ff90214c000 	C:\WINDOWS\System32\GDI32.dll
0x00007ff9006e0000 - 0x00007ff9007f5000 	C:\WINDOWS\System32\gdi32full.dll
0x00007ff9024d0000 - 0x00007ff90256e000 	C:\WINDOWS\System32\msvcrt.dll
0x00007ff900640000 - 0x00007ff9006dd000 	C:\WINDOWS\System32\msvcp_win.dll
0x00007ff901400000 - 0x00007ff901430000 	C:\WINDOWS\System32\IMM32.DLL
0x00007ff8fb560000 - 0x00007ff8fb56c000 	C:\Program Files\Android\Android Studio\jbr\bin\vcruntime140_1.dll
0x00007ff8d6030000 - 0x00007ff8d60bd000 	C:\Program Files\Android\Android Studio\jbr\bin\msvcp140.dll
0x00007ff8bb460000 - 0x00007ff8bc01c000 	C:\Program Files\Android\Android Studio\jbr\bin\server\jvm.dll
0x00007ff900f00000 - 0x00007ff900faf000 	C:\WINDOWS\System32\ADVAPI32.dll
0x00007ff902750000 - 0x00007ff9027ec000 	C:\WINDOWS\System32\sechost.dll
0x00007ff902570000 - 0x00007ff902696000 	C:\WINDOWS\System32\RPCRT4.dll
0x00007ff902740000 - 0x00007ff902748000 	C:\WINDOWS\System32\PSAPI.DLL
0x00007ff8f9f30000 - 0x00007ff8f9f39000 	C:\WINDOWS\SYSTEM32\WSOCK32.dll
0x00007ff901010000 - 0x00007ff90107b000 	C:\WINDOWS\System32\WS2_32.dll
0x00007ff8f2a10000 - 0x00007ff8f2a37000 	C:\WINDOWS\SYSTEM32\WINMM.dll
0x00007ff8f3d40000 - 0x00007ff8f3d4a000 	C:\WINDOWS\SYSTEM32\VERSION.dll
0x00007ff8fe910000 - 0x00007ff8fe922000 	C:\WINDOWS\SYSTEM32\kernel.appcore.dll
0x00007ff8f8b10000 - 0x00007ff8f8b20000 	C:\Program Files\Android\Android Studio\jbr\bin\verify.dll
0x00007ff8efcb0000 - 0x00007ff8efe94000 	C:\WINDOWS\SYSTEM32\DBGHELP.DLL
0x00007ff8efc70000 - 0x00007ff8efca4000 	C:\WINDOWS\SYSTEM32\dbgcore.DLL
0x00007ff900110000 - 0x00007ff900192000 	C:\WINDOWS\System32\bcryptPrimitives.dll
0x00007ff8f8ae0000 - 0x00007ff8f8b08000 	C:\Program Files\Android\Android Studio\jbr\bin\java.dll
0x00007ff8f86d0000 - 0x00007ff8f86da000 	C:\Program Files\Android\Android Studio\jbr\bin\jimage.dll
0x00007ff8ec870000 - 0x00007ff8ec87e000 	C:\Program Files\Android\Android Studio\jbr\bin\instrument.dll
0x00007ff8ec830000 - 0x00007ff8ec848000 	C:\Program Files\Android\Android Studio\jbr\bin\zip.dll
0x00007ff9015b0000 - 0x00007ff901cf4000 	C:\WINDOWS\System32\SHELL32.dll
0x00007ff8fdb30000 - 0x00007ff8fe2c3000 	C:\WINDOWS\SYSTEM32\windows.storage.dll
0x00007ff901dc0000 - 0x00007ff902114000 	C:\WINDOWS\System32\combase.dll
0x00007ff8ff9a0000 - 0x00007ff8ff9ce000 	C:\WINDOWS\SYSTEM32\Wldp.dll
0x00007ff902420000 - 0x00007ff9024cd000 	C:\WINDOWS\System32\SHCORE.dll
0x00007ff902990000 - 0x00007ff9029e5000 	C:\WINDOWS\System32\shlwapi.dll
0x00007ff900050000 - 0x00007ff90006f000 	C:\WINDOWS\SYSTEM32\profapi.dll
0x00007ff8e1a40000 - 0x00007ff8e1a4a000 	C:\Program Files\Android\Android Studio\jbr\bin\management.dll
0x00007ff8e19d0000 - 0x00007ff8e19db000 	C:\Program Files\Android\Android Studio\jbr\bin\management_ext.dll
0x00007ff8c9c80000 - 0x00007ff8c9c99000 	C:\Program Files\Android\Android Studio\jbr\bin\net.dll
0x00007ff8f5190000 - 0x00007ff8f529a000 	C:\WINDOWS\SYSTEM32\WINHTTP.dll
0x00007ff8ff780000 - 0x00007ff8ff7ea000 	C:\WINDOWS\system32\mswsock.dll
0x00007ff8c9c60000 - 0x00007ff8c9c73000 	C:\Program Files\Android\Android Studio\jbr\bin\nio.dll
0x00007ff8bded0000 - 0x00007ff8bdee7000 	C:\WINDOWS\system32\napinsp.dll
0x00007ff8bdeb0000 - 0x00007ff8bdecb000 	C:\WINDOWS\system32\pnrpnsp.dll
0x00007ff8e03c0000 - 0x00007ff8e03d5000 	C:\WINDOWS\system32\wshbth.dll
0x00007ff8fb4a0000 - 0x00007ff8fb4bd000 	C:\WINDOWS\system32\NLAapi.dll
0x00007ff8ff490000 - 0x00007ff8ff4cc000 	C:\WINDOWS\SYSTEM32\IPHLPAPI.DLL
0x00007ff8ff4d0000 - 0x00007ff8ff59a000 	C:\WINDOWS\SYSTEM32\DNSAPI.dll
0x00007ff902410000 - 0x00007ff902418000 	C:\WINDOWS\System32\NSI.dll
0x00007ff8bde90000 - 0x00007ff8bdea2000 	C:\WINDOWS\System32\winrnr.dll
0x00007ff8f3b20000 - 0x00007ff8f3b2a000 	C:\Windows\System32\rasadhlp.dll
0x00007ff8f5020000 - 0x00007ff8f50a2000 	C:\WINDOWS\System32\fwpuclnt.dll
0x00007ff900a60000 - 0x00007ff900a87000 	C:\WINDOWS\System32\bcrypt.dll
0x00007ff8fb520000 - 0x00007ff8fb547000 	C:\Users\shahzaib lptp\AndroidStudioProjects\loginsqlite\native\68d5fa5c4cc2d200863cafc0d521ce42e7d3e7ee720ec0a83991735586a16f82\windows-amd64\native-platform.dll
0x00007ff8d46f0000 - 0x00007ff8d4834000 	C:\Users\shahzaib lptp\AndroidStudioProjects\loginsqlite\native\e376f236ea51e6404a007f0833ffe2c6e607c4080706a723a18a27aeea778392\windows-amd64\native-platform-file-events.dll
0x00007ff8ffcf0000 - 0x00007ff8ffd08000 	C:\WINDOWS\SYSTEM32\CRYPTSP.dll
0x00007ff8ff0c0000 - 0x00007ff8ff0f4000 	C:\WINDOWS\system32\rsaenh.dll
0x00007ff900010000 - 0x00007ff90003e000 	C:\WINDOWS\SYSTEM32\USERENV.dll
0x00007ff8ff910000 - 0x00007ff8ff91c000 	C:\WINDOWS\SYSTEM32\CRYPTBASE.dll
0x00007ff8f6ef0000 - 0x00007ff8f6f07000 	C:\WINDOWS\SYSTEM32\dhcpcsvc6.DLL
0x00007ff8f6ed0000 - 0x00007ff8f6eed000 	C:\WINDOWS\SYSTEM32\dhcpcsvc.DLL

dbghelp: loaded successfully - version: 4.0.5 - missing functions: none
symbol engine: initialized successfully - sym options: 0x614 - pdb path: .;C:\Program Files\Android\Android Studio\jbr\bin;C:\WINDOWS\SYSTEM32;C:\WINDOWS\WinSxS\amd64_microsoft.windows.common-controls_6595b64144ccf1df_6.0.19041.1110_none_60b5254171f9507e;C:\Program Files\Android\Android Studio\jbr\bin\server;C:\Users\shahzaib lptp\AndroidStudioProjects\loginsqlite\native\68d5fa5c4cc2d200863cafc0d521ce42e7d3e7ee720ec0a83991735586a16f82\windows-amd64;C:\Users\shahzaib lptp\AndroidStudioProjects\loginsqlite\native\e376f236ea51e6404a007f0833ffe2c6e607c4080706a723a18a27aeea778392\windows-amd64

VM Arguments:
jvm_args: --add-opens=java.base/java.util.concurrent.atomic=ALL-UNNAMED -javaagent:C:\Program Files\Android\Android Studio\plugins\android\resources\trace_agent.jar=C:\Users\SHAHZA~1\AppData\Local\Temp\sync.trace.profile --add-opens=java.base/java.util=ALL-UNNAMED --add-opens=java.base/java.lang=ALL-UNNAMED --add-opens=java.base/java.lang.invoke=ALL-UNNAMED --add-opens=java.prefs/java.util.prefs=ALL-UNNAMED --add-opens=java.base/java.nio.charset=ALL-UNNAMED --add-opens=java.base/java.net=ALL-UNNAMED --add-opens=java.base/java.util.concurrent.atomic=ALL-UNNAMED -Xmx2048m -Dfile.encoding=UTF-8 -Duser.country=US -Duser.language=en -Duser.variant -javaagent:C:\Users\shahzaib lptp\AndroidStudioProjects\loginsqlite\wrapper\dists\gradle-8.3-rc-1-bin\3lbs5z64xhcdp1uarsx2vp16o\gradle-8.3-rc-1\lib\agents\gradle-instrumentation-agent-8.3.jar 
java_command: org.gradle.launcher.daemon.bootstrap.GradleDaemon 8.3-rc-1
java_class_path (initial): C:\Users\shahzaib lptp\AndroidStudioProjects\loginsqlite\wrapper\dists\gradle-8.3-rc-1-bin\3lbs5z64xhcdp1uarsx2vp16o\gradle-8.3-rc-1\lib\gradle-launcher-8.3.jar
Launcher Type: SUN_STANDARD

[Global flags]
     intx CICompilerCount                          = 3                                         {product} {ergonomic}
     uint ConcGCThreads                            = 1                                         {product} {ergonomic}
     uint G1ConcRefinementThreads                  = 4                                         {product} {ergonomic}
   size_t G1HeapRegionSize                         = 1048576                                   {product} {ergonomic}
    uintx GCDrainStackTargetSize                   = 64                                        {product} {ergonomic}
   size_t InitialHeapSize                          = 134217728                                 {product} {ergonomic}
   size_t MarkStackSize                            = 4194304                                   {product} {ergonomic}
   size_t MaxHeapSize                              = 2147483648                                {product} {command line}
   size_t MaxNewSize                               = 1287651328                                {product} {ergonomic}
   size_t MinHeapDeltaBytes                        = 1048576                                   {product} {ergonomic}
    uintx NonNMethodCodeHeapSize                   = 5830732                                {pd product} {ergonomic}
    uintx NonProfiledCodeHeapSize                  = 122913754                              {pd product} {ergonomic}
    uintx ProfiledCodeHeapSize                     = 122913754                              {pd product} {ergonomic}
    uintx ReservedCodeCacheSize                    = 251658240                              {pd product} {ergonomic}
     bool SegmentedCodeCache                       = true                                      {product} {ergonomic}
     bool UseCompressedClassPointers               = true                                 {lp64_product} {ergonomic}
     bool UseCompressedOops                        = true                                 {lp64_product} {ergonomic}
     bool UseG1GC                                  = true                                      {product} {ergonomic}
     bool UseLargePagesIndividualAllocation        = false                                  {pd product} {ergonomic}

Logging:
Log output configuration:
 #0: stdout all=warning uptime,level,tags
 #1: stderr all=off uptime,level,tags

Environment Variables:
PATH=C:\Program Files\Python310\Scripts\;C:\Program Files\Python310\;C:\Program Files\Common Files\Oracle\Java\javapath;C:\app\bin;C:\app\shahzaiblptp\product\11.2.0\dbhome_1\bin;C:\WINDOWS\system32;C:\WINDOWS;C:\WINDOWS\System32\Wbem;C:\WINDOWS\System32\WindowsPowerShell\v1.0\;c:\Program Files (x86)\Microsoft SQL Server\100\Tools\Binn\;c:\Program Files\Microsoft SQL Server\100\Tools\Binn\;c:\Program Files\Microsoft SQL Server\100\DTS\Binn\;C:\WINDOWS\System32\OpenSSH\;C:\ProgramData\chocolatey\bin;%JAVA_HOME%\bin;C:\Program Files\Git\cmd;C:\WINDOWS\System32;C:\Users\shahzaib lptp\AppData\Local\Microsoft\WindowsApps;C:\Program Files\JetBrains\IntelliJ IDEA Community Edition 2021.3\bin;;C:\Program Files\Python310\PyCharm Community Edition 2022.1\bin;;C:\Users\shahzaib lptp\AppData\Local\Programs\Microsoft VS Code\bin;C:\Program Files\flutter\bin;C:\src\flutter\bin;C:\Program Files\Android\Android Studio\bin;
USERNAME=shahzaib lptp
OS=Windows_NT
PROCESSOR_IDENTIFIER=Intel64 Family 6 Model 69 Stepping 1, GenuineIntel



---------------  S Y S T E M  ---------------

OS: Windows 10 , 64 bit Build 19041 (10.0.19041.3031)
OS uptime: 1 days 7:04 hours
Hyper-V role detected

CPU:total 4 (initial active 4) (2 cores per cpu, 2 threads per core) family 6 model 69 stepping 1 microcode 0x26, cmov, cx8, fxsr, mmx, sse, sse2, sse3, ssse3, sse4.1, sse4.2, popcnt, avx, avx2, aes, clmul, erms, lzcnt, ht, tsc, tscinvbit, bmi1, bmi2, fma

Memory: 4k page, system-wide physical 8073M (465M free)
TotalPageFile size 10073M (AvailPageFile size 25M)
current process WorkingSet (physical memory assigned to process): 489M, peak: 491M
current process commit charge ("private bytes"): 515M, peak: 560M

vm_info: OpenJDK 64-Bit Server VM (11.0.15+0-b2043.56-9505619) for windows-amd64 JRE (11.0.15+0-b2043.56-9505619), built on Jan 19 2023 02:48:00 by "builduser" with unknown MS VC++:1929

END.
