#
# There is insufficient memory for the Java Runtime Environment to continue.
# Native memory allocation (mmap) failed to map 38797312 bytes for Failed to commit area from 0x000000008b900000 to 0x000000008de00000 of length 38797312.
# Possible reasons:
#   The system is out of physical RAM or swap space
#   The process is running with CompressedOops enabled, and the Java Heap may be blocking the growth of the native heap
# Possible solutions:
#   Reduce memory load on the system
#   Increase physical memory or swap space
#   Check if swap backing store is full
#   Decrease Java heap size (-Xmx/-Xms)
#   Decrease number of Java threads
#   Decrease Java thread stack sizes (-Xss)
#   Set larger code cache with -XX:ReservedCodeCacheSize=
#   JVM is running with Unscaled Compressed Oops mode in which the Java heap is
#     placed in the first 4GB address space. The Java Heap base address is the
#     maximum limit for the native heap growth. Please use -XX:HeapBaseMinAddress
#     to set the Java Heap base and to place the Java Heap above 4GB virtual address.
# This output file may be truncated or incomplete.
#
#  Out of Memory Error (src/hotspot/os/windows/os_windows.cpp:3627), pid=9472, tid=10228
#
# JRE version: OpenJDK Runtime Environment (11.0.15) (build 11.0.15+0-b2043.56-9505619)
# Java VM: OpenJDK 64-Bit Server VM (11.0.15+0-b2043.56-9505619, mixed mode, tiered, compressed oops, g1 gc, windows-amd64)
# No core dump will be written. Minidumps are not enabled by default on client versions of Windows
#

---------------  S U M M A R Y ------------

Command Line: --add-opens=java.base/java.util.concurrent.atomic=ALL-UNNAMED -javaagent:C:\Program Files\Android\Android Studio\plugins\android\resources\trace_agent.jar=C:\Users\SHAHZA~1\AppData\Local\Temp\sync.trace.profile --add-opens=java.base/java.util=ALL-UNNAMED --add-opens=java.base/java.lang=ALL-UNNAMED --add-opens=java.base/java.lang.invoke=ALL-UNNAMED --add-opens=java.prefs/java.util.prefs=ALL-UNNAMED --add-opens=java.base/java.nio.charset=ALL-UNNAMED --add-opens=java.base/java.net=ALL-UNNAMED --add-opens=java.base/java.util.concurrent.atomic=ALL-UNNAMED -Xmx2048m -Dfile.encoding=UTF-8 -Duser.country=US -Duser.language=en -Duser.variant -javaagent:C:\Users\shahzaib lptp\AndroidStudioProjects\loginsqlite\wrapper\dists\gradle-8.3-rc-1-bin\3lbs5z64xhcdp1uarsx2vp16o\gradle-8.3-rc-1\lib\agents\gradle-instrumentation-agent-8.3.jar org.gradle.launcher.daemon.bootstrap.GradleDaemon 8.3-rc-1

Host: Intel(R) Core(TM) i5-4310U CPU @ 2.00GHz, 4 cores, 7G,  Windows 10 , 64 bit Build 19041 (10.0.19041.3031)
Time: Fri Jul 28 01:07:22 2023 Pakistan Standard Time elapsed time: 37.856457 seconds (0d 0h 0m 37s)

---------------  T H R E A D  ---------------

Current thread (0x000001c29d5b7000):  VMThread "VM Thread" [stack: 0x0000002000900000,0x0000002000a00000] [id=10228]

Stack: [0x0000002000900000,0x0000002000a00000]
[error occurred during error reporting (printing stack bounds), id 0xc0000005, EXCEPTION_ACCESS_VIOLATION (0xc0000005) at pc=0x000001c2874d112d]

Native frames: (J=compiled Java code, j=interpreted, Vv=VM code, C=native code)
V  [jvm.dll+0x64135a]
V  [jvm.dll+0x7d39f9]
V  [jvm.dll+0x7d51b9]
V  [jvm.dll+0x7d5805]
V  [jvm.dll+0x7d57bb]
V  [jvm.dll+0x640655]
V  [jvm.dll+0x640d68]
C  [ntdll.dll+0xa247f]
C  [ntdll.dll+0x514f4]
C  [ntdll.dll+0xa0f8e]
C  0x000001c2874d112d

VM_Operation (0x0000002001df1550): G1CollectForAllocation, mode: safepoint, requested by thread 0x000001c29fef5800


---------------  P R O C E S S  ---------------

Threads class SMR info:
_java_thread_list=0x000001c2a3f4d120, length=43, elements={
0x000001c2839a4000, 0x000001c29d5b9000, 0x000001c29d5ba000, 0x000001c29d5d5000,
0x000001c29d5d7000, 0x000001c29d5d8000, 0x000001c29d5db000, 0x000001c29d5dc000,
0x000001c29d5de000, 0x000001c283a7b000, 0x000001c2a3f3d000, 0x000001c2a24ce800,
0x000001c29fe22800, 0x000001c29fef7000, 0x000001c29fef4800, 0x000001c29fef4000,
0x000001c29fef5800, 0x000001c29fef6800, 0x000001c29fef1800, 0x000001c29fef2000,
0x000001c29fef8000, 0x000001c29fef3000, 0x000001c2a2dc9800, 0x000001c2a2dca800,
0x000001c2a2dc7000, 0x000001c2a2dc6000, 0x000001c2a2dc8000, 0x000001c2a2dc5800,
0x000001c2a2dc8800, 0x000001c2a2dc4800, 0x000001c2a2dcb000, 0x000001c2a2dcf000,
0x000001c2a2dd1000, 0x000001c2a2dcc800, 0x000001c2a2dd2800, 0x000001c2a2dd3800,
0x000001c2a2dcd800, 0x000001c2a1a19000, 0x000001c2a1a1b800, 0x000001c2a1a1a800,
0x000001c2a1a18000, 0x000001c2a1a1a000, 0x000001c29ea09000
}

Java Threads: ( => current thread )
  0x000001c2839a4000 JavaThread "main" [_thread_blocked, id=1204, stack(0x0000002000300000,0x0000002000400000)]
  0x000001c29d5b9000 JavaThread "Reference Handler" daemon [_thread_blocked, id=6284, stack(0x0000002000a00000,0x0000002000b00000)]
  0x000001c29d5ba000 JavaThread "Finalizer" daemon [_thread_blocked, id=9820, stack(0x0000002000b00000,0x0000002000c00000)]
  0x000001c29d5d5000 JavaThread "Signal Dispatcher" daemon [_thread_blocked, id=9036, stack(0x0000002000c00000,0x0000002000d00000)]
  0x000001c29d5d7000 JavaThread "Attach Listener" daemon [_thread_blocked, id=4464, stack(0x0000002000d00000,0x0000002000e00000)]
  0x000001c29d5d8000 JavaThread "Service Thread" daemon [_thread_blocked, id=4664, stack(0x0000002000e00000,0x0000002000f00000)]
  0x000001c29d5db000 JavaThread "C2 CompilerThread0" daemon [_thread_blocked, id=10524, stack(0x0000002000f00000,0x0000002001000000)]
  0x000001c29d5dc000 JavaThread "C1 CompilerThread0" daemon [_thread_blocked, id=1008, stack(0x0000002001000000,0x0000002001100000)]
  0x000001c29d5de000 JavaThread "Sweeper thread" daemon [_thread_blocked, id=4596, stack(0x0000002001100000,0x0000002001200000)]
  0x000001c283a7b000 JavaThread "Common-Cleaner" daemon [_thread_blocked, id=6060, stack(0x0000002001200000,0x0000002001300000)]
  0x000001c2a3f3d000 JavaThread "Daemon health stats" [_thread_blocked, id=9212, stack(0x0000002001700000,0x0000002001800000)]
  0x000001c2a24ce800 JavaThread "Incoming local TCP Connector on port 58185" [_thread_in_native, id=14316, stack(0x0000002001800000,0x0000002001900000)]
  0x000001c29fe22800 JavaThread "Daemon periodic checks" [_thread_blocked, id=13764, stack(0x0000002001900000,0x0000002001a00000)]
  0x000001c29fef7000 JavaThread "Daemon" [_thread_blocked, id=4936, stack(0x0000002001a00000,0x0000002001b00000)]
  0x000001c29fef4800 JavaThread "Handler for socket connection from /127.0.0.1:58185 to /127.0.0.1:58186" [_thread_in_native, id=9100, stack(0x0000002001b00000,0x0000002001c00000)]
  0x000001c29fef4000 JavaThread "Cancel handler" [_thread_blocked, id=460, stack(0x0000002001c00000,0x0000002001d00000)]
  0x000001c29fef5800 JavaThread "Daemon worker" [_thread_blocked, id=6648, stack(0x0000002001d00000,0x0000002001e00000)]
  0x000001c29fef6800 JavaThread "Asynchronous log dispatcher for DefaultDaemonConnection: socket connection from /127.0.0.1:58185 to /127.0.0.1:58186" [_thread_blocked, id=10800, stack(0x0000002001e00000,0x0000002001f00000)]
  0x000001c29fef1800 JavaThread "Stdin handler" [_thread_blocked, id=7124, stack(0x0000002001f00000,0x0000002002000000)]
  0x000001c29fef2000 JavaThread "Daemon client event forwarder" [_thread_blocked, id=5572, stack(0x0000002002000000,0x0000002002100000)]
  0x000001c29fef8000 JavaThread "Cache worker for journal cache (C:\Users\shahzaib lptp\AndroidStudioProjects\loginsqlite\caches\journal-1)" [_thread_blocked, id=7932, stack(0x0000002002200000,0x0000002002300000)]
  0x000001c29fef3000 JavaThread "File lock request listener" [_thread_in_native, id=12032, stack(0x0000002002300000,0x0000002002400000)]
  0x000001c2a2dc9800 JavaThread "Cache worker for file hash cache (C:\Users\shahzaib lptp\AndroidStudioProjects\loginsqlite\caches\8.3-rc-1\fileHashes)" [_thread_blocked, id=11748, stack(0x0000002002400000,0x0000002002500000)]
  0x000001c2a2dca800 JavaThread "File watcher server" daemon [_thread_in_native, id=3544, stack(0x0000002002500000,0x0000002002600000)]
  0x000001c2a2dc7000 JavaThread "File watcher consumer" daemon [_thread_blocked, id=10108, stack(0x0000002002600000,0x0000002002700000)]
  0x000001c2a2dc6000 JavaThread "Cache worker for checksums cache (C:\Users\shahzaib lptp\AndroidStudioProjects\EyeonwaterApp\.gradle\8.3-rc-1\checksums)" [_thread_blocked, id=1228, stack(0x0000002002700000,0x0000002002800000)]
  0x000001c2a2dc8000 JavaThread "Cache worker for file hash cache (C:\Users\shahzaib lptp\AndroidStudioProjects\EyeonwaterApp\.gradle\8.3-rc-1\fileHashes)" [_thread_blocked, id=10356, stack(0x0000002002800000,0x0000002002900000)]
  0x000001c2a2dc5800 JavaThread "Cache worker for cache directory md-supplier (C:\Users\shahzaib lptp\AndroidStudioProjects\loginsqlite\caches\8.3-rc-1\md-supplier)" [_thread_blocked, id=13788, stack(0x0000002002900000,0x0000002002a00000)]
  0x000001c2a2dc8800 JavaThread "Cache worker for file content cache (C:\Users\shahzaib lptp\AndroidStudioProjects\loginsqlite\caches\8.3-rc-1\fileContent)" [_thread_blocked, id=10744, stack(0x0000002002a00000,0x0000002002b00000)]
  0x000001c2a2dc4800 JavaThread "Cache worker for cache directory md-rule (C:\Users\shahzaib lptp\AndroidStudioProjects\loginsqlite\caches\8.3-rc-1\md-rule)" [_thread_blocked, id=10128, stack(0x0000002002b00000,0x0000002002c00000)]
  0x000001c2a2dcb000 JavaThread "Cache worker for execution history cache (C:\Users\shahzaib lptp\AndroidStudioProjects\loginsqlite\caches\8.3-rc-1\executionHistory)" [_thread_blocked, id=12148, stack(0x0000002002c00000,0x0000002002d00000)]
  0x000001c2a2dcf000 JavaThread "jar transforms" [_thread_blocked, id=9280, stack(0x0000002002d00000,0x0000002002e00000)]
  0x000001c2a2dd1000 JavaThread "jar transforms Thread 2" [_thread_blocked, id=10788, stack(0x0000002002e00000,0x0000002002f00000)]
  0x000001c2a2dcc800 JavaThread "jar transforms Thread 3" [_thread_blocked, id=8620, stack(0x0000002002f00000,0x0000002003000000)]
  0x000001c2a2dd2800 JavaThread "jar transforms Thread 4" [_thread_blocked, id=11432, stack(0x0000002003000000,0x0000002003100000)]
  0x000001c2a2dd3800 JavaThread "Cache worker for dependencies-accessors (C:\Users\shahzaib lptp\AndroidStudioProjects\EyeonwaterApp\.gradle\8.3-rc-1\dependencies-accessors)" [_thread_blocked, id=4976, stack(0x0000002003100000,0x0000002003200000)]
  0x000001c2a2dcd800 JavaThread "Cache worker for Build Output Cleanup Cache (C:\Users\shahzaib lptp\AndroidStudioProjects\EyeonwaterApp\.gradle\buildOutputCleanup)" [_thread_blocked, id=5748, stack(0x0000002001300000,0x0000002001400000)]
  0x000001c2a1a19000 JavaThread "Unconstrained build operations" [_thread_blocked, id=13496, stack(0x0000002003300000,0x0000002003400000)]
  0x000001c2a1a1b800 JavaThread "Unconstrained build operations Thread 2" [_thread_blocked, id=11180, stack(0x0000002003400000,0x0000002003500000)]
  0x000001c2a1a1a800 JavaThread "Unconstrained build operations Thread 3" [_thread_blocked, id=212, stack(0x0000002003500000,0x0000002003600000)]
  0x000001c2a1a18000 JavaThread "build event listener" [_thread_blocked, id=11604, stack(0x0000002003600000,0x0000002003700000)]
  0x000001c2a1a1a000 JavaThread "Memory manager" [_thread_blocked, id=11260, stack(0x0000002003700000,0x0000002003800000)]
  0x000001c29ea09000 JavaThread "C2 CompilerThread1" daemon [_thread_in_native, id=268, stack(0x0000002003200000,0x0000002003300000)]

Other Threads:
=>0x000001c29d5b7000 VMThread "VM Thread" [stack: 0x0000002000900000,0x0000002000a00000] [id=10228]
  0x000001c29ec07800 WatcherThread [stack: 0x0000002001400000,0x0000002001500000] [id=3576]
  0x000001c2839be000 GCTaskThread "GC Thread#0" [stack: 0x0000002000400000,0x0000002000500000] [id=6392]
  0x000001c29ec08000 GCTaskThread "GC Thread#1" [stack: 0x0000002001500000,0x0000002001600000] [id=11832]
  0x000001c29f19e800 GCTaskThread "GC Thread#2" [stack: 0x0000002001600000,0x0000002001700000] [id=12960]
  0x000001c2a1e85800 GCTaskThread "GC Thread#3" [stack: 0x0000002002100000,0x0000002002200000] [id=4848]
  0x000001c2839f0000 ConcurrentGCThread "G1 Main Marker" [stack: 0x0000002000500000,0x0000002000600000] [id=5204]
  0x000001c2839f1800 ConcurrentGCThread "G1 Conc#0" [stack: 0x0000002000600000,0x0000002000700000] [id=5448]
  0x000001c29d410800 ConcurrentGCThread "G1 Refine#0" [stack: 0x0000002000700000,0x0000002000800000] [id=13440]
  0x000001c29d411000 ConcurrentGCThread "G1 Young RemSet Sampling" [stack: 0x0000002000800000,0x0000002000900000] [id=10684]

Threads with active compile tasks:
C2 CompilerThread0    37883 9210       4       java.util.regex.Matcher::search (154 bytes)
C2 CompilerThread1    37884 9076       4       org.gradle.internal.instantiation.generator.AbstractClassGenerator::inspectType (560 bytes)

VM state:at safepoint (normal execution)

VM Mutex/Monitor currently owned by a thread:  ([mutex/lock_event])
[0x000001c28399f490] Threads_lock - owner thread: 0x000001c29d5b7000
[0x000001c28399feb0] Heap_lock - owner thread: 0x000001c29fef5800

Heap address: 0x0000000080000000, size: 2048 MB, Compressed Oops mode: 32-bit
Narrow klass base: 0x0000000000000000, Narrow klass shift: 3
Compressed class space size: 1073741824 Address: 0x0000000100000000

Heap:
 garbage-first heap   total 227328K, used 71324K [0x0000000080000000, 0x0000000100000000)
  region size 1024K, 9 young (9216K), 9 survivors (9216K)
 Metaspace       used 82110K, capacity 84559K, committed 84608K, reserved 1122304K
  class space    used 10706K, capacity 11601K, committed 11648K, reserved 1048576K
Heap Regions: E=young(eden), S=young(survivor), O=old, HS=humongous(starts), HC=humongous(continues), CS=collection set, F=free, A=archive, TAMS=top-at-mark-start (previous, next)
|   0|0x0000000080000000, 0x0000000080100000, 0x0000000080100000|100%|HS|  |TAMS 0x0000000080100000, 0x0000000080000000| Complete 
|   1|0x0000000080100000, 0x0000000080200000, 0x0000000080200000|100%|HC|  |TAMS 0x0000000080200000, 0x0000000080100000| Complete 
|   2|0x0000000080200000, 0x0000000080300000, 0x0000000080300000|100%|HC|  |TAMS 0x0000000080300000, 0x0000000080200000| Complete 
|   3|0x0000000080300000, 0x0000000080400000, 0x0000000080400000|100%|HC|  |TAMS 0x0000000080400000, 0x0000000080300000| Complete 
|   4|0x0000000080400000, 0x0000000080500000, 0x0000000080500000|100%| O|  |TAMS 0x0000000080500000, 0x0000000080400000| Untracked 
|   5|0x0000000080500000, 0x0000000080600000, 0x0000000080600000|100%| O|  |TAMS 0x0000000080600000, 0x0000000080500000| Untracked 
|   6|0x0000000080600000, 0x0000000080700000, 0x0000000080700000|100%| O|  |TAMS 0x0000000080700000, 0x0000000080600000| Untracked 
|   7|0x0000000080700000, 0x0000000080800000, 0x0000000080800000|100%| O|  |TAMS 0x0000000080800000, 0x0000000080700000| Untracked 
|   8|0x0000000080800000, 0x0000000080900000, 0x0000000080900000|100%| O|  |TAMS 0x0000000080900000, 0x0000000080800000| Untracked 
|   9|0x0000000080900000, 0x0000000080a00000, 0x0000000080a00000|100%| O|  |TAMS 0x0000000080a00000, 0x0000000080900000| Untracked 
|  10|0x0000000080a00000, 0x0000000080b00000, 0x0000000080b00000|100%| O|  |TAMS 0x0000000080b00000, 0x0000000080a00000| Untracked 
|  11|0x0000000080b00000, 0x0000000080c00000, 0x0000000080c00000|100%| O|  |TAMS 0x0000000080c00000, 0x0000000080b00000| Untracked 
|  12|0x0000000080c00000, 0x0000000080d00000, 0x0000000080d00000|100%| O|  |TAMS 0x0000000080d00000, 0x0000000080c00000| Untracked 
|  13|0x0000000080d00000, 0x0000000080e00000, 0x0000000080e00000|100%| O|  |TAMS 0x0000000080e00000, 0x0000000080d00000| Untracked 
|  14|0x0000000080e00000, 0x0000000080f00000, 0x0000000080f00000|100%| O|  |TAMS 0x0000000080f00000, 0x0000000080e00000| Untracked 
|  15|0x0000000080f00000, 0x0000000081000000, 0x0000000081000000|100%| O|  |TAMS 0x0000000081000000, 0x0000000080f00000| Untracked 
|  16|0x0000000081000000, 0x0000000081100000, 0x0000000081100000|100%| O|  |TAMS 0x0000000081100000, 0x0000000081000000| Untracked 
|  17|0x0000000081100000, 0x0000000081200000, 0x0000000081200000|100%| O|  |TAMS 0x0000000081200000, 0x0000000081100000| Untracked 
|  18|0x0000000081200000, 0x0000000081300000, 0x0000000081300000|100%| O|  |TAMS 0x0000000081300000, 0x0000000081200000| Untracked 
|  19|0x0000000081300000, 0x0000000081400000, 0x0000000081400000|100%|HS|  |TAMS 0x0000000081400000, 0x0000000081300000| Complete 
|  20|0x0000000081400000, 0x0000000081500000, 0x0000000081500000|100%|HS|  |TAMS 0x0000000081500000, 0x0000000081400000| Complete 
|  21|0x0000000081500000, 0x0000000081600000, 0x0000000081600000|100%|HS|  |TAMS 0x0000000081600000, 0x0000000081500000| Complete 
|  22|0x0000000081600000, 0x0000000081700000, 0x0000000081700000|100%| O|  |TAMS 0x0000000081700000, 0x0000000081600000| Untracked 
|  23|0x0000000081700000, 0x0000000081800000, 0x0000000081800000|100%| O|  |TAMS 0x0000000081800000, 0x0000000081700000| Untracked 
|  24|0x0000000081800000, 0x0000000081900000, 0x0000000081900000|100%| O|  |TAMS 0x0000000081900000, 0x0000000081800000| Untracked 
|  25|0x0000000081900000, 0x0000000081a00000, 0x0000000081a00000|100%| O|  |TAMS 0x0000000081a00000, 0x0000000081900000| Untracked 
|  26|0x0000000081a00000, 0x0000000081b00000, 0x0000000081b00000|100%| O|  |TAMS 0x0000000081b00000, 0x0000000081a00000| Untracked 
|  27|0x0000000081b00000, 0x0000000081c00000, 0x0000000081c00000|100%| O|  |TAMS 0x0000000081c00000, 0x0000000081b00000| Untracked 
|  28|0x0000000081c00000, 0x0000000081d00000, 0x0000000081d00000|100%| O|  |TAMS 0x0000000081d00000, 0x0000000081c00000| Untracked 
|  29|0x0000000081d00000, 0x0000000081e00000, 0x0000000081e00000|100%| O|  |TAMS 0x0000000081e00000, 0x0000000081d00000| Untracked 
|  30|0x0000000081e00000, 0x0000000081f00000, 0x0000000081f00000|100%| O|  |TAMS 0x0000000081f00000, 0x0000000081e00000| Untracked 
|  31|0x0000000081f00000, 0x0000000082000000, 0x0000000082000000|100%| O|  |TAMS 0x0000000082000000, 0x0000000081f00000| Untracked 
|  32|0x0000000082000000, 0x0000000082100000, 0x0000000082100000|100%| O|  |TAMS 0x0000000082100000, 0x0000000082000000| Untracked 
|  33|0x0000000082100000, 0x0000000082200000, 0x0000000082200000|100%| O|  |TAMS 0x0000000082200000, 0x0000000082100000| Untracked 
|  34|0x0000000082200000, 0x0000000082300000, 0x0000000082300000|100%| O|  |TAMS 0x0000000082300000, 0x0000000082200000| Untracked 
|  35|0x0000000082300000, 0x0000000082400000, 0x0000000082400000|100%| O|  |TAMS 0x0000000082400000, 0x0000000082300000| Untracked 
|  36|0x0000000082400000, 0x0000000082500000, 0x0000000082500000|100%| O|  |TAMS 0x0000000082500000, 0x0000000082400000| Untracked 
|  37|0x0000000082500000, 0x0000000082600000, 0x0000000082600000|100%| O|  |TAMS 0x0000000082600000, 0x0000000082500000| Untracked 
|  38|0x0000000082600000, 0x0000000082700000, 0x0000000082700000|100%| O|  |TAMS 0x0000000082700000, 0x0000000082600000| Untracked 
|  39|0x0000000082700000, 0x0000000082800000, 0x0000000082800000|100%| O|  |TAMS 0x0000000082800000, 0x0000000082700000| Untracked 
|  40|0x0000000082800000, 0x0000000082900000, 0x0000000082900000|100%| O|  |TAMS 0x0000000082900000, 0x0000000082800000| Untracked 
|  41|0x0000000082900000, 0x0000000082a00000, 0x0000000082a00000|100%| O|  |TAMS 0x0000000082a00000, 0x0000000082900000| Untracked 
|  42|0x0000000082a00000, 0x0000000082b00000, 0x0000000082b00000|100%| O|  |TAMS 0x0000000082b00000, 0x0000000082a00000| Untracked 
|  43|0x0000000082b00000, 0x0000000082c00000, 0x0000000082c00000|100%| O|  |TAMS 0x0000000082c00000, 0x0000000082b00000| Untracked 
|  44|0x0000000082c00000, 0x0000000082d00000, 0x0000000082d00000|100%| O|  |TAMS 0x0000000082d00000, 0x0000000082c00000| Untracked 
|  45|0x0000000082d00000, 0x0000000082e00000, 0x0000000082e00000|100%| O|  |TAMS 0x0000000082e00000, 0x0000000082d00000| Untracked 
|  46|0x0000000082e00000, 0x0000000082f00000, 0x0000000082f00000|100%| O|  |TAMS 0x0000000082e63000, 0x0000000082e00000| Untracked 
|  47|0x0000000082f00000, 0x0000000083000000, 0x0000000083000000|100%| O|  |TAMS 0x0000000082f00000, 0x0000000082f00000| Untracked 
|  48|0x0000000083000000, 0x0000000083100000, 0x0000000083100000|100%| O|  |TAMS 0x0000000083000000, 0x0000000083000000| Untracked 
|  49|0x0000000083100000, 0x0000000083200000, 0x0000000083200000|100%| O|  |TAMS 0x0000000083100000, 0x0000000083100000| Untracked 
|  50|0x0000000083200000, 0x0000000083300000, 0x0000000083300000|100%| O|  |TAMS 0x0000000083200000, 0x0000000083200000| Untracked 
|  51|0x0000000083300000, 0x0000000083400000, 0x0000000083400000|100%| O|  |TAMS 0x0000000083300000, 0x0000000083300000| Untracked 
|  52|0x0000000083400000, 0x0000000083500000, 0x0000000083500000|100%| O|  |TAMS 0x0000000083400000, 0x0000000083400000| Untracked 
|  53|0x0000000083500000, 0x0000000083600000, 0x0000000083600000|100%| O|  |TAMS 0x0000000083500000, 0x0000000083500000| Untracked 
|  54|0x0000000083600000, 0x0000000083700000, 0x0000000083700000|100%| O|  |TAMS 0x0000000083600000, 0x0000000083600000| Untracked 
|  55|0x0000000083700000, 0x0000000083800000, 0x0000000083800000|100%| O|  |TAMS 0x0000000083700000, 0x0000000083700000| Untracked 
|  56|0x0000000083800000, 0x0000000083900000, 0x0000000083900000|100%| O|  |TAMS 0x0000000083800000, 0x0000000083800000| Untracked 
|  57|0x0000000083900000, 0x0000000083a00000, 0x0000000083a00000|100%| O|  |TAMS 0x0000000083900000, 0x0000000083900000| Untracked 
|  58|0x0000000083a00000, 0x0000000083b00000, 0x0000000083b00000|100%| O|  |TAMS 0x0000000083a00000, 0x0000000083a00000| Untracked 
|  59|0x0000000083b00000, 0x0000000083c00000, 0x0000000083c00000|100%| O|  |TAMS 0x0000000083b00000, 0x0000000083b00000| Untracked 
|  60|0x0000000083c00000, 0x0000000083d00000, 0x0000000083d00000|100%| O|  |TAMS 0x0000000083c00000, 0x0000000083c00000| Untracked 
|  61|0x0000000083d00000, 0x0000000083d40600, 0x0000000083e00000| 25%| O|  |TAMS 0x0000000083d00000, 0x0000000083d00000| Untracked 
|  62|0x0000000083e00000, 0x0000000083e00000, 0x0000000083f00000|  0%| F|  |TAMS 0x0000000083e00000, 0x0000000083e00000| Untracked 
|  63|0x0000000083f00000, 0x0000000083f00000, 0x0000000084000000|  0%| F|  |TAMS 0x0000000083f00000, 0x0000000083f00000| Untracked 
|  64|0x0000000084000000, 0x0000000084000000, 0x0000000084100000|  0%| F|  |TAMS 0x0000000084000000, 0x0000000084000000| Untracked 
|  65|0x0000000084100000, 0x0000000084100000, 0x0000000084200000|  0%| F|  |TAMS 0x0000000084100000, 0x0000000084100000| Untracked 
|  66|0x0000000084200000, 0x0000000084200000, 0x0000000084300000|  0%| F|  |TAMS 0x0000000084200000, 0x0000000084200000| Untracked 
|  67|0x0000000084300000, 0x0000000084300000, 0x0000000084400000|  0%| F|  |TAMS 0x0000000084300000, 0x0000000084300000| Untracked 
|  68|0x0000000084400000, 0x0000000084400000, 0x0000000084500000|  0%| F|  |TAMS 0x0000000084400000, 0x0000000084400000| Untracked 
|  69|0x0000000084500000, 0x0000000084500000, 0x0000000084600000|  0%| F|  |TAMS 0x0000000084500000, 0x0000000084500000| Untracked 
|  70|0x0000000084600000, 0x0000000084600000, 0x0000000084700000|  0%| F|  |TAMS 0x0000000084600000, 0x0000000084600000| Untracked 
|  71|0x0000000084700000, 0x0000000084700000, 0x0000000084800000|  0%| F|  |TAMS 0x0000000084700000, 0x0000000084700000| Untracked 
|  72|0x0000000084800000, 0x0000000084800000, 0x0000000084900000|  0%| F|  |TAMS 0x0000000084800000, 0x0000000084800000| Untracked 
|  73|0x0000000084900000, 0x0000000084900000, 0x0000000084a00000|  0%| F|  |TAMS 0x0000000084900000, 0x0000000084900000| Untracked 
|  74|0x0000000084a00000, 0x0000000084a00000, 0x0000000084b00000|  0%| F|  |TAMS 0x0000000084a00000, 0x0000000084a00000| Untracked 
|  75|0x0000000084b00000, 0x0000000084b00000, 0x0000000084c00000|  0%| F|  |TAMS 0x0000000084b00000, 0x0000000084b00000| Untracked 
|  76|0x0000000084c00000, 0x0000000084c00000, 0x0000000084d00000|  0%| F|  |TAMS 0x0000000084c00000, 0x0000000084c00000| Untracked 
|  77|0x0000000084d00000, 0x0000000084d00000, 0x0000000084e00000|  0%| F|  |TAMS 0x0000000084d00000, 0x0000000084d00000| Untracked 
|  78|0x0000000084e00000, 0x0000000084e00000, 0x0000000084f00000|  0%| F|  |TAMS 0x0000000084e00000, 0x0000000084e00000| Untracked 
|  79|0x0000000084f00000, 0x0000000084f00000, 0x0000000085000000|  0%| F|  |TAMS 0x0000000084f00000, 0x0000000084f00000| Untracked 
|  80|0x0000000085000000, 0x0000000085000000, 0x0000000085100000|  0%| F|  |TAMS 0x0000000085000000, 0x0000000085000000| Untracked 
|  81|0x0000000085100000, 0x0000000085100000, 0x0000000085200000|  0%| F|  |TAMS 0x0000000085100000, 0x0000000085100000| Untracked 
|  82|0x0000000085200000, 0x0000000085200000, 0x0000000085300000|  0%| F|  |TAMS 0x0000000085200000, 0x0000000085200000| Untracked 
|  83|0x0000000085300000, 0x0000000085300000, 0x0000000085400000|  0%| F|  |TAMS 0x0000000085300000, 0x0000000085300000| Untracked 
|  84|0x0000000085400000, 0x0000000085400000, 0x0000000085500000|  0%| F|  |TAMS 0x0000000085400000, 0x0000000085400000| Untracked 
|  85|0x0000000085500000, 0x0000000085500000, 0x0000000085600000|  0%| F|  |TAMS 0x0000000085500000, 0x0000000085500000| Untracked 
|  86|0x0000000085600000, 0x0000000085600000, 0x0000000085700000|  0%| F|  |TAMS 0x0000000085600000, 0x0000000085600000| Untracked 
|  87|0x0000000085700000, 0x0000000085700000, 0x0000000085800000|  0%| F|  |TAMS 0x0000000085700000, 0x0000000085700000| Untracked 
|  88|0x0000000085800000, 0x0000000085800000, 0x0000000085900000|  0%| F|  |TAMS 0x0000000085800000, 0x0000000085800000| Untracked 
|  89|0x0000000085900000, 0x0000000085900000, 0x0000000085a00000|  0%| F|  |TAMS 0x0000000085900000, 0x0000000085900000| Untracked 
|  90|0x0000000085a00000, 0x0000000085a00000, 0x0000000085b00000|  0%| F|  |TAMS 0x0000000085a00000, 0x0000000085a00000| Untracked 
|  91|0x0000000085b00000, 0x0000000085b00000, 0x0000000085c00000|  0%| F|  |TAMS 0x0000000085b00000, 0x0000000085b00000| Untracked 
|  92|0x0000000085c00000, 0x0000000085c66a38, 0x0000000085d00000| 40%| S|CS|TAMS 0x0000000085c00000, 0x0000000085c00000| Complete 
|  93|0x0000000085d00000, 0x0000000085e00000, 0x0000000085e00000|100%| S|CS|TAMS 0x0000000085d00000, 0x0000000085d00000| Complete 
|  94|0x0000000085e00000, 0x0000000085f00000, 0x0000000085f00000|100%| S|CS|TAMS 0x0000000085e00000, 0x0000000085e00000| Complete 
|  95|0x0000000085f00000, 0x0000000086000000, 0x0000000086000000|100%| S|CS|TAMS 0x0000000085f00000, 0x0000000085f00000| Complete 
|  96|0x0000000086000000, 0x0000000086100000, 0x0000000086100000|100%| S|CS|TAMS 0x0000000086000000, 0x0000000086000000| Complete 
|  97|0x0000000086100000, 0x0000000086200000, 0x0000000086200000|100%| S|CS|TAMS 0x0000000086100000, 0x0000000086100000| Complete 
|  98|0x0000000086200000, 0x0000000086300000, 0x0000000086300000|100%| S|CS|TAMS 0x0000000086200000, 0x0000000086200000| Complete 
|  99|0x0000000086300000, 0x0000000086300000, 0x0000000086400000|  0%| F|  |TAMS 0x0000000086300000, 0x0000000086300000| Untracked 
| 100|0x0000000086400000, 0x0000000086400000, 0x0000000086500000|  0%| F|  |TAMS 0x0000000086400000, 0x0000000086400000| Untracked 
| 101|0x0000000086500000, 0x0000000086600000, 0x0000000086600000|100%| S|CS|TAMS 0x0000000086500000, 0x0000000086500000| Complete 
| 102|0x0000000086600000, 0x0000000086700000, 0x0000000086700000|100%| S|CS|TAMS 0x0000000086600000, 0x0000000086600000| Complete 
| 103|0x0000000086700000, 0x0000000086700000, 0x0000000086800000|  0%| F|  |TAMS 0x0000000086700000, 0x0000000086700000| Untracked 
| 104|0x0000000086800000, 0x0000000086800000, 0x0000000086900000|  0%| F|  |TAMS 0x0000000086800000, 0x0000000086800000| Untracked 
| 105|0x0000000086900000, 0x0000000086900000, 0x0000000086a00000|  0%| F|  |TAMS 0x0000000086900000, 0x0000000086900000| Untracked 
| 106|0x0000000086a00000, 0x0000000086a00000, 0x0000000086b00000|  0%| F|  |TAMS 0x0000000086a00000, 0x0000000086a00000| Untracked 
| 107|0x0000000086b00000, 0x0000000086b00000, 0x0000000086c00000|  0%| F|  |TAMS 0x0000000086b00000, 0x0000000086b00000| Untracked 
| 108|0x0000000086c00000, 0x0000000086c00000, 0x0000000086d00000|  0%| F|  |TAMS 0x0000000086c00000, 0x0000000086c00000| Untracked 
| 109|0x0000000086d00000, 0x0000000086d00000, 0x0000000086e00000|  0%| F|  |TAMS 0x0000000086d00000, 0x0000000086d00000| Untracked 
| 110|0x0000000086e00000, 0x0000000086e00000, 0x0000000086f00000|  0%| F|  |TAMS 0x0000000086e00000, 0x0000000086e00000| Untracked 
| 111|0x0000000086f00000, 0x0000000086f00000, 0x0000000087000000|  0%| F|  |TAMS 0x0000000086f00000, 0x0000000086f00000| Untracked 
| 112|0x0000000087000000, 0x0000000087000000, 0x0000000087100000|  0%| F|  |TAMS 0x0000000087000000, 0x0000000087000000| Untracked 
| 113|0x0000000087100000, 0x0000000087100000, 0x0000000087200000|  0%| F|  |TAMS 0x0000000087100000, 0x0000000087100000| Untracked 
| 114|0x0000000087200000, 0x0000000087200000, 0x0000000087300000|  0%| F|  |TAMS 0x0000000087200000, 0x0000000087200000| Untracked 
| 115|0x0000000087300000, 0x0000000087300000, 0x0000000087400000|  0%| F|  |TAMS 0x0000000087300000, 0x0000000087300000| Untracked 
| 116|0x0000000087400000, 0x0000000087400000, 0x0000000087500000|  0%| F|  |TAMS 0x0000000087400000, 0x0000000087400000| Untracked 
| 117|0x0000000087500000, 0x0000000087500000, 0x0000000087600000|  0%| F|  |TAMS 0x0000000087500000, 0x0000000087500000| Untracked 
| 118|0x0000000087600000, 0x0000000087600000, 0x0000000087700000|  0%| F|  |TAMS 0x0000000087600000, 0x0000000087600000| Untracked 
| 119|0x0000000087700000, 0x0000000087700000, 0x0000000087800000|  0%| F|  |TAMS 0x0000000087700000, 0x0000000087700000| Untracked 
| 120|0x0000000087800000, 0x0000000087800000, 0x0000000087900000|  0%| F|  |TAMS 0x0000000087800000, 0x0000000087800000| Untracked 
| 121|0x0000000087900000, 0x0000000087900000, 0x0000000087a00000|  0%| F|  |TAMS 0x0000000087900000, 0x0000000087900000| Untracked 
| 122|0x0000000087a00000, 0x0000000087a00000, 0x0000000087b00000|  0%| F|  |TAMS 0x0000000087a00000, 0x0000000087a00000| Untracked 
| 123|0x0000000087b00000, 0x0000000087b00000, 0x0000000087c00000|  0%| F|  |TAMS 0x0000000087b00000, 0x0000000087b00000| Untracked 
| 124|0x0000000087c00000, 0x0000000087c00000, 0x0000000087d00000|  0%| F|  |TAMS 0x0000000087c00000, 0x0000000087c00000| Untracked 
| 125|0x0000000087d00000, 0x0000000087d00000, 0x0000000087e00000|  0%| F|  |TAMS 0x0000000087d00000, 0x0000000087d00000| Untracked 
| 126|0x0000000087e00000, 0x0000000087e00000, 0x0000000087f00000|  0%| F|  |TAMS 0x0000000087e00000, 0x0000000087e00000| Untracked 
| 127|0x0000000087f00000, 0x0000000087f00000, 0x0000000088000000|  0%| F|  |TAMS 0x0000000087f00000, 0x0000000087f00000| Untracked 
| 128|0x0000000088000000, 0x0000000088000000, 0x0000000088100000|  0%| F|  |TAMS 0x0000000088000000, 0x0000000088000000| Untracked 
| 129|0x0000000088100000, 0x0000000088100000, 0x0000000088200000|  0%| F|  |TAMS 0x0000000088100000, 0x0000000088100000| Untracked 
| 130|0x0000000088200000, 0x0000000088200000, 0x0000000088300000|  0%| F|  |TAMS 0x0000000088200000, 0x0000000088200000| Untracked 
| 131|0x0000000088300000, 0x0000000088300000, 0x0000000088400000|  0%| F|  |TAMS 0x0000000088300000, 0x0000000088300000| Untracked 
| 132|0x0000000088400000, 0x0000000088400000, 0x0000000088500000|  0%| F|  |TAMS 0x0000000088400000, 0x0000000088400000| Untracked 
| 133|0x0000000088500000, 0x0000000088500000, 0x0000000088600000|  0%| F|  |TAMS 0x0000000088500000, 0x0000000088500000| Untracked 
| 134|0x0000000088600000, 0x0000000088600000, 0x0000000088700000|  0%| F|  |TAMS 0x0000000088600000, 0x0000000088600000| Untracked 
| 135|0x0000000088700000, 0x0000000088700000, 0x0000000088800000|  0%| F|  |TAMS 0x0000000088700000, 0x0000000088700000| Untracked 
| 136|0x0000000088800000, 0x0000000088800000, 0x0000000088900000|  0%| F|  |TAMS 0x0000000088800000, 0x0000000088800000| Untracked 
| 137|0x0000000088900000, 0x0000000088900000, 0x0000000088a00000|  0%| F|  |TAMS 0x0000000088900000, 0x0000000088900000| Untracked 
| 138|0x0000000088a00000, 0x0000000088a00000, 0x0000000088b00000|  0%| F|  |TAMS 0x0000000088a00000, 0x0000000088a00000| Untracked 
| 139|0x0000000088b00000, 0x0000000088b00000, 0x0000000088c00000|  0%| F|  |TAMS 0x0000000088b00000, 0x0000000088b00000| Untracked 
| 140|0x0000000088c00000, 0x0000000088c00000, 0x0000000088d00000|  0%| F|  |TAMS 0x0000000088c00000, 0x0000000088c00000| Untracked 
| 141|0x0000000088d00000, 0x0000000088d00000, 0x0000000088e00000|  0%| F|  |TAMS 0x0000000088d00000, 0x0000000088d00000| Untracked 
| 142|0x0000000088e00000, 0x0000000088e00000, 0x0000000088f00000|  0%| F|  |TAMS 0x0000000088e00000, 0x0000000088e00000| Untracked 
| 143|0x0000000088f00000, 0x0000000088f00000, 0x0000000089000000|  0%| F|  |TAMS 0x0000000088f00000, 0x0000000088f00000| Untracked 
| 144|0x0000000089000000, 0x0000000089000000, 0x0000000089100000|  0%| F|  |TAMS 0x0000000089000000, 0x0000000089000000| Untracked 
| 145|0x0000000089100000, 0x0000000089100000, 0x0000000089200000|  0%| F|  |TAMS 0x0000000089100000, 0x0000000089100000| Untracked 
| 146|0x0000000089200000, 0x0000000089200000, 0x0000000089300000|  0%| F|  |TAMS 0x0000000089200000, 0x0000000089200000| Untracked 
| 147|0x0000000089300000, 0x0000000089300000, 0x0000000089400000|  0%| F|  |TAMS 0x0000000089300000, 0x0000000089300000| Untracked 
| 148|0x0000000089400000, 0x0000000089400000, 0x0000000089500000|  0%| F|  |TAMS 0x0000000089400000, 0x0000000089400000| Untracked 
| 149|0x0000000089500000, 0x0000000089500000, 0x0000000089600000|  0%| F|  |TAMS 0x0000000089500000, 0x0000000089500000| Untracked 
| 150|0x0000000089600000, 0x0000000089600000, 0x0000000089700000|  0%| F|  |TAMS 0x0000000089600000, 0x0000000089600000| Untracked 
| 151|0x0000000089700000, 0x0000000089700000, 0x0000000089800000|  0%| F|  |TAMS 0x0000000089700000, 0x0000000089700000| Untracked 
| 152|0x0000000089800000, 0x0000000089800000, 0x0000000089900000|  0%| F|  |TAMS 0x0000000089800000, 0x0000000089800000| Untracked 
| 153|0x0000000089900000, 0x0000000089900000, 0x0000000089a00000|  0%| F|  |TAMS 0x0000000089900000, 0x0000000089900000| Untracked 
| 154|0x0000000089a00000, 0x0000000089a00000, 0x0000000089b00000|  0%| F|  |TAMS 0x0000000089a00000, 0x0000000089a00000| Untracked 
| 155|0x0000000089b00000, 0x0000000089b00000, 0x0000000089c00000|  0%| F|  |TAMS 0x0000000089b00000, 0x0000000089b00000| Untracked 
| 156|0x0000000089c00000, 0x0000000089c00000, 0x0000000089d00000|  0%| F|  |TAMS 0x0000000089c00000, 0x0000000089c00000| Untracked 
| 157|0x0000000089d00000, 0x0000000089d00000, 0x0000000089e00000|  0%| F|  |TAMS 0x0000000089d00000, 0x0000000089d00000| Untracked 
| 158|0x0000000089e00000, 0x0000000089e00000, 0x0000000089f00000|  0%| F|  |TAMS 0x0000000089e00000, 0x0000000089e00000| Untracked 
| 159|0x0000000089f00000, 0x0000000089f00000, 0x000000008a000000|  0%| F|  |TAMS 0x0000000089f00000, 0x0000000089f00000| Untracked 
| 160|0x000000008a000000, 0x000000008a000000, 0x000000008a100000|  0%| F|  |TAMS 0x000000008a000000, 0x000000008a000000| Untracked 
| 161|0x000000008a100000, 0x000000008a100000, 0x000000008a200000|  0%| F|  |TAMS 0x000000008a100000, 0x000000008a100000| Untracked 
| 162|0x000000008a200000, 0x000000008a200000, 0x000000008a300000|  0%| F|  |TAMS 0x000000008a200000, 0x000000008a200000| Untracked 
| 163|0x000000008a300000, 0x000000008a300000, 0x000000008a400000|  0%| F|  |TAMS 0x000000008a300000, 0x000000008a300000| Untracked 
| 164|0x000000008a400000, 0x000000008a400000, 0x000000008a500000|  0%| F|  |TAMS 0x000000008a400000, 0x000000008a400000| Untracked 
| 165|0x000000008a500000, 0x000000008a500000, 0x000000008a600000|  0%| F|  |TAMS 0x000000008a500000, 0x000000008a500000| Untracked 
| 166|0x000000008a600000, 0x000000008a600000, 0x000000008a700000|  0%| F|  |TAMS 0x000000008a600000, 0x000000008a600000| Untracked 
| 167|0x000000008a700000, 0x000000008a700000, 0x000000008a800000|  0%| F|  |TAMS 0x000000008a700000, 0x000000008a700000| Untracked 
| 168|0x000000008a800000, 0x000000008a800000, 0x000000008a900000|  0%| F|  |TAMS 0x000000008a800000, 0x000000008a800000| Untracked 
| 169|0x000000008a900000, 0x000000008a900000, 0x000000008aa00000|  0%| F|  |TAMS 0x000000008a900000, 0x000000008a900000| Untracked 
| 170|0x000000008aa00000, 0x000000008aa00000, 0x000000008ab00000|  0%| F|  |TAMS 0x000000008aa00000, 0x000000008aa00000| Untracked 
| 171|0x000000008ab00000, 0x000000008ab00000, 0x000000008ac00000|  0%| F|  |TAMS 0x000000008ab00000, 0x000000008ab00000| Untracked 
| 172|0x000000008ac00000, 0x000000008ac00000, 0x000000008ad00000|  0%| F|  |TAMS 0x000000008ac00000, 0x000000008ac00000| Untracked 
| 173|0x000000008ad00000, 0x000000008ad00000, 0x000000008ae00000|  0%| F|  |TAMS 0x000000008ad00000, 0x000000008ad00000| Untracked 
| 174|0x000000008ae00000, 0x000000008ae00000, 0x000000008af00000|  0%| F|  |TAMS 0x000000008ae00000, 0x000000008ae00000| Untracked 
| 175|0x000000008af00000, 0x000000008af00000, 0x000000008b000000|  0%| F|  |TAMS 0x000000008af00000, 0x000000008af00000| Untracked 
| 176|0x000000008b000000, 0x000000008b000000, 0x000000008b100000|  0%| F|  |TAMS 0x000000008b000000, 0x000000008b000000| Untracked 
| 177|0x000000008b100000, 0x000000008b100000, 0x000000008b200000|  0%| F|  |TAMS 0x000000008b100000, 0x000000008b100000| Untracked 
| 178|0x000000008b200000, 0x000000008b200000, 0x000000008b300000|  0%| F|  |TAMS 0x000000008b200000, 0x000000008b200000| Untracked 
| 179|0x000000008b300000, 0x000000008b300000, 0x000000008b400000|  0%| F|  |TAMS 0x000000008b300000, 0x000000008b300000| Untracked 
| 180|0x000000008b400000, 0x000000008b400000, 0x000000008b500000|  0%| F|  |TAMS 0x000000008b400000, 0x000000008b400000| Untracked 
| 181|0x000000008b500000, 0x000000008b500000, 0x000000008b600000|  0%| F|  |TAMS 0x000000008b500000, 0x000000008b500000| Untracked 
| 182|0x000000008b600000, 0x000000008b600000, 0x000000008b700000|  0%| F|  |TAMS 0x000000008b600000, 0x000000008b600000| Untracked 
| 183|0x000000008b700000, 0x000000008b700000, 0x000000008b800000|  0%| F|  |TAMS 0x000000008b700000, 0x000000008b700000| Untracked 
| 184|0x000000008b800000, 0x000000008b800000, 0x000000008b900000|  0%| F|  |TAMS 0x000000008b800000, 0x000000008b800000| Untracked 

Card table byte_map: [0x000001c2968d0000,0x000001c296cd0000] _byte_map_base: 0x000001c2964d0000

Marking Bits (Prev, Next): (CMBitMap*) 0x000001c2839e71d0, (CMBitMap*) 0x000001c2839e7198
 Prev Bits: [0x000001c2990d0000, 0x000001c29b0d0000)
 Next Bits: [0x000001c2970d0000, 0x000001c2990d0000)

Polling page: 0x000001c2817f0000

Metaspace:

Usage:
  Non-class:     71.25 MB capacity,    69.73 MB ( 98%) used,     1.25 MB (  2%) free+waste,   271.94 KB ( <1%) overhead. 
      Class:     11.33 MB capacity,    10.46 MB ( 92%) used,   766.92 KB (  7%) free+waste,   127.31 KB (  1%) overhead. 
       Both:     82.58 MB capacity,    80.19 MB ( 97%) used,     2.00 MB (  2%) free+waste,   399.25 KB ( <1%) overhead. 

Virtual space:
  Non-class space:       72.00 MB reserved,      71.25 MB ( 99%) committed 
      Class space:        1.00 GB reserved,      11.38 MB (  1%) committed 
             Both:        1.07 GB reserved,      82.62 MB (  8%) committed 

Chunk freelists:
   Non-Class:  2.00 KB
       Class:  15.00 KB
        Both:  17.00 KB

MaxMetaspaceSize: 17179869184.00 GB
CompressedClassSpaceSize: 1.00 GB
Initial GC threshold: 20.80 MB
Current GC threshold: 98.34 MB
CDS: off

CodeHeap 'non-profiled nmethods': size=120064Kb used=7008Kb max_used=7008Kb free=113055Kb
 bounds [0x000001c28ef90000, 0x000001c28f670000, 0x000001c2964d0000]
CodeHeap 'profiled nmethods': size=120000Kb used=20580Kb max_used=20580Kb free=99420Kb
 bounds [0x000001c287a60000, 0x000001c288e80000, 0x000001c28ef90000]
CodeHeap 'non-nmethods': size=5696Kb used=2373Kb max_used=2424Kb free=3322Kb
 bounds [0x000001c2874d0000, 0x000001c287740000, 0x000001c287a60000]
 total_blobs=9929 nmethods=9035 adapters=806
 compilation: enabled
              stopped_count=0, restarted_count=0
 full_count=0

Compilation events (20 events):
Event: 37.532 Thread 0x000001c29d5dc000 9212       3       java.util.Formatter::checkText (58 bytes)
Event: 37.533 Thread 0x000001c29d5dc000 nmethod 9212 0x000001c288e6ef90 code [0x000001c288e6f240, 0x000001c288e6fef8]
Event: 37.533 Thread 0x000001c29d5dc000 9213       1       java.util.Formatter$FixedString::index (3 bytes)
Event: 37.534 Thread 0x000001c29d5dc000 nmethod 9213 0x000001c28f65f010 code [0x000001c28f65f1c0, 0x000001c28f65f278]
Event: 37.663 Thread 0x000001c29d5dc000 9214       3       java.lang.invoke.MethodType::parameterArray (11 bytes)
Event: 37.665 Thread 0x000001c29d5dc000 nmethod 9214 0x000001c288e70410 code [0x000001c288e705e0, 0x000001c288e70888]
Event: 37.667 Thread 0x000001c29d5dc000 9215       2       jdk.internal.loader.BuiltinClassLoader::hasClassPath (13 bytes)
Event: 37.667 Thread 0x000001c29d5dc000 nmethod 9215 0x000001c288e70990 code [0x000001c288e70b40, 0x000001c288e70c58]
Event: 37.679 Thread 0x000001c29d5dc000 9217       3       sun.nio.fs.WindowsPathParser::normalize (233 bytes)
Event: 37.687 Thread 0x000001c29d5dc000 nmethod 9217 0x000001c288e70d10 code [0x000001c288e71380, 0x000001c288e74888]
Event: 37.698 Thread 0x000001c29d5dc000 9218       3       com.android.tools.tracer.agent.objectweb.asm.commons.AdviceAdapter::popValue (21 bytes)
Event: 37.698 Thread 0x000001c29d5dc000 nmethod 9218 0x000001c288e75c10 code [0x000001c288e75de0, 0x000001c288e76058]
Event: 37.702 Thread 0x000001c29d5dc000 9219       3       com.android.tools.tracer.agent.objectweb.asm.commons.AdviceAdapter::doVisitMethodInsn (188 bytes)
Event: 37.704 Thread 0x000001c29d5dc000 nmethod 9219 0x000001c288e76110 code [0x000001c288e76440, 0x000001c288e776c8]
Event: 37.725 Thread 0x000001c29d5dc000 9221       3       java.lang.Module::getLayer (43 bytes)
Event: 37.726 Thread 0x000001c29d5dc000 nmethod 9221 0x000001c288e77d10 code [0x000001c288e77f00, 0x000001c288e78288]
Event: 37.758 Thread 0x000001c29d5dc000 9222       3       java.util.ArrayList::remove (26 bytes)
Event: 37.759 Thread 0x000001c29d5dc000 nmethod 9222 0x000001c288e78390 code [0x000001c288e785c0, 0x000001c288e78d18]
Event: 37.811 Thread 0x000001c29d5db000 nmethod 9176 0x000001c28f65f810 code [0x000001c28f65fbc0, 0x000001c28f664748]
Event: 37.812 Thread 0x000001c29d5db000 9210       4       java.util.regex.Matcher::search (154 bytes)

GC Heap History (20 events):
Event: 25.076 GC heap after
{Heap after GC invocations=17 (full 0):
 garbage-first heap   total 157696K, used 47297K [0x0000000080000000, 0x0000000100000000)
  region size 1024K, 12 young (12288K), 12 survivors (12288K)
 Metaspace       used 54660K, capacity 56410K, committed 56448K, reserved 1097728K
  class space    used 6937K, capacity 7547K, committed 7552K, reserved 1048576K
}
Event: 26.074 GC heap before
{Heap before GC invocations=17 (full 0):
 garbage-first heap   total 157696K, used 126145K [0x0000000080000000, 0x0000000100000000)
  region size 1024K, 89 young (91136K), 12 survivors (12288K)
 Metaspace       used 58067K, capacity 59901K, committed 60032K, reserved 1101824K
  class space    used 7348K, capacity 8009K, committed 8064K, reserved 1048576K
}
Event: 26.100 GC heap after
{Heap after GC invocations=18 (full 0):
 garbage-first heap   total 189440K, used 49323K [0x0000000080000000, 0x0000000100000000)
  region size 1024K, 2 young (2048K), 2 survivors (2048K)
 Metaspace       used 58067K, capacity 59901K, committed 60032K, reserved 1101824K
  class space    used 7348K, capacity 8009K, committed 8064K, reserved 1048576K
}
Event: 26.143 GC heap before
{Heap before GC invocations=18 (full 0):
 garbage-first heap   total 189440K, used 54443K [0x0000000080000000, 0x0000000100000000)
  region size 1024K, 8 young (8192K), 2 survivors (2048K)
 Metaspace       used 58281K, capacity 60125K, committed 60160K, reserved 1101824K
  class space    used 7363K, capacity 8041K, committed 8064K, reserved 1048576K
}
Event: 26.149 GC heap after
{Heap after GC invocations=19 (full 0):
 garbage-first heap   total 189440K, used 48968K [0x0000000080000000, 0x0000000100000000)
  region size 1024K, 2 young (2048K), 2 survivors (2048K)
 Metaspace       used 58281K, capacity 60125K, committed 60160K, reserved 1101824K
  class space    used 7363K, capacity 8041K, committed 8064K, reserved 1048576K
}
Event: 27.455 GC heap before
{Heap before GC invocations=20 (full 0):
 garbage-first heap   total 189440K, used 129864K [0x0000000080000000, 0x0000000100000000)
  region size 1024K, 81 young (82944K), 2 survivors (2048K)
 Metaspace       used 61639K, capacity 63618K, committed 63872K, reserved 1103872K
  class space    used 7765K, capacity 8501K, committed 8576K, reserved 1048576K
}
Event: 27.463 GC heap after
{Heap after GC invocations=21 (full 0):
 garbage-first heap   total 189440K, used 49548K [0x0000000080000000, 0x0000000100000000)
  region size 1024K, 2 young (2048K), 2 survivors (2048K)
 Metaspace       used 61639K, capacity 63618K, committed 63872K, reserved 1103872K
  class space    used 7765K, capacity 8501K, committed 8576K, reserved 1048576K
}
Event: 28.892 GC heap before
{Heap before GC invocations=21 (full 0):
 garbage-first heap   total 189440K, used 139660K [0x0000000080000000, 0x0000000100000000)
  region size 1024K, 85 young (87040K), 2 survivors (2048K)
 Metaspace       used 65610K, capacity 67633K, committed 67968K, reserved 1107968K
  class space    used 8272K, capacity 8990K, committed 9088K, reserved 1048576K
}
Event: 28.908 GC heap after
{Heap after GC invocations=22 (full 0):
 garbage-first heap   total 189440K, used 59314K [0x0000000080000000, 0x0000000100000000)
  region size 1024K, 9 young (9216K), 9 survivors (9216K)
 Metaspace       used 65610K, capacity 67633K, committed 67968K, reserved 1107968K
  class space    used 8272K, capacity 8990K, committed 9088K, reserved 1048576K
}
Event: 30.159 GC heap before
{Heap before GC invocations=22 (full 0):
 garbage-first heap   total 189440K, used 142258K [0x0000000080000000, 0x0000000100000000)
  region size 1024K, 88 young (90112K), 9 survivors (9216K)
 Metaspace       used 68643K, capacity 70713K, committed 70912K, reserved 1110016K
  class space    used 8657K, capacity 9416K, committed 9472K, reserved 1048576K
}
Event: 30.177 GC heap after
{Heap after GC invocations=23 (full 0):
 garbage-first heap   total 189440K, used 57477K [0x0000000080000000, 0x0000000100000000)
  region size 1024K, 4 young (4096K), 4 survivors (4096K)
 Metaspace       used 68643K, capacity 70713K, committed 70912K, reserved 1110016K
  class space    used 8657K, capacity 9416K, committed 9472K, reserved 1048576K
}
Event: 31.634 GC heap before
{Heap before GC invocations=23 (full 0):
 garbage-first heap   total 189440K, used 141445K [0x0000000080000000, 0x0000000100000000)
  region size 1024K, 86 young (88064K), 4 survivors (4096K)
 Metaspace       used 70759K, capacity 72770K, committed 73088K, reserved 1112064K
  class space    used 8969K, capacity 9732K, committed 9856K, reserved 1048576K
}
Event: 31.648 GC heap after
{Heap after GC invocations=24 (full 0):
 garbage-first heap   total 189440K, used 60254K [0x0000000080000000, 0x0000000100000000)
  region size 1024K, 7 young (7168K), 7 survivors (7168K)
 Metaspace       used 70759K, capacity 72770K, committed 73088K, reserved 1112064K
  class space    used 8969K, capacity 9732K, committed 9856K, reserved 1048576K
}
Event: 32.805 GC heap before
{Heap before GC invocations=24 (full 0):
 garbage-first heap   total 189440K, used 145246K [0x0000000080000000, 0x0000000100000000)
  region size 1024K, 90 young (92160K), 7 survivors (7168K)
 Metaspace       used 73169K, capacity 75400K, committed 75648K, reserved 1114112K
  class space    used 9279K, capacity 10096K, committed 10112K, reserved 1048576K
}
Event: 32.824 GC heap after
{Heap after GC invocations=25 (full 0):
 garbage-first heap   total 189440K, used 62622K [0x0000000080000000, 0x0000000100000000)
  region size 1024K, 9 young (9216K), 9 survivors (9216K)
 Metaspace       used 73169K, capacity 75400K, committed 75648K, reserved 1114112K
  class space    used 9279K, capacity 10096K, committed 10112K, reserved 1048576K
}
Event: 34.356 GC heap before
{Heap before GC invocations=25 (full 0):
 garbage-first heap   total 189440K, used 147614K [0x0000000080000000, 0x0000000100000000)
  region size 1024K, 92 young (94208K), 9 survivors (9216K)
 Metaspace       used 76702K, capacity 78872K, committed 78976K, reserved 1118208K
  class space    used 9941K, capacity 10780K, committed 10880K, reserved 1048576K
}
Event: 34.382 GC heap after
{Heap after GC invocations=26 (full 0):
 garbage-first heap   total 189440K, used 64544K [0x0000000080000000, 0x0000000100000000)
  region size 1024K, 8 young (8192K), 8 survivors (8192K)
 Metaspace       used 76702K, capacity 78872K, committed 78976K, reserved 1118208K
  class space    used 9941K, capacity 10780K, committed 10880K, reserved 1048576K
}
Event: 36.206 GC heap before
{Heap before GC invocations=26 (full 0):
 garbage-first heap   total 189440K, used 150560K [0x0000000080000000, 0x0000000100000000)
  region size 1024K, 92 young (94208K), 8 survivors (8192K)
 Metaspace       used 78892K, capacity 81182K, committed 81280K, reserved 1120256K
  class space    used 10238K, capacity 11118K, committed 11136K, reserved 1048576K
}
Event: 36.233 GC heap after
{Heap after GC invocations=27 (full 0):
 garbage-first heap   total 189440K, used 68809K [0x0000000080000000, 0x0000000100000000)
  region size 1024K, 9 young (9216K), 9 survivors (9216K)
 Metaspace       used 78892K, capacity 81182K, committed 81280K, reserved 1120256K
  class space    used 10238K, capacity 11118K, committed 11136K, reserved 1048576K
}
Event: 37.828 GC heap before
{Heap before GC invocations=27 (full 0):
 garbage-first heap   total 189440K, used 152777K [0x0000000080000000, 0x0000000100000000)
  region size 1024K, 91 young (93184K), 9 survivors (9216K)
 Metaspace       used 82110K, capacity 84559K, committed 84608K, reserved 1122304K
  class space    used 10706K, capacity 11601K, committed 11648K, reserved 1048576K
}

Deoptimization events (20 events):
Event: 36.982 Thread 0x000001c29fef5800 DEOPT PACKING pc=0x000001c288021d6c sp=0x0000002001df72f0
Event: 36.982 Thread 0x000001c29fef5800 DEOPT UNPACKING pc=0x000001c28751a95e sp=0x0000002001df67e0 mode 0
Event: 37.093 Thread 0x000001c29fef5800 DEOPT PACKING pc=0x000001c28895f96c sp=0x0000002001df8e30
Event: 37.093 Thread 0x000001c29fef5800 DEOPT UNPACKING pc=0x000001c28751a95e sp=0x0000002001df83d0 mode 0
Event: 37.141 Thread 0x000001c29fef5800 DEOPT PACKING pc=0x000001c2889888a7 sp=0x0000002001df8b10
Event: 37.141 Thread 0x000001c29fef5800 DEOPT UNPACKING pc=0x000001c28751a95e sp=0x0000002001df7fa0 mode 0
Event: 37.163 Thread 0x000001c29fef5800 DEOPT PACKING pc=0x000001c28895f1d6 sp=0x0000002001df8e10
Event: 37.163 Thread 0x000001c29fef5800 DEOPT UNPACKING pc=0x000001c28751a95e sp=0x0000002001df83b0 mode 0
Event: 37.489 Thread 0x000001c29fef5800 Uncommon trap: trap_request=0xffffffe4 fr.pc=0x000001c28f464100 relative=0x0000000000001ea0
Event: 37.489 Thread 0x000001c29fef5800 Uncommon trap: reason=range_check action=make_not_entrant pc=0x000001c28f464100 method=com.android.tools.tracer.agent.objectweb.asm.ClassReader.readUnsignedShort(I)I @ 19 c2
Event: 37.489 Thread 0x000001c29fef5800 DEOPT PACKING pc=0x000001c28f464100 sp=0x0000002001df29d0
Event: 37.489 Thread 0x000001c29fef5800 DEOPT UNPACKING pc=0x000001c28751a1af sp=0x0000002001df28d0 mode 2
Event: 37.556 Thread 0x000001c29fef5800 Uncommon trap: trap_request=0xffffff4d fr.pc=0x000001c28f4481b8 relative=0x0000000000001018
Event: 37.556 Thread 0x000001c29fef5800 Uncommon trap: reason=unstable_if action=reinterpret pc=0x000001c28f4481b8 method=sun.nio.fs.WindowsPathParser.nextNonSlash(Ljava/lang/String;II)I @ 2 c2
Event: 37.556 Thread 0x000001c29fef5800 DEOPT PACKING pc=0x000001c28f4481b8 sp=0x0000002001df8af0
Event: 37.556 Thread 0x000001c29fef5800 DEOPT UNPACKING pc=0x000001c28751a1af sp=0x0000002001df8a60 mode 2
Event: 37.697 Thread 0x000001c29fef5800 Uncommon trap: trap_request=0xffffff4d fr.pc=0x000001c28f1abe60 relative=0x00000000000016e0
Event: 37.698 Thread 0x000001c29fef5800 Uncommon trap: reason=unstable_if action=reinterpret pc=0x000001c28f1abe60 method=com.android.tools.tracer.agent.objectweb.asm.commons.AdviceAdapter.doVisitMethodInsn(ILjava/lang/String;Ljava/lang/String;)V @ 135 c2
Event: 37.698 Thread 0x000001c29fef5800 DEOPT PACKING pc=0x000001c28f1abe60 sp=0x0000002001df39e0
Event: 37.698 Thread 0x000001c29fef5800 DEOPT UNPACKING pc=0x000001c28751a1af sp=0x0000002001df39b0 mode 2

Classes redefined (0 events):
No events

Internal exceptions (20 events):
Event: 35.482 Thread 0x000001c29fef5800 Exception <a 'java/lang/ClassNotFoundException'{0x0000000087af8bd8}: org/gradle/api/internal/artifacts/configurations/DefaultConfigurationContainerCustomizer> (0x0000000087af8bd8) thrown at [src/hotspot/share/classfile/systemDictionary.cpp, line 230]
Event: 35.484 Thread 0x000001c29fef5800 Exception <a 'java/lang/ClassNotFoundException'{0x0000000087944dd8}: org/gradle/api/internal/artifacts/configurations/DefaultConfigurationContainer_DecoratedCustomizer> (0x0000000087944dd8) thrown at [src/hotspot/share/classfile/systemDictionary.cpp, line 230]
Event: 35.506 Thread 0x000001c29fef5800 Exception <a 'java/lang/ClassNotFoundException'{0x0000000087601a10}: org/gradle/api/internal/artifacts/configurations/DefaultConfiguration_DecoratedBeanInfo> (0x0000000087601a10) thrown at [src/hotspot/share/classfile/systemDictionary.cpp, line 230]
Event: 35.507 Thread 0x000001c29fef5800 Exception <a 'java/lang/ClassNotFoundException'{0x0000000087631410}: org/gradle/api/internal/artifacts/configurations/DefaultConfigurationBeanInfo> (0x0000000087631410) thrown at [src/hotspot/share/classfile/systemDictionary.cpp, line 230]
Event: 35.508 Thread 0x000001c29fef5800 Exception <a 'java/lang/ClassNotFoundException'{0x000000008764e5c8}: org/gradle/api/internal/file/AbstractFileCollectionBeanInfo> (0x000000008764e5c8) thrown at [src/hotspot/share/classfile/systemDictionary.cpp, line 230]
Event: 35.509 Thread 0x000001c29fef5800 Exception <a 'java/lang/ClassNotFoundException'{0x000000008766b830}: org/gradle/api/internal/file/AbstractFileCollectionCustomizer> (0x000000008766b830) thrown at [src/hotspot/share/classfile/systemDictionary.cpp, line 230]
Event: 35.511 Thread 0x000001c29fef5800 Exception <a 'java/lang/ClassNotFoundException'{0x00000000876ad6d0}: org/gradle/api/internal/artifacts/configurations/DefaultConfigurationCustomizer> (0x00000000876ad6d0) thrown at [src/hotspot/share/classfile/systemDictionary.cpp, line 230]
Event: 35.515 Thread 0x000001c29fef5800 Exception <a 'java/lang/ClassNotFoundException'{0x0000000087531d78}: org/gradle/api/internal/artifacts/configurations/DefaultConfiguration_DecoratedCustomizer> (0x0000000087531d78) thrown at [src/hotspot/share/classfile/systemDictionary.cpp, line 230]
Event: 35.540 Thread 0x000001c29fef5800 Exception <a 'java/lang/ClassNotFoundException'{0x00000000873eb0f0}: org/codehaus/groovy/runtime/MethodClosureBeanInfo> (0x00000000873eb0f0) thrown at [src/hotspot/share/classfile/systemDictionary.cpp, line 230]
Event: 35.544 Thread 0x000001c29fef5800 Exception <a 'java/lang/ClassNotFoundException'{0x00000000871c89e0}: org/codehaus/groovy/runtime/MethodClosureCustomizer> (0x00000000871c89e0) thrown at [src/hotspot/share/classfile/systemDictionary.cpp, line 230]
Event: 35.550 Thread 0x000001c29fef5800 Exception <a 'java/lang/ClassNotFoundException'{0x000000008703ccb8}: org/gradle/api/internal/artifacts/configurations/DefaultConfiguration$ConfigurationResolvableDependencies_DecoratedBeanInfo> (0x000000008703ccb8) thrown at [src/hotspot/share/classfile/systemDictionary.cpp, line 230]
Event: 35.551 Thread 0x000001c29fef5800 Exception <a 'java/lang/ClassNotFoundException'{0x0000000087075f08}: org/gradle/api/internal/artifacts/configurations/DefaultConfiguration$ConfigurationResolvableDependenciesBeanInfo> (0x0000000087075f08) thrown at [src/hotspot/share/classfile/systemDictionary.cpp, line 230]
Event: 35.553 Thread 0x000001c29fef5800 Exception <a 'java/lang/ClassNotFoundException'{0x00000000870b0f30}: org/gradle/api/internal/artifacts/configurations/DefaultConfiguration$ConfigurationResolvableDependenciesCustomizer> (0x00000000870b0f30) thrown at [src/hotspot/share/classfile/systemDictionary.cpp, line 230]
Event: 35.555 Thread 0x000001c29fef5800 Exception <a 'java/lang/ClassNotFoundException'{0x00000000870fcec0}: org/gradle/api/internal/artifacts/configurations/DefaultConfiguration$ConfigurationResolvableDependencies_DecoratedCustomizer> (0x00000000870fcec0) thrown at [src/hotspot/share/classfile/systemDictionary.cpp, line 230]
Event: 36.726 Thread 0x000001c29fef5800 Exception <a 'java/lang/NoSuchMethodError'{0x000000008a65a1e8}: 'java.lang.Object java.lang.invoke.DirectMethodHandle$Holder.invokeStatic(java.lang.Object, java.lang.Object, java.lang.Object, java.lang.Object, java.lang.Object, java.lang.Object, int)'> (0x000000008a65a1e8) thrown at [src/hotspot/share/interpreter/linkResolver.cpp, line 773]
Event: 36.727 Thread 0x000001c29fef5800 Exception <a 'java/lang/NoSuchMethodError'{0x000000008a65eca0}: 'java.lang.Object java.lang.invoke.DirectMethodHandle$Holder.invokeSpecial(java.lang.Object, java.lang.Object, java.lang.Object, java.lang.Object, java.lang.Object, java.lang.Object, java.lang.Object, int)'> (0x000000008a65eca0) thrown at [src/hotspot/share/interpreter/linkResolver.cpp, line 773]
Event: 36.727 Thread 0x000001c29fef5800 Exception <a 'java/lang/NoSuchMethodError'{0x000000008a6635e8}: 'java.lang.Object java.lang.invoke.Invokers$Holder.linkToTargetMethod(java.lang.Object, java.lang.Object, java.lang.Object, java.lang.Object, java.lang.Object, int, java.lang.Object)'> (0x000000008a6635e8) thrown at [src/hotspot/share/interpreter/linkResolver.cpp, line 773]
Event: 36.976 Thread 0x000001c29fef5800 Exception <a 'java/lang/NoSuchMethodError'{0x00000000899d87f8}: 'java.lang.Object java.lang.invoke.DirectMethodHandle$Holder.invokeStatic(java.lang.Object, java.lang.Object, java.lang.Object, java.lang.Object, java.lang.Object, java.lang.Object, int, int)'> (0x00000000899d87f8) thrown at [src/hotspot/share/interpreter/linkResolver.cpp, line 773]
Event: 36.982 Thread 0x000001c29fef5800 Exception <a 'java/lang/NoSuchMethodError'{0x00000000899fee38}: 'java.lang.Object java.lang.invoke.DirectMethodHandle$Holder.invokeStatic(java.lang.Object, java.lang.Object, java.lang.Object, java.lang.Object, java.lang.Object, java.lang.Object, int, int, java.lang.Object)'> (0x00000000899fee38) thrown at [src/hotspot/share/interpreter/linkResolver.cpp, line 773]
Event: 37.390 Thread 0x000001c29fef5800 Exception <a 'sun/nio/fs/WindowsException'{0x000000008825a568}> (0x000000008825a568) thrown at [src/hotspot/share/prims/jni.cpp, line 617]

Events (20 events):
Event: 37.805 loading class com/sun/xml/bind/v2/util/QNameMap$Entry done
Event: 37.807 loading class com/sun/xml/bind/v2/runtime/JAXBContextImpl$1
Event: 37.807 loading class com/sun/xml/bind/v2/runtime/JAXBContextImpl$1 done
Event: 37.809 loading class com/sun/istack/Pool$Impl
Event: 37.809 loading class com/sun/istack/Pool$Impl done
Event: 37.810 loading class com/sun/xml/bind/v2/runtime/JAXBContextImpl$2
Event: 37.810 loading class com/sun/xml/bind/v2/runtime/JAXBContextImpl$2 done
Event: 37.812 loading class com/sun/xml/bind/v2/runtime/NameBuilder
Event: 37.812 loading class com/sun/xml/bind/v2/runtime/NameBuilder done
Event: 37.814 loading class com/sun/xml/bind/v2/model/impl/RuntimeModelBuilder
Event: 37.814 loading class com/sun/xml/bind/v2/model/impl/RuntimeModelBuilder done
Event: 37.817 loading class com/sun/xml/bind/v2/model/impl/ModelBuilder
Event: 37.817 loading class com/sun/xml/bind/v2/model/impl/ModelBuilder done
Event: 37.820 loading class com/sun/xml/bind/v2/model/impl/ModelBuilderI
Event: 37.821 loading class com/sun/xml/bind/v2/model/impl/ModelBuilderI done
Event: 37.823 loading class com/sun/xml/bind/v2/model/core/RegistryInfo
Event: 37.823 loading class com/sun/xml/bind/v2/model/core/RegistryInfo done
Event: 37.824 loading class com/sun/xml/bind/v2/model/impl/ClassInfoImpl
Event: 37.824 loading class com/sun/xml/bind/v2/model/impl/ClassInfoImpl done
Event: 37.828 Executing VM operation: G1CollectForAllocation


Dynamic libraries:
0x00007ff7a6e00000 - 0x00007ff7a6e0a000 	C:\Program Files\Android\Android Studio\jbr\bin\java.exe
0x00007ff902a30000 - 0x00007ff902c28000 	C:\WINDOWS\SYSTEM32\ntdll.dll
0x00007ff901d00000 - 0x00007ff901dbf000 	C:\WINDOWS\System32\KERNEL32.DLL
0x00007ff9002a0000 - 0x00007ff900596000 	C:\WINDOWS\System32\KERNELBASE.dll
0x00007ff9001a0000 - 0x00007ff9002a0000 	C:\WINDOWS\System32\ucrtbase.dll
0x00007ff8ec850000 - 0x00007ff8ec867000 	C:\Program Files\Android\Android Studio\jbr\bin\jli.dll
0x00007ff8f8b20000 - 0x00007ff8f8b3b000 	C:\Program Files\Android\Android Studio\jbr\bin\VCRUNTIME140.dll
0x00007ff9027f0000 - 0x00007ff90298d000 	C:\WINDOWS\System32\USER32.dll
0x00007ff900610000 - 0x00007ff900632000 	C:\WINDOWS\System32\win32u.dll
0x00007ff902120000 - 0x00007ff90214c000 	C:\WINDOWS\System32\GDI32.dll
0x00007ff8ebc40000 - 0x00007ff8ebeda000 	C:\WINDOWS\WinSxS\amd64_microsoft.windows.common-controls_6595b64144ccf1df_6.0.19041.1110_none_60b5254171f9507e\COMCTL32.dll
0x00007ff9006e0000 - 0x00007ff9007f5000 	C:\WINDOWS\System32\gdi32full.dll
0x00007ff9024d0000 - 0x00007ff90256e000 	C:\WINDOWS\System32\msvcrt.dll
0x00007ff900640000 - 0x00007ff9006dd000 	C:\WINDOWS\System32\msvcp_win.dll
0x00007ff901400000 - 0x00007ff901430000 	C:\WINDOWS\System32\IMM32.DLL
0x00007ff8fb560000 - 0x00007ff8fb56c000 	C:\Program Files\Android\Android Studio\jbr\bin\vcruntime140_1.dll
0x00007ff8e89d0000 - 0x00007ff8e8a5d000 	C:\Program Files\Android\Android Studio\jbr\bin\msvcp140.dll
0x00007ff8bb460000 - 0x00007ff8bc01c000 	C:\Program Files\Android\Android Studio\jbr\bin\server\jvm.dll
0x00007ff900f00000 - 0x00007ff900faf000 	C:\WINDOWS\System32\ADVAPI32.dll
0x00007ff902750000 - 0x00007ff9027ec000 	C:\WINDOWS\System32\sechost.dll
0x00007ff902570000 - 0x00007ff902696000 	C:\WINDOWS\System32\RPCRT4.dll
0x00007ff902740000 - 0x00007ff902748000 	C:\WINDOWS\System32\PSAPI.DLL
0x00007ff8f9f30000 - 0x00007ff8f9f39000 	C:\WINDOWS\SYSTEM32\WSOCK32.dll
0x00007ff8f2a10000 - 0x00007ff8f2a37000 	C:\WINDOWS\SYSTEM32\WINMM.dll
0x00007ff901010000 - 0x00007ff90107b000 	C:\WINDOWS\System32\WS2_32.dll
0x00007ff8f3d40000 - 0x00007ff8f3d4a000 	C:\WINDOWS\SYSTEM32\VERSION.dll
0x00007ff8fe910000 - 0x00007ff8fe922000 	C:\WINDOWS\SYSTEM32\kernel.appcore.dll
0x00007ff8f8b10000 - 0x00007ff8f8b20000 	C:\Program Files\Android\Android Studio\jbr\bin\verify.dll
0x00007ff8efcb0000 - 0x00007ff8efe94000 	C:\WINDOWS\SYSTEM32\DBGHELP.DLL
0x00007ff8efc70000 - 0x00007ff8efca4000 	C:\WINDOWS\SYSTEM32\dbgcore.DLL
0x00007ff900110000 - 0x00007ff900192000 	C:\WINDOWS\System32\bcryptPrimitives.dll
0x00007ff8f8ae0000 - 0x00007ff8f8b08000 	C:\Program Files\Android\Android Studio\jbr\bin\java.dll
0x00007ff8f86d0000 - 0x00007ff8f86da000 	C:\Program Files\Android\Android Studio\jbr\bin\jimage.dll
0x00007ff8ec870000 - 0x00007ff8ec87e000 	C:\Program Files\Android\Android Studio\jbr\bin\instrument.dll
0x00007ff8ec830000 - 0x00007ff8ec848000 	C:\Program Files\Android\Android Studio\jbr\bin\zip.dll
0x00007ff9015b0000 - 0x00007ff901cf4000 	C:\WINDOWS\System32\SHELL32.dll
0x00007ff8fdb30000 - 0x00007ff8fe2c3000 	C:\WINDOWS\SYSTEM32\windows.storage.dll
0x00007ff901dc0000 - 0x00007ff902114000 	C:\WINDOWS\System32\combase.dll
0x00007ff8ff9a0000 - 0x00007ff8ff9ce000 	C:\WINDOWS\SYSTEM32\Wldp.dll
0x00007ff902420000 - 0x00007ff9024cd000 	C:\WINDOWS\System32\SHCORE.dll
0x00007ff902990000 - 0x00007ff9029e5000 	C:\WINDOWS\System32\shlwapi.dll
0x00007ff900050000 - 0x00007ff90006f000 	C:\WINDOWS\SYSTEM32\profapi.dll
0x00007ff8e1a40000 - 0x00007ff8e1a4a000 	C:\Program Files\Android\Android Studio\jbr\bin\management.dll
0x00007ff8e19d0000 - 0x00007ff8e19db000 	C:\Program Files\Android\Android Studio\jbr\bin\management_ext.dll
0x00007ff8c9c80000 - 0x00007ff8c9c99000 	C:\Program Files\Android\Android Studio\jbr\bin\net.dll
0x00007ff8f5190000 - 0x00007ff8f529a000 	C:\WINDOWS\SYSTEM32\WINHTTP.dll
0x00007ff8ff780000 - 0x00007ff8ff7ea000 	C:\WINDOWS\system32\mswsock.dll
0x00007ff8c9c60000 - 0x00007ff8c9c73000 	C:\Program Files\Android\Android Studio\jbr\bin\nio.dll
0x00007ff8bded0000 - 0x00007ff8bdee7000 	C:\WINDOWS\system32\napinsp.dll
0x00007ff8bdeb0000 - 0x00007ff8bdecb000 	C:\WINDOWS\system32\pnrpnsp.dll
0x00007ff8e03c0000 - 0x00007ff8e03d5000 	C:\WINDOWS\system32\wshbth.dll
0x00007ff8fb4a0000 - 0x00007ff8fb4bd000 	C:\WINDOWS\system32\NLAapi.dll
0x00007ff8ff490000 - 0x00007ff8ff4cc000 	C:\WINDOWS\SYSTEM32\IPHLPAPI.DLL
0x00007ff8ff4d0000 - 0x00007ff8ff59a000 	C:\WINDOWS\SYSTEM32\DNSAPI.dll
0x00007ff902410000 - 0x00007ff902418000 	C:\WINDOWS\System32\NSI.dll
0x00007ff8bde90000 - 0x00007ff8bdea2000 	C:\WINDOWS\System32\winrnr.dll
0x00007ff8f3b20000 - 0x00007ff8f3b2a000 	C:\Windows\System32\rasadhlp.dll
0x00007ff8f5020000 - 0x00007ff8f50a2000 	C:\WINDOWS\System32\fwpuclnt.dll
0x00007ff900a60000 - 0x00007ff900a87000 	C:\WINDOWS\System32\bcrypt.dll
0x00007ff8fb520000 - 0x00007ff8fb547000 	C:\Users\shahzaib lptp\AndroidStudioProjects\loginsqlite\native\68d5fa5c4cc2d200863cafc0d521ce42e7d3e7ee720ec0a83991735586a16f82\windows-amd64\native-platform.dll
0x00007ff8e3750000 - 0x00007ff8e3894000 	C:\Users\shahzaib lptp\AndroidStudioProjects\loginsqlite\native\e376f236ea51e6404a007f0833ffe2c6e607c4080706a723a18a27aeea778392\windows-amd64\native-platform-file-events.dll
0x00007ff8ffcf0000 - 0x00007ff8ffd08000 	C:\WINDOWS\SYSTEM32\CRYPTSP.dll
0x00007ff8ff0c0000 - 0x00007ff8ff0f4000 	C:\WINDOWS\system32\rsaenh.dll
0x00007ff900010000 - 0x00007ff90003e000 	C:\WINDOWS\SYSTEM32\USERENV.dll
0x00007ff8ff910000 - 0x00007ff8ff91c000 	C:\WINDOWS\SYSTEM32\CRYPTBASE.dll
0x00007ff8f6ef0000 - 0x00007ff8f6f07000 	C:\WINDOWS\SYSTEM32\dhcpcsvc6.DLL
0x00007ff8f6ed0000 - 0x00007ff8f6eed000 	C:\WINDOWS\SYSTEM32\dhcpcsvc.DLL

dbghelp: loaded successfully - version: 4.0.5 - missing functions: none
symbol engine: initialized successfully - sym options: 0x614 - pdb path: .;C:\Program Files\Android\Android Studio\jbr\bin;C:\WINDOWS\SYSTEM32;C:\WINDOWS\WinSxS\amd64_microsoft.windows.common-controls_6595b64144ccf1df_6.0.19041.1110_none_60b5254171f9507e;C:\Program Files\Android\Android Studio\jbr\bin\server;C:\Users\shahzaib lptp\AndroidStudioProjects\loginsqlite\native\68d5fa5c4cc2d200863cafc0d521ce42e7d3e7ee720ec0a83991735586a16f82\windows-amd64;C:\Users\shahzaib lptp\AndroidStudioProjects\loginsqlite\native\e376f236ea51e6404a007f0833ffe2c6e607c4080706a723a18a27aeea778392\windows-amd64

VM Arguments:
jvm_args: --add-opens=java.base/java.util.concurrent.atomic=ALL-UNNAMED -javaagent:C:\Program Files\Android\Android Studio\plugins\android\resources\trace_agent.jar=C:\Users\SHAHZA~1\AppData\Local\Temp\sync.trace.profile --add-opens=java.base/java.util=ALL-UNNAMED --add-opens=java.base/java.lang=ALL-UNNAMED --add-opens=java.base/java.lang.invoke=ALL-UNNAMED --add-opens=java.prefs/java.util.prefs=ALL-UNNAMED --add-opens=java.base/java.nio.charset=ALL-UNNAMED --add-opens=java.base/java.net=ALL-UNNAMED --add-opens=java.base/java.util.concurrent.atomic=ALL-UNNAMED -Xmx2048m -Dfile.encoding=UTF-8 -Duser.country=US -Duser.language=en -Duser.variant -javaagent:C:\Users\shahzaib lptp\AndroidStudioProjects\loginsqlite\wrapper\dists\gradle-8.3-rc-1-bin\3lbs5z64xhcdp1uarsx2vp16o\gradle-8.3-rc-1\lib\agents\gradle-instrumentation-agent-8.3.jar 
java_command: org.gradle.launcher.daemon.bootstrap.GradleDaemon 8.3-rc-1
java_class_path (initial): C:\Users\shahzaib lptp\AndroidStudioProjects\loginsqlite\wrapper\dists\gradle-8.3-rc-1-bin\3lbs5z64xhcdp1uarsx2vp16o\gradle-8.3-rc-1\lib\gradle-launcher-8.3.jar
Launcher Type: SUN_STANDARD

[Global flags]
     intx CICompilerCount                          = 3                                         {product} {ergonomic}
     uint ConcGCThreads                            = 1                                         {product} {ergonomic}
     uint G1ConcRefinementThreads                  = 4                                         {product} {ergonomic}
   size_t G1HeapRegionSize                         = 1048576                                   {product} {ergonomic}
    uintx GCDrainStackTargetSize                   = 64                                        {product} {ergonomic}
   size_t InitialHeapSize                          = 134217728                                 {product} {ergonomic}
   size_t MarkStackSize                            = 4194304                                   {product} {ergonomic}
   size_t MaxHeapSize                              = 2147483648                                {product} {command line}
   size_t MaxNewSize                               = 1287651328                                {product} {ergonomic}
   size_t MinHeapDeltaBytes                        = 1048576                                   {product} {ergonomic}
    uintx NonNMethodCodeHeapSize                   = 5830732                                {pd product} {ergonomic}
    uintx NonProfiledCodeHeapSize                  = 122913754                              {pd product} {ergonomic}
    uintx ProfiledCodeHeapSize                     = 122913754                              {pd product} {ergonomic}
    uintx ReservedCodeCacheSize                    = 251658240                              {pd product} {ergonomic}
     bool SegmentedCodeCache                       = true                                      {product} {ergonomic}
     bool UseCompressedClassPointers               = true                                 {lp64_product} {ergonomic}
     bool UseCompressedOops                        = true                                 {lp64_product} {ergonomic}
     bool UseG1GC                                  = true                                      {product} {ergonomic}
     bool UseLargePagesIndividualAllocation        = false                                  {pd product} {ergonomic}

Logging:
Log output configuration:
 #0: stdout all=warning uptime,level,tags
 #1: stderr all=off uptime,level,tags

Environment Variables:
PATH=C:\Program Files\Python310\Scripts\;C:\Program Files\Python310\;C:\Program Files\Common Files\Oracle\Java\javapath;C:\app\bin;C:\app\shahzaiblptp\product\11.2.0\dbhome_1\bin;C:\WINDOWS\system32;C:\WINDOWS;C:\WINDOWS\System32\Wbem;C:\WINDOWS\System32\WindowsPowerShell\v1.0\;c:\Program Files (x86)\Microsoft SQL Server\100\Tools\Binn\;c:\Program Files\Microsoft SQL Server\100\Tools\Binn\;c:\Program Files\Microsoft SQL Server\100\DTS\Binn\;C:\WINDOWS\System32\OpenSSH\;C:\ProgramData\chocolatey\bin;%JAVA_HOME%\bin;C:\Program Files\Git\cmd;C:\WINDOWS\System32;C:\Users\shahzaib lptp\AppData\Local\Microsoft\WindowsApps;C:\Program Files\JetBrains\IntelliJ IDEA Community Edition 2021.3\bin;;C:\Program Files\Python310\PyCharm Community Edition 2022.1\bin;;C:\Users\shahzaib lptp\AppData\Local\Programs\Microsoft VS Code\bin;C:\Program Files\flutter\bin;C:\src\flutter\bin;C:\Program Files\Android\Android Studio\bin;
USERNAME=shahzaib lptp
OS=Windows_NT
PROCESSOR_IDENTIFIER=Intel64 Family 6 Model 69 Stepping 1, GenuineIntel



---------------  S Y S T E M  ---------------

OS: Windows 10 , 64 bit Build 19041 (10.0.19041.3031)
OS uptime: 1 days 7:13 hours
Hyper-V role detected

CPU:total 4 (initial active 4) (2 cores per cpu, 2 threads per core) family 6 model 69 stepping 1 microcode 0x26, cmov, cx8, fxsr, mmx, sse, sse2, sse3, ssse3, sse4.1, sse4.2, popcnt, avx, avx2, aes, clmul, erms, lzcnt, ht, tsc, tscinvbit, bmi1, bmi2, fma

Memory: 4k page, system-wide physical 8073M (571M free)
TotalPageFile size 10073M (AvailPageFile size 14M)
current process WorkingSet (physical memory assigned to process): 442M, peak: 443M
current process commit charge ("private bytes"): 468M, peak: 505M

vm_info: OpenJDK 64-Bit Server VM (11.0.15+0-b2043.56-9505619) for windows-amd64 JRE (11.0.15+0-b2043.56-9505619), built on Jan 19 2023 02:48:00 by "builduser" with unknown MS VC++:1929

END.
