#
# There is insufficient memory for the Java Runtime Environment to continue.
# Native memory allocation (malloc) failed to allocate 775536 bytes for Chunk::new
# Possible reasons:
#   The system is out of physical RAM or swap space
#   The process is running with CompressedOops enabled, and the Java Heap may be blocking the growth of the native heap
# Possible solutions:
#   Reduce memory load on the system
#   Increase physical memory or swap space
#   Check if swap backing store is full
#   Decrease Java heap size (-Xmx/-Xms)
#   Decrease number of Java threads
#   Decrease Java thread stack sizes (-Xss)
#   Set larger code cache with -XX:ReservedCodeCacheSize=
#   JVM is running with Unscaled Compressed Oops mode in which the Java heap is
#     placed in the first 4GB address space. The Java Heap base address is the
#     maximum limit for the native heap growth. Please use -XX:HeapBaseMinAddress
#     to set the Java Heap base and to place the Java Heap above 4GB virtual address.
# This output file may be truncated or incomplete.
#
#  Out of Memory Error (src/hotspot/share/memory/arena.cpp:197), pid=9044, tid=7496
#
# JRE version: OpenJDK Runtime Environment (11.0.15) (build 11.0.15+0-b2043.56-9505619)
# Java VM: OpenJDK 64-Bit Server VM (11.0.15+0-b2043.56-9505619, mixed mode, tiered, compressed oops, g1 gc, windows-amd64)
# No core dump will be written. Minidumps are not enabled by default on client versions of Windows
#

---------------  S U M M A R Y ------------

Command Line: -javaagent:C:\Program Files\Android\Android Studio\plugins\android\resources\trace_agent.jar=C:\Users\SHAHZA~1\AppData\Local\Temp\sync.trace.profile --add-opens=java.base/java.util=ALL-UNNAMED --add-opens=java.base/java.lang=ALL-UNNAMED --add-opens=java.base/java.lang.invoke=ALL-UNNAMED --add-opens=java.base/java.util=ALL-UNNAMED --add-opens=java.prefs/java.util.prefs=ALL-UNNAMED --add-opens=java.prefs/java.util.prefs=ALL-UNNAMED --add-opens=java.base/java.nio.charset=ALL-UNNAMED --add-opens=java.base/java.net=ALL-UNNAMED --add-opens=java.base/java.util.concurrent.atomic=ALL-UNNAMED -Xmx2048m -Dfile.encoding=UTF-8 -Duser.country=US -Duser.language=en -Duser.variant org.gradle.launcher.daemon.bootstrap.GradleDaemon 7.5

Host: Intel(R) Core(TM) i5-4310U CPU @ 2.00GHz, 4 cores, 7G,  Windows 10 , 64 bit Build 19041 (10.0.19041.2913)
Time: Fri May 26 10:05:32 2023 Pakistan Standard Time elapsed time: 39.619268 seconds (0d 0h 0m 39s)

---------------  T H R E A D  ---------------

Current thread (0x000001ee7ecbc800):  JavaThread "C2 CompilerThread0" daemon [_thread_in_native, id=7496, stack(0x000000209ee00000,0x000000209ef00000)]


Current CompileTask:
C2:  39619 13306   !   4       org.gradle.cache.internal.DefaultMultiProcessSafePersistentIndexedCache::getIfPresent (25 bytes)

Stack: [0x000000209ee00000,0x000000209ef00000]
Native frames: (J=compiled Java code, j=interpreted, Vv=VM code, C=native code)
V  [jvm.dll+0x64135a]
V  [jvm.dll+0x7d39f9]
V  [jvm.dll+0x7d51b9]
V  [jvm.dll+0x7d58a3]
V  [jvm.dll+0x2691c5]
V  [jvm.dll+0xc1a5c]
V  [jvm.dll+0xc200c]
V  [jvm.dll+0x2da2c2]
V  [jvm.dll+0x54cad9]
V  [jvm.dll+0x220c9d]
V  [jvm.dll+0x223152]
V  [jvm.dll+0x220384]
V  [jvm.dll+0x19e851]
V  [jvm.dll+0x230479]
V  [jvm.dll+0x22e5ef]
V  [jvm.dll+0x794de1]
V  [jvm.dll+0x78dc24]
V  [jvm.dll+0x6400f6]
C  [ucrtbase.dll+0x21bb2]
C  [KERNEL32.DLL+0x17614]
C  [ntdll.dll+0x526a1]


---------------  P R O C E S S  ---------------

Threads class SMR info:
_java_thread_list=0x000001ee1c65a070, length=88, elements={
0x000001ee76111000, 0x000001ee7ec9c000, 0x000001ee7eca9800, 0x000001ee7ecb6800,
0x000001ee7ecb8800, 0x000001ee7ecb9800, 0x000001ee7ecbc800, 0x000001ee7ecc1800,
0x000001ee7ecc6000, 0x000001ee7ec38000, 0x000001ee1571a800, 0x000001ee7f8c4000,
0x000001ee14aff800, 0x000001ee17058800, 0x000001ee15119800, 0x000001ee16182800,
0x000001ee149c0000, 0x000001ee1561d800, 0x000001ee14e83800, 0x000001ee7f9b0000,
0x000001ee16cb6000, 0x000001ee16cb6800, 0x000001ee16cb4000, 0x000001ee16cb1000,
0x000001ee16cb7800, 0x000001ee16cb1800, 0x000001ee16cb2800, 0x000001ee16cb5000,
0x000001ee16cb3800, 0x000001ee141e7000, 0x000001ee141eb000, 0x000001ee141e7800,
0x000001ee141e5800, 0x000001ee141f0000, 0x000001ee141f1800, 0x000001ee141f2800,
0x000001ee141ec800, 0x000001ee141f0800, 0x000001ee141f3000, 0x000001ee141ee800,
0x000001ee141ed800, 0x000001ee141f4000, 0x000001ee141ef000, 0x000001ee16d89000,
0x000001ee16d8b800, 0x000001ee16d87800, 0x000001ee16d8a000, 0x000001ee16d8c800,
0x000001ee16d88000, 0x000001ee16d8d000, 0x000001ee16d8e000, 0x000001ee16d8e800,
0x000001ee16d8f800, 0x000001ee16d90800, 0x000001ee16d8a800, 0x000001ee16d95800,
0x000001ee16d91000, 0x000001ee16d92000, 0x000001ee16d96000, 0x000001ee16d93000,
0x000001ee16d93800, 0x000001ee16d94800, 0x000001ee15351800, 0x000001ee15352800,
0x000001ee15354000, 0x000001ee15350000, 0x000001ee15353000, 0x000001ee15350800,
0x000001ee15355000, 0x000001ee1534f000, 0x000001ee15358000, 0x000001ee15359000,
0x000001ee15356800, 0x000001ee15359800, 0x000001ee1535a800, 0x000001ee1535b800,
0x000001ee15355800, 0x000001ee1535c000, 0x000001ee1535d000, 0x000001ee1535e000,
0x000001ee7f903000, 0x000001ee7f907000, 0x000001ee7f906800, 0x000001ee7f908000,
0x000001ee7f909000, 0x000001ee7f909800, 0x000001ee171c5800, 0x000001ee7f905800
}

Java Threads: ( => current thread )
  0x000001ee76111000 JavaThread "main" [_thread_blocked, id=6388, stack(0x000000209e200000,0x000000209e300000)]
  0x000001ee7ec9c000 JavaThread "Reference Handler" daemon [_thread_blocked, id=2392, stack(0x000000209e900000,0x000000209ea00000)]
  0x000001ee7eca9800 JavaThread "Finalizer" daemon [_thread_blocked, id=15708, stack(0x000000209ea00000,0x000000209eb00000)]
  0x000001ee7ecb6800 JavaThread "Signal Dispatcher" daemon [_thread_blocked, id=16084, stack(0x000000209eb00000,0x000000209ec00000)]
  0x000001ee7ecb8800 JavaThread "Attach Listener" daemon [_thread_blocked, id=15760, stack(0x000000209ec00000,0x000000209ed00000)]
  0x000001ee7ecb9800 JavaThread "Service Thread" daemon [_thread_blocked, id=14944, stack(0x000000209ed00000,0x000000209ee00000)]
=>0x000001ee7ecbc800 JavaThread "C2 CompilerThread0" daemon [_thread_in_native, id=7496, stack(0x000000209ee00000,0x000000209ef00000)]
  0x000001ee7ecc1800 JavaThread "C1 CompilerThread0" daemon [_thread_blocked, id=6464, stack(0x000000209ef00000,0x000000209f000000)]
  0x000001ee7ecc6000 JavaThread "Sweeper thread" daemon [_thread_blocked, id=2212, stack(0x000000209f000000,0x000000209f100000)]
  0x000001ee7ec38000 JavaThread "Common-Cleaner" daemon [_thread_blocked, id=7324, stack(0x000000209f100000,0x000000209f200000)]
  0x000001ee1571a800 JavaThread "Daemon health stats" [_thread_blocked, id=17308, stack(0x000000209f600000,0x000000209f700000)]
  0x000001ee7f8c4000 JavaThread "Incoming local TCP Connector on port 56805" [_thread_in_native, id=13768, stack(0x000000209f700000,0x000000209f800000)]
  0x000001ee14aff800 JavaThread "Daemon periodic checks" [_thread_blocked, id=8396, stack(0x000000209f800000,0x000000209f900000)]
  0x000001ee17058800 JavaThread "Daemon" [_thread_blocked, id=3152, stack(0x000000209f900000,0x000000209fa00000)]
  0x000001ee15119800 JavaThread "Handler for socket connection from /127.0.0.1:56805 to /127.0.0.1:56806" [_thread_in_native, id=8452, stack(0x000000209fa00000,0x000000209fb00000)]
  0x000001ee16182800 JavaThread "Cancel handler" [_thread_blocked, id=12100, stack(0x000000209fb00000,0x000000209fc00000)]
  0x000001ee149c0000 JavaThread "Daemon worker" [_thread_blocked, id=12308, stack(0x000000209fc00000,0x000000209fd00000)]
  0x000001ee1561d800 JavaThread "Asynchronous log dispatcher for DefaultDaemonConnection: socket connection from /127.0.0.1:56805 to /127.0.0.1:56806" [_thread_blocked, id=5260, stack(0x000000209fd00000,0x000000209fe00000)]
  0x000001ee14e83800 JavaThread "Stdin handler" [_thread_blocked, id=2300, stack(0x000000209fe00000,0x000000209ff00000)]
  0x000001ee7f9b0000 JavaThread "Daemon client event forwarder" [_thread_blocked, id=14444, stack(0x000000209ff00000,0x00000020a0000000)]
  0x000001ee16cb6000 JavaThread "Cache worker for journal cache (C:\Users\shahzaib lptp\AndroidStudioProjects\loginsqlite\caches\journal-1)" [_thread_blocked, id=5376, stack(0x00000020a0100000,0x00000020a0200000)]
  0x000001ee16cb6800 JavaThread "File lock request listener" [_thread_in_native, id=1412, stack(0x00000020a0200000,0x00000020a0300000)]
  0x000001ee16cb4000 JavaThread "Cache worker for file hash cache (C:\Users\shahzaib lptp\AndroidStudioProjects\loginsqlite\caches\7.5\fileHashes)" [_thread_blocked, id=11704, stack(0x00000020a0300000,0x00000020a0400000)]
  0x000001ee16cb1000 JavaThread "File watcher server" daemon [_thread_in_native, id=5772, stack(0x00000020a0400000,0x00000020a0500000)]
  0x000001ee16cb7800 JavaThread "File watcher consumer" daemon [_thread_blocked, id=9748, stack(0x00000020a0500000,0x00000020a0600000)]
  0x000001ee16cb1800 JavaThread "Cache worker for checksums cache (C:\Users\shahzaib lptp\AndroidStudioProjects\EyeonwaterApp\.gradle\7.5\checksums)" [_thread_blocked, id=10156, stack(0x00000020a0600000,0x00000020a0700000)]
  0x000001ee16cb2800 JavaThread "Cache worker for cache directory md-rule (C:\Users\shahzaib lptp\AndroidStudioProjects\loginsqlite\caches\7.5\md-rule)" [_thread_blocked, id=2556, stack(0x00000020a0700000,0x00000020a0800000)]
  0x000001ee16cb5000 JavaThread "Cache worker for file content cache (C:\Users\shahzaib lptp\AndroidStudioProjects\loginsqlite\caches\7.5\fileContent)" [_thread_blocked, id=14812, stack(0x00000020a0800000,0x00000020a0900000)]
  0x000001ee16cb3800 JavaThread "Cache worker for file hash cache (C:\Users\shahzaib lptp\AndroidStudioProjects\EyeonwaterApp\.gradle\7.5\fileHashes)" [_thread_blocked, id=9604, stack(0x00000020a0900000,0x00000020a0a00000)]
  0x000001ee141e7000 JavaThread "Cache worker for cache directory md-supplier (C:\Users\shahzaib lptp\AndroidStudioProjects\loginsqlite\caches\7.5\md-supplier)" [_thread_blocked, id=4848, stack(0x00000020a0a00000,0x00000020a0b00000)]
  0x000001ee141eb000 JavaThread "Cache worker for execution history cache (C:\Users\shahzaib lptp\AndroidStudioProjects\loginsqlite\caches\7.5\executionHistory)" [_thread_in_Java, id=14532, stack(0x00000020a0b00000,0x00000020a0c00000)]
  0x000001ee141e7800 JavaThread "jar transforms" [_thread_blocked, id=17292, stack(0x00000020a0c00000,0x00000020a0d00000)]
  0x000001ee141e5800 JavaThread "jar transforms Thread 2" [_thread_blocked, id=6236, stack(0x00000020a0d00000,0x00000020a0e00000)]
  0x000001ee141f0000 JavaThread "jar transforms Thread 3" [_thread_blocked, id=6368, stack(0x00000020a0e00000,0x00000020a0f00000)]
  0x000001ee141f1800 JavaThread "jar transforms Thread 4" [_thread_blocked, id=8768, stack(0x00000020a0f00000,0x00000020a1000000)]
  0x000001ee141f2800 JavaThread "Cache worker for dependencies-accessors (C:\Users\shahzaib lptp\AndroidStudioProjects\EyeonwaterApp\.gradle\7.5\dependencies-accessors)" [_thread_blocked, id=12792, stack(0x00000020a1000000,0x00000020a1100000)]
  0x000001ee141ec800 JavaThread "Cache worker for Build Output Cleanup Cache (C:\Users\shahzaib lptp\AndroidStudioProjects\EyeonwaterApp\.gradle\buildOutputCleanup)" [_thread_blocked, id=13468, stack(0x00000020a1100000,0x00000020a1200000)]
  0x000001ee141f0800 JavaThread "Unconstrained build operations" [_thread_blocked, id=14400, stack(0x00000020a1200000,0x00000020a1300000)]
  0x000001ee141f3000 JavaThread "Unconstrained build operations Thread 2" [_thread_blocked, id=13076, stack(0x00000020a1300000,0x00000020a1400000)]
  0x000001ee141ee800 JavaThread "Unconstrained build operations Thread 3" [_thread_blocked, id=8196, stack(0x00000020a1400000,0x00000020a1500000)]
  0x000001ee141ed800 JavaThread "Unconstrained build operations Thread 4" [_thread_blocked, id=524, stack(0x00000020a1500000,0x00000020a1600000)]
  0x000001ee141f4000 JavaThread "Unconstrained build operations Thread 5" [_thread_in_native, id=16200, stack(0x00000020a1600000,0x00000020a1700000)]
  0x000001ee141ef000 JavaThread "Unconstrained build operations Thread 6" [_thread_blocked, id=5848, stack(0x00000020a1700000,0x00000020a1800000)]
  0x000001ee16d89000 JavaThread "Unconstrained build operations Thread 7" [_thread_blocked, id=15416, stack(0x00000020a1800000,0x00000020a1900000)]
  0x000001ee16d8b800 JavaThread "Unconstrained build operations Thread 8" [_thread_blocked, id=17296, stack(0x00000020a1900000,0x00000020a1a00000)]
  0x000001ee16d87800 JavaThread "Unconstrained build operations Thread 9" [_thread_blocked, id=6524, stack(0x00000020a1a00000,0x00000020a1b00000)]
  0x000001ee16d8a000 JavaThread "Unconstrained build operations Thread 10" [_thread_in_native, id=12284, stack(0x00000020a1b00000,0x00000020a1c00000)]
  0x000001ee16d8c800 JavaThread "Unconstrained build operations Thread 11" [_thread_blocked, id=14460, stack(0x00000020a1c00000,0x00000020a1d00000)]
  0x000001ee16d88000 JavaThread "Unconstrained build operations Thread 12" [_thread_blocked, id=9280, stack(0x00000020a1d00000,0x00000020a1e00000)]
  0x000001ee16d8d000 JavaThread "Unconstrained build operations Thread 13" [_thread_blocked, id=8048, stack(0x00000020a1e00000,0x00000020a1f00000)]
  0x000001ee16d8e000 JavaThread "Unconstrained build operations Thread 14" [_thread_blocked, id=1812, stack(0x00000020a1f00000,0x00000020a2000000)]
  0x000001ee16d8e800 JavaThread "Unconstrained build operations Thread 15" [_thread_blocked, id=10512, stack(0x00000020a2000000,0x00000020a2100000)]
  0x000001ee16d8f800 JavaThread "Unconstrained build operations Thread 16" [_thread_blocked, id=14084, stack(0x00000020a2100000,0x00000020a2200000)]
  0x000001ee16d90800 JavaThread "Unconstrained build operations Thread 17" [_thread_blocked, id=14364, stack(0x00000020a2200000,0x00000020a2300000)]
  0x000001ee16d8a800 JavaThread "Unconstrained build operations Thread 18" [_thread_blocked, id=10000, stack(0x00000020a2300000,0x00000020a2400000)]
  0x000001ee16d95800 JavaThread "Unconstrained build operations Thread 19" [_thread_blocked, id=3168, stack(0x00000020a2400000,0x00000020a2500000)]
  0x000001ee16d91000 JavaThread "Unconstrained build operations Thread 20" [_thread_blocked, id=11212, stack(0x00000020a2500000,0x00000020a2600000)]
  0x000001ee16d92000 JavaThread "Unconstrained build operations Thread 21" [_thread_blocked, id=13876, stack(0x00000020a2600000,0x00000020a2700000)]
  0x000001ee16d96000 JavaThread "Unconstrained build operations Thread 22" [_thread_blocked, id=348, stack(0x00000020a2700000,0x00000020a2800000)]
  0x000001ee16d93000 JavaThread "Unconstrained build operations Thread 23" [_thread_blocked, id=2260, stack(0x00000020a2800000,0x00000020a2900000)]
  0x000001ee16d93800 JavaThread "Unconstrained build operations Thread 24" [_thread_blocked, id=16040, stack(0x00000020a2900000,0x00000020a2a00000)]
  0x000001ee16d94800 JavaThread "Unconstrained build operations Thread 25" [_thread_blocked, id=12500, stack(0x00000020a2a00000,0x00000020a2b00000)]
  0x000001ee15351800 JavaThread "Unconstrained build operations Thread 26" [_thread_blocked, id=5296, stack(0x00000020a2b00000,0x00000020a2c00000)]
  0x000001ee15352800 JavaThread "Unconstrained build operations Thread 27" [_thread_blocked, id=14120, stack(0x00000020a2c00000,0x00000020a2d00000)]
  0x000001ee15354000 JavaThread "Unconstrained build operations Thread 28" [_thread_blocked, id=16556, stack(0x00000020a2d00000,0x00000020a2e00000)]
  0x000001ee15350000 JavaThread "Unconstrained build operations Thread 29" [_thread_blocked, id=15688, stack(0x00000020a2e00000,0x00000020a2f00000)]
  0x000001ee15353000 JavaThread "Unconstrained build operations Thread 30" [_thread_blocked, id=16896, stack(0x00000020a2f00000,0x00000020a3000000)]
  0x000001ee15350800 JavaThread "Unconstrained build operations Thread 31" [_thread_blocked, id=16380, stack(0x00000020a3000000,0x00000020a3100000)]
  0x000001ee15355000 JavaThread "Unconstrained build operations Thread 32" [_thread_blocked, id=13664, stack(0x00000020a3100000,0x00000020a3200000)]
  0x000001ee1534f000 JavaThread "Unconstrained build operations Thread 33" [_thread_blocked, id=15712, stack(0x00000020a3200000,0x00000020a3300000)]
  0x000001ee15358000 JavaThread "Unconstrained build operations Thread 34" [_thread_blocked, id=14488, stack(0x00000020a3300000,0x00000020a3400000)]
  0x000001ee15359000 JavaThread "Unconstrained build operations Thread 35" [_thread_blocked, id=8412, stack(0x00000020a3400000,0x00000020a3500000)]
  0x000001ee15356800 JavaThread "Unconstrained build operations Thread 36" [_thread_blocked, id=17348, stack(0x00000020a3500000,0x00000020a3600000)]
  0x000001ee15359800 JavaThread "Unconstrained build operations Thread 37" [_thread_blocked, id=15196, stack(0x00000020a3600000,0x00000020a3700000)]
  0x000001ee1535a800 JavaThread "Unconstrained build operations Thread 38" [_thread_blocked, id=7184, stack(0x00000020a3700000,0x00000020a3800000)]
  0x000001ee1535b800 JavaThread "Unconstrained build operations Thread 39" [_thread_blocked, id=16996, stack(0x00000020a3800000,0x00000020a3900000)]
  0x000001ee15355800 JavaThread "Unconstrained build operations Thread 40" [_thread_blocked, id=10408, stack(0x00000020a3900000,0x00000020a3a00000)]
  0x000001ee1535c000 JavaThread "build event listener" [_thread_blocked, id=3436, stack(0x00000020a3a00000,0x00000020a3b00000)]
  0x000001ee1535d000 JavaThread "Memory manager" [_thread_blocked, id=6892, stack(0x00000020a3b00000,0x00000020a3c00000)]
  0x000001ee1535e000 JavaThread "pool-3-thread-1" [_thread_blocked, id=15584, stack(0x00000020a3c00000,0x00000020a3d00000)]
  0x000001ee7f903000 JavaThread "build event listener" [_thread_blocked, id=5380, stack(0x00000020a3d00000,0x00000020a3e00000)]
  0x000001ee7f907000 JavaThread "included builds" [_thread_blocked, id=6096, stack(0x00000020a3e00000,0x00000020a3f00000)]
  0x000001ee7f906800 JavaThread "Execution worker" [_thread_blocked, id=11328, stack(0x00000020a3f00000,0x00000020a4000000)]
  0x000001ee7f908000 JavaThread "Execution worker Thread 2" [_thread_blocked, id=17156, stack(0x00000020a4000000,0x00000020a4100000)]
  0x000001ee7f909000 JavaThread "Execution worker Thread 3" [_thread_blocked, id=8140, stack(0x00000020a4100000,0x00000020a4200000)]
  0x000001ee7f909800 JavaThread "Cache worker for execution history cache (C:\Users\shahzaib lptp\AndroidStudioProjects\EyeonwaterApp\.gradle\7.5\executionHistory)" [_thread_blocked, id=3764, stack(0x00000020a4200000,0x00000020a4300000)]
  0x000001ee171c5800 JavaThread "C2 CompilerThread1" daemon [_thread_in_native, id=5820, stack(0x000000209f200000,0x000000209f300000)]
  0x000001ee7f905800 JavaThread "WorkerExecutor Queue" [_thread_in_native, id=6768, stack(0x00000020a4500000,0x00000020a4600000)]

Other Threads:
  0x000001ee7ec98000 VMThread "VM Thread" [stack: 0x000000209e800000,0x000000209e900000] [id=8564]
  0x000001ee138b7800 WatcherThread [stack: 0x000000209f300000,0x000000209f400000] [id=12420]
  0x000001ee7612c800 GCTaskThread "GC Thread#0" [stack: 0x000000209e300000,0x000000209e400000] [id=16280]
  0x000001ee137c6000 GCTaskThread "GC Thread#1" [stack: 0x000000209f400000,0x000000209f500000] [id=3404]
  0x000001ee13a19000 GCTaskThread "GC Thread#2" [stack: 0x000000209f500000,0x000000209f600000] [id=11352]
  0x000001ee14e84800 GCTaskThread "GC Thread#3" [stack: 0x00000020a0000000,0x00000020a0100000] [id=9536]
  0x000001ee7615e000 ConcurrentGCThread "G1 Main Marker" [stack: 0x000000209e400000,0x000000209e500000] [id=6360]
  0x000001ee76160000 ConcurrentGCThread "G1 Conc#0" [stack: 0x000000209e500000,0x000000209e600000] [id=16684]
  0x000001ee7eaf0800 ConcurrentGCThread "G1 Refine#0" [stack: 0x000000209e600000,0x000000209e700000] [id=11092]
  0x000001ee7eaf1800 ConcurrentGCThread "G1 Young RemSet Sampling" [stack: 0x000000209e700000,0x000000209e800000] [id=16172]

Threads with active compile tasks:
C2 CompilerThread0    39665 13306   !   4       org.gradle.cache.internal.DefaultMultiProcessSafePersistentIndexedCache::getIfPresent (25 bytes)
C2 CompilerThread1    39665 13308       4       org.gradle.cache.internal.DefaultMultiProcessSafePersistentIndexedCache$$Lambda$357/0x0000000100498040::create (12 bytes)

VM state:not at safepoint (normal execution)

VM Mutex/Monitor currently owned by a thread: None

Heap address: 0x0000000080000000, size: 2048 MB, Compressed Oops mode: 32-bit
Narrow klass base: 0x0000000000000000, Narrow klass shift: 3
Compressed class space size: 1073741824 Address: 0x0000000100000000

Heap:
 garbage-first heap   total 227328K, used 183148K [0x0000000080000000, 0x0000000100000000)
  region size 1024K, 93 young (95232K), 7 survivors (7168K)
 Metaspace       used 95552K, capacity 98286K, committed 98560K, reserved 1138688K
  class space    used 12253K, capacity 13222K, committed 13312K, reserved 1048576K
Heap Regions: E=young(eden), S=young(survivor), O=old, HS=humongous(starts), HC=humongous(continues), CS=collection set, F=free, A=archive, TAMS=top-at-mark-start (previous, next)
|   0|0x0000000080000000, 0x0000000080100000, 0x0000000080100000|100%| O|  |TAMS 0x0000000080100000, 0x0000000080000000| Untracked 
|   1|0x0000000080100000, 0x0000000080200000, 0x0000000080200000|100%| O|  |TAMS 0x0000000080200000, 0x0000000080100000| Untracked 
|   2|0x0000000080200000, 0x0000000080300000, 0x0000000080300000|100%| O|  |TAMS 0x0000000080300000, 0x0000000080200000| Untracked 
|   3|0x0000000080300000, 0x0000000080400000, 0x0000000080400000|100%|HS|  |TAMS 0x0000000080400000, 0x0000000080300000| Complete 
|   4|0x0000000080400000, 0x0000000080500000, 0x0000000080500000|100%|HC|  |TAMS 0x0000000080500000, 0x0000000080400000| Complete 
|   5|0x0000000080500000, 0x0000000080600000, 0x0000000080600000|100%|HC|  |TAMS 0x0000000080600000, 0x0000000080500000| Complete 
|   6|0x0000000080600000, 0x0000000080700000, 0x0000000080700000|100%| O|  |TAMS 0x0000000080700000, 0x0000000080600000| Untracked 
|   7|0x0000000080700000, 0x0000000080800000, 0x0000000080800000|100%| O|  |TAMS 0x0000000080800000, 0x0000000080700000| Untracked 
|   8|0x0000000080800000, 0x0000000080900000, 0x0000000080900000|100%| O|  |TAMS 0x0000000080900000, 0x0000000080800000| Untracked 
|   9|0x0000000080900000, 0x0000000080a00000, 0x0000000080a00000|100%| O|  |TAMS 0x0000000080a00000, 0x0000000080900000| Untracked 
|  10|0x0000000080a00000, 0x0000000080b00000, 0x0000000080b00000|100%| O|  |TAMS 0x0000000080b00000, 0x0000000080a00000| Untracked 
|  11|0x0000000080b00000, 0x0000000080c00000, 0x0000000080c00000|100%| O|  |TAMS 0x0000000080c00000, 0x0000000080b00000| Untracked 
|  12|0x0000000080c00000, 0x0000000080d00000, 0x0000000080d00000|100%| O|  |TAMS 0x0000000080d00000, 0x0000000080c00000| Untracked 
|  13|0x0000000080d00000, 0x0000000080e00000, 0x0000000080e00000|100%| O|  |TAMS 0x0000000080e00000, 0x0000000080d00000| Untracked 
|  14|0x0000000080e00000, 0x0000000080f00000, 0x0000000080f00000|100%| O|  |TAMS 0x0000000080f00000, 0x0000000080e00000| Untracked 
|  15|0x0000000080f00000, 0x0000000081000000, 0x0000000081000000|100%| O|  |TAMS 0x0000000081000000, 0x0000000080f00000| Untracked 
|  16|0x0000000081000000, 0x0000000081100000, 0x0000000081100000|100%| O|  |TAMS 0x0000000081100000, 0x0000000081000000| Untracked 
|  17|0x0000000081100000, 0x0000000081200000, 0x0000000081200000|100%| O|  |TAMS 0x0000000081200000, 0x0000000081100000| Untracked 
|  18|0x0000000081200000, 0x0000000081300000, 0x0000000081300000|100%| O|  |TAMS 0x0000000081300000, 0x0000000081200000| Untracked 
|  19|0x0000000081300000, 0x0000000081400000, 0x0000000081400000|100%| O|  |TAMS 0x0000000081400000, 0x0000000081300000| Untracked 
|  20|0x0000000081400000, 0x0000000081500000, 0x0000000081500000|100%| O|  |TAMS 0x0000000081500000, 0x0000000081400000| Untracked 
|  21|0x0000000081500000, 0x0000000081600000, 0x0000000081600000|100%|HS|  |TAMS 0x0000000081600000, 0x0000000081500000| Complete 
|  22|0x0000000081600000, 0x0000000081700000, 0x0000000081700000|100%|HS|  |TAMS 0x0000000081700000, 0x0000000081600000| Complete 
|  23|0x0000000081700000, 0x0000000081800000, 0x0000000081800000|100%| O|  |TAMS 0x0000000081800000, 0x0000000081700000| Untracked 
|  24|0x0000000081800000, 0x0000000081900000, 0x0000000081900000|100%| O|  |TAMS 0x0000000081900000, 0x0000000081800000| Untracked 
|  25|0x0000000081900000, 0x0000000081a00000, 0x0000000081a00000|100%| O|  |TAMS 0x0000000081a00000, 0x0000000081900000| Untracked 
|  26|0x0000000081a00000, 0x0000000081b00000, 0x0000000081b00000|100%| O|  |TAMS 0x0000000081b00000, 0x0000000081a00000| Untracked 
|  27|0x0000000081b00000, 0x0000000081c00000, 0x0000000081c00000|100%| O|  |TAMS 0x0000000081c00000, 0x0000000081b00000| Untracked 
|  28|0x0000000081c00000, 0x0000000081d00000, 0x0000000081d00000|100%| O|  |TAMS 0x0000000081d00000, 0x0000000081c00000| Untracked 
|  29|0x0000000081d00000, 0x0000000081e00000, 0x0000000081e00000|100%| O|  |TAMS 0x0000000081e00000, 0x0000000081d00000| Untracked 
|  30|0x0000000081e00000, 0x0000000081f00000, 0x0000000081f00000|100%| O|  |TAMS 0x0000000081f00000, 0x0000000081e00000| Untracked 
|  31|0x0000000081f00000, 0x0000000082000000, 0x0000000082000000|100%| O|  |TAMS 0x0000000082000000, 0x0000000081f00000| Untracked 
|  32|0x0000000082000000, 0x0000000082100000, 0x0000000082100000|100%| O|  |TAMS 0x0000000082100000, 0x0000000082000000| Untracked 
|  33|0x0000000082100000, 0x0000000082200000, 0x0000000082200000|100%| O|  |TAMS 0x0000000082200000, 0x0000000082100000| Untracked 
|  34|0x0000000082200000, 0x0000000082300000, 0x0000000082300000|100%| O|  |TAMS 0x0000000082300000, 0x0000000082200000| Untracked 
|  35|0x0000000082300000, 0x0000000082400000, 0x0000000082400000|100%| O|  |TAMS 0x0000000082400000, 0x0000000082300000| Untracked 
|  36|0x0000000082400000, 0x0000000082500000, 0x0000000082500000|100%| O|  |TAMS 0x0000000082500000, 0x0000000082400000| Untracked 
|  37|0x0000000082500000, 0x0000000082600000, 0x0000000082600000|100%| O|  |TAMS 0x0000000082600000, 0x0000000082500000| Untracked 
|  38|0x0000000082600000, 0x0000000082700000, 0x0000000082700000|100%| O|  |TAMS 0x0000000082700000, 0x0000000082600000| Untracked 
|  39|0x0000000082700000, 0x0000000082800000, 0x0000000082800000|100%| O|  |TAMS 0x0000000082800000, 0x0000000082700000| Untracked 
|  40|0x0000000082800000, 0x0000000082900000, 0x0000000082900000|100%| O|  |TAMS 0x00000000828f8a00, 0x0000000082800000| Untracked 
|  41|0x0000000082900000, 0x0000000082a00000, 0x0000000082a00000|100%| O|  |TAMS 0x0000000082900000, 0x0000000082900000| Untracked 
|  42|0x0000000082a00000, 0x0000000082b00000, 0x0000000082b00000|100%| O|  |TAMS 0x0000000082a00000, 0x0000000082a00000| Untracked 
|  43|0x0000000082b00000, 0x0000000082c00000, 0x0000000082c00000|100%| O|  |TAMS 0x0000000082b00000, 0x0000000082b00000| Untracked 
|  44|0x0000000082c00000, 0x0000000082d00000, 0x0000000082d00000|100%| O|  |TAMS 0x0000000082c00000, 0x0000000082c00000| Untracked 
|  45|0x0000000082d00000, 0x0000000082e00000, 0x0000000082e00000|100%| O|  |TAMS 0x0000000082d00000, 0x0000000082d00000| Untracked 
|  46|0x0000000082e00000, 0x0000000082f00000, 0x0000000082f00000|100%| O|  |TAMS 0x0000000082e00000, 0x0000000082e00000| Untracked 
|  47|0x0000000082f00000, 0x0000000083000000, 0x0000000083000000|100%| O|  |TAMS 0x0000000082f00000, 0x0000000082f00000| Untracked 
|  48|0x0000000083000000, 0x0000000083100000, 0x0000000083100000|100%| O|  |TAMS 0x0000000083000000, 0x0000000083000000| Untracked 
|  49|0x0000000083100000, 0x0000000083200000, 0x0000000083200000|100%| O|  |TAMS 0x0000000083100000, 0x0000000083100000| Untracked 
|  50|0x0000000083200000, 0x0000000083300000, 0x0000000083300000|100%| O|  |TAMS 0x0000000083200000, 0x0000000083200000| Untracked 
|  51|0x0000000083300000, 0x0000000083400000, 0x0000000083400000|100%| O|  |TAMS 0x0000000083300000, 0x0000000083300000| Untracked 
|  52|0x0000000083400000, 0x0000000083500000, 0x0000000083500000|100%| O|  |TAMS 0x0000000083400000, 0x0000000083400000| Untracked 
|  53|0x0000000083500000, 0x0000000083600000, 0x0000000083600000|100%| O|  |TAMS 0x0000000083500000, 0x0000000083500000| Untracked 
|  54|0x0000000083600000, 0x0000000083700000, 0x0000000083700000|100%| O|  |TAMS 0x0000000083600000, 0x0000000083600000| Untracked 
|  55|0x0000000083700000, 0x0000000083800000, 0x0000000083800000|100%| O|  |TAMS 0x0000000083700000, 0x0000000083700000| Untracked 
|  56|0x0000000083800000, 0x0000000083900000, 0x0000000083900000|100%| O|  |TAMS 0x0000000083800000, 0x0000000083800000| Untracked 
|  57|0x0000000083900000, 0x0000000083a00000, 0x0000000083a00000|100%| O|  |TAMS 0x0000000083900000, 0x0000000083900000| Untracked 
|  58|0x0000000083a00000, 0x0000000083b00000, 0x0000000083b00000|100%| O|  |TAMS 0x0000000083a00000, 0x0000000083a00000| Untracked 
|  59|0x0000000083b00000, 0x0000000083c00000, 0x0000000083c00000|100%| O|  |TAMS 0x0000000083b00000, 0x0000000083b00000| Untracked 
|  60|0x0000000083c00000, 0x0000000083d00000, 0x0000000083d00000|100%| O|  |TAMS 0x0000000083c00000, 0x0000000083c00000| Untracked 
|  61|0x0000000083d00000, 0x0000000083e00000, 0x0000000083e00000|100%| O|  |TAMS 0x0000000083d00000, 0x0000000083d00000| Untracked 
|  62|0x0000000083e00000, 0x0000000083f00000, 0x0000000083f00000|100%| O|  |TAMS 0x0000000083e00000, 0x0000000083e00000| Untracked 
|  63|0x0000000083f00000, 0x0000000084000000, 0x0000000084000000|100%| O|  |TAMS 0x0000000083f00000, 0x0000000083f00000| Untracked 
|  64|0x0000000084000000, 0x0000000084100000, 0x0000000084100000|100%| O|  |TAMS 0x0000000084000000, 0x0000000084000000| Untracked 
|  65|0x0000000084100000, 0x0000000084200000, 0x0000000084200000|100%| O|  |TAMS 0x0000000084100000, 0x0000000084100000| Untracked 
|  66|0x0000000084200000, 0x0000000084300000, 0x0000000084300000|100%| O|  |TAMS 0x0000000084200000, 0x0000000084200000| Untracked 
|  67|0x0000000084300000, 0x0000000084400000, 0x0000000084400000|100%| O|  |TAMS 0x0000000084300000, 0x0000000084300000| Untracked 
|  68|0x0000000084400000, 0x0000000084500000, 0x0000000084500000|100%| O|  |TAMS 0x0000000084400000, 0x0000000084400000| Untracked 
|  69|0x0000000084500000, 0x0000000084600000, 0x0000000084600000|100%| O|  |TAMS 0x0000000084500000, 0x0000000084500000| Untracked 
|  70|0x0000000084600000, 0x0000000084700000, 0x0000000084700000|100%| O|  |TAMS 0x0000000084600000, 0x0000000084600000| Untracked 
|  71|0x0000000084700000, 0x0000000084800000, 0x0000000084800000|100%| O|  |TAMS 0x0000000084700000, 0x0000000084700000| Untracked 
|  72|0x0000000084800000, 0x0000000084900000, 0x0000000084900000|100%| O|  |TAMS 0x0000000084800000, 0x0000000084800000| Untracked 
|  73|0x0000000084900000, 0x0000000084a00000, 0x0000000084a00000|100%| O|  |TAMS 0x0000000084900000, 0x0000000084900000| Untracked 
|  74|0x0000000084a00000, 0x0000000084b00000, 0x0000000084b00000|100%| O|  |TAMS 0x0000000084a00000, 0x0000000084a00000| Untracked 
|  75|0x0000000084b00000, 0x0000000084c00000, 0x0000000084c00000|100%| O|  |TAMS 0x0000000084b00000, 0x0000000084b00000| Untracked 
|  76|0x0000000084c00000, 0x0000000084d00000, 0x0000000084d00000|100%| O|  |TAMS 0x0000000084c00000, 0x0000000084c00000| Untracked 
|  77|0x0000000084d00000, 0x0000000084e00000, 0x0000000084e00000|100%| O|  |TAMS 0x0000000084d00000, 0x0000000084d00000| Untracked 
|  78|0x0000000084e00000, 0x0000000084f00000, 0x0000000084f00000|100%| O|  |TAMS 0x0000000084e00000, 0x0000000084e00000| Untracked 
|  79|0x0000000084f00000, 0x0000000085000000, 0x0000000085000000|100%| O|  |TAMS 0x0000000084f00000, 0x0000000084f00000| Untracked 
|  80|0x0000000085000000, 0x0000000085100000, 0x0000000085100000|100%| O|  |TAMS 0x0000000085000000, 0x0000000085000000| Untracked 
|  81|0x0000000085100000, 0x0000000085200000, 0x0000000085200000|100%| O|  |TAMS 0x0000000085100000, 0x0000000085100000| Untracked 
|  82|0x0000000085200000, 0x0000000085300000, 0x0000000085300000|100%| O|  |TAMS 0x0000000085200000, 0x0000000085200000| Untracked 
|  83|0x0000000085300000, 0x0000000085400000, 0x0000000085400000|100%| O|  |TAMS 0x0000000085300000, 0x0000000085300000| Untracked 
|  84|0x0000000085400000, 0x0000000085500000, 0x0000000085500000|100%| O|  |TAMS 0x0000000085400000, 0x0000000085400000| Untracked 
|  85|0x0000000085500000, 0x0000000085600000, 0x0000000085600000|100%| O|  |TAMS 0x0000000085500000, 0x0000000085500000| Untracked 
|  86|0x0000000085600000, 0x0000000085700000, 0x0000000085700000|100%| O|  |TAMS 0x0000000085600000, 0x0000000085600000| Untracked 
|  87|0x0000000085700000, 0x00000000857ea600, 0x0000000085800000| 91%| O|  |TAMS 0x0000000085700000, 0x0000000085700000| Untracked 
|  88|0x0000000085800000, 0x0000000085800000, 0x0000000085900000|  0%| F|  |TAMS 0x0000000085800000, 0x0000000085800000| Untracked 
|  89|0x0000000085900000, 0x0000000085900000, 0x0000000085a00000|  0%| F|  |TAMS 0x0000000085900000, 0x0000000085900000| Untracked 
|  90|0x0000000085a00000, 0x0000000085a00000, 0x0000000085b00000|  0%| F|  |TAMS 0x0000000085a00000, 0x0000000085a00000| Untracked 
|  91|0x0000000085b00000, 0x0000000085b00000, 0x0000000085c00000|  0%| F|  |TAMS 0x0000000085b00000, 0x0000000085b00000| Untracked 
|  92|0x0000000085c00000, 0x0000000085c00000, 0x0000000085d00000|  0%| F|  |TAMS 0x0000000085c00000, 0x0000000085c00000| Untracked 
|  93|0x0000000085d00000, 0x0000000085d00000, 0x0000000085e00000|  0%| F|  |TAMS 0x0000000085d00000, 0x0000000085d00000| Untracked 
|  94|0x0000000085e00000, 0x0000000085e00000, 0x0000000085f00000|  0%| F|  |TAMS 0x0000000085e00000, 0x0000000085e00000| Untracked 
|  95|0x0000000085f00000, 0x0000000085f00000, 0x0000000086000000|  0%| F|  |TAMS 0x0000000085f00000, 0x0000000085f00000| Untracked 
|  96|0x0000000086000000, 0x0000000086000000, 0x0000000086100000|  0%| F|  |TAMS 0x0000000086000000, 0x0000000086000000| Untracked 
|  97|0x0000000086100000, 0x0000000086100000, 0x0000000086200000|  0%| F|  |TAMS 0x0000000086100000, 0x0000000086100000| Untracked 
|  98|0x0000000086200000, 0x0000000086200000, 0x0000000086300000|  0%| F|  |TAMS 0x0000000086200000, 0x0000000086200000| Untracked 
|  99|0x0000000086300000, 0x0000000086300000, 0x0000000086400000|  0%| F|  |TAMS 0x0000000086300000, 0x0000000086300000| Untracked 
| 100|0x0000000086400000, 0x0000000086400000, 0x0000000086500000|  0%| F|  |TAMS 0x0000000086400000, 0x0000000086400000| Untracked 
| 101|0x0000000086500000, 0x0000000086500000, 0x0000000086600000|  0%| F|  |TAMS 0x0000000086500000, 0x0000000086500000| Untracked 
| 102|0x0000000086600000, 0x0000000086600000, 0x0000000086700000|  0%| F|  |TAMS 0x0000000086600000, 0x0000000086600000| Untracked 
| 103|0x0000000086700000, 0x0000000086700000, 0x0000000086800000|  0%| F|  |TAMS 0x0000000086700000, 0x0000000086700000| Untracked 
| 104|0x0000000086800000, 0x0000000086800000, 0x0000000086900000|  0%| F|  |TAMS 0x0000000086800000, 0x0000000086800000| Untracked 
| 105|0x0000000086900000, 0x0000000086900000, 0x0000000086a00000|  0%| F|  |TAMS 0x0000000086900000, 0x0000000086900000| Untracked 
| 106|0x0000000086a00000, 0x0000000086a00000, 0x0000000086b00000|  0%| F|  |TAMS 0x0000000086a00000, 0x0000000086a00000| Untracked 
| 107|0x0000000086b00000, 0x0000000086b00000, 0x0000000086c00000|  0%| F|  |TAMS 0x0000000086b00000, 0x0000000086b00000| Untracked 
| 108|0x0000000086c00000, 0x0000000086c00000, 0x0000000086d00000|  0%| F|  |TAMS 0x0000000086c00000, 0x0000000086c00000| Untracked 
| 109|0x0000000086d00000, 0x0000000086d00000, 0x0000000086e00000|  0%| F|  |TAMS 0x0000000086d00000, 0x0000000086d00000| Untracked 
| 110|0x0000000086e00000, 0x0000000086e00000, 0x0000000086f00000|  0%| F|  |TAMS 0x0000000086e00000, 0x0000000086e00000| Untracked 
| 111|0x0000000086f00000, 0x0000000086f00000, 0x0000000087000000|  0%| F|  |TAMS 0x0000000086f00000, 0x0000000086f00000| Untracked 
| 112|0x0000000087000000, 0x0000000087000000, 0x0000000087100000|  0%| F|  |TAMS 0x0000000087000000, 0x0000000087000000| Untracked 
| 113|0x0000000087100000, 0x0000000087100000, 0x0000000087200000|  0%| F|  |TAMS 0x0000000087100000, 0x0000000087100000| Untracked 
| 114|0x0000000087200000, 0x00000000872f0bc0, 0x0000000087300000| 94%| S|CS|TAMS 0x0000000087200000, 0x0000000087200000| Complete 
| 115|0x0000000087300000, 0x0000000087300000, 0x0000000087400000|  0%| F|  |TAMS 0x0000000087300000, 0x0000000087300000| Untracked 
| 116|0x0000000087400000, 0x0000000087400000, 0x0000000087500000|  0%| F|  |TAMS 0x0000000087400000, 0x0000000087400000| Untracked 
| 117|0x0000000087500000, 0x0000000087500000, 0x0000000087600000|  0%| F|  |TAMS 0x0000000087500000, 0x0000000087500000| Untracked 
| 118|0x0000000087600000, 0x0000000087600000, 0x0000000087700000|  0%| F|  |TAMS 0x0000000087600000, 0x0000000087600000| Untracked 
| 119|0x0000000087700000, 0x0000000087700000, 0x0000000087800000|  0%| F|  |TAMS 0x0000000087700000, 0x0000000087700000| Untracked 
| 120|0x0000000087800000, 0x0000000087800000, 0x0000000087900000|  0%| F|  |TAMS 0x0000000087800000, 0x0000000087800000| Untracked 
| 121|0x0000000087900000, 0x0000000087900000, 0x0000000087a00000|  0%| F|  |TAMS 0x0000000087900000, 0x0000000087900000| Untracked 
| 122|0x0000000087a00000, 0x0000000087b00000, 0x0000000087b00000|100%| S|CS|TAMS 0x0000000087a00000, 0x0000000087a00000| Complete 
| 123|0x0000000087b00000, 0x0000000087c00000, 0x0000000087c00000|100%| S|CS|TAMS 0x0000000087b00000, 0x0000000087b00000| Complete 
| 124|0x0000000087c00000, 0x0000000087d00000, 0x0000000087d00000|100%| S|CS|TAMS 0x0000000087c00000, 0x0000000087c00000| Complete 
| 125|0x0000000087d00000, 0x0000000087e00000, 0x0000000087e00000|100%| S|CS|TAMS 0x0000000087d00000, 0x0000000087d00000| Complete 
| 126|0x0000000087e00000, 0x0000000087e00000, 0x0000000087f00000|  0%| F|  |TAMS 0x0000000087e00000, 0x0000000087e00000| Untracked 
| 127|0x0000000087f00000, 0x0000000087f00000, 0x0000000088000000|  0%| F|  |TAMS 0x0000000087f00000, 0x0000000087f00000| Untracked 
| 128|0x0000000088000000, 0x0000000088000000, 0x0000000088100000|  0%| F|  |TAMS 0x0000000088000000, 0x0000000088000000| Untracked 
| 129|0x0000000088100000, 0x0000000088100000, 0x0000000088200000|  0%| F|  |TAMS 0x0000000088100000, 0x0000000088100000| Untracked 
| 130|0x0000000088200000, 0x0000000088300000, 0x0000000088300000|100%| S|CS|TAMS 0x0000000088200000, 0x0000000088200000| Complete 
| 131|0x0000000088300000, 0x0000000088400000, 0x0000000088400000|100%| S|CS|TAMS 0x0000000088300000, 0x0000000088300000| Complete 
| 132|0x0000000088400000, 0x0000000088400000, 0x0000000088500000|  0%| F|  |TAMS 0x0000000088400000, 0x0000000088400000| Untracked 
| 133|0x0000000088500000, 0x0000000088500000, 0x0000000088600000|  0%| F|  |TAMS 0x0000000088500000, 0x0000000088500000| Untracked 
| 134|0x0000000088600000, 0x0000000088600000, 0x0000000088700000|  0%| F|  |TAMS 0x0000000088600000, 0x0000000088600000| Untracked 
| 135|0x0000000088700000, 0x0000000088700000, 0x0000000088800000|  0%| F|  |TAMS 0x0000000088700000, 0x0000000088700000| Untracked 
| 136|0x0000000088800000, 0x000000008886cbc0, 0x0000000088900000| 42%| E|  |TAMS 0x0000000088800000, 0x0000000088800000| Complete 
| 137|0x0000000088900000, 0x0000000088a00000, 0x0000000088a00000|100%| E|  |TAMS 0x0000000088900000, 0x0000000088900000| Complete 
| 138|0x0000000088a00000, 0x0000000088b00000, 0x0000000088b00000|100%| E|CS|TAMS 0x0000000088a00000, 0x0000000088a00000| Complete 
| 139|0x0000000088b00000, 0x0000000088c00000, 0x0000000088c00000|100%| E|CS|TAMS 0x0000000088b00000, 0x0000000088b00000| Complete 
| 140|0x0000000088c00000, 0x0000000088d00000, 0x0000000088d00000|100%| E|CS|TAMS 0x0000000088c00000, 0x0000000088c00000| Complete 
| 141|0x0000000088d00000, 0x0000000088e00000, 0x0000000088e00000|100%| E|CS|TAMS 0x0000000088d00000, 0x0000000088d00000| Complete 
| 142|0x0000000088e00000, 0x0000000088f00000, 0x0000000088f00000|100%| E|CS|TAMS 0x0000000088e00000, 0x0000000088e00000| Complete 
| 143|0x0000000088f00000, 0x0000000089000000, 0x0000000089000000|100%| E|CS|TAMS 0x0000000088f00000, 0x0000000088f00000| Complete 
| 144|0x0000000089000000, 0x0000000089100000, 0x0000000089100000|100%| E|CS|TAMS 0x0000000089000000, 0x0000000089000000| Complete 
| 145|0x0000000089100000, 0x0000000089200000, 0x0000000089200000|100%| E|CS|TAMS 0x0000000089100000, 0x0000000089100000| Complete 
| 146|0x0000000089200000, 0x0000000089300000, 0x0000000089300000|100%| E|CS|TAMS 0x0000000089200000, 0x0000000089200000| Complete 
| 147|0x0000000089300000, 0x0000000089400000, 0x0000000089400000|100%| E|CS|TAMS 0x0000000089300000, 0x0000000089300000| Complete 
| 148|0x0000000089400000, 0x0000000089500000, 0x0000000089500000|100%| E|CS|TAMS 0x0000000089400000, 0x0000000089400000| Complete 
| 149|0x0000000089500000, 0x0000000089600000, 0x0000000089600000|100%| E|CS|TAMS 0x0000000089500000, 0x0000000089500000| Complete 
| 150|0x0000000089600000, 0x0000000089700000, 0x0000000089700000|100%| E|CS|TAMS 0x0000000089600000, 0x0000000089600000| Complete 
| 151|0x0000000089700000, 0x0000000089800000, 0x0000000089800000|100%| E|CS|TAMS 0x0000000089700000, 0x0000000089700000| Complete 
| 152|0x0000000089800000, 0x0000000089900000, 0x0000000089900000|100%| E|CS|TAMS 0x0000000089800000, 0x0000000089800000| Complete 
| 153|0x0000000089900000, 0x0000000089a00000, 0x0000000089a00000|100%| E|CS|TAMS 0x0000000089900000, 0x0000000089900000| Complete 
| 154|0x0000000089a00000, 0x0000000089b00000, 0x0000000089b00000|100%| E|CS|TAMS 0x0000000089a00000, 0x0000000089a00000| Complete 
| 155|0x0000000089b00000, 0x0000000089c00000, 0x0000000089c00000|100%| E|CS|TAMS 0x0000000089b00000, 0x0000000089b00000| Complete 
| 156|0x0000000089c00000, 0x0000000089d00000, 0x0000000089d00000|100%| E|CS|TAMS 0x0000000089c00000, 0x0000000089c00000| Complete 
| 157|0x0000000089d00000, 0x0000000089e00000, 0x0000000089e00000|100%| E|CS|TAMS 0x0000000089d00000, 0x0000000089d00000| Complete 
| 158|0x0000000089e00000, 0x0000000089f00000, 0x0000000089f00000|100%| E|CS|TAMS 0x0000000089e00000, 0x0000000089e00000| Complete 
| 159|0x0000000089f00000, 0x000000008a000000, 0x000000008a000000|100%| E|CS|TAMS 0x0000000089f00000, 0x0000000089f00000| Complete 
| 160|0x000000008a000000, 0x000000008a100000, 0x000000008a100000|100%| E|CS|TAMS 0x000000008a000000, 0x000000008a000000| Complete 
| 161|0x000000008a100000, 0x000000008a200000, 0x000000008a200000|100%| E|CS|TAMS 0x000000008a100000, 0x000000008a100000| Complete 
| 162|0x000000008a200000, 0x000000008a300000, 0x000000008a300000|100%| E|CS|TAMS 0x000000008a200000, 0x000000008a200000| Complete 
| 163|0x000000008a300000, 0x000000008a400000, 0x000000008a400000|100%| E|CS|TAMS 0x000000008a300000, 0x000000008a300000| Complete 
| 164|0x000000008a400000, 0x000000008a500000, 0x000000008a500000|100%| E|CS|TAMS 0x000000008a400000, 0x000000008a400000| Complete 
| 165|0x000000008a500000, 0x000000008a600000, 0x000000008a600000|100%| E|CS|TAMS 0x000000008a500000, 0x000000008a500000| Complete 
| 166|0x000000008a600000, 0x000000008a700000, 0x000000008a700000|100%| E|CS|TAMS 0x000000008a600000, 0x000000008a600000| Complete 
| 167|0x000000008a700000, 0x000000008a800000, 0x000000008a800000|100%| E|CS|TAMS 0x000000008a700000, 0x000000008a700000| Complete 
| 168|0x000000008a800000, 0x000000008a900000, 0x000000008a900000|100%| E|CS|TAMS 0x000000008a800000, 0x000000008a800000| Complete 
| 169|0x000000008a900000, 0x000000008aa00000, 0x000000008aa00000|100%| E|CS|TAMS 0x000000008a900000, 0x000000008a900000| Complete 
| 170|0x000000008aa00000, 0x000000008ab00000, 0x000000008ab00000|100%| E|CS|TAMS 0x000000008aa00000, 0x000000008aa00000| Complete 
| 171|0x000000008ab00000, 0x000000008ac00000, 0x000000008ac00000|100%| E|CS|TAMS 0x000000008ab00000, 0x000000008ab00000| Complete 
| 172|0x000000008ac00000, 0x000000008ad00000, 0x000000008ad00000|100%| E|CS|TAMS 0x000000008ac00000, 0x000000008ac00000| Complete 
| 173|0x000000008ad00000, 0x000000008ae00000, 0x000000008ae00000|100%| E|CS|TAMS 0x000000008ad00000, 0x000000008ad00000| Complete 
| 174|0x000000008ae00000, 0x000000008af00000, 0x000000008af00000|100%| E|CS|TAMS 0x000000008ae00000, 0x000000008ae00000| Complete 
| 175|0x000000008af00000, 0x000000008b000000, 0x000000008b000000|100%| E|CS|TAMS 0x000000008af00000, 0x000000008af00000| Complete 
| 176|0x000000008b000000, 0x000000008b100000, 0x000000008b100000|100%| E|CS|TAMS 0x000000008b000000, 0x000000008b000000| Complete 
| 177|0x000000008b100000, 0x000000008b200000, 0x000000008b200000|100%| E|CS|TAMS 0x000000008b100000, 0x000000008b100000| Complete 
| 178|0x000000008b200000, 0x000000008b300000, 0x000000008b300000|100%| E|CS|TAMS 0x000000008b200000, 0x000000008b200000| Complete 
| 179|0x000000008b300000, 0x000000008b400000, 0x000000008b400000|100%| E|CS|TAMS 0x000000008b300000, 0x000000008b300000| Complete 
| 180|0x000000008b400000, 0x000000008b500000, 0x000000008b500000|100%| E|CS|TAMS 0x000000008b400000, 0x000000008b400000| Complete 
| 181|0x000000008b500000, 0x000000008b600000, 0x000000008b600000|100%| E|CS|TAMS 0x000000008b500000, 0x000000008b500000| Complete 
| 182|0x000000008b600000, 0x000000008b700000, 0x000000008b700000|100%| E|CS|TAMS 0x000000008b600000, 0x000000008b600000| Complete 
| 183|0x000000008b700000, 0x000000008b800000, 0x000000008b800000|100%| E|CS|TAMS 0x000000008b700000, 0x000000008b700000| Complete 
| 184|0x000000008b800000, 0x000000008b900000, 0x000000008b900000|100%| E|CS|TAMS 0x000000008b800000, 0x000000008b800000| Complete 
| 185|0x000000008b900000, 0x000000008ba00000, 0x000000008ba00000|100%| E|CS|TAMS 0x000000008b900000, 0x000000008b900000| Complete 
| 186|0x000000008ba00000, 0x000000008bb00000, 0x000000008bb00000|100%| E|CS|TAMS 0x000000008ba00000, 0x000000008ba00000| Complete 
| 187|0x000000008bb00000, 0x000000008bc00000, 0x000000008bc00000|100%| E|CS|TAMS 0x000000008bb00000, 0x000000008bb00000| Complete 
| 188|0x000000008bc00000, 0x000000008bd00000, 0x000000008bd00000|100%| E|CS|TAMS 0x000000008bc00000, 0x000000008bc00000| Complete 
| 189|0x000000008bd00000, 0x000000008be00000, 0x000000008be00000|100%| E|CS|TAMS 0x000000008bd00000, 0x000000008bd00000| Complete 
| 190|0x000000008be00000, 0x000000008bf00000, 0x000000008bf00000|100%| E|CS|TAMS 0x000000008be00000, 0x000000008be00000| Complete 
| 191|0x000000008bf00000, 0x000000008c000000, 0x000000008c000000|100%| E|CS|TAMS 0x000000008bf00000, 0x000000008bf00000| Complete 
| 192|0x000000008c000000, 0x000000008c100000, 0x000000008c100000|100%| E|CS|TAMS 0x000000008c000000, 0x000000008c000000| Complete 
| 193|0x000000008c100000, 0x000000008c200000, 0x000000008c200000|100%| E|CS|TAMS 0x000000008c100000, 0x000000008c100000| Complete 
| 194|0x000000008c200000, 0x000000008c300000, 0x000000008c300000|100%| E|CS|TAMS 0x000000008c200000, 0x000000008c200000| Complete 
| 195|0x000000008c300000, 0x000000008c400000, 0x000000008c400000|100%| E|CS|TAMS 0x000000008c300000, 0x000000008c300000| Complete 
| 196|0x000000008c400000, 0x000000008c500000, 0x000000008c500000|100%| E|CS|TAMS 0x000000008c400000, 0x000000008c400000| Complete 
| 197|0x000000008c500000, 0x000000008c600000, 0x000000008c600000|100%| E|CS|TAMS 0x000000008c500000, 0x000000008c500000| Complete 
| 198|0x000000008c600000, 0x000000008c700000, 0x000000008c700000|100%| E|CS|TAMS 0x000000008c600000, 0x000000008c600000| Complete 
| 199|0x000000008c700000, 0x000000008c800000, 0x000000008c800000|100%| E|CS|TAMS 0x000000008c700000, 0x000000008c700000| Complete 
| 200|0x000000008c800000, 0x000000008c900000, 0x000000008c900000|100%| E|CS|TAMS 0x000000008c800000, 0x000000008c800000| Complete 
| 201|0x000000008c900000, 0x000000008ca00000, 0x000000008ca00000|100%| E|CS|TAMS 0x000000008c900000, 0x000000008c900000| Complete 
| 202|0x000000008ca00000, 0x000000008cb00000, 0x000000008cb00000|100%| E|CS|TAMS 0x000000008ca00000, 0x000000008ca00000| Complete 
| 203|0x000000008cb00000, 0x000000008cc00000, 0x000000008cc00000|100%| E|CS|TAMS 0x000000008cb00000, 0x000000008cb00000| Complete 
| 204|0x000000008cc00000, 0x000000008cd00000, 0x000000008cd00000|100%| E|CS|TAMS 0x000000008cc00000, 0x000000008cc00000| Complete 
| 205|0x000000008cd00000, 0x000000008ce00000, 0x000000008ce00000|100%| E|CS|TAMS 0x000000008cd00000, 0x000000008cd00000| Complete 
| 206|0x000000008ce00000, 0x000000008cf00000, 0x000000008cf00000|100%| E|CS|TAMS 0x000000008ce00000, 0x000000008ce00000| Complete 
| 207|0x000000008cf00000, 0x000000008d000000, 0x000000008d000000|100%| E|CS|TAMS 0x000000008cf00000, 0x000000008cf00000| Complete 
| 208|0x000000008d000000, 0x000000008d100000, 0x000000008d100000|100%| E|CS|TAMS 0x000000008d000000, 0x000000008d000000| Complete 
| 209|0x000000008d100000, 0x000000008d200000, 0x000000008d200000|100%| E|CS|TAMS 0x000000008d100000, 0x000000008d100000| Complete 
| 210|0x000000008d200000, 0x000000008d300000, 0x000000008d300000|100%| E|CS|TAMS 0x000000008d200000, 0x000000008d200000| Complete 
| 211|0x000000008d300000, 0x000000008d400000, 0x000000008d400000|100%| E|CS|TAMS 0x000000008d300000, 0x000000008d300000| Complete 
| 212|0x000000008d400000, 0x000000008d500000, 0x000000008d500000|100%| E|CS|TAMS 0x000000008d400000, 0x000000008d400000| Complete 
| 213|0x000000008d500000, 0x000000008d600000, 0x000000008d600000|100%| E|CS|TAMS 0x000000008d500000, 0x000000008d500000| Complete 
| 214|0x000000008d600000, 0x000000008d700000, 0x000000008d700000|100%| E|CS|TAMS 0x000000008d600000, 0x000000008d600000| Complete 
| 215|0x000000008d700000, 0x000000008d800000, 0x000000008d800000|100%| E|CS|TAMS 0x000000008d700000, 0x000000008d700000| Complete 
| 216|0x000000008d800000, 0x000000008d900000, 0x000000008d900000|100%| E|CS|TAMS 0x000000008d800000, 0x000000008d800000| Complete 
| 217|0x000000008d900000, 0x000000008da00000, 0x000000008da00000|100%| E|CS|TAMS 0x000000008d900000, 0x000000008d900000| Complete 
| 218|0x000000008da00000, 0x000000008db00000, 0x000000008db00000|100%| E|CS|TAMS 0x000000008da00000, 0x000000008da00000| Complete 
| 219|0x000000008db00000, 0x000000008dc00000, 0x000000008dc00000|100%| E|CS|TAMS 0x000000008db00000, 0x000000008db00000| Complete 
| 220|0x000000008dc00000, 0x000000008dd00000, 0x000000008dd00000|100%| E|CS|TAMS 0x000000008dc00000, 0x000000008dc00000| Complete 
| 221|0x000000008dd00000, 0x000000008de00000, 0x000000008de00000|100%| E|CS|TAMS 0x000000008dd00000, 0x000000008dd00000| Complete 

Card table byte_map: [0x000001ee7be50000,0x000001ee7c250000] _byte_map_base: 0x000001ee7ba50000

Marking Bits (Prev, Next): (CMBitMap*) 0x000001ee76154f90, (CMBitMap*) 0x000001ee76154f58
 Prev Bits: [0x000001ee0f000000, 0x000001ee11000000)
 Next Bits: [0x000001ee7c650000, 0x000001ee7e650000)

Polling page: 0x000001ee761f0000

Metaspace:

Usage:
  Non-class:     83.07 MB capacity,    81.35 MB ( 98%) used,     1.42 MB (  2%) free+waste,   306.88 KB ( <1%) overhead. 
      Class:     12.91 MB capacity,    11.97 MB ( 93%) used,   831.26 KB (  6%) free+waste,   137.38 KB (  1%) overhead. 
       Both:     95.98 MB capacity,    93.31 MB ( 97%) used,     2.24 MB (  2%) free+waste,   444.25 KB ( <1%) overhead. 

Virtual space:
  Non-class space:       88.00 MB reserved,      83.25 MB ( 95%) committed 
      Class space:        1.00 GB reserved,      13.00 MB (  1%) committed 
             Both:        1.09 GB reserved,      96.25 MB (  9%) committed 

Chunk freelists:
   Non-Class:  56.00 KB
       Class:  0 bytes
        Both:  56.00 KB

MaxMetaspaceSize: 17179869184.00 GB
CompressedClassSpaceSize: 1.00 GB
Initial GC threshold: 20.80 MB
Current GC threshold: 98.34 MB
CDS: off

CodeHeap 'non-profiled nmethods': size=120064Kb used=9283Kb max_used=9283Kb free=110780Kb
 bounds [0x000001ee07ac0000, 0x000001ee083e0000, 0x000001ee0f000000]
CodeHeap 'profiled nmethods': size=120000Kb used=29312Kb max_used=29312Kb free=90687Kb
 bounds [0x000001ee00590000, 0x000001ee02240000, 0x000001ee07ac0000]
CodeHeap 'non-nmethods': size=5696Kb used=2392Kb max_used=2437Kb free=3303Kb
 bounds [0x000001ee00000000, 0x000001ee00270000, 0x000001ee00590000]
 total_blobs=14056 nmethods=13135 adapters=833
 compilation: enabled
              stopped_count=0, restarted_count=0
 full_count=0

Compilation events (20 events):
Event: 39.470 Thread 0x000001ee7ecbc800 nmethod 13304 0x000001ee083c7290 code [0x000001ee083c7460, 0x000001ee083c7ae8]
Event: 39.470 Thread 0x000001ee7ecbc800 13305       4       org.gradle.cache.internal.DefaultFileLockManager$DefaultFileLock::assertOpenAndIntegral (42 bytes)
Event: 39.472 Thread 0x000001ee7ecbc800 nmethod 13305 0x000001ee083c7e10 code [0x000001ee083c7fa0, 0x000001ee083c8098]
Event: 39.501 Thread 0x000001ee171c5800 nmethod 13299 0x000001ee083c8210 code [0x000001ee083c85c0, 0x000001ee083cb3d0]
Event: 39.503 Thread 0x000001ee7ecbc800 13306   !   4       org.gradle.cache.internal.DefaultMultiProcessSafePersistentIndexedCache::getIfPresent (25 bytes)
Event: 39.507 Thread 0x000001ee171c5800 13307       4       java.math.BigInteger::<init> (93 bytes)
Event: 39.548 Thread 0x000001ee171c5800 nmethod 13307 0x000001ee083cd110 code [0x000001ee083cd300, 0x000001ee083ce198]
Event: 39.549 Thread 0x000001ee171c5800 13309       4       org.gradle.internal.logging.sink.OutputEventTransformer::onOutput (399 bytes)
Event: 39.592 Thread 0x000001ee171c5800 nmethod 13309 0x000001ee083ce990 code [0x000001ee083cec60, 0x000001ee083cfba0]
Event: 39.592 Thread 0x000001ee171c5800 13311       4       com.google.common.collect.ImmutableMultimap$EntryCollection::size (8 bytes)
Event: 39.592 Thread 0x000001ee171c5800 nmethod 13311 0x000001ee083d0790 code [0x000001ee083d0920, 0x000001ee083d0998]
Event: 39.593 Thread 0x000001ee171c5800 13312       4       com.google.common.collect.ImmutableMultimap::entries (8 bytes)
Event: 39.596 Thread 0x000001ee171c5800 nmethod 13312 0x000001ee083d0a90 code [0x000001ee083d0c40, 0x000001ee083d0e98]
Event: 39.596 Thread 0x000001ee171c5800 13308       4       org.gradle.cache.internal.DefaultMultiProcessSafePersistentIndexedCache$$Lambda$357/0x0000000100498040::create (12 bytes)
Event: 39.598 Thread 0x000001ee7ecc1800 13313       3       java.lang.Integer::formatUnsignedInt (44 bytes)
Event: 39.598 Thread 0x000001ee7ecc1800 nmethod 13313 0x000001ee02224d90 code [0x000001ee02224f60, 0x000001ee02225178]
Event: 39.612 Thread 0x000001ee7ecc1800 13314       3       org.apache.xerces.impl.XMLEntityScanner::load (198 bytes)
Event: 39.613 Thread 0x000001ee7ecc1800 nmethod 13314 0x000001ee02225310 code [0x000001ee02225500, 0x000001ee022259c8]
Event: 39.615 Thread 0x000001ee7ecc1800 13315       3       java.util.WeakHashMap::newTable (5 bytes)
Event: 39.615 Thread 0x000001ee7ecc1800 nmethod 13315 0x000001ee02225c10 code [0x000001ee02225dc0, 0x000001ee02225f58]

GC Heap History (20 events):
Event: 23.880 GC heap before
{Heap before GC invocations=23 (full 0):
 garbage-first heap   total 157696K, used 127726K [0x0000000080000000, 0x0000000100000000)
  region size 1024K, 83 young (84992K), 8 survivors (8192K)
 Metaspace       used 67236K, capacity 69058K, committed 69376K, reserved 1110016K
  class space    used 8451K, capacity 9109K, committed 9216K, reserved 1048576K
}
Event: 23.899 GC heap after
{Heap after GC invocations=24 (full 0):
 garbage-first heap   total 189440K, used 53767K [0x0000000080000000, 0x0000000100000000)
  region size 1024K, 7 young (7168K), 7 survivors (7168K)
 Metaspace       used 67236K, capacity 69058K, committed 69376K, reserved 1110016K
  class space    used 8451K, capacity 9109K, committed 9216K, reserved 1048576K
}
Event: 24.879 GC heap before
{Heap before GC invocations=24 (full 0):
 garbage-first heap   total 189440K, used 142855K [0x0000000080000000, 0x0000000100000000)
  region size 1024K, 94 young (96256K), 7 survivors (7168K)
 Metaspace       used 70312K, capacity 72147K, committed 72320K, reserved 1112064K
  class space    used 8894K, capacity 9562K, committed 9600K, reserved 1048576K
}
Event: 24.893 GC heap after
{Heap after GC invocations=25 (full 0):
 garbage-first heap   total 189440K, used 56498K [0x0000000080000000, 0x0000000100000000)
  region size 1024K, 9 young (9216K), 9 survivors (9216K)
 Metaspace       used 70312K, capacity 72147K, committed 72320K, reserved 1112064K
  class space    used 8894K, capacity 9562K, committed 9600K, reserved 1048576K
}
Event: 26.365 GC heap before
{Heap before GC invocations=25 (full 0):
 garbage-first heap   total 189440K, used 150706K [0x0000000080000000, 0x0000000100000000)
  region size 1024K, 101 young (103424K), 9 survivors (9216K)
 Metaspace       used 73996K, capacity 75907K, committed 76032K, reserved 1116160K
  class space    used 9528K, capacity 10216K, committed 10240K, reserved 1048576K
}
Event: 26.385 GC heap after
{Heap after GC invocations=26 (full 0):
 garbage-first heap   total 189440K, used 59959K [0x0000000080000000, 0x0000000100000000)
  region size 1024K, 10 young (10240K), 10 survivors (10240K)
 Metaspace       used 73996K, capacity 75907K, committed 76032K, reserved 1116160K
  class space    used 9528K, capacity 10216K, committed 10240K, reserved 1048576K
}
Event: 27.487 GC heap before
{Heap before GC invocations=26 (full 0):
 garbage-first heap   total 189440K, used 153143K [0x0000000080000000, 0x0000000100000000)
  region size 1024K, 101 young (103424K), 10 survivors (10240K)
 Metaspace       used 77360K, capacity 79385K, committed 79488K, reserved 1118208K
  class space    used 10036K, capacity 10796K, committed 10880K, reserved 1048576K
}
Event: 27.507 GC heap after
{Heap after GC invocations=27 (full 0):
 garbage-first heap   total 189440K, used 64169K [0x0000000080000000, 0x0000000100000000)
  region size 1024K, 11 young (11264K), 11 survivors (11264K)
 Metaspace       used 77360K, capacity 79385K, committed 79488K, reserved 1118208K
  class space    used 10036K, capacity 10796K, committed 10880K, reserved 1048576K
}
Event: 28.626 GC heap before
{Heap before GC invocations=27 (full 0):
 garbage-first heap   total 189440K, used 155305K [0x0000000080000000, 0x0000000100000000)
  region size 1024K, 100 young (102400K), 11 survivors (11264K)
 Metaspace       used 81538K, capacity 83606K, committed 83840K, reserved 1122304K
  class space    used 10612K, capacity 11392K, committed 11392K, reserved 1048576K
}
Event: 28.649 GC heap after
{Heap after GC invocations=28 (full 0):
 garbage-first heap   total 189440K, used 65995K [0x0000000080000000, 0x0000000100000000)
  region size 1024K, 6 young (6144K), 6 survivors (6144K)
 Metaspace       used 81538K, capacity 83606K, committed 83840K, reserved 1122304K
  class space    used 10612K, capacity 11392K, committed 11392K, reserved 1048576K
}
Event: 29.681 GC heap before
{Heap before GC invocations=28 (full 0):
 garbage-first heap   total 189440K, used 157131K [0x0000000080000000, 0x0000000100000000)
  region size 1024K, 95 young (97280K), 6 survivors (6144K)
 Metaspace       used 83234K, capacity 85400K, committed 85632K, reserved 1124352K
  class space    used 10807K, capacity 11600K, committed 11648K, reserved 1048576K
}
Event: 29.707 GC heap after
{Heap after GC invocations=29 (full 0):
 garbage-first heap   total 227328K, used 74257K [0x0000000080000000, 0x0000000100000000)
  region size 1024K, 12 young (12288K), 12 survivors (12288K)
 Metaspace       used 83234K, capacity 85400K, committed 85632K, reserved 1124352K
  class space    used 10807K, capacity 11600K, committed 11648K, reserved 1048576K
}
Event: 31.554 GC heap before
{Heap before GC invocations=29 (full 0):
 garbage-first heap   total 227328K, used 176657K [0x0000000080000000, 0x0000000100000000)
  region size 1024K, 112 young (114688K), 12 survivors (12288K)
 Metaspace       used 87161K, capacity 89570K, committed 89856K, reserved 1126400K
  class space    used 11275K, capacity 12188K, committed 12288K, reserved 1048576K
}
Event: 31.592 GC heap after
{Heap after GC invocations=30 (full 0):
 garbage-first heap   total 227328K, used 83166K [0x0000000080000000, 0x0000000100000000)
  region size 1024K, 9 young (9216K), 9 survivors (9216K)
 Metaspace       used 87161K, capacity 89570K, committed 89856K, reserved 1126400K
  class space    used 11275K, capacity 12188K, committed 12288K, reserved 1048576K
}
Event: 34.513 GC heap before
{Heap before GC invocations=30 (full 0):
 garbage-first heap   total 227328K, used 180446K [0x0000000080000000, 0x0000000100000000)
  region size 1024K, 105 young (107520K), 9 survivors (9216K)
 Metaspace       used 88308K, capacity 90819K, committed 91008K, reserved 1128448K
  class space    used 11378K, capacity 12348K, committed 12416K, reserved 1048576K
}
Event: 34.541 GC heap after
{Heap after GC invocations=31 (full 0):
 garbage-first heap   total 227328K, used 90061K [0x0000000080000000, 0x0000000100000000)
  region size 1024K, 6 young (6144K), 6 survivors (6144K)
 Metaspace       used 88308K, capacity 90819K, committed 91008K, reserved 1128448K
  class space    used 11378K, capacity 12348K, committed 12416K, reserved 1048576K
}
Event: 36.474 GC heap before
{Heap before GC invocations=31 (full 0):
 garbage-first heap   total 227328K, used 183245K [0x0000000080000000, 0x0000000100000000)
  region size 1024K, 98 young (100352K), 6 survivors (6144K)
 Metaspace       used 89352K, capacity 91913K, committed 92160K, reserved 1128448K
  class space    used 11498K, capacity 12443K, committed 12544K, reserved 1048576K
}
Event: 36.493 GC heap after
{Heap after GC invocations=32 (full 0):
 garbage-first heap   total 227328K, used 95140K [0x0000000080000000, 0x0000000100000000)
  region size 1024K, 11 young (11264K), 11 survivors (11264K)
 Metaspace       used 89352K, capacity 91913K, committed 92160K, reserved 1128448K
  class space    used 11498K, capacity 12443K, committed 12544K, reserved 1048576K
}
Event: 38.536 GC heap before
{Heap before GC invocations=32 (full 0):
 garbage-first heap   total 227328K, used 186276K [0x0000000080000000, 0x0000000100000000)
  region size 1024K, 101 young (103424K), 11 survivors (11264K)
 Metaspace       used 92877K, capacity 95527K, committed 95616K, reserved 1132544K
  class space    used 11926K, capacity 12900K, committed 12928K, reserved 1048576K
}
Event: 38.561 GC heap after
{Heap after GC invocations=33 (full 0):
 garbage-first heap   total 227328K, used 97132K [0x0000000080000000, 0x0000000100000000)
  region size 1024K, 7 young (7168K), 7 survivors (7168K)
 Metaspace       used 92877K, capacity 95527K, committed 95616K, reserved 1132544K
  class space    used 11926K, capacity 12900K, committed 12928K, reserved 1048576K
}

Deoptimization events (20 events):
Event: 39.392 Thread 0x000001ee15356800 DEOPT PACKING pc=0x000001ee08085740 sp=0x00000020a35fcb10
Event: 39.392 Thread 0x000001ee15356800 DEOPT UNPACKING pc=0x000001ee0004a1af sp=0x00000020a35fca88 mode 2
Event: 39.394 Thread 0x000001ee15356800 Uncommon trap: trap_request=0xffffffde fr.pc=0x000001ee0831922c relative=0x000000000000040c
Event: 39.394 Thread 0x000001ee15356800 Uncommon trap: reason=class_check action=maybe_recompile pc=0x000001ee0831922c method=java.util.concurrent.ConcurrentHashMap.get(Ljava/lang/Object;)Ljava/lang/Object; @ 93 c2
Event: 39.394 Thread 0x000001ee15356800 DEOPT PACKING pc=0x000001ee0831922c sp=0x00000020a35fe1b0
Event: 39.394 Thread 0x000001ee15356800 DEOPT UNPACKING pc=0x000001ee0004a1af sp=0x00000020a35fdfe0 mode 2
Event: 39.395 Thread 0x000001ee15356800 Uncommon trap: trap_request=0xffffffde fr.pc=0x000001ee0831922c relative=0x000000000000040c
Event: 39.395 Thread 0x000001ee15356800 Uncommon trap: reason=class_check action=maybe_recompile pc=0x000001ee0831922c method=java.util.concurrent.ConcurrentHashMap.get(Ljava/lang/Object;)Ljava/lang/Object; @ 93 c2
Event: 39.395 Thread 0x000001ee15356800 DEOPT PACKING pc=0x000001ee0831922c sp=0x00000020a35fcb80
Event: 39.395 Thread 0x000001ee15356800 DEOPT UNPACKING pc=0x000001ee0004a1af sp=0x00000020a35fc9b0 mode 2
Event: 39.593 Thread 0x000001ee7f905800 Uncommon trap: trap_request=0xffffff4d fr.pc=0x000001ee0824170c relative=0x000000000000070c
Event: 39.593 Thread 0x000001ee7f905800 Uncommon trap: reason=unstable_if action=reinterpret pc=0x000001ee0824170c method=org.gradle.tooling.internal.provider.runner.ClientBuildEventGenerator$Disabled.accept(Lorg/gradle/internal/operations/BuildOperationDescriptor;)Lorg/gradle/tooling/internal/
Event: 39.593 Thread 0x000001ee7f905800 DEOPT PACKING pc=0x000001ee0824170c sp=0x00000020a45fe4c0
Event: 39.593 Thread 0x000001ee7f905800 DEOPT UNPACKING pc=0x000001ee0004a1af sp=0x00000020a45fe410 mode 2
Event: 39.594 Thread 0x000001ee7f905800 Uncommon trap: trap_request=0xffffff4d fr.pc=0x000001ee08235740 relative=0x00000000000000a0
Event: 39.594 Thread 0x000001ee7f905800 Uncommon trap: reason=unstable_if action=reinterpret pc=0x000001ee08235740 method=org.gradle.tooling.internal.provider.runner.ClientBuildEventGenerator$Disabled.accept(Lorg/gradle/internal/operations/BuildOperationDescriptor;)Lorg/gradle/tooling/internal/
Event: 39.594 Thread 0x000001ee7f905800 DEOPT PACKING pc=0x000001ee08235740 sp=0x00000020a45fe450
Event: 39.594 Thread 0x000001ee7f905800 DEOPT UNPACKING pc=0x000001ee0004a1af sp=0x00000020a45fe400 mode 2
Event: 39.616 Thread 0x000001ee7f905800 DEOPT PACKING pc=0x000001ee021369dc sp=0x00000020a45fd860
Event: 39.616 Thread 0x000001ee7f905800 DEOPT UNPACKING pc=0x000001ee0004a95e sp=0x00000020a45fcda0 mode 0

Classes redefined (0 events):
No events

Internal exceptions (20 events):
Event: 31.638 Thread 0x000001ee141f3000 Exception <a 'java/lang/NoSuchMethodError'{0x000000008d791a40}: 'java.lang.Object java.lang.invoke.DirectMethodHandle$Holder.invokeSpecialIFC(java.lang.Object, java.lang.Object, java.lang.Object)'> (0x000000008d791a40) thrown at [src/hotspot/share/interpreter/linkResolver.cpp, line 773]
Event: 31.638 Thread 0x000001ee141f0800 Exception <a 'java/lang/NoSuchMethodError'{0x000000008d938ca0}: 'java.lang.Object java.lang.invoke.DirectMethodHandle$Holder.invokeSpecialIFC(java.lang.Object, java.lang.Object, java.lang.Object)'> (0x000000008d938ca0) thrown at [src/hotspot/share/interpreter/linkResolver.cpp, line 773]
Event: 31.901 Thread 0x000001ee141f0800 Implicit null exception at 0x000001ee0820a9a4 to 0x000001ee0820ab44
Event: 31.952 Thread 0x000001ee141f4000 Exception <a 'java/lang/NoSuchMethodError'{0x000000008cc6deb0}: 'void java.lang.invoke.DirectMethodHandle$Holder.invokeVirtual(java.lang.Object, java.lang.Object)'> (0x000000008cc6deb0) thrown at [src/hotspot/share/interpreter/linkResolver.cpp, line 773]
Event: 32.396 Thread 0x000001ee7f907000 Implicit null exception at 0x000001ee082270b7 to 0x000001ee082278e4
Event: 32.396 Thread 0x000001ee7f907000 Implicit null exception at 0x000001ee082270b7 to 0x000001ee082278e4
Event: 32.396 Thread 0x000001ee7f907000 Implicit null exception at 0x000001ee082270b7 to 0x000001ee082278e4
Event: 32.396 Thread 0x000001ee141f3000 Implicit null exception at 0x000001ee082270b7 to 0x000001ee082278e4
Event: 32.522 Thread 0x000001ee7f907000 Implicit null exception at 0x000001ee08230657 to 0x000001ee08230bc0
Event: 32.523 Thread 0x000001ee7f907000 Implicit null exception at 0x000001ee0822dbdb to 0x000001ee0822dc6c
Event: 34.479 Thread 0x000001ee7f909000 Exception <a 'java/lang/NoSuchMethodError'{0x00000000880f1690}: 'void java.lang.invoke.DirectMethodHandle$Holder.invokeInterface(java.lang.Object, java.lang.Object, java.lang.Object, java.lang.Object)'> (0x00000000880f1690) thrown at [src/hotspot/share/interpreter/linkResolver.cpp, line 773]
Event: 35.705 Thread 0x000001ee7f909000 Exception <a 'java/lang/NoSuchMethodError'{0x000000008ad4e5d8}: 'java.lang.Object java.lang.invoke.DirectMethodHandle$Holder.invokeStatic(java.lang.Object, java.lang.Object, java.lang.Object, java.lang.Object, java.lang.Object, java.lang.Object, java.lang.Object, java.lang.Object, java.lang.Object, java.lang.Object, java.lang.Object, java.lang.Object, java.lang.Object, java.lang.Object, java.lang.Object, int)'> (0x000000008ad4e5d8) thrown at [src/hotspot/share/interpreter/linkResolver.cpp, line 773]
Event: 36.324 Thread 0x000001ee7f909000 Exception <a 'sun/nio/fs/WindowsException'{0x0000000088d37ab0}> (0x0000000088d37ab0) thrown at [src/hotspot/share/prims/jni.cpp, line 617]
Event: 36.324 Thread 0x000001ee7f909000 Exception <a 'sun/nio/fs/WindowsException'{0x0000000088d389a0}> (0x0000000088d389a0) thrown at [src/hotspot/share/prims/jni.cpp, line 617]
Event: 36.324 Thread 0x000001ee7f909000 Exception <a 'sun/nio/fs/WindowsException'{0x0000000088d38ce0}> (0x0000000088d38ce0) thrown at [src/hotspot/share/prims/jni.cpp, line 617]
Event: 36.324 Thread 0x000001ee7f909000 Exception <a 'sun/nio/fs/WindowsException'{0x0000000088d39b90}> (0x0000000088d39b90) thrown at [src/hotspot/share/prims/jni.cpp, line 617]
Event: 36.324 Thread 0x000001ee7f909000 Exception <a 'sun/nio/fs/WindowsException'{0x0000000088d39eb0}> (0x0000000088d39eb0) thrown at [src/hotspot/share/prims/jni.cpp, line 617]
Event: 36.324 Thread 0x000001ee7f909000 Exception <a 'sun/nio/fs/WindowsException'{0x0000000088d3ad50}> (0x0000000088d3ad50) thrown at [src/hotspot/share/prims/jni.cpp, line 617]
Event: 38.039 Thread 0x000001ee7f909000 Exception <a 'java/lang/NoSuchMethodError'{0x000000008ad80350}: 'java.lang.Object java.lang.invoke.DirectMethodHandle$Holder.newInvokeSpecial(java.lang.Object, java.lang.Object, java.lang.Object, java.lang.Object)'> (0x000000008ad80350) thrown at [src/hotspot/share/interpreter/linkResolver.cpp, line 773]
Event: 38.087 Thread 0x000001ee7f9b0000 Exception <a 'java/lang/NoSuchMethodError'{0x000000008abc4138}: <clinit>> (0x000000008abc4138) thrown at [src/hotspot/share/prims/jni.cpp, line 1367]

Events (20 events):
Event: 39.590 loading class org/gradle/workers/internal/AbstractWorker$Work
Event: 39.590 loading class org/gradle/workers/internal/AbstractWorker$Work done
Event: 39.591 loading class org/gradle/workers/internal/AbstractWorker$1
Event: 39.591 loading class org/gradle/workers/internal/AbstractWorker$1 done
Event: 39.592 loading class org/gradle/workers/internal/AbstractWorker$Details
Event: 39.592 loading class org/gradle/workers/internal/AbstractWorker$Details done
Event: 39.594 loading class org/gradle/workers/internal/NoIsolationWorkerFactory$1$1
Event: 39.595 loading class org/gradle/workers/internal/NoIsolationWorkerFactory$1$1 done
Event: 39.599 loading class org/gradle/workers/internal/SimpleActionExecutionSpec
Event: 39.599 loading class org/gradle/workers/internal/SimpleActionExecutionSpec done
Event: 39.600 Executing VM operation: CollectForMetadataAllocation
Event: 39.600 Executing VM operation: CollectForMetadataAllocation done
Event: 39.601 loading class org/gradle/api/specs/Spec
Event: 39.601 loading class org/gradle/api/specs/Spec done
Event: 39.602 loading class kotlin/jvm/JvmDefault
Event: 39.602 loading class kotlin/jvm/JvmDefault done
Event: 39.602 loading class kotlin/jvm/JvmDefault
Event: 39.602 loading class kotlin/jvm/JvmDefault done
Event: 39.608 Executing VM operation: RevokeBias
Event: 39.608 Executing VM operation: RevokeBias done


Dynamic libraries:
0x00007ff6f1d70000 - 0x00007ff6f1d7a000 	C:\Program Files\Android\Android Studio\jbr\bin\java.exe
0x00007ffc1d7b0000 - 0x00007ffc1d9a8000 	C:\WINDOWS\SYSTEM32\ntdll.dll
0x00007ffc1bc80000 - 0x00007ffc1bd3f000 	C:\WINDOWS\System32\KERNEL32.DLL
0x00007ffc1b2e0000 - 0x00007ffc1b5d6000 	C:\WINDOWS\System32\KERNELBASE.dll
0x00007ffc1b710000 - 0x00007ffc1b810000 	C:\WINDOWS\System32\ucrtbase.dll
0x00007ffc14fc0000 - 0x00007ffc14fdb000 	C:\Program Files\Android\Android Studio\jbr\bin\VCRUNTIME140.dll
0x00007ffbcf0f0000 - 0x00007ffbcf107000 	C:\Program Files\Android\Android Studio\jbr\bin\jli.dll
0x00007ffc1bae0000 - 0x00007ffc1bc7d000 	C:\WINDOWS\System32\USER32.dll
0x00007ffc1b190000 - 0x00007ffc1b1b2000 	C:\WINDOWS\System32\win32u.dll
0x00007ffc1ce70000 - 0x00007ffc1ce9c000 	C:\WINDOWS\System32\GDI32.dll
0x00007ffc1b1c0000 - 0x00007ffc1b2d5000 	C:\WINDOWS\System32\gdi32full.dll
0x00007ffc1aee0000 - 0x00007ffc1af7d000 	C:\WINDOWS\System32\msvcp_win.dll
0x00007ffc00a10000 - 0x00007ffc00caa000 	C:\WINDOWS\WinSxS\amd64_microsoft.windows.common-controls_6595b64144ccf1df_6.0.19041.1110_none_60b5254171f9507e\COMCTL32.dll
0x00007ffc1b810000 - 0x00007ffc1b8ae000 	C:\WINDOWS\System32\msvcrt.dll
0x00007ffc1c6e0000 - 0x00007ffc1c710000 	C:\WINDOWS\System32\IMM32.DLL
0x00007ffc14fb0000 - 0x00007ffc14fbc000 	C:\Program Files\Android\Android Studio\jbr\bin\vcruntime140_1.dll
0x00007ffc042e0000 - 0x00007ffc0436d000 	C:\Program Files\Android\Android Studio\jbr\bin\msvcp140.dll
0x00007ffbcf140000 - 0x00007ffbcfcfc000 	C:\Program Files\Android\Android Studio\jbr\bin\server\jvm.dll
0x00007ffc1cea0000 - 0x00007ffc1cf4f000 	C:\WINDOWS\System32\ADVAPI32.dll
0x00007ffc1cf70000 - 0x00007ffc1d00c000 	C:\WINDOWS\System32\sechost.dll
0x00007ffc1be60000 - 0x00007ffc1bf86000 	C:\WINDOWS\System32\RPCRT4.dll
0x00007ffc1d0c0000 - 0x00007ffc1d0c8000 	C:\WINDOWS\System32\PSAPI.DLL
0x00007ffc04240000 - 0x00007ffc04249000 	C:\WINDOWS\SYSTEM32\WSOCK32.dll
0x00007ffc07770000 - 0x00007ffc07797000 	C:\WINDOWS\SYSTEM32\WINMM.dll
0x00007ffc1b9f0000 - 0x00007ffc1ba5b000 	C:\WINDOWS\System32\WS2_32.dll
0x00007ffc0ea70000 - 0x00007ffc0ea7a000 	C:\WINDOWS\SYSTEM32\VERSION.dll
0x00007ffc18d10000 - 0x00007ffc18d22000 	C:\WINDOWS\SYSTEM32\kernel.appcore.dll
0x00007ffbffb60000 - 0x00007ffbffb70000 	C:\Program Files\Android\Android Studio\jbr\bin\verify.dll
0x00007ffc0af70000 - 0x00007ffc0b154000 	C:\WINDOWS\SYSTEM32\DBGHELP.DLL
0x00007ffc0af30000 - 0x00007ffc0af64000 	C:\WINDOWS\SYSTEM32\dbgcore.DLL
0x00007ffc1b680000 - 0x00007ffc1b702000 	C:\WINDOWS\System32\bcryptPrimitives.dll
0x00007ffbcf110000 - 0x00007ffbcf138000 	C:\Program Files\Android\Android Studio\jbr\bin\java.dll
0x00007ffbff980000 - 0x00007ffbff98a000 	C:\Program Files\Android\Android Studio\jbr\bin\jimage.dll
0x00007ffbff490000 - 0x00007ffbff49e000 	C:\Program Files\Android\Android Studio\jbr\bin\instrument.dll
0x00007ffbcf0d0000 - 0x00007ffbcf0e8000 	C:\Program Files\Android\Android Studio\jbr\bin\zip.dll
0x00007ffc1bf90000 - 0x00007ffc1c6d4000 	C:\WINDOWS\System32\SHELL32.dll
0x00007ffc18f10000 - 0x00007ffc196a3000 	C:\WINDOWS\SYSTEM32\windows.storage.dll
0x00007ffc1d130000 - 0x00007ffc1d484000 	C:\WINDOWS\System32\combase.dll
0x00007ffc1a730000 - 0x00007ffc1a75e000 	C:\WINDOWS\SYSTEM32\Wldp.dll
0x00007ffc1d010000 - 0x00007ffc1d0bd000 	C:\WINDOWS\System32\SHCORE.dll
0x00007ffc1d0d0000 - 0x00007ffc1d125000 	C:\WINDOWS\System32\shlwapi.dll
0x00007ffc1add0000 - 0x00007ffc1adef000 	C:\WINDOWS\SYSTEM32\profapi.dll
0x00007ffbff2d0000 - 0x00007ffbff2da000 	C:\Program Files\Android\Android Studio\jbr\bin\management.dll
0x00007ffbff1e0000 - 0x00007ffbff1eb000 	C:\Program Files\Android\Android Studio\jbr\bin\management_ext.dll
0x00007ffc041d0000 - 0x00007ffc041e9000 	C:\Program Files\Android\Android Studio\jbr\bin\net.dll
0x00007ffc0fe00000 - 0x00007ffc0ff0a000 	C:\WINDOWS\SYSTEM32\WINHTTP.dll
0x00007ffc1a510000 - 0x00007ffc1a57a000 	C:\WINDOWS\system32\mswsock.dll
0x00007ffbd1850000 - 0x00007ffbd1863000 	C:\Program Files\Android\Android Studio\jbr\bin\nio.dll
0x00007ffc14f60000 - 0x00007ffc14f77000 	C:\WINDOWS\system32\napinsp.dll
0x00007ffc14e00000 - 0x00007ffc14e1b000 	C:\WINDOWS\system32\pnrpnsp.dll
0x00007ffbfcc50000 - 0x00007ffbfcc65000 	C:\WINDOWS\system32\wshbth.dll
0x00007ffc161f0000 - 0x00007ffc1620d000 	C:\WINDOWS\system32\NLAapi.dll
0x00007ffc1a220000 - 0x00007ffc1a25c000 	C:\WINDOWS\SYSTEM32\IPHLPAPI.DLL
0x00007ffc1a260000 - 0x00007ffc1a32b000 	C:\WINDOWS\SYSTEM32\DNSAPI.dll
0x00007ffc1b8b0000 - 0x00007ffc1b8b8000 	C:\WINDOWS\System32\NSI.dll
0x00007ffc16210000 - 0x00007ffc16222000 	C:\WINDOWS\System32\winrnr.dll
0x00007ffc0eb20000 - 0x00007ffc0eb2a000 	C:\Windows\System32\rasadhlp.dll
0x00007ffc0fb20000 - 0x00007ffc0fba2000 	C:\WINDOWS\System32\fwpuclnt.dll
0x00007ffc1b5e0000 - 0x00007ffc1b607000 	C:\WINDOWS\System32\bcrypt.dll
0x00007ffbfdae0000 - 0x00007ffbfdb07000 	C:\Users\shahzaib lptp\AndroidStudioProjects\loginsqlite\native\e1d6ef7f7dcc3fd88c89a11ec53ec762bb8ba0a96d01ffa2cd45eb1d1d8dd5c5\windows-amd64\native-platform.dll
0x00007ffbd0570000 - 0x00007ffbd06b4000 	C:\Users\shahzaib lptp\AndroidStudioProjects\loginsqlite\native\0d407fdbe67a94daf76414ababcb853783967236a71b16ec16e742cd7a986fd3\windows-amd64\native-platform-file-events.dll
0x00007ffc1aa60000 - 0x00007ffc1aa78000 	C:\WINDOWS\SYSTEM32\CRYPTSP.dll
0x00007ffc19e50000 - 0x00007ffc19e84000 	C:\WINDOWS\system32\rsaenh.dll
0x00007ffc1ad90000 - 0x00007ffc1adbe000 	C:\WINDOWS\SYSTEM32\USERENV.dll
0x00007ffc1a6a0000 - 0x00007ffc1a6ac000 	C:\WINDOWS\SYSTEM32\CRYPTBASE.dll
0x00007ffc103b0000 - 0x00007ffc103c7000 	C:\WINDOWS\SYSTEM32\dhcpcsvc6.DLL
0x00007ffc10300000 - 0x00007ffc1031d000 	C:\WINDOWS\SYSTEM32\dhcpcsvc.DLL

dbghelp: loaded successfully - version: 4.0.5 - missing functions: none
symbol engine: initialized successfully - sym options: 0x614 - pdb path: .;C:\Program Files\Android\Android Studio\jbr\bin;C:\WINDOWS\SYSTEM32;C:\WINDOWS\WinSxS\amd64_microsoft.windows.common-controls_6595b64144ccf1df_6.0.19041.1110_none_60b5254171f9507e;C:\Program Files\Android\Android Studio\jbr\bin\server;C:\Users\shahzaib lptp\AndroidStudioProjects\loginsqlite\native\e1d6ef7f7dcc3fd88c89a11ec53ec762bb8ba0a96d01ffa2cd45eb1d1d8dd5c5\windows-amd64;C:\Users\shahzaib lptp\AndroidStudioProjects\loginsqlite\native\0d407fdbe67a94daf76414ababcb853783967236a71b16ec16e742cd7a986fd3\windows-amd64

VM Arguments:
jvm_args: -javaagent:C:\Program Files\Android\Android Studio\plugins\android\resources\trace_agent.jar=C:\Users\SHAHZA~1\AppData\Local\Temp\sync.trace.profile --add-opens=java.base/java.util=ALL-UNNAMED --add-opens=java.base/java.lang=ALL-UNNAMED --add-opens=java.base/java.lang.invoke=ALL-UNNAMED --add-opens=java.base/java.util=ALL-UNNAMED --add-opens=java.prefs/java.util.prefs=ALL-UNNAMED --add-opens=java.prefs/java.util.prefs=ALL-UNNAMED --add-opens=java.base/java.nio.charset=ALL-UNNAMED --add-opens=java.base/java.net=ALL-UNNAMED --add-opens=java.base/java.util.concurrent.atomic=ALL-UNNAMED -Xmx2048m -Dfile.encoding=UTF-8 -Duser.country=US -Duser.language=en -Duser.variant 
java_command: org.gradle.launcher.daemon.bootstrap.GradleDaemon 7.5
java_class_path (initial): C:\Users\shahzaib lptp\AndroidStudioProjects\loginsqlite\wrapper\dists\gradle-7.5-bin\f1w0cc9nuo0eivz97x2xlu9sv\gradle-7.5\lib\gradle-launcher-7.5.jar
Launcher Type: SUN_STANDARD

[Global flags]
     intx CICompilerCount                          = 3                                         {product} {ergonomic}
     uint ConcGCThreads                            = 1                                         {product} {ergonomic}
     uint G1ConcRefinementThreads                  = 4                                         {product} {ergonomic}
   size_t G1HeapRegionSize                         = 1048576                                   {product} {ergonomic}
    uintx GCDrainStackTargetSize                   = 64                                        {product} {ergonomic}
   size_t InitialHeapSize                          = 134217728                                 {product} {ergonomic}
   size_t MarkStackSize                            = 4194304                                   {product} {ergonomic}
   size_t MaxHeapSize                              = 2147483648                                {product} {command line}
   size_t MaxNewSize                               = 1287651328                                {product} {ergonomic}
   size_t MinHeapDeltaBytes                        = 1048576                                   {product} {ergonomic}
    uintx NonNMethodCodeHeapSize                   = 5830732                                {pd product} {ergonomic}
    uintx NonProfiledCodeHeapSize                  = 122913754                              {pd product} {ergonomic}
    uintx ProfiledCodeHeapSize                     = 122913754                              {pd product} {ergonomic}
    uintx ReservedCodeCacheSize                    = 251658240                              {pd product} {ergonomic}
     bool SegmentedCodeCache                       = true                                      {product} {ergonomic}
     bool UseCompressedClassPointers               = true                                 {lp64_product} {ergonomic}
     bool UseCompressedOops                        = true                                 {lp64_product} {ergonomic}
     bool UseG1GC                                  = true                                      {product} {ergonomic}
     bool UseLargePagesIndividualAllocation        = false                                  {pd product} {ergonomic}

Logging:
Log output configuration:
 #0: stdout all=warning uptime,level,tags
 #1: stderr all=off uptime,level,tags

Environment Variables:
PATH=C:\Program Files\Python310\Scripts\;C:\Program Files\Python310\;C:\Program Files\Common Files\Oracle\Java\javapath;C:\app\bin;C:\app\shahzaiblptp\product\11.2.0\dbhome_1\bin;C:\WINDOWS\system32;C:\WINDOWS;C:\WINDOWS\System32\Wbem;C:\WINDOWS\System32\WindowsPowerShell\v1.0\;c:\Program Files (x86)\Microsoft SQL Server\100\Tools\Binn\;c:\Program Files\Microsoft SQL Server\100\Tools\Binn\;c:\Program Files\Microsoft SQL Server\100\DTS\Binn\;C:\WINDOWS\System32\OpenSSH\;C:\ProgramData\chocolatey\bin;%JAVA_HOME%\bin;C:\Program Files\Git\cmd;C:\Users\shahzaib lptp\AppData\Local\Microsoft\WindowsApps;C:\Program Files\JetBrains\IntelliJ IDEA Community Edition 2021.3\bin;;C:\Program Files\Python310\PyCharm Community Edition 2022.1\bin;;C:\Users\shahzaib lptp\AppData\Local\Programs\Microsoft VS Code\bin;C:\Program Files\flutter\bin;C:\src\flutter\bin;C:\Program Files\Android\Android Studio\bin;
USERNAME=shahzaib lptp
OS=Windows_NT
PROCESSOR_IDENTIFIER=Intel64 Family 6 Model 69 Stepping 1, GenuineIntel



---------------  S Y S T E M  ---------------

OS: Windows 10 , 64 bit Build 19041 (10.0.19041.2913)
OS uptime: 10 days 10:01 hours
Hyper-V role detected

CPU:total 4 (initial active 4) (2 cores per cpu, 2 threads per core) family 6 model 69 stepping 1 microcode 0x26, cmov, cx8, fxsr, mmx, sse, sse2, sse3, ssse3, sse4.1, sse4.2, popcnt, avx, avx2, aes, clmul, erms, lzcnt, ht, tsc, tscinvbit, bmi1, bmi2, fma

Memory: 4k page, system-wide physical 8073M (646M free)
TotalPageFile size 10073M (AvailPageFile size 4M)
current process WorkingSet (physical memory assigned to process): 508M, peak: 508M
current process commit charge ("private bytes"): 534M, peak: 535M

vm_info: OpenJDK 64-Bit Server VM (11.0.15+0-b2043.56-9505619) for windows-amd64 JRE (11.0.15+0-b2043.56-9505619), built on Jan 19 2023 02:48:00 by "builduser" with unknown MS VC++:1929

END.
