#
# There is insufficient memory for the Java Runtime Environment to continue.
# Native memory allocation (malloc) failed to allocate 1680176 bytes for Chunk::new
# Possible reasons:
#   The system is out of physical RAM or swap space
#   The process is running with CompressedOops enabled, and the Java Heap may be blocking the growth of the native heap
# Possible solutions:
#   Reduce memory load on the system
#   Increase physical memory or swap space
#   Check if swap backing store is full
#   Decrease Java heap size (-Xmx/-Xms)
#   Decrease number of Java threads
#   Decrease Java thread stack sizes (-Xss)
#   Set larger code cache with -XX:ReservedCodeCacheSize=
#   JVM is running with Unscaled Compressed Oops mode in which the Java heap is
#     placed in the first 4GB address space. The Java Heap base address is the
#     maximum limit for the native heap growth. Please use -XX:HeapBaseMinAddress
#     to set the Java Heap base and to place the Java Heap above 4GB virtual address.
# This output file may be truncated or incomplete.
#
#  Out of Memory Error (src/hotspot/share/memory/arena.cpp:197), pid=12500, tid=9720
#
# JRE version: OpenJDK Runtime Environment (11.0.15) (build 11.0.15+0-b2043.56-9505619)
# Java VM: OpenJDK 64-Bit Server VM (11.0.15+0-b2043.56-9505619, mixed mode, tiered, compressed oops, g1 gc, windows-amd64)
# No core dump will be written. Minidumps are not enabled by default on client versions of Windows
#

---------------  S U M M A R Y ------------

Command Line: -javaagent:C:\Program Files\Android\Android Studio\plugins\android\resources\trace_agent.jar=C:\Users\SHAHZA~1\AppData\Local\Temp\sync.trace.profile --add-opens=java.base/java.util=ALL-UNNAMED --add-opens=java.base/java.lang=ALL-UNNAMED --add-opens=java.base/java.lang.invoke=ALL-UNNAMED --add-opens=java.base/java.util=ALL-UNNAMED --add-opens=java.prefs/java.util.prefs=ALL-UNNAMED --add-opens=java.prefs/java.util.prefs=ALL-UNNAMED --add-opens=java.base/java.nio.charset=ALL-UNNAMED --add-opens=java.base/java.net=ALL-UNNAMED --add-opens=java.base/java.util.concurrent.atomic=ALL-UNNAMED -Xmx2048m -Dfile.encoding=UTF-8 -Duser.country=US -Duser.language=en -Duser.variant org.gradle.launcher.daemon.bootstrap.GradleDaemon 7.5

Host: Intel(R) Core(TM) i5-4310U CPU @ 2.00GHz, 4 cores, 7G,  Windows 10 , 64 bit Build 19041 (10.0.19041.2788)
Time: Mon May  8 15:55:06 2023 Pakistan Standard Time elapsed time: 47.411338 seconds (0d 0h 0m 47s)

---------------  T H R E A D  ---------------

Current thread (0x0000027fed45f000):  JavaThread "C2 CompilerThread0" daemon [_thread_in_native, id=9720, stack(0x000000d1f5000000,0x000000d1f5100000)]


Current CompileTask:
C2:  47411 13361       4       org.gradle.api.internal.artifacts.transform.ConsumerProvidedVariantFinder::matchAttributes (68 bytes)

Stack: [0x000000d1f5000000,0x000000d1f5100000]
Native frames: (J=compiled Java code, j=interpreted, Vv=VM code, C=native code)
V  [jvm.dll+0x64135a]
V  [jvm.dll+0x7d39f9]
V  [jvm.dll+0x7d51b9]
V  [jvm.dll+0x7d58a3]
V  [jvm.dll+0x2691c5]
V  [jvm.dll+0xc1a5c]
V  [jvm.dll+0xc200c]
V  [jvm.dll+0x3774a7]
V  [jvm.dll+0x1b3914]
V  [jvm.dll+0x22163e]
V  [jvm.dll+0x220498]
V  [jvm.dll+0x19e851]
V  [jvm.dll+0x230479]
V  [jvm.dll+0x22e5ef]
V  [jvm.dll+0x794de1]
V  [jvm.dll+0x78dc24]
V  [jvm.dll+0x6400f6]
C  [ucrtbase.dll+0x21bb2]
C  [KERNEL32.DLL+0x17604]
C  [ntdll.dll+0x526a1]


---------------  P R O C E S S  ---------------

Threads class SMR info:
_java_thread_list=0x0000027ff42c8460, length=88, elements={
0x0000027fd2eb3000, 0x0000027fecacc800, 0x0000027fecad8800, 0x0000027fed455800,
0x0000027fed458800, 0x0000027fed45c000, 0x0000027fed45f000, 0x0000027fecaf4800,
0x0000027fecafd800, 0x0000027fd2f8c000, 0x0000027ff02f6000, 0x0000027fed7b8800,
0x0000027ff1658800, 0x0000027ff00d6000, 0x0000027ff0350000, 0x0000027ff1889800,
0x0000027fee7c2000, 0x0000027ff232b800, 0x0000027fee7bd800, 0x0000027fee9a2000,
0x0000027fef9bf800, 0x0000027fef9c0000, 0x0000027fef9c1000, 0x0000027fef9c1800,
0x0000027fef9bd000, 0x0000027fef9bc000, 0x0000027fef9c2800, 0x0000027fef9bd800,
0x0000027fef9be800, 0x0000027ff25bd800, 0x0000027ff25c0000, 0x0000027ff25be800,
0x0000027ff25bf000, 0x0000027ff25c4000, 0x0000027ff25c6000, 0x0000027ff25c3800,
0x0000027ff25ca000, 0x0000027ff25ca800, 0x0000027ff25c5000, 0x0000027ff25cb800,
0x0000027ff25c6800, 0x0000027ff1ae0800, 0x0000027ff1ae0000, 0x0000027ff1adf000,
0x0000027ff1ae1800, 0x0000027ff1ae2800, 0x0000027ff1ae3000, 0x0000027ff1ae4000,
0x0000027ff1ade800, 0x0000027ff1ae5800, 0x0000027ff1ae9800, 0x0000027ff1ae6800,
0x0000027ff1aea800, 0x0000027ff1ae9000, 0x0000027ff1ae5000, 0x0000027ff1aeb800,
0x0000027ff1aec000, 0x0000027ff1ae8000, 0x0000027ff1aed000, 0x0000027ff1ae7800,
0x0000027ff3747800, 0x0000027ff3742800, 0x0000027ff3741800, 0x0000027ff3743800,
0x0000027ff3746000, 0x0000027ff3746800, 0x0000027ff3745000, 0x0000027ff3748000,
0x0000027ff3749000, 0x0000027ff3744000, 0x0000027ff374e000, 0x0000027ff374d000,
0x0000027ff374e800, 0x0000027ff374c800, 0x0000027ff374b800, 0x0000027ff374a800,
0x0000027ff374f800, 0x0000027ff374a000, 0x0000027ff3750800, 0x0000027ff7ef5000,
0x0000027ff7ef3800, 0x0000027ff7ef6000, 0x0000027ff7ef0800, 0x0000027ff7ef7000,
0x0000027ff7ef1000, 0x0000027ff7ef3000, 0x0000027fee5cc000, 0x0000027ff25ad800
}

Java Threads: ( => current thread )
  0x0000027fd2eb3000 JavaThread "main" [_thread_blocked, id=10356, stack(0x000000d1f4400000,0x000000d1f4500000)]
  0x0000027fecacc800 JavaThread "Reference Handler" daemon [_thread_blocked, id=5368, stack(0x000000d1f4b00000,0x000000d1f4c00000)]
  0x0000027fecad8800 JavaThread "Finalizer" daemon [_thread_blocked, id=7012, stack(0x000000d1f4c00000,0x000000d1f4d00000)]
  0x0000027fed455800 JavaThread "Signal Dispatcher" daemon [_thread_blocked, id=7700, stack(0x000000d1f4d00000,0x000000d1f4e00000)]
  0x0000027fed458800 JavaThread "Attach Listener" daemon [_thread_blocked, id=4568, stack(0x000000d1f4e00000,0x000000d1f4f00000)]
  0x0000027fed45c000 JavaThread "Service Thread" daemon [_thread_blocked, id=12584, stack(0x000000d1f4f00000,0x000000d1f5000000)]
=>0x0000027fed45f000 JavaThread "C2 CompilerThread0" daemon [_thread_in_native, id=9720, stack(0x000000d1f5000000,0x000000d1f5100000)]
  0x0000027fecaf4800 JavaThread "C1 CompilerThread0" daemon [_thread_blocked, id=13188, stack(0x000000d1f5100000,0x000000d1f5200000)]
  0x0000027fecafd800 JavaThread "Sweeper thread" daemon [_thread_blocked, id=3804, stack(0x000000d1f5200000,0x000000d1f5300000)]
  0x0000027fd2f8c000 JavaThread "Common-Cleaner" daemon [_thread_blocked, id=15572, stack(0x000000d1f5300000,0x000000d1f5400000)]
  0x0000027ff02f6000 JavaThread "Daemon health stats" [_thread_blocked, id=9424, stack(0x000000d1f5800000,0x000000d1f5900000)]
  0x0000027fed7b8800 JavaThread "Incoming local TCP Connector on port 53108" [_thread_in_native, id=5556, stack(0x000000d1f5400000,0x000000d1f5500000)]
  0x0000027ff1658800 JavaThread "Daemon periodic checks" [_thread_blocked, id=14076, stack(0x000000d1f5a00000,0x000000d1f5b00000)]
  0x0000027ff00d6000 JavaThread "Daemon" [_thread_blocked, id=11456, stack(0x000000d1f5b00000,0x000000d1f5c00000)]
  0x0000027ff0350000 JavaThread "Handler for socket connection from /127.0.0.1:53108 to /127.0.0.1:53109" [_thread_in_native, id=15784, stack(0x000000d1f5c00000,0x000000d1f5d00000)]
  0x0000027ff1889800 JavaThread "Cancel handler" [_thread_blocked, id=12100, stack(0x000000d1f5d00000,0x000000d1f5e00000)]
  0x0000027fee7c2000 JavaThread "Daemon worker" [_thread_blocked, id=14268, stack(0x000000d1f5e00000,0x000000d1f5f00000)]
  0x0000027ff232b800 JavaThread "Asynchronous log dispatcher for DefaultDaemonConnection: socket connection from /127.0.0.1:53108 to /127.0.0.1:53109" [_thread_blocked, id=15596, stack(0x000000d1f5f00000,0x000000d1f6000000)]
  0x0000027fee7bd800 JavaThread "Stdin handler" [_thread_blocked, id=2388, stack(0x000000d1f6000000,0x000000d1f6100000)]
  0x0000027fee9a2000 JavaThread "Daemon client event forwarder" [_thread_blocked, id=8240, stack(0x000000d1f6100000,0x000000d1f6200000)]
  0x0000027fef9bf800 JavaThread "Cache worker for journal cache (C:\Users\shahzaib lptp\AndroidStudioProjects\loginsqlite\caches\journal-1)" [_thread_blocked, id=13900, stack(0x000000d1f6300000,0x000000d1f6400000)]
  0x0000027fef9c0000 JavaThread "File lock request listener" [_thread_in_native, id=11124, stack(0x000000d1f6400000,0x000000d1f6500000)]
  0x0000027fef9c1000 JavaThread "Cache worker for file hash cache (C:\Users\shahzaib lptp\AndroidStudioProjects\loginsqlite\caches\7.5\fileHashes)" [_thread_blocked, id=11728, stack(0x000000d1f6500000,0x000000d1f6600000)]
  0x0000027fef9c1800 JavaThread "File watcher server" daemon [_thread_in_native, id=13624, stack(0x000000d1f6600000,0x000000d1f6700000)]
  0x0000027fef9bd000 JavaThread "File watcher consumer" daemon [_thread_blocked, id=3628, stack(0x000000d1f6700000,0x000000d1f6800000)]
  0x0000027fef9bc000 JavaThread "Cache worker for checksums cache (C:\Users\shahzaib lptp\AndroidStudioProjects\EyeonwaterApp\.gradle\7.5\checksums)" [_thread_blocked, id=15772, stack(0x000000d1f6800000,0x000000d1f6900000)]
  0x0000027fef9c2800 JavaThread "Cache worker for cache directory md-rule (C:\Users\shahzaib lptp\AndroidStudioProjects\loginsqlite\caches\7.5\md-rule)" [_thread_blocked, id=14988, stack(0x000000d1f6900000,0x000000d1f6a00000)]
  0x0000027fef9bd800 JavaThread "Cache worker for file content cache (C:\Users\shahzaib lptp\AndroidStudioProjects\loginsqlite\caches\7.5\fileContent)" [_thread_blocked, id=5044, stack(0x000000d1f6a00000,0x000000d1f6b00000)]
  0x0000027fef9be800 JavaThread "Cache worker for file hash cache (C:\Users\shahzaib lptp\AndroidStudioProjects\EyeonwaterApp\.gradle\7.5\fileHashes)" [_thread_blocked, id=9608, stack(0x000000d1f6b00000,0x000000d1f6c00000)]
  0x0000027ff25bd800 JavaThread "Cache worker for cache directory md-supplier (C:\Users\shahzaib lptp\AndroidStudioProjects\loginsqlite\caches\7.5\md-supplier)" [_thread_blocked, id=14392, stack(0x000000d1f6c00000,0x000000d1f6d00000)]
  0x0000027ff25c0000 JavaThread "Cache worker for execution history cache (C:\Users\shahzaib lptp\AndroidStudioProjects\loginsqlite\caches\7.5\executionHistory)" [_thread_blocked, id=14668, stack(0x000000d1f6d00000,0x000000d1f6e00000)]
  0x0000027ff25be800 JavaThread "jar transforms" [_thread_blocked, id=11168, stack(0x000000d1f6e00000,0x000000d1f6f00000)]
  0x0000027ff25bf000 JavaThread "jar transforms Thread 2" [_thread_blocked, id=3220, stack(0x000000d1f6f00000,0x000000d1f7000000)]
  0x0000027ff25c4000 JavaThread "jar transforms Thread 3" [_thread_blocked, id=13084, stack(0x000000d1f7000000,0x000000d1f7100000)]
  0x0000027ff25c6000 JavaThread "jar transforms Thread 4" [_thread_blocked, id=8164, stack(0x000000d1f7100000,0x000000d1f7200000)]
  0x0000027ff25c3800 JavaThread "Cache worker for dependencies-accessors (C:\Users\shahzaib lptp\AndroidStudioProjects\EyeonwaterApp\.gradle\7.5\dependencies-accessors)" [_thread_blocked, id=15940, stack(0x000000d1f7200000,0x000000d1f7300000)]
  0x0000027ff25ca000 JavaThread "Cache worker for Build Output Cleanup Cache (C:\Users\shahzaib lptp\AndroidStudioProjects\EyeonwaterApp\.gradle\buildOutputCleanup)" [_thread_blocked, id=12680, stack(0x000000d1f5900000,0x000000d1f5a00000)]
  0x0000027ff25ca800 JavaThread "Unconstrained build operations" [_thread_blocked, id=13992, stack(0x000000d1f7400000,0x000000d1f7500000)]
  0x0000027ff25c5000 JavaThread "Unconstrained build operations Thread 2" [_thread_blocked, id=15532, stack(0x000000d1f7500000,0x000000d1f7600000)]
  0x0000027ff25cb800 JavaThread "Unconstrained build operations Thread 3" [_thread_blocked, id=7916, stack(0x000000d1f7600000,0x000000d1f7700000)]
  0x0000027ff25c6800 JavaThread "Unconstrained build operations Thread 4" [_thread_blocked, id=2592, stack(0x000000d1f7700000,0x000000d1f7800000)]
  0x0000027ff1ae0800 JavaThread "Unconstrained build operations Thread 5" [_thread_blocked, id=7792, stack(0x000000d1f7800000,0x000000d1f7900000)]
  0x0000027ff1ae0000 JavaThread "Unconstrained build operations Thread 6" [_thread_blocked, id=1788, stack(0x000000d1f7900000,0x000000d1f7a00000)]
  0x0000027ff1adf000 JavaThread "Unconstrained build operations Thread 7" [_thread_blocked, id=1148, stack(0x000000d1f7a00000,0x000000d1f7b00000)]
  0x0000027ff1ae1800 JavaThread "Unconstrained build operations Thread 8" [_thread_blocked, id=6288, stack(0x000000d1f7b00000,0x000000d1f7c00000)]
  0x0000027ff1ae2800 JavaThread "Unconstrained build operations Thread 9" [_thread_blocked, id=15728, stack(0x000000d1f7c00000,0x000000d1f7d00000)]
  0x0000027ff1ae3000 JavaThread "Unconstrained build operations Thread 10" [_thread_blocked, id=8968, stack(0x000000d1f7d00000,0x000000d1f7e00000)]
  0x0000027ff1ae4000 JavaThread "Unconstrained build operations Thread 11" [_thread_blocked, id=7496, stack(0x000000d1f7e00000,0x000000d1f7f00000)]
  0x0000027ff1ade800 JavaThread "Unconstrained build operations Thread 12" [_thread_blocked, id=15292, stack(0x000000d1f7f00000,0x000000d1f8000000)]
  0x0000027ff1ae5800 JavaThread "Unconstrained build operations Thread 13" [_thread_blocked, id=1480, stack(0x000000d1f8000000,0x000000d1f8100000)]
  0x0000027ff1ae9800 JavaThread "Unconstrained build operations Thread 14" [_thread_blocked, id=11100, stack(0x000000d1f8100000,0x000000d1f8200000)]
  0x0000027ff1ae6800 JavaThread "Unconstrained build operations Thread 15" [_thread_blocked, id=15252, stack(0x000000d1f8200000,0x000000d1f8300000)]
  0x0000027ff1aea800 JavaThread "Unconstrained build operations Thread 16" [_thread_blocked, id=5884, stack(0x000000d1f8300000,0x000000d1f8400000)]
  0x0000027ff1ae9000 JavaThread "Unconstrained build operations Thread 17" [_thread_blocked, id=15136, stack(0x000000d1f8400000,0x000000d1f8500000)]
  0x0000027ff1ae5000 JavaThread "Unconstrained build operations Thread 18" [_thread_blocked, id=920, stack(0x000000d1f8500000,0x000000d1f8600000)]
  0x0000027ff1aeb800 JavaThread "Unconstrained build operations Thread 19" [_thread_blocked, id=13416, stack(0x000000d1f8600000,0x000000d1f8700000)]
  0x0000027ff1aec000 JavaThread "Unconstrained build operations Thread 20" [_thread_blocked, id=9692, stack(0x000000d1f8700000,0x000000d1f8800000)]
  0x0000027ff1ae8000 JavaThread "Unconstrained build operations Thread 21" [_thread_blocked, id=16120, stack(0x000000d1f8800000,0x000000d1f8900000)]
  0x0000027ff1aed000 JavaThread "Unconstrained build operations Thread 22" [_thread_blocked, id=9236, stack(0x000000d1f8900000,0x000000d1f8a00000)]
  0x0000027ff1ae7800 JavaThread "Unconstrained build operations Thread 23" [_thread_blocked, id=4928, stack(0x000000d1f8a00000,0x000000d1f8b00000)]
  0x0000027ff3747800 JavaThread "Unconstrained build operations Thread 24" [_thread_blocked, id=14360, stack(0x000000d1f8b00000,0x000000d1f8c00000)]
  0x0000027ff3742800 JavaThread "Unconstrained build operations Thread 25" [_thread_blocked, id=7040, stack(0x000000d1f8c00000,0x000000d1f8d00000)]
  0x0000027ff3741800 JavaThread "Unconstrained build operations Thread 26" [_thread_blocked, id=15712, stack(0x000000d1f8d00000,0x000000d1f8e00000)]
  0x0000027ff3743800 JavaThread "Unconstrained build operations Thread 27" [_thread_blocked, id=9676, stack(0x000000d1f8e00000,0x000000d1f8f00000)]
  0x0000027ff3746000 JavaThread "Unconstrained build operations Thread 28" [_thread_blocked, id=724, stack(0x000000d1f8f00000,0x000000d1f9000000)]
  0x0000027ff3746800 JavaThread "Unconstrained build operations Thread 29" [_thread_blocked, id=6964, stack(0x000000d1f9000000,0x000000d1f9100000)]
  0x0000027ff3745000 JavaThread "Unconstrained build operations Thread 30" [_thread_blocked, id=11848, stack(0x000000d1f9100000,0x000000d1f9200000)]
  0x0000027ff3748000 JavaThread "Unconstrained build operations Thread 31" [_thread_blocked, id=9052, stack(0x000000d1f9200000,0x000000d1f9300000)]
  0x0000027ff3749000 JavaThread "Unconstrained build operations Thread 32" [_thread_blocked, id=10804, stack(0x000000d1f9300000,0x000000d1f9400000)]
  0x0000027ff3744000 JavaThread "Unconstrained build operations Thread 33" [_thread_blocked, id=10496, stack(0x000000d1f9400000,0x000000d1f9500000)]
  0x0000027ff374e000 JavaThread "Unconstrained build operations Thread 34" [_thread_blocked, id=9628, stack(0x000000d1f9500000,0x000000d1f9600000)]
  0x0000027ff374d000 JavaThread "Unconstrained build operations Thread 35" [_thread_blocked, id=13524, stack(0x000000d1f9600000,0x000000d1f9700000)]
  0x0000027ff374e800 JavaThread "Unconstrained build operations Thread 36" [_thread_blocked, id=1764, stack(0x000000d1f9700000,0x000000d1f9800000)]
  0x0000027ff374c800 JavaThread "Unconstrained build operations Thread 37" [_thread_blocked, id=13132, stack(0x000000d1f9800000,0x000000d1f9900000)]
  0x0000027ff374b800 JavaThread "Unconstrained build operations Thread 38" [_thread_blocked, id=10528, stack(0x000000d1f9900000,0x000000d1f9a00000)]
  0x0000027ff374a800 JavaThread "Unconstrained build operations Thread 39" [_thread_blocked, id=13616, stack(0x000000d1f9a00000,0x000000d1f9b00000)]
  0x0000027ff374f800 JavaThread "Unconstrained build operations Thread 40" [_thread_blocked, id=11884, stack(0x000000d1f9b00000,0x000000d1f9c00000)]
  0x0000027ff374a000 JavaThread "build event listener" [_thread_blocked, id=812, stack(0x000000d1f9c00000,0x000000d1f9d00000)]
  0x0000027ff3750800 JavaThread "Memory manager" [_thread_blocked, id=5388, stack(0x000000d1f9d00000,0x000000d1f9e00000)]
  0x0000027ff7ef5000 JavaThread "pool-3-thread-1" [_thread_blocked, id=4616, stack(0x000000d1fa100000,0x000000d1fa200000)]
  0x0000027ff7ef3800 JavaThread "build event listener" [_thread_blocked, id=6880, stack(0x000000d1fa200000,0x000000d1fa300000)]
  0x0000027ff7ef6000 JavaThread "included builds" [_thread_blocked, id=4644, stack(0x000000d1fa300000,0x000000d1fa400000)]
  0x0000027ff7ef0800 JavaThread "Execution worker" [_thread_blocked, id=2004, stack(0x000000d1fa400000,0x000000d1fa500000)]
  0x0000027ff7ef7000 JavaThread "Execution worker Thread 2" [_thread_in_vm, id=12244, stack(0x000000d1fa500000,0x000000d1fa600000)]
  0x0000027ff7ef1000 JavaThread "Execution worker Thread 3" [_thread_blocked, id=9380, stack(0x000000d1fa600000,0x000000d1fa700000)]
  0x0000027ff7ef3000 JavaThread "Cache worker for execution history cache (C:\Users\shahzaib lptp\AndroidStudioProjects\EyeonwaterApp\.gradle\7.5\executionHistory)" [_thread_blocked, id=15520, stack(0x000000d1fa700000,0x000000d1fa800000)]
  0x0000027fee5cc000 JavaThread "C2 CompilerThread1" daemon [_thread_in_native, id=7336, stack(0x000000d1f7300000,0x000000d1f7400000)]
  0x0000027ff25ad800 JavaThread "WorkerExecutor Queue" [_thread_blocked, id=2856, stack(0x000000d1fa800000,0x000000d1fa900000)]

Other Threads:
  0x0000027fecac6800 VMThread "VM Thread" [stack: 0x000000d1f4a00000,0x000000d1f4b00000] [id=16372]
  0x0000027fed743000 WatcherThread [stack: 0x000000d1f5500000,0x000000d1f5600000] [id=10276]
  0x0000027fd2ecd800 GCTaskThread "GC Thread#0" [stack: 0x000000d1f4500000,0x000000d1f4600000] [id=708]
  0x0000027fee732800 GCTaskThread "GC Thread#1" [stack: 0x000000d1f5600000,0x000000d1f5700000] [id=7984]
  0x0000027fed729000 GCTaskThread "GC Thread#2" [stack: 0x000000d1f5700000,0x000000d1f5800000] [id=8200]
  0x0000027fef853800 GCTaskThread "GC Thread#3" [stack: 0x000000d1f6200000,0x000000d1f6300000] [id=8220]
  0x0000027fd2efd800 ConcurrentGCThread "G1 Main Marker" [stack: 0x000000d1f4600000,0x000000d1f4700000] [id=8532]
  0x0000027fd2eff000 ConcurrentGCThread "G1 Conc#0" [stack: 0x000000d1f4700000,0x000000d1f4800000] [id=10680]
  0x0000027fec920800 ConcurrentGCThread "G1 Refine#0" [stack: 0x000000d1f4800000,0x000000d1f4900000] [id=6640]
  0x0000027ff252a000 ConcurrentGCThread "G1 Refine#1" [stack: 0x000000d1fa000000,0x000000d1fa100000] [id=5196]
  0x0000027fec921800 ConcurrentGCThread "G1 Young RemSet Sampling" [stack: 0x000000d1f4900000,0x000000d1f4a00000] [id=15200]

Threads with active compile tasks:
C2 CompilerThread0    47469 13361       4       org.gradle.api.internal.artifacts.transform.ConsumerProvidedVariantFinder::matchAttributes (68 bytes)
C2 CompilerThread1    47469 13380       4       org.gradle.cache.internal.CrossProcessSynchronizingCache$$Lambda$354/0x0000000100484c40::create (12 bytes)

VM state:not at safepoint (normal execution)

VM Mutex/Monitor currently owned by a thread: None

Heap address: 0x0000000080000000, size: 2048 MB, Compressed Oops mode: 32-bit
Narrow klass base: 0x0000000000000000, Narrow klass shift: 3
Compressed class space size: 1073741824 Address: 0x0000000100000000

Heap:
 garbage-first heap   total 227328K, used 163088K [0x0000000080000000, 0x0000000100000000)
  region size 1024K, 69 young (70656K), 7 survivors (7168K)
 Metaspace       used 96796K, capacity 99429K, committed 99712K, reserved 1136640K
  class space    used 12410K, capacity 13385K, committed 13440K, reserved 1048576K
Heap Regions: E=young(eden), S=young(survivor), O=old, HS=humongous(starts), HC=humongous(continues), CS=collection set, F=free, A=archive, TAMS=top-at-mark-start (previous, next)
|   0|0x0000000080000000, 0x0000000080100000, 0x0000000080100000|100%| O|  |TAMS 0x0000000080100000, 0x0000000080000000| Untracked 
|   1|0x0000000080100000, 0x0000000080200000, 0x0000000080200000|100%| O|  |TAMS 0x0000000080200000, 0x0000000080100000| Untracked 
|   2|0x0000000080200000, 0x0000000080300000, 0x0000000080300000|100%| O|  |TAMS 0x0000000080300000, 0x0000000080200000| Untracked 
|   3|0x0000000080300000, 0x0000000080400000, 0x0000000080400000|100%|HS|  |TAMS 0x0000000080400000, 0x0000000080300000| Complete 
|   4|0x0000000080400000, 0x0000000080500000, 0x0000000080500000|100%|HC|  |TAMS 0x0000000080500000, 0x0000000080400000| Complete 
|   5|0x0000000080500000, 0x0000000080600000, 0x0000000080600000|100%|HC|  |TAMS 0x0000000080600000, 0x0000000080500000| Complete 
|   6|0x0000000080600000, 0x0000000080700000, 0x0000000080700000|100%| O|  |TAMS 0x0000000080700000, 0x0000000080600000| Untracked 
|   7|0x0000000080700000, 0x0000000080800000, 0x0000000080800000|100%| O|  |TAMS 0x0000000080800000, 0x0000000080700000| Untracked 
|   8|0x0000000080800000, 0x0000000080900000, 0x0000000080900000|100%| O|  |TAMS 0x0000000080900000, 0x0000000080800000| Untracked 
|   9|0x0000000080900000, 0x0000000080a00000, 0x0000000080a00000|100%| O|  |TAMS 0x0000000080a00000, 0x0000000080900000| Untracked 
|  10|0x0000000080a00000, 0x0000000080b00000, 0x0000000080b00000|100%| O|  |TAMS 0x0000000080b00000, 0x0000000080a00000| Untracked 
|  11|0x0000000080b00000, 0x0000000080c00000, 0x0000000080c00000|100%| O|  |TAMS 0x0000000080c00000, 0x0000000080b00000| Untracked 
|  12|0x0000000080c00000, 0x0000000080d00000, 0x0000000080d00000|100%| O|  |TAMS 0x0000000080d00000, 0x0000000080c00000| Untracked 
|  13|0x0000000080d00000, 0x0000000080e00000, 0x0000000080e00000|100%| O|  |TAMS 0x0000000080e00000, 0x0000000080d00000| Untracked 
|  14|0x0000000080e00000, 0x0000000080f00000, 0x0000000080f00000|100%| O|  |TAMS 0x0000000080f00000, 0x0000000080e00000| Untracked 
|  15|0x0000000080f00000, 0x0000000081000000, 0x0000000081000000|100%| O|  |TAMS 0x0000000081000000, 0x0000000080f00000| Untracked 
|  16|0x0000000081000000, 0x0000000081100000, 0x0000000081100000|100%| O|  |TAMS 0x0000000081100000, 0x0000000081000000| Untracked 
|  17|0x0000000081100000, 0x0000000081200000, 0x0000000081200000|100%|HS|  |TAMS 0x0000000081200000, 0x0000000081100000| Complete 
|  18|0x0000000081200000, 0x0000000081300000, 0x0000000081300000|100%|HS|  |TAMS 0x0000000081300000, 0x0000000081200000| Complete 
|  19|0x0000000081300000, 0x0000000081400000, 0x0000000081400000|100%| O|  |TAMS 0x0000000081400000, 0x0000000081300000| Untracked 
|  20|0x0000000081400000, 0x0000000081500000, 0x0000000081500000|100%| O|  |TAMS 0x0000000081500000, 0x0000000081400000| Untracked 
|  21|0x0000000081500000, 0x0000000081600000, 0x0000000081600000|100%| O|  |TAMS 0x0000000081600000, 0x0000000081500000| Untracked 
|  22|0x0000000081600000, 0x0000000081700000, 0x0000000081700000|100%| O|  |TAMS 0x0000000081700000, 0x0000000081600000| Untracked 
|  23|0x0000000081700000, 0x0000000081800000, 0x0000000081800000|100%| O|  |TAMS 0x0000000081800000, 0x0000000081700000| Untracked 
|  24|0x0000000081800000, 0x0000000081900000, 0x0000000081900000|100%| O|  |TAMS 0x0000000081900000, 0x0000000081800000| Untracked 
|  25|0x0000000081900000, 0x0000000081a00000, 0x0000000081a00000|100%| O|  |TAMS 0x0000000081a00000, 0x0000000081900000| Untracked 
|  26|0x0000000081a00000, 0x0000000081b00000, 0x0000000081b00000|100%| O|  |TAMS 0x0000000081b00000, 0x0000000081a00000| Untracked 
|  27|0x0000000081b00000, 0x0000000081c00000, 0x0000000081c00000|100%| O|  |TAMS 0x0000000081c00000, 0x0000000081b00000| Untracked 
|  28|0x0000000081c00000, 0x0000000081d00000, 0x0000000081d00000|100%| O|  |TAMS 0x0000000081d00000, 0x0000000081c00000| Untracked 
|  29|0x0000000081d00000, 0x0000000081e00000, 0x0000000081e00000|100%| O|  |TAMS 0x0000000081e00000, 0x0000000081d00000| Untracked 
|  30|0x0000000081e00000, 0x0000000081f00000, 0x0000000081f00000|100%| O|  |TAMS 0x0000000081f00000, 0x0000000081e00000| Untracked 
|  31|0x0000000081f00000, 0x0000000082000000, 0x0000000082000000|100%| O|  |TAMS 0x0000000082000000, 0x0000000081f00000| Untracked 
|  32|0x0000000082000000, 0x0000000082100000, 0x0000000082100000|100%| O|  |TAMS 0x0000000082100000, 0x0000000082000000| Untracked 
|  33|0x0000000082100000, 0x0000000082200000, 0x0000000082200000|100%| O|  |TAMS 0x0000000082200000, 0x0000000082100000| Untracked 
|  34|0x0000000082200000, 0x0000000082300000, 0x0000000082300000|100%| O|  |TAMS 0x0000000082300000, 0x0000000082200000| Untracked 
|  35|0x0000000082300000, 0x0000000082400000, 0x0000000082400000|100%| O|  |TAMS 0x0000000082400000, 0x0000000082300000| Untracked 
|  36|0x0000000082400000, 0x0000000082500000, 0x0000000082500000|100%| O|  |TAMS 0x0000000082500000, 0x0000000082400000| Untracked 
|  37|0x0000000082500000, 0x0000000082600000, 0x0000000082600000|100%| O|  |TAMS 0x0000000082600000, 0x0000000082500000| Untracked 
|  38|0x0000000082600000, 0x0000000082700000, 0x0000000082700000|100%| O|  |TAMS 0x0000000082700000, 0x0000000082600000| Untracked 
|  39|0x0000000082700000, 0x0000000082800000, 0x0000000082800000|100%| O|  |TAMS 0x0000000082800000, 0x0000000082700000| Untracked 
|  40|0x0000000082800000, 0x0000000082900000, 0x0000000082900000|100%| O|  |TAMS 0x00000000828c9c00, 0x0000000082800000| Untracked 
|  41|0x0000000082900000, 0x0000000082a00000, 0x0000000082a00000|100%| O|  |TAMS 0x0000000082900000, 0x0000000082900000| Untracked 
|  42|0x0000000082a00000, 0x0000000082b00000, 0x0000000082b00000|100%| O|  |TAMS 0x0000000082a00000, 0x0000000082a00000| Untracked 
|  43|0x0000000082b00000, 0x0000000082c00000, 0x0000000082c00000|100%| O|  |TAMS 0x0000000082b00000, 0x0000000082b00000| Untracked 
|  44|0x0000000082c00000, 0x0000000082d00000, 0x0000000082d00000|100%| O|  |TAMS 0x0000000082c00000, 0x0000000082c00000| Untracked 
|  45|0x0000000082d00000, 0x0000000082e00000, 0x0000000082e00000|100%| O|  |TAMS 0x0000000082d00000, 0x0000000082d00000| Untracked 
|  46|0x0000000082e00000, 0x0000000082f00000, 0x0000000082f00000|100%| O|  |TAMS 0x0000000082e00000, 0x0000000082e00000| Untracked 
|  47|0x0000000082f00000, 0x0000000083000000, 0x0000000083000000|100%| O|  |TAMS 0x0000000082f00000, 0x0000000082f00000| Untracked 
|  48|0x0000000083000000, 0x0000000083100000, 0x0000000083100000|100%| O|  |TAMS 0x0000000083000000, 0x0000000083000000| Untracked 
|  49|0x0000000083100000, 0x0000000083200000, 0x0000000083200000|100%| O|  |TAMS 0x0000000083100000, 0x0000000083100000| Untracked 
|  50|0x0000000083200000, 0x0000000083300000, 0x0000000083300000|100%| O|  |TAMS 0x0000000083200000, 0x0000000083200000| Untracked 
|  51|0x0000000083300000, 0x0000000083400000, 0x0000000083400000|100%| O|  |TAMS 0x0000000083300000, 0x0000000083300000| Untracked 
|  52|0x0000000083400000, 0x0000000083500000, 0x0000000083500000|100%| O|  |TAMS 0x0000000083400000, 0x0000000083400000| Untracked 
|  53|0x0000000083500000, 0x0000000083600000, 0x0000000083600000|100%| O|  |TAMS 0x0000000083500000, 0x0000000083500000| Untracked 
|  54|0x0000000083600000, 0x0000000083700000, 0x0000000083700000|100%| O|  |TAMS 0x0000000083600000, 0x0000000083600000| Untracked 
|  55|0x0000000083700000, 0x0000000083800000, 0x0000000083800000|100%| O|  |TAMS 0x0000000083700000, 0x0000000083700000| Untracked 
|  56|0x0000000083800000, 0x0000000083900000, 0x0000000083900000|100%| O|  |TAMS 0x0000000083800000, 0x0000000083800000| Untracked 
|  57|0x0000000083900000, 0x0000000083a00000, 0x0000000083a00000|100%| O|  |TAMS 0x0000000083900000, 0x0000000083900000| Untracked 
|  58|0x0000000083a00000, 0x0000000083b00000, 0x0000000083b00000|100%| O|  |TAMS 0x0000000083a00000, 0x0000000083a00000| Untracked 
|  59|0x0000000083b00000, 0x0000000083c00000, 0x0000000083c00000|100%| O|  |TAMS 0x0000000083b00000, 0x0000000083b00000| Untracked 
|  60|0x0000000083c00000, 0x0000000083d00000, 0x0000000083d00000|100%| O|  |TAMS 0x0000000083c00000, 0x0000000083c00000| Untracked 
|  61|0x0000000083d00000, 0x0000000083e00000, 0x0000000083e00000|100%| O|  |TAMS 0x0000000083d00000, 0x0000000083d00000| Untracked 
|  62|0x0000000083e00000, 0x0000000083f00000, 0x0000000083f00000|100%| O|  |TAMS 0x0000000083e00000, 0x0000000083e00000| Untracked 
|  63|0x0000000083f00000, 0x0000000084000000, 0x0000000084000000|100%| O|  |TAMS 0x0000000083f00000, 0x0000000083f00000| Untracked 
|  64|0x0000000084000000, 0x0000000084100000, 0x0000000084100000|100%| O|  |TAMS 0x0000000084000000, 0x0000000084000000| Untracked 
|  65|0x0000000084100000, 0x0000000084200000, 0x0000000084200000|100%| O|  |TAMS 0x0000000084100000, 0x0000000084100000| Untracked 
|  66|0x0000000084200000, 0x0000000084300000, 0x0000000084300000|100%| O|  |TAMS 0x0000000084200000, 0x0000000084200000| Untracked 
|  67|0x0000000084300000, 0x0000000084400000, 0x0000000084400000|100%| O|  |TAMS 0x0000000084300000, 0x0000000084300000| Untracked 
|  68|0x0000000084400000, 0x0000000084500000, 0x0000000084500000|100%| O|  |TAMS 0x0000000084400000, 0x0000000084400000| Untracked 
|  69|0x0000000084500000, 0x0000000084600000, 0x0000000084600000|100%| O|  |TAMS 0x0000000084500000, 0x0000000084500000| Untracked 
|  70|0x0000000084600000, 0x0000000084700000, 0x0000000084700000|100%| O|  |TAMS 0x0000000084600000, 0x0000000084600000| Untracked 
|  71|0x0000000084700000, 0x0000000084800000, 0x0000000084800000|100%| O|  |TAMS 0x0000000084700000, 0x0000000084700000| Untracked 
|  72|0x0000000084800000, 0x0000000084900000, 0x0000000084900000|100%| O|  |TAMS 0x0000000084800000, 0x0000000084800000| Untracked 
|  73|0x0000000084900000, 0x0000000084a00000, 0x0000000084a00000|100%| O|  |TAMS 0x0000000084900000, 0x0000000084900000| Untracked 
|  74|0x0000000084a00000, 0x0000000084b00000, 0x0000000084b00000|100%| O|  |TAMS 0x0000000084a00000, 0x0000000084a00000| Untracked 
|  75|0x0000000084b00000, 0x0000000084c00000, 0x0000000084c00000|100%| O|  |TAMS 0x0000000084b00000, 0x0000000084b00000| Untracked 
|  76|0x0000000084c00000, 0x0000000084d00000, 0x0000000084d00000|100%| O|  |TAMS 0x0000000084c00000, 0x0000000084c00000| Untracked 
|  77|0x0000000084d00000, 0x0000000084e00000, 0x0000000084e00000|100%| O|  |TAMS 0x0000000084d00000, 0x0000000084d00000| Untracked 
|  78|0x0000000084e00000, 0x0000000084f00000, 0x0000000084f00000|100%| O|  |TAMS 0x0000000084e00000, 0x0000000084e00000| Untracked 
|  79|0x0000000084f00000, 0x0000000085000000, 0x0000000085000000|100%| O|  |TAMS 0x0000000084f00000, 0x0000000084f00000| Untracked 
|  80|0x0000000085000000, 0x0000000085100000, 0x0000000085100000|100%| O|  |TAMS 0x0000000085000000, 0x0000000085000000| Untracked 
|  81|0x0000000085100000, 0x0000000085200000, 0x0000000085200000|100%| O|  |TAMS 0x0000000085100000, 0x0000000085100000| Untracked 
|  82|0x0000000085200000, 0x0000000085300000, 0x0000000085300000|100%| O|  |TAMS 0x0000000085200000, 0x0000000085200000| Untracked 
|  83|0x0000000085300000, 0x0000000085400000, 0x0000000085400000|100%| O|  |TAMS 0x0000000085300000, 0x0000000085300000| Untracked 
|  84|0x0000000085400000, 0x0000000085500000, 0x0000000085500000|100%| O|  |TAMS 0x0000000085400000, 0x0000000085400000| Untracked 
|  85|0x0000000085500000, 0x0000000085600000, 0x0000000085600000|100%| O|  |TAMS 0x0000000085500000, 0x0000000085500000| Untracked 
|  86|0x0000000085600000, 0x0000000085700000, 0x0000000085700000|100%| O|  |TAMS 0x0000000085600000, 0x0000000085600000| Untracked 
|  87|0x0000000085700000, 0x0000000085800000, 0x0000000085800000|100%| O|  |TAMS 0x0000000085700000, 0x0000000085700000| Untracked 
|  88|0x0000000085800000, 0x0000000085900000, 0x0000000085900000|100%| O|  |TAMS 0x0000000085800000, 0x0000000085800000| Untracked 
|  89|0x0000000085900000, 0x0000000085a00000, 0x0000000085a00000|100%| O|  |TAMS 0x0000000085900000, 0x0000000085900000| Untracked 
|  90|0x0000000085a00000, 0x0000000085b00000, 0x0000000085b00000|100%| O|  |TAMS 0x0000000085a00000, 0x0000000085a00000| Untracked 
|  91|0x0000000085b00000, 0x0000000085c00000, 0x0000000085c00000|100%| O|  |TAMS 0x0000000085b00000, 0x0000000085b00000| Untracked 
|  92|0x0000000085c00000, 0x0000000085c44200, 0x0000000085d00000| 26%| O|  |TAMS 0x0000000085c00000, 0x0000000085c00000| Untracked 
|  93|0x0000000085d00000, 0x0000000085d00000, 0x0000000085e00000|  0%| F|  |TAMS 0x0000000085d00000, 0x0000000085d00000| Untracked 
|  94|0x0000000085e00000, 0x0000000085e00000, 0x0000000085f00000|  0%| F|  |TAMS 0x0000000085e00000, 0x0000000085e00000| Untracked 
|  95|0x0000000085f00000, 0x0000000085f00000, 0x0000000086000000|  0%| F|  |TAMS 0x0000000085f00000, 0x0000000085f00000| Untracked 
|  96|0x0000000086000000, 0x0000000086000000, 0x0000000086100000|  0%| F|  |TAMS 0x0000000086000000, 0x0000000086000000| Untracked 
|  97|0x0000000086100000, 0x0000000086100000, 0x0000000086200000|  0%| F|  |TAMS 0x0000000086100000, 0x0000000086100000| Untracked 
|  98|0x0000000086200000, 0x0000000086200000, 0x0000000086300000|  0%| F|  |TAMS 0x0000000086200000, 0x0000000086200000| Untracked 
|  99|0x0000000086300000, 0x0000000086300000, 0x0000000086400000|  0%| F|  |TAMS 0x0000000086300000, 0x0000000086300000| Untracked 
| 100|0x0000000086400000, 0x0000000086400000, 0x0000000086500000|  0%| F|  |TAMS 0x0000000086400000, 0x0000000086400000| Untracked 
| 101|0x0000000086500000, 0x0000000086500000, 0x0000000086600000|  0%| F|  |TAMS 0x0000000086500000, 0x0000000086500000| Untracked 
| 102|0x0000000086600000, 0x0000000086600000, 0x0000000086700000|  0%| F|  |TAMS 0x0000000086600000, 0x0000000086600000| Untracked 
| 103|0x0000000086700000, 0x0000000086700000, 0x0000000086800000|  0%| F|  |TAMS 0x0000000086700000, 0x0000000086700000| Untracked 
| 104|0x0000000086800000, 0x0000000086800000, 0x0000000086900000|  0%| F|  |TAMS 0x0000000086800000, 0x0000000086800000| Untracked 
| 105|0x0000000086900000, 0x0000000086900000, 0x0000000086a00000|  0%| F|  |TAMS 0x0000000086900000, 0x0000000086900000| Untracked 
| 106|0x0000000086a00000, 0x0000000086a00000, 0x0000000086b00000|  0%| F|  |TAMS 0x0000000086a00000, 0x0000000086a00000| Untracked 
| 107|0x0000000086b00000, 0x0000000086b00000, 0x0000000086c00000|  0%| F|  |TAMS 0x0000000086b00000, 0x0000000086b00000| Untracked 
| 108|0x0000000086c00000, 0x0000000086c00000, 0x0000000086d00000|  0%| F|  |TAMS 0x0000000086c00000, 0x0000000086c00000| Untracked 
| 109|0x0000000086d00000, 0x0000000086d00000, 0x0000000086e00000|  0%| F|  |TAMS 0x0000000086d00000, 0x0000000086d00000| Untracked 
| 110|0x0000000086e00000, 0x0000000086e00000, 0x0000000086f00000|  0%| F|  |TAMS 0x0000000086e00000, 0x0000000086e00000| Untracked 
| 111|0x0000000086f00000, 0x0000000086f00000, 0x0000000087000000|  0%| F|  |TAMS 0x0000000086f00000, 0x0000000086f00000| Untracked 
| 112|0x0000000087000000, 0x0000000087000000, 0x0000000087100000|  0%| F|  |TAMS 0x0000000087000000, 0x0000000087000000| Untracked 
| 113|0x0000000087100000, 0x0000000087100000, 0x0000000087200000|  0%| F|  |TAMS 0x0000000087100000, 0x0000000087100000| Untracked 
| 114|0x0000000087200000, 0x0000000087200000, 0x0000000087300000|  0%| F|  |TAMS 0x0000000087200000, 0x0000000087200000| Untracked 
| 115|0x0000000087300000, 0x0000000087300000, 0x0000000087400000|  0%| F|  |TAMS 0x0000000087300000, 0x0000000087300000| Untracked 
| 116|0x0000000087400000, 0x0000000087400000, 0x0000000087500000|  0%| F|  |TAMS 0x0000000087400000, 0x0000000087400000| Untracked 
| 117|0x0000000087500000, 0x0000000087500000, 0x0000000087600000|  0%| F|  |TAMS 0x0000000087500000, 0x0000000087500000| Untracked 
| 118|0x0000000087600000, 0x0000000087600000, 0x0000000087700000|  0%| F|  |TAMS 0x0000000087600000, 0x0000000087600000| Untracked 
| 119|0x0000000087700000, 0x0000000087700000, 0x0000000087800000|  0%| F|  |TAMS 0x0000000087700000, 0x0000000087700000| Untracked 
| 120|0x0000000087800000, 0x0000000087800000, 0x0000000087900000|  0%| F|  |TAMS 0x0000000087800000, 0x0000000087800000| Untracked 
| 121|0x0000000087900000, 0x0000000087a00000, 0x0000000087a00000|100%| S|CS|TAMS 0x0000000087900000, 0x0000000087900000| Complete 
| 122|0x0000000087a00000, 0x0000000087b00000, 0x0000000087b00000|100%| S|CS|TAMS 0x0000000087a00000, 0x0000000087a00000| Complete 
| 123|0x0000000087b00000, 0x0000000087b00000, 0x0000000087c00000|  0%| F|  |TAMS 0x0000000087b00000, 0x0000000087b00000| Untracked 
| 124|0x0000000087c00000, 0x0000000087c00000, 0x0000000087d00000|  0%| F|  |TAMS 0x0000000087c00000, 0x0000000087c00000| Untracked 
| 125|0x0000000087d00000, 0x0000000087d00000, 0x0000000087e00000|  0%| F|  |TAMS 0x0000000087d00000, 0x0000000087d00000| Untracked 
| 126|0x0000000087e00000, 0x0000000087f00000, 0x0000000087f00000|100%| S|CS|TAMS 0x0000000087e00000, 0x0000000087e00000| Complete 
| 127|0x0000000087f00000, 0x0000000088000000, 0x0000000088000000|100%| S|CS|TAMS 0x0000000087f00000, 0x0000000087f00000| Complete 
| 128|0x0000000088000000, 0x0000000088100000, 0x0000000088100000|100%| S|CS|TAMS 0x0000000088000000, 0x0000000088000000| Complete 
| 129|0x0000000088100000, 0x0000000088200000, 0x0000000088200000|100%| S|CS|TAMS 0x0000000088100000, 0x0000000088100000| Complete 
| 130|0x0000000088200000, 0x0000000088200000, 0x0000000088300000|  0%| F|  |TAMS 0x0000000088200000, 0x0000000088200000| Untracked 
| 131|0x0000000088300000, 0x0000000088300000, 0x0000000088400000|  0%| F|  |TAMS 0x0000000088300000, 0x0000000088300000| Untracked 
| 132|0x0000000088400000, 0x0000000088400000, 0x0000000088500000|  0%| F|  |TAMS 0x0000000088400000, 0x0000000088400000| Untracked 
| 133|0x0000000088500000, 0x0000000088600000, 0x0000000088600000|100%| S|CS|TAMS 0x0000000088500000, 0x0000000088500000| Complete 
| 134|0x0000000088600000, 0x0000000088600000, 0x0000000088700000|  0%| F|  |TAMS 0x0000000088600000, 0x0000000088600000| Untracked 
| 135|0x0000000088700000, 0x0000000088700000, 0x0000000088800000|  0%| F|  |TAMS 0x0000000088700000, 0x0000000088700000| Untracked 
| 136|0x0000000088800000, 0x0000000088800000, 0x0000000088900000|  0%| F|  |TAMS 0x0000000088800000, 0x0000000088800000| Untracked 
| 137|0x0000000088900000, 0x0000000088900000, 0x0000000088a00000|  0%| F|  |TAMS 0x0000000088900000, 0x0000000088900000| Untracked 
| 138|0x0000000088a00000, 0x0000000088a00000, 0x0000000088b00000|  0%| F|  |TAMS 0x0000000088a00000, 0x0000000088a00000| Untracked 
| 139|0x0000000088b00000, 0x0000000088b00000, 0x0000000088c00000|  0%| F|  |TAMS 0x0000000088b00000, 0x0000000088b00000| Untracked 
| 140|0x0000000088c00000, 0x0000000088c00000, 0x0000000088d00000|  0%| F|  |TAMS 0x0000000088c00000, 0x0000000088c00000| Untracked 
| 141|0x0000000088d00000, 0x0000000088d00000, 0x0000000088e00000|  0%| F|  |TAMS 0x0000000088d00000, 0x0000000088d00000| Untracked 
| 142|0x0000000088e00000, 0x0000000088e00000, 0x0000000088f00000|  0%| F|  |TAMS 0x0000000088e00000, 0x0000000088e00000| Untracked 
| 143|0x0000000088f00000, 0x0000000088f00000, 0x0000000089000000|  0%| F|  |TAMS 0x0000000088f00000, 0x0000000088f00000| Untracked 
| 144|0x0000000089000000, 0x0000000089000000, 0x0000000089100000|  0%| F|  |TAMS 0x0000000089000000, 0x0000000089000000| Untracked 
| 145|0x0000000089100000, 0x0000000089100000, 0x0000000089200000|  0%| F|  |TAMS 0x0000000089100000, 0x0000000089100000| Untracked 
| 146|0x0000000089200000, 0x0000000089200000, 0x0000000089300000|  0%| F|  |TAMS 0x0000000089200000, 0x0000000089200000| Untracked 
| 147|0x0000000089300000, 0x0000000089300000, 0x0000000089400000|  0%| F|  |TAMS 0x0000000089300000, 0x0000000089300000| Untracked 
| 148|0x0000000089400000, 0x0000000089400000, 0x0000000089500000|  0%| F|  |TAMS 0x0000000089400000, 0x0000000089400000| Untracked 
| 149|0x0000000089500000, 0x0000000089500000, 0x0000000089600000|  0%| F|  |TAMS 0x0000000089500000, 0x0000000089500000| Untracked 
| 150|0x0000000089600000, 0x0000000089600000, 0x0000000089700000|  0%| F|  |TAMS 0x0000000089600000, 0x0000000089600000| Untracked 
| 151|0x0000000089700000, 0x0000000089700000, 0x0000000089800000|  0%| F|  |TAMS 0x0000000089700000, 0x0000000089700000| Untracked 
| 152|0x0000000089800000, 0x0000000089800000, 0x0000000089900000|  0%| F|  |TAMS 0x0000000089800000, 0x0000000089800000| Untracked 
| 153|0x0000000089900000, 0x0000000089900000, 0x0000000089a00000|  0%| F|  |TAMS 0x0000000089900000, 0x0000000089900000| Untracked 
| 154|0x0000000089a00000, 0x0000000089a00000, 0x0000000089b00000|  0%| F|  |TAMS 0x0000000089a00000, 0x0000000089a00000| Untracked 
| 155|0x0000000089b00000, 0x0000000089b00000, 0x0000000089c00000|  0%| F|  |TAMS 0x0000000089b00000, 0x0000000089b00000| Untracked 
| 156|0x0000000089c00000, 0x0000000089c00000, 0x0000000089d00000|  0%| F|  |TAMS 0x0000000089c00000, 0x0000000089c00000| Untracked 
| 157|0x0000000089d00000, 0x0000000089d00000, 0x0000000089e00000|  0%| F|  |TAMS 0x0000000089d00000, 0x0000000089d00000| Untracked 
| 158|0x0000000089e00000, 0x0000000089e00000, 0x0000000089f00000|  0%| F|  |TAMS 0x0000000089e00000, 0x0000000089e00000| Untracked 
| 159|0x0000000089f00000, 0x0000000089f00000, 0x000000008a000000|  0%| F|  |TAMS 0x0000000089f00000, 0x0000000089f00000| Untracked 
| 160|0x000000008a000000, 0x000000008a0e5af8, 0x000000008a100000| 89%| E|  |TAMS 0x000000008a000000, 0x000000008a000000| Complete 
| 161|0x000000008a100000, 0x000000008a200000, 0x000000008a200000|100%| E|CS|TAMS 0x000000008a100000, 0x000000008a100000| Complete 
| 162|0x000000008a200000, 0x000000008a300000, 0x000000008a300000|100%| E|CS|TAMS 0x000000008a200000, 0x000000008a200000| Complete 
| 163|0x000000008a300000, 0x000000008a400000, 0x000000008a400000|100%| E|CS|TAMS 0x000000008a300000, 0x000000008a300000| Complete 
| 164|0x000000008a400000, 0x000000008a500000, 0x000000008a500000|100%| E|CS|TAMS 0x000000008a400000, 0x000000008a400000| Complete 
| 165|0x000000008a500000, 0x000000008a600000, 0x000000008a600000|100%| E|CS|TAMS 0x000000008a500000, 0x000000008a500000| Complete 
| 166|0x000000008a600000, 0x000000008a700000, 0x000000008a700000|100%| E|CS|TAMS 0x000000008a600000, 0x000000008a600000| Complete 
| 167|0x000000008a700000, 0x000000008a800000, 0x000000008a800000|100%| E|  |TAMS 0x000000008a700000, 0x000000008a700000| Complete 
| 168|0x000000008a800000, 0x000000008a900000, 0x000000008a900000|100%| E|CS|TAMS 0x000000008a800000, 0x000000008a800000| Complete 
| 169|0x000000008a900000, 0x000000008aa00000, 0x000000008aa00000|100%| E|CS|TAMS 0x000000008a900000, 0x000000008a900000| Complete 
| 170|0x000000008aa00000, 0x000000008ab00000, 0x000000008ab00000|100%| E|CS|TAMS 0x000000008aa00000, 0x000000008aa00000| Complete 
| 171|0x000000008ab00000, 0x000000008ac00000, 0x000000008ac00000|100%| E|CS|TAMS 0x000000008ab00000, 0x000000008ab00000| Complete 
| 172|0x000000008ac00000, 0x000000008ad00000, 0x000000008ad00000|100%| E|CS|TAMS 0x000000008ac00000, 0x000000008ac00000| Complete 
| 173|0x000000008ad00000, 0x000000008ae00000, 0x000000008ae00000|100%| E|CS|TAMS 0x000000008ad00000, 0x000000008ad00000| Complete 
| 174|0x000000008ae00000, 0x000000008af00000, 0x000000008af00000|100%| E|CS|TAMS 0x000000008ae00000, 0x000000008ae00000| Complete 
| 175|0x000000008af00000, 0x000000008b000000, 0x000000008b000000|100%| E|CS|TAMS 0x000000008af00000, 0x000000008af00000| Complete 
| 176|0x000000008b000000, 0x000000008b100000, 0x000000008b100000|100%| E|CS|TAMS 0x000000008b000000, 0x000000008b000000| Complete 
| 177|0x000000008b100000, 0x000000008b200000, 0x000000008b200000|100%| E|CS|TAMS 0x000000008b100000, 0x000000008b100000| Complete 
| 178|0x000000008b200000, 0x000000008b300000, 0x000000008b300000|100%| E|CS|TAMS 0x000000008b200000, 0x000000008b200000| Complete 
| 179|0x000000008b300000, 0x000000008b400000, 0x000000008b400000|100%| E|CS|TAMS 0x000000008b300000, 0x000000008b300000| Complete 
| 180|0x000000008b400000, 0x000000008b500000, 0x000000008b500000|100%| E|CS|TAMS 0x000000008b400000, 0x000000008b400000| Complete 
| 181|0x000000008b500000, 0x000000008b600000, 0x000000008b600000|100%| E|CS|TAMS 0x000000008b500000, 0x000000008b500000| Complete 
| 182|0x000000008b600000, 0x000000008b700000, 0x000000008b700000|100%| E|CS|TAMS 0x000000008b600000, 0x000000008b600000| Complete 
| 183|0x000000008b700000, 0x000000008b800000, 0x000000008b800000|100%| E|CS|TAMS 0x000000008b700000, 0x000000008b700000| Complete 
| 184|0x000000008b800000, 0x000000008b900000, 0x000000008b900000|100%| E|CS|TAMS 0x000000008b800000, 0x000000008b800000| Complete 
| 185|0x000000008b900000, 0x000000008ba00000, 0x000000008ba00000|100%| E|CS|TAMS 0x000000008b900000, 0x000000008b900000| Complete 
| 186|0x000000008ba00000, 0x000000008bb00000, 0x000000008bb00000|100%| E|CS|TAMS 0x000000008ba00000, 0x000000008ba00000| Complete 
| 187|0x000000008bb00000, 0x000000008bc00000, 0x000000008bc00000|100%| E|CS|TAMS 0x000000008bb00000, 0x000000008bb00000| Complete 
| 188|0x000000008bc00000, 0x000000008bd00000, 0x000000008bd00000|100%| E|CS|TAMS 0x000000008bc00000, 0x000000008bc00000| Complete 
| 189|0x000000008bd00000, 0x000000008be00000, 0x000000008be00000|100%| E|CS|TAMS 0x000000008bd00000, 0x000000008bd00000| Complete 
| 190|0x000000008be00000, 0x000000008bf00000, 0x000000008bf00000|100%| E|CS|TAMS 0x000000008be00000, 0x000000008be00000| Complete 
| 191|0x000000008bf00000, 0x000000008c000000, 0x000000008c000000|100%| E|CS|TAMS 0x000000008bf00000, 0x000000008bf00000| Complete 
| 192|0x000000008c000000, 0x000000008c100000, 0x000000008c100000|100%| E|CS|TAMS 0x000000008c000000, 0x000000008c000000| Complete 
| 193|0x000000008c100000, 0x000000008c200000, 0x000000008c200000|100%| E|CS|TAMS 0x000000008c100000, 0x000000008c100000| Complete 
| 194|0x000000008c200000, 0x000000008c300000, 0x000000008c300000|100%| E|CS|TAMS 0x000000008c200000, 0x000000008c200000| Complete 
| 195|0x000000008c300000, 0x000000008c400000, 0x000000008c400000|100%| E|CS|TAMS 0x000000008c300000, 0x000000008c300000| Complete 
| 196|0x000000008c400000, 0x000000008c500000, 0x000000008c500000|100%| E|CS|TAMS 0x000000008c400000, 0x000000008c400000| Complete 
| 197|0x000000008c500000, 0x000000008c600000, 0x000000008c600000|100%| E|CS|TAMS 0x000000008c500000, 0x000000008c500000| Complete 
| 198|0x000000008c600000, 0x000000008c700000, 0x000000008c700000|100%| E|CS|TAMS 0x000000008c600000, 0x000000008c600000| Complete 
| 199|0x000000008c700000, 0x000000008c800000, 0x000000008c800000|100%| E|CS|TAMS 0x000000008c700000, 0x000000008c700000| Complete 
| 200|0x000000008c800000, 0x000000008c900000, 0x000000008c900000|100%| E|CS|TAMS 0x000000008c800000, 0x000000008c800000| Complete 
| 201|0x000000008c900000, 0x000000008ca00000, 0x000000008ca00000|100%| E|CS|TAMS 0x000000008c900000, 0x000000008c900000| Complete 
| 202|0x000000008ca00000, 0x000000008cb00000, 0x000000008cb00000|100%| E|CS|TAMS 0x000000008ca00000, 0x000000008ca00000| Complete 
| 203|0x000000008cb00000, 0x000000008cc00000, 0x000000008cc00000|100%| E|CS|TAMS 0x000000008cb00000, 0x000000008cb00000| Complete 
| 204|0x000000008cc00000, 0x000000008cd00000, 0x000000008cd00000|100%| E|CS|TAMS 0x000000008cc00000, 0x000000008cc00000| Complete 
| 205|0x000000008cd00000, 0x000000008ce00000, 0x000000008ce00000|100%| E|CS|TAMS 0x000000008cd00000, 0x000000008cd00000| Complete 
| 206|0x000000008ce00000, 0x000000008cf00000, 0x000000008cf00000|100%| E|CS|TAMS 0x000000008ce00000, 0x000000008ce00000| Complete 
| 207|0x000000008cf00000, 0x000000008d000000, 0x000000008d000000|100%| E|CS|TAMS 0x000000008cf00000, 0x000000008cf00000| Complete 
| 208|0x000000008d000000, 0x000000008d100000, 0x000000008d100000|100%| E|CS|TAMS 0x000000008d000000, 0x000000008d000000| Complete 
| 209|0x000000008d100000, 0x000000008d200000, 0x000000008d200000|100%| E|CS|TAMS 0x000000008d100000, 0x000000008d100000| Complete 
| 210|0x000000008d200000, 0x000000008d300000, 0x000000008d300000|100%| E|CS|TAMS 0x000000008d200000, 0x000000008d200000| Complete 
| 211|0x000000008d300000, 0x000000008d400000, 0x000000008d400000|100%| E|CS|TAMS 0x000000008d300000, 0x000000008d300000| Complete 
| 212|0x000000008d400000, 0x000000008d500000, 0x000000008d500000|100%| E|CS|TAMS 0x000000008d400000, 0x000000008d400000| Complete 
| 213|0x000000008d500000, 0x000000008d600000, 0x000000008d600000|100%| E|CS|TAMS 0x000000008d500000, 0x000000008d500000| Complete 
| 214|0x000000008d600000, 0x000000008d700000, 0x000000008d700000|100%| E|CS|TAMS 0x000000008d600000, 0x000000008d600000| Complete 
| 215|0x000000008d700000, 0x000000008d800000, 0x000000008d800000|100%| E|CS|TAMS 0x000000008d700000, 0x000000008d700000| Complete 
| 216|0x000000008d800000, 0x000000008d900000, 0x000000008d900000|100%| E|CS|TAMS 0x000000008d800000, 0x000000008d800000| Complete 
| 217|0x000000008d900000, 0x000000008da00000, 0x000000008da00000|100%| E|CS|TAMS 0x000000008d900000, 0x000000008d900000| Complete 
| 218|0x000000008da00000, 0x000000008db00000, 0x000000008db00000|100%| E|CS|TAMS 0x000000008da00000, 0x000000008da00000| Complete 
| 219|0x000000008db00000, 0x000000008dc00000, 0x000000008dc00000|100%| E|CS|TAMS 0x000000008db00000, 0x000000008db00000| Complete 
| 220|0x000000008dc00000, 0x000000008dd00000, 0x000000008dd00000|100%| E|CS|TAMS 0x000000008dc00000, 0x000000008dc00000| Complete 
| 221|0x000000008dd00000, 0x000000008de00000, 0x000000008de00000|100%| E|CS|TAMS 0x000000008dd00000, 0x000000008dd00000| Complete 

Card table byte_map: [0x0000027fe5de0000,0x0000027fe61e0000] _byte_map_base: 0x0000027fe59e0000

Marking Bits (Prev, Next): (CMBitMap*) 0x0000027fd2ef4ec0, (CMBitMap*) 0x0000027fd2ef4e88
 Prev Bits: [0x0000027fe85e0000, 0x0000027fea5e0000)
 Next Bits: [0x0000027fe65e0000, 0x0000027fe85e0000)

Polling page: 0x0000027fd0c60000

Metaspace:

Usage:
  Non-class:     84.03 MB capacity,    82.42 MB ( 98%) used,     1.30 MB (  2%) free+waste,   316.12 KB ( <1%) overhead. 
      Class:     13.07 MB capacity,    12.12 MB ( 93%) used,   832.38 KB (  6%) free+waste,   141.81 KB (  1%) overhead. 
       Both:     97.10 MB capacity,    94.54 MB ( 97%) used,     2.11 MB (  2%) free+waste,   457.94 KB ( <1%) overhead. 

Virtual space:
  Non-class space:       86.00 MB reserved,      84.25 MB ( 98%) committed 
      Class space:        1.00 GB reserved,      13.12 MB (  1%) committed 
             Both:        1.08 GB reserved,      97.38 MB (  9%) committed 

Chunk freelists:
   Non-Class:  34.00 KB
       Class:  22.00 KB
        Both:  56.00 KB

MaxMetaspaceSize: 17179869184.00 GB
CompressedClassSpaceSize: 1.00 GB
Initial GC threshold: 20.80 MB
Current GC threshold: 98.34 MB
CDS: off

CodeHeap 'non-profiled nmethods': size=120064Kb used=8989Kb max_used=8989Kb free=111075Kb
 bounds [0x0000027fde4a0000, 0x0000027fded70000, 0x0000027fe59e0000]
CodeHeap 'profiled nmethods': size=120000Kb used=28778Kb max_used=28778Kb free=91221Kb
 bounds [0x0000027fd6f70000, 0x0000027fd8b90000, 0x0000027fde4a0000]
CodeHeap 'non-nmethods': size=5696Kb used=2399Kb max_used=2458Kb free=3296Kb
 bounds [0x0000027fd69e0000, 0x0000027fd6c50000, 0x0000027fd6f70000]
 total_blobs=14033 nmethods=13111 adapters=834
 compilation: enabled
              stopped_count=0, restarted_count=0
 full_count=0

Compilation events (20 events):
Event: 47.319 Thread 0x0000027fee5cc000 nmethod 13382 0x0000027fded61390 code [0x0000027fded615a0, 0x0000027fded61fe8]
Event: 47.319 Thread 0x0000027fee5cc000 13385       4       java.util.concurrent.ArrayBlockingQueue::enqueue (53 bytes)
Event: 47.348 Thread 0x0000027fee5cc000 nmethod 13385 0x0000027fded62790 code [0x0000027fded62960, 0x0000027fded63208]
Event: 47.348 Thread 0x0000027fee5cc000 13380       4       org.gradle.cache.internal.CrossProcessSynchronizingCache$$Lambda$354/0x0000000100484c40::create (12 bytes)
Event: 47.397 Thread 0x0000027fecaf4800 13391       3       org.gradle.execution.plan.LocalTaskNodeExecutor$$Lambda$1085/0x0000000100c07040::<init> (26 bytes)
Event: 47.397 Thread 0x0000027fecaf4800 nmethod 13391 0x0000027fd8b80810 code [0x0000027fd8b809e0, 0x0000027fd8b80cb8]
Event: 47.398 Thread 0x0000027fecaf4800 13392       3       org.gradle.api.internal.file.DefaultFileCollectionFactory::resolving (33 bytes)
Event: 47.399 Thread 0x0000027fecaf4800 nmethod 13392 0x0000027fd8b80d90 code [0x0000027fd8b80fe0, 0x0000027fd8b819b8]
Event: 47.399 Thread 0x0000027fecaf4800 13393       3       org.gradle.api.internal.file.DefaultFileCollectionFactory$ResolvingFileCollection::<init> (28 bytes)
Event: 47.400 Thread 0x0000027fecaf4800 nmethod 13393 0x0000027fd8b81d10 code [0x0000027fd8b81ee0, 0x0000027fd8b822b8]
Event: 47.400 Thread 0x0000027fecaf4800 13394       1       org.gradle.execution.plan.WorkSource$Selection::isNoWorkReadyToStart (2 bytes)
Event: 47.400 Thread 0x0000027fecaf4800 nmethod 13394 0x0000027fded63510 code [0x0000027fded636c0, 0x0000027fded63778]
Event: 47.401 Thread 0x0000027fecaf4800 13395       1       org.gradle.execution.plan.WorkSource$Selection$3::getItem (5 bytes)
Event: 47.401 Thread 0x0000027fecaf4800 nmethod 13395 0x0000027fded63810 code [0x0000027fded639c0, 0x0000027fded63a78]
Event: 47.402 Thread 0x0000027fecaf4800 13396       1       com.android.tools.analytics.CommonMetricsData$GarbageCollectionStatsDiffs::getCollections (5 bytes)
Event: 47.402 Thread 0x0000027fecaf4800 nmethod 13396 0x0000027fded63b10 code [0x0000027fded63cc0, 0x0000027fded63d78]
Event: 47.402 Thread 0x0000027fecaf4800 13397       1       com.android.tools.analytics.CommonMetricsData$GarbageCollectionStatsDiffs::getTime (5 bytes)
Event: 47.402 Thread 0x0000027fecaf4800 nmethod 13397 0x0000027fded63e10 code [0x0000027fded63fc0, 0x0000027fded64078]
Event: 47.404 Thread 0x0000027fecaf4800 13398   !   3       jdk.internal.reflect.GeneratedMethodAccessor34::invoke (66 bytes)
Event: 47.405 Thread 0x0000027fecaf4800 nmethod 13398 0x0000027fd8b82410 code [0x0000027fd8b82660, 0x0000027fd8b82d78]

GC Heap History (20 events):
Event: 27.945 GC heap before
{Heap before GC invocations=21 (full 0):
 garbage-first heap   total 189440K, used 145123K [0x0000000080000000, 0x0000000100000000)
  region size 1024K, 101 young (103424K), 9 survivors (9216K)
 Metaspace       used 68805K, capacity 70614K, committed 70784K, reserved 1110016K
  class space    used 8655K, capacity 9329K, committed 9344K, reserved 1048576K
}
Event: 27.969 GC heap after
{Heap after GC invocations=22 (full 0):
 garbage-first heap   total 189440K, used 55639K [0x0000000080000000, 0x0000000100000000)
  region size 1024K, 8 young (8192K), 8 survivors (8192K)
 Metaspace       used 68805K, capacity 70614K, committed 70784K, reserved 1110016K
  class space    used 8655K, capacity 9329K, committed 9344K, reserved 1048576K
}
Event: 29.868 GC heap before
{Heap before GC invocations=22 (full 0):
 garbage-first heap   total 189440K, used 148823K [0x0000000080000000, 0x0000000100000000)
  region size 1024K, 99 young (101376K), 8 survivors (8192K)
 Metaspace       used 73257K, capacity 75133K, committed 75264K, reserved 1114112K
  class space    used 9431K, capacity 10128K, committed 10240K, reserved 1048576K
}
Event: 29.892 GC heap after
{Heap after GC invocations=23 (full 0):
 garbage-first heap   total 227328K, used 57949K [0x0000000080000000, 0x0000000100000000)
  region size 1024K, 7 young (7168K), 7 survivors (7168K)
 Metaspace       used 73257K, capacity 75133K, committed 75264K, reserved 1114112K
  class space    used 9431K, capacity 10128K, committed 10240K, reserved 1048576K
}
Event: 31.786 GC heap before
{Heap before GC invocations=23 (full 0):
 garbage-first heap   total 227328K, used 168541K [0x0000000080000000, 0x0000000100000000)
  region size 1024K, 115 young (117760K), 7 survivors (7168K)
 Metaspace       used 76617K, capacity 78664K, committed 78848K, reserved 1118208K
  class space    used 9933K, capacity 10685K, committed 10752K, reserved 1048576K
}
Event: 31.811 GC heap after
{Heap after GC invocations=24 (full 0):
 garbage-first heap   total 227328K, used 62708K [0x0000000080000000, 0x0000000100000000)
  region size 1024K, 12 young (12288K), 12 survivors (12288K)
 Metaspace       used 76617K, capacity 78664K, committed 78848K, reserved 1118208K
  class space    used 9933K, capacity 10685K, committed 10752K, reserved 1048576K
}
Event: 34.199 GC heap before
{Heap before GC invocations=24 (full 0):
 garbage-first heap   total 227328K, used 173300K [0x0000000080000000, 0x0000000100000000)
  region size 1024K, 120 young (122880K), 12 survivors (12288K)
 Metaspace       used 81722K, capacity 83779K, committed 83840K, reserved 1122304K
  class space    used 10634K, capacity 11387K, committed 11392K, reserved 1048576K
}
Event: 34.227 GC heap after
{Heap after GC invocations=25 (full 0):
 garbage-first heap   total 227328K, used 65478K [0x0000000080000000, 0x0000000100000000)
  region size 1024K, 10 young (10240K), 10 survivors (10240K)
 Metaspace       used 81722K, capacity 83779K, committed 83840K, reserved 1122304K
  class space    used 10634K, capacity 11387K, committed 11392K, reserved 1048576K
}
Event: 35.904 GC heap before
{Heap before GC invocations=25 (full 0):
 garbage-first heap   total 227328K, used 178118K [0x0000000080000000, 0x0000000100000000)
  region size 1024K, 119 young (121856K), 10 survivors (10240K)
 Metaspace       used 83717K, capacity 85913K, committed 86144K, reserved 1124352K
  class space    used 10844K, capacity 11623K, committed 11648K, reserved 1048576K
}
Event: 35.969 GC heap after
{Heap after GC invocations=26 (full 0):
 garbage-first heap   total 227328K, used 77824K [0x0000000080000000, 0x0000000100000000)
  region size 1024K, 15 young (15360K), 15 survivors (15360K)
 Metaspace       used 83717K, capacity 85913K, committed 86144K, reserved 1124352K
  class space    used 10844K, capacity 11623K, committed 11648K, reserved 1048576K
}
Event: 38.175 GC heap before
{Heap before GC invocations=26 (full 0):
 garbage-first heap   total 227328K, used 178176K [0x0000000080000000, 0x0000000100000000)
  region size 1024K, 114 young (116736K), 15 survivors (15360K)
 Metaspace       used 87540K, capacity 90134K, committed 90496K, reserved 1128448K
  class space    used 11340K, capacity 12294K, committed 12416K, reserved 1048576K
}
Event: 38.222 GC heap after
{Heap after GC invocations=27 (full 0):
 garbage-first heap   total 227328K, used 84570K [0x0000000080000000, 0x0000000100000000)
  region size 1024K, 6 young (6144K), 6 survivors (6144K)
 Metaspace       used 87540K, capacity 90134K, committed 90496K, reserved 1128448K
  class space    used 11340K, capacity 12294K, committed 12416K, reserved 1048576K
}
Event: 40.952 GC heap before
{Heap before GC invocations=27 (full 0):
 garbage-first heap   total 227328K, used 182874K [0x0000000080000000, 0x0000000100000000)
  region size 1024K, 102 young (104448K), 6 survivors (6144K)
 Metaspace       used 88485K, capacity 91020K, committed 91264K, reserved 1128448K
  class space    used 11395K, capacity 12364K, committed 12416K, reserved 1048576K
}
Event: 40.982 GC heap after
{Heap after GC invocations=28 (full 0):
 garbage-first heap   total 227328K, used 90050K [0x0000000080000000, 0x0000000100000000)
  region size 1024K, 12 young (12288K), 12 survivors (12288K)
 Metaspace       used 88485K, capacity 91020K, committed 91264K, reserved 1128448K
  class space    used 11395K, capacity 12364K, committed 12416K, reserved 1048576K
}
Event: 43.048 GC heap before
{Heap before GC invocations=28 (full 0):
 garbage-first heap   total 227328K, used 183234K [0x0000000080000000, 0x0000000100000000)
  region size 1024K, 104 young (106496K), 12 survivors (12288K)
 Metaspace       used 92060K, capacity 94693K, committed 94720K, reserved 1130496K
  class space    used 11817K, capacity 12794K, committed 12800K, reserved 1048576K
}
Event: 43.085 GC heap after
{Heap after GC invocations=29 (full 0):
 garbage-first heap   total 227328K, used 94826K [0x0000000080000000, 0x0000000100000000)
  region size 1024K, 11 young (11264K), 11 survivors (11264K)
 Metaspace       used 92060K, capacity 94693K, committed 94720K, reserved 1130496K
  class space    used 11817K, capacity 12794K, committed 12800K, reserved 1048576K
}
Event: 44.739 GC heap before
{Heap before GC invocations=29 (full 0):
 garbage-first heap   total 227328K, used 184938K [0x0000000080000000, 0x0000000100000000)
  region size 1024K, 100 young (102400K), 11 survivors (11264K)
 Metaspace       used 93632K, capacity 96315K, committed 96512K, reserved 1132544K
  class space    used 12029K, capacity 13032K, committed 13056K, reserved 1048576K
}
Event: 44.767 GC heap after
{Heap after GC invocations=30 (full 0):
 garbage-first heap   total 227328K, used 97935K [0x0000000080000000, 0x0000000100000000)
  region size 1024K, 8 young (8192K), 8 survivors (8192K)
 Metaspace       used 93632K, capacity 96315K, committed 96512K, reserved 1132544K
  class space    used 12029K, capacity 13032K, committed 13056K, reserved 1048576K
}
Event: 46.023 GC heap before
{Heap before GC invocations=30 (full 0):
 garbage-first heap   total 227328K, used 187023K [0x0000000080000000, 0x0000000100000000)
  region size 1024K, 96 young (98304K), 8 survivors (8192K)
 Metaspace       used 96469K, capacity 99094K, committed 99200K, reserved 1134592K
  class space    used 12377K, capacity 13383K, committed 13440K, reserved 1048576K
}
Event: 46.048 GC heap after
{Heap after GC invocations=31 (full 0):
 garbage-first heap   total 227328K, used 101648K [0x0000000080000000, 0x0000000100000000)
  region size 1024K, 7 young (7168K), 7 survivors (7168K)
 Metaspace       used 96469K, capacity 99094K, committed 99200K, reserved 1134592K
  class space    used 12377K, capacity 13383K, committed 13440K, reserved 1048576K
}

Deoptimization events (20 events):
Event: 46.721 Thread 0x0000027ff7ef7000 DEOPT PACKING pc=0x0000027fdecf4b48 sp=0x000000d1fa5fc7c0
Event: 46.721 Thread 0x0000027ff7ef7000 DEOPT UNPACKING pc=0x0000027fd6a2a1af sp=0x000000d1fa5fc780 mode 2
Event: 46.721 Thread 0x0000027ff7ef7000 Uncommon trap: trap_request=0xffffffde fr.pc=0x0000027fdecf4b48 relative=0x0000000000000588
Event: 46.721 Thread 0x0000027ff7ef7000 Uncommon trap: reason=class_check action=maybe_recompile pc=0x0000027fdecf4b48 method=org.gradle.internal.snapshot.LargeChildMap.withNode(Lorg/gradle/internal/snapshot/VfsRelativePath;Lorg/gradle/internal/snapshot/CaseSensitivity;Lorg/gradle/internal/snap
Event: 46.721 Thread 0x0000027ff7ef7000 DEOPT PACKING pc=0x0000027fdecf4b48 sp=0x000000d1fa5fc7c0
Event: 46.721 Thread 0x0000027ff7ef7000 DEOPT UNPACKING pc=0x0000027fd6a2a1af sp=0x000000d1fa5fc780 mode 2
Event: 46.728 Thread 0x0000027ff7ef7000 Uncommon trap: trap_request=0xffffffc6 fr.pc=0x0000027fdea38070 relative=0x00000000000000b0
Event: 46.728 Thread 0x0000027ff7ef7000 Uncommon trap: reason=bimorphic_or_optimized_type_check action=maybe_recompile pc=0x0000027fdea38070 method=com.google.common.collect.RegularImmutableMap.checkNoConflictInKeyBucket(Ljava/lang/Object;Ljava/util/Map$Entry;Lcom/google/common/collect/Immutabl
Event: 46.728 Thread 0x0000027ff7ef7000 DEOPT PACKING pc=0x0000027fdea38070 sp=0x000000d1fa5fd230
Event: 46.728 Thread 0x0000027ff7ef7000 DEOPT UNPACKING pc=0x0000027fd6a2a1af sp=0x000000d1fa5fd1d8 mode 2
Event: 46.738 Thread 0x0000027ff7ef7000 DEOPT PACKING pc=0x0000027fd88d5855 sp=0x000000d1fa5fb910
Event: 46.738 Thread 0x0000027ff7ef7000 DEOPT UNPACKING pc=0x0000027fd6a2a95e sp=0x000000d1fa5fae30 mode 0
Event: 46.753 Thread 0x0000027ff7ef7000 Uncommon trap: trap_request=0xffffffde fr.pc=0x0000027fdece22ec relative=0x000000000000284c
Event: 46.753 Thread 0x0000027ff7ef7000 Uncommon trap: reason=class_check action=maybe_recompile pc=0x0000027fdece22ec method=org.gradle.internal.snapshot.impl.AbstractValueProcessor.processValue(Ljava/lang/Object;Lorg/gradle/internal/snapshot/impl/AbstractValueProcessor$ValueVisitor;)Ljava/lan
Event: 46.753 Thread 0x0000027ff7ef7000 DEOPT PACKING pc=0x0000027fdece22ec sp=0x000000d1fa5fab80
Event: 46.753 Thread 0x0000027ff7ef7000 DEOPT UNPACKING pc=0x0000027fd6a2a1af sp=0x000000d1fa5fab70 mode 2
Event: 47.394 Thread 0x0000027ff7ef7000 Uncommon trap: trap_request=0xffffffde fr.pc=0x0000027fdecf4b48 relative=0x0000000000000588
Event: 47.394 Thread 0x0000027ff7ef7000 Uncommon trap: reason=class_check action=maybe_recompile pc=0x0000027fdecf4b48 method=org.gradle.internal.snapshot.LargeChildMap.withNode(Lorg/gradle/internal/snapshot/VfsRelativePath;Lorg/gradle/internal/snapshot/CaseSensitivity;Lorg/gradle/internal/snap
Event: 47.394 Thread 0x0000027ff7ef7000 DEOPT PACKING pc=0x0000027fdecf4b48 sp=0x000000d1fa5fc7c0
Event: 47.394 Thread 0x0000027ff7ef7000 DEOPT UNPACKING pc=0x0000027fd6a2a1af sp=0x000000d1fa5fc780 mode 2

Classes redefined (0 events):
No events

Internal exceptions (20 events):
Event: 36.759 Thread 0x0000027ff374a000 Exception <a 'java/lang/NoSuchMethodError'{0x000000008ae58a18}: <clinit>> (0x000000008ae58a18) thrown at [src/hotspot/share/prims/jni.cpp, line 1367]
Event: 36.769 Thread 0x0000027ff374a000 Exception <a 'java/lang/NoSuchMethodError'{0x000000008ad5c9e0}: <clinit>> (0x000000008ad5c9e0) thrown at [src/hotspot/share/prims/jni.cpp, line 1367]
Event: 36.785 Thread 0x0000027fee9a2000 Exception <a 'java/lang/NoSuchMethodError'{0x000000008ac05770}: <clinit>> (0x000000008ac05770) thrown at [src/hotspot/share/prims/jni.cpp, line 1367]
Event: 36.825 Thread 0x0000027ff7ef6000 Exception <a 'java/lang/NoSuchMethodError'{0x000000008aa30eb8}: 'int java.lang.invoke.DirectMethodHandle$Holder.invokeSpecial(java.lang.Object, java.lang.Object, java.lang.Object, java.lang.Object, java.lang.Object)'> (0x000000008aa30eb8) thrown at [src/hotspot/share/interpreter/linkResolver.cpp, line 773]
Event: 37.593 Thread 0x0000027ff7ef6000 Exception <a 'java/lang/NoSuchMethodError'{0x0000000089506288}: 'void java.lang.invoke.DirectMethodHandle$Holder.invokeStatic(java.lang.Object, java.lang.Object, java.lang.Object, java.lang.Object, int, java.lang.Object, java.lang.Object)'> (0x0000000089506288) thrown at [src/hotspot/share/interpreter/linkResolver.cpp, line 773]
Event: 37.658 Thread 0x0000027ff7ef6000 Exception <a 'java/lang/NoSuchMethodError'{0x00000000893658b0}: 'java.lang.Object java.lang.invoke.DirectMethodHandle$Holder.invokeSpecialIFC(java.lang.Object, java.lang.Object, java.lang.Object)'> (0x00000000893658b0) thrown at [src/hotspot/share/interpreter/linkResolver.cpp, line 773]
Event: 37.659 Thread 0x0000027ff3741800 Exception <a 'java/lang/NoSuchMethodError'{0x0000000088ea01e8}: 'java.lang.Object java.lang.invoke.DirectMethodHandle$Holder.invokeSpecialIFC(java.lang.Object, java.lang.Object, java.lang.Object)'> (0x0000000088ea01e8) thrown at [src/hotspot/share/interpreter/linkResolver.cpp, line 773]
Event: 37.659 Thread 0x0000027ff3742800 Exception <a 'java/lang/NoSuchMethodError'{0x0000000088e86a70}: 'java.lang.Object java.lang.invoke.DirectMethodHandle$Holder.invokeSpecialIFC(java.lang.Object, java.lang.Object, java.lang.Object)'> (0x0000000088e86a70) thrown at [src/hotspot/share/interpreter/linkResolver.cpp, line 773]
Event: 37.659 Thread 0x0000027ff3746000 Exception <a 'java/lang/NoSuchMethodError'{0x0000000088e42120}: 'java.lang.Object java.lang.invoke.DirectMethodHandle$Holder.invokeSpecialIFC(java.lang.Object, java.lang.Object, java.lang.Object)'> (0x0000000088e42120) thrown at [src/hotspot/share/interpreter/linkResolver.cpp, line 773]
Event: 37.931 Thread 0x0000027ff3742800 Implicit null exception at 0x0000027fdeb9cfdb to 0x0000027fdeb9d06c
Event: 38.340 Thread 0x0000027ff3746000 Exception <a 'java/lang/NoSuchMethodError'{0x000000008daa7c30}: 'void java.lang.invoke.DirectMethodHandle$Holder.invokeVirtual(java.lang.Object, java.lang.Object)'> (0x000000008daa7c30) thrown at [src/hotspot/share/interpreter/linkResolver.cpp, line 773]
Event: 38.499 Thread 0x0000027ff3746000 Implicit null exception at 0x0000027fdebb6729 to 0x0000027fdebb6f4c
Event: 38.499 Thread 0x0000027ff3746000 Implicit null exception at 0x0000027fdebb6729 to 0x0000027fdebb6f4c
Event: 38.500 Thread 0x0000027ff3746000 Implicit null exception at 0x0000027fdebb6729 to 0x0000027fdebb6f4c
Event: 38.508 Thread 0x0000027ff3742800 Implicit null exception at 0x0000027fdebb6729 to 0x0000027fdebb6f4c
Event: 38.634 Thread 0x0000027ff3741800 Implicit null exception at 0x0000027fdebc24eb to 0x0000027fdebc2dc4
Event: 40.246 Thread 0x0000027ff7ef6000 Exception <a 'java/lang/NoSuchMethodError'{0x000000008968a608}: 'void java.lang.invoke.DirectMethodHandle$Holder.invokeInterface(java.lang.Object, java.lang.Object, java.lang.Object, java.lang.Object)'> (0x000000008968a608) thrown at [src/hotspot/share/interpreter/linkResolver.cpp, line 773]
Event: 42.604 Thread 0x0000027ff7ef1000 Exception <a 'java/lang/NoSuchMethodError'{0x0000000088d98fd8}: 'java.lang.Object java.lang.invoke.DirectMethodHandle$Holder.invokeStatic(java.lang.Object, java.lang.Object, java.lang.Object, java.lang.Object, java.lang.Object, java.lang.Object, java.lang.Object, java.lang.Object, java.lang.Object, java.lang.Object, java.lang.Object, java.lang.Object, java.lang.Object, java.lang.Object, java.lang.Object, int)'> (0x0000000088d98fd8) thrown at [src/hotspot/share/interpreter/linkResolver.cpp, line 773]
Event: 42.981 Thread 0x0000027ff7ef1000 Exception <a 'java/lang/NoSuchMethodError'{0x0000000088343910}: 'java.lang.Object java.lang.invoke.DirectMethodHandle$Holder.newInvokeSpecial(java.lang.Object, java.lang.Object, java.lang.Object, java.lang.Object)'> (0x0000000088343910) thrown at [src/hotspot/share/interpreter/linkResolver.cpp, line 773]
Event: 43.001 Thread 0x0000027fee9a2000 Exception <a 'java/lang/NoSuchMethodError'{0x000000008829dc98}: <clinit>> (0x000000008829dc98) thrown at [src/hotspot/share/prims/jni.cpp, line 1367]

Events (20 events):
Event: 46.217 loading class com/android/ide/common/xml/XmlFormatStyle
Event: 46.217 loading class com/android/ide/common/xml/XmlFormatStyle done
Event: 46.218 loading class com/android/ide/common/xml/XmlPrettyPrinter
Event: 46.218 loading class com/android/ide/common/xml/XmlPrettyPrinter done
Event: 46.222 loading class com/android/ide/common/xml/XmlPrettyPrinter$ExitWithErrorStatusException
Event: 46.222 loading class com/android/ide/common/xml/XmlPrettyPrinter$ExitWithErrorStatusException done
Event: 46.225 loading class com/android/ide/common/xml/XmlAttributeSortOrder$3
Event: 46.225 loading class com/android/ide/common/xml/XmlAttributeSortOrder$3 done
Event: 46.227 loading class com/android/utils/SdkUtils
Event: 46.227 loading class com/android/utils/SdkUtils done
Event: 46.278 loading class org/gradle/api/artifacts/component/ProjectComponentIdentifier
Event: 46.278 loading class org/gradle/api/artifacts/component/ProjectComponentIdentifier done
Event: 46.287 loading class org/gradle/internal/Try$1
Event: 46.287 loading class org/gradle/internal/Try$1 done
Event: 46.320 loading class org/gradle/internal/work/DefaultWorkerLeaseService$2
Event: 46.320 loading class org/gradle/internal/work/DefaultWorkerLeaseService$2 done
Event: 46.722 loading class org/gradle/execution/plan/LocalTaskNodeExecutor$FilteredTree
Event: 46.722 loading class org/gradle/execution/plan/LocalTaskNodeExecutor$FilteredTree done
Event: 46.727 loading class org/gradle/execution/plan/ExecutionNodeAccessHierarchy$FilteredNodeAccess
Event: 46.727 loading class org/gradle/execution/plan/ExecutionNodeAccessHierarchy$FilteredNodeAccess done


Dynamic libraries:
0x00007ff605dd0000 - 0x00007ff605dda000 	C:\Program Files\Android\Android Studio\jbr\bin\java.exe
0x00007ffe327f0000 - 0x00007ffe329e8000 	C:\WINDOWS\SYSTEM32\ntdll.dll
0x00007ffe31d30000 - 0x00007ffe31def000 	C:\WINDOWS\System32\KERNEL32.DLL
0x00007ffe30000000 - 0x00007ffe302da000 	C:\WINDOWS\System32\KERNELBASE.dll
0x00007ffe2ff00000 - 0x00007ffe30000000 	C:\WINDOWS\System32\ucrtbase.dll
0x00007ffe28820000 - 0x00007ffe28837000 	C:\Program Files\Android\Android Studio\jbr\bin\jli.dll
0x00007ffe32600000 - 0x00007ffe3279d000 	C:\WINDOWS\System32\USER32.dll
0x00007ffe30780000 - 0x00007ffe307a2000 	C:\WINDOWS\System32\win32u.dll
0x00007ffe31400000 - 0x00007ffe3142b000 	C:\WINDOWS\System32\GDI32.dll
0x00007ffe303c0000 - 0x00007ffe304d0000 	C:\WINDOWS\System32\gdi32full.dll
0x00007ffe24dc0000 - 0x00007ffe24ddb000 	C:\Program Files\Android\Android Studio\jbr\bin\VCRUNTIME140.dll
0x00007ffe307b0000 - 0x00007ffe3084d000 	C:\WINDOWS\System32\msvcp_win.dll
0x00007ffe1e340000 - 0x00007ffe1e5da000 	C:\WINDOWS\WinSxS\amd64_microsoft.windows.common-controls_6595b64144ccf1df_6.0.19041.1110_none_60b5254171f9507e\COMCTL32.dll
0x00007ffe32240000 - 0x00007ffe322de000 	C:\WINDOWS\System32\msvcrt.dll
0x00007ffe30850000 - 0x00007ffe30880000 	C:\WINDOWS\System32\IMM32.DLL
0x00007ffe28520000 - 0x00007ffe2852c000 	C:\Program Files\Android\Android Studio\jbr\bin\vcruntime140_1.dll
0x00007ffe0a2f0000 - 0x00007ffe0a37d000 	C:\Program Files\Android\Android Studio\jbr\bin\msvcp140.dll
0x00007ffdcc9a0000 - 0x00007ffdcd55c000 	C:\Program Files\Android\Android Studio\jbr\bin\server\jvm.dll
0x00007ffe31c80000 - 0x00007ffe31d2e000 	C:\WINDOWS\System32\ADVAPI32.dll
0x00007ffe310f0000 - 0x00007ffe3118c000 	C:\WINDOWS\System32\sechost.dll
0x00007ffe324d0000 - 0x00007ffe325f6000 	C:\WINDOWS\System32\RPCRT4.dll
0x00007ffe30880000 - 0x00007ffe30888000 	C:\WINDOWS\System32\PSAPI.DLL
0x00007ffe2ca20000 - 0x00007ffe2ca29000 	C:\WINDOWS\SYSTEM32\WSOCK32.dll
0x00007ffe321d0000 - 0x00007ffe3223b000 	C:\WINDOWS\System32\WS2_32.dll
0x00007ffe209f0000 - 0x00007ffe209fa000 	C:\WINDOWS\SYSTEM32\VERSION.dll
0x00007ffe1d6c0000 - 0x00007ffe1d6e7000 	C:\WINDOWS\SYSTEM32\WINMM.dll
0x00007ffe2e710000 - 0x00007ffe2e722000 	C:\WINDOWS\SYSTEM32\kernel.appcore.dll
0x00007ffe2b220000 - 0x00007ffe2b230000 	C:\Program Files\Android\Android Studio\jbr\bin\verify.dll
0x00007ffe1bf90000 - 0x00007ffe1c174000 	C:\WINDOWS\SYSTEM32\DBGHELP.DLL
0x00007ffe1bf50000 - 0x00007ffe1bf84000 	C:\WINDOWS\SYSTEM32\dbgcore.DLL
0x00007ffe302e0000 - 0x00007ffe30362000 	C:\WINDOWS\System32\bcryptPrimitives.dll
0x00007ffe23740000 - 0x00007ffe23768000 	C:\Program Files\Android\Android Studio\jbr\bin\java.dll
0x00007ffe2af80000 - 0x00007ffe2af8a000 	C:\Program Files\Android\Android Studio\jbr\bin\jimage.dll
0x00007ffe2a450000 - 0x00007ffe2a45e000 	C:\Program Files\Android\Android Studio\jbr\bin\instrument.dll
0x00007ffe25080000 - 0x00007ffe25098000 	C:\Program Files\Android\Android Studio\jbr\bin\zip.dll
0x00007ffe314a0000 - 0x00007ffe31be4000 	C:\WINDOWS\System32\SHELL32.dll
0x00007ffe2deb0000 - 0x00007ffe2e643000 	C:\WINDOWS\SYSTEM32\windows.storage.dll
0x00007ffe31df0000 - 0x00007ffe32144000 	C:\WINDOWS\System32\combase.dll
0x00007ffe2f7a0000 - 0x00007ffe2f7ce000 	C:\WINDOWS\SYSTEM32\Wldp.dll
0x00007ffe308f0000 - 0x00007ffe3099d000 	C:\WINDOWS\System32\SHCORE.dll
0x00007ffe31190000 - 0x00007ffe311e5000 	C:\WINDOWS\System32\shlwapi.dll
0x00007ffe2fe40000 - 0x00007ffe2fe5f000 	C:\WINDOWS\SYSTEM32\profapi.dll
0x00007ffe29fb0000 - 0x00007ffe29fba000 	C:\Program Files\Android\Android Studio\jbr\bin\management.dll
0x00007ffe28890000 - 0x00007ffe2889b000 	C:\Program Files\Android\Android Studio\jbr\bin\management_ext.dll
0x00007ffe24eb0000 - 0x00007ffe24ec9000 	C:\Program Files\Android\Android Studio\jbr\bin\net.dll
0x00007ffe221f0000 - 0x00007ffe222fa000 	C:\WINDOWS\SYSTEM32\WINHTTP.dll
0x00007ffe2f580000 - 0x00007ffe2f5ea000 	C:\WINDOWS\system32\mswsock.dll
0x00007ffe24950000 - 0x00007ffe24963000 	C:\Program Files\Android\Android Studio\jbr\bin\nio.dll
0x00007ffe1f250000 - 0x00007ffe1f267000 	C:\WINDOWS\system32\napinsp.dll
0x00007ffe24c70000 - 0x00007ffe24c8b000 	C:\WINDOWS\system32\pnrpnsp.dll
0x00007ffe29f30000 - 0x00007ffe29f45000 	C:\WINDOWS\system32\wshbth.dll
0x00007ffe2b1e0000 - 0x00007ffe2b1fd000 	C:\WINDOWS\system32\NLAapi.dll
0x00007ffe2f290000 - 0x00007ffe2f2cc000 	C:\WINDOWS\SYSTEM32\IPHLPAPI.DLL
0x00007ffe2f2d0000 - 0x00007ffe2f39b000 	C:\WINDOWS\SYSTEM32\DNSAPI.dll
0x00007ffe327a0000 - 0x00007ffe327a8000 	C:\WINDOWS\System32\NSI.dll
0x00007ffe28a30000 - 0x00007ffe28a42000 	C:\WINDOWS\System32\winrnr.dll
0x00007ffe20e00000 - 0x00007ffe20e0a000 	C:\Windows\System32\rasadhlp.dll
0x00007ffe21fb0000 - 0x00007ffe22030000 	C:\WINDOWS\System32\fwpuclnt.dll
0x00007ffe30750000 - 0x00007ffe30777000 	C:\WINDOWS\System32\bcrypt.dll
0x00007ffe10e30000 - 0x00007ffe10e57000 	C:\Users\shahzaib lptp\AndroidStudioProjects\loginsqlite\native\e1d6ef7f7dcc3fd88c89a11ec53ec762bb8ba0a96d01ffa2cd45eb1d1d8dd5c5\windows-amd64\native-platform.dll
0x00007ffe04f90000 - 0x00007ffe050d4000 	C:\Users\shahzaib lptp\AndroidStudioProjects\loginsqlite\native\0d407fdbe67a94daf76414ababcb853783967236a71b16ec16e742cd7a986fd3\windows-amd64\native-platform-file-events.dll
0x00007ffe2fb20000 - 0x00007ffe2fb38000 	C:\WINDOWS\SYSTEM32\CRYPTSP.dll
0x00007ffe2eec0000 - 0x00007ffe2eef4000 	C:\WINDOWS\system32\rsaenh.dll
0x00007ffe2fe00000 - 0x00007ffe2fe2e000 	C:\WINDOWS\SYSTEM32\USERENV.dll
0x00007ffe2f710000 - 0x00007ffe2f71c000 	C:\WINDOWS\SYSTEM32\CRYPTBASE.dll
0x00007ffe23110000 - 0x00007ffe23127000 	C:\WINDOWS\SYSTEM32\dhcpcsvc6.DLL
0x00007ffe230f0000 - 0x00007ffe2310d000 	C:\WINDOWS\SYSTEM32\dhcpcsvc.DLL

dbghelp: loaded successfully - version: 4.0.5 - missing functions: none
symbol engine: initialized successfully - sym options: 0x614 - pdb path: .;C:\Program Files\Android\Android Studio\jbr\bin;C:\WINDOWS\SYSTEM32;C:\WINDOWS\WinSxS\amd64_microsoft.windows.common-controls_6595b64144ccf1df_6.0.19041.1110_none_60b5254171f9507e;C:\Program Files\Android\Android Studio\jbr\bin\server;C:\Users\shahzaib lptp\AndroidStudioProjects\loginsqlite\native\e1d6ef7f7dcc3fd88c89a11ec53ec762bb8ba0a96d01ffa2cd45eb1d1d8dd5c5\windows-amd64;C:\Users\shahzaib lptp\AndroidStudioProjects\loginsqlite\native\0d407fdbe67a94daf76414ababcb853783967236a71b16ec16e742cd7a986fd3\windows-amd64

VM Arguments:
jvm_args: -javaagent:C:\Program Files\Android\Android Studio\plugins\android\resources\trace_agent.jar=C:\Users\SHAHZA~1\AppData\Local\Temp\sync.trace.profile --add-opens=java.base/java.util=ALL-UNNAMED --add-opens=java.base/java.lang=ALL-UNNAMED --add-opens=java.base/java.lang.invoke=ALL-UNNAMED --add-opens=java.base/java.util=ALL-UNNAMED --add-opens=java.prefs/java.util.prefs=ALL-UNNAMED --add-opens=java.prefs/java.util.prefs=ALL-UNNAMED --add-opens=java.base/java.nio.charset=ALL-UNNAMED --add-opens=java.base/java.net=ALL-UNNAMED --add-opens=java.base/java.util.concurrent.atomic=ALL-UNNAMED -Xmx2048m -Dfile.encoding=UTF-8 -Duser.country=US -Duser.language=en -Duser.variant 
java_command: org.gradle.launcher.daemon.bootstrap.GradleDaemon 7.5
java_class_path (initial): C:\Users\shahzaib lptp\AndroidStudioProjects\loginsqlite\wrapper\dists\gradle-7.5-bin\f1w0cc9nuo0eivz97x2xlu9sv\gradle-7.5\lib\gradle-launcher-7.5.jar
Launcher Type: SUN_STANDARD

[Global flags]
     intx CICompilerCount                          = 3                                         {product} {ergonomic}
     uint ConcGCThreads                            = 1                                         {product} {ergonomic}
     uint G1ConcRefinementThreads                  = 4                                         {product} {ergonomic}
   size_t G1HeapRegionSize                         = 1048576                                   {product} {ergonomic}
    uintx GCDrainStackTargetSize                   = 64                                        {product} {ergonomic}
   size_t InitialHeapSize                          = 134217728                                 {product} {ergonomic}
   size_t MarkStackSize                            = 4194304                                   {product} {ergonomic}
   size_t MaxHeapSize                              = 2147483648                                {product} {command line}
   size_t MaxNewSize                               = 1287651328                                {product} {ergonomic}
   size_t MinHeapDeltaBytes                        = 1048576                                   {product} {ergonomic}
    uintx NonNMethodCodeHeapSize                   = 5830732                                {pd product} {ergonomic}
    uintx NonProfiledCodeHeapSize                  = 122913754                              {pd product} {ergonomic}
    uintx ProfiledCodeHeapSize                     = 122913754                              {pd product} {ergonomic}
    uintx ReservedCodeCacheSize                    = 251658240                              {pd product} {ergonomic}
     bool SegmentedCodeCache                       = true                                      {product} {ergonomic}
     bool UseCompressedClassPointers               = true                                 {lp64_product} {ergonomic}
     bool UseCompressedOops                        = true                                 {lp64_product} {ergonomic}
     bool UseG1GC                                  = true                                      {product} {ergonomic}
     bool UseLargePagesIndividualAllocation        = false                                  {pd product} {ergonomic}

Logging:
Log output configuration:
 #0: stdout all=warning uptime,level,tags
 #1: stderr all=off uptime,level,tags

Environment Variables:
PATH=C:\Program Files\Python310\Scripts\;C:\Program Files\Python310\;C:\Program Files\Common Files\Oracle\Java\javapath;C:\app\bin;C:\app\shahzaiblptp\product\11.2.0\dbhome_1\bin;C:\WINDOWS\system32;C:\WINDOWS;C:\WINDOWS\System32\Wbem;C:\WINDOWS\System32\WindowsPowerShell\v1.0\;c:\Program Files (x86)\Microsoft SQL Server\100\Tools\Binn\;c:\Program Files\Microsoft SQL Server\100\Tools\Binn\;c:\Program Files\Microsoft SQL Server\100\DTS\Binn\;C:\WINDOWS\System32\OpenSSH\;C:\ProgramData\chocolatey\bin;%JAVA_HOME%\bin;C:\Users\shahzaib lptp\AppData\Local\Microsoft\WindowsApps;C:\Program Files\JetBrains\IntelliJ IDEA Community Edition 2021.3\bin;;C:\Program Files\Python310\PyCharm Community Edition 2022.1\bin;;C:\Users\shahzaib lptp\AppData\Local\Programs\Microsoft VS Code\bin;C:\Program Files\flutter\bin;C:\src\flutter\bin;C:\Program Files\Android\Android Studio\bin;
USERNAME=shahzaib lptp
OS=Windows_NT
PROCESSOR_IDENTIFIER=Intel64 Family 6 Model 69 Stepping 1, GenuineIntel



---------------  S Y S T E M  ---------------

OS: Windows 10 , 64 bit Build 19041 (10.0.19041.2788)
OS uptime: 8 days 17:47 hours
Hyper-V role detected

CPU:total 4 (initial active 4) (2 cores per cpu, 2 threads per core) family 6 model 69 stepping 1 microcode 0x26, cmov, cx8, fxsr, mmx, sse, sse2, sse3, ssse3, sse4.1, sse4.2, popcnt, avx, avx2, aes, clmul, erms, lzcnt, ht, tsc, tscinvbit, bmi1, bmi2, fma

Memory: 4k page, system-wide physical 8073M (1072M free)
TotalPageFile size 10073M (AvailPageFile size 6M)
current process WorkingSet (physical memory assigned to process): 511M, peak: 515M
current process commit charge ("private bytes"): 538M, peak: 541M

vm_info: OpenJDK 64-Bit Server VM (11.0.15+0-b2043.56-9505619) for windows-amd64 JRE (11.0.15+0-b2043.56-9505619), built on Jan 19 2023 02:48:00 by "builduser" with unknown MS VC++:1929

END.
