#
# There is insufficient memory for the Java Runtime Environment to continue.
# Native memory allocation (malloc) failed to allocate 593136 bytes for Chunk::new
# Possible reasons:
#   The system is out of physical RAM or swap space
#   The process is running with CompressedOops enabled, and the Java Heap may be blocking the growth of the native heap
# Possible solutions:
#   Reduce memory load on the system
#   Increase physical memory or swap space
#   Check if swap backing store is full
#   Decrease Java heap size (-Xmx/-Xms)
#   Decrease number of Java threads
#   Decrease Java thread stack sizes (-Xss)
#   Set larger code cache with -XX:ReservedCodeCacheSize=
#   JVM is running with Unscaled Compressed Oops mode in which the Java heap is
#     placed in the first 4GB address space. The Java Heap base address is the
#     maximum limit for the native heap growth. Please use -XX:HeapBaseMinAddress
#     to set the Java Heap base and to place the Java Heap above 4GB virtual address.
# This output file may be truncated or incomplete.
#
#  Out of Memory Error (src/hotspot/share/memory/arena.cpp:197), pid=13076, tid=8200
#
# JRE version: OpenJDK Runtime Environment (11.0.15) (build 11.0.15+0-b2043.56-9505619)
# Java VM: OpenJDK 64-Bit Server VM (11.0.15+0-b2043.56-9505619, mixed mode, tiered, compressed oops, g1 gc, windows-amd64)
# No core dump will be written. Minidumps are not enabled by default on client versions of Windows
#

---------------  S U M M A R Y ------------

Command Line: -javaagent:C:\Program Files\Android\Android Studio\plugins\android\resources\trace_agent.jar=C:\Users\SHAHZA~1\AppData\Local\Temp\sync.trace.profile --add-opens=java.base/java.util=ALL-UNNAMED --add-opens=java.base/java.lang=ALL-UNNAMED --add-opens=java.base/java.lang.invoke=ALL-UNNAMED --add-opens=java.base/java.util=ALL-UNNAMED --add-opens=java.prefs/java.util.prefs=ALL-UNNAMED --add-opens=java.prefs/java.util.prefs=ALL-UNNAMED --add-opens=java.base/java.nio.charset=ALL-UNNAMED --add-opens=java.base/java.net=ALL-UNNAMED --add-opens=java.base/java.util.concurrent.atomic=ALL-UNNAMED -Xmx2048m -Dfile.encoding=UTF-8 -Duser.country=US -Duser.language=en -Duser.variant org.gradle.launcher.daemon.bootstrap.GradleDaemon 7.5

Host: Intel(R) Core(TM) i5-4310U CPU @ 2.00GHz, 4 cores, 7G,  Windows 10 , 64 bit Build 19041 (10.0.19041.2913)
Time: Sat May 27 01:08:30 2023 Pakistan Standard Time elapsed time: 13.429316 seconds (0d 0h 0m 13s)

---------------  T H R E A D  ---------------

Current thread (0x0000025d87dd6800):  JavaThread "C2 CompilerThread1" daemon [_thread_in_native, id=8200, stack(0x000000edf9600000,0x000000edf9700000)]


Current CompileTask:
C2:  13429 2791       4       com.android.tools.tracer.agent.objectweb.asm.ClassWriter::toByteArray (1535 bytes)

Stack: [0x000000edf9600000,0x000000edf9700000]
Native frames: (J=compiled Java code, j=interpreted, Vv=VM code, C=native code)
V  [jvm.dll+0x64135a]
V  [jvm.dll+0x7d39f9]
V  [jvm.dll+0x7d51b9]
V  [jvm.dll+0x7d58a3]
V  [jvm.dll+0x2691c5]
V  [jvm.dll+0xc1a5c]
V  [jvm.dll+0xc200c]
V  [jvm.dll+0x2da2c2]
V  [jvm.dll+0x54cad9]
V  [jvm.dll+0x22a011]
V  [jvm.dll+0x223809]
V  [jvm.dll+0x220384]
V  [jvm.dll+0x19e851]
V  [jvm.dll+0x230479]
V  [jvm.dll+0x22e5ef]
V  [jvm.dll+0x794de1]
V  [jvm.dll+0x78dc24]
V  [jvm.dll+0x6400f6]
C  [ucrtbase.dll+0x21bb2]
C  [KERNEL32.DLL+0x17614]
C  [ntdll.dll+0x526a1]


---------------  P R O C E S S  ---------------

Threads class SMR info:
_java_thread_list=0x0000025d842e9b70, length=24, elements={
0x0000025de92d3800, 0x0000025dfeee4800, 0x0000025dfeee6000, 0x0000025dfef02000,
0x0000025dfef04800, 0x0000025dfef05800, 0x0000025dfef0a800, 0x0000025dff8b4000,
0x0000025dff8b5000, 0x0000025dff944800, 0x0000025d88688800, 0x0000025d86fb7800,
0x0000025d8594e800, 0x0000025d88f37800, 0x0000025d85398800, 0x0000025d88b85800,
0x0000025d893f0800, 0x0000025d88887000, 0x0000025d88bb2800, 0x0000025d88b72800,
0x0000025d88b75800, 0x0000025d88b75000, 0x0000025d87dd6800, 0x0000025d88b74000
}

Java Threads: ( => current thread )
  0x0000025de92d3800 JavaThread "main" [_thread_blocked, id=11832, stack(0x000000edf7900000,0x000000edf7a00000)]
  0x0000025dfeee4800 JavaThread "Reference Handler" daemon [_thread_blocked, id=1588, stack(0x000000edf8000000,0x000000edf8100000)]
  0x0000025dfeee6000 JavaThread "Finalizer" daemon [_thread_blocked, id=7364, stack(0x000000edf8100000,0x000000edf8200000)]
  0x0000025dfef02000 JavaThread "Signal Dispatcher" daemon [_thread_blocked, id=9492, stack(0x000000edf8200000,0x000000edf8300000)]
  0x0000025dfef04800 JavaThread "Attach Listener" daemon [_thread_blocked, id=10604, stack(0x000000edf8300000,0x000000edf8400000)]
  0x0000025dfef05800 JavaThread "Service Thread" daemon [_thread_blocked, id=2660, stack(0x000000edf8400000,0x000000edf8500000)]
  0x0000025dfef0a800 JavaThread "C2 CompilerThread0" daemon [_thread_in_native, id=4260, stack(0x000000edf8500000,0x000000edf8600000)]
  0x0000025dff8b4000 JavaThread "C1 CompilerThread0" daemon [_thread_blocked, id=4952, stack(0x000000edf8600000,0x000000edf8700000)]
  0x0000025dff8b5000 JavaThread "Sweeper thread" daemon [_thread_blocked, id=12352, stack(0x000000edf8700000,0x000000edf8800000)]
  0x0000025dff944800 JavaThread "Common-Cleaner" daemon [_thread_blocked, id=11112, stack(0x000000edf8800000,0x000000edf8900000)]
  0x0000025d88688800 JavaThread "Daemon health stats" [_thread_blocked, id=10560, stack(0x000000edf8d00000,0x000000edf8e00000)]
  0x0000025d86fb7800 JavaThread "Incoming local TCP Connector on port 52809" [_thread_in_native, id=7520, stack(0x000000edf8900000,0x000000edf8a00000)]
  0x0000025d8594e800 JavaThread "Daemon periodic checks" [_thread_blocked, id=8020, stack(0x000000edf8e00000,0x000000edf8f00000)]
  0x0000025d88f37800 JavaThread "Daemon" [_thread_blocked, id=944, stack(0x000000edf8f00000,0x000000edf9000000)]
  0x0000025d85398800 JavaThread "Handler for socket connection from /127.0.0.1:52809 to /127.0.0.1:52810" [_thread_in_native, id=11880, stack(0x000000edf9000000,0x000000edf9100000)]
  0x0000025d88b85800 JavaThread "Cancel handler" [_thread_blocked, id=13316, stack(0x000000edf9100000,0x000000edf9200000)]
  0x0000025d893f0800 JavaThread "Daemon worker" [_thread_in_Java, id=6380, stack(0x000000edf9200000,0x000000edf9300000)]
  0x0000025d88887000 JavaThread "Asynchronous log dispatcher for DefaultDaemonConnection: socket connection from /127.0.0.1:52809 to /127.0.0.1:52810" [_thread_blocked, id=7784, stack(0x000000edf9300000,0x000000edf9400000)]
  0x0000025d88bb2800 JavaThread "Stdin handler" [_thread_blocked, id=2252, stack(0x000000edf9400000,0x000000edf9500000)]
  0x0000025d88b72800 JavaThread "Daemon client event forwarder" [_thread_blocked, id=11868, stack(0x000000edf9500000,0x000000edf9600000)]
  0x0000025d88b75800 JavaThread "Cache worker for journal cache (C:\Users\shahzaib lptp\AndroidStudioProjects\loginsqlite\caches\journal-1)" [_thread_blocked, id=13624, stack(0x000000edf9800000,0x000000edf9900000)]
  0x0000025d88b75000 JavaThread "File lock request listener" [_thread_in_native, id=1816, stack(0x000000edf9900000,0x000000edf9a00000)]
=>0x0000025d87dd6800 JavaThread "C2 CompilerThread1" daemon [_thread_in_native, id=8200, stack(0x000000edf9600000,0x000000edf9700000)]
  0x0000025d88b74000 JavaThread "Cache worker for file hash cache (C:\Users\shahzaib lptp\AndroidStudioProjects\loginsqlite\caches\7.5\fileHashes)" [_thread_blocked, id=13636, stack(0x000000edf9a00000,0x000000edf9b00000)]

Other Threads:
  0x0000025dfeee0000 VMThread "VM Thread" [stack: 0x000000edf7f00000,0x000000edf8000000] [id=13476]
  0x0000025d847fe000 WatcherThread [stack: 0x000000edf8a00000,0x000000edf8b00000] [id=1640]
  0x0000025de92ed000 GCTaskThread "GC Thread#0" [stack: 0x000000edf7a00000,0x000000edf7b00000] [id=11028]
  0x0000025d84ad1800 GCTaskThread "GC Thread#1" [stack: 0x000000edf8b00000,0x000000edf8c00000] [id=8464]
  0x0000025d84b5b800 GCTaskThread "GC Thread#2" [stack: 0x000000edf8c00000,0x000000edf8d00000] [id=11968]
  0x0000025d87a6c000 GCTaskThread "GC Thread#3" [stack: 0x000000edf9700000,0x000000edf9800000] [id=11776]
  0x0000025de931f000 ConcurrentGCThread "G1 Main Marker" [stack: 0x000000edf7b00000,0x000000edf7c00000] [id=12128]
  0x0000025de9320000 ConcurrentGCThread "G1 Conc#0" [stack: 0x000000edf7c00000,0x000000edf7d00000] [id=4408]
  0x0000025de93ab800 ConcurrentGCThread "G1 Refine#0" [stack: 0x000000edf7d00000,0x000000edf7e00000] [id=10916]
  0x0000025de93ac800 ConcurrentGCThread "G1 Young RemSet Sampling" [stack: 0x000000edf7e00000,0x000000edf7f00000] [id=7852]

Threads with active compile tasks:
C2 CompilerThread0    13485 2789   !   4       java.lang.ClassLoader::loadClass (122 bytes)
C2 CompilerThread1    13485 2791       4       com.android.tools.tracer.agent.objectweb.asm.ClassWriter::toByteArray (1535 bytes)

VM state:not at safepoint (normal execution)

VM Mutex/Monitor currently owned by a thread: None

Heap address: 0x0000000080000000, size: 2048 MB, Compressed Oops mode: 32-bit
Narrow klass base: 0x0000000000000000, Narrow klass shift: 3
Compressed class space size: 1073741824 Address: 0x0000000100000000

Heap:
 garbage-first heap   total 131072K, used 48352K [0x0000000080000000, 0x0000000100000000)
  region size 1024K, 33 young (33792K), 2 survivors (2048K)
 Metaspace       used 21928K, capacity 22372K, committed 22528K, reserved 1069056K
  class space    used 2599K, capacity 2781K, committed 2816K, reserved 1048576K
Heap Regions: E=young(eden), S=young(survivor), O=old, HS=humongous(starts), HC=humongous(continues), CS=collection set, F=free, A=archive, TAMS=top-at-mark-start (previous, next)
|   0|0x0000000080000000, 0x0000000080100000, 0x0000000080100000|100%| O|  |TAMS 0x0000000080100000, 0x0000000080000000| Untracked 
|   1|0x0000000080100000, 0x0000000080200000, 0x0000000080200000|100%| O|  |TAMS 0x0000000080200000, 0x0000000080100000| Untracked 
|   2|0x0000000080200000, 0x0000000080300000, 0x0000000080300000|100%| O|  |TAMS 0x0000000080300000, 0x0000000080200000| Untracked 
|   3|0x0000000080300000, 0x0000000080400000, 0x0000000080400000|100%|HS|  |TAMS 0x0000000080400000, 0x0000000080300000| Complete 
|   4|0x0000000080400000, 0x0000000080500000, 0x0000000080500000|100%|HC|  |TAMS 0x0000000080500000, 0x0000000080400000| Complete 
|   5|0x0000000080500000, 0x0000000080600000, 0x0000000080600000|100%|HC|  |TAMS 0x0000000080600000, 0x0000000080500000| Complete 
|   6|0x0000000080600000, 0x0000000080700000, 0x0000000080700000|100%| O|  |TAMS 0x0000000080700000, 0x0000000080600000| Untracked 
|   7|0x0000000080700000, 0x0000000080800000, 0x0000000080800000|100%| O|  |TAMS 0x0000000080800000, 0x0000000080700000| Untracked 
|   8|0x0000000080800000, 0x0000000080900000, 0x0000000080900000|100%| O|  |TAMS 0x0000000080900000, 0x0000000080800000| Untracked 
|   9|0x0000000080900000, 0x0000000080a00000, 0x0000000080a00000|100%| O|  |TAMS 0x0000000080a00000, 0x0000000080900000| Untracked 
|  10|0x0000000080a00000, 0x0000000080b00000, 0x0000000080b00000|100%| O|  |TAMS 0x0000000080b00000, 0x0000000080a00000| Untracked 
|  11|0x0000000080b00000, 0x0000000080c00000, 0x0000000080c00000|100%| O|  |TAMS 0x0000000080c00000, 0x0000000080b00000| Untracked 
|  12|0x0000000080c00000, 0x0000000080d00000, 0x0000000080d00000|100%| O|  |TAMS 0x0000000080d00000, 0x0000000080c00000| Untracked 
|  13|0x0000000080d00000, 0x0000000080e00000, 0x0000000080e00000|100%| O|  |TAMS 0x0000000080e00000, 0x0000000080d00000| Untracked 
|  14|0x0000000080e00000, 0x0000000080f00000, 0x0000000080f00000|100%| O|  |TAMS 0x0000000080f00000, 0x0000000080e00000| Untracked 
|  15|0x0000000080f00000, 0x0000000080f38200, 0x0000000081000000| 21%| O|  |TAMS 0x0000000080f38200, 0x0000000080f00000| Untracked 
|  16|0x0000000081000000, 0x0000000081000000, 0x0000000081100000|  0%| F|  |TAMS 0x0000000081000000, 0x0000000081000000| Untracked 
|  17|0x0000000081100000, 0x0000000081100000, 0x0000000081200000|  0%| F|  |TAMS 0x0000000081100000, 0x0000000081100000| Untracked 
|  18|0x0000000081200000, 0x0000000081200000, 0x0000000081300000|  0%| F|  |TAMS 0x0000000081200000, 0x0000000081200000| Untracked 
|  19|0x0000000081300000, 0x0000000081300000, 0x0000000081400000|  0%| F|  |TAMS 0x0000000081300000, 0x0000000081300000| Untracked 
|  20|0x0000000081400000, 0x0000000081400000, 0x0000000081500000|  0%| F|  |TAMS 0x0000000081400000, 0x0000000081400000| Untracked 
|  21|0x0000000081500000, 0x0000000081500000, 0x0000000081600000|  0%| F|  |TAMS 0x0000000081500000, 0x0000000081500000| Untracked 
|  22|0x0000000081600000, 0x0000000081600000, 0x0000000081700000|  0%| F|  |TAMS 0x0000000081600000, 0x0000000081600000| Untracked 
|  23|0x0000000081700000, 0x0000000081700000, 0x0000000081800000|  0%| F|  |TAMS 0x0000000081700000, 0x0000000081700000| Untracked 
|  24|0x0000000081800000, 0x0000000081800000, 0x0000000081900000|  0%| F|  |TAMS 0x0000000081800000, 0x0000000081800000| Untracked 
|  25|0x0000000081900000, 0x0000000081900000, 0x0000000081a00000|  0%| F|  |TAMS 0x0000000081900000, 0x0000000081900000| Untracked 
|  26|0x0000000081a00000, 0x0000000081a00000, 0x0000000081b00000|  0%| F|  |TAMS 0x0000000081a00000, 0x0000000081a00000| Untracked 
|  27|0x0000000081b00000, 0x0000000081b00000, 0x0000000081c00000|  0%| F|  |TAMS 0x0000000081b00000, 0x0000000081b00000| Untracked 
|  28|0x0000000081c00000, 0x0000000081c00000, 0x0000000081d00000|  0%| F|  |TAMS 0x0000000081c00000, 0x0000000081c00000| Untracked 
|  29|0x0000000081d00000, 0x0000000081d00000, 0x0000000081e00000|  0%| F|  |TAMS 0x0000000081d00000, 0x0000000081d00000| Untracked 
|  30|0x0000000081e00000, 0x0000000081e00000, 0x0000000081f00000|  0%| F|  |TAMS 0x0000000081e00000, 0x0000000081e00000| Untracked 
|  31|0x0000000081f00000, 0x0000000081f00000, 0x0000000082000000|  0%| F|  |TAMS 0x0000000081f00000, 0x0000000081f00000| Untracked 
|  32|0x0000000082000000, 0x0000000082000000, 0x0000000082100000|  0%| F|  |TAMS 0x0000000082000000, 0x0000000082000000| Untracked 
|  33|0x0000000082100000, 0x0000000082100000, 0x0000000082200000|  0%| F|  |TAMS 0x0000000082100000, 0x0000000082100000| Untracked 
|  34|0x0000000082200000, 0x0000000082200000, 0x0000000082300000|  0%| F|  |TAMS 0x0000000082200000, 0x0000000082200000| Untracked 
|  35|0x0000000082300000, 0x0000000082300000, 0x0000000082400000|  0%| F|  |TAMS 0x0000000082300000, 0x0000000082300000| Untracked 
|  36|0x0000000082400000, 0x0000000082400000, 0x0000000082500000|  0%| F|  |TAMS 0x0000000082400000, 0x0000000082400000| Untracked 
|  37|0x0000000082500000, 0x0000000082500000, 0x0000000082600000|  0%| F|  |TAMS 0x0000000082500000, 0x0000000082500000| Untracked 
|  38|0x0000000082600000, 0x0000000082600000, 0x0000000082700000|  0%| F|  |TAMS 0x0000000082600000, 0x0000000082600000| Untracked 
|  39|0x0000000082700000, 0x0000000082700000, 0x0000000082800000|  0%| F|  |TAMS 0x0000000082700000, 0x0000000082700000| Untracked 
|  40|0x0000000082800000, 0x0000000082800000, 0x0000000082900000|  0%| F|  |TAMS 0x0000000082800000, 0x0000000082800000| Untracked 
|  41|0x0000000082900000, 0x0000000082900000, 0x0000000082a00000|  0%| F|  |TAMS 0x0000000082900000, 0x0000000082900000| Untracked 
|  42|0x0000000082a00000, 0x0000000082a00000, 0x0000000082b00000|  0%| F|  |TAMS 0x0000000082a00000, 0x0000000082a00000| Untracked 
|  43|0x0000000082b00000, 0x0000000082b00000, 0x0000000082c00000|  0%| F|  |TAMS 0x0000000082b00000, 0x0000000082b00000| Untracked 
|  44|0x0000000082c00000, 0x0000000082c00000, 0x0000000082d00000|  0%| F|  |TAMS 0x0000000082c00000, 0x0000000082c00000| Untracked 
|  45|0x0000000082d00000, 0x0000000082d00000, 0x0000000082e00000|  0%| F|  |TAMS 0x0000000082d00000, 0x0000000082d00000| Untracked 
|  46|0x0000000082e00000, 0x0000000082e00000, 0x0000000082f00000|  0%| F|  |TAMS 0x0000000082e00000, 0x0000000082e00000| Untracked 
|  47|0x0000000082f00000, 0x0000000082f00000, 0x0000000083000000|  0%| F|  |TAMS 0x0000000082f00000, 0x0000000082f00000| Untracked 
|  48|0x0000000083000000, 0x0000000083000000, 0x0000000083100000|  0%| F|  |TAMS 0x0000000083000000, 0x0000000083000000| Untracked 
|  49|0x0000000083100000, 0x0000000083100000, 0x0000000083200000|  0%| F|  |TAMS 0x0000000083100000, 0x0000000083100000| Untracked 
|  50|0x0000000083200000, 0x0000000083200000, 0x0000000083300000|  0%| F|  |TAMS 0x0000000083200000, 0x0000000083200000| Untracked 
|  51|0x0000000083300000, 0x0000000083300000, 0x0000000083400000|  0%| F|  |TAMS 0x0000000083300000, 0x0000000083300000| Untracked 
|  52|0x0000000083400000, 0x0000000083400000, 0x0000000083500000|  0%| F|  |TAMS 0x0000000083400000, 0x0000000083400000| Untracked 
|  53|0x0000000083500000, 0x0000000083500000, 0x0000000083600000|  0%| F|  |TAMS 0x0000000083500000, 0x0000000083500000| Untracked 
|  54|0x0000000083600000, 0x0000000083600000, 0x0000000083700000|  0%| F|  |TAMS 0x0000000083600000, 0x0000000083600000| Untracked 
|  55|0x0000000083700000, 0x0000000083700000, 0x0000000083800000|  0%| F|  |TAMS 0x0000000083700000, 0x0000000083700000| Untracked 
|  56|0x0000000083800000, 0x0000000083800000, 0x0000000083900000|  0%| F|  |TAMS 0x0000000083800000, 0x0000000083800000| Untracked 
|  57|0x0000000083900000, 0x0000000083900000, 0x0000000083a00000|  0%| F|  |TAMS 0x0000000083900000, 0x0000000083900000| Untracked 
|  58|0x0000000083a00000, 0x0000000083a00000, 0x0000000083b00000|  0%| F|  |TAMS 0x0000000083a00000, 0x0000000083a00000| Untracked 
|  59|0x0000000083b00000, 0x0000000083b00000, 0x0000000083c00000|  0%| F|  |TAMS 0x0000000083b00000, 0x0000000083b00000| Untracked 
|  60|0x0000000083c00000, 0x0000000083c00000, 0x0000000083d00000|  0%| F|  |TAMS 0x0000000083c00000, 0x0000000083c00000| Untracked 
|  61|0x0000000083d00000, 0x0000000083d00000, 0x0000000083e00000|  0%| F|  |TAMS 0x0000000083d00000, 0x0000000083d00000| Untracked 
|  62|0x0000000083e00000, 0x0000000083e00000, 0x0000000083f00000|  0%| F|  |TAMS 0x0000000083e00000, 0x0000000083e00000| Untracked 
|  63|0x0000000083f00000, 0x0000000083f00000, 0x0000000084000000|  0%| F|  |TAMS 0x0000000083f00000, 0x0000000083f00000| Untracked 
|  64|0x0000000084000000, 0x0000000084000000, 0x0000000084100000|  0%| F|  |TAMS 0x0000000084000000, 0x0000000084000000| Untracked 
|  65|0x0000000084100000, 0x0000000084100000, 0x0000000084200000|  0%| F|  |TAMS 0x0000000084100000, 0x0000000084100000| Untracked 
|  66|0x0000000084200000, 0x0000000084200000, 0x0000000084300000|  0%| F|  |TAMS 0x0000000084200000, 0x0000000084200000| Untracked 
|  67|0x0000000084300000, 0x0000000084300000, 0x0000000084400000|  0%| F|  |TAMS 0x0000000084300000, 0x0000000084300000| Untracked 
|  68|0x0000000084400000, 0x0000000084400000, 0x0000000084500000|  0%| F|  |TAMS 0x0000000084400000, 0x0000000084400000| Untracked 
|  69|0x0000000084500000, 0x0000000084500000, 0x0000000084600000|  0%| F|  |TAMS 0x0000000084500000, 0x0000000084500000| Untracked 
|  70|0x0000000084600000, 0x0000000084600000, 0x0000000084700000|  0%| F|  |TAMS 0x0000000084600000, 0x0000000084600000| Untracked 
|  71|0x0000000084700000, 0x0000000084700000, 0x0000000084800000|  0%| F|  |TAMS 0x0000000084700000, 0x0000000084700000| Untracked 
|  72|0x0000000084800000, 0x0000000084800000, 0x0000000084900000|  0%| F|  |TAMS 0x0000000084800000, 0x0000000084800000| Untracked 
|  73|0x0000000084900000, 0x0000000084900000, 0x0000000084a00000|  0%| F|  |TAMS 0x0000000084900000, 0x0000000084900000| Untracked 
|  74|0x0000000084a00000, 0x0000000084a00000, 0x0000000084b00000|  0%| F|  |TAMS 0x0000000084a00000, 0x0000000084a00000| Untracked 
|  75|0x0000000084b00000, 0x0000000084b00000, 0x0000000084c00000|  0%| F|  |TAMS 0x0000000084b00000, 0x0000000084b00000| Untracked 
|  76|0x0000000084c00000, 0x0000000084c00000, 0x0000000084d00000|  0%| F|  |TAMS 0x0000000084c00000, 0x0000000084c00000| Untracked 
|  77|0x0000000084d00000, 0x0000000084d00000, 0x0000000084e00000|  0%| F|  |TAMS 0x0000000084d00000, 0x0000000084d00000| Untracked 
|  78|0x0000000084e00000, 0x0000000084e00000, 0x0000000084f00000|  0%| F|  |TAMS 0x0000000084e00000, 0x0000000084e00000| Untracked 
|  79|0x0000000084f00000, 0x0000000084f00000, 0x0000000085000000|  0%| F|  |TAMS 0x0000000084f00000, 0x0000000084f00000| Untracked 
|  80|0x0000000085000000, 0x0000000085000000, 0x0000000085100000|  0%| F|  |TAMS 0x0000000085000000, 0x0000000085000000| Untracked 
|  81|0x0000000085100000, 0x0000000085100000, 0x0000000085200000|  0%| F|  |TAMS 0x0000000085100000, 0x0000000085100000| Untracked 
|  82|0x0000000085200000, 0x0000000085200000, 0x0000000085300000|  0%| F|  |TAMS 0x0000000085200000, 0x0000000085200000| Untracked 
|  83|0x0000000085300000, 0x0000000085300000, 0x0000000085400000|  0%| F|  |TAMS 0x0000000085300000, 0x0000000085300000| Untracked 
|  84|0x0000000085400000, 0x0000000085500000, 0x0000000085500000|100%| S|CS|TAMS 0x0000000085400000, 0x0000000085400000| Complete 
|  85|0x0000000085500000, 0x0000000085600000, 0x0000000085600000|100%| S|CS|TAMS 0x0000000085500000, 0x0000000085500000| Complete 
|  86|0x0000000085600000, 0x0000000085600000, 0x0000000085700000|  0%| F|  |TAMS 0x0000000085600000, 0x0000000085600000| Untracked 
|  87|0x0000000085700000, 0x0000000085700000, 0x0000000085800000|  0%| F|  |TAMS 0x0000000085700000, 0x0000000085700000| Untracked 
|  88|0x0000000085800000, 0x0000000085800000, 0x0000000085900000|  0%| F|  |TAMS 0x0000000085800000, 0x0000000085800000| Untracked 
|  89|0x0000000085900000, 0x0000000085900000, 0x0000000085a00000|  0%| F|  |TAMS 0x0000000085900000, 0x0000000085900000| Untracked 
|  90|0x0000000085a00000, 0x0000000085a00000, 0x0000000085b00000|  0%| F|  |TAMS 0x0000000085a00000, 0x0000000085a00000| Untracked 
|  91|0x0000000085b00000, 0x0000000085b00000, 0x0000000085c00000|  0%| F|  |TAMS 0x0000000085b00000, 0x0000000085b00000| Untracked 
|  92|0x0000000085c00000, 0x0000000085c00000, 0x0000000085d00000|  0%| F|  |TAMS 0x0000000085c00000, 0x0000000085c00000| Untracked 
|  93|0x0000000085d00000, 0x0000000085d00000, 0x0000000085e00000|  0%| F|  |TAMS 0x0000000085d00000, 0x0000000085d00000| Untracked 
|  94|0x0000000085e00000, 0x0000000085e00000, 0x0000000085f00000|  0%| F|  |TAMS 0x0000000085e00000, 0x0000000085e00000| Untracked 
|  95|0x0000000085f00000, 0x0000000085f00000, 0x0000000086000000|  0%| F|  |TAMS 0x0000000085f00000, 0x0000000085f00000| Untracked 
|  96|0x0000000086000000, 0x0000000086000000, 0x0000000086100000|  0%| F|  |TAMS 0x0000000086000000, 0x0000000086000000| Untracked 
|  97|0x0000000086100000, 0x0000000086180800, 0x0000000086200000| 50%| E|  |TAMS 0x0000000086100000, 0x0000000086100000| Complete 
|  98|0x0000000086200000, 0x0000000086300000, 0x0000000086300000|100%| E|CS|TAMS 0x0000000086200000, 0x0000000086200000| Complete 
|  99|0x0000000086300000, 0x0000000086400000, 0x0000000086400000|100%| E|CS|TAMS 0x0000000086300000, 0x0000000086300000| Complete 
| 100|0x0000000086400000, 0x0000000086500000, 0x0000000086500000|100%| E|CS|TAMS 0x0000000086400000, 0x0000000086400000| Complete 
| 101|0x0000000086500000, 0x0000000086600000, 0x0000000086600000|100%| E|CS|TAMS 0x0000000086500000, 0x0000000086500000| Complete 
| 102|0x0000000086600000, 0x0000000086700000, 0x0000000086700000|100%| E|CS|TAMS 0x0000000086600000, 0x0000000086600000| Complete 
| 103|0x0000000086700000, 0x0000000086800000, 0x0000000086800000|100%| E|CS|TAMS 0x0000000086700000, 0x0000000086700000| Complete 
| 104|0x0000000086800000, 0x0000000086900000, 0x0000000086900000|100%| E|CS|TAMS 0x0000000086800000, 0x0000000086800000| Complete 
| 105|0x0000000086900000, 0x0000000086a00000, 0x0000000086a00000|100%| E|CS|TAMS 0x0000000086900000, 0x0000000086900000| Complete 
| 106|0x0000000086a00000, 0x0000000086b00000, 0x0000000086b00000|100%| E|CS|TAMS 0x0000000086a00000, 0x0000000086a00000| Complete 
| 107|0x0000000086b00000, 0x0000000086c00000, 0x0000000086c00000|100%| E|CS|TAMS 0x0000000086b00000, 0x0000000086b00000| Complete 
| 108|0x0000000086c00000, 0x0000000086d00000, 0x0000000086d00000|100%| E|CS|TAMS 0x0000000086c00000, 0x0000000086c00000| Complete 
| 109|0x0000000086d00000, 0x0000000086e00000, 0x0000000086e00000|100%| E|CS|TAMS 0x0000000086d00000, 0x0000000086d00000| Complete 
| 110|0x0000000086e00000, 0x0000000086f00000, 0x0000000086f00000|100%| E|CS|TAMS 0x0000000086e00000, 0x0000000086e00000| Complete 
| 111|0x0000000086f00000, 0x0000000087000000, 0x0000000087000000|100%| E|CS|TAMS 0x0000000086f00000, 0x0000000086f00000| Complete 
| 112|0x0000000087000000, 0x0000000087100000, 0x0000000087100000|100%| E|CS|TAMS 0x0000000087000000, 0x0000000087000000| Complete 
| 113|0x0000000087100000, 0x0000000087200000, 0x0000000087200000|100%| E|CS|TAMS 0x0000000087100000, 0x0000000087100000| Complete 
| 114|0x0000000087200000, 0x0000000087300000, 0x0000000087300000|100%| E|CS|TAMS 0x0000000087200000, 0x0000000087200000| Complete 
| 115|0x0000000087300000, 0x0000000087400000, 0x0000000087400000|100%| E|CS|TAMS 0x0000000087300000, 0x0000000087300000| Complete 
| 116|0x0000000087400000, 0x0000000087500000, 0x0000000087500000|100%| E|CS|TAMS 0x0000000087400000, 0x0000000087400000| Complete 
| 117|0x0000000087500000, 0x0000000087600000, 0x0000000087600000|100%| E|CS|TAMS 0x0000000087500000, 0x0000000087500000| Complete 
| 118|0x0000000087600000, 0x0000000087700000, 0x0000000087700000|100%| E|CS|TAMS 0x0000000087600000, 0x0000000087600000| Complete 
| 119|0x0000000087700000, 0x0000000087800000, 0x0000000087800000|100%| E|CS|TAMS 0x0000000087700000, 0x0000000087700000| Complete 
| 120|0x0000000087800000, 0x0000000087900000, 0x0000000087900000|100%| E|CS|TAMS 0x0000000087800000, 0x0000000087800000| Complete 
| 121|0x0000000087900000, 0x0000000087a00000, 0x0000000087a00000|100%| E|CS|TAMS 0x0000000087900000, 0x0000000087900000| Complete 
| 122|0x0000000087a00000, 0x0000000087b00000, 0x0000000087b00000|100%| E|CS|TAMS 0x0000000087a00000, 0x0000000087a00000| Complete 
| 123|0x0000000087b00000, 0x0000000087c00000, 0x0000000087c00000|100%| E|CS|TAMS 0x0000000087b00000, 0x0000000087b00000| Complete 
| 124|0x0000000087c00000, 0x0000000087d00000, 0x0000000087d00000|100%| E|CS|TAMS 0x0000000087c00000, 0x0000000087c00000| Complete 
| 125|0x0000000087d00000, 0x0000000087e00000, 0x0000000087e00000|100%| E|CS|TAMS 0x0000000087d00000, 0x0000000087d00000| Complete 
| 126|0x0000000087e00000, 0x0000000087f00000, 0x0000000087f00000|100%| E|CS|TAMS 0x0000000087e00000, 0x0000000087e00000| Complete 
| 127|0x0000000087f00000, 0x0000000088000000, 0x0000000088000000|100%| E|CS|TAMS 0x0000000087f00000, 0x0000000087f00000| Complete 

Card table byte_map: [0x0000025dfc200000,0x0000025dfc600000] _byte_map_base: 0x0000025dfbe00000

Marking Bits (Prev, Next): (CMBitMap*) 0x0000025de93160c0, (CMBitMap*) 0x0000025de9316088
 Prev Bits: [0x0000025d80000000, 0x0000025d82000000)
 Next Bits: [0x0000025dfca00000, 0x0000025dfea00000)

Polling page: 0x0000025de7250000

Metaspace:

Usage:
  Non-class:     19.13 MB capacity,    18.89 MB ( 99%) used,   207.58 KB (  1%) free+waste,    39.62 KB ( <1%) overhead. 
      Class:      2.72 MB capacity,     2.54 MB ( 93%) used,   162.54 KB (  6%) free+waste,    18.94 KB ( <1%) overhead. 
       Both:     21.85 MB capacity,    21.43 MB ( 98%) used,   370.12 KB (  2%) free+waste,    58.56 KB ( <1%) overhead. 

Virtual space:
  Non-class space:       20.00 MB reserved,      19.25 MB ( 96%) committed 
      Class space:        1.00 GB reserved,       2.75 MB ( <1%) committed 
             Both:        1.02 GB reserved,      22.00 MB (  2%) committed 

Chunk freelists:
   Non-Class:  57.00 KB
       Class:  1.00 KB
        Both:  58.00 KB

MaxMetaspaceSize: 17179869184.00 GB
CompressedClassSpaceSize: 1.00 GB
Initial GC threshold: 20.80 MB
Current GC threshold: 35.00 MB
CDS: off

CodeHeap 'non-profiled nmethods': size=120064Kb used=2492Kb max_used=2492Kb free=117571Kb
 bounds [0x0000025df48c0000, 0x0000025df4b30000, 0x0000025dfbe00000]
CodeHeap 'profiled nmethods': size=120000Kb used=6352Kb max_used=6352Kb free=113647Kb
 bounds [0x0000025ded390000, 0x0000025ded9d0000, 0x0000025df48c0000]
CodeHeap 'non-nmethods': size=5696Kb used=1214Kb max_used=1262Kb free=4481Kb
 bounds [0x0000025dece00000, 0x0000025ded070000, 0x0000025ded390000]
 total_blobs=3218 nmethods=2727 adapters=403
 compilation: enabled
              stopped_count=0, restarted_count=0
 full_count=0

Compilation events (20 events):
Event: 13.285 Thread 0x0000025d87dd6800 nmethod 2739 0x0000025df4b2bd90 code [0x0000025df4b2bf20, 0x0000025df4b2bfd8]
Event: 13.285 Thread 0x0000025d87dd6800 2759       4       java.lang.CharacterDataLatin1::isWhitespace (23 bytes)
Event: 13.286 Thread 0x0000025d87dd6800 nmethod 2759 0x0000025df4b2c110 code [0x0000025df4b2c2a0, 0x0000025df4b2c338]
Event: 13.286 Thread 0x0000025d87dd6800 2777       4       java.util.ArrayList::get (15 bytes)
Event: 13.288 Thread 0x0000025d87dd6800 nmethod 2777 0x0000025df4b2c410 code [0x0000025df4b2c5a0, 0x0000025df4b2c678]
Event: 13.288 Thread 0x0000025dfef0a800 nmethod 2733 0x0000025df4b2c790 code [0x0000025df4b2c9c0, 0x0000025df4b2e2f8]
Event: 13.288 Thread 0x0000025dff8b4000 2784       3       java.util.regex.Pattern$BmpCharPropertyGreedy::match (89 bytes)
Event: 13.289 Thread 0x0000025d87dd6800 2785       4       java.util.regex.Pattern::has (15 bytes)
Event: 13.289 Thread 0x0000025dff8b4000 nmethod 2784 0x0000025ded9c0c90 code [0x0000025ded9c0ea0, 0x0000025ded9c14c8]
Event: 13.289 Thread 0x0000025d87dd6800 nmethod 2785 0x0000025df4b2f090 code [0x0000025df4b2f220, 0x0000025df4b2f298]
Event: 13.289 Thread 0x0000025dff8b4000 2786       3       java.lang.String::subSequence (7 bytes)
Event: 13.290 Thread 0x0000025dff8b4000 nmethod 2786 0x0000025ded9c1710 code [0x0000025ded9c18c0, 0x0000025ded9c19e8]
Event: 13.291 Thread 0x0000025dff8b4000 2787       3       java.security.SecureClassLoader$CodeSourceKey::equals (56 bytes)
Event: 13.292 Thread 0x0000025dff8b4000 nmethod 2787 0x0000025ded9c1a90 code [0x0000025ded9c1ca0, 0x0000025ded9c22b8]
Event: 13.293 Thread 0x0000025dff8b4000 2788       3       java.lang.ThreadLocal::get (38 bytes)
Event: 13.294 Thread 0x0000025dff8b4000 nmethod 2788 0x0000025ded9c2490 code [0x0000025ded9c2680, 0x0000025ded9c2948]
Event: 13.303 Thread 0x0000025dfef0a800 2789   !   4       java.lang.ClassLoader::loadClass (122 bytes)
Event: 13.304 Thread 0x0000025dff8b4000 2790       3       java.util.zip.CRC32::update (51 bytes)
Event: 13.305 Thread 0x0000025dff8b4000 nmethod 2790 0x0000025ded9c2a90 code [0x0000025ded9c2c80, 0x0000025ded9c30a8]
Event: 13.363 Thread 0x0000025d87dd6800 2791       4       com.android.tools.tracer.agent.objectweb.asm.ClassWriter::toByteArray (1535 bytes)

GC Heap History (10 events):
Event: 1.784 GC heap before
{Heap before GC invocations=0 (full 0):
 garbage-first heap   total 131072K, used 14336K [0x0000000080000000, 0x0000000100000000)
  region size 1024K, 14 young (14336K), 0 survivors (0K)
 Metaspace       used 8276K, capacity 8378K, committed 8448K, reserved 1056768K
  class space    used 716K, capacity 747K, committed 768K, reserved 1048576K
}
Event: 1.797 GC heap after
{Heap after GC invocations=1 (full 0):
 garbage-first heap   total 131072K, used 1623K [0x0000000080000000, 0x0000000100000000)
  region size 1024K, 2 young (2048K), 2 survivors (2048K)
 Metaspace       used 8276K, capacity 8378K, committed 8448K, reserved 1056768K
  class space    used 716K, capacity 747K, committed 768K, reserved 1048576K
}
Event: 4.729 GC heap before
{Heap before GC invocations=1 (full 0):
 garbage-first heap   total 131072K, used 82519K [0x0000000080000000, 0x0000000100000000)
  region size 1024K, 76 young (77824K), 2 survivors (2048K)
 Metaspace       used 12488K, capacity 12743K, committed 12928K, reserved 1060864K
  class space    used 1251K, capacity 1356K, committed 1408K, reserved 1048576K
}
Event: 4.742 GC heap after
{Heap after GC invocations=2 (full 0):
 garbage-first heap   total 131072K, used 9789K [0x0000000080000000, 0x0000000100000000)
  region size 1024K, 7 young (7168K), 7 survivors (7168K)
 Metaspace       used 12488K, capacity 12743K, committed 12928K, reserved 1060864K
  class space    used 1251K, capacity 1356K, committed 1408K, reserved 1048576K
}
Event: 6.554 GC heap before
{Heap before GC invocations=2 (full 0):
 garbage-first heap   total 131072K, used 80445K [0x0000000080000000, 0x0000000100000000)
  region size 1024K, 76 young (77824K), 7 survivors (7168K)
 Metaspace       used 14611K, capacity 14970K, committed 15232K, reserved 1062912K
  class space    used 1531K, capacity 1651K, committed 1664K, reserved 1048576K
}
Event: 6.567 GC heap after
{Heap after GC invocations=3 (full 0):
 garbage-first heap   total 131072K, used 15253K [0x0000000080000000, 0x0000000100000000)
  region size 1024K, 10 young (10240K), 10 survivors (10240K)
 Metaspace       used 14611K, capacity 14970K, committed 15232K, reserved 1062912K
  class space    used 1531K, capacity 1651K, committed 1664K, reserved 1048576K
}
Event: 11.409 GC heap before
{Heap before GC invocations=3 (full 0):
 garbage-first heap   total 131072K, used 82837K [0x0000000080000000, 0x0000000100000000)
  region size 1024K, 76 young (77824K), 10 survivors (10240K)
 Metaspace       used 18666K, capacity 19029K, committed 19200K, reserved 1067008K
  class space    used 2099K, capacity 2239K, committed 2304K, reserved 1048576K
}
Event: 11.534 GC heap after
{Heap after GC invocations=4 (full 0):
 garbage-first heap   total 131072K, used 16558K [0x0000000080000000, 0x0000000100000000)
  region size 1024K, 7 young (7168K), 7 survivors (7168K)
 Metaspace       used 18666K, capacity 19029K, committed 19200K, reserved 1067008K
  class space    used 2099K, capacity 2239K, committed 2304K, reserved 1048576K
}
Event: 12.629 GC heap before
{Heap before GC invocations=4 (full 0):
 garbage-first heap   total 131072K, used 58542K [0x0000000080000000, 0x0000000100000000)
  region size 1024K, 49 young (50176K), 7 survivors (7168K)
 Metaspace       used 20827K, capacity 21217K, committed 21248K, reserved 1069056K
  class space    used 2397K, capacity 2544K, committed 2560K, reserved 1048576K
}
Event: 12.639 GC heap after
{Heap after GC invocations=5 (full 0):
 garbage-first heap   total 131072K, used 17632K [0x0000000080000000, 0x0000000100000000)
  region size 1024K, 2 young (2048K), 2 survivors (2048K)
 Metaspace       used 20827K, capacity 21217K, committed 21248K, reserved 1069056K
  class space    used 2397K, capacity 2544K, committed 2560K, reserved 1048576K
}

Deoptimization events (20 events):
Event: 12.516 Thread 0x0000025d893f0800 DEOPT PACKING pc=0x0000025df49eb6a4 sp=0x000000edf92fc2a0
Event: 12.516 Thread 0x0000025d893f0800 DEOPT UNPACKING pc=0x0000025dece4a1af sp=0x000000edf92fc238 mode 2
Event: 12.516 Thread 0x0000025d893f0800 Uncommon trap: trap_request=0xffffffc6 fr.pc=0x0000025df49ebd64 relative=0x0000000000000124
Event: 12.516 Thread 0x0000025d893f0800 Uncommon trap: reason=bimorphic_or_optimized_type_check action=maybe_recompile pc=0x0000025df49ebd64 method=java.util.AbstractList$Itr.next()Ljava/lang/Object; @ 14 c2
Event: 12.516 Thread 0x0000025d893f0800 DEOPT PACKING pc=0x0000025df49ebd64 sp=0x000000edf92fc290
Event: 12.516 Thread 0x0000025d893f0800 DEOPT UNPACKING pc=0x0000025dece4a1af sp=0x000000edf92fc228 mode 2
Event: 12.516 Thread 0x0000025d893f0800 Uncommon trap: trap_request=0xffffff4d fr.pc=0x0000025df49d39e0 relative=0x0000000000000520
Event: 12.516 Thread 0x0000025d893f0800 Uncommon trap: reason=unstable_if action=reinterpret pc=0x0000025df49d39e0 method=java.io.File.getName()Ljava/lang/String; @ 16 c2
Event: 12.516 Thread 0x0000025d893f0800 DEOPT PACKING pc=0x0000025df49d39e0 sp=0x000000edf92fcda0
Event: 12.516 Thread 0x0000025d893f0800 DEOPT UNPACKING pc=0x0000025dece4a1af sp=0x000000edf92fcd70 mode 2
Event: 12.622 Thread 0x0000025d893f0800 Uncommon trap: trap_request=0xffffff4d fr.pc=0x0000025df4a5fcf8 relative=0x0000000000000138
Event: 12.622 Thread 0x0000025d893f0800 Uncommon trap: reason=unstable_if action=reinterpret pc=0x0000025df4a5fcf8 method=com.android.tools.tracer.agent.objectweb.asm.commons.AdviceAdapter.visitJumpInsn(ILcom/android/tools/tracer/agent/objectweb/asm/Label;)V @ 21 c2
Event: 12.622 Thread 0x0000025d893f0800 DEOPT PACKING pc=0x0000025df4a5fcf8 sp=0x000000edf92f7060
Event: 12.622 Thread 0x0000025d893f0800 DEOPT UNPACKING pc=0x0000025dece4a1af sp=0x000000edf92f7008 mode 2
Event: 12.688 Thread 0x0000025d893f0800 DEOPT PACKING pc=0x0000025ded90d3a7 sp=0x000000edf92f8ea0
Event: 12.688 Thread 0x0000025d893f0800 DEOPT UNPACKING pc=0x0000025dece4a95e sp=0x000000edf92f8520 mode 0
Event: 13.032 Thread 0x0000025d893f0800 DEOPT PACKING pc=0x0000025ded90d3a7 sp=0x000000edf92f84e0
Event: 13.032 Thread 0x0000025d893f0800 DEOPT UNPACKING pc=0x0000025dece4a95e sp=0x000000edf92f7b60 mode 0
Event: 13.363 Thread 0x0000025d893f0800 DEOPT PACKING pc=0x0000025ded51f3ca sp=0x000000edf92f5890
Event: 13.363 Thread 0x0000025d893f0800 DEOPT UNPACKING pc=0x0000025dece4a95e sp=0x000000edf92f4e60 mode 0

Classes redefined (0 events):
No events

Internal exceptions (20 events):
Event: 1.228 Thread 0x0000025de92d3800 Exception <a 'sun/nio/fs/WindowsException'{0x0000000087d2be50}> (0x0000000087d2be50) thrown at [src/hotspot/share/prims/jni.cpp, line 617]
Event: 1.893 Thread 0x0000025de92d3800 Exception <a 'java/lang/NoSuchMethodError'{0x0000000087fc8f20}: 'int java.lang.invoke.DirectMethodHandle$Holder.invokeStaticInit(java.lang.Object, java.lang.Object)'> (0x0000000087fc8f20) thrown at [src/hotspot/share/interpreter/linkResolver.cpp, line 773]
Event: 2.116 Thread 0x0000025de92d3800 Exception <a 'java/lang/NoSuchMethodError'{0x0000000087ad5e98}: 'int java.lang.invoke.DirectMethodHandle$Holder.invokeSpecial(java.lang.Object, java.lang.Object, java.lang.Object, java.lang.Object)'> (0x0000000087ad5e98) thrown at [src/hotspot/share/interpreter/linkResolver.cpp, line 773]
Event: 2.142 Thread 0x0000025de92d3800 Exception <a 'java/lang/NoSuchMethodError'{0x000000008797fa08}: 'int java.lang.invoke.DirectMethodHandle$Holder.invokeSpecialIFC(java.lang.Object, java.lang.Object, int)'> (0x000000008797fa08) thrown at [src/hotspot/share/interpreter/linkResolver.cpp, line 773]
Event: 3.290 Thread 0x0000025de92d3800 Exception <a 'java/lang/NoClassDefFoundError'{0x00000000868fcf00}: org/slf4j/impl/StaticMarkerBinder> (0x00000000868fcf00) thrown at [src/hotspot/share/classfile/systemDictionary.cpp, line 219]
Event: 3.576 Thread 0x0000025de92d3800 Exception <a 'java/lang/NoSuchMethodError'{0x0000000085a4e9c8}: 'java.lang.Object java.lang.invoke.DirectMethodHandle$Holder.invokeVirtual(java.lang.Object, java.lang.Object, java.lang.Object, java.lang.Object, java.lang.Object, java.lang.Object, java.lang.Object)'> (0x0000000085a4e9c8) thrown at [src/hotspot/share/interpreter/linkResolver.cpp, line 773]
Event: 3.580 Thread 0x0000025de92d3800 Exception <a 'java/lang/NoSuchMethodError'{0x0000000085a79100}: 'java.lang.Object java.lang.invoke.Invokers$Holder.invoker(java.lang.Object, java.lang.Object, java.lang.Object)'> (0x0000000085a79100) thrown at [src/hotspot/share/interpreter/linkResolver.cpp, line 773]
Event: 3.588 Thread 0x0000025de92d3800 Exception <a 'java/lang/NoSuchMethodError'{0x0000000085adbcc0}: 'void java.lang.invoke.DelegatingMethodHandle$Holder.delegate(java.lang.Object, java.lang.Object, int, java.lang.Object)'> (0x0000000085adbcc0) thrown at [src/hotspot/share/interpreter/linkResolver.cpp, line 773]
Event: 5.793 Thread 0x0000025de92d3800 Exception <a 'java/security/PrivilegedActionException'{0x000000008637db68}> (0x000000008637db68) thrown at [src/hotspot/share/prims/jvm.cpp, line 1306]
Event: 5.793 Thread 0x0000025de92d3800 Exception <a 'java/security/PrivilegedActionException'{0x000000008637e0e0}> (0x000000008637e0e0) thrown at [src/hotspot/share/prims/jvm.cpp, line 1306]
Event: 7.484 Thread 0x0000025de92d3800 Exception <a 'java/lang/NoSuchMethodError'{0x0000000086629718}: 'java.lang.Object java.lang.invoke.DirectMethodHandle$Holder.invokeStaticInit(java.lang.Object, int, int, int, int)'> (0x0000000086629718) thrown at [src/hotspot/share/interpreter/linkResolver.cpp, line 773]
Event: 8.424 Thread 0x0000025de92d3800 Exception <a 'java/lang/NoSuchMethodError'{0x000000008645efb8}: 'java.lang.Object java.lang.invoke.DirectMethodHandle$Holder.invokeStaticInit(java.lang.Object, java.lang.Object, int, int, int, int)'> (0x000000008645efb8) thrown at [src/hotspot/share/interpreter/linkResolver.cpp, line 773]
Event: 9.572 Thread 0x0000025de92d3800 Exception <a 'java/io/IOException'{0x00000000859d1a68}> (0x00000000859d1a68) thrown at [src/hotspot/share/prims/jni.cpp, line 617]
Event: 10.455 Thread 0x0000025d893f0800 Exception <a 'java/lang/NoSuchMethodError'{0x0000000084250da8}: 'long java.lang.invoke.DirectMethodHandle$Holder.invokeInterface(java.lang.Object, java.lang.Object)'> (0x0000000084250da8) thrown at [src/hotspot/share/interpreter/linkResolver.cpp, line 773]
Event: 10.461 Thread 0x0000025d893f0800 Exception <a 'java/lang/NoSuchMethodError'{0x000000008425f390}: 'void java.lang.invoke.DelegatingMethodHandle$Holder.reinvoke_L(java.lang.Object, java.lang.Object, java.lang.Object, java.lang.Object, java.lang.Object, java.lang.Object, java.lang.Object)'> (0x000000008425f390) thrown at [src/hotspot/share/interpreter/linkResolver.cpp, line 773]
Event: 11.989 Thread 0x0000025d893f0800 Exception <a 'java/lang/NoSuchMethodError'{0x000000008732c4c8}: 'void java.lang.invoke.DirectMethodHandle$Holder.invokeStaticInit(java.lang.Object)'> (0x000000008732c4c8) thrown at [src/hotspot/share/interpreter/linkResolver.cpp, line 773]
Event: 12.038 Thread 0x0000025d893f0800 Exception <a 'java/lang/NoSuchMethodError'{0x00000000871f9010}: 'java.lang.Object java.lang.invoke.DirectMethodHandle$Holder.invokeStatic(java.lang.Object, java.lang.Object, java.lang.Object, int)'> (0x00000000871f9010) thrown at [src/hotspot/share/interpreter/linkResolver.cpp, line 773]
Event: 12.039 Thread 0x0000025d893f0800 Exception <a 'java/lang/NoSuchMethodError'{0x00000000871fd1d8}: 'java.lang.Object java.lang.invoke.DirectMethodHandle$Holder.invokeSpecial(java.lang.Object, java.lang.Object, java.lang.Object, java.lang.Object, int)'> (0x00000000871fd1d8) thrown at [src/hotspot/share/interpreter/linkResolver.cpp, line 773]
Event: 12.039 Thread 0x0000025d893f0800 Exception <a 'java/lang/NoSuchMethodError'{0x0000000087001068}: 'java.lang.Object java.lang.invoke.Invokers$Holder.linkToTargetMethod(java.lang.Object, java.lang.Object, int, java.lang.Object)'> (0x0000000087001068) thrown at [src/hotspot/share/interpreter/linkResolver.cpp, line 773]
Event: 12.671 Thread 0x0000025d893f0800 Exception <a 'java/lang/NoSuchMethodError'{0x0000000087e93ad8}: 'java.lang.Object java.lang.invoke.Invokers$Holder.linkToTargetMethod(java.lang.Object, java.lang.Object, java.lang.Object, java.lang.Object, java.lang.Object, java.lang.Object)'> (0x0000000087e93ad8) thrown at [src/hotspot/share/interpreter/linkResolver.cpp, line 773]

Events (20 events):
Event: 13.351 loading class com/google/common/collect/MapMakerInternalMap$Strength$1
Event: 13.351 loading class com/google/common/collect/MapMakerInternalMap$Strength$1 done
Event: 13.351 loading class com/google/common/collect/MapMakerInternalMap$Strength$2
Event: 13.351 loading class com/google/common/collect/MapMakerInternalMap$Strength$2 done
Event: 13.352 loading class com/google/common/collect/Interners$InternerImpl
Event: 13.352 loading class com/google/common/collect/Interners$InternerImpl done
Event: 13.353 loading class com/google/common/collect/MapMakerInternalMap
Event: 13.353 loading class com/google/common/collect/MapMakerInternalMap done
Event: 13.356 loading class com/google/common/collect/MapMakerInternalMap$InternalEntryHelper
Event: 13.356 loading class com/google/common/collect/MapMakerInternalMap$InternalEntryHelper done
Event: 13.357 loading class com/google/common/collect/MapMakerInternalMap$WeakValueReference
Event: 13.357 loading class com/google/common/collect/MapMakerInternalMap$WeakValueReference done
Event: 13.358 loading class com/google/common/collect/MapMakerInternalMap$1
Event: 13.358 loading class com/google/common/collect/MapMakerInternalMap$1 done
Event: 13.359 loading class com/google/common/collect/MapMakerInternalMap$InternalEntry
Event: 13.359 loading class com/google/common/collect/MapMakerInternalMap$InternalEntry done
Event: 13.360 loading class com/google/common/collect/MapMakerInternalMap$WeakKeyDummyValueEntry$Helper
Event: 13.360 loading class com/google/common/collect/MapMakerInternalMap$WeakKeyDummyValueEntry$Helper done
Event: 13.361 loading class com/google/common/collect/MapMakerInternalMap$Segment
Event: 13.361 loading class com/google/common/collect/MapMakerInternalMap$Segment done


Dynamic libraries:
0x00007ff6f0290000 - 0x00007ff6f029a000 	C:\Program Files\Android\Android Studio\jbr\bin\java.exe
0x00007ffb9f8f0000 - 0x00007ffb9fae8000 	C:\WINDOWS\SYSTEM32\ntdll.dll
0x00007ffb9f460000 - 0x00007ffb9f51f000 	C:\WINDOWS\System32\KERNEL32.DLL
0x00007ffb9d070000 - 0x00007ffb9d366000 	C:\WINDOWS\System32\KERNELBASE.dll
0x00007ffb9d650000 - 0x00007ffb9d750000 	C:\WINDOWS\System32\ucrtbase.dll
0x00007ffb7f560000 - 0x00007ffb7f577000 	C:\Program Files\Android\Android Studio\jbr\bin\jli.dll
0x00007ffb9f520000 - 0x00007ffb9f6bd000 	C:\WINDOWS\System32\USER32.dll
0x00007ffb9d920000 - 0x00007ffb9d942000 	C:\WINDOWS\System32\win32u.dll
0x00007ffb9f290000 - 0x00007ffb9f2bc000 	C:\WINDOWS\System32\GDI32.dll
0x00007ffb9d800000 - 0x00007ffb9d915000 	C:\WINDOWS\System32\gdi32full.dll
0x00007ffb9cfd0000 - 0x00007ffb9d06d000 	C:\WINDOWS\System32\msvcp_win.dll
0x00007ffb750a0000 - 0x00007ffb750bb000 	C:\Program Files\Android\Android Studio\jbr\bin\VCRUNTIME140.dll
0x00007ffb84250000 - 0x00007ffb844ea000 	C:\WINDOWS\WinSxS\amd64_microsoft.windows.common-controls_6595b64144ccf1df_6.0.19041.1110_none_60b5254171f9507e\COMCTL32.dll
0x00007ffb9eb10000 - 0x00007ffb9ebae000 	C:\WINDOWS\System32\msvcrt.dll
0x00007ffb9da00000 - 0x00007ffb9da30000 	C:\WINDOWS\System32\IMM32.DLL
0x00007ffb888c0000 - 0x00007ffb888cc000 	C:\Program Files\Android\Android Studio\jbr\bin\vcruntime140_1.dll
0x00007ffb3b100000 - 0x00007ffb3b18d000 	C:\Program Files\Android\Android Studio\jbr\bin\msvcp140.dll
0x00007ffb38560000 - 0x00007ffb3911c000 	C:\Program Files\Android\Android Studio\jbr\bin\server\jvm.dll
0x00007ffb9d950000 - 0x00007ffb9d9ff000 	C:\WINDOWS\System32\ADVAPI32.dll
0x00007ffb9dfe0000 - 0x00007ffb9e07c000 	C:\WINDOWS\System32\sechost.dll
0x00007ffb9f2c0000 - 0x00007ffb9f3e6000 	C:\WINDOWS\System32\RPCRT4.dll
0x00007ffb9e200000 - 0x00007ffb9e208000 	C:\WINDOWS\System32\PSAPI.DLL
0x00007ffb983e0000 - 0x00007ffb983e9000 	C:\WINDOWS\SYSTEM32\WSOCK32.dll
0x00007ffb9f3f0000 - 0x00007ffb9f45b000 	C:\WINDOWS\System32\WS2_32.dll
0x00007ffb90b00000 - 0x00007ffb90b0a000 	C:\WINDOWS\SYSTEM32\VERSION.dll
0x00007ffb8de90000 - 0x00007ffb8deb7000 	C:\WINDOWS\SYSTEM32\WINMM.dll
0x00007ffb9b7e0000 - 0x00007ffb9b7f2000 	C:\WINDOWS\SYSTEM32\kernel.appcore.dll
0x00007ffb8cc30000 - 0x00007ffb8cc40000 	C:\Program Files\Android\Android Studio\jbr\bin\verify.dll
0x00007ffb8cde0000 - 0x00007ffb8cfc4000 	C:\WINDOWS\SYSTEM32\DBGHELP.DLL
0x00007ffb8cda0000 - 0x00007ffb8cdd4000 	C:\WINDOWS\SYSTEM32\dbgcore.DLL
0x00007ffb9d410000 - 0x00007ffb9d492000 	C:\WINDOWS\System32\bcryptPrimitives.dll
0x00007ffb85e90000 - 0x00007ffb85eb8000 	C:\Program Files\Android\Android Studio\jbr\bin\java.dll
0x00007ffb85e80000 - 0x00007ffb85e8a000 	C:\Program Files\Android\Android Studio\jbr\bin\jimage.dll
0x00007ffb81bd0000 - 0x00007ffb81bde000 	C:\Program Files\Android\Android Studio\jbr\bin\instrument.dll
0x00007ffb7f540000 - 0x00007ffb7f558000 	C:\Program Files\Android\Android Studio\jbr\bin\zip.dll
0x00007ffb9e3c0000 - 0x00007ffb9eb04000 	C:\WINDOWS\System32\SHELL32.dll
0x00007ffb9aa00000 - 0x00007ffb9b193000 	C:\WINDOWS\SYSTEM32\windows.storage.dll
0x00007ffb9db20000 - 0x00007ffb9de74000 	C:\WINDOWS\System32\combase.dll
0x00007ffb9c870000 - 0x00007ffb9c89e000 	C:\WINDOWS\SYSTEM32\Wldp.dll
0x00007ffb9de80000 - 0x00007ffb9df2d000 	C:\WINDOWS\System32\SHCORE.dll
0x00007ffb9da30000 - 0x00007ffb9da85000 	C:\WINDOWS\System32\shlwapi.dll
0x00007ffb9cf10000 - 0x00007ffb9cf2f000 	C:\WINDOWS\SYSTEM32\profapi.dll
0x00007ffb7eeb0000 - 0x00007ffb7eeba000 	C:\Program Files\Android\Android Studio\jbr\bin\management.dll
0x00007ffb7eea0000 - 0x00007ffb7eeab000 	C:\Program Files\Android\Android Studio\jbr\bin\management_ext.dll
0x00007ffb7f520000 - 0x00007ffb7f539000 	C:\Program Files\Android\Android Studio\jbr\bin\net.dll
0x00007ffb91f60000 - 0x00007ffb9206a000 	C:\WINDOWS\SYSTEM32\WINHTTP.dll
0x00007ffb9c650000 - 0x00007ffb9c6ba000 	C:\WINDOWS\system32\mswsock.dll
0x00007ffb7f500000 - 0x00007ffb7f513000 	C:\Program Files\Android\Android Studio\jbr\bin\nio.dll
0x00007ffb7ee80000 - 0x00007ffb7ee97000 	C:\WINDOWS\system32\napinsp.dll
0x00007ffb7ee60000 - 0x00007ffb7ee7b000 	C:\WINDOWS\system32\pnrpnsp.dll
0x00007ffb88ac0000 - 0x00007ffb88ad5000 	C:\WINDOWS\system32\wshbth.dll
0x00007ffb98320000 - 0x00007ffb9833d000 	C:\WINDOWS\system32\NLAapi.dll
0x00007ffb9c360000 - 0x00007ffb9c39c000 	C:\WINDOWS\SYSTEM32\IPHLPAPI.DLL
0x00007ffb9c3a0000 - 0x00007ffb9c46b000 	C:\WINDOWS\SYSTEM32\DNSAPI.dll
0x00007ffb9e3a0000 - 0x00007ffb9e3a8000 	C:\WINDOWS\System32\NSI.dll
0x00007ffb7ee40000 - 0x00007ffb7ee52000 	C:\WINDOWS\System32\winrnr.dll
0x00007ffb90c40000 - 0x00007ffb90c4a000 	C:\Windows\System32\rasadhlp.dll
0x00007ffb91ae0000 - 0x00007ffb91b62000 	C:\WINDOWS\System32\fwpuclnt.dll
0x00007ffb9d370000 - 0x00007ffb9d397000 	C:\WINDOWS\System32\bcrypt.dll
0x00007ffb8cc90000 - 0x00007ffb8ccb7000 	C:\Users\shahzaib lptp\AndroidStudioProjects\loginsqlite\native\e1d6ef7f7dcc3fd88c89a11ec53ec762bb8ba0a96d01ffa2cd45eb1d1d8dd5c5\windows-amd64\native-platform.dll
0x00007ffb38130000 - 0x00007ffb38274000 	C:\Users\shahzaib lptp\AndroidStudioProjects\loginsqlite\native\0d407fdbe67a94daf76414ababcb853783967236a71b16ec16e742cd7a986fd3\windows-amd64\native-platform-file-events.dll
0x00007ffb9cbb0000 - 0x00007ffb9cbc8000 	C:\WINDOWS\SYSTEM32\CRYPTSP.dll
0x00007ffb9bf90000 - 0x00007ffb9bfc4000 	C:\WINDOWS\system32\rsaenh.dll
0x00007ffb9ced0000 - 0x00007ffb9cefe000 	C:\WINDOWS\SYSTEM32\USERENV.dll
0x00007ffb9c7e0000 - 0x00007ffb9c7ec000 	C:\WINDOWS\SYSTEM32\CRYPTBASE.dll
0x00007ffb92180000 - 0x00007ffb92197000 	C:\WINDOWS\SYSTEM32\dhcpcsvc6.DLL
0x00007ffb923c0000 - 0x00007ffb923dd000 	C:\WINDOWS\SYSTEM32\dhcpcsvc.DLL

dbghelp: loaded successfully - version: 4.0.5 - missing functions: none
symbol engine: initialized successfully - sym options: 0x614 - pdb path: .;C:\Program Files\Android\Android Studio\jbr\bin;C:\WINDOWS\SYSTEM32;C:\WINDOWS\WinSxS\amd64_microsoft.windows.common-controls_6595b64144ccf1df_6.0.19041.1110_none_60b5254171f9507e;C:\Program Files\Android\Android Studio\jbr\bin\server;C:\Users\shahzaib lptp\AndroidStudioProjects\loginsqlite\native\e1d6ef7f7dcc3fd88c89a11ec53ec762bb8ba0a96d01ffa2cd45eb1d1d8dd5c5\windows-amd64;C:\Users\shahzaib lptp\AndroidStudioProjects\loginsqlite\native\0d407fdbe67a94daf76414ababcb853783967236a71b16ec16e742cd7a986fd3\windows-amd64

VM Arguments:
jvm_args: -javaagent:C:\Program Files\Android\Android Studio\plugins\android\resources\trace_agent.jar=C:\Users\SHAHZA~1\AppData\Local\Temp\sync.trace.profile --add-opens=java.base/java.util=ALL-UNNAMED --add-opens=java.base/java.lang=ALL-UNNAMED --add-opens=java.base/java.lang.invoke=ALL-UNNAMED --add-opens=java.base/java.util=ALL-UNNAMED --add-opens=java.prefs/java.util.prefs=ALL-UNNAMED --add-opens=java.prefs/java.util.prefs=ALL-UNNAMED --add-opens=java.base/java.nio.charset=ALL-UNNAMED --add-opens=java.base/java.net=ALL-UNNAMED --add-opens=java.base/java.util.concurrent.atomic=ALL-UNNAMED -Xmx2048m -Dfile.encoding=UTF-8 -Duser.country=US -Duser.language=en -Duser.variant 
java_command: org.gradle.launcher.daemon.bootstrap.GradleDaemon 7.5
java_class_path (initial): C:\Users\shahzaib lptp\AndroidStudioProjects\loginsqlite\wrapper\dists\gradle-7.5-bin\f1w0cc9nuo0eivz97x2xlu9sv\gradle-7.5\lib\gradle-launcher-7.5.jar
Launcher Type: SUN_STANDARD

[Global flags]
     intx CICompilerCount                          = 3                                         {product} {ergonomic}
     uint ConcGCThreads                            = 1                                         {product} {ergonomic}
     uint G1ConcRefinementThreads                  = 4                                         {product} {ergonomic}
   size_t G1HeapRegionSize                         = 1048576                                   {product} {ergonomic}
    uintx GCDrainStackTargetSize                   = 64                                        {product} {ergonomic}
   size_t InitialHeapSize                          = 134217728                                 {product} {ergonomic}
   size_t MarkStackSize                            = 4194304                                   {product} {ergonomic}
   size_t MaxHeapSize                              = 2147483648                                {product} {command line}
   size_t MaxNewSize                               = 1287651328                                {product} {ergonomic}
   size_t MinHeapDeltaBytes                        = 1048576                                   {product} {ergonomic}
    uintx NonNMethodCodeHeapSize                   = 5830732                                {pd product} {ergonomic}
    uintx NonProfiledCodeHeapSize                  = 122913754                              {pd product} {ergonomic}
    uintx ProfiledCodeHeapSize                     = 122913754                              {pd product} {ergonomic}
    uintx ReservedCodeCacheSize                    = 251658240                              {pd product} {ergonomic}
     bool SegmentedCodeCache                       = true                                      {product} {ergonomic}
     bool UseCompressedClassPointers               = true                                 {lp64_product} {ergonomic}
     bool UseCompressedOops                        = true                                 {lp64_product} {ergonomic}
     bool UseG1GC                                  = true                                      {product} {ergonomic}
     bool UseLargePagesIndividualAllocation        = false                                  {pd product} {ergonomic}

Logging:
Log output configuration:
 #0: stdout all=warning uptime,level,tags
 #1: stderr all=off uptime,level,tags

Environment Variables:
PATH=C:\Program Files\Python310\Scripts\;C:\Program Files\Python310\;C:\Program Files\Common Files\Oracle\Java\javapath;C:\app\bin;C:\app\shahzaiblptp\product\11.2.0\dbhome_1\bin;C:\WINDOWS\system32;C:\WINDOWS;C:\WINDOWS\System32\Wbem;C:\WINDOWS\System32\WindowsPowerShell\v1.0\;c:\Program Files (x86)\Microsoft SQL Server\100\Tools\Binn\;c:\Program Files\Microsoft SQL Server\100\Tools\Binn\;c:\Program Files\Microsoft SQL Server\100\DTS\Binn\;C:\WINDOWS\System32\OpenSSH\;C:\ProgramData\chocolatey\bin;%JAVA_HOME%\bin;C:\Program Files\Git\cmd;C:\Users\shahzaib lptp\AppData\Local\Microsoft\WindowsApps;C:\Program Files\JetBrains\IntelliJ IDEA Community Edition 2021.3\bin;;C:\Program Files\Python310\PyCharm Community Edition 2022.1\bin;;C:\Users\shahzaib lptp\AppData\Local\Programs\Microsoft VS Code\bin;C:\Program Files\flutter\bin;C:\src\flutter\bin;C:\Program Files\Android\Android Studio\bin;
USERNAME=shahzaib lptp
OS=Windows_NT
PROCESSOR_IDENTIFIER=Intel64 Family 6 Model 69 Stepping 1, GenuineIntel



---------------  S Y S T E M  ---------------

OS: Windows 10 , 64 bit Build 19041 (10.0.19041.2913)
OS uptime: 0 days 4:01 hours
Hyper-V role detected

CPU:total 4 (initial active 4) (2 cores per cpu, 2 threads per core) family 6 model 69 stepping 1 microcode 0x26, cmov, cx8, fxsr, mmx, sse, sse2, sse3, ssse3, sse4.1, sse4.2, popcnt, avx, avx2, aes, clmul, erms, lzcnt, ht, tsc, tscinvbit, bmi1, bmi2, fma

Memory: 4k page, system-wide physical 8073M (403M free)
TotalPageFile size 10073M (AvailPageFile size 2M)
current process WorkingSet (physical memory assigned to process): 225M, peak: 235M
current process commit charge ("private bytes"): 279M, peak: 298M

vm_info: OpenJDK 64-Bit Server VM (11.0.15+0-b2043.56-9505619) for windows-amd64 JRE (11.0.15+0-b2043.56-9505619), built on Jan 19 2023 02:48:00 by "builduser" with unknown MS VC++:1929

END.
