#
# There is insufficient memory for the Java Runtime Environment to continue.
# Native memory allocation (malloc) failed to allocate 1048576 bytes for AllocateHeap
# Possible reasons:
#   The system is out of physical RAM or swap space
#   The process is running with CompressedOops enabled, and the Java Heap may be blocking the growth of the native heap
# Possible solutions:
#   Reduce memory load on the system
#   Increase physical memory or swap space
#   Check if swap backing store is full
#   Decrease Java heap size (-Xmx/-Xms)
#   Decrease number of Java threads
#   Decrease Java thread stack sizes (-Xss)
#   Set larger code cache with -XX:ReservedCodeCacheSize=
#   JVM is running with Unscaled Compressed Oops mode in which the Java heap is
#     placed in the first 4GB address space. The Java Heap base address is the
#     maximum limit for the native heap growth. Please use -XX:HeapBaseMinAddress
#     to set the Java Heap base and to place the Java Heap above 4GB virtual address.
# This output file may be truncated or incomplete.
#
#  Out of Memory Error (src/hotspot/share/memory/allocation.cpp:46), pid=5000, tid=7100
#
# JRE version: OpenJDK Runtime Environment (11.0.15) (build 11.0.15+0-b2043.56-9505619)
# Java VM: OpenJDK 64-Bit Server VM (11.0.15+0-b2043.56-9505619, mixed mode, tiered, compressed oops, g1 gc, windows-amd64)
# No core dump will be written. Minidumps are not enabled by default on client versions of Windows
#

---------------  S U M M A R Y ------------

Command Line: --add-opens=java.base/java.util.concurrent.atomic=ALL-UNNAMED -javaagent:C:\Program Files\Android\Android Studio\plugins\android\resources\trace_agent.jar=C:\Users\SHAHZA~1\AppData\Local\Temp\sync.trace.profile --add-opens=java.base/java.util=ALL-UNNAMED --add-opens=java.base/java.lang=ALL-UNNAMED --add-opens=java.base/java.lang.invoke=ALL-UNNAMED --add-opens=java.prefs/java.util.prefs=ALL-UNNAMED --add-opens=java.base/java.nio.charset=ALL-UNNAMED --add-opens=java.base/java.net=ALL-UNNAMED --add-opens=java.base/java.util.concurrent.atomic=ALL-UNNAMED -Xmx2048m -Dfile.encoding=UTF-8 -Duser.country=US -Duser.language=en -Duser.variant -javaagent:C:\Users\shahzaib lptp\AndroidStudioProjects\loginsqlite\wrapper\dists\gradle-8.3-rc-1-bin\3lbs5z64xhcdp1uarsx2vp16o\gradle-8.3-rc-1\lib\agents\gradle-instrumentation-agent-8.3.jar org.gradle.launcher.daemon.bootstrap.GradleDaemon 8.3-rc-1

Host: Intel(R) Core(TM) i5-4310U CPU @ 2.00GHz, 4 cores, 7G,  Windows 10 , 64 bit Build 19041 (10.0.19041.3031)
Time: Fri Jul 28 01:09:57 2023 Pakistan Standard Time elapsed time: 26.055137 seconds (0d 0h 0m 26s)

---------------  T H R E A D  ---------------

Current thread (0x0000025656e66000):  VMThread "VM Thread" [stack: 0x0000008c88300000,0x0000008c88400000] [id=7100]

Stack: [0x0000008c88300000,0x0000008c88400000]
[error occurred during error reporting (printing stack bounds), id 0xc0000005, EXCEPTION_ACCESS_VIOLATION (0xc0000005) at pc=0x0000025640d8112d]

Native frames: (J=compiled Java code, j=interpreted, Vv=VM code, C=native code)
V  [jvm.dll+0x64135a]
V  [jvm.dll+0x7d39f9]
V  [jvm.dll+0x7d51b9]
V  [jvm.dll+0x7d5805]
V  [jvm.dll+0x7d57bb]
V  [jvm.dll+0x640655]
V  [jvm.dll+0x640d68]
C  [ntdll.dll+0xa247f]
C  [ntdll.dll+0x514f4]
C  [ntdll.dll+0xa0f8e]
C  0x0000025640d8112d

VM_Operation (0x0000008c897eb8a0): CollectForMetadataAllocation, mode: safepoint, requested by thread 0x000002565b510800


---------------  P R O C E S S  ---------------

Threads class SMR info:
_java_thread_list=0x000002565b160620, length=41, elements={
0x000002563d255800, 0x0000025656e68000, 0x0000025656e71800, 0x0000025656e86000,
0x0000025656e88000, 0x0000025656e89000, 0x0000025656e8c000, 0x0000025656e90800,
0x0000025656e9a000, 0x0000025656e08000, 0x000002565b980800, 0x0000025657a10800,
0x000002565d12b000, 0x000002565942a800, 0x0000025658ef4800, 0x000002565d05d800,
0x000002565b510800, 0x0000025658ac7000, 0x0000025658d73000, 0x000002565a49a000,
0x000002565b40a000, 0x000002565b409000, 0x000002565b40d000, 0x000002565b40b800,
0x000002565b40a800, 0x000002565b40e000, 0x000002565b40c800, 0x000002565b40f000,
0x000002565b40f800, 0x000002565d5ab800, 0x000002565d5aa000, 0x000002565d5ac800,
0x000002565d5ad000, 0x000002565e0cb000, 0x000002565e0c8800, 0x000002565e0c6000,
0x000002565e0ca000, 0x000002565e0c5000, 0x000002565e0cc800, 0x000002565e0c6800,
0x000002565b1c8800
}

Java Threads: ( => current thread )
  0x000002563d255800 JavaThread "main" [_thread_blocked, id=3280, stack(0x0000008c87d00000,0x0000008c87e00000)]
  0x0000025656e68000 JavaThread "Reference Handler" daemon [_thread_blocked, id=6668, stack(0x0000008c88400000,0x0000008c88500000)]
  0x0000025656e71800 JavaThread "Finalizer" daemon [_thread_blocked, id=3248, stack(0x0000008c88500000,0x0000008c88600000)]
  0x0000025656e86000 JavaThread "Signal Dispatcher" daemon [_thread_blocked, id=8236, stack(0x0000008c88600000,0x0000008c88700000)]
  0x0000025656e88000 JavaThread "Attach Listener" daemon [_thread_blocked, id=720, stack(0x0000008c88700000,0x0000008c88800000)]
  0x0000025656e89000 JavaThread "Service Thread" daemon [_thread_blocked, id=10748, stack(0x0000008c88800000,0x0000008c88900000)]
  0x0000025656e8c000 JavaThread "C2 CompilerThread0" daemon [_thread_blocked, id=9736, stack(0x0000008c88900000,0x0000008c88a00000)]
  0x0000025656e90800 JavaThread "C1 CompilerThread0" daemon [_thread_blocked, id=1368, stack(0x0000008c88a00000,0x0000008c88b00000)]
  0x0000025656e9a000 JavaThread "Sweeper thread" daemon [_thread_blocked, id=7212, stack(0x0000008c88b00000,0x0000008c88c00000)]
  0x0000025656e08000 JavaThread "Common-Cleaner" daemon [_thread_blocked, id=344, stack(0x0000008c88c00000,0x0000008c88d00000)]
  0x000002565b980800 JavaThread "Daemon health stats" [_thread_blocked, id=9516, stack(0x0000008c89100000,0x0000008c89200000)]
  0x0000025657a10800 JavaThread "Incoming local TCP Connector on port 58347" [_thread_in_native, id=14308, stack(0x0000008c88d00000,0x0000008c88e00000)]
  0x000002565d12b000 JavaThread "Daemon periodic checks" [_thread_blocked, id=3020, stack(0x0000008c89300000,0x0000008c89400000)]
  0x000002565942a800 JavaThread "Daemon" [_thread_blocked, id=6336, stack(0x0000008c89400000,0x0000008c89500000)]
  0x0000025658ef4800 JavaThread "Handler for socket connection from /127.0.0.1:58347 to /127.0.0.1:58348" [_thread_in_native, id=10456, stack(0x0000008c89500000,0x0000008c89600000)]
  0x000002565d05d800 JavaThread "Cancel handler" [_thread_blocked, id=8544, stack(0x0000008c89600000,0x0000008c89700000)]
  0x000002565b510800 JavaThread "Daemon worker" [_thread_blocked, id=13848, stack(0x0000008c89700000,0x0000008c89800000)]
  0x0000025658ac7000 JavaThread "Asynchronous log dispatcher for DefaultDaemonConnection: socket connection from /127.0.0.1:58347 to /127.0.0.1:58348" [_thread_blocked, id=12808, stack(0x0000008c89800000,0x0000008c89900000)]
  0x0000025658d73000 JavaThread "Stdin handler" [_thread_blocked, id=10436, stack(0x0000008c89900000,0x0000008c89a00000)]
  0x000002565a49a000 JavaThread "Daemon client event forwarder" [_thread_blocked, id=6468, stack(0x0000008c89a00000,0x0000008c89b00000)]
  0x000002565b40a000 JavaThread "Cache worker for journal cache (C:\Users\shahzaib lptp\AndroidStudioProjects\loginsqlite\caches\journal-1)" [_thread_blocked, id=14252, stack(0x0000008c89c00000,0x0000008c89d00000)]
  0x000002565b409000 JavaThread "File lock request listener" [_thread_in_native, id=10312, stack(0x0000008c89d00000,0x0000008c89e00000)]
  0x000002565b40d000 JavaThread "Cache worker for file hash cache (C:\Users\shahzaib lptp\AndroidStudioProjects\loginsqlite\caches\8.3-rc-1\fileHashes)" [_thread_blocked, id=9620, stack(0x0000008c89e00000,0x0000008c89f00000)]
  0x000002565b40b800 JavaThread "File watcher server" daemon [_thread_in_native, id=3164, stack(0x0000008c89f00000,0x0000008c8a000000)]
  0x000002565b40a800 JavaThread "File watcher consumer" daemon [_thread_blocked, id=2228, stack(0x0000008c8a000000,0x0000008c8a100000)]
  0x000002565b40e000 JavaThread "Cache worker for checksums cache (C:\Users\shahzaib lptp\AndroidStudioProjects\EyeonwaterApp\.gradle\8.3-rc-1\checksums)" [_thread_blocked, id=4668, stack(0x0000008c8a100000,0x0000008c8a200000)]
  0x000002565b40c800 JavaThread "Cache worker for file hash cache (C:\Users\shahzaib lptp\AndroidStudioProjects\EyeonwaterApp\.gradle\8.3-rc-1\fileHashes)" [_thread_blocked, id=13868, stack(0x0000008c8a200000,0x0000008c8a300000)]
  0x000002565b40f000 JavaThread "Cache worker for cache directory md-supplier (C:\Users\shahzaib lptp\AndroidStudioProjects\loginsqlite\caches\8.3-rc-1\md-supplier)" [_thread_blocked, id=8228, stack(0x0000008c8a300000,0x0000008c8a400000)]
  0x000002565b40f800 JavaThread "Cache worker for file content cache (C:\Users\shahzaib lptp\AndroidStudioProjects\loginsqlite\caches\8.3-rc-1\fileContent)" [_thread_blocked, id=9232, stack(0x0000008c8a400000,0x0000008c8a500000)]
  0x000002565d5ab800 JavaThread "Cache worker for cache directory md-rule (C:\Users\shahzaib lptp\AndroidStudioProjects\loginsqlite\caches\8.3-rc-1\md-rule)" [_thread_blocked, id=8224, stack(0x0000008c8a500000,0x0000008c8a600000)]
  0x000002565d5aa000 JavaThread "Cache worker for execution history cache (C:\Users\shahzaib lptp\AndroidStudioProjects\loginsqlite\caches\8.3-rc-1\executionHistory)" [_thread_blocked, id=11936, stack(0x0000008c8a600000,0x0000008c8a700000)]
  0x000002565d5ac800 JavaThread "jar transforms" [_thread_blocked, id=4948, stack(0x0000008c8a700000,0x0000008c8a800000)]
  0x000002565d5ad000 JavaThread "jar transforms Thread 2" [_thread_blocked, id=12456, stack(0x0000008c8a800000,0x0000008c8a900000)]
  0x000002565e0cb000 JavaThread "jar transforms Thread 3" [_thread_blocked, id=13356, stack(0x0000008c8a900000,0x0000008c8aa00000)]
  0x000002565e0c8800 JavaThread "jar transforms Thread 4" [_thread_blocked, id=968, stack(0x0000008c8aa00000,0x0000008c8ab00000)]
  0x000002565e0c6000 JavaThread "Cache worker for dependencies-accessors (C:\Users\shahzaib lptp\AndroidStudioProjects\EyeonwaterApp\.gradle\8.3-rc-1\dependencies-accessors)" [_thread_blocked, id=13992, stack(0x0000008c8ab00000,0x0000008c8ac00000)]
  0x000002565e0ca000 JavaThread "Cache worker for Build Output Cleanup Cache (C:\Users\shahzaib lptp\AndroidStudioProjects\EyeonwaterApp\.gradle\buildOutputCleanup)" [_thread_blocked, id=13164, stack(0x0000008c8ac00000,0x0000008c8ad00000)]
  0x000002565e0c5000 JavaThread "Unconstrained build operations" [_thread_blocked, id=10992, stack(0x0000008c8ad00000,0x0000008c8ae00000)]
  0x000002565e0cc800 JavaThread "Unconstrained build operations Thread 2" [_thread_blocked, id=7940, stack(0x0000008c8ae00000,0x0000008c8af00000)]
  0x000002565e0c6800 JavaThread "Unconstrained build operations Thread 3" [_thread_blocked, id=1188, stack(0x0000008c8af00000,0x0000008c8b000000)]
  0x000002565b1c8800 JavaThread "C2 CompilerThread1" daemon [_thread_blocked, id=7524, stack(0x0000008c89200000,0x0000008c89300000)]

Other Threads:
=>0x0000025656e66000 VMThread "VM Thread" [stack: 0x0000008c88300000,0x0000008c88400000] [id=7100]
  0x0000025658c4a000 WatcherThread [stack: 0x0000008c88e00000,0x0000008c88f00000] [id=7568]
  0x000002563d26e800 GCTaskThread "GC Thread#0" [stack: 0x0000008c87e00000,0x0000008c87f00000] [id=13964]
  0x00000256592e3000 GCTaskThread "GC Thread#1" [stack: 0x0000008c88f00000,0x0000008c89000000] [id=6268]
  0x0000025658c2e000 GCTaskThread "GC Thread#2" [stack: 0x0000008c89000000,0x0000008c89100000] [id=904]
  0x000002565c54e000 GCTaskThread "GC Thread#3" [stack: 0x0000008c89b00000,0x0000008c89c00000] [id=6568]
  0x000002563d2a0800 ConcurrentGCThread "G1 Main Marker" [stack: 0x0000008c87f00000,0x0000008c88000000] [id=9868]
  0x000002563d2a1800 ConcurrentGCThread "G1 Conc#0" [stack: 0x0000008c88000000,0x0000008c88100000] [id=5812]
  0x0000025656cc0800 ConcurrentGCThread "G1 Refine#0" [stack: 0x0000008c88100000,0x0000008c88200000] [id=13536]
  0x0000025656cc1800 ConcurrentGCThread "G1 Young RemSet Sampling" [stack: 0x0000008c88200000,0x0000008c88300000] [id=6760]

Threads with active compile tasks:
C2 CompilerThread0    26078 6532       4       com.android.tools.tracer.agent.objectweb.asm.MethodWriter::visitAnnotation (40 bytes)

VM state:at safepoint (normal execution)

VM Mutex/Monitor currently owned by a thread:  ([mutex/lock_event])
[0x000002563d251040] Threads_lock - owner thread: 0x0000025656e66000
[0x000002563d2513a0] Heap_lock - owner thread: 0x000002565b510800

Heap address: 0x0000000080000000, size: 2048 MB, Compressed Oops mode: 32-bit
Narrow klass base: 0x0000000000000000, Narrow klass shift: 3
Compressed class space size: 1073741824 Address: 0x0000000100000000

Heap:
 garbage-first heap   total 189440K, used 48767K [0x0000000080000000, 0x0000000100000000)
  region size 1024K, 13 young (13312K), 13 survivors (13312K)
 Metaspace       used 55891K, capacity 57590K, committed 57728K, reserved 1110016K
  class space    used 7086K, capacity 7705K, committed 7808K, reserved 1048576K
Heap Regions: E=young(eden), S=young(survivor), O=old, HS=humongous(starts), HC=humongous(continues), CS=collection set, F=free, A=archive, TAMS=top-at-mark-start (previous, next)
|   0|0x0000000080000000, 0x0000000080100000, 0x0000000080100000|100%|HS|  |TAMS 0x0000000080100000, 0x0000000080100000| Complete 
|   1|0x0000000080100000, 0x0000000080200000, 0x0000000080200000|100%|HC|  |TAMS 0x0000000080200000, 0x0000000080200000| Complete 
|   2|0x0000000080200000, 0x0000000080300000, 0x0000000080300000|100%|HC|  |TAMS 0x0000000080300000, 0x0000000080300000| Complete 
|   3|0x0000000080300000, 0x0000000080400000, 0x0000000080400000|100%|HC|  |TAMS 0x0000000080400000, 0x0000000080400000| Complete 
|   4|0x0000000080400000, 0x0000000080500000, 0x0000000080500000|100%| O|  |TAMS 0x0000000080500000, 0x0000000080500000| Untracked 
|   5|0x0000000080500000, 0x0000000080600000, 0x0000000080600000|100%| O|  |TAMS 0x0000000080600000, 0x0000000080600000| Untracked 
|   6|0x0000000080600000, 0x0000000080700000, 0x0000000080700000|100%| O|  |TAMS 0x0000000080700000, 0x0000000080700000| Untracked 
|   7|0x0000000080700000, 0x0000000080800000, 0x0000000080800000|100%| O|  |TAMS 0x0000000080800000, 0x0000000080800000| Untracked 
|   8|0x0000000080800000, 0x0000000080900000, 0x0000000080900000|100%| O|  |TAMS 0x0000000080900000, 0x0000000080900000| Untracked 
|   9|0x0000000080900000, 0x0000000080a00000, 0x0000000080a00000|100%| O|  |TAMS 0x0000000080a00000, 0x0000000080a00000| Untracked 
|  10|0x0000000080a00000, 0x0000000080b00000, 0x0000000080b00000|100%| O|  |TAMS 0x0000000080b00000, 0x0000000080b00000| Untracked 
|  11|0x0000000080b00000, 0x0000000080c00000, 0x0000000080c00000|100%| O|  |TAMS 0x0000000080c00000, 0x0000000080c00000| Untracked 
|  12|0x0000000080c00000, 0x0000000080d00000, 0x0000000080d00000|100%| O|  |TAMS 0x0000000080d00000, 0x0000000080d00000| Untracked 
|  13|0x0000000080d00000, 0x0000000080e00000, 0x0000000080e00000|100%| O|  |TAMS 0x0000000080e00000, 0x0000000080e00000| Untracked 
|  14|0x0000000080e00000, 0x0000000080f00000, 0x0000000080f00000|100%| O|  |TAMS 0x0000000080f00000, 0x0000000080f00000| Untracked 
|  15|0x0000000080f00000, 0x0000000081000000, 0x0000000081000000|100%| O|  |TAMS 0x0000000081000000, 0x0000000081000000| Untracked 
|  16|0x0000000081000000, 0x0000000081100000, 0x0000000081100000|100%| O|  |TAMS 0x0000000081100000, 0x0000000081100000| Untracked 
|  17|0x0000000081100000, 0x0000000081200000, 0x0000000081200000|100%| O|  |TAMS 0x0000000081178000, 0x0000000081200000| Untracked 
|  18|0x0000000081200000, 0x0000000081300000, 0x0000000081300000|100%| O|  |TAMS 0x0000000081200000, 0x0000000081300000| Untracked 
|  19|0x0000000081300000, 0x0000000081400000, 0x0000000081400000|100%| O|  |TAMS 0x0000000081300000, 0x0000000081400000| Untracked 
|  20|0x0000000081400000, 0x0000000081500000, 0x0000000081500000|100%| O|  |TAMS 0x0000000081400000, 0x0000000081500000| Untracked 
|  21|0x0000000081500000, 0x0000000081600000, 0x0000000081600000|100%|HS|  |TAMS 0x0000000081500000, 0x0000000081600000| Complete 
|  22|0x0000000081600000, 0x0000000081700000, 0x0000000081700000|100%|HS|  |TAMS 0x0000000081600000, 0x0000000081700000| Complete 
|  23|0x0000000081700000, 0x0000000081800000, 0x0000000081800000|100%| O|  |TAMS 0x0000000081700000, 0x0000000081800000| Untracked 
|  24|0x0000000081800000, 0x0000000081900000, 0x0000000081900000|100%| O|  |TAMS 0x0000000081800000, 0x0000000081900000| Untracked 
|  25|0x0000000081900000, 0x0000000081a00000, 0x0000000081a00000|100%| O|  |TAMS 0x0000000081900000, 0x0000000081a00000| Untracked 
|  26|0x0000000081a00000, 0x0000000081b00000, 0x0000000081b00000|100%| O|  |TAMS 0x0000000081a00000, 0x0000000081b00000| Untracked 
|  27|0x0000000081b00000, 0x0000000081c00000, 0x0000000081c00000|100%| O|  |TAMS 0x0000000081b00000, 0x0000000081c00000| Untracked 
|  28|0x0000000081c00000, 0x0000000081d00000, 0x0000000081d00000|100%| O|  |TAMS 0x0000000081c00000, 0x0000000081d00000| Untracked 
|  29|0x0000000081d00000, 0x0000000081e00000, 0x0000000081e00000|100%| O|  |TAMS 0x0000000081d00000, 0x0000000081e00000| Untracked 
|  30|0x0000000081e00000, 0x0000000081f00000, 0x0000000081f00000|100%| O|  |TAMS 0x0000000081e00000, 0x0000000081f00000| Untracked 
|  31|0x0000000081f00000, 0x0000000082000000, 0x0000000082000000|100%|HS|  |TAMS 0x0000000081f00000, 0x0000000082000000| Complete 
|  32|0x0000000082000000, 0x0000000082000000, 0x0000000082100000|  0%| F|  |TAMS 0x0000000082000000, 0x0000000082000000| Untracked 
|  33|0x0000000082100000, 0x0000000082200000, 0x0000000082200000|100%| O|  |TAMS 0x0000000082100000, 0x0000000082200000| Untracked 
|  34|0x0000000082200000, 0x0000000082300000, 0x0000000082300000|100%| O|  |TAMS 0x0000000082200000, 0x0000000082300000| Untracked 
|  35|0x0000000082300000, 0x0000000082400000, 0x0000000082400000|100%| O|  |TAMS 0x0000000082300000, 0x0000000082400000| Untracked 
|  36|0x0000000082400000, 0x000000008244de00, 0x0000000082500000| 30%| O|  |TAMS 0x0000000082400000, 0x000000008244de00| Untracked 
|  37|0x0000000082500000, 0x0000000082500000, 0x0000000082600000|  0%| F|  |TAMS 0x0000000082500000, 0x0000000082500000| Untracked 
|  38|0x0000000082600000, 0x0000000082600000, 0x0000000082700000|  0%| F|  |TAMS 0x0000000082600000, 0x0000000082600000| Untracked 
|  39|0x0000000082700000, 0x0000000082700000, 0x0000000082800000|  0%| F|  |TAMS 0x0000000082700000, 0x0000000082700000| Untracked 
|  40|0x0000000082800000, 0x0000000082800000, 0x0000000082900000|  0%| F|  |TAMS 0x0000000082800000, 0x0000000082800000| Untracked 
|  41|0x0000000082900000, 0x0000000082900000, 0x0000000082a00000|  0%| F|  |TAMS 0x0000000082900000, 0x0000000082900000| Untracked 
|  42|0x0000000082a00000, 0x0000000082a00000, 0x0000000082b00000|  0%| F|  |TAMS 0x0000000082a00000, 0x0000000082a00000| Untracked 
|  43|0x0000000082b00000, 0x0000000082b00000, 0x0000000082c00000|  0%| F|  |TAMS 0x0000000082b00000, 0x0000000082b00000| Untracked 
|  44|0x0000000082c00000, 0x0000000082c00000, 0x0000000082d00000|  0%| F|  |TAMS 0x0000000082c00000, 0x0000000082c00000| Untracked 
|  45|0x0000000082d00000, 0x0000000082d00000, 0x0000000082e00000|  0%| F|  |TAMS 0x0000000082d00000, 0x0000000082d00000| Untracked 
|  46|0x0000000082e00000, 0x0000000082e00000, 0x0000000082f00000|  0%| F|  |TAMS 0x0000000082e00000, 0x0000000082e00000| Untracked 
|  47|0x0000000082f00000, 0x0000000082f00000, 0x0000000083000000|  0%| F|  |TAMS 0x0000000082f00000, 0x0000000082f00000| Untracked 
|  48|0x0000000083000000, 0x0000000083000000, 0x0000000083100000|  0%| F|  |TAMS 0x0000000083000000, 0x0000000083000000| Untracked 
|  49|0x0000000083100000, 0x0000000083100000, 0x0000000083200000|  0%| F|  |TAMS 0x0000000083100000, 0x0000000083100000| Untracked 
|  50|0x0000000083200000, 0x0000000083200000, 0x0000000083300000|  0%| F|  |TAMS 0x0000000083200000, 0x0000000083200000| Untracked 
|  51|0x0000000083300000, 0x0000000083300000, 0x0000000083400000|  0%| F|  |TAMS 0x0000000083300000, 0x0000000083300000| Untracked 
|  52|0x0000000083400000, 0x0000000083400000, 0x0000000083500000|  0%| F|  |TAMS 0x0000000083400000, 0x0000000083400000| Untracked 
|  53|0x0000000083500000, 0x0000000083500000, 0x0000000083600000|  0%| F|  |TAMS 0x0000000083500000, 0x0000000083500000| Untracked 
|  54|0x0000000083600000, 0x0000000083600000, 0x0000000083700000|  0%| F|  |TAMS 0x0000000083600000, 0x0000000083600000| Untracked 
|  55|0x0000000083700000, 0x0000000083700000, 0x0000000083800000|  0%| F|  |TAMS 0x0000000083700000, 0x0000000083700000| Untracked 
|  56|0x0000000083800000, 0x0000000083800000, 0x0000000083900000|  0%| F|  |TAMS 0x0000000083800000, 0x0000000083800000| Untracked 
|  57|0x0000000083900000, 0x0000000083900000, 0x0000000083a00000|  0%| F|  |TAMS 0x0000000083900000, 0x0000000083900000| Untracked 
|  58|0x0000000083a00000, 0x0000000083a00000, 0x0000000083b00000|  0%| F|  |TAMS 0x0000000083a00000, 0x0000000083a00000| Untracked 
|  59|0x0000000083b00000, 0x0000000083b00000, 0x0000000083c00000|  0%| F|  |TAMS 0x0000000083b00000, 0x0000000083b00000| Untracked 
|  60|0x0000000083c00000, 0x0000000083c00000, 0x0000000083d00000|  0%| F|  |TAMS 0x0000000083c00000, 0x0000000083c00000| Untracked 
|  61|0x0000000083d00000, 0x0000000083d00000, 0x0000000083e00000|  0%| F|  |TAMS 0x0000000083d00000, 0x0000000083d00000| Untracked 
|  62|0x0000000083e00000, 0x0000000083e00000, 0x0000000083f00000|  0%| F|  |TAMS 0x0000000083e00000, 0x0000000083e00000| Untracked 
|  63|0x0000000083f00000, 0x0000000083f00000, 0x0000000084000000|  0%| F|  |TAMS 0x0000000083f00000, 0x0000000083f00000| Untracked 
|  64|0x0000000084000000, 0x0000000084000000, 0x0000000084100000|  0%| F|  |TAMS 0x0000000084000000, 0x0000000084000000| Untracked 
|  65|0x0000000084100000, 0x0000000084100000, 0x0000000084200000|  0%| F|  |TAMS 0x0000000084100000, 0x0000000084100000| Untracked 
|  66|0x0000000084200000, 0x0000000084200000, 0x0000000084300000|  0%| F|  |TAMS 0x0000000084200000, 0x0000000084200000| Untracked 
|  67|0x0000000084300000, 0x0000000084300000, 0x0000000084400000|  0%| F|  |TAMS 0x0000000084300000, 0x0000000084300000| Untracked 
|  68|0x0000000084400000, 0x0000000084400000, 0x0000000084500000|  0%| F|  |TAMS 0x0000000084400000, 0x0000000084400000| Untracked 
|  69|0x0000000084500000, 0x0000000084500000, 0x0000000084600000|  0%| F|  |TAMS 0x0000000084500000, 0x0000000084500000| Untracked 
|  70|0x0000000084600000, 0x0000000084600000, 0x0000000084700000|  0%| F|  |TAMS 0x0000000084600000, 0x0000000084600000| Untracked 
|  71|0x0000000084700000, 0x0000000084700000, 0x0000000084800000|  0%| F|  |TAMS 0x0000000084700000, 0x0000000084700000| Untracked 
|  72|0x0000000084800000, 0x0000000084800000, 0x0000000084900000|  0%| F|  |TAMS 0x0000000084800000, 0x0000000084800000| Untracked 
|  73|0x0000000084900000, 0x0000000084900000, 0x0000000084a00000|  0%| F|  |TAMS 0x0000000084900000, 0x0000000084900000| Untracked 
|  74|0x0000000084a00000, 0x0000000084a00000, 0x0000000084b00000|  0%| F|  |TAMS 0x0000000084a00000, 0x0000000084a00000| Untracked 
|  75|0x0000000084b00000, 0x0000000084b00000, 0x0000000084c00000|  0%| F|  |TAMS 0x0000000084b00000, 0x0000000084b00000| Untracked 
|  76|0x0000000084c00000, 0x0000000084c00000, 0x0000000084d00000|  0%| F|  |TAMS 0x0000000084c00000, 0x0000000084c00000| Untracked 
|  77|0x0000000084d00000, 0x0000000084d00000, 0x0000000084e00000|  0%| F|  |TAMS 0x0000000084d00000, 0x0000000084d00000| Untracked 
|  78|0x0000000084e00000, 0x0000000084e00000, 0x0000000084f00000|  0%| F|  |TAMS 0x0000000084e00000, 0x0000000084e00000| Untracked 
|  79|0x0000000084f00000, 0x0000000084f00000, 0x0000000085000000|  0%| F|  |TAMS 0x0000000084f00000, 0x0000000084f00000| Untracked 
|  80|0x0000000085000000, 0x0000000085000000, 0x0000000085100000|  0%| F|  |TAMS 0x0000000085000000, 0x0000000085000000| Untracked 
|  81|0x0000000085100000, 0x0000000085100000, 0x0000000085200000|  0%| F|  |TAMS 0x0000000085100000, 0x0000000085100000| Untracked 
|  82|0x0000000085200000, 0x0000000085200000, 0x0000000085300000|  0%| F|  |TAMS 0x0000000085200000, 0x0000000085200000| Untracked 
|  83|0x0000000085300000, 0x0000000085300000, 0x0000000085400000|  0%| F|  |TAMS 0x0000000085300000, 0x0000000085300000| Untracked 
|  84|0x0000000085400000, 0x0000000085400000, 0x0000000085500000|  0%| F|  |TAMS 0x0000000085400000, 0x0000000085400000| Untracked 
|  85|0x0000000085500000, 0x0000000085500000, 0x0000000085600000|  0%| F|  |TAMS 0x0000000085500000, 0x0000000085500000| Untracked 
|  86|0x0000000085600000, 0x0000000085600000, 0x0000000085700000|  0%| F|  |TAMS 0x0000000085600000, 0x0000000085600000| Untracked 
|  87|0x0000000085700000, 0x0000000085700000, 0x0000000085800000|  0%| F|  |TAMS 0x0000000085700000, 0x0000000085700000| Untracked 
|  88|0x0000000085800000, 0x0000000085800000, 0x0000000085900000|  0%| F|  |TAMS 0x0000000085800000, 0x0000000085800000| Untracked 
|  89|0x0000000085900000, 0x0000000085900000, 0x0000000085a00000|  0%| F|  |TAMS 0x0000000085900000, 0x0000000085900000| Untracked 
|  90|0x0000000085a00000, 0x0000000085a00000, 0x0000000085b00000|  0%| F|  |TAMS 0x0000000085a00000, 0x0000000085a00000| Untracked 
|  91|0x0000000085b00000, 0x0000000085b00000, 0x0000000085c00000|  0%| F|  |TAMS 0x0000000085b00000, 0x0000000085b00000| Untracked 
|  92|0x0000000085c00000, 0x0000000085c00000, 0x0000000085d00000|  0%| F|  |TAMS 0x0000000085c00000, 0x0000000085c00000| Untracked 
|  93|0x0000000085d00000, 0x0000000085d00000, 0x0000000085e00000|  0%| F|  |TAMS 0x0000000085d00000, 0x0000000085d00000| Untracked 
|  94|0x0000000085e00000, 0x0000000085e00000, 0x0000000085f00000|  0%| F|  |TAMS 0x0000000085e00000, 0x0000000085e00000| Untracked 
|  95|0x0000000085f00000, 0x0000000085f00000, 0x0000000086000000|  0%| F|  |TAMS 0x0000000085f00000, 0x0000000085f00000| Untracked 
|  96|0x0000000086000000, 0x0000000086000000, 0x0000000086100000|  0%| F|  |TAMS 0x0000000086000000, 0x0000000086000000| Untracked 
|  97|0x0000000086100000, 0x0000000086100000, 0x0000000086200000|  0%| F|  |TAMS 0x0000000086100000, 0x0000000086100000| Untracked 
|  98|0x0000000086200000, 0x0000000086200000, 0x0000000086300000|  0%| F|  |TAMS 0x0000000086200000, 0x0000000086200000| Untracked 
|  99|0x0000000086300000, 0x0000000086300000, 0x0000000086400000|  0%| F|  |TAMS 0x0000000086300000, 0x0000000086300000| Untracked 
| 100|0x0000000086400000, 0x0000000086452130, 0x0000000086500000| 32%| S|CS|TAMS 0x0000000086400000, 0x0000000086400000| Complete 
| 101|0x0000000086500000, 0x0000000086600000, 0x0000000086600000|100%| S|CS|TAMS 0x0000000086500000, 0x0000000086500000| Complete 
| 102|0x0000000086600000, 0x0000000086700000, 0x0000000086700000|100%| S|CS|TAMS 0x0000000086600000, 0x0000000086600000| Complete 
| 103|0x0000000086700000, 0x0000000086800000, 0x0000000086800000|100%| S|CS|TAMS 0x0000000086700000, 0x0000000086700000| Complete 
| 104|0x0000000086800000, 0x0000000086900000, 0x0000000086900000|100%| S|CS|TAMS 0x0000000086800000, 0x0000000086800000| Complete 
| 105|0x0000000086900000, 0x0000000086a00000, 0x0000000086a00000|100%| S|CS|TAMS 0x0000000086900000, 0x0000000086900000| Complete 
| 106|0x0000000086a00000, 0x0000000086b00000, 0x0000000086b00000|100%| S|CS|TAMS 0x0000000086a00000, 0x0000000086a00000| Complete 
| 107|0x0000000086b00000, 0x0000000086c00000, 0x0000000086c00000|100%| S|CS|TAMS 0x0000000086b00000, 0x0000000086b00000| Complete 
| 108|0x0000000086c00000, 0x0000000086d00000, 0x0000000086d00000|100%| S|CS|TAMS 0x0000000086c00000, 0x0000000086c00000| Complete 
| 109|0x0000000086d00000, 0x0000000086e00000, 0x0000000086e00000|100%| S|CS|TAMS 0x0000000086d00000, 0x0000000086d00000| Complete 
| 110|0x0000000086e00000, 0x0000000086f00000, 0x0000000086f00000|100%| S|CS|TAMS 0x0000000086e00000, 0x0000000086e00000| Complete 
| 111|0x0000000086f00000, 0x0000000087000000, 0x0000000087000000|100%| S|CS|TAMS 0x0000000086f00000, 0x0000000086f00000| Complete 
| 112|0x0000000087000000, 0x0000000087100000, 0x0000000087100000|100%| S|CS|TAMS 0x0000000087000000, 0x0000000087000000| Complete 
| 113|0x0000000087100000, 0x0000000087100000, 0x0000000087200000|  0%| F|  |TAMS 0x0000000087100000, 0x0000000087100000| Untracked 
| 114|0x0000000087200000, 0x0000000087200000, 0x0000000087300000|  0%| F|  |TAMS 0x0000000087200000, 0x0000000087200000| Untracked 
| 115|0x0000000087300000, 0x0000000087300000, 0x0000000087400000|  0%| F|  |TAMS 0x0000000087300000, 0x0000000087300000| Untracked 
| 116|0x0000000087400000, 0x0000000087400000, 0x0000000087500000|  0%| F|  |TAMS 0x0000000087400000, 0x0000000087400000| Untracked 
| 117|0x0000000087500000, 0x0000000087500000, 0x0000000087600000|  0%| F|  |TAMS 0x0000000087500000, 0x0000000087500000| Untracked 
| 118|0x0000000087600000, 0x0000000087600000, 0x0000000087700000|  0%| F|  |TAMS 0x0000000087600000, 0x0000000087600000| Untracked 
| 119|0x0000000087700000, 0x0000000087700000, 0x0000000087800000|  0%| F|  |TAMS 0x0000000087700000, 0x0000000087700000| Untracked 
| 120|0x0000000087800000, 0x0000000087800000, 0x0000000087900000|  0%| F|  |TAMS 0x0000000087800000, 0x0000000087800000| Untracked 
| 121|0x0000000087900000, 0x0000000087900000, 0x0000000087a00000|  0%| F|  |TAMS 0x0000000087900000, 0x0000000087900000| Untracked 
| 122|0x0000000087a00000, 0x0000000087a00000, 0x0000000087b00000|  0%| F|  |TAMS 0x0000000087a00000, 0x0000000087a00000| Untracked 
| 123|0x0000000087b00000, 0x0000000087b00000, 0x0000000087c00000|  0%| F|  |TAMS 0x0000000087b00000, 0x0000000087b00000| Untracked 
| 124|0x0000000087c00000, 0x0000000087c00000, 0x0000000087d00000|  0%| F|  |TAMS 0x0000000087c00000, 0x0000000087c00000| Untracked 
| 125|0x0000000087d00000, 0x0000000087d00000, 0x0000000087e00000|  0%| F|  |TAMS 0x0000000087d00000, 0x0000000087d00000| Untracked 
| 126|0x0000000087e00000, 0x0000000087e00000, 0x0000000087f00000|  0%| F|  |TAMS 0x0000000087e00000, 0x0000000087e00000| Untracked 
| 127|0x0000000087f00000, 0x0000000087f00000, 0x0000000088000000|  0%| F|  |TAMS 0x0000000087f00000, 0x0000000087f00000| Untracked 
| 128|0x0000000088000000, 0x0000000088000000, 0x0000000088100000|  0%| F|  |TAMS 0x0000000088000000, 0x0000000088000000| Untracked 
| 129|0x0000000088100000, 0x0000000088100000, 0x0000000088200000|  0%| F|  |TAMS 0x0000000088100000, 0x0000000088100000| Untracked 
| 130|0x0000000088200000, 0x0000000088200000, 0x0000000088300000|  0%| F|  |TAMS 0x0000000088200000, 0x0000000088200000| Untracked 
| 131|0x0000000088300000, 0x0000000088300000, 0x0000000088400000|  0%| F|  |TAMS 0x0000000088300000, 0x0000000088300000| Untracked 
| 132|0x0000000088400000, 0x0000000088400000, 0x0000000088500000|  0%| F|  |TAMS 0x0000000088400000, 0x0000000088400000| Untracked 
| 133|0x0000000088500000, 0x0000000088500000, 0x0000000088600000|  0%| F|  |TAMS 0x0000000088500000, 0x0000000088500000| Untracked 
| 134|0x0000000088600000, 0x0000000088600000, 0x0000000088700000|  0%| F|  |TAMS 0x0000000088600000, 0x0000000088600000| Untracked 
| 135|0x0000000088700000, 0x0000000088700000, 0x0000000088800000|  0%| F|  |TAMS 0x0000000088700000, 0x0000000088700000| Untracked 
| 136|0x0000000088800000, 0x0000000088800000, 0x0000000088900000|  0%| F|  |TAMS 0x0000000088800000, 0x0000000088800000| Untracked 
| 137|0x0000000088900000, 0x0000000088900000, 0x0000000088a00000|  0%| F|  |TAMS 0x0000000088900000, 0x0000000088900000| Untracked 
| 138|0x0000000088a00000, 0x0000000088a00000, 0x0000000088b00000|  0%| F|  |TAMS 0x0000000088a00000, 0x0000000088a00000| Untracked 
| 139|0x0000000088b00000, 0x0000000088b00000, 0x0000000088c00000|  0%| F|  |TAMS 0x0000000088b00000, 0x0000000088b00000| Untracked 
| 140|0x0000000088c00000, 0x0000000088c00000, 0x0000000088d00000|  0%| F|  |TAMS 0x0000000088c00000, 0x0000000088c00000| Untracked 
| 141|0x0000000088d00000, 0x0000000088d00000, 0x0000000088e00000|  0%| F|  |TAMS 0x0000000088d00000, 0x0000000088d00000| Untracked 
| 142|0x0000000088e00000, 0x0000000088e00000, 0x0000000088f00000|  0%| F|  |TAMS 0x0000000088e00000, 0x0000000088e00000| Untracked 
| 143|0x0000000088f00000, 0x0000000088f00000, 0x0000000089000000|  0%| F|  |TAMS 0x0000000088f00000, 0x0000000088f00000| Untracked 
| 144|0x0000000089000000, 0x0000000089000000, 0x0000000089100000|  0%| F|  |TAMS 0x0000000089000000, 0x0000000089000000| Untracked 
| 145|0x0000000089100000, 0x0000000089100000, 0x0000000089200000|  0%| F|  |TAMS 0x0000000089100000, 0x0000000089100000| Untracked 
| 146|0x0000000089200000, 0x0000000089200000, 0x0000000089300000|  0%| F|  |TAMS 0x0000000089200000, 0x0000000089200000| Untracked 
| 147|0x0000000089300000, 0x0000000089300000, 0x0000000089400000|  0%| F|  |TAMS 0x0000000089300000, 0x0000000089300000| Untracked 
| 148|0x0000000089400000, 0x0000000089400000, 0x0000000089500000|  0%| F|  |TAMS 0x0000000089400000, 0x0000000089400000| Untracked 
| 149|0x0000000089500000, 0x0000000089500000, 0x0000000089600000|  0%| F|  |TAMS 0x0000000089500000, 0x0000000089500000| Untracked 
| 150|0x0000000089600000, 0x0000000089600000, 0x0000000089700000|  0%| F|  |TAMS 0x0000000089600000, 0x0000000089600000| Untracked 
| 151|0x0000000089700000, 0x0000000089700000, 0x0000000089800000|  0%| F|  |TAMS 0x0000000089700000, 0x0000000089700000| Untracked 
| 152|0x0000000089800000, 0x0000000089800000, 0x0000000089900000|  0%| F|  |TAMS 0x0000000089800000, 0x0000000089800000| Untracked 
| 153|0x0000000089900000, 0x0000000089900000, 0x0000000089a00000|  0%| F|  |TAMS 0x0000000089900000, 0x0000000089900000| Untracked 
| 154|0x0000000089a00000, 0x0000000089a00000, 0x0000000089b00000|  0%| F|  |TAMS 0x0000000089a00000, 0x0000000089a00000| Untracked 
| 155|0x0000000089b00000, 0x0000000089b00000, 0x0000000089c00000|  0%| F|  |TAMS 0x0000000089b00000, 0x0000000089b00000| Untracked 
| 156|0x0000000089c00000, 0x0000000089c00000, 0x0000000089d00000|  0%| F|  |TAMS 0x0000000089c00000, 0x0000000089c00000| Untracked 
| 157|0x0000000089d00000, 0x0000000089d00000, 0x0000000089e00000|  0%| F|  |TAMS 0x0000000089d00000, 0x0000000089d00000| Untracked 
| 158|0x0000000089e00000, 0x0000000089e00000, 0x0000000089f00000|  0%| F|  |TAMS 0x0000000089e00000, 0x0000000089e00000| Untracked 
| 159|0x0000000089f00000, 0x0000000089f00000, 0x000000008a000000|  0%| F|  |TAMS 0x0000000089f00000, 0x0000000089f00000| Untracked 
| 160|0x000000008a000000, 0x000000008a000000, 0x000000008a100000|  0%| F|  |TAMS 0x000000008a000000, 0x000000008a000000| Untracked 
| 161|0x000000008a100000, 0x000000008a100000, 0x000000008a200000|  0%| F|  |TAMS 0x000000008a100000, 0x000000008a100000| Untracked 
| 162|0x000000008a200000, 0x000000008a200000, 0x000000008a300000|  0%| F|  |TAMS 0x000000008a200000, 0x000000008a200000| Untracked 
| 163|0x000000008a300000, 0x000000008a300000, 0x000000008a400000|  0%| F|  |TAMS 0x000000008a300000, 0x000000008a300000| Untracked 
| 164|0x000000008a400000, 0x000000008a400000, 0x000000008a500000|  0%| F|  |TAMS 0x000000008a400000, 0x000000008a400000| Untracked 
| 165|0x000000008a500000, 0x000000008a500000, 0x000000008a600000|  0%| F|  |TAMS 0x000000008a500000, 0x000000008a500000| Untracked 
| 166|0x000000008a600000, 0x000000008a600000, 0x000000008a700000|  0%| F|  |TAMS 0x000000008a600000, 0x000000008a600000| Untracked 
| 167|0x000000008a700000, 0x000000008a700000, 0x000000008a800000|  0%| F|  |TAMS 0x000000008a700000, 0x000000008a700000| Untracked 
| 168|0x000000008a800000, 0x000000008a800000, 0x000000008a900000|  0%| F|  |TAMS 0x000000008a800000, 0x000000008a800000| Untracked 
| 169|0x000000008a900000, 0x000000008a900000, 0x000000008aa00000|  0%| F|  |TAMS 0x000000008a900000, 0x000000008a900000| Untracked 
| 170|0x000000008aa00000, 0x000000008aa00000, 0x000000008ab00000|  0%| F|  |TAMS 0x000000008aa00000, 0x000000008aa00000| Untracked 
| 171|0x000000008ab00000, 0x000000008ab00000, 0x000000008ac00000|  0%| F|  |TAMS 0x000000008ab00000, 0x000000008ab00000| Untracked 
| 172|0x000000008ac00000, 0x000000008ac00000, 0x000000008ad00000|  0%| F|  |TAMS 0x000000008ac00000, 0x000000008ac00000| Untracked 
| 173|0x000000008ad00000, 0x000000008ad00000, 0x000000008ae00000|  0%| F|  |TAMS 0x000000008ad00000, 0x000000008ad00000| Untracked 
| 174|0x000000008ae00000, 0x000000008ae00000, 0x000000008af00000|  0%| F|  |TAMS 0x000000008ae00000, 0x000000008ae00000| Untracked 
| 175|0x000000008af00000, 0x000000008af00000, 0x000000008b000000|  0%| F|  |TAMS 0x000000008af00000, 0x000000008af00000| Untracked 
| 176|0x000000008b000000, 0x000000008b000000, 0x000000008b100000|  0%| F|  |TAMS 0x000000008b000000, 0x000000008b000000| Untracked 
| 177|0x000000008b100000, 0x000000008b100000, 0x000000008b200000|  0%| F|  |TAMS 0x000000008b100000, 0x000000008b100000| Untracked 
| 178|0x000000008b200000, 0x000000008b200000, 0x000000008b300000|  0%| F|  |TAMS 0x000000008b200000, 0x000000008b200000| Untracked 
| 179|0x000000008b300000, 0x000000008b300000, 0x000000008b400000|  0%| F|  |TAMS 0x000000008b300000, 0x000000008b300000| Untracked 
| 180|0x000000008b400000, 0x000000008b400000, 0x000000008b500000|  0%| F|  |TAMS 0x000000008b400000, 0x000000008b400000| Untracked 
| 181|0x000000008b500000, 0x000000008b500000, 0x000000008b600000|  0%| F|  |TAMS 0x000000008b500000, 0x000000008b500000| Untracked 
| 182|0x000000008b600000, 0x000000008b600000, 0x000000008b700000|  0%| F|  |TAMS 0x000000008b600000, 0x000000008b600000| Untracked 
| 183|0x000000008b700000, 0x000000008b700000, 0x000000008b800000|  0%| F|  |TAMS 0x000000008b700000, 0x000000008b700000| Untracked 
| 184|0x000000008b800000, 0x000000008b800000, 0x000000008b900000|  0%| F|  |TAMS 0x000000008b800000, 0x000000008b800000| Untracked 

Card table byte_map: [0x0000025650180000,0x0000025650580000] _byte_map_base: 0x000002564fd80000

Marking Bits (Prev, Next): (CMBitMap*) 0x000002563d297898, (CMBitMap*) 0x000002563d2978d0
 Prev Bits: [0x0000025650980000, 0x0000025652980000)
 Next Bits: [0x0000025652980000, 0x0000025654980000)

Polling page: 0x000002563b210000

Metaspace:

Usage:
  Non-class:     48.72 MB capacity,    47.66 MB ( 98%) used,   900.73 KB (  2%) free+waste,   179.31 KB ( <1%) overhead. 
      Class:      7.52 MB capacity,     6.92 MB ( 92%) used,   532.21 KB (  7%) free+waste,    86.38 KB (  1%) overhead. 
       Both:     56.24 MB capacity,    54.58 MB ( 97%) used,     1.40 MB (  2%) free+waste,   265.69 KB ( <1%) overhead. 

Virtual space:
  Non-class space:       60.00 MB reserved,      48.75 MB ( 81%) committed 
      Class space:        1.00 GB reserved,       7.62 MB ( <1%) committed 
             Both:        1.06 GB reserved,      56.38 MB (  5%) committed 

Chunk freelists:
   Non-Class:  35.00 KB
       Class:  7.00 KB
        Both:  42.00 KB

MaxMetaspaceSize: 17179869184.00 GB
CompressedClassSpaceSize: 1.00 GB
Initial GC threshold: 20.80 MB
Current GC threshold: 59.07 MB
CDS: off

CodeHeap 'non-profiled nmethods': size=120064Kb used=4897Kb max_used=4897Kb free=115166Kb
 bounds [0x0000025648840000, 0x0000025648d10000, 0x000002564fd80000]
CodeHeap 'profiled nmethods': size=120000Kb used=13907Kb max_used=13907Kb free=106092Kb
 bounds [0x0000025641310000, 0x00000256420b0000, 0x0000025648840000]
CodeHeap 'non-nmethods': size=5696Kb used=2317Kb max_used=2357Kb free=3379Kb
 bounds [0x0000025640d80000, 0x0000025640ff0000, 0x0000025641310000]
 total_blobs=7252 nmethods=6426 adapters=738
 compilation: enabled
              stopped_count=0, restarted_count=0
 full_count=0

Compilation events (20 events):
Event: 25.979 Thread 0x000002565b1c8800 6507       4       org.objectweb.asm.Frame::getLocal (46 bytes)
Event: 25.981 Thread 0x000002565b1c8800 nmethod 6507 0x0000025648d03810 code [0x0000025648d039a0, 0x0000025648d03a58]
Event: 25.981 Thread 0x000002565b1c8800 6509       4       java.util.HashMap::<init> (98 bytes)
Event: 25.983 Thread 0x000002565b1c8800 nmethod 6509 0x0000025648d03b10 code [0x0000025648d03ca0, 0x0000025648d03df8]
Event: 25.983 Thread 0x000002565b1c8800 6521       4       com.google.common.collect.MapMakerInternalMap::rehash (49 bytes)
Event: 25.984 Thread 0x000002565b1c8800 nmethod 6521 0x0000025648d03f10 code [0x0000025648d040a0, 0x0000025648d04138]
Event: 25.990 Thread 0x000002565b1c8800 6526       4       com.android.tools.tracer.agent.objectweb.asm.ClassReader::readElementValues (88 bytes)
Event: 25.993 Thread 0x0000025656e90800 6527       3       com.android.tools.tracer.agent.objectweb.asm.SymbolTable::addConstantDouble (11 bytes)
Event: 25.993 Thread 0x0000025656e90800 nmethod 6527 0x00000256420a3710 code [0x00000256420a38c0, 0x00000256420a3a08]
Event: 26.006 Thread 0x000002565b1c8800 nmethod 6526 0x0000025648d04210 code [0x0000025648d043e0, 0x0000025648d04a68]
Event: 26.008 Thread 0x0000025656e8c000 nmethod 6506 0x0000025648d05010 code [0x0000025648d05300, 0x0000025648d06e28]
Event: 26.022 Thread 0x0000025656e90800 6528       3       kotlin.text.StringsKt__StringsJVMKt::regionMatches (42 bytes)
Event: 26.023 Thread 0x000002565b1c8800 6529       4       java.util.Arrays$ArrayItr::hasNext (18 bytes)
Event: 26.023 Thread 0x0000025656e90800 nmethod 6528 0x00000256420a3a90 code [0x00000256420a3d40, 0x00000256420a4658]
Event: 26.023 Thread 0x0000025656e90800 6530       3       java.lang.String::subSequence (7 bytes)
Event: 26.023 Thread 0x0000025656e90800 nmethod 6530 0x00000256420a4a10 code [0x00000256420a4bc0, 0x00000256420a4ce8]
Event: 26.024 Thread 0x000002565b1c8800 nmethod 6529 0x0000025648d07f10 code [0x0000025648d080a0, 0x0000025648d08138]
Event: 26.024 Thread 0x000002565b1c8800 6531       4       java.util.Arrays$ArrayItr::next (36 bytes)
Event: 26.025 Thread 0x000002565b1c8800 nmethod 6531 0x0000025648d08210 code [0x0000025648d083a0, 0x0000025648d08458]
Event: 26.029 Thread 0x0000025656e8c000 6532       4       com.android.tools.tracer.agent.objectweb.asm.MethodWriter::visitAnnotation (40 bytes)

GC Heap History (20 events):
Event: 14.609 GC heap before
{Heap before GC invocations=8 (full 0):
 garbage-first heap   total 131072K, used 93609K [0x0000000080000000, 0x0000000100000000)
  region size 1024K, 76 young (77824K), 5 survivors (5120K)
 Metaspace       used 29717K, capacity 30434K, committed 30464K, reserved 1075200K
  class space    used 3807K, capacity 4081K, committed 4096K, reserved 1048576K
}
Event: 14.623 GC heap after
{Heap after GC invocations=9 (full 0):
 garbage-first heap   total 131072K, used 22025K [0x0000000080000000, 0x0000000100000000)
  region size 1024K, 6 young (6144K), 6 survivors (6144K)
 Metaspace       used 29717K, capacity 30434K, committed 30464K, reserved 1075200K
  class space    used 3807K, capacity 4081K, committed 4096K, reserved 1048576K
}
Event: 15.984 GC heap before
{Heap before GC invocations=9 (full 0):
 garbage-first heap   total 131072K, used 93705K [0x0000000080000000, 0x0000000100000000)
  region size 1024K, 76 young (77824K), 6 survivors (6144K)
 Metaspace       used 32666K, capacity 33481K, committed 33536K, reserved 1079296K
  class space    used 4271K, capacity 4587K, committed 4608K, reserved 1048576K
}
Event: 15.997 GC heap after
{Heap after GC invocations=10 (full 0):
 garbage-first heap   total 131072K, used 23008K [0x0000000080000000, 0x0000000100000000)
  region size 1024K, 5 young (5120K), 5 survivors (5120K)
 Metaspace       used 32666K, capacity 33481K, committed 33536K, reserved 1079296K
  class space    used 4271K, capacity 4587K, committed 4608K, reserved 1048576K
}
Event: 16.709 GC heap before
{Heap before GC invocations=10 (full 0):
 garbage-first heap   total 131072K, used 63968K [0x0000000080000000, 0x0000000100000000)
  region size 1024K, 46 young (47104K), 5 survivors (5120K)
 Metaspace       used 34951K, capacity 35775K, committed 35840K, reserved 1081344K
  class space    used 4586K, capacity 4928K, committed 4992K, reserved 1048576K
}
Event: 16.728 GC heap after
{Heap after GC invocations=11 (full 0):
 garbage-first heap   total 131072K, used 23724K [0x0000000080000000, 0x0000000100000000)
  region size 1024K, 6 young (6144K), 6 survivors (6144K)
 Metaspace       used 34951K, capacity 35775K, committed 35840K, reserved 1081344K
  class space    used 4586K, capacity 4928K, committed 4992K, reserved 1048576K
}
Event: 17.953 GC heap before
{Heap before GC invocations=12 (full 0):
 garbage-first heap   total 131072K, used 91308K [0x0000000080000000, 0x0000000100000000)
  region size 1024K, 72 young (73728K), 6 survivors (6144K)
 Metaspace       used 38469K, capacity 39410K, committed 39680K, reserved 1083392K
  class space    used 4932K, capacity 5332K, committed 5376K, reserved 1048576K
}
Event: 17.978 GC heap after
{Heap after GC invocations=13 (full 0):
 garbage-first heap   total 131072K, used 25624K [0x0000000080000000, 0x0000000100000000)
  region size 1024K, 7 young (7168K), 7 survivors (7168K)
 Metaspace       used 38469K, capacity 39410K, committed 39680K, reserved 1083392K
  class space    used 4932K, capacity 5332K, committed 5376K, reserved 1048576K
}
Event: 19.112 GC heap before
{Heap before GC invocations=13 (full 0):
 garbage-first heap   total 131072K, used 93208K [0x0000000080000000, 0x0000000100000000)
  region size 1024K, 74 young (75776K), 7 survivors (7168K)
 Metaspace       used 41202K, capacity 42193K, committed 42368K, reserved 1085440K
  class space    used 5233K, capacity 5640K, committed 5760K, reserved 1048576K
}
Event: 19.131 GC heap after
{Heap after GC invocations=14 (full 0):
 garbage-first heap   total 157696K, used 28585K [0x0000000080000000, 0x0000000100000000)
  region size 1024K, 8 young (8192K), 8 survivors (8192K)
 Metaspace       used 41202K, capacity 42193K, committed 42368K, reserved 1085440K
  class space    used 5233K, capacity 5640K, committed 5760K, reserved 1048576K
}
Event: 20.614 GC heap before
{Heap before GC invocations=14 (full 0):
 garbage-first heap   total 157696K, used 122793K [0x0000000080000000, 0x0000000100000000)
  region size 1024K, 88 young (90112K), 8 survivors (8192K)
 Metaspace       used 43884K, capacity 45087K, committed 45184K, reserved 1089536K
  class space    used 5527K, capacity 5964K, committed 6016K, reserved 1048576K
}
Event: 20.634 GC heap after
{Heap after GC invocations=15 (full 0):
 garbage-first heap   total 157696K, used 31002K [0x0000000080000000, 0x0000000100000000)
  region size 1024K, 8 young (8192K), 8 survivors (8192K)
 Metaspace       used 43884K, capacity 45087K, committed 45184K, reserved 1089536K
  class space    used 5527K, capacity 5964K, committed 6016K, reserved 1048576K
}
Event: 21.822 GC heap before
{Heap before GC invocations=15 (full 0):
 garbage-first heap   total 157696K, used 117018K [0x0000000080000000, 0x0000000100000000)
  region size 1024K, 90 young (92160K), 8 survivors (8192K)
 Metaspace       used 47109K, capacity 48446K, committed 48512K, reserved 1091584K
  class space    used 5996K, capacity 6490K, committed 6528K, reserved 1048576K
}
Event: 21.845 GC heap after
{Heap after GC invocations=16 (full 0):
 garbage-first heap   total 157696K, used 35824K [0x0000000080000000, 0x0000000100000000)
  region size 1024K, 9 young (9216K), 9 survivors (9216K)
 Metaspace       used 47109K, capacity 48446K, committed 48512K, reserved 1091584K
  class space    used 5996K, capacity 6490K, committed 6528K, reserved 1048576K
}
Event: 23.046 GC heap before
{Heap before GC invocations=16 (full 0):
 garbage-first heap   total 157696K, used 120816K [0x0000000080000000, 0x0000000100000000)
  region size 1024K, 90 young (92160K), 9 survivors (9216K)
 Metaspace       used 50170K, capacity 51699K, committed 51968K, reserved 1093632K
  class space    used 6367K, capacity 6894K, committed 6912K, reserved 1048576K
}
Event: 23.068 GC heap after
{Heap after GC invocations=17 (full 0):
 garbage-first heap   total 157696K, used 34627K [0x0000000080000000, 0x0000000100000000)
  region size 1024K, 7 young (7168K), 7 survivors (7168K)
 Metaspace       used 50170K, capacity 51699K, committed 51968K, reserved 1093632K
  class space    used 6367K, capacity 6894K, committed 6912K, reserved 1048576K
}
Event: 25.173 GC heap before
{Heap before GC invocations=17 (full 0):
 garbage-first heap   total 157696K, used 120643K [0x0000000080000000, 0x0000000100000000)
  region size 1024K, 90 young (92160K), 7 survivors (7168K)
 Metaspace       used 53319K, capacity 55004K, committed 55296K, reserved 1097728K
  class space    used 6751K, capacity 7369K, committed 7424K, reserved 1048576K
}
Event: 25.197 GC heap after
{Heap after GC invocations=18 (full 0):
 garbage-first heap   total 189440K, used 41603K [0x0000000080000000, 0x0000000100000000)
  region size 1024K, 9 young (9216K), 9 survivors (9216K)
 Metaspace       used 53319K, capacity 55004K, committed 55296K, reserved 1097728K
  class space    used 6751K, capacity 7369K, committed 7424K, reserved 1048576K
}
Event: 26.030 GC heap before
{Heap before GC invocations=18 (full 0):
 garbage-first heap   total 189440K, used 115331K [0x0000000080000000, 0x0000000100000000)
  region size 1024K, 81 young (82944K), 9 survivors (9216K)
 Metaspace       used 55891K, capacity 57590K, committed 57728K, reserved 1107968K
  class space    used 7086K, capacity 7705K, committed 7808K, reserved 1048576K
}
Event: 26.052 GC heap after
{Heap after GC invocations=19 (full 0):
 garbage-first heap   total 189440K, used 48767K [0x0000000080000000, 0x0000000100000000)
  region size 1024K, 13 young (13312K), 13 survivors (13312K)
 Metaspace       used 55891K, capacity 57590K, committed 57728K, reserved 1107968K
  class space    used 7086K, capacity 7705K, committed 7808K, reserved 1048576K
}

Deoptimization events (20 events):
Event: 25.944 Thread 0x000002565b510800 Uncommon trap: trap_request=0xffffff6e fr.pc=0x0000025648c85d8c relative=0x000000000000004c
Event: 25.944 Thread 0x000002565b510800 Uncommon trap: reason=speculate_class_check action=maybe_recompile pc=0x0000025648c85d8c method=java.lang.invoke.Invokers$Holder.linkToTargetMethod(Ljava/lang/Object;Ljava/lang/Object;)Ljava/lang/Object; @ 1 c2
Event: 25.944 Thread 0x000002565b510800 DEOPT PACKING pc=0x0000025648c85d8c sp=0x0000008c897f69e0
Event: 25.944 Thread 0x000002565b510800 DEOPT UNPACKING pc=0x0000025640dca1af sp=0x0000008c897f6970 mode 2
Event: 25.977 Thread 0x000002565b510800 Uncommon trap: trap_request=0xffffff4d fr.pc=0x00000256488996c0 relative=0x0000000000000380
Event: 25.977 Thread 0x000002565b510800 Uncommon trap: reason=unstable_if action=reinterpret pc=0x00000256488996c0 method=java.lang.AbstractStringBuilder.isLatin1()Z @ 10 c2
Event: 25.977 Thread 0x000002565b510800 DEOPT PACKING pc=0x00000256488996c0 sp=0x0000008c897f42e0
Event: 25.977 Thread 0x000002565b510800 DEOPT UNPACKING pc=0x0000025640dca1af sp=0x0000008c897f4260 mode 2
Event: 25.979 Thread 0x000002565b510800 Uncommon trap: trap_request=0xffffff4d fr.pc=0x000002564885e46c relative=0x00000000000000cc
Event: 25.979 Thread 0x000002565b510800 Uncommon trap: reason=unstable_if action=reinterpret pc=0x000002564885e46c method=java.lang.String.getBytes([BIB)V @ 5 c2
Event: 25.979 Thread 0x000002565b510800 DEOPT PACKING pc=0x000002564885e46c sp=0x0000008c897f5100
Event: 25.979 Thread 0x000002565b510800 DEOPT UNPACKING pc=0x0000025640dca1af sp=0x0000008c897f50a8 mode 2
Event: 26.022 Thread 0x000002565b510800 Uncommon trap: trap_request=0xffffff4d fr.pc=0x0000025648b87704 relative=0x0000000000000444
Event: 26.022 Thread 0x000002565b510800 Uncommon trap: reason=unstable_if action=reinterpret pc=0x0000025648b87704 method=java.lang.String.substring(II)Ljava/lang/String; @ 31 c2
Event: 26.022 Thread 0x000002565b510800 DEOPT PACKING pc=0x0000025648b87704 sp=0x0000008c897f4f40
Event: 26.022 Thread 0x000002565b510800 DEOPT UNPACKING pc=0x0000025640dca1af sp=0x0000008c897f4ea0 mode 2
Event: 26.022 Thread 0x000002565b510800 Uncommon trap: trap_request=0xffffff4d fr.pc=0x000002564885ec18 relative=0x0000000000000458
Event: 26.022 Thread 0x000002565b510800 Uncommon trap: reason=unstable_if action=reinterpret pc=0x000002564885ec18 method=java.lang.String.substring(II)Ljava/lang/String; @ 31 c2
Event: 26.022 Thread 0x000002565b510800 DEOPT PACKING pc=0x000002564885ec18 sp=0x0000008c897f4ec0
Event: 26.022 Thread 0x000002565b510800 DEOPT UNPACKING pc=0x0000025640dca1af sp=0x0000008c897f4e90 mode 2

Classes redefined (0 events):
No events

Internal exceptions (20 events):
Event: 25.234 Thread 0x000002565b510800 Exception <a 'java/security/PrivilegedActionException'{0x000000008b640270}> (0x000000008b640270) thrown at [src/hotspot/share/prims/jvm.cpp, line 1306]
Event: 25.234 Thread 0x000002565b510800 Exception <a 'java/security/PrivilegedActionException'{0x000000008b6417d8}> (0x000000008b6417d8) thrown at [src/hotspot/share/prims/jvm.cpp, line 1306]
Event: 25.235 Thread 0x000002565b510800 Exception <a 'java/security/PrivilegedActionException'{0x000000008b6451b8}> (0x000000008b6451b8) thrown at [src/hotspot/share/prims/jvm.cpp, line 1306]
Event: 25.235 Thread 0x000002565b510800 Exception <a 'java/security/PrivilegedActionException'{0x000000008b646720}> (0x000000008b646720) thrown at [src/hotspot/share/prims/jvm.cpp, line 1306]
Event: 25.235 Thread 0x000002565b510800 Exception <a 'java/security/PrivilegedActionException'{0x000000008b64a208}> (0x000000008b64a208) thrown at [src/hotspot/share/prims/jvm.cpp, line 1306]
Event: 25.235 Thread 0x000002565b510800 Exception <a 'java/security/PrivilegedActionException'{0x000000008b64b770}> (0x000000008b64b770) thrown at [src/hotspot/share/prims/jvm.cpp, line 1306]
Event: 25.235 Thread 0x000002565b510800 Exception <a 'java/security/PrivilegedActionException'{0x000000008b64f160}> (0x000000008b64f160) thrown at [src/hotspot/share/prims/jvm.cpp, line 1306]
Event: 25.235 Thread 0x000002565b510800 Exception <a 'java/security/PrivilegedActionException'{0x000000008b6506c8}> (0x000000008b6506c8) thrown at [src/hotspot/share/prims/jvm.cpp, line 1306]
Event: 25.235 Thread 0x000002565b510800 Exception <a 'java/security/PrivilegedActionException'{0x000000008b654128}> (0x000000008b654128) thrown at [src/hotspot/share/prims/jvm.cpp, line 1306]
Event: 25.236 Thread 0x000002565b510800 Exception <a 'java/security/PrivilegedActionException'{0x000000008b655690}> (0x000000008b655690) thrown at [src/hotspot/share/prims/jvm.cpp, line 1306]
Event: 25.236 Thread 0x000002565b510800 Exception <a 'java/security/PrivilegedActionException'{0x000000008b659178}> (0x000000008b659178) thrown at [src/hotspot/share/prims/jvm.cpp, line 1306]
Event: 25.236 Thread 0x000002565b510800 Exception <a 'java/security/PrivilegedActionException'{0x000000008b65a6e0}> (0x000000008b65a6e0) thrown at [src/hotspot/share/prims/jvm.cpp, line 1306]
Event: 25.287 Thread 0x000002565b510800 Exception <a 'java/lang/ClassNotFoundException'{0x000000008b2dec40}: sun/misc/SharedSecrets> (0x000000008b2dec40) thrown at [src/hotspot/share/classfile/systemDictionary.cpp, line 230]
Event: 25.288 Thread 0x000002565b510800 Exception <a 'java/lang/ClassNotFoundException'{0x000000008b2dff70}: org/gradle/api/internal/plugins/DefaultObjectConfigurationActionBeanInfo> (0x000000008b2dff70) thrown at [src/hotspot/share/classfile/systemDictionary.cpp, line 230]
Event: 25.290 Thread 0x000002565b510800 Exception <a 'java/lang/ClassNotFoundException'{0x000000008b119e98}: org/gradle/api/internal/plugins/DefaultObjectConfigurationActionCustomizer> (0x000000008b119e98) thrown at [src/hotspot/share/classfile/systemDictionary.cpp, line 230]
Event: 25.421 Thread 0x000002565b510800 Exception <a 'java/lang/NoSuchMethodError'{0x000000008a99ddc0}: 'java.lang.Object java.lang.invoke.DirectMethodHandle$Holder.invokeSpecial(java.lang.Object, java.lang.Object, int, int, int, java.lang.Object, java.lang.Object, java.lang.Object, java.lang.Object)'> (0x000000008a99ddc0) thrown at [src/hotspot/share/interpreter/linkResolver.cpp, line 773]
Event: 25.422 Thread 0x000002565b510800 Exception <a 'java/lang/NoSuchMethodError'{0x000000008a9a2568}: 'java.lang.Object java.lang.invoke.DelegatingMethodHandle$Holder.reinvoke_L(java.lang.Object, int, int, int, java.lang.Object, java.lang.Object, java.lang.Object, java.lang.Object)'> (0x000000008a9a2568) thrown at [src/hotspot/share/interpreter/linkResolver.cpp, line 773]
Event: 25.803 Thread 0x000002565b510800 Exception <a 'java/lang/NoSuchMethodError'{0x000000008841c248}: 'java.lang.Object java.lang.invoke.DirectMethodHandle$Holder.invokeStatic(java.lang.Object, java.lang.Object, java.lang.Object, java.lang.Object, int)'> (0x000000008841c248) thrown at [src/hotspot/share/interpreter/linkResolver.cpp, line 773]
Event: 25.804 Thread 0x000002565b510800 Exception <a 'java/lang/NoSuchMethodError'{0x00000000884208e0}: 'java.lang.Object java.lang.invoke.DirectMethodHandle$Holder.invokeSpecial(java.lang.Object, java.lang.Object, java.lang.Object, java.lang.Object, java.lang.Object, int)'> (0x00000000884208e0) thrown at [src/hotspot/share/interpreter/linkResolver.cpp, line 773]
Event: 25.804 Thread 0x000002565b510800 Exception <a 'java/lang/NoSuchMethodError'{0x0000000088424ac8}: 'java.lang.Object java.lang.invoke.Invokers$Holder.linkToTargetMethod(java.lang.Object, java.lang.Object, java.lang.Object, int, java.lang.Object)'> (0x0000000088424ac8) thrown at [src/hotspot/share/interpreter/linkResolver.cpp, line 773]

Events (20 events):
Event: 26.019 loading class kotlin/ranges/OpenEndRange done
Event: 26.019 loading class kotlin/ranges/IntProgression
Event: 26.019 loading class kotlin/ranges/IntProgression done
Event: 26.020 loading class kotlin/ranges/IntProgression$Companion
Event: 26.020 loading class kotlin/ranges/IntProgression$Companion done
Event: 26.021 loading class kotlin/ranges/IntRange$Companion
Event: 26.021 loading class kotlin/ranges/IntRange$Companion done
Event: 26.021 loading class kotlin/internal/ProgressionUtilKt
Event: 26.021 loading class kotlin/internal/ProgressionUtilKt done
Event: 26.025 loading class kotlin/ranges/IntProgressionIterator
Event: 26.025 loading class kotlin/ranges/IntProgressionIterator done
Event: 26.026 loading class kotlin/collections/IntIterator
Event: 26.026 loading class kotlin/collections/IntIterator done
Event: 26.027 loading class kotlin/text/CharsKt
Event: 26.027 loading class kotlin/text/CharsKt done
Event: 26.027 loading class kotlin/text/CharsKt__CharKt
Event: 26.027 loading class kotlin/text/CharsKt__CharKt done
Event: 26.028 loading class kotlin/text/CharsKt__CharJVMKt
Event: 26.028 loading class kotlin/text/CharsKt__CharJVMKt done
Event: 26.029 Executing VM operation: CollectForMetadataAllocation


Dynamic libraries:
0x00007ff7a6e00000 - 0x00007ff7a6e0a000 	C:\Program Files\Android\Android Studio\jbr\bin\java.exe
0x00007ff902a30000 - 0x00007ff902c28000 	C:\WINDOWS\SYSTEM32\ntdll.dll
0x00007ff901d00000 - 0x00007ff901dbf000 	C:\WINDOWS\System32\KERNEL32.DLL
0x00007ff9002a0000 - 0x00007ff900596000 	C:\WINDOWS\System32\KERNELBASE.dll
0x00007ff9001a0000 - 0x00007ff9002a0000 	C:\WINDOWS\System32\ucrtbase.dll
0x00007ff8f81b0000 - 0x00007ff8f81cb000 	C:\Program Files\Android\Android Studio\jbr\bin\VCRUNTIME140.dll
0x00007ff8ec850000 - 0x00007ff8ec867000 	C:\Program Files\Android\Android Studio\jbr\bin\jli.dll
0x00007ff8ebc40000 - 0x00007ff8ebeda000 	C:\WINDOWS\WinSxS\amd64_microsoft.windows.common-controls_6595b64144ccf1df_6.0.19041.1110_none_60b5254171f9507e\COMCTL32.dll
0x00007ff9024d0000 - 0x00007ff90256e000 	C:\WINDOWS\System32\msvcrt.dll
0x00007ff9027f0000 - 0x00007ff90298d000 	C:\WINDOWS\System32\USER32.dll
0x00007ff902120000 - 0x00007ff90214c000 	C:\WINDOWS\System32\GDI32.dll
0x00007ff900610000 - 0x00007ff900632000 	C:\WINDOWS\System32\win32u.dll
0x00007ff9006e0000 - 0x00007ff9007f5000 	C:\WINDOWS\System32\gdi32full.dll
0x00007ff900640000 - 0x00007ff9006dd000 	C:\WINDOWS\System32\msvcp_win.dll
0x00007ff901400000 - 0x00007ff901430000 	C:\WINDOWS\System32\IMM32.DLL
0x00007ff8fb560000 - 0x00007ff8fb56c000 	C:\Program Files\Android\Android Studio\jbr\bin\vcruntime140_1.dll
0x00007ff8e3770000 - 0x00007ff8e37fd000 	C:\Program Files\Android\Android Studio\jbr\bin\msvcp140.dll
0x00007ff8bb460000 - 0x00007ff8bc01c000 	C:\Program Files\Android\Android Studio\jbr\bin\server\jvm.dll
0x00007ff900f00000 - 0x00007ff900faf000 	C:\WINDOWS\System32\ADVAPI32.dll
0x00007ff902750000 - 0x00007ff9027ec000 	C:\WINDOWS\System32\sechost.dll
0x00007ff902570000 - 0x00007ff902696000 	C:\WINDOWS\System32\RPCRT4.dll
0x00007ff902740000 - 0x00007ff902748000 	C:\WINDOWS\System32\PSAPI.DLL
0x00007ff8f9f30000 - 0x00007ff8f9f39000 	C:\WINDOWS\SYSTEM32\WSOCK32.dll
0x00007ff901010000 - 0x00007ff90107b000 	C:\WINDOWS\System32\WS2_32.dll
0x00007ff8f2a10000 - 0x00007ff8f2a37000 	C:\WINDOWS\SYSTEM32\WINMM.dll
0x00007ff8f3d40000 - 0x00007ff8f3d4a000 	C:\WINDOWS\SYSTEM32\VERSION.dll
0x00007ff8fe910000 - 0x00007ff8fe922000 	C:\WINDOWS\SYSTEM32\kernel.appcore.dll
0x00007ff8f8b10000 - 0x00007ff8f8b20000 	C:\Program Files\Android\Android Studio\jbr\bin\verify.dll
0x00007ff8efcb0000 - 0x00007ff8efe94000 	C:\WINDOWS\SYSTEM32\DBGHELP.DLL
0x00007ff8efc70000 - 0x00007ff8efca4000 	C:\WINDOWS\SYSTEM32\dbgcore.DLL
0x00007ff900110000 - 0x00007ff900192000 	C:\WINDOWS\System32\bcryptPrimitives.dll
0x00007ff8f8ae0000 - 0x00007ff8f8b08000 	C:\Program Files\Android\Android Studio\jbr\bin\java.dll
0x00007ff8f86d0000 - 0x00007ff8f86da000 	C:\Program Files\Android\Android Studio\jbr\bin\jimage.dll
0x00007ff8ec870000 - 0x00007ff8ec87e000 	C:\Program Files\Android\Android Studio\jbr\bin\instrument.dll
0x00007ff8ec830000 - 0x00007ff8ec848000 	C:\Program Files\Android\Android Studio\jbr\bin\zip.dll
0x00007ff9015b0000 - 0x00007ff901cf4000 	C:\WINDOWS\System32\SHELL32.dll
0x00007ff8fdb30000 - 0x00007ff8fe2c3000 	C:\WINDOWS\SYSTEM32\windows.storage.dll
0x00007ff901dc0000 - 0x00007ff902114000 	C:\WINDOWS\System32\combase.dll
0x00007ff8ff9a0000 - 0x00007ff8ff9ce000 	C:\WINDOWS\SYSTEM32\Wldp.dll
0x00007ff902420000 - 0x00007ff9024cd000 	C:\WINDOWS\System32\SHCORE.dll
0x00007ff902990000 - 0x00007ff9029e5000 	C:\WINDOWS\System32\shlwapi.dll
0x00007ff900050000 - 0x00007ff90006f000 	C:\WINDOWS\SYSTEM32\profapi.dll
0x00007ff8e1a40000 - 0x00007ff8e1a4a000 	C:\Program Files\Android\Android Studio\jbr\bin\management.dll
0x00007ff8e19d0000 - 0x00007ff8e19db000 	C:\Program Files\Android\Android Studio\jbr\bin\management_ext.dll
0x00007ff8c9c80000 - 0x00007ff8c9c99000 	C:\Program Files\Android\Android Studio\jbr\bin\net.dll
0x00007ff8f5190000 - 0x00007ff8f529a000 	C:\WINDOWS\SYSTEM32\WINHTTP.dll
0x00007ff8ff780000 - 0x00007ff8ff7ea000 	C:\WINDOWS\system32\mswsock.dll
0x00007ff8c9c60000 - 0x00007ff8c9c73000 	C:\Program Files\Android\Android Studio\jbr\bin\nio.dll
0x00007ff8bded0000 - 0x00007ff8bdee7000 	C:\WINDOWS\system32\napinsp.dll
0x00007ff8bdeb0000 - 0x00007ff8bdecb000 	C:\WINDOWS\system32\pnrpnsp.dll
0x00007ff8e03c0000 - 0x00007ff8e03d5000 	C:\WINDOWS\system32\wshbth.dll
0x00007ff8fb4a0000 - 0x00007ff8fb4bd000 	C:\WINDOWS\system32\NLAapi.dll
0x00007ff8ff490000 - 0x00007ff8ff4cc000 	C:\WINDOWS\SYSTEM32\IPHLPAPI.DLL
0x00007ff8ff4d0000 - 0x00007ff8ff59a000 	C:\WINDOWS\SYSTEM32\DNSAPI.dll
0x00007ff902410000 - 0x00007ff902418000 	C:\WINDOWS\System32\NSI.dll
0x00007ff8bde90000 - 0x00007ff8bdea2000 	C:\WINDOWS\System32\winrnr.dll
0x00007ff8f3b20000 - 0x00007ff8f3b2a000 	C:\Windows\System32\rasadhlp.dll
0x00007ff8f5020000 - 0x00007ff8f50a2000 	C:\WINDOWS\System32\fwpuclnt.dll
0x00007ff900a60000 - 0x00007ff900a87000 	C:\WINDOWS\System32\bcrypt.dll
0x00007ff8fb520000 - 0x00007ff8fb547000 	C:\Users\shahzaib lptp\AndroidStudioProjects\loginsqlite\native\68d5fa5c4cc2d200863cafc0d521ce42e7d3e7ee720ec0a83991735586a16f82\windows-amd64\native-platform.dll
0x00007ff8b9de0000 - 0x00007ff8b9f24000 	C:\Users\shahzaib lptp\AndroidStudioProjects\loginsqlite\native\e376f236ea51e6404a007f0833ffe2c6e607c4080706a723a18a27aeea778392\windows-amd64\native-platform-file-events.dll
0x00007ff8ffcf0000 - 0x00007ff8ffd08000 	C:\WINDOWS\SYSTEM32\CRYPTSP.dll
0x00007ff8ff0c0000 - 0x00007ff8ff0f4000 	C:\WINDOWS\system32\rsaenh.dll
0x00007ff900010000 - 0x00007ff90003e000 	C:\WINDOWS\SYSTEM32\USERENV.dll
0x00007ff8ff910000 - 0x00007ff8ff91c000 	C:\WINDOWS\SYSTEM32\CRYPTBASE.dll
0x00007ff8f6ef0000 - 0x00007ff8f6f07000 	C:\WINDOWS\SYSTEM32\dhcpcsvc6.DLL
0x00007ff8f6ed0000 - 0x00007ff8f6eed000 	C:\WINDOWS\SYSTEM32\dhcpcsvc.DLL

dbghelp: loaded successfully - version: 4.0.5 - missing functions: none
symbol engine: initialized successfully - sym options: 0x614 - pdb path: .;C:\Program Files\Android\Android Studio\jbr\bin;C:\WINDOWS\SYSTEM32;C:\WINDOWS\WinSxS\amd64_microsoft.windows.common-controls_6595b64144ccf1df_6.0.19041.1110_none_60b5254171f9507e;C:\Program Files\Android\Android Studio\jbr\bin\server;C:\Users\shahzaib lptp\AndroidStudioProjects\loginsqlite\native\68d5fa5c4cc2d200863cafc0d521ce42e7d3e7ee720ec0a83991735586a16f82\windows-amd64;C:\Users\shahzaib lptp\AndroidStudioProjects\loginsqlite\native\e376f236ea51e6404a007f0833ffe2c6e607c4080706a723a18a27aeea778392\windows-amd64

VM Arguments:
jvm_args: --add-opens=java.base/java.util.concurrent.atomic=ALL-UNNAMED -javaagent:C:\Program Files\Android\Android Studio\plugins\android\resources\trace_agent.jar=C:\Users\SHAHZA~1\AppData\Local\Temp\sync.trace.profile --add-opens=java.base/java.util=ALL-UNNAMED --add-opens=java.base/java.lang=ALL-UNNAMED --add-opens=java.base/java.lang.invoke=ALL-UNNAMED --add-opens=java.prefs/java.util.prefs=ALL-UNNAMED --add-opens=java.base/java.nio.charset=ALL-UNNAMED --add-opens=java.base/java.net=ALL-UNNAMED --add-opens=java.base/java.util.concurrent.atomic=ALL-UNNAMED -Xmx2048m -Dfile.encoding=UTF-8 -Duser.country=US -Duser.language=en -Duser.variant -javaagent:C:\Users\shahzaib lptp\AndroidStudioProjects\loginsqlite\wrapper\dists\gradle-8.3-rc-1-bin\3lbs5z64xhcdp1uarsx2vp16o\gradle-8.3-rc-1\lib\agents\gradle-instrumentation-agent-8.3.jar 
java_command: org.gradle.launcher.daemon.bootstrap.GradleDaemon 8.3-rc-1
java_class_path (initial): C:\Users\shahzaib lptp\AndroidStudioProjects\loginsqlite\wrapper\dists\gradle-8.3-rc-1-bin\3lbs5z64xhcdp1uarsx2vp16o\gradle-8.3-rc-1\lib\gradle-launcher-8.3.jar
Launcher Type: SUN_STANDARD

[Global flags]
     intx CICompilerCount                          = 3                                         {product} {ergonomic}
     uint ConcGCThreads                            = 1                                         {product} {ergonomic}
     uint G1ConcRefinementThreads                  = 4                                         {product} {ergonomic}
   size_t G1HeapRegionSize                         = 1048576                                   {product} {ergonomic}
    uintx GCDrainStackTargetSize                   = 64                                        {product} {ergonomic}
   size_t InitialHeapSize                          = 134217728                                 {product} {ergonomic}
   size_t MarkStackSize                            = 4194304                                   {product} {ergonomic}
   size_t MaxHeapSize                              = 2147483648                                {product} {command line}
   size_t MaxNewSize                               = 1287651328                                {product} {ergonomic}
   size_t MinHeapDeltaBytes                        = 1048576                                   {product} {ergonomic}
    uintx NonNMethodCodeHeapSize                   = 5830732                                {pd product} {ergonomic}
    uintx NonProfiledCodeHeapSize                  = 122913754                              {pd product} {ergonomic}
    uintx ProfiledCodeHeapSize                     = 122913754                              {pd product} {ergonomic}
    uintx ReservedCodeCacheSize                    = 251658240                              {pd product} {ergonomic}
     bool SegmentedCodeCache                       = true                                      {product} {ergonomic}
     bool UseCompressedClassPointers               = true                                 {lp64_product} {ergonomic}
     bool UseCompressedOops                        = true                                 {lp64_product} {ergonomic}
     bool UseG1GC                                  = true                                      {product} {ergonomic}
     bool UseLargePagesIndividualAllocation        = false                                  {pd product} {ergonomic}

Logging:
Log output configuration:
 #0: stdout all=warning uptime,level,tags
 #1: stderr all=off uptime,level,tags

Environment Variables:
PATH=C:\Program Files\Python310\Scripts\;C:\Program Files\Python310\;C:\Program Files\Common Files\Oracle\Java\javapath;C:\app\bin;C:\app\shahzaiblptp\product\11.2.0\dbhome_1\bin;C:\WINDOWS\system32;C:\WINDOWS;C:\WINDOWS\System32\Wbem;C:\WINDOWS\System32\WindowsPowerShell\v1.0\;c:\Program Files (x86)\Microsoft SQL Server\100\Tools\Binn\;c:\Program Files\Microsoft SQL Server\100\Tools\Binn\;c:\Program Files\Microsoft SQL Server\100\DTS\Binn\;C:\WINDOWS\System32\OpenSSH\;C:\ProgramData\chocolatey\bin;%JAVA_HOME%\bin;C:\Program Files\Git\cmd;C:\WINDOWS\System32;C:\Users\shahzaib lptp\AppData\Local\Microsoft\WindowsApps;C:\Program Files\JetBrains\IntelliJ IDEA Community Edition 2021.3\bin;;C:\Program Files\Python310\PyCharm Community Edition 2022.1\bin;;C:\Users\shahzaib lptp\AppData\Local\Programs\Microsoft VS Code\bin;C:\Program Files\flutter\bin;C:\src\flutter\bin;C:\Program Files\Android\Android Studio\bin;
USERNAME=shahzaib lptp
OS=Windows_NT
PROCESSOR_IDENTIFIER=Intel64 Family 6 Model 69 Stepping 1, GenuineIntel



---------------  S Y S T E M  ---------------

OS: Windows 10 , 64 bit Build 19041 (10.0.19041.3031)
OS uptime: 1 days 7:16 hours
Hyper-V role detected

CPU:total 4 (initial active 4) (2 cores per cpu, 2 threads per core) family 6 model 69 stepping 1 microcode 0x26, cmov, cx8, fxsr, mmx, sse, sse2, sse3, ssse3, sse4.1, sse4.2, popcnt, avx, avx2, aes, clmul, erms, lzcnt, ht, tsc, tscinvbit, bmi1, bmi2, fma

Memory: 4k page, system-wide physical 8073M (540M free)
TotalPageFile size 10073M (AvailPageFile size 3M)
current process WorkingSet (physical memory assigned to process): 366M, peak: 366M
current process commit charge ("private bytes"): 402M, peak: 403M

vm_info: OpenJDK 64-Bit Server VM (11.0.15+0-b2043.56-9505619) for windows-amd64 JRE (11.0.15+0-b2043.56-9505619), built on Jan 19 2023 02:48:00 by "builduser" with unknown MS VC++:1929

END.
