#
# There is insufficient memory for the Java Runtime Environment to continue.
# Native memory allocation (malloc) failed to allocate 1361296 bytes for Chunk::new
# Possible reasons:
#   The system is out of physical RAM or swap space
#   The process is running with CompressedOops enabled, and the Java Heap may be blocking the growth of the native heap
# Possible solutions:
#   Reduce memory load on the system
#   Increase physical memory or swap space
#   Check if swap backing store is full
#   Decrease Java heap size (-Xmx/-Xms)
#   Decrease number of Java threads
#   Decrease Java thread stack sizes (-Xss)
#   Set larger code cache with -XX:ReservedCodeCacheSize=
#   JVM is running with Unscaled Compressed Oops mode in which the Java heap is
#     placed in the first 4GB address space. The Java Heap base address is the
#     maximum limit for the native heap growth. Please use -XX:HeapBaseMinAddress
#     to set the Java Heap base and to place the Java Heap above 4GB virtual address.
# This output file may be truncated or incomplete.
#
#  Out of Memory Error (src/hotspot/share/memory/arena.cpp:197), pid=6364, tid=12672
#
# JRE version: OpenJDK Runtime Environment (11.0.15) (build 11.0.15+0-b2043.56-9505619)
# Java VM: OpenJDK 64-Bit Server VM (11.0.15+0-b2043.56-9505619, mixed mode, tiered, compressed oops, g1 gc, windows-amd64)
# No core dump will be written. Minidumps are not enabled by default on client versions of Windows
#

---------------  S U M M A R Y ------------

Command Line: --add-opens=java.base/java.util=ALL-UNNAMED --add-opens=java.base/java.lang=ALL-UNNAMED --add-opens=java.base/java.lang.invoke=ALL-UNNAMED --add-opens=java.base/java.util=ALL-UNNAMED --add-opens=java.prefs/java.util.prefs=ALL-UNNAMED --add-opens=java.prefs/java.util.prefs=ALL-UNNAMED --add-opens=java.base/java.nio.charset=ALL-UNNAMED --add-opens=java.base/java.net=ALL-UNNAMED --add-opens=java.base/java.util.concurrent.atomic=ALL-UNNAMED -Xmx2048m -Dfile.encoding=UTF-8 -Duser.country=US -Duser.language=en -Duser.variant org.gradle.launcher.daemon.bootstrap.GradleDaemon 7.5

Host: Intel(R) Core(TM) i5-4310U CPU @ 2.00GHz, 4 cores, 3G,  Windows 10 , 64 bit Build 19041 (10.0.19041.2788)
Time: Tue Apr 18 23:38:00 2023 Pakistan Standard Time elapsed time: 600.950140 seconds (0d 0h 10m 0s)

---------------  T H R E A D  ---------------

Current thread (0x000001e1a2b37000):  JavaThread "C2 CompilerThread0" daemon [_thread_in_native, id=12672, stack(0x0000005f56800000,0x0000005f56900000)]


Current CompileTask:
C2: 600950 20146       4       org.codehaus.groovy.runtime.metaclass.MetaMethodIndex::addMethodToList (131 bytes)

Stack: [0x0000005f56800000,0x0000005f56900000]
Native frames: (J=compiled Java code, j=interpreted, Vv=VM code, C=native code)
V  [jvm.dll+0x64135a]
V  [jvm.dll+0x7d39f9]
V  [jvm.dll+0x7d51b9]
V  [jvm.dll+0x7d58a3]
V  [jvm.dll+0x2691c5]
V  [jvm.dll+0xc1a5c]
V  [jvm.dll+0xc200c]
V  [jvm.dll+0x377462]
V  [jvm.dll+0x342495]
V  [jvm.dll+0x34186a]
V  [jvm.dll+0x2214bd]
V  [jvm.dll+0x220498]
V  [jvm.dll+0x19e851]
V  [jvm.dll+0x230479]
V  [jvm.dll+0x22e5ef]
V  [jvm.dll+0x794de1]
V  [jvm.dll+0x78dc24]
V  [jvm.dll+0x6400f6]
C  [ucrtbase.dll+0x21bb2]
C  [KERNEL32.DLL+0x17604]
C  [ntdll.dll+0x526a1]


---------------  P R O C E S S  ---------------

Threads class SMR info:
_java_thread_list=0x000001e1a7c34520, length=46, elements={
0x000001e1885d5000, 0x000001e1a21af000, 0x000001e1a21b0000, 0x000001e1a2b30800,
0x000001e1a2b31800, 0x000001e1a2b34000, 0x000001e1a2b37000, 0x000001e1a2b3d000,
0x000001e1a2b89000, 0x000001e1a2c86800, 0x000001e1a46f8800, 0x000001e1a45e4800,
0x000001e1a3ea6800, 0x000001e1a30b3800, 0x000001e1a30b1000, 0x000001e1a30af000,
0x000001e1a30b2800, 0x000001e1a30b4000, 0x000001e1a30b0000, 0x000001e1a30b1800,
0x000001e1a30ae800, 0x000001e1a30b5000, 0x000001e1a4462000, 0x000001e1a4460800,
0x000001e1a8c62800, 0x000001e1a8c61000, 0x000001e1aa990800, 0x000001e1a8d3c000,
0x000001e1a4463800, 0x000001e1a8c66000, 0x000001e1a4464800, 0x000001e1a8d37000,
0x000001e1a8c69000, 0x000001e1a4c47000, 0x000001e1a4c48800, 0x000001e1a4c49800,
0x000001e1a4c48000, 0x000001e1a4c43800, 0x000001e1a4c4a000, 0x000001e1aa987000,
0x000001e1aa987800, 0x000001e1aa988800, 0x000001e1aa986000, 0x000001e1aa989800,
0x000001e1aa98a000, 0x000001e1aa98b000
}

Java Threads: ( => current thread )
  0x000001e1885d5000 JavaThread "main" [_thread_blocked, id=10816, stack(0x0000005f55c00000,0x0000005f55d00000)]
  0x000001e1a21af000 JavaThread "Reference Handler" daemon [_thread_blocked, id=9692, stack(0x0000005f56300000,0x0000005f56400000)]
  0x000001e1a21b0000 JavaThread "Finalizer" daemon [_thread_blocked, id=12532, stack(0x0000005f56400000,0x0000005f56500000)]
  0x000001e1a2b30800 JavaThread "Signal Dispatcher" daemon [_thread_blocked, id=12544, stack(0x0000005f56500000,0x0000005f56600000)]
  0x000001e1a2b31800 JavaThread "Attach Listener" daemon [_thread_blocked, id=12540, stack(0x0000005f56600000,0x0000005f56700000)]
  0x000001e1a2b34000 JavaThread "Service Thread" daemon [_thread_blocked, id=12788, stack(0x0000005f56700000,0x0000005f56800000)]
=>0x000001e1a2b37000 JavaThread "C2 CompilerThread0" daemon [_thread_in_native, id=12672, stack(0x0000005f56800000,0x0000005f56900000)]
  0x000001e1a2b3d000 JavaThread "C1 CompilerThread0" daemon [_thread_blocked, id=8684, stack(0x0000005f56900000,0x0000005f56a00000)]
  0x000001e1a2b89000 JavaThread "Sweeper thread" daemon [_thread_blocked, id=11308, stack(0x0000005f56a00000,0x0000005f56b00000)]
  0x000001e1a2c86800 JavaThread "Common-Cleaner" daemon [_thread_blocked, id=11052, stack(0x0000005f56b00000,0x0000005f56c00000)]
  0x000001e1a46f8800 JavaThread "Daemon health stats" [_thread_blocked, id=2732, stack(0x0000005f56e00000,0x0000005f56f00000)]
  0x000001e1a45e4800 JavaThread "Incoming local TCP Connector on port 50506" [_thread_in_native, id=2204, stack(0x0000005f56f00000,0x0000005f57000000)]
  0x000001e1a3ea6800 JavaThread "Daemon periodic checks" [_thread_blocked, id=10160, stack(0x0000005f57000000,0x0000005f57100000)]
  0x000001e1a30b3800 JavaThread "Cache worker for journal cache (C:\Users\shahzaib lptp\AndroidStudioProjects\loginsqlite\caches\journal-1)" [_thread_blocked, id=12704, stack(0x0000005f57a00000,0x0000005f57b00000)]
  0x000001e1a30b1000 JavaThread "File lock request listener" [_thread_in_native, id=13264, stack(0x0000005f57b00000,0x0000005f57c00000)]
  0x000001e1a30af000 JavaThread "Cache worker for file hash cache (C:\Users\shahzaib lptp\AndroidStudioProjects\loginsqlite\caches\7.5\fileHashes)" [_thread_blocked, id=12088, stack(0x0000005f57c00000,0x0000005f57d00000)]
  0x000001e1a30b2800 JavaThread "File watcher server" daemon [_thread_in_native, id=4244, stack(0x0000005f57e00000,0x0000005f57f00000)]
  0x000001e1a30b4000 JavaThread "File watcher consumer" daemon [_thread_blocked, id=13200, stack(0x0000005f57f00000,0x0000005f58000000)]
  0x000001e1a30b0000 JavaThread "jar transforms" [_thread_blocked, id=5860, stack(0x0000005f58000000,0x0000005f58100000)]
  0x000001e1a30b1800 JavaThread "jar transforms Thread 2" [_thread_blocked, id=5900, stack(0x0000005f58100000,0x0000005f58200000)]
  0x000001e1a30ae800 JavaThread "jar transforms Thread 3" [_thread_blocked, id=12996, stack(0x0000005f58200000,0x0000005f58300000)]
  0x000001e1a30b5000 JavaThread "jar transforms Thread 4" [_thread_blocked, id=1520, stack(0x0000005f58300000,0x0000005f58400000)]
  0x000001e1a4462000 JavaThread "Cache worker for file content cache (C:\Users\shahzaib lptp\AndroidStudioProjects\loginsqlite\caches\7.5\fileContent)" [_thread_blocked, id=2376, stack(0x0000005f58500000,0x0000005f58600000)]
  0x000001e1a4460800 JavaThread "Cache worker for execution history cache (C:\Users\shahzaib lptp\AndroidStudioProjects\loginsqlite\caches\7.5\executionHistory)" [_thread_blocked, id=12736, stack(0x0000005f58900000,0x0000005f58a00000)]
  0x000001e1a8c62800 JavaThread "Memory manager" [_thread_blocked, id=1976, stack(0x0000005f5b400000,0x0000005f5b500000)]
  0x000001e1a8c61000 JavaThread "pool-3-thread-1" [_thread_blocked, id=11472, stack(0x0000005f58600000,0x0000005f58700000)]
  0x000001e1aa990800 JavaThread "pool-6-thread-1" [_thread_blocked, id=12404, stack(0x0000005f5b300000,0x0000005f5b400000)]
  0x000001e1a8d3c000 JavaThread "pool-9-thread-1" [_thread_blocked, id=2744, stack(0x0000005f5b700000,0x0000005f5b800000)]
  0x000001e1a4463800 JavaThread "pool-12-thread-1" [_thread_blocked, id=4288, stack(0x0000005f57900000,0x0000005f57a00000)]
  0x000001e1a8c66000 JavaThread "pool-15-thread-1" [_thread_blocked, id=10428, stack(0x0000005f5b500000,0x0000005f5b600000)]
  0x000001e1a4464800 JavaThread "Daemon Thread 4" [_thread_blocked, id=5348, stack(0x0000005f55a00000,0x0000005f55b00000)]
  0x000001e1a8d37000 JavaThread "Daemon worker Thread 3" [_thread_in_Java, id=11648, stack(0x0000005f57200000,0x0000005f57300000)]
  0x000001e1a8c69000 JavaThread "pool-18-thread-1" [_thread_blocked, id=6952, stack(0x0000005f5b600000,0x0000005f5b700000)]
  0x000001e1a4c47000 JavaThread "included builds" [_thread_blocked, id=11960, stack(0x0000005f5b800000,0x0000005f5b900000)]
  0x000001e1a4c48800 JavaThread "Daemon Thread 5" [_thread_blocked, id=11496, stack(0x0000005f57100000,0x0000005f57200000)]
  0x000001e1a4c49800 JavaThread "Handler for socket connection from /127.0.0.1:50506 to /127.0.0.1:50700" [_thread_in_native, id=11492, stack(0x0000005f57300000,0x0000005f57400000)]
  0x000001e1a4c48000 JavaThread "Cancel handler" [_thread_blocked, id=10904, stack(0x0000005f55b00000,0x0000005f55c00000)]
  0x000001e1a4c43800 JavaThread "Asynchronous log dispatcher for DefaultDaemonConnection: socket connection from /127.0.0.1:50506 to /127.0.0.1:50700" [_thread_blocked, id=12052, stack(0x0000005f57400000,0x0000005f57500000)]
  0x000001e1a4c4a000 JavaThread "Stdin handler" [_thread_blocked, id=10924, stack(0x0000005f57700000,0x0000005f57800000)]
  0x000001e1aa987000 JavaThread "Daemon client event forwarder" [_thread_blocked, id=12908, stack(0x0000005f57800000,0x0000005f57900000)]
  0x000001e1aa987800 JavaThread "Cache worker for checksums cache (C:\Users\shahzaib lptp\AndroidStudioProjects\EyeonwaterApp\.gradle\7.5\checksums)" [_thread_blocked, id=9588, stack(0x0000005f57d00000,0x0000005f57e00000)]
  0x000001e1aa988800 JavaThread "Cache worker for cache directory md-rule (C:\Users\shahzaib lptp\AndroidStudioProjects\loginsqlite\caches\7.5\md-rule)" [_thread_blocked, id=10972, stack(0x0000005f58400000,0x0000005f58500000)]
  0x000001e1aa986000 JavaThread "Cache worker for file hash cache (C:\Users\shahzaib lptp\AndroidStudioProjects\EyeonwaterApp\.gradle\7.5\fileHashes)" [_thread_blocked, id=11324, stack(0x0000005f58700000,0x0000005f58800000)]
  0x000001e1aa989800 JavaThread "Cache worker for cache directory md-supplier (C:\Users\shahzaib lptp\AndroidStudioProjects\loginsqlite\caches\7.5\md-supplier)" [_thread_blocked, id=12464, stack(0x0000005f58800000,0x0000005f58900000)]
  0x000001e1aa98a000 JavaThread "Cache worker for dependencies-accessors (C:\Users\shahzaib lptp\AndroidStudioProjects\EyeonwaterApp\.gradle\7.5\dependencies-accessors)" [_thread_blocked, id=12476, stack(0x0000005f58a00000,0x0000005f58b00000)]
  0x000001e1aa98b000 JavaThread "Cache worker for Build Output Cleanup Cache (C:\Users\shahzaib lptp\AndroidStudioProjects\EyeonwaterApp\.gradle\buildOutputCleanup)" [_thread_blocked, id=11436, stack(0x0000005f58b00000,0x0000005f58c00000)]

Other Threads:
  0x000001e1a21ab000 VMThread "VM Thread" [stack: 0x0000005f56200000,0x0000005f56300000] [id=12236]
  0x000001e1a2ca1800 WatcherThread [stack: 0x0000005f56c00000,0x0000005f56d00000] [id=12792]
  0x000001e1885ec000 GCTaskThread "GC Thread#0" [stack: 0x0000005f55d00000,0x0000005f55e00000] [id=12976]
  0x000001e1a300e800 GCTaskThread "GC Thread#1" [stack: 0x0000005f56d00000,0x0000005f56e00000] [id=5364]
  0x000001e1a39ea000 GCTaskThread "GC Thread#2" [stack: 0x0000005f57500000,0x0000005f57600000] [id=8352]
  0x000001e1a3a51000 GCTaskThread "GC Thread#3" [stack: 0x0000005f57600000,0x0000005f57700000] [id=9680]
  0x000001e18861c800 ConcurrentGCThread "G1 Main Marker" [stack: 0x0000005f55e00000,0x0000005f55f00000] [id=10920]
  0x000001e18861f000 ConcurrentGCThread "G1 Conc#0" [stack: 0x0000005f55f00000,0x0000005f56000000] [id=10916]
  0x000001e188676000 ConcurrentGCThread "G1 Refine#0" [stack: 0x0000005f56000000,0x0000005f56100000] [id=11984]
  0x000001e188677000 ConcurrentGCThread "G1 Young RemSet Sampling" [stack: 0x0000005f56100000,0x0000005f56200000] [id=9396]

Threads with active compile tasks:
C2 CompilerThread0   601012 20146       4       org.codehaus.groovy.runtime.metaclass.MetaMethodIndex::addMethodToList (131 bytes)

VM state:not at safepoint (normal execution)

VM Mutex/Monitor currently owned by a thread: None

Heap address: 0x0000000080000000, size: 2048 MB, Compressed Oops mode: 32-bit
Narrow klass base: 0x0000000000000000, Narrow klass shift: 3
Compressed class space size: 1073741824 Address: 0x0000000100000000

Heap:
 garbage-first heap   total 279552K, used 214887K [0x0000000080000000, 0x0000000100000000)
  region size 1024K, 18 young (18432K), 3 survivors (3072K)
 Metaspace       used 121136K, capacity 125026K, committed 125224K, reserved 1159168K
  class space    used 14787K, capacity 16160K, committed 16256K, reserved 1048576K
Heap Regions: E=young(eden), S=young(survivor), O=old, HS=humongous(starts), HC=humongous(continues), CS=collection set, F=free, A=archive, TAMS=top-at-mark-start (previous, next)
|   0|0x0000000080000000, 0x0000000080100000, 0x0000000080100000|100%|HS|  |TAMS 0x0000000080100000, 0x0000000080000000| Complete 
|   1|0x0000000080100000, 0x0000000080200000, 0x0000000080200000|100%|HC|  |TAMS 0x0000000080200000, 0x0000000080100000| Complete 
|   2|0x0000000080200000, 0x0000000080300000, 0x0000000080300000|100%|HC|  |TAMS 0x0000000080300000, 0x0000000080200000| Complete 
|   3|0x0000000080300000, 0x0000000080400000, 0x0000000080400000|100%| O|  |TAMS 0x0000000080400000, 0x0000000080300000| Untracked 
|   4|0x0000000080400000, 0x0000000080500000, 0x0000000080500000|100%| O|  |TAMS 0x0000000080500000, 0x0000000080400000| Untracked 
|   5|0x0000000080500000, 0x0000000080600000, 0x0000000080600000|100%| O|  |TAMS 0x0000000080600000, 0x0000000080500000| Complete 
|   6|0x0000000080600000, 0x0000000080700000, 0x0000000080700000|100%| O|  |TAMS 0x0000000080700000, 0x0000000080600000| Untracked 
|   7|0x0000000080700000, 0x0000000080800000, 0x0000000080800000|100%| O|  |TAMS 0x0000000080800000, 0x0000000080700000| Complete 
|   8|0x0000000080800000, 0x0000000080900000, 0x0000000080900000|100%| O|  |TAMS 0x0000000080900000, 0x0000000080800000| Untracked 
|   9|0x0000000080900000, 0x0000000080a00000, 0x0000000080a00000|100%| O|  |TAMS 0x0000000080a00000, 0x0000000080900000| Untracked 
|  10|0x0000000080a00000, 0x0000000080b00000, 0x0000000080b00000|100%| O|  |TAMS 0x0000000080b00000, 0x0000000080a00000| Untracked 
|  11|0x0000000080b00000, 0x0000000080c00000, 0x0000000080c00000|100%| O|  |TAMS 0x0000000080c00000, 0x0000000080b00000| Untracked 
|  12|0x0000000080c00000, 0x0000000080d00000, 0x0000000080d00000|100%| O|  |TAMS 0x0000000080d00000, 0x0000000080c00000| Complete 
|  13|0x0000000080d00000, 0x0000000080e00000, 0x0000000080e00000|100%| O|  |TAMS 0x0000000080e00000, 0x0000000080d00000| Untracked 
|  14|0x0000000080e00000, 0x0000000080f00000, 0x0000000080f00000|100%| O|  |TAMS 0x0000000080f00000, 0x0000000080e00000| Complete 
|  15|0x0000000080f00000, 0x0000000081000000, 0x0000000081000000|100%| O|  |TAMS 0x0000000081000000, 0x0000000080f00000| Untracked 
|  16|0x0000000081000000, 0x0000000081100000, 0x0000000081100000|100%| O|  |TAMS 0x0000000081100000, 0x0000000081000000| Complete 
|  17|0x0000000081100000, 0x0000000081200000, 0x0000000081200000|100%|HS|  |TAMS 0x0000000081200000, 0x0000000081100000| Complete 
|  18|0x0000000081200000, 0x0000000081300000, 0x0000000081300000|100%|HC|  |TAMS 0x0000000081300000, 0x0000000081200000| Complete 
|  19|0x0000000081300000, 0x0000000081400000, 0x0000000081400000|100%|HS|  |TAMS 0x0000000081400000, 0x0000000081300000| Complete 
|  20|0x0000000081400000, 0x0000000081500000, 0x0000000081500000|100%|HC|  |TAMS 0x0000000081500000, 0x0000000081400000| Complete 
|  21|0x0000000081500000, 0x0000000081600000, 0x0000000081600000|100%|HC|  |TAMS 0x0000000081600000, 0x0000000081500000| Complete 
|  22|0x0000000081600000, 0x0000000081700000, 0x0000000081700000|100%|HS|  |TAMS 0x0000000081700000, 0x0000000081600000| Complete 
|  23|0x0000000081700000, 0x0000000081800000, 0x0000000081800000|100%|HC|  |TAMS 0x0000000081800000, 0x0000000081700000| Complete 
|  24|0x0000000081800000, 0x0000000081900000, 0x0000000081900000|100%|HC|  |TAMS 0x0000000081900000, 0x0000000081800000| Complete 
|  25|0x0000000081900000, 0x0000000081a00000, 0x0000000081a00000|100%|HS|  |TAMS 0x0000000081a00000, 0x0000000081900000| Complete 
|  26|0x0000000081a00000, 0x0000000081b00000, 0x0000000081b00000|100%|HC|  |TAMS 0x0000000081b00000, 0x0000000081a00000| Complete 
|  27|0x0000000081b00000, 0x0000000081c00000, 0x0000000081c00000|100%| O|  |TAMS 0x0000000081c00000, 0x0000000081b00000| Untracked 
|  28|0x0000000081c00000, 0x0000000081d00000, 0x0000000081d00000|100%| O|  |TAMS 0x0000000081d00000, 0x0000000081c00000| Untracked 
|  29|0x0000000081d00000, 0x0000000081e00000, 0x0000000081e00000|100%|HS|  |TAMS 0x0000000081e00000, 0x0000000081d00000| Complete 
|  30|0x0000000081e00000, 0x0000000081f00000, 0x0000000081f00000|100%|HC|  |TAMS 0x0000000081f00000, 0x0000000081e00000| Complete 
|  31|0x0000000081f00000, 0x0000000082000000, 0x0000000082000000|100%|HC|  |TAMS 0x0000000082000000, 0x0000000081f00000| Complete 
|  32|0x0000000082000000, 0x0000000082100000, 0x0000000082100000|100%|HC|  |TAMS 0x0000000082100000, 0x0000000082000000| Complete 
|  33|0x0000000082100000, 0x0000000082200000, 0x0000000082200000|100%|HC|  |TAMS 0x0000000082200000, 0x0000000082100000| Complete 
|  34|0x0000000082200000, 0x0000000082300000, 0x0000000082300000|100%|HC|  |TAMS 0x0000000082300000, 0x0000000082200000| Complete 
|  35|0x0000000082300000, 0x0000000082400000, 0x0000000082400000|100%|HC|  |TAMS 0x0000000082400000, 0x0000000082300000| Complete 
|  36|0x0000000082400000, 0x0000000082500000, 0x0000000082500000|100%|HC|  |TAMS 0x0000000082500000, 0x0000000082400000| Complete 
|  37|0x0000000082500000, 0x0000000082600000, 0x0000000082600000|100%|HC|  |TAMS 0x0000000082600000, 0x0000000082500000| Complete 
|  38|0x0000000082600000, 0x0000000082700000, 0x0000000082700000|100%|HC|  |TAMS 0x0000000082700000, 0x0000000082600000| Complete 
|  39|0x0000000082700000, 0x0000000082800000, 0x0000000082800000|100%|HS|  |TAMS 0x0000000082800000, 0x0000000082700000| Complete 
|  40|0x0000000082800000, 0x0000000082900000, 0x0000000082900000|100%|HC|  |TAMS 0x0000000082900000, 0x0000000082800000| Complete 
|  41|0x0000000082900000, 0x0000000082a00000, 0x0000000082a00000|100%| O|  |TAMS 0x0000000082a00000, 0x0000000082900000| Untracked 
|  42|0x0000000082a00000, 0x0000000082b00000, 0x0000000082b00000|100%| O|  |TAMS 0x0000000082b00000, 0x0000000082a00000| Complete 
|  43|0x0000000082b00000, 0x0000000082c00000, 0x0000000082c00000|100%| O|  |TAMS 0x0000000082c00000, 0x0000000082b00000| Untracked 
|  44|0x0000000082c00000, 0x0000000082d00000, 0x0000000082d00000|100%| O|  |TAMS 0x0000000082d00000, 0x0000000082c00000| Untracked 
|  45|0x0000000082d00000, 0x0000000082e00000, 0x0000000082e00000|100%|HS|  |TAMS 0x0000000082e00000, 0x0000000082d00000| Complete 
|  46|0x0000000082e00000, 0x0000000082f00000, 0x0000000082f00000|100%|HC|  |TAMS 0x0000000082f00000, 0x0000000082e00000| Complete 
|  47|0x0000000082f00000, 0x0000000083000000, 0x0000000083000000|100%|HC|  |TAMS 0x0000000083000000, 0x0000000082f00000| Complete 
|  48|0x0000000083000000, 0x0000000083100000, 0x0000000083100000|100%|HC|  |TAMS 0x0000000083100000, 0x0000000083000000| Complete 
|  49|0x0000000083100000, 0x0000000083200000, 0x0000000083200000|100%|HC|  |TAMS 0x0000000083200000, 0x0000000083100000| Complete 
|  50|0x0000000083200000, 0x0000000083300000, 0x0000000083300000|100%| O|  |TAMS 0x0000000083300000, 0x0000000083200000| Untracked 
|  51|0x0000000083300000, 0x0000000083400000, 0x0000000083400000|100%| O|  |TAMS 0x0000000083400000, 0x0000000083300000| Complete 
|  52|0x0000000083400000, 0x0000000083500000, 0x0000000083500000|100%| O|  |TAMS 0x0000000083500000, 0x0000000083400000| Complete 
|  53|0x0000000083500000, 0x0000000083600000, 0x0000000083600000|100%| O|  |TAMS 0x0000000083600000, 0x0000000083500000| Untracked 
|  54|0x0000000083600000, 0x0000000083700000, 0x0000000083700000|100%| O|  |TAMS 0x0000000083700000, 0x0000000083600000| Untracked 
|  55|0x0000000083700000, 0x0000000083800000, 0x0000000083800000|100%| O|  |TAMS 0x0000000083800000, 0x0000000083700000| Untracked 
|  56|0x0000000083800000, 0x0000000083900000, 0x0000000083900000|100%| O|  |TAMS 0x0000000083900000, 0x0000000083800000| Untracked 
|  57|0x0000000083900000, 0x0000000083a00000, 0x0000000083a00000|100%| O|  |TAMS 0x0000000083a00000, 0x0000000083900000| Untracked 
|  58|0x0000000083a00000, 0x0000000083b00000, 0x0000000083b00000|100%| O|  |TAMS 0x0000000083b00000, 0x0000000083a00000| Untracked 
|  59|0x0000000083b00000, 0x0000000083c00000, 0x0000000083c00000|100%| O|  |TAMS 0x0000000083c00000, 0x0000000083b00000| Untracked 
|  60|0x0000000083c00000, 0x0000000083d00000, 0x0000000083d00000|100%|HS|  |TAMS 0x0000000083d00000, 0x0000000083c00000| Complete 
|  61|0x0000000083d00000, 0x0000000083e00000, 0x0000000083e00000|100%|HC|  |TAMS 0x0000000083e00000, 0x0000000083d00000| Complete 
|  62|0x0000000083e00000, 0x0000000083f00000, 0x0000000083f00000|100%|HC|  |TAMS 0x0000000083f00000, 0x0000000083e00000| Complete 
|  63|0x0000000083f00000, 0x0000000084000000, 0x0000000084000000|100%|HC|  |TAMS 0x0000000084000000, 0x0000000083f00000| Complete 
|  64|0x0000000084000000, 0x0000000084100000, 0x0000000084100000|100%|HC|  |TAMS 0x0000000084100000, 0x0000000084000000| Complete 
|  65|0x0000000084100000, 0x0000000084200000, 0x0000000084200000|100%|HC|  |TAMS 0x0000000084200000, 0x0000000084100000| Complete 
|  66|0x0000000084200000, 0x0000000084300000, 0x0000000084300000|100%|HC|  |TAMS 0x0000000084300000, 0x0000000084200000| Complete 
|  67|0x0000000084300000, 0x0000000084400000, 0x0000000084400000|100%|HC|  |TAMS 0x0000000084400000, 0x0000000084300000| Complete 
|  68|0x0000000084400000, 0x0000000084500000, 0x0000000084500000|100%|HC|  |TAMS 0x0000000084500000, 0x0000000084400000| Complete 
|  69|0x0000000084500000, 0x0000000084600000, 0x0000000084600000|100%|HC|  |TAMS 0x0000000084600000, 0x0000000084500000| Complete 
|  70|0x0000000084600000, 0x0000000084700000, 0x0000000084700000|100%|HS|  |TAMS 0x0000000084700000, 0x0000000084600000| Complete 
|  71|0x0000000084700000, 0x0000000084800000, 0x0000000084800000|100%|HC|  |TAMS 0x0000000084800000, 0x0000000084700000| Complete 
|  72|0x0000000084800000, 0x0000000084900000, 0x0000000084900000|100%|HS|  |TAMS 0x0000000084900000, 0x0000000084800000| Complete 
|  73|0x0000000084900000, 0x0000000084a00000, 0x0000000084a00000|100%|HC|  |TAMS 0x0000000084a00000, 0x0000000084900000| Complete 
|  74|0x0000000084a00000, 0x0000000084b00000, 0x0000000084b00000|100%|HC|  |TAMS 0x0000000084b00000, 0x0000000084a00000| Complete 
|  75|0x0000000084b00000, 0x0000000084c00000, 0x0000000084c00000|100%|HS|  |TAMS 0x0000000084c00000, 0x0000000084b00000| Complete 
|  76|0x0000000084c00000, 0x0000000084d00000, 0x0000000084d00000|100%|HC|  |TAMS 0x0000000084d00000, 0x0000000084c00000| Complete 
|  77|0x0000000084d00000, 0x0000000084e00000, 0x0000000084e00000|100%|HS|  |TAMS 0x0000000084e00000, 0x0000000084d00000| Complete 
|  78|0x0000000084e00000, 0x0000000084f00000, 0x0000000084f00000|100%|HC|  |TAMS 0x0000000084f00000, 0x0000000084e00000| Complete 
|  79|0x0000000084f00000, 0x0000000085000000, 0x0000000085000000|100%|HC|  |TAMS 0x0000000085000000, 0x0000000084f00000| Complete 
|  80|0x0000000085000000, 0x0000000085100000, 0x0000000085100000|100%|HS|  |TAMS 0x0000000085100000, 0x0000000085000000| Complete 
|  81|0x0000000085100000, 0x0000000085200000, 0x0000000085200000|100%|HC|  |TAMS 0x0000000085200000, 0x0000000085100000| Complete 
|  82|0x0000000085200000, 0x0000000085300000, 0x0000000085300000|100%|HC|  |TAMS 0x0000000085300000, 0x0000000085200000| Complete 
|  83|0x0000000085300000, 0x0000000085400000, 0x0000000085400000|100%|HC|  |TAMS 0x0000000085400000, 0x0000000085300000| Complete 
|  84|0x0000000085400000, 0x0000000085500000, 0x0000000085500000|100%|HC|  |TAMS 0x0000000085500000, 0x0000000085400000| Complete 
|  85|0x0000000085500000, 0x0000000085600000, 0x0000000085600000|100%| O|  |TAMS 0x0000000085600000, 0x0000000085500000| Untracked 
|  86|0x0000000085600000, 0x0000000085700000, 0x0000000085700000|100%|HS|  |TAMS 0x0000000085700000, 0x0000000085600000| Complete 
|  87|0x0000000085700000, 0x0000000085800000, 0x0000000085800000|100%|HS|  |TAMS 0x0000000085800000, 0x0000000085700000| Complete 
|  88|0x0000000085800000, 0x0000000085900000, 0x0000000085900000|100%| O|  |TAMS 0x0000000085900000, 0x0000000085800000| Untracked 
|  89|0x0000000085900000, 0x0000000085a00000, 0x0000000085a00000|100%| O|  |TAMS 0x0000000085a00000, 0x0000000085900000| Untracked 
|  90|0x0000000085a00000, 0x0000000085b00000, 0x0000000085b00000|100%| O|  |TAMS 0x0000000085b00000, 0x0000000085a00000| Untracked 
|  91|0x0000000085b00000, 0x0000000085c00000, 0x0000000085c00000|100%| O|  |TAMS 0x0000000085c00000, 0x0000000085b00000| Untracked 
|  92|0x0000000085c00000, 0x0000000085d00000, 0x0000000085d00000|100%| O|  |TAMS 0x0000000085d00000, 0x0000000085c00000| Untracked 
|  93|0x0000000085d00000, 0x0000000085e00000, 0x0000000085e00000|100%| O|  |TAMS 0x0000000085e00000, 0x0000000085d00000| Complete 
|  94|0x0000000085e00000, 0x0000000085f00000, 0x0000000085f00000|100%| O|  |TAMS 0x0000000085f00000, 0x0000000085e00000| Untracked 
|  95|0x0000000085f00000, 0x0000000086000000, 0x0000000086000000|100%| O|  |TAMS 0x0000000086000000, 0x0000000085f00000| Untracked 
|  96|0x0000000086000000, 0x0000000086100000, 0x0000000086100000|100%| O|  |TAMS 0x0000000086100000, 0x0000000086000000| Untracked 
|  97|0x0000000086100000, 0x0000000086200000, 0x0000000086200000|100%| O|  |TAMS 0x0000000086200000, 0x0000000086100000| Untracked 
|  98|0x0000000086200000, 0x0000000086300000, 0x0000000086300000|100%|HS|  |TAMS 0x0000000086300000, 0x0000000086200000| Complete 
|  99|0x0000000086300000, 0x0000000086400000, 0x0000000086400000|100%|HC|  |TAMS 0x0000000086400000, 0x0000000086300000| Complete 
| 100|0x0000000086400000, 0x0000000086500000, 0x0000000086500000|100%| O|  |TAMS 0x0000000086500000, 0x0000000086400000| Untracked 
| 101|0x0000000086500000, 0x0000000086600000, 0x0000000086600000|100%| O|  |TAMS 0x0000000086600000, 0x0000000086500000| Complete 
| 102|0x0000000086600000, 0x0000000086700000, 0x0000000086700000|100%| O|  |TAMS 0x0000000086700000, 0x0000000086600000| Untracked 
| 103|0x0000000086700000, 0x0000000086800000, 0x0000000086800000|100%| O|  |TAMS 0x0000000086800000, 0x0000000086700000| Untracked 
| 104|0x0000000086800000, 0x0000000086900000, 0x0000000086900000|100%| O|  |TAMS 0x0000000086900000, 0x0000000086800000| Untracked 
| 105|0x0000000086900000, 0x0000000086900000, 0x0000000086a00000|  0%| F|  |TAMS 0x0000000086900000, 0x0000000086900000| Untracked 
| 106|0x0000000086a00000, 0x0000000086b00000, 0x0000000086b00000|100%| O|  |TAMS 0x0000000086b00000, 0x0000000086a00000| Untracked 
| 107|0x0000000086b00000, 0x0000000086c00000, 0x0000000086c00000|100%| O|  |TAMS 0x0000000086c00000, 0x0000000086b00000| Complete 
| 108|0x0000000086c00000, 0x0000000086d00000, 0x0000000086d00000|100%| O|  |TAMS 0x0000000086d00000, 0x0000000086c00000| Complete 
| 109|0x0000000086d00000, 0x0000000086d00000, 0x0000000086e00000|  0%| F|  |TAMS 0x0000000086d00000, 0x0000000086d00000| Untracked 
| 110|0x0000000086e00000, 0x0000000086f00000, 0x0000000086f00000|100%| O|  |TAMS 0x0000000086f00000, 0x0000000086e00000| Complete 
| 111|0x0000000086f00000, 0x0000000087000000, 0x0000000087000000|100%|HS|  |TAMS 0x0000000087000000, 0x0000000086f00000| Complete 
| 112|0x0000000087000000, 0x0000000087100000, 0x0000000087100000|100%|HC|  |TAMS 0x0000000087100000, 0x0000000087000000| Complete 
| 113|0x0000000087100000, 0x0000000087200000, 0x0000000087200000|100%|HC|  |TAMS 0x0000000087200000, 0x0000000087100000| Complete 
| 114|0x0000000087200000, 0x0000000087300000, 0x0000000087300000|100%|HS|  |TAMS 0x0000000087300000, 0x0000000087200000| Complete 
| 115|0x0000000087300000, 0x0000000087400000, 0x0000000087400000|100%|HC|  |TAMS 0x0000000087400000, 0x0000000087300000| Complete 
| 116|0x0000000087400000, 0x0000000087500000, 0x0000000087500000|100%|HC|  |TAMS 0x0000000087500000, 0x0000000087400000| Complete 
| 117|0x0000000087500000, 0x0000000087600000, 0x0000000087600000|100%|HS|  |TAMS 0x0000000087600000, 0x0000000087500000| Complete 
| 118|0x0000000087600000, 0x0000000087700000, 0x0000000087700000|100%|HC|  |TAMS 0x0000000087700000, 0x0000000087600000| Complete 
| 119|0x0000000087700000, 0x0000000087800000, 0x0000000087800000|100%| O|  |TAMS 0x0000000087800000, 0x0000000087700000| Complete 
| 120|0x0000000087800000, 0x0000000087900000, 0x0000000087900000|100%| O|  |TAMS 0x0000000087900000, 0x0000000087800000| Untracked 
| 121|0x0000000087900000, 0x0000000087a00000, 0x0000000087a00000|100%| O|  |TAMS 0x0000000087a00000, 0x0000000087900000| Untracked 
| 122|0x0000000087a00000, 0x0000000087b00000, 0x0000000087b00000|100%| O|  |TAMS 0x0000000087b00000, 0x0000000087a00000| Complete 
| 123|0x0000000087b00000, 0x0000000087c00000, 0x0000000087c00000|100%| O|  |TAMS 0x0000000087c00000, 0x0000000087b00000| Untracked 
| 124|0x0000000087c00000, 0x0000000087d00000, 0x0000000087d00000|100%|HS|  |TAMS 0x0000000087d00000, 0x0000000087c00000| Complete 
| 125|0x0000000087d00000, 0x0000000087e00000, 0x0000000087e00000|100%|HC|  |TAMS 0x0000000087e00000, 0x0000000087d00000| Complete 
| 126|0x0000000087e00000, 0x0000000087f00000, 0x0000000087f00000|100%|HC|  |TAMS 0x0000000087f00000, 0x0000000087e00000| Complete 
| 127|0x0000000087f00000, 0x0000000088000000, 0x0000000088000000|100%|HC|  |TAMS 0x0000000088000000, 0x0000000087f00000| Complete 
| 128|0x0000000088000000, 0x0000000088100000, 0x0000000088100000|100%|HC|  |TAMS 0x0000000088100000, 0x0000000088000000| Complete 
| 129|0x0000000088100000, 0x0000000088200000, 0x0000000088200000|100%|HC|  |TAMS 0x0000000088200000, 0x0000000088100000| Complete 
| 130|0x0000000088200000, 0x0000000088300000, 0x0000000088300000|100%|HC|  |TAMS 0x0000000088300000, 0x0000000088200000| Complete 
| 131|0x0000000088300000, 0x0000000088400000, 0x0000000088400000|100%|HC|  |TAMS 0x0000000088400000, 0x0000000088300000| Complete 
| 132|0x0000000088400000, 0x0000000088500000, 0x0000000088500000|100%|HC|  |TAMS 0x0000000088500000, 0x0000000088400000| Complete 
| 133|0x0000000088500000, 0x0000000088600000, 0x0000000088600000|100%|HC|  |TAMS 0x0000000088600000, 0x0000000088500000| Complete 
| 134|0x0000000088600000, 0x0000000088700000, 0x0000000088700000|100%|HS|  |TAMS 0x0000000088700000, 0x0000000088600000| Complete 
| 135|0x0000000088700000, 0x0000000088800000, 0x0000000088800000|100%|HC|  |TAMS 0x0000000088800000, 0x0000000088700000| Complete 
| 136|0x0000000088800000, 0x0000000088900000, 0x0000000088900000|100%|HS|  |TAMS 0x0000000088900000, 0x0000000088800000| Complete 
| 137|0x0000000088900000, 0x0000000088a00000, 0x0000000088a00000|100%|HC|  |TAMS 0x0000000088a00000, 0x0000000088900000| Complete 
| 138|0x0000000088a00000, 0x0000000088b00000, 0x0000000088b00000|100%|HC|  |TAMS 0x0000000088b00000, 0x0000000088a00000| Complete 
| 139|0x0000000088b00000, 0x0000000088c00000, 0x0000000088c00000|100%|HC|  |TAMS 0x0000000088c00000, 0x0000000088b00000| Complete 
| 140|0x0000000088c00000, 0x0000000088d00000, 0x0000000088d00000|100%|HC|  |TAMS 0x0000000088d00000, 0x0000000088c00000| Complete 
| 141|0x0000000088d00000, 0x0000000088e00000, 0x0000000088e00000|100%| O|  |TAMS 0x0000000088e00000, 0x0000000088d00000| Untracked 
| 142|0x0000000088e00000, 0x0000000088f00000, 0x0000000088f00000|100%| O|  |TAMS 0x0000000088f00000, 0x0000000088e00000| Untracked 
| 143|0x0000000088f00000, 0x0000000089000000, 0x0000000089000000|100%| O|  |TAMS 0x0000000089000000, 0x0000000088f00000| Complete 
| 144|0x0000000089000000, 0x0000000089100000, 0x0000000089100000|100%| O|  |TAMS 0x0000000089100000, 0x0000000089000000| Complete 
| 145|0x0000000089100000, 0x0000000089200000, 0x0000000089200000|100%| O|  |TAMS 0x0000000089200000, 0x0000000089100000| Untracked 
| 146|0x0000000089200000, 0x0000000089300000, 0x0000000089300000|100%| O|  |TAMS 0x0000000089300000, 0x0000000089200000| Untracked 
| 147|0x0000000089300000, 0x0000000089400000, 0x0000000089400000|100%| O|  |TAMS 0x0000000089400000, 0x0000000089300000| Complete 
| 148|0x0000000089400000, 0x0000000089500000, 0x0000000089500000|100%| O|  |TAMS 0x0000000089500000, 0x0000000089400000| Complete 
| 149|0x0000000089500000, 0x0000000089600000, 0x0000000089600000|100%| O|  |TAMS 0x0000000089600000, 0x0000000089500000| Complete 
| 150|0x0000000089600000, 0x0000000089700000, 0x0000000089700000|100%| O|  |TAMS 0x0000000089700000, 0x0000000089600000| Untracked 
| 151|0x0000000089700000, 0x0000000089800000, 0x0000000089800000|100%| O|  |TAMS 0x0000000089800000, 0x0000000089700000| Complete 
| 152|0x0000000089800000, 0x0000000089900000, 0x0000000089900000|100%| O|  |TAMS 0x0000000089900000, 0x0000000089800000| Untracked 
| 153|0x0000000089900000, 0x0000000089a00000, 0x0000000089a00000|100%| O|  |TAMS 0x0000000089a00000, 0x0000000089900000| Complete 
| 154|0x0000000089a00000, 0x0000000089b00000, 0x0000000089b00000|100%| O|  |TAMS 0x0000000089b00000, 0x0000000089a00000| Complete 
| 155|0x0000000089b00000, 0x0000000089c00000, 0x0000000089c00000|100%| O|  |TAMS 0x0000000089c00000, 0x0000000089b00000| Untracked 
| 156|0x0000000089c00000, 0x0000000089d00000, 0x0000000089d00000|100%| O|  |TAMS 0x0000000089d00000, 0x0000000089c00000| Complete 
| 157|0x0000000089d00000, 0x0000000089e00000, 0x0000000089e00000|100%| O|  |TAMS 0x0000000089e00000, 0x0000000089d00000| Complete 
| 158|0x0000000089e00000, 0x0000000089f00000, 0x0000000089f00000|100%| O|  |TAMS 0x0000000089f00000, 0x0000000089e00000| Untracked 
| 159|0x0000000089f00000, 0x000000008a000000, 0x000000008a000000|100%| O|  |TAMS 0x000000008a000000, 0x0000000089f00000| Complete 
| 160|0x000000008a000000, 0x000000008a100000, 0x000000008a100000|100%| O|  |TAMS 0x000000008a100000, 0x000000008a000000| Complete 
| 161|0x000000008a100000, 0x000000008a200000, 0x000000008a200000|100%| O|  |TAMS 0x000000008a200000, 0x000000008a100000| Complete 
| 162|0x000000008a200000, 0x000000008a300000, 0x000000008a300000|100%| O|  |TAMS 0x000000008a300000, 0x000000008a200000| Complete 
| 163|0x000000008a300000, 0x000000008a400000, 0x000000008a400000|100%| O|  |TAMS 0x000000008a400000, 0x000000008a300000| Complete 
| 164|0x000000008a400000, 0x000000008a500000, 0x000000008a500000|100%| O|  |TAMS 0x000000008a500000, 0x000000008a400000| Complete 
| 165|0x000000008a500000, 0x000000008a500000, 0x000000008a600000|  0%| F|  |TAMS 0x000000008a500000, 0x000000008a500000| Untracked 
| 166|0x000000008a600000, 0x000000008a700000, 0x000000008a700000|100%| O|  |TAMS 0x000000008a700000, 0x000000008a600000| Complete 
| 167|0x000000008a700000, 0x000000008a700000, 0x000000008a800000|  0%| F|  |TAMS 0x000000008a700000, 0x000000008a700000| Untracked 
| 168|0x000000008a800000, 0x000000008a900000, 0x000000008a900000|100%| O|  |TAMS 0x000000008a900000, 0x000000008a800000| Complete 
| 169|0x000000008a900000, 0x000000008aa00000, 0x000000008aa00000|100%| O|  |TAMS 0x000000008aa00000, 0x000000008a900000| Complete 
| 170|0x000000008aa00000, 0x000000008ab00000, 0x000000008ab00000|100%| O|  |TAMS 0x000000008ab00000, 0x000000008aa00000| Complete 
| 171|0x000000008ab00000, 0x000000008ac00000, 0x000000008ac00000|100%| O|  |TAMS 0x000000008ac00000, 0x000000008ab00000| Untracked 
| 172|0x000000008ac00000, 0x000000008ad00000, 0x000000008ad00000|100%| O|  |TAMS 0x000000008ad00000, 0x000000008ac00000| Untracked 
| 173|0x000000008ad00000, 0x000000008ae00000, 0x000000008ae00000|100%| O|  |TAMS 0x000000008ae00000, 0x000000008ad00000| Complete 
| 174|0x000000008ae00000, 0x000000008af00000, 0x000000008af00000|100%| O|  |TAMS 0x000000008af00000, 0x000000008ae00000| Complete 
| 175|0x000000008af00000, 0x000000008b000000, 0x000000008b000000|100%| O|  |TAMS 0x000000008b000000, 0x000000008af00000| Untracked 
| 176|0x000000008b000000, 0x000000008b100000, 0x000000008b100000|100%| O|  |TAMS 0x000000008b100000, 0x000000008b000000| Complete 
| 177|0x000000008b100000, 0x000000008b200000, 0x000000008b200000|100%| O|  |TAMS 0x000000008b200000, 0x000000008b100000| Untracked 
| 178|0x000000008b200000, 0x000000008b300000, 0x000000008b300000|100%| O|  |TAMS 0x000000008b300000, 0x000000008b200000| Complete 
| 179|0x000000008b300000, 0x000000008b400000, 0x000000008b400000|100%| O|  |TAMS 0x000000008b400000, 0x000000008b300000| Complete 
| 180|0x000000008b400000, 0x000000008b500000, 0x000000008b500000|100%| O|  |TAMS 0x000000008b500000, 0x000000008b400000| Untracked 
| 181|0x000000008b500000, 0x000000008b500000, 0x000000008b600000|  0%| F|  |TAMS 0x000000008b500000, 0x000000008b500000| Untracked 
| 182|0x000000008b600000, 0x000000008b700000, 0x000000008b700000|100%| O|  |TAMS 0x000000008b700000, 0x000000008b600000| Untracked 
| 183|0x000000008b700000, 0x000000008b800000, 0x000000008b800000|100%| O|  |TAMS 0x000000008b800000, 0x000000008b700000| Complete 
| 184|0x000000008b800000, 0x000000008b900000, 0x000000008b900000|100%| O|  |TAMS 0x000000008b900000, 0x000000008b800000| Complete 
| 185|0x000000008b900000, 0x000000008ba00000, 0x000000008ba00000|100%| O|  |TAMS 0x000000008ba00000, 0x000000008b900000| Complete 
| 186|0x000000008ba00000, 0x000000008bb00000, 0x000000008bb00000|100%| O|  |TAMS 0x000000008bb00000, 0x000000008ba00000| Complete 
| 187|0x000000008bb00000, 0x000000008bb00000, 0x000000008bc00000|  0%| F|  |TAMS 0x000000008bb00000, 0x000000008bb00000| Untracked 
| 188|0x000000008bc00000, 0x000000008bc00000, 0x000000008bd00000|  0%| F|  |TAMS 0x000000008bc00000, 0x000000008bc00000| Untracked 
| 189|0x000000008bd00000, 0x000000008bd00000, 0x000000008be00000|  0%| F|  |TAMS 0x000000008bd00000, 0x000000008bd00000| Untracked 
| 190|0x000000008be00000, 0x000000008bf00000, 0x000000008bf00000|100%| O|  |TAMS 0x000000008bf00000, 0x000000008be00000| Complete 
| 191|0x000000008bf00000, 0x000000008bf00000, 0x000000008c000000|  0%| F|  |TAMS 0x000000008bf00000, 0x000000008bf00000| Untracked 
| 192|0x000000008c000000, 0x000000008c000000, 0x000000008c100000|  0%| F|  |TAMS 0x000000008c000000, 0x000000008c000000| Untracked 
| 193|0x000000008c100000, 0x000000008c100000, 0x000000008c200000|  0%| F|  |TAMS 0x000000008c100000, 0x000000008c100000| Untracked 
| 194|0x000000008c200000, 0x000000008c300000, 0x000000008c300000|100%| O|  |TAMS 0x000000008c300000, 0x000000008c200000| Complete 
| 195|0x000000008c300000, 0x000000008c400000, 0x000000008c400000|100%| O|  |TAMS 0x000000008c400000, 0x000000008c300000| Complete 
| 196|0x000000008c400000, 0x000000008c500000, 0x000000008c500000|100%| O|  |TAMS 0x000000008c500000, 0x000000008c400000| Untracked 
| 197|0x000000008c500000, 0x000000008c600000, 0x000000008c600000|100%| O|  |TAMS 0x000000008c600000, 0x000000008c500000| Complete 
| 198|0x000000008c600000, 0x000000008c700000, 0x000000008c700000|100%| O|  |TAMS 0x000000008c700000, 0x000000008c600000| Complete 
| 199|0x000000008c700000, 0x000000008c800000, 0x000000008c800000|100%| O|  |TAMS 0x000000008c800000, 0x000000008c700000| Complete 
| 200|0x000000008c800000, 0x000000008c900000, 0x000000008c900000|100%| O|  |TAMS 0x000000008c900000, 0x000000008c800000| Complete 
| 201|0x000000008c900000, 0x000000008ca00000, 0x000000008ca00000|100%| O|  |TAMS 0x000000008ca00000, 0x000000008c900000| Complete 
| 202|0x000000008ca00000, 0x000000008cb00000, 0x000000008cb00000|100%| O|  |TAMS 0x000000008cb00000, 0x000000008ca00000| Complete 
| 203|0x000000008cb00000, 0x000000008cc00000, 0x000000008cc00000|100%| O|  |TAMS 0x000000008cc00000, 0x000000008cb00000| Untracked 
| 204|0x000000008cc00000, 0x000000008cd00000, 0x000000008cd00000|100%| O|  |TAMS 0x000000008cd00000, 0x000000008cc00000| Complete 
| 205|0x000000008cd00000, 0x000000008cd1de00, 0x000000008ce00000| 11%| O|  |TAMS 0x000000008cd1de00, 0x000000008cd00000| Untracked 
| 206|0x000000008ce00000, 0x000000008ce00000, 0x000000008cf00000|  0%| F|  |TAMS 0x000000008ce00000, 0x000000008ce00000| Untracked 
| 207|0x000000008cf00000, 0x000000008cf00000, 0x000000008d000000|  0%| F|  |TAMS 0x000000008cf00000, 0x000000008cf00000| Untracked 
| 208|0x000000008d000000, 0x000000008d000000, 0x000000008d100000|  0%| F|  |TAMS 0x000000008d000000, 0x000000008d000000| Untracked 
| 209|0x000000008d100000, 0x000000008d100000, 0x000000008d200000|  0%| F|  |TAMS 0x000000008d100000, 0x000000008d100000| Untracked 
| 210|0x000000008d200000, 0x000000008d200000, 0x000000008d300000|  0%| F|  |TAMS 0x000000008d200000, 0x000000008d200000| Untracked 
| 211|0x000000008d300000, 0x000000008d300000, 0x000000008d400000|  0%| F|  |TAMS 0x000000008d300000, 0x000000008d300000| Untracked 
| 212|0x000000008d400000, 0x000000008d400000, 0x000000008d500000|  0%| F|  |TAMS 0x000000008d400000, 0x000000008d400000| Untracked 
| 213|0x000000008d500000, 0x000000008d500000, 0x000000008d600000|  0%| F|  |TAMS 0x000000008d500000, 0x000000008d500000| Untracked 
| 214|0x000000008d600000, 0x000000008d600000, 0x000000008d700000|  0%| F|  |TAMS 0x000000008d600000, 0x000000008d600000| Untracked 
| 215|0x000000008d700000, 0x000000008d700000, 0x000000008d800000|  0%| F|  |TAMS 0x000000008d700000, 0x000000008d700000| Untracked 
| 216|0x000000008d800000, 0x000000008d800000, 0x000000008d900000|  0%| F|  |TAMS 0x000000008d800000, 0x000000008d800000| Untracked 
| 217|0x000000008d900000, 0x000000008d900000, 0x000000008da00000|  0%| F|  |TAMS 0x000000008d900000, 0x000000008d900000| Untracked 
| 218|0x000000008da00000, 0x000000008da00000, 0x000000008db00000|  0%| F|  |TAMS 0x000000008da00000, 0x000000008da00000| Untracked 
| 219|0x000000008db00000, 0x000000008db00000, 0x000000008dc00000|  0%| F|  |TAMS 0x000000008db00000, 0x000000008db00000| Untracked 
| 220|0x000000008dc00000, 0x000000008dc00000, 0x000000008dd00000|  0%| F|  |TAMS 0x000000008dc00000, 0x000000008dc00000| Untracked 
| 221|0x000000008dd00000, 0x000000008dd00000, 0x000000008de00000|  0%| F|  |TAMS 0x000000008dd00000, 0x000000008dd00000| Untracked 
| 222|0x000000008de00000, 0x000000008de00000, 0x000000008df00000|  0%| F|  |TAMS 0x000000008de00000, 0x000000008de00000| Untracked 
| 223|0x000000008df00000, 0x000000008df00000, 0x000000008e000000|  0%| F|  |TAMS 0x000000008df00000, 0x000000008df00000| Untracked 
| 224|0x000000008e000000, 0x000000008e000000, 0x000000008e100000|  0%| F|  |TAMS 0x000000008e000000, 0x000000008e000000| Untracked 
| 225|0x000000008e100000, 0x000000008e100000, 0x000000008e200000|  0%| F|  |TAMS 0x000000008e100000, 0x000000008e100000| Untracked 
| 226|0x000000008e200000, 0x000000008e200000, 0x000000008e300000|  0%| F|  |TAMS 0x000000008e200000, 0x000000008e200000| Untracked 
| 227|0x000000008e300000, 0x000000008e300000, 0x000000008e400000|  0%| F|  |TAMS 0x000000008e300000, 0x000000008e300000| Untracked 
| 228|0x000000008e400000, 0x000000008e400000, 0x000000008e500000|  0%| F|  |TAMS 0x000000008e400000, 0x000000008e400000| Untracked 
| 229|0x000000008e500000, 0x000000008e500000, 0x000000008e600000|  0%| F|  |TAMS 0x000000008e500000, 0x000000008e500000| Untracked 
| 230|0x000000008e600000, 0x000000008e600000, 0x000000008e700000|  0%| F|  |TAMS 0x000000008e600000, 0x000000008e600000| Untracked 
| 231|0x000000008e700000, 0x000000008e7bbf80, 0x000000008e800000| 73%| S|CS|TAMS 0x000000008e700000, 0x000000008e700000| Complete 
| 232|0x000000008e800000, 0x000000008e900000, 0x000000008e900000|100%| S|CS|TAMS 0x000000008e800000, 0x000000008e800000| Complete 
| 233|0x000000008e900000, 0x000000008ea00000, 0x000000008ea00000|100%| S|CS|TAMS 0x000000008e900000, 0x000000008e900000| Complete 
| 234|0x000000008ea00000, 0x000000008ea00000, 0x000000008eb00000|  0%| F|  |TAMS 0x000000008ea00000, 0x000000008ea00000| Untracked 
| 235|0x000000008eb00000, 0x000000008eb00000, 0x000000008ec00000|  0%| F|  |TAMS 0x000000008eb00000, 0x000000008eb00000| Untracked 
| 236|0x000000008ec00000, 0x000000008ec00000, 0x000000008ed00000|  0%| F|  |TAMS 0x000000008ec00000, 0x000000008ec00000| Untracked 
| 237|0x000000008ed00000, 0x000000008ed00000, 0x000000008ee00000|  0%| F|  |TAMS 0x000000008ed00000, 0x000000008ed00000| Untracked 
| 238|0x000000008ee00000, 0x000000008ee00000, 0x000000008ef00000|  0%| F|  |TAMS 0x000000008ee00000, 0x000000008ee00000| Untracked 
| 239|0x000000008ef00000, 0x000000008ef00000, 0x000000008f000000|  0%| F|  |TAMS 0x000000008ef00000, 0x000000008ef00000| Untracked 
| 240|0x000000008f000000, 0x000000008f000000, 0x000000008f100000|  0%| F|  |TAMS 0x000000008f000000, 0x000000008f000000| Untracked 
| 241|0x000000008f100000, 0x000000008f100000, 0x000000008f200000|  0%| F|  |TAMS 0x000000008f100000, 0x000000008f100000| Untracked 
| 242|0x000000008f200000, 0x000000008f200000, 0x000000008f300000|  0%| F|  |TAMS 0x000000008f200000, 0x000000008f200000| Untracked 
| 243|0x000000008f300000, 0x000000008f300000, 0x000000008f400000|  0%| F|  |TAMS 0x000000008f300000, 0x000000008f300000| Untracked 
| 244|0x000000008f400000, 0x000000008f400000, 0x000000008f500000|  0%| F|  |TAMS 0x000000008f400000, 0x000000008f400000| Untracked 
| 245|0x000000008f500000, 0x000000008f500000, 0x000000008f600000|  0%| F|  |TAMS 0x000000008f500000, 0x000000008f500000| Untracked 
| 246|0x000000008f600000, 0x000000008f600000, 0x000000008f700000|  0%| F|  |TAMS 0x000000008f600000, 0x000000008f600000| Untracked 
| 247|0x000000008f700000, 0x000000008f700000, 0x000000008f800000|  0%| F|  |TAMS 0x000000008f700000, 0x000000008f700000| Untracked 
| 248|0x000000008f800000, 0x000000008f800000, 0x000000008f900000|  0%| F|  |TAMS 0x000000008f800000, 0x000000008f800000| Untracked 
| 249|0x000000008f900000, 0x000000008f900000, 0x000000008fa00000|  0%| F|  |TAMS 0x000000008f900000, 0x000000008f900000| Untracked 
| 250|0x000000008fa00000, 0x000000008fa00000, 0x000000008fb00000|  0%| F|  |TAMS 0x000000008fa00000, 0x000000008fa00000| Untracked 
| 251|0x000000008fb00000, 0x000000008fb00000, 0x000000008fc00000|  0%| F|  |TAMS 0x000000008fb00000, 0x000000008fb00000| Untracked 
| 252|0x000000008fc00000, 0x000000008fc00000, 0x000000008fd00000|  0%| F|  |TAMS 0x000000008fc00000, 0x000000008fc00000| Untracked 
| 253|0x000000008fd00000, 0x000000008fd00000, 0x000000008fe00000|  0%| F|  |TAMS 0x000000008fd00000, 0x000000008fd00000| Untracked 
| 254|0x000000008fe00000, 0x000000008fe00000, 0x000000008ff00000|  0%| F|  |TAMS 0x000000008fe00000, 0x000000008fe00000| Untracked 
| 255|0x000000008ff00000, 0x000000008ff00000, 0x0000000090000000|  0%| F|  |TAMS 0x000000008ff00000, 0x000000008ff00000| Untracked 
| 256|0x0000000090000000, 0x0000000090000000, 0x0000000090100000|  0%| F|  |TAMS 0x0000000090000000, 0x0000000090000000| Untracked 
| 257|0x0000000090100000, 0x0000000090100000, 0x0000000090200000|  0%| F|  |TAMS 0x0000000090100000, 0x0000000090100000| Untracked 
| 258|0x0000000090200000, 0x00000000902c79d0, 0x0000000090300000| 77%| E|  |TAMS 0x0000000090200000, 0x0000000090200000| Complete 
| 259|0x0000000090300000, 0x0000000090400000, 0x0000000090400000|100%| E|CS|TAMS 0x0000000090300000, 0x0000000090300000| Complete 
| 260|0x0000000090400000, 0x0000000090500000, 0x0000000090500000|100%| E|  |TAMS 0x0000000090400000, 0x0000000090400000| Complete 
| 261|0x0000000090500000, 0x0000000090600000, 0x0000000090600000|100%| E|CS|TAMS 0x0000000090500000, 0x0000000090500000| Complete 
| 262|0x0000000090600000, 0x0000000090700000, 0x0000000090700000|100%| E|CS|TAMS 0x0000000090600000, 0x0000000090600000| Complete 
| 263|0x0000000090700000, 0x0000000090800000, 0x0000000090800000|100%| E|CS|TAMS 0x0000000090700000, 0x0000000090700000| Complete 
| 264|0x0000000090800000, 0x0000000090900000, 0x0000000090900000|100%| E|CS|TAMS 0x0000000090800000, 0x0000000090800000| Complete 
| 265|0x0000000090900000, 0x0000000090a00000, 0x0000000090a00000|100%| E|CS|TAMS 0x0000000090900000, 0x0000000090900000| Complete 
| 266|0x0000000090a00000, 0x0000000090b00000, 0x0000000090b00000|100%| E|CS|TAMS 0x0000000090a00000, 0x0000000090a00000| Complete 
| 267|0x0000000090b00000, 0x0000000090c00000, 0x0000000090c00000|100%| E|CS|TAMS 0x0000000090b00000, 0x0000000090b00000| Complete 
| 268|0x0000000090c00000, 0x0000000090d00000, 0x0000000090d00000|100%| E|CS|TAMS 0x0000000090c00000, 0x0000000090c00000| Complete 
| 269|0x0000000090d00000, 0x0000000090e00000, 0x0000000090e00000|100%| E|CS|TAMS 0x0000000090d00000, 0x0000000090d00000| Complete 
| 270|0x0000000090e00000, 0x0000000090f00000, 0x0000000090f00000|100%| E|CS|TAMS 0x0000000090e00000, 0x0000000090e00000| Complete 
| 271|0x0000000090f00000, 0x0000000091000000, 0x0000000091000000|100%| E|CS|TAMS 0x0000000090f00000, 0x0000000090f00000| Complete 
| 272|0x0000000091000000, 0x0000000091100000, 0x0000000091100000|100%| E|CS|TAMS 0x0000000091000000, 0x0000000091000000| Complete 

Card table byte_map: [0x000001e19b500000,0x000001e19b900000] _byte_map_base: 0x000001e19b100000

Marking Bits (Prev, Next): (CMBitMap*) 0x000001e188613d60, (CMBitMap*) 0x000001e188613d28
 Prev Bits: [0x000001e19dd00000, 0x000001e19fd00000)
 Next Bits: [0x000001e19bd00000, 0x000001e19dd00000)

Polling page: 0x000001e1864f0000

Metaspace:

Usage:
  Non-class:    106.31 MB capacity,   103.86 MB ( 98%) used,     2.07 MB (  2%) free+waste,   396.12 KB ( <1%) overhead. 
      Class:     15.78 MB capacity,    14.44 MB ( 92%) used,     1.17 MB (  7%) free+waste,   174.81 KB (  1%) overhead. 
       Both:    122.10 MB capacity,   118.30 MB ( 97%) used,     3.24 MB (  3%) free+waste,   570.94 KB ( <1%) overhead. 

Virtual space:
  Non-class space:      108.00 MB reserved,     106.41 MB ( 99%) committed 
      Class space:        1.00 GB reserved,      15.88 MB (  2%) committed 
             Both:        1.11 GB reserved,     122.29 MB ( 11%) committed 

Chunk freelists:
   Non-Class:  38.00 KB
       Class:  33.00 KB
        Both:  71.00 KB

MaxMetaspaceSize: 17179869184.00 GB
CompressedClassSpaceSize: 1.00 GB
Initial GC threshold: 20.80 MB
Current GC threshold: 203.40 MB
CDS: off

CodeHeap 'non-profiled nmethods': size=120064Kb used=13697Kb max_used=13697Kb free=106366Kb
 bounds [0x000001e193bc0000, 0x000001e194930000, 0x000001e19b100000]
CodeHeap 'profiled nmethods': size=120000Kb used=43804Kb max_used=43804Kb free=76195Kb
 bounds [0x000001e18c690000, 0x000001e18f160000, 0x000001e193bc0000]
CodeHeap 'non-nmethods': size=5696Kb used=2454Kb max_used=2503Kb free=3241Kb
 bounds [0x000001e18c100000, 0x000001e18c380000, 0x000001e18c690000]
 total_blobs=20105 nmethods=19115 adapters=901
 compilation: enabled
              stopped_count=0, restarted_count=0
 full_count=0

Compilation events (20 events):
Event: 600.880 Thread 0x000001e1a2b3d000 20155       1       org.gradle.api.internal.artifacts.dsl.dependencies.DefaultDependencyHandler::getAdditionalMethods (5 bytes)
Event: 600.881 Thread 0x000001e1a2b3d000 nmethod 20155 0x000001e19491ec90 code [0x000001e19491ee40, 0x000001e19491eef8]
Event: 600.885 Thread 0x000001e1a2b3d000 20156       3       org.gradle.api.internal.artifacts.transform.DefaultArtifactTransforms::variantSelector (32 bytes)
Event: 600.885 Thread 0x000001e1a2b3d000 nmethod 20156 0x000001e18f152990 code [0x000001e18f152b60, 0x000001e18f152e18]
Event: 600.912 Thread 0x000001e1a2b3d000 20157       3       java.util.ServiceLoader$LazyClassPathLookupIterator::next (5 bytes)
Event: 600.912 Thread 0x000001e1a2b3d000 nmethod 20157 0x000001e18f152f90 code [0x000001e18f153140, 0x000001e18f153268]
Event: 600.912 Thread 0x000001e1a2b3d000 20158       3       java.util.ServiceLoader$LazyClassPathLookupIterator::nextService (61 bytes)
Event: 600.912 Thread 0x000001e1a2b3d000 nmethod 20158 0x000001e18f153310 code [0x000001e18f1534e0, 0x000001e18f1537d8]
Event: 600.918 Thread 0x000001e1a2b3d000 20159       3       org.gradle.api.internal.initialization.DefaultClassLoaderScope::getExportClassLoader (9 bytes)
Event: 600.918 Thread 0x000001e1a2b3d000 nmethod 20159 0x000001e18f153910 code [0x000001e18f153ac0, 0x000001e18f153c08]
Event: 600.920 Thread 0x000001e1a2b3d000 20160       1       org.gradle.api.internal.artifacts.ivyservice.modulecache.FileStoreAndIndexProvider::getArtifactIdentifierFileStore (5 bytes)
Event: 600.920 Thread 0x000001e1a2b3d000 nmethod 20160 0x000001e19491ef90 code [0x000001e19491f140, 0x000001e19491f1f8]
Event: 600.921 Thread 0x000001e1a2b3d000 20161       3       org.gradle.internal.service.scopes.AbstractPluginServiceRegistry::registerSettingsServices (1 bytes)
Event: 600.921 Thread 0x000001e1a2b3d000 nmethod 20161 0x000001e18f153c90 code [0x000001e18f153e40, 0x000001e18f153f38]
Event: 600.922 Thread 0x000001e1a2b3d000 20162       1       org.gradle.groovy.scripts.internal.NoDataCompileOperation::getId (5 bytes)
Event: 600.922 Thread 0x000001e1a2b3d000 nmethod 20162 0x000001e19491f290 code [0x000001e19491f440, 0x000001e19491f4f8]
Event: 600.925 Thread 0x000001e1a2b3d000 20163       3       org.gradle.internal.metaobject.CompositeDynamicObject::setObjects (11 bytes)
Event: 600.925 Thread 0x000001e1a2b3d000 nmethod 20163 0x000001e18f154010 code [0x000001e18f1541c0, 0x000001e18f154358]
Event: 600.926 Thread 0x000001e1a2b3d000 20164       1       org.gradle.groovy.scripts.internal.FactoryBackedCompileOperation::getId (5 bytes)
Event: 600.926 Thread 0x000001e1a2b3d000 nmethod 20164 0x000001e19491f590 code [0x000001e19491f740, 0x000001e19491f7f8]

GC Heap History (20 events):
Event: 348.425 GC heap before
{Heap before GC invocations=76 (full 0):
 garbage-first heap   total 279552K, used 210173K [0x0000000080000000, 0x0000000100000000)
  region size 1024K, 13 young (13312K), 3 survivors (3072K)
 Metaspace       used 119815K, capacity 123482K, committed 123816K, reserved 1157120K
  class space    used 14722K, capacity 16039K, committed 16128K, reserved 1048576K
}
Event: 348.450 GC heap after
{Heap after GC invocations=77 (full 0):
 garbage-first heap   total 279552K, used 194670K [0x0000000080000000, 0x0000000100000000)
  region size 1024K, 1 young (1024K), 1 survivors (1024K)
 Metaspace       used 119815K, capacity 123482K, committed 123816K, reserved 1157120K
  class space    used 14722K, capacity 16039K, committed 16128K, reserved 1048576K
}
Event: 351.770 GC heap before
{Heap before GC invocations=77 (full 0):
 garbage-first heap   total 279552K, used 237678K [0x0000000080000000, 0x0000000100000000)
  region size 1024K, 44 young (45056K), 1 survivors (1024K)
 Metaspace       used 119877K, capacity 123614K, committed 123816K, reserved 1157120K
  class space    used 14722K, capacity 16039K, committed 16128K, reserved 1048576K
}
Event: 351.778 GC heap after
{Heap after GC invocations=78 (full 0):
 garbage-first heap   total 279552K, used 196205K [0x0000000080000000, 0x0000000100000000)
  region size 1024K, 2 young (2048K), 2 survivors (2048K)
 Metaspace       used 119877K, capacity 123614K, committed 123816K, reserved 1157120K
  class space    used 14722K, capacity 16039K, committed 16128K, reserved 1048576K
}
Event: 358.945 GC heap before
{Heap before GC invocations=79 (full 0):
 garbage-first heap   total 279552K, used 239213K [0x0000000080000000, 0x0000000100000000)
  region size 1024K, 45 young (46080K), 2 survivors (2048K)
 Metaspace       used 119962K, capacity 123617K, committed 123816K, reserved 1157120K
  class space    used 14724K, capacity 16039K, committed 16128K, reserved 1048576K
}
Event: 358.960 GC heap after
{Heap after GC invocations=80 (full 0):
 garbage-first heap   total 279552K, used 197438K [0x0000000080000000, 0x0000000100000000)
  region size 1024K, 4 young (4096K), 4 survivors (4096K)
 Metaspace       used 119962K, capacity 123617K, committed 123816K, reserved 1157120K
  class space    used 14724K, capacity 16039K, committed 16128K, reserved 1048576K
}
Event: 359.438 GC heap before
{Heap before GC invocations=80 (full 0):
 garbage-first heap   total 279552K, used 205630K [0x0000000080000000, 0x0000000100000000)
  region size 1024K, 13 young (13312K), 4 survivors (4096K)
 Metaspace       used 119966K, capacity 123682K, committed 123816K, reserved 1157120K
  class space    used 14724K, capacity 16039K, committed 16128K, reserved 1048576K
}
Event: 359.471 GC heap after
{Heap after GC invocations=81 (full 0):
 garbage-first heap   total 279552K, used 197478K [0x0000000080000000, 0x0000000100000000)
  region size 1024K, 1 young (1024K), 1 survivors (1024K)
 Metaspace       used 119966K, capacity 123682K, committed 123816K, reserved 1157120K
  class space    used 14724K, capacity 16039K, committed 16128K, reserved 1048576K
}
Event: 371.565 GC heap before
{Heap before GC invocations=81 (full 0):
 garbage-first heap   total 279552K, used 240486K [0x0000000080000000, 0x0000000100000000)
  region size 1024K, 44 young (45056K), 1 survivors (1024K)
 Metaspace       used 120155K, capacity 123835K, committed 124072K, reserved 1157120K
  class space    used 14726K, capacity 16041K, committed 16128K, reserved 1048576K
}
Event: 371.573 GC heap after
{Heap after GC invocations=82 (full 0):
 garbage-first heap   total 279552K, used 198117K [0x0000000080000000, 0x0000000100000000)
  region size 1024K, 2 young (2048K), 2 survivors (2048K)
 Metaspace       used 120155K, capacity 123835K, committed 124072K, reserved 1157120K
  class space    used 14726K, capacity 16041K, committed 16128K, reserved 1048576K
}
Event: 544.821 GC heap before
{Heap before GC invocations=83 (full 0):
 garbage-first heap   total 279552K, used 241125K [0x0000000080000000, 0x0000000100000000)
  region size 1024K, 45 young (46080K), 2 survivors (2048K)
 Metaspace       used 120340K, capacity 124085K, committed 124328K, reserved 1157120K
  class space    used 14736K, capacity 16054K, committed 16128K, reserved 1048576K
}
Event: 544.900 GC heap after
{Heap after GC invocations=84 (full 0):
 garbage-first heap   total 279552K, used 200151K [0x0000000080000000, 0x0000000100000000)
  region size 1024K, 4 young (4096K), 4 survivors (4096K)
 Metaspace       used 120340K, capacity 124085K, committed 124328K, reserved 1157120K
  class space    used 14736K, capacity 16054K, committed 16128K, reserved 1048576K
}
Event: 549.611 GC heap before
{Heap before GC invocations=84 (full 0):
 garbage-first heap   total 279552K, used 242135K [0x0000000080000000, 0x0000000100000000)
  region size 1024K, 46 young (47104K), 4 survivors (4096K)
 Metaspace       used 120834K, capacity 124836K, committed 124968K, reserved 1159168K
  class space    used 14791K, capacity 16189K, committed 16256K, reserved 1048576K
}
Event: 549.662 GC heap after
{Heap after GC invocations=85 (full 0):
 garbage-first heap   total 279552K, used 204705K [0x0000000080000000, 0x0000000100000000)
  region size 1024K, 6 young (6144K), 6 survivors (6144K)
 Metaspace       used 120834K, capacity 124836K, committed 124968K, reserved 1159168K
  class space    used 14791K, capacity 16189K, committed 16256K, reserved 1048576K
}
Event: 556.574 GC heap before
{Heap before GC invocations=86 (full 0):
 garbage-first heap   total 279552K, used 240545K [0x0000000080000000, 0x0000000100000000)
  region size 1024K, 42 young (43008K), 6 survivors (6144K)
 Metaspace       used 120895K, capacity 124837K, committed 124968K, reserved 1159168K
  class space    used 14791K, capacity 16189K, committed 16256K, reserved 1048576K
}
Event: 556.609 GC heap after
{Heap after GC invocations=87 (full 0):
 garbage-first heap   total 279552K, used 207058K [0x0000000080000000, 0x0000000100000000)
  region size 1024K, 3 young (3072K), 3 survivors (3072K)
 Metaspace       used 120895K, capacity 124837K, committed 124968K, reserved 1159168K
  class space    used 14791K, capacity 16189K, committed 16256K, reserved 1048576K
}
Event: 558.214 GC heap before
{Heap before GC invocations=87 (full 0):
 garbage-first heap   total 279552K, used 216274K [0x0000000080000000, 0x0000000100000000)
  region size 1024K, 13 young (13312K), 3 survivors (3072K)
 Metaspace       used 120895K, capacity 124837K, committed 124968K, reserved 1159168K
  class space    used 14791K, capacity 16189K, committed 16256K, reserved 1048576K
}
Event: 558.248 GC heap after
{Heap after GC invocations=88 (full 0):
 garbage-first heap   total 279552K, used 199585K [0x0000000080000000, 0x0000000100000000)
  region size 1024K, 1 young (1024K), 1 survivors (1024K)
 Metaspace       used 120895K, capacity 124837K, committed 124968K, reserved 1159168K
  class space    used 14791K, capacity 16189K, committed 16256K, reserved 1048576K
}
Event: 563.368 GC heap before
{Heap before GC invocations=88 (full 0):
 garbage-first heap   total 279552K, used 237473K [0x0000000080000000, 0x0000000100000000)
  region size 1024K, 39 young (39936K), 1 survivors (1024K)
 Metaspace       used 120972K, capacity 124861K, committed 124968K, reserved 1159168K
  class space    used 14794K, capacity 16193K, committed 16256K, reserved 1048576K
}
Event: 563.381 GC heap after
{Heap after GC invocations=89 (full 0):
 garbage-first heap   total 279552K, used 201575K [0x0000000080000000, 0x0000000100000000)
  region size 1024K, 3 young (3072K), 3 survivors (3072K)
 Metaspace       used 120972K, capacity 124861K, committed 124968K, reserved 1159168K
  class space    used 14794K, capacity 16193K, committed 16256K, reserved 1048576K
}

Deoptimization events (20 events):
Event: 556.424 Thread 0x000001e1a8d37000 DEOPT PACKING pc=0x000001e193d72da0 sp=0x0000005f572f5360
Event: 556.424 Thread 0x000001e1a8d37000 DEOPT UNPACKING pc=0x000001e18c14a1af sp=0x0000005f572f52e0 mode 2
Event: 557.380 Thread 0x000001e1a4460800 DEOPT PACKING pc=0x000001e18ead4417 sp=0x0000005f589fe600
Event: 557.380 Thread 0x000001e1a4460800 DEOPT UNPACKING pc=0x000001e18c14a95e sp=0x0000005f589fdac0 mode 0
Event: 558.986 Thread 0x000001e1a8d37000 Uncommon trap: trap_request=0xffffffbe fr.pc=0x000001e193c18a2c relative=0x00000000000009ec
Event: 558.986 Thread 0x000001e1a8d37000 Uncommon trap: reason=profile_predicate action=maybe_recompile pc=0x000001e193c18a2c method=org.gradle.internal.Actions$CompositeAction.execute(Ljava/lang/Object;)V @ 16 c2
Event: 558.986 Thread 0x000001e1a8d37000 DEOPT PACKING pc=0x000001e193c18a2c sp=0x0000005f572f9070
Event: 558.986 Thread 0x000001e1a8d37000 DEOPT UNPACKING pc=0x000001e18c14a1af sp=0x0000005f572f9040 mode 2
Event: 559.046 Thread 0x000001e1a8d37000 Uncommon trap: trap_request=0xffffffbe fr.pc=0x000001e193c18a2c relative=0x00000000000009ec
Event: 559.046 Thread 0x000001e1a8d37000 Uncommon trap: reason=profile_predicate action=maybe_recompile pc=0x000001e193c18a2c method=org.gradle.internal.Actions$CompositeAction.execute(Ljava/lang/Object;)V @ 16 c2
Event: 559.046 Thread 0x000001e1a8d37000 DEOPT PACKING pc=0x000001e193c18a2c sp=0x0000005f572f8280
Event: 559.046 Thread 0x000001e1a8d37000 DEOPT UNPACKING pc=0x000001e18c14a1af sp=0x0000005f572f8250 mode 2
Event: 559.101 Thread 0x000001e1a8d37000 DEOPT PACKING pc=0x000001e18ca3c398 sp=0x0000005f572f9100
Event: 559.101 Thread 0x000001e1a8d37000 DEOPT UNPACKING pc=0x000001e18c14a95e sp=0x0000005f572f8600 mode 0
Event: 600.554 Thread 0x000001e1a8d37000 Uncommon trap: trap_request=0xffffffc6 fr.pc=0x000001e1944a7c24 relative=0x0000000000000824
Event: 600.554 Thread 0x000001e1a8d37000 Uncommon trap: reason=bimorphic_or_optimized_type_check action=maybe_recompile pc=0x000001e1944a7c24 method=java.io.DataInputStream.readChar()C @ 4 c2
Event: 600.554 Thread 0x000001e1a8d37000 DEOPT PACKING pc=0x000001e1944a7c24 sp=0x0000005f572fb5c0
Event: 600.554 Thread 0x000001e1a8d37000 DEOPT UNPACKING pc=0x000001e18c14a1af sp=0x0000005f572fb580 mode 2
Event: 600.871 Thread 0x000001e1a8d37000 DEOPT PACKING pc=0x000001e18d041563 sp=0x0000005f572f8f90
Event: 600.871 Thread 0x000001e1a8d37000 DEOPT UNPACKING pc=0x000001e18c14a95e sp=0x0000005f572f8510 mode 0

Classes redefined (0 events):
No events

Internal exceptions (20 events):
Event: 545.977 Thread 0x000001e1a8d37000 Exception <a 'java/lang/NoClassDefFoundError'{0x000000008ff513d8}: org/jetbrains/kotlin/gradle/plugin/KotlinBasePluginWrapper> (0x000000008ff513d8) thrown at [src/hotspot/share/oops/constantPool.cpp, line 775]
Event: 546.002 Thread 0x000001e1a8d37000 Exception <a 'sun/nio/fs/WindowsException'{0x000000008ff86438}> (0x000000008ff86438) thrown at [src/hotspot/share/prims/jni.cpp, line 617]
Event: 546.809 Thread 0x000001e1a8d37000 Exception <a 'sun/nio/fs/WindowsException'{0x000000008efcf898}> (0x000000008efcf898) thrown at [src/hotspot/share/prims/jni.cpp, line 617]
Event: 546.863 Thread 0x000001e1a8d37000 Exception <a 'sun/nio/fs/WindowsException'{0x000000008ee761d0}> (0x000000008ee761d0) thrown at [src/hotspot/share/prims/jni.cpp, line 617]
Event: 546.863 Thread 0x000001e1a8d37000 Exception <a 'sun/nio/fs/WindowsException'{0x000000008ee77578}> (0x000000008ee77578) thrown at [src/hotspot/share/prims/jni.cpp, line 617]
Event: 546.863 Thread 0x000001e1a8d37000 Exception <a 'sun/nio/fs/WindowsException'{0x000000008ee78970}> (0x000000008ee78970) thrown at [src/hotspot/share/prims/jni.cpp, line 617]
Event: 546.863 Thread 0x000001e1a8d37000 Exception <a 'sun/nio/fs/WindowsException'{0x000000008ee79d68}> (0x000000008ee79d68) thrown at [src/hotspot/share/prims/jni.cpp, line 617]
Event: 554.583 Thread 0x000001e1a8c5e800 Implicit null exception at 0x000001e193c3f5b7 to 0x000001e193c40128
Event: 554.618 Thread 0x000001e1a8c5e800 Exception <a 'sun/nio/fs/WindowsException'{0x000000008f8310f0}> (0x000000008f8310f0) thrown at [src/hotspot/share/prims/jni.cpp, line 617]
Event: 571.380 Thread 0x000001e1a4c49800 Exception <a 'sun/nio/fs/WindowsException'{0x0000000090979970}> (0x0000000090979970) thrown at [src/hotspot/share/prims/jni.cpp, line 617]
Event: 600.623 Thread 0x000001e1a30ae800 Exception <a 'sun/nio/fs/WindowsException'{0x00000000906d14c8}> (0x00000000906d14c8) thrown at [src/hotspot/share/prims/jni.cpp, line 617]
Event: 600.641 Thread 0x000001e1a30ae800 Exception <a 'sun/nio/fs/WindowsException'{0x000000009050d668}> (0x000000009050d668) thrown at [src/hotspot/share/prims/jni.cpp, line 617]
Event: 600.646 Thread 0x000001e1a30ae800 Exception <a 'sun/nio/fs/WindowsException'{0x000000009050d860}> (0x000000009050d860) thrown at [src/hotspot/share/prims/jni.cpp, line 617]
Event: 600.696 Thread 0x000001e1a8d37000 Exception <a 'java/lang/ClassNotFoundException'{0x00000000905553c8}: sync_studio_tooling9213_b2bnpjuez6wubwxh3rop98e0iBeanInfo> (0x00000000905553c8) thrown at [src/hotspot/share/classfile/systemDictionary.cpp, line 230]
Event: 600.700 Thread 0x000001e1a8d37000 Exception <a 'java/lang/ClassNotFoundException'{0x0000000090563010}: sync_studio_tooling9213_b2bnpjuez6wubwxh3rop98e0iCustomizer> (0x0000000090563010) thrown at [src/hotspot/share/classfile/systemDictionary.cpp, line 230]
Event: 600.786 Thread 0x000001e1a30b1800 Exception <a 'sun/nio/fs/WindowsException'{0x00000000905ed3f0}> (0x00000000905ed3f0) thrown at [src/hotspot/share/prims/jni.cpp, line 617]
Event: 600.851 Thread 0x000001e1a30b1800 Exception <a 'sun/nio/fs/WindowsException'{0x000000009040ecb8}> (0x000000009040ecb8) thrown at [src/hotspot/share/prims/jni.cpp, line 617]
Event: 600.856 Thread 0x000001e1a30b1800 Exception <a 'sun/nio/fs/WindowsException'{0x000000009040eea8}> (0x000000009040eea8) thrown at [src/hotspot/share/prims/jni.cpp, line 617]
Event: 600.869 Thread 0x000001e1a8d37000 Exception <a 'java/lang/ClassNotFoundException'{0x000000009046b6a8}: sync_studio_tooling9213_b2bnpjuez6wubwxh3rop98e0iBeanInfo> (0x000000009046b6a8) thrown at [src/hotspot/share/classfile/systemDictionary.cpp, line 230]
Event: 600.870 Thread 0x000001e1a8d37000 Exception <a 'java/lang/ClassNotFoundException'{0x0000000090479290}: sync_studio_tooling9213_b2bnpjuez6wubwxh3rop98e0iCustomizer> (0x0000000090479290) thrown at [src/hotspot/share/classfile/systemDictionary.cpp, line 230]

Events (20 events):
Event: 600.699 loading class sync_studio_tooling9213_b2bnpjuez6wubwxh3rop98e0iCustomizer done
Event: 600.708 loading class groovy/runtime/metaclass/sync_studio_tooling9213_b2bnpjuez6wubwxh3rop98e0i$_run_closure1MetaClass
Event: 600.708 loading class groovy/runtime/metaclass/sync_studio_tooling9213_b2bnpjuez6wubwxh3rop98e0i$_run_closure1MetaClass done
Event: 600.716 loading class groovy/runtime/metaclass/sync_studio_tooling9213_b2bnpjuez6wubwxh3rop98e0i$_run_closure1$_closure2MetaClass
Event: 600.716 loading class groovy/runtime/metaclass/sync_studio_tooling9213_b2bnpjuez6wubwxh3rop98e0i$_run_closure1$_closure2MetaClass done
Event: 600.726 Executing VM operation: ICBufferFull
Event: 600.727 Executing VM operation: ICBufferFull done
Event: 600.864 loading class groovy/runtime/metaclass/sync_studio_tooling9213_b2bnpjuez6wubwxh3rop98e0iMetaClass
Event: 600.864 loading class groovy/runtime/metaclass/sync_studio_tooling9213_b2bnpjuez6wubwxh3rop98e0iMetaClass done
Event: 600.868 loading class sync_studio_tooling9213_b2bnpjuez6wubwxh3rop98e0iBeanInfo
Event: 600.868 loading class sync_studio_tooling9213_b2bnpjuez6wubwxh3rop98e0iBeanInfo done
Event: 600.869 loading class sync_studio_tooling9213_b2bnpjuez6wubwxh3rop98e0iBeanInfo
Event: 600.869 loading class sync_studio_tooling9213_b2bnpjuez6wubwxh3rop98e0iBeanInfo done
Event: 600.869 loading class sync_studio_tooling9213_b2bnpjuez6wubwxh3rop98e0iCustomizer
Event: 600.869 loading class sync_studio_tooling9213_b2bnpjuez6wubwxh3rop98e0iCustomizer done
Event: 600.870 loading class sync_studio_tooling9213_b2bnpjuez6wubwxh3rop98e0iCustomizer
Event: 600.870 loading class sync_studio_tooling9213_b2bnpjuez6wubwxh3rop98e0iCustomizer done
Event: 600.873 loading class groovy/runtime/metaclass/sync_studio_tooling9213_b2bnpjuez6wubwxh3rop98e0i$_run_closure1MetaClass
Event: 600.873 loading class groovy/runtime/metaclass/sync_studio_tooling9213_b2bnpjuez6wubwxh3rop98e0i$_run_closure1MetaClass done
Event: 600.936 Thread 0x000001e1aa98a000 Thread added: 0x000001e1aa98a000


Dynamic libraries:
0x00007ff680c10000 - 0x00007ff680c1a000 	C:\Program Files\Android\Android Studio\jbr\bin\java.exe
0x00007ff9446d0000 - 0x00007ff9448c8000 	C:\WINDOWS\SYSTEM32\ntdll.dll
0x00007ff944120000 - 0x00007ff9441df000 	C:\WINDOWS\System32\KERNEL32.DLL
0x00007ff9423d0000 - 0x00007ff9426aa000 	C:\WINDOWS\System32\KERNELBASE.dll
0x00007ff942110000 - 0x00007ff942210000 	C:\WINDOWS\System32\ucrtbase.dll
0x00007ff93c320000 - 0x00007ff93c337000 	C:\Program Files\Android\Android Studio\jbr\bin\jli.dll
0x00007ff9443f0000 - 0x00007ff94458d000 	C:\WINDOWS\System32\USER32.dll
0x00007ff9426b0000 - 0x00007ff9426d2000 	C:\WINDOWS\System32\win32u.dll
0x00007ff943820000 - 0x00007ff94384b000 	C:\WINDOWS\System32\GDI32.dll
0x00007ff9422c0000 - 0x00007ff9423d0000 	C:\WINDOWS\System32\gdi32full.dll
0x00007ff942070000 - 0x00007ff94210d000 	C:\WINDOWS\System32\msvcp_win.dll
0x00007ff927670000 - 0x00007ff92790a000 	C:\WINDOWS\WinSxS\amd64_microsoft.windows.common-controls_6595b64144ccf1df_6.0.19041.1110_none_60b5254171f9507e\COMCTL32.dll
0x00007ff9445f0000 - 0x00007ff94468e000 	C:\WINDOWS\System32\msvcrt.dll
0x00007ff93ab50000 - 0x00007ff93ab6b000 	C:\Program Files\Android\Android Studio\jbr\bin\VCRUNTIME140.dll
0x00007ff9431e0000 - 0x00007ff943210000 	C:\WINDOWS\System32\IMM32.DLL
0x00007ff93a700000 - 0x00007ff93a70c000 	C:\Program Files\Android\Android Studio\jbr\bin\vcruntime140_1.dll
0x00007ff91e790000 - 0x00007ff91e81d000 	C:\Program Files\Android\Android Studio\jbr\bin\msvcp140.dll
0x00007ff916d00000 - 0x00007ff9178bc000 	C:\Program Files\Android\Android Studio\jbr\bin\server\jvm.dll
0x00007ff9436c0000 - 0x00007ff94376e000 	C:\WINDOWS\System32\ADVAPI32.dll
0x00007ff943140000 - 0x00007ff9431dc000 	C:\WINDOWS\System32\sechost.dll
0x00007ff943010000 - 0x00007ff943136000 	C:\WINDOWS\System32\RPCRT4.dll
0x00007ff943330000 - 0x00007ff943338000 	C:\WINDOWS\System32\PSAPI.DLL
0x00007ff93c6d0000 - 0x00007ff93c6d9000 	C:\WINDOWS\SYSTEM32\WSOCK32.dll
0x00007ff9440b0000 - 0x00007ff94411b000 	C:\WINDOWS\System32\WS2_32.dll
0x00007ff932ee0000 - 0x00007ff932f07000 	C:\WINDOWS\SYSTEM32\WINMM.dll
0x00007ff936b30000 - 0x00007ff936b3a000 	C:\WINDOWS\SYSTEM32\VERSION.dll
0x00007ff940640000 - 0x00007ff940652000 	C:\WINDOWS\SYSTEM32\kernel.appcore.dll
0x00007ff93c6c0000 - 0x00007ff93c6d0000 	C:\Program Files\Android\Android Studio\jbr\bin\verify.dll
0x00007ff9313d0000 - 0x00007ff9315b4000 	C:\WINDOWS\SYSTEM32\DBGHELP.DLL
0x00007ff931390000 - 0x00007ff9313c4000 	C:\WINDOWS\SYSTEM32\dbgcore.DLL
0x00007ff941fe0000 - 0x00007ff942062000 	C:\WINDOWS\System32\bcryptPrimitives.dll
0x00007ff93c690000 - 0x00007ff93c6b8000 	C:\Program Files\Android\Android Studio\jbr\bin\java.dll
0x00007ff93c680000 - 0x00007ff93c68a000 	C:\Program Files\Android\Android Studio\jbr\bin\jimage.dll
0x00007ff93c300000 - 0x00007ff93c318000 	C:\Program Files\Android\Android Studio\jbr\bin\zip.dll
0x00007ff942730000 - 0x00007ff942e74000 	C:\WINDOWS\System32\SHELL32.dll
0x00007ff93f8b0000 - 0x00007ff940043000 	C:\WINDOWS\SYSTEM32\windows.storage.dll
0x00007ff9438d0000 - 0x00007ff943c24000 	C:\WINDOWS\System32\combase.dll
0x00007ff941680000 - 0x00007ff9416ae000 	C:\WINDOWS\SYSTEM32\Wldp.dll
0x00007ff9441e0000 - 0x00007ff94428d000 	C:\WINDOWS\System32\SHCORE.dll
0x00007ff942fb0000 - 0x00007ff943005000 	C:\WINDOWS\System32\shlwapi.dll
0x00007ff941d20000 - 0x00007ff941d3f000 	C:\WINDOWS\SYSTEM32\profapi.dll
0x00007ff93c2e0000 - 0x00007ff93c2f9000 	C:\Program Files\Android\Android Studio\jbr\bin\net.dll
0x00007ff937ff0000 - 0x00007ff9380fa000 	C:\WINDOWS\SYSTEM32\WINHTTP.dll
0x00007ff941460000 - 0x00007ff9414ca000 	C:\WINDOWS\system32\mswsock.dll
0x00007ff93c2c0000 - 0x00007ff93c2d3000 	C:\Program Files\Android\Android Studio\jbr\bin\nio.dll
0x00007ff93a710000 - 0x00007ff93a737000 	C:\Users\shahzaib lptp\AndroidStudioProjects\loginsqlite\native\e1d6ef7f7dcc3fd88c89a11ec53ec762bb8ba0a96d01ffa2cd45eb1d1d8dd5c5\windows-amd64\native-platform.dll
0x00007ff91e640000 - 0x00007ff91e784000 	C:\Users\shahzaib lptp\AndroidStudioProjects\loginsqlite\native\0d407fdbe67a94daf76414ababcb853783967236a71b16ec16e742cd7a986fd3\windows-amd64\native-platform-file-events.dll
0x00007ff93c660000 - 0x00007ff93c66a000 	C:\Program Files\Android\Android Studio\jbr\bin\management.dll
0x00007ff93c2b0000 - 0x00007ff93c2bb000 	C:\Program Files\Android\Android Studio\jbr\bin\management_ext.dll
0x00007ff9419c0000 - 0x00007ff9419d8000 	C:\WINDOWS\SYSTEM32\CRYPTSP.dll
0x00007ff940da0000 - 0x00007ff940dd4000 	C:\WINDOWS\system32\rsaenh.dll
0x00007ff941de0000 - 0x00007ff941e07000 	C:\WINDOWS\System32\bcrypt.dll
0x00007ff941ce0000 - 0x00007ff941d0e000 	C:\WINDOWS\SYSTEM32\USERENV.dll
0x00007ff9415f0000 - 0x00007ff9415fc000 	C:\WINDOWS\SYSTEM32\CRYPTBASE.dll
0x00007ff941170000 - 0x00007ff9411ac000 	C:\WINDOWS\SYSTEM32\IPHLPAPI.DLL
0x00007ff943480000 - 0x00007ff943488000 	C:\WINDOWS\System32\NSI.dll
0x00007ff936bf0000 - 0x00007ff936c07000 	C:\WINDOWS\SYSTEM32\dhcpcsvc6.DLL
0x00007ff936bd0000 - 0x00007ff936bed000 	C:\WINDOWS\SYSTEM32\dhcpcsvc.DLL
0x00007ff9411b0000 - 0x00007ff94127b000 	C:\WINDOWS\SYSTEM32\DNSAPI.dll
0x00007ff93bf00000 - 0x00007ff93bf27000 	C:\Program Files\Android\Android Studio\jbr\bin\sunec.dll
0x00007ff935750000 - 0x00007ff93575a000 	C:\Windows\System32\rasadhlp.dll
0x00007ff936c60000 - 0x00007ff936ce0000 	C:\WINDOWS\System32\fwpuclnt.dll
0x00007ff940ec0000 - 0x00007ff940ef3000 	C:\WINDOWS\SYSTEM32\ntmarta.dll

dbghelp: loaded successfully - version: 4.0.5 - missing functions: none
symbol engine: initialized successfully - sym options: 0x614 - pdb path: .;C:\Program Files\Android\Android Studio\jbr\bin;C:\WINDOWS\SYSTEM32;C:\WINDOWS\WinSxS\amd64_microsoft.windows.common-controls_6595b64144ccf1df_6.0.19041.1110_none_60b5254171f9507e;C:\Program Files\Android\Android Studio\jbr\bin\server;C:\Users\shahzaib lptp\AndroidStudioProjects\loginsqlite\native\e1d6ef7f7dcc3fd88c89a11ec53ec762bb8ba0a96d01ffa2cd45eb1d1d8dd5c5\windows-amd64;C:\Users\shahzaib lptp\AndroidStudioProjects\loginsqlite\native\0d407fdbe67a94daf76414ababcb853783967236a71b16ec16e742cd7a986fd3\windows-amd64

VM Arguments:
jvm_args: --add-opens=java.base/java.util=ALL-UNNAMED --add-opens=java.base/java.lang=ALL-UNNAMED --add-opens=java.base/java.lang.invoke=ALL-UNNAMED --add-opens=java.base/java.util=ALL-UNNAMED --add-opens=java.prefs/java.util.prefs=ALL-UNNAMED --add-opens=java.prefs/java.util.prefs=ALL-UNNAMED --add-opens=java.base/java.nio.charset=ALL-UNNAMED --add-opens=java.base/java.net=ALL-UNNAMED --add-opens=java.base/java.util.concurrent.atomic=ALL-UNNAMED -Xmx2048m -Dfile.encoding=UTF-8 -Duser.country=US -Duser.language=en -Duser.variant 
java_command: org.gradle.launcher.daemon.bootstrap.GradleDaemon 7.5
java_class_path (initial): C:\Users\shahzaib lptp\AndroidStudioProjects\loginsqlite\wrapper\dists\gradle-7.5-bin\f1w0cc9nuo0eivz97x2xlu9sv\gradle-7.5\lib\gradle-launcher-7.5.jar
Launcher Type: SUN_STANDARD

[Global flags]
     intx CICompilerCount                          = 3                                         {product} {ergonomic}
     uint ConcGCThreads                            = 1                                         {product} {ergonomic}
     uint G1ConcRefinementThreads                  = 4                                         {product} {ergonomic}
   size_t G1HeapRegionSize                         = 1048576                                   {product} {ergonomic}
    uintx GCDrainStackTargetSize                   = 64                                        {product} {ergonomic}
   size_t InitialHeapSize                          = 67108864                                  {product} {ergonomic}
   size_t MarkStackSize                            = 4194304                                   {product} {ergonomic}
   size_t MaxHeapSize                              = 2147483648                                {product} {command line}
   size_t MaxNewSize                               = 1287651328                                {product} {ergonomic}
   size_t MinHeapDeltaBytes                        = 1048576                                   {product} {ergonomic}
    uintx NonNMethodCodeHeapSize                   = 5830732                                {pd product} {ergonomic}
    uintx NonProfiledCodeHeapSize                  = 122913754                              {pd product} {ergonomic}
    uintx ProfiledCodeHeapSize                     = 122913754                              {pd product} {ergonomic}
    uintx ReservedCodeCacheSize                    = 251658240                              {pd product} {ergonomic}
     bool SegmentedCodeCache                       = true                                      {product} {ergonomic}
     bool UseCompressedClassPointers               = true                                 {lp64_product} {ergonomic}
     bool UseCompressedOops                        = true                                 {lp64_product} {ergonomic}
     bool UseG1GC                                  = true                                      {product} {ergonomic}
     bool UseLargePagesIndividualAllocation        = false                                  {pd product} {ergonomic}

Logging:
Log output configuration:
 #0: stdout all=warning uptime,level,tags
 #1: stderr all=off uptime,level,tags

Environment Variables:
PATH=C:\Program Files\Python310\Scripts\;C:\Program Files\Python310\;C:\Program Files\Common Files\Oracle\Java\javapath;C:\app\bin;C:\app\shahzaiblptp\product\11.2.0\dbhome_1\bin;C:\WINDOWS\system32;C:\WINDOWS;C:\WINDOWS\System32\Wbem;C:\WINDOWS\System32\WindowsPowerShell\v1.0\;c:\Program Files (x86)\Microsoft SQL Server\100\Tools\Binn\;c:\Program Files\Microsoft SQL Server\100\Tools\Binn\;c:\Program Files\Microsoft SQL Server\100\DTS\Binn\;C:\WINDOWS\System32\OpenSSH\;C:\ProgramData\chocolatey\bin;%JAVA_HOME%\bin;C:\Users\shahzaib lptp\AppData\Local\Microsoft\WindowsApps;C:\Program Files\JetBrains\IntelliJ IDEA Community Edition 2021.3\bin;;C:\Program Files\Python310\PyCharm Community Edition 2022.1\bin;;C:\Users\shahzaib lptp\AppData\Local\Programs\Microsoft VS Code\bin;C:\Program Files\flutter\bin;C:\src\flutter\bin;C:\Program Files\Android\Android Studio\bin;
USERNAME=shahzaib lptp
OS=Windows_NT
PROCESSOR_IDENTIFIER=Intel64 Family 6 Model 69 Stepping 1, GenuineIntel



---------------  S Y S T E M  ---------------

OS: Windows 10 , 64 bit Build 19041 (10.0.19041.2788)
OS uptime: 0 days 0:14 hours
Hyper-V role detected

CPU:total 4 (initial active 4) (2 cores per cpu, 2 threads per core) family 6 model 69 stepping 1 microcode 0x26, cmov, cx8, fxsr, mmx, sse, sse2, sse3, ssse3, sse4.1, sse4.2, popcnt, avx, avx2, aes, clmul, erms, lzcnt, ht, tsc, tscinvbit, bmi1, bmi2, fma

Memory: 4k page, system-wide physical 3977M (298M free)
TotalPageFile size 5977M (AvailPageFile size 4M)
current process WorkingSet (physical memory assigned to process): 301M, peak: 541M
current process commit charge ("private bytes"): 628M, peak: 640M

vm_info: OpenJDK 64-Bit Server VM (11.0.15+0-b2043.56-9505619) for windows-amd64 JRE (11.0.15+0-b2043.56-9505619), built on Jan 19 2023 02:48:00 by "builduser" with unknown MS VC++:1929

END.
