#
# There is insufficient memory for the Java Runtime Environment to continue.
# Native memory allocation (malloc) failed to allocate 32744 bytes for ChunkPool::allocate
# Possible reasons:
#   The system is out of physical RAM or swap space
#   The process is running with CompressedOops enabled, and the Java Heap may be blocking the growth of the native heap
# Possible solutions:
#   Reduce memory load on the system
#   Increase physical memory or swap space
#   Check if swap backing store is full
#   Decrease Java heap size (-Xmx/-Xms)
#   Decrease number of Java threads
#   Decrease Java thread stack sizes (-Xss)
#   Set larger code cache with -XX:ReservedCodeCacheSize=
#   JVM is running with Unscaled Compressed Oops mode in which the Java heap is
#     placed in the first 4GB address space. The Java Heap base address is the
#     maximum limit for the native heap growth. Please use -XX:HeapBaseMinAddress
#     to set the Java Heap base and to place the Java Heap above 4GB virtual address.
# This output file may be truncated or incomplete.
#
#  Out of Memory Error (src/hotspot/share/memory/arena.cpp:81), pid=5964, tid=11352
#
# JRE version: OpenJDK Runtime Environment (11.0.15) (build 11.0.15+0-b2043.56-9505619)
# Java VM: OpenJDK 64-Bit Server VM (11.0.15+0-b2043.56-9505619, mixed mode, tiered, compressed oops, g1 gc, windows-amd64)
# No core dump will be written. Minidumps are not enabled by default on client versions of Windows
#

---------------  S U M M A R Y ------------

Command Line: --add-opens=java.base/java.util=ALL-UNNAMED --add-opens=java.base/java.lang=ALL-UNNAMED --add-opens=java.base/java.lang.invoke=ALL-UNNAMED --add-opens=java.base/java.util=ALL-UNNAMED --add-opens=java.prefs/java.util.prefs=ALL-UNNAMED --add-opens=java.prefs/java.util.prefs=ALL-UNNAMED --add-opens=java.base/java.nio.charset=ALL-UNNAMED --add-opens=java.base/java.net=ALL-UNNAMED --add-opens=java.base/java.util.concurrent.atomic=ALL-UNNAMED -Xmx2048m -Dfile.encoding=UTF-8 -Duser.country=US -Duser.language=en -Duser.variant org.gradle.launcher.daemon.bootstrap.GradleDaemon 7.5

Host: Intel(R) Core(TM) i5-4310U CPU @ 2.00GHz, 4 cores, 3G,  Windows 10 , 64 bit Build 19041 (10.0.19041.2788)
Time: Thu Apr 27 13:52:43 2023 Pakistan Standard Time elapsed time: 1883.313566 seconds (0d 0h 31m 23s)

---------------  T H R E A D  ---------------

Current thread (0x00000162b1e3f800):  JavaThread "C2 CompilerThread0" daemon [_thread_in_native, id=11352, stack(0x00000033a8e00000,0x00000033a8f00000)]


Current CompileTask:
C2:1883313 21324       4       org.gradle.api.internal.artifacts.result.DefaultResolutionResult::eachElement (92 bytes)

Stack: [0x00000033a8e00000,0x00000033a8f00000]
Native frames: (J=compiled Java code, j=interpreted, Vv=VM code, C=native code)
V  [jvm.dll+0x64135a]
V  [jvm.dll+0x7d39f9]
V  [jvm.dll+0x7d51b9]
V  [jvm.dll+0x7d58a3]
V  [jvm.dll+0x2691c5]
V  [jvm.dll+0xc1cbf]
V  [jvm.dll+0xc200c]
V  [jvm.dll+0x37c70b]
V  [jvm.dll+0x531d78]
V  [jvm.dll+0x530d60]
V  [jvm.dll+0x53169a]
V  [jvm.dll+0x3424c4]
V  [jvm.dll+0x34186a]
V  [jvm.dll+0x2214bd]
V  [jvm.dll+0x220498]
V  [jvm.dll+0x19e851]
V  [jvm.dll+0x230479]
V  [jvm.dll+0x22e5ef]
V  [jvm.dll+0x794de1]
V  [jvm.dll+0x78dc24]
V  [jvm.dll+0x6400f6]
C  [ucrtbase.dll+0x21bb2]
C  [KERNEL32.DLL+0x17604]
C  [ntdll.dll+0x526a1]


---------------  P R O C E S S  ---------------

Threads class SMR info:
_java_thread_list=0x00000162bfd14e00, length=96, elements={
0x0000016296295000, 0x00000162b1ddb000, 0x00000162b1de8800, 0x00000162b1e3a800,
0x00000162b1e3c000, 0x00000162b1e3e800, 0x00000162b1e3f800, 0x00000162b1e43000,
0x00000162b1e4c800, 0x00000162b289e800, 0x00000162b4905000, 0x00000162b4a7d000,
0x00000162b460c800, 0x00000162b5203800, 0x00000162b5202800, 0x00000162b5204000,
0x00000162b5201800, 0x00000162b5205000, 0x00000162b51ff000, 0x00000162b5205800,
0x00000162b5200000, 0x00000162b5201000, 0x00000162b5199800, 0x00000162b519a800,
0x00000162b2bcd000, 0x00000162b2bce000, 0x00000162b66a8800, 0x00000162b51a1800,
0x00000162b66ac800, 0x00000162b51a3800, 0x00000162b66a9000, 0x00000162b519f800,
0x00000162b519e800, 0x00000162b66a2800, 0x00000162b82d1000, 0x00000162b82d5000,
0x00000162b82d2800, 0x00000162b82d6800, 0x00000162b82d7800, 0x00000162b82d8000,
0x00000162b82d4000, 0x00000162b82d9000, 0x00000162b82d3800, 0x00000162b82da800,
0x00000162b82d6000, 0x00000162b82df800, 0x00000162b82dc800, 0x00000162b82df000,
0x00000162b82dd000, 0x00000162b82de000, 0x00000162b82da000, 0x00000162b82db800,
0x00000162b8487000, 0x00000162b8483000, 0x00000162b8484000, 0x00000162b8482800,
0x00000162b8488000, 0x00000162b848a800, 0x00000162b8489000, 0x00000162b8489800,
0x00000162b8484800, 0x00000162b848b000, 0x00000162b8485800, 0x00000162b848d000,
0x00000162b848d800, 0x00000162b8491000, 0x00000162b848e800, 0x00000162b848f800,
0x00000162b848c000, 0x00000162b8490000, 0x00000162b2bc6800, 0x00000162b2bc2800,
0x00000162b2bc7800, 0x00000162b2bc1800, 0x00000162b2bc8800, 0x00000162b2bc5000,
0x00000162b2bc3800, 0x00000162b2bca000, 0x00000162b2bc6000, 0x00000162b2bc9000,
0x00000162b2bc4000, 0x00000162b2bcc800, 0x00000162b2bcf000, 0x00000162b2bcf800,
0x00000162b2bcb800, 0x00000162b2bd0800, 0x00000162b2bca800, 0x00000162b66a5000,
0x00000162b66a6000, 0x00000162b66a2000, 0x00000162b66a3800, 0x00000162b66a6800,
0x00000162b66aa000, 0x00000162b66a7800, 0x00000162b66a4000, 0x00000162b66af800
}

Java Threads: ( => current thread )
  0x0000016296295000 JavaThread "main" [_thread_blocked, id=11288, stack(0x00000033a8200000,0x00000033a8300000)]
  0x00000162b1ddb000 JavaThread "Reference Handler" daemon [_thread_blocked, id=10076, stack(0x00000033a8900000,0x00000033a8a00000)]
  0x00000162b1de8800 JavaThread "Finalizer" daemon [_thread_blocked, id=12468, stack(0x00000033a8a00000,0x00000033a8b00000)]
  0x00000162b1e3a800 JavaThread "Signal Dispatcher" daemon [_thread_blocked, id=4556, stack(0x00000033a8b00000,0x00000033a8c00000)]
  0x00000162b1e3c000 JavaThread "Attach Listener" daemon [_thread_blocked, id=11372, stack(0x00000033a8c00000,0x00000033a8d00000)]
  0x00000162b1e3e800 JavaThread "Service Thread" daemon [_thread_blocked, id=5724, stack(0x00000033a8d00000,0x00000033a8e00000)]
=>0x00000162b1e3f800 JavaThread "C2 CompilerThread0" daemon [_thread_in_native, id=11352, stack(0x00000033a8e00000,0x00000033a8f00000)]
  0x00000162b1e43000 JavaThread "C1 CompilerThread0" daemon [_thread_blocked, id=7796, stack(0x00000033a8f00000,0x00000033a9000000)]
  0x00000162b1e4c800 JavaThread "Sweeper thread" daemon [_thread_blocked, id=8728, stack(0x00000033a9000000,0x00000033a9100000)]
  0x00000162b289e800 JavaThread "Common-Cleaner" daemon [_thread_blocked, id=13036, stack(0x00000033a9100000,0x00000033a9200000)]
  0x00000162b4905000 JavaThread "Daemon health stats" [_thread_blocked, id=11472, stack(0x00000033a9500000,0x00000033a9600000)]
  0x00000162b4a7d000 JavaThread "Incoming local TCP Connector on port 51088" [_thread_in_native, id=10540, stack(0x00000033a9300000,0x00000033a9400000)]
  0x00000162b460c800 JavaThread "Daemon periodic checks" [_thread_blocked, id=8532, stack(0x00000033a9600000,0x00000033a9700000)]
  0x00000162b5203800 JavaThread "Cache worker for journal cache (C:\Users\shahzaib lptp\AndroidStudioProjects\loginsqlite\caches\journal-1)" [_thread_blocked, id=5164, stack(0x00000033aa100000,0x00000033aa200000)]
  0x00000162b5202800 JavaThread "File lock request listener" [_thread_in_native, id=9632, stack(0x00000033aa200000,0x00000033aa300000)]
  0x00000162b5204000 JavaThread "Cache worker for file hash cache (C:\Users\shahzaib lptp\AndroidStudioProjects\loginsqlite\caches\7.5\fileHashes)" [_thread_blocked, id=3268, stack(0x00000033aa300000,0x00000033aa400000)]
  0x00000162b5201800 JavaThread "File watcher server" daemon [_thread_in_native, id=3008, stack(0x00000033a9e00000,0x00000033a9f00000)]
  0x00000162b5205000 JavaThread "File watcher consumer" daemon [_thread_blocked, id=12376, stack(0x00000033aa400000,0x00000033aa500000)]
  0x00000162b51ff000 JavaThread "jar transforms" [_thread_blocked, id=10304, stack(0x00000033aa600000,0x00000033aa700000)]
  0x00000162b5205800 JavaThread "jar transforms Thread 2" [_thread_blocked, id=8468, stack(0x00000033aa700000,0x00000033aa800000)]
  0x00000162b5200000 JavaThread "jar transforms Thread 3" [_thread_blocked, id=9376, stack(0x00000033aa800000,0x00000033aa900000)]
  0x00000162b5201000 JavaThread "jar transforms Thread 4" [_thread_blocked, id=11464, stack(0x00000033aa900000,0x00000033aaa00000)]
  0x00000162b5199800 JavaThread "Cache worker for file content cache (C:\Users\shahzaib lptp\AndroidStudioProjects\loginsqlite\caches\7.5\fileContent)" [_thread_blocked, id=10288, stack(0x00000033aab00000,0x00000033aac00000)]
  0x00000162b519a800 JavaThread "Cache worker for execution history cache (C:\Users\shahzaib lptp\AndroidStudioProjects\loginsqlite\caches\7.5\executionHistory)" [_thread_blocked, id=3128, stack(0x00000033aae00000,0x00000033aaf00000)]
  0x00000162b2bcd000 JavaThread "Memory manager" [_thread_blocked, id=12036, stack(0x00000033a7f00000,0x00000033a8000000)]
  0x00000162b2bce000 JavaThread "pool-3-thread-1" [_thread_blocked, id=888, stack(0x00000033ad800000,0x00000033ad900000)]
  0x00000162b66a8800 JavaThread "pool-6-thread-1" [_thread_blocked, id=12852, stack(0x00000033adb00000,0x00000033adc00000)]
  0x00000162b51a1800 JavaThread "pool-9-thread-1" [_thread_blocked, id=2000, stack(0x00000033adc00000,0x00000033add00000)]
  0x00000162b66ac800 JavaThread "pool-12-thread-1" [_thread_blocked, id=3168, stack(0x00000033ade00000,0x00000033adf00000)]
  0x00000162b51a3800 JavaThread "pool-15-thread-1" [_thread_blocked, id=11244, stack(0x00000033add00000,0x00000033ade00000)]
  0x00000162b66a9000 JavaThread "pool-18-thread-1" [_thread_blocked, id=3392, stack(0x00000033adf00000,0x00000033ae000000)]
  0x00000162b519f800 JavaThread "pool-21-thread-1" [_thread_blocked, id=7332, stack(0x00000033ae100000,0x00000033ae200000)]
  0x00000162b519e800 JavaThread "pool-24-thread-1" [_thread_blocked, id=10412, stack(0x00000033aac00000,0x00000033aad00000)]
  0x00000162b66a2800 JavaThread "pool-27-thread-1" [_thread_blocked, id=3940, stack(0x00000033ada00000,0x00000033adb00000)]
  0x00000162b82d1000 JavaThread "pool-30-thread-1" [_thread_blocked, id=7432, stack(0x00000033ae200000,0x00000033ae300000)]
  0x00000162b82d5000 JavaThread "Daemon Thread 11" [_thread_blocked, id=10664, stack(0x00000033a8000000,0x00000033a8100000)]
  0x00000162b82d2800 JavaThread "Daemon Thread 12" [_thread_blocked, id=9196, stack(0x00000033a8100000,0x00000033a8200000)]
  0x00000162b82d6800 JavaThread "Handler for socket connection from /127.0.0.1:51088 to /127.0.0.1:51453" [_thread_in_native, id=12380, stack(0x00000033a9800000,0x00000033a9900000)]
  0x00000162b82d7800 JavaThread "Cancel handler" [_thread_blocked, id=3204, stack(0x00000033a9900000,0x00000033a9a00000)]
  0x00000162b82d8000 JavaThread "Daemon worker Thread 9" [_thread_blocked, id=10700, stack(0x00000033a9700000,0x00000033a9800000)]
  0x00000162b82d4000 JavaThread "Asynchronous log dispatcher for DefaultDaemonConnection: socket connection from /127.0.0.1:51088 to /127.0.0.1:51453" [_thread_blocked, id=10216, stack(0x00000033a9a00000,0x00000033a9b00000)]
  0x00000162b82d9000 JavaThread "Stdin handler" [_thread_blocked, id=12536, stack(0x00000033a9b00000,0x00000033a9c00000)]
  0x00000162b82d3800 JavaThread "Daemon client event forwarder" [_thread_blocked, id=13232, stack(0x00000033a9c00000,0x00000033a9d00000)]
  0x00000162b82da800 JavaThread "Cache worker for checksums cache (C:\Users\shahzaib lptp\AndroidStudioProjects\EyeonwaterApp\.gradle\7.5\checksums)" [_thread_blocked, id=12072, stack(0x00000033a9d00000,0x00000033a9e00000)]
  0x00000162b82d6000 JavaThread "Cache worker for cache directory md-rule (C:\Users\shahzaib lptp\AndroidStudioProjects\loginsqlite\caches\7.5\md-rule)" [_thread_blocked, id=6464, stack(0x00000033aa500000,0x00000033aa600000)]
  0x00000162b82df800 JavaThread "Cache worker for file hash cache (C:\Users\shahzaib lptp\AndroidStudioProjects\EyeonwaterApp\.gradle\7.5\fileHashes)" [_thread_blocked, id=6624, stack(0x00000033aaa00000,0x00000033aab00000)]
  0x00000162b82dc800 JavaThread "Cache worker for cache directory md-supplier (C:\Users\shahzaib lptp\AndroidStudioProjects\loginsqlite\caches\7.5\md-supplier)" [_thread_blocked, id=12192, stack(0x00000033aad00000,0x00000033aae00000)]
  0x00000162b82df000 JavaThread "Cache worker for dependencies-accessors (C:\Users\shahzaib lptp\AndroidStudioProjects\EyeonwaterApp\.gradle\7.5\dependencies-accessors)" [_thread_blocked, id=2496, stack(0x00000033aaf00000,0x00000033ab000000)]
  0x00000162b82dd000 JavaThread "Cache worker for Build Output Cleanup Cache (C:\Users\shahzaib lptp\AndroidStudioProjects\EyeonwaterApp\.gradle\buildOutputCleanup)" [_thread_blocked, id=11364, stack(0x00000033ab000000,0x00000033ab100000)]
  0x00000162b82de000 JavaThread "Unconstrained build operations" [_thread_blocked, id=1036, stack(0x00000033ab100000,0x00000033ab200000)]
  0x00000162b82da000 JavaThread "Unconstrained build operations Thread 2" [_thread_blocked, id=6544, stack(0x00000033ab200000,0x00000033ab300000)]
  0x00000162b82db800 JavaThread "Unconstrained build operations Thread 3" [_thread_blocked, id=11316, stack(0x00000033ab300000,0x00000033ab400000)]
  0x00000162b8487000 JavaThread "Unconstrained build operations Thread 4" [_thread_blocked, id=12796, stack(0x00000033ab400000,0x00000033ab500000)]
  0x00000162b8483000 JavaThread "Unconstrained build operations Thread 5" [_thread_blocked, id=6492, stack(0x00000033ab500000,0x00000033ab600000)]
  0x00000162b8484000 JavaThread "Unconstrained build operations Thread 6" [_thread_blocked, id=8288, stack(0x00000033ab600000,0x00000033ab700000)]
  0x00000162b8482800 JavaThread "Unconstrained build operations Thread 7" [_thread_blocked, id=13088, stack(0x00000033ab700000,0x00000033ab800000)]
  0x00000162b8488000 JavaThread "Unconstrained build operations Thread 8" [_thread_blocked, id=13040, stack(0x00000033ab800000,0x00000033ab900000)]
  0x00000162b848a800 JavaThread "Unconstrained build operations Thread 9" [_thread_blocked, id=8952, stack(0x00000033ab900000,0x00000033aba00000)]
  0x00000162b8489000 JavaThread "Unconstrained build operations Thread 10" [_thread_blocked, id=10716, stack(0x00000033aba00000,0x00000033abb00000)]
  0x00000162b8489800 JavaThread "Unconstrained build operations Thread 11" [_thread_blocked, id=5984, stack(0x00000033abb00000,0x00000033abc00000)]
  0x00000162b8484800 JavaThread "Unconstrained build operations Thread 12" [_thread_blocked, id=12604, stack(0x00000033abc00000,0x00000033abd00000)]
  0x00000162b848b000 JavaThread "Unconstrained build operations Thread 13" [_thread_blocked, id=7260, stack(0x00000033abd00000,0x00000033abe00000)]
  0x00000162b8485800 JavaThread "Unconstrained build operations Thread 14" [_thread_blocked, id=11488, stack(0x00000033abe00000,0x00000033abf00000)]
  0x00000162b848d000 JavaThread "Unconstrained build operations Thread 15" [_thread_blocked, id=12052, stack(0x00000033abf00000,0x00000033ac000000)]
  0x00000162b848d800 JavaThread "Unconstrained build operations Thread 16" [_thread_blocked, id=11908, stack(0x00000033ac000000,0x00000033ac100000)]
  0x00000162b8491000 JavaThread "Unconstrained build operations Thread 17" [_thread_blocked, id=10264, stack(0x00000033ac100000,0x00000033ac200000)]
  0x00000162b848e800 JavaThread "Unconstrained build operations Thread 18" [_thread_blocked, id=7992, stack(0x00000033ac200000,0x00000033ac300000)]
  0x00000162b848f800 JavaThread "Unconstrained build operations Thread 19" [_thread_blocked, id=13244, stack(0x00000033ac300000,0x00000033ac400000)]
  0x00000162b848c000 JavaThread "Unconstrained build operations Thread 20" [_thread_blocked, id=8808, stack(0x00000033ac400000,0x00000033ac500000)]
  0x00000162b8490000 JavaThread "Unconstrained build operations Thread 21" [_thread_blocked, id=12872, stack(0x00000033ac500000,0x00000033ac600000)]
  0x00000162b2bc6800 JavaThread "Unconstrained build operations Thread 22" [_thread_blocked, id=6148, stack(0x00000033ac600000,0x00000033ac700000)]
  0x00000162b2bc2800 JavaThread "Unconstrained build operations Thread 23" [_thread_blocked, id=10228, stack(0x00000033ac700000,0x00000033ac800000)]
  0x00000162b2bc7800 JavaThread "Unconstrained build operations Thread 24" [_thread_blocked, id=8296, stack(0x00000033ac800000,0x00000033ac900000)]
  0x00000162b2bc1800 JavaThread "Unconstrained build operations Thread 25" [_thread_blocked, id=980, stack(0x00000033ac900000,0x00000033aca00000)]
  0x00000162b2bc8800 JavaThread "Unconstrained build operations Thread 26" [_thread_blocked, id=11168, stack(0x00000033aca00000,0x00000033acb00000)]
  0x00000162b2bc5000 JavaThread "Unconstrained build operations Thread 27" [_thread_blocked, id=112, stack(0x00000033acb00000,0x00000033acc00000)]
  0x00000162b2bc3800 JavaThread "Unconstrained build operations Thread 28" [_thread_blocked, id=12148, stack(0x00000033acc00000,0x00000033acd00000)]
  0x00000162b2bca000 JavaThread "Unconstrained build operations Thread 29" [_thread_blocked, id=9428, stack(0x00000033acd00000,0x00000033ace00000)]
  0x00000162b2bc6000 JavaThread "Unconstrained build operations Thread 30" [_thread_blocked, id=13308, stack(0x00000033ace00000,0x00000033acf00000)]
  0x00000162b2bc9000 JavaThread "Unconstrained build operations Thread 31" [_thread_blocked, id=10092, stack(0x00000033acf00000,0x00000033ad000000)]
  0x00000162b2bc4000 JavaThread "Unconstrained build operations Thread 32" [_thread_blocked, id=7684, stack(0x00000033ad000000,0x00000033ad100000)]
  0x00000162b2bcc800 JavaThread "Unconstrained build operations Thread 33" [_thread_blocked, id=12576, stack(0x00000033ad100000,0x00000033ad200000)]
  0x00000162b2bcf000 JavaThread "Unconstrained build operations Thread 34" [_thread_blocked, id=11876, stack(0x00000033ad200000,0x00000033ad300000)]
  0x00000162b2bcf800 JavaThread "Unconstrained build operations Thread 35" [_thread_blocked, id=2848, stack(0x00000033ad300000,0x00000033ad400000)]
  0x00000162b2bcb800 JavaThread "Unconstrained build operations Thread 36" [_thread_blocked, id=4916, stack(0x00000033ad400000,0x00000033ad500000)]
  0x00000162b2bd0800 JavaThread "Unconstrained build operations Thread 37" [_thread_blocked, id=5960, stack(0x00000033ad500000,0x00000033ad600000)]
  0x00000162b2bca800 JavaThread "Unconstrained build operations Thread 38" [_thread_blocked, id=10812, stack(0x00000033ad600000,0x00000033ad700000)]
  0x00000162b66a5000 JavaThread "Unconstrained build operations Thread 39" [_thread_blocked, id=11880, stack(0x00000033ad700000,0x00000033ad800000)]
  0x00000162b66a6000 JavaThread "Unconstrained build operations Thread 40" [_thread_blocked, id=11992, stack(0x00000033ad900000,0x00000033ada00000)]
  0x00000162b66a2000 JavaThread "pool-33-thread-1" [_thread_blocked, id=11148, stack(0x00000033ae000000,0x00000033ae100000)]
  0x00000162b66a3800 JavaThread "included builds" [_thread_blocked, id=10344, stack(0x00000033ae300000,0x00000033ae400000)]
  0x00000162b66a6800 JavaThread "Execution worker" [_thread_blocked, id=12928, stack(0x00000033ae400000,0x00000033ae500000)]
  0x00000162b66aa000 JavaThread "Execution worker Thread 2" [_thread_blocked, id=4868, stack(0x00000033ae500000,0x00000033ae600000)]
  0x00000162b66a7800 JavaThread "Execution worker Thread 3" [_thread_blocked, id=6200, stack(0x00000033ae600000,0x00000033ae700000)]
  0x00000162b66a4000 JavaThread "Cache worker for execution history cache (C:\Users\shahzaib lptp\AndroidStudioProjects\EyeonwaterApp\.gradle\7.5\executionHistory)" [_thread_blocked, id=12484, stack(0x00000033ae700000,0x00000033ae800000)]
  0x00000162b66af800 JavaThread "idea-tooling-model-converter" [_thread_blocked, id=1216, stack(0x00000033ae800000,0x00000033ae900000)]

Other Threads:
  0x00000162b1dd8800 VMThread "VM Thread" [stack: 0x00000033a8800000,0x00000033a8900000] [id=8292]
  0x00000162b28af000 WatcherThread [stack: 0x00000033a9200000,0x00000033a9300000] [id=4356]
  0x00000162962ac800 GCTaskThread "GC Thread#0" [stack: 0x00000033a8300000,0x00000033a8400000] [id=11608]
  0x00000162b2e6b800 GCTaskThread "GC Thread#1" [stack: 0x00000033a9400000,0x00000033a9500000] [id=7280]
  0x00000162b48e3000 GCTaskThread "GC Thread#2" [stack: 0x00000033a9f00000,0x00000033aa000000] [id=4212]
  0x00000162b48e8000 GCTaskThread "GC Thread#3" [stack: 0x00000033aa000000,0x00000033aa100000] [id=10772]
  0x00000162962e0000 ConcurrentGCThread "G1 Main Marker" [stack: 0x00000033a8400000,0x00000033a8500000] [id=10816]
  0x00000162962e1000 ConcurrentGCThread "G1 Conc#0" [stack: 0x00000033a8500000,0x00000033a8600000] [id=11448]
  0x0000016296338000 ConcurrentGCThread "G1 Refine#0" [stack: 0x00000033a8600000,0x00000033a8700000] [id=11228]
  0x0000016296339000 ConcurrentGCThread "G1 Young RemSet Sampling" [stack: 0x00000033a8700000,0x00000033a8800000] [id=12768]

Threads with active compile tasks:
C2 CompilerThread0  1883406 21324       4       org.gradle.api.internal.artifacts.result.DefaultResolutionResult::eachElement (92 bytes)

VM state:not at safepoint (normal execution)

VM Mutex/Monitor currently owned by a thread: None

Heap address: 0x0000000080000000, size: 2048 MB, Compressed Oops mode: 32-bit
Narrow klass base: 0x0000000000000000, Narrow klass shift: 3
Compressed class space size: 1073741824 Address: 0x0000000100000000

Heap:
 garbage-first heap   total 349184K, used 267833K [0x0000000080000000, 0x0000000100000000)
  region size 1024K, 59 young (60416K), 1 survivors (1024K)
 Metaspace       used 154971K, capacity 160477K, committed 160676K, reserved 1189888K
  class space    used 18651K, capacity 20429K, committed 20556K, reserved 1048576K
Heap Regions: E=young(eden), S=young(survivor), O=old, HS=humongous(starts), HC=humongous(continues), CS=collection set, F=free, A=archive, TAMS=top-at-mark-start (previous, next)
|   0|0x0000000080000000, 0x0000000080100000, 0x0000000080100000|100%|HS|  |TAMS 0x0000000080100000, 0x0000000080000000| Complete 
|   1|0x0000000080100000, 0x0000000080200000, 0x0000000080200000|100%|HC|  |TAMS 0x0000000080200000, 0x0000000080100000| Complete 
|   2|0x0000000080200000, 0x0000000080300000, 0x0000000080300000|100%|HC|  |TAMS 0x0000000080300000, 0x0000000080200000| Complete 
|   3|0x0000000080300000, 0x0000000080400000, 0x0000000080400000|100%| O|  |TAMS 0x0000000080400000, 0x0000000080300000| Untracked 
|   4|0x0000000080400000, 0x0000000080500000, 0x0000000080500000|100%| O|  |TAMS 0x0000000080500000, 0x0000000080400000| Untracked 
|   5|0x0000000080500000, 0x0000000080600000, 0x0000000080600000|100%| O|  |TAMS 0x0000000080600000, 0x0000000080500000| Untracked 
|   6|0x0000000080600000, 0x0000000080700000, 0x0000000080700000|100%| O|  |TAMS 0x0000000080700000, 0x0000000080600000| Untracked 
|   7|0x0000000080700000, 0x0000000080800000, 0x0000000080800000|100%| O|  |TAMS 0x0000000080800000, 0x0000000080700000| Untracked 
|   8|0x0000000080800000, 0x0000000080900000, 0x0000000080900000|100%| O|  |TAMS 0x0000000080900000, 0x0000000080800000| Untracked 
|   9|0x0000000080900000, 0x0000000080a00000, 0x0000000080a00000|100%| O|  |TAMS 0x0000000080a00000, 0x0000000080900000| Untracked 
|  10|0x0000000080a00000, 0x0000000080b00000, 0x0000000080b00000|100%| O|  |TAMS 0x0000000080b00000, 0x0000000080a00000| Untracked 
|  11|0x0000000080b00000, 0x0000000080c00000, 0x0000000080c00000|100%| O|  |TAMS 0x0000000080c00000, 0x0000000080b00000| Untracked 
|  12|0x0000000080c00000, 0x0000000080d00000, 0x0000000080d00000|100%| O|  |TAMS 0x0000000080d00000, 0x0000000080c00000| Untracked 
|  13|0x0000000080d00000, 0x0000000080e00000, 0x0000000080e00000|100%| O|  |TAMS 0x0000000080e00000, 0x0000000080d00000| Untracked 
|  14|0x0000000080e00000, 0x0000000080f00000, 0x0000000080f00000|100%| O|  |TAMS 0x0000000080f00000, 0x0000000080e00000| Untracked 
|  15|0x0000000080f00000, 0x0000000081000000, 0x0000000081000000|100%| O|  |TAMS 0x0000000081000000, 0x0000000080f00000| Untracked 
|  16|0x0000000081000000, 0x0000000081100000, 0x0000000081100000|100%| O|  |TAMS 0x0000000081100000, 0x0000000081000000| Untracked 
|  17|0x0000000081100000, 0x0000000081200000, 0x0000000081200000|100%|HS|  |TAMS 0x0000000081200000, 0x0000000081100000| Complete 
|  18|0x0000000081200000, 0x0000000081300000, 0x0000000081300000|100%|HC|  |TAMS 0x0000000081300000, 0x0000000081200000| Complete 
|  19|0x0000000081300000, 0x0000000081400000, 0x0000000081400000|100%|HS|  |TAMS 0x0000000081400000, 0x0000000081300000| Complete 
|  20|0x0000000081400000, 0x0000000081500000, 0x0000000081500000|100%|HC|  |TAMS 0x0000000081500000, 0x0000000081400000| Complete 
|  21|0x0000000081500000, 0x0000000081600000, 0x0000000081600000|100%|HC|  |TAMS 0x0000000081600000, 0x0000000081500000| Complete 
|  22|0x0000000081600000, 0x0000000081700000, 0x0000000081700000|100%|HS|  |TAMS 0x0000000081700000, 0x0000000081600000| Complete 
|  23|0x0000000081700000, 0x0000000081800000, 0x0000000081800000|100%|HC|  |TAMS 0x0000000081800000, 0x0000000081700000| Complete 
|  24|0x0000000081800000, 0x0000000081900000, 0x0000000081900000|100%|HC|  |TAMS 0x0000000081900000, 0x0000000081800000| Complete 
|  25|0x0000000081900000, 0x0000000081a00000, 0x0000000081a00000|100%|HS|  |TAMS 0x0000000081a00000, 0x0000000081900000| Complete 
|  26|0x0000000081a00000, 0x0000000081b00000, 0x0000000081b00000|100%|HC|  |TAMS 0x0000000081b00000, 0x0000000081a00000| Complete 
|  27|0x0000000081b00000, 0x0000000081c00000, 0x0000000081c00000|100%|HS|  |TAMS 0x0000000081c00000, 0x0000000081b00000| Complete 
|  28|0x0000000081c00000, 0x0000000081d00000, 0x0000000081d00000|100%|HC|  |TAMS 0x0000000081d00000, 0x0000000081c00000| Complete 
|  29|0x0000000081d00000, 0x0000000081e00000, 0x0000000081e00000|100%|HC|  |TAMS 0x0000000081e00000, 0x0000000081d00000| Complete 
|  30|0x0000000081e00000, 0x0000000081f00000, 0x0000000081f00000|100%|HC|  |TAMS 0x0000000081f00000, 0x0000000081e00000| Complete 
|  31|0x0000000081f00000, 0x0000000082000000, 0x0000000082000000|100%|HC|  |TAMS 0x0000000082000000, 0x0000000081f00000| Complete 
|  32|0x0000000082000000, 0x0000000082100000, 0x0000000082100000|100%| O|  |TAMS 0x0000000082100000, 0x0000000082000000| Untracked 
|  33|0x0000000082100000, 0x0000000082200000, 0x0000000082200000|100%| O|  |TAMS 0x0000000082200000, 0x0000000082100000| Untracked 
|  34|0x0000000082200000, 0x0000000082300000, 0x0000000082300000|100%| O|  |TAMS 0x0000000082300000, 0x0000000082200000| Untracked 
|  35|0x0000000082300000, 0x0000000082400000, 0x0000000082400000|100%| O|  |TAMS 0x0000000082400000, 0x0000000082300000| Untracked 
|  36|0x0000000082400000, 0x0000000082500000, 0x0000000082500000|100%| O|  |TAMS 0x0000000082500000, 0x0000000082400000| Untracked 
|  37|0x0000000082500000, 0x0000000082600000, 0x0000000082600000|100%| O|  |TAMS 0x0000000082600000, 0x0000000082500000| Untracked 
|  38|0x0000000082600000, 0x0000000082700000, 0x0000000082700000|100%| O|  |TAMS 0x0000000082700000, 0x0000000082600000| Untracked 
|  39|0x0000000082700000, 0x0000000082800000, 0x0000000082800000|100%| O|  |TAMS 0x0000000082800000, 0x0000000082700000| Untracked 
|  40|0x0000000082800000, 0x0000000082900000, 0x0000000082900000|100%| O|  |TAMS 0x0000000082900000, 0x0000000082800000| Untracked 
|  41|0x0000000082900000, 0x0000000082a00000, 0x0000000082a00000|100%| O|  |TAMS 0x0000000082a00000, 0x0000000082900000| Untracked 
|  42|0x0000000082a00000, 0x0000000082b00000, 0x0000000082b00000|100%| O|  |TAMS 0x0000000082b00000, 0x0000000082a00000| Untracked 
|  43|0x0000000082b00000, 0x0000000082c00000, 0x0000000082c00000|100%| O|  |TAMS 0x0000000082c00000, 0x0000000082b00000| Untracked 
|  44|0x0000000082c00000, 0x0000000082d00000, 0x0000000082d00000|100%| O|  |TAMS 0x0000000082d00000, 0x0000000082c00000| Untracked 
|  45|0x0000000082d00000, 0x0000000082e00000, 0x0000000082e00000|100%| O|  |TAMS 0x0000000082e00000, 0x0000000082d00000| Untracked 
|  46|0x0000000082e00000, 0x0000000082f00000, 0x0000000082f00000|100%| O|  |TAMS 0x0000000082f00000, 0x0000000082e00000| Untracked 
|  47|0x0000000082f00000, 0x0000000083000000, 0x0000000083000000|100%|HS|  |TAMS 0x0000000083000000, 0x0000000082f00000| Complete 
|  48|0x0000000083000000, 0x0000000083100000, 0x0000000083100000|100%|HC|  |TAMS 0x0000000083100000, 0x0000000083000000| Complete 
|  49|0x0000000083100000, 0x0000000083200000, 0x0000000083200000|100%| O|  |TAMS 0x0000000083100000, 0x0000000083100000| Untracked 
|  50|0x0000000083200000, 0x0000000083300000, 0x0000000083300000|100%|HS|  |TAMS 0x0000000083300000, 0x0000000083200000| Complete 
|  51|0x0000000083300000, 0x0000000083400000, 0x0000000083400000|100%|HS|  |TAMS 0x0000000083400000, 0x0000000083300000| Complete 
|  52|0x0000000083400000, 0x0000000083500000, 0x0000000083500000|100%| O|  |TAMS 0x0000000083500000, 0x0000000083400000| Untracked 
|  53|0x0000000083500000, 0x0000000083600000, 0x0000000083600000|100%| O|  |TAMS 0x0000000083600000, 0x0000000083500000| Untracked 
|  54|0x0000000083600000, 0x0000000083700000, 0x0000000083700000|100%| O|  |TAMS 0x0000000083700000, 0x0000000083600000| Untracked 
|  55|0x0000000083700000, 0x0000000083800000, 0x0000000083800000|100%| O|  |TAMS 0x0000000083800000, 0x0000000083700000| Untracked 
|  56|0x0000000083800000, 0x0000000083900000, 0x0000000083900000|100%| O|  |TAMS 0x0000000083900000, 0x0000000083800000| Untracked 
|  57|0x0000000083900000, 0x0000000083a00000, 0x0000000083a00000|100%| O|  |TAMS 0x0000000083a00000, 0x0000000083900000| Untracked 
|  58|0x0000000083a00000, 0x0000000083b00000, 0x0000000083b00000|100%| O|  |TAMS 0x0000000083b00000, 0x0000000083a00000| Untracked 
|  59|0x0000000083b00000, 0x0000000083c00000, 0x0000000083c00000|100%| O|  |TAMS 0x0000000083c00000, 0x0000000083b00000| Untracked 
|  60|0x0000000083c00000, 0x0000000083d00000, 0x0000000083d00000|100%| O|  |TAMS 0x0000000083d00000, 0x0000000083c00000| Untracked 
|  61|0x0000000083d00000, 0x0000000083e00000, 0x0000000083e00000|100%| O|  |TAMS 0x0000000083e00000, 0x0000000083d00000| Untracked 
|  62|0x0000000083e00000, 0x0000000083f00000, 0x0000000083f00000|100%| O|  |TAMS 0x0000000083f00000, 0x0000000083e00000| Untracked 
|  63|0x0000000083f00000, 0x0000000084000000, 0x0000000084000000|100%| O|  |TAMS 0x0000000084000000, 0x0000000083f00000| Untracked 
|  64|0x0000000084000000, 0x0000000084100000, 0x0000000084100000|100%| O|  |TAMS 0x0000000084100000, 0x0000000084000000| Untracked 
|  65|0x0000000084100000, 0x0000000084200000, 0x0000000084200000|100%| O|  |TAMS 0x0000000084200000, 0x0000000084100000| Untracked 
|  66|0x0000000084200000, 0x0000000084300000, 0x0000000084300000|100%| O|  |TAMS 0x0000000084300000, 0x0000000084200000| Untracked 
|  67|0x0000000084300000, 0x0000000084400000, 0x0000000084400000|100%| O|  |TAMS 0x0000000084400000, 0x0000000084300000| Untracked 
|  68|0x0000000084400000, 0x0000000084500000, 0x0000000084500000|100%| O|  |TAMS 0x0000000084500000, 0x0000000084400000| Untracked 
|  69|0x0000000084500000, 0x0000000084500000, 0x0000000084600000|  0%| F|  |TAMS 0x0000000084500000, 0x0000000084500000| Untracked 
|  70|0x0000000084600000, 0x0000000084700000, 0x0000000084700000|100%| O|  |TAMS 0x0000000084600000, 0x0000000084600000| Untracked 
|  71|0x0000000084700000, 0x0000000084800000, 0x0000000084800000|100%| O|  |TAMS 0x0000000084800000, 0x0000000084700000| Untracked 
|  72|0x0000000084800000, 0x0000000084900000, 0x0000000084900000|100%| O|  |TAMS 0x0000000084900000, 0x0000000084800000| Untracked 
|  73|0x0000000084900000, 0x0000000084a00000, 0x0000000084a00000|100%| O|  |TAMS 0x0000000084a00000, 0x0000000084900000| Untracked 
|  74|0x0000000084a00000, 0x0000000084b00000, 0x0000000084b00000|100%| O|  |TAMS 0x0000000084b00000, 0x0000000084a00000| Untracked 
|  75|0x0000000084b00000, 0x0000000084c00000, 0x0000000084c00000|100%| O|  |TAMS 0x0000000084c00000, 0x0000000084b00000| Untracked 
|  76|0x0000000084c00000, 0x0000000084d00000, 0x0000000084d00000|100%| O|  |TAMS 0x0000000084d00000, 0x0000000084c00000| Untracked 
|  77|0x0000000084d00000, 0x0000000084e00000, 0x0000000084e00000|100%| O|  |TAMS 0x0000000084e00000, 0x0000000084d00000| Untracked 
|  78|0x0000000084e00000, 0x0000000084f00000, 0x0000000084f00000|100%|HS|  |TAMS 0x0000000084f00000, 0x0000000084e00000| Complete 
|  79|0x0000000084f00000, 0x0000000085000000, 0x0000000085000000|100%|HC|  |TAMS 0x0000000085000000, 0x0000000084f00000| Complete 
|  80|0x0000000085000000, 0x0000000085100000, 0x0000000085100000|100%|HS|  |TAMS 0x0000000085100000, 0x0000000085000000| Complete 
|  81|0x0000000085100000, 0x0000000085200000, 0x0000000085200000|100%|HC|  |TAMS 0x0000000085200000, 0x0000000085100000| Complete 
|  82|0x0000000085200000, 0x0000000085300000, 0x0000000085300000|100%|HC|  |TAMS 0x0000000085300000, 0x0000000085200000| Complete 
|  83|0x0000000085300000, 0x0000000085400000, 0x0000000085400000|100%|HS|  |TAMS 0x0000000085400000, 0x0000000085300000| Complete 
|  84|0x0000000085400000, 0x0000000085500000, 0x0000000085500000|100%|HC|  |TAMS 0x0000000085500000, 0x0000000085400000| Complete 
|  85|0x0000000085500000, 0x0000000085600000, 0x0000000085600000|100%| O|  |TAMS 0x0000000085600000, 0x0000000085500000| Untracked 
|  86|0x0000000085600000, 0x0000000085700000, 0x0000000085700000|100%| O|  |TAMS 0x0000000085700000, 0x0000000085600000| Untracked 
|  87|0x0000000085700000, 0x0000000085800000, 0x0000000085800000|100%| O|  |TAMS 0x0000000085800000, 0x0000000085700000| Untracked 
|  88|0x0000000085800000, 0x0000000085900000, 0x0000000085900000|100%| O|  |TAMS 0x0000000085900000, 0x0000000085800000| Untracked 
|  89|0x0000000085900000, 0x0000000085a00000, 0x0000000085a00000|100%| O|  |TAMS 0x0000000085a00000, 0x0000000085900000| Untracked 
|  90|0x0000000085a00000, 0x0000000085b00000, 0x0000000085b00000|100%| O|  |TAMS 0x0000000085b00000, 0x0000000085a00000| Untracked 
|  91|0x0000000085b00000, 0x0000000085c00000, 0x0000000085c00000|100%| O|  |TAMS 0x0000000085c00000, 0x0000000085b00000| Untracked 
|  92|0x0000000085c00000, 0x0000000085d00000, 0x0000000085d00000|100%| O|  |TAMS 0x0000000085d00000, 0x0000000085c00000| Untracked 
|  93|0x0000000085d00000, 0x0000000085e00000, 0x0000000085e00000|100%|HS|  |TAMS 0x0000000085e00000, 0x0000000085d00000| Complete 
|  94|0x0000000085e00000, 0x0000000085f00000, 0x0000000085f00000|100%|HC|  |TAMS 0x0000000085f00000, 0x0000000085e00000| Complete 
|  95|0x0000000085f00000, 0x0000000086000000, 0x0000000086000000|100%|HS|  |TAMS 0x0000000086000000, 0x0000000085f00000| Complete 
|  96|0x0000000086000000, 0x0000000086100000, 0x0000000086100000|100%|HC|  |TAMS 0x0000000086100000, 0x0000000086000000| Complete 
|  97|0x0000000086100000, 0x0000000086200000, 0x0000000086200000|100%| O|  |TAMS 0x0000000086200000, 0x0000000086100000| Untracked 
|  98|0x0000000086200000, 0x0000000086300000, 0x0000000086300000|100%|HS|  |TAMS 0x0000000086300000, 0x0000000086200000| Complete 
|  99|0x0000000086300000, 0x0000000086400000, 0x0000000086400000|100%|HC|  |TAMS 0x0000000086400000, 0x0000000086300000| Complete 
| 100|0x0000000086400000, 0x0000000086500000, 0x0000000086500000|100%|HC|  |TAMS 0x0000000086500000, 0x0000000086400000| Complete 
| 101|0x0000000086500000, 0x0000000086600000, 0x0000000086600000|100%|HC|  |TAMS 0x0000000086600000, 0x0000000086500000| Complete 
| 102|0x0000000086600000, 0x0000000086700000, 0x0000000086700000|100%|HC|  |TAMS 0x0000000086700000, 0x0000000086600000| Complete 
| 103|0x0000000086700000, 0x0000000086800000, 0x0000000086800000|100%|HC|  |TAMS 0x0000000086800000, 0x0000000086700000| Complete 
| 104|0x0000000086800000, 0x0000000086900000, 0x0000000086900000|100%|HC|  |TAMS 0x0000000086900000, 0x0000000086800000| Complete 
| 105|0x0000000086900000, 0x0000000086a00000, 0x0000000086a00000|100%|HC|  |TAMS 0x0000000086a00000, 0x0000000086900000| Complete 
| 106|0x0000000086a00000, 0x0000000086b00000, 0x0000000086b00000|100%|HC|  |TAMS 0x0000000086b00000, 0x0000000086a00000| Complete 
| 107|0x0000000086b00000, 0x0000000086c00000, 0x0000000086c00000|100%|HC|  |TAMS 0x0000000086c00000, 0x0000000086b00000| Complete 
| 108|0x0000000086c00000, 0x0000000086d00000, 0x0000000086d00000|100%|HS|  |TAMS 0x0000000086d00000, 0x0000000086c00000| Complete 
| 109|0x0000000086d00000, 0x0000000086e00000, 0x0000000086e00000|100%|HC|  |TAMS 0x0000000086e00000, 0x0000000086d00000| Complete 
| 110|0x0000000086e00000, 0x0000000086f00000, 0x0000000086f00000|100%|HC|  |TAMS 0x0000000086f00000, 0x0000000086e00000| Complete 
| 111|0x0000000086f00000, 0x0000000087000000, 0x0000000087000000|100%|HS|  |TAMS 0x0000000087000000, 0x0000000086f00000| Complete 
| 112|0x0000000087000000, 0x0000000087100000, 0x0000000087100000|100%|HC|  |TAMS 0x0000000087100000, 0x0000000087000000| Complete 
| 113|0x0000000087100000, 0x0000000087200000, 0x0000000087200000|100%|HC|  |TAMS 0x0000000087200000, 0x0000000087100000| Complete 
| 114|0x0000000087200000, 0x0000000087300000, 0x0000000087300000|100%| O|  |TAMS 0x0000000087300000, 0x0000000087200000| Untracked 
| 115|0x0000000087300000, 0x0000000087400000, 0x0000000087400000|100%|HS|  |TAMS 0x0000000087400000, 0x0000000087300000| Complete 
| 116|0x0000000087400000, 0x0000000087500000, 0x0000000087500000|100%|HC|  |TAMS 0x0000000087500000, 0x0000000087400000| Complete 
| 117|0x0000000087500000, 0x0000000087600000, 0x0000000087600000|100%|HC|  |TAMS 0x0000000087600000, 0x0000000087500000| Complete 
| 118|0x0000000087600000, 0x0000000087700000, 0x0000000087700000|100%|HC|  |TAMS 0x0000000087700000, 0x0000000087600000| Complete 
| 119|0x0000000087700000, 0x0000000087800000, 0x0000000087800000|100%|HC|  |TAMS 0x0000000087800000, 0x0000000087700000| Complete 
| 120|0x0000000087800000, 0x0000000087900000, 0x0000000087900000|100%| O|  |TAMS 0x0000000087900000, 0x0000000087800000| Untracked 
| 121|0x0000000087900000, 0x0000000087a00000, 0x0000000087a00000|100%| O|  |TAMS 0x0000000087900000, 0x0000000087900000| Untracked 
| 122|0x0000000087a00000, 0x0000000087b00000, 0x0000000087b00000|100%| O|  |TAMS 0x0000000087b00000, 0x0000000087a00000| Untracked 
| 123|0x0000000087b00000, 0x0000000087c00000, 0x0000000087c00000|100%|HS|  |TAMS 0x0000000087c00000, 0x0000000087b00000| Complete 
| 124|0x0000000087c00000, 0x0000000087d00000, 0x0000000087d00000|100%|HC|  |TAMS 0x0000000087d00000, 0x0000000087c00000| Complete 
| 125|0x0000000087d00000, 0x0000000087e00000, 0x0000000087e00000|100%|HC|  |TAMS 0x0000000087e00000, 0x0000000087d00000| Complete 
| 126|0x0000000087e00000, 0x0000000087f00000, 0x0000000087f00000|100%|HC|  |TAMS 0x0000000087f00000, 0x0000000087e00000| Complete 
| 127|0x0000000087f00000, 0x0000000088000000, 0x0000000088000000|100%|HC|  |TAMS 0x0000000088000000, 0x0000000087f00000| Complete 
| 128|0x0000000088000000, 0x0000000088100000, 0x0000000088100000|100%|HC|  |TAMS 0x0000000088100000, 0x0000000088000000| Complete 
| 129|0x0000000088100000, 0x0000000088200000, 0x0000000088200000|100%|HC|  |TAMS 0x0000000088200000, 0x0000000088100000| Complete 
| 130|0x0000000088200000, 0x0000000088300000, 0x0000000088300000|100%|HC|  |TAMS 0x0000000088300000, 0x0000000088200000| Complete 
| 131|0x0000000088300000, 0x0000000088400000, 0x0000000088400000|100%|HC|  |TAMS 0x0000000088400000, 0x0000000088300000| Complete 
| 132|0x0000000088400000, 0x0000000088500000, 0x0000000088500000|100%|HC|  |TAMS 0x0000000088500000, 0x0000000088400000| Complete 
| 133|0x0000000088500000, 0x0000000088600000, 0x0000000088600000|100%|HS|  |TAMS 0x0000000088600000, 0x0000000088500000| Complete 
| 134|0x0000000088600000, 0x0000000088700000, 0x0000000088700000|100%|HC|  |TAMS 0x0000000088700000, 0x0000000088600000| Complete 
| 135|0x0000000088700000, 0x0000000088800000, 0x0000000088800000|100%|HC|  |TAMS 0x0000000088800000, 0x0000000088700000| Complete 
| 136|0x0000000088800000, 0x0000000088900000, 0x0000000088900000|100%|HS|  |TAMS 0x0000000088900000, 0x0000000088800000| Complete 
| 137|0x0000000088900000, 0x0000000088a00000, 0x0000000088a00000|100%|HC|  |TAMS 0x0000000088a00000, 0x0000000088900000| Complete 
| 138|0x0000000088a00000, 0x0000000088b00000, 0x0000000088b00000|100%| O|  |TAMS 0x0000000088b00000, 0x0000000088a00000| Untracked 
| 139|0x0000000088b00000, 0x0000000088c00000, 0x0000000088c00000|100%| O|  |TAMS 0x0000000088c00000, 0x0000000088b00000| Untracked 
| 140|0x0000000088c00000, 0x0000000088d00000, 0x0000000088d00000|100%| O|  |TAMS 0x0000000088c00000, 0x0000000088c00000| Untracked 
| 141|0x0000000088d00000, 0x0000000088e00000, 0x0000000088e00000|100%| O|  |TAMS 0x0000000088e00000, 0x0000000088d00000| Untracked 
| 142|0x0000000088e00000, 0x0000000088f00000, 0x0000000088f00000|100%| O|  |TAMS 0x0000000088e00000, 0x0000000088e00000| Untracked 
| 143|0x0000000088f00000, 0x0000000089000000, 0x0000000089000000|100%| O|  |TAMS 0x0000000089000000, 0x0000000088f00000| Untracked 
| 144|0x0000000089000000, 0x0000000089100000, 0x0000000089100000|100%|HS|  |TAMS 0x0000000089100000, 0x0000000089000000| Complete 
| 145|0x0000000089100000, 0x0000000089200000, 0x0000000089200000|100%|HC|  |TAMS 0x0000000089200000, 0x0000000089100000| Complete 
| 146|0x0000000089200000, 0x0000000089300000, 0x0000000089300000|100%|HC|  |TAMS 0x0000000089300000, 0x0000000089200000| Complete 
| 147|0x0000000089300000, 0x0000000089400000, 0x0000000089400000|100%|HC|  |TAMS 0x0000000089400000, 0x0000000089300000| Complete 
| 148|0x0000000089400000, 0x0000000089500000, 0x0000000089500000|100%|HC|  |TAMS 0x0000000089500000, 0x0000000089400000| Complete 
| 149|0x0000000089500000, 0x0000000089600000, 0x0000000089600000|100%|HS|  |TAMS 0x0000000089600000, 0x0000000089500000| Complete 
| 150|0x0000000089600000, 0x0000000089700000, 0x0000000089700000|100%|HC|  |TAMS 0x0000000089700000, 0x0000000089600000| Complete 
| 151|0x0000000089700000, 0x0000000089800000, 0x0000000089800000|100%|HC|  |TAMS 0x0000000089800000, 0x0000000089700000| Complete 
| 152|0x0000000089800000, 0x0000000089900000, 0x0000000089900000|100%|HC|  |TAMS 0x0000000089900000, 0x0000000089800000| Complete 
| 153|0x0000000089900000, 0x0000000089a00000, 0x0000000089a00000|100%|HC|  |TAMS 0x0000000089a00000, 0x0000000089900000| Complete 
| 154|0x0000000089a00000, 0x0000000089b00000, 0x0000000089b00000|100%|HC|  |TAMS 0x0000000089b00000, 0x0000000089a00000| Complete 
| 155|0x0000000089b00000, 0x0000000089c00000, 0x0000000089c00000|100%|HC|  |TAMS 0x0000000089c00000, 0x0000000089b00000| Complete 
| 156|0x0000000089c00000, 0x0000000089d00000, 0x0000000089d00000|100%|HC|  |TAMS 0x0000000089d00000, 0x0000000089c00000| Complete 
| 157|0x0000000089d00000, 0x0000000089e00000, 0x0000000089e00000|100%|HC|  |TAMS 0x0000000089e00000, 0x0000000089d00000| Complete 
| 158|0x0000000089e00000, 0x0000000089f00000, 0x0000000089f00000|100%|HC|  |TAMS 0x0000000089f00000, 0x0000000089e00000| Complete 
| 159|0x0000000089f00000, 0x000000008a000000, 0x000000008a000000|100%| O|  |TAMS 0x000000008a000000, 0x0000000089f00000| Untracked 
| 160|0x000000008a000000, 0x000000008a100000, 0x000000008a100000|100%| O|  |TAMS 0x000000008a100000, 0x000000008a000000| Untracked 
| 161|0x000000008a100000, 0x000000008a200000, 0x000000008a200000|100%| O|  |TAMS 0x000000008a200000, 0x000000008a100000| Untracked 
| 162|0x000000008a200000, 0x000000008a300000, 0x000000008a300000|100%| O|  |TAMS 0x000000008a300000, 0x000000008a200000| Untracked 
| 163|0x000000008a300000, 0x000000008a400000, 0x000000008a400000|100%| O|  |TAMS 0x000000008a400000, 0x000000008a300000| Untracked 
| 164|0x000000008a400000, 0x000000008a500000, 0x000000008a500000|100%| O|  |TAMS 0x000000008a500000, 0x000000008a400000| Untracked 
| 165|0x000000008a500000, 0x000000008a600000, 0x000000008a600000|100%| O|  |TAMS 0x000000008a600000, 0x000000008a500000| Untracked 
| 166|0x000000008a600000, 0x000000008a700000, 0x000000008a700000|100%| O|  |TAMS 0x000000008a700000, 0x000000008a600000| Untracked 
| 167|0x000000008a700000, 0x000000008a800000, 0x000000008a800000|100%| O|  |TAMS 0x000000008a800000, 0x000000008a700000| Untracked 
| 168|0x000000008a800000, 0x000000008a900000, 0x000000008a900000|100%| O|  |TAMS 0x000000008a900000, 0x000000008a800000| Untracked 
| 169|0x000000008a900000, 0x000000008aa00000, 0x000000008aa00000|100%| O|  |TAMS 0x000000008aa00000, 0x000000008a900000| Untracked 
| 170|0x000000008aa00000, 0x000000008ab00000, 0x000000008ab00000|100%| O|  |TAMS 0x000000008ab00000, 0x000000008aa00000| Untracked 
| 171|0x000000008ab00000, 0x000000008ac00000, 0x000000008ac00000|100%| O|  |TAMS 0x000000008ac00000, 0x000000008ab00000| Untracked 
| 172|0x000000008ac00000, 0x000000008ad00000, 0x000000008ad00000|100%| O|  |TAMS 0x000000008ad00000, 0x000000008ac00000| Untracked 
| 173|0x000000008ad00000, 0x000000008ae00000, 0x000000008ae00000|100%| O|  |TAMS 0x000000008ae00000, 0x000000008ad00000| Untracked 
| 174|0x000000008ae00000, 0x000000008af00000, 0x000000008af00000|100%| O|  |TAMS 0x000000008af00000, 0x000000008ae00000| Untracked 
| 175|0x000000008af00000, 0x000000008b000000, 0x000000008b000000|100%| O|  |TAMS 0x000000008b000000, 0x000000008af00000| Untracked 
| 176|0x000000008b000000, 0x000000008b100000, 0x000000008b100000|100%| O|  |TAMS 0x000000008b100000, 0x000000008b000000| Untracked 
| 177|0x000000008b100000, 0x000000008b200000, 0x000000008b200000|100%| O|  |TAMS 0x000000008b200000, 0x000000008b100000| Untracked 
| 178|0x000000008b200000, 0x000000008b300000, 0x000000008b300000|100%| O|  |TAMS 0x000000008b300000, 0x000000008b200000| Untracked 
| 179|0x000000008b300000, 0x000000008b400000, 0x000000008b400000|100%| O|  |TAMS 0x000000008b300000, 0x000000008b300000| Untracked 
| 180|0x000000008b400000, 0x000000008b500000, 0x000000008b500000|100%| O|  |TAMS 0x000000008b500000, 0x000000008b400000| Untracked 
| 181|0x000000008b500000, 0x000000008b600000, 0x000000008b600000|100%| O|  |TAMS 0x000000008b600000, 0x000000008b500000| Untracked 
| 182|0x000000008b600000, 0x000000008b700000, 0x000000008b700000|100%| O|  |TAMS 0x000000008b700000, 0x000000008b600000| Untracked 
| 183|0x000000008b700000, 0x000000008b800000, 0x000000008b800000|100%| O|  |TAMS 0x000000008b800000, 0x000000008b700000| Untracked 
| 184|0x000000008b800000, 0x000000008b900000, 0x000000008b900000|100%| O|  |TAMS 0x000000008b900000, 0x000000008b800000| Untracked 
| 185|0x000000008b900000, 0x000000008ba00000, 0x000000008ba00000|100%| O|  |TAMS 0x000000008ba00000, 0x000000008b900000| Untracked 
| 186|0x000000008ba00000, 0x000000008bb00000, 0x000000008bb00000|100%| O|  |TAMS 0x000000008bb00000, 0x000000008ba00000| Untracked 
| 187|0x000000008bb00000, 0x000000008bc00000, 0x000000008bc00000|100%| O|  |TAMS 0x000000008bc00000, 0x000000008bb00000| Untracked 
| 188|0x000000008bc00000, 0x000000008bd00000, 0x000000008bd00000|100%| O|  |TAMS 0x000000008bd00000, 0x000000008bc00000| Untracked 
| 189|0x000000008bd00000, 0x000000008be00000, 0x000000008be00000|100%| O|  |TAMS 0x000000008be00000, 0x000000008bd00000| Untracked 
| 190|0x000000008be00000, 0x000000008bf00000, 0x000000008bf00000|100%| O|  |TAMS 0x000000008bf00000, 0x000000008be00000| Untracked 
| 191|0x000000008bf00000, 0x000000008c000000, 0x000000008c000000|100%| O|  |TAMS 0x000000008c000000, 0x000000008bf00000| Untracked 
| 192|0x000000008c000000, 0x000000008c100000, 0x000000008c100000|100%| O|  |TAMS 0x000000008c100000, 0x000000008c000000| Untracked 
| 193|0x000000008c100000, 0x000000008c200000, 0x000000008c200000|100%| O|  |TAMS 0x000000008c200000, 0x000000008c100000| Untracked 
| 194|0x000000008c200000, 0x000000008c300000, 0x000000008c300000|100%| O|  |TAMS 0x000000008c300000, 0x000000008c200000| Untracked 
| 195|0x000000008c300000, 0x000000008c400000, 0x000000008c400000|100%| O|  |TAMS 0x000000008c400000, 0x000000008c300000| Untracked 
| 196|0x000000008c400000, 0x000000008c500000, 0x000000008c500000|100%| O|  |TAMS 0x000000008c500000, 0x000000008c400000| Untracked 
| 197|0x000000008c500000, 0x000000008c600000, 0x000000008c600000|100%| O|  |TAMS 0x000000008c600000, 0x000000008c500000| Untracked 
| 198|0x000000008c600000, 0x000000008c700000, 0x000000008c700000|100%| O|  |TAMS 0x000000008c700000, 0x000000008c600000| Untracked 
| 199|0x000000008c700000, 0x000000008c800000, 0x000000008c800000|100%| O|  |TAMS 0x000000008c7c2e00, 0x000000008c700000| Untracked 
| 200|0x000000008c800000, 0x000000008c900000, 0x000000008c900000|100%| O|  |TAMS 0x000000008c800000, 0x000000008c800000| Untracked 
| 201|0x000000008c900000, 0x000000008ca00000, 0x000000008ca00000|100%| O|  |TAMS 0x000000008c900000, 0x000000008c900000| Untracked 
| 202|0x000000008ca00000, 0x000000008cb00000, 0x000000008cb00000|100%| O|  |TAMS 0x000000008ca00000, 0x000000008ca00000| Untracked 
| 203|0x000000008cb00000, 0x000000008cc00000, 0x000000008cc00000|100%| O|  |TAMS 0x000000008cc00000, 0x000000008cb00000| Untracked 
| 204|0x000000008cc00000, 0x000000008cd00000, 0x000000008cd00000|100%| O|  |TAMS 0x000000008cc00000, 0x000000008cc00000| Untracked 
| 205|0x000000008cd00000, 0x000000008cde2e00, 0x000000008ce00000| 88%| O|  |TAMS 0x000000008cd00000, 0x000000008cd00000| Untracked 
| 206|0x000000008ce00000, 0x000000008ce00000, 0x000000008cf00000|  0%| F|  |TAMS 0x000000008ce00000, 0x000000008ce00000| Untracked 
| 207|0x000000008cf00000, 0x000000008cf00000, 0x000000008d000000|  0%| F|  |TAMS 0x000000008cf00000, 0x000000008cf00000| Untracked 
| 208|0x000000008d000000, 0x000000008d000000, 0x000000008d100000|  0%| F|  |TAMS 0x000000008d000000, 0x000000008d000000| Untracked 
| 209|0x000000008d100000, 0x000000008d100000, 0x000000008d200000|  0%| F|  |TAMS 0x000000008d100000, 0x000000008d100000| Untracked 
| 210|0x000000008d200000, 0x000000008d200000, 0x000000008d300000|  0%| F|  |TAMS 0x000000008d200000, 0x000000008d200000| Untracked 
| 211|0x000000008d300000, 0x000000008d300000, 0x000000008d400000|  0%| F|  |TAMS 0x000000008d300000, 0x000000008d300000| Untracked 
| 212|0x000000008d400000, 0x000000008d400000, 0x000000008d500000|  0%| F|  |TAMS 0x000000008d400000, 0x000000008d400000| Untracked 
| 213|0x000000008d500000, 0x000000008d500000, 0x000000008d600000|  0%| F|  |TAMS 0x000000008d500000, 0x000000008d500000| Untracked 
| 214|0x000000008d600000, 0x000000008d600000, 0x000000008d700000|  0%| F|  |TAMS 0x000000008d600000, 0x000000008d600000| Untracked 
| 215|0x000000008d700000, 0x000000008d700000, 0x000000008d800000|  0%| F|  |TAMS 0x000000008d700000, 0x000000008d700000| Untracked 
| 216|0x000000008d800000, 0x000000008d800000, 0x000000008d900000|  0%| F|  |TAMS 0x000000008d800000, 0x000000008d800000| Untracked 
| 217|0x000000008d900000, 0x000000008d900000, 0x000000008da00000|  0%| F|  |TAMS 0x000000008d900000, 0x000000008d900000| Untracked 
| 218|0x000000008da00000, 0x000000008da00000, 0x000000008db00000|  0%| F|  |TAMS 0x000000008da00000, 0x000000008da00000| Untracked 
| 219|0x000000008db00000, 0x000000008db00000, 0x000000008dc00000|  0%| F|  |TAMS 0x000000008db00000, 0x000000008db00000| Untracked 
| 220|0x000000008dc00000, 0x000000008dc00000, 0x000000008dd00000|  0%| F|  |TAMS 0x000000008dc00000, 0x000000008dc00000| Untracked 
| 221|0x000000008dd00000, 0x000000008dd00000, 0x000000008de00000|  0%| F|  |TAMS 0x000000008dd00000, 0x000000008dd00000| Untracked 
| 222|0x000000008de00000, 0x000000008de00000, 0x000000008df00000|  0%| F|  |TAMS 0x000000008de00000, 0x000000008de00000| Untracked 
| 223|0x000000008df00000, 0x000000008df00000, 0x000000008e000000|  0%| F|  |TAMS 0x000000008df00000, 0x000000008df00000| Untracked 
| 224|0x000000008e000000, 0x000000008e000000, 0x000000008e100000|  0%| F|  |TAMS 0x000000008e000000, 0x000000008e000000| Untracked 
| 225|0x000000008e100000, 0x000000008e100000, 0x000000008e200000|  0%| F|  |TAMS 0x000000008e100000, 0x000000008e100000| Untracked 
| 226|0x000000008e200000, 0x000000008e200000, 0x000000008e300000|  0%| F|  |TAMS 0x000000008e200000, 0x000000008e200000| Untracked 
| 227|0x000000008e300000, 0x000000008e300000, 0x000000008e400000|  0%| F|  |TAMS 0x000000008e300000, 0x000000008e300000| Untracked 
| 228|0x000000008e400000, 0x000000008e400000, 0x000000008e500000|  0%| F|  |TAMS 0x000000008e400000, 0x000000008e400000| Untracked 
| 229|0x000000008e500000, 0x000000008e500000, 0x000000008e600000|  0%| F|  |TAMS 0x000000008e500000, 0x000000008e500000| Untracked 
| 230|0x000000008e600000, 0x000000008e600000, 0x000000008e700000|  0%| F|  |TAMS 0x000000008e600000, 0x000000008e600000| Untracked 
| 231|0x000000008e700000, 0x000000008e700000, 0x000000008e800000|  0%| F|  |TAMS 0x000000008e700000, 0x000000008e700000| Untracked 
| 232|0x000000008e800000, 0x000000008e800000, 0x000000008e900000|  0%| F|  |TAMS 0x000000008e800000, 0x000000008e800000| Untracked 
| 233|0x000000008e900000, 0x000000008e900000, 0x000000008ea00000|  0%| F|  |TAMS 0x000000008e900000, 0x000000008e900000| Untracked 
| 234|0x000000008ea00000, 0x000000008ea00000, 0x000000008eb00000|  0%| F|  |TAMS 0x000000008ea00000, 0x000000008ea00000| Untracked 
| 235|0x000000008eb00000, 0x000000008eb00000, 0x000000008ec00000|  0%| F|  |TAMS 0x000000008eb00000, 0x000000008eb00000| Untracked 
| 236|0x000000008ec00000, 0x000000008ec00000, 0x000000008ed00000|  0%| F|  |TAMS 0x000000008ec00000, 0x000000008ec00000| Untracked 
| 237|0x000000008ed00000, 0x000000008ed00000, 0x000000008ee00000|  0%| F|  |TAMS 0x000000008ed00000, 0x000000008ed00000| Untracked 
| 238|0x000000008ee00000, 0x000000008ee00000, 0x000000008ef00000|  0%| F|  |TAMS 0x000000008ee00000, 0x000000008ee00000| Untracked 
| 239|0x000000008ef00000, 0x000000008ef00000, 0x000000008f000000|  0%| F|  |TAMS 0x000000008ef00000, 0x000000008ef00000| Untracked 
| 240|0x000000008f000000, 0x000000008f000000, 0x000000008f100000|  0%| F|  |TAMS 0x000000008f000000, 0x000000008f000000| Untracked 
| 241|0x000000008f100000, 0x000000008f100000, 0x000000008f200000|  0%| F|  |TAMS 0x000000008f100000, 0x000000008f100000| Untracked 
| 242|0x000000008f200000, 0x000000008f200000, 0x000000008f300000|  0%| F|  |TAMS 0x000000008f200000, 0x000000008f200000| Untracked 
| 243|0x000000008f300000, 0x000000008f300000, 0x000000008f400000|  0%| F|  |TAMS 0x000000008f300000, 0x000000008f300000| Untracked 
| 244|0x000000008f400000, 0x000000008f400000, 0x000000008f500000|  0%| F|  |TAMS 0x000000008f400000, 0x000000008f400000| Untracked 
| 245|0x000000008f500000, 0x000000008f500000, 0x000000008f600000|  0%| F|  |TAMS 0x000000008f500000, 0x000000008f500000| Untracked 
| 246|0x000000008f600000, 0x000000008f600000, 0x000000008f700000|  0%| F|  |TAMS 0x000000008f600000, 0x000000008f600000| Untracked 
| 247|0x000000008f700000, 0x000000008f700000, 0x000000008f800000|  0%| F|  |TAMS 0x000000008f700000, 0x000000008f700000| Untracked 
| 248|0x000000008f800000, 0x000000008f800000, 0x000000008f900000|  0%| F|  |TAMS 0x000000008f800000, 0x000000008f800000| Untracked 
| 249|0x000000008f900000, 0x000000008f900000, 0x000000008fa00000|  0%| F|  |TAMS 0x000000008f900000, 0x000000008f900000| Untracked 
| 250|0x000000008fa00000, 0x000000008fa00000, 0x000000008fb00000|  0%| F|  |TAMS 0x000000008fa00000, 0x000000008fa00000| Untracked 
| 251|0x000000008fb00000, 0x000000008fb00000, 0x000000008fc00000|  0%| F|  |TAMS 0x000000008fb00000, 0x000000008fb00000| Untracked 
| 252|0x000000008fc00000, 0x000000008fc00000, 0x000000008fd00000|  0%| F|  |TAMS 0x000000008fc00000, 0x000000008fc00000| Untracked 
| 253|0x000000008fd00000, 0x000000008fd00000, 0x000000008fe00000|  0%| F|  |TAMS 0x000000008fd00000, 0x000000008fd00000| Untracked 
| 254|0x000000008fe00000, 0x000000008fe00000, 0x000000008ff00000|  0%| F|  |TAMS 0x000000008fe00000, 0x000000008fe00000| Untracked 
| 255|0x000000008ff00000, 0x000000008ff00000, 0x0000000090000000|  0%| F|  |TAMS 0x000000008ff00000, 0x000000008ff00000| Untracked 
| 256|0x0000000090000000, 0x0000000090000000, 0x0000000090100000|  0%| F|  |TAMS 0x0000000090000000, 0x0000000090000000| Untracked 
| 257|0x0000000090100000, 0x0000000090100000, 0x0000000090200000|  0%| F|  |TAMS 0x0000000090100000, 0x0000000090100000| Untracked 
| 258|0x0000000090200000, 0x0000000090200000, 0x0000000090300000|  0%| F|  |TAMS 0x0000000090200000, 0x0000000090200000| Untracked 
| 259|0x0000000090300000, 0x0000000090300000, 0x0000000090400000|  0%| F|  |TAMS 0x0000000090300000, 0x0000000090300000| Untracked 
| 260|0x0000000090400000, 0x0000000090400000, 0x0000000090500000|  0%| F|  |TAMS 0x0000000090400000, 0x0000000090400000| Untracked 
| 261|0x0000000090500000, 0x0000000090500000, 0x0000000090600000|  0%| F|  |TAMS 0x0000000090500000, 0x0000000090500000| Untracked 
| 262|0x0000000090600000, 0x0000000090600000, 0x0000000090700000|  0%| F|  |TAMS 0x0000000090600000, 0x0000000090600000| Untracked 
| 263|0x0000000090700000, 0x0000000090700000, 0x0000000090800000|  0%| F|  |TAMS 0x0000000090700000, 0x0000000090700000| Untracked 
| 264|0x0000000090800000, 0x0000000090800000, 0x0000000090900000|  0%| F|  |TAMS 0x0000000090800000, 0x0000000090800000| Untracked 
| 265|0x0000000090900000, 0x0000000090900000, 0x0000000090a00000|  0%| F|  |TAMS 0x0000000090900000, 0x0000000090900000| Untracked 
| 266|0x0000000090a00000, 0x0000000090a00000, 0x0000000090b00000|  0%| F|  |TAMS 0x0000000090a00000, 0x0000000090a00000| Untracked 
| 267|0x0000000090b00000, 0x0000000090b00000, 0x0000000090c00000|  0%| F|  |TAMS 0x0000000090b00000, 0x0000000090b00000| Untracked 
| 268|0x0000000090c00000, 0x0000000090c00000, 0x0000000090d00000|  0%| F|  |TAMS 0x0000000090c00000, 0x0000000090c00000| Untracked 
| 269|0x0000000090d00000, 0x0000000090d00000, 0x0000000090e00000|  0%| F|  |TAMS 0x0000000090d00000, 0x0000000090d00000| Untracked 
| 270|0x0000000090e00000, 0x0000000090e00000, 0x0000000090f00000|  0%| F|  |TAMS 0x0000000090e00000, 0x0000000090e00000| Untracked 
| 271|0x0000000090f00000, 0x0000000090f00000, 0x0000000091000000|  0%| F|  |TAMS 0x0000000090f00000, 0x0000000090f00000| Untracked 
| 272|0x0000000091000000, 0x0000000091000000, 0x0000000091100000|  0%| F|  |TAMS 0x0000000091000000, 0x0000000091000000| Untracked 
| 273|0x0000000091100000, 0x0000000091100000, 0x0000000091200000|  0%| F|  |TAMS 0x0000000091100000, 0x0000000091100000| Untracked 
| 274|0x0000000091200000, 0x0000000091200000, 0x0000000091300000|  0%| F|  |TAMS 0x0000000091200000, 0x0000000091200000| Untracked 
| 275|0x0000000091300000, 0x0000000091300000, 0x0000000091400000|  0%| F|  |TAMS 0x0000000091300000, 0x0000000091300000| Untracked 
| 276|0x0000000091400000, 0x0000000091400000, 0x0000000091500000|  0%| F|  |TAMS 0x0000000091400000, 0x0000000091400000| Untracked 
| 277|0x0000000091500000, 0x0000000091500000, 0x0000000091600000|  0%| F|  |TAMS 0x0000000091500000, 0x0000000091500000| Untracked 
| 278|0x0000000091600000, 0x0000000091600000, 0x0000000091700000|  0%| F|  |TAMS 0x0000000091600000, 0x0000000091600000| Untracked 
| 279|0x0000000091700000, 0x0000000091700000, 0x0000000091800000|  0%| F|  |TAMS 0x0000000091700000, 0x0000000091700000| Untracked 
| 280|0x0000000091800000, 0x0000000091800000, 0x0000000091900000|  0%| F|  |TAMS 0x0000000091800000, 0x0000000091800000| Untracked 
| 281|0x0000000091900000, 0x0000000091900000, 0x0000000091a00000|  0%| F|  |TAMS 0x0000000091900000, 0x0000000091900000| Untracked 
| 282|0x0000000091a00000, 0x0000000091adca00, 0x0000000091b00000| 86%| E|  |TAMS 0x0000000091a00000, 0x0000000091a00000| Complete 
| 283|0x0000000091b00000, 0x0000000091c00000, 0x0000000091c00000|100%| E|  |TAMS 0x0000000091b00000, 0x0000000091b00000| Complete 
| 284|0x0000000091c00000, 0x0000000091d00000, 0x0000000091d00000|100%| E|CS|TAMS 0x0000000091c00000, 0x0000000091c00000| Complete 
| 285|0x0000000091d00000, 0x0000000091e00000, 0x0000000091e00000|100%| E|CS|TAMS 0x0000000091d00000, 0x0000000091d00000| Complete 
| 286|0x0000000091e00000, 0x0000000091f00000, 0x0000000091f00000|100%| E|CS|TAMS 0x0000000091e00000, 0x0000000091e00000| Complete 
| 287|0x0000000091f00000, 0x0000000092000000, 0x0000000092000000|100%| E|CS|TAMS 0x0000000091f00000, 0x0000000091f00000| Complete 
| 288|0x0000000092000000, 0x0000000092100000, 0x0000000092100000|100%| E|CS|TAMS 0x0000000092000000, 0x0000000092000000| Complete 
| 289|0x0000000092100000, 0x0000000092200000, 0x0000000092200000|100%| E|CS|TAMS 0x0000000092100000, 0x0000000092100000| Complete 
| 290|0x0000000092200000, 0x0000000092300000, 0x0000000092300000|100%| E|CS|TAMS 0x0000000092200000, 0x0000000092200000| Complete 
| 291|0x0000000092300000, 0x0000000092400000, 0x0000000092400000|100%| E|CS|TAMS 0x0000000092300000, 0x0000000092300000| Complete 
| 292|0x0000000092400000, 0x0000000092500000, 0x0000000092500000|100%| E|CS|TAMS 0x0000000092400000, 0x0000000092400000| Complete 
| 293|0x0000000092500000, 0x0000000092600000, 0x0000000092600000|100%| E|CS|TAMS 0x0000000092500000, 0x0000000092500000| Complete 
| 294|0x0000000092600000, 0x0000000092700000, 0x0000000092700000|100%| E|CS|TAMS 0x0000000092600000, 0x0000000092600000| Complete 
| 295|0x0000000092700000, 0x0000000092800000, 0x0000000092800000|100%| E|CS|TAMS 0x0000000092700000, 0x0000000092700000| Complete 
| 296|0x0000000092800000, 0x0000000092900000, 0x0000000092900000|100%| E|CS|TAMS 0x0000000092800000, 0x0000000092800000| Complete 
| 297|0x0000000092900000, 0x0000000092a00000, 0x0000000092a00000|100%| E|CS|TAMS 0x0000000092900000, 0x0000000092900000| Complete 
| 298|0x0000000092a00000, 0x0000000092b00000, 0x0000000092b00000|100%| E|CS|TAMS 0x0000000092a00000, 0x0000000092a00000| Complete 
| 299|0x0000000092b00000, 0x0000000092c00000, 0x0000000092c00000|100%| E|CS|TAMS 0x0000000092b00000, 0x0000000092b00000| Complete 
| 300|0x0000000092c00000, 0x0000000092d00000, 0x0000000092d00000|100%| E|CS|TAMS 0x0000000092c00000, 0x0000000092c00000| Complete 
| 301|0x0000000092d00000, 0x0000000092e00000, 0x0000000092e00000|100%| E|CS|TAMS 0x0000000092d00000, 0x0000000092d00000| Complete 
| 302|0x0000000092e00000, 0x0000000092f00000, 0x0000000092f00000|100%| E|CS|TAMS 0x0000000092e00000, 0x0000000092e00000| Complete 
| 303|0x0000000092f00000, 0x0000000093000000, 0x0000000093000000|100%| E|CS|TAMS 0x0000000092f00000, 0x0000000092f00000| Complete 
| 304|0x0000000093000000, 0x0000000093100000, 0x0000000093100000|100%| E|CS|TAMS 0x0000000093000000, 0x0000000093000000| Complete 
| 305|0x0000000093100000, 0x0000000093200000, 0x0000000093200000|100%| E|CS|TAMS 0x0000000093100000, 0x0000000093100000| Complete 
| 306|0x0000000093200000, 0x0000000093300000, 0x0000000093300000|100%| E|CS|TAMS 0x0000000093200000, 0x0000000093200000| Complete 
| 307|0x0000000093300000, 0x0000000093400000, 0x0000000093400000|100%| E|CS|TAMS 0x0000000093300000, 0x0000000093300000| Complete 
| 308|0x0000000093400000, 0x0000000093500000, 0x0000000093500000|100%| E|CS|TAMS 0x0000000093400000, 0x0000000093400000| Complete 
| 309|0x0000000093500000, 0x0000000093600000, 0x0000000093600000|100%| E|CS|TAMS 0x0000000093500000, 0x0000000093500000| Complete 
| 310|0x0000000093600000, 0x0000000093700000, 0x0000000093700000|100%| E|CS|TAMS 0x0000000093600000, 0x0000000093600000| Complete 
| 311|0x0000000093700000, 0x0000000093800000, 0x0000000093800000|100%| E|CS|TAMS 0x0000000093700000, 0x0000000093700000| Complete 
| 312|0x0000000093800000, 0x0000000093900000, 0x0000000093900000|100%| E|CS|TAMS 0x0000000093800000, 0x0000000093800000| Complete 
| 313|0x0000000093900000, 0x0000000093a00000, 0x0000000093a00000|100%| E|CS|TAMS 0x0000000093900000, 0x0000000093900000| Complete 
| 314|0x0000000093a00000, 0x0000000093b00000, 0x0000000093b00000|100%| E|CS|TAMS 0x0000000093a00000, 0x0000000093a00000| Complete 
| 315|0x0000000093b00000, 0x0000000093c00000, 0x0000000093c00000|100%| E|CS|TAMS 0x0000000093b00000, 0x0000000093b00000| Complete 
| 316|0x0000000093c00000, 0x0000000093d00000, 0x0000000093d00000|100%| E|CS|TAMS 0x0000000093c00000, 0x0000000093c00000| Complete 
| 317|0x0000000093d00000, 0x0000000093e00000, 0x0000000093e00000|100%| E|CS|TAMS 0x0000000093d00000, 0x0000000093d00000| Complete 
| 318|0x0000000093e00000, 0x0000000093f00000, 0x0000000093f00000|100%| E|CS|TAMS 0x0000000093e00000, 0x0000000093e00000| Complete 
| 319|0x0000000093f00000, 0x0000000094000000, 0x0000000094000000|100%| E|CS|TAMS 0x0000000093f00000, 0x0000000093f00000| Complete 
| 320|0x0000000094000000, 0x0000000094100000, 0x0000000094100000|100%| E|CS|TAMS 0x0000000094000000, 0x0000000094000000| Complete 
| 321|0x0000000094100000, 0x0000000094200000, 0x0000000094200000|100%| E|CS|TAMS 0x0000000094100000, 0x0000000094100000| Complete 
| 322|0x0000000094200000, 0x0000000094300000, 0x0000000094300000|100%| E|CS|TAMS 0x0000000094200000, 0x0000000094200000| Complete 
| 323|0x0000000094300000, 0x0000000094400000, 0x0000000094400000|100%| E|CS|TAMS 0x0000000094300000, 0x0000000094300000| Complete 
| 324|0x0000000094400000, 0x0000000094500000, 0x0000000094500000|100%| E|CS|TAMS 0x0000000094400000, 0x0000000094400000| Complete 
| 325|0x0000000094500000, 0x0000000094600000, 0x0000000094600000|100%| E|CS|TAMS 0x0000000094500000, 0x0000000094500000| Complete 
| 326|0x0000000094600000, 0x0000000094700000, 0x0000000094700000|100%| E|CS|TAMS 0x0000000094600000, 0x0000000094600000| Complete 
| 327|0x0000000094700000, 0x0000000094800000, 0x0000000094800000|100%| E|CS|TAMS 0x0000000094700000, 0x0000000094700000| Complete 
| 328|0x0000000094800000, 0x00000000948ab630, 0x0000000094900000| 66%| S|CS|TAMS 0x0000000094800000, 0x0000000094800000| Complete 
| 329|0x0000000094900000, 0x0000000094a00000, 0x0000000094a00000|100%| E|CS|TAMS 0x0000000094900000, 0x0000000094900000| Complete 
| 330|0x0000000094a00000, 0x0000000094b00000, 0x0000000094b00000|100%| E|CS|TAMS 0x0000000094a00000, 0x0000000094a00000| Complete 
| 331|0x0000000094b00000, 0x0000000094c00000, 0x0000000094c00000|100%| E|CS|TAMS 0x0000000094b00000, 0x0000000094b00000| Complete 
| 332|0x0000000094c00000, 0x0000000094d00000, 0x0000000094d00000|100%| E|CS|TAMS 0x0000000094c00000, 0x0000000094c00000| Complete 
| 333|0x0000000094d00000, 0x0000000094e00000, 0x0000000094e00000|100%| E|CS|TAMS 0x0000000094d00000, 0x0000000094d00000| Complete 
| 334|0x0000000094e00000, 0x0000000094f00000, 0x0000000094f00000|100%| E|CS|TAMS 0x0000000094e00000, 0x0000000094e00000| Complete 
| 335|0x0000000094f00000, 0x0000000095000000, 0x0000000095000000|100%| E|CS|TAMS 0x0000000094f00000, 0x0000000094f00000| Complete 
| 336|0x0000000095000000, 0x0000000095100000, 0x0000000095100000|100%| E|CS|TAMS 0x0000000095000000, 0x0000000095000000| Complete 
| 337|0x0000000095100000, 0x0000000095200000, 0x0000000095200000|100%| E|CS|TAMS 0x0000000095100000, 0x0000000095100000| Complete 
| 338|0x0000000095200000, 0x0000000095300000, 0x0000000095300000|100%| E|CS|TAMS 0x0000000095200000, 0x0000000095200000| Complete 
| 339|0x0000000095300000, 0x0000000095400000, 0x0000000095400000|100%| E|CS|TAMS 0x0000000095300000, 0x0000000095300000| Complete 
| 340|0x0000000095400000, 0x0000000095500000, 0x0000000095500000|100%| E|CS|TAMS 0x0000000095400000, 0x0000000095400000| Complete 

Card table byte_map: [0x00000162ab020000,0x00000162ab420000] _byte_map_base: 0x00000162aac20000

Marking Bits (Prev, Next): (CMBitMap*) 0x00000162962d64f0, (CMBitMap*) 0x00000162962d64b8
 Prev Bits: [0x00000162ad820000, 0x00000162af820000)
 Next Bits: [0x00000162ab820000, 0x00000162ad820000)

Polling page: 0x0000016296080000

Metaspace:

Usage:
  Non-class:    136.77 MB capacity,   133.13 MB ( 97%) used,     3.13 MB (  2%) free+waste,   527.19 KB ( <1%) overhead. 
      Class:     19.95 MB capacity,    18.21 MB ( 91%) used,     1.50 MB (  8%) free+waste,   238.50 KB (  1%) overhead. 
       Both:    156.72 MB capacity,   151.34 MB ( 97%) used,     4.63 MB (  3%) free+waste,   765.69 KB ( <1%) overhead. 

Virtual space:
  Non-class space:      138.00 MB reserved,     136.84 MB (>99%) committed 
      Class space:        1.00 GB reserved,      20.07 MB (  2%) committed 
             Both:        1.13 GB reserved,     156.91 MB ( 14%) committed 

Chunk freelists:
   Non-Class:  0 bytes
       Class:  0 bytes
        Both:  0 bytes

MaxMetaspaceSize: 17179869184.00 GB
CompressedClassSpaceSize: 1.00 GB
Initial GC threshold: 20.80 MB
Current GC threshold: 254.85 MB
CDS: off

CodeHeap 'non-profiled nmethods': size=120064Kb used=14507Kb max_used=14815Kb free=105556Kb
 bounds [0x00000162a30a0000, 0x00000162a3f20000, 0x00000162aa5e0000]
CodeHeap 'profiled nmethods': size=120000Kb used=42275Kb max_used=43124Kb free=77724Kb
 bounds [0x000001629bb70000, 0x000001629e590000, 0x00000162a30a0000]
CodeHeap 'non-nmethods': size=5696Kb used=2419Kb max_used=2490Kb free=3276Kb
 bounds [0x000001629b5e0000, 0x000001629b860000, 0x000001629bb70000]
 total_blobs=20211 nmethods=19263 adapters=860
 compilation: enabled
              stopped_count=0, restarted_count=0
 full_count=0

Compilation events (20 events):
Event: 1882.839 Thread 0x00000162b1e43000 21326       3       org.jetbrains.plugins.gradle.tooling.util.IntObjectMap::<init> (24 bytes)
Event: 1882.840 Thread 0x00000162b1e43000 nmethod 21326 0x000001629c759490 code [0x000001629c759680, 0x000001629c759a68]
Event: 1882.840 Thread 0x00000162b1e43000 21327       3       org.jetbrains.plugins.gradle.tooling.util.IntObjectMap$1::<init> (10 bytes)
Event: 1882.841 Thread 0x00000162b1e43000 nmethod 21327 0x000001629c222b90 code [0x000001629c222d40, 0x000001629c222ef8]
Event: 1882.841 Thread 0x00000162b1e43000 21328       3       com.intellij.util.containers.IntObjectHashMap::<init> (36 bytes)
Event: 1882.842 Thread 0x00000162b1e43000 nmethod 21328 0x000001629c7b7e90 code [0x000001629c7b8080, 0x000001629c7b8558]
Event: 1882.855 Thread 0x00000162b1e3f800 nmethod 21322 0x00000162a36f2e10 code [0x00000162a36f3040, 0x00000162a36f4478]
Event: 1882.855 Thread 0x00000162b1e3f800 21324       4       org.gradle.api.internal.artifacts.result.DefaultResolutionResult::eachElement (92 bytes)
Event: 1883.001 Thread 0x00000162b1e43000 21330       3       org.gradle.internal.fingerprint.impl.FileCollectionFingerprinterRegistrations$$Lambda$330/0x0000000100478440::apply (13 bytes)
Event: 1883.002 Thread 0x00000162b1e43000 nmethod 21330 0x000001629c7e5410 code [0x000001629c7e55e0, 0x000001629c7e59a8]
Event: 1883.005 Thread 0x00000162b1e43000 21332       3       java.util.HashMap::capacity (32 bytes)
Event: 1883.005 Thread 0x00000162b1e43000 nmethod 21332 0x000001629c301590 code [0x000001629c301740, 0x000001629c3018f8]
Event: 1883.085 Thread 0x00000162b1e43000 21333       3       org.jetbrains.plugins.gradle.tooling.builder.IntelliJProjectSettingsBuilder::canBuild (19 bytes)
Event: 1883.085 Thread 0x00000162b1e43000 nmethod 21333 0x000001629c9d9d10 code [0x000001629c9d9ee0, 0x000001629c9da118]
Event: 1883.088 Thread 0x00000162b1e43000 21334       3       org.gradle.api.internal.artifacts.ivyservice.resolveengine.artifact.ArtifactBackedResolvedVariant$SingleArtifactSet::visit (98 bytes)
Event: 1883.092 Thread 0x00000162b1e43000 nmethod 21334 0x000001629c011490 code [0x000001629c011900, 0x000001629c0139c8]
Event: 1883.101 Thread 0x00000162b1e43000 21335   !   3       java.util.Locale::getDefault (132 bytes)
Event: 1883.102 Thread 0x00000162b1e43000 nmethod 21335 0x000001629d17c190 code [0x000001629d17c3c0, 0x000001629d17cbf8]
Event: 1883.102 Thread 0x00000162b1e43000 21336   !   3       java.util.Formatter::format (280 bytes)
Event: 1883.106 Thread 0x00000162b1e43000 nmethod 21336 0x000001629c2d9e10 code [0x000001629c2da160, 0x000001629c2db5b8]

GC Heap History (20 events):
Event: 958.898 GC heap before
{Heap before GC invocations=134 (full 0):
 garbage-first heap   total 349184K, used 291140K [0x0000000080000000, 0x0000000100000000)
  region size 1024K, 93 young (95232K), 8 survivors (8192K)
 Metaspace       used 134559K, capacity 139358K, committed 139556K, reserved 1171456K
  class space    used 16419K, capacity 18029K, committed 18124K, reserved 1048576K
}
Event: 958.958 GC heap after
{Heap after GC invocations=135 (full 0):
 garbage-first heap   total 349184K, used 204460K [0x0000000080000000, 0x0000000100000000)
  region size 1024K, 7 young (7168K), 7 survivors (7168K)
 Metaspace       used 134559K, capacity 139358K, committed 139556K, reserved 1171456K
  class space    used 16419K, capacity 18029K, committed 18124K, reserved 1048576K
}
Event: 968.611 GC heap before
{Heap before GC invocations=136 (full 0):
 garbage-first heap   total 349184K, used 290476K [0x0000000080000000, 0x0000000100000000)
  region size 1024K, 93 young (95232K), 7 survivors (7168K)
 Metaspace       used 139483K, capacity 144316K, committed 144420K, reserved 1175552K
  class space    used 16929K, capacity 18572K, committed 18636K, reserved 1048576K
}
Event: 968.634 GC heap after
{Heap after GC invocations=137 (full 0):
 garbage-first heap   total 349184K, used 205165K [0x0000000080000000, 0x0000000100000000)
  region size 1024K, 10 young (10240K), 10 survivors (10240K)
 Metaspace       used 139483K, capacity 144316K, committed 144420K, reserved 1175552K
  class space    used 16929K, capacity 18572K, committed 18636K, reserved 1048576K
}
Event: 969.540 GC heap before
{Heap before GC invocations=137 (full 0):
 garbage-first heap   total 349184K, used 212333K [0x0000000080000000, 0x0000000100000000)
  region size 1024K, 17 young (17408K), 10 survivors (10240K)
 Metaspace       used 139666K, capacity 144512K, committed 144676K, reserved 1175552K
  class space    used 16945K, capacity 18573K, committed 18636K, reserved 1048576K
}
Event: 969.644 GC heap after
{Heap after GC invocations=138 (full 0):
 garbage-first heap   total 349184K, used 198082K [0x0000000080000000, 0x0000000100000000)
  region size 1024K, 2 young (2048K), 2 survivors (2048K)
 Metaspace       used 139666K, capacity 144512K, committed 144676K, reserved 1175552K
  class space    used 16945K, capacity 18573K, committed 18636K, reserved 1048576K
}
Event: 1461.993 GC heap before
{Heap before GC invocations=138 (full 0):
 garbage-first heap   total 349184K, used 292290K [0x0000000080000000, 0x0000000100000000)
  region size 1024K, 95 young (97280K), 2 survivors (2048K)
 Metaspace       used 142189K, capacity 147314K, committed 147364K, reserved 1177600K
  class space    used 17283K, capacity 18983K, committed 19020K, reserved 1048576K
}
Event: 1462.136 GC heap after
{Heap after GC invocations=139 (full 0):
 garbage-first heap   total 349184K, used 203342K [0x0000000080000000, 0x0000000100000000)
  region size 1024K, 7 young (7168K), 7 survivors (7168K)
 Metaspace       used 142189K, capacity 147314K, committed 147364K, reserved 1177600K
  class space    used 17283K, capacity 18983K, committed 19020K, reserved 1048576K
}
Event: 1462.175 GC heap before
{Heap before GC invocations=139 (full 0):
 garbage-first heap   total 349184K, used 210510K [0x0000000080000000, 0x0000000100000000)
  region size 1024K, 15 young (15360K), 7 survivors (7168K)
 Metaspace       used 142495K, capacity 147602K, committed 147748K, reserved 1177600K
  class space    used 17312K, capacity 19015K, committed 19148K, reserved 1048576K
}
Event: 1462.229 GC heap after
{Heap after GC invocations=140 (full 0):
 garbage-first heap   total 349184K, used 204529K [0x0000000080000000, 0x0000000100000000)
  region size 1024K, 2 young (2048K), 2 survivors (2048K)
 Metaspace       used 142495K, capacity 147602K, committed 147748K, reserved 1177600K
  class space    used 17312K, capacity 19015K, committed 19148K, reserved 1048576K
}
Event: 1464.217 GC heap before
{Heap before GC invocations=141 (full 0):
 garbage-first heap   total 349184K, used 284401K [0x0000000080000000, 0x0000000100000000)
  region size 1024K, 82 young (83968K), 2 survivors (2048K)
 Metaspace       used 146761K, capacity 151826K, committed 151972K, reserved 1181696K
  class space    used 17738K, capacity 19436K, committed 19532K, reserved 1048576K
}
Event: 1464.232 GC heap after
{Heap after GC invocations=142 (full 0):
 garbage-first heap   total 349184K, used 204263K [0x0000000080000000, 0x0000000100000000)
  region size 1024K, 4 young (4096K), 4 survivors (4096K)
 Metaspace       used 146761K, capacity 151826K, committed 151972K, reserved 1181696K
  class space    used 17738K, capacity 19436K, committed 19532K, reserved 1048576K
}
Event: 1464.874 GC heap before
{Heap before GC invocations=142 (full 0):
 garbage-first heap   total 349184K, used 217575K [0x0000000080000000, 0x0000000100000000)
  region size 1024K, 17 young (17408K), 4 survivors (4096K)
 Metaspace       used 147145K, capacity 152190K, committed 152484K, reserved 1181696K
  class space    used 17783K, capacity 19472K, committed 19532K, reserved 1048576K
}
Event: 1464.917 GC heap after
{Heap after GC invocations=143 (full 0):
 garbage-first heap   total 349184K, used 200254K [0x0000000080000000, 0x0000000100000000)
  region size 1024K, 1 young (1024K), 1 survivors (1024K)
 Metaspace       used 147145K, capacity 152190K, committed 152484K, reserved 1181696K
  class space    used 17783K, capacity 19472K, committed 19532K, reserved 1048576K
}
Event: 1683.712 GC heap before
{Heap before GC invocations=143 (full 0):
 garbage-first heap   total 349184K, used 273982K [0x0000000080000000, 0x0000000100000000)
  region size 1024K, 75 young (76800K), 1 survivors (1024K)
 Metaspace       used 149382K, capacity 154848K, committed 155172K, reserved 1185792K
  class space    used 18072K, capacity 19838K, committed 19916K, reserved 1048576K
}
Event: 1683.772 GC heap after
{Heap after GC invocations=144 (full 0):
 garbage-first heap   total 349184K, used 206150K [0x0000000080000000, 0x0000000100000000)
  region size 1024K, 7 young (7168K), 7 survivors (7168K)
 Metaspace       used 149382K, capacity 154848K, committed 155172K, reserved 1185792K
  class space    used 18072K, capacity 19838K, committed 19916K, reserved 1048576K
}
Event: 1689.109 GC heap before
{Heap before GC invocations=145 (full 0):
 garbage-first heap   total 349184K, used 290118K [0x0000000080000000, 0x0000000100000000)
  region size 1024K, 88 young (90112K), 7 survivors (7168K)
 Metaspace       used 153669K, capacity 159047K, committed 159140K, reserved 1187840K
  class space    used 18483K, capacity 20230K, committed 20300K, reserved 1048576K
}
Event: 1689.178 GC heap after
{Heap after GC invocations=146 (full 0):
 garbage-first heap   total 349184K, used 210317K [0x0000000080000000, 0x0000000100000000)
  region size 1024K, 5 young (5120K), 5 survivors (5120K)
 Metaspace       used 153669K, capacity 159047K, committed 159140K, reserved 1187840K
  class space    used 18483K, capacity 20230K, committed 20300K, reserved 1048576K
}
Event: 1689.395 GC heap before
{Heap before GC invocations=146 (full 0):
 garbage-first heap   total 349184K, used 222605K [0x0000000080000000, 0x0000000100000000)
  region size 1024K, 17 young (17408K), 5 survivors (5120K)
 Metaspace       used 154008K, capacity 159399K, committed 159652K, reserved 1189888K
  class space    used 18517K, capacity 20262K, committed 20300K, reserved 1048576K
}
Event: 1689.428 GC heap after
{Heap after GC invocations=147 (full 0):
 garbage-first heap   total 349184K, used 210489K [0x0000000080000000, 0x0000000100000000)
  region size 1024K, 1 young (1024K), 1 survivors (1024K)
 Metaspace       used 154008K, capacity 159399K, committed 159652K, reserved 1189888K
  class space    used 18517K, capacity 20262K, committed 20300K, reserved 1048576K
}

Deoptimization events (20 events):
Event: 1689.880 Thread 0x00000162b66a6800 DEOPT PACKING pc=0x00000162a359e0ec sp=0x00000033a98fd110
Event: 1689.880 Thread 0x00000162b66a6800 DEOPT UNPACKING pc=0x000001629b62a1af sp=0x00000033a98fd0b0 mode 2
Event: 1689.883 Thread 0x00000162b66a6800 Uncommon trap: trap_request=0xffffffbe fr.pc=0x00000162a359e0ec relative=0x000000000000068c
Event: 1689.883 Thread 0x00000162b66a6800 Uncommon trap: reason=profile_predicate action=maybe_recompile pc=0x00000162a359e0ec method=java.util.concurrent.CopyOnWriteArrayList.indexOfRange(Ljava/lang/Object;[Ljava/lang/Object;II)I @ 38 c2
Event: 1689.883 Thread 0x00000162b66a6800 DEOPT PACKING pc=0x00000162a359e0ec sp=0x00000033a98fd170
Event: 1689.883 Thread 0x00000162b66a6800 DEOPT UNPACKING pc=0x000001629b62a1af sp=0x00000033a98fd110 mode 2
Event: 1689.884 Thread 0x00000162b66a6800 Uncommon trap: trap_request=0xffffffbe fr.pc=0x00000162a359e0ec relative=0x000000000000068c
Event: 1689.884 Thread 0x00000162b66a6800 Uncommon trap: reason=profile_predicate action=maybe_recompile pc=0x00000162a359e0ec method=java.util.concurrent.CopyOnWriteArrayList.indexOfRange(Ljava/lang/Object;[Ljava/lang/Object;II)I @ 38 c2
Event: 1689.884 Thread 0x00000162b66a6800 DEOPT PACKING pc=0x00000162a359e0ec sp=0x00000033a98fd110
Event: 1689.884 Thread 0x00000162b66a6800 DEOPT UNPACKING pc=0x000001629b62a1af sp=0x00000033a98fd0b0 mode 2
Event: 1689.929 Thread 0x00000162b66a5000 Uncommon trap: trap_request=0xffffffbe fr.pc=0x00000162a359e0ec relative=0x000000000000068c
Event: 1689.929 Thread 0x00000162b66a5000 Uncommon trap: reason=profile_predicate action=maybe_recompile pc=0x00000162a359e0ec method=java.util.concurrent.CopyOnWriteArrayList.indexOfRange(Ljava/lang/Object;[Ljava/lang/Object;II)I @ 38 c2
Event: 1689.929 Thread 0x00000162b66a5000 DEOPT PACKING pc=0x00000162a359e0ec sp=0x00000033a80fe380
Event: 1689.929 Thread 0x00000162b66a5000 DEOPT UNPACKING pc=0x000001629b62a1af sp=0x00000033a80fe320 mode 2
Event: 1882.577 Thread 0x00000162b82d8000 Uncommon trap: trap_request=0xffffff7e fr.pc=0x00000162a34aa55c relative=0x000000000000013c
Event: 1882.577 Thread 0x00000162b82d8000 Uncommon trap: reason=predicate action=maybe_recompile pc=0x00000162a34aa55c method=com.google.common.collect.ImmutableList.copyIntoArray([Ljava/lang/Object;I)I @ 11 c2
Event: 1882.577 Thread 0x00000162b82d8000 DEOPT PACKING pc=0x00000162a34aa55c sp=0x00000033a97f8c30
Event: 1882.578 Thread 0x00000162b82d8000 DEOPT UNPACKING pc=0x000001629b62a1af sp=0x00000033a97f8bd0 mode 2
Event: 1882.908 Thread 0x00000162b82d8000 DEOPT PACKING pc=0x000001629df49909 sp=0x00000033a97fa2d0
Event: 1882.933 Thread 0x00000162b82d8000 DEOPT UNPACKING pc=0x000001629b62a95e sp=0x00000033a97f9768 mode 0

Classes redefined (0 events):
No events

Internal exceptions (20 events):
Event: 1684.207 Thread 0x00000162b66a6800 Exception <a 'sun/nio/fs/WindowsException'{0x0000000094e91488}> (0x0000000094e91488) thrown at [src/hotspot/share/prims/jni.cpp, line 617]
Event: 1684.207 Thread 0x00000162b66a6800 Exception <a 'sun/nio/fs/WindowsException'{0x0000000094e92758}> (0x0000000094e92758) thrown at [src/hotspot/share/prims/jni.cpp, line 617]
Event: 1684.207 Thread 0x00000162b66a6800 Exception <a 'sun/nio/fs/WindowsException'{0x0000000094e93a28}> (0x0000000094e93a28) thrown at [src/hotspot/share/prims/jni.cpp, line 617]
Event: 1689.010 Thread 0x00000162b66a6800 Implicit null exception at 0x00000162a3ef4e50 to 0x00000162a3ef4ec9
Event: 1689.593 Thread 0x00000162b82de000 Exception <a 'java/lang/NoSuchMethodError'{0x0000000094128140}: <clinit>> (0x0000000094128140) thrown at [src/hotspot/share/prims/jni.cpp, line 1367]
Event: 1689.801 Thread 0x00000162b82d6800 Exception <a 'sun/nio/fs/WindowsException'{0x0000000093c00f80}> (0x0000000093c00f80) thrown at [src/hotspot/share/prims/jni.cpp, line 617]
Event: 1877.097 Thread 0x00000162b82d8000 Exception <a 'java/lang/NoSuchMethodError'{0x0000000093685768}: <clinit>> (0x0000000093685768) thrown at [src/hotspot/share/prims/jni.cpp, line 1367]
Event: 1877.832 Thread 0x00000162b51ff000 Exception <a 'sun/nio/fs/WindowsException'{0x000000009354a240}> (0x000000009354a240) thrown at [src/hotspot/share/prims/jni.cpp, line 617]
Event: 1877.889 Thread 0x00000162b51ff000 Exception <a 'sun/nio/fs/WindowsException'{0x000000009357acc8}> (0x000000009357acc8) thrown at [src/hotspot/share/prims/jni.cpp, line 617]
Event: 1877.895 Thread 0x00000162b51ff000 Exception <a 'sun/nio/fs/WindowsException'{0x000000009357aec0}> (0x000000009357aec0) thrown at [src/hotspot/share/prims/jni.cpp, line 617]
Event: 1878.064 Thread 0x00000162b82d8000 Exception <a 'java/lang/ClassNotFoundException'{0x00000000935f2c20}: sync_studio_tooling9_ugnnbogrrkpv0ah874aswpxwBeanInfo> (0x00000000935f2c20) thrown at [src/hotspot/share/classfile/systemDictionary.cpp, line 230]
Event: 1878.069 Thread 0x00000162b82d8000 Exception <a 'java/lang/ClassNotFoundException'{0x00000000934004a8}: sync_studio_tooling9_ugnnbogrrkpv0ah874aswpxwCustomizer> (0x00000000934004a8) thrown at [src/hotspot/share/classfile/systemDictionary.cpp, line 230]
Event: 1878.720 Thread 0x00000162b5201000 Exception <a 'sun/nio/fs/WindowsException'{0x000000009346da10}> (0x000000009346da10) thrown at [src/hotspot/share/prims/jni.cpp, line 617]
Event: 1878.730 Thread 0x00000162b5201000 Exception <a 'sun/nio/fs/WindowsException'{0x000000009348fbe0}> (0x000000009348fbe0) thrown at [src/hotspot/share/prims/jni.cpp, line 617]
Event: 1878.732 Thread 0x00000162b5201000 Exception <a 'sun/nio/fs/WindowsException'{0x000000009348fdd0}> (0x000000009348fdd0) thrown at [src/hotspot/share/prims/jni.cpp, line 617]
Event: 1878.750 Thread 0x00000162b82d8000 Exception <a 'java/lang/ClassNotFoundException'{0x00000000933002e0}: sync_studio_tooling9_ugnnbogrrkpv0ah874aswpxwBeanInfo> (0x00000000933002e0) thrown at [src/hotspot/share/classfile/systemDictionary.cpp, line 230]
Event: 1878.751 Thread 0x00000162b82d8000 Exception <a 'java/lang/ClassNotFoundException'{0x000000009330dbc8}: sync_studio_tooling9_ugnnbogrrkpv0ah874aswpxwCustomizer> (0x000000009330dbc8) thrown at [src/hotspot/share/classfile/systemDictionary.cpp, line 230]
Event: 1881.738 Thread 0x00000162b82d8000 Exception <a 'sun/nio/fs/WindowsException'{0x0000000092087b80}> (0x0000000092087b80) thrown at [src/hotspot/share/prims/jni.cpp, line 617]
Event: 1882.592 Thread 0x00000162b82d8000 Exception <a 'java/lang/NoClassDefFoundError'{0x0000000091c324e8}: org/jetbrains/kotlin/gradle/plugin/KotlinBasePluginWrapper> (0x0000000091c324e8) thrown at [src/hotspot/share/oops/constantPool.cpp, line 775]
Event: 1882.738 Thread 0x00000162b82d8000 Exception <a 'sun/nio/fs/WindowsException'{0x0000000091c679f0}> (0x0000000091c679f0) thrown at [src/hotspot/share/prims/jni.cpp, line 617]

Events (20 events):
Event: 1880.760 Thread 0x00000162b2bc6000 Thread added: 0x00000162b2bc6000
Event: 1880.762 Thread 0x00000162b2bc9000 Thread added: 0x00000162b2bc9000
Event: 1880.764 Thread 0x00000162b2bc4000 Thread added: 0x00000162b2bc4000
Event: 1880.764 Thread 0x00000162b2bcc800 Thread added: 0x00000162b2bcc800
Event: 1880.765 Thread 0x00000162b2bcf000 Thread added: 0x00000162b2bcf000
Event: 1880.766 Thread 0x00000162b2bcf800 Thread added: 0x00000162b2bcf800
Event: 1880.766 Thread 0x00000162b2bcb800 Thread added: 0x00000162b2bcb800
Event: 1880.766 Thread 0x00000162b2bd0800 Thread added: 0x00000162b2bd0800
Event: 1880.767 Thread 0x00000162b2bca800 Thread added: 0x00000162b2bca800
Event: 1880.768 Thread 0x00000162b66a5000 Thread added: 0x00000162b66a5000
Event: 1880.768 Thread 0x00000162b66a6000 Thread added: 0x00000162b66a6000
Event: 1881.149 loading class com/google/common/reflect/TypeResolver$1
Event: 1881.149 loading class com/google/common/reflect/TypeResolver$1 done
Event: 1882.745 Thread 0x00000162b66a2000 Thread added: 0x00000162b66a2000
Event: 1882.945 Thread 0x00000162b66a3800 Thread added: 0x00000162b66a3800
Event: 1882.952 Thread 0x00000162b66a6800 Thread added: 0x00000162b66a6800
Event: 1882.953 Thread 0x00000162b66aa000 Thread added: 0x00000162b66aa000
Event: 1882.953 Thread 0x00000162b66a7800 Thread added: 0x00000162b66a7800
Event: 1882.972 Thread 0x00000162b66a4000 Thread added: 0x00000162b66a4000
Event: 1883.070 Thread 0x00000162b66af800 Thread added: 0x00000162b66af800


Dynamic libraries:
0x00007ff7a5f50000 - 0x00007ff7a5f5a000 	C:\Program Files\Android\Android Studio\jbr\bin\java.exe
0x00007ff90fe30000 - 0x00007ff910028000 	C:\WINDOWS\SYSTEM32\ntdll.dll
0x00007ff90ecc0000 - 0x00007ff90ed7f000 	C:\WINDOWS\System32\KERNEL32.DLL
0x00007ff90dab0000 - 0x00007ff90dd8a000 	C:\WINDOWS\System32\KERNELBASE.dll
0x00007ff90dd90000 - 0x00007ff90de90000 	C:\WINDOWS\System32\ucrtbase.dll
0x00007ff9088d0000 - 0x00007ff9088eb000 	C:\Program Files\Android\Android Studio\jbr\bin\VCRUNTIME140.dll
0x00007ff907500000 - 0x00007ff907517000 	C:\Program Files\Android\Android Studio\jbr\bin\jli.dll
0x00007ff90fc40000 - 0x00007ff90fddd000 	C:\WINDOWS\System32\USER32.dll
0x00007ff90d6a0000 - 0x00007ff90d6c2000 	C:\WINDOWS\System32\win32u.dll
0x00007ff8f2110000 - 0x00007ff8f23aa000 	C:\WINDOWS\WinSxS\amd64_microsoft.windows.common-controls_6595b64144ccf1df_6.0.19041.1110_none_60b5254171f9507e\COMCTL32.dll
0x00007ff90e1b0000 - 0x00007ff90e1db000 	C:\WINDOWS\System32\GDI32.dll
0x00007ff90d6d0000 - 0x00007ff90d7e0000 	C:\WINDOWS\System32\gdi32full.dll
0x00007ff90ed80000 - 0x00007ff90ee1e000 	C:\WINDOWS\System32\msvcrt.dll
0x00007ff90d950000 - 0x00007ff90d9ed000 	C:\WINDOWS\System32\msvcp_win.dll
0x00007ff90f1e0000 - 0x00007ff90f210000 	C:\WINDOWS\System32\IMM32.DLL
0x00007ff9089e0000 - 0x00007ff9089ec000 	C:\Program Files\Android\Android Studio\jbr\bin\vcruntime140_1.dll
0x00007ff8eb010000 - 0x00007ff8eb09d000 	C:\Program Files\Android\Android Studio\jbr\bin\msvcp140.dll
0x00007ff8e13d0000 - 0x00007ff8e1f8c000 	C:\Program Files\Android\Android Studio\jbr\bin\server\jvm.dll
0x00007ff90fb90000 - 0x00007ff90fc3e000 	C:\WINDOWS\System32\ADVAPI32.dll
0x00007ff90ebb0000 - 0x00007ff90ec4c000 	C:\WINDOWS\System32\sechost.dll
0x00007ff90ea80000 - 0x00007ff90eba6000 	C:\WINDOWS\System32\RPCRT4.dll
0x00007ff90e520000 - 0x00007ff90e528000 	C:\WINDOWS\System32\PSAPI.DLL
0x00007ff9078a0000 - 0x00007ff9078a9000 	C:\WINDOWS\SYSTEM32\WSOCK32.dll
0x00007ff8fdd00000 - 0x00007ff8fdd27000 	C:\WINDOWS\SYSTEM32\WINMM.dll
0x00007ff90f3b0000 - 0x00007ff90f41b000 	C:\WINDOWS\System32\WS2_32.dll
0x00007ff900b90000 - 0x00007ff900b9a000 	C:\WINDOWS\SYSTEM32\VERSION.dll
0x00007ff90b3c0000 - 0x00007ff90b3d2000 	C:\WINDOWS\SYSTEM32\kernel.appcore.dll
0x00007ff907890000 - 0x00007ff9078a0000 	C:\Program Files\Android\Android Studio\jbr\bin\verify.dll
0x00007ff8fd540000 - 0x00007ff8fd724000 	C:\WINDOWS\SYSTEM32\DBGHELP.DLL
0x00007ff8fd500000 - 0x00007ff8fd534000 	C:\WINDOWS\SYSTEM32\dbgcore.DLL
0x00007ff90d9f0000 - 0x00007ff90da72000 	C:\WINDOWS\System32\bcryptPrimitives.dll
0x00007ff907800000 - 0x00007ff907828000 	C:\Program Files\Android\Android Studio\jbr\bin\java.dll
0x00007ff907880000 - 0x00007ff90788a000 	C:\Program Files\Android\Android Studio\jbr\bin\jimage.dll
0x00007ff9074c0000 - 0x00007ff9074d8000 	C:\Program Files\Android\Android Studio\jbr\bin\zip.dll
0x00007ff90f420000 - 0x00007ff90fb64000 	C:\WINDOWS\System32\SHELL32.dll
0x00007ff90b5c0000 - 0x00007ff90bd53000 	C:\WINDOWS\SYSTEM32\windows.storage.dll
0x00007ff90ee20000 - 0x00007ff90f174000 	C:\WINDOWS\System32\combase.dll
0x00007ff90cde0000 - 0x00007ff90ce0e000 	C:\WINDOWS\SYSTEM32\Wldp.dll
0x00007ff90de90000 - 0x00007ff90df3d000 	C:\WINDOWS\System32\SHCORE.dll
0x00007ff90e240000 - 0x00007ff90e295000 	C:\WINDOWS\System32\shlwapi.dll
0x00007ff90d480000 - 0x00007ff90d49f000 	C:\WINDOWS\SYSTEM32\profapi.dll
0x00007ff9074a0000 - 0x00007ff9074b9000 	C:\Program Files\Android\Android Studio\jbr\bin\net.dll
0x00007ff902e90000 - 0x00007ff902f9a000 	C:\WINDOWS\SYSTEM32\WINHTTP.dll
0x00007ff90cbc0000 - 0x00007ff90cc2a000 	C:\WINDOWS\system32\mswsock.dll
0x00007ff907480000 - 0x00007ff907493000 	C:\Program Files\Android\Android Studio\jbr\bin\nio.dll
0x00007ff8ff180000 - 0x00007ff8ff1a7000 	C:\Users\shahzaib lptp\AndroidStudioProjects\loginsqlite\native\e1d6ef7f7dcc3fd88c89a11ec53ec762bb8ba0a96d01ffa2cd45eb1d1d8dd5c5\windows-amd64\native-platform.dll
0x00007ff8da190000 - 0x00007ff8da2d4000 	C:\Users\shahzaib lptp\AndroidStudioProjects\loginsqlite\native\0d407fdbe67a94daf76414ababcb853783967236a71b16ec16e742cd7a986fd3\windows-amd64\native-platform-file-events.dll
0x00007ff907470000 - 0x00007ff90747a000 	C:\Program Files\Android\Android Studio\jbr\bin\management.dll
0x00007ff907460000 - 0x00007ff90746b000 	C:\Program Files\Android\Android Studio\jbr\bin\management_ext.dll
0x00007ff90d170000 - 0x00007ff90d188000 	C:\WINDOWS\SYSTEM32\CRYPTSP.dll
0x00007ff90c500000 - 0x00007ff90c534000 	C:\WINDOWS\system32\rsaenh.dll
0x00007ff90da80000 - 0x00007ff90daa7000 	C:\WINDOWS\System32\bcrypt.dll
0x00007ff90d440000 - 0x00007ff90d46e000 	C:\WINDOWS\SYSTEM32\USERENV.dll
0x00007ff90cd50000 - 0x00007ff90cd5c000 	C:\WINDOWS\SYSTEM32\CRYPTBASE.dll
0x00007ff90c8d0000 - 0x00007ff90c90c000 	C:\WINDOWS\SYSTEM32\IPHLPAPI.DLL
0x00007ff90fde0000 - 0x00007ff90fde8000 	C:\WINDOWS\System32\NSI.dll
0x00007ff902c30000 - 0x00007ff902c47000 	C:\WINDOWS\SYSTEM32\dhcpcsvc6.DLL
0x00007ff902350000 - 0x00007ff90236d000 	C:\WINDOWS\SYSTEM32\dhcpcsvc.DLL
0x00007ff90c910000 - 0x00007ff90c9db000 	C:\WINDOWS\SYSTEM32\DNSAPI.dll
0x00007ff90c640000 - 0x00007ff90c673000 	C:\WINDOWS\SYSTEM32\ntmarta.dll

dbghelp: loaded successfully - version: 4.0.5 - missing functions: none
symbol engine: initialized successfully - sym options: 0x614 - pdb path: .;C:\Program Files\Android\Android Studio\jbr\bin;C:\WINDOWS\SYSTEM32;C:\WINDOWS\WinSxS\amd64_microsoft.windows.common-controls_6595b64144ccf1df_6.0.19041.1110_none_60b5254171f9507e;C:\Program Files\Android\Android Studio\jbr\bin\server;C:\Users\shahzaib lptp\AndroidStudioProjects\loginsqlite\native\e1d6ef7f7dcc3fd88c89a11ec53ec762bb8ba0a96d01ffa2cd45eb1d1d8dd5c5\windows-amd64;C:\Users\shahzaib lptp\AndroidStudioProjects\loginsqlite\native\0d407fdbe67a94daf76414ababcb853783967236a71b16ec16e742cd7a986fd3\windows-amd64

VM Arguments:
jvm_args: --add-opens=java.base/java.util=ALL-UNNAMED --add-opens=java.base/java.lang=ALL-UNNAMED --add-opens=java.base/java.lang.invoke=ALL-UNNAMED --add-opens=java.base/java.util=ALL-UNNAMED --add-opens=java.prefs/java.util.prefs=ALL-UNNAMED --add-opens=java.prefs/java.util.prefs=ALL-UNNAMED --add-opens=java.base/java.nio.charset=ALL-UNNAMED --add-opens=java.base/java.net=ALL-UNNAMED --add-opens=java.base/java.util.concurrent.atomic=ALL-UNNAMED -Xmx2048m -Dfile.encoding=UTF-8 -Duser.country=US -Duser.language=en -Duser.variant 
java_command: org.gradle.launcher.daemon.bootstrap.GradleDaemon 7.5
java_class_path (initial): C:\Users\shahzaib lptp\AndroidStudioProjects\loginsqlite\wrapper\dists\gradle-7.5-bin\f1w0cc9nuo0eivz97x2xlu9sv\gradle-7.5\lib\gradle-launcher-7.5.jar
Launcher Type: SUN_STANDARD

[Global flags]
     intx CICompilerCount                          = 3                                         {product} {ergonomic}
     uint ConcGCThreads                            = 1                                         {product} {ergonomic}
     uint G1ConcRefinementThreads                  = 4                                         {product} {ergonomic}
   size_t G1HeapRegionSize                         = 1048576                                   {product} {ergonomic}
    uintx GCDrainStackTargetSize                   = 64                                        {product} {ergonomic}
   size_t InitialHeapSize                          = 67108864                                  {product} {ergonomic}
   size_t MarkStackSize                            = 4194304                                   {product} {ergonomic}
   size_t MaxHeapSize                              = 2147483648                                {product} {command line}
   size_t MaxNewSize                               = 1287651328                                {product} {ergonomic}
   size_t MinHeapDeltaBytes                        = 1048576                                   {product} {ergonomic}
    uintx NonNMethodCodeHeapSize                   = 5830732                                {pd product} {ergonomic}
    uintx NonProfiledCodeHeapSize                  = 122913754                              {pd product} {ergonomic}
    uintx ProfiledCodeHeapSize                     = 122913754                              {pd product} {ergonomic}
    uintx ReservedCodeCacheSize                    = 251658240                              {pd product} {ergonomic}
     bool SegmentedCodeCache                       = true                                      {product} {ergonomic}
     bool UseCompressedClassPointers               = true                                 {lp64_product} {ergonomic}
     bool UseCompressedOops                        = true                                 {lp64_product} {ergonomic}
     bool UseG1GC                                  = true                                      {product} {ergonomic}
     bool UseLargePagesIndividualAllocation        = false                                  {pd product} {ergonomic}

Logging:
Log output configuration:
 #0: stdout all=warning uptime,level,tags
 #1: stderr all=off uptime,level,tags

Environment Variables:
PATH=C:\Program Files\Python310\Scripts\;C:\Program Files\Python310\;C:\Program Files\Common Files\Oracle\Java\javapath;C:\app\bin;C:\app\shahzaiblptp\product\11.2.0\dbhome_1\bin;C:\WINDOWS\system32;C:\WINDOWS;C:\WINDOWS\System32\Wbem;C:\WINDOWS\System32\WindowsPowerShell\v1.0\;c:\Program Files (x86)\Microsoft SQL Server\100\Tools\Binn\;c:\Program Files\Microsoft SQL Server\100\Tools\Binn\;c:\Program Files\Microsoft SQL Server\100\DTS\Binn\;C:\WINDOWS\System32\OpenSSH\;C:\ProgramData\chocolatey\bin;%JAVA_HOME%\bin;C:\Users\shahzaib lptp\AppData\Local\Microsoft\WindowsApps;C:\Program Files\JetBrains\IntelliJ IDEA Community Edition 2021.3\bin;;C:\Program Files\Python310\PyCharm Community Edition 2022.1\bin;;C:\Users\shahzaib lptp\AppData\Local\Programs\Microsoft VS Code\bin;C:\Program Files\flutter\bin;C:\src\flutter\bin;C:\Program Files\Android\Android Studio\bin;
USERNAME=shahzaib lptp
OS=Windows_NT
PROCESSOR_IDENTIFIER=Intel64 Family 6 Model 69 Stepping 1, GenuineIntel



---------------  S Y S T E M  ---------------

OS: Windows 10 , 64 bit Build 19041 (10.0.19041.2788)
OS uptime: 0 days 0:50 hours
Hyper-V role detected

CPU:total 4 (initial active 4) (2 cores per cpu, 2 threads per core) family 6 model 69 stepping 1 microcode 0x26, cmov, cx8, fxsr, mmx, sse, sse2, sse3, ssse3, sse4.1, sse4.2, popcnt, avx, avx2, aes, clmul, erms, lzcnt, ht, tsc, tscinvbit, bmi1, bmi2, fma

Memory: 4k page, system-wide physical 3977M (341M free)
TotalPageFile size 5977M (AvailPageFile size 4M)
current process WorkingSet (physical memory assigned to process): 243M, peak: 594M
current process commit charge ("private bytes"): 751M, peak: 778M

vm_info: OpenJDK 64-Bit Server VM (11.0.15+0-b2043.56-9505619) for windows-amd64 JRE (11.0.15+0-b2043.56-9505619), built on Jan 19 2023 02:48:00 by "builduser" with unknown MS VC++:1929

END.
