#
# There is insufficient memory for the Java Runtime Environment to continue.
# Native memory allocation (mmap) failed to map 47185920 bytes for Failed to commit area from 0x000000008de00000 to 0x0000000090b00000 of length 47185920.
# Possible reasons:
#   The system is out of physical RAM or swap space
#   The process is running with CompressedOops enabled, and the Java Heap may be blocking the growth of the native heap
# Possible solutions:
#   Reduce memory load on the system
#   Increase physical memory or swap space
#   Check if swap backing store is full
#   Decrease Java heap size (-Xmx/-Xms)
#   Decrease number of Java threads
#   Decrease Java thread stack sizes (-Xss)
#   Set larger code cache with -XX:ReservedCodeCacheSize=
#   JVM is running with Unscaled Compressed Oops mode in which the Java heap is
#     placed in the first 4GB address space. The Java Heap base address is the
#     maximum limit for the native heap growth. Please use -XX:HeapBaseMinAddress
#     to set the Java Heap base and to place the Java Heap above 4GB virtual address.
# This output file may be truncated or incomplete.
#
#  Out of Memory Error (src/hotspot/os/windows/os_windows.cpp:3627), pid=14744, tid=7108
#
# JRE version: OpenJDK Runtime Environment (11.0.15) (build 11.0.15+0-b2043.56-9505619)
# Java VM: OpenJDK 64-Bit Server VM (11.0.15+0-b2043.56-9505619, mixed mode, tiered, compressed oops, g1 gc, windows-amd64)
# No core dump will be written. Minidumps are not enabled by default on client versions of Windows
#

---------------  S U M M A R Y ------------

Command Line: -javaagent:C:\Program Files\Android\Android Studio\plugins\android\resources\trace_agent.jar=C:\Users\SHAHZA~1\AppData\Local\Temp\sync.trace.profile --add-opens=java.base/java.util=ALL-UNNAMED --add-opens=java.base/java.lang=ALL-UNNAMED --add-opens=java.base/java.lang.invoke=ALL-UNNAMED --add-opens=java.base/java.util=ALL-UNNAMED --add-opens=java.prefs/java.util.prefs=ALL-UNNAMED --add-opens=java.prefs/java.util.prefs=ALL-UNNAMED --add-opens=java.base/java.nio.charset=ALL-UNNAMED --add-opens=java.base/java.net=ALL-UNNAMED --add-opens=java.base/java.util.concurrent.atomic=ALL-UNNAMED -Xmx2048m -Dfile.encoding=UTF-8 -Duser.country=US -Duser.language=en -Duser.variant org.gradle.launcher.daemon.bootstrap.GradleDaemon 7.5

Host: Intel(R) Core(TM) i5-4310U CPU @ 2.00GHz, 4 cores, 7G,  Windows 10 , 64 bit Build 19041 (10.0.19041.2788)
Time: Mon May  8 16:26:33 2023 Pakistan Standard Time elapsed time: 25.654622 seconds (0d 0h 0m 25s)

---------------  T H R E A D  ---------------

Current thread (0x00000288a6b32800):  VMThread "VM Thread" [stack: 0x000000b30eb00000,0x000000b30ec00000] [id=7108]

Stack: [0x000000b30eb00000,0x000000b30ec00000]
[error occurred during error reporting (printing stack bounds), id 0xc0000005, EXCEPTION_ACCESS_VIOLATION (0xc0000005) at pc=0x000002889032112d]

Native frames: (J=compiled Java code, j=interpreted, Vv=VM code, C=native code)
V  [jvm.dll+0x64135a]
V  [jvm.dll+0x7d39f9]
V  [jvm.dll+0x7d51b9]
V  [jvm.dll+0x7d5805]
V  [jvm.dll+0x7d57bb]
V  [jvm.dll+0x640655]
V  [jvm.dll+0x640d68]
C  [ntdll.dll+0xa23df]
C  [ntdll.dll+0x514a4]
C  [ntdll.dll+0xa0f0e]
C  0x000002889032112d

VM_Operation (0x000000b30ffefad0): G1CollectForAllocation, mode: safepoint, requested by thread 0x00000288a9a63000


---------------  P R O C E S S  ---------------

Threads class SMR info:
_java_thread_list=0x00000288a8ae1df0, length=80, elements={
0x000002888aff4000, 0x00000288a6b38800, 0x00000288a6b42800, 0x00000288a6b51800,
0x00000288a6b52800, 0x00000288a6b53000, 0x00000288a6b56000, 0x00000288a6b5d800,
0x00000288a6b60000, 0x000002888b0c8800, 0x00000288a7c33000, 0x00000288ac9ed800,
0x00000288aca27000, 0x00000288a8adb800, 0x00000288acd5a000, 0x00000288abfdf800,
0x00000288ac29c000, 0x00000288a9a63000, 0x00000288ac87e800, 0x00000288acf9a000,
0x00000288a7a95800, 0x00000288ac7be000, 0x00000288ac7bf800, 0x00000288ac7bd000,
0x00000288ac7c1000, 0x00000288ac7be800, 0x00000288ac7c0800, 0x00000288ac7c2000,
0x00000288ac7bc800, 0x00000288ac7c3000, 0x00000288aca76000, 0x00000288aca79000,
0x00000288aca7a000, 0x00000288aca77800, 0x00000288aca7b800, 0x00000288aca76800,
0x00000288aca83000, 0x00000288aca7d800, 0x00000288aca7e000, 0x00000288aca81800,
0x00000288aca82000, 0x00000288aca7f000, 0x00000288aca7f800, 0x00000288aca80800,
0x00000288ad05e000, 0x00000288ad062000, 0x00000288ad063000, 0x00000288ad05f000,
0x00000288ad05d000, 0x00000288ad065800, 0x00000288ad061000, 0x00000288ad063800,
0x00000288ad064800, 0x00000288ad05f800, 0x00000288ad066000, 0x00000288ad060800,
0x00000288ad069800, 0x00000288ad06a000, 0x00000288ad06b000, 0x00000288ad067800,
0x00000288ad06c000, 0x00000288ad067000, 0x00000288ad068800, 0x00000288ad2c7000,
0x00000288ad2c6000, 0x00000288ad2c8000, 0x00000288ad2c8800, 0x00000288ad2c9800,
0x00000288ad2c4000, 0x00000288ad2ca800, 0x00000288ad2c5800, 0x00000288ad2c4800,
0x00000288ad2cb000, 0x00000288ad2cc000, 0x00000288ad2ce800, 0x00000288ad2cf000,
0x00000288ad2cd800, 0x00000288ad2d1000, 0x00000288ad2d1800, 0x00000288ad2d0000
}

Java Threads: ( => current thread )
  0x000002888aff4000 JavaThread "main" [_thread_blocked, id=1712, stack(0x000000b30e500000,0x000000b30e600000)]
  0x00000288a6b38800 JavaThread "Reference Handler" daemon [_thread_blocked, id=10988, stack(0x000000b30ec00000,0x000000b30ed00000)]
  0x00000288a6b42800 JavaThread "Finalizer" daemon [_thread_blocked, id=6792, stack(0x000000b30ed00000,0x000000b30ee00000)]
  0x00000288a6b51800 JavaThread "Signal Dispatcher" daemon [_thread_blocked, id=5664, stack(0x000000b30ee00000,0x000000b30ef00000)]
  0x00000288a6b52800 JavaThread "Attach Listener" daemon [_thread_blocked, id=15520, stack(0x000000b30ef00000,0x000000b30f000000)]
  0x00000288a6b53000 JavaThread "Service Thread" daemon [_thread_blocked, id=1764, stack(0x000000b30f000000,0x000000b30f100000)]
  0x00000288a6b56000 JavaThread "C2 CompilerThread0" daemon [_thread_in_native, id=10924, stack(0x000000b30f100000,0x000000b30f200000)]
  0x00000288a6b5d800 JavaThread "C1 CompilerThread0" daemon [_thread_blocked, id=4384, stack(0x000000b30f200000,0x000000b30f300000)]
  0x00000288a6b60000 JavaThread "Sweeper thread" daemon [_thread_blocked, id=13208, stack(0x000000b30f300000,0x000000b30f400000)]
  0x000002888b0c8800 JavaThread "Common-Cleaner" daemon [_thread_blocked, id=8952, stack(0x000000b30f400000,0x000000b30f500000)]
  0x00000288a7c33000 JavaThread "C2 CompilerThread1" daemon [_thread_blocked, id=240, stack(0x000000b30f500000,0x000000b30f600000)]
  0x00000288ac9ed800 JavaThread "Daemon health stats" [_thread_blocked, id=8832, stack(0x000000b30f900000,0x000000b30fa00000)]
  0x00000288aca27000 JavaThread "Incoming local TCP Connector on port 53639" [_thread_in_native, id=12156, stack(0x000000b30fa00000,0x000000b30fb00000)]
  0x00000288a8adb800 JavaThread "Daemon periodic checks" [_thread_blocked, id=11600, stack(0x000000b30fb00000,0x000000b30fc00000)]
  0x00000288acd5a000 JavaThread "Daemon" [_thread_blocked, id=9824, stack(0x000000b30fc00000,0x000000b30fd00000)]
  0x00000288abfdf800 JavaThread "Handler for socket connection from /127.0.0.1:53639 to /127.0.0.1:53640" [_thread_in_native, id=6668, stack(0x000000b30fd00000,0x000000b30fe00000)]
  0x00000288ac29c000 JavaThread "Cancel handler" [_thread_blocked, id=15856, stack(0x000000b30fe00000,0x000000b30ff00000)]
  0x00000288a9a63000 JavaThread "Daemon worker" [_thread_blocked, id=5464, stack(0x000000b30ff00000,0x000000b310000000)]
  0x00000288ac87e800 JavaThread "Asynchronous log dispatcher for DefaultDaemonConnection: socket connection from /127.0.0.1:53639 to /127.0.0.1:53640" [_thread_blocked, id=4644, stack(0x000000b310000000,0x000000b310100000)]
  0x00000288acf9a000 JavaThread "Stdin handler" [_thread_blocked, id=10796, stack(0x000000b310100000,0x000000b310200000)]
  0x00000288a7a95800 JavaThread "Daemon client event forwarder" [_thread_blocked, id=10504, stack(0x000000b310200000,0x000000b310300000)]
  0x00000288ac7be000 JavaThread "Cache worker for journal cache (C:\Users\shahzaib lptp\AndroidStudioProjects\loginsqlite\caches\journal-1)" [_thread_blocked, id=11664, stack(0x000000b310400000,0x000000b310500000)]
  0x00000288ac7bf800 JavaThread "File lock request listener" [_thread_in_native, id=14860, stack(0x000000b310500000,0x000000b310600000)]
  0x00000288ac7bd000 JavaThread "Cache worker for file hash cache (C:\Users\shahzaib lptp\AndroidStudioProjects\loginsqlite\caches\7.5\fileHashes)" [_thread_blocked, id=7428, stack(0x000000b310600000,0x000000b310700000)]
  0x00000288ac7c1000 JavaThread "File watcher server" daemon [_thread_in_native, id=4716, stack(0x000000b310700000,0x000000b310800000)]
  0x00000288ac7be800 JavaThread "File watcher consumer" daemon [_thread_blocked, id=724, stack(0x000000b310800000,0x000000b310900000)]
  0x00000288ac7c0800 JavaThread "Cache worker for checksums cache (C:\Users\shahzaib lptp\AndroidStudioProjects\EyeonwaterApp\.gradle\7.5\checksums)" [_thread_blocked, id=14920, stack(0x000000b310900000,0x000000b310a00000)]
  0x00000288ac7c2000 JavaThread "Cache worker for cache directory md-rule (C:\Users\shahzaib lptp\AndroidStudioProjects\loginsqlite\caches\7.5\md-rule)" [_thread_blocked, id=3492, stack(0x000000b310a00000,0x000000b310b00000)]
  0x00000288ac7bc800 JavaThread "Cache worker for file content cache (C:\Users\shahzaib lptp\AndroidStudioProjects\loginsqlite\caches\7.5\fileContent)" [_thread_blocked, id=15648, stack(0x000000b310b00000,0x000000b310c00000)]
  0x00000288ac7c3000 JavaThread "Cache worker for file hash cache (C:\Users\shahzaib lptp\AndroidStudioProjects\EyeonwaterApp\.gradle\7.5\fileHashes)" [_thread_blocked, id=2624, stack(0x000000b310c00000,0x000000b310d00000)]
  0x00000288aca76000 JavaThread "Cache worker for cache directory md-supplier (C:\Users\shahzaib lptp\AndroidStudioProjects\loginsqlite\caches\7.5\md-supplier)" [_thread_blocked, id=1544, stack(0x000000b310d00000,0x000000b310e00000)]
  0x00000288aca79000 JavaThread "Cache worker for execution history cache (C:\Users\shahzaib lptp\AndroidStudioProjects\loginsqlite\caches\7.5\executionHistory)" [_thread_blocked, id=15040, stack(0x000000b310e00000,0x000000b310f00000)]
  0x00000288aca7a000 JavaThread "jar transforms" [_thread_blocked, id=11232, stack(0x000000b310f00000,0x000000b311000000)]
  0x00000288aca77800 JavaThread "jar transforms Thread 2" [_thread_blocked, id=11192, stack(0x000000b311000000,0x000000b311100000)]
  0x00000288aca7b800 JavaThread "jar transforms Thread 3" [_thread_blocked, id=7396, stack(0x000000b311100000,0x000000b311200000)]
  0x00000288aca76800 JavaThread "jar transforms Thread 4" [_thread_blocked, id=12736, stack(0x000000b311200000,0x000000b311300000)]
  0x00000288aca83000 JavaThread "Cache worker for dependencies-accessors (C:\Users\shahzaib lptp\AndroidStudioProjects\EyeonwaterApp\.gradle\7.5\dependencies-accessors)" [_thread_blocked, id=12392, stack(0x000000b311300000,0x000000b311400000)]
  0x00000288aca7d800 JavaThread "Cache worker for Build Output Cleanup Cache (C:\Users\shahzaib lptp\AndroidStudioProjects\EyeonwaterApp\.gradle\buildOutputCleanup)" [_thread_blocked, id=3448, stack(0x000000b311400000,0x000000b311500000)]
  0x00000288aca7e000 JavaThread "Unconstrained build operations" [_thread_blocked, id=13568, stack(0x000000b311500000,0x000000b311600000)]
  0x00000288aca81800 JavaThread "Unconstrained build operations Thread 2" [_thread_blocked, id=16008, stack(0x000000b311600000,0x000000b311700000)]
  0x00000288aca82000 JavaThread "Unconstrained build operations Thread 3" [_thread_blocked, id=7152, stack(0x000000b311700000,0x000000b311800000)]
  0x00000288aca7f000 JavaThread "Unconstrained build operations Thread 4" [_thread_blocked, id=12840, stack(0x000000b311800000,0x000000b311900000)]
  0x00000288aca7f800 JavaThread "Unconstrained build operations Thread 5" [_thread_blocked, id=12052, stack(0x000000b311900000,0x000000b311a00000)]
  0x00000288aca80800 JavaThread "Unconstrained build operations Thread 6" [_thread_blocked, id=14572, stack(0x000000b311a00000,0x000000b311b00000)]
  0x00000288ad05e000 JavaThread "Unconstrained build operations Thread 7" [_thread_blocked, id=16048, stack(0x000000b311b00000,0x000000b311c00000)]
  0x00000288ad062000 JavaThread "Unconstrained build operations Thread 8" [_thread_blocked, id=14832, stack(0x000000b311c00000,0x000000b311d00000)]
  0x00000288ad063000 JavaThread "Unconstrained build operations Thread 9" [_thread_blocked, id=8712, stack(0x000000b311d00000,0x000000b311e00000)]
  0x00000288ad05f000 JavaThread "Unconstrained build operations Thread 10" [_thread_blocked, id=2972, stack(0x000000b311e00000,0x000000b311f00000)]
  0x00000288ad05d000 JavaThread "Unconstrained build operations Thread 11" [_thread_blocked, id=12884, stack(0x000000b311f00000,0x000000b312000000)]
  0x00000288ad065800 JavaThread "Unconstrained build operations Thread 12" [_thread_blocked, id=2556, stack(0x000000b312000000,0x000000b312100000)]
  0x00000288ad061000 JavaThread "Unconstrained build operations Thread 13" [_thread_blocked, id=10228, stack(0x000000b312100000,0x000000b312200000)]
  0x00000288ad063800 JavaThread "Unconstrained build operations Thread 14" [_thread_blocked, id=15736, stack(0x000000b312200000,0x000000b312300000)]
  0x00000288ad064800 JavaThread "Unconstrained build operations Thread 15" [_thread_blocked, id=2044, stack(0x000000b312300000,0x000000b312400000)]
  0x00000288ad05f800 JavaThread "Unconstrained build operations Thread 16" [_thread_blocked, id=13692, stack(0x000000b312400000,0x000000b312500000)]
  0x00000288ad066000 JavaThread "Unconstrained build operations Thread 17" [_thread_blocked, id=2604, stack(0x000000b312500000,0x000000b312600000)]
  0x00000288ad060800 JavaThread "Unconstrained build operations Thread 18" [_thread_blocked, id=8336, stack(0x000000b312600000,0x000000b312700000)]
  0x00000288ad069800 JavaThread "Unconstrained build operations Thread 19" [_thread_blocked, id=15384, stack(0x000000b312700000,0x000000b312800000)]
  0x00000288ad06a000 JavaThread "Unconstrained build operations Thread 20" [_thread_blocked, id=5376, stack(0x000000b312800000,0x000000b312900000)]
  0x00000288ad06b000 JavaThread "Unconstrained build operations Thread 21" [_thread_blocked, id=11924, stack(0x000000b312900000,0x000000b312a00000)]
  0x00000288ad067800 JavaThread "Unconstrained build operations Thread 22" [_thread_blocked, id=13096, stack(0x000000b312a00000,0x000000b312b00000)]
  0x00000288ad06c000 JavaThread "Unconstrained build operations Thread 23" [_thread_blocked, id=5604, stack(0x000000b312b00000,0x000000b312c00000)]
  0x00000288ad067000 JavaThread "Unconstrained build operations Thread 24" [_thread_blocked, id=10216, stack(0x000000b312c00000,0x000000b312d00000)]
  0x00000288ad068800 JavaThread "Unconstrained build operations Thread 25" [_thread_blocked, id=7212, stack(0x000000b312d00000,0x000000b312e00000)]
  0x00000288ad2c7000 JavaThread "Unconstrained build operations Thread 26" [_thread_blocked, id=13464, stack(0x000000b312e00000,0x000000b312f00000)]
  0x00000288ad2c6000 JavaThread "Unconstrained build operations Thread 27" [_thread_blocked, id=11508, stack(0x000000b312f00000,0x000000b313000000)]
  0x00000288ad2c8000 JavaThread "Unconstrained build operations Thread 28" [_thread_blocked, id=7992, stack(0x000000b313000000,0x000000b313100000)]
  0x00000288ad2c8800 JavaThread "Unconstrained build operations Thread 29" [_thread_blocked, id=15484, stack(0x000000b313100000,0x000000b313200000)]
  0x00000288ad2c9800 JavaThread "Unconstrained build operations Thread 30" [_thread_blocked, id=7092, stack(0x000000b313200000,0x000000b313300000)]
  0x00000288ad2c4000 JavaThread "Unconstrained build operations Thread 31" [_thread_blocked, id=12692, stack(0x000000b313300000,0x000000b313400000)]
  0x00000288ad2ca800 JavaThread "Unconstrained build operations Thread 32" [_thread_blocked, id=1236, stack(0x000000b313400000,0x000000b313500000)]
  0x00000288ad2c5800 JavaThread "Unconstrained build operations Thread 33" [_thread_blocked, id=13224, stack(0x000000b313500000,0x000000b313600000)]
  0x00000288ad2c4800 JavaThread "Unconstrained build operations Thread 34" [_thread_blocked, id=13780, stack(0x000000b313600000,0x000000b313700000)]
  0x00000288ad2cb000 JavaThread "Unconstrained build operations Thread 35" [_thread_blocked, id=5440, stack(0x000000b313700000,0x000000b313800000)]
  0x00000288ad2cc000 JavaThread "Unconstrained build operations Thread 36" [_thread_blocked, id=13688, stack(0x000000b313800000,0x000000b313900000)]
  0x00000288ad2ce800 JavaThread "Unconstrained build operations Thread 37" [_thread_blocked, id=8648, stack(0x000000b313900000,0x000000b313a00000)]
  0x00000288ad2cf000 JavaThread "Unconstrained build operations Thread 38" [_thread_blocked, id=10032, stack(0x000000b313a00000,0x000000b313b00000)]
  0x00000288ad2cd800 JavaThread "Unconstrained build operations Thread 39" [_thread_blocked, id=11840, stack(0x000000b313b00000,0x000000b313c00000)]
  0x00000288ad2d1000 JavaThread "Unconstrained build operations Thread 40" [_thread_blocked, id=9856, stack(0x000000b313c00000,0x000000b313d00000)]
  0x00000288ad2d1800 JavaThread "build event listener" [_thread_blocked, id=6284, stack(0x000000b313d00000,0x000000b313e00000)]
  0x00000288ad2d0000 JavaThread "Memory manager" [_thread_blocked, id=5304, stack(0x000000b313e00000,0x000000b313f00000)]

Other Threads:
=>0x00000288a6b32800 VMThread "VM Thread" [stack: 0x000000b30eb00000,0x000000b30ec00000] [id=7108]
  0x00000288a82e5000 WatcherThread [stack: 0x000000b30f600000,0x000000b30f700000] [id=5960]
  0x000002888b00d800 GCTaskThread "GC Thread#0" [stack: 0x000000b30e600000,0x000000b30e700000] [id=8536]
  0x00000288a8570000 GCTaskThread "GC Thread#1" [stack: 0x000000b30f700000,0x000000b30f800000] [id=2356]
  0x00000288a8242800 GCTaskThread "GC Thread#2" [stack: 0x000000b30f800000,0x000000b30f900000] [id=9204]
  0x00000288a993a800 GCTaskThread "GC Thread#3" [stack: 0x000000b310300000,0x000000b310400000] [id=9636]
  0x000002888b03e000 ConcurrentGCThread "G1 Main Marker" [stack: 0x000000b30e700000,0x000000b30e800000] [id=3076]
  0x000002888b03f800 ConcurrentGCThread "G1 Conc#0" [stack: 0x000000b30e800000,0x000000b30e900000] [id=8632]
  0x000002888b0bf800 ConcurrentGCThread "G1 Refine#0" [stack: 0x000000b30e900000,0x000000b30ea00000] [id=4768]
  0x00000288a6990800 ConcurrentGCThread "G1 Young RemSet Sampling" [stack: 0x000000b30ea00000,0x000000b30eb00000] [id=15584]

Threads with active compile tasks:
C2 CompilerThread0    25683 9674       4       org.objectweb.asm.AnnotationWriter::visit (935 bytes)
C2 CompilerThread1    25683 9675       4       org.objectweb.asm.MethodWriter::visitJumpInsn (495 bytes)

VM state:at safepoint (normal execution)

VM Mutex/Monitor currently owned by a thread:  ([mutex/lock_event])
[0x000002888ae19460] Threads_lock - owner thread: 0x00000288a6b32800
[0x000002888aff3310] Heap_lock - owner thread: 0x00000288a9a63000

Heap address: 0x0000000080000000, size: 2048 MB, Compressed Oops mode: 32-bit
Narrow klass base: 0x0000000000000000, Narrow klass shift: 3
Compressed class space size: 1073741824 Address: 0x0000000100000000

Heap:
 garbage-first heap   total 273408K, used 79017K [0x0000000080000000, 0x0000000100000000)
  region size 1024K, 16 young (16384K), 16 survivors (16384K)
 Metaspace       used 84175K, capacity 86364K, committed 86476K, reserved 1124352K
  class space    used 10876K, capacity 11665K, committed 11724K, reserved 1048576K
Heap Regions: E=young(eden), S=young(survivor), O=old, HS=humongous(starts), HC=humongous(continues), CS=collection set, F=free, A=archive, TAMS=top-at-mark-start (previous, next)
|   0|0x0000000080000000, 0x0000000080100000, 0x0000000080100000|100%| O|  |TAMS 0x0000000080100000, 0x0000000080000000| Untracked 
|   1|0x0000000080100000, 0x0000000080200000, 0x0000000080200000|100%| O|  |TAMS 0x0000000080200000, 0x0000000080100000| Untracked 
|   2|0x0000000080200000, 0x0000000080300000, 0x0000000080300000|100%| O|  |TAMS 0x0000000080300000, 0x0000000080200000| Untracked 
|   3|0x0000000080300000, 0x0000000080400000, 0x0000000080400000|100%|HS|  |TAMS 0x0000000080400000, 0x0000000080300000| Complete 
|   4|0x0000000080400000, 0x0000000080500000, 0x0000000080500000|100%|HC|  |TAMS 0x0000000080500000, 0x0000000080400000| Complete 
|   5|0x0000000080500000, 0x0000000080600000, 0x0000000080600000|100%|HC|  |TAMS 0x0000000080600000, 0x0000000080500000| Complete 
|   6|0x0000000080600000, 0x0000000080700000, 0x0000000080700000|100%| O|  |TAMS 0x0000000080700000, 0x0000000080600000| Untracked 
|   7|0x0000000080700000, 0x0000000080800000, 0x0000000080800000|100%| O|  |TAMS 0x0000000080800000, 0x0000000080700000| Untracked 
|   8|0x0000000080800000, 0x0000000080900000, 0x0000000080900000|100%| O|  |TAMS 0x0000000080900000, 0x0000000080800000| Untracked 
|   9|0x0000000080900000, 0x0000000080a00000, 0x0000000080a00000|100%| O|  |TAMS 0x0000000080a00000, 0x0000000080900000| Untracked 
|  10|0x0000000080a00000, 0x0000000080b00000, 0x0000000080b00000|100%| O|  |TAMS 0x0000000080b00000, 0x0000000080a00000| Untracked 
|  11|0x0000000080b00000, 0x0000000080c00000, 0x0000000080c00000|100%| O|  |TAMS 0x0000000080c00000, 0x0000000080b00000| Untracked 
|  12|0x0000000080c00000, 0x0000000080d00000, 0x0000000080d00000|100%| O|  |TAMS 0x0000000080d00000, 0x0000000080c00000| Untracked 
|  13|0x0000000080d00000, 0x0000000080e00000, 0x0000000080e00000|100%| O|  |TAMS 0x0000000080e00000, 0x0000000080d00000| Untracked 
|  14|0x0000000080e00000, 0x0000000080f00000, 0x0000000080f00000|100%| O|  |TAMS 0x0000000080f00000, 0x0000000080e00000| Untracked 
|  15|0x0000000080f00000, 0x0000000081000000, 0x0000000081000000|100%| O|  |TAMS 0x0000000081000000, 0x0000000080f00000| Untracked 
|  16|0x0000000081000000, 0x0000000081100000, 0x0000000081100000|100%| O|  |TAMS 0x0000000081100000, 0x0000000081000000| Untracked 
|  17|0x0000000081100000, 0x0000000081200000, 0x0000000081200000|100%|HS|  |TAMS 0x0000000081200000, 0x0000000081100000| Complete 
|  18|0x0000000081200000, 0x0000000081300000, 0x0000000081300000|100%|HS|  |TAMS 0x0000000081300000, 0x0000000081200000| Complete 
|  19|0x0000000081300000, 0x0000000081400000, 0x0000000081400000|100%| O|  |TAMS 0x0000000081400000, 0x0000000081300000| Untracked 
|  20|0x0000000081400000, 0x0000000081500000, 0x0000000081500000|100%| O|  |TAMS 0x0000000081500000, 0x0000000081400000| Untracked 
|  21|0x0000000081500000, 0x0000000081600000, 0x0000000081600000|100%| O|  |TAMS 0x0000000081600000, 0x0000000081500000| Untracked 
|  22|0x0000000081600000, 0x0000000081700000, 0x0000000081700000|100%| O|  |TAMS 0x0000000081700000, 0x0000000081600000| Untracked 
|  23|0x0000000081700000, 0x0000000081800000, 0x0000000081800000|100%| O|  |TAMS 0x0000000081800000, 0x0000000081700000| Untracked 
|  24|0x0000000081800000, 0x0000000081900000, 0x0000000081900000|100%| O|  |TAMS 0x0000000081900000, 0x0000000081800000| Untracked 
|  25|0x0000000081900000, 0x0000000081a00000, 0x0000000081a00000|100%| O|  |TAMS 0x0000000081a00000, 0x0000000081900000| Untracked 
|  26|0x0000000081a00000, 0x0000000081b00000, 0x0000000081b00000|100%| O|  |TAMS 0x0000000081b00000, 0x0000000081a00000| Untracked 
|  27|0x0000000081b00000, 0x0000000081c00000, 0x0000000081c00000|100%| O|  |TAMS 0x0000000081c00000, 0x0000000081b00000| Untracked 
|  28|0x0000000081c00000, 0x0000000081d00000, 0x0000000081d00000|100%| O|  |TAMS 0x0000000081d00000, 0x0000000081c00000| Untracked 
|  29|0x0000000081d00000, 0x0000000081e00000, 0x0000000081e00000|100%| O|  |TAMS 0x0000000081e00000, 0x0000000081d00000| Untracked 
|  30|0x0000000081e00000, 0x0000000081f00000, 0x0000000081f00000|100%| O|  |TAMS 0x0000000081f00000, 0x0000000081e00000| Untracked 
|  31|0x0000000081f00000, 0x0000000082000000, 0x0000000082000000|100%| O|  |TAMS 0x0000000082000000, 0x0000000081f00000| Untracked 
|  32|0x0000000082000000, 0x0000000082100000, 0x0000000082100000|100%| O|  |TAMS 0x0000000082100000, 0x0000000082000000| Untracked 
|  33|0x0000000082100000, 0x0000000082200000, 0x0000000082200000|100%| O|  |TAMS 0x0000000082200000, 0x0000000082100000| Untracked 
|  34|0x0000000082200000, 0x0000000082300000, 0x0000000082300000|100%| O|  |TAMS 0x0000000082300000, 0x0000000082200000| Untracked 
|  35|0x0000000082300000, 0x0000000082400000, 0x0000000082400000|100%| O|  |TAMS 0x0000000082400000, 0x0000000082300000| Untracked 
|  36|0x0000000082400000, 0x0000000082500000, 0x0000000082500000|100%| O|  |TAMS 0x0000000082500000, 0x0000000082400000| Untracked 
|  37|0x0000000082500000, 0x0000000082600000, 0x0000000082600000|100%| O|  |TAMS 0x0000000082600000, 0x0000000082500000| Untracked 
|  38|0x0000000082600000, 0x0000000082700000, 0x0000000082700000|100%| O|  |TAMS 0x0000000082700000, 0x0000000082600000| Untracked 
|  39|0x0000000082700000, 0x0000000082800000, 0x0000000082800000|100%| O|  |TAMS 0x0000000082800000, 0x0000000082700000| Untracked 
|  40|0x0000000082800000, 0x0000000082900000, 0x0000000082900000|100%| O|  |TAMS 0x000000008287f600, 0x0000000082800000| Untracked 
|  41|0x0000000082900000, 0x0000000082a00000, 0x0000000082a00000|100%| O|  |TAMS 0x0000000082900000, 0x0000000082900000| Untracked 
|  42|0x0000000082a00000, 0x0000000082b00000, 0x0000000082b00000|100%| O|  |TAMS 0x0000000082a00000, 0x0000000082a00000| Untracked 
|  43|0x0000000082b00000, 0x0000000082c00000, 0x0000000082c00000|100%| O|  |TAMS 0x0000000082b00000, 0x0000000082b00000| Untracked 
|  44|0x0000000082c00000, 0x0000000082d00000, 0x0000000082d00000|100%| O|  |TAMS 0x0000000082c00000, 0x0000000082c00000| Untracked 
|  45|0x0000000082d00000, 0x0000000082e00000, 0x0000000082e00000|100%| O|  |TAMS 0x0000000082d00000, 0x0000000082d00000| Untracked 
|  46|0x0000000082e00000, 0x0000000082f00000, 0x0000000082f00000|100%| O|  |TAMS 0x0000000082e00000, 0x0000000082e00000| Untracked 
|  47|0x0000000082f00000, 0x0000000083000000, 0x0000000083000000|100%| O|  |TAMS 0x0000000082f00000, 0x0000000082f00000| Untracked 
|  48|0x0000000083000000, 0x0000000083100000, 0x0000000083100000|100%| O|  |TAMS 0x0000000083000000, 0x0000000083000000| Untracked 
|  49|0x0000000083100000, 0x0000000083200000, 0x0000000083200000|100%| O|  |TAMS 0x0000000083100000, 0x0000000083100000| Untracked 
|  50|0x0000000083200000, 0x0000000083300000, 0x0000000083300000|100%| O|  |TAMS 0x0000000083200000, 0x0000000083200000| Untracked 
|  51|0x0000000083300000, 0x0000000083400000, 0x0000000083400000|100%| O|  |TAMS 0x0000000083300000, 0x0000000083300000| Untracked 
|  52|0x0000000083400000, 0x0000000083500000, 0x0000000083500000|100%| O|  |TAMS 0x0000000083400000, 0x0000000083400000| Untracked 
|  53|0x0000000083500000, 0x0000000083600000, 0x0000000083600000|100%| O|  |TAMS 0x0000000083500000, 0x0000000083500000| Untracked 
|  54|0x0000000083600000, 0x0000000083600000, 0x0000000083700000|  0%| F|  |TAMS 0x0000000083600000, 0x0000000083600000| Untracked 
|  55|0x0000000083700000, 0x0000000083800000, 0x0000000083800000|100%| O|  |TAMS 0x0000000083700000, 0x0000000083700000| Untracked 
|  56|0x0000000083800000, 0x0000000083900000, 0x0000000083900000|100%| O|  |TAMS 0x0000000083800000, 0x0000000083800000| Untracked 
|  57|0x0000000083900000, 0x0000000083a00000, 0x0000000083a00000|100%| O|  |TAMS 0x0000000083900000, 0x0000000083900000| Untracked 
|  58|0x0000000083a00000, 0x0000000083b00000, 0x0000000083b00000|100%| O|  |TAMS 0x0000000083a00000, 0x0000000083a00000| Untracked 
|  59|0x0000000083b00000, 0x0000000083c00000, 0x0000000083c00000|100%| O|  |TAMS 0x0000000083b00000, 0x0000000083b00000| Untracked 
|  60|0x0000000083c00000, 0x0000000083d00000, 0x0000000083d00000|100%| O|  |TAMS 0x0000000083c00000, 0x0000000083c00000| Untracked 
|  61|0x0000000083d00000, 0x0000000083e00000, 0x0000000083e00000|100%| O|  |TAMS 0x0000000083d00000, 0x0000000083d00000| Untracked 
|  62|0x0000000083e00000, 0x0000000083e2a600, 0x0000000083f00000| 16%| O|  |TAMS 0x0000000083e00000, 0x0000000083e00000| Untracked 
|  63|0x0000000083f00000, 0x0000000083f00000, 0x0000000084000000|  0%| F|  |TAMS 0x0000000083f00000, 0x0000000083f00000| Untracked 
|  64|0x0000000084000000, 0x0000000084000000, 0x0000000084100000|  0%| F|  |TAMS 0x0000000084000000, 0x0000000084000000| Untracked 
|  65|0x0000000084100000, 0x0000000084100000, 0x0000000084200000|  0%| F|  |TAMS 0x0000000084100000, 0x0000000084100000| Untracked 
|  66|0x0000000084200000, 0x0000000084200000, 0x0000000084300000|  0%| F|  |TAMS 0x0000000084200000, 0x0000000084200000| Untracked 
|  67|0x0000000084300000, 0x0000000084300000, 0x0000000084400000|  0%| F|  |TAMS 0x0000000084300000, 0x0000000084300000| Untracked 
|  68|0x0000000084400000, 0x0000000084400000, 0x0000000084500000|  0%| F|  |TAMS 0x0000000084400000, 0x0000000084400000| Untracked 
|  69|0x0000000084500000, 0x0000000084500000, 0x0000000084600000|  0%| F|  |TAMS 0x0000000084500000, 0x0000000084500000| Untracked 
|  70|0x0000000084600000, 0x0000000084600000, 0x0000000084700000|  0%| F|  |TAMS 0x0000000084600000, 0x0000000084600000| Untracked 
|  71|0x0000000084700000, 0x0000000084700000, 0x0000000084800000|  0%| F|  |TAMS 0x0000000084700000, 0x0000000084700000| Untracked 
|  72|0x0000000084800000, 0x0000000084800000, 0x0000000084900000|  0%| F|  |TAMS 0x0000000084800000, 0x0000000084800000| Untracked 
|  73|0x0000000084900000, 0x0000000084900000, 0x0000000084a00000|  0%| F|  |TAMS 0x0000000084900000, 0x0000000084900000| Untracked 
|  74|0x0000000084a00000, 0x0000000084a00000, 0x0000000084b00000|  0%| F|  |TAMS 0x0000000084a00000, 0x0000000084a00000| Untracked 
|  75|0x0000000084b00000, 0x0000000084b00000, 0x0000000084c00000|  0%| F|  |TAMS 0x0000000084b00000, 0x0000000084b00000| Untracked 
|  76|0x0000000084c00000, 0x0000000084c00000, 0x0000000084d00000|  0%| F|  |TAMS 0x0000000084c00000, 0x0000000084c00000| Untracked 
|  77|0x0000000084d00000, 0x0000000084d00000, 0x0000000084e00000|  0%| F|  |TAMS 0x0000000084d00000, 0x0000000084d00000| Untracked 
|  78|0x0000000084e00000, 0x0000000084e00000, 0x0000000084f00000|  0%| F|  |TAMS 0x0000000084e00000, 0x0000000084e00000| Untracked 
|  79|0x0000000084f00000, 0x0000000084f00000, 0x0000000085000000|  0%| F|  |TAMS 0x0000000084f00000, 0x0000000084f00000| Untracked 
|  80|0x0000000085000000, 0x0000000085000000, 0x0000000085100000|  0%| F|  |TAMS 0x0000000085000000, 0x0000000085000000| Untracked 
|  81|0x0000000085100000, 0x0000000085100000, 0x0000000085200000|  0%| F|  |TAMS 0x0000000085100000, 0x0000000085100000| Untracked 
|  82|0x0000000085200000, 0x0000000085200000, 0x0000000085300000|  0%| F|  |TAMS 0x0000000085200000, 0x0000000085200000| Untracked 
|  83|0x0000000085300000, 0x0000000085400000, 0x0000000085400000|100%| S|CS|TAMS 0x0000000085300000, 0x0000000085300000| Complete 
|  84|0x0000000085400000, 0x0000000085500000, 0x0000000085500000|100%| S|CS|TAMS 0x0000000085400000, 0x0000000085400000| Complete 
|  85|0x0000000085500000, 0x0000000085600000, 0x0000000085600000|100%| S|CS|TAMS 0x0000000085500000, 0x0000000085500000| Complete 
|  86|0x0000000085600000, 0x0000000085700000, 0x0000000085700000|100%| S|CS|TAMS 0x0000000085600000, 0x0000000085600000| Complete 
|  87|0x0000000085700000, 0x0000000085700000, 0x0000000085800000|  0%| F|  |TAMS 0x0000000085700000, 0x0000000085700000| Untracked 
|  88|0x0000000085800000, 0x0000000085800000, 0x0000000085900000|  0%| F|  |TAMS 0x0000000085800000, 0x0000000085800000| Untracked 
|  89|0x0000000085900000, 0x0000000085900000, 0x0000000085a00000|  0%| F|  |TAMS 0x0000000085900000, 0x0000000085900000| Untracked 
|  90|0x0000000085a00000, 0x0000000085a00000, 0x0000000085b00000|  0%| F|  |TAMS 0x0000000085a00000, 0x0000000085a00000| Untracked 
|  91|0x0000000085b00000, 0x0000000085c00000, 0x0000000085c00000|100%| S|CS|TAMS 0x0000000085b00000, 0x0000000085b00000| Complete 
|  92|0x0000000085c00000, 0x0000000085d00000, 0x0000000085d00000|100%| S|CS|TAMS 0x0000000085c00000, 0x0000000085c00000| Complete 
|  93|0x0000000085d00000, 0x0000000085e00000, 0x0000000085e00000|100%| S|CS|TAMS 0x0000000085d00000, 0x0000000085d00000| Complete 
|  94|0x0000000085e00000, 0x0000000085f00000, 0x0000000085f00000|100%| S|CS|TAMS 0x0000000085e00000, 0x0000000085e00000| Complete 
|  95|0x0000000085f00000, 0x0000000086000000, 0x0000000086000000|100%| S|CS|TAMS 0x0000000085f00000, 0x0000000085f00000| Complete 
|  96|0x0000000086000000, 0x0000000086100000, 0x0000000086100000|100%| S|CS|TAMS 0x0000000086000000, 0x0000000086000000| Complete 
|  97|0x0000000086100000, 0x0000000086200000, 0x0000000086200000|100%| S|CS|TAMS 0x0000000086100000, 0x0000000086100000| Complete 
|  98|0x0000000086200000, 0x0000000086300000, 0x0000000086300000|100%| S|CS|TAMS 0x0000000086200000, 0x0000000086200000| Complete 
|  99|0x0000000086300000, 0x0000000086400000, 0x0000000086400000|100%| S|CS|TAMS 0x0000000086300000, 0x0000000086300000| Complete 
| 100|0x0000000086400000, 0x0000000086500000, 0x0000000086500000|100%| S|CS|TAMS 0x0000000086400000, 0x0000000086400000| Complete 
| 101|0x0000000086500000, 0x0000000086600000, 0x0000000086600000|100%| S|CS|TAMS 0x0000000086500000, 0x0000000086500000| Complete 
| 102|0x0000000086600000, 0x0000000086700000, 0x0000000086700000|100%| S|CS|TAMS 0x0000000086600000, 0x0000000086600000| Complete 
| 103|0x0000000086700000, 0x0000000086700000, 0x0000000086800000|  0%| F|  |TAMS 0x0000000086700000, 0x0000000086700000| Untracked 
| 104|0x0000000086800000, 0x0000000086800000, 0x0000000086900000|  0%| F|  |TAMS 0x0000000086800000, 0x0000000086800000| Untracked 
| 105|0x0000000086900000, 0x0000000086900000, 0x0000000086a00000|  0%| F|  |TAMS 0x0000000086900000, 0x0000000086900000| Untracked 
| 106|0x0000000086a00000, 0x0000000086a00000, 0x0000000086b00000|  0%| F|  |TAMS 0x0000000086a00000, 0x0000000086a00000| Untracked 
| 107|0x0000000086b00000, 0x0000000086b00000, 0x0000000086c00000|  0%| F|  |TAMS 0x0000000086b00000, 0x0000000086b00000| Untracked 
| 108|0x0000000086c00000, 0x0000000086c00000, 0x0000000086d00000|  0%| F|  |TAMS 0x0000000086c00000, 0x0000000086c00000| Untracked 
| 109|0x0000000086d00000, 0x0000000086d00000, 0x0000000086e00000|  0%| F|  |TAMS 0x0000000086d00000, 0x0000000086d00000| Untracked 
| 110|0x0000000086e00000, 0x0000000086e00000, 0x0000000086f00000|  0%| F|  |TAMS 0x0000000086e00000, 0x0000000086e00000| Untracked 
| 111|0x0000000086f00000, 0x0000000086f00000, 0x0000000087000000|  0%| F|  |TAMS 0x0000000086f00000, 0x0000000086f00000| Untracked 
| 112|0x0000000087000000, 0x0000000087000000, 0x0000000087100000|  0%| F|  |TAMS 0x0000000087000000, 0x0000000087000000| Untracked 
| 113|0x0000000087100000, 0x0000000087100000, 0x0000000087200000|  0%| F|  |TAMS 0x0000000087100000, 0x0000000087100000| Untracked 
| 114|0x0000000087200000, 0x0000000087200000, 0x0000000087300000|  0%| F|  |TAMS 0x0000000087200000, 0x0000000087200000| Untracked 
| 115|0x0000000087300000, 0x0000000087300000, 0x0000000087400000|  0%| F|  |TAMS 0x0000000087300000, 0x0000000087300000| Untracked 
| 116|0x0000000087400000, 0x0000000087400000, 0x0000000087500000|  0%| F|  |TAMS 0x0000000087400000, 0x0000000087400000| Untracked 
| 117|0x0000000087500000, 0x0000000087500000, 0x0000000087600000|  0%| F|  |TAMS 0x0000000087500000, 0x0000000087500000| Untracked 
| 118|0x0000000087600000, 0x0000000087600000, 0x0000000087700000|  0%| F|  |TAMS 0x0000000087600000, 0x0000000087600000| Untracked 
| 119|0x0000000087700000, 0x0000000087700000, 0x0000000087800000|  0%| F|  |TAMS 0x0000000087700000, 0x0000000087700000| Untracked 
| 120|0x0000000087800000, 0x0000000087800000, 0x0000000087900000|  0%| F|  |TAMS 0x0000000087800000, 0x0000000087800000| Untracked 
| 121|0x0000000087900000, 0x0000000087900000, 0x0000000087a00000|  0%| F|  |TAMS 0x0000000087900000, 0x0000000087900000| Untracked 
| 122|0x0000000087a00000, 0x0000000087a00000, 0x0000000087b00000|  0%| F|  |TAMS 0x0000000087a00000, 0x0000000087a00000| Untracked 
| 123|0x0000000087b00000, 0x0000000087b00000, 0x0000000087c00000|  0%| F|  |TAMS 0x0000000087b00000, 0x0000000087b00000| Untracked 
| 124|0x0000000087c00000, 0x0000000087c00000, 0x0000000087d00000|  0%| F|  |TAMS 0x0000000087c00000, 0x0000000087c00000| Untracked 
| 125|0x0000000087d00000, 0x0000000087d00000, 0x0000000087e00000|  0%| F|  |TAMS 0x0000000087d00000, 0x0000000087d00000| Untracked 
| 126|0x0000000087e00000, 0x0000000087e00000, 0x0000000087f00000|  0%| F|  |TAMS 0x0000000087e00000, 0x0000000087e00000| Untracked 
| 127|0x0000000087f00000, 0x0000000087f00000, 0x0000000088000000|  0%| F|  |TAMS 0x0000000087f00000, 0x0000000087f00000| Untracked 
| 128|0x0000000088000000, 0x0000000088000000, 0x0000000088100000|  0%| F|  |TAMS 0x0000000088000000, 0x0000000088000000| Untracked 
| 129|0x0000000088100000, 0x0000000088100000, 0x0000000088200000|  0%| F|  |TAMS 0x0000000088100000, 0x0000000088100000| Untracked 
| 130|0x0000000088200000, 0x0000000088200000, 0x0000000088300000|  0%| F|  |TAMS 0x0000000088200000, 0x0000000088200000| Untracked 
| 131|0x0000000088300000, 0x0000000088300000, 0x0000000088400000|  0%| F|  |TAMS 0x0000000088300000, 0x0000000088300000| Untracked 
| 132|0x0000000088400000, 0x0000000088400000, 0x0000000088500000|  0%| F|  |TAMS 0x0000000088400000, 0x0000000088400000| Untracked 
| 133|0x0000000088500000, 0x0000000088500000, 0x0000000088600000|  0%| F|  |TAMS 0x0000000088500000, 0x0000000088500000| Untracked 
| 134|0x0000000088600000, 0x0000000088600000, 0x0000000088700000|  0%| F|  |TAMS 0x0000000088600000, 0x0000000088600000| Untracked 
| 135|0x0000000088700000, 0x0000000088700000, 0x0000000088800000|  0%| F|  |TAMS 0x0000000088700000, 0x0000000088700000| Untracked 
| 136|0x0000000088800000, 0x0000000088800000, 0x0000000088900000|  0%| F|  |TAMS 0x0000000088800000, 0x0000000088800000| Untracked 
| 137|0x0000000088900000, 0x0000000088900000, 0x0000000088a00000|  0%| F|  |TAMS 0x0000000088900000, 0x0000000088900000| Untracked 
| 138|0x0000000088a00000, 0x0000000088a00000, 0x0000000088b00000|  0%| F|  |TAMS 0x0000000088a00000, 0x0000000088a00000| Untracked 
| 139|0x0000000088b00000, 0x0000000088b00000, 0x0000000088c00000|  0%| F|  |TAMS 0x0000000088b00000, 0x0000000088b00000| Untracked 
| 140|0x0000000088c00000, 0x0000000088c00000, 0x0000000088d00000|  0%| F|  |TAMS 0x0000000088c00000, 0x0000000088c00000| Untracked 
| 141|0x0000000088d00000, 0x0000000088d00000, 0x0000000088e00000|  0%| F|  |TAMS 0x0000000088d00000, 0x0000000088d00000| Untracked 
| 142|0x0000000088e00000, 0x0000000088e00000, 0x0000000088f00000|  0%| F|  |TAMS 0x0000000088e00000, 0x0000000088e00000| Untracked 
| 143|0x0000000088f00000, 0x0000000088f00000, 0x0000000089000000|  0%| F|  |TAMS 0x0000000088f00000, 0x0000000088f00000| Untracked 
| 144|0x0000000089000000, 0x0000000089000000, 0x0000000089100000|  0%| F|  |TAMS 0x0000000089000000, 0x0000000089000000| Untracked 
| 145|0x0000000089100000, 0x0000000089100000, 0x0000000089200000|  0%| F|  |TAMS 0x0000000089100000, 0x0000000089100000| Untracked 
| 146|0x0000000089200000, 0x0000000089200000, 0x0000000089300000|  0%| F|  |TAMS 0x0000000089200000, 0x0000000089200000| Untracked 
| 147|0x0000000089300000, 0x0000000089300000, 0x0000000089400000|  0%| F|  |TAMS 0x0000000089300000, 0x0000000089300000| Untracked 
| 148|0x0000000089400000, 0x0000000089400000, 0x0000000089500000|  0%| F|  |TAMS 0x0000000089400000, 0x0000000089400000| Untracked 
| 149|0x0000000089500000, 0x0000000089500000, 0x0000000089600000|  0%| F|  |TAMS 0x0000000089500000, 0x0000000089500000| Untracked 
| 150|0x0000000089600000, 0x0000000089600000, 0x0000000089700000|  0%| F|  |TAMS 0x0000000089600000, 0x0000000089600000| Untracked 
| 151|0x0000000089700000, 0x0000000089700000, 0x0000000089800000|  0%| F|  |TAMS 0x0000000089700000, 0x0000000089700000| Untracked 
| 152|0x0000000089800000, 0x0000000089800000, 0x0000000089900000|  0%| F|  |TAMS 0x0000000089800000, 0x0000000089800000| Untracked 
| 153|0x0000000089900000, 0x0000000089900000, 0x0000000089a00000|  0%| F|  |TAMS 0x0000000089900000, 0x0000000089900000| Untracked 
| 154|0x0000000089a00000, 0x0000000089a00000, 0x0000000089b00000|  0%| F|  |TAMS 0x0000000089a00000, 0x0000000089a00000| Untracked 
| 155|0x0000000089b00000, 0x0000000089b00000, 0x0000000089c00000|  0%| F|  |TAMS 0x0000000089b00000, 0x0000000089b00000| Untracked 
| 156|0x0000000089c00000, 0x0000000089c00000, 0x0000000089d00000|  0%| F|  |TAMS 0x0000000089c00000, 0x0000000089c00000| Untracked 
| 157|0x0000000089d00000, 0x0000000089d00000, 0x0000000089e00000|  0%| F|  |TAMS 0x0000000089d00000, 0x0000000089d00000| Untracked 
| 158|0x0000000089e00000, 0x0000000089e00000, 0x0000000089f00000|  0%| F|  |TAMS 0x0000000089e00000, 0x0000000089e00000| Untracked 
| 159|0x0000000089f00000, 0x0000000089f00000, 0x000000008a000000|  0%| F|  |TAMS 0x0000000089f00000, 0x0000000089f00000| Untracked 
| 160|0x000000008a000000, 0x000000008a000000, 0x000000008a100000|  0%| F|  |TAMS 0x000000008a000000, 0x000000008a000000| Untracked 
| 161|0x000000008a100000, 0x000000008a100000, 0x000000008a200000|  0%| F|  |TAMS 0x000000008a100000, 0x000000008a100000| Untracked 
| 162|0x000000008a200000, 0x000000008a200000, 0x000000008a300000|  0%| F|  |TAMS 0x000000008a200000, 0x000000008a200000| Untracked 
| 163|0x000000008a300000, 0x000000008a300000, 0x000000008a400000|  0%| F|  |TAMS 0x000000008a300000, 0x000000008a300000| Untracked 
| 164|0x000000008a400000, 0x000000008a400000, 0x000000008a500000|  0%| F|  |TAMS 0x000000008a400000, 0x000000008a400000| Untracked 
| 165|0x000000008a500000, 0x000000008a500000, 0x000000008a600000|  0%| F|  |TAMS 0x000000008a500000, 0x000000008a500000| Untracked 
| 166|0x000000008a600000, 0x000000008a600000, 0x000000008a700000|  0%| F|  |TAMS 0x000000008a600000, 0x000000008a600000| Untracked 
| 167|0x000000008a700000, 0x000000008a700000, 0x000000008a800000|  0%| F|  |TAMS 0x000000008a700000, 0x000000008a700000| Untracked 
| 168|0x000000008a800000, 0x000000008a800000, 0x000000008a900000|  0%| F|  |TAMS 0x000000008a800000, 0x000000008a800000| Untracked 
| 169|0x000000008a900000, 0x000000008a900000, 0x000000008aa00000|  0%| F|  |TAMS 0x000000008a900000, 0x000000008a900000| Untracked 
| 170|0x000000008aa00000, 0x000000008aa00000, 0x000000008ab00000|  0%| F|  |TAMS 0x000000008aa00000, 0x000000008aa00000| Untracked 
| 171|0x000000008ab00000, 0x000000008ab00000, 0x000000008ac00000|  0%| F|  |TAMS 0x000000008ab00000, 0x000000008ab00000| Untracked 
| 172|0x000000008ac00000, 0x000000008ac00000, 0x000000008ad00000|  0%| F|  |TAMS 0x000000008ac00000, 0x000000008ac00000| Untracked 
| 173|0x000000008ad00000, 0x000000008ad00000, 0x000000008ae00000|  0%| F|  |TAMS 0x000000008ad00000, 0x000000008ad00000| Untracked 
| 174|0x000000008ae00000, 0x000000008ae00000, 0x000000008af00000|  0%| F|  |TAMS 0x000000008ae00000, 0x000000008ae00000| Untracked 
| 175|0x000000008af00000, 0x000000008af00000, 0x000000008b000000|  0%| F|  |TAMS 0x000000008af00000, 0x000000008af00000| Untracked 
| 176|0x000000008b000000, 0x000000008b000000, 0x000000008b100000|  0%| F|  |TAMS 0x000000008b000000, 0x000000008b000000| Untracked 
| 177|0x000000008b100000, 0x000000008b100000, 0x000000008b200000|  0%| F|  |TAMS 0x000000008b100000, 0x000000008b100000| Untracked 
| 178|0x000000008b200000, 0x000000008b200000, 0x000000008b300000|  0%| F|  |TAMS 0x000000008b200000, 0x000000008b200000| Untracked 
| 179|0x000000008b300000, 0x000000008b300000, 0x000000008b400000|  0%| F|  |TAMS 0x000000008b300000, 0x000000008b300000| Untracked 
| 180|0x000000008b400000, 0x000000008b400000, 0x000000008b500000|  0%| F|  |TAMS 0x000000008b400000, 0x000000008b400000| Untracked 
| 181|0x000000008b500000, 0x000000008b500000, 0x000000008b600000|  0%| F|  |TAMS 0x000000008b500000, 0x000000008b500000| Untracked 
| 182|0x000000008b600000, 0x000000008b600000, 0x000000008b700000|  0%| F|  |TAMS 0x000000008b600000, 0x000000008b600000| Untracked 
| 183|0x000000008b700000, 0x000000008b700000, 0x000000008b800000|  0%| F|  |TAMS 0x000000008b700000, 0x000000008b700000| Untracked 
| 184|0x000000008b800000, 0x000000008b800000, 0x000000008b900000|  0%| F|  |TAMS 0x000000008b800000, 0x000000008b800000| Untracked 
| 185|0x000000008b900000, 0x000000008b900000, 0x000000008ba00000|  0%| F|  |TAMS 0x000000008b900000, 0x000000008b900000| Untracked 
| 186|0x000000008ba00000, 0x000000008ba00000, 0x000000008bb00000|  0%| F|  |TAMS 0x000000008ba00000, 0x000000008ba00000| Untracked 
| 187|0x000000008bb00000, 0x000000008bb00000, 0x000000008bc00000|  0%| F|  |TAMS 0x000000008bb00000, 0x000000008bb00000| Untracked 
| 188|0x000000008bc00000, 0x000000008bc00000, 0x000000008bd00000|  0%| F|  |TAMS 0x000000008bc00000, 0x000000008bc00000| Untracked 
| 189|0x000000008bd00000, 0x000000008bd00000, 0x000000008be00000|  0%| F|  |TAMS 0x000000008bd00000, 0x000000008bd00000| Untracked 
| 190|0x000000008be00000, 0x000000008be00000, 0x000000008bf00000|  0%| F|  |TAMS 0x000000008be00000, 0x000000008be00000| Untracked 
| 191|0x000000008bf00000, 0x000000008bf00000, 0x000000008c000000|  0%| F|  |TAMS 0x000000008bf00000, 0x000000008bf00000| Untracked 
| 192|0x000000008c000000, 0x000000008c000000, 0x000000008c100000|  0%| F|  |TAMS 0x000000008c000000, 0x000000008c000000| Untracked 
| 193|0x000000008c100000, 0x000000008c100000, 0x000000008c200000|  0%| F|  |TAMS 0x000000008c100000, 0x000000008c100000| Untracked 
| 194|0x000000008c200000, 0x000000008c200000, 0x000000008c300000|  0%| F|  |TAMS 0x000000008c200000, 0x000000008c200000| Untracked 
| 195|0x000000008c300000, 0x000000008c300000, 0x000000008c400000|  0%| F|  |TAMS 0x000000008c300000, 0x000000008c300000| Untracked 
| 196|0x000000008c400000, 0x000000008c400000, 0x000000008c500000|  0%| F|  |TAMS 0x000000008c400000, 0x000000008c400000| Untracked 
| 197|0x000000008c500000, 0x000000008c500000, 0x000000008c600000|  0%| F|  |TAMS 0x000000008c500000, 0x000000008c500000| Untracked 
| 198|0x000000008c600000, 0x000000008c600000, 0x000000008c700000|  0%| F|  |TAMS 0x000000008c600000, 0x000000008c600000| Untracked 
| 199|0x000000008c700000, 0x000000008c700000, 0x000000008c800000|  0%| F|  |TAMS 0x000000008c700000, 0x000000008c700000| Untracked 
| 200|0x000000008c800000, 0x000000008c800000, 0x000000008c900000|  0%| F|  |TAMS 0x000000008c800000, 0x000000008c800000| Untracked 
| 201|0x000000008c900000, 0x000000008c900000, 0x000000008ca00000|  0%| F|  |TAMS 0x000000008c900000, 0x000000008c900000| Untracked 
| 202|0x000000008ca00000, 0x000000008ca00000, 0x000000008cb00000|  0%| F|  |TAMS 0x000000008ca00000, 0x000000008ca00000| Untracked 
| 203|0x000000008cb00000, 0x000000008cb00000, 0x000000008cc00000|  0%| F|  |TAMS 0x000000008cb00000, 0x000000008cb00000| Untracked 
| 204|0x000000008cc00000, 0x000000008cc00000, 0x000000008cd00000|  0%| F|  |TAMS 0x000000008cc00000, 0x000000008cc00000| Untracked 
| 205|0x000000008cd00000, 0x000000008cd00000, 0x000000008ce00000|  0%| F|  |TAMS 0x000000008cd00000, 0x000000008cd00000| Untracked 
| 206|0x000000008ce00000, 0x000000008ce00000, 0x000000008cf00000|  0%| F|  |TAMS 0x000000008ce00000, 0x000000008ce00000| Untracked 
| 207|0x000000008cf00000, 0x000000008cf00000, 0x000000008d000000|  0%| F|  |TAMS 0x000000008cf00000, 0x000000008cf00000| Untracked 
| 208|0x000000008d000000, 0x000000008d000000, 0x000000008d100000|  0%| F|  |TAMS 0x000000008d000000, 0x000000008d000000| Untracked 
| 209|0x000000008d100000, 0x000000008d100000, 0x000000008d200000|  0%| F|  |TAMS 0x000000008d100000, 0x000000008d100000| Untracked 
| 210|0x000000008d200000, 0x000000008d200000, 0x000000008d300000|  0%| F|  |TAMS 0x000000008d200000, 0x000000008d200000| Untracked 
| 211|0x000000008d300000, 0x000000008d300000, 0x000000008d400000|  0%| F|  |TAMS 0x000000008d300000, 0x000000008d300000| Untracked 
| 212|0x000000008d400000, 0x000000008d400000, 0x000000008d500000|  0%| F|  |TAMS 0x000000008d400000, 0x000000008d400000| Untracked 
| 213|0x000000008d500000, 0x000000008d500000, 0x000000008d600000|  0%| F|  |TAMS 0x000000008d500000, 0x000000008d500000| Untracked 
| 214|0x000000008d600000, 0x000000008d600000, 0x000000008d700000|  0%| F|  |TAMS 0x000000008d600000, 0x000000008d600000| Untracked 
| 215|0x000000008d700000, 0x000000008d700000, 0x000000008d800000|  0%| F|  |TAMS 0x000000008d700000, 0x000000008d700000| Untracked 
| 216|0x000000008d800000, 0x000000008d800000, 0x000000008d900000|  0%| F|  |TAMS 0x000000008d800000, 0x000000008d800000| Untracked 
| 217|0x000000008d900000, 0x000000008d900000, 0x000000008da00000|  0%| F|  |TAMS 0x000000008d900000, 0x000000008d900000| Untracked 
| 218|0x000000008da00000, 0x000000008da00000, 0x000000008db00000|  0%| F|  |TAMS 0x000000008da00000, 0x000000008da00000| Untracked 
| 219|0x000000008db00000, 0x000000008db00000, 0x000000008dc00000|  0%| F|  |TAMS 0x000000008db00000, 0x000000008db00000| Untracked 
| 220|0x000000008dc00000, 0x000000008dc00000, 0x000000008dd00000|  0%| F|  |TAMS 0x000000008dc00000, 0x000000008dc00000| Untracked 
| 221|0x000000008dd00000, 0x000000008dd00000, 0x000000008de00000|  0%| F|  |TAMS 0x000000008dd00000, 0x000000008dd00000| Untracked 

Card table byte_map: [0x000002889fd40000,0x00000288a0140000] _byte_map_base: 0x000002889f940000

Marking Bits (Prev, Next): (CMBitMap*) 0x000002888b0353b8, (CMBitMap*) 0x000002888b0353f0
 Prev Bits: [0x00000288a0540000, 0x00000288a2540000)
 Next Bits: [0x00000288a2540000, 0x00000288a4540000)

Polling page: 0x000002888add0000

Metaspace:

Usage:
  Non-class:     72.95 MB capacity,    71.58 MB ( 98%) used,     1.14 MB (  2%) free+waste,   237.50 KB ( <1%) overhead. 
      Class:     11.39 MB capacity,    10.62 MB ( 93%) used,   678.87 KB (  6%) free+waste,   109.81 KB ( <1%) overhead. 
       Both:     84.34 MB capacity,    82.20 MB ( 97%) used,     1.80 MB (  2%) free+waste,   347.31 KB ( <1%) overhead. 

Virtual space:
  Non-class space:       74.00 MB reserved,      73.00 MB ( 99%) committed 
      Class space:        1.00 GB reserved,      11.45 MB (  1%) committed 
             Both:        1.07 GB reserved,      84.45 MB (  8%) committed 

Chunk freelists:
   Non-Class:  53.00 KB
       Class:  15.00 KB
        Both:  68.00 KB

MaxMetaspaceSize: 17179869184.00 GB
CompressedClassSpaceSize: 1.00 GB
Initial GC threshold: 20.80 MB
Current GC threshold: 106.17 MB
CDS: off

CodeHeap 'non-profiled nmethods': size=120064Kb used=6706Kb max_used=6706Kb free=113357Kb
 bounds [0x0000028897de0000, 0x0000028898470000, 0x000002889f320000]
CodeHeap 'profiled nmethods': size=120000Kb used=20821Kb max_used=20821Kb free=99178Kb
 bounds [0x00000288908b0000, 0x0000028891d10000, 0x0000028897de0000]
CodeHeap 'non-nmethods': size=5696Kb used=2375Kb max_used=2419Kb free=3320Kb
 bounds [0x0000028890320000, 0x0000028890590000, 0x00000288908b0000]
 total_blobs=10361 nmethods=9464 adapters=809
 compilation: enabled
              stopped_count=0, restarted_count=0
 full_count=0

Compilation events (20 events):
Event: 25.520 Thread 0x00000288a6b5d800 nmethod 9663 0x0000028898460e90 code [0x0000028898461040, 0x00000288984610f8]
Event: 25.520 Thread 0x00000288a6b5d800 9667       3       java.io.ObjectInputStream$BlockDataInputStream::readUTF (10 bytes)
Event: 25.520 Thread 0x00000288a6b5d800 nmethod 9667 0x0000028891d01e90 code [0x0000028891d02060, 0x0000028891d021d8]
Event: 25.520 Thread 0x00000288a6b5d800 9669       3       java.io.ObjectInputStream$PeekInputStream::peek (49 bytes)
Event: 25.520 Thread 0x00000288a6b5d800 nmethod 9669 0x0000028891d02290 code [0x0000028891d02460, 0x0000028891d026e8]
Event: 25.520 Thread 0x00000288a6b5d800 9668       3       java.io.ObjectInputStream$BlockDataInputStream::readUnsignedShort (76 bytes)
Event: 25.521 Thread 0x00000288a6b5d800 nmethod 9668 0x0000028891d02790 code [0x0000028891d02980, 0x0000028891d02c78]
Event: 25.521 Thread 0x00000288a6b5d800 9670       3       java.io.ObjectInputStream$BlockDataInputStream::peek (55 bytes)
Event: 25.521 Thread 0x00000288a6b5d800 nmethod 9670 0x0000028891d02e10 code [0x0000028891d02fe0, 0x0000028891d03278]
Event: 25.521 Thread 0x00000288a6b5d800 9671       3       java.io.ObjectInputStream$BlockDataInputStream::setBlockDataMode (74 bytes)
Event: 25.522 Thread 0x00000288a6b5d800 nmethod 9671 0x0000028891d03390 code [0x0000028891d03560, 0x0000028891d03888]
Event: 25.522 Thread 0x00000288a6b5d800 9672       3       java.io.ObjectInputStream$HandleTable::assign (48 bytes)
Event: 25.522 Thread 0x00000288a6b5d800 nmethod 9672 0x0000028891d03990 code [0x0000028891d03b60, 0x0000028891d03ec8]
Event: 25.522 Thread 0x00000288a6b5d800 9673       3       java.io.ObjectInputStream$BlockDataInputStream::readUTFBody (188 bytes)
Event: 25.522 Thread 0x00000288a6b56000 9674       4       org.objectweb.asm.AnnotationWriter::visit (935 bytes)
Event: 25.524 Thread 0x00000288a7c33000 nmethod 9446 0x0000028898461190 code [0x0000028898461860, 0x0000028898468f98]
Event: 25.527 Thread 0x00000288a6b5d800 nmethod 9673 0x0000028891d04090 code [0x0000028891d04340, 0x0000028891d050b8]
Event: 25.528 Thread 0x00000288a7c33000 9676       4       org.objectweb.asm.Label::addForwardReference (102 bytes)
Event: 25.539 Thread 0x00000288a7c33000 nmethod 9676 0x000002889846c190 code [0x000002889846c340, 0x000002889846c978]
Event: 25.539 Thread 0x00000288a7c33000 9675       4       org.objectweb.asm.MethodWriter::visitJumpInsn (495 bytes)

GC Heap History (20 events):
Event: 13.986 GC heap after
{Heap after GC invocations=16 (full 0):
 garbage-first heap   total 157696K, used 32694K [0x0000000080000000, 0x0000000100000000)
  region size 1024K, 4 young (4096K), 4 survivors (4096K)
 Metaspace       used 48623K, capacity 50034K, committed 50176K, reserved 1093632K
  class space    used 6150K, capacity 6630K, committed 6656K, reserved 1048576K
}
Event: 15.208 GC heap before
{Heap before GC invocations=16 (full 0):
 garbage-first heap   total 157696K, used 124854K [0x0000000080000000, 0x0000000100000000)
  region size 1024K, 92 young (94208K), 4 survivors (4096K)
 Metaspace       used 51525K, capacity 52958K, committed 53120K, reserved 1095680K
  class space    used 6480K, capacity 6984K, committed 7040K, reserved 1048576K
}
Event: 15.219 GC heap after
{Heap after GC invocations=17 (full 0):
 garbage-first heap   total 189440K, used 41936K [0x0000000080000000, 0x0000000100000000)
  region size 1024K, 11 young (11264K), 11 survivors (11264K)
 Metaspace       used 51525K, capacity 52958K, committed 53120K, reserved 1095680K
  class space    used 6480K, capacity 6984K, committed 7040K, reserved 1048576K
}
Event: 16.000 GC heap before
{Heap before GC invocations=17 (full 0):
 garbage-first heap   total 189440K, used 137168K [0x0000000080000000, 0x0000000100000000)
  region size 1024K, 104 young (106496K), 11 survivors (11264K)
 Metaspace       used 56268K, capacity 57810K, committed 58112K, reserved 1099776K
  class space    used 7051K, capacity 7604K, committed 7680K, reserved 1048576K
}
Event: 16.014 GC heap after
{Heap after GC invocations=18 (full 0):
 garbage-first heap   total 189440K, used 43517K [0x0000000080000000, 0x0000000100000000)
  region size 1024K, 2 young (2048K), 2 survivors (2048K)
 Metaspace       used 56268K, capacity 57810K, committed 58112K, reserved 1099776K
  class space    used 7051K, capacity 7604K, committed 7680K, reserved 1048576K
}
Event: 16.522 GC heap before
{Heap before GC invocations=18 (full 0):
 garbage-first heap   total 189440K, used 90621K [0x0000000080000000, 0x0000000100000000)
  region size 1024K, 49 young (50176K), 2 survivors (2048K)
 Metaspace       used 58553K, capacity 60112K, committed 60160K, reserved 1101824K
  class space    used 7321K, capacity 7929K, committed 7936K, reserved 1048576K
}
Event: 16.529 GC heap after
{Heap after GC invocations=19 (full 0):
 garbage-first heap   total 189440K, used 43517K [0x0000000080000000, 0x0000000100000000)
  region size 1024K, 2 young (2048K), 2 survivors (2048K)
 Metaspace       used 58553K, capacity 60112K, committed 60160K, reserved 1101824K
  class space    used 7321K, capacity 7929K, committed 7936K, reserved 1048576K
}
Event: 17.630 GC heap before
{Heap before GC invocations=20 (full 0):
 garbage-first heap   total 189440K, used 142845K [0x0000000080000000, 0x0000000100000000)
  region size 1024K, 92 young (94208K), 2 survivors (2048K)
 Metaspace       used 62799K, capacity 64588K, committed 64716K, reserved 1105920K
  class space    used 7889K, capacity 8550K, committed 8652K, reserved 1048576K
}
Event: 17.645 GC heap after
{Heap after GC invocations=21 (full 0):
 garbage-first heap   total 189440K, used 47716K [0x0000000080000000, 0x0000000100000000)
  region size 1024K, 7 young (7168K), 7 survivors (7168K)
 Metaspace       used 62799K, capacity 64588K, committed 64716K, reserved 1105920K
  class space    used 7889K, capacity 8550K, committed 8652K, reserved 1048576K
}
Event: 18.785 GC heap before
{Heap before GC invocations=22 (full 0):
 garbage-first heap   total 189440K, used 139876K [0x0000000080000000, 0x0000000100000000)
  region size 1024K, 96 young (98304K), 7 survivors (7168K)
 Metaspace       used 66533K, capacity 68226K, committed 68428K, reserved 1107968K
  class space    used 8344K, capacity 8986K, committed 9036K, reserved 1048576K
}
Event: 18.801 GC heap after
{Heap after GC invocations=23 (full 0):
 garbage-first heap   total 189440K, used 51684K [0x0000000080000000, 0x0000000100000000)
  region size 1024K, 10 young (10240K), 10 survivors (10240K)
 Metaspace       used 66533K, capacity 68226K, committed 68428K, reserved 1107968K
  class space    used 8344K, capacity 8986K, committed 9036K, reserved 1048576K
}
Event: 20.332 GC heap before
{Heap before GC invocations=23 (full 0):
 garbage-first heap   total 189440K, used 143844K [0x0000000080000000, 0x0000000100000000)
  region size 1024K, 100 young (102400K), 10 survivors (10240K)
 Metaspace       used 68600K, capacity 70457K, committed 70604K, reserved 1110016K
  class space    used 8626K, capacity 9295K, committed 9420K, reserved 1048576K
}
Event: 20.373 GC heap after
{Heap after GC invocations=24 (full 0):
 garbage-first heap   total 227328K, used 55577K [0x0000000080000000, 0x0000000100000000)
  region size 1024K, 8 young (8192K), 8 survivors (8192K)
 Metaspace       used 68600K, capacity 70457K, committed 70604K, reserved 1110016K
  class space    used 8626K, capacity 9295K, committed 9420K, reserved 1048576K
}
Event: 21.830 GC heap before
{Heap before GC invocations=24 (full 0):
 garbage-first heap   total 227328K, used 162073K [0x0000000080000000, 0x0000000100000000)
  region size 1024K, 112 young (114688K), 8 survivors (8192K)
 Metaspace       used 73631K, capacity 75497K, committed 75724K, reserved 1114112K
  class space    used 9483K, capacity 10163K, committed 10188K, reserved 1048576K
}
Event: 21.871 GC heap after
{Heap after GC invocations=25 (full 0):
 garbage-first heap   total 227328K, used 57765K [0x0000000080000000, 0x0000000100000000)
  region size 1024K, 7 young (7168K), 7 survivors (7168K)
 Metaspace       used 73631K, capacity 75497K, committed 75724K, reserved 1114112K
  class space    used 9483K, capacity 10163K, committed 10188K, reserved 1048576K
}
Event: 23.101 GC heap before
{Heap before GC invocations=25 (full 0):
 garbage-first heap   total 227328K, used 171429K [0x0000000080000000, 0x0000000100000000)
  region size 1024K, 118 young (120832K), 7 survivors (7168K)
 Metaspace       used 77229K, capacity 79254K, committed 79436K, reserved 1118208K
  class space    used 10024K, capacity 10752K, committed 10828K, reserved 1048576K
}
Event: 23.122 GC heap after
{Heap after GC invocations=26 (full 0):
 garbage-first heap   total 227328K, used 63230K [0x0000000080000000, 0x0000000100000000)
  region size 1024K, 13 young (13312K), 13 survivors (13312K)
 Metaspace       used 77229K, capacity 79254K, committed 79436K, reserved 1118208K
  class space    used 10024K, capacity 10752K, committed 10828K, reserved 1048576K
}
Event: 24.424 GC heap before
{Heap before GC invocations=26 (full 0):
 garbage-first heap   total 227328K, used 175870K [0x0000000080000000, 0x0000000100000000)
  region size 1024K, 123 young (125952K), 13 survivors (13312K)
 Metaspace       used 82127K, capacity 84233K, committed 84556K, reserved 1122304K
  class space    used 10681K, capacity 11469K, committed 11596K, reserved 1048576K
}
Event: 24.447 GC heap after
{Heap after GC invocations=27 (full 0):
 garbage-first heap   total 227328K, used 66734K [0x0000000080000000, 0x0000000100000000)
  region size 1024K, 12 young (12288K), 12 survivors (12288K)
 Metaspace       used 82127K, capacity 84233K, committed 84556K, reserved 1122304K
  class space    used 10681K, capacity 11469K, committed 11596K, reserved 1048576K
}
Event: 25.588 GC heap before
{Heap before GC invocations=27 (full 0):
 garbage-first heap   total 227328K, used 180398K [0x0000000080000000, 0x0000000100000000)
  region size 1024K, 123 young (125952K), 12 survivors (12288K)
 Metaspace       used 84175K, capacity 86364K, committed 86476K, reserved 1124352K
  class space    used 10876K, capacity 11665K, committed 11724K, reserved 1048576K
}

Deoptimization events (20 events):
Event: 24.395 Thread 0x00000288a9a63000 DEOPT PACKING pc=0x000002889834a580 sp=0x000000b30fff6020
Event: 24.395 Thread 0x00000288a9a63000 DEOPT UNPACKING pc=0x000002889036a1af sp=0x000000b30fff5f68 mode 2
Event: 24.395 Thread 0x00000288a9a63000 Uncommon trap: trap_request=0xffffffde fr.pc=0x000002889834a580 relative=0x00000000000002c0
Event: 24.395 Thread 0x00000288a9a63000 Uncommon trap: reason=class_check action=maybe_recompile pc=0x000002889834a580 method=com.sun.beans.TypeResolver.erase(Ljava/lang/reflect/Type;)Ljava/lang/Class; @ 13 c2
Event: 24.395 Thread 0x00000288a9a63000 DEOPT PACKING pc=0x000002889834a580 sp=0x000000b30fff6020
Event: 24.395 Thread 0x00000288a9a63000 DEOPT UNPACKING pc=0x000002889036a1af sp=0x000000b30fff5f68 mode 2
Event: 24.395 Thread 0x00000288a9a63000 Uncommon trap: trap_request=0xffffffde fr.pc=0x000002889834a580 relative=0x00000000000002c0
Event: 24.395 Thread 0x00000288a9a63000 Uncommon trap: reason=class_check action=maybe_recompile pc=0x000002889834a580 method=com.sun.beans.TypeResolver.erase(Ljava/lang/reflect/Type;)Ljava/lang/Class; @ 13 c2
Event: 24.395 Thread 0x00000288a9a63000 DEOPT PACKING pc=0x000002889834a580 sp=0x000000b30fff6020
Event: 24.395 Thread 0x00000288a9a63000 DEOPT UNPACKING pc=0x000002889036a1af sp=0x000000b30fff5f68 mode 2
Event: 24.583 Thread 0x00000288a9a63000 DEOPT PACKING pc=0x0000028891bd20ec sp=0x000000b30fff8900
Event: 24.583 Thread 0x00000288a9a63000 DEOPT UNPACKING pc=0x000002889036a95e sp=0x000000b30fff7e18 mode 0
Event: 24.605 Thread 0x00000288a9a63000 DEOPT PACKING pc=0x0000028891690025 sp=0x000000b30fff8f10
Event: 24.605 Thread 0x00000288a9a63000 DEOPT UNPACKING pc=0x000002889036a95e sp=0x000000b30fff84b0 mode 0
Event: 24.670 Thread 0x00000288a9a63000 Uncommon trap: trap_request=0xffffff4d fr.pc=0x000002889824789c relative=0x000000000000007c
Event: 24.670 Thread 0x00000288a9a63000 Uncommon trap: reason=unstable_if action=reinterpret pc=0x000002889824789c method=java.util.HashMap$HashMapSpliterator.getFence()I @ 37 c2
Event: 24.670 Thread 0x00000288a9a63000 DEOPT PACKING pc=0x000002889824789c sp=0x000000b30fffb780
Event: 24.670 Thread 0x00000288a9a63000 DEOPT UNPACKING pc=0x000002889036a1af sp=0x000000b30fffb6f8 mode 2
Event: 25.383 Thread 0x00000288a9a63000 DEOPT PACKING pc=0x0000028890d6ff66 sp=0x000000b30fff6980
Event: 25.383 Thread 0x00000288a9a63000 DEOPT UNPACKING pc=0x000002889036a95e sp=0x000000b30fff5df8 mode 0

Classes redefined (0 events):
No events

Internal exceptions (20 events):
Event: 25.113 Thread 0x00000288a9a63000 Exception <a 'java/lang/ClassNotFoundException'{0x0000000089459020}: com/android/build/gradle/internal/tasks/AppMetadataTaskBeanInfo> (0x0000000089459020) thrown at [src/hotspot/share/classfile/systemDictionary.cpp, line 230]
Event: 25.113 Thread 0x00000288a9a63000 Exception <a 'java/lang/ClassNotFoundException'{0x0000000089473580}: com/android/build/gradle/internal/tasks/AppMetadataTaskCustomizer> (0x0000000089473580) thrown at [src/hotspot/share/classfile/systemDictionary.cpp, line 230]
Event: 25.114 Thread 0x00000288a9a63000 Exception <a 'java/lang/ClassNotFoundException'{0x00000000894a6640}: com/android/build/gradle/internal/tasks/AppMetadataTask_DecoratedCustomizer> (0x00000000894a6640) thrown at [src/hotspot/share/classfile/systemDictionary.cpp, line 230]
Event: 25.120 Thread 0x00000288a9a63000 Exception <a 'java/lang/ClassNotFoundException'{0x00000000893450a8}: com/android/build/gradle/internal/tasks/SigningConfigVersionsWriterTask_DecoratedBeanInfo> (0x00000000893450a8) thrown at [src/hotspot/share/classfile/systemDictionary.cpp, line 230]
Event: 25.121 Thread 0x00000288a9a63000 Exception <a 'java/lang/ClassNotFoundException'{0x0000000089361d80}: com/android/build/gradle/internal/tasks/SigningConfigVersionsWriterTaskBeanInfo> (0x0000000089361d80) thrown at [src/hotspot/share/classfile/systemDictionary.cpp, line 230]
Event: 25.122 Thread 0x00000288a9a63000 Exception <a 'java/lang/ClassNotFoundException'{0x000000008937eaa0}: com/android/build/gradle/internal/tasks/SigningConfigVersionsWriterTaskCustomizer> (0x000000008937eaa0) thrown at [src/hotspot/share/classfile/systemDictionary.cpp, line 230]
Event: 25.125 Thread 0x00000288a9a63000 Exception <a 'java/lang/ClassNotFoundException'{0x00000000893b98c0}: com/android/build/gradle/internal/tasks/SigningConfigVersionsWriterTask_DecoratedCustomizer> (0x00000000893b98c0) thrown at [src/hotspot/share/classfile/systemDictionary.cpp, line 230]
Event: 25.131 Thread 0x00000288a9a63000 Exception <a 'java/lang/ClassNotFoundException'{0x00000000892957e0}: com/android/build/gradle/tasks/PackageApplication_DecoratedBeanInfo> (0x00000000892957e0) thrown at [src/hotspot/share/classfile/systemDictionary.cpp, line 230]
Event: 25.132 Thread 0x00000288a9a63000 Exception <a 'java/lang/ClassNotFoundException'{0x00000000892ae898}: com/android/build/gradle/tasks/PackageApplicationBeanInfo> (0x00000000892ae898) thrown at [src/hotspot/share/classfile/systemDictionary.cpp, line 230]
Event: 25.132 Thread 0x00000288a9a63000 Exception <a 'java/lang/ClassNotFoundException'{0x00000000892c8a28}: com/android/build/gradle/tasks/PackageAndroidArtifactBeanInfo> (0x00000000892c8a28) thrown at [src/hotspot/share/classfile/systemDictionary.cpp, line 230]
Event: 25.133 Thread 0x00000288a9a63000 Exception <a 'java/lang/ClassNotFoundException'{0x00000000892e2df8}: com/android/build/gradle/tasks/PackageAndroidArtifactCustomizer> (0x00000000892e2df8) thrown at [src/hotspot/share/classfile/systemDictionary.cpp, line 230]
Event: 25.137 Thread 0x00000288a9a63000 Exception <a 'java/lang/ClassNotFoundException'{0x000000008914a830}: com/android/build/gradle/tasks/PackageApplicationCustomizer> (0x000000008914a830) thrown at [src/hotspot/share/classfile/systemDictionary.cpp, line 230]
Event: 25.138 Thread 0x00000288a9a63000 Exception <a 'java/lang/ClassNotFoundException'{0x0000000089182e68}: com/android/build/gradle/tasks/PackageApplication_DecoratedCustomizer> (0x0000000089182e68) thrown at [src/hotspot/share/classfile/systemDictionary.cpp, line 230]
Event: 25.145 Thread 0x00000288a9a63000 Exception <a 'java/lang/ClassNotFoundException'{0x00000000890674c8}: com/android/build/gradle/internal/tasks/ListingFileRedirectTask_DecoratedBeanInfo> (0x00000000890674c8) thrown at [src/hotspot/share/classfile/systemDictionary.cpp, line 230]
Event: 25.146 Thread 0x00000288a9a63000 Exception <a 'java/lang/ClassNotFoundException'{0x0000000089083000}: com/android/build/gradle/internal/tasks/ListingFileRedirectTaskBeanInfo> (0x0000000089083000) thrown at [src/hotspot/share/classfile/systemDictionary.cpp, line 230]
Event: 25.147 Thread 0x00000288a9a63000 Exception <a 'java/lang/ClassNotFoundException'{0x000000008909e940}: com/android/build/gradle/internal/tasks/ListingFileRedirectTaskCustomizer> (0x000000008909e940) thrown at [src/hotspot/share/classfile/systemDictionary.cpp, line 230]
Event: 25.148 Thread 0x00000288a9a63000 Exception <a 'java/lang/ClassNotFoundException'{0x00000000890cde08}: com/android/build/gradle/internal/tasks/ListingFileRedirectTask_DecoratedCustomizer> (0x00000000890cde08) thrown at [src/hotspot/share/classfile/systemDictionary.cpp, line 230]
Event: 25.383 Thread 0x00000288a9a63000 Exception <a 'java/lang/NoSuchMethodError'{0x0000000087c11008}: <clinit>> (0x0000000087c11008) thrown at [src/hotspot/share/prims/jni.cpp, line 1367]
Event: 25.471 Thread 0x00000288a9a63000 Exception <a 'java/lang/NoSuchMethodError'{0x0000000087c77fe0}: <clinit>> (0x0000000087c77fe0) thrown at [src/hotspot/share/prims/jni.cpp, line 1367]
Event: 25.495 Thread 0x00000288a9a63000 Exception <a 'java/lang/NoSuchMethodError'{0x0000000087cad8c8}: 'void java.lang.invoke.DirectMethodHandle$Holder.invokeSpecial(java.lang.Object, java.lang.Object, java.lang.Object, int)'> (0x0000000087cad8c8) thrown at [src/hotspot/share/interpreter/linkResolver.cpp, line 773]

Events (20 events):
Event: 25.502 loading class java/io/ObjectInputFilter$Config done
Event: 25.503 loading class java/io/ObjectInputFilter
Event: 25.503 loading class java/io/ObjectInputFilter done
Event: 25.503 loading class jdk/internal/misc/JavaObjectInputFilterAccess
Event: 25.503 loading class jdk/internal/misc/JavaObjectInputFilterAccess done
Event: 25.504 loading class java/io/ObjectInputStream$FieldValues
Event: 25.504 loading class java/io/ObjectInputStream$FieldValues done
Event: 25.505 loading class java/io/ObjectInputStream$GetFieldImpl
Event: 25.506 loading class java/io/ObjectInputStream$GetField
Event: 25.506 loading class java/io/ObjectInputStream$GetField done
Event: 25.506 loading class java/io/ObjectInputStream$GetFieldImpl done
Event: 25.506 loading class java/util/HashMap$UnsafeHolder
Event: 25.506 loading class java/util/HashMap$UnsafeHolder done
Event: 25.531 loading class com/android/build/gradle/internal/profile/TaskProfilingRecord
Event: 25.531 loading class com/android/build/gradle/internal/profile/TaskProfilingRecord done
Event: 25.533 loading class com/google/wireless/android/sdk/stats/AndroidStudioEvent$Builder
Event: 25.533 loading class com/google/wireless/android/sdk/stats/AndroidStudioEvent$Builder done
Event: 25.584 loading class com/google/wireless/android/sdk/stats/AndroidStudioEventOrBuilder
Event: 25.584 loading class com/google/wireless/android/sdk/stats/AndroidStudioEventOrBuilder done
Event: 25.588 Executing VM operation: G1CollectForAllocation


Dynamic libraries:
0x00007ff605dd0000 - 0x00007ff605dda000 	C:\Program Files\Android\Android Studio\jbr\bin\java.exe
0x00007ffe327f0000 - 0x00007ffe329e8000 	C:\WINDOWS\SYSTEM32\ntdll.dll
0x00007ffe31d30000 - 0x00007ffe31def000 	C:\WINDOWS\System32\KERNEL32.DLL
0x00007ffe30000000 - 0x00007ffe302da000 	C:\WINDOWS\System32\KERNELBASE.dll
0x00007ffe2ff00000 - 0x00007ffe30000000 	C:\WINDOWS\System32\ucrtbase.dll
0x00007ffe2baa0000 - 0x00007ffe2bab7000 	C:\Program Files\Android\Android Studio\jbr\bin\jli.dll
0x00007ffe28890000 - 0x00007ffe288ab000 	C:\Program Files\Android\Android Studio\jbr\bin\VCRUNTIME140.dll
0x00007ffe32600000 - 0x00007ffe3279d000 	C:\WINDOWS\System32\USER32.dll
0x00007ffe30780000 - 0x00007ffe307a2000 	C:\WINDOWS\System32\win32u.dll
0x00007ffe31400000 - 0x00007ffe3142b000 	C:\WINDOWS\System32\GDI32.dll
0x00007ffe303c0000 - 0x00007ffe304d0000 	C:\WINDOWS\System32\gdi32full.dll
0x00007ffe307b0000 - 0x00007ffe3084d000 	C:\WINDOWS\System32\msvcp_win.dll
0x00007ffe1e340000 - 0x00007ffe1e5da000 	C:\WINDOWS\WinSxS\amd64_microsoft.windows.common-controls_6595b64144ccf1df_6.0.19041.1110_none_60b5254171f9507e\COMCTL32.dll
0x00007ffe32240000 - 0x00007ffe322de000 	C:\WINDOWS\System32\msvcrt.dll
0x00007ffe30850000 - 0x00007ffe30880000 	C:\WINDOWS\System32\IMM32.DLL
0x00007ffe2cc20000 - 0x00007ffe2cc2c000 	C:\Program Files\Android\Android Studio\jbr\bin\vcruntime140_1.dll
0x00007ffe22740000 - 0x00007ffe227cd000 	C:\Program Files\Android\Android Studio\jbr\bin\msvcp140.dll
0x00007ffdfbb00000 - 0x00007ffdfc6bc000 	C:\Program Files\Android\Android Studio\jbr\bin\server\jvm.dll
0x00007ffe31c80000 - 0x00007ffe31d2e000 	C:\WINDOWS\System32\ADVAPI32.dll
0x00007ffe310f0000 - 0x00007ffe3118c000 	C:\WINDOWS\System32\sechost.dll
0x00007ffe324d0000 - 0x00007ffe325f6000 	C:\WINDOWS\System32\RPCRT4.dll
0x00007ffe30880000 - 0x00007ffe30888000 	C:\WINDOWS\System32\PSAPI.DLL
0x00007ffe2cfe0000 - 0x00007ffe2cfe9000 	C:\WINDOWS\SYSTEM32\WSOCK32.dll
0x00007ffe321d0000 - 0x00007ffe3223b000 	C:\WINDOWS\System32\WS2_32.dll
0x00007ffe1d6c0000 - 0x00007ffe1d6e7000 	C:\WINDOWS\SYSTEM32\WINMM.dll
0x00007ffe209f0000 - 0x00007ffe209fa000 	C:\WINDOWS\SYSTEM32\VERSION.dll
0x00007ffe2e710000 - 0x00007ffe2e722000 	C:\WINDOWS\SYSTEM32\kernel.appcore.dll
0x00007ffe2cfd0000 - 0x00007ffe2cfe0000 	C:\Program Files\Android\Android Studio\jbr\bin\verify.dll
0x00007ffe1bf90000 - 0x00007ffe1c174000 	C:\WINDOWS\SYSTEM32\DBGHELP.DLL
0x00007ffe1bf50000 - 0x00007ffe1bf84000 	C:\WINDOWS\SYSTEM32\dbgcore.DLL
0x00007ffe302e0000 - 0x00007ffe30362000 	C:\WINDOWS\System32\bcryptPrimitives.dll
0x00007ffe2cfa0000 - 0x00007ffe2cfc8000 	C:\Program Files\Android\Android Studio\jbr\bin\java.dll
0x00007ffe2cf90000 - 0x00007ffe2cf9a000 	C:\Program Files\Android\Android Studio\jbr\bin\jimage.dll
0x00007ffe2cf80000 - 0x00007ffe2cf8e000 	C:\Program Files\Android\Android Studio\jbr\bin\instrument.dll
0x00007ffe2ba80000 - 0x00007ffe2ba98000 	C:\Program Files\Android\Android Studio\jbr\bin\zip.dll
0x00007ffe314a0000 - 0x00007ffe31be4000 	C:\WINDOWS\System32\SHELL32.dll
0x00007ffe2deb0000 - 0x00007ffe2e643000 	C:\WINDOWS\SYSTEM32\windows.storage.dll
0x00007ffe31df0000 - 0x00007ffe32144000 	C:\WINDOWS\System32\combase.dll
0x00007ffe2f7a0000 - 0x00007ffe2f7ce000 	C:\WINDOWS\SYSTEM32\Wldp.dll
0x00007ffe308f0000 - 0x00007ffe3099d000 	C:\WINDOWS\System32\SHCORE.dll
0x00007ffe31190000 - 0x00007ffe311e5000 	C:\WINDOWS\System32\shlwapi.dll
0x00007ffe2fe40000 - 0x00007ffe2fe5f000 	C:\WINDOWS\SYSTEM32\profapi.dll
0x00007ffe2cf70000 - 0x00007ffe2cf7a000 	C:\Program Files\Android\Android Studio\jbr\bin\management.dll
0x00007ffe2cc90000 - 0x00007ffe2cc9b000 	C:\Program Files\Android\Android Studio\jbr\bin\management_ext.dll
0x00007ffe2ba60000 - 0x00007ffe2ba79000 	C:\Program Files\Android\Android Studio\jbr\bin\net.dll
0x00007ffe221f0000 - 0x00007ffe222fa000 	C:\WINDOWS\SYSTEM32\WINHTTP.dll
0x00007ffe2f580000 - 0x00007ffe2f5ea000 	C:\WINDOWS\system32\mswsock.dll
0x00007ffe2ba40000 - 0x00007ffe2ba53000 	C:\Program Files\Android\Android Studio\jbr\bin\nio.dll
0x00007ffe1f250000 - 0x00007ffe1f267000 	C:\WINDOWS\system32\napinsp.dll
0x00007ffe24c70000 - 0x00007ffe24c8b000 	C:\WINDOWS\system32\pnrpnsp.dll
0x00007ffe29f30000 - 0x00007ffe29f45000 	C:\WINDOWS\system32\wshbth.dll
0x00007ffe2b1e0000 - 0x00007ffe2b1fd000 	C:\WINDOWS\system32\NLAapi.dll
0x00007ffe2f290000 - 0x00007ffe2f2cc000 	C:\WINDOWS\SYSTEM32\IPHLPAPI.DLL
0x00007ffe2f2d0000 - 0x00007ffe2f39b000 	C:\WINDOWS\SYSTEM32\DNSAPI.dll
0x00007ffe327a0000 - 0x00007ffe327a8000 	C:\WINDOWS\System32\NSI.dll
0x00007ffe28a30000 - 0x00007ffe28a42000 	C:\WINDOWS\System32\winrnr.dll
0x00007ffe20e00000 - 0x00007ffe20e0a000 	C:\Windows\System32\rasadhlp.dll
0x00007ffe21fb0000 - 0x00007ffe22030000 	C:\WINDOWS\System32\fwpuclnt.dll
0x00007ffe30750000 - 0x00007ffe30777000 	C:\WINDOWS\System32\bcrypt.dll
0x00007ffe2afb0000 - 0x00007ffe2afd7000 	C:\Users\shahzaib lptp\AndroidStudioProjects\loginsqlite\native\e1d6ef7f7dcc3fd88c89a11ec53ec762bb8ba0a96d01ffa2cd45eb1d1d8dd5c5\windows-amd64\native-platform.dll
0x00007ffe06460000 - 0x00007ffe065a4000 	C:\Users\shahzaib lptp\AndroidStudioProjects\loginsqlite\native\0d407fdbe67a94daf76414ababcb853783967236a71b16ec16e742cd7a986fd3\windows-amd64\native-platform-file-events.dll
0x00007ffe2fb20000 - 0x00007ffe2fb38000 	C:\WINDOWS\SYSTEM32\CRYPTSP.dll
0x00007ffe2eec0000 - 0x00007ffe2eef4000 	C:\WINDOWS\system32\rsaenh.dll
0x00007ffe2fe00000 - 0x00007ffe2fe2e000 	C:\WINDOWS\SYSTEM32\USERENV.dll
0x00007ffe2f710000 - 0x00007ffe2f71c000 	C:\WINDOWS\SYSTEM32\CRYPTBASE.dll
0x00007ffe23110000 - 0x00007ffe23127000 	C:\WINDOWS\SYSTEM32\dhcpcsvc6.DLL
0x00007ffe230f0000 - 0x00007ffe2310d000 	C:\WINDOWS\SYSTEM32\dhcpcsvc.DLL

dbghelp: loaded successfully - version: 4.0.5 - missing functions: none
symbol engine: initialized successfully - sym options: 0x614 - pdb path: .;C:\Program Files\Android\Android Studio\jbr\bin;C:\WINDOWS\SYSTEM32;C:\WINDOWS\WinSxS\amd64_microsoft.windows.common-controls_6595b64144ccf1df_6.0.19041.1110_none_60b5254171f9507e;C:\Program Files\Android\Android Studio\jbr\bin\server;C:\Users\shahzaib lptp\AndroidStudioProjects\loginsqlite\native\e1d6ef7f7dcc3fd88c89a11ec53ec762bb8ba0a96d01ffa2cd45eb1d1d8dd5c5\windows-amd64;C:\Users\shahzaib lptp\AndroidStudioProjects\loginsqlite\native\0d407fdbe67a94daf76414ababcb853783967236a71b16ec16e742cd7a986fd3\windows-amd64

VM Arguments:
jvm_args: -javaagent:C:\Program Files\Android\Android Studio\plugins\android\resources\trace_agent.jar=C:\Users\SHAHZA~1\AppData\Local\Temp\sync.trace.profile --add-opens=java.base/java.util=ALL-UNNAMED --add-opens=java.base/java.lang=ALL-UNNAMED --add-opens=java.base/java.lang.invoke=ALL-UNNAMED --add-opens=java.base/java.util=ALL-UNNAMED --add-opens=java.prefs/java.util.prefs=ALL-UNNAMED --add-opens=java.prefs/java.util.prefs=ALL-UNNAMED --add-opens=java.base/java.nio.charset=ALL-UNNAMED --add-opens=java.base/java.net=ALL-UNNAMED --add-opens=java.base/java.util.concurrent.atomic=ALL-UNNAMED -Xmx2048m -Dfile.encoding=UTF-8 -Duser.country=US -Duser.language=en -Duser.variant 
java_command: org.gradle.launcher.daemon.bootstrap.GradleDaemon 7.5
java_class_path (initial): C:\Users\shahzaib lptp\AndroidStudioProjects\loginsqlite\wrapper\dists\gradle-7.5-bin\f1w0cc9nuo0eivz97x2xlu9sv\gradle-7.5\lib\gradle-launcher-7.5.jar
Launcher Type: SUN_STANDARD

[Global flags]
     intx CICompilerCount                          = 3                                         {product} {ergonomic}
     uint ConcGCThreads                            = 1                                         {product} {ergonomic}
     uint G1ConcRefinementThreads                  = 4                                         {product} {ergonomic}
   size_t G1HeapRegionSize                         = 1048576                                   {product} {ergonomic}
    uintx GCDrainStackTargetSize                   = 64                                        {product} {ergonomic}
   size_t InitialHeapSize                          = 134217728                                 {product} {ergonomic}
   size_t MarkStackSize                            = 4194304                                   {product} {ergonomic}
   size_t MaxHeapSize                              = 2147483648                                {product} {command line}
   size_t MaxNewSize                               = 1287651328                                {product} {ergonomic}
   size_t MinHeapDeltaBytes                        = 1048576                                   {product} {ergonomic}
    uintx NonNMethodCodeHeapSize                   = 5830732                                {pd product} {ergonomic}
    uintx NonProfiledCodeHeapSize                  = 122913754                              {pd product} {ergonomic}
    uintx ProfiledCodeHeapSize                     = 122913754                              {pd product} {ergonomic}
    uintx ReservedCodeCacheSize                    = 251658240                              {pd product} {ergonomic}
     bool SegmentedCodeCache                       = true                                      {product} {ergonomic}
     bool UseCompressedClassPointers               = true                                 {lp64_product} {ergonomic}
     bool UseCompressedOops                        = true                                 {lp64_product} {ergonomic}
     bool UseG1GC                                  = true                                      {product} {ergonomic}
     bool UseLargePagesIndividualAllocation        = false                                  {pd product} {ergonomic}

Logging:
Log output configuration:
 #0: stdout all=warning uptime,level,tags
 #1: stderr all=off uptime,level,tags

Environment Variables:
PATH=C:\Program Files\Python310\Scripts\;C:\Program Files\Python310\;C:\Program Files\Common Files\Oracle\Java\javapath;C:\app\bin;C:\app\shahzaiblptp\product\11.2.0\dbhome_1\bin;C:\WINDOWS\system32;C:\WINDOWS;C:\WINDOWS\System32\Wbem;C:\WINDOWS\System32\WindowsPowerShell\v1.0\;c:\Program Files (x86)\Microsoft SQL Server\100\Tools\Binn\;c:\Program Files\Microsoft SQL Server\100\Tools\Binn\;c:\Program Files\Microsoft SQL Server\100\DTS\Binn\;C:\WINDOWS\System32\OpenSSH\;C:\ProgramData\chocolatey\bin;%JAVA_HOME%\bin;C:\Users\shahzaib lptp\AppData\Local\Microsoft\WindowsApps;C:\Program Files\JetBrains\IntelliJ IDEA Community Edition 2021.3\bin;;C:\Program Files\Python310\PyCharm Community Edition 2022.1\bin;;C:\Users\shahzaib lptp\AppData\Local\Programs\Microsoft VS Code\bin;C:\Program Files\flutter\bin;C:\src\flutter\bin;C:\Program Files\Android\Android Studio\bin;
USERNAME=shahzaib lptp
OS=Windows_NT
PROCESSOR_IDENTIFIER=Intel64 Family 6 Model 69 Stepping 1, GenuineIntel



---------------  S Y S T E M  ---------------

OS: Windows 10 , 64 bit Build 19041 (10.0.19041.2788)
OS uptime: 8 days 18:18 hours
Hyper-V role detected

CPU:total 4 (initial active 4) (2 cores per cpu, 2 threads per core) family 6 model 69 stepping 1 microcode 0x26, cmov, cx8, fxsr, mmx, sse, sse2, sse3, ssse3, sse4.1, sse4.2, popcnt, avx, avx2, aes, clmul, erms, lzcnt, ht, tsc, tscinvbit, bmi1, bmi2, fma

Memory: 4k page, system-wide physical 8073M (1495M free)
TotalPageFile size 10073M (AvailPageFile size 22M)
current process WorkingSet (physical memory assigned to process): 474M, peak: 484M
current process commit charge ("private bytes"): 500M, peak: 545M

vm_info: OpenJDK 64-Bit Server VM (11.0.15+0-b2043.56-9505619) for windows-amd64 JRE (11.0.15+0-b2043.56-9505619), built on Jan 19 2023 02:48:00 by "builduser" with unknown MS VC++:1929

END.
