#
# There is insufficient memory for the Java Runtime Environment to continue.
# Native memory allocation (malloc) failed to allocate 1839696 bytes for Chunk::new
# Possible reasons:
#   The system is out of physical RAM or swap space
#   The process is running with CompressedOops enabled, and the Java Heap may be blocking the growth of the native heap
# Possible solutions:
#   Reduce memory load on the system
#   Increase physical memory or swap space
#   Check if swap backing store is full
#   Decrease Java heap size (-Xmx/-Xms)
#   Decrease number of Java threads
#   Decrease Java thread stack sizes (-Xss)
#   Set larger code cache with -XX:ReservedCodeCacheSize=
#   JVM is running with Unscaled Compressed Oops mode in which the Java heap is
#     placed in the first 4GB address space. The Java Heap base address is the
#     maximum limit for the native heap growth. Please use -XX:HeapBaseMinAddress
#     to set the Java Heap base and to place the Java Heap above 4GB virtual address.
# This output file may be truncated or incomplete.
#
#  Out of Memory Error (src/hotspot/share/memory/arena.cpp:197), pid=12732, tid=14520
#
# JRE version: OpenJDK Runtime Environment (11.0.15) (build 11.0.15+0-b2043.56-9505619)
# Java VM: OpenJDK 64-Bit Server VM (11.0.15+0-b2043.56-9505619, mixed mode, tiered, compressed oops, g1 gc, windows-amd64)
# No core dump will be written. Minidumps are not enabled by default on client versions of Windows
#

---------------  S U M M A R Y ------------

Command Line: -javaagent:C:\Program Files\Android\Android Studio\plugins\android\resources\trace_agent.jar=C:\Users\SHAHZA~1\AppData\Local\Temp\sync.trace.profile --add-opens=java.base/java.util=ALL-UNNAMED --add-opens=java.base/java.lang=ALL-UNNAMED --add-opens=java.base/java.lang.invoke=ALL-UNNAMED --add-opens=java.base/java.util=ALL-UNNAMED --add-opens=java.prefs/java.util.prefs=ALL-UNNAMED --add-opens=java.prefs/java.util.prefs=ALL-UNNAMED --add-opens=java.base/java.nio.charset=ALL-UNNAMED --add-opens=java.base/java.net=ALL-UNNAMED --add-opens=java.base/java.util.concurrent.atomic=ALL-UNNAMED -Xmx2048m -Dfile.encoding=UTF-8 -Duser.country=US -Duser.language=en -Duser.variant org.gradle.launcher.daemon.bootstrap.GradleDaemon 7.5

Host: Intel(R) Core(TM) i5-4310U CPU @ 2.00GHz, 4 cores, 7G,  Windows 10 , 64 bit Build 19041 (10.0.19041.2788)
Time: Mon May  8 15:57:27 2023 Pakistan Standard Time elapsed time: 31.362216 seconds (0d 0h 0m 31s)

---------------  T H R E A D  ---------------

Current thread (0x0000017282bb8000):  JavaThread "C2 CompilerThread1" daemon [_thread_in_native, id=14520, stack(0x0000001d14300000,0x0000001d14400000)]


Current CompileTask:
C2:  31362 8889 %     4       org.gradle.internal.instantiation.generator.AbstractClassGenerator::inspectType @ 77 (560 bytes)

Stack: [0x0000001d14300000,0x0000001d14400000]
Native frames: (J=compiled Java code, j=interpreted, Vv=VM code, C=native code)
V  [jvm.dll+0x64135a]
V  [jvm.dll+0x7d39f9]
V  [jvm.dll+0x7d51b9]
V  [jvm.dll+0x7d58a3]
V  [jvm.dll+0x2691c5]
V  [jvm.dll+0xc1a5c]
V  [jvm.dll+0xc200c]
V  [jvm.dll+0x377462]
V  [jvm.dll+0x342495]
V  [jvm.dll+0x34186a]
V  [jvm.dll+0x2214bd]
V  [jvm.dll+0x220498]
V  [jvm.dll+0x19e851]
V  [jvm.dll+0x230479]
V  [jvm.dll+0x22e5ef]
V  [jvm.dll+0x794de1]
V  [jvm.dll+0x78dc24]
V  [jvm.dll+0x6400f6]
C  [ucrtbase.dll+0x21bb2]
C  [KERNEL32.DLL+0x17604]
C  [ntdll.dll+0x526a1]


---------------  P R O C E S S  ---------------

Threads class SMR info:
_java_thread_list=0x0000017284f71cc0, length=80, elements={
0x00000172e7d65800, 0x00000172ff978800, 0x00000172ff97a800, 0x00000172ff993000,
0x00000172ff994000, 0x00000172ff999000, 0x00000172ff99c000, 0x00000172ff99f000,
0x00000172ff9a0800, 0x00000172e7e39000, 0x0000017283dd1800, 0x0000017286d15000,
0x00000172867a6800, 0x0000017287227000, 0x000001728475c800, 0x00000172848b8800,
0x00000172866c7000, 0x0000017286b4c800, 0x0000017286ae6000, 0x00000172872f1000,
0x0000017284a68800, 0x0000017284a63800, 0x0000017284a64800, 0x0000017284a67000,
0x0000017284a62800, 0x0000017284a65000, 0x0000017284a67800, 0x0000017284a66000,
0x00000172836ff800, 0x0000017283701000, 0x0000017283700800, 0x0000017283702000,
0x0000017283702800, 0x0000017283704800, 0x0000017283706000, 0x000001728370b000,
0x0000017283708800, 0x0000017283705000, 0x0000017283709800, 0x000001728370b800,
0x000001728370c800, 0x0000017283707800, 0x0000017283689800, 0x0000017283684000,
0x0000017283686800, 0x0000017283689000, 0x000001728368a800, 0x0000017283688000,
0x0000017283684800, 0x0000017283685800, 0x000001728368b000, 0x000001728368c000,
0x000001728368d000, 0x0000017283687000, 0x000001728368d800, 0x0000017283690000,
0x000001728368e800, 0x0000017283691000, 0x000001728368f800, 0x0000017283692000,
0x0000017283692800, 0x0000017284c3e800, 0x0000017284c3f800, 0x0000017284c41000,
0x0000017284c3d000, 0x0000017284c40000, 0x0000017284c3b800, 0x0000017284c42000,
0x0000017284c3c000, 0x0000017284c42800, 0x0000017284c43800, 0x0000017284c3d800,
0x0000017284c45000, 0x0000017284c4a000, 0x0000017284c44800, 0x0000017284c46000,
0x0000017284c46800, 0x0000017282bb8000, 0x0000017284c47800, 0x0000017284c48800
}

Java Threads: ( => current thread )
  0x00000172e7d65800 JavaThread "main" [_thread_blocked, id=4452, stack(0x0000001d11800000,0x0000001d11900000)]
  0x00000172ff978800 JavaThread "Reference Handler" daemon [_thread_blocked, id=2932, stack(0x0000001d11f00000,0x0000001d12000000)]
  0x00000172ff97a800 JavaThread "Finalizer" daemon [_thread_blocked, id=10444, stack(0x0000001d12000000,0x0000001d12100000)]
  0x00000172ff993000 JavaThread "Signal Dispatcher" daemon [_thread_blocked, id=2268, stack(0x0000001d12200000,0x0000001d12300000)]
  0x00000172ff994000 JavaThread "Attach Listener" daemon [_thread_blocked, id=13008, stack(0x0000001d12300000,0x0000001d12400000)]
  0x00000172ff999000 JavaThread "Service Thread" daemon [_thread_blocked, id=10148, stack(0x0000001d12400000,0x0000001d12500000)]
  0x00000172ff99c000 JavaThread "C2 CompilerThread0" daemon [_thread_in_native, id=9304, stack(0x0000001d12500000,0x0000001d12600000)]
  0x00000172ff99f000 JavaThread "C1 CompilerThread0" daemon [_thread_blocked, id=13352, stack(0x0000001d12600000,0x0000001d12700000)]
  0x00000172ff9a0800 JavaThread "Sweeper thread" daemon [_thread_blocked, id=13696, stack(0x0000001d12700000,0x0000001d12800000)]
  0x00000172e7e39000 JavaThread "Common-Cleaner" daemon [_thread_blocked, id=16228, stack(0x0000001d12800000,0x0000001d12900000)]
  0x0000017283dd1800 JavaThread "Daemon health stats" [_thread_blocked, id=5040, stack(0x0000001d12d00000,0x0000001d12e00000)]
  0x0000017286d15000 JavaThread "Incoming local TCP Connector on port 53116" [_thread_in_native, id=14840, stack(0x0000001d12e00000,0x0000001d12f00000)]
  0x00000172867a6800 JavaThread "Daemon periodic checks" [_thread_blocked, id=13020, stack(0x0000001d12f00000,0x0000001d13000000)]
  0x0000017287227000 JavaThread "Daemon" [_thread_blocked, id=10784, stack(0x0000001d13000000,0x0000001d13100000)]
  0x000001728475c800 JavaThread "Handler for socket connection from /127.0.0.1:53116 to /127.0.0.1:53117" [_thread_in_native, id=2876, stack(0x0000001d13100000,0x0000001d13200000)]
  0x00000172848b8800 JavaThread "Cancel handler" [_thread_blocked, id=10184, stack(0x0000001d13200000,0x0000001d13300000)]
  0x00000172866c7000 JavaThread "Daemon worker" [_thread_in_vm, id=12164, stack(0x0000001d13300000,0x0000001d13400000)]
  0x0000017286b4c800 JavaThread "Asynchronous log dispatcher for DefaultDaemonConnection: socket connection from /127.0.0.1:53116 to /127.0.0.1:53117" [_thread_blocked, id=14652, stack(0x0000001d13400000,0x0000001d13500000)]
  0x0000017286ae6000 JavaThread "Stdin handler" [_thread_blocked, id=852, stack(0x0000001d13500000,0x0000001d13600000)]
  0x00000172872f1000 JavaThread "Daemon client event forwarder" [_thread_blocked, id=11216, stack(0x0000001d13600000,0x0000001d13700000)]
  0x0000017284a68800 JavaThread "Cache worker for journal cache (C:\Users\shahzaib lptp\AndroidStudioProjects\loginsqlite\caches\journal-1)" [_thread_blocked, id=1268, stack(0x0000001d13800000,0x0000001d13900000)]
  0x0000017284a63800 JavaThread "File lock request listener" [_thread_in_native, id=8228, stack(0x0000001d13900000,0x0000001d13a00000)]
  0x0000017284a64800 JavaThread "Cache worker for file hash cache (C:\Users\shahzaib lptp\AndroidStudioProjects\loginsqlite\caches\7.5\fileHashes)" [_thread_blocked, id=5168, stack(0x0000001d13a00000,0x0000001d13b00000)]
  0x0000017284a67000 JavaThread "File watcher server" daemon [_thread_in_native, id=10872, stack(0x0000001d13b00000,0x0000001d13c00000)]
  0x0000017284a62800 JavaThread "File watcher consumer" daemon [_thread_blocked, id=12736, stack(0x0000001d13c00000,0x0000001d13d00000)]
  0x0000017284a65000 JavaThread "Cache worker for checksums cache (C:\Users\shahzaib lptp\AndroidStudioProjects\EyeonwaterApp\.gradle\7.5\checksums)" [_thread_blocked, id=13560, stack(0x0000001d13d00000,0x0000001d13e00000)]
  0x0000017284a67800 JavaThread "Cache worker for cache directory md-rule (C:\Users\shahzaib lptp\AndroidStudioProjects\loginsqlite\caches\7.5\md-rule)" [_thread_blocked, id=15568, stack(0x0000001d13e00000,0x0000001d13f00000)]
  0x0000017284a66000 JavaThread "Cache worker for file content cache (C:\Users\shahzaib lptp\AndroidStudioProjects\loginsqlite\caches\7.5\fileContent)" [_thread_blocked, id=9508, stack(0x0000001d13f00000,0x0000001d14000000)]
  0x00000172836ff800 JavaThread "Cache worker for file hash cache (C:\Users\shahzaib lptp\AndroidStudioProjects\EyeonwaterApp\.gradle\7.5\fileHashes)" [_thread_blocked, id=1712, stack(0x0000001d14000000,0x0000001d14100000)]
  0x0000017283701000 JavaThread "Cache worker for cache directory md-supplier (C:\Users\shahzaib lptp\AndroidStudioProjects\loginsqlite\caches\7.5\md-supplier)" [_thread_blocked, id=13056, stack(0x0000001d14100000,0x0000001d14200000)]
  0x0000017283700800 JavaThread "Cache worker for execution history cache (C:\Users\shahzaib lptp\AndroidStudioProjects\loginsqlite\caches\7.5\executionHistory)" [_thread_blocked, id=10348, stack(0x0000001d12900000,0x0000001d12a00000)]
  0x0000017283702000 JavaThread "jar transforms" [_thread_blocked, id=10364, stack(0x0000001d14200000,0x0000001d14300000)]
  0x0000017283702800 JavaThread "jar transforms Thread 2" [_thread_blocked, id=5096, stack(0x0000001d14400000,0x0000001d14500000)]
  0x0000017283704800 JavaThread "jar transforms Thread 3" [_thread_blocked, id=15884, stack(0x0000001d14500000,0x0000001d14600000)]
  0x0000017283706000 JavaThread "jar transforms Thread 4" [_thread_blocked, id=1792, stack(0x0000001d14600000,0x0000001d14700000)]
  0x000001728370b000 JavaThread "Cache worker for dependencies-accessors (C:\Users\shahzaib lptp\AndroidStudioProjects\EyeonwaterApp\.gradle\7.5\dependencies-accessors)" [_thread_blocked, id=2700, stack(0x0000001d14700000,0x0000001d14800000)]
  0x0000017283708800 JavaThread "Cache worker for Build Output Cleanup Cache (C:\Users\shahzaib lptp\AndroidStudioProjects\EyeonwaterApp\.gradle\buildOutputCleanup)" [_thread_blocked, id=9584, stack(0x0000001d14800000,0x0000001d14900000)]
  0x0000017283705000 JavaThread "Unconstrained build operations" [_thread_blocked, id=9240, stack(0x0000001d14900000,0x0000001d14a00000)]
  0x0000017283709800 JavaThread "Unconstrained build operations Thread 2" [_thread_blocked, id=2304, stack(0x0000001d14a00000,0x0000001d14b00000)]
  0x000001728370b800 JavaThread "Unconstrained build operations Thread 3" [_thread_blocked, id=5060, stack(0x0000001d14b00000,0x0000001d14c00000)]
  0x000001728370c800 JavaThread "Unconstrained build operations Thread 4" [_thread_blocked, id=12856, stack(0x0000001d14c00000,0x0000001d14d00000)]
  0x0000017283707800 JavaThread "Unconstrained build operations Thread 5" [_thread_blocked, id=11720, stack(0x0000001d14d00000,0x0000001d14e00000)]
  0x0000017283689800 JavaThread "Unconstrained build operations Thread 6" [_thread_blocked, id=4392, stack(0x0000001d14e00000,0x0000001d14f00000)]
  0x0000017283684000 JavaThread "Unconstrained build operations Thread 7" [_thread_blocked, id=11280, stack(0x0000001d14f00000,0x0000001d15000000)]
  0x0000017283686800 JavaThread "Unconstrained build operations Thread 8" [_thread_blocked, id=7688, stack(0x0000001d15000000,0x0000001d15100000)]
  0x0000017283689000 JavaThread "Unconstrained build operations Thread 9" [_thread_blocked, id=15320, stack(0x0000001d15100000,0x0000001d15200000)]
  0x000001728368a800 JavaThread "Unconstrained build operations Thread 10" [_thread_blocked, id=15752, stack(0x0000001d15200000,0x0000001d15300000)]
  0x0000017283688000 JavaThread "Unconstrained build operations Thread 11" [_thread_blocked, id=11116, stack(0x0000001d15300000,0x0000001d15400000)]
  0x0000017283684800 JavaThread "Unconstrained build operations Thread 12" [_thread_blocked, id=6380, stack(0x0000001d15400000,0x0000001d15500000)]
  0x0000017283685800 JavaThread "Unconstrained build operations Thread 13" [_thread_blocked, id=6960, stack(0x0000001d15500000,0x0000001d15600000)]
  0x000001728368b000 JavaThread "Unconstrained build operations Thread 14" [_thread_blocked, id=6792, stack(0x0000001d15600000,0x0000001d15700000)]
  0x000001728368c000 JavaThread "Unconstrained build operations Thread 15" [_thread_blocked, id=12028, stack(0x0000001d15700000,0x0000001d15800000)]
  0x000001728368d000 JavaThread "Unconstrained build operations Thread 16" [_thread_blocked, id=10112, stack(0x0000001d15800000,0x0000001d15900000)]
  0x0000017283687000 JavaThread "Unconstrained build operations Thread 17" [_thread_blocked, id=12020, stack(0x0000001d15900000,0x0000001d15a00000)]
  0x000001728368d800 JavaThread "Unconstrained build operations Thread 18" [_thread_blocked, id=9072, stack(0x0000001d15a00000,0x0000001d15b00000)]
  0x0000017283690000 JavaThread "Unconstrained build operations Thread 19" [_thread_blocked, id=6696, stack(0x0000001d15b00000,0x0000001d15c00000)]
  0x000001728368e800 JavaThread "Unconstrained build operations Thread 20" [_thread_blocked, id=14372, stack(0x0000001d15c00000,0x0000001d15d00000)]
  0x0000017283691000 JavaThread "Unconstrained build operations Thread 21" [_thread_blocked, id=5896, stack(0x0000001d15d00000,0x0000001d15e00000)]
  0x000001728368f800 JavaThread "Unconstrained build operations Thread 22" [_thread_blocked, id=8592, stack(0x0000001d15e00000,0x0000001d15f00000)]
  0x0000017283692000 JavaThread "Unconstrained build operations Thread 23" [_thread_blocked, id=15248, stack(0x0000001d15f00000,0x0000001d16000000)]
  0x0000017283692800 JavaThread "Unconstrained build operations Thread 24" [_thread_blocked, id=2908, stack(0x0000001d16000000,0x0000001d16100000)]
  0x0000017284c3e800 JavaThread "Unconstrained build operations Thread 25" [_thread_blocked, id=13436, stack(0x0000001d16100000,0x0000001d16200000)]
  0x0000017284c3f800 JavaThread "Unconstrained build operations Thread 26" [_thread_blocked, id=14412, stack(0x0000001d16200000,0x0000001d16300000)]
  0x0000017284c41000 JavaThread "Unconstrained build operations Thread 27" [_thread_blocked, id=12184, stack(0x0000001d16300000,0x0000001d16400000)]
  0x0000017284c3d000 JavaThread "Unconstrained build operations Thread 28" [_thread_blocked, id=12828, stack(0x0000001d16400000,0x0000001d16500000)]
  0x0000017284c40000 JavaThread "Unconstrained build operations Thread 29" [_thread_blocked, id=4884, stack(0x0000001d16500000,0x0000001d16600000)]
  0x0000017284c3b800 JavaThread "Unconstrained build operations Thread 30" [_thread_blocked, id=6168, stack(0x0000001d16600000,0x0000001d16700000)]
  0x0000017284c42000 JavaThread "Unconstrained build operations Thread 31" [_thread_blocked, id=12364, stack(0x0000001d16700000,0x0000001d16800000)]
  0x0000017284c3c000 JavaThread "Unconstrained build operations Thread 32" [_thread_blocked, id=14572, stack(0x0000001d16800000,0x0000001d16900000)]
  0x0000017284c42800 JavaThread "Unconstrained build operations Thread 33" [_thread_blocked, id=9956, stack(0x0000001d16900000,0x0000001d16a00000)]
  0x0000017284c43800 JavaThread "Unconstrained build operations Thread 34" [_thread_blocked, id=1200, stack(0x0000001d16a00000,0x0000001d16b00000)]
  0x0000017284c3d800 JavaThread "Unconstrained build operations Thread 35" [_thread_blocked, id=2636, stack(0x0000001d16b00000,0x0000001d16c00000)]
  0x0000017284c45000 JavaThread "Unconstrained build operations Thread 36" [_thread_blocked, id=15424, stack(0x0000001d16c00000,0x0000001d16d00000)]
  0x0000017284c4a000 JavaThread "Unconstrained build operations Thread 37" [_thread_blocked, id=16352, stack(0x0000001d16d00000,0x0000001d16e00000)]
  0x0000017284c44800 JavaThread "Unconstrained build operations Thread 38" [_thread_blocked, id=12468, stack(0x0000001d16e00000,0x0000001d16f00000)]
  0x0000017284c46000 JavaThread "Unconstrained build operations Thread 39" [_thread_blocked, id=10204, stack(0x0000001d16f00000,0x0000001d17000000)]
  0x0000017284c46800 JavaThread "Unconstrained build operations Thread 40" [_thread_blocked, id=1540, stack(0x0000001d17000000,0x0000001d17100000)]
=>0x0000017282bb8000 JavaThread "C2 CompilerThread1" daemon [_thread_in_native, id=14520, stack(0x0000001d14300000,0x0000001d14400000)]
  0x0000017284c47800 JavaThread "build event listener" [_thread_blocked, id=6752, stack(0x0000001d17100000,0x0000001d17200000)]
  0x0000017284c48800 JavaThread "Memory manager" [_thread_blocked, id=13512, stack(0x0000001d17200000,0x0000001d17300000)]

Other Threads:
  0x00000172ff974000 VMThread "VM Thread" [stack: 0x0000001d11e00000,0x0000001d11f00000] [id=13460]
  0x0000017282a49800 WatcherThread [stack: 0x0000001d12a00000,0x0000001d12b00000] [id=1224]
  0x00000172e7d7e800 GCTaskThread "GC Thread#0" [stack: 0x0000001d11900000,0x0000001d11a00000] [id=12760]
  0x0000017282f38800 GCTaskThread "GC Thread#1" [stack: 0x0000001d12b00000,0x0000001d12c00000] [id=11184]
  0x0000017282fa2800 GCTaskThread "GC Thread#2" [stack: 0x0000001d12c00000,0x0000001d12d00000] [id=8032]
  0x0000017287115000 GCTaskThread "GC Thread#3" [stack: 0x0000001d13700000,0x0000001d13800000] [id=4384]
  0x00000172e7dae800 ConcurrentGCThread "G1 Main Marker" [stack: 0x0000001d11a00000,0x0000001d11b00000] [id=6152]
  0x00000172e7db0000 ConcurrentGCThread "G1 Conc#0" [stack: 0x0000001d11b00000,0x0000001d11c00000] [id=13156]
  0x00000172ff7d0800 ConcurrentGCThread "G1 Refine#0" [stack: 0x0000001d11c00000,0x0000001d11d00000] [id=14364]
  0x00000172ff7d1000 ConcurrentGCThread "G1 Young RemSet Sampling" [stack: 0x0000001d11d00000,0x0000001d11e00000] [id=10340]

Threads with active compile tasks:
C2 CompilerThread0    31403 9102       4       groovy.lang.MetaClassImpl::inheritInterfaceNewMetaMethods (195 bytes)
C2 CompilerThread1    31403 8889 %     4       org.gradle.internal.instantiation.generator.AbstractClassGenerator::inspectType @ 77 (560 bytes)

VM state:not at safepoint (normal execution)

VM Mutex/Monitor currently owned by a thread: None

Heap address: 0x0000000080000000, size: 2048 MB, Compressed Oops mode: 32-bit
Narrow klass base: 0x0000000000000000, Narrow klass shift: 3
Compressed class space size: 1073741824 Address: 0x0000000100000000

Heap:
 garbage-first heap   total 273408K, used 103878K [0x0000000080000000, 0x0000000100000000)
  region size 1024K, 48 young (49152K), 11 survivors (11264K)
 Metaspace       used 83020K, capacity 85138K, committed 85324K, reserved 1122304K
  class space    used 10797K, capacity 11584K, committed 11596K, reserved 1048576K
Heap Regions: E=young(eden), S=young(survivor), O=old, HS=humongous(starts), HC=humongous(continues), CS=collection set, F=free, A=archive, TAMS=top-at-mark-start (previous, next)
|   0|0x0000000080000000, 0x0000000080100000, 0x0000000080100000|100%| O|  |TAMS 0x0000000080100000, 0x0000000080000000| Untracked 
|   1|0x0000000080100000, 0x0000000080200000, 0x0000000080200000|100%| O|  |TAMS 0x0000000080200000, 0x0000000080100000| Untracked 
|   2|0x0000000080200000, 0x0000000080300000, 0x0000000080300000|100%| O|  |TAMS 0x0000000080300000, 0x0000000080200000| Untracked 
|   3|0x0000000080300000, 0x0000000080400000, 0x0000000080400000|100%|HS|  |TAMS 0x0000000080400000, 0x0000000080300000| Complete 
|   4|0x0000000080400000, 0x0000000080500000, 0x0000000080500000|100%|HC|  |TAMS 0x0000000080500000, 0x0000000080400000| Complete 
|   5|0x0000000080500000, 0x0000000080600000, 0x0000000080600000|100%|HC|  |TAMS 0x0000000080600000, 0x0000000080500000| Complete 
|   6|0x0000000080600000, 0x0000000080700000, 0x0000000080700000|100%| O|  |TAMS 0x0000000080700000, 0x0000000080600000| Untracked 
|   7|0x0000000080700000, 0x0000000080800000, 0x0000000080800000|100%| O|  |TAMS 0x0000000080800000, 0x0000000080700000| Untracked 
|   8|0x0000000080800000, 0x0000000080900000, 0x0000000080900000|100%| O|  |TAMS 0x0000000080900000, 0x0000000080800000| Untracked 
|   9|0x0000000080900000, 0x0000000080a00000, 0x0000000080a00000|100%| O|  |TAMS 0x0000000080a00000, 0x0000000080900000| Untracked 
|  10|0x0000000080a00000, 0x0000000080b00000, 0x0000000080b00000|100%| O|  |TAMS 0x0000000080b00000, 0x0000000080a00000| Untracked 
|  11|0x0000000080b00000, 0x0000000080c00000, 0x0000000080c00000|100%| O|  |TAMS 0x0000000080c00000, 0x0000000080b00000| Untracked 
|  12|0x0000000080c00000, 0x0000000080d00000, 0x0000000080d00000|100%| O|  |TAMS 0x0000000080d00000, 0x0000000080c00000| Untracked 
|  13|0x0000000080d00000, 0x0000000080e00000, 0x0000000080e00000|100%| O|  |TAMS 0x0000000080e00000, 0x0000000080d00000| Untracked 
|  14|0x0000000080e00000, 0x0000000080f00000, 0x0000000080f00000|100%| O|  |TAMS 0x0000000080f00000, 0x0000000080e00000| Untracked 
|  15|0x0000000080f00000, 0x0000000081000000, 0x0000000081000000|100%| O|  |TAMS 0x0000000081000000, 0x0000000080f00000| Untracked 
|  16|0x0000000081000000, 0x0000000081100000, 0x0000000081100000|100%| O|  |TAMS 0x0000000081100000, 0x0000000081000000| Untracked 
|  17|0x0000000081100000, 0x0000000081200000, 0x0000000081200000|100%| O|  |TAMS 0x0000000081200000, 0x0000000081100000| Untracked 
|  18|0x0000000081200000, 0x0000000081300000, 0x0000000081300000|100%| O|  |TAMS 0x0000000081300000, 0x0000000081200000| Untracked 
|  19|0x0000000081300000, 0x0000000081400000, 0x0000000081400000|100%| O|  |TAMS 0x0000000081400000, 0x0000000081300000| Untracked 
|  20|0x0000000081400000, 0x0000000081500000, 0x0000000081500000|100%| O|  |TAMS 0x0000000081500000, 0x0000000081400000| Untracked 
|  21|0x0000000081500000, 0x0000000081600000, 0x0000000081600000|100%| O|  |TAMS 0x0000000081600000, 0x0000000081500000| Untracked 
|  22|0x0000000081600000, 0x0000000081700000, 0x0000000081700000|100%| O|  |TAMS 0x0000000081700000, 0x0000000081600000| Untracked 
|  23|0x0000000081700000, 0x0000000081800000, 0x0000000081800000|100%| O|  |TAMS 0x0000000081800000, 0x0000000081700000| Untracked 
|  24|0x0000000081800000, 0x0000000081900000, 0x0000000081900000|100%| O|  |TAMS 0x0000000081900000, 0x0000000081800000| Untracked 
|  25|0x0000000081900000, 0x0000000081a00000, 0x0000000081a00000|100%| O|  |TAMS 0x0000000081a00000, 0x0000000081900000| Untracked 
|  26|0x0000000081a00000, 0x0000000081b00000, 0x0000000081b00000|100%| O|  |TAMS 0x0000000081b00000, 0x0000000081a00000| Untracked 
|  27|0x0000000081b00000, 0x0000000081c00000, 0x0000000081c00000|100%|HS|  |TAMS 0x0000000081c00000, 0x0000000081b00000| Complete 
|  28|0x0000000081c00000, 0x0000000081d00000, 0x0000000081d00000|100%|HS|  |TAMS 0x0000000081d00000, 0x0000000081c00000| Complete 
|  29|0x0000000081d00000, 0x0000000081e00000, 0x0000000081e00000|100%| O|  |TAMS 0x0000000081e00000, 0x0000000081d00000| Untracked 
|  30|0x0000000081e00000, 0x0000000081f00000, 0x0000000081f00000|100%| O|  |TAMS 0x0000000081f00000, 0x0000000081e00000| Untracked 
|  31|0x0000000081f00000, 0x0000000082000000, 0x0000000082000000|100%| O|  |TAMS 0x0000000082000000, 0x0000000081f00000| Untracked 
|  32|0x0000000082000000, 0x0000000082100000, 0x0000000082100000|100%| O|  |TAMS 0x0000000082100000, 0x0000000082000000| Untracked 
|  33|0x0000000082100000, 0x0000000082200000, 0x0000000082200000|100%| O|  |TAMS 0x0000000082200000, 0x0000000082100000| Untracked 
|  34|0x0000000082200000, 0x0000000082300000, 0x0000000082300000|100%| O|  |TAMS 0x0000000082300000, 0x0000000082200000| Untracked 
|  35|0x0000000082300000, 0x0000000082400000, 0x0000000082400000|100%| O|  |TAMS 0x0000000082400000, 0x0000000082300000| Untracked 
|  36|0x0000000082400000, 0x0000000082500000, 0x0000000082500000|100%| O|  |TAMS 0x0000000082500000, 0x0000000082400000| Untracked 
|  37|0x0000000082500000, 0x0000000082600000, 0x0000000082600000|100%| O|  |TAMS 0x0000000082600000, 0x0000000082500000| Untracked 
|  38|0x0000000082600000, 0x0000000082700000, 0x0000000082700000|100%| O|  |TAMS 0x0000000082700000, 0x0000000082600000| Untracked 
|  39|0x0000000082700000, 0x0000000082800000, 0x0000000082800000|100%| O|  |TAMS 0x0000000082800000, 0x0000000082700000| Untracked 
|  40|0x0000000082800000, 0x0000000082900000, 0x0000000082900000|100%| O|  |TAMS 0x000000008286b000, 0x0000000082800000| Untracked 
|  41|0x0000000082900000, 0x0000000082a00000, 0x0000000082a00000|100%| O|  |TAMS 0x0000000082900000, 0x0000000082900000| Untracked 
|  42|0x0000000082a00000, 0x0000000082b00000, 0x0000000082b00000|100%| O|  |TAMS 0x0000000082a00000, 0x0000000082a00000| Untracked 
|  43|0x0000000082b00000, 0x0000000082c00000, 0x0000000082c00000|100%| O|  |TAMS 0x0000000082b00000, 0x0000000082b00000| Untracked 
|  44|0x0000000082c00000, 0x0000000082d00000, 0x0000000082d00000|100%| O|  |TAMS 0x0000000082c00000, 0x0000000082c00000| Untracked 
|  45|0x0000000082d00000, 0x0000000082e00000, 0x0000000082e00000|100%| O|  |TAMS 0x0000000082d00000, 0x0000000082d00000| Untracked 
|  46|0x0000000082e00000, 0x0000000082f00000, 0x0000000082f00000|100%| O|  |TAMS 0x0000000082e00000, 0x0000000082e00000| Untracked 
|  47|0x0000000082f00000, 0x0000000083000000, 0x0000000083000000|100%| O|  |TAMS 0x0000000082f00000, 0x0000000082f00000| Untracked 
|  48|0x0000000083000000, 0x0000000083100000, 0x0000000083100000|100%| O|  |TAMS 0x0000000083000000, 0x0000000083000000| Untracked 
|  49|0x0000000083100000, 0x0000000083200000, 0x0000000083200000|100%| O|  |TAMS 0x0000000083100000, 0x0000000083100000| Untracked 
|  50|0x0000000083200000, 0x0000000083300000, 0x0000000083300000|100%| O|  |TAMS 0x0000000083200000, 0x0000000083200000| Untracked 
|  51|0x0000000083300000, 0x0000000083400000, 0x0000000083400000|100%| O|  |TAMS 0x0000000083300000, 0x0000000083300000| Untracked 
|  52|0x0000000083400000, 0x0000000083500000, 0x0000000083500000|100%| O|  |TAMS 0x0000000083400000, 0x0000000083400000| Untracked 
|  53|0x0000000083500000, 0x0000000083600000, 0x0000000083600000|100%| O|  |TAMS 0x0000000083500000, 0x0000000083500000| Untracked 
|  54|0x0000000083600000, 0x0000000083681400, 0x0000000083700000| 50%| O|  |TAMS 0x0000000083600000, 0x0000000083600000| Untracked 
|  55|0x0000000083700000, 0x0000000083700000, 0x0000000083800000|  0%| F|  |TAMS 0x0000000083700000, 0x0000000083700000| Untracked 
|  56|0x0000000083800000, 0x0000000083800000, 0x0000000083900000|  0%| F|  |TAMS 0x0000000083800000, 0x0000000083800000| Untracked 
|  57|0x0000000083900000, 0x0000000083900000, 0x0000000083a00000|  0%| F|  |TAMS 0x0000000083900000, 0x0000000083900000| Untracked 
|  58|0x0000000083a00000, 0x0000000083a00000, 0x0000000083b00000|  0%| F|  |TAMS 0x0000000083a00000, 0x0000000083a00000| Untracked 
|  59|0x0000000083b00000, 0x0000000083b00000, 0x0000000083c00000|  0%| F|  |TAMS 0x0000000083b00000, 0x0000000083b00000| Untracked 
|  60|0x0000000083c00000, 0x0000000083c00000, 0x0000000083d00000|  0%| F|  |TAMS 0x0000000083c00000, 0x0000000083c00000| Untracked 
|  61|0x0000000083d00000, 0x0000000083d00000, 0x0000000083e00000|  0%| F|  |TAMS 0x0000000083d00000, 0x0000000083d00000| Untracked 
|  62|0x0000000083e00000, 0x0000000083e00000, 0x0000000083f00000|  0%| F|  |TAMS 0x0000000083e00000, 0x0000000083e00000| Untracked 
|  63|0x0000000083f00000, 0x0000000083f00000, 0x0000000084000000|  0%| F|  |TAMS 0x0000000083f00000, 0x0000000083f00000| Untracked 
|  64|0x0000000084000000, 0x0000000084000000, 0x0000000084100000|  0%| F|  |TAMS 0x0000000084000000, 0x0000000084000000| Untracked 
|  65|0x0000000084100000, 0x0000000084100000, 0x0000000084200000|  0%| F|  |TAMS 0x0000000084100000, 0x0000000084100000| Untracked 
|  66|0x0000000084200000, 0x0000000084200000, 0x0000000084300000|  0%| F|  |TAMS 0x0000000084200000, 0x0000000084200000| Untracked 
|  67|0x0000000084300000, 0x0000000084300000, 0x0000000084400000|  0%| F|  |TAMS 0x0000000084300000, 0x0000000084300000| Untracked 
|  68|0x0000000084400000, 0x0000000084400000, 0x0000000084500000|  0%| F|  |TAMS 0x0000000084400000, 0x0000000084400000| Untracked 
|  69|0x0000000084500000, 0x0000000084500000, 0x0000000084600000|  0%| F|  |TAMS 0x0000000084500000, 0x0000000084500000| Untracked 
|  70|0x0000000084600000, 0x0000000084600000, 0x0000000084700000|  0%| F|  |TAMS 0x0000000084600000, 0x0000000084600000| Untracked 
|  71|0x0000000084700000, 0x0000000084700000, 0x0000000084800000|  0%| F|  |TAMS 0x0000000084700000, 0x0000000084700000| Untracked 
|  72|0x0000000084800000, 0x0000000084800000, 0x0000000084900000|  0%| F|  |TAMS 0x0000000084800000, 0x0000000084800000| Untracked 
|  73|0x0000000084900000, 0x0000000084900000, 0x0000000084a00000|  0%| F|  |TAMS 0x0000000084900000, 0x0000000084900000| Untracked 
|  74|0x0000000084a00000, 0x0000000084a00000, 0x0000000084b00000|  0%| F|  |TAMS 0x0000000084a00000, 0x0000000084a00000| Untracked 
|  75|0x0000000084b00000, 0x0000000084b00000, 0x0000000084c00000|  0%| F|  |TAMS 0x0000000084b00000, 0x0000000084b00000| Untracked 
|  76|0x0000000084c00000, 0x0000000084c00000, 0x0000000084d00000|  0%| F|  |TAMS 0x0000000084c00000, 0x0000000084c00000| Untracked 
|  77|0x0000000084d00000, 0x0000000084d00000, 0x0000000084e00000|  0%| F|  |TAMS 0x0000000084d00000, 0x0000000084d00000| Untracked 
|  78|0x0000000084e00000, 0x0000000084e00000, 0x0000000084f00000|  0%| F|  |TAMS 0x0000000084e00000, 0x0000000084e00000| Untracked 
|  79|0x0000000084f00000, 0x0000000084f00000, 0x0000000085000000|  0%| F|  |TAMS 0x0000000084f00000, 0x0000000084f00000| Untracked 
|  80|0x0000000085000000, 0x0000000085000000, 0x0000000085100000|  0%| F|  |TAMS 0x0000000085000000, 0x0000000085000000| Untracked 
|  81|0x0000000085100000, 0x0000000085100000, 0x0000000085200000|  0%| F|  |TAMS 0x0000000085100000, 0x0000000085100000| Untracked 
|  82|0x0000000085200000, 0x0000000085200000, 0x0000000085300000|  0%| F|  |TAMS 0x0000000085200000, 0x0000000085200000| Untracked 
|  83|0x0000000085300000, 0x0000000085300000, 0x0000000085400000|  0%| F|  |TAMS 0x0000000085300000, 0x0000000085300000| Untracked 
|  84|0x0000000085400000, 0x0000000085400000, 0x0000000085500000|  0%| F|  |TAMS 0x0000000085400000, 0x0000000085400000| Untracked 
|  85|0x0000000085500000, 0x0000000085500000, 0x0000000085600000|  0%| F|  |TAMS 0x0000000085500000, 0x0000000085500000| Untracked 
|  86|0x0000000085600000, 0x0000000085600000, 0x0000000085700000|  0%| F|  |TAMS 0x0000000085600000, 0x0000000085600000| Untracked 
|  87|0x0000000085700000, 0x0000000085700000, 0x0000000085800000|  0%| F|  |TAMS 0x0000000085700000, 0x0000000085700000| Untracked 
|  88|0x0000000085800000, 0x0000000085800000, 0x0000000085900000|  0%| F|  |TAMS 0x0000000085800000, 0x0000000085800000| Untracked 
|  89|0x0000000085900000, 0x0000000085900000, 0x0000000085a00000|  0%| F|  |TAMS 0x0000000085900000, 0x0000000085900000| Untracked 
|  90|0x0000000085a00000, 0x0000000085a00000, 0x0000000085b00000|  0%| F|  |TAMS 0x0000000085a00000, 0x0000000085a00000| Untracked 
|  91|0x0000000085b00000, 0x0000000085b00000, 0x0000000085c00000|  0%| F|  |TAMS 0x0000000085b00000, 0x0000000085b00000| Untracked 
|  92|0x0000000085c00000, 0x0000000085c00000, 0x0000000085d00000|  0%| F|  |TAMS 0x0000000085c00000, 0x0000000085c00000| Untracked 
|  93|0x0000000085d00000, 0x0000000085d00000, 0x0000000085e00000|  0%| F|  |TAMS 0x0000000085d00000, 0x0000000085d00000| Untracked 
|  94|0x0000000085e00000, 0x0000000085e00000, 0x0000000085f00000|  0%| F|  |TAMS 0x0000000085e00000, 0x0000000085e00000| Untracked 
|  95|0x0000000085f00000, 0x0000000085ff0510, 0x0000000086000000| 93%| S|CS|TAMS 0x0000000085f00000, 0x0000000085f00000| Complete 
|  96|0x0000000086000000, 0x0000000086100000, 0x0000000086100000|100%| S|CS|TAMS 0x0000000086000000, 0x0000000086000000| Complete 
|  97|0x0000000086100000, 0x0000000086200000, 0x0000000086200000|100%| S|CS|TAMS 0x0000000086100000, 0x0000000086100000| Complete 
|  98|0x0000000086200000, 0x0000000086300000, 0x0000000086300000|100%| S|CS|TAMS 0x0000000086200000, 0x0000000086200000| Complete 
|  99|0x0000000086300000, 0x0000000086400000, 0x0000000086400000|100%| S|CS|TAMS 0x0000000086300000, 0x0000000086300000| Complete 
| 100|0x0000000086400000, 0x0000000086500000, 0x0000000086500000|100%| S|CS|TAMS 0x0000000086400000, 0x0000000086400000| Complete 
| 101|0x0000000086500000, 0x0000000086600000, 0x0000000086600000|100%| S|CS|TAMS 0x0000000086500000, 0x0000000086500000| Complete 
| 102|0x0000000086600000, 0x0000000086700000, 0x0000000086700000|100%| S|CS|TAMS 0x0000000086600000, 0x0000000086600000| Complete 
| 103|0x0000000086700000, 0x0000000086800000, 0x0000000086800000|100%| S|CS|TAMS 0x0000000086700000, 0x0000000086700000| Complete 
| 104|0x0000000086800000, 0x0000000086800000, 0x0000000086900000|  0%| F|  |TAMS 0x0000000086800000, 0x0000000086800000| Untracked 
| 105|0x0000000086900000, 0x0000000086900000, 0x0000000086a00000|  0%| F|  |TAMS 0x0000000086900000, 0x0000000086900000| Untracked 
| 106|0x0000000086a00000, 0x0000000086a00000, 0x0000000086b00000|  0%| F|  |TAMS 0x0000000086a00000, 0x0000000086a00000| Untracked 
| 107|0x0000000086b00000, 0x0000000086b00000, 0x0000000086c00000|  0%| F|  |TAMS 0x0000000086b00000, 0x0000000086b00000| Untracked 
| 108|0x0000000086c00000, 0x0000000086c00000, 0x0000000086d00000|  0%| F|  |TAMS 0x0000000086c00000, 0x0000000086c00000| Untracked 
| 109|0x0000000086d00000, 0x0000000086d00000, 0x0000000086e00000|  0%| F|  |TAMS 0x0000000086d00000, 0x0000000086d00000| Untracked 
| 110|0x0000000086e00000, 0x0000000086f00000, 0x0000000086f00000|100%| S|CS|TAMS 0x0000000086e00000, 0x0000000086e00000| Complete 
| 111|0x0000000086f00000, 0x0000000087000000, 0x0000000087000000|100%| S|CS|TAMS 0x0000000086f00000, 0x0000000086f00000| Complete 
| 112|0x0000000087000000, 0x0000000087000000, 0x0000000087100000|  0%| F|  |TAMS 0x0000000087000000, 0x0000000087000000| Untracked 
| 113|0x0000000087100000, 0x0000000087100000, 0x0000000087200000|  0%| F|  |TAMS 0x0000000087100000, 0x0000000087100000| Untracked 
| 114|0x0000000087200000, 0x0000000087200000, 0x0000000087300000|  0%| F|  |TAMS 0x0000000087200000, 0x0000000087200000| Untracked 
| 115|0x0000000087300000, 0x0000000087300000, 0x0000000087400000|  0%| F|  |TAMS 0x0000000087300000, 0x0000000087300000| Untracked 
| 116|0x0000000087400000, 0x0000000087400000, 0x0000000087500000|  0%| F|  |TAMS 0x0000000087400000, 0x0000000087400000| Untracked 
| 117|0x0000000087500000, 0x0000000087500000, 0x0000000087600000|  0%| F|  |TAMS 0x0000000087500000, 0x0000000087500000| Untracked 
| 118|0x0000000087600000, 0x0000000087600000, 0x0000000087700000|  0%| F|  |TAMS 0x0000000087600000, 0x0000000087600000| Untracked 
| 119|0x0000000087700000, 0x0000000087700000, 0x0000000087800000|  0%| F|  |TAMS 0x0000000087700000, 0x0000000087700000| Untracked 
| 120|0x0000000087800000, 0x0000000087800000, 0x0000000087900000|  0%| F|  |TAMS 0x0000000087800000, 0x0000000087800000| Untracked 
| 121|0x0000000087900000, 0x0000000087900000, 0x0000000087a00000|  0%| F|  |TAMS 0x0000000087900000, 0x0000000087900000| Untracked 
| 122|0x0000000087a00000, 0x0000000087a00000, 0x0000000087b00000|  0%| F|  |TAMS 0x0000000087a00000, 0x0000000087a00000| Untracked 
| 123|0x0000000087b00000, 0x0000000087b00000, 0x0000000087c00000|  0%| F|  |TAMS 0x0000000087b00000, 0x0000000087b00000| Untracked 
| 124|0x0000000087c00000, 0x0000000087c00000, 0x0000000087d00000|  0%| F|  |TAMS 0x0000000087c00000, 0x0000000087c00000| Untracked 
| 125|0x0000000087d00000, 0x0000000087d00000, 0x0000000087e00000|  0%| F|  |TAMS 0x0000000087d00000, 0x0000000087d00000| Untracked 
| 126|0x0000000087e00000, 0x0000000087e00000, 0x0000000087f00000|  0%| F|  |TAMS 0x0000000087e00000, 0x0000000087e00000| Untracked 
| 127|0x0000000087f00000, 0x0000000087f00000, 0x0000000088000000|  0%| F|  |TAMS 0x0000000087f00000, 0x0000000087f00000| Untracked 
| 128|0x0000000088000000, 0x0000000088000000, 0x0000000088100000|  0%| F|  |TAMS 0x0000000088000000, 0x0000000088000000| Untracked 
| 129|0x0000000088100000, 0x0000000088100000, 0x0000000088200000|  0%| F|  |TAMS 0x0000000088100000, 0x0000000088100000| Untracked 
| 130|0x0000000088200000, 0x0000000088200000, 0x0000000088300000|  0%| F|  |TAMS 0x0000000088200000, 0x0000000088200000| Untracked 
| 131|0x0000000088300000, 0x0000000088300000, 0x0000000088400000|  0%| F|  |TAMS 0x0000000088300000, 0x0000000088300000| Untracked 
| 132|0x0000000088400000, 0x0000000088400000, 0x0000000088500000|  0%| F|  |TAMS 0x0000000088400000, 0x0000000088400000| Untracked 
| 133|0x0000000088500000, 0x0000000088500000, 0x0000000088600000|  0%| F|  |TAMS 0x0000000088500000, 0x0000000088500000| Untracked 
| 134|0x0000000088600000, 0x0000000088600000, 0x0000000088700000|  0%| F|  |TAMS 0x0000000088600000, 0x0000000088600000| Untracked 
| 135|0x0000000088700000, 0x0000000088700000, 0x0000000088800000|  0%| F|  |TAMS 0x0000000088700000, 0x0000000088700000| Untracked 
| 136|0x0000000088800000, 0x0000000088800000, 0x0000000088900000|  0%| F|  |TAMS 0x0000000088800000, 0x0000000088800000| Untracked 
| 137|0x0000000088900000, 0x0000000088900000, 0x0000000088a00000|  0%| F|  |TAMS 0x0000000088900000, 0x0000000088900000| Untracked 
| 138|0x0000000088a00000, 0x0000000088a00000, 0x0000000088b00000|  0%| F|  |TAMS 0x0000000088a00000, 0x0000000088a00000| Untracked 
| 139|0x0000000088b00000, 0x0000000088b00000, 0x0000000088c00000|  0%| F|  |TAMS 0x0000000088b00000, 0x0000000088b00000| Untracked 
| 140|0x0000000088c00000, 0x0000000088c00000, 0x0000000088d00000|  0%| F|  |TAMS 0x0000000088c00000, 0x0000000088c00000| Untracked 
| 141|0x0000000088d00000, 0x0000000088d00000, 0x0000000088e00000|  0%| F|  |TAMS 0x0000000088d00000, 0x0000000088d00000| Untracked 
| 142|0x0000000088e00000, 0x0000000088e00000, 0x0000000088f00000|  0%| F|  |TAMS 0x0000000088e00000, 0x0000000088e00000| Untracked 
| 143|0x0000000088f00000, 0x0000000088f00000, 0x0000000089000000|  0%| F|  |TAMS 0x0000000088f00000, 0x0000000088f00000| Untracked 
| 144|0x0000000089000000, 0x0000000089000000, 0x0000000089100000|  0%| F|  |TAMS 0x0000000089000000, 0x0000000089000000| Untracked 
| 145|0x0000000089100000, 0x0000000089100000, 0x0000000089200000|  0%| F|  |TAMS 0x0000000089100000, 0x0000000089100000| Untracked 
| 146|0x0000000089200000, 0x0000000089200000, 0x0000000089300000|  0%| F|  |TAMS 0x0000000089200000, 0x0000000089200000| Untracked 
| 147|0x0000000089300000, 0x0000000089300000, 0x0000000089400000|  0%| F|  |TAMS 0x0000000089300000, 0x0000000089300000| Untracked 
| 148|0x0000000089400000, 0x0000000089400000, 0x0000000089500000|  0%| F|  |TAMS 0x0000000089400000, 0x0000000089400000| Untracked 
| 149|0x0000000089500000, 0x0000000089500000, 0x0000000089600000|  0%| F|  |TAMS 0x0000000089500000, 0x0000000089500000| Untracked 
| 150|0x0000000089600000, 0x0000000089600000, 0x0000000089700000|  0%| F|  |TAMS 0x0000000089600000, 0x0000000089600000| Untracked 
| 151|0x0000000089700000, 0x0000000089700000, 0x0000000089800000|  0%| F|  |TAMS 0x0000000089700000, 0x0000000089700000| Untracked 
| 152|0x0000000089800000, 0x0000000089800000, 0x0000000089900000|  0%| F|  |TAMS 0x0000000089800000, 0x0000000089800000| Untracked 
| 153|0x0000000089900000, 0x0000000089900000, 0x0000000089a00000|  0%| F|  |TAMS 0x0000000089900000, 0x0000000089900000| Untracked 
| 154|0x0000000089a00000, 0x0000000089a00000, 0x0000000089b00000|  0%| F|  |TAMS 0x0000000089a00000, 0x0000000089a00000| Untracked 
| 155|0x0000000089b00000, 0x0000000089b00000, 0x0000000089c00000|  0%| F|  |TAMS 0x0000000089b00000, 0x0000000089b00000| Untracked 
| 156|0x0000000089c00000, 0x0000000089c00000, 0x0000000089d00000|  0%| F|  |TAMS 0x0000000089c00000, 0x0000000089c00000| Untracked 
| 157|0x0000000089d00000, 0x0000000089d00000, 0x0000000089e00000|  0%| F|  |TAMS 0x0000000089d00000, 0x0000000089d00000| Untracked 
| 158|0x0000000089e00000, 0x0000000089e00000, 0x0000000089f00000|  0%| F|  |TAMS 0x0000000089e00000, 0x0000000089e00000| Untracked 
| 159|0x0000000089f00000, 0x0000000089f00000, 0x000000008a000000|  0%| F|  |TAMS 0x0000000089f00000, 0x0000000089f00000| Untracked 
| 160|0x000000008a000000, 0x000000008a000000, 0x000000008a100000|  0%| F|  |TAMS 0x000000008a000000, 0x000000008a000000| Untracked 
| 161|0x000000008a100000, 0x000000008a100000, 0x000000008a200000|  0%| F|  |TAMS 0x000000008a100000, 0x000000008a100000| Untracked 
| 162|0x000000008a200000, 0x000000008a200000, 0x000000008a300000|  0%| F|  |TAMS 0x000000008a200000, 0x000000008a200000| Untracked 
| 163|0x000000008a300000, 0x000000008a300000, 0x000000008a400000|  0%| F|  |TAMS 0x000000008a300000, 0x000000008a300000| Untracked 
| 164|0x000000008a400000, 0x000000008a400000, 0x000000008a500000|  0%| F|  |TAMS 0x000000008a400000, 0x000000008a400000| Untracked 
| 165|0x000000008a500000, 0x000000008a500000, 0x000000008a600000|  0%| F|  |TAMS 0x000000008a500000, 0x000000008a500000| Untracked 
| 166|0x000000008a600000, 0x000000008a600000, 0x000000008a700000|  0%| F|  |TAMS 0x000000008a600000, 0x000000008a600000| Untracked 
| 167|0x000000008a700000, 0x000000008a700000, 0x000000008a800000|  0%| F|  |TAMS 0x000000008a700000, 0x000000008a700000| Untracked 
| 168|0x000000008a800000, 0x000000008a800000, 0x000000008a900000|  0%| F|  |TAMS 0x000000008a800000, 0x000000008a800000| Untracked 
| 169|0x000000008a900000, 0x000000008a900000, 0x000000008aa00000|  0%| F|  |TAMS 0x000000008a900000, 0x000000008a900000| Untracked 
| 170|0x000000008aa00000, 0x000000008aa00000, 0x000000008ab00000|  0%| F|  |TAMS 0x000000008aa00000, 0x000000008aa00000| Untracked 
| 171|0x000000008ab00000, 0x000000008ab00000, 0x000000008ac00000|  0%| F|  |TAMS 0x000000008ab00000, 0x000000008ab00000| Untracked 
| 172|0x000000008ac00000, 0x000000008ac00000, 0x000000008ad00000|  0%| F|  |TAMS 0x000000008ac00000, 0x000000008ac00000| Untracked 
| 173|0x000000008ad00000, 0x000000008ad00000, 0x000000008ae00000|  0%| F|  |TAMS 0x000000008ad00000, 0x000000008ad00000| Untracked 
| 174|0x000000008ae00000, 0x000000008ae00000, 0x000000008af00000|  0%| F|  |TAMS 0x000000008ae00000, 0x000000008ae00000| Untracked 
| 175|0x000000008af00000, 0x000000008af00000, 0x000000008b000000|  0%| F|  |TAMS 0x000000008af00000, 0x000000008af00000| Untracked 
| 176|0x000000008b000000, 0x000000008b000000, 0x000000008b100000|  0%| F|  |TAMS 0x000000008b000000, 0x000000008b000000| Untracked 
| 177|0x000000008b100000, 0x000000008b100000, 0x000000008b200000|  0%| F|  |TAMS 0x000000008b100000, 0x000000008b100000| Untracked 
| 178|0x000000008b200000, 0x000000008b200000, 0x000000008b300000|  0%| F|  |TAMS 0x000000008b200000, 0x000000008b200000| Untracked 
| 179|0x000000008b300000, 0x000000008b300000, 0x000000008b400000|  0%| F|  |TAMS 0x000000008b300000, 0x000000008b300000| Untracked 
| 180|0x000000008b400000, 0x000000008b400000, 0x000000008b500000|  0%| F|  |TAMS 0x000000008b400000, 0x000000008b400000| Untracked 
| 181|0x000000008b500000, 0x000000008b500000, 0x000000008b600000|  0%| F|  |TAMS 0x000000008b500000, 0x000000008b500000| Untracked 
| 182|0x000000008b600000, 0x000000008b600000, 0x000000008b700000|  0%| F|  |TAMS 0x000000008b600000, 0x000000008b600000| Untracked 
| 183|0x000000008b700000, 0x000000008b700000, 0x000000008b800000|  0%| F|  |TAMS 0x000000008b700000, 0x000000008b700000| Untracked 
| 184|0x000000008b800000, 0x000000008b800000, 0x000000008b900000|  0%| F|  |TAMS 0x000000008b800000, 0x000000008b800000| Untracked 
| 185|0x000000008b900000, 0x000000008b900000, 0x000000008ba00000|  0%| F|  |TAMS 0x000000008b900000, 0x000000008b900000| Untracked 
| 186|0x000000008ba00000, 0x000000008ba00000, 0x000000008bb00000|  0%| F|  |TAMS 0x000000008ba00000, 0x000000008ba00000| Untracked 
| 187|0x000000008bb00000, 0x000000008bb00000, 0x000000008bc00000|  0%| F|  |TAMS 0x000000008bb00000, 0x000000008bb00000| Untracked 
| 188|0x000000008bc00000, 0x000000008bc00000, 0x000000008bd00000|  0%| F|  |TAMS 0x000000008bc00000, 0x000000008bc00000| Untracked 
| 189|0x000000008bd00000, 0x000000008bd00000, 0x000000008be00000|  0%| F|  |TAMS 0x000000008bd00000, 0x000000008bd00000| Untracked 
| 190|0x000000008be00000, 0x000000008be00000, 0x000000008bf00000|  0%| F|  |TAMS 0x000000008be00000, 0x000000008be00000| Untracked 
| 191|0x000000008bf00000, 0x000000008bf00000, 0x000000008c000000|  0%| F|  |TAMS 0x000000008bf00000, 0x000000008bf00000| Untracked 
| 192|0x000000008c000000, 0x000000008c000000, 0x000000008c100000|  0%| F|  |TAMS 0x000000008c000000, 0x000000008c000000| Untracked 
| 193|0x000000008c100000, 0x000000008c100000, 0x000000008c200000|  0%| F|  |TAMS 0x000000008c100000, 0x000000008c100000| Untracked 
| 194|0x000000008c200000, 0x000000008c200000, 0x000000008c300000|  0%| F|  |TAMS 0x000000008c200000, 0x000000008c200000| Untracked 
| 195|0x000000008c300000, 0x000000008c300000, 0x000000008c400000|  0%| F|  |TAMS 0x000000008c300000, 0x000000008c300000| Untracked 
| 196|0x000000008c400000, 0x000000008c400000, 0x000000008c500000|  0%| F|  |TAMS 0x000000008c400000, 0x000000008c400000| Untracked 
| 197|0x000000008c500000, 0x000000008c500000, 0x000000008c600000|  0%| F|  |TAMS 0x000000008c500000, 0x000000008c500000| Untracked 
| 198|0x000000008c600000, 0x000000008c600000, 0x000000008c700000|  0%| F|  |TAMS 0x000000008c600000, 0x000000008c600000| Untracked 
| 199|0x000000008c700000, 0x000000008c700000, 0x000000008c800000|  0%| F|  |TAMS 0x000000008c700000, 0x000000008c700000| Untracked 
| 200|0x000000008c800000, 0x000000008c800000, 0x000000008c900000|  0%| F|  |TAMS 0x000000008c800000, 0x000000008c800000| Untracked 
| 201|0x000000008c900000, 0x000000008c900000, 0x000000008ca00000|  0%| F|  |TAMS 0x000000008c900000, 0x000000008c900000| Untracked 
| 202|0x000000008ca00000, 0x000000008ca00000, 0x000000008cb00000|  0%| F|  |TAMS 0x000000008ca00000, 0x000000008ca00000| Untracked 
| 203|0x000000008cb00000, 0x000000008cb00000, 0x000000008cc00000|  0%| F|  |TAMS 0x000000008cb00000, 0x000000008cb00000| Untracked 
| 204|0x000000008cc00000, 0x000000008cc00000, 0x000000008cd00000|  0%| F|  |TAMS 0x000000008cc00000, 0x000000008cc00000| Untracked 
| 205|0x000000008cd00000, 0x000000008cd00000, 0x000000008ce00000|  0%| F|  |TAMS 0x000000008cd00000, 0x000000008cd00000| Untracked 
| 206|0x000000008ce00000, 0x000000008ce00000, 0x000000008cf00000|  0%| F|  |TAMS 0x000000008ce00000, 0x000000008ce00000| Untracked 
| 207|0x000000008cf00000, 0x000000008cf00000, 0x000000008d000000|  0%| F|  |TAMS 0x000000008cf00000, 0x000000008cf00000| Untracked 
| 208|0x000000008d000000, 0x000000008d000000, 0x000000008d100000|  0%| F|  |TAMS 0x000000008d000000, 0x000000008d000000| Untracked 
| 209|0x000000008d100000, 0x000000008d100000, 0x000000008d200000|  0%| F|  |TAMS 0x000000008d100000, 0x000000008d100000| Untracked 
| 210|0x000000008d200000, 0x000000008d200000, 0x000000008d300000|  0%| F|  |TAMS 0x000000008d200000, 0x000000008d200000| Untracked 
| 211|0x000000008d300000, 0x000000008d300000, 0x000000008d400000|  0%| F|  |TAMS 0x000000008d300000, 0x000000008d300000| Untracked 
| 212|0x000000008d400000, 0x000000008d400000, 0x000000008d500000|  0%| F|  |TAMS 0x000000008d400000, 0x000000008d400000| Untracked 
| 213|0x000000008d500000, 0x000000008d500000, 0x000000008d600000|  0%| F|  |TAMS 0x000000008d500000, 0x000000008d500000| Untracked 
| 214|0x000000008d600000, 0x000000008d600000, 0x000000008d700000|  0%| F|  |TAMS 0x000000008d600000, 0x000000008d600000| Untracked 
| 215|0x000000008d700000, 0x000000008d700000, 0x000000008d800000|  0%| F|  |TAMS 0x000000008d700000, 0x000000008d700000| Untracked 
| 216|0x000000008d800000, 0x000000008d800000, 0x000000008d900000|  0%| F|  |TAMS 0x000000008d800000, 0x000000008d800000| Untracked 
| 217|0x000000008d900000, 0x000000008d900000, 0x000000008da00000|  0%| F|  |TAMS 0x000000008d900000, 0x000000008d900000| Untracked 
| 218|0x000000008da00000, 0x000000008da00000, 0x000000008db00000|  0%| F|  |TAMS 0x000000008da00000, 0x000000008da00000| Untracked 
| 219|0x000000008db00000, 0x000000008db00000, 0x000000008dc00000|  0%| F|  |TAMS 0x000000008db00000, 0x000000008db00000| Untracked 
| 220|0x000000008dc00000, 0x000000008dc00000, 0x000000008dd00000|  0%| F|  |TAMS 0x000000008dc00000, 0x000000008dc00000| Untracked 
| 221|0x000000008dd00000, 0x000000008dd00000, 0x000000008de00000|  0%| F|  |TAMS 0x000000008dd00000, 0x000000008dd00000| Untracked 
| 222|0x000000008de00000, 0x000000008de00000, 0x000000008df00000|  0%| F|  |TAMS 0x000000008de00000, 0x000000008de00000| Untracked 
| 223|0x000000008df00000, 0x000000008df00000, 0x000000008e000000|  0%| F|  |TAMS 0x000000008df00000, 0x000000008df00000| Untracked 
| 224|0x000000008e000000, 0x000000008e000000, 0x000000008e100000|  0%| F|  |TAMS 0x000000008e000000, 0x000000008e000000| Untracked 
| 225|0x000000008e100000, 0x000000008e100000, 0x000000008e200000|  0%| F|  |TAMS 0x000000008e100000, 0x000000008e100000| Untracked 
| 226|0x000000008e200000, 0x000000008e200000, 0x000000008e300000|  0%| F|  |TAMS 0x000000008e200000, 0x000000008e200000| Untracked 
| 227|0x000000008e300000, 0x000000008e300000, 0x000000008e400000|  0%| F|  |TAMS 0x000000008e300000, 0x000000008e300000| Untracked 
| 228|0x000000008e400000, 0x000000008e400000, 0x000000008e500000|  0%| F|  |TAMS 0x000000008e400000, 0x000000008e400000| Untracked 
| 229|0x000000008e500000, 0x000000008e600000, 0x000000008e600000|100%| E|  |TAMS 0x000000008e500000, 0x000000008e500000| Complete 
| 230|0x000000008e600000, 0x000000008e700000, 0x000000008e700000|100%| E|CS|TAMS 0x000000008e600000, 0x000000008e600000| Complete 
| 231|0x000000008e700000, 0x000000008e800000, 0x000000008e800000|100%| E|CS|TAMS 0x000000008e700000, 0x000000008e700000| Complete 
| 232|0x000000008e800000, 0x000000008e900000, 0x000000008e900000|100%| E|CS|TAMS 0x000000008e800000, 0x000000008e800000| Complete 
| 233|0x000000008e900000, 0x000000008ea00000, 0x000000008ea00000|100%| E|CS|TAMS 0x000000008e900000, 0x000000008e900000| Complete 
| 234|0x000000008ea00000, 0x000000008eb00000, 0x000000008eb00000|100%| E|CS|TAMS 0x000000008ea00000, 0x000000008ea00000| Complete 
| 235|0x000000008eb00000, 0x000000008ec00000, 0x000000008ec00000|100%| E|CS|TAMS 0x000000008eb00000, 0x000000008eb00000| Complete 
| 236|0x000000008ec00000, 0x000000008ed00000, 0x000000008ed00000|100%| E|CS|TAMS 0x000000008ec00000, 0x000000008ec00000| Complete 
| 237|0x000000008ed00000, 0x000000008ee00000, 0x000000008ee00000|100%| E|CS|TAMS 0x000000008ed00000, 0x000000008ed00000| Complete 
| 238|0x000000008ee00000, 0x000000008ef00000, 0x000000008ef00000|100%| E|CS|TAMS 0x000000008ee00000, 0x000000008ee00000| Complete 
| 239|0x000000008ef00000, 0x000000008f000000, 0x000000008f000000|100%| E|CS|TAMS 0x000000008ef00000, 0x000000008ef00000| Complete 
| 240|0x000000008f000000, 0x000000008f100000, 0x000000008f100000|100%| E|CS|TAMS 0x000000008f000000, 0x000000008f000000| Complete 
| 241|0x000000008f100000, 0x000000008f200000, 0x000000008f200000|100%| E|CS|TAMS 0x000000008f100000, 0x000000008f100000| Complete 
| 242|0x000000008f200000, 0x000000008f300000, 0x000000008f300000|100%| E|CS|TAMS 0x000000008f200000, 0x000000008f200000| Complete 
| 243|0x000000008f300000, 0x000000008f400000, 0x000000008f400000|100%| E|CS|TAMS 0x000000008f300000, 0x000000008f300000| Complete 
| 244|0x000000008f400000, 0x000000008f500000, 0x000000008f500000|100%| E|CS|TAMS 0x000000008f400000, 0x000000008f400000| Complete 
| 245|0x000000008f500000, 0x000000008f600000, 0x000000008f600000|100%| E|CS|TAMS 0x000000008f500000, 0x000000008f500000| Complete 
| 246|0x000000008f600000, 0x000000008f700000, 0x000000008f700000|100%| E|CS|TAMS 0x000000008f600000, 0x000000008f600000| Complete 
| 247|0x000000008f700000, 0x000000008f800000, 0x000000008f800000|100%| E|CS|TAMS 0x000000008f700000, 0x000000008f700000| Complete 
| 248|0x000000008f800000, 0x000000008f900000, 0x000000008f900000|100%| E|CS|TAMS 0x000000008f800000, 0x000000008f800000| Complete 
| 249|0x000000008f900000, 0x000000008fa00000, 0x000000008fa00000|100%| E|CS|TAMS 0x000000008f900000, 0x000000008f900000| Complete 
| 250|0x000000008fa00000, 0x000000008fb00000, 0x000000008fb00000|100%| E|CS|TAMS 0x000000008fa00000, 0x000000008fa00000| Complete 
| 251|0x000000008fb00000, 0x000000008fc00000, 0x000000008fc00000|100%| E|CS|TAMS 0x000000008fb00000, 0x000000008fb00000| Complete 
| 252|0x000000008fc00000, 0x000000008fd00000, 0x000000008fd00000|100%| E|CS|TAMS 0x000000008fc00000, 0x000000008fc00000| Complete 
| 253|0x000000008fd00000, 0x000000008fe00000, 0x000000008fe00000|100%| E|CS|TAMS 0x000000008fd00000, 0x000000008fd00000| Complete 
| 254|0x000000008fe00000, 0x000000008ff00000, 0x000000008ff00000|100%| E|CS|TAMS 0x000000008fe00000, 0x000000008fe00000| Complete 
| 255|0x000000008ff00000, 0x0000000090000000, 0x0000000090000000|100%| E|CS|TAMS 0x000000008ff00000, 0x000000008ff00000| Complete 
| 256|0x0000000090000000, 0x0000000090100000, 0x0000000090100000|100%| E|CS|TAMS 0x0000000090000000, 0x0000000090000000| Complete 
| 257|0x0000000090100000, 0x0000000090200000, 0x0000000090200000|100%| E|CS|TAMS 0x0000000090100000, 0x0000000090100000| Complete 
| 258|0x0000000090200000, 0x0000000090300000, 0x0000000090300000|100%| E|CS|TAMS 0x0000000090200000, 0x0000000090200000| Complete 
| 259|0x0000000090300000, 0x0000000090400000, 0x0000000090400000|100%| E|CS|TAMS 0x0000000090300000, 0x0000000090300000| Complete 
| 260|0x0000000090400000, 0x0000000090500000, 0x0000000090500000|100%| E|CS|TAMS 0x0000000090400000, 0x0000000090400000| Complete 
| 261|0x0000000090500000, 0x0000000090600000, 0x0000000090600000|100%| E|CS|TAMS 0x0000000090500000, 0x0000000090500000| Complete 
| 262|0x0000000090600000, 0x0000000090700000, 0x0000000090700000|100%| E|CS|TAMS 0x0000000090600000, 0x0000000090600000| Complete 
| 263|0x0000000090700000, 0x0000000090800000, 0x0000000090800000|100%| E|CS|TAMS 0x0000000090700000, 0x0000000090700000| Complete 
| 264|0x0000000090800000, 0x0000000090900000, 0x0000000090900000|100%| E|CS|TAMS 0x0000000090800000, 0x0000000090800000| Complete 
| 265|0x0000000090900000, 0x0000000090a00000, 0x0000000090a00000|100%| E|CS|TAMS 0x0000000090900000, 0x0000000090900000| Complete 
| 266|0x0000000090a00000, 0x0000000090b00000, 0x0000000090b00000|100%| E|CS|TAMS 0x0000000090a00000, 0x0000000090a00000| Complete 

Card table byte_map: [0x00000172fac90000,0x00000172fb090000] _byte_map_base: 0x00000172fa890000

Marking Bits (Prev, Next): (CMBitMap*) 0x00000172e7da5e20, (CMBitMap*) 0x00000172e7da5de8
 Prev Bits: [0x00000172fd490000, 0x00000172ff490000)
 Next Bits: [0x00000172fb490000, 0x00000172fd490000)

Polling page: 0x00000172e5ec0000

Metaspace:

Usage:
  Non-class:     71.83 MB capacity,    70.53 MB ( 98%) used,     1.07 MB (  1%) free+waste,   233.62 KB ( <1%) overhead. 
      Class:     11.31 MB capacity,    10.54 MB ( 93%) used,   677.70 KB (  6%) free+waste,   108.62 KB ( <1%) overhead. 
       Both:     83.14 MB capacity,    81.08 MB ( 98%) used,     1.73 MB (  2%) free+waste,   342.25 KB ( <1%) overhead. 

Virtual space:
  Non-class space:       72.00 MB reserved,      72.00 MB (100%) committed 
      Class space:        1.00 GB reserved,      11.32 MB (  1%) committed 
             Both:        1.07 GB reserved,      83.32 MB (  8%) committed 

Chunk freelists:
   Non-Class:  46.00 KB
       Class:  0 bytes
        Both:  46.00 KB

MaxMetaspaceSize: 17179869184.00 GB
CompressedClassSpaceSize: 1.00 GB
Initial GC threshold: 20.80 MB
Current GC threshold: 98.46 MB
CDS: off

CodeHeap 'non-profiled nmethods': size=120064Kb used=6203Kb max_used=6203Kb free=113860Kb
 bounds [0x00000172f3350000, 0x00000172f3960000, 0x00000172fa890000]
CodeHeap 'profiled nmethods': size=120000Kb used=19995Kb max_used=19995Kb free=100004Kb
 bounds [0x00000172ebe20000, 0x00000172ed1b0000, 0x00000172f3350000]
CodeHeap 'non-nmethods': size=5696Kb used=2374Kb max_used=2417Kb free=3321Kb
 bounds [0x00000172eb890000, 0x00000172ebb10000, 0x00000172ebe20000]
 total_blobs=9978 nmethods=9081 adapters=809
 compilation: enabled
              stopped_count=0, restarted_count=0
 full_count=0

Compilation events (20 events):
Event: 31.294 Thread 0x00000172ff99f000 9265       2       groovyjarjarasm.asm.Frame::pop (53 bytes)
Event: 31.295 Thread 0x00000172ff99f000 nmethod 9265 0x00000172ed19fc10 code [0x00000172ed19fe20, 0x00000172ed1a0178]
Event: 31.295 Thread 0x00000172ff99f000 9266       2       groovyjarjarasm.asm.Frame::push (59 bytes)
Event: 31.297 Thread 0x00000172ff99f000 nmethod 9266 0x00000172ed1a0410 code [0x00000172ed1a0620, 0x00000172ed1a0998]
Event: 31.299 Thread 0x00000172ff99f000 9267       2       groovy.lang.MetaClassImpl$1::skipClass (17 bytes)
Event: 31.300 Thread 0x00000172ff99f000 nmethod 9267 0x00000172ed1a0c10 code [0x00000172ed1a0dc0, 0x00000172ed1a0ed8]
Event: 31.305 Thread 0x00000172ff99f000 9268   !   2       org.codehaus.groovy.reflection.CachedClass$3::lambda$initValue$4 (63 bytes)
Event: 31.307 Thread 0x00000172ff99f000 nmethod 9268 0x00000172ed1a0f90 code [0x00000172ed1a1240, 0x00000172ed1a1bb8]
Event: 31.313 Thread 0x00000172ff99f000 9269       2       org.codehaus.groovy.runtime.MetaClassHelper::convertToTypeArray (42 bytes)
Event: 31.314 Thread 0x00000172ff99f000 nmethod 9269 0x00000172ed1a2290 code [0x00000172ed1a2460, 0x00000172ed1a2848]
Event: 31.323 Thread 0x00000172ff99f000 9270       2       org.codehaus.groovy.reflection.AccessPermissionChecker::checkAccessPermission (70 bytes)
Event: 31.325 Thread 0x00000172ff99f000 nmethod 9270 0x00000172ed1a2a10 code [0x00000172ed1a2c00, 0x00000172ed1a2ec8]
Event: 31.347 Thread 0x00000172ff99f000 9271       2       com.sun.beans.WildcardTypeImpl::<init> (15 bytes)
Event: 31.347 Thread 0x00000172ff99f000 nmethod 9271 0x00000172ed1a3110 code [0x00000172ed1a32c0, 0x00000172ed1a3458]
Event: 31.355 Thread 0x00000172ff99f000 9272       2       java.util.stream.SpinedBuffer::increaseCapacity (11 bytes)
Event: 31.355 Thread 0x00000172ff99f000 nmethod 9272 0x00000172ed1a3510 code [0x00000172ed1a36e0, 0x00000172ed1a3838]
Event: 31.356 Thread 0x00000172ff99f000 9273       2       org.codehaus.groovy.reflection.CachedMethod::makeAccessibleIfNecessary (21 bytes)
Event: 31.357 Thread 0x00000172ff99f000 nmethod 9273 0x00000172ed1a3910 code [0x00000172ed1a3ae0, 0x00000172ed1a3d08]
Event: 31.357 Thread 0x00000172ff99f000 9274   !   2       org.codehaus.groovy.reflection.AccessPermissionChecker::checkAccessPermission (26 bytes)
Event: 31.358 Thread 0x00000172ff99f000 nmethod 9274 0x00000172ed1a3e10 code [0x00000172ed1a3fe0, 0x00000172ed1a4158]

GC Heap History (20 events):
Event: 21.580 GC heap before
{Heap before GC invocations=23 (full 0):
 garbage-first heap   total 189440K, used 100996K [0x0000000080000000, 0x0000000100000000)
  region size 1024K, 65 young (66560K), 7 survivors (7168K)
 Metaspace       used 53908K, capacity 55422K, committed 55552K, reserved 1097728K
  class space    used 6805K, capacity 7365K, committed 7424K, reserved 1048576K
}
Event: 21.590 GC heap after
{Heap after GC invocations=24 (full 0):
 garbage-first heap   total 189440K, used 42412K [0x0000000080000000, 0x0000000100000000)
  region size 1024K, 1 young (1024K), 1 survivors (1024K)
 Metaspace       used 53908K, capacity 55422K, committed 55552K, reserved 1097728K
  class space    used 6805K, capacity 7365K, committed 7424K, reserved 1048576K
}
Event: 22.227 GC heap before
{Heap before GC invocations=24 (full 0):
 garbage-first heap   total 189440K, used 114092K [0x0000000080000000, 0x0000000100000000)
  region size 1024K, 71 young (72704K), 1 survivors (1024K)
 Metaspace       used 57464K, capacity 59072K, committed 59264K, reserved 1101824K
  class space    used 7163K, capacity 7730K, committed 7808K, reserved 1048576K
}
Event: 22.232 GC heap after
{Heap after GC invocations=25 (full 0):
 garbage-first heap   total 189440K, used 43235K [0x0000000080000000, 0x0000000100000000)
  region size 1024K, 2 young (2048K), 2 survivors (2048K)
 Metaspace       used 57464K, capacity 59072K, committed 59264K, reserved 1101824K
  class space    used 7163K, capacity 7730K, committed 7808K, reserved 1048576K
}
Event: 22.506 GC heap before
{Heap before GC invocations=25 (full 0):
 garbage-first heap   total 189440K, used 62691K [0x0000000080000000, 0x0000000100000000)
  region size 1024K, 22 young (22528K), 2 survivors (2048K)
 Metaspace       used 58461K, capacity 60100K, committed 60160K, reserved 1101824K
  class space    used 7310K, capacity 7886K, committed 7936K, reserved 1048576K
}
Event: 22.513 GC heap after
{Heap after GC invocations=26 (full 0):
 garbage-first heap   total 189440K, used 43511K [0x0000000080000000, 0x0000000100000000)
  region size 1024K, 3 young (3072K), 3 survivors (3072K)
 Metaspace       used 58461K, capacity 60100K, committed 60160K, reserved 1101824K
  class space    used 7310K, capacity 7886K, committed 7936K, reserved 1048576K
}
Event: 23.615 GC heap before
{Heap before GC invocations=27 (full 0):
 garbage-first heap   total 189440K, used 115191K [0x0000000080000000, 0x0000000100000000)
  region size 1024K, 72 young (73728K), 3 survivors (3072K)
 Metaspace       used 62163K, capacity 63921K, committed 64076K, reserved 1105920K
  class space    used 7797K, capacity 8418K, committed 8524K, reserved 1048576K
}
Event: 23.628 GC heap after
{Heap after GC invocations=28 (full 0):
 garbage-first heap   total 189440K, used 47895K [0x0000000080000000, 0x0000000100000000)
  region size 1024K, 6 young (6144K), 6 survivors (6144K)
 Metaspace       used 62163K, capacity 63921K, committed 64076K, reserved 1105920K
  class space    used 7797K, capacity 8418K, committed 8524K, reserved 1048576K
}
Event: 24.696 GC heap before
{Heap before GC invocations=28 (full 0):
 garbage-first heap   total 189440K, used 127767K [0x0000000080000000, 0x0000000100000000)
  region size 1024K, 78 young (79872K), 6 survivors (6144K)
 Metaspace       used 64853K, capacity 66630K, committed 66764K, reserved 1107968K
  class space    used 8131K, capacity 8783K, committed 8908K, reserved 1048576K
}
Event: 24.711 GC heap after
{Heap after GC invocations=29 (full 0):
 garbage-first heap   total 189440K, used 50218K [0x0000000080000000, 0x0000000100000000)
  region size 1024K, 8 young (8192K), 8 survivors (8192K)
 Metaspace       used 64853K, capacity 66630K, committed 66764K, reserved 1107968K
  class space    used 8131K, capacity 8783K, committed 8908K, reserved 1048576K
}
Event: 25.726 GC heap before
{Heap before GC invocations=29 (full 0):
 garbage-first heap   total 189440K, used 127018K [0x0000000080000000, 0x0000000100000000)
  region size 1024K, 83 young (84992K), 8 survivors (8192K)
 Metaspace       used 67031K, capacity 68750K, committed 69068K, reserved 1110016K
  class space    used 8451K, capacity 9099K, committed 9164K, reserved 1048576K
}
Event: 25.749 GC heap after
{Heap after GC invocations=30 (full 0):
 garbage-first heap   total 227328K, used 52719K [0x0000000080000000, 0x0000000100000000)
  region size 1024K, 6 young (6144K), 6 survivors (6144K)
 Metaspace       used 67031K, capacity 68750K, committed 69068K, reserved 1110016K
  class space    used 8451K, capacity 9099K, committed 9164K, reserved 1048576K
}
Event: 26.826 GC heap before
{Heap before GC invocations=30 (full 0):
 garbage-first heap   total 227328K, used 140783K [0x0000000080000000, 0x0000000100000000)
  region size 1024K, 92 young (94208K), 6 survivors (6144K)
 Metaspace       used 70052K, capacity 71898K, committed 72140K, reserved 1112064K
  class space    used 8878K, capacity 9551K, committed 9676K, reserved 1048576K
}
Event: 26.846 GC heap after
{Heap after GC invocations=31 (full 0):
 garbage-first heap   total 227328K, used 55791K [0x0000000080000000, 0x0000000100000000)
  region size 1024K, 9 young (9216K), 9 survivors (9216K)
 Metaspace       used 70052K, capacity 71898K, committed 72140K, reserved 1112064K
  class space    used 8878K, capacity 9551K, committed 9676K, reserved 1048576K
}
Event: 28.164 GC heap before
{Heap before GC invocations=31 (full 0):
 garbage-first heap   total 227328K, used 151023K [0x0000000080000000, 0x0000000100000000)
  region size 1024K, 102 young (104448K), 9 survivors (9216K)
 Metaspace       used 73799K, capacity 75660K, committed 75852K, reserved 1114112K
  class space    used 9522K, capacity 10204K, committed 10316K, reserved 1048576K
}
Event: 28.188 GC heap after
{Heap after GC invocations=32 (full 0):
 garbage-first heap   total 227328K, used 59233K [0x0000000080000000, 0x0000000100000000)
  region size 1024K, 10 young (10240K), 10 survivors (10240K)
 Metaspace       used 73799K, capacity 75660K, committed 75852K, reserved 1114112K
  class space    used 9522K, capacity 10204K, committed 10316K, reserved 1048576K
}
Event: 29.482 GC heap before
{Heap before GC invocations=32 (full 0):
 garbage-first heap   total 227328K, used 159585K [0x0000000080000000, 0x0000000100000000)
  region size 1024K, 108 young (110592K), 10 survivors (10240K)
 Metaspace       used 77469K, capacity 79489K, committed 79820K, reserved 1118208K
  class space    used 10065K, capacity 10817K, committed 10956K, reserved 1048576K
}
Event: 29.516 GC heap after
{Heap after GC invocations=33 (full 0):
 garbage-first heap   total 227328K, used 62825K [0x0000000080000000, 0x0000000100000000)
  region size 1024K, 10 young (10240K), 10 survivors (10240K)
 Metaspace       used 77469K, capacity 79489K, committed 79820K, reserved 1118208K
  class space    used 10065K, capacity 10817K, committed 10956K, reserved 1048576K
}
Event: 30.903 GC heap before
{Heap before GC invocations=33 (full 0):
 garbage-first heap   total 227328K, used 171369K [0x0000000080000000, 0x0000000100000000)
  region size 1024K, 116 young (118784K), 10 survivors (10240K)
 Metaspace       used 82198K, capacity 84369K, committed 84556K, reserved 1122304K
  class space    used 10703K, capacity 11501K, committed 11596K, reserved 1048576K
}
Event: 30.931 GC heap after
{Heap after GC invocations=34 (full 0):
 garbage-first heap   total 273408K, used 67014K [0x0000000080000000, 0x0000000100000000)
  region size 1024K, 11 young (11264K), 11 survivors (11264K)
 Metaspace       used 82198K, capacity 84369K, committed 84556K, reserved 1122304K
  class space    used 10703K, capacity 11501K, committed 11596K, reserved 1048576K
}

Deoptimization events (20 events):
Event: 30.204 Thread 0x00000172866c7000 DEOPT PACKING pc=0x00000172f38800c4 sp=0x0000001d133f92f0
Event: 30.204 Thread 0x00000172866c7000 DEOPT UNPACKING pc=0x00000172eb8da1af sp=0x0000001d133f9268 mode 2
Event: 30.290 Thread 0x00000172866c7000 Uncommon trap: trap_request=0xffffffcc fr.pc=0x00000172f381d108 relative=0x0000000000000248
Event: 30.290 Thread 0x00000172866c7000 Uncommon trap: reason=intrinsic_or_type_checked_inlining action=make_not_entrant pc=0x00000172f381d108 method=java.util.Arrays.copyOfRange([Ljava/lang/Object;IILjava/lang/Class;)[Ljava/lang/Object; @ 83 c2
Event: 30.291 Thread 0x00000172866c7000 DEOPT PACKING pc=0x00000172f381d108 sp=0x0000001d133f9530
Event: 30.291 Thread 0x00000172866c7000 DEOPT UNPACKING pc=0x00000172eb8da1af sp=0x0000001d133f94d0 mode 2
Event: 30.341 Thread 0x00000172866c7000 DEOPT PACKING pc=0x00000172ecc0674b sp=0x0000001d133f7e90
Event: 30.341 Thread 0x00000172866c7000 DEOPT UNPACKING pc=0x00000172eb8da95e sp=0x0000001d133f7458 mode 0
Event: 30.409 Thread 0x00000172866c7000 Uncommon trap: trap_request=0xffffff4d fr.pc=0x00000172f3806c04 relative=0x0000000000000684
Event: 30.409 Thread 0x00000172866c7000 Uncommon trap: reason=unstable_if action=reinterpret pc=0x00000172f3806c04 method=java.util.HashMap.putVal(ILjava/lang/Object;Ljava/lang/Object;ZZ)Ljava/lang/Object; @ 109 c2
Event: 30.409 Thread 0x00000172866c7000 DEOPT PACKING pc=0x00000172f3806c04 sp=0x0000001d133f7950
Event: 30.409 Thread 0x00000172866c7000 DEOPT UNPACKING pc=0x00000172eb8da1af sp=0x0000001d133f78d8 mode 2
Event: 30.814 Thread 0x00000172866c7000 DEOPT PACKING pc=0x00000172ece55df0 sp=0x0000001d133f82b0
Event: 30.814 Thread 0x00000172866c7000 DEOPT UNPACKING pc=0x00000172eb8da95e sp=0x0000001d133f7790 mode 0
Event: 30.856 Thread 0x00000172866c7000 DEOPT PACKING pc=0x00000172ed0f686c sp=0x0000001d133f8c30
Event: 30.857 Thread 0x00000172866c7000 DEOPT UNPACKING pc=0x00000172eb8da95e sp=0x0000001d133f8148 mode 0
Event: 31.027 Thread 0x00000172866c7000 DEOPT PACKING pc=0x00000172eceedda5 sp=0x0000001d133f99a0
Event: 31.027 Thread 0x00000172866c7000 DEOPT UNPACKING pc=0x00000172eb8da95e sp=0x0000001d133f8ef8 mode 0
Event: 31.196 Thread 0x00000172866c7000 DEOPT PACKING pc=0x00000172ece55df0 sp=0x0000001d133f8c00
Event: 31.196 Thread 0x00000172866c7000 DEOPT UNPACKING pc=0x00000172eb8da95e sp=0x0000001d133f80e0 mode 0

Classes redefined (0 events):
No events

Internal exceptions (20 events):
Event: 31.289 Thread 0x00000172866c7000 Exception <a 'java/lang/ClassNotFoundException'{0x000000008efe3e18}: java/lang/ClassBeanInfo> (0x000000008efe3e18) thrown at [src/hotspot/share/classfile/systemDictionary.cpp, line 230]
Event: 31.289 Thread 0x00000172866c7000 Exception <a 'java/lang/ClassNotFoundException'{0x000000008efede20}: java/lang/ClassCustomizer> (0x000000008efede20) thrown at [src/hotspot/share/classfile/systemDictionary.cpp, line 230]
Event: 31.301 Thread 0x00000172866c7000 Exception <a 'java/lang/ClassNotFoundException'{0x000000008eea9ad0}: org/gradle/api/DefaultTask_DecoratedBeanInfo> (0x000000008eea9ad0) thrown at [src/hotspot/share/classfile/systemDictionary.cpp, line 230]
Event: 31.302 Thread 0x00000172866c7000 Exception <a 'java/lang/ClassNotFoundException'{0x000000008eec0048}: org/gradle/api/DefaultTask_DecoratedCustomizer> (0x000000008eec0048) thrown at [src/hotspot/share/classfile/systemDictionary.cpp, line 230]
Event: 31.308 Thread 0x00000172866c7000 Exception <a 'java/lang/ClassNotFoundException'{0x000000008ed31d48}: com/android/build/gradle/internal/tasks/AndroidVariantTask_DecoratedBeanInfo> (0x000000008ed31d48) thrown at [src/hotspot/share/classfile/systemDictionary.cpp, line 230]
Event: 31.311 Thread 0x00000172866c7000 Exception <a 'java/lang/ClassNotFoundException'{0x000000008ed4e930}: com/android/build/gradle/internal/tasks/AndroidVariantTask_DecoratedCustomizer> (0x000000008ed4e930) thrown at [src/hotspot/share/classfile/systemDictionary.cpp, line 230]
Event: 31.317 Thread 0x00000172866c7000 Exception <a 'java/lang/ClassNotFoundException'{0x000000008edddce0}: com/android/build/gradle/internal/tasks/MergeNativeDebugMetadataTask_DecoratedBeanInfo> (0x000000008edddce0) thrown at [src/hotspot/share/classfile/systemDictionary.cpp, line 230]
Event: 31.318 Thread 0x00000172866c7000 Exception <a 'java/lang/ClassNotFoundException'{0x000000008edfa690}: com/android/build/gradle/internal/tasks/MergeNativeDebugMetadataTaskBeanInfo> (0x000000008edfa690) thrown at [src/hotspot/share/classfile/systemDictionary.cpp, line 230]
Event: 31.319 Thread 0x00000172866c7000 Exception <a 'java/lang/ClassNotFoundException'{0x000000008ec17770}: com/android/build/gradle/internal/tasks/MergeNativeDebugMetadataTaskCustomizer> (0x000000008ec17770) thrown at [src/hotspot/share/classfile/systemDictionary.cpp, line 230]
Event: 31.321 Thread 0x00000172866c7000 Exception <a 'java/lang/ClassNotFoundException'{0x000000008ec47d80}: com/android/build/gradle/internal/tasks/MergeNativeDebugMetadataTask_DecoratedCustomizer> (0x000000008ec47d80) thrown at [src/hotspot/share/classfile/systemDictionary.cpp, line 230]
Event: 31.328 Thread 0x00000172866c7000 Exception <a 'java/lang/ClassNotFoundException'{0x000000008ecdc828}: com/android/build/gradle/tasks/AidlCompile_DecoratedBeanInfo> (0x000000008ecdc828) thrown at [src/hotspot/share/classfile/systemDictionary.cpp, line 230]
Event: 31.329 Thread 0x00000172866c7000 Exception <a 'java/lang/ClassNotFoundException'{0x000000008ecf4d08}: com/android/build/gradle/tasks/AidlCompileBeanInfo> (0x000000008ecf4d08) thrown at [src/hotspot/share/classfile/systemDictionary.cpp, line 230]
Event: 31.330 Thread 0x00000172866c7000 Exception <a 'java/lang/ClassNotFoundException'{0x000000008eb0de78}: com/android/build/gradle/tasks/AidlCompileCustomizer> (0x000000008eb0de78) thrown at [src/hotspot/share/classfile/systemDictionary.cpp, line 230]
Event: 31.334 Thread 0x00000172866c7000 Exception <a 'java/lang/ClassNotFoundException'{0x000000008eb4c3d0}: com/android/build/gradle/tasks/AidlCompile_DecoratedCustomizer> (0x000000008eb4c3d0) thrown at [src/hotspot/share/classfile/systemDictionary.cpp, line 230]
Event: 31.344 Thread 0x00000172866c7000 Exception <a 'java/lang/ClassNotFoundException'{0x000000008ea0b138}: com/android/build/gradle/tasks/RenderscriptCompile_DecoratedBeanInfo> (0x000000008ea0b138) thrown at [src/hotspot/share/classfile/systemDictionary.cpp, line 230]
Event: 31.345 Thread 0x00000172866c7000 Exception <a 'java/lang/ClassNotFoundException'{0x000000008ea249f8}: com/android/build/gradle/tasks/RenderscriptCompileBeanInfo> (0x000000008ea249f8) thrown at [src/hotspot/share/classfile/systemDictionary.cpp, line 230]
Event: 31.346 Thread 0x00000172866c7000 Exception <a 'java/lang/ClassNotFoundException'{0x000000008ea3ddd8}: com/android/build/gradle/internal/tasks/NdkTaskBeanInfo> (0x000000008ea3ddd8) thrown at [src/hotspot/share/classfile/systemDictionary.cpp, line 230]
Event: 31.347 Thread 0x00000172866c7000 Exception <a 'java/lang/ClassNotFoundException'{0x000000008ea56f58}: com/android/build/gradle/internal/tasks/NdkTaskCustomizer> (0x000000008ea56f58) thrown at [src/hotspot/share/classfile/systemDictionary.cpp, line 230]
Event: 31.349 Thread 0x00000172866c7000 Exception <a 'java/lang/ClassNotFoundException'{0x000000008ea89198}: com/android/build/gradle/tasks/RenderscriptCompileCustomizer> (0x000000008ea89198) thrown at [src/hotspot/share/classfile/systemDictionary.cpp, line 230]
Event: 31.352 Thread 0x00000172866c7000 Exception <a 'java/lang/ClassNotFoundException'{0x000000008eacfd78}: com/android/build/gradle/tasks/RenderscriptCompile_DecoratedCustomizer> (0x000000008eacfd78) thrown at [src/hotspot/share/classfile/systemDictionary.cpp, line 230]

Events (20 events):
Event: 31.346 loading class com/android/build/gradle/internal/tasks/NdkTaskCustomizer
Event: 31.346 loading class com/android/build/gradle/internal/tasks/NdkTaskCustomizer done
Event: 31.346 loading class com/android/build/gradle/internal/tasks/NdkTaskCustomizer
Event: 31.346 loading class com/android/build/gradle/internal/tasks/NdkTaskCustomizer done
Event: 31.347 loading class com/android/build/gradle/internal/tasks/NdkTaskCustomizer
Event: 31.347 loading class com/android/build/gradle/internal/tasks/NdkTaskCustomizer done
Event: 31.348 loading class com/android/build/gradle/tasks/RenderscriptCompileCustomizer
Event: 31.348 loading class com/android/build/gradle/tasks/RenderscriptCompileCustomizer done
Event: 31.348 loading class com/android/build/gradle/tasks/RenderscriptCompileCustomizer
Event: 31.348 loading class com/android/build/gradle/tasks/RenderscriptCompileCustomizer done
Event: 31.349 loading class com/android/build/gradle/tasks/RenderscriptCompileCustomizer
Event: 31.349 loading class com/android/build/gradle/tasks/RenderscriptCompileCustomizer done
Event: 31.351 loading class com/android/build/gradle/tasks/RenderscriptCompile_DecoratedCustomizer
Event: 31.351 loading class com/android/build/gradle/tasks/RenderscriptCompile_DecoratedCustomizer done
Event: 31.351 loading class com/android/build/gradle/tasks/RenderscriptCompile_DecoratedCustomizer
Event: 31.351 loading class com/android/build/gradle/tasks/RenderscriptCompile_DecoratedCustomizer done
Event: 31.352 loading class com/android/build/gradle/tasks/RenderscriptCompile_DecoratedCustomizer
Event: 31.352 loading class com/android/build/gradle/tasks/RenderscriptCompile_DecoratedCustomizer done
Event: 31.358 loading class groovy/runtime/metaclass/com/android/build/gradle/internal/tasks/databinding/DataBindingMergeDependencyArtifactsTask_DecoratedMetaClass
Event: 31.358 loading class groovy/runtime/metaclass/com/android/build/gradle/internal/tasks/databinding/DataBindingMergeDependencyArtifactsTask_DecoratedMetaClass done


Dynamic libraries:
0x00007ff605dd0000 - 0x00007ff605dda000 	C:\Program Files\Android\Android Studio\jbr\bin\java.exe
0x00007ffe327f0000 - 0x00007ffe329e8000 	C:\WINDOWS\SYSTEM32\ntdll.dll
0x00007ffe31d30000 - 0x00007ffe31def000 	C:\WINDOWS\System32\KERNEL32.DLL
0x00007ffe30000000 - 0x00007ffe302da000 	C:\WINDOWS\System32\KERNELBASE.dll
0x00007ffe2ff00000 - 0x00007ffe30000000 	C:\WINDOWS\System32\ucrtbase.dll
0x00007ffe28820000 - 0x00007ffe28837000 	C:\Program Files\Android\Android Studio\jbr\bin\jli.dll
0x00007ffe32600000 - 0x00007ffe3279d000 	C:\WINDOWS\System32\USER32.dll
0x00007ffe30780000 - 0x00007ffe307a2000 	C:\WINDOWS\System32\win32u.dll
0x00007ffe31400000 - 0x00007ffe3142b000 	C:\WINDOWS\System32\GDI32.dll
0x00007ffe303c0000 - 0x00007ffe304d0000 	C:\WINDOWS\System32\gdi32full.dll
0x00007ffe307b0000 - 0x00007ffe3084d000 	C:\WINDOWS\System32\msvcp_win.dll
0x00007ffe2cfe0000 - 0x00007ffe2cffb000 	C:\Program Files\Android\Android Studio\jbr\bin\VCRUNTIME140.dll
0x00007ffe1e340000 - 0x00007ffe1e5da000 	C:\WINDOWS\WinSxS\amd64_microsoft.windows.common-controls_6595b64144ccf1df_6.0.19041.1110_none_60b5254171f9507e\COMCTL32.dll
0x00007ffe32240000 - 0x00007ffe322de000 	C:\WINDOWS\System32\msvcrt.dll
0x00007ffe30850000 - 0x00007ffe30880000 	C:\WINDOWS\System32\IMM32.DLL
0x00007ffe2cc90000 - 0x00007ffe2cc9c000 	C:\Program Files\Android\Android Studio\jbr\bin\vcruntime140_1.dll
0x00007ffe0a2f0000 - 0x00007ffe0a37d000 	C:\Program Files\Android\Android Studio\jbr\bin\msvcp140.dll
0x00007ffdcc9a0000 - 0x00007ffdcd55c000 	C:\Program Files\Android\Android Studio\jbr\bin\server\jvm.dll
0x00007ffe31c80000 - 0x00007ffe31d2e000 	C:\WINDOWS\System32\ADVAPI32.dll
0x00007ffe310f0000 - 0x00007ffe3118c000 	C:\WINDOWS\System32\sechost.dll
0x00007ffe324d0000 - 0x00007ffe325f6000 	C:\WINDOWS\System32\RPCRT4.dll
0x00007ffe30880000 - 0x00007ffe30888000 	C:\WINDOWS\System32\PSAPI.DLL
0x00007ffe2ca20000 - 0x00007ffe2ca29000 	C:\WINDOWS\SYSTEM32\WSOCK32.dll
0x00007ffe321d0000 - 0x00007ffe3223b000 	C:\WINDOWS\System32\WS2_32.dll
0x00007ffe1d6c0000 - 0x00007ffe1d6e7000 	C:\WINDOWS\SYSTEM32\WINMM.dll
0x00007ffe209f0000 - 0x00007ffe209fa000 	C:\WINDOWS\SYSTEM32\VERSION.dll
0x00007ffe2e710000 - 0x00007ffe2e722000 	C:\WINDOWS\SYSTEM32\kernel.appcore.dll
0x00007ffe2b220000 - 0x00007ffe2b230000 	C:\Program Files\Android\Android Studio\jbr\bin\verify.dll
0x00007ffe1bf90000 - 0x00007ffe1c174000 	C:\WINDOWS\SYSTEM32\DBGHELP.DLL
0x00007ffe1bf50000 - 0x00007ffe1bf84000 	C:\WINDOWS\SYSTEM32\dbgcore.DLL
0x00007ffe302e0000 - 0x00007ffe30362000 	C:\WINDOWS\System32\bcryptPrimitives.dll
0x00007ffe23740000 - 0x00007ffe23768000 	C:\Program Files\Android\Android Studio\jbr\bin\java.dll
0x00007ffe2af80000 - 0x00007ffe2af8a000 	C:\Program Files\Android\Android Studio\jbr\bin\jimage.dll
0x00007ffe2a450000 - 0x00007ffe2a45e000 	C:\Program Files\Android\Android Studio\jbr\bin\instrument.dll
0x00007ffe25080000 - 0x00007ffe25098000 	C:\Program Files\Android\Android Studio\jbr\bin\zip.dll
0x00007ffe314a0000 - 0x00007ffe31be4000 	C:\WINDOWS\System32\SHELL32.dll
0x00007ffe2deb0000 - 0x00007ffe2e643000 	C:\WINDOWS\SYSTEM32\windows.storage.dll
0x00007ffe31df0000 - 0x00007ffe32144000 	C:\WINDOWS\System32\combase.dll
0x00007ffe2f7a0000 - 0x00007ffe2f7ce000 	C:\WINDOWS\SYSTEM32\Wldp.dll
0x00007ffe308f0000 - 0x00007ffe3099d000 	C:\WINDOWS\System32\SHCORE.dll
0x00007ffe31190000 - 0x00007ffe311e5000 	C:\WINDOWS\System32\shlwapi.dll
0x00007ffe2fe40000 - 0x00007ffe2fe5f000 	C:\WINDOWS\SYSTEM32\profapi.dll
0x00007ffe29fb0000 - 0x00007ffe29fba000 	C:\Program Files\Android\Android Studio\jbr\bin\management.dll
0x00007ffe28890000 - 0x00007ffe2889b000 	C:\Program Files\Android\Android Studio\jbr\bin\management_ext.dll
0x00007ffe24eb0000 - 0x00007ffe24ec9000 	C:\Program Files\Android\Android Studio\jbr\bin\net.dll
0x00007ffe221f0000 - 0x00007ffe222fa000 	C:\WINDOWS\SYSTEM32\WINHTTP.dll
0x00007ffe2f580000 - 0x00007ffe2f5ea000 	C:\WINDOWS\system32\mswsock.dll
0x00007ffe24950000 - 0x00007ffe24963000 	C:\Program Files\Android\Android Studio\jbr\bin\nio.dll
0x00007ffe1f250000 - 0x00007ffe1f267000 	C:\WINDOWS\system32\napinsp.dll
0x00007ffe24c70000 - 0x00007ffe24c8b000 	C:\WINDOWS\system32\pnrpnsp.dll
0x00007ffe29f30000 - 0x00007ffe29f45000 	C:\WINDOWS\system32\wshbth.dll
0x00007ffe2b1e0000 - 0x00007ffe2b1fd000 	C:\WINDOWS\system32\NLAapi.dll
0x00007ffe2f290000 - 0x00007ffe2f2cc000 	C:\WINDOWS\SYSTEM32\IPHLPAPI.DLL
0x00007ffe2f2d0000 - 0x00007ffe2f39b000 	C:\WINDOWS\SYSTEM32\DNSAPI.dll
0x00007ffe327a0000 - 0x00007ffe327a8000 	C:\WINDOWS\System32\NSI.dll
0x00007ffe28a30000 - 0x00007ffe28a42000 	C:\WINDOWS\System32\winrnr.dll
0x00007ffe20e00000 - 0x00007ffe20e0a000 	C:\Windows\System32\rasadhlp.dll
0x00007ffe21fb0000 - 0x00007ffe22030000 	C:\WINDOWS\System32\fwpuclnt.dll
0x00007ffe30750000 - 0x00007ffe30777000 	C:\WINDOWS\System32\bcrypt.dll
0x00007ffe10e30000 - 0x00007ffe10e57000 	C:\Users\shahzaib lptp\AndroidStudioProjects\loginsqlite\native\e1d6ef7f7dcc3fd88c89a11ec53ec762bb8ba0a96d01ffa2cd45eb1d1d8dd5c5\windows-amd64\native-platform.dll
0x00007ffe04f90000 - 0x00007ffe050d4000 	C:\Users\shahzaib lptp\AndroidStudioProjects\loginsqlite\native\0d407fdbe67a94daf76414ababcb853783967236a71b16ec16e742cd7a986fd3\windows-amd64\native-platform-file-events.dll
0x00007ffe2fb20000 - 0x00007ffe2fb38000 	C:\WINDOWS\SYSTEM32\CRYPTSP.dll
0x00007ffe2eec0000 - 0x00007ffe2eef4000 	C:\WINDOWS\system32\rsaenh.dll
0x00007ffe2fe00000 - 0x00007ffe2fe2e000 	C:\WINDOWS\SYSTEM32\USERENV.dll
0x00007ffe2f710000 - 0x00007ffe2f71c000 	C:\WINDOWS\SYSTEM32\CRYPTBASE.dll
0x00007ffe23110000 - 0x00007ffe23127000 	C:\WINDOWS\SYSTEM32\dhcpcsvc6.DLL
0x00007ffe230f0000 - 0x00007ffe2310d000 	C:\WINDOWS\SYSTEM32\dhcpcsvc.DLL

dbghelp: loaded successfully - version: 4.0.5 - missing functions: none
symbol engine: initialized successfully - sym options: 0x614 - pdb path: .;C:\Program Files\Android\Android Studio\jbr\bin;C:\WINDOWS\SYSTEM32;C:\WINDOWS\WinSxS\amd64_microsoft.windows.common-controls_6595b64144ccf1df_6.0.19041.1110_none_60b5254171f9507e;C:\Program Files\Android\Android Studio\jbr\bin\server;C:\Users\shahzaib lptp\AndroidStudioProjects\loginsqlite\native\e1d6ef7f7dcc3fd88c89a11ec53ec762bb8ba0a96d01ffa2cd45eb1d1d8dd5c5\windows-amd64;C:\Users\shahzaib lptp\AndroidStudioProjects\loginsqlite\native\0d407fdbe67a94daf76414ababcb853783967236a71b16ec16e742cd7a986fd3\windows-amd64

VM Arguments:
jvm_args: -javaagent:C:\Program Files\Android\Android Studio\plugins\android\resources\trace_agent.jar=C:\Users\SHAHZA~1\AppData\Local\Temp\sync.trace.profile --add-opens=java.base/java.util=ALL-UNNAMED --add-opens=java.base/java.lang=ALL-UNNAMED --add-opens=java.base/java.lang.invoke=ALL-UNNAMED --add-opens=java.base/java.util=ALL-UNNAMED --add-opens=java.prefs/java.util.prefs=ALL-UNNAMED --add-opens=java.prefs/java.util.prefs=ALL-UNNAMED --add-opens=java.base/java.nio.charset=ALL-UNNAMED --add-opens=java.base/java.net=ALL-UNNAMED --add-opens=java.base/java.util.concurrent.atomic=ALL-UNNAMED -Xmx2048m -Dfile.encoding=UTF-8 -Duser.country=US -Duser.language=en -Duser.variant 
java_command: org.gradle.launcher.daemon.bootstrap.GradleDaemon 7.5
java_class_path (initial): C:\Users\shahzaib lptp\AndroidStudioProjects\loginsqlite\wrapper\dists\gradle-7.5-bin\f1w0cc9nuo0eivz97x2xlu9sv\gradle-7.5\lib\gradle-launcher-7.5.jar
Launcher Type: SUN_STANDARD

[Global flags]
     intx CICompilerCount                          = 3                                         {product} {ergonomic}
     uint ConcGCThreads                            = 1                                         {product} {ergonomic}
     uint G1ConcRefinementThreads                  = 4                                         {product} {ergonomic}
   size_t G1HeapRegionSize                         = 1048576                                   {product} {ergonomic}
    uintx GCDrainStackTargetSize                   = 64                                        {product} {ergonomic}
   size_t InitialHeapSize                          = 134217728                                 {product} {ergonomic}
   size_t MarkStackSize                            = 4194304                                   {product} {ergonomic}
   size_t MaxHeapSize                              = 2147483648                                {product} {command line}
   size_t MaxNewSize                               = 1287651328                                {product} {ergonomic}
   size_t MinHeapDeltaBytes                        = 1048576                                   {product} {ergonomic}
    uintx NonNMethodCodeHeapSize                   = 5830732                                {pd product} {ergonomic}
    uintx NonProfiledCodeHeapSize                  = 122913754                              {pd product} {ergonomic}
    uintx ProfiledCodeHeapSize                     = 122913754                              {pd product} {ergonomic}
    uintx ReservedCodeCacheSize                    = 251658240                              {pd product} {ergonomic}
     bool SegmentedCodeCache                       = true                                      {product} {ergonomic}
     bool UseCompressedClassPointers               = true                                 {lp64_product} {ergonomic}
     bool UseCompressedOops                        = true                                 {lp64_product} {ergonomic}
     bool UseG1GC                                  = true                                      {product} {ergonomic}
     bool UseLargePagesIndividualAllocation        = false                                  {pd product} {ergonomic}

Logging:
Log output configuration:
 #0: stdout all=warning uptime,level,tags
 #1: stderr all=off uptime,level,tags

Environment Variables:
PATH=C:\Program Files\Python310\Scripts\;C:\Program Files\Python310\;C:\Program Files\Common Files\Oracle\Java\javapath;C:\app\bin;C:\app\shahzaiblptp\product\11.2.0\dbhome_1\bin;C:\WINDOWS\system32;C:\WINDOWS;C:\WINDOWS\System32\Wbem;C:\WINDOWS\System32\WindowsPowerShell\v1.0\;c:\Program Files (x86)\Microsoft SQL Server\100\Tools\Binn\;c:\Program Files\Microsoft SQL Server\100\Tools\Binn\;c:\Program Files\Microsoft SQL Server\100\DTS\Binn\;C:\WINDOWS\System32\OpenSSH\;C:\ProgramData\chocolatey\bin;%JAVA_HOME%\bin;C:\Users\shahzaib lptp\AppData\Local\Microsoft\WindowsApps;C:\Program Files\JetBrains\IntelliJ IDEA Community Edition 2021.3\bin;;C:\Program Files\Python310\PyCharm Community Edition 2022.1\bin;;C:\Users\shahzaib lptp\AppData\Local\Programs\Microsoft VS Code\bin;C:\Program Files\flutter\bin;C:\src\flutter\bin;C:\Program Files\Android\Android Studio\bin;
USERNAME=shahzaib lptp
OS=Windows_NT
PROCESSOR_IDENTIFIER=Intel64 Family 6 Model 69 Stepping 1, GenuineIntel



---------------  S Y S T E M  ---------------

OS: Windows 10 , 64 bit Build 19041 (10.0.19041.2788)
OS uptime: 8 days 17:49 hours
Hyper-V role detected

CPU:total 4 (initial active 4) (2 cores per cpu, 2 threads per core) family 6 model 69 stepping 1 microcode 0x26, cmov, cx8, fxsr, mmx, sse, sse2, sse3, ssse3, sse4.1, sse4.2, popcnt, avx, avx2, aes, clmul, erms, lzcnt, ht, tsc, tscinvbit, bmi1, bmi2, fma

Memory: 4k page, system-wide physical 8073M (938M free)
TotalPageFile size 10073M (AvailPageFile size 5M)
current process WorkingSet (physical memory assigned to process): 526M, peak: 526M
current process commit charge ("private bytes"): 557M, peak: 560M

vm_info: OpenJDK 64-Bit Server VM (11.0.15+0-b2043.56-9505619) for windows-amd64 JRE (11.0.15+0-b2043.56-9505619), built on Jan 19 2023 02:48:00 by "builduser" with unknown MS VC++:1929

END.
