#
# There is insufficient memory for the Java Runtime Environment to continue.
# Native memory allocation (malloc) failed to allocate 1125936 bytes for Chunk::new
# Possible reasons:
#   The system is out of physical RAM or swap space
#   The process is running with CompressedOops enabled, and the Java Heap may be blocking the growth of the native heap
# Possible solutions:
#   Reduce memory load on the system
#   Increase physical memory or swap space
#   Check if swap backing store is full
#   Decrease Java heap size (-Xmx/-Xms)
#   Decrease number of Java threads
#   Decrease Java thread stack sizes (-Xss)
#   Set larger code cache with -XX:ReservedCodeCacheSize=
#   JVM is running with Unscaled Compressed Oops mode in which the Java heap is
#     placed in the first 4GB address space. The Java Heap base address is the
#     maximum limit for the native heap growth. Please use -XX:HeapBaseMinAddress
#     to set the Java Heap base and to place the Java Heap above 4GB virtual address.
# This output file may be truncated or incomplete.
#
#  Out of Memory Error (src/hotspot/share/memory/arena.cpp:197), pid=12664, tid=13920
#
# JRE version: OpenJDK Runtime Environment (11.0.15) (build 11.0.15+0-b2043.56-9505619)
# Java VM: OpenJDK 64-Bit Server VM (11.0.15+0-b2043.56-9505619, mixed mode, tiered, compressed oops, g1 gc, windows-amd64)
# No core dump will be written. Minidumps are not enabled by default on client versions of Windows
#

---------------  S U M M A R Y ------------

Command Line: --add-opens=java.base/java.util.concurrent.atomic=ALL-UNNAMED -javaagent:C:\Program Files\Android\Android Studio\plugins\android\resources\trace_agent.jar=C:\Users\SHAHZA~1\AppData\Local\Temp\sync.trace.profile --add-opens=java.base/java.util=ALL-UNNAMED --add-opens=java.base/java.lang=ALL-UNNAMED --add-opens=java.base/java.lang.invoke=ALL-UNNAMED --add-opens=java.prefs/java.util.prefs=ALL-UNNAMED --add-opens=java.base/java.nio.charset=ALL-UNNAMED --add-opens=java.base/java.net=ALL-UNNAMED --add-opens=java.base/java.util.concurrent.atomic=ALL-UNNAMED -Xmx2048m -Dfile.encoding=UTF-8 -Duser.country=US -Duser.language=en -Duser.variant -javaagent:C:\Users\shahzaib lptp\AndroidStudioProjects\loginsqlite\wrapper\dists\gradle-8.3-rc-1-bin\3lbs5z64xhcdp1uarsx2vp16o\gradle-8.3-rc-1\lib\agents\gradle-instrumentation-agent-8.3.jar org.gradle.launcher.daemon.bootstrap.GradleDaemon 8.3-rc-1

Host: Intel(R) Core(TM) i5-4310U CPU @ 2.00GHz, 4 cores, 7G,  Windows 10 , 64 bit Build 19041 (10.0.19041.3031)
Time: Fri Jul 28 00:45:45 2023 Pakistan Standard Time elapsed time: 4600.298298 seconds (0d 1h 16m 40s)

---------------  T H R E A D  ---------------

Current thread (0x000001ab4389a000):  JavaThread "C2 CompilerThread0" daemon [_thread_in_native, id=13920, stack(0x0000001631800000,0x0000001631900000)]


Current CompileTask:
C2:4600298 34015 % !   4       java.io.BufferedReader::readLine @ 128 (306 bytes)

Stack: [0x0000001631800000,0x0000001631900000]
Native frames: (J=compiled Java code, j=interpreted, Vv=VM code, C=native code)
V  [jvm.dll+0x64135a]
V  [jvm.dll+0x7d39f9]
V  [jvm.dll+0x7d51b9]
V  [jvm.dll+0x7d58a3]
V  [jvm.dll+0x2691c5]
V  [jvm.dll+0xc1a5c]
V  [jvm.dll+0xc200c]
V  [jvm.dll+0x3774a7]
V  [jvm.dll+0x1b3914]
V  [jvm.dll+0x22163e]
V  [jvm.dll+0x220498]
V  [jvm.dll+0x19e851]
V  [jvm.dll+0x230479]
V  [jvm.dll+0x22e5ef]
V  [jvm.dll+0x794de1]
V  [jvm.dll+0x78dc24]
V  [jvm.dll+0x6400f6]
C  [ucrtbase.dll+0x21bb2]
C  [KERNEL32.DLL+0x17614]
C  [ntdll.dll+0x526f1]


---------------  P R O C E S S  ---------------

Threads class SMR info:
_java_thread_list=0x000001ab522eedb0, length=114, elements={
0x000001ab29c62800, 0x000001ab43878000, 0x000001ab43879000, 0x000001ab43895800,
0x000001ab43896000, 0x000001ab43897000, 0x000001ab4389a000, 0x000001ab4389b000,
0x000001ab44256000, 0x000001ab29d3c000, 0x000001ab44d83000, 0x000001ab445bd000,
0x000001ab44566000, 0x000001ab48333800, 0x000001ab48334000, 0x000001ab48335000,
0x000001ab48335800, 0x000001ab49023000, 0x000001ab49021800, 0x000001ab49022000,
0x000001ab4901f000, 0x000001ab49025800, 0x000001ab4902c800, 0x000001ab49027000,
0x000001ab48fc9000, 0x000001ab48fd1000, 0x000001ab4653d000, 0x000001ab48fcd000,
0x000001ab46544000, 0x000001ab4d61e000, 0x000001ab4d61a800, 0x000001ab4d61f800,
0x000001ab4d61a000, 0x000001ab48fcf800, 0x000001ab51e77000, 0x000001ab51e73000,
0x000001ab51e79800, 0x000001ab51e72800, 0x000001ab51e70000, 0x000001ab4654c000,
0x000001ab51e75800, 0x000001ab51e79000, 0x000001ab51e71800, 0x000001ab45027000,
0x000001ab45022800, 0x000001ab45028800, 0x000001ab45023800, 0x000001ab45025000,
0x000001ab4d613000, 0x000001ab4d614000, 0x000001ab4d616800, 0x000001ab4d615000,
0x000001ab4d619000, 0x000001ab4d61d000, 0x000001ab4d61b800, 0x000001ab4d61c000,
0x000001ab4d617800, 0x000001ab4d61e800, 0x000001ab4d620800, 0x000001ab4d621000,
0x000001ab4d622000, 0x000001ab51e70800, 0x000001ab51e6c800, 0x000001ab51e6f000,
0x000001ab51e6d800, 0x000001ab51e74000, 0x000001ab51e6e000, 0x000001ab51e7a800,
0x000001ab51e76800, 0x000001ab51e78000, 0x000001ab51e75000, 0x000001ab51e7b800,
0x000001ab46540800, 0x000001ab46543000, 0x000001ab4653f800, 0x000001ab46542000,
0x000001ab4653e000, 0x000001ab46544800, 0x000001ab4653f000, 0x000001ab46546000,
0x000001ab46549800, 0x000001ab48fc8000, 0x000001ab48fcb800, 0x000001ab48fce800,
0x000001ab48fca800, 0x000001ab48fcc000, 0x000001ab48fd5000, 0x000001ab48fd6000,
0x000001ab48fd6800, 0x000001ab49024000, 0x000001ab49020800, 0x000001ab49024800,
0x000001ab4901f800, 0x000001ab4902d800, 0x000001ab504a9000, 0x000001ab504ab800,
0x000001ab504aa000, 0x000001ab504ac000, 0x000001ab504ad000, 0x000001ab504aa800,
0x000001ab504a7800, 0x000001ab504ae000, 0x000001ab504a8000, 0x000001ab504b0800,
0x000001ab504b1000, 0x000001ab504b2000, 0x000001ab504b2800, 0x000001ab504b3800,
0x000001ab504b4800, 0x000001ab504af800, 0x000001ab504ae800, 0x000001ab504b6000,
0x000001ab504b5000, 0x000001ab459e9800
}

Java Threads: ( => current thread )
  0x000001ab29c62800 JavaThread "main" [_thread_blocked, id=14028, stack(0x0000001630c00000,0x0000001630d00000)]
  0x000001ab43878000 JavaThread "Reference Handler" daemon [_thread_blocked, id=13564, stack(0x0000001631300000,0x0000001631400000)]
  0x000001ab43879000 JavaThread "Finalizer" daemon [_thread_blocked, id=14100, stack(0x0000001631400000,0x0000001631500000)]
  0x000001ab43895800 JavaThread "Signal Dispatcher" daemon [_thread_blocked, id=1368, stack(0x0000001631500000,0x0000001631600000)]
  0x000001ab43896000 JavaThread "Attach Listener" daemon [_thread_blocked, id=11632, stack(0x0000001631600000,0x0000001631700000)]
  0x000001ab43897000 JavaThread "Service Thread" daemon [_thread_blocked, id=2440, stack(0x0000001631700000,0x0000001631800000)]
=>0x000001ab4389a000 JavaThread "C2 CompilerThread0" daemon [_thread_in_native, id=13920, stack(0x0000001631800000,0x0000001631900000)]
  0x000001ab4389b000 JavaThread "C1 CompilerThread0" daemon [_thread_in_vm, id=3108, stack(0x0000001631900000,0x0000001631a00000)]
  0x000001ab44256000 JavaThread "Sweeper thread" daemon [_thread_blocked, id=264, stack(0x0000001631a00000,0x0000001631b00000)]
  0x000001ab29d3c000 JavaThread "Common-Cleaner" daemon [_thread_blocked, id=2792, stack(0x0000001631b00000,0x0000001631c00000)]
  0x000001ab44d83000 JavaThread "Daemon health stats" [_thread_blocked, id=14124, stack(0x0000001632000000,0x0000001632100000)]
  0x000001ab445bd000 JavaThread "Incoming local TCP Connector on port 51843" [_thread_in_native, id=13360, stack(0x0000001631c00000,0x0000001631d00000)]
  0x000001ab44566000 JavaThread "Daemon periodic checks" [_thread_blocked, id=14232, stack(0x0000001632200000,0x0000001632300000)]
  0x000001ab48333800 JavaThread "Cache worker for journal cache (C:\Users\shahzaib lptp\AndroidStudioProjects\loginsqlite\caches\journal-1)" [_thread_blocked, id=5588, stack(0x0000001632b00000,0x0000001632c00000)]
  0x000001ab48334000 JavaThread "File lock request listener" [_thread_in_native, id=7152, stack(0x0000001632c00000,0x0000001632d00000)]
  0x000001ab48335000 JavaThread "Cache worker for file hash cache (C:\Users\shahzaib lptp\AndroidStudioProjects\loginsqlite\caches\8.3-rc-1\fileHashes)" [_thread_blocked, id=2224, stack(0x0000001632d00000,0x0000001632e00000)]
  0x000001ab48335800 JavaThread "File watcher server" daemon [_thread_in_native, id=12044, stack(0x0000001632e00000,0x0000001632f00000)]
  0x000001ab49023000 JavaThread "File watcher consumer" daemon [_thread_blocked, id=9212, stack(0x0000001632f00000,0x0000001633000000)]
  0x000001ab49021800 JavaThread "Cache worker for file content cache (C:\Users\shahzaib lptp\AndroidStudioProjects\loginsqlite\caches\8.3-rc-1\fileContent)" [_thread_blocked, id=864, stack(0x0000001633300000,0x0000001633400000)]
  0x000001ab49022000 JavaThread "Cache worker for execution history cache (C:\Users\shahzaib lptp\AndroidStudioProjects\loginsqlite\caches\8.3-rc-1\executionHistory)" [_thread_blocked, id=14220, stack(0x0000001633500000,0x0000001633600000)]
  0x000001ab4901f000 JavaThread "jar transforms" [_thread_blocked, id=10924, stack(0x0000001633600000,0x0000001633700000)]
  0x000001ab49025800 JavaThread "jar transforms Thread 2" [_thread_blocked, id=13604, stack(0x0000001633700000,0x0000001633800000)]
  0x000001ab4902c800 JavaThread "jar transforms Thread 3" [_thread_blocked, id=7808, stack(0x0000001633800000,0x0000001633900000)]
  0x000001ab49027000 JavaThread "jar transforms Thread 4" [_thread_blocked, id=12324, stack(0x0000001633900000,0x0000001633a00000)]
  0x000001ab48fc9000 JavaThread "Memory manager" [_thread_blocked, id=13460, stack(0x0000001634000000,0x0000001634100000)]
  0x000001ab48fd1000 JavaThread "pool-3-thread-1" [_thread_blocked, id=13884, stack(0x0000001634200000,0x0000001634300000)]
  0x000001ab4653d000 JavaThread "Cache worker for Java compile cache (C:\Users\shahzaib lptp\AndroidStudioProjects\loginsqlite\caches\8.3-rc-1\javaCompile)" [_thread_blocked, id=5960, stack(0x0000001630b00000,0x0000001630c00000)]
  0x000001ab48fcd000 JavaThread "pool-8-thread-1" [_thread_blocked, id=11800, stack(0x0000001633e00000,0x0000001633f00000)]
  0x000001ab46544000 JavaThread "pool-13-thread-1" [_thread_blocked, id=7116, stack(0x0000001634100000,0x0000001634200000)]
  0x000001ab4d61e000 JavaThread "pool-17-thread-1" [_thread_blocked, id=8692, stack(0x0000001634300000,0x0000001634400000)]
  0x000001ab4d61a800 JavaThread "pool-21-thread-1" [_thread_blocked, id=5488, stack(0x0000001634400000,0x0000001634500000)]
  0x000001ab4d61f800 JavaThread "pool-26-thread-1" [_thread_blocked, id=10856, stack(0x0000001634500000,0x0000001634600000)]
  0x000001ab4d61a000 JavaThread "pool-31-thread-1" [_thread_blocked, id=12032, stack(0x0000001633f00000,0x0000001634000000)]
  0x000001ab48fcf800 JavaThread "pool-35-thread-1" [_thread_blocked, id=2384, stack(0x0000001634600000,0x0000001634700000)]
  0x000001ab51e77000 JavaThread "pool-39-thread-1" [_thread_blocked, id=13480, stack(0x0000001634700000,0x0000001634800000)]
  0x000001ab51e73000 JavaThread "pool-43-thread-1" [_thread_blocked, id=4452, stack(0x0000001634800000,0x0000001634900000)]
  0x000001ab51e79800 JavaThread "pool-47-thread-1" [_thread_blocked, id=10940, stack(0x0000001634900000,0x0000001634a00000)]
  0x000001ab51e72800 JavaThread "pool-50-thread-1" [_thread_blocked, id=256, stack(0x0000001634a00000,0x0000001634b00000)]
  0x000001ab51e70000 JavaThread "pool-54-thread-1" [_thread_blocked, id=4580, stack(0x0000001634c00000,0x0000001634d00000)]
  0x000001ab4654c000 JavaThread "ForkJoinPool.commonPool-worker-1" daemon [_thread_blocked, id=1320, stack(0x0000001636800000,0x0000001636900000)]
  0x000001ab51e75800 JavaThread "pool-58-thread-1" [_thread_blocked, id=13532, stack(0x0000001634d00000,0x0000001634e00000)]
  0x000001ab51e79000 JavaThread "pool-62-thread-1" [_thread_blocked, id=12948, stack(0x0000001634b00000,0x0000001634c00000)]
  0x000001ab51e71800 JavaThread "pool-66-thread-1" [_thread_blocked, id=8572, stack(0x0000001634e00000,0x0000001634f00000)]
  0x000001ab45027000 JavaThread "Daemon Thread 12" [_thread_blocked, id=13496, stack(0x0000001630900000,0x0000001630a00000)]
  0x000001ab45022800 JavaThread "Handler for socket connection from /127.0.0.1:51843 to /127.0.0.1:56874" [_thread_in_native, id=11812, stack(0x0000001630a00000,0x0000001630b00000)]
  0x000001ab45028800 JavaThread "Cancel handler" [_thread_blocked, id=12740, stack(0x0000001632100000,0x0000001632200000)]
  0x000001ab45023800 JavaThread "Daemon worker Thread 12" [_thread_blocked, id=12088, stack(0x0000001632300000,0x0000001632400000)]
  0x000001ab45025000 JavaThread "Asynchronous log dispatcher for DefaultDaemonConnection: socket connection from /127.0.0.1:51843 to /127.0.0.1:56874" [_thread_blocked, id=7872, stack(0x0000001632400000,0x0000001632500000)]
  0x000001ab4d613000 JavaThread "Stdin handler" [_thread_blocked, id=3784, stack(0x0000001632500000,0x0000001632600000)]
  0x000001ab4d614000 JavaThread "Daemon client event forwarder" [_thread_blocked, id=9764, stack(0x0000001632700000,0x0000001632800000)]
  0x000001ab4d616800 JavaThread "Cache worker for checksums cache (C:\Users\shahzaib lptp\AndroidStudioProjects\EyeonwaterApp\.gradle\8.3-rc-1\checksums)" [_thread_blocked, id=11784, stack(0x0000001632800000,0x0000001632900000)]
  0x000001ab4d615000 JavaThread "Cache worker for file hash cache (C:\Users\shahzaib lptp\AndroidStudioProjects\EyeonwaterApp\.gradle\8.3-rc-1\fileHashes)" [_thread_blocked, id=9236, stack(0x0000001632900000,0x0000001632a00000)]
  0x000001ab4d619000 JavaThread "Cache worker for cache directory md-supplier (C:\Users\shahzaib lptp\AndroidStudioProjects\loginsqlite\caches\8.3-rc-1\md-supplier)" [_thread_blocked, id=11220, stack(0x0000001632a00000,0x0000001632b00000)]
  0x000001ab4d61d000 JavaThread "Cache worker for cache directory md-rule (C:\Users\shahzaib lptp\AndroidStudioProjects\loginsqlite\caches\8.3-rc-1\md-rule)" [_thread_blocked, id=13612, stack(0x0000001633000000,0x0000001633100000)]
  0x000001ab4d61b800 JavaThread "Cache worker for dependencies-accessors (C:\Users\shahzaib lptp\AndroidStudioProjects\EyeonwaterApp\.gradle\8.3-rc-1\dependencies-accessors)" [_thread_blocked, id=9012, stack(0x0000001633100000,0x0000001633200000)]
  0x000001ab4d61c000 JavaThread "Cache worker for Build Output Cleanup Cache (C:\Users\shahzaib lptp\AndroidStudioProjects\EyeonwaterApp\.gradle\buildOutputCleanup)" [_thread_blocked, id=10684, stack(0x0000001633200000,0x0000001633300000)]
  0x000001ab4d617800 JavaThread "Unconstrained build operations" [_thread_blocked, id=14280, stack(0x0000001633a00000,0x0000001633b00000)]
  0x000001ab4d61e800 JavaThread "Unconstrained build operations Thread 2" [_thread_blocked, id=1464, stack(0x0000001633b00000,0x0000001633c00000)]
  0x000001ab4d620800 JavaThread "Unconstrained build operations Thread 3" [_thread_blocked, id=6764, stack(0x0000001633c00000,0x0000001633d00000)]
  0x000001ab4d621000 JavaThread "build event listener" [_thread_blocked, id=6800, stack(0x0000001633d00000,0x0000001633e00000)]
  0x000001ab4d622000 JavaThread "pool-70-thread-1" [_thread_blocked, id=13440, stack(0x0000001634f00000,0x0000001635000000)]
  0x000001ab51e70800 JavaThread "build event listener" [_thread_blocked, id=1576, stack(0x0000001635000000,0x0000001635100000)]
  0x000001ab51e6c800 JavaThread "included builds" [_thread_in_vm, id=7520, stack(0x0000001635100000,0x0000001635200000)]
  0x000001ab51e6f000 JavaThread "Execution worker" [_thread_blocked, id=13404, stack(0x0000001635200000,0x0000001635300000)]
  0x000001ab51e6d800 JavaThread "Execution worker Thread 2" [_thread_blocked, id=3576, stack(0x0000001635300000,0x0000001635400000)]
  0x000001ab51e74000 JavaThread "Execution worker Thread 3" [_thread_blocked, id=10560, stack(0x0000001635400000,0x0000001635500000)]
  0x000001ab51e6e000 JavaThread "Cache worker for execution history cache (C:\Users\shahzaib lptp\AndroidStudioProjects\EyeonwaterApp\.gradle\8.3-rc-1\executionHistory)" [_thread_blocked, id=2732, stack(0x0000001635500000,0x0000001635600000)]
  0x000001ab51e7a800 JavaThread "Unconstrained build operations Thread 4" [_thread_blocked, id=14096, stack(0x0000001635600000,0x0000001635700000)]
  0x000001ab51e76800 JavaThread "Unconstrained build operations Thread 5" [_thread_blocked, id=1508, stack(0x0000001635700000,0x0000001635800000)]
  0x000001ab51e78000 JavaThread "Unconstrained build operations Thread 6" [_thread_blocked, id=11304, stack(0x0000001635800000,0x0000001635900000)]
  0x000001ab51e75000 JavaThread "Unconstrained build operations Thread 7" [_thread_blocked, id=9620, stack(0x0000001635900000,0x0000001635a00000)]
  0x000001ab51e7b800 JavaThread "Unconstrained build operations Thread 8" [_thread_blocked, id=8388, stack(0x0000001635a00000,0x0000001635b00000)]
  0x000001ab46540800 JavaThread "Unconstrained build operations Thread 9" [_thread_blocked, id=12896, stack(0x0000001635b00000,0x0000001635c00000)]
  0x000001ab46543000 JavaThread "WorkerExecutor Queue" [_thread_blocked, id=8620, stack(0x0000001635c00000,0x0000001635d00000)]
  0x000001ab4653f800 JavaThread "Unconstrained build operations Thread 10" [_thread_in_Java, id=6940, stack(0x0000001635d00000,0x0000001635e00000)]
  0x000001ab46542000 JavaThread "Unconstrained build operations Thread 11" [_thread_blocked, id=5220, stack(0x0000001635e00000,0x0000001635f00000)]
  0x000001ab4653e000 JavaThread "Unconstrained build operations Thread 12" [_thread_blocked, id=4848, stack(0x0000001635f00000,0x0000001636000000)]
  0x000001ab46544800 JavaThread "Unconstrained build operations Thread 13" [_thread_blocked, id=12516, stack(0x0000001636000000,0x0000001636100000)]
  0x000001ab4653f000 JavaThread "Unconstrained build operations Thread 14" [_thread_blocked, id=2300, stack(0x0000001636100000,0x0000001636200000)]
  0x000001ab46546000 JavaThread "Unconstrained build operations Thread 15" [_thread_blocked, id=1396, stack(0x0000001636200000,0x0000001636300000)]
  0x000001ab46549800 JavaThread "Unconstrained build operations Thread 16" [_thread_blocked, id=844, stack(0x0000001636300000,0x0000001636400000)]
  0x000001ab48fc8000 JavaThread "Unconstrained build operations Thread 17" [_thread_blocked, id=11768, stack(0x0000001636400000,0x0000001636500000)]
  0x000001ab48fcb800 JavaThread "Unconstrained build operations Thread 18" [_thread_blocked, id=13640, stack(0x0000001636500000,0x0000001636600000)]
  0x000001ab48fce800 JavaThread "Unconstrained build operations Thread 19" [_thread_blocked, id=5048, stack(0x0000001636600000,0x0000001636700000)]
  0x000001ab48fca800 JavaThread "Unconstrained build operations Thread 20" [_thread_blocked, id=10744, stack(0x0000001636700000,0x0000001636800000)]
  0x000001ab48fcc000 JavaThread "Unconstrained build operations Thread 21" [_thread_blocked, id=2320, stack(0x0000001636900000,0x0000001636a00000)]
  0x000001ab48fd5000 JavaThread "WorkerExecutor Queue Thread 2" [_thread_blocked, id=13392, stack(0x0000001636a00000,0x0000001636b00000)]
  0x000001ab48fd6000 JavaThread "Unconstrained build operations Thread 22" [_thread_blocked, id=4292, stack(0x0000001636b00000,0x0000001636c00000)]
  0x000001ab48fd6800 JavaThread "Unconstrained build operations Thread 23" [_thread_blocked, id=4964, stack(0x0000001636c00000,0x0000001636d00000)]
  0x000001ab49024000 JavaThread "Unconstrained build operations Thread 24" [_thread_blocked, id=7200, stack(0x0000001636d00000,0x0000001636e00000)]
  0x000001ab49020800 JavaThread "WorkerExecutor Queue Thread 3" [_thread_blocked, id=7796, stack(0x0000001636e00000,0x0000001636f00000)]
  0x000001ab49024800 JavaThread "WorkerExecutor Queue Thread 4" [_thread_blocked, id=13968, stack(0x0000001636f00000,0x0000001637000000)]
  0x000001ab4901f800 JavaThread "Unconstrained build operations Thread 25" [_thread_blocked, id=10296, stack(0x0000001633400000,0x0000001633500000)]
  0x000001ab4902d800 JavaThread "Unconstrained build operations Thread 26" [_thread_blocked, id=11164, stack(0x0000001637000000,0x0000001637100000)]
  0x000001ab504a9000 JavaThread "Unconstrained build operations Thread 27" [_thread_blocked, id=13992, stack(0x0000001637100000,0x0000001637200000)]
  0x000001ab504ab800 JavaThread "Unconstrained build operations Thread 28" [_thread_blocked, id=8736, stack(0x0000001637200000,0x0000001637300000)]
  0x000001ab504aa000 JavaThread "Unconstrained build operations Thread 29" [_thread_blocked, id=8896, stack(0x0000001637300000,0x0000001637400000)]
  0x000001ab504ac000 JavaThread "Unconstrained build operations Thread 30" [_thread_blocked, id=6580, stack(0x0000001637400000,0x0000001637500000)]
  0x000001ab504ad000 JavaThread "Unconstrained build operations Thread 31" [_thread_blocked, id=5748, stack(0x0000001637500000,0x0000001637600000)]
  0x000001ab504aa800 JavaThread "Unconstrained build operations Thread 32" [_thread_blocked, id=12340, stack(0x0000001637600000,0x0000001637700000)]
  0x000001ab504a7800 JavaThread "Unconstrained build operations Thread 33" [_thread_blocked, id=11440, stack(0x0000001637700000,0x0000001637800000)]
  0x000001ab504ae000 JavaThread "Unconstrained build operations Thread 34" [_thread_blocked, id=4192, stack(0x0000001637900000,0x0000001637a00000)]
  0x000001ab504a8000 JavaThread "pool-71-thread-1" [_thread_blocked, id=8508, stack(0x0000001637a00000,0x0000001637b00000)]
  0x000001ab504b0800 JavaThread "stderr" [_thread_in_native, id=5148, stack(0x0000001637b00000,0x0000001637c00000)]
  0x000001ab504b1000 JavaThread "stdout" [_thread_in_native, id=10300, stack(0x0000001637c00000,0x0000001637d00000)]
  0x000001ab504b2000 JavaThread "Unconstrained build operations Thread 35" [_thread_blocked, id=9280, stack(0x0000001637d00000,0x0000001637e00000)]
  0x000001ab504b2800 JavaThread "Unconstrained build operations Thread 36" [_thread_blocked, id=3100, stack(0x0000001637e00000,0x0000001637f00000)]
  0x000001ab504b3800 JavaThread "Unconstrained build operations Thread 37" [_thread_blocked, id=10716, stack(0x0000001637f00000,0x0000001638000000)]
  0x000001ab504b4800 JavaThread "stderr" [_thread_in_native, id=14016, stack(0x0000001638000000,0x0000001638100000)]
  0x000001ab504af800 JavaThread "stdout" [_thread_in_native, id=5884, stack(0x0000001638100000,0x0000001638200000)]
  0x000001ab504ae800 JavaThread "Unconstrained build operations Thread 38" [_thread_blocked, id=12860, stack(0x0000001638200000,0x0000001638300000)]
  0x000001ab504b6000 JavaThread "Unconstrained build operations Thread 39" [_thread_blocked, id=11876, stack(0x0000001638300000,0x0000001638400000)]
  0x000001ab504b5000 JavaThread "Unconstrained build operations Thread 40" [_thread_blocked, id=8568, stack(0x0000001638400000,0x0000001638500000)]
  0x000001ab459e9800 JavaThread "C2 CompilerThread1" daemon [_thread_in_native, id=5500, stack(0x0000001637800000,0x0000001637900000)]

Other Threads:
  0x000001ab43874000 VMThread "VM Thread" [stack: 0x0000001631200000,0x0000001631300000] [id=7832]
  0x000001ab4545a000 WatcherThread [stack: 0x0000001631d00000,0x0000001631e00000] [id=2828]
  0x000001ab29c7c800 GCTaskThread "GC Thread#0" [stack: 0x0000001630d00000,0x0000001630e00000] [id=11368]
  0x000001ab46514000 GCTaskThread "GC Thread#1" [stack: 0x0000001631e00000,0x0000001631f00000] [id=8240]
  0x000001ab44d5b000 GCTaskThread "GC Thread#2" [stack: 0x0000001631f00000,0x0000001632000000] [id=14048]
  0x000001ab47ddd800 GCTaskThread "GC Thread#3" [stack: 0x0000001632600000,0x0000001632700000] [id=14068]
  0x000001ab29cae000 ConcurrentGCThread "G1 Main Marker" [stack: 0x0000001630e00000,0x0000001630f00000] [id=14076]
  0x000001ab29caf800 ConcurrentGCThread "G1 Conc#0" [stack: 0x0000001630f00000,0x0000001631000000] [id=12924]
  0x000001ab436d0800 ConcurrentGCThread "G1 Refine#0" [stack: 0x0000001631000000,0x0000001631100000] [id=7308]
  0x000001ab436d1000 ConcurrentGCThread "G1 Young RemSet Sampling" [stack: 0x0000001631100000,0x0000001631200000] [id=7016]

Threads with active compile tasks:
C2 CompilerThread0  4600377 34015 % !   4       java.io.BufferedReader::readLine @ 128 (306 bytes)
C2 CompilerThread1  4600377 34074       4       com.android.tools.r8.internal.No::a (1157 bytes)

VM state:not at safepoint (normal execution)

VM Mutex/Monitor currently owned by a thread: None

OutOfMemory and StackOverflow Exception counts:
OutOfMemoryError java_heap_errors=1
LinkageErrors=279

Heap address: 0x0000000080000000, size: 2048 MB, Compressed Oops mode: 32-bit
Narrow klass base: 0x0000000000000000, Narrow klass shift: 3
Compressed class space size: 1073741824 Address: 0x0000000100000000

Heap:
 garbage-first heap   total 276480K, used 159325K [0x0000000080000000, 0x0000000100000000)
  region size 1024K, 28 young (28672K), 3 survivors (3072K)
 Metaspace       used 152439K, capacity 158166K, committed 158284K, reserved 1185792K
  class space    used 18694K, capacity 20987K, committed 21068K, reserved 1048576K
Heap Regions: E=young(eden), S=young(survivor), O=old, HS=humongous(starts), HC=humongous(continues), CS=collection set, F=free, A=archive, TAMS=top-at-mark-start (previous, next)
|   0|0x0000000080000000, 0x0000000080100000, 0x0000000080100000|100%|HS|  |TAMS 0x0000000080100000, 0x0000000080000000| Complete 
|   1|0x0000000080100000, 0x0000000080200000, 0x0000000080200000|100%|HC|  |TAMS 0x0000000080200000, 0x0000000080100000| Complete 
|   2|0x0000000080200000, 0x0000000080300000, 0x0000000080300000|100%|HC|  |TAMS 0x0000000080300000, 0x0000000080200000| Complete 
|   3|0x0000000080300000, 0x0000000080400000, 0x0000000080400000|100%|HC|  |TAMS 0x0000000080400000, 0x0000000080300000| Complete 
|   4|0x0000000080400000, 0x0000000080500000, 0x0000000080500000|100%| O|  |TAMS 0x0000000080500000, 0x0000000080400000| Untracked 
|   5|0x0000000080500000, 0x0000000080600000, 0x0000000080600000|100%| O|  |TAMS 0x0000000080600000, 0x0000000080500000| Untracked 
|   6|0x0000000080600000, 0x0000000080700000, 0x0000000080700000|100%| O|  |TAMS 0x0000000080700000, 0x0000000080600000| Untracked 
|   7|0x0000000080700000, 0x0000000080800000, 0x0000000080800000|100%| O|  |TAMS 0x0000000080800000, 0x0000000080700000| Untracked 
|   8|0x0000000080800000, 0x0000000080900000, 0x0000000080900000|100%| O|  |TAMS 0x0000000080900000, 0x0000000080800000| Untracked 
|   9|0x0000000080900000, 0x0000000080a00000, 0x0000000080a00000|100%| O|  |TAMS 0x0000000080a00000, 0x0000000080900000| Untracked 
|  10|0x0000000080a00000, 0x0000000080b00000, 0x0000000080b00000|100%| O|  |TAMS 0x0000000080b00000, 0x0000000080a00000| Untracked 
|  11|0x0000000080b00000, 0x0000000080c00000, 0x0000000080c00000|100%| O|  |TAMS 0x0000000080c00000, 0x0000000080b00000| Untracked 
|  12|0x0000000080c00000, 0x0000000080d00000, 0x0000000080d00000|100%| O|  |TAMS 0x0000000080d00000, 0x0000000080c00000| Untracked 
|  13|0x0000000080d00000, 0x0000000080e00000, 0x0000000080e00000|100%| O|  |TAMS 0x0000000080e00000, 0x0000000080d00000| Untracked 
|  14|0x0000000080e00000, 0x0000000080f00000, 0x0000000080f00000|100%| O|  |TAMS 0x0000000080f00000, 0x0000000080e00000| Untracked 
|  15|0x0000000080f00000, 0x0000000081000000, 0x0000000081000000|100%| O|  |TAMS 0x0000000081000000, 0x0000000080f00000| Complete 
|  16|0x0000000081000000, 0x0000000081100000, 0x0000000081100000|100%| O|  |TAMS 0x0000000081100000, 0x0000000081000000| Complete 
|  17|0x0000000081100000, 0x0000000081200000, 0x0000000081200000|100%| O|  |TAMS 0x0000000081200000, 0x0000000081100000| Complete 
|  18|0x0000000081200000, 0x0000000081300000, 0x0000000081300000|100%| O|  |TAMS 0x0000000081300000, 0x0000000081200000| Complete 
|  19|0x0000000081300000, 0x0000000081400000, 0x0000000081400000|100%| O|  |TAMS 0x0000000081400000, 0x0000000081300000| Complete 
|  20|0x0000000081400000, 0x0000000081500000, 0x0000000081500000|100%| O|  |TAMS 0x0000000081500000, 0x0000000081400000| Complete 
|  21|0x0000000081500000, 0x0000000081600000, 0x0000000081600000|100%| O|  |TAMS 0x0000000081600000, 0x0000000081500000| Complete 
|  22|0x0000000081600000, 0x0000000081700000, 0x0000000081700000|100%| O|  |TAMS 0x0000000081700000, 0x0000000081600000| Complete 
|  23|0x0000000081700000, 0x0000000081800000, 0x0000000081800000|100%| O|  |TAMS 0x0000000081800000, 0x0000000081700000| Untracked 
|  24|0x0000000081800000, 0x0000000081900000, 0x0000000081900000|100%|HS|  |TAMS 0x0000000081900000, 0x0000000081800000| Complete 
|  25|0x0000000081900000, 0x0000000081a00000, 0x0000000081a00000|100%|HS|  |TAMS 0x0000000081a00000, 0x0000000081900000| Complete 
|  26|0x0000000081a00000, 0x0000000081b00000, 0x0000000081b00000|100%| O|  |TAMS 0x0000000081b00000, 0x0000000081a00000| Untracked 
|  27|0x0000000081b00000, 0x0000000081c00000, 0x0000000081c00000|100%| O|  |TAMS 0x0000000081c00000, 0x0000000081b00000| Complete 
|  28|0x0000000081c00000, 0x0000000081d00000, 0x0000000081d00000|100%| O|  |TAMS 0x0000000081d00000, 0x0000000081c00000| Complete 
|  29|0x0000000081d00000, 0x0000000081e00000, 0x0000000081e00000|100%|HS|  |TAMS 0x0000000081e00000, 0x0000000081d00000| Complete 
|  30|0x0000000081e00000, 0x0000000081f00000, 0x0000000081f00000|100%| O|  |TAMS 0x0000000081f00000, 0x0000000081e00000| Untracked 
|  31|0x0000000081f00000, 0x0000000082000000, 0x0000000082000000|100%| O|  |TAMS 0x0000000082000000, 0x0000000081f00000| Untracked 
|  32|0x0000000082000000, 0x0000000082100000, 0x0000000082100000|100%| O|  |TAMS 0x0000000082100000, 0x0000000082000000| Complete 
|  33|0x0000000082100000, 0x0000000082200000, 0x0000000082200000|100%| O|  |TAMS 0x0000000082200000, 0x0000000082100000| Untracked 
|  34|0x0000000082200000, 0x0000000082300000, 0x0000000082300000|100%| O|  |TAMS 0x0000000082300000, 0x0000000082200000| Complete 
|  35|0x0000000082300000, 0x0000000082400000, 0x0000000082400000|100%| O|  |TAMS 0x0000000082400000, 0x0000000082300000| Complete 
|  36|0x0000000082400000, 0x0000000082500000, 0x0000000082500000|100%| O|  |TAMS 0x0000000082500000, 0x0000000082400000| Complete 
|  37|0x0000000082500000, 0x0000000082600000, 0x0000000082600000|100%| O|  |TAMS 0x0000000082600000, 0x0000000082500000| Untracked 
|  38|0x0000000082600000, 0x0000000082700000, 0x0000000082700000|100%| O|  |TAMS 0x0000000082700000, 0x0000000082600000| Untracked 
|  39|0x0000000082700000, 0x0000000082800000, 0x0000000082800000|100%| O|  |TAMS 0x0000000082800000, 0x0000000082700000| Untracked 
|  40|0x0000000082800000, 0x0000000082900000, 0x0000000082900000|100%| O|  |TAMS 0x0000000082900000, 0x0000000082800000| Untracked 
|  41|0x0000000082900000, 0x0000000082a00000, 0x0000000082a00000|100%| O|  |TAMS 0x0000000082a00000, 0x0000000082900000| Untracked 
|  42|0x0000000082a00000, 0x0000000082b00000, 0x0000000082b00000|100%| O|  |TAMS 0x0000000082b00000, 0x0000000082a00000| Untracked 
|  43|0x0000000082b00000, 0x0000000082c00000, 0x0000000082c00000|100%| O|  |TAMS 0x0000000082c00000, 0x0000000082b00000| Complete 
|  44|0x0000000082c00000, 0x0000000082d00000, 0x0000000082d00000|100%| O|  |TAMS 0x0000000082d00000, 0x0000000082c00000| Untracked 
|  45|0x0000000082d00000, 0x0000000082e00000, 0x0000000082e00000|100%| O|  |TAMS 0x0000000082e00000, 0x0000000082d00000| Untracked 
|  46|0x0000000082e00000, 0x0000000082f00000, 0x0000000082f00000|100%| O|  |TAMS 0x0000000082f00000, 0x0000000082e00000| Untracked 
|  47|0x0000000082f00000, 0x0000000083000000, 0x0000000083000000|100%| O|  |TAMS 0x0000000083000000, 0x0000000082f00000| Untracked 
|  48|0x0000000083000000, 0x0000000083100000, 0x0000000083100000|100%| O|  |TAMS 0x0000000083100000, 0x0000000083000000| Complete 
|  49|0x0000000083100000, 0x0000000083200000, 0x0000000083200000|100%| O|  |TAMS 0x0000000083200000, 0x0000000083100000| Complete 
|  50|0x0000000083200000, 0x0000000083300000, 0x0000000083300000|100%| O|  |TAMS 0x0000000083300000, 0x0000000083200000| Complete 
|  51|0x0000000083300000, 0x0000000083400000, 0x0000000083400000|100%| O|  |TAMS 0x0000000083400000, 0x0000000083300000| Untracked 
|  52|0x0000000083400000, 0x0000000083500000, 0x0000000083500000|100%| O|  |TAMS 0x0000000083500000, 0x0000000083400000| Untracked 
|  53|0x0000000083500000, 0x0000000083600000, 0x0000000083600000|100%| O|  |TAMS 0x0000000083600000, 0x0000000083500000| Untracked 
|  54|0x0000000083600000, 0x0000000083700000, 0x0000000083700000|100%| O|  |TAMS 0x0000000083700000, 0x0000000083600000| Untracked 
|  55|0x0000000083700000, 0x0000000083800000, 0x0000000083800000|100%| O|  |TAMS 0x0000000083800000, 0x0000000083700000| Complete 
|  56|0x0000000083800000, 0x0000000083900000, 0x0000000083900000|100%| O|  |TAMS 0x0000000083900000, 0x0000000083800000| Untracked 
|  57|0x0000000083900000, 0x0000000083a00000, 0x0000000083a00000|100%| O|  |TAMS 0x0000000083a00000, 0x0000000083900000| Complete 
|  58|0x0000000083a00000, 0x0000000083b00000, 0x0000000083b00000|100%| O|  |TAMS 0x0000000083b00000, 0x0000000083a00000| Untracked 
|  59|0x0000000083b00000, 0x0000000083c00000, 0x0000000083c00000|100%| O|  |TAMS 0x0000000083c00000, 0x0000000083b00000| Untracked 
|  60|0x0000000083c00000, 0x0000000083d00000, 0x0000000083d00000|100%| O|  |TAMS 0x0000000083d00000, 0x0000000083c00000| Untracked 
|  61|0x0000000083d00000, 0x0000000083e00000, 0x0000000083e00000|100%| O|  |TAMS 0x0000000083e00000, 0x0000000083d00000| Complete 
|  62|0x0000000083e00000, 0x0000000083f00000, 0x0000000083f00000|100%| O|  |TAMS 0x0000000083f00000, 0x0000000083e00000| Complete 
|  63|0x0000000083f00000, 0x0000000084000000, 0x0000000084000000|100%| O|  |TAMS 0x0000000084000000, 0x0000000083f00000| Untracked 
|  64|0x0000000084000000, 0x0000000084100000, 0x0000000084100000|100%| O|  |TAMS 0x0000000084100000, 0x0000000084000000| Untracked 
|  65|0x0000000084100000, 0x0000000084200000, 0x0000000084200000|100%| O|  |TAMS 0x0000000084200000, 0x0000000084100000| Complete 
|  66|0x0000000084200000, 0x0000000084300000, 0x0000000084300000|100%| O|  |TAMS 0x0000000084300000, 0x0000000084200000| Untracked 
|  67|0x0000000084300000, 0x0000000084400000, 0x0000000084400000|100%| O|  |TAMS 0x0000000084400000, 0x0000000084300000| Complete 
|  68|0x0000000084400000, 0x0000000084500000, 0x0000000084500000|100%| O|  |TAMS 0x0000000084500000, 0x0000000084400000| Untracked 
|  69|0x0000000084500000, 0x0000000084600000, 0x0000000084600000|100%| O|  |TAMS 0x0000000084600000, 0x0000000084500000| Untracked 
|  70|0x0000000084600000, 0x0000000084700000, 0x0000000084700000|100%| O|  |TAMS 0x0000000084700000, 0x0000000084600000| Untracked 
|  71|0x0000000084700000, 0x0000000084800000, 0x0000000084800000|100%| O|  |TAMS 0x0000000084800000, 0x0000000084700000| Complete 
|  72|0x0000000084800000, 0x0000000084900000, 0x0000000084900000|100%| O|  |TAMS 0x0000000084900000, 0x0000000084800000| Untracked 
|  73|0x0000000084900000, 0x0000000084a00000, 0x0000000084a00000|100%| O|  |TAMS 0x0000000084a00000, 0x0000000084900000| Complete 
|  74|0x0000000084a00000, 0x0000000084b00000, 0x0000000084b00000|100%| O|  |TAMS 0x0000000084b00000, 0x0000000084a00000| Complete 
|  75|0x0000000084b00000, 0x0000000084b00000, 0x0000000084c00000|  0%| F|  |TAMS 0x0000000084b00000, 0x0000000084b00000| Untracked 
|  76|0x0000000084c00000, 0x0000000084d00000, 0x0000000084d00000|100%| O|  |TAMS 0x0000000084d00000, 0x0000000084c00000| Untracked 
|  77|0x0000000084d00000, 0x0000000084e00000, 0x0000000084e00000|100%| O|  |TAMS 0x0000000084e00000, 0x0000000084d00000| Complete 
|  78|0x0000000084e00000, 0x0000000084e00000, 0x0000000084f00000|  0%| F|  |TAMS 0x0000000084e00000, 0x0000000084e00000| Untracked 
|  79|0x0000000084f00000, 0x0000000085000000, 0x0000000085000000|100%| O|  |TAMS 0x0000000085000000, 0x0000000084f00000| Untracked 
|  80|0x0000000085000000, 0x0000000085100000, 0x0000000085100000|100%| O|  |TAMS 0x0000000085100000, 0x0000000085000000| Untracked 
|  81|0x0000000085100000, 0x0000000085200000, 0x0000000085200000|100%| O|  |TAMS 0x0000000085200000, 0x0000000085100000| Complete 
|  82|0x0000000085200000, 0x0000000085300000, 0x0000000085300000|100%| O|  |TAMS 0x0000000085300000, 0x0000000085200000| Complete 
|  83|0x0000000085300000, 0x0000000085400000, 0x0000000085400000|100%| O|  |TAMS 0x0000000085400000, 0x0000000085300000| Untracked 
|  84|0x0000000085400000, 0x0000000085500000, 0x0000000085500000|100%|HS|  |TAMS 0x0000000085400000, 0x0000000085400000| Complete 
|  85|0x0000000085500000, 0x0000000085600000, 0x0000000085600000|100%|HC|  |TAMS 0x0000000085500000, 0x0000000085500000| Complete 
|  86|0x0000000085600000, 0x0000000085700000, 0x0000000085700000|100%| O|  |TAMS 0x0000000085700000, 0x0000000085600000| Complete 
|  87|0x0000000085700000, 0x0000000085700000, 0x0000000085800000|  0%| F|  |TAMS 0x0000000085700000, 0x0000000085700000| Untracked 
|  88|0x0000000085800000, 0x0000000085900000, 0x0000000085900000|100%| O|  |TAMS 0x0000000085900000, 0x0000000085800000| Complete 
|  89|0x0000000085900000, 0x0000000085a00000, 0x0000000085a00000|100%| O|  |TAMS 0x0000000085a00000, 0x0000000085900000| Complete 
|  90|0x0000000085a00000, 0x0000000085b00000, 0x0000000085b00000|100%| O|  |TAMS 0x0000000085b00000, 0x0000000085a00000| Complete 
|  91|0x0000000085b00000, 0x0000000085c00000, 0x0000000085c00000|100%| O|  |TAMS 0x0000000085c00000, 0x0000000085b00000| Complete 
|  92|0x0000000085c00000, 0x0000000085d00000, 0x0000000085d00000|100%| O|  |TAMS 0x0000000085d00000, 0x0000000085c00000| Untracked 
|  93|0x0000000085d00000, 0x0000000085e00000, 0x0000000085e00000|100%| O|  |TAMS 0x0000000085e00000, 0x0000000085d00000| Complete 
|  94|0x0000000085e00000, 0x0000000085e00000, 0x0000000085f00000|  0%| F|  |TAMS 0x0000000085e00000, 0x0000000085e00000| Untracked 
|  95|0x0000000085f00000, 0x0000000085f00000, 0x0000000086000000|  0%| F|  |TAMS 0x0000000085f00000, 0x0000000085f00000| Untracked 
|  96|0x0000000086000000, 0x0000000086000000, 0x0000000086100000|  0%| F|  |TAMS 0x0000000086000000, 0x0000000086000000| Untracked 
|  97|0x0000000086100000, 0x0000000086200000, 0x0000000086200000|100%| O|  |TAMS 0x0000000086200000, 0x0000000086100000| Untracked 
|  98|0x0000000086200000, 0x0000000086200000, 0x0000000086300000|  0%| F|  |TAMS 0x0000000086200000, 0x0000000086200000| Untracked 
|  99|0x0000000086300000, 0x0000000086400000, 0x0000000086400000|100%| O|  |TAMS 0x0000000086400000, 0x0000000086300000| Complete 
| 100|0x0000000086400000, 0x0000000086500000, 0x0000000086500000|100%| O|  |TAMS 0x0000000086500000, 0x0000000086400000| Complete 
| 101|0x0000000086500000, 0x0000000086500000, 0x0000000086600000|  0%| F|  |TAMS 0x0000000086500000, 0x0000000086500000| Untracked 
| 102|0x0000000086600000, 0x0000000086700000, 0x0000000086700000|100%| O|  |TAMS 0x0000000086700000, 0x0000000086600000| Untracked 
| 103|0x0000000086700000, 0x0000000086800000, 0x0000000086800000|100%| O|  |TAMS 0x0000000086800000, 0x0000000086700000| Untracked 
| 104|0x0000000086800000, 0x0000000086900000, 0x0000000086900000|100%| O|  |TAMS 0x0000000086900000, 0x0000000086800000| Untracked 
| 105|0x0000000086900000, 0x0000000086a00000, 0x0000000086a00000|100%| O|  |TAMS 0x0000000086a00000, 0x0000000086900000| Untracked 
| 106|0x0000000086a00000, 0x0000000086b00000, 0x0000000086b00000|100%| O|  |TAMS 0x0000000086b00000, 0x0000000086a00000| Untracked 
| 107|0x0000000086b00000, 0x0000000086c00000, 0x0000000086c00000|100%| O|  |TAMS 0x0000000086c00000, 0x0000000086b00000| Untracked 
| 108|0x0000000086c00000, 0x0000000086d00000, 0x0000000086d00000|100%| O|  |TAMS 0x0000000086d00000, 0x0000000086c00000| Untracked 
| 109|0x0000000086d00000, 0x0000000086e00000, 0x0000000086e00000|100%| O|  |TAMS 0x0000000086e00000, 0x0000000086d00000| Complete 
| 110|0x0000000086e00000, 0x0000000086f00000, 0x0000000086f00000|100%| O|  |TAMS 0x0000000086f00000, 0x0000000086e00000| Untracked 
| 111|0x0000000086f00000, 0x0000000087000000, 0x0000000087000000|100%| O|  |TAMS 0x0000000087000000, 0x0000000086f00000| Complete 
| 112|0x0000000087000000, 0x0000000087000000, 0x0000000087100000|  0%| F|  |TAMS 0x0000000087000000, 0x0000000087000000| Untracked 
| 113|0x0000000087100000, 0x0000000087200000, 0x0000000087200000|100%| O|  |TAMS 0x0000000087200000, 0x0000000087100000| Complete 
| 114|0x0000000087200000, 0x0000000087300000, 0x0000000087300000|100%| O|  |TAMS 0x0000000087300000, 0x0000000087200000| Complete 
| 115|0x0000000087300000, 0x0000000087300000, 0x0000000087400000|  0%| F|  |TAMS 0x0000000087300000, 0x0000000087300000| Untracked 
| 116|0x0000000087400000, 0x0000000087400000, 0x0000000087500000|  0%| F|  |TAMS 0x0000000087400000, 0x0000000087400000| Untracked 
| 117|0x0000000087500000, 0x0000000087600000, 0x0000000087600000|100%| O|  |TAMS 0x0000000087600000, 0x0000000087500000| Complete 
| 118|0x0000000087600000, 0x0000000087700000, 0x0000000087700000|100%| O|  |TAMS 0x0000000087700000, 0x0000000087600000| Complete 
| 119|0x0000000087700000, 0x0000000087700000, 0x0000000087800000|  0%| F|  |TAMS 0x0000000087700000, 0x0000000087700000| Untracked 
| 120|0x0000000087800000, 0x0000000087900000, 0x0000000087900000|100%| O|  |TAMS 0x0000000087900000, 0x0000000087800000| Untracked 
| 121|0x0000000087900000, 0x0000000087a00000, 0x0000000087a00000|100%| O|  |TAMS 0x0000000087a00000, 0x0000000087900000| Untracked 
| 122|0x0000000087a00000, 0x0000000087b00000, 0x0000000087b00000|100%| O|  |TAMS 0x0000000087b00000, 0x0000000087a00000| Complete 
| 123|0x0000000087b00000, 0x0000000087b00000, 0x0000000087c00000|  0%| F|  |TAMS 0x0000000087b00000, 0x0000000087b00000| Untracked 
| 124|0x0000000087c00000, 0x0000000087c00000, 0x0000000087d00000|  0%| F|  |TAMS 0x0000000087c00000, 0x0000000087c00000| Untracked 
| 125|0x0000000087d00000, 0x0000000087d00000, 0x0000000087e00000|  0%| F|  |TAMS 0x0000000087d00000, 0x0000000087d00000| Untracked 
| 126|0x0000000087e00000, 0x0000000087f00000, 0x0000000087f00000|100%| O|  |TAMS 0x0000000087f00000, 0x0000000087e00000| Complete 
| 127|0x0000000087f00000, 0x0000000087f00000, 0x0000000088000000|  0%| F|  |TAMS 0x0000000087f00000, 0x0000000087f00000| Untracked 
| 128|0x0000000088000000, 0x0000000088000000, 0x0000000088100000|  0%| F|  |TAMS 0x0000000088000000, 0x0000000088000000| Untracked 
| 129|0x0000000088100000, 0x0000000088200000, 0x0000000088200000|100%| O|  |TAMS 0x0000000088200000, 0x0000000088100000| Complete 
| 130|0x0000000088200000, 0x0000000088200000, 0x0000000088300000|  0%| F|  |TAMS 0x0000000088200000, 0x0000000088200000| Untracked 
| 131|0x0000000088300000, 0x0000000088300000, 0x0000000088400000|  0%| F|  |TAMS 0x0000000088300000, 0x0000000088300000| Untracked 
| 132|0x0000000088400000, 0x0000000088400000, 0x0000000088500000|  0%| F|  |TAMS 0x0000000088400000, 0x0000000088400000| Untracked 
| 133|0x0000000088500000, 0x0000000088500000, 0x0000000088600000|  0%| F|  |TAMS 0x0000000088500000, 0x0000000088500000| Untracked 
| 134|0x0000000088600000, 0x0000000088700000, 0x0000000088700000|100%| O|  |TAMS 0x0000000088700000, 0x0000000088600000| Untracked 
| 135|0x0000000088700000, 0x0000000088800000, 0x0000000088800000|100%| O|  |TAMS 0x0000000088800000, 0x0000000088700000| Untracked 
| 136|0x0000000088800000, 0x0000000088800000, 0x0000000088900000|  0%| F|  |TAMS 0x0000000088800000, 0x0000000088800000| Untracked 
| 137|0x0000000088900000, 0x0000000088900000, 0x0000000088a00000|  0%| F|  |TAMS 0x0000000088900000, 0x0000000088900000| Untracked 
| 138|0x0000000088a00000, 0x0000000088b00000, 0x0000000088b00000|100%| O|  |TAMS 0x0000000088b00000, 0x0000000088a00000| Untracked 
| 139|0x0000000088b00000, 0x0000000088c00000, 0x0000000088c00000|100%| O|  |TAMS 0x0000000088c00000, 0x0000000088b00000| Untracked 
| 140|0x0000000088c00000, 0x0000000088d00000, 0x0000000088d00000|100%| O|  |TAMS 0x0000000088d00000, 0x0000000088c00000| Untracked 
| 141|0x0000000088d00000, 0x0000000088e00000, 0x0000000088e00000|100%| O|  |TAMS 0x0000000088e00000, 0x0000000088d00000| Untracked 
| 142|0x0000000088e00000, 0x0000000088f00000, 0x0000000088f00000|100%| O|  |TAMS 0x0000000088f00000, 0x0000000088e00000| Untracked 
| 143|0x0000000088f00000, 0x0000000089000000, 0x0000000089000000|100%| O|  |TAMS 0x0000000089000000, 0x0000000088f00000| Untracked 
| 144|0x0000000089000000, 0x0000000089100000, 0x0000000089100000|100%| O|  |TAMS 0x0000000089100000, 0x0000000089000000| Untracked 
| 145|0x0000000089100000, 0x0000000089100000, 0x0000000089200000|  0%| F|  |TAMS 0x0000000089100000, 0x0000000089100000| Untracked 
| 146|0x0000000089200000, 0x0000000089200000, 0x0000000089300000|  0%| F|  |TAMS 0x0000000089200000, 0x0000000089200000| Untracked 
| 147|0x0000000089300000, 0x0000000089300000, 0x0000000089400000|  0%| F|  |TAMS 0x0000000089300000, 0x0000000089300000| Untracked 
| 148|0x0000000089400000, 0x0000000089400000, 0x0000000089500000|  0%| F|  |TAMS 0x0000000089400000, 0x0000000089400000| Untracked 
| 149|0x0000000089500000, 0x0000000089500000, 0x0000000089600000|  0%| F|  |TAMS 0x0000000089500000, 0x0000000089500000| Untracked 
| 150|0x0000000089600000, 0x0000000089600000, 0x0000000089700000|  0%| F|  |TAMS 0x0000000089600000, 0x0000000089600000| Untracked 
| 151|0x0000000089700000, 0x0000000089700000, 0x0000000089800000|  0%| F|  |TAMS 0x0000000089700000, 0x0000000089700000| Untracked 
| 152|0x0000000089800000, 0x0000000089900000, 0x0000000089900000|100%| O|  |TAMS 0x0000000089900000, 0x0000000089800000| Complete 
| 153|0x0000000089900000, 0x0000000089900000, 0x0000000089a00000|  0%| F|  |TAMS 0x0000000089900000, 0x0000000089900000| Untracked 
| 154|0x0000000089a00000, 0x0000000089a00000, 0x0000000089b00000|  0%| F|  |TAMS 0x0000000089a00000, 0x0000000089a00000| Untracked 
| 155|0x0000000089b00000, 0x0000000089b00000, 0x0000000089c00000|  0%| F|  |TAMS 0x0000000089b00000, 0x0000000089b00000| Untracked 
| 156|0x0000000089c00000, 0x0000000089d00000, 0x0000000089d00000|100%| O|  |TAMS 0x0000000089d00000, 0x0000000089c00000| Untracked 
| 157|0x0000000089d00000, 0x0000000089e00000, 0x0000000089e00000|100%| O|  |TAMS 0x0000000089e00000, 0x0000000089d00000| Untracked 
| 158|0x0000000089e00000, 0x0000000089f00000, 0x0000000089f00000|100%| O|  |TAMS 0x0000000089f00000, 0x0000000089e00000| Untracked 
| 159|0x0000000089f00000, 0x000000008a000000, 0x000000008a000000|100%| O|  |TAMS 0x000000008a000000, 0x0000000089f00000| Untracked 
| 160|0x000000008a000000, 0x000000008a100000, 0x000000008a100000|100%| O|  |TAMS 0x000000008a100000, 0x000000008a000000| Untracked 
| 161|0x000000008a100000, 0x000000008a200000, 0x000000008a200000|100%| O|  |TAMS 0x000000008a200000, 0x000000008a100000| Complete 
| 162|0x000000008a200000, 0x000000008a200000, 0x000000008a300000|  0%| F|  |TAMS 0x000000008a200000, 0x000000008a200000| Untracked 
| 163|0x000000008a300000, 0x000000008a400000, 0x000000008a400000|100%| O|  |TAMS 0x000000008a400000, 0x000000008a300000| Complete 
| 164|0x000000008a400000, 0x000000008a400000, 0x000000008a500000|  0%| F|  |TAMS 0x000000008a400000, 0x000000008a400000| Untracked 
| 165|0x000000008a500000, 0x000000008a500000, 0x000000008a600000|  0%| F|  |TAMS 0x000000008a500000, 0x000000008a500000| Untracked 
| 166|0x000000008a600000, 0x000000008a600000, 0x000000008a700000|  0%| F|  |TAMS 0x000000008a600000, 0x000000008a600000| Untracked 
| 167|0x000000008a700000, 0x000000008a700000, 0x000000008a800000|  0%| F|  |TAMS 0x000000008a700000, 0x000000008a700000| Untracked 
| 168|0x000000008a800000, 0x000000008a800000, 0x000000008a900000|  0%| F|  |TAMS 0x000000008a800000, 0x000000008a800000| Untracked 
| 169|0x000000008a900000, 0x000000008a900000, 0x000000008aa00000|  0%| F|  |TAMS 0x000000008a900000, 0x000000008a900000| Untracked 
| 170|0x000000008aa00000, 0x000000008aa00000, 0x000000008ab00000|  0%| F|  |TAMS 0x000000008aa00000, 0x000000008aa00000| Untracked 
| 171|0x000000008ab00000, 0x000000008ab00000, 0x000000008ac00000|  0%| F|  |TAMS 0x000000008ab00000, 0x000000008ab00000| Untracked 
| 172|0x000000008ac00000, 0x000000008ac00000, 0x000000008ad00000|  0%| F|  |TAMS 0x000000008ac00000, 0x000000008ac00000| Untracked 
| 173|0x000000008ad00000, 0x000000008ad00000, 0x000000008ae00000|  0%| F|  |TAMS 0x000000008ad00000, 0x000000008ad00000| Untracked 
| 174|0x000000008ae00000, 0x000000008ae00000, 0x000000008af00000|  0%| F|  |TAMS 0x000000008ae00000, 0x000000008ae00000| Untracked 
| 175|0x000000008af00000, 0x000000008af00000, 0x000000008b000000|  0%| F|  |TAMS 0x000000008af00000, 0x000000008af00000| Untracked 
| 176|0x000000008b000000, 0x000000008b000000, 0x000000008b100000|  0%| F|  |TAMS 0x000000008b000000, 0x000000008b000000| Untracked 
| 177|0x000000008b100000, 0x000000008b100000, 0x000000008b200000|  0%| F|  |TAMS 0x000000008b100000, 0x000000008b100000| Untracked 
| 178|0x000000008b200000, 0x000000008b200000, 0x000000008b300000|  0%| F|  |TAMS 0x000000008b200000, 0x000000008b200000| Untracked 
| 179|0x000000008b300000, 0x000000008b300000, 0x000000008b400000|  0%| F|  |TAMS 0x000000008b300000, 0x000000008b300000| Untracked 
| 180|0x000000008b400000, 0x000000008b400000, 0x000000008b500000|  0%| F|  |TAMS 0x000000008b400000, 0x000000008b400000| Untracked 
| 181|0x000000008b500000, 0x000000008b500000, 0x000000008b600000|  0%| F|  |TAMS 0x000000008b500000, 0x000000008b500000| Untracked 
| 182|0x000000008b600000, 0x000000008b600000, 0x000000008b700000|  0%| F|  |TAMS 0x000000008b600000, 0x000000008b600000| Untracked 
| 183|0x000000008b700000, 0x000000008b700000, 0x000000008b800000|  0%| F|  |TAMS 0x000000008b700000, 0x000000008b700000| Untracked 
| 184|0x000000008b800000, 0x000000008b800000, 0x000000008b900000|  0%| F|  |TAMS 0x000000008b800000, 0x000000008b800000| Untracked 
| 185|0x000000008b900000, 0x000000008b900000, 0x000000008ba00000|  0%| F|  |TAMS 0x000000008b900000, 0x000000008b900000| Untracked 
| 186|0x000000008ba00000, 0x000000008ba00000, 0x000000008bb00000|  0%| F|  |TAMS 0x000000008ba00000, 0x000000008ba00000| Untracked 
| 187|0x000000008bb00000, 0x000000008bb00000, 0x000000008bc00000|  0%| F|  |TAMS 0x000000008bb00000, 0x000000008bb00000| Untracked 
| 188|0x000000008bc00000, 0x000000008bc00000, 0x000000008bd00000|  0%| F|  |TAMS 0x000000008bc00000, 0x000000008bc00000| Untracked 
| 189|0x000000008bd00000, 0x000000008bd00000, 0x000000008be00000|  0%| F|  |TAMS 0x000000008bd00000, 0x000000008bd00000| Untracked 
| 190|0x000000008be00000, 0x000000008be00000, 0x000000008bf00000|  0%| F|  |TAMS 0x000000008be00000, 0x000000008be00000| Untracked 
| 191|0x000000008bf00000, 0x000000008bf00000, 0x000000008c000000|  0%| F|  |TAMS 0x000000008bf00000, 0x000000008bf00000| Untracked 
| 192|0x000000008c000000, 0x000000008c000000, 0x000000008c100000|  0%| F|  |TAMS 0x000000008c000000, 0x000000008c000000| Untracked 
| 193|0x000000008c100000, 0x000000008c100000, 0x000000008c200000|  0%| F|  |TAMS 0x000000008c100000, 0x000000008c100000| Untracked 
| 194|0x000000008c200000, 0x000000008c200000, 0x000000008c300000|  0%| F|  |TAMS 0x000000008c200000, 0x000000008c200000| Untracked 
| 195|0x000000008c300000, 0x000000008c300000, 0x000000008c400000|  0%| F|  |TAMS 0x000000008c300000, 0x000000008c300000| Untracked 
| 196|0x000000008c400000, 0x000000008c400000, 0x000000008c500000|  0%| F|  |TAMS 0x000000008c400000, 0x000000008c400000| Untracked 
| 197|0x000000008c500000, 0x000000008c500000, 0x000000008c600000|  0%| F|  |TAMS 0x000000008c500000, 0x000000008c500000| Untracked 
| 198|0x000000008c600000, 0x000000008c697548, 0x000000008c700000| 59%| S|CS|TAMS 0x000000008c600000, 0x000000008c600000| Complete 
| 199|0x000000008c700000, 0x000000008c800000, 0x000000008c800000|100%| S|CS|TAMS 0x000000008c700000, 0x000000008c700000| Complete 
| 200|0x000000008c800000, 0x000000008c900000, 0x000000008c900000|100%| S|CS|TAMS 0x000000008c800000, 0x000000008c800000| Complete 
| 201|0x000000008c900000, 0x000000008c900000, 0x000000008ca00000|  0%| F|  |TAMS 0x000000008c900000, 0x000000008c900000| Untracked 
| 202|0x000000008ca00000, 0x000000008ca00000, 0x000000008cb00000|  0%| F|  |TAMS 0x000000008ca00000, 0x000000008ca00000| Untracked 
| 203|0x000000008cb00000, 0x000000008cb00000, 0x000000008cc00000|  0%| F|  |TAMS 0x000000008cb00000, 0x000000008cb00000| Untracked 
| 204|0x000000008cc00000, 0x000000008cc00000, 0x000000008cd00000|  0%| F|  |TAMS 0x000000008cc00000, 0x000000008cc00000| Untracked 
| 205|0x000000008cd00000, 0x000000008cd00000, 0x000000008ce00000|  0%| F|  |TAMS 0x000000008cd00000, 0x000000008cd00000| Untracked 
| 206|0x000000008ce00000, 0x000000008ce00000, 0x000000008cf00000|  0%| F|  |TAMS 0x000000008ce00000, 0x000000008ce00000| Untracked 
| 207|0x000000008cf00000, 0x000000008cf00000, 0x000000008d000000|  0%| F|  |TAMS 0x000000008cf00000, 0x000000008cf00000| Untracked 
| 208|0x000000008d000000, 0x000000008d000000, 0x000000008d100000|  0%| F|  |TAMS 0x000000008d000000, 0x000000008d000000| Untracked 
| 209|0x000000008d100000, 0x000000008d100000, 0x000000008d200000|  0%| F|  |TAMS 0x000000008d100000, 0x000000008d100000| Untracked 
| 210|0x000000008d200000, 0x000000008d200000, 0x000000008d300000|  0%| F|  |TAMS 0x000000008d200000, 0x000000008d200000| Untracked 
| 211|0x000000008d300000, 0x000000008d300000, 0x000000008d400000|  0%| F|  |TAMS 0x000000008d300000, 0x000000008d300000| Untracked 
| 212|0x000000008d400000, 0x000000008d400000, 0x000000008d500000|  0%| F|  |TAMS 0x000000008d400000, 0x000000008d400000| Untracked 
| 213|0x000000008d500000, 0x000000008d500000, 0x000000008d600000|  0%| F|  |TAMS 0x000000008d500000, 0x000000008d500000| Untracked 
| 214|0x000000008d600000, 0x000000008d600000, 0x000000008d700000|  0%| F|  |TAMS 0x000000008d600000, 0x000000008d600000| Untracked 
| 215|0x000000008d700000, 0x000000008d700000, 0x000000008d800000|  0%| F|  |TAMS 0x000000008d700000, 0x000000008d700000| Untracked 
| 216|0x000000008d800000, 0x000000008d800000, 0x000000008d900000|  0%| F|  |TAMS 0x000000008d800000, 0x000000008d800000| Untracked 
| 217|0x000000008d900000, 0x000000008d900000, 0x000000008da00000|  0%| F|  |TAMS 0x000000008d900000, 0x000000008d900000| Untracked 
| 218|0x000000008da00000, 0x000000008da00000, 0x000000008db00000|  0%| F|  |TAMS 0x000000008da00000, 0x000000008da00000| Untracked 
| 219|0x000000008db00000, 0x000000008db00000, 0x000000008dc00000|  0%| F|  |TAMS 0x000000008db00000, 0x000000008db00000| Untracked 
| 220|0x000000008dc00000, 0x000000008dc00000, 0x000000008dd00000|  0%| F|  |TAMS 0x000000008dc00000, 0x000000008dc00000| Untracked 
| 221|0x000000008dd00000, 0x000000008dd00000, 0x000000008de00000|  0%| F|  |TAMS 0x000000008dd00000, 0x000000008dd00000| Untracked 
| 222|0x000000008de00000, 0x000000008de00000, 0x000000008df00000|  0%| F|  |TAMS 0x000000008de00000, 0x000000008de00000| Untracked 
| 223|0x000000008df00000, 0x000000008df00000, 0x000000008e000000|  0%| F|  |TAMS 0x000000008df00000, 0x000000008df00000| Untracked 
| 224|0x000000008e000000, 0x000000008e000000, 0x000000008e100000|  0%| F|  |TAMS 0x000000008e000000, 0x000000008e000000| Untracked 
| 225|0x000000008e100000, 0x000000008e100000, 0x000000008e200000|  0%| F|  |TAMS 0x000000008e100000, 0x000000008e100000| Untracked 
| 226|0x000000008e200000, 0x000000008e200000, 0x000000008e300000|  0%| F|  |TAMS 0x000000008e200000, 0x000000008e200000| Untracked 
| 227|0x000000008e300000, 0x000000008e300000, 0x000000008e400000|  0%| F|  |TAMS 0x000000008e300000, 0x000000008e300000| Untracked 
| 228|0x000000008e400000, 0x000000008e400000, 0x000000008e500000|  0%| F|  |TAMS 0x000000008e400000, 0x000000008e400000| Untracked 
| 229|0x000000008e500000, 0x000000008e500000, 0x000000008e600000|  0%| F|  |TAMS 0x000000008e500000, 0x000000008e500000| Untracked 
| 230|0x000000008e600000, 0x000000008e600000, 0x000000008e700000|  0%| F|  |TAMS 0x000000008e600000, 0x000000008e600000| Untracked 
| 231|0x000000008e700000, 0x000000008e700000, 0x000000008e800000|  0%| F|  |TAMS 0x000000008e700000, 0x000000008e700000| Untracked 
| 232|0x000000008e800000, 0x000000008e800000, 0x000000008e900000|  0%| F|  |TAMS 0x000000008e800000, 0x000000008e800000| Untracked 
| 233|0x000000008e900000, 0x000000008e900000, 0x000000008ea00000|  0%| F|  |TAMS 0x000000008e900000, 0x000000008e900000| Untracked 
| 234|0x000000008ea00000, 0x000000008ea00000, 0x000000008eb00000|  0%| F|  |TAMS 0x000000008ea00000, 0x000000008ea00000| Untracked 
| 235|0x000000008eb00000, 0x000000008eb00000, 0x000000008ec00000|  0%| F|  |TAMS 0x000000008eb00000, 0x000000008eb00000| Untracked 
| 236|0x000000008ec00000, 0x000000008ec00000, 0x000000008ed00000|  0%| F|  |TAMS 0x000000008ec00000, 0x000000008ec00000| Untracked 
| 237|0x000000008ed00000, 0x000000008ed00000, 0x000000008ee00000|  0%| F|  |TAMS 0x000000008ed00000, 0x000000008ed00000| Untracked 
| 238|0x000000008ee00000, 0x000000008ee00000, 0x000000008ef00000|  0%| F|  |TAMS 0x000000008ee00000, 0x000000008ee00000| Untracked 
| 239|0x000000008ef00000, 0x000000008ef00000, 0x000000008f000000|  0%| F|  |TAMS 0x000000008ef00000, 0x000000008ef00000| Untracked 
| 240|0x000000008f000000, 0x000000008f000000, 0x000000008f100000|  0%| F|  |TAMS 0x000000008f000000, 0x000000008f000000| Untracked 
| 241|0x000000008f100000, 0x000000008f100000, 0x000000008f200000|  0%| F|  |TAMS 0x000000008f100000, 0x000000008f100000| Untracked 
| 242|0x000000008f200000, 0x000000008f200000, 0x000000008f300000|  0%| F|  |TAMS 0x000000008f200000, 0x000000008f200000| Untracked 
| 243|0x000000008f300000, 0x000000008f300000, 0x000000008f400000|  0%| F|  |TAMS 0x000000008f300000, 0x000000008f300000| Untracked 
| 244|0x000000008f400000, 0x000000008f4ade38, 0x000000008f500000| 67%| E|  |TAMS 0x000000008f400000, 0x000000008f400000| Complete 
| 245|0x000000008f500000, 0x000000008f600000, 0x000000008f600000|100%| E|CS|TAMS 0x000000008f500000, 0x000000008f500000| Complete 
| 246|0x000000008f600000, 0x000000008f700000, 0x000000008f700000|100%| E|  |TAMS 0x000000008f600000, 0x000000008f600000| Complete 
| 247|0x000000008f700000, 0x000000008f800000, 0x000000008f800000|100%| E|CS|TAMS 0x000000008f700000, 0x000000008f700000| Complete 
| 248|0x000000008f800000, 0x000000008f900000, 0x000000008f900000|100%| E|CS|TAMS 0x000000008f800000, 0x000000008f800000| Complete 
| 249|0x000000008f900000, 0x000000008fa00000, 0x000000008fa00000|100%| E|CS|TAMS 0x000000008f900000, 0x000000008f900000| Complete 
| 250|0x000000008fa00000, 0x000000008fb00000, 0x000000008fb00000|100%| E|CS|TAMS 0x000000008fa00000, 0x000000008fa00000| Complete 
| 251|0x000000008fb00000, 0x000000008fc00000, 0x000000008fc00000|100%| E|CS|TAMS 0x000000008fb00000, 0x000000008fb00000| Complete 
| 252|0x000000008fc00000, 0x000000008fd00000, 0x000000008fd00000|100%| E|CS|TAMS 0x000000008fc00000, 0x000000008fc00000| Complete 
| 253|0x000000008fd00000, 0x000000008fe00000, 0x000000008fe00000|100%| E|CS|TAMS 0x000000008fd00000, 0x000000008fd00000| Complete 
| 254|0x000000008fe00000, 0x000000008ff00000, 0x000000008ff00000|100%| E|CS|TAMS 0x000000008fe00000, 0x000000008fe00000| Complete 
| 255|0x000000008ff00000, 0x0000000090000000, 0x0000000090000000|100%| E|CS|TAMS 0x000000008ff00000, 0x000000008ff00000| Complete 
| 256|0x0000000090000000, 0x0000000090100000, 0x0000000090100000|100%| E|CS|TAMS 0x0000000090000000, 0x0000000090000000| Complete 
| 257|0x0000000090100000, 0x0000000090200000, 0x0000000090200000|100%| E|CS|TAMS 0x0000000090100000, 0x0000000090100000| Complete 
| 258|0x0000000090200000, 0x0000000090300000, 0x0000000090300000|100%| E|CS|TAMS 0x0000000090200000, 0x0000000090200000| Complete 
| 259|0x0000000090300000, 0x0000000090400000, 0x0000000090400000|100%| E|CS|TAMS 0x0000000090300000, 0x0000000090300000| Complete 
| 260|0x0000000090400000, 0x0000000090500000, 0x0000000090500000|100%| E|CS|TAMS 0x0000000090400000, 0x0000000090400000| Complete 
| 261|0x0000000090500000, 0x0000000090600000, 0x0000000090600000|100%| E|CS|TAMS 0x0000000090500000, 0x0000000090500000| Complete 
| 262|0x0000000090600000, 0x0000000090700000, 0x0000000090700000|100%| E|CS|TAMS 0x0000000090600000, 0x0000000090600000| Complete 
| 263|0x0000000090700000, 0x0000000090800000, 0x0000000090800000|100%| E|CS|TAMS 0x0000000090700000, 0x0000000090700000| Complete 
| 264|0x0000000090800000, 0x0000000090900000, 0x0000000090900000|100%| E|CS|TAMS 0x0000000090800000, 0x0000000090800000| Complete 
| 265|0x0000000090900000, 0x0000000090a00000, 0x0000000090a00000|100%| E|CS|TAMS 0x0000000090900000, 0x0000000090900000| Complete 
| 266|0x0000000090a00000, 0x0000000090b00000, 0x0000000090b00000|100%| E|CS|TAMS 0x0000000090a00000, 0x0000000090a00000| Complete 
| 267|0x0000000090b00000, 0x0000000090c00000, 0x0000000090c00000|100%| E|CS|TAMS 0x0000000090b00000, 0x0000000090b00000| Complete 
| 268|0x0000000090c00000, 0x0000000090d00000, 0x0000000090d00000|100%| E|CS|TAMS 0x0000000090c00000, 0x0000000090c00000| Complete 
| 269|0x0000000090d00000, 0x0000000090e00000, 0x0000000090e00000|100%| E|CS|TAMS 0x0000000090d00000, 0x0000000090d00000| Complete 

Card table byte_map: [0x000001ab3cb90000,0x000001ab3cf90000] _byte_map_base: 0x000001ab3c790000

Marking Bits (Prev, Next): (CMBitMap*) 0x000001ab29ca5288, (CMBitMap*) 0x000001ab29ca52c0
 Prev Bits: [0x000001ab3d390000, 0x000001ab3f390000)
 Next Bits: [0x000001ab3f390000, 0x000001ab41390000)

Polling page: 0x000001ab27aa0000

Metaspace:

Usage:
  Non-class:    133.96 MB capacity,   130.61 MB ( 97%) used,     2.61 MB (  2%) free+waste,   756.62 KB ( <1%) overhead. 
      Class:     20.50 MB capacity,    18.26 MB ( 89%) used,     1.92 MB (  9%) free+waste,   322.12 KB (  2%) overhead. 
       Both:    154.46 MB capacity,   148.87 MB ( 96%) used,     4.54 MB (  3%) free+waste,     1.05 MB ( <1%) overhead. 

Virtual space:
  Non-class space:      134.00 MB reserved,     134.00 MB (100%) committed 
      Class space:        1.00 GB reserved,      20.57 MB (  2%) committed 
             Both:        1.13 GB reserved,     154.57 MB ( 13%) committed 

Chunk freelists:
   Non-Class:  37.00 KB
       Class:  5.00 KB
        Both:  42.00 KB

MaxMetaspaceSize: 17179869184.00 GB
CompressedClassSpaceSize: 1.00 GB
Initial GC threshold: 20.80 MB
Current GC threshold: 257.62 MB
CDS: off

CodeHeap 'non-profiled nmethods': size=120064Kb used=24354Kb max_used=24354Kb free=95709Kb
 bounds [0x000001ab35250000, 0x000001ab36a30000, 0x000001ab3c790000]
CodeHeap 'profiled nmethods': size=120000Kb used=62034Kb max_used=64638Kb free=57965Kb
 bounds [0x000001ab2dd20000, 0x000001ab31c50000, 0x000001ab35250000]
CodeHeap 'non-nmethods': size=5696Kb used=2486Kb max_used=2564Kb free=3209Kb
 bounds [0x000001ab2d790000, 0x000001ab2da20000, 0x000001ab2dd20000]
 total_blobs=28557 nmethods=27536 adapters=931
 compilation: enabled
              stopped_count=0, restarted_count=0
 full_count=0

Compilation events (20 events):
Event: 4600.270 Thread 0x000001ab459e9800 34046       4       java.io.BufferedInputStream::getInIfOpen (21 bytes)
Event: 4600.271 Thread 0x000001ab459e9800 nmethod 34046 0x000001ab36153390 code [0x000001ab36153520, 0x000001ab36153598]
Event: 4600.272 Thread 0x000001ab459e9800 34047       4       com.android.tools.r8.internal.zO$b::<init> (45 bytes)
Event: 4600.276 Thread 0x000001ab4389b000 34048       3       com.android.tools.r8.graph.f1::I0 (18 bytes)
Event: 4600.276 Thread 0x000001ab4389b000 nmethod 34048 0x000001ab2e544890 code [0x000001ab2e544a40, 0x000001ab2e544c38]
Event: 4600.276 Thread 0x000001ab4389b000 34049       3       com.android.tools.r8.graph.f1::M0 (18 bytes)
Event: 4600.276 Thread 0x000001ab4389b000 nmethod 34049 0x000001ab2e8b4210 code [0x000001ab2e8b43c0, 0x000001ab2e8b45b8]
Event: 4600.277 Thread 0x000001ab4389b000 34050       3       com.android.tools.r8.internal.No::a (87 bytes)
Event: 4600.279 Thread 0x000001ab4389b000 nmethod 34050 0x000001ab2e9d9d90 code [0x000001ab2e9da060, 0x000001ab2e9daf58]
Event: 4600.279 Thread 0x000001ab459e9800 nmethod 34047 0x000001ab36152e90 code [0x000001ab36153020, 0x000001ab361532f8]
Event: 4600.283 Thread 0x000001ab459e9800 34051       4       com.android.tools.r8.internal.G50::y (30 bytes)
Event: 4600.285 Thread 0x000001ab459e9800 nmethod 34051 0x000001ab36152a90 code [0x000001ab36152c20, 0x000001ab36152cf8]
Event: 4600.286 Thread 0x000001ab459e9800 34052       4       com.android.tools.r8.graph.L::<init> (89 bytes)
Event: 4600.288 Thread 0x000001ab4389b000 34053       3       com.android.tools.r8.internal.Z7::a (37 bytes)
Event: 4600.290 Thread 0x000001ab4389b000 nmethod 34053 0x000001ab2efd8d10 code [0x000001ab2efd8fc0, 0x000001ab2efda008]
Event: 4600.290 Thread 0x000001ab4389b000 34055       3       com.android.tools.r8.internal.rT::<init> (7 bytes)
Event: 4600.290 Thread 0x000001ab4389b000 nmethod 34055 0x000001ab2e8d0f90 code [0x000001ab2e8d1140, 0x000001ab2e8d1268]
Event: 4600.290 Thread 0x000001ab4389b000 34054       3       com.android.tools.r8.internal.L7$$Lambda$2355/0x000000010108f840::get$Lambda (14 bytes)
Event: 4600.291 Thread 0x000001ab4389b000 nmethod 34054 0x000001ab2e081210 code [0x000001ab2e0813e0, 0x000001ab2e0817b8]
Event: 4600.291 Thread 0x000001ab459e9800 nmethod 34052 0x000001ab36152690 code [0x000001ab36152820, 0x000001ab36152a18]

GC Heap History (20 events):
Event: 4011.489 GC heap before
{Heap before GC invocations=167 (full 0):
 garbage-first heap   total 276480K, used 140852K [0x0000000080000000, 0x0000000100000000)
  region size 1024K, 7 young (7168K), 1 survivors (1024K)
 Metaspace       used 147097K, capacity 152513K, committed 152652K, reserved 1181696K
  class space    used 18086K, capacity 20243K, committed 20300K, reserved 1048576K
}
Event: 4011.495 GC heap after
{Heap after GC invocations=168 (full 0):
 garbage-first heap   total 276480K, used 135809K [0x0000000080000000, 0x0000000100000000)
  region size 1024K, 1 young (1024K), 1 survivors (1024K)
 Metaspace       used 147097K, capacity 152513K, committed 152652K, reserved 1181696K
  class space    used 18086K, capacity 20243K, committed 20300K, reserved 1048576K
}
Event: 4589.194 GC heap before
{Heap before GC invocations=169 (full 0):
 garbage-first heap   total 276480K, used 222849K [0x0000000080000000, 0x0000000100000000)
  region size 1024K, 73 young (74752K), 1 survivors (1024K)
 Metaspace       used 147603K, capacity 153070K, committed 153292K, reserved 1181696K
  class space    used 18157K, capacity 20344K, committed 20428K, reserved 1048576K
}
Event: 4589.219 GC heap after
{Heap after GC invocations=170 (full 0):
 garbage-first heap   total 276480K, used 140603K [0x0000000080000000, 0x0000000100000000)
  region size 1024K, 7 young (7168K), 7 survivors (7168K)
 Metaspace       used 147603K, capacity 153070K, committed 153292K, reserved 1181696K
  class space    used 18157K, capacity 20344K, committed 20428K, reserved 1048576K
}
Event: 4589.449 GC heap before
{Heap before GC invocations=170 (full 0):
 garbage-first heap   total 276480K, used 145723K [0x0000000080000000, 0x0000000100000000)
  region size 1024K, 13 young (13312K), 7 survivors (7168K)
 Metaspace       used 147608K, capacity 153070K, committed 153292K, reserved 1181696K
  class space    used 18157K, capacity 20344K, committed 20428K, reserved 1048576K
}
Event: 4589.478 GC heap after
{Heap after GC invocations=171 (full 0):
 garbage-first heap   total 276480K, used 133283K [0x0000000080000000, 0x0000000100000000)
  region size 1024K, 1 young (1024K), 1 survivors (1024K)
 Metaspace       used 147608K, capacity 153070K, committed 153292K, reserved 1181696K
  class space    used 18157K, capacity 20344K, committed 20428K, reserved 1048576K
}
Event: 4591.040 GC heap before
{Heap before GC invocations=171 (full 0):
 garbage-first heap   total 276480K, used 210083K [0x0000000080000000, 0x0000000100000000)
  region size 1024K, 77 young (78848K), 1 survivors (1024K)
 Metaspace       used 147803K, capacity 153206K, committed 153292K, reserved 1181696K
  class space    used 18176K, capacity 20367K, committed 20428K, reserved 1048576K
}
Event: 4591.067 GC heap after
{Heap after GC invocations=172 (full 0):
 garbage-first heap   total 276480K, used 138403K [0x0000000080000000, 0x0000000100000000)
  region size 1024K, 6 young (6144K), 6 survivors (6144K)
 Metaspace       used 147803K, capacity 153206K, committed 153292K, reserved 1181696K
  class space    used 18176K, capacity 20367K, committed 20428K, reserved 1048576K
}
Event: 4593.672 GC heap before
{Heap before GC invocations=173 (full 0):
 garbage-first heap   total 276480K, used 212131K [0x0000000080000000, 0x0000000100000000)
  region size 1024K, 82 young (83968K), 6 survivors (6144K)
 Metaspace       used 149975K, capacity 155608K, committed 155852K, reserved 1183744K
  class space    used 18418K, capacity 20655K, committed 20684K, reserved 1048576K
}
Event: 4593.696 GC heap after
{Heap after GC invocations=174 (full 0):
 garbage-first heap   total 276480K, used 137635K [0x0000000080000000, 0x0000000100000000)
  region size 1024K, 8 young (8192K), 8 survivors (8192K)
 Metaspace       used 149975K, capacity 155608K, committed 155852K, reserved 1183744K
  class space    used 18418K, capacity 20655K, committed 20684K, reserved 1048576K
}
Event: 4593.746 GC heap before
{Heap before GC invocations=174 (full 0):
 garbage-first heap   total 276480K, used 141731K [0x0000000080000000, 0x0000000100000000)
  region size 1024K, 13 young (13312K), 8 survivors (8192K)
 Metaspace       used 149976K, capacity 155608K, committed 155852K, reserved 1183744K
  class space    used 18418K, capacity 20655K, committed 20684K, reserved 1048576K
}
Event: 4593.774 GC heap after
{Heap after GC invocations=175 (full 0):
 garbage-first heap   total 276480K, used 129528K [0x0000000080000000, 0x0000000100000000)
  region size 1024K, 1 young (1024K), 1 survivors (1024K)
 Metaspace       used 149976K, capacity 155608K, committed 155852K, reserved 1183744K
  class space    used 18418K, capacity 20655K, committed 20684K, reserved 1048576K
}
Event: 4595.197 GC heap before
{Heap before GC invocations=175 (full 0):
 garbage-first heap   total 276480K, used 163320K [0x0000000080000000, 0x0000000100000000)
  region size 1024K, 36 young (36864K), 1 survivors (1024K)
 Metaspace       used 150325K, capacity 155901K, committed 156236K, reserved 1185792K
  class space    used 18469K, capacity 20710K, committed 20812K, reserved 1048576K
}
Event: 4595.212 GC heap after
{Heap after GC invocations=176 (full 0):
 garbage-first heap   total 276480K, used 130468K [0x0000000080000000, 0x0000000100000000)
  region size 1024K, 2 young (2048K), 2 survivors (2048K)
 Metaspace       used 150325K, capacity 155901K, committed 156236K, reserved 1185792K
  class space    used 18469K, capacity 20710K, committed 20812K, reserved 1048576K
}
Event: 4596.939 GC heap before
{Heap before GC invocations=177 (full 0):
 garbage-first heap   total 276480K, used 216484K [0x0000000080000000, 0x0000000100000000)
  region size 1024K, 86 young (88064K), 2 survivors (2048K)
 Metaspace       used 151066K, capacity 156648K, committed 157004K, reserved 1185792K
  class space    used 18505K, capacity 20723K, committed 20812K, reserved 1048576K
}
Event: 4596.951 GC heap after
{Heap after GC invocations=178 (full 0):
 garbage-first heap   total 276480K, used 131567K [0x0000000080000000, 0x0000000100000000)
  region size 1024K, 3 young (3072K), 3 survivors (3072K)
 Metaspace       used 151066K, capacity 156648K, committed 157004K, reserved 1185792K
  class space    used 18505K, capacity 20723K, committed 20812K, reserved 1048576K
}
Event: 4597.056 GC heap before
{Heap before GC invocations=178 (full 0):
 garbage-first heap   total 276480K, used 141807K [0x0000000080000000, 0x0000000100000000)
  region size 1024K, 13 young (13312K), 3 survivors (3072K)
 Metaspace       used 151069K, capacity 156648K, committed 157004K, reserved 1185792K
  class space    used 18505K, capacity 20723K, committed 20812K, reserved 1048576K
}
Event: 4597.066 GC heap after
{Heap after GC invocations=179 (full 0):
 garbage-first heap   total 276480K, used 131705K [0x0000000080000000, 0x0000000100000000)
  region size 1024K, 1 young (1024K), 1 survivors (1024K)
 Metaspace       used 151069K, capacity 156648K, committed 157004K, reserved 1185792K
  class space    used 18505K, capacity 20723K, committed 20812K, reserved 1048576K
}
Event: 4598.857 GC heap before
{Heap before GC invocations=179 (full 0):
 garbage-first heap   total 276480K, used 199289K [0x0000000080000000, 0x0000000100000000)
  region size 1024K, 69 young (70656K), 1 survivors (1024K)
 Metaspace       used 152209K, capacity 157872K, committed 157900K, reserved 1185792K
  class space    used 18656K, capacity 20931K, committed 20940K, reserved 1048576K
}
Event: 4598.873 GC heap after
{Heap after GC invocations=180 (full 0):
 garbage-first heap   total 276480K, used 133725K [0x0000000080000000, 0x0000000100000000)
  region size 1024K, 3 young (3072K), 3 survivors (3072K)
 Metaspace       used 152209K, capacity 157872K, committed 157900K, reserved 1185792K
  class space    used 18656K, capacity 20931K, committed 20940K, reserved 1048576K
}

Deoptimization events (20 events):
Event: 4599.255 Thread 0x000001ab49020800 Uncommon trap: trap_request=0xffffffc6 fr.pc=0x000001ab35f6e594 relative=0x0000000000000714
Event: 4599.255 Thread 0x000001ab49020800 Uncommon trap: reason=bimorphic_or_optimized_type_check action=maybe_recompile pc=0x000001ab35f6e594 method=java.security.MessageDigest$Delegate.clone()Ljava/lang/Object; @ 14 c2
Event: 4599.255 Thread 0x000001ab49020800 DEOPT PACKING pc=0x000001ab35f6e594 sp=0x0000001636efdad0
Event: 4599.255 Thread 0x000001ab49020800 DEOPT UNPACKING pc=0x000001ab2d7da1af sp=0x0000001636efdaa0 mode 2
Event: 4600.046 Thread 0x000001ab51e6c800 Uncommon trap: trap_request=0xffffff4d fr.pc=0x000001ab36094878 relative=0x0000000000001298
Event: 4600.046 Thread 0x000001ab51e6c800 Uncommon trap: reason=unstable_if action=reinterpret pc=0x000001ab36094878 method=com.google.gson.stream.JsonWriter.string(Ljava/lang/String;)V @ 4 c2
Event: 4600.046 Thread 0x000001ab51e6c800 DEOPT PACKING pc=0x000001ab36094878 sp=0x00000016351f97a0
Event: 4600.046 Thread 0x000001ab51e6c800 DEOPT UNPACKING pc=0x000001ab2d7da1af sp=0x00000016351f9790 mode 2
Event: 4600.163 Thread 0x000001ab51e6c800 Uncommon trap: trap_request=0xffffffc6 fr.pc=0x000001ab35db3bd4 relative=0x0000000000000eb4
Event: 4600.163 Thread 0x000001ab51e6c800 Uncommon trap: reason=bimorphic_or_optimized_type_check action=maybe_recompile pc=0x000001ab35db3bd4 method=java.util.regex.Pattern$Begin.match(Ljava/util/regex/Matcher;ILjava/lang/CharSequence;)Z @ 30 c2
Event: 4600.163 Thread 0x000001ab51e6c800 DEOPT PACKING pc=0x000001ab35db3bd4 sp=0x00000016351f6060
Event: 4600.163 Thread 0x000001ab51e6c800 DEOPT UNPACKING pc=0x000001ab2d7da1af sp=0x00000016351f6000 mode 2
Event: 4600.165 Thread 0x000001ab4653f800 Uncommon trap: trap_request=0xffffffc6 fr.pc=0x000001ab35db3bd4 relative=0x0000000000000eb4
Event: 4600.165 Thread 0x000001ab4653f800 Uncommon trap: reason=bimorphic_or_optimized_type_check action=maybe_recompile pc=0x000001ab35db3bd4 method=java.util.regex.Pattern$Begin.match(Ljava/util/regex/Matcher;ILjava/lang/CharSequence;)Z @ 30 c2
Event: 4600.165 Thread 0x000001ab4653f800 DEOPT PACKING pc=0x000001ab35db3bd4 sp=0x0000001635dfadd0
Event: 4600.165 Thread 0x000001ab4653f800 DEOPT UNPACKING pc=0x000001ab2d7da1af sp=0x0000001635dfad70 mode 2
Event: 4600.170 Thread 0x000001ab4653f800 Uncommon trap: trap_request=0xffffff4d fr.pc=0x000001ab3613bd98 relative=0x0000000000005018
Event: 4600.172 Thread 0x000001ab4653f800 Uncommon trap: reason=unstable_if action=reinterpret pc=0x000001ab3613bd98 method=com.android.tools.r8.graph.w2.a()V @ 347 c2
Event: 4600.173 Thread 0x000001ab4653f800 DEOPT PACKING pc=0x000001ab3613bd98 sp=0x0000001635df9d00
Event: 4600.173 Thread 0x000001ab4653f800 DEOPT UNPACKING pc=0x000001ab2d7da1af sp=0x0000001635df9ce0 mode 2

Classes redefined (0 events):
No events

Internal exceptions (20 events):
Event: 4598.517 Thread 0x000001ab51e6f000 Exception <a 'sun/nio/fs/WindowsException'{0x000000008d45a578}> (0x000000008d45a578) thrown at [src/hotspot/share/prims/jni.cpp, line 617]
Event: 4598.529 Thread 0x000001ab51e6f000 Exception <a 'sun/nio/fs/WindowsException'{0x000000008d488e38}> (0x000000008d488e38) thrown at [src/hotspot/share/prims/jni.cpp, line 617]
Event: 4598.615 Thread 0x000001ab51e6f000 Exception <a 'sun/nio/fs/WindowsException'{0x000000008d3b9758}> (0x000000008d3b9758) thrown at [src/hotspot/share/prims/jni.cpp, line 617]
Event: 4598.724 Thread 0x000001ab51e6f000 Exception <a 'sun/nio/fs/WindowsException'{0x000000008ceb4228}> (0x000000008ceb4228) thrown at [src/hotspot/share/prims/jni.cpp, line 617]
Event: 4598.738 Thread 0x000001ab51e6f000 Exception <a 'sun/nio/fs/WindowsException'{0x000000008cee3768}> (0x000000008cee3768) thrown at [src/hotspot/share/prims/jni.cpp, line 617]
Event: 4598.752 Thread 0x000001ab51e6f000 Exception <a 'sun/nio/fs/WindowsException'{0x000000008cd21788}> (0x000000008cd21788) thrown at [src/hotspot/share/prims/jni.cpp, line 617]
Event: 4598.810 Thread 0x000001ab51e6f000 Exception <a 'sun/nio/fs/WindowsException'{0x000000008cac40c8}> (0x000000008cac40c8) thrown at [src/hotspot/share/prims/jni.cpp, line 617]
Event: 4598.930 Thread 0x000001ab49020800 Implicit null exception at 0x000001ab3571bd6a to 0x000001ab35721574
Event: 4599.165 Thread 0x000001ab51e6f000 Exception <a 'sun/nio/fs/WindowsException'{0x0000000090d9f120}> (0x0000000090d9f120) thrown at [src/hotspot/share/prims/jni.cpp, line 617]
Event: 4599.289 Thread 0x000001ab51e6f000 Exception <a 'sun/nio/fs/WindowsException'{0x0000000090b88ce0}> (0x0000000090b88ce0) thrown at [src/hotspot/share/prims/jni.cpp, line 617]
Event: 4599.378 Thread 0x000001ab51e75000 Exception <a 'sun/nio/fs/WindowsException'{0x0000000090bf14e0}> (0x0000000090bf14e0) thrown at [src/hotspot/share/prims/jni.cpp, line 617]
Event: 4599.396 Thread 0x000001ab51e75000 Exception <a 'sun/nio/fs/WindowsException'{0x0000000090a38a10}> (0x0000000090a38a10) thrown at [src/hotspot/share/prims/jni.cpp, line 617]
Event: 4599.413 Thread 0x000001ab51e7b800 Exception <a 'sun/nio/fs/WindowsException'{0x0000000090a7cd70}> (0x0000000090a7cd70) thrown at [src/hotspot/share/prims/jni.cpp, line 617]
Event: 4599.436 Thread 0x000001ab51e7b800 Exception <a 'sun/nio/fs/WindowsException'{0x0000000090ad0780}> (0x0000000090ad0780) thrown at [src/hotspot/share/prims/jni.cpp, line 617]
Event: 4599.452 Thread 0x000001ab46540800 Exception <a 'sun/nio/fs/WindowsException'{0x000000009091de38}> (0x000000009091de38) thrown at [src/hotspot/share/prims/jni.cpp, line 617]
Event: 4599.770 Thread 0x000001ab46540800 Exception <a 'sun/nio/fs/WindowsException'{0x00000000908e8678}> (0x00000000908e8678) thrown at [src/hotspot/share/prims/jni.cpp, line 617]
Event: 4599.879 Thread 0x000001ab49024800 Exception <a 'java/lang/NoSuchMethodError'{0x00000000905bb508}: 'java.lang.Object java.lang.invoke.DelegatingMethodHandle$Holder.reinvoke_L(java.lang.Object, java.lang.Object, java.lang.Object, int, java.lang.Object)'> (0x00000000905bb508) thrown at [src/hotspot/share/interpreter/linkResolver.cpp, line 773]
Event: 4600.045 Thread 0x000001ab51e6c800 Exception <a 'sun/nio/fs/WindowsException'{0x0000000090304768}> (0x0000000090304768) thrown at [src/hotspot/share/prims/jni.cpp, line 617]
Event: 4600.046 Thread 0x000001ab51e6c800 Exception <a 'sun/nio/fs/WindowsException'{0x00000000903058f8}> (0x00000000903058f8) thrown at [src/hotspot/share/prims/jni.cpp, line 617]
Event: 4600.167 Thread 0x000001ab4653f800 Exception <a 'sun/nio/fs/WindowsException'{0x00000000902cad60}> (0x00000000902cad60) thrown at [src/hotspot/share/prims/jni.cpp, line 617]

Events (20 events):
Event: 4600.191 loading class com/android/tools/r8/internal/bo
Event: 4600.191 loading class com/android/tools/r8/internal/bo done
Event: 4600.194 loading class com/android/tools/r8/internal/kG
Event: 4600.194 loading class com/android/tools/r8/internal/kG done
Event: 4600.197 loading class com/android/tools/r8/internal/v
Event: 4600.197 loading class com/android/tools/r8/internal/v done
Event: 4600.201 loading class com/android/tools/r8/internal/do
Event: 4600.201 loading class com/android/tools/r8/internal/do done
Event: 4600.203 loading class com/android/tools/r8/internal/jG
Event: 4600.203 loading class com/android/tools/r8/internal/jG done
Event: 4600.204 loading class com/android/tools/r8/internal/q
Event: 4600.204 loading class com/android/tools/r8/internal/q done
Event: 4600.206 loading class com/android/tools/r8/internal/w
Event: 4600.206 loading class com/android/tools/r8/internal/w done
Event: 4600.208 loading class com/android/tools/r8/internal/Xn
Event: 4600.208 loading class com/android/tools/r8/internal/Xn done
Event: 4600.211 loading class com/android/tools/r8/internal/Wn
Event: 4600.211 loading class com/android/tools/r8/internal/Wn done
Event: 4600.263 Executing VM operation: ICBufferFull
Event: 4600.264 Executing VM operation: ICBufferFull done


Dynamic libraries:
0x00007ff7a6e00000 - 0x00007ff7a6e0a000 	C:\Program Files\Android\Android Studio\jbr\bin\java.exe
0x00007ff902a30000 - 0x00007ff902c28000 	C:\WINDOWS\SYSTEM32\ntdll.dll
0x00007ff901d00000 - 0x00007ff901dbf000 	C:\WINDOWS\System32\KERNEL32.DLL
0x00007ff9002a0000 - 0x00007ff900596000 	C:\WINDOWS\System32\KERNELBASE.dll
0x00007ff9001a0000 - 0x00007ff9002a0000 	C:\WINDOWS\System32\ucrtbase.dll
0x00007ff8ec850000 - 0x00007ff8ec867000 	C:\Program Files\Android\Android Studio\jbr\bin\jli.dll
0x00007ff8f86e0000 - 0x00007ff8f86fb000 	C:\Program Files\Android\Android Studio\jbr\bin\VCRUNTIME140.dll
0x00007ff9027f0000 - 0x00007ff90298d000 	C:\WINDOWS\System32\USER32.dll
0x00007ff8ebc40000 - 0x00007ff8ebeda000 	C:\WINDOWS\WinSxS\amd64_microsoft.windows.common-controls_6595b64144ccf1df_6.0.19041.1110_none_60b5254171f9507e\COMCTL32.dll
0x00007ff900610000 - 0x00007ff900632000 	C:\WINDOWS\System32\win32u.dll
0x00007ff9024d0000 - 0x00007ff90256e000 	C:\WINDOWS\System32\msvcrt.dll
0x00007ff902120000 - 0x00007ff90214c000 	C:\WINDOWS\System32\GDI32.dll
0x00007ff9006e0000 - 0x00007ff9007f5000 	C:\WINDOWS\System32\gdi32full.dll
0x00007ff900640000 - 0x00007ff9006dd000 	C:\WINDOWS\System32\msvcp_win.dll
0x00007ff901400000 - 0x00007ff901430000 	C:\WINDOWS\System32\IMM32.DLL
0x00007ff8faab0000 - 0x00007ff8faabc000 	C:\Program Files\Android\Android Studio\jbr\bin\vcruntime140_1.dll
0x00007ff8e2b10000 - 0x00007ff8e2b9d000 	C:\Program Files\Android\Android Studio\jbr\bin\msvcp140.dll
0x00007ff8bb460000 - 0x00007ff8bc01c000 	C:\Program Files\Android\Android Studio\jbr\bin\server\jvm.dll
0x00007ff900f00000 - 0x00007ff900faf000 	C:\WINDOWS\System32\ADVAPI32.dll
0x00007ff902750000 - 0x00007ff9027ec000 	C:\WINDOWS\System32\sechost.dll
0x00007ff902570000 - 0x00007ff902696000 	C:\WINDOWS\System32\RPCRT4.dll
0x00007ff902740000 - 0x00007ff902748000 	C:\WINDOWS\System32\PSAPI.DLL
0x00007ff8f9f30000 - 0x00007ff8f9f39000 	C:\WINDOWS\SYSTEM32\WSOCK32.dll
0x00007ff901010000 - 0x00007ff90107b000 	C:\WINDOWS\System32\WS2_32.dll
0x00007ff8f2a10000 - 0x00007ff8f2a37000 	C:\WINDOWS\SYSTEM32\WINMM.dll
0x00007ff8f3d40000 - 0x00007ff8f3d4a000 	C:\WINDOWS\SYSTEM32\VERSION.dll
0x00007ff8fe910000 - 0x00007ff8fe922000 	C:\WINDOWS\SYSTEM32\kernel.appcore.dll
0x00007ff8f8b10000 - 0x00007ff8f8b20000 	C:\Program Files\Android\Android Studio\jbr\bin\verify.dll
0x00007ff8efcb0000 - 0x00007ff8efe94000 	C:\WINDOWS\SYSTEM32\DBGHELP.DLL
0x00007ff8efc70000 - 0x00007ff8efca4000 	C:\WINDOWS\SYSTEM32\dbgcore.DLL
0x00007ff900110000 - 0x00007ff900192000 	C:\WINDOWS\System32\bcryptPrimitives.dll
0x00007ff8f8ae0000 - 0x00007ff8f8b08000 	C:\Program Files\Android\Android Studio\jbr\bin\java.dll
0x00007ff8f86d0000 - 0x00007ff8f86da000 	C:\Program Files\Android\Android Studio\jbr\bin\jimage.dll
0x00007ff8ec870000 - 0x00007ff8ec87e000 	C:\Program Files\Android\Android Studio\jbr\bin\instrument.dll
0x00007ff8ec830000 - 0x00007ff8ec848000 	C:\Program Files\Android\Android Studio\jbr\bin\zip.dll
0x00007ff9015b0000 - 0x00007ff901cf4000 	C:\WINDOWS\System32\SHELL32.dll
0x00007ff8fdb30000 - 0x00007ff8fe2c3000 	C:\WINDOWS\SYSTEM32\windows.storage.dll
0x00007ff901dc0000 - 0x00007ff902114000 	C:\WINDOWS\System32\combase.dll
0x00007ff8ff9a0000 - 0x00007ff8ff9ce000 	C:\WINDOWS\SYSTEM32\Wldp.dll
0x00007ff902420000 - 0x00007ff9024cd000 	C:\WINDOWS\System32\SHCORE.dll
0x00007ff902990000 - 0x00007ff9029e5000 	C:\WINDOWS\System32\shlwapi.dll
0x00007ff900050000 - 0x00007ff90006f000 	C:\WINDOWS\SYSTEM32\profapi.dll
0x00007ff8e1a40000 - 0x00007ff8e1a4a000 	C:\Program Files\Android\Android Studio\jbr\bin\management.dll
0x00007ff8e19d0000 - 0x00007ff8e19db000 	C:\Program Files\Android\Android Studio\jbr\bin\management_ext.dll
0x00007ff8c9c80000 - 0x00007ff8c9c99000 	C:\Program Files\Android\Android Studio\jbr\bin\net.dll
0x00007ff8f5190000 - 0x00007ff8f529a000 	C:\WINDOWS\SYSTEM32\WINHTTP.dll
0x00007ff8ff780000 - 0x00007ff8ff7ea000 	C:\WINDOWS\system32\mswsock.dll
0x00007ff8c9c60000 - 0x00007ff8c9c73000 	C:\Program Files\Android\Android Studio\jbr\bin\nio.dll
0x00007ff8bded0000 - 0x00007ff8bdee7000 	C:\WINDOWS\system32\napinsp.dll
0x00007ff8bdeb0000 - 0x00007ff8bdecb000 	C:\WINDOWS\system32\pnrpnsp.dll
0x00007ff8e03c0000 - 0x00007ff8e03d5000 	C:\WINDOWS\system32\wshbth.dll
0x00007ff8fb4a0000 - 0x00007ff8fb4bd000 	C:\WINDOWS\system32\NLAapi.dll
0x00007ff8ff490000 - 0x00007ff8ff4cc000 	C:\WINDOWS\SYSTEM32\IPHLPAPI.DLL
0x00007ff8ff4d0000 - 0x00007ff8ff59a000 	C:\WINDOWS\SYSTEM32\DNSAPI.dll
0x00007ff902410000 - 0x00007ff902418000 	C:\WINDOWS\System32\NSI.dll
0x00007ff8bde90000 - 0x00007ff8bdea2000 	C:\WINDOWS\System32\winrnr.dll
0x00007ff8f3b20000 - 0x00007ff8f3b2a000 	C:\Windows\System32\rasadhlp.dll
0x00007ff8f5020000 - 0x00007ff8f50a2000 	C:\WINDOWS\System32\fwpuclnt.dll
0x00007ff900a60000 - 0x00007ff900a87000 	C:\WINDOWS\System32\bcrypt.dll
0x00007ff8fb520000 - 0x00007ff8fb547000 	C:\Users\shahzaib lptp\AndroidStudioProjects\loginsqlite\native\68d5fa5c4cc2d200863cafc0d521ce42e7d3e7ee720ec0a83991735586a16f82\windows-amd64\native-platform.dll
0x00007ff8ba5b0000 - 0x00007ff8ba6f4000 	C:\Users\shahzaib lptp\AndroidStudioProjects\loginsqlite\native\e376f236ea51e6404a007f0833ffe2c6e607c4080706a723a18a27aeea778392\windows-amd64\native-platform-file-events.dll
0x00007ff8ffcf0000 - 0x00007ff8ffd08000 	C:\WINDOWS\SYSTEM32\CRYPTSP.dll
0x00007ff8ff0c0000 - 0x00007ff8ff0f4000 	C:\WINDOWS\system32\rsaenh.dll
0x00007ff900010000 - 0x00007ff90003e000 	C:\WINDOWS\SYSTEM32\USERENV.dll
0x00007ff8ff910000 - 0x00007ff8ff91c000 	C:\WINDOWS\SYSTEM32\CRYPTBASE.dll
0x00007ff8f6ef0000 - 0x00007ff8f6f07000 	C:\WINDOWS\SYSTEM32\dhcpcsvc6.DLL
0x00007ff8f6ed0000 - 0x00007ff8f6eed000 	C:\WINDOWS\SYSTEM32\dhcpcsvc.DLL
0x00007ff8ca5d0000 - 0x00007ff8ca5f7000 	C:\Program Files\Android\Android Studio\jbr\bin\sunec.dll
0x00007ff8ff1e0000 - 0x00007ff8ff213000 	C:\WINDOWS\SYSTEM32\ntmarta.dll

dbghelp: loaded successfully - version: 4.0.5 - missing functions: none
symbol engine: initialized successfully - sym options: 0x614 - pdb path: .;C:\Program Files\Android\Android Studio\jbr\bin;C:\WINDOWS\SYSTEM32;C:\WINDOWS\WinSxS\amd64_microsoft.windows.common-controls_6595b64144ccf1df_6.0.19041.1110_none_60b5254171f9507e;C:\Program Files\Android\Android Studio\jbr\bin\server;C:\Users\shahzaib lptp\AndroidStudioProjects\loginsqlite\native\68d5fa5c4cc2d200863cafc0d521ce42e7d3e7ee720ec0a83991735586a16f82\windows-amd64;C:\Users\shahzaib lptp\AndroidStudioProjects\loginsqlite\native\e376f236ea51e6404a007f0833ffe2c6e607c4080706a723a18a27aeea778392\windows-amd64

VM Arguments:
jvm_args: --add-opens=java.base/java.util.concurrent.atomic=ALL-UNNAMED -javaagent:C:\Program Files\Android\Android Studio\plugins\android\resources\trace_agent.jar=C:\Users\SHAHZA~1\AppData\Local\Temp\sync.trace.profile --add-opens=java.base/java.util=ALL-UNNAMED --add-opens=java.base/java.lang=ALL-UNNAMED --add-opens=java.base/java.lang.invoke=ALL-UNNAMED --add-opens=java.prefs/java.util.prefs=ALL-UNNAMED --add-opens=java.base/java.nio.charset=ALL-UNNAMED --add-opens=java.base/java.net=ALL-UNNAMED --add-opens=java.base/java.util.concurrent.atomic=ALL-UNNAMED -Xmx2048m -Dfile.encoding=UTF-8 -Duser.country=US -Duser.language=en -Duser.variant -javaagent:C:\Users\shahzaib lptp\AndroidStudioProjects\loginsqlite\wrapper\dists\gradle-8.3-rc-1-bin\3lbs5z64xhcdp1uarsx2vp16o\gradle-8.3-rc-1\lib\agents\gradle-instrumentation-agent-8.3.jar 
java_command: org.gradle.launcher.daemon.bootstrap.GradleDaemon 8.3-rc-1
java_class_path (initial): C:\Users\shahzaib lptp\AndroidStudioProjects\loginsqlite\wrapper\dists\gradle-8.3-rc-1-bin\3lbs5z64xhcdp1uarsx2vp16o\gradle-8.3-rc-1\lib\gradle-launcher-8.3.jar
Launcher Type: SUN_STANDARD

[Global flags]
     intx CICompilerCount                          = 3                                         {product} {ergonomic}
     uint ConcGCThreads                            = 1                                         {product} {ergonomic}
     uint G1ConcRefinementThreads                  = 4                                         {product} {ergonomic}
   size_t G1HeapRegionSize                         = 1048576                                   {product} {ergonomic}
    uintx GCDrainStackTargetSize                   = 64                                        {product} {ergonomic}
   size_t InitialHeapSize                          = 134217728                                 {product} {ergonomic}
   size_t MarkStackSize                            = 4194304                                   {product} {ergonomic}
   size_t MaxHeapSize                              = 2147483648                                {product} {command line}
   size_t MaxNewSize                               = 1287651328                                {product} {ergonomic}
   size_t MinHeapDeltaBytes                        = 1048576                                   {product} {ergonomic}
    uintx NonNMethodCodeHeapSize                   = 5830732                                {pd product} {ergonomic}
    uintx NonProfiledCodeHeapSize                  = 122913754                              {pd product} {ergonomic}
    uintx ProfiledCodeHeapSize                     = 122913754                              {pd product} {ergonomic}
    uintx ReservedCodeCacheSize                    = 251658240                              {pd product} {ergonomic}
     bool SegmentedCodeCache                       = true                                      {product} {ergonomic}
     bool UseCompressedClassPointers               = true                                 {lp64_product} {ergonomic}
     bool UseCompressedOops                        = true                                 {lp64_product} {ergonomic}
     bool UseG1GC                                  = true                                      {product} {ergonomic}
     bool UseLargePagesIndividualAllocation        = false                                  {pd product} {ergonomic}

Logging:
Log output configuration:
 #0: stdout all=warning uptime,level,tags
 #1: stderr all=off uptime,level,tags

Environment Variables:
PATH=C:\Program Files\Python310\Scripts\;C:\Program Files\Python310\;C:\Program Files\Common Files\Oracle\Java\javapath;C:\app\bin;C:\app\shahzaiblptp\product\11.2.0\dbhome_1\bin;C:\WINDOWS\system32;C:\WINDOWS;C:\WINDOWS\System32\Wbem;C:\WINDOWS\System32\WindowsPowerShell\v1.0\;c:\Program Files (x86)\Microsoft SQL Server\100\Tools\Binn\;c:\Program Files\Microsoft SQL Server\100\Tools\Binn\;c:\Program Files\Microsoft SQL Server\100\DTS\Binn\;C:\WINDOWS\System32\OpenSSH\;C:\ProgramData\chocolatey\bin;%JAVA_HOME%\bin;C:\Program Files\Git\cmd;C:\WINDOWS\System32;C:\Users\shahzaib lptp\AppData\Local\Microsoft\WindowsApps;C:\Program Files\JetBrains\IntelliJ IDEA Community Edition 2021.3\bin;;C:\Program Files\Python310\PyCharm Community Edition 2022.1\bin;;C:\Users\shahzaib lptp\AppData\Local\Programs\Microsoft VS Code\bin;C:\Program Files\flutter\bin;C:\src\flutter\bin;C:\Program Files\Android\Android Studio\bin;
USERNAME=shahzaib lptp
OS=Windows_NT
PROCESSOR_IDENTIFIER=Intel64 Family 6 Model 69 Stepping 1, GenuineIntel



---------------  S Y S T E M  ---------------

OS: Windows 10 , 64 bit Build 19041 (10.0.19041.3031)
OS uptime: 1 days 6:52 hours
Hyper-V role detected

CPU:total 4 (initial active 4) (2 cores per cpu, 2 threads per core) family 6 model 69 stepping 1 microcode 0x26, cmov, cx8, fxsr, mmx, sse, sse2, sse3, ssse3, sse4.1, sse4.2, popcnt, avx, avx2, aes, clmul, erms, lzcnt, ht, tsc, tscinvbit, bmi1, bmi2, fma

Memory: 4k page, system-wide physical 8073M (462M free)
TotalPageFile size 10073M (AvailPageFile size 3M)
current process WorkingSet (physical memory assigned to process): 663M, peak: 689M
current process commit charge ("private bytes"): 762M, peak: 762M

vm_info: OpenJDK 64-Bit Server VM (11.0.15+0-b2043.56-9505619) for windows-amd64 JRE (11.0.15+0-b2043.56-9505619), built on Jan 19 2023 02:48:00 by "builduser" with unknown MS VC++:1929

END.
