#
# There is insufficient memory for the Java Runtime Environment to continue.
# Native memory allocation (malloc) failed to allocate 1021776 bytes for Chunk::new
# Possible reasons:
#   The system is out of physical RAM or swap space
#   The process is running with CompressedOops enabled, and the Java Heap may be blocking the growth of the native heap
# Possible solutions:
#   Reduce memory load on the system
#   Increase physical memory or swap space
#   Check if swap backing store is full
#   Decrease Java heap size (-Xmx/-Xms)
#   Decrease number of Java threads
#   Decrease Java thread stack sizes (-Xss)
#   Set larger code cache with -XX:ReservedCodeCacheSize=
#   JVM is running with Unscaled Compressed Oops mode in which the Java heap is
#     placed in the first 4GB address space. The Java Heap base address is the
#     maximum limit for the native heap growth. Please use -XX:HeapBaseMinAddress
#     to set the Java Heap base and to place the Java Heap above 4GB virtual address.
# This output file may be truncated or incomplete.
#
#  Out of Memory Error (src/hotspot/share/memory/arena.cpp:197), pid=15072, tid=10136
#
# JRE version: OpenJDK Runtime Environment (11.0.15) (build 11.0.15+0-b2043.56-9505619)
# Java VM: OpenJDK 64-Bit Server VM (11.0.15+0-b2043.56-9505619, mixed mode, tiered, compressed oops, g1 gc, windows-amd64)
# No core dump will be written. Minidumps are not enabled by default on client versions of Windows
#

---------------  S U M M A R Y ------------

Command Line: -javaagent:C:\Program Files\Android\Android Studio\plugins\android\resources\trace_agent.jar=C:\Users\SHAHZA~1\AppData\Local\Temp\sync.trace.profile --add-opens=java.base/java.util=ALL-UNNAMED --add-opens=java.base/java.lang=ALL-UNNAMED --add-opens=java.base/java.lang.invoke=ALL-UNNAMED --add-opens=java.base/java.util=ALL-UNNAMED --add-opens=java.prefs/java.util.prefs=ALL-UNNAMED --add-opens=java.prefs/java.util.prefs=ALL-UNNAMED --add-opens=java.base/java.nio.charset=ALL-UNNAMED --add-opens=java.base/java.net=ALL-UNNAMED --add-opens=java.base/java.util.concurrent.atomic=ALL-UNNAMED -Xmx2048m -Dfile.encoding=UTF-8 -Duser.country=US -Duser.language=en -Duser.variant org.gradle.launcher.daemon.bootstrap.GradleDaemon 7.5

Host: Intel(R) Core(TM) i5-4310U CPU @ 2.00GHz, 4 cores, 7G,  Windows 10 , 64 bit Build 19041 (10.0.19041.2788)
Time: Sat May  6 21:40:02 2023 Pakistan Standard Time elapsed time: 11153.670670 seconds (0d 3h 5m 53s)

---------------  T H R E A D  ---------------

Current thread (0x00000265665b3800):  JavaThread "C2 CompilerThread0" daemon [_thread_in_native, id=10136, stack(0x000000a1cb100000,0x000000a1cb200000)]


Current CompileTask:
C2:11153670 30516       4       com.android.ide.common.resources.NodeUtils::updateNamespace (167 bytes)

Stack: [0x000000a1cb100000,0x000000a1cb200000]
Native frames: (J=compiled Java code, j=interpreted, Vv=VM code, C=native code)
V  [jvm.dll+0x64135a]
V  [jvm.dll+0x7d39f9]
V  [jvm.dll+0x7d51b9]
V  [jvm.dll+0x7d58a3]
V  [jvm.dll+0x2691c5]
V  [jvm.dll+0xc1a5c]
V  [jvm.dll+0xc200c]
V  [jvm.dll+0x3774a7]
V  [jvm.dll+0x342495]
V  [jvm.dll+0x34186a]
V  [jvm.dll+0x2214bd]
V  [jvm.dll+0x220498]
V  [jvm.dll+0x19e851]
V  [jvm.dll+0x230479]
V  [jvm.dll+0x22e5ef]
V  [jvm.dll+0x794de1]
V  [jvm.dll+0x78dc24]
V  [jvm.dll+0x6400f6]
C  [ucrtbase.dll+0x21bb2]
C  [KERNEL32.DLL+0x17604]
C  [ntdll.dll+0x526a1]


---------------  P R O C E S S  ---------------

Threads class SMR info:
_java_thread_list=0x000002656a78eb10, length=100, elements={
0x000002654c976000, 0x0000026566587000, 0x0000026566590800, 0x00000265665a0000,
0x00000265665a1800, 0x00000265665a6800, 0x00000265665b3800, 0x00000265665ba000,
0x00000265665c3800, 0x0000026567067000, 0x00000265691f7000, 0x00000265698e4800,
0x000002656881b000, 0x000002656b960000, 0x000002656b95f000, 0x000002656b95c000,
0x000002656b95e000, 0x000002656b962800, 0x000002656b90f000, 0x000002656b90e000,
0x000002656b909800, 0x000002656b910000, 0x000002656b90b800, 0x000002656b90b000,
0x0000026566f9a800, 0x0000026566f98000, 0x00000265678e7800, 0x00000265700e0800,
0x000002656b914800, 0x0000026566f95000, 0x000002656b912800, 0x0000026566f95800,
0x00000265678df800, 0x000002656dabb800, 0x0000026566f9a000, 0x0000026566f96800,
0x00000265678e9000, 0x000002656b95c800, 0x000002656b961800, 0x000002656b960800,
0x000002656b95d800, 0x000002656ffca000, 0x000002656ffcb000, 0x000002656ffc5800,
0x000002656ffcc000, 0x000002656ffc8000, 0x000002656ffc6000, 0x000002656ffce800,
0x000002656ffc8800, 0x000002656ffcf000, 0x000002656ffcc800, 0x000002656ffc9800,
0x000002656ffd0000, 0x000002656ffd1000, 0x000002656ffd3000, 0x000002656ffcd800,
0x000002656ffd1800, 0x000002656ffd2800, 0x000002656ffd4000, 0x00000265700e4000,
0x00000265700e2800, 0x00000265700e5000, 0x00000265700e1800, 0x00000265700e3000,
0x00000265700df000, 0x00000265700e0000, 0x00000265700ea800, 0x00000265700e9800,
0x00000265700eb800, 0x00000265700e7000, 0x00000265700e5800, 0x00000265700e8000,
0x00000265700e6800, 0x00000265700ed000, 0x00000265700ed800, 0x00000265700e9000,
0x00000265678de800, 0x00000265678e1000, 0x00000265678e0000, 0x00000265678dd000,
0x00000265678e2000, 0x00000265678dc000, 0x00000265678e8800, 0x00000265678e6000,
0x00000265678e2800, 0x00000265678e6800, 0x00000265678e3800, 0x00000265678ea000,
0x00000265678e4000, 0x0000026566f91000, 0x0000026566f90000, 0x0000026566f92800,
0x0000026566f93000, 0x0000026566f8f000, 0x0000026566f9d000, 0x0000026566f9c000,
0x0000026566f99000, 0x0000026566f9b800, 0x000002656b90a000, 0x000002656b6dd000
}

Java Threads: ( => current thread )
  0x000002654c976000 JavaThread "main" [_thread_blocked, id=14256, stack(0x000000a1ca500000,0x000000a1ca600000)]
  0x0000026566587000 JavaThread "Reference Handler" daemon [_thread_blocked, id=9984, stack(0x000000a1cac00000,0x000000a1cad00000)]
  0x0000026566590800 JavaThread "Finalizer" daemon [_thread_blocked, id=11552, stack(0x000000a1cad00000,0x000000a1cae00000)]
  0x00000265665a0000 JavaThread "Signal Dispatcher" daemon [_thread_blocked, id=14324, stack(0x000000a1cae00000,0x000000a1caf00000)]
  0x00000265665a1800 JavaThread "Attach Listener" daemon [_thread_blocked, id=10540, stack(0x000000a1caf00000,0x000000a1cb000000)]
  0x00000265665a6800 JavaThread "Service Thread" daemon [_thread_blocked, id=15200, stack(0x000000a1cb000000,0x000000a1cb100000)]
=>0x00000265665b3800 JavaThread "C2 CompilerThread0" daemon [_thread_in_native, id=10136, stack(0x000000a1cb100000,0x000000a1cb200000)]
  0x00000265665ba000 JavaThread "C1 CompilerThread0" daemon [_thread_in_native, id=13328, stack(0x000000a1cb200000,0x000000a1cb300000)]
  0x00000265665c3800 JavaThread "Sweeper thread" daemon [_thread_blocked, id=13592, stack(0x000000a1cb300000,0x000000a1cb400000)]
  0x0000026567067000 JavaThread "Common-Cleaner" daemon [_thread_blocked, id=12724, stack(0x000000a1cb400000,0x000000a1cb500000)]
  0x00000265691f7000 JavaThread "Daemon health stats" [_thread_blocked, id=9452, stack(0x000000a1cb900000,0x000000a1cba00000)]
  0x00000265698e4800 JavaThread "Incoming local TCP Connector on port 63157" [_thread_in_native, id=15972, stack(0x000000a1cba00000,0x000000a1cbb00000)]
  0x000002656881b000 JavaThread "Daemon periodic checks" [_thread_blocked, id=6008, stack(0x000000a1cbd00000,0x000000a1cbe00000)]
  0x000002656b960000 JavaThread "Cache worker for journal cache (C:\Users\shahzaib lptp\AndroidStudioProjects\loginsqlite\caches\journal-1)" [_thread_blocked, id=11056, stack(0x000000a1cc400000,0x000000a1cc500000)]
  0x000002656b95f000 JavaThread "File lock request listener" [_thread_in_native, id=15740, stack(0x000000a1cc500000,0x000000a1cc600000)]
  0x000002656b95c000 JavaThread "Cache worker for file hash cache (C:\Users\shahzaib lptp\AndroidStudioProjects\loginsqlite\caches\7.5\fileHashes)" [_thread_blocked, id=14112, stack(0x000000a1cc600000,0x000000a1cc700000)]
  0x000002656b95e000 JavaThread "File watcher server" daemon [_thread_in_native, id=7496, stack(0x000000a1cc700000,0x000000a1cc800000)]
  0x000002656b962800 JavaThread "File watcher consumer" daemon [_thread_blocked, id=9248, stack(0x000000a1cc800000,0x000000a1cc900000)]
  0x000002656b90f000 JavaThread "Cache worker for file content cache (C:\Users\shahzaib lptp\AndroidStudioProjects\loginsqlite\caches\7.5\fileContent)" [_thread_blocked, id=15824, stack(0x000000a1ccb00000,0x000000a1ccc00000)]
  0x000002656b90e000 JavaThread "Cache worker for execution history cache (C:\Users\shahzaib lptp\AndroidStudioProjects\loginsqlite\caches\7.5\executionHistory)" [_thread_blocked, id=2020, stack(0x000000a1cce00000,0x000000a1ccf00000)]
  0x000002656b909800 JavaThread "jar transforms" [_thread_blocked, id=11404, stack(0x000000a1ccf00000,0x000000a1cd000000)]
  0x000002656b910000 JavaThread "jar transforms Thread 2" [_thread_blocked, id=10140, stack(0x000000a1cd000000,0x000000a1cd100000)]
  0x000002656b90b800 JavaThread "jar transforms Thread 3" [_thread_blocked, id=2464, stack(0x000000a1cd100000,0x000000a1cd200000)]
  0x000002656b90b000 JavaThread "jar transforms Thread 4" [_thread_blocked, id=10844, stack(0x000000a1cd200000,0x000000a1cd300000)]
  0x0000026566f9a800 JavaThread "Memory manager" [_thread_blocked, id=12648, stack(0x000000a1cfe00000,0x000000a1cff00000)]
  0x0000026566f98000 JavaThread "pool-3-thread-1" [_thread_blocked, id=9224, stack(0x000000a1d0100000,0x000000a1d0200000)]
  0x00000265678e7800 JavaThread "Cache worker for Java compile cache (C:\Users\shahzaib lptp\AndroidStudioProjects\loginsqlite\caches\7.5\javaCompile)" [_thread_blocked, id=10596, stack(0x000000a1d0e00000,0x000000a1d0f00000)]
  0x00000265700e0800 JavaThread "pool-8-thread-1" [_thread_blocked, id=1876, stack(0x000000a1cfc00000,0x000000a1cfd00000)]
  0x000002656b914800 JavaThread "pool-13-thread-1" [_thread_blocked, id=12264, stack(0x000000a1cfd00000,0x000000a1cfe00000)]
  0x0000026566f95000 JavaThread "pool-18-thread-1" [_thread_blocked, id=11788, stack(0x000000a1cfb00000,0x000000a1cfc00000)]
  0x000002656b912800 JavaThread "pool-23-thread-1" [_thread_blocked, id=2156, stack(0x000000a1ccc00000,0x000000a1ccd00000)]
  0x0000026566f95800 JavaThread "pool-28-thread-1" [_thread_blocked, id=12880, stack(0x000000a1d0200000,0x000000a1d0300000)]
  0x00000265678df800 JavaThread "pool-33-thread-1" [_thread_blocked, id=10524, stack(0x000000a1d0300000,0x000000a1d0400000)]
  0x000002656dabb800 JavaThread "pool-38-thread-1" [_thread_blocked, id=10156, stack(0x000000a1cff00000,0x000000a1d0000000)]
  0x0000026566f9a000 JavaThread "pool-43-thread-1" [_thread_blocked, id=12308, stack(0x000000a1d0400000,0x000000a1d0500000)]
  0x0000026566f96800 JavaThread "pool-48-thread-1" [_thread_blocked, id=3384, stack(0x000000a1d0000000,0x000000a1d0100000)]
  0x00000265678e9000 JavaThread "pool-53-thread-1" [_thread_blocked, id=15080, stack(0x000000a1d0500000,0x000000a1d0600000)]
  0x000002656b95c800 JavaThread "ForkJoinPool.commonPool-worker-5" daemon [_thread_blocked, id=4644, stack(0x000000a1d1600000,0x000000a1d1700000)]
  0x000002656b961800 JavaThread "Daemon Thread 19" [_thread_blocked, id=10332, stack(0x000000a1ca200000,0x000000a1ca300000)]
  0x000002656b960800 JavaThread "Handler for socket connection from /127.0.0.1:63157 to /127.0.0.1:59712" [_thread_in_native, id=6812, stack(0x000000a1ca300000,0x000000a1ca400000)]
  0x000002656b95d800 JavaThread "Cancel handler" [_thread_blocked, id=11464, stack(0x000000a1ca400000,0x000000a1ca500000)]
  0x000002656ffca000 JavaThread "Daemon worker Thread 12" [_thread_blocked, id=8764, stack(0x000000a1cb500000,0x000000a1cb600000)]
  0x000002656ffcb000 JavaThread "Asynchronous log dispatcher for DefaultDaemonConnection: socket connection from /127.0.0.1:63157 to /127.0.0.1:59712" [_thread_blocked, id=15756, stack(0x000000a1cbb00000,0x000000a1cbc00000)]
  0x000002656ffc5800 JavaThread "Stdin handler" [_thread_blocked, id=7360, stack(0x000000a1cbc00000,0x000000a1cbd00000)]
  0x000002656ffcc000 JavaThread "Daemon client event forwarder" [_thread_blocked, id=9928, stack(0x000000a1cbe00000,0x000000a1cbf00000)]
  0x000002656ffc8000 JavaThread "Cache worker for checksums cache (C:\Users\shahzaib lptp\AndroidStudioProjects\EyeonwaterApp\.gradle\7.5\checksums)" [_thread_blocked, id=6396, stack(0x000000a1cbf00000,0x000000a1cc000000)]
  0x000002656ffc6000 JavaThread "Cache worker for cache directory md-rule (C:\Users\shahzaib lptp\AndroidStudioProjects\loginsqlite\caches\7.5\md-rule)" [_thread_blocked, id=1308, stack(0x000000a1cc000000,0x000000a1cc100000)]
  0x000002656ffce800 JavaThread "Cache worker for file hash cache (C:\Users\shahzaib lptp\AndroidStudioProjects\EyeonwaterApp\.gradle\7.5\fileHashes)" [_thread_blocked, id=1232, stack(0x000000a1cc100000,0x000000a1cc200000)]
  0x000002656ffc8800 JavaThread "Cache worker for cache directory md-supplier (C:\Users\shahzaib lptp\AndroidStudioProjects\loginsqlite\caches\7.5\md-supplier)" [_thread_blocked, id=12032, stack(0x000000a1cc200000,0x000000a1cc300000)]
  0x000002656ffcf000 JavaThread "Cache worker for dependencies-accessors (C:\Users\shahzaib lptp\AndroidStudioProjects\EyeonwaterApp\.gradle\7.5\dependencies-accessors)" [_thread_blocked, id=8200, stack(0x000000a1cca00000,0x000000a1ccb00000)]
  0x000002656ffcc800 JavaThread "Cache worker for Build Output Cleanup Cache (C:\Users\shahzaib lptp\AndroidStudioProjects\EyeonwaterApp\.gradle\buildOutputCleanup)" [_thread_blocked, id=3880, stack(0x000000a1cc900000,0x000000a1cca00000)]
  0x000002656ffc9800 JavaThread "Unconstrained build operations" [_thread_blocked, id=15368, stack(0x000000a1ccd00000,0x000000a1cce00000)]
  0x000002656ffd0000 JavaThread "Unconstrained build operations Thread 2" [_thread_blocked, id=8848, stack(0x000000a1cd300000,0x000000a1cd400000)]
  0x000002656ffd1000 JavaThread "Unconstrained build operations Thread 3" [_thread_blocked, id=5044, stack(0x000000a1cd400000,0x000000a1cd500000)]
  0x000002656ffd3000 JavaThread "Unconstrained build operations Thread 4" [_thread_blocked, id=10496, stack(0x000000a1cd500000,0x000000a1cd600000)]
  0x000002656ffcd800 JavaThread "Unconstrained build operations Thread 5" [_thread_blocked, id=9956, stack(0x000000a1cd600000,0x000000a1cd700000)]
  0x000002656ffd1800 JavaThread "Unconstrained build operations Thread 6" [_thread_blocked, id=7800, stack(0x000000a1cd700000,0x000000a1cd800000)]
  0x000002656ffd2800 JavaThread "Unconstrained build operations Thread 7" [_thread_blocked, id=5248, stack(0x000000a1cd800000,0x000000a1cd900000)]
  0x000002656ffd4000 JavaThread "Unconstrained build operations Thread 8" [_thread_blocked, id=10636, stack(0x000000a1cd900000,0x000000a1cda00000)]
  0x00000265700e4000 JavaThread "Unconstrained build operations Thread 9" [_thread_blocked, id=13744, stack(0x000000a1cda00000,0x000000a1cdb00000)]
  0x00000265700e2800 JavaThread "Unconstrained build operations Thread 10" [_thread_blocked, id=14272, stack(0x000000a1cdb00000,0x000000a1cdc00000)]
  0x00000265700e5000 JavaThread "Unconstrained build operations Thread 11" [_thread_blocked, id=1304, stack(0x000000a1cdc00000,0x000000a1cdd00000)]
  0x00000265700e1800 JavaThread "Unconstrained build operations Thread 12" [_thread_blocked, id=11764, stack(0x000000a1cdd00000,0x000000a1cde00000)]
  0x00000265700e3000 JavaThread "Unconstrained build operations Thread 13" [_thread_blocked, id=10804, stack(0x000000a1cde00000,0x000000a1cdf00000)]
  0x00000265700df000 JavaThread "Unconstrained build operations Thread 14" [_thread_blocked, id=13688, stack(0x000000a1cdf00000,0x000000a1ce000000)]
  0x00000265700e0000 JavaThread "Unconstrained build operations Thread 15" [_thread_blocked, id=9412, stack(0x000000a1ce000000,0x000000a1ce100000)]
  0x00000265700ea800 JavaThread "Unconstrained build operations Thread 16" [_thread_blocked, id=6264, stack(0x000000a1ce100000,0x000000a1ce200000)]
  0x00000265700e9800 JavaThread "Unconstrained build operations Thread 17" [_thread_blocked, id=2072, stack(0x000000a1ce200000,0x000000a1ce300000)]
  0x00000265700eb800 JavaThread "Unconstrained build operations Thread 18" [_thread_blocked, id=10008, stack(0x000000a1ce300000,0x000000a1ce400000)]
  0x00000265700e7000 JavaThread "Unconstrained build operations Thread 19" [_thread_blocked, id=3536, stack(0x000000a1ce400000,0x000000a1ce500000)]
  0x00000265700e5800 JavaThread "Unconstrained build operations Thread 20" [_thread_blocked, id=1192, stack(0x000000a1ce500000,0x000000a1ce600000)]
  0x00000265700e8000 JavaThread "Unconstrained build operations Thread 21" [_thread_blocked, id=10704, stack(0x000000a1ce600000,0x000000a1ce700000)]
  0x00000265700e6800 JavaThread "Unconstrained build operations Thread 22" [_thread_blocked, id=15140, stack(0x000000a1ce700000,0x000000a1ce800000)]
  0x00000265700ed000 JavaThread "Unconstrained build operations Thread 23" [_thread_blocked, id=15892, stack(0x000000a1ce800000,0x000000a1ce900000)]
  0x00000265700ed800 JavaThread "Unconstrained build operations Thread 24" [_thread_blocked, id=10752, stack(0x000000a1ce900000,0x000000a1cea00000)]
  0x00000265700e9000 JavaThread "Unconstrained build operations Thread 25" [_thread_blocked, id=9988, stack(0x000000a1cea00000,0x000000a1ceb00000)]
  0x00000265678de800 JavaThread "Unconstrained build operations Thread 26" [_thread_blocked, id=15464, stack(0x000000a1ceb00000,0x000000a1cec00000)]
  0x00000265678e1000 JavaThread "Unconstrained build operations Thread 27" [_thread_blocked, id=9808, stack(0x000000a1cec00000,0x000000a1ced00000)]
  0x00000265678e0000 JavaThread "Unconstrained build operations Thread 28" [_thread_blocked, id=2944, stack(0x000000a1ced00000,0x000000a1cee00000)]
  0x00000265678dd000 JavaThread "Unconstrained build operations Thread 29" [_thread_blocked, id=14924, stack(0x000000a1cee00000,0x000000a1cef00000)]
  0x00000265678e2000 JavaThread "Unconstrained build operations Thread 30" [_thread_blocked, id=16100, stack(0x000000a1cef00000,0x000000a1cf000000)]
  0x00000265678dc000 JavaThread "Unconstrained build operations Thread 31" [_thread_blocked, id=11104, stack(0x000000a1cf000000,0x000000a1cf100000)]
  0x00000265678e8800 JavaThread "Unconstrained build operations Thread 32" [_thread_blocked, id=6168, stack(0x000000a1cf100000,0x000000a1cf200000)]
  0x00000265678e6000 JavaThread "Unconstrained build operations Thread 33" [_thread_blocked, id=9668, stack(0x000000a1cf200000,0x000000a1cf300000)]
  0x00000265678e2800 JavaThread "Unconstrained build operations Thread 34" [_thread_blocked, id=1296, stack(0x000000a1cf300000,0x000000a1cf400000)]
  0x00000265678e6800 JavaThread "Unconstrained build operations Thread 35" [_thread_blocked, id=9092, stack(0x000000a1cf400000,0x000000a1cf500000)]
  0x00000265678e3800 JavaThread "Unconstrained build operations Thread 36" [_thread_blocked, id=1968, stack(0x000000a1cf500000,0x000000a1cf600000)]
  0x00000265678ea000 JavaThread "Unconstrained build operations Thread 37" [_thread_blocked, id=7760, stack(0x000000a1cf600000,0x000000a1cf700000)]
  0x00000265678e4000 JavaThread "Unconstrained build operations Thread 38" [_thread_blocked, id=8760, stack(0x000000a1cf700000,0x000000a1cf800000)]
  0x0000026566f91000 JavaThread "Unconstrained build operations Thread 39" [_thread_blocked, id=7832, stack(0x000000a1cf800000,0x000000a1cf900000)]
  0x0000026566f90000 JavaThread "Unconstrained build operations Thread 40" [_thread_blocked, id=15172, stack(0x000000a1cf900000,0x000000a1cfa00000)]
  0x0000026566f92800 JavaThread "build event listener" [_thread_blocked, id=11308, stack(0x000000a1cfa00000,0x000000a1cfb00000)]
  0x0000026566f93000 JavaThread "pool-58-thread-1" [_thread_blocked, id=7276, stack(0x000000a1d0700000,0x000000a1d0800000)]
  0x0000026566f8f000 JavaThread "build event listener" [_thread_blocked, id=8536, stack(0x000000a1d0800000,0x000000a1d0900000)]
  0x0000026566f9d000 JavaThread "included builds" [_thread_in_vm, id=15184, stack(0x000000a1d0900000,0x000000a1d0a00000)]
  0x0000026566f9c000 JavaThread "Execution worker" [_thread_blocked, id=11852, stack(0x000000a1d0a00000,0x000000a1d0b00000)]
  0x0000026566f99000 JavaThread "Execution worker Thread 2" [_thread_blocked, id=2816, stack(0x000000a1d0b00000,0x000000a1d0c00000)]
  0x0000026566f9b800 JavaThread "Execution worker Thread 3" [_thread_blocked, id=11920, stack(0x000000a1d0c00000,0x000000a1d0d00000)]
  0x000002656b90a000 JavaThread "Cache worker for execution history cache (C:\Users\shahzaib lptp\AndroidStudioProjects\EyeonwaterApp\.gradle\7.5\executionHistory)" [_thread_blocked, id=856, stack(0x000000a1d0d00000,0x000000a1d0e00000)]
  0x000002656b6dd000 JavaThread "C2 CompilerThread1" daemon [_thread_in_native, id=14788, stack(0x000000a1d0600000,0x000000a1d0700000)]

Other Threads:
  0x0000026566583800 VMThread "VM Thread" [stack: 0x000000a1cab00000,0x000000a1cac00000] [id=304]
  0x0000026567227000 WatcherThread [stack: 0x000000a1cb600000,0x000000a1cb700000] [id=11220]
  0x000002654c98f800 GCTaskThread "GC Thread#0" [stack: 0x000000a1ca600000,0x000000a1ca700000] [id=13112]
  0x000002656810c000 GCTaskThread "GC Thread#1" [stack: 0x000000a1cb700000,0x000000a1cb800000] [id=6412]
  0x0000026567abd000 GCTaskThread "GC Thread#2" [stack: 0x000000a1cb800000,0x000000a1cb900000] [id=11824]
  0x000002656b8af000 GCTaskThread "GC Thread#3" [stack: 0x000000a1cc300000,0x000000a1cc400000] [id=9268]
  0x000002654c9bf000 ConcurrentGCThread "G1 Main Marker" [stack: 0x000000a1ca700000,0x000000a1ca800000] [id=708]
  0x000002654c9c0800 ConcurrentGCThread "G1 Conc#0" [stack: 0x000000a1ca800000,0x000000a1ca900000] [id=10892]
  0x00000265663e0800 ConcurrentGCThread "G1 Refine#0" [stack: 0x000000a1ca900000,0x000000a1caa00000] [id=6480]
  0x00000265663e1800 ConcurrentGCThread "G1 Young RemSet Sampling" [stack: 0x000000a1caa00000,0x000000a1cab00000] [id=15600]

Threads with active compile tasks:
C2 CompilerThread0  11153776 30516       4       com.android.ide.common.resources.NodeUtils::updateNamespace (167 bytes)
C2 CompilerThread1  11153776 30518       4       org.apache.xerces.dom.ElementImpl::normalize (169 bytes)

VM state:not at safepoint (normal execution)

VM Mutex/Monitor currently owned by a thread: None

Heap address: 0x0000000080000000, size: 2048 MB, Compressed Oops mode: 32-bit
Narrow klass base: 0x0000000000000000, Narrow klass shift: 3
Compressed class space size: 1073741824 Address: 0x0000000100000000

Heap:
 garbage-first heap   total 274432K, used 156897K [0x0000000080000000, 0x0000000100000000)
  region size 1024K, 11 young (11264K), 2 survivors (2048K)
 Metaspace       used 139642K, capacity 143648K, committed 145364K, reserved 1175552K
  class space    used 16956K, capacity 18473K, committed 19072K, reserved 1048576K
Heap Regions: E=young(eden), S=young(survivor), O=old, HS=humongous(starts), HC=humongous(continues), CS=collection set, F=free, A=archive, TAMS=top-at-mark-start (previous, next)
|   0|0x0000000080000000, 0x0000000080100000, 0x0000000080100000|100%| O|  |TAMS 0x0000000080100000, 0x0000000080000000| Untracked 
|   1|0x0000000080100000, 0x0000000080200000, 0x0000000080200000|100%| O|  |TAMS 0x0000000080200000, 0x0000000080100000| Untracked 
|   2|0x0000000080200000, 0x0000000080300000, 0x0000000080300000|100%| O|  |TAMS 0x0000000080300000, 0x0000000080200000| Untracked 
|   3|0x0000000080300000, 0x0000000080400000, 0x0000000080400000|100%|HS|  |TAMS 0x0000000080400000, 0x0000000080300000| Complete 
|   4|0x0000000080400000, 0x0000000080500000, 0x0000000080500000|100%|HC|  |TAMS 0x0000000080500000, 0x0000000080400000| Complete 
|   5|0x0000000080500000, 0x0000000080600000, 0x0000000080600000|100%|HC|  |TAMS 0x0000000080600000, 0x0000000080500000| Complete 
|   6|0x0000000080600000, 0x0000000080700000, 0x0000000080700000|100%| O|  |TAMS 0x0000000080700000, 0x0000000080600000| Untracked 
|   7|0x0000000080700000, 0x0000000080800000, 0x0000000080800000|100%| O|  |TAMS 0x0000000080800000, 0x0000000080700000| Untracked 
|   8|0x0000000080800000, 0x0000000080900000, 0x0000000080900000|100%| O|  |TAMS 0x0000000080900000, 0x0000000080800000| Untracked 
|   9|0x0000000080900000, 0x0000000080a00000, 0x0000000080a00000|100%| O|  |TAMS 0x0000000080a00000, 0x0000000080900000| Untracked 
|  10|0x0000000080a00000, 0x0000000080b00000, 0x0000000080b00000|100%| O|  |TAMS 0x0000000080b00000, 0x0000000080a00000| Untracked 
|  11|0x0000000080b00000, 0x0000000080c00000, 0x0000000080c00000|100%| O|  |TAMS 0x0000000080c00000, 0x0000000080b00000| Untracked 
|  12|0x0000000080c00000, 0x0000000080d00000, 0x0000000080d00000|100%| O|  |TAMS 0x0000000080d00000, 0x0000000080c00000| Untracked 
|  13|0x0000000080d00000, 0x0000000080e00000, 0x0000000080e00000|100%| O|  |TAMS 0x0000000080e00000, 0x0000000080d00000| Untracked 
|  14|0x0000000080e00000, 0x0000000080f00000, 0x0000000080f00000|100%| O|  |TAMS 0x0000000080f00000, 0x0000000080e00000| Untracked 
|  15|0x0000000080f00000, 0x0000000081000000, 0x0000000081000000|100%| O|  |TAMS 0x0000000081000000, 0x0000000080f00000| Untracked 
|  16|0x0000000081000000, 0x0000000081100000, 0x0000000081100000|100%| O|  |TAMS 0x0000000081100000, 0x0000000081000000| Untracked 
|  17|0x0000000081100000, 0x0000000081200000, 0x0000000081200000|100%| O|  |TAMS 0x0000000081200000, 0x0000000081100000| Untracked 
|  18|0x0000000081200000, 0x0000000081300000, 0x0000000081300000|100%| O|  |TAMS 0x0000000081300000, 0x0000000081200000| Untracked 
|  19|0x0000000081300000, 0x0000000081400000, 0x0000000081400000|100%|HS|  |TAMS 0x0000000081400000, 0x0000000081300000| Complete 
|  20|0x0000000081400000, 0x0000000081500000, 0x0000000081500000|100%|HS|  |TAMS 0x0000000081500000, 0x0000000081400000| Complete 
|  21|0x0000000081500000, 0x0000000081600000, 0x0000000081600000|100%| O|  |TAMS 0x0000000081600000, 0x0000000081500000| Untracked 
|  22|0x0000000081600000, 0x0000000081700000, 0x0000000081700000|100%| O|  |TAMS 0x0000000081700000, 0x0000000081600000| Untracked 
|  23|0x0000000081700000, 0x0000000081800000, 0x0000000081800000|100%| O|  |TAMS 0x0000000081800000, 0x0000000081700000| Untracked 
|  24|0x0000000081800000, 0x0000000081900000, 0x0000000081900000|100%| O|  |TAMS 0x0000000081900000, 0x0000000081800000| Untracked 
|  25|0x0000000081900000, 0x0000000081a00000, 0x0000000081a00000|100%| O|  |TAMS 0x0000000081a00000, 0x0000000081900000| Untracked 
|  26|0x0000000081a00000, 0x0000000081b00000, 0x0000000081b00000|100%| O|  |TAMS 0x0000000081b00000, 0x0000000081a00000| Untracked 
|  27|0x0000000081b00000, 0x0000000081c00000, 0x0000000081c00000|100%| O|  |TAMS 0x0000000081c00000, 0x0000000081b00000| Untracked 
|  28|0x0000000081c00000, 0x0000000081d00000, 0x0000000081d00000|100%| O|  |TAMS 0x0000000081d00000, 0x0000000081c00000| Untracked 
|  29|0x0000000081d00000, 0x0000000081e00000, 0x0000000081e00000|100%| O|  |TAMS 0x0000000081e00000, 0x0000000081d00000| Untracked 
|  30|0x0000000081e00000, 0x0000000081f00000, 0x0000000081f00000|100%| O|  |TAMS 0x0000000081f00000, 0x0000000081e00000| Untracked 
|  31|0x0000000081f00000, 0x0000000082000000, 0x0000000082000000|100%| O|  |TAMS 0x0000000082000000, 0x0000000081f00000| Untracked 
|  32|0x0000000082000000, 0x0000000082100000, 0x0000000082100000|100%| O|  |TAMS 0x0000000082100000, 0x0000000082000000| Untracked 
|  33|0x0000000082100000, 0x0000000082200000, 0x0000000082200000|100%| O|  |TAMS 0x0000000082200000, 0x0000000082100000| Untracked 
|  34|0x0000000082200000, 0x0000000082300000, 0x0000000082300000|100%| O|  |TAMS 0x0000000082300000, 0x0000000082200000| Untracked 
|  35|0x0000000082300000, 0x0000000082400000, 0x0000000082400000|100%| O|  |TAMS 0x0000000082400000, 0x0000000082300000| Untracked 
|  36|0x0000000082400000, 0x0000000082500000, 0x0000000082500000|100%| O|  |TAMS 0x0000000082500000, 0x0000000082400000| Untracked 
|  37|0x0000000082500000, 0x0000000082600000, 0x0000000082600000|100%| O|  |TAMS 0x0000000082600000, 0x0000000082500000| Untracked 
|  38|0x0000000082600000, 0x0000000082700000, 0x0000000082700000|100%| O|  |TAMS 0x0000000082700000, 0x0000000082600000| Untracked 
|  39|0x0000000082700000, 0x0000000082800000, 0x0000000082800000|100%| O|  |TAMS 0x0000000082800000, 0x0000000082700000| Untracked 
|  40|0x0000000082800000, 0x0000000082900000, 0x0000000082900000|100%| O|  |TAMS 0x0000000082900000, 0x0000000082800000| Untracked 
|  41|0x0000000082900000, 0x0000000082a00000, 0x0000000082a00000|100%| O|  |TAMS 0x0000000082a00000, 0x0000000082900000| Untracked 
|  42|0x0000000082a00000, 0x0000000082b00000, 0x0000000082b00000|100%| O|  |TAMS 0x0000000082b00000, 0x0000000082a00000| Untracked 
|  43|0x0000000082b00000, 0x0000000082c00000, 0x0000000082c00000|100%| O|  |TAMS 0x0000000082c00000, 0x0000000082b00000| Untracked 
|  44|0x0000000082c00000, 0x0000000082d00000, 0x0000000082d00000|100%| O|  |TAMS 0x0000000082d00000, 0x0000000082c00000| Untracked 
|  45|0x0000000082d00000, 0x0000000082e00000, 0x0000000082e00000|100%| O|  |TAMS 0x0000000082d00000, 0x0000000082d00000| Untracked 
|  46|0x0000000082e00000, 0x0000000082f00000, 0x0000000082f00000|100%| O|  |TAMS 0x0000000082f00000, 0x0000000082e00000| Untracked 
|  47|0x0000000082f00000, 0x0000000083000000, 0x0000000083000000|100%| O|  |TAMS 0x0000000083000000, 0x0000000082f00000| Untracked 
|  48|0x0000000083000000, 0x0000000083100000, 0x0000000083100000|100%| O|  |TAMS 0x0000000083100000, 0x0000000083000000| Untracked 
|  49|0x0000000083100000, 0x0000000083200000, 0x0000000083200000|100%| O|  |TAMS 0x0000000083200000, 0x0000000083100000| Untracked 
|  50|0x0000000083200000, 0x0000000083300000, 0x0000000083300000|100%| O|  |TAMS 0x0000000083300000, 0x0000000083200000| Untracked 
|  51|0x0000000083300000, 0x0000000083400000, 0x0000000083400000|100%| O|  |TAMS 0x0000000083400000, 0x0000000083300000| Untracked 
|  52|0x0000000083400000, 0x0000000083500000, 0x0000000083500000|100%| O|  |TAMS 0x0000000083500000, 0x0000000083400000| Untracked 
|  53|0x0000000083500000, 0x0000000083600000, 0x0000000083600000|100%| O|  |TAMS 0x0000000083600000, 0x0000000083500000| Untracked 
|  54|0x0000000083600000, 0x0000000083700000, 0x0000000083700000|100%| O|  |TAMS 0x0000000083700000, 0x0000000083600000| Untracked 
|  55|0x0000000083700000, 0x0000000083800000, 0x0000000083800000|100%| O|  |TAMS 0x0000000083800000, 0x0000000083700000| Untracked 
|  56|0x0000000083800000, 0x0000000083900000, 0x0000000083900000|100%| O|  |TAMS 0x0000000083900000, 0x0000000083800000| Untracked 
|  57|0x0000000083900000, 0x0000000083a00000, 0x0000000083a00000|100%| O|  |TAMS 0x0000000083a00000, 0x0000000083900000| Untracked 
|  58|0x0000000083a00000, 0x0000000083b00000, 0x0000000083b00000|100%| O|  |TAMS 0x0000000083b00000, 0x0000000083a00000| Untracked 
|  59|0x0000000083b00000, 0x0000000083c00000, 0x0000000083c00000|100%| O|  |TAMS 0x0000000083c00000, 0x0000000083b00000| Untracked 
|  60|0x0000000083c00000, 0x0000000083d00000, 0x0000000083d00000|100%| O|  |TAMS 0x0000000083d00000, 0x0000000083c00000| Untracked 
|  61|0x0000000083d00000, 0x0000000083e00000, 0x0000000083e00000|100%| O|  |TAMS 0x0000000083e00000, 0x0000000083d00000| Untracked 
|  62|0x0000000083e00000, 0x0000000083f00000, 0x0000000083f00000|100%| O|  |TAMS 0x0000000083f00000, 0x0000000083e00000| Untracked 
|  63|0x0000000083f00000, 0x0000000084000000, 0x0000000084000000|100%| O|  |TAMS 0x0000000084000000, 0x0000000083f00000| Untracked 
|  64|0x0000000084000000, 0x0000000084100000, 0x0000000084100000|100%| O|  |TAMS 0x0000000084100000, 0x0000000084000000| Untracked 
|  65|0x0000000084100000, 0x0000000084200000, 0x0000000084200000|100%| O|  |TAMS 0x0000000084200000, 0x0000000084100000| Untracked 
|  66|0x0000000084200000, 0x0000000084300000, 0x0000000084300000|100%| O|  |TAMS 0x0000000084300000, 0x0000000084200000| Untracked 
|  67|0x0000000084300000, 0x0000000084400000, 0x0000000084400000|100%| O|  |TAMS 0x0000000084400000, 0x0000000084300000| Untracked 
|  68|0x0000000084400000, 0x0000000084500000, 0x0000000084500000|100%| O|  |TAMS 0x0000000084500000, 0x0000000084400000| Untracked 
|  69|0x0000000084500000, 0x0000000084600000, 0x0000000084600000|100%| O|  |TAMS 0x0000000084600000, 0x0000000084500000| Untracked 
|  70|0x0000000084600000, 0x0000000084700000, 0x0000000084700000|100%| O|  |TAMS 0x0000000084700000, 0x0000000084600000| Untracked 
|  71|0x0000000084700000, 0x0000000084800000, 0x0000000084800000|100%| O|  |TAMS 0x0000000084800000, 0x0000000084700000| Untracked 
|  72|0x0000000084800000, 0x0000000084900000, 0x0000000084900000|100%| O|  |TAMS 0x0000000084900000, 0x0000000084800000| Untracked 
|  73|0x0000000084900000, 0x0000000084a00000, 0x0000000084a00000|100%| O|  |TAMS 0x0000000084a00000, 0x0000000084900000| Untracked 
|  74|0x0000000084a00000, 0x0000000084b00000, 0x0000000084b00000|100%| O|  |TAMS 0x0000000084b00000, 0x0000000084a00000| Untracked 
|  75|0x0000000084b00000, 0x0000000084c00000, 0x0000000084c00000|100%| O|  |TAMS 0x0000000084c00000, 0x0000000084b00000| Untracked 
|  76|0x0000000084c00000, 0x0000000084d00000, 0x0000000084d00000|100%| O|  |TAMS 0x0000000084d00000, 0x0000000084c00000| Untracked 
|  77|0x0000000084d00000, 0x0000000084e00000, 0x0000000084e00000|100%| O|  |TAMS 0x0000000084e00000, 0x0000000084d00000| Untracked 
|  78|0x0000000084e00000, 0x0000000084f00000, 0x0000000084f00000|100%| O|  |TAMS 0x0000000084e00000, 0x0000000084e00000| Untracked 
|  79|0x0000000084f00000, 0x0000000085000000, 0x0000000085000000|100%| O|  |TAMS 0x0000000085000000, 0x0000000084f00000| Untracked 
|  80|0x0000000085000000, 0x0000000085100000, 0x0000000085100000|100%| O|  |TAMS 0x0000000085100000, 0x0000000085000000| Untracked 
|  81|0x0000000085100000, 0x0000000085200000, 0x0000000085200000|100%| O|  |TAMS 0x0000000085200000, 0x0000000085100000| Untracked 
|  82|0x0000000085200000, 0x0000000085300000, 0x0000000085300000|100%| O|  |TAMS 0x0000000085300000, 0x0000000085200000| Untracked 
|  83|0x0000000085300000, 0x0000000085400000, 0x0000000085400000|100%| O|  |TAMS 0x0000000085400000, 0x0000000085300000| Untracked 
|  84|0x0000000085400000, 0x0000000085500000, 0x0000000085500000|100%| O|  |TAMS 0x0000000085400000, 0x0000000085400000| Untracked 
|  85|0x0000000085500000, 0x0000000085600000, 0x0000000085600000|100%| O|  |TAMS 0x0000000085600000, 0x0000000085500000| Untracked 
|  86|0x0000000085600000, 0x0000000085700000, 0x0000000085700000|100%| O|  |TAMS 0x0000000085700000, 0x0000000085600000| Untracked 
|  87|0x0000000085700000, 0x0000000085800000, 0x0000000085800000|100%| O|  |TAMS 0x0000000085800000, 0x0000000085700000| Untracked 
|  88|0x0000000085800000, 0x0000000085800000, 0x0000000085900000|  0%| F|  |TAMS 0x0000000085800000, 0x0000000085800000| Untracked 
|  89|0x0000000085900000, 0x0000000085a00000, 0x0000000085a00000|100%| O|  |TAMS 0x0000000085900000, 0x0000000085900000| Untracked 
|  90|0x0000000085a00000, 0x0000000085b00000, 0x0000000085b00000|100%| O|  |TAMS 0x0000000085a00000, 0x0000000085a00000| Untracked 
|  91|0x0000000085b00000, 0x0000000085c00000, 0x0000000085c00000|100%| O|  |TAMS 0x0000000085c00000, 0x0000000085b00000| Untracked 
|  92|0x0000000085c00000, 0x0000000085d00000, 0x0000000085d00000|100%| O|  |TAMS 0x0000000085d00000, 0x0000000085c00000| Untracked 
|  93|0x0000000085d00000, 0x0000000085e00000, 0x0000000085e00000|100%| O|  |TAMS 0x0000000085e00000, 0x0000000085d00000| Untracked 
|  94|0x0000000085e00000, 0x0000000085f00000, 0x0000000085f00000|100%| O|  |TAMS 0x0000000085f00000, 0x0000000085e00000| Untracked 
|  95|0x0000000085f00000, 0x0000000086000000, 0x0000000086000000|100%| O|  |TAMS 0x0000000086000000, 0x0000000085f00000| Untracked 
|  96|0x0000000086000000, 0x0000000086000000, 0x0000000086100000|  0%| F|  |TAMS 0x0000000086000000, 0x0000000086000000| Untracked 
|  97|0x0000000086100000, 0x0000000086200000, 0x0000000086200000|100%| O|  |TAMS 0x0000000086200000, 0x0000000086100000| Untracked 
|  98|0x0000000086200000, 0x0000000086300000, 0x0000000086300000|100%| O|  |TAMS 0x0000000086300000, 0x0000000086200000| Untracked 
|  99|0x0000000086300000, 0x0000000086400000, 0x0000000086400000|100%| O|  |TAMS 0x0000000086400000, 0x0000000086300000| Untracked 
| 100|0x0000000086400000, 0x0000000086500000, 0x0000000086500000|100%| O|  |TAMS 0x0000000086400000, 0x0000000086400000| Untracked 
| 101|0x0000000086500000, 0x0000000086600000, 0x0000000086600000|100%| O|  |TAMS 0x0000000086500000, 0x0000000086500000| Untracked 
| 102|0x0000000086600000, 0x0000000086700000, 0x0000000086700000|100%| O|  |TAMS 0x0000000086700000, 0x0000000086600000| Untracked 
| 103|0x0000000086700000, 0x0000000086800000, 0x0000000086800000|100%| O|  |TAMS 0x0000000086700000, 0x0000000086700000| Untracked 
| 104|0x0000000086800000, 0x0000000086900000, 0x0000000086900000|100%| O|  |TAMS 0x0000000086900000, 0x0000000086800000| Untracked 
| 105|0x0000000086900000, 0x0000000086a00000, 0x0000000086a00000|100%| O|  |TAMS 0x0000000086a00000, 0x0000000086900000| Untracked 
| 106|0x0000000086a00000, 0x0000000086b00000, 0x0000000086b00000|100%| O|  |TAMS 0x0000000086b00000, 0x0000000086a00000| Untracked 
| 107|0x0000000086b00000, 0x0000000086c00000, 0x0000000086c00000|100%| O|  |TAMS 0x0000000086c00000, 0x0000000086b00000| Untracked 
| 108|0x0000000086c00000, 0x0000000086d00000, 0x0000000086d00000|100%| O|  |TAMS 0x0000000086d00000, 0x0000000086c00000| Untracked 
| 109|0x0000000086d00000, 0x0000000086e00000, 0x0000000086e00000|100%| O|  |TAMS 0x0000000086e00000, 0x0000000086d00000| Untracked 
| 110|0x0000000086e00000, 0x0000000086f00000, 0x0000000086f00000|100%| O|  |TAMS 0x0000000086e00000, 0x0000000086e00000| Untracked 
| 111|0x0000000086f00000, 0x0000000087000000, 0x0000000087000000|100%| O|  |TAMS 0x0000000087000000, 0x0000000086f00000| Untracked 
| 112|0x0000000087000000, 0x0000000087100000, 0x0000000087100000|100%| O|  |TAMS 0x0000000087000000, 0x0000000087000000| Untracked 
| 113|0x0000000087100000, 0x0000000087200000, 0x0000000087200000|100%| O|  |TAMS 0x0000000087200000, 0x0000000087100000| Untracked 
| 114|0x0000000087200000, 0x0000000087300000, 0x0000000087300000|100%| O|  |TAMS 0x0000000087300000, 0x0000000087200000| Untracked 
| 115|0x0000000087300000, 0x0000000087400000, 0x0000000087400000|100%| O|  |TAMS 0x0000000087400000, 0x0000000087300000| Untracked 
| 116|0x0000000087400000, 0x0000000087500000, 0x0000000087500000|100%| O|  |TAMS 0x0000000087500000, 0x0000000087400000| Untracked 
| 117|0x0000000087500000, 0x0000000087600000, 0x0000000087600000|100%| O|  |TAMS 0x0000000087600000, 0x0000000087500000| Untracked 
| 118|0x0000000087600000, 0x0000000087700000, 0x0000000087700000|100%| O|  |TAMS 0x0000000087700000, 0x0000000087600000| Untracked 
| 119|0x0000000087700000, 0x0000000087800000, 0x0000000087800000|100%| O|  |TAMS 0x0000000087800000, 0x0000000087700000| Untracked 
| 120|0x0000000087800000, 0x0000000087900000, 0x0000000087900000|100%| O|  |TAMS 0x0000000087900000, 0x0000000087800000| Untracked 
| 121|0x0000000087900000, 0x0000000087a00000, 0x0000000087a00000|100%| O|  |TAMS 0x0000000087a00000, 0x0000000087900000| Untracked 
| 122|0x0000000087a00000, 0x0000000087b00000, 0x0000000087b00000|100%| O|  |TAMS 0x0000000087b00000, 0x0000000087a00000| Untracked 
| 123|0x0000000087b00000, 0x0000000087c00000, 0x0000000087c00000|100%|HS|  |TAMS 0x0000000087b00000, 0x0000000087b00000| Complete 
| 124|0x0000000087c00000, 0x0000000087d00000, 0x0000000087d00000|100%|HC|  |TAMS 0x0000000087c00000, 0x0000000087c00000| Complete 
| 125|0x0000000087d00000, 0x0000000087e00000, 0x0000000087e00000|100%| O|  |TAMS 0x0000000087e00000, 0x0000000087d00000| Untracked 
| 126|0x0000000087e00000, 0x0000000087f00000, 0x0000000087f00000|100%| O|  |TAMS 0x0000000087f00000, 0x0000000087e00000| Untracked 
| 127|0x0000000087f00000, 0x0000000088000000, 0x0000000088000000|100%| O|  |TAMS 0x0000000088000000, 0x0000000087f00000| Untracked 
| 128|0x0000000088000000, 0x0000000088100000, 0x0000000088100000|100%| O|  |TAMS 0x0000000088100000, 0x0000000088000000| Untracked 
| 129|0x0000000088100000, 0x0000000088100000, 0x0000000088200000|  0%| F|  |TAMS 0x0000000088100000, 0x0000000088100000| Untracked 
| 130|0x0000000088200000, 0x0000000088200000, 0x0000000088300000|  0%| F|  |TAMS 0x0000000088200000, 0x0000000088200000| Untracked 
| 131|0x0000000088300000, 0x0000000088400000, 0x0000000088400000|100%| O|  |TAMS 0x0000000088300000, 0x0000000088300000| Untracked 
| 132|0x0000000088400000, 0x0000000088500000, 0x0000000088500000|100%| O|  |TAMS 0x0000000088400000, 0x0000000088400000| Untracked 
| 133|0x0000000088500000, 0x0000000088600000, 0x0000000088600000|100%| O|  |TAMS 0x0000000088500000, 0x0000000088500000| Untracked 
| 134|0x0000000088600000, 0x0000000088700000, 0x0000000088700000|100%| O|  |TAMS 0x0000000088600000, 0x0000000088600000| Untracked 
| 135|0x0000000088700000, 0x0000000088800000, 0x0000000088800000|100%| O|  |TAMS 0x0000000088700000, 0x0000000088700000| Untracked 
| 136|0x0000000088800000, 0x0000000088900000, 0x0000000088900000|100%| O|  |TAMS 0x0000000088800000, 0x0000000088800000| Untracked 
| 137|0x0000000088900000, 0x0000000088a00000, 0x0000000088a00000|100%| O|  |TAMS 0x0000000088900000, 0x0000000088900000| Untracked 
| 138|0x0000000088a00000, 0x0000000088b00000, 0x0000000088b00000|100%| O|  |TAMS 0x0000000088b00000, 0x0000000088a00000| Untracked 
| 139|0x0000000088b00000, 0x0000000088c00000, 0x0000000088c00000|100%| O|  |TAMS 0x0000000088b00000, 0x0000000088b00000| Untracked 
| 140|0x0000000088c00000, 0x0000000088d00000, 0x0000000088d00000|100%| O|  |TAMS 0x0000000088d00000, 0x0000000088c00000| Untracked 
| 141|0x0000000088d00000, 0x0000000088e00000, 0x0000000088e00000|100%| O|  |TAMS 0x0000000088d00000, 0x0000000088d00000| Untracked 
| 142|0x0000000088e00000, 0x0000000088e00000, 0x0000000088f00000|  0%| F|  |TAMS 0x0000000088e00000, 0x0000000088e00000| Untracked 
| 143|0x0000000088f00000, 0x0000000089000000, 0x0000000089000000|100%| O|  |TAMS 0x0000000089000000, 0x0000000088f00000| Untracked 
| 144|0x0000000089000000, 0x0000000089100000, 0x0000000089100000|100%| O|  |TAMS 0x0000000089000000, 0x0000000089000000| Untracked 
| 145|0x0000000089100000, 0x0000000089100000, 0x0000000089200000|  0%| F|  |TAMS 0x0000000089100000, 0x0000000089100000| Untracked 
| 146|0x0000000089200000, 0x0000000089200000, 0x0000000089300000|  0%| F|  |TAMS 0x0000000089200000, 0x0000000089200000| Untracked 
| 147|0x0000000089300000, 0x0000000089300000, 0x0000000089400000|  0%| F|  |TAMS 0x0000000089300000, 0x0000000089300000| Untracked 
| 148|0x0000000089400000, 0x0000000089500000, 0x0000000089500000|100%| O|  |TAMS 0x0000000089500000, 0x0000000089400000| Untracked 
| 149|0x0000000089500000, 0x0000000089500000, 0x0000000089600000|  0%| F|  |TAMS 0x0000000089500000, 0x0000000089500000| Untracked 
| 150|0x0000000089600000, 0x0000000089600000, 0x0000000089700000|  0%| F|  |TAMS 0x0000000089600000, 0x0000000089600000| Untracked 
| 151|0x0000000089700000, 0x0000000089700000, 0x0000000089800000|  0%| F|  |TAMS 0x0000000089700000, 0x0000000089700000| Untracked 
| 152|0x0000000089800000, 0x0000000089800000, 0x0000000089900000|  0%| F|  |TAMS 0x0000000089800000, 0x0000000089800000| Untracked 
| 153|0x0000000089900000, 0x0000000089900000, 0x0000000089a00000|  0%| F|  |TAMS 0x0000000089900000, 0x0000000089900000| Untracked 
| 154|0x0000000089a00000, 0x0000000089a00000, 0x0000000089b00000|  0%| F|  |TAMS 0x0000000089a00000, 0x0000000089a00000| Untracked 
| 155|0x0000000089b00000, 0x0000000089b00000, 0x0000000089c00000|  0%| F|  |TAMS 0x0000000089b00000, 0x0000000089b00000| Untracked 
| 156|0x0000000089c00000, 0x0000000089c00000, 0x0000000089d00000|  0%| F|  |TAMS 0x0000000089c00000, 0x0000000089c00000| Untracked 
| 157|0x0000000089d00000, 0x0000000089d00000, 0x0000000089e00000|  0%| F|  |TAMS 0x0000000089d00000, 0x0000000089d00000| Untracked 
| 158|0x0000000089e00000, 0x0000000089f00000, 0x0000000089f00000|100%| O|  |TAMS 0x0000000089f00000, 0x0000000089e00000| Untracked 
| 159|0x0000000089f00000, 0x000000008a000000, 0x000000008a000000|100%| O|  |TAMS 0x000000008a000000, 0x0000000089f00000| Untracked 
| 160|0x000000008a000000, 0x000000008a100000, 0x000000008a100000|100%| O|  |TAMS 0x000000008a100000, 0x000000008a000000| Untracked 
| 161|0x000000008a100000, 0x000000008a100000, 0x000000008a200000|  0%| F|  |TAMS 0x000000008a100000, 0x000000008a100000| Untracked 
| 162|0x000000008a200000, 0x000000008a200000, 0x000000008a300000|  0%| F|  |TAMS 0x000000008a200000, 0x000000008a200000| Untracked 
| 163|0x000000008a300000, 0x000000008a300000, 0x000000008a400000|  0%| F|  |TAMS 0x000000008a300000, 0x000000008a300000| Untracked 
| 164|0x000000008a400000, 0x000000008a400000, 0x000000008a500000|  0%| F|  |TAMS 0x000000008a400000, 0x000000008a400000| Untracked 
| 165|0x000000008a500000, 0x000000008a500000, 0x000000008a600000|  0%| F|  |TAMS 0x000000008a500000, 0x000000008a500000| Untracked 
| 166|0x000000008a600000, 0x000000008a600000, 0x000000008a700000|  0%| F|  |TAMS 0x000000008a600000, 0x000000008a600000| Untracked 
| 167|0x000000008a700000, 0x000000008a700000, 0x000000008a800000|  0%| F|  |TAMS 0x000000008a700000, 0x000000008a700000| Untracked 
| 168|0x000000008a800000, 0x000000008a800000, 0x000000008a900000|  0%| F|  |TAMS 0x000000008a800000, 0x000000008a800000| Untracked 
| 169|0x000000008a900000, 0x000000008a900000, 0x000000008aa00000|  0%| F|  |TAMS 0x000000008a900000, 0x000000008a900000| Untracked 
| 170|0x000000008aa00000, 0x000000008aa00000, 0x000000008ab00000|  0%| F|  |TAMS 0x000000008aa00000, 0x000000008aa00000| Untracked 
| 171|0x000000008ab00000, 0x000000008ab00000, 0x000000008ac00000|  0%| F|  |TAMS 0x000000008ab00000, 0x000000008ab00000| Untracked 
| 172|0x000000008ac00000, 0x000000008ac00000, 0x000000008ad00000|  0%| F|  |TAMS 0x000000008ac00000, 0x000000008ac00000| Untracked 
| 173|0x000000008ad00000, 0x000000008ad00000, 0x000000008ae00000|  0%| F|  |TAMS 0x000000008ad00000, 0x000000008ad00000| Untracked 
| 174|0x000000008ae00000, 0x000000008ae00000, 0x000000008af00000|  0%| F|  |TAMS 0x000000008ae00000, 0x000000008ae00000| Untracked 
| 175|0x000000008af00000, 0x000000008af00000, 0x000000008b000000|  0%| F|  |TAMS 0x000000008af00000, 0x000000008af00000| Untracked 
| 176|0x000000008b000000, 0x000000008b000000, 0x000000008b100000|  0%| F|  |TAMS 0x000000008b000000, 0x000000008b000000| Untracked 
| 177|0x000000008b100000, 0x000000008b100000, 0x000000008b200000|  0%| F|  |TAMS 0x000000008b100000, 0x000000008b100000| Untracked 
| 178|0x000000008b200000, 0x000000008b200000, 0x000000008b300000|  0%| F|  |TAMS 0x000000008b200000, 0x000000008b200000| Untracked 
| 179|0x000000008b300000, 0x000000008b300000, 0x000000008b400000|  0%| F|  |TAMS 0x000000008b300000, 0x000000008b300000| Untracked 
| 180|0x000000008b400000, 0x000000008b400000, 0x000000008b500000|  0%| F|  |TAMS 0x000000008b400000, 0x000000008b400000| Untracked 
| 181|0x000000008b500000, 0x000000008b500000, 0x000000008b600000|  0%| F|  |TAMS 0x000000008b500000, 0x000000008b500000| Untracked 
| 182|0x000000008b600000, 0x000000008b600000, 0x000000008b700000|  0%| F|  |TAMS 0x000000008b600000, 0x000000008b600000| Untracked 
| 183|0x000000008b700000, 0x000000008b700000, 0x000000008b800000|  0%| F|  |TAMS 0x000000008b700000, 0x000000008b700000| Untracked 
| 184|0x000000008b800000, 0x000000008b800000, 0x000000008b900000|  0%| F|  |TAMS 0x000000008b800000, 0x000000008b800000| Untracked 
| 185|0x000000008b900000, 0x000000008b900000, 0x000000008ba00000|  0%| F|  |TAMS 0x000000008b900000, 0x000000008b900000| Untracked 
| 186|0x000000008ba00000, 0x000000008ba00000, 0x000000008bb00000|  0%| F|  |TAMS 0x000000008ba00000, 0x000000008ba00000| Untracked 
| 187|0x000000008bb00000, 0x000000008bb00000, 0x000000008bc00000|  0%| F|  |TAMS 0x000000008bb00000, 0x000000008bb00000| Untracked 
| 188|0x000000008bc00000, 0x000000008bc00000, 0x000000008bd00000|  0%| F|  |TAMS 0x000000008bc00000, 0x000000008bc00000| Untracked 
| 189|0x000000008bd00000, 0x000000008bd00000, 0x000000008be00000|  0%| F|  |TAMS 0x000000008bd00000, 0x000000008bd00000| Untracked 
| 190|0x000000008be00000, 0x000000008be00000, 0x000000008bf00000|  0%| F|  |TAMS 0x000000008be00000, 0x000000008be00000| Untracked 
| 191|0x000000008bf00000, 0x000000008bf00000, 0x000000008c000000|  0%| F|  |TAMS 0x000000008bf00000, 0x000000008bf00000| Untracked 
| 192|0x000000008c000000, 0x000000008c000000, 0x000000008c100000|  0%| F|  |TAMS 0x000000008c000000, 0x000000008c000000| Untracked 
| 193|0x000000008c100000, 0x000000008c100000, 0x000000008c200000|  0%| F|  |TAMS 0x000000008c100000, 0x000000008c100000| Untracked 
| 194|0x000000008c200000, 0x000000008c200000, 0x000000008c300000|  0%| F|  |TAMS 0x000000008c200000, 0x000000008c200000| Untracked 
| 195|0x000000008c300000, 0x000000008c300000, 0x000000008c400000|  0%| F|  |TAMS 0x000000008c300000, 0x000000008c300000| Untracked 
| 196|0x000000008c400000, 0x000000008c400000, 0x000000008c500000|  0%| F|  |TAMS 0x000000008c400000, 0x000000008c400000| Untracked 
| 197|0x000000008c500000, 0x000000008c500000, 0x000000008c600000|  0%| F|  |TAMS 0x000000008c500000, 0x000000008c500000| Untracked 
| 198|0x000000008c600000, 0x000000008c600000, 0x000000008c700000|  0%| F|  |TAMS 0x000000008c600000, 0x000000008c600000| Untracked 
| 199|0x000000008c700000, 0x000000008c700000, 0x000000008c800000|  0%| F|  |TAMS 0x000000008c700000, 0x000000008c700000| Untracked 
| 200|0x000000008c800000, 0x000000008c800000, 0x000000008c900000|  0%| F|  |TAMS 0x000000008c800000, 0x000000008c800000| Untracked 
| 201|0x000000008c900000, 0x000000008c900000, 0x000000008ca00000|  0%| F|  |TAMS 0x000000008c900000, 0x000000008c900000| Untracked 
| 202|0x000000008ca00000, 0x000000008ca00000, 0x000000008cb00000|  0%| F|  |TAMS 0x000000008ca00000, 0x000000008ca00000| Untracked 
| 203|0x000000008cb00000, 0x000000008cb00000, 0x000000008cc00000|  0%| F|  |TAMS 0x000000008cb00000, 0x000000008cb00000| Untracked 
| 204|0x000000008cc00000, 0x000000008cc00000, 0x000000008cd00000|  0%| F|  |TAMS 0x000000008cc00000, 0x000000008cc00000| Untracked 
| 205|0x000000008cd00000, 0x000000008cd00000, 0x000000008ce00000|  0%| F|  |TAMS 0x000000008cd00000, 0x000000008cd00000| Untracked 
| 206|0x000000008ce00000, 0x000000008ce00000, 0x000000008cf00000|  0%| F|  |TAMS 0x000000008ce00000, 0x000000008ce00000| Untracked 
| 207|0x000000008cf00000, 0x000000008cf00000, 0x000000008d000000|  0%| F|  |TAMS 0x000000008cf00000, 0x000000008cf00000| Untracked 
| 208|0x000000008d000000, 0x000000008d000000, 0x000000008d100000|  0%| F|  |TAMS 0x000000008d000000, 0x000000008d000000| Untracked 
| 209|0x000000008d100000, 0x000000008d100000, 0x000000008d200000|  0%| F|  |TAMS 0x000000008d100000, 0x000000008d100000| Untracked 
| 210|0x000000008d200000, 0x000000008d200000, 0x000000008d300000|  0%| F|  |TAMS 0x000000008d200000, 0x000000008d200000| Untracked 
| 211|0x000000008d300000, 0x000000008d300000, 0x000000008d400000|  0%| F|  |TAMS 0x000000008d300000, 0x000000008d300000| Untracked 
| 212|0x000000008d400000, 0x000000008d400000, 0x000000008d500000|  0%| F|  |TAMS 0x000000008d400000, 0x000000008d400000| Untracked 
| 213|0x000000008d500000, 0x000000008d500000, 0x000000008d600000|  0%| F|  |TAMS 0x000000008d500000, 0x000000008d500000| Untracked 
| 214|0x000000008d600000, 0x000000008d600000, 0x000000008d700000|  0%| F|  |TAMS 0x000000008d600000, 0x000000008d600000| Untracked 
| 215|0x000000008d700000, 0x000000008d700000, 0x000000008d800000|  0%| F|  |TAMS 0x000000008d700000, 0x000000008d700000| Untracked 
| 216|0x000000008d800000, 0x000000008d800000, 0x000000008d900000|  0%| F|  |TAMS 0x000000008d800000, 0x000000008d800000| Untracked 
| 217|0x000000008d900000, 0x000000008d900000, 0x000000008da00000|  0%| F|  |TAMS 0x000000008d900000, 0x000000008d900000| Untracked 
| 218|0x000000008da00000, 0x000000008da00000, 0x000000008db00000|  0%| F|  |TAMS 0x000000008da00000, 0x000000008da00000| Untracked 
| 219|0x000000008db00000, 0x000000008db00000, 0x000000008dc00000|  0%| F|  |TAMS 0x000000008db00000, 0x000000008db00000| Untracked 
| 220|0x000000008dc00000, 0x000000008dc00000, 0x000000008dd00000|  0%| F|  |TAMS 0x000000008dc00000, 0x000000008dc00000| Untracked 
| 221|0x000000008dd00000, 0x000000008dd00000, 0x000000008de00000|  0%| F|  |TAMS 0x000000008dd00000, 0x000000008dd00000| Untracked 
| 222|0x000000008de00000, 0x000000008de00000, 0x000000008df00000|  0%| F|  |TAMS 0x000000008de00000, 0x000000008de00000| Untracked 
| 223|0x000000008df00000, 0x000000008df00000, 0x000000008e000000|  0%| F|  |TAMS 0x000000008df00000, 0x000000008df00000| Untracked 
| 224|0x000000008e000000, 0x000000008e000000, 0x000000008e100000|  0%| F|  |TAMS 0x000000008e000000, 0x000000008e000000| Untracked 
| 225|0x000000008e100000, 0x000000008e100000, 0x000000008e200000|  0%| F|  |TAMS 0x000000008e100000, 0x000000008e100000| Untracked 
| 226|0x000000008e200000, 0x000000008e200000, 0x000000008e300000|  0%| F|  |TAMS 0x000000008e200000, 0x000000008e200000| Untracked 
| 227|0x000000008e300000, 0x000000008e300000, 0x000000008e400000|  0%| F|  |TAMS 0x000000008e300000, 0x000000008e300000| Untracked 
| 228|0x000000008e400000, 0x000000008e400000, 0x000000008e500000|  0%| F|  |TAMS 0x000000008e400000, 0x000000008e400000| Untracked 
| 229|0x000000008e500000, 0x000000008e500000, 0x000000008e600000|  0%| F|  |TAMS 0x000000008e500000, 0x000000008e500000| Untracked 
| 230|0x000000008e600000, 0x000000008e600000, 0x000000008e700000|  0%| F|  |TAMS 0x000000008e600000, 0x000000008e600000| Untracked 
| 231|0x000000008e700000, 0x000000008e700000, 0x000000008e800000|  0%| F|  |TAMS 0x000000008e700000, 0x000000008e700000| Untracked 
| 232|0x000000008e800000, 0x000000008e800000, 0x000000008e900000|  0%| F|  |TAMS 0x000000008e800000, 0x000000008e800000| Untracked 
| 233|0x000000008e900000, 0x000000008e900000, 0x000000008ea00000|  0%| F|  |TAMS 0x000000008e900000, 0x000000008e900000| Untracked 
| 234|0x000000008ea00000, 0x000000008ea00000, 0x000000008eb00000|  0%| F|  |TAMS 0x000000008ea00000, 0x000000008ea00000| Untracked 
| 235|0x000000008eb00000, 0x000000008eb00000, 0x000000008ec00000|  0%| F|  |TAMS 0x000000008eb00000, 0x000000008eb00000| Untracked 
| 236|0x000000008ec00000, 0x000000008ec00000, 0x000000008ed00000|  0%| F|  |TAMS 0x000000008ec00000, 0x000000008ec00000| Untracked 
| 237|0x000000008ed00000, 0x000000008ed00000, 0x000000008ee00000|  0%| F|  |TAMS 0x000000008ed00000, 0x000000008ed00000| Untracked 
| 238|0x000000008ee00000, 0x000000008ee00000, 0x000000008ef00000|  0%| F|  |TAMS 0x000000008ee00000, 0x000000008ee00000| Untracked 
| 239|0x000000008ef00000, 0x000000008ef00000, 0x000000008f000000|  0%| F|  |TAMS 0x000000008ef00000, 0x000000008ef00000| Untracked 
| 240|0x000000008f000000, 0x000000008f000000, 0x000000008f100000|  0%| F|  |TAMS 0x000000008f000000, 0x000000008f000000| Untracked 
| 241|0x000000008f100000, 0x000000008f100000, 0x000000008f200000|  0%| F|  |TAMS 0x000000008f100000, 0x000000008f100000| Untracked 
| 242|0x000000008f200000, 0x000000008f200000, 0x000000008f300000|  0%| F|  |TAMS 0x000000008f200000, 0x000000008f200000| Untracked 
| 243|0x000000008f300000, 0x000000008f300000, 0x000000008f400000|  0%| F|  |TAMS 0x000000008f300000, 0x000000008f300000| Untracked 
| 244|0x000000008f400000, 0x000000008f400000, 0x000000008f500000|  0%| F|  |TAMS 0x000000008f400000, 0x000000008f400000| Untracked 
| 245|0x000000008f500000, 0x000000008f500000, 0x000000008f600000|  0%| F|  |TAMS 0x000000008f500000, 0x000000008f500000| Untracked 
| 246|0x000000008f600000, 0x000000008f600000, 0x000000008f700000|  0%| F|  |TAMS 0x000000008f600000, 0x000000008f600000| Untracked 
| 247|0x000000008f700000, 0x000000008f700000, 0x000000008f800000|  0%| F|  |TAMS 0x000000008f700000, 0x000000008f700000| Untracked 
| 248|0x000000008f800000, 0x000000008f800000, 0x000000008f900000|  0%| F|  |TAMS 0x000000008f800000, 0x000000008f800000| Untracked 
| 249|0x000000008f900000, 0x000000008f900000, 0x000000008fa00000|  0%| F|  |TAMS 0x000000008f900000, 0x000000008f900000| Untracked 
| 250|0x000000008fa00000, 0x000000008fa00000, 0x000000008fb00000|  0%| F|  |TAMS 0x000000008fa00000, 0x000000008fa00000| Untracked 
| 251|0x000000008fb00000, 0x000000008fb00000, 0x000000008fc00000|  0%| F|  |TAMS 0x000000008fb00000, 0x000000008fb00000| Untracked 
| 252|0x000000008fc00000, 0x000000008fc00000, 0x000000008fd00000|  0%| F|  |TAMS 0x000000008fc00000, 0x000000008fc00000| Untracked 
| 253|0x000000008fd00000, 0x000000008fd00000, 0x000000008fe00000|  0%| F|  |TAMS 0x000000008fd00000, 0x000000008fd00000| Untracked 
| 254|0x000000008fe00000, 0x000000008fe00000, 0x000000008ff00000|  0%| F|  |TAMS 0x000000008fe00000, 0x000000008fe00000| Untracked 
| 255|0x000000008ff00000, 0x000000008ff00000, 0x0000000090000000|  0%| F|  |TAMS 0x000000008ff00000, 0x000000008ff00000| Untracked 
| 256|0x0000000090000000, 0x0000000090000800, 0x0000000090100000|  0%| E|  |TAMS 0x0000000090000000, 0x0000000090000000| Complete 
| 257|0x0000000090100000, 0x0000000090200000, 0x0000000090200000|100%| E|CS|TAMS 0x0000000090100000, 0x0000000090100000| Complete 
| 258|0x0000000090200000, 0x0000000090238590, 0x0000000090300000| 22%| S|CS|TAMS 0x0000000090200000, 0x0000000090200000| Complete 
| 259|0x0000000090300000, 0x0000000090400000, 0x0000000090400000|100%| S|CS|TAMS 0x0000000090300000, 0x0000000090300000| Complete 
| 260|0x0000000090400000, 0x0000000090500000, 0x0000000090500000|100%| E|CS|TAMS 0x0000000090400000, 0x0000000090400000| Complete 
| 261|0x0000000090500000, 0x0000000090600000, 0x0000000090600000|100%| E|CS|TAMS 0x0000000090500000, 0x0000000090500000| Complete 
| 262|0x0000000090600000, 0x0000000090700000, 0x0000000090700000|100%| E|CS|TAMS 0x0000000090600000, 0x0000000090600000| Complete 
| 263|0x0000000090700000, 0x0000000090800000, 0x0000000090800000|100%| E|CS|TAMS 0x0000000090700000, 0x0000000090700000| Complete 
| 264|0x0000000090800000, 0x0000000090900000, 0x0000000090900000|100%| E|CS|TAMS 0x0000000090800000, 0x0000000090800000| Complete 
| 265|0x0000000090900000, 0x0000000090a00000, 0x0000000090a00000|100%| E|CS|TAMS 0x0000000090900000, 0x0000000090900000| Complete 
| 266|0x0000000090a00000, 0x0000000090b00000, 0x0000000090b00000|100%| E|CS|TAMS 0x0000000090a00000, 0x0000000090a00000| Complete 
| 267|0x0000000090b00000, 0x0000000090c00000, 0x0000000090c00000|100%| E|CS|TAMS 0x0000000090b00000, 0x0000000090b00000| Complete 

Card table byte_map: [0x000002655f8a0000,0x000002655fca0000] _byte_map_base: 0x000002655f4a0000

Marking Bits (Prev, Next): (CMBitMap*) 0x000002654c9b6570, (CMBitMap*) 0x000002654c9b6538
 Prev Bits: [0x00000265620a0000, 0x00000265640a0000)
 Next Bits: [0x00000265600a0000, 0x00000265620a0000)

Polling page: 0x000002654a970000

Metaspace:

Usage:
  Non-class:    122.24 MB capacity,   119.81 MB ( 98%) used,     1.93 MB (  2%) free+waste,   514.38 KB ( <1%) overhead. 
      Class:     18.04 MB capacity,    16.56 MB ( 92%) used,     1.27 MB (  7%) free+waste,   220.44 KB (  1%) overhead. 
       Both:    140.28 MB capacity,   136.37 MB ( 97%) used,     3.19 MB (  2%) free+waste,   734.81 KB ( <1%) overhead. 

Virtual space:
  Non-class space:      124.00 MB reserved,     123.33 MB (>99%) committed 
      Class space:        1.00 GB reserved,      18.62 MB (  2%) committed 
             Both:        1.12 GB reserved,     141.96 MB ( 12%) committed 

Chunk freelists:
   Non-Class:  989.00 KB
       Class:  503.00 KB
        Both:  1.46 MB

MaxMetaspaceSize: 17179869184.00 GB
CompressedClassSpaceSize: 1.00 GB
Initial GC threshold: 20.80 MB
Current GC threshold: 236.60 MB
CDS: off

CodeHeap 'non-profiled nmethods': size=120064Kb used=22321Kb max_used=22579Kb free=97742Kb
 bounds [0x0000026557f60000, 0x0000026559570000, 0x000002655f4a0000]
CodeHeap 'profiled nmethods': size=120000Kb used=56805Kb max_used=57849Kb free=63194Kb
 bounds [0x0000026550a30000, 0x00000265542f0000, 0x0000026557f60000]
CodeHeap 'non-nmethods': size=5696Kb used=2477Kb max_used=2561Kb free=3219Kb
 bounds [0x00000265504a0000, 0x0000026550730000, 0x0000026550a30000]
 total_blobs=26629 nmethods=25617 adapters=921
 compilation: enabled
              stopped_count=0, restarted_count=0
 full_count=0

Compilation events (20 events):
Event: 11153.166 Thread 0x000002656b6e1800 30505       4       java.util.Hashtable::entrySet (28 bytes)
Event: 11153.174 Thread 0x000002656b6e1800 nmethod 30505 0x0000026558b72290 code [0x0000026558b72440, 0x0000026558b727b8]
Event: 11153.177 Thread 0x00000265665ba000 30506       3       org.apache.xerces.dom.ParentNode::hasChildNodes (24 bytes)
Event: 11153.178 Thread 0x00000265665ba000 nmethod 30506 0x0000026551595610 code [0x00000265515957e0, 0x0000026551595b08]
Event: 11153.179 Thread 0x00000265665ba000 30507   !   3       com.android.ide.common.resources.MergedResourceWriter::postWriteAction (1238 bytes)
Event: 11153.213 Thread 0x00000265665ba000 nmethod 30507 0x00000265542cd910 code [0x00000265542cef80, 0x00000265542dd8a8]
Event: 11153.429 Thread 0x00000265665b3800 nmethod 30451 0x000002655892f590 code [0x000002655892fae0, 0x0000026558934a08]
Event: 11153.467 Thread 0x00000265665ba000 30508       3       org.apache.xerces.dom.ParentNode::getLength (5 bytes)
Event: 11153.467 Thread 0x00000265665ba000 nmethod 30508 0x0000026550ee4f90 code [0x0000026550ee5140, 0x0000026550ee5268]
Event: 11153.467 Thread 0x00000265665ba000 30509       3       org.apache.xerces.dom.ParentNode::item (6 bytes)
Event: 11153.468 Thread 0x00000265665ba000 nmethod 30509 0x0000026550f31f90 code [0x0000026550f32140, 0x0000026550f32268]
Event: 11153.468 Thread 0x00000265665ba000 30510       3       com.android.ide.common.resources.NodeUtils::updateNamespace (167 bytes)
Event: 11153.470 Thread 0x00000265665ba000 nmethod 30510 0x00000265512f3990 code [0x00000265512f3c60, 0x00000265512f4a78]
Event: 11153.470 Thread 0x00000265665b3800 30511       4       org.apache.xerces.dom.NodeImpl::setOwnerDocument (24 bytes)
Event: 11153.474 Thread 0x00000265665b3800 nmethod 30511 0x0000026558b71e10 code [0x0000026558b71fa0, 0x0000026558b72118]
Event: 11153.475 Thread 0x00000265665b3800 30512       4       org.apache.xerces.dom.NodeImpl::setUserData (12 bytes)
Event: 11153.523 Thread 0x00000265665b3800 nmethod 30512 0x0000026558262210 code [0x0000026558262480, 0x0000026558263310]
Event: 11153.523 Thread 0x00000265665b3800 30514       4       org.apache.xerces.dom.ParentNode::item (6 bytes)
Event: 11153.554 Thread 0x00000265665b3800 nmethod 30514 0x00000265588f3010 code [0x00000265588f31c0, 0x00000265588f3988]
Event: 11153.554 Thread 0x00000265665b3800 30516       4       com.android.ide.common.resources.NodeUtils::updateNamespace (167 bytes)

GC Heap History (20 events):
Event: 8966.550 GC heap before
{Heap before GC invocations=133 (full 0):
 garbage-first heap   total 274432K, used 190088K [0x0000000080000000, 0x0000000100000000)
  region size 1024K, 74 young (75776K), 1 survivors (1024K)
 Metaspace       used 139126K, capacity 143023K, committed 144468K, reserved 1175552K
  class space    used 16955K, capacity 18505K, committed 18944K, reserved 1048576K
}
Event: 8966.631 GC heap after
{Heap after GC invocations=134 (full 0):
 garbage-first heap   total 274432K, used 115302K [0x0000000080000000, 0x0000000100000000)
  region size 1024K, 1 young (1024K), 1 survivors (1024K)
 Metaspace       used 139126K, capacity 143023K, committed 144468K, reserved 1175552K
  class space    used 16955K, capacity 18505K, committed 18944K, reserved 1048576K
}
Event: 11139.401 GC heap before
{Heap before GC invocations=135 (full 0):
 garbage-first heap   total 274432K, used 194150K [0x0000000080000000, 0x0000000100000000)
  region size 1024K, 79 young (80896K), 1 survivors (1024K)
 Metaspace       used 138962K, capacity 142867K, committed 144724K, reserved 1175552K
  class space    used 16886K, capacity 18367K, committed 18944K, reserved 1048576K
}
Event: 11139.486 GC heap after
{Heap after GC invocations=136 (full 0):
 garbage-first heap   total 274432K, used 118612K [0x0000000080000000, 0x0000000100000000)
  region size 1024K, 4 young (4096K), 4 survivors (4096K)
 Metaspace       used 138962K, capacity 142867K, committed 144724K, reserved 1175552K
  class space    used 16886K, capacity 18367K, committed 18944K, reserved 1048576K
}
Event: 11139.612 GC heap before
{Heap before GC invocations=136 (full 0):
 garbage-first heap   total 274432K, used 126804K [0x0000000080000000, 0x0000000100000000)
  region size 1024K, 13 young (13312K), 4 survivors (4096K)
 Metaspace       used 138990K, capacity 142907K, committed 144724K, reserved 1175552K
  class space    used 16893K, capacity 18379K, committed 18944K, reserved 1048576K
}
Event: 11139.786 GC heap after
{Heap after GC invocations=137 (full 0):
 garbage-first heap   total 274432K, used 112797K [0x0000000080000000, 0x0000000100000000)
  region size 1024K, 1 young (1024K), 1 survivors (1024K)
 Metaspace       used 138990K, capacity 142907K, committed 144724K, reserved 1175552K
  class space    used 16893K, capacity 18379K, committed 18944K, reserved 1048576K
}
Event: 11142.167 GC heap before
{Heap before GC invocations=137 (full 0):
 garbage-first heap   total 274432K, used 182429K [0x0000000080000000, 0x0000000100000000)
  region size 1024K, 71 young (72704K), 1 survivors (1024K)
 Metaspace       used 139283K, capacity 143356K, committed 145108K, reserved 1175552K
  class space    used 16951K, capacity 18485K, committed 19072K, reserved 1048576K
}
Event: 11142.238 GC heap after
{Heap after GC invocations=138 (full 0):
 garbage-first heap   total 274432K, used 121463K [0x0000000080000000, 0x0000000100000000)
  region size 1024K, 10 young (10240K), 10 survivors (10240K)
 Metaspace       used 139283K, capacity 143356K, committed 145108K, reserved 1175552K
  class space    used 16951K, capacity 18485K, committed 19072K, reserved 1048576K
}
Event: 11147.890 GC heap before
{Heap before GC invocations=139 (full 0):
 garbage-first heap   total 274432K, used 203383K [0x0000000080000000, 0x0000000100000000)
  region size 1024K, 88 young (90112K), 10 survivors (10240K)
 Metaspace       used 139498K, capacity 143502K, committed 145364K, reserved 1175552K
  class space    used 16936K, capacity 18446K, committed 19072K, reserved 1048576K
}
Event: 11148.663 GC heap after
{Heap after GC invocations=140 (full 0):
 garbage-first heap   total 274432K, used 145236K [0x0000000080000000, 0x0000000100000000)
  region size 1024K, 11 young (11264K), 11 survivors (11264K)
 Metaspace       used 139498K, capacity 143502K, committed 145364K, reserved 1175552K
  class space    used 16936K, capacity 18446K, committed 19072K, reserved 1048576K
}
Event: 11148.896 GC heap before
{Heap before GC invocations=140 (full 0):
 garbage-first heap   total 274432K, used 147284K [0x0000000080000000, 0x0000000100000000)
  region size 1024K, 13 young (13312K), 11 survivors (11264K)
 Metaspace       used 139499K, capacity 143502K, committed 145364K, reserved 1175552K
  class space    used 16936K, capacity 18446K, committed 19072K, reserved 1048576K
}
Event: 11148.983 GC heap after
{Heap after GC invocations=141 (full 0):
 garbage-first heap   total 274432K, used 135617K [0x0000000080000000, 0x0000000100000000)
  region size 1024K, 2 young (2048K), 2 survivors (2048K)
 Metaspace       used 139499K, capacity 143502K, committed 145364K, reserved 1175552K
  class space    used 16936K, capacity 18446K, committed 19072K, reserved 1048576K
}
Event: 11149.678 GC heap before
{Heap before GC invocations=141 (full 0):
 garbage-first heap   total 274432K, used 145857K [0x0000000080000000, 0x0000000100000000)
  region size 1024K, 13 young (13312K), 2 survivors (2048K)
 Metaspace       used 139499K, capacity 143502K, committed 145364K, reserved 1175552K
  class space    used 16936K, capacity 18446K, committed 19072K, reserved 1048576K
}
Event: 11149.735 GC heap after
{Heap after GC invocations=142 (full 0):
 garbage-first heap   total 274432K, used 132096K [0x0000000080000000, 0x0000000100000000)
  region size 1024K, 2 young (2048K), 2 survivors (2048K)
 Metaspace       used 139499K, capacity 143502K, committed 145364K, reserved 1175552K
  class space    used 16936K, capacity 18446K, committed 19072K, reserved 1048576K
}
Event: 11149.818 GC heap before
{Heap before GC invocations=142 (full 0):
 garbage-first heap   total 274432K, used 135168K [0x0000000080000000, 0x0000000100000000)
  region size 1024K, 6 young (6144K), 2 survivors (2048K)
 Metaspace       used 139500K, capacity 143502K, committed 145364K, reserved 1175552K
  class space    used 16936K, capacity 18446K, committed 19072K, reserved 1048576K
}
Event: 11149.831 GC heap after
{Heap after GC invocations=143 (full 0):
 garbage-first heap   total 274432K, used 133632K [0x0000000080000000, 0x0000000100000000)
  region size 1024K, 4 young (4096K), 4 survivors (4096K)
 Metaspace       used 139500K, capacity 143502K, committed 145364K, reserved 1175552K
  class space    used 16936K, capacity 18446K, committed 19072K, reserved 1048576K
}
Event: 11151.680 GC heap before
{Heap before GC invocations=144 (full 0):
 garbage-first heap   total 274432K, used 174592K [0x0000000080000000, 0x0000000100000000)
  region size 1024K, 35 young (35840K), 4 survivors (4096K)
 Metaspace       used 139492K, capacity 143490K, committed 145364K, reserved 1175552K
  class space    used 16934K, capacity 18442K, committed 19072K, reserved 1048576K
}
Event: 11151.774 GC heap after
{Heap after GC invocations=145 (full 0):
 garbage-first heap   total 274432K, used 149227K [0x0000000080000000, 0x0000000100000000)
  region size 1024K, 5 young (5120K), 5 survivors (5120K)
 Metaspace       used 139492K, capacity 143490K, committed 145364K, reserved 1175552K
  class space    used 16934K, capacity 18442K, committed 19072K, reserved 1048576K
}
Event: 11152.017 GC heap before
{Heap before GC invocations=145 (full 0):
 garbage-first heap   total 274432K, used 157419K [0x0000000080000000, 0x0000000100000000)
  region size 1024K, 13 young (13312K), 5 survivors (5120K)
 Metaspace       used 139503K, capacity 143493K, committed 145364K, reserved 1175552K
  class space    used 16934K, capacity 18442K, committed 19072K, reserved 1048576K
}
Event: 11152.071 GC heap after
{Heap after GC invocations=146 (full 0):
 garbage-first heap   total 274432K, used 148705K [0x0000000080000000, 0x0000000100000000)
  region size 1024K, 2 young (2048K), 2 survivors (2048K)
 Metaspace       used 139503K, capacity 143493K, committed 145364K, reserved 1175552K
  class space    used 16934K, capacity 18442K, committed 19072K, reserved 1048576K
}

Deoptimization events (20 events):
Event: 11153.066 Thread 0x0000026566f9d000 Uncommon trap: trap_request=0xffffff4d fr.pc=0x000002655955f434 relative=0x0000000000000a14
Event: 11153.066 Thread 0x0000026566f9d000 Uncommon trap: reason=unstable_if action=reinterpret pc=0x000002655955f434 method=org.apache.xerces.dom.NodeImpl.isNormalized()Z @ 8 c2
Event: 11153.066 Thread 0x0000026566f9d000 DEOPT PACKING pc=0x000002655955f434 sp=0x000000a1d09f9880
Event: 11153.066 Thread 0x0000026566f9d000 DEOPT UNPACKING pc=0x00000265504ea1af sp=0x000000a1d09f9750 mode 2
Event: 11153.069 Thread 0x0000026566f9d000 Uncommon trap: trap_request=0xffffff5c fr.pc=0x000002655890795c relative=0x00000000000000dc
Event: 11153.069 Thread 0x0000026566f9d000 Uncommon trap: reason=speculate_null_assert action=make_not_entrant pc=0x000002655890795c method=org.apache.xerces.dom.CoreDocumentImpl.setUserData(Lorg/w3c/dom/Node;Ljava/lang/String;Ljava/lang/Object;Lorg/w3c/dom/UserDataHandler;)Ljava/lang/Object; @ 11
Event: 11153.069 Thread 0x0000026566f9d000 DEOPT PACKING pc=0x000002655890795c sp=0x000000a1d09f9770
Event: 11153.069 Thread 0x0000026566f9d000 DEOPT UNPACKING pc=0x00000265504ea1af sp=0x000000a1d09f9778 mode 2
Event: 11153.463 Thread 0x0000026566f9d000 Uncommon trap: trap_request=0xffffff4d fr.pc=0x00000265583add34 relative=0x0000000000002c74
Event: 11153.464 Thread 0x0000026566f9d000 Uncommon trap: reason=unstable_if action=reinterpret pc=0x00000265583add34 method=org.apache.xerces.dom.ParentNode.nodeListItem(I)Lorg/w3c/dom/Node; @ 26 c2
Event: 11153.464 Thread 0x0000026566f9d000 DEOPT PACKING pc=0x00000265583add34 sp=0x000000a1d09f94c0
Event: 11153.465 Thread 0x0000026566f9d000 DEOPT UNPACKING pc=0x00000265504ea1af sp=0x000000a1d09f93c8 mode 2
Event: 11153.465 Thread 0x0000026566f9d000 Uncommon trap: trap_request=0xffffff4d fr.pc=0x000002655879f9d0 relative=0x0000000000000510
Event: 11153.465 Thread 0x0000026566f9d000 Uncommon trap: reason=unstable_if action=reinterpret pc=0x000002655879f9d0 method=org.apache.xerces.dom.ParentNode.nodeListItem(I)Lorg/w3c/dom/Node; @ 26 c2
Event: 11153.466 Thread 0x0000026566f9d000 DEOPT PACKING pc=0x000002655879f9d0 sp=0x000000a1d09f9470
Event: 11153.466 Thread 0x0000026566f9d000 DEOPT UNPACKING pc=0x00000265504ea1af sp=0x000000a1d09f93b8 mode 2
Event: 11153.466 Thread 0x0000026566f9d000 Uncommon trap: trap_request=0xffffff4d fr.pc=0x00000265587a4ba4 relative=0x00000000000004e4
Event: 11153.466 Thread 0x0000026566f9d000 Uncommon trap: reason=unstable_if action=reinterpret pc=0x00000265587a4ba4 method=org.apache.xerces.dom.ParentNode.nodeListGetLength()I @ 71 c2
Event: 11153.466 Thread 0x0000026566f9d000 DEOPT PACKING pc=0x00000265587a4ba4 sp=0x000000a1d09f9520
Event: 11153.466 Thread 0x0000026566f9d000 DEOPT UNPACKING pc=0x00000265504ea1af sp=0x000000a1d09f9470 mode 2

Classes redefined (0 events):
No events

Internal exceptions (20 events):
Event: 11140.083 Thread 0x000002656ffca000 Exception <a 'java/lang/ClassNotFoundException'{0x00000000900b0ed8}: build_71jyrojjn22cugu8a9uzfqguw$_run_closure1Customizer> (0x00000000900b0ed8) thrown at [src/hotspot/share/classfile/systemDictionary.cpp, line 230]
Event: 11140.573 Thread 0x000002656ffca000 Exception <a 'java/lang/NoClassDefFoundError'{0x000000008f4168b8}: org/jetbrains/kotlin/gradle/plugin/KotlinBasePluginWrapper> (0x000000008f4168b8) thrown at [src/hotspot/share/oops/constantPool.cpp, line 775]
Event: 11140.693 Thread 0x000002656ffca000 Exception <a 'sun/nio/fs/WindowsException'{0x000000008f246400}> (0x000000008f246400) thrown at [src/hotspot/share/prims/jni.cpp, line 617]
Event: 11140.729 Thread 0x000002656ffca000 Exception <a 'sun/nio/fs/WindowsException'{0x000000008f2ea568}> (0x000000008f2ea568) thrown at [src/hotspot/share/prims/jni.cpp, line 617]
Event: 11140.729 Thread 0x000002656ffca000 Exception <a 'sun/nio/fs/WindowsException'{0x000000008f2eb7e8}> (0x000000008f2eb7e8) thrown at [src/hotspot/share/prims/jni.cpp, line 617]
Event: 11140.730 Thread 0x000002656ffca000 Exception <a 'sun/nio/fs/WindowsException'{0x000000008f2ecab8}> (0x000000008f2ecab8) thrown at [src/hotspot/share/prims/jni.cpp, line 617]
Event: 11140.730 Thread 0x000002656ffca000 Exception <a 'sun/nio/fs/WindowsException'{0x000000008f2edd88}> (0x000000008f2edd88) thrown at [src/hotspot/share/prims/jni.cpp, line 617]
Event: 11141.119 Thread 0x000002656ffca000 Exception <a 'java/lang/NoSuchMethodError'{0x000000008e677ec0}: <clinit>> (0x000000008e677ec0) thrown at [src/hotspot/share/prims/jni.cpp, line 1367]
Event: 11141.144 Thread 0x000002656ffca000 Exception <a 'java/lang/NoSuchMethodError'{0x000000008e6c3a68}: <clinit>> (0x000000008e6c3a68) thrown at [src/hotspot/share/prims/jni.cpp, line 1367]
Event: 11141.161 Thread 0x000002656ffca000 Exception <a 'sun/nio/fs/WindowsException'{0x000000008e53be28}> (0x000000008e53be28) thrown at [src/hotspot/share/prims/jni.cpp, line 617]
Event: 11141.210 Thread 0x000002656ffcc000 Exception <a 'java/lang/NoSuchMethodError'{0x0000000090b8e0c0}: <clinit>> (0x0000000090b8e0c0) thrown at [src/hotspot/share/prims/jni.cpp, line 1367]
Event: 11141.212 Thread 0x000002656ffcc000 Exception <a 'java/lang/NoSuchMethodError'{0x000000008e40a748}: <clinit>> (0x000000008e40a748) thrown at [src/hotspot/share/prims/jni.cpp, line 1367]
Event: 11141.221 Thread 0x000002656ffcc000 Exception <a 'java/lang/NoSuchMethodError'{0x000000008e453580}: <clinit>> (0x000000008e453580) thrown at [src/hotspot/share/prims/jni.cpp, line 1367]
Event: 11141.225 Thread 0x000002656ffcc000 Exception <a 'java/lang/NoSuchMethodError'{0x000000008e47e598}: <clinit>> (0x000000008e47e598) thrown at [src/hotspot/share/prims/jni.cpp, line 1367]
Event: 11141.225 Thread 0x0000026566f92800 Exception <a 'java/lang/NoSuchMethodError'{0x000000008e443b48}: <clinit>> (0x000000008e443b48) thrown at [src/hotspot/share/prims/jni.cpp, line 1367]
Event: 11141.226 Thread 0x000002656ffcc000 Exception <a 'java/lang/NoSuchMethodError'{0x000000008e47f870}: <clinit>> (0x000000008e47f870) thrown at [src/hotspot/share/prims/jni.cpp, line 1367]
Event: 11141.235 Thread 0x0000026566f92800 Exception <a 'java/lang/NoSuchMethodError'{0x000000008e4bf070}: <clinit>> (0x000000008e4bf070) thrown at [src/hotspot/share/prims/jni.cpp, line 1367]
Event: 11141.240 Thread 0x0000026566f92800 Exception <a 'java/lang/NoSuchMethodError'{0x000000008e4fcff0}: <clinit>> (0x000000008e4fcff0) thrown at [src/hotspot/share/prims/jni.cpp, line 1367]
Event: 11141.259 Thread 0x000002656ffcc000 Exception <a 'java/lang/NoSuchMethodError'{0x000000008e33e780}: <clinit>> (0x000000008e33e780) thrown at [src/hotspot/share/prims/jni.cpp, line 1367]
Event: 11152.475 Thread 0x0000026566f9d000 Implicit null exception at 0x0000026558325fb2 to 0x00000265583283f8

Events (20 events):
Event: 11153.051 loading class org/apache/xerces/dom/DOMImplementationImpl
Event: 11153.051 loading class org/apache/xerces/dom/DOMImplementationImpl done
Event: 11153.051 Thread 0x000002656b6e1800 Thread added: 0x000002656b6e1800
Event: 11153.053 loading class org/w3c/dom/DOMImplementation
Event: 11153.053 loading class org/w3c/dom/DOMImplementation done
Event: 11153.053 loading class org/apache/xerces/dom/CoreDOMImplementationImpl
Event: 11153.053 loading class org/apache/xerces/dom/CoreDOMImplementationImpl done
Event: 11153.057 loading class org/w3c/dom/ls/DOMImplementationLS
Event: 11153.057 loading class org/w3c/dom/ls/DOMImplementationLS done
Event: 11153.059 loading class org/w3c/dom/ls/LSOutput
Event: 11153.059 loading class org/w3c/dom/ls/LSOutput done
Event: 11153.060 loading class org/w3c/dom/ls/LSInput
Event: 11153.061 loading class org/w3c/dom/ls/LSInput done
Event: 11153.062 loading class org/w3c/dom/ls/LSParser
Event: 11153.062 loading class org/w3c/dom/ls/LSParser done
Event: 11153.062 loading class org/w3c/dom/ls/LSSerializer
Event: 11153.063 loading class org/w3c/dom/ls/LSSerializer done
Event: 11153.065 loading class org/apache/xerces/dom/DeferredDOMImplementationImpl
Event: 11153.065 loading class org/apache/xerces/dom/DeferredDOMImplementationImpl done
Event: 11153.467 Thread 0x000002656b6e1800 Thread exited: 0x000002656b6e1800


Dynamic libraries:
0x00007ff61fd90000 - 0x00007ff61fd9a000 	C:\Program Files\Android\Android Studio\jbr\bin\java.exe
0x00007ffe327f0000 - 0x00007ffe329e8000 	C:\WINDOWS\SYSTEM32\ntdll.dll
0x00007ffe31d30000 - 0x00007ffe31def000 	C:\WINDOWS\System32\KERNEL32.DLL
0x00007ffe30000000 - 0x00007ffe302da000 	C:\WINDOWS\System32\KERNELBASE.dll
0x00007ffe2ff00000 - 0x00007ffe30000000 	C:\WINDOWS\System32\ucrtbase.dll
0x00007ffe2b3a0000 - 0x00007ffe2b3bb000 	C:\Program Files\Android\Android Studio\jbr\bin\VCRUNTIME140.dll
0x00007ffe28900000 - 0x00007ffe28917000 	C:\Program Files\Android\Android Studio\jbr\bin\jli.dll
0x00007ffe32600000 - 0x00007ffe3279d000 	C:\WINDOWS\System32\USER32.dll
0x00007ffe30780000 - 0x00007ffe307a2000 	C:\WINDOWS\System32\win32u.dll
0x00007ffe31400000 - 0x00007ffe3142b000 	C:\WINDOWS\System32\GDI32.dll
0x00007ffe303c0000 - 0x00007ffe304d0000 	C:\WINDOWS\System32\gdi32full.dll
0x00007ffe307b0000 - 0x00007ffe3084d000 	C:\WINDOWS\System32\msvcp_win.dll
0x00007ffe1e340000 - 0x00007ffe1e5da000 	C:\WINDOWS\WinSxS\amd64_microsoft.windows.common-controls_6595b64144ccf1df_6.0.19041.1110_none_60b5254171f9507e\COMCTL32.dll
0x00007ffe32240000 - 0x00007ffe322de000 	C:\WINDOWS\System32\msvcrt.dll
0x00007ffe30850000 - 0x00007ffe30880000 	C:\WINDOWS\System32\IMM32.DLL
0x00007ffe28920000 - 0x00007ffe2892c000 	C:\Program Files\Android\Android Studio\jbr\bin\vcruntime140_1.dll
0x00007ffe252a0000 - 0x00007ffe2532d000 	C:\Program Files\Android\Android Studio\jbr\bin\msvcp140.dll
0x00007ffdfe590000 - 0x00007ffdff14c000 	C:\Program Files\Android\Android Studio\jbr\bin\server\jvm.dll
0x00007ffe31c80000 - 0x00007ffe31d2e000 	C:\WINDOWS\System32\ADVAPI32.dll
0x00007ffe310f0000 - 0x00007ffe3118c000 	C:\WINDOWS\System32\sechost.dll
0x00007ffe324d0000 - 0x00007ffe325f6000 	C:\WINDOWS\System32\RPCRT4.dll
0x00007ffe30880000 - 0x00007ffe30888000 	C:\WINDOWS\System32\PSAPI.DLL
0x00007ffe2cf60000 - 0x00007ffe2cf69000 	C:\WINDOWS\SYSTEM32\WSOCK32.dll
0x00007ffe321d0000 - 0x00007ffe3223b000 	C:\WINDOWS\System32\WS2_32.dll
0x00007ffe1d6c0000 - 0x00007ffe1d6e7000 	C:\WINDOWS\SYSTEM32\WINMM.dll
0x00007ffe209f0000 - 0x00007ffe209fa000 	C:\WINDOWS\SYSTEM32\VERSION.dll
0x00007ffe2e710000 - 0x00007ffe2e722000 	C:\WINDOWS\SYSTEM32\kernel.appcore.dll
0x00007ffe2b380000 - 0x00007ffe2b390000 	C:\Program Files\Android\Android Studio\jbr\bin\verify.dll
0x00007ffe1bf90000 - 0x00007ffe1c174000 	C:\WINDOWS\SYSTEM32\DBGHELP.DLL
0x00007ffe1bf50000 - 0x00007ffe1bf84000 	C:\WINDOWS\SYSTEM32\dbgcore.DLL
0x00007ffe302e0000 - 0x00007ffe30362000 	C:\WINDOWS\System32\bcryptPrimitives.dll
0x00007ffe29af0000 - 0x00007ffe29b18000 	C:\Program Files\Android\Android Studio\jbr\bin\java.dll
0x00007ffe29fd0000 - 0x00007ffe29fda000 	C:\Program Files\Android\Android Studio\jbr\bin\jimage.dll
0x00007ffe29a20000 - 0x00007ffe29a2e000 	C:\Program Files\Android\Android Studio\jbr\bin\instrument.dll
0x00007ffe28610000 - 0x00007ffe28628000 	C:\Program Files\Android\Android Studio\jbr\bin\zip.dll
0x00007ffe314a0000 - 0x00007ffe31be4000 	C:\WINDOWS\System32\SHELL32.dll
0x00007ffe2deb0000 - 0x00007ffe2e643000 	C:\WINDOWS\SYSTEM32\windows.storage.dll
0x00007ffe31df0000 - 0x00007ffe32144000 	C:\WINDOWS\System32\combase.dll
0x00007ffe2f7a0000 - 0x00007ffe2f7ce000 	C:\WINDOWS\SYSTEM32\Wldp.dll
0x00007ffe308f0000 - 0x00007ffe3099d000 	C:\WINDOWS\System32\SHCORE.dll
0x00007ffe31190000 - 0x00007ffe311e5000 	C:\WINDOWS\System32\shlwapi.dll
0x00007ffe2fe40000 - 0x00007ffe2fe5f000 	C:\WINDOWS\SYSTEM32\profapi.dll
0x00007ffe28b30000 - 0x00007ffe28b3a000 	C:\Program Files\Android\Android Studio\jbr\bin\management.dll
0x00007ffe28990000 - 0x00007ffe2899b000 	C:\Program Files\Android\Android Studio\jbr\bin\management_ext.dll
0x00007ffe26500000 - 0x00007ffe26519000 	C:\Program Files\Android\Android Studio\jbr\bin\net.dll
0x00007ffe221f0000 - 0x00007ffe222fa000 	C:\WINDOWS\SYSTEM32\WINHTTP.dll
0x00007ffe2f580000 - 0x00007ffe2f5ea000 	C:\WINDOWS\system32\mswsock.dll
0x00007ffe264e0000 - 0x00007ffe264f3000 	C:\Program Files\Android\Android Studio\jbr\bin\nio.dll
0x00007ffe1f250000 - 0x00007ffe1f267000 	C:\WINDOWS\system32\napinsp.dll
0x00007ffe24c70000 - 0x00007ffe24c8b000 	C:\WINDOWS\system32\pnrpnsp.dll
0x00007ffe29f30000 - 0x00007ffe29f45000 	C:\WINDOWS\system32\wshbth.dll
0x00007ffe2b1e0000 - 0x00007ffe2b1fd000 	C:\WINDOWS\system32\NLAapi.dll
0x00007ffe2f290000 - 0x00007ffe2f2cc000 	C:\WINDOWS\SYSTEM32\IPHLPAPI.DLL
0x00007ffe2f2d0000 - 0x00007ffe2f39b000 	C:\WINDOWS\SYSTEM32\DNSAPI.dll
0x00007ffe327a0000 - 0x00007ffe327a8000 	C:\WINDOWS\System32\NSI.dll
0x00007ffe28a30000 - 0x00007ffe28a42000 	C:\WINDOWS\System32\winrnr.dll
0x00007ffe20e00000 - 0x00007ffe20e0a000 	C:\Windows\System32\rasadhlp.dll
0x00007ffe21fb0000 - 0x00007ffe22030000 	C:\WINDOWS\System32\fwpuclnt.dll
0x00007ffe30750000 - 0x00007ffe30777000 	C:\WINDOWS\System32\bcrypt.dll
0x00007ffe262c0000 - 0x00007ffe262e7000 	C:\Users\shahzaib lptp\AndroidStudioProjects\loginsqlite\native\e1d6ef7f7dcc3fd88c89a11ec53ec762bb8ba0a96d01ffa2cd45eb1d1d8dd5c5\windows-amd64\native-platform.dll
0x00007ffe11e40000 - 0x00007ffe11f84000 	C:\Users\shahzaib lptp\AndroidStudioProjects\loginsqlite\native\0d407fdbe67a94daf76414ababcb853783967236a71b16ec16e742cd7a986fd3\windows-amd64\native-platform-file-events.dll
0x00007ffe2fb20000 - 0x00007ffe2fb38000 	C:\WINDOWS\SYSTEM32\CRYPTSP.dll
0x00007ffe2eec0000 - 0x00007ffe2eef4000 	C:\WINDOWS\system32\rsaenh.dll
0x00007ffe2fe00000 - 0x00007ffe2fe2e000 	C:\WINDOWS\SYSTEM32\USERENV.dll
0x00007ffe2f710000 - 0x00007ffe2f71c000 	C:\WINDOWS\SYSTEM32\CRYPTBASE.dll
0x00007ffe23110000 - 0x00007ffe23127000 	C:\WINDOWS\SYSTEM32\dhcpcsvc6.DLL
0x00007ffe230f0000 - 0x00007ffe2310d000 	C:\WINDOWS\SYSTEM32\dhcpcsvc.DLL
0x00007ffe2efe0000 - 0x00007ffe2f013000 	C:\WINDOWS\SYSTEM32\ntmarta.dll
0x00007ffe28930000 - 0x00007ffe28957000 	C:\Program Files\Android\Android Studio\jbr\bin\sunec.dll

dbghelp: loaded successfully - version: 4.0.5 - missing functions: none
symbol engine: initialized successfully - sym options: 0x614 - pdb path: .;C:\Program Files\Android\Android Studio\jbr\bin;C:\WINDOWS\SYSTEM32;C:\WINDOWS\WinSxS\amd64_microsoft.windows.common-controls_6595b64144ccf1df_6.0.19041.1110_none_60b5254171f9507e;C:\Program Files\Android\Android Studio\jbr\bin\server;C:\Users\shahzaib lptp\AndroidStudioProjects\loginsqlite\native\e1d6ef7f7dcc3fd88c89a11ec53ec762bb8ba0a96d01ffa2cd45eb1d1d8dd5c5\windows-amd64;C:\Users\shahzaib lptp\AndroidStudioProjects\loginsqlite\native\0d407fdbe67a94daf76414ababcb853783967236a71b16ec16e742cd7a986fd3\windows-amd64

VM Arguments:
jvm_args: -javaagent:C:\Program Files\Android\Android Studio\plugins\android\resources\trace_agent.jar=C:\Users\SHAHZA~1\AppData\Local\Temp\sync.trace.profile --add-opens=java.base/java.util=ALL-UNNAMED --add-opens=java.base/java.lang=ALL-UNNAMED --add-opens=java.base/java.lang.invoke=ALL-UNNAMED --add-opens=java.base/java.util=ALL-UNNAMED --add-opens=java.prefs/java.util.prefs=ALL-UNNAMED --add-opens=java.prefs/java.util.prefs=ALL-UNNAMED --add-opens=java.base/java.nio.charset=ALL-UNNAMED --add-opens=java.base/java.net=ALL-UNNAMED --add-opens=java.base/java.util.concurrent.atomic=ALL-UNNAMED -Xmx2048m -Dfile.encoding=UTF-8 -Duser.country=US -Duser.language=en -Duser.variant 
java_command: org.gradle.launcher.daemon.bootstrap.GradleDaemon 7.5
java_class_path (initial): C:\Users\shahzaib lptp\AndroidStudioProjects\loginsqlite\wrapper\dists\gradle-7.5-bin\f1w0cc9nuo0eivz97x2xlu9sv\gradle-7.5\lib\gradle-launcher-7.5.jar
Launcher Type: SUN_STANDARD

[Global flags]
     intx CICompilerCount                          = 3                                         {product} {ergonomic}
     uint ConcGCThreads                            = 1                                         {product} {ergonomic}
     uint G1ConcRefinementThreads                  = 4                                         {product} {ergonomic}
   size_t G1HeapRegionSize                         = 1048576                                   {product} {ergonomic}
    uintx GCDrainStackTargetSize                   = 64                                        {product} {ergonomic}
   size_t InitialHeapSize                          = 134217728                                 {product} {ergonomic}
   size_t MarkStackSize                            = 4194304                                   {product} {ergonomic}
   size_t MaxHeapSize                              = 2147483648                                {product} {command line}
   size_t MaxNewSize                               = 1287651328                                {product} {ergonomic}
   size_t MinHeapDeltaBytes                        = 1048576                                   {product} {ergonomic}
    uintx NonNMethodCodeHeapSize                   = 5830732                                {pd product} {ergonomic}
    uintx NonProfiledCodeHeapSize                  = 122913754                              {pd product} {ergonomic}
    uintx ProfiledCodeHeapSize                     = 122913754                              {pd product} {ergonomic}
    uintx ReservedCodeCacheSize                    = 251658240                              {pd product} {ergonomic}
     bool SegmentedCodeCache                       = true                                      {product} {ergonomic}
     bool UseCompressedClassPointers               = true                                 {lp64_product} {ergonomic}
     bool UseCompressedOops                        = true                                 {lp64_product} {ergonomic}
     bool UseG1GC                                  = true                                      {product} {ergonomic}
     bool UseLargePagesIndividualAllocation        = false                                  {pd product} {ergonomic}

Logging:
Log output configuration:
 #0: stdout all=warning uptime,level,tags
 #1: stderr all=off uptime,level,tags

Environment Variables:
PATH=C:\Program Files\Python310\Scripts\;C:\Program Files\Python310\;C:\Program Files\Common Files\Oracle\Java\javapath;C:\app\bin;C:\app\shahzaiblptp\product\11.2.0\dbhome_1\bin;C:\WINDOWS\system32;C:\WINDOWS;C:\WINDOWS\System32\Wbem;C:\WINDOWS\System32\WindowsPowerShell\v1.0\;c:\Program Files (x86)\Microsoft SQL Server\100\Tools\Binn\;c:\Program Files\Microsoft SQL Server\100\Tools\Binn\;c:\Program Files\Microsoft SQL Server\100\DTS\Binn\;C:\WINDOWS\System32\OpenSSH\;C:\ProgramData\chocolatey\bin;%JAVA_HOME%\bin;C:\Users\shahzaib lptp\AppData\Local\Microsoft\WindowsApps;C:\Program Files\JetBrains\IntelliJ IDEA Community Edition 2021.3\bin;;C:\Program Files\Python310\PyCharm Community Edition 2022.1\bin;;C:\Users\shahzaib lptp\AppData\Local\Programs\Microsoft VS Code\bin;C:\Program Files\flutter\bin;C:\src\flutter\bin;C:\Program Files\Android\Android Studio\bin;
USERNAME=shahzaib lptp
OS=Windows_NT
PROCESSOR_IDENTIFIER=Intel64 Family 6 Model 69 Stepping 1, GenuineIntel



---------------  S Y S T E M  ---------------

OS: Windows 10 , 64 bit Build 19041 (10.0.19041.2788)
OS uptime: 6 days 23:32 hours
Hyper-V role detected

CPU:total 4 (initial active 4) (2 cores per cpu, 2 threads per core) family 6 model 69 stepping 1 microcode 0x26, cmov, cx8, fxsr, mmx, sse, sse2, sse3, ssse3, sse4.1, sse4.2, popcnt, avx, avx2, aes, clmul, erms, lzcnt, ht, tsc, tscinvbit, bmi1, bmi2, fma

Memory: 4k page, system-wide physical 8073M (438M free)
TotalPageFile size 10073M (AvailPageFile size 10M)
current process WorkingSet (physical memory assigned to process): 567M, peak: 663M
current process commit charge ("private bytes"): 688M, peak: 702M

vm_info: OpenJDK 64-Bit Server VM (11.0.15+0-b2043.56-9505619) for windows-amd64 JRE (11.0.15+0-b2043.56-9505619), built on Jan 19 2023 02:48:00 by "builduser" with unknown MS VC++:1929

END.
