#
# There is insufficient memory for the Java Runtime Environment to continue.
# Native memory allocation (malloc) failed to allocate 2151696 bytes for Chunk::new
# Possible reasons:
#   The system is out of physical RAM or swap space
#   The process is running with CompressedOops enabled, and the Java Heap may be blocking the growth of the native heap
# Possible solutions:
#   Reduce memory load on the system
#   Increase physical memory or swap space
#   Check if swap backing store is full
#   Decrease Java heap size (-Xmx/-Xms)
#   Decrease number of Java threads
#   Decrease Java thread stack sizes (-Xss)
#   Set larger code cache with -XX:ReservedCodeCacheSize=
#   JVM is running with Unscaled Compressed Oops mode in which the Java heap is
#     placed in the first 4GB address space. The Java Heap base address is the
#     maximum limit for the native heap growth. Please use -XX:HeapBaseMinAddress
#     to set the Java Heap base and to place the Java Heap above 4GB virtual address.
# This output file may be truncated or incomplete.
#
#  Out of Memory Error (src/hotspot/share/memory/arena.cpp:197), pid=8264, tid=7952
#
# JRE version: OpenJDK Runtime Environment (11.0.15) (build 11.0.15+0-b2043.56-9505619)
# Java VM: OpenJDK 64-Bit Server VM (11.0.15+0-b2043.56-9505619, mixed mode, tiered, compressed oops, g1 gc, windows-amd64)
# No core dump will be written. Minidumps are not enabled by default on client versions of Windows
#

---------------  S U M M A R Y ------------

Command Line: -javaagent:C:\Program Files\Android\Android Studio\plugins\android\resources\trace_agent.jar=C:\Users\SHAHZA~1\AppData\Local\Temp\sync.trace.profile --add-opens=java.base/java.util=ALL-UNNAMED --add-opens=java.base/java.lang=ALL-UNNAMED --add-opens=java.base/java.lang.invoke=ALL-UNNAMED --add-opens=java.base/java.util=ALL-UNNAMED --add-opens=java.prefs/java.util.prefs=ALL-UNNAMED --add-opens=java.prefs/java.util.prefs=ALL-UNNAMED --add-opens=java.base/java.nio.charset=ALL-UNNAMED --add-opens=java.base/java.net=ALL-UNNAMED --add-opens=java.base/java.util.concurrent.atomic=ALL-UNNAMED -Xmx2048m -Dfile.encoding=UTF-8 -Duser.country=US -Duser.language=en -Duser.variant org.gradle.launcher.daemon.bootstrap.GradleDaemon 7.5

Host: Intel(R) Core(TM) i5-4310U CPU @ 2.00GHz, 4 cores, 7G,  Windows 10 , 64 bit Build 19041 (10.0.19041.3031)
Time: Sun Jul 16 19:17:00 2023 Pakistan Standard Time elapsed time: 44.707123 seconds (0d 0h 0m 44s)

---------------  T H R E A D  ---------------

Current thread (0x000002247ea7d800):  JavaThread "C2 CompilerThread0" daemon [_thread_in_native, id=7952, stack(0x00000039d0e00000,0x00000039d0f00000)]


Current CompileTask:
C2:  44707 4247       4       java.lang.invoke.LambdaForm$Name::replaceNames (174 bytes)

Stack: [0x00000039d0e00000,0x00000039d0f00000]
Native frames: (J=compiled Java code, j=interpreted, Vv=VM code, C=native code)
V  [jvm.dll+0x64135a]
V  [jvm.dll+0x7d39f9]
V  [jvm.dll+0x7d51b9]
V  [jvm.dll+0x7d58a3]
V  [jvm.dll+0x2691c5]
V  [jvm.dll+0xc1a5c]
V  [jvm.dll+0xc200c]
V  [jvm.dll+0x3774a7]
V  [jvm.dll+0x342495]
V  [jvm.dll+0x34186a]
V  [jvm.dll+0x2214bd]
V  [jvm.dll+0x220498]
V  [jvm.dll+0x19e851]
V  [jvm.dll+0x230479]
V  [jvm.dll+0x22e5ef]
V  [jvm.dll+0x794de1]
V  [jvm.dll+0x78dc24]
V  [jvm.dll+0x6400f6]
C  [ucrtbase.dll+0x21bb2]
C  [KERNEL32.DLL+0x17614]
C  [ntdll.dll+0x526f1]


---------------  P R O C E S S  ---------------

Threads class SMR info:
_java_thread_list=0x0000022414a84920, length=33, elements={
0x0000022475e32800, 0x000002247ea55800, 0x000002247ea57000, 0x000002247ea75000,
0x000002247ea75800, 0x000002247ea77000, 0x000002247ea7d800, 0x000002247f404000,
0x000002247ea84800, 0x000002247f549800, 0x0000022412f14000, 0x0000022412793000,
0x00000224154ea800, 0x00000224133b8800, 0x0000022414919800, 0x0000022411cc7800,
0x0000022411309800, 0x0000022414652800, 0x0000022414501800, 0x0000022414500800,
0x0000022414502000, 0x0000022414503000, 0x0000022414504000, 0x00000224144fe000,
0x0000022414504800, 0x00000224144ff000, 0x00000224144ff800, 0x0000022412688800,
0x0000022412686000, 0x0000022412683800, 0x0000022412684800, 0x0000022412687000,
0x0000022412688000
}

Java Threads: ( => current thread )
  0x0000022475e32800 JavaThread "main" [_thread_blocked, id=1200, stack(0x00000039d0000000,0x00000039d0100000)]
  0x000002247ea55800 JavaThread "Reference Handler" daemon [_thread_blocked, id=13424, stack(0x00000039d0800000,0x00000039d0900000)]
  0x000002247ea57000 JavaThread "Finalizer" daemon [_thread_blocked, id=8080, stack(0x00000039d0900000,0x00000039d0a00000)]
  0x000002247ea75000 JavaThread "Signal Dispatcher" daemon [_thread_blocked, id=13808, stack(0x00000039d0b00000,0x00000039d0c00000)]
  0x000002247ea75800 JavaThread "Attach Listener" daemon [_thread_blocked, id=8044, stack(0x00000039d0c00000,0x00000039d0d00000)]
  0x000002247ea77000 JavaThread "Service Thread" daemon [_thread_blocked, id=14164, stack(0x00000039d0d00000,0x00000039d0e00000)]
=>0x000002247ea7d800 JavaThread "C2 CompilerThread0" daemon [_thread_in_native, id=7952, stack(0x00000039d0e00000,0x00000039d0f00000)]
  0x000002247f404000 JavaThread "C1 CompilerThread0" daemon [_thread_blocked, id=6596, stack(0x00000039d0f00000,0x00000039d1000000)]
  0x000002247ea84800 JavaThread "Sweeper thread" daemon [_thread_blocked, id=5392, stack(0x00000039d1000000,0x00000039d1100000)]
  0x000002247f549800 JavaThread "Common-Cleaner" daemon [_thread_blocked, id=13888, stack(0x00000039d1100000,0x00000039d1200000)]
  0x0000022412f14000 JavaThread "Daemon health stats" [_thread_blocked, id=12044, stack(0x00000039d1200000,0x00000039d1300000)]
  0x0000022412793000 JavaThread "Incoming local TCP Connector on port 54035" [_thread_in_native, id=10564, stack(0x00000039d1600000,0x00000039d1700000)]
  0x00000224154ea800 JavaThread "Daemon periodic checks" [_thread_blocked, id=11748, stack(0x00000039d1700000,0x00000039d1800000)]
  0x00000224133b8800 JavaThread "Daemon" [_thread_blocked, id=13736, stack(0x00000039d1800000,0x00000039d1900000)]
  0x0000022414919800 JavaThread "Handler for socket connection from /127.0.0.1:54035 to /127.0.0.1:54036" [_thread_in_native, id=1580, stack(0x00000039d1900000,0x00000039d1a00000)]
  0x0000022411cc7800 JavaThread "Cancel handler" [_thread_blocked, id=13636, stack(0x00000039d1a00000,0x00000039d1b00000)]
  0x0000022411309800 JavaThread "Daemon worker" [_thread_in_vm, id=500, stack(0x00000039d1b00000,0x00000039d1c00000)]
  0x0000022414652800 JavaThread "Asynchronous log dispatcher for DefaultDaemonConnection: socket connection from /127.0.0.1:54035 to /127.0.0.1:54036" [_thread_blocked, id=5888, stack(0x00000039d1c00000,0x00000039d1d00000)]
  0x0000022414501800 JavaThread "Stdin handler" [_thread_blocked, id=952, stack(0x00000039d1d00000,0x00000039d1e00000)]
  0x0000022414500800 JavaThread "Daemon client event forwarder" [_thread_blocked, id=13192, stack(0x00000039d1e00000,0x00000039d1f00000)]
  0x0000022414502000 JavaThread "Cache worker for journal cache (C:\Users\shahzaib lptp\AndroidStudioProjects\loginsqlite\caches\journal-1)" [_thread_blocked, id=11524, stack(0x00000039d2000000,0x00000039d2100000)]
  0x0000022414503000 JavaThread "File lock request listener" [_thread_in_native, id=4584, stack(0x00000039d2100000,0x00000039d2200000)]
  0x0000022414504000 JavaThread "Cache worker for file hash cache (C:\Users\shahzaib lptp\AndroidStudioProjects\loginsqlite\caches\7.5\fileHashes)" [_thread_blocked, id=14848, stack(0x00000039d2200000,0x00000039d2300000)]
  0x00000224144fe000 JavaThread "File watcher server" daemon [_thread_in_native, id=13412, stack(0x00000039d2300000,0x00000039d2400000)]
  0x0000022414504800 JavaThread "File watcher consumer" daemon [_thread_blocked, id=3580, stack(0x00000039d2400000,0x00000039d2500000)]
  0x00000224144ff000 JavaThread "Cache worker for checksums cache (C:\Users\shahzaib lptp\AndroidStudioProjects\EyeonwaterApp\.gradle\7.5\checksums)" [_thread_blocked, id=3404, stack(0x00000039d2500000,0x00000039d2600000)]
  0x00000224144ff800 JavaThread "Cache worker for cache directory md-rule (C:\Users\shahzaib lptp\AndroidStudioProjects\loginsqlite\caches\7.5\md-rule)" [_thread_blocked, id=15204, stack(0x00000039d2600000,0x00000039d2700000)]
  0x0000022412688800 JavaThread "Cache worker for file content cache (C:\Users\shahzaib lptp\AndroidStudioProjects\loginsqlite\caches\7.5\fileContent)" [_thread_blocked, id=5536, stack(0x00000039d2700000,0x00000039d2800000)]
  0x0000022412686000 JavaThread "Cache worker for file hash cache (C:\Users\shahzaib lptp\AndroidStudioProjects\EyeonwaterApp\.gradle\7.5\fileHashes)" [_thread_blocked, id=7784, stack(0x00000039d2800000,0x00000039d2900000)]
  0x0000022412683800 JavaThread "Cache worker for cache directory md-supplier (C:\Users\shahzaib lptp\AndroidStudioProjects\loginsqlite\caches\7.5\md-supplier)" [_thread_blocked, id=6900, stack(0x00000039d2b00000,0x00000039d2c00000)]
  0x0000022412684800 JavaThread "Cache worker for execution history cache (C:\Users\shahzaib lptp\AndroidStudioProjects\loginsqlite\caches\7.5\executionHistory)" [_thread_blocked, id=5088, stack(0x00000039d2c00000,0x00000039d2d00000)]
  0x0000022412687000 JavaThread "jar transforms" [_thread_blocked, id=15284, stack(0x00000039d2d00000,0x00000039d2e00000)]
  0x0000022412688000 JavaThread "jar transforms Thread 2" [_thread_blocked, id=13732, stack(0x00000039d2e00000,0x00000039d2f00000)]

Other Threads:
  0x000002247ea51000 VMThread "VM Thread" [stack: 0x00000039d0700000,0x00000039d0800000] [id=10784]
  0x000002247ff95800 WatcherThread [stack: 0x00000039d1300000,0x00000039d1400000] [id=7668]
  0x0000022475e42800 GCTaskThread "GC Thread#0" [stack: 0x00000039d0200000,0x00000039d0300000] [id=4128]
  0x00000224115f8800 GCTaskThread "GC Thread#1" [stack: 0x00000039d1400000,0x00000039d1500000] [id=3460]
  0x000002247f6f7000 GCTaskThread "GC Thread#2" [stack: 0x00000039d1500000,0x00000039d1600000] [id=9856]
  0x0000022411626800 GCTaskThread "GC Thread#3" [stack: 0x00000039d1f00000,0x00000039d2000000] [id=11740]
  0x0000022475e7d800 ConcurrentGCThread "G1 Main Marker" [stack: 0x00000039d0300000,0x00000039d0400000] [id=11612]
  0x0000022475e7e800 ConcurrentGCThread "G1 Conc#0" [stack: 0x00000039d0400000,0x00000039d0500000] [id=5504]
  0x000002247e8b0800 ConcurrentGCThread "G1 Refine#0" [stack: 0x00000039d0500000,0x00000039d0600000] [id=13780]
  0x000002247e8b1800 ConcurrentGCThread "G1 Young RemSet Sampling" [stack: 0x00000039d0600000,0x00000039d0700000] [id=4600]

Threads with active compile tasks:
C2 CompilerThread0    44778 4247       4       java.lang.invoke.LambdaForm$Name::replaceNames (174 bytes)

VM state:not at safepoint (normal execution)

VM Mutex/Monitor currently owned by a thread: None

Heap address: 0x0000000080000000, size: 2048 MB, Compressed Oops mode: 32-bit
Narrow klass base: 0x0000000000000000, Narrow klass shift: 3
Compressed class space size: 1073741824 Address: 0x0000000100000000

Heap:
 garbage-first heap   total 131072K, used 30544K [0x0000000080000000, 0x0000000100000000)
  region size 1024K, 12 young (12288K), 8 survivors (8192K)
 Metaspace       used 41472K, capacity 42517K, committed 42752K, reserved 1087488K
  class space    used 5174K, capacity 5576K, committed 5632K, reserved 1048576K
Heap Regions: E=young(eden), S=young(survivor), O=old, HS=humongous(starts), HC=humongous(continues), CS=collection set, F=free, A=archive, TAMS=top-at-mark-start (previous, next)
|   0|0x0000000080000000, 0x0000000080100000, 0x0000000080100000|100%| O|  |TAMS 0x0000000080100000, 0x0000000080000000| Untracked 
|   1|0x0000000080100000, 0x0000000080200000, 0x0000000080200000|100%| O|  |TAMS 0x0000000080200000, 0x0000000080100000| Untracked 
|   2|0x0000000080200000, 0x0000000080300000, 0x0000000080300000|100%| O|  |TAMS 0x0000000080300000, 0x0000000080200000| Untracked 
|   3|0x0000000080300000, 0x0000000080400000, 0x0000000080400000|100%|HS|  |TAMS 0x0000000080400000, 0x0000000080300000| Complete 
|   4|0x0000000080400000, 0x0000000080500000, 0x0000000080500000|100%|HC|  |TAMS 0x0000000080500000, 0x0000000080400000| Complete 
|   5|0x0000000080500000, 0x0000000080600000, 0x0000000080600000|100%|HC|  |TAMS 0x0000000080600000, 0x0000000080500000| Complete 
|   6|0x0000000080600000, 0x0000000080700000, 0x0000000080700000|100%| O|  |TAMS 0x0000000080700000, 0x0000000080600000| Untracked 
|   7|0x0000000080700000, 0x0000000080800000, 0x0000000080800000|100%| O|  |TAMS 0x0000000080800000, 0x0000000080700000| Untracked 
|   8|0x0000000080800000, 0x0000000080900000, 0x0000000080900000|100%| O|  |TAMS 0x0000000080900000, 0x0000000080800000| Untracked 
|   9|0x0000000080900000, 0x0000000080a00000, 0x0000000080a00000|100%| O|  |TAMS 0x0000000080a00000, 0x0000000080900000| Untracked 
|  10|0x0000000080a00000, 0x0000000080b00000, 0x0000000080b00000|100%| O|  |TAMS 0x0000000080b00000, 0x0000000080a00000| Untracked 
|  11|0x0000000080b00000, 0x0000000080c00000, 0x0000000080c00000|100%| O|  |TAMS 0x0000000080c00000, 0x0000000080b00000| Untracked 
|  12|0x0000000080c00000, 0x0000000080d00000, 0x0000000080d00000|100%| O|  |TAMS 0x0000000080d00000, 0x0000000080c00000| Untracked 
|  13|0x0000000080d00000, 0x0000000080e00000, 0x0000000080e00000|100%| O|  |TAMS 0x0000000080e00000, 0x0000000080d00000| Untracked 
|  14|0x0000000080e00000, 0x0000000080f00000, 0x0000000080f00000|100%| O|  |TAMS 0x0000000080f00000, 0x0000000080e00000| Untracked 
|  15|0x0000000080f00000, 0x0000000081000000, 0x0000000081000000|100%| O|  |TAMS 0x0000000081000000, 0x0000000080f00000| Untracked 
|  16|0x0000000081000000, 0x0000000081100000, 0x0000000081100000|100%| O|  |TAMS 0x00000000810ade00, 0x0000000081000000| Untracked 
|  17|0x0000000081100000, 0x0000000081200000, 0x0000000081200000|100%| O|  |TAMS 0x0000000081100000, 0x0000000081100000| Untracked 
|  18|0x0000000081200000, 0x0000000081200000, 0x0000000081300000|  0%| F|  |TAMS 0x0000000081200000, 0x0000000081200000| Untracked 
|  19|0x0000000081300000, 0x0000000081300000, 0x0000000081400000|  0%| F|  |TAMS 0x0000000081300000, 0x0000000081300000| Untracked 
|  20|0x0000000081400000, 0x0000000081400000, 0x0000000081500000|  0%| F|  |TAMS 0x0000000081400000, 0x0000000081400000| Untracked 
|  21|0x0000000081500000, 0x0000000081500000, 0x0000000081600000|  0%| F|  |TAMS 0x0000000081500000, 0x0000000081500000| Untracked 
|  22|0x0000000081600000, 0x0000000081600000, 0x0000000081700000|  0%| F|  |TAMS 0x0000000081600000, 0x0000000081600000| Untracked 
|  23|0x0000000081700000, 0x0000000081700000, 0x0000000081800000|  0%| F|  |TAMS 0x0000000081700000, 0x0000000081700000| Untracked 
|  24|0x0000000081800000, 0x0000000081800000, 0x0000000081900000|  0%| F|  |TAMS 0x0000000081800000, 0x0000000081800000| Untracked 
|  25|0x0000000081900000, 0x0000000081900000, 0x0000000081a00000|  0%| F|  |TAMS 0x0000000081900000, 0x0000000081900000| Untracked 
|  26|0x0000000081a00000, 0x0000000081a00000, 0x0000000081b00000|  0%| F|  |TAMS 0x0000000081a00000, 0x0000000081a00000| Untracked 
|  27|0x0000000081b00000, 0x0000000081b00000, 0x0000000081c00000|  0%| F|  |TAMS 0x0000000081b00000, 0x0000000081b00000| Untracked 
|  28|0x0000000081c00000, 0x0000000081d00000, 0x0000000081d00000|100%| O|  |TAMS 0x0000000081c00000, 0x0000000081c00000| Untracked 
|  29|0x0000000081d00000, 0x0000000081d18a00, 0x0000000081e00000|  9%| O|  |TAMS 0x0000000081d00000, 0x0000000081d00000| Untracked 
|  30|0x0000000081e00000, 0x0000000081e00000, 0x0000000081f00000|  0%| F|  |TAMS 0x0000000081e00000, 0x0000000081e00000| Untracked 
|  31|0x0000000081f00000, 0x0000000081f00000, 0x0000000082000000|  0%| F|  |TAMS 0x0000000081f00000, 0x0000000081f00000| Untracked 
|  32|0x0000000082000000, 0x0000000082000000, 0x0000000082100000|  0%| F|  |TAMS 0x0000000082000000, 0x0000000082000000| Untracked 
|  33|0x0000000082100000, 0x0000000082100000, 0x0000000082200000|  0%| F|  |TAMS 0x0000000082100000, 0x0000000082100000| Untracked 
|  34|0x0000000082200000, 0x0000000082200000, 0x0000000082300000|  0%| F|  |TAMS 0x0000000082200000, 0x0000000082200000| Untracked 
|  35|0x0000000082300000, 0x0000000082300000, 0x0000000082400000|  0%| F|  |TAMS 0x0000000082300000, 0x0000000082300000| Untracked 
|  36|0x0000000082400000, 0x0000000082400000, 0x0000000082500000|  0%| F|  |TAMS 0x0000000082400000, 0x0000000082400000| Untracked 
|  37|0x0000000082500000, 0x0000000082500000, 0x0000000082600000|  0%| F|  |TAMS 0x0000000082500000, 0x0000000082500000| Untracked 
|  38|0x0000000082600000, 0x0000000082600000, 0x0000000082700000|  0%| F|  |TAMS 0x0000000082600000, 0x0000000082600000| Untracked 
|  39|0x0000000082700000, 0x0000000082700000, 0x0000000082800000|  0%| F|  |TAMS 0x0000000082700000, 0x0000000082700000| Untracked 
|  40|0x0000000082800000, 0x0000000082800000, 0x0000000082900000|  0%| F|  |TAMS 0x0000000082800000, 0x0000000082800000| Untracked 
|  41|0x0000000082900000, 0x0000000082900000, 0x0000000082a00000|  0%| F|  |TAMS 0x0000000082900000, 0x0000000082900000| Untracked 
|  42|0x0000000082a00000, 0x0000000082a00000, 0x0000000082b00000|  0%| F|  |TAMS 0x0000000082a00000, 0x0000000082a00000| Untracked 
|  43|0x0000000082b00000, 0x0000000082b00000, 0x0000000082c00000|  0%| F|  |TAMS 0x0000000082b00000, 0x0000000082b00000| Untracked 
|  44|0x0000000082c00000, 0x0000000082cbb6f8, 0x0000000082d00000| 73%| S|CS|TAMS 0x0000000082c00000, 0x0000000082c00000| Complete 
|  45|0x0000000082d00000, 0x0000000082e00000, 0x0000000082e00000|100%| S|CS|TAMS 0x0000000082d00000, 0x0000000082d00000| Complete 
|  46|0x0000000082e00000, 0x0000000082f00000, 0x0000000082f00000|100%| S|CS|TAMS 0x0000000082e00000, 0x0000000082e00000| Complete 
|  47|0x0000000082f00000, 0x0000000082f00000, 0x0000000083000000|  0%| F|  |TAMS 0x0000000082f00000, 0x0000000082f00000| Untracked 
|  48|0x0000000083000000, 0x0000000083000000, 0x0000000083100000|  0%| F|  |TAMS 0x0000000083000000, 0x0000000083000000| Untracked 
|  49|0x0000000083100000, 0x0000000083100000, 0x0000000083200000|  0%| F|  |TAMS 0x0000000083100000, 0x0000000083100000| Untracked 
|  50|0x0000000083200000, 0x0000000083200000, 0x0000000083300000|  0%| F|  |TAMS 0x0000000083200000, 0x0000000083200000| Untracked 
|  51|0x0000000083300000, 0x0000000083300000, 0x0000000083400000|  0%| F|  |TAMS 0x0000000083300000, 0x0000000083300000| Untracked 
|  52|0x0000000083400000, 0x0000000083400000, 0x0000000083500000|  0%| F|  |TAMS 0x0000000083400000, 0x0000000083400000| Untracked 
|  53|0x0000000083500000, 0x0000000083600000, 0x0000000083600000|100%| S|CS|TAMS 0x0000000083500000, 0x0000000083500000| Complete 
|  54|0x0000000083600000, 0x0000000083700000, 0x0000000083700000|100%| S|CS|TAMS 0x0000000083600000, 0x0000000083600000| Complete 
|  55|0x0000000083700000, 0x0000000083800000, 0x0000000083800000|100%| S|CS|TAMS 0x0000000083700000, 0x0000000083700000| Complete 
|  56|0x0000000083800000, 0x0000000083900000, 0x0000000083900000|100%| S|CS|TAMS 0x0000000083800000, 0x0000000083800000| Complete 
|  57|0x0000000083900000, 0x0000000083a00000, 0x0000000083a00000|100%| S|CS|TAMS 0x0000000083900000, 0x0000000083900000| Complete 
|  58|0x0000000083a00000, 0x0000000083a00000, 0x0000000083b00000|  0%| F|  |TAMS 0x0000000083a00000, 0x0000000083a00000| Untracked 
|  59|0x0000000083b00000, 0x0000000083b00000, 0x0000000083c00000|  0%| F|  |TAMS 0x0000000083b00000, 0x0000000083b00000| Untracked 
|  60|0x0000000083c00000, 0x0000000083c00000, 0x0000000083d00000|  0%| F|  |TAMS 0x0000000083c00000, 0x0000000083c00000| Untracked 
|  61|0x0000000083d00000, 0x0000000083d00000, 0x0000000083e00000|  0%| F|  |TAMS 0x0000000083d00000, 0x0000000083d00000| Untracked 
|  62|0x0000000083e00000, 0x0000000083e00000, 0x0000000083f00000|  0%| F|  |TAMS 0x0000000083e00000, 0x0000000083e00000| Untracked 
|  63|0x0000000083f00000, 0x0000000083f00000, 0x0000000084000000|  0%| F|  |TAMS 0x0000000083f00000, 0x0000000083f00000| Untracked 
|  64|0x0000000084000000, 0x0000000084000000, 0x0000000084100000|  0%| F|  |TAMS 0x0000000084000000, 0x0000000084000000| Untracked 
|  65|0x0000000084100000, 0x0000000084100000, 0x0000000084200000|  0%| F|  |TAMS 0x0000000084100000, 0x0000000084100000| Untracked 
|  66|0x0000000084200000, 0x0000000084200000, 0x0000000084300000|  0%| F|  |TAMS 0x0000000084200000, 0x0000000084200000| Untracked 
|  67|0x0000000084300000, 0x0000000084300000, 0x0000000084400000|  0%| F|  |TAMS 0x0000000084300000, 0x0000000084300000| Untracked 
|  68|0x0000000084400000, 0x0000000084400000, 0x0000000084500000|  0%| F|  |TAMS 0x0000000084400000, 0x0000000084400000| Untracked 
|  69|0x0000000084500000, 0x0000000084500000, 0x0000000084600000|  0%| F|  |TAMS 0x0000000084500000, 0x0000000084500000| Untracked 
|  70|0x0000000084600000, 0x0000000084600000, 0x0000000084700000|  0%| F|  |TAMS 0x0000000084600000, 0x0000000084600000| Untracked 
|  71|0x0000000084700000, 0x0000000084700000, 0x0000000084800000|  0%| F|  |TAMS 0x0000000084700000, 0x0000000084700000| Untracked 
|  72|0x0000000084800000, 0x0000000084800000, 0x0000000084900000|  0%| F|  |TAMS 0x0000000084800000, 0x0000000084800000| Untracked 
|  73|0x0000000084900000, 0x0000000084900000, 0x0000000084a00000|  0%| F|  |TAMS 0x0000000084900000, 0x0000000084900000| Untracked 
|  74|0x0000000084a00000, 0x0000000084a00000, 0x0000000084b00000|  0%| F|  |TAMS 0x0000000084a00000, 0x0000000084a00000| Untracked 
|  75|0x0000000084b00000, 0x0000000084b00000, 0x0000000084c00000|  0%| F|  |TAMS 0x0000000084b00000, 0x0000000084b00000| Untracked 
|  76|0x0000000084c00000, 0x0000000084c00000, 0x0000000084d00000|  0%| F|  |TAMS 0x0000000084c00000, 0x0000000084c00000| Untracked 
|  77|0x0000000084d00000, 0x0000000084d00000, 0x0000000084e00000|  0%| F|  |TAMS 0x0000000084d00000, 0x0000000084d00000| Untracked 
|  78|0x0000000084e00000, 0x0000000084e00000, 0x0000000084f00000|  0%| F|  |TAMS 0x0000000084e00000, 0x0000000084e00000| Untracked 
|  79|0x0000000084f00000, 0x0000000084f00000, 0x0000000085000000|  0%| F|  |TAMS 0x0000000084f00000, 0x0000000084f00000| Untracked 
|  80|0x0000000085000000, 0x0000000085000000, 0x0000000085100000|  0%| F|  |TAMS 0x0000000085000000, 0x0000000085000000| Untracked 
|  81|0x0000000085100000, 0x0000000085100000, 0x0000000085200000|  0%| F|  |TAMS 0x0000000085100000, 0x0000000085100000| Untracked 
|  82|0x0000000085200000, 0x0000000085200000, 0x0000000085300000|  0%| F|  |TAMS 0x0000000085200000, 0x0000000085200000| Untracked 
|  83|0x0000000085300000, 0x0000000085300000, 0x0000000085400000|  0%| F|  |TAMS 0x0000000085300000, 0x0000000085300000| Untracked 
|  84|0x0000000085400000, 0x0000000085400000, 0x0000000085500000|  0%| F|  |TAMS 0x0000000085400000, 0x0000000085400000| Untracked 
|  85|0x0000000085500000, 0x0000000085500000, 0x0000000085600000|  0%| F|  |TAMS 0x0000000085500000, 0x0000000085500000| Untracked 
|  86|0x0000000085600000, 0x0000000085600000, 0x0000000085700000|  0%| F|  |TAMS 0x0000000085600000, 0x0000000085600000| Untracked 
|  87|0x0000000085700000, 0x0000000085700000, 0x0000000085800000|  0%| F|  |TAMS 0x0000000085700000, 0x0000000085700000| Untracked 
|  88|0x0000000085800000, 0x0000000085800000, 0x0000000085900000|  0%| F|  |TAMS 0x0000000085800000, 0x0000000085800000| Untracked 
|  89|0x0000000085900000, 0x0000000085900000, 0x0000000085a00000|  0%| F|  |TAMS 0x0000000085900000, 0x0000000085900000| Untracked 
|  90|0x0000000085a00000, 0x0000000085a00000, 0x0000000085b00000|  0%| F|  |TAMS 0x0000000085a00000, 0x0000000085a00000| Untracked 
|  91|0x0000000085b00000, 0x0000000085b00000, 0x0000000085c00000|  0%| F|  |TAMS 0x0000000085b00000, 0x0000000085b00000| Untracked 
|  92|0x0000000085c00000, 0x0000000085c00000, 0x0000000085d00000|  0%| F|  |TAMS 0x0000000085c00000, 0x0000000085c00000| Untracked 
|  93|0x0000000085d00000, 0x0000000085d00000, 0x0000000085e00000|  0%| F|  |TAMS 0x0000000085d00000, 0x0000000085d00000| Untracked 
|  94|0x0000000085e00000, 0x0000000085e00000, 0x0000000085f00000|  0%| F|  |TAMS 0x0000000085e00000, 0x0000000085e00000| Untracked 
|  95|0x0000000085f00000, 0x0000000085f00000, 0x0000000086000000|  0%| F|  |TAMS 0x0000000085f00000, 0x0000000085f00000| Untracked 
|  96|0x0000000086000000, 0x0000000086000000, 0x0000000086100000|  0%| F|  |TAMS 0x0000000086000000, 0x0000000086000000| Untracked 
|  97|0x0000000086100000, 0x0000000086100000, 0x0000000086200000|  0%| F|  |TAMS 0x0000000086100000, 0x0000000086100000| Untracked 
|  98|0x0000000086200000, 0x0000000086200000, 0x0000000086300000|  0%| F|  |TAMS 0x0000000086200000, 0x0000000086200000| Untracked 
|  99|0x0000000086300000, 0x0000000086300000, 0x0000000086400000|  0%| F|  |TAMS 0x0000000086300000, 0x0000000086300000| Untracked 
| 100|0x0000000086400000, 0x0000000086400000, 0x0000000086500000|  0%| F|  |TAMS 0x0000000086400000, 0x0000000086400000| Untracked 
| 101|0x0000000086500000, 0x0000000086500000, 0x0000000086600000|  0%| F|  |TAMS 0x0000000086500000, 0x0000000086500000| Untracked 
| 102|0x0000000086600000, 0x0000000086600000, 0x0000000086700000|  0%| F|  |TAMS 0x0000000086600000, 0x0000000086600000| Untracked 
| 103|0x0000000086700000, 0x0000000086700000, 0x0000000086800000|  0%| F|  |TAMS 0x0000000086700000, 0x0000000086700000| Untracked 
| 104|0x0000000086800000, 0x0000000086800000, 0x0000000086900000|  0%| F|  |TAMS 0x0000000086800000, 0x0000000086800000| Untracked 
| 105|0x0000000086900000, 0x0000000086900000, 0x0000000086a00000|  0%| F|  |TAMS 0x0000000086900000, 0x0000000086900000| Untracked 
| 106|0x0000000086a00000, 0x0000000086a00000, 0x0000000086b00000|  0%| F|  |TAMS 0x0000000086a00000, 0x0000000086a00000| Untracked 
| 107|0x0000000086b00000, 0x0000000086b00000, 0x0000000086c00000|  0%| F|  |TAMS 0x0000000086b00000, 0x0000000086b00000| Untracked 
| 108|0x0000000086c00000, 0x0000000086c00000, 0x0000000086d00000|  0%| F|  |TAMS 0x0000000086c00000, 0x0000000086c00000| Untracked 
| 109|0x0000000086d00000, 0x0000000086d00000, 0x0000000086e00000|  0%| F|  |TAMS 0x0000000086d00000, 0x0000000086d00000| Untracked 
| 110|0x0000000086e00000, 0x0000000086e00000, 0x0000000086f00000|  0%| F|  |TAMS 0x0000000086e00000, 0x0000000086e00000| Untracked 
| 111|0x0000000086f00000, 0x0000000086f00000, 0x0000000087000000|  0%| F|  |TAMS 0x0000000086f00000, 0x0000000086f00000| Untracked 
| 112|0x0000000087000000, 0x0000000087000000, 0x0000000087100000|  0%| F|  |TAMS 0x0000000087000000, 0x0000000087000000| Untracked 
| 113|0x0000000087100000, 0x0000000087100000, 0x0000000087200000|  0%| F|  |TAMS 0x0000000087100000, 0x0000000087100000| Untracked 
| 114|0x0000000087200000, 0x0000000087200000, 0x0000000087300000|  0%| F|  |TAMS 0x0000000087200000, 0x0000000087200000| Untracked 
| 115|0x0000000087300000, 0x0000000087300000, 0x0000000087400000|  0%| F|  |TAMS 0x0000000087300000, 0x0000000087300000| Untracked 
| 116|0x0000000087400000, 0x0000000087400000, 0x0000000087500000|  0%| F|  |TAMS 0x0000000087400000, 0x0000000087400000| Untracked 
| 117|0x0000000087500000, 0x0000000087500000, 0x0000000087600000|  0%| F|  |TAMS 0x0000000087500000, 0x0000000087500000| Untracked 
| 118|0x0000000087600000, 0x0000000087600000, 0x0000000087700000|  0%| F|  |TAMS 0x0000000087600000, 0x0000000087600000| Untracked 
| 119|0x0000000087700000, 0x0000000087700000, 0x0000000087800000|  0%| F|  |TAMS 0x0000000087700000, 0x0000000087700000| Untracked 
| 120|0x0000000087800000, 0x0000000087800000, 0x0000000087900000|  0%| F|  |TAMS 0x0000000087800000, 0x0000000087800000| Untracked 
| 121|0x0000000087900000, 0x0000000087900000, 0x0000000087a00000|  0%| F|  |TAMS 0x0000000087900000, 0x0000000087900000| Untracked 
| 122|0x0000000087a00000, 0x0000000087a00000, 0x0000000087b00000|  0%| F|  |TAMS 0x0000000087a00000, 0x0000000087a00000| Untracked 
| 123|0x0000000087b00000, 0x0000000087b00000, 0x0000000087c00000|  0%| F|  |TAMS 0x0000000087b00000, 0x0000000087b00000| Untracked 
| 124|0x0000000087c00000, 0x0000000087c80800, 0x0000000087d00000| 50%| E|  |TAMS 0x0000000087c00000, 0x0000000087c00000| Complete 
| 125|0x0000000087d00000, 0x0000000087e00000, 0x0000000087e00000|100%| E|CS|TAMS 0x0000000087d00000, 0x0000000087d00000| Complete 
| 126|0x0000000087e00000, 0x0000000087f00000, 0x0000000087f00000|100%| E|CS|TAMS 0x0000000087e00000, 0x0000000087e00000| Complete 
| 127|0x0000000087f00000, 0x0000000088000000, 0x0000000088000000|100%| E|CS|TAMS 0x0000000087f00000, 0x0000000087f00000| Complete 

Card table byte_map: [0x0000022479d60000,0x000002247a160000] _byte_map_base: 0x0000022479960000

Marking Bits (Prev, Next): (CMBitMap*) 0x0000022475e748a8, (CMBitMap*) 0x0000022475e748e0
 Prev Bits: [0x000002247a560000, 0x000002247c560000)
 Next Bits: [0x000002247c560000, 0x000002247e560000)

Polling page: 0x0000022473bd0000

Metaspace:

Usage:
  Non-class:     36.08 MB capacity,    35.45 MB ( 98%) used,   539.11 KB (  1%) free+waste,   103.81 KB ( <1%) overhead. 
      Class:      5.45 MB capacity,     5.05 MB ( 93%) used,   351.96 KB (  6%) free+waste,    49.69 KB ( <1%) overhead. 
       Both:     41.52 MB capacity,    40.50 MB ( 98%) used,   891.07 KB (  2%) free+waste,   153.50 KB ( <1%) overhead. 

Virtual space:
  Non-class space:       38.00 MB reserved,      36.25 MB ( 95%) committed 
      Class space:        1.00 GB reserved,       5.50 MB ( <1%) committed 
             Both:        1.04 GB reserved,      41.75 MB (  4%) committed 

Chunk freelists:
   Non-Class:  51.00 KB
       Class:  24.00 KB
        Both:  75.00 KB

MaxMetaspaceSize: 17179869184.00 GB
CompressedClassSpaceSize: 1.00 GB
Initial GC threshold: 20.80 MB
Current GC threshold: 58.75 MB
CDS: off

CodeHeap 'non-profiled nmethods': size=120064Kb used=4000Kb max_used=4000Kb free=116063Kb
 bounds [0x0000022407ac0000, 0x0000022407eb0000, 0x000002240f000000]
CodeHeap 'profiled nmethods': size=120000Kb used=10273Kb max_used=10273Kb free=109726Kb
 bounds [0x0000022400590000, 0x0000022400fa0000, 0x0000022407ac0000]
CodeHeap 'non-nmethods': size=5696Kb used=2277Kb max_used=2277Kb free=3418Kb
 bounds [0x0000022400000000, 0x0000022400270000, 0x0000022400590000]
 total_blobs=4966 nmethods=4192 adapters=686
 compilation: enabled
              stopped_count=0, restarted_count=0
 full_count=0

Compilation events (20 events):
Event: 44.370 Thread 0x000002247f404000 4261       3       java.util.ArrayList::<init> (63 bytes)
Event: 44.371 Thread 0x000002247f404000 nmethod 4261 0x0000022400f8eb10 code [0x0000022400f8ed20, 0x0000022400f8f278]
Event: 44.373 Thread 0x000002247f404000 4262       3       org.codehaus.groovy.reflection.CachedClass::addSubclassExpandos (138 bytes)
Event: 44.374 Thread 0x000002247f404000 nmethod 4262 0x0000022400f8f410 code [0x0000022400f8f6c0, 0x0000022400f905f8]
Event: 44.543 Thread 0x000002247f404000 4265       3       java.lang.ClassValue$ClassValueMap::probeBackupLocations (151 bytes)
Event: 44.546 Thread 0x000002247f404000 nmethod 4265 0x0000022400f90a10 code [0x0000022400f90cc0, 0x0000022400f921f8]
Event: 44.546 Thread 0x000002247f404000 4266   !   3       java.lang.ClassValue::getFromHashMap (70 bytes)
Event: 44.548 Thread 0x000002247f404000 nmethod 4266 0x0000022400f92710 code [0x0000022400f929a0, 0x0000022400f935f8]
Event: 44.558 Thread 0x000002247f404000 4267       3       java.beans.MethodDescriptor::<init> (7 bytes)
Event: 44.558 Thread 0x000002247f404000 nmethod 4267 0x0000022400f93a90 code [0x0000022400f93c40, 0x0000022400f93d68]
Event: 44.558 Thread 0x000002247f404000 4270  s    3       java.beans.MethodDescriptor::setParams (74 bytes)
Event: 44.559 Thread 0x000002247f404000 nmethod 4270 0x0000022400f93e10 code [0x0000022400f94060, 0x0000022400f94cc8]
Event: 44.559 Thread 0x000002247f404000 4268       3       java.beans.MethodDescriptor::<init> (48 bytes)
Event: 44.560 Thread 0x000002247f404000 nmethod 4268 0x0000022400f95010 code [0x0000022400f95220, 0x0000022400f95898]
Event: 44.560 Thread 0x000002247f404000 4269  s    3       java.beans.MethodDescriptor::setMethod (41 bytes)
Event: 44.563 Thread 0x000002247f404000 nmethod 4269 0x0000022400f95a90 code [0x0000022400f95e00, 0x0000022400f97618]
Event: 44.563 Thread 0x000002247f404000 4271       1       java.util.TreeMap::size (5 bytes)
Event: 44.564 Thread 0x000002247f404000 nmethod 4271 0x0000022407ea7e10 code [0x0000022407ea7fc0, 0x0000022407ea8078]
Event: 44.590 Thread 0x000002247f404000 4272       3       com.android.tools.tracer.agent.objectweb.asm.commons.AdviceAdapter::peekValue (21 bytes)
Event: 44.590 Thread 0x000002247f404000 nmethod 4272 0x0000022400f97d10 code [0x0000022400f97ee0, 0x0000022400f98158]

GC Heap History (20 events):
Event: 17.410 GC heap before
{Heap before GC invocations=2 (full 0):
 garbage-first heap   total 131072K, used 80606K [0x0000000080000000, 0x0000000100000000)
  region size 1024K, 76 young (77824K), 7 survivors (7168K)
 Metaspace       used 14690K, capacity 15017K, committed 15232K, reserved 1062912K
  class space    used 1532K, capacity 1651K, committed 1664K, reserved 1048576K
}
Event: 17.427 GC heap after
{Heap after GC invocations=3 (full 0):
 garbage-first heap   total 131072K, used 15426K [0x0000000080000000, 0x0000000100000000)
  region size 1024K, 10 young (10240K), 10 survivors (10240K)
 Metaspace       used 14690K, capacity 15017K, committed 15232K, reserved 1062912K
  class space    used 1532K, capacity 1651K, committed 1664K, reserved 1048576K
}
Event: 24.693 GC heap before
{Heap before GC invocations=3 (full 0):
 garbage-first heap   total 131072K, used 83010K [0x0000000080000000, 0x0000000100000000)
  region size 1024K, 76 young (77824K), 10 survivors (10240K)
 Metaspace       used 18809K, capacity 19203K, committed 19456K, reserved 1067008K
  class space    used 2124K, capacity 2239K, committed 2304K, reserved 1048576K
}
Event: 24.747 GC heap after
{Heap after GC invocations=4 (full 0):
 garbage-first heap   total 131072K, used 16593K [0x0000000080000000, 0x0000000100000000)
  region size 1024K, 7 young (7168K), 7 survivors (7168K)
 Metaspace       used 18809K, capacity 19203K, committed 19456K, reserved 1067008K
  class space    used 2124K, capacity 2239K, committed 2304K, reserved 1048576K
}
Event: 25.763 GC heap before
{Heap before GC invocations=4 (full 0):
 garbage-first heap   total 131072K, used 55505K [0x0000000080000000, 0x0000000100000000)
  region size 1024K, 46 young (47104K), 7 survivors (7168K)
 Metaspace       used 20788K, capacity 21199K, committed 21248K, reserved 1069056K
  class space    used 2393K, capacity 2544K, committed 2560K, reserved 1048576K
}
Event: 25.776 GC heap after
{Heap after GC invocations=5 (full 0):
 garbage-first heap   total 131072K, used 17495K [0x0000000080000000, 0x0000000100000000)
  region size 1024K, 2 young (2048K), 2 survivors (2048K)
 Metaspace       used 20788K, capacity 21199K, committed 21248K, reserved 1069056K
  class space    used 2393K, capacity 2544K, committed 2560K, reserved 1048576K
}
Event: 27.380 GC heap before
{Heap before GC invocations=6 (full 0):
 garbage-first heap   total 131072K, used 93271K [0x0000000080000000, 0x0000000100000000)
  region size 1024K, 76 young (77824K), 2 survivors (2048K)
 Metaspace       used 23791K, capacity 24235K, committed 24448K, reserved 1071104K
  class space    used 2917K, capacity 3094K, committed 3200K, reserved 1048576K
}
Event: 27.389 GC heap after
{Heap after GC invocations=7 (full 0):
 garbage-first heap   total 131072K, used 18389K [0x0000000080000000, 0x0000000100000000)
  region size 1024K, 3 young (3072K), 3 survivors (3072K)
 Metaspace       used 23791K, capacity 24235K, committed 24448K, reserved 1071104K
  class space    used 2917K, capacity 3094K, committed 3200K, reserved 1048576K
}
Event: 30.092 GC heap before
{Heap before GC invocations=7 (full 0):
 garbage-first heap   total 131072K, used 93141K [0x0000000080000000, 0x0000000100000000)
  region size 1024K, 76 young (77824K), 3 survivors (3072K)
 Metaspace       used 27422K, capacity 28101K, committed 28416K, reserved 1073152K
  class space    used 3489K, capacity 3731K, committed 3840K, reserved 1048576K
}
Event: 30.103 GC heap after
{Heap after GC invocations=8 (full 0):
 garbage-first heap   total 131072K, used 19677K [0x0000000080000000, 0x0000000100000000)
  region size 1024K, 5 young (5120K), 5 survivors (5120K)
 Metaspace       used 27422K, capacity 28101K, committed 28416K, reserved 1073152K
  class space    used 3489K, capacity 3731K, committed 3840K, reserved 1048576K
}
Event: 32.611 GC heap before
{Heap before GC invocations=8 (full 0):
 garbage-first heap   total 131072K, used 92381K [0x0000000080000000, 0x0000000100000000)
  region size 1024K, 76 young (77824K), 5 survivors (5120K)
 Metaspace       used 30479K, capacity 31186K, committed 31488K, reserved 1077248K
  class space    used 3945K, capacity 4232K, committed 4352K, reserved 1048576K
}
Event: 32.624 GC heap after
{Heap after GC invocations=9 (full 0):
 garbage-first heap   total 131072K, used 20460K [0x0000000080000000, 0x0000000100000000)
  region size 1024K, 5 young (5120K), 5 survivors (5120K)
 Metaspace       used 30479K, capacity 31186K, committed 31488K, reserved 1077248K
  class space    used 3945K, capacity 4232K, committed 4352K, reserved 1048576K
}
Event: 38.119 GC heap before
{Heap before GC invocations=9 (full 0):
 garbage-first heap   total 131072K, used 93164K [0x0000000080000000, 0x0000000100000000)
  region size 1024K, 76 young (77824K), 5 survivors (5120K)
 Metaspace       used 34193K, capacity 35008K, committed 35072K, reserved 1079296K
  class space    used 4516K, capacity 4825K, committed 4864K, reserved 1048576K
}
Event: 38.131 GC heap after
{Heap after GC invocations=10 (full 0):
 garbage-first heap   total 131072K, used 22548K [0x0000000080000000, 0x0000000100000000)
  region size 1024K, 7 young (7168K), 7 survivors (7168K)
 Metaspace       used 34193K, capacity 35008K, committed 35072K, reserved 1079296K
  class space    used 4516K, capacity 4825K, committed 4864K, reserved 1048576K
}
Event: 39.805 GC heap before
{Heap before GC invocations=10 (full 0):
 garbage-first heap   total 131072K, used 34836K [0x0000000080000000, 0x0000000100000000)
  region size 1024K, 21 young (21504K), 7 survivors (7168K)
 Metaspace       used 34896K, capacity 35688K, committed 35840K, reserved 1081344K
  class space    used 4557K, capacity 4880K, committed 4992K, reserved 1048576K
}
Event: 39.824 GC heap after
{Heap after GC invocations=11 (full 0):
 garbage-first heap   total 131072K, used 22796K [0x0000000080000000, 0x0000000100000000)
  region size 1024K, 6 young (6144K), 6 survivors (6144K)
 Metaspace       used 34896K, capacity 35688K, committed 35840K, reserved 1081344K
  class space    used 4557K, capacity 4880K, committed 4992K, reserved 1048576K
}
Event: 42.855 GC heap before
{Heap before GC invocations=12 (full 0):
 garbage-first heap   total 131072K, used 92428K [0x0000000080000000, 0x0000000100000000)
  region size 1024K, 75 young (76800K), 6 survivors (6144K)
 Metaspace       used 38758K, capacity 39710K, committed 39936K, reserved 1083392K
  class space    used 4947K, capacity 5305K, committed 5376K, reserved 1048576K
}
Event: 42.870 GC heap after
{Heap after GC invocations=13 (full 0):
 garbage-first heap   total 131072K, used 24237K [0x0000000080000000, 0x0000000100000000)
  region size 1024K, 6 young (6144K), 6 survivors (6144K)
 Metaspace       used 38758K, capacity 39710K, committed 39936K, reserved 1083392K
  class space    used 4947K, capacity 5305K, committed 5376K, reserved 1048576K
}
Event: 44.670 GC heap before
{Heap before GC invocations=13 (full 0):
 garbage-first heap   total 131072K, used 106157K [0x0000000080000000, 0x0000000100000000)
  region size 1024K, 76 young (77824K), 6 survivors (6144K)
 Metaspace       used 41266K, capacity 42313K, committed 42496K, reserved 1085440K
  class space    used 5159K, capacity 5572K, committed 5632K, reserved 1048576K
}
Event: 44.692 GC heap after
{Heap after GC invocations=14 (full 0):
 garbage-first heap   total 131072K, used 27472K [0x0000000080000000, 0x0000000100000000)
  region size 1024K, 8 young (8192K), 8 survivors (8192K)
 Metaspace       used 41266K, capacity 42313K, committed 42496K, reserved 1085440K
  class space    used 5159K, capacity 5572K, committed 5632K, reserved 1048576K
}

Deoptimization events (20 events):
Event: 43.613 Thread 0x0000022411309800 Uncommon trap: trap_request=0xffffffde fr.pc=0x0000022407e7cc98 relative=0x0000000000000398
Event: 43.614 Thread 0x0000022411309800 Uncommon trap: reason=class_check action=maybe_recompile pc=0x0000022407e7cc98 method=java.util.regex.Pattern$Start.match(Ljava/util/regex/Matcher;ILjava/lang/CharSequence;)Z @ 44 c2
Event: 43.614 Thread 0x0000022411309800 DEOPT PACKING pc=0x0000022407e7cc98 sp=0x00000039d1bf73f0
Event: 43.614 Thread 0x0000022411309800 DEOPT UNPACKING pc=0x000002240004a1af sp=0x00000039d1bf7330 mode 2
Event: 43.614 Thread 0x0000022411309800 Uncommon trap: trap_request=0xffffffde fr.pc=0x0000022407e7cc98 relative=0x0000000000000398
Event: 43.614 Thread 0x0000022411309800 Uncommon trap: reason=class_check action=maybe_recompile pc=0x0000022407e7cc98 method=java.util.regex.Pattern$Start.match(Ljava/util/regex/Matcher;ILjava/lang/CharSequence;)Z @ 44 c2
Event: 43.614 Thread 0x0000022411309800 DEOPT PACKING pc=0x0000022407e7cc98 sp=0x00000039d1bf73f0
Event: 43.615 Thread 0x0000022411309800 DEOPT UNPACKING pc=0x000002240004a1af sp=0x00000039d1bf7330 mode 2
Event: 44.332 Thread 0x0000022411309800 Uncommon trap: trap_request=0xffffffde fr.pc=0x0000022407e7cc98 relative=0x0000000000000398
Event: 44.332 Thread 0x0000022411309800 Uncommon trap: reason=class_check action=maybe_recompile pc=0x0000022407e7cc98 method=java.util.regex.Pattern$Start.match(Ljava/util/regex/Matcher;ILjava/lang/CharSequence;)Z @ 44 c2
Event: 44.332 Thread 0x0000022411309800 DEOPT PACKING pc=0x0000022407e7cc98 sp=0x00000039d1bf7900
Event: 44.332 Thread 0x0000022411309800 DEOPT UNPACKING pc=0x000002240004a1af sp=0x00000039d1bf7840 mode 2
Event: 44.333 Thread 0x0000022411309800 Uncommon trap: trap_request=0xffffffde fr.pc=0x0000022407e7cc98 relative=0x0000000000000398
Event: 44.333 Thread 0x0000022411309800 Uncommon trap: reason=class_check action=maybe_recompile pc=0x0000022407e7cc98 method=java.util.regex.Pattern$Start.match(Ljava/util/regex/Matcher;ILjava/lang/CharSequence;)Z @ 44 c2
Event: 44.333 Thread 0x0000022411309800 DEOPT PACKING pc=0x0000022407e7cc98 sp=0x00000039d1bf7900
Event: 44.333 Thread 0x0000022411309800 DEOPT UNPACKING pc=0x000002240004a1af sp=0x00000039d1bf7840 mode 2
Event: 44.333 Thread 0x0000022411309800 Uncommon trap: trap_request=0xffffffde fr.pc=0x0000022407e7d860 relative=0x00000000000002a0
Event: 44.333 Thread 0x0000022411309800 Uncommon trap: reason=class_check action=maybe_recompile pc=0x0000022407e7d860 method=java.util.regex.Pattern$Start.match(Ljava/util/regex/Matcher;ILjava/lang/CharSequence;)Z @ 44 c2
Event: 44.333 Thread 0x0000022411309800 DEOPT PACKING pc=0x0000022407e7d860 sp=0x00000039d1bf7870
Event: 44.334 Thread 0x0000022411309800 DEOPT UNPACKING pc=0x000002240004a1af sp=0x00000039d1bf7830 mode 2

Classes redefined (0 events):
No events

Internal exceptions (20 events):
Event: 43.610 Thread 0x0000022411309800 Exception <a 'java/lang/ClassNotFoundException'{0x0000000085e7a308}: org/gradle/groovy/scripts/BasicScriptCustomizer> (0x0000000085e7a308) thrown at [src/hotspot/share/classfile/systemDictionary.cpp, line 230]
Event: 43.612 Thread 0x0000022411309800 Exception <a 'java/lang/ClassNotFoundException'{0x0000000085e9c198}: org/gradle/groovy/scripts/DefaultScriptCustomizer> (0x0000000085e9c198) thrown at [src/hotspot/share/classfile/systemDictionary.cpp, line 230]
Event: 43.619 Thread 0x0000022411309800 Exception <a 'java/lang/ClassNotFoundException'{0x0000000085ecbb88}: org/gradle/initialization/InitScriptCustomizer> (0x0000000085ecbb88) thrown at [src/hotspot/share/classfile/systemDictionary.cpp, line 230]
Event: 43.621 Thread 0x0000022411309800 Exception <a 'java/lang/ClassNotFoundException'{0x0000000085edfad8}: ijtestinit_hwrh2j2t5pxavoev4zvaic9bCustomizer> (0x0000000085edfad8) thrown at [src/hotspot/share/classfile/systemDictionary.cpp, line 230]
Event: 43.759 Thread 0x0000022411309800 Exception <a 'java/lang/ClassNotFoundException'{0x0000000085cdbab8}: org/gradle/internal/extensibility/DefaultExtraPropertiesExtensionBeanInfo> (0x0000000085cdbab8) thrown at [src/hotspot/share/classfile/systemDictionary.cpp, line 230]
Event: 43.760 Thread 0x0000022411309800 Exception <a 'java/lang/ClassNotFoundException'{0x0000000085cf5e30}: org/gradle/internal/extensibility/DefaultExtraPropertiesExtensionCustomizer> (0x0000000085cf5e30) thrown at [src/hotspot/share/classfile/systemDictionary.cpp, line 230]
Event: 43.826 Thread 0x0000022411309800 Exception <a 'java/lang/ClassNotFoundException'{0x0000000085a42700}: groovy/lang/ReferenceBeanInfo> (0x0000000085a42700) thrown at [src/hotspot/share/classfile/systemDictionary.cpp, line 230]
Event: 43.829 Thread 0x0000022411309800 Exception <a 'java/lang/ClassNotFoundException'{0x0000000085a763b8}: groovy/lang/ReferenceCustomizer> (0x0000000085a763b8) thrown at [src/hotspot/share/classfile/systemDictionary.cpp, line 230]
Event: 44.033 Thread 0x0000022411309800 Exception <a 'java/lang/ClassNotFoundException'{0x000000008553ed78}: org/gradle/invocation/DefaultGradle_DecoratedBeanInfo> (0x000000008553ed78) thrown at [src/hotspot/share/classfile/systemDictionary.cpp, line 230]
Event: 44.034 Thread 0x0000022411309800 Exception <a 'java/lang/ClassNotFoundException'{0x00000000855618f8}: org/gradle/invocation/DefaultGradleBeanInfo> (0x00000000855618f8) thrown at [src/hotspot/share/classfile/systemDictionary.cpp, line 230]
Event: 44.036 Thread 0x0000022411309800 Exception <a 'java/lang/ClassNotFoundException'{0x0000000085588b48}: org/gradle/api/internal/project/AbstractPluginAwareBeanInfo> (0x0000000085588b48) thrown at [src/hotspot/share/classfile/systemDictionary.cpp, line 230]
Event: 44.037 Thread 0x0000022411309800 Exception <a 'java/lang/ClassNotFoundException'{0x00000000855afbb8}: org/gradle/api/internal/project/AbstractPluginAwareCustomizer> (0x00000000855afbb8) thrown at [src/hotspot/share/classfile/systemDictionary.cpp, line 230]
Event: 44.176 Thread 0x0000022411309800 Exception <a 'java/lang/ClassNotFoundException'{0x00000000855d8950}: org/gradle/invocation/DefaultGradleCustomizer> (0x00000000855d8950) thrown at [src/hotspot/share/classfile/systemDictionary.cpp, line 230]
Event: 44.187 Thread 0x0000022411309800 Exception <a 'java/lang/ClassNotFoundException'{0x000000008542f8f8}: org/gradle/invocation/DefaultGradle_DecoratedCustomizer> (0x000000008542f8f8) thrown at [src/hotspot/share/classfile/systemDictionary.cpp, line 230]
Event: 44.321 Thread 0x0000022411309800 Exception <a 'java/lang/ClassNotFoundException'{0x0000000085191e00}: groovy/lang/Closure$1BeanInfo> (0x0000000085191e00) thrown at [src/hotspot/share/classfile/systemDictionary.cpp, line 230]
Event: 44.323 Thread 0x0000022411309800 Exception <a 'java/lang/ClassNotFoundException'{0x00000000851c5500}: groovy/lang/ClosureBeanInfo> (0x00000000851c5500) thrown at [src/hotspot/share/classfile/systemDictionary.cpp, line 230]
Event: 44.330 Thread 0x0000022411309800 Exception <a 'java/lang/ClassNotFoundException'{0x00000000851f8df8}: groovy/lang/ClosureCustomizer> (0x00000000851f8df8) thrown at [src/hotspot/share/classfile/systemDictionary.cpp, line 230]
Event: 44.338 Thread 0x0000022411309800 Exception <a 'java/lang/ClassNotFoundException'{0x000000008504f0f0}: groovy/lang/Closure$1Customizer> (0x000000008504f0f0) thrown at [src/hotspot/share/classfile/systemDictionary.cpp, line 230]
Event: 44.556 Thread 0x0000022411309800 Exception <a 'java/lang/ClassNotFoundException'{0x0000000083f76580}: org/gradle/execution/taskgraph/DefaultTaskExecutionGraphBeanInfo> (0x0000000083f76580) thrown at [src/hotspot/share/classfile/systemDictionary.cpp, line 230]
Event: 44.557 Thread 0x0000022411309800 Exception <a 'java/lang/ClassNotFoundException'{0x0000000083f9ea98}: org/gradle/execution/taskgraph/DefaultTaskExecutionGraphCustomizer> (0x0000000083f9ea98) thrown at [src/hotspot/share/classfile/systemDictionary.cpp, line 230]

Events (20 events):
Event: 44.661 loading class groovyjarjarasm/asm/ModuleVisitor
Event: 44.661 loading class groovyjarjarasm/asm/ModuleVisitor done
Event: 44.662 loading class groovyjarjarasm/asm/ModuleWriter
Event: 44.662 loading class groovyjarjarasm/asm/ModuleWriter done
Event: 44.664 loading class groovyjarjarasm/asm/FieldVisitor
Event: 44.664 loading class groovyjarjarasm/asm/FieldVisitor done
Event: 44.665 loading class groovyjarjarasm/asm/FieldWriter
Event: 44.665 loading class groovyjarjarasm/asm/FieldWriter done
Event: 44.666 loading class groovyjarjarasm/asm/MethodVisitor
Event: 44.666 loading class groovyjarjarasm/asm/MethodVisitor done
Event: 44.667 loading class groovyjarjarasm/asm/MethodWriter
Event: 44.667 loading class groovyjarjarasm/asm/MethodWriter done
Event: 44.670 Executing VM operation: G1CollectForAllocation
Event: 44.692 Executing VM operation: G1CollectForAllocation done
Event: 44.692 Executing VM operation: RevokeBias
Event: 44.693 Executing VM operation: RevokeBias done
Event: 44.696 loading class groovyjarjarasm/asm/ClassTooLargeException
Event: 44.696 loading class groovyjarjarasm/asm/ClassTooLargeException done
Event: 44.698 loading class groovyjarjarasm/asm/SymbolTable
Event: 44.698 loading class groovyjarjarasm/asm/SymbolTable done


Dynamic libraries:
0x00007ff7bbd90000 - 0x00007ff7bbd9a000 	C:\Program Files\Android\Android Studio\jbr\bin\java.exe
0x00007ffb43950000 - 0x00007ffb43b48000 	C:\WINDOWS\SYSTEM32\ntdll.dll
0x00007ffb41da0000 - 0x00007ffb41e5f000 	C:\WINDOWS\System32\KERNEL32.DLL
0x00007ffb414e0000 - 0x00007ffb417d6000 	C:\WINDOWS\System32\KERNELBASE.dll
0x00007ffb41340000 - 0x00007ffb41440000 	C:\WINDOWS\System32\ucrtbase.dll
0x00007ffb32120000 - 0x00007ffb32137000 	C:\Program Files\Android\Android Studio\jbr\bin\jli.dll
0x00007ffb42df0000 - 0x00007ffb42f8d000 	C:\WINDOWS\System32\USER32.dll
0x00007ffb41030000 - 0x00007ffb41052000 	C:\WINDOWS\System32\win32u.dll
0x00007ffb43870000 - 0x00007ffb4389c000 	C:\WINDOWS\System32\GDI32.dll
0x00007ffb41890000 - 0x00007ffb419a5000 	C:\WINDOWS\System32\gdi32full.dll
0x00007ffb41440000 - 0x00007ffb414dd000 	C:\WINDOWS\System32\msvcp_win.dll
0x00007ffb39a30000 - 0x00007ffb39a4b000 	C:\Program Files\Android\Android Studio\jbr\bin\VCRUNTIME140.dll
0x00007ffb27b40000 - 0x00007ffb27dda000 	C:\WINDOWS\WinSxS\amd64_microsoft.windows.common-controls_6595b64144ccf1df_6.0.19041.1110_none_60b5254171f9507e\COMCTL32.dll
0x00007ffb41b90000 - 0x00007ffb41c2e000 	C:\WINDOWS\System32\msvcrt.dll
0x00007ffb41c90000 - 0x00007ffb41cc0000 	C:\WINDOWS\System32\IMM32.DLL
0x00007ffb39780000 - 0x00007ffb3978c000 	C:\Program Files\Android\Android Studio\jbr\bin\vcruntime140_1.dll
0x00007ffb24590000 - 0x00007ffb2461d000 	C:\Program Files\Android\Android Studio\jbr\bin\msvcp140.dll
0x00007ffb02d10000 - 0x00007ffb038cc000 	C:\Program Files\Android\Android Studio\jbr\bin\server\jvm.dll
0x00007ffb420a0000 - 0x00007ffb4214f000 	C:\WINDOWS\System32\ADVAPI32.dll
0x00007ffb42d40000 - 0x00007ffb42ddc000 	C:\WINDOWS\System32\sechost.dll
0x00007ffb419b0000 - 0x00007ffb41ad6000 	C:\WINDOWS\System32\RPCRT4.dll
0x00007ffb438a0000 - 0x00007ffb438a8000 	C:\WINDOWS\System32\PSAPI.DLL
0x00007ffb3e160000 - 0x00007ffb3e169000 	C:\WINDOWS\SYSTEM32\WSOCK32.dll
0x00007ffb43800000 - 0x00007ffb4386b000 	C:\WINDOWS\System32\WS2_32.dll
0x00007ffb319d0000 - 0x00007ffb319f7000 	C:\WINDOWS\SYSTEM32\WINMM.dll
0x00007ffb34f60000 - 0x00007ffb34f6a000 	C:\WINDOWS\SYSTEM32\VERSION.dll
0x00007ffb3f830000 - 0x00007ffb3f842000 	C:\WINDOWS\SYSTEM32\kernel.appcore.dll
0x00007ffb3b390000 - 0x00007ffb3b3a0000 	C:\Program Files\Android\Android Studio\jbr\bin\verify.dll
0x00007ffb31390000 - 0x00007ffb31574000 	C:\WINDOWS\SYSTEM32\DBGHELP.DLL
0x00007ffb312b0000 - 0x00007ffb312e4000 	C:\WINDOWS\SYSTEM32\dbgcore.DLL
0x00007ffb41060000 - 0x00007ffb410e2000 	C:\WINDOWS\System32\bcryptPrimitives.dll
0x00007ffb39b40000 - 0x00007ffb39b68000 	C:\Program Files\Android\Android Studio\jbr\bin\java.dll
0x00007ffb3b360000 - 0x00007ffb3b36a000 	C:\Program Files\Android\Android Studio\jbr\bin\jimage.dll
0x00007ffb39a50000 - 0x00007ffb39a5e000 	C:\Program Files\Android\Android Studio\jbr\bin\instrument.dll
0x00007ffb30d70000 - 0x00007ffb30d88000 	C:\Program Files\Android\Android Studio\jbr\bin\zip.dll
0x00007ffb425f0000 - 0x00007ffb42d34000 	C:\WINDOWS\System32\SHELL32.dll
0x00007ffb3ea50000 - 0x00007ffb3f1e3000 	C:\WINDOWS\SYSTEM32\windows.storage.dll
0x00007ffb42150000 - 0x00007ffb424a4000 	C:\WINDOWS\System32\combase.dll
0x00007ffb408c0000 - 0x00007ffb408ee000 	C:\WINDOWS\SYSTEM32\Wldp.dll
0x00007ffb41ae0000 - 0x00007ffb41b8d000 	C:\WINDOWS\System32\SHCORE.dll
0x00007ffb41c30000 - 0x00007ffb41c85000 	C:\WINDOWS\System32\shlwapi.dll
0x00007ffb40f70000 - 0x00007ffb40f8f000 	C:\WINDOWS\SYSTEM32\profapi.dll
0x00007ffb399f0000 - 0x00007ffb399fa000 	C:\Program Files\Android\Android Studio\jbr\bin\management.dll
0x00007ffb39720000 - 0x00007ffb3972b000 	C:\Program Files\Android\Android Studio\jbr\bin\management_ext.dll
0x00007ffb30d50000 - 0x00007ffb30d69000 	C:\Program Files\Android\Android Studio\jbr\bin\net.dll
0x00007ffb36190000 - 0x00007ffb3629a000 	C:\WINDOWS\SYSTEM32\WINHTTP.dll
0x00007ffb406a0000 - 0x00007ffb4070a000 	C:\WINDOWS\system32\mswsock.dll
0x00007ffb30d30000 - 0x00007ffb30d43000 	C:\Program Files\Android\Android Studio\jbr\bin\nio.dll
0x00007ffb3b3a0000 - 0x00007ffb3b3b7000 	C:\WINDOWS\system32\napinsp.dll
0x00007ffb39b70000 - 0x00007ffb39b8b000 	C:\WINDOWS\system32\pnrpnsp.dll
0x00007ffb23230000 - 0x00007ffb23245000 	C:\WINDOWS\system32\wshbth.dll
0x00007ffb3c3c0000 - 0x00007ffb3c3dd000 	C:\WINDOWS\system32\NLAapi.dll
0x00007ffb403b0000 - 0x00007ffb403ec000 	C:\WINDOWS\SYSTEM32\IPHLPAPI.DLL
0x00007ffb403f0000 - 0x00007ffb404ba000 	C:\WINDOWS\SYSTEM32\DNSAPI.dll
0x00007ffb42de0000 - 0x00007ffb42de8000 	C:\WINDOWS\System32\NSI.dll
0x00007ffb39a00000 - 0x00007ffb39a12000 	C:\WINDOWS\System32\winrnr.dll
0x00007ffb34a30000 - 0x00007ffb34a3a000 	C:\Windows\System32\rasadhlp.dll
0x00007ffb35e50000 - 0x00007ffb35ed2000 	C:\WINDOWS\System32\fwpuclnt.dll
0x00007ffb41250000 - 0x00007ffb41277000 	C:\WINDOWS\System32\bcrypt.dll
0x00007ffb2dfc0000 - 0x00007ffb2dfe7000 	C:\Users\shahzaib lptp\AndroidStudioProjects\loginsqlite\native\e1d6ef7f7dcc3fd88c89a11ec53ec762bb8ba0a96d01ffa2cd45eb1d1d8dd5c5\windows-amd64\native-platform.dll
0x00007ffb1e3d0000 - 0x00007ffb1e514000 	C:\Users\shahzaib lptp\AndroidStudioProjects\loginsqlite\native\0d407fdbe67a94daf76414ababcb853783967236a71b16ec16e742cd7a986fd3\windows-amd64\native-platform-file-events.dll
0x00007ffb40c10000 - 0x00007ffb40c28000 	C:\WINDOWS\SYSTEM32\CRYPTSP.dll
0x00007ffb3ffe0000 - 0x00007ffb40014000 	C:\WINDOWS\system32\rsaenh.dll
0x00007ffb40f30000 - 0x00007ffb40f5e000 	C:\WINDOWS\SYSTEM32\USERENV.dll
0x00007ffb40830000 - 0x00007ffb4083c000 	C:\WINDOWS\SYSTEM32\CRYPTBASE.dll
0x00007ffb38e80000 - 0x00007ffb38e97000 	C:\WINDOWS\SYSTEM32\dhcpcsvc6.DLL
0x00007ffb38510000 - 0x00007ffb3852d000 	C:\WINDOWS\SYSTEM32\dhcpcsvc.DLL

dbghelp: loaded successfully - version: 4.0.5 - missing functions: none
symbol engine: initialized successfully - sym options: 0x614 - pdb path: .;C:\Program Files\Android\Android Studio\jbr\bin;C:\WINDOWS\SYSTEM32;C:\WINDOWS\WinSxS\amd64_microsoft.windows.common-controls_6595b64144ccf1df_6.0.19041.1110_none_60b5254171f9507e;C:\Program Files\Android\Android Studio\jbr\bin\server;C:\Users\shahzaib lptp\AndroidStudioProjects\loginsqlite\native\e1d6ef7f7dcc3fd88c89a11ec53ec762bb8ba0a96d01ffa2cd45eb1d1d8dd5c5\windows-amd64;C:\Users\shahzaib lptp\AndroidStudioProjects\loginsqlite\native\0d407fdbe67a94daf76414ababcb853783967236a71b16ec16e742cd7a986fd3\windows-amd64

VM Arguments:
jvm_args: -javaagent:C:\Program Files\Android\Android Studio\plugins\android\resources\trace_agent.jar=C:\Users\SHAHZA~1\AppData\Local\Temp\sync.trace.profile --add-opens=java.base/java.util=ALL-UNNAMED --add-opens=java.base/java.lang=ALL-UNNAMED --add-opens=java.base/java.lang.invoke=ALL-UNNAMED --add-opens=java.base/java.util=ALL-UNNAMED --add-opens=java.prefs/java.util.prefs=ALL-UNNAMED --add-opens=java.prefs/java.util.prefs=ALL-UNNAMED --add-opens=java.base/java.nio.charset=ALL-UNNAMED --add-opens=java.base/java.net=ALL-UNNAMED --add-opens=java.base/java.util.concurrent.atomic=ALL-UNNAMED -Xmx2048m -Dfile.encoding=UTF-8 -Duser.country=US -Duser.language=en -Duser.variant 
java_command: org.gradle.launcher.daemon.bootstrap.GradleDaemon 7.5
java_class_path (initial): C:\Users\shahzaib lptp\AndroidStudioProjects\loginsqlite\wrapper\dists\gradle-7.5-bin\f1w0cc9nuo0eivz97x2xlu9sv\gradle-7.5\lib\gradle-launcher-7.5.jar
Launcher Type: SUN_STANDARD

[Global flags]
     intx CICompilerCount                          = 3                                         {product} {ergonomic}
     uint ConcGCThreads                            = 1                                         {product} {ergonomic}
     uint G1ConcRefinementThreads                  = 4                                         {product} {ergonomic}
   size_t G1HeapRegionSize                         = 1048576                                   {product} {ergonomic}
    uintx GCDrainStackTargetSize                   = 64                                        {product} {ergonomic}
   size_t InitialHeapSize                          = 134217728                                 {product} {ergonomic}
   size_t MarkStackSize                            = 4194304                                   {product} {ergonomic}
   size_t MaxHeapSize                              = 2147483648                                {product} {command line}
   size_t MaxNewSize                               = 1287651328                                {product} {ergonomic}
   size_t MinHeapDeltaBytes                        = 1048576                                   {product} {ergonomic}
    uintx NonNMethodCodeHeapSize                   = 5830732                                {pd product} {ergonomic}
    uintx NonProfiledCodeHeapSize                  = 122913754                              {pd product} {ergonomic}
    uintx ProfiledCodeHeapSize                     = 122913754                              {pd product} {ergonomic}
    uintx ReservedCodeCacheSize                    = 251658240                              {pd product} {ergonomic}
     bool SegmentedCodeCache                       = true                                      {product} {ergonomic}
     bool UseCompressedClassPointers               = true                                 {lp64_product} {ergonomic}
     bool UseCompressedOops                        = true                                 {lp64_product} {ergonomic}
     bool UseG1GC                                  = true                                      {product} {ergonomic}
     bool UseLargePagesIndividualAllocation        = false                                  {pd product} {ergonomic}

Logging:
Log output configuration:
 #0: stdout all=warning uptime,level,tags
 #1: stderr all=off uptime,level,tags

Environment Variables:
PATH=C:\Program Files\Python310\Scripts\;C:\Program Files\Python310\;C:\Program Files\Common Files\Oracle\Java\javapath;C:\app\bin;C:\app\shahzaiblptp\product\11.2.0\dbhome_1\bin;C:\WINDOWS\system32;C:\WINDOWS;C:\WINDOWS\System32\Wbem;C:\WINDOWS\System32\WindowsPowerShell\v1.0\;c:\Program Files (x86)\Microsoft SQL Server\100\Tools\Binn\;c:\Program Files\Microsoft SQL Server\100\Tools\Binn\;c:\Program Files\Microsoft SQL Server\100\DTS\Binn\;C:\WINDOWS\System32\OpenSSH\;C:\ProgramData\chocolatey\bin;%JAVA_HOME%\bin;C:\Program Files\Git\cmd;C:\Users\shahzaib lptp\AppData\Local\Microsoft\WindowsApps;C:\Program Files\JetBrains\IntelliJ IDEA Community Edition 2021.3\bin;;C:\Program Files\Python310\PyCharm Community Edition 2022.1\bin;;C:\Users\shahzaib lptp\AppData\Local\Programs\Microsoft VS Code\bin;C:\Program Files\flutter\bin;C:\src\flutter\bin;C:\Program Files\Android\Android Studio\bin;
USERNAME=shahzaib lptp
OS=Windows_NT
PROCESSOR_IDENTIFIER=Intel64 Family 6 Model 69 Stepping 1, GenuineIntel



---------------  S Y S T E M  ---------------

OS: Windows 10 , 64 bit Build 19041 (10.0.19041.3031)
OS uptime: 4 days 1:28 hours
Hyper-V role detected

CPU:total 4 (initial active 4) (2 cores per cpu, 2 threads per core) family 6 model 69 stepping 1 microcode 0x26, cmov, cx8, fxsr, mmx, sse, sse2, sse3, ssse3, sse4.1, sse4.2, popcnt, avx, avx2, aes, clmul, erms, lzcnt, ht, tsc, tscinvbit, bmi1, bmi2, fma

Memory: 4k page, system-wide physical 8073M (254M free)
TotalPageFile size 10073M (AvailPageFile size 4M)
current process WorkingSet (physical memory assigned to process): 257M, peak: 257M
current process commit charge ("private bytes"): 304M, peak: 307M

vm_info: OpenJDK 64-Bit Server VM (11.0.15+0-b2043.56-9505619) for windows-amd64 JRE (11.0.15+0-b2043.56-9505619), built on Jan 19 2023 02:48:00 by "builduser" with unknown MS VC++:1929

END.
