#
# There is insufficient memory for the Java Runtime Environment to continue.
# Native memory allocation (malloc) failed to allocate 1142976 bytes for Chunk::new
# Possible reasons:
#   The system is out of physical RAM or swap space
#   The process is running with CompressedOops enabled, and the Java Heap may be blocking the growth of the native heap
# Possible solutions:
#   Reduce memory load on the system
#   Increase physical memory or swap space
#   Check if swap backing store is full
#   Decrease Java heap size (-Xmx/-Xms)
#   Decrease number of Java threads
#   Decrease Java thread stack sizes (-Xss)
#   Set larger code cache with -XX:ReservedCodeCacheSize=
#   JVM is running with Unscaled Compressed Oops mode in which the Java heap is
#     placed in the first 4GB address space. The Java Heap base address is the
#     maximum limit for the native heap growth. Please use -XX:HeapBaseMinAddress
#     to set the Java Heap base and to place the Java Heap above 4GB virtual address.
# This output file may be truncated or incomplete.
#
#  Out of Memory Error (src/hotspot/share/memory/arena.cpp:197), pid=9696, tid=8280
#
# JRE version: OpenJDK Runtime Environment (11.0.15) (build 11.0.15+0-b2043.56-9505619)
# Java VM: OpenJDK 64-Bit Server VM (11.0.15+0-b2043.56-9505619, mixed mode, tiered, compressed oops, g1 gc, windows-amd64)
# No core dump will be written. Minidumps are not enabled by default on client versions of Windows
#

---------------  S U M M A R Y ------------

Command Line: -javaagent:C:\Program Files\Android\Android Studio\plugins\android\resources\trace_agent.jar=C:\Users\SHAHZA~1\AppData\Local\Temp\sync.trace.profile --add-opens=java.base/java.util=ALL-UNNAMED --add-opens=java.base/java.lang=ALL-UNNAMED --add-opens=java.base/java.lang.invoke=ALL-UNNAMED --add-opens=java.base/java.util=ALL-UNNAMED --add-opens=java.prefs/java.util.prefs=ALL-UNNAMED --add-opens=java.prefs/java.util.prefs=ALL-UNNAMED --add-opens=java.base/java.nio.charset=ALL-UNNAMED --add-opens=java.base/java.net=ALL-UNNAMED --add-opens=java.base/java.util.concurrent.atomic=ALL-UNNAMED -Xmx2048m -Dfile.encoding=UTF-8 -Duser.country=US -Duser.language=en -Duser.variant org.gradle.launcher.daemon.bootstrap.GradleDaemon 7.5

Host: Intel(R) Core(TM) i5-4310U CPU @ 2.00GHz, 4 cores, 7G,  Windows 10 , 64 bit Build 19041 (10.0.19041.2788)
Time: Mon May  8 16:05:27 2023 Pakistan Standard Time elapsed time: 14.654615 seconds (0d 0h 0m 14s)

---------------  T H R E A D  ---------------

Current thread (0x000002a1e7919800):  JavaThread "C2 CompilerThread0" daemon [_thread_in_native, id=8280, stack(0x000000f83a200000,0x000000f83a300000)]


Current CompileTask:
C2:  14654 4117   !   4       jdk.internal.loader.URLClassPath$JarLoader::getResource (353 bytes)

Stack: [0x000000f83a200000,0x000000f83a300000]
Native frames: (J=compiled Java code, j=interpreted, Vv=VM code, C=native code)
V  [jvm.dll+0x64135a]
V  [jvm.dll+0x7d39f9]
V  [jvm.dll+0x7d51b9]
V  [jvm.dll+0x7d58a3]
V  [jvm.dll+0x2691c5]
V  [jvm.dll+0xc1a5c]
V  [jvm.dll+0xc200c]
V  [jvm.dll+0x2da2c2]
V  [jvm.dll+0x54cad9]
V  [jvm.dll+0x22a011]
V  [jvm.dll+0x223809]
V  [jvm.dll+0x220384]
V  [jvm.dll+0x19e851]
V  [jvm.dll+0x230479]
V  [jvm.dll+0x22e5ef]
V  [jvm.dll+0x794de1]
V  [jvm.dll+0x78dc24]
V  [jvm.dll+0x6400f6]
C  [ucrtbase.dll+0x21bb2]
C  [KERNEL32.DLL+0x17604]
C  [ntdll.dll+0x526a1]


---------------  P R O C E S S  ---------------

Threads class SMR info:
_java_thread_list=0x000002a1e97426b0, length=34, elements={
0x000002a1cdce3800, 0x000002a1e78f4800, 0x000002a1e78f5800, 0x000002a1e7911000,
0x000002a1e7912800, 0x000002a1e7916800, 0x000002a1e7919800, 0x000002a1e791b000,
0x000002a1e7921800, 0x000002a1e83d4800, 0x000002a1e8cf5000, 0x000002a1edb8f800,
0x000002a1ea797800, 0x000002a1ed145000, 0x000002a1ed282000, 0x000002a1ebe27800,
0x000002a1ec336800, 0x000002a1ed6f0800, 0x000002a1ebd00800, 0x000002a1ed149800,
0x000002a1e83cf800, 0x000002a1e9dc5800, 0x000002a1e9dc8000, 0x000002a1e9dc5000,
0x000002a1e9dc9000, 0x000002a1e9dc6800, 0x000002a1e9dc7800, 0x000002a1e9dca000,
0x000002a1e9dc4000, 0x000002a1e9dca800, 0x000002a1e9528000, 0x000002a1e952e000,
0x000002a1e952a800, 0x000002a1e952e800
}

Java Threads: ( => current thread )
  0x000002a1cdce3800 JavaThread "main" [_thread_blocked, id=14128, stack(0x000000f839600000,0x000000f839700000)]
  0x000002a1e78f4800 JavaThread "Reference Handler" daemon [_thread_blocked, id=7044, stack(0x000000f839d00000,0x000000f839e00000)]
  0x000002a1e78f5800 JavaThread "Finalizer" daemon [_thread_blocked, id=10488, stack(0x000000f839e00000,0x000000f839f00000)]
  0x000002a1e7911000 JavaThread "Signal Dispatcher" daemon [_thread_blocked, id=6468, stack(0x000000f839f00000,0x000000f83a000000)]
  0x000002a1e7912800 JavaThread "Attach Listener" daemon [_thread_blocked, id=4944, stack(0x000000f83a000000,0x000000f83a100000)]
  0x000002a1e7916800 JavaThread "Service Thread" daemon [_thread_blocked, id=5300, stack(0x000000f83a100000,0x000000f83a200000)]
=>0x000002a1e7919800 JavaThread "C2 CompilerThread0" daemon [_thread_in_native, id=8280, stack(0x000000f83a200000,0x000000f83a300000)]
  0x000002a1e791b000 JavaThread "C1 CompilerThread0" daemon [_thread_blocked, id=3248, stack(0x000000f83a300000,0x000000f83a400000)]
  0x000002a1e7921800 JavaThread "Sweeper thread" daemon [_thread_blocked, id=10836, stack(0x000000f83a400000,0x000000f83a500000)]
  0x000002a1e83d4800 JavaThread "Common-Cleaner" daemon [_thread_blocked, id=9264, stack(0x000000f83a500000,0x000000f83a600000)]
  0x000002a1e8cf5000 JavaThread "C2 CompilerThread1" daemon [_thread_in_native, id=7292, stack(0x000000f83a600000,0x000000f83a700000)]
  0x000002a1edb8f800 JavaThread "Daemon health stats" [_thread_blocked, id=2264, stack(0x000000f83aa00000,0x000000f83ab00000)]
  0x000002a1ea797800 JavaThread "Incoming local TCP Connector on port 53379" [_thread_in_native, id=13552, stack(0x000000f83ab00000,0x000000f83ac00000)]
  0x000002a1ed145000 JavaThread "Daemon periodic checks" [_thread_blocked, id=7392, stack(0x000000f83ac00000,0x000000f83ad00000)]
  0x000002a1ed282000 JavaThread "Daemon" [_thread_blocked, id=12528, stack(0x000000f83ad00000,0x000000f83ae00000)]
  0x000002a1ebe27800 JavaThread "Handler for socket connection from /127.0.0.1:53379 to /127.0.0.1:53380" [_thread_in_native, id=10008, stack(0x000000f83ae00000,0x000000f83af00000)]
  0x000002a1ec336800 JavaThread "Cancel handler" [_thread_blocked, id=10592, stack(0x000000f83af00000,0x000000f83b000000)]
  0x000002a1ed6f0800 JavaThread "Daemon worker" [_thread_in_vm, id=7660, stack(0x000000f83b000000,0x000000f83b100000)]
  0x000002a1ebd00800 JavaThread "Asynchronous log dispatcher for DefaultDaemonConnection: socket connection from /127.0.0.1:53379 to /127.0.0.1:53380" [_thread_blocked, id=4456, stack(0x000000f83b100000,0x000000f83b200000)]
  0x000002a1ed149800 JavaThread "Stdin handler" [_thread_blocked, id=12316, stack(0x000000f83b200000,0x000000f83b300000)]
  0x000002a1e83cf800 JavaThread "Daemon client event forwarder" [_thread_blocked, id=14400, stack(0x000000f83b300000,0x000000f83b400000)]
  0x000002a1e9dc5800 JavaThread "Cache worker for journal cache (C:\Users\shahzaib lptp\AndroidStudioProjects\loginsqlite\caches\journal-1)" [_thread_blocked, id=8308, stack(0x000000f83b500000,0x000000f83b600000)]
  0x000002a1e9dc8000 JavaThread "File lock request listener" [_thread_in_native, id=2680, stack(0x000000f83b600000,0x000000f83b700000)]
  0x000002a1e9dc5000 JavaThread "Cache worker for file hash cache (C:\Users\shahzaib lptp\AndroidStudioProjects\loginsqlite\caches\7.5\fileHashes)" [_thread_blocked, id=2156, stack(0x000000f83b700000,0x000000f83b800000)]
  0x000002a1e9dc9000 JavaThread "File watcher server" daemon [_thread_in_native, id=10980, stack(0x000000f83b800000,0x000000f83b900000)]
  0x000002a1e9dc6800 JavaThread "File watcher consumer" daemon [_thread_blocked, id=1276, stack(0x000000f83b900000,0x000000f83ba00000)]
  0x000002a1e9dc7800 JavaThread "Cache worker for checksums cache (C:\Users\shahzaib lptp\AndroidStudioProjects\EyeonwaterApp\.gradle\7.5\checksums)" [_thread_blocked, id=11824, stack(0x000000f83ba00000,0x000000f83bb00000)]
  0x000002a1e9dca000 JavaThread "Cache worker for cache directory md-rule (C:\Users\shahzaib lptp\AndroidStudioProjects\loginsqlite\caches\7.5\md-rule)" [_thread_blocked, id=1768, stack(0x000000f83bb00000,0x000000f83bc00000)]
  0x000002a1e9dc4000 JavaThread "Cache worker for file content cache (C:\Users\shahzaib lptp\AndroidStudioProjects\loginsqlite\caches\7.5\fileContent)" [_thread_blocked, id=8788, stack(0x000000f83bc00000,0x000000f83bd00000)]
  0x000002a1e9dca800 JavaThread "Cache worker for file hash cache (C:\Users\shahzaib lptp\AndroidStudioProjects\EyeonwaterApp\.gradle\7.5\fileHashes)" [_thread_blocked, id=3340, stack(0x000000f83bd00000,0x000000f83be00000)]
  0x000002a1e9528000 JavaThread "Cache worker for cache directory md-supplier (C:\Users\shahzaib lptp\AndroidStudioProjects\loginsqlite\caches\7.5\md-supplier)" [_thread_blocked, id=1052, stack(0x000000f83be00000,0x000000f83bf00000)]
  0x000002a1e952e000 JavaThread "Cache worker for execution history cache (C:\Users\shahzaib lptp\AndroidStudioProjects\loginsqlite\caches\7.5\executionHistory)" [_thread_blocked, id=3440, stack(0x000000f83bf00000,0x000000f83c000000)]
  0x000002a1e952a800 JavaThread "jar transforms" [_thread_blocked, id=14060, stack(0x000000f83c000000,0x000000f83c100000)]
  0x000002a1e952e800 JavaThread "jar transforms Thread 2" [_thread_blocked, id=15452, stack(0x000000f83c100000,0x000000f83c200000)]

Other Threads:
  0x000002a1e78ef800 VMThread "VM Thread" [stack: 0x000000f839c00000,0x000000f839d00000] [id=4372]
  0x000002a1e959e800 WatcherThread [stack: 0x000000f83a700000,0x000000f83a800000] [id=1424]
  0x000002a1cdcfe800 GCTaskThread "GC Thread#0" [stack: 0x000000f839700000,0x000000f839800000] [id=10384]
  0x000002a1e9153000 GCTaskThread "GC Thread#1" [stack: 0x000000f83a800000,0x000000f83a900000] [id=4352]
  0x000002a1e9538000 GCTaskThread "GC Thread#2" [stack: 0x000000f83a900000,0x000000f83aa00000] [id=1280]
  0x000002a1ecf87000 GCTaskThread "GC Thread#3" [stack: 0x000000f83b400000,0x000000f83b500000] [id=14420]
  0x000002a1cdd2e800 ConcurrentGCThread "G1 Main Marker" [stack: 0x000000f839800000,0x000000f839900000] [id=1240]
  0x000002a1cdd30000 ConcurrentGCThread "G1 Conc#0" [stack: 0x000000f839900000,0x000000f839a00000] [id=16368]
  0x000002a1cddbd800 ConcurrentGCThread "G1 Refine#0" [stack: 0x000000f839a00000,0x000000f839b00000] [id=2536]
  0x000002a1cddbe800 ConcurrentGCThread "G1 Young RemSet Sampling" [stack: 0x000000f839b00000,0x000000f839c00000] [id=8588]

Threads with active compile tasks:
C2 CompilerThread0    14695 4117   !   4       jdk.internal.loader.URLClassPath$JarLoader::getResource (353 bytes)
C2 CompilerThread1    14696 4243   !   4       sun.instrument.TransformerManager::transform (100 bytes)

VM state:not at safepoint (normal execution)

VM Mutex/Monitor currently owned by a thread: None

Heap address: 0x0000000080000000, size: 2048 MB, Compressed Oops mode: 32-bit
Narrow klass base: 0x0000000000000000, Narrow klass shift: 3
Compressed class space size: 1073741824 Address: 0x0000000100000000

Heap:
 garbage-first heap   total 157696K, used 96374K [0x0000000080000000, 0x0000000100000000)
  region size 1024K, 70 young (71680K), 7 survivors (7168K)
 Metaspace       used 40774K, capacity 41853K, committed 41856K, reserved 1085440K
  class space    used 5098K, capacity 5504K, committed 5504K, reserved 1048576K
Heap Regions: E=young(eden), S=young(survivor), O=old, HS=humongous(starts), HC=humongous(continues), CS=collection set, F=free, A=archive, TAMS=top-at-mark-start (previous, next)
|   0|0x0000000080000000, 0x0000000080100000, 0x0000000080100000|100%| O|  |TAMS 0x0000000080100000, 0x0000000080000000| Untracked 
|   1|0x0000000080100000, 0x0000000080200000, 0x0000000080200000|100%| O|  |TAMS 0x0000000080200000, 0x0000000080100000| Untracked 
|   2|0x0000000080200000, 0x0000000080300000, 0x0000000080300000|100%| O|  |TAMS 0x0000000080300000, 0x0000000080200000| Untracked 
|   3|0x0000000080300000, 0x0000000080400000, 0x0000000080400000|100%|HS|  |TAMS 0x0000000080400000, 0x0000000080300000| Complete 
|   4|0x0000000080400000, 0x0000000080500000, 0x0000000080500000|100%|HC|  |TAMS 0x0000000080500000, 0x0000000080400000| Complete 
|   5|0x0000000080500000, 0x0000000080600000, 0x0000000080600000|100%|HC|  |TAMS 0x0000000080600000, 0x0000000080500000| Complete 
|   6|0x0000000080600000, 0x0000000080700000, 0x0000000080700000|100%| O|  |TAMS 0x0000000080700000, 0x0000000080600000| Untracked 
|   7|0x0000000080700000, 0x0000000080800000, 0x0000000080800000|100%| O|  |TAMS 0x0000000080800000, 0x0000000080700000| Untracked 
|   8|0x0000000080800000, 0x0000000080900000, 0x0000000080900000|100%| O|  |TAMS 0x0000000080900000, 0x0000000080800000| Untracked 
|   9|0x0000000080900000, 0x0000000080a00000, 0x0000000080a00000|100%| O|  |TAMS 0x0000000080a00000, 0x0000000080900000| Untracked 
|  10|0x0000000080a00000, 0x0000000080b00000, 0x0000000080b00000|100%| O|  |TAMS 0x0000000080b00000, 0x0000000080a00000| Untracked 
|  11|0x0000000080b00000, 0x0000000080c00000, 0x0000000080c00000|100%| O|  |TAMS 0x0000000080c00000, 0x0000000080b00000| Untracked 
|  12|0x0000000080c00000, 0x0000000080d00000, 0x0000000080d00000|100%| O|  |TAMS 0x0000000080d00000, 0x0000000080c00000| Untracked 
|  13|0x0000000080d00000, 0x0000000080e00000, 0x0000000080e00000|100%| O|  |TAMS 0x0000000080e00000, 0x0000000080d00000| Untracked 
|  14|0x0000000080e00000, 0x0000000080f00000, 0x0000000080f00000|100%| O|  |TAMS 0x0000000080f00000, 0x0000000080e00000| Untracked 
|  15|0x0000000080f00000, 0x0000000081000000, 0x0000000081000000|100%| O|  |TAMS 0x0000000080fad400, 0x0000000080f00000| Untracked 
|  16|0x0000000081000000, 0x0000000081043e00, 0x0000000081100000| 26%| O|  |TAMS 0x0000000081000000, 0x0000000081000000| Untracked 
|  17|0x0000000081100000, 0x0000000081200000, 0x0000000081200000|100%|HS|  |TAMS 0x0000000081100000, 0x0000000081100000| Complete 
|  18|0x0000000081200000, 0x0000000081300000, 0x0000000081300000|100%|HS|  |TAMS 0x0000000081200000, 0x0000000081200000| Complete 
|  19|0x0000000081300000, 0x0000000081400000, 0x0000000081400000|100%|HC|  |TAMS 0x0000000081300000, 0x0000000081300000| Complete 
|  20|0x0000000081400000, 0x0000000081500000, 0x0000000081500000|100%|HS|  |TAMS 0x0000000081400000, 0x0000000081400000| Complete 
|  21|0x0000000081500000, 0x0000000081600000, 0x0000000081600000|100%|HC|  |TAMS 0x0000000081500000, 0x0000000081500000| Complete 
|  22|0x0000000081600000, 0x0000000081700000, 0x0000000081700000|100%|HS|  |TAMS 0x0000000081600000, 0x0000000081600000| Complete 
|  23|0x0000000081700000, 0x0000000081800000, 0x0000000081800000|100%|HS|  |TAMS 0x0000000081700000, 0x0000000081700000| Complete 
|  24|0x0000000081800000, 0x0000000081900000, 0x0000000081900000|100%|HC|  |TAMS 0x0000000081800000, 0x0000000081800000| Complete 
|  25|0x0000000081900000, 0x0000000081a00000, 0x0000000081a00000|100%|HS|  |TAMS 0x0000000081900000, 0x0000000081900000| Complete 
|  26|0x0000000081a00000, 0x0000000081b00000, 0x0000000081b00000|100%|HC|  |TAMS 0x0000000081a00000, 0x0000000081a00000| Complete 
|  27|0x0000000081b00000, 0x0000000081b00000, 0x0000000081c00000|  0%| F|  |TAMS 0x0000000081b00000, 0x0000000081b00000| Untracked 
|  28|0x0000000081c00000, 0x0000000081c00000, 0x0000000081d00000|  0%| F|  |TAMS 0x0000000081c00000, 0x0000000081c00000| Untracked 
|  29|0x0000000081d00000, 0x0000000081d00000, 0x0000000081e00000|  0%| F|  |TAMS 0x0000000081d00000, 0x0000000081d00000| Untracked 
|  30|0x0000000081e00000, 0x0000000081e00000, 0x0000000081f00000|  0%| F|  |TAMS 0x0000000081e00000, 0x0000000081e00000| Untracked 
|  31|0x0000000081f00000, 0x0000000081f00000, 0x0000000082000000|  0%| F|  |TAMS 0x0000000081f00000, 0x0000000081f00000| Untracked 
|  32|0x0000000082000000, 0x0000000082000000, 0x0000000082100000|  0%| F|  |TAMS 0x0000000082000000, 0x0000000082000000| Untracked 
|  33|0x0000000082100000, 0x0000000082100000, 0x0000000082200000|  0%| F|  |TAMS 0x0000000082100000, 0x0000000082100000| Untracked 
|  34|0x0000000082200000, 0x0000000082200000, 0x0000000082300000|  0%| F|  |TAMS 0x0000000082200000, 0x0000000082200000| Untracked 
|  35|0x0000000082300000, 0x0000000082300000, 0x0000000082400000|  0%| F|  |TAMS 0x0000000082300000, 0x0000000082300000| Untracked 
|  36|0x0000000082400000, 0x0000000082400000, 0x0000000082500000|  0%| F|  |TAMS 0x0000000082400000, 0x0000000082400000| Untracked 
|  37|0x0000000082500000, 0x0000000082500000, 0x0000000082600000|  0%| F|  |TAMS 0x0000000082500000, 0x0000000082500000| Untracked 
|  38|0x0000000082600000, 0x0000000082600000, 0x0000000082700000|  0%| F|  |TAMS 0x0000000082600000, 0x0000000082600000| Untracked 
|  39|0x0000000082700000, 0x0000000082700000, 0x0000000082800000|  0%| F|  |TAMS 0x0000000082700000, 0x0000000082700000| Untracked 
|  40|0x0000000082800000, 0x0000000082800000, 0x0000000082900000|  0%| F|  |TAMS 0x0000000082800000, 0x0000000082800000| Untracked 
|  41|0x0000000082900000, 0x0000000082900000, 0x0000000082a00000|  0%| F|  |TAMS 0x0000000082900000, 0x0000000082900000| Untracked 
|  42|0x0000000082a00000, 0x0000000082a00000, 0x0000000082b00000|  0%| F|  |TAMS 0x0000000082a00000, 0x0000000082a00000| Untracked 
|  43|0x0000000082b00000, 0x0000000082b00000, 0x0000000082c00000|  0%| F|  |TAMS 0x0000000082b00000, 0x0000000082b00000| Untracked 
|  44|0x0000000082c00000, 0x0000000082c00000, 0x0000000082d00000|  0%| F|  |TAMS 0x0000000082c00000, 0x0000000082c00000| Untracked 
|  45|0x0000000082d00000, 0x0000000082dd9d70, 0x0000000082e00000| 85%| S|CS|TAMS 0x0000000082d00000, 0x0000000082d00000| Complete 
|  46|0x0000000082e00000, 0x0000000082f00000, 0x0000000082f00000|100%| S|CS|TAMS 0x0000000082e00000, 0x0000000082e00000| Complete 
|  47|0x0000000082f00000, 0x0000000083000000, 0x0000000083000000|100%| S|CS|TAMS 0x0000000082f00000, 0x0000000082f00000| Complete 
|  48|0x0000000083000000, 0x0000000083100000, 0x0000000083100000|100%| S|CS|TAMS 0x0000000083000000, 0x0000000083000000| Complete 
|  49|0x0000000083100000, 0x0000000083200000, 0x0000000083200000|100%| S|CS|TAMS 0x0000000083100000, 0x0000000083100000| Complete 
|  50|0x0000000083200000, 0x0000000083300000, 0x0000000083300000|100%| S|CS|TAMS 0x0000000083200000, 0x0000000083200000| Complete 
|  51|0x0000000083300000, 0x0000000083400000, 0x0000000083400000|100%| S|CS|TAMS 0x0000000083300000, 0x0000000083300000| Complete 
|  52|0x0000000083400000, 0x0000000083400000, 0x0000000083500000|  0%| F|  |TAMS 0x0000000083400000, 0x0000000083400000| Untracked 
|  53|0x0000000083500000, 0x0000000083500000, 0x0000000083600000|  0%| F|  |TAMS 0x0000000083500000, 0x0000000083500000| Untracked 
|  54|0x0000000083600000, 0x0000000083600000, 0x0000000083700000|  0%| F|  |TAMS 0x0000000083600000, 0x0000000083600000| Untracked 
|  55|0x0000000083700000, 0x0000000083700000, 0x0000000083800000|  0%| F|  |TAMS 0x0000000083700000, 0x0000000083700000| Untracked 
|  56|0x0000000083800000, 0x0000000083800000, 0x0000000083900000|  0%| F|  |TAMS 0x0000000083800000, 0x0000000083800000| Untracked 
|  57|0x0000000083900000, 0x0000000083900000, 0x0000000083a00000|  0%| F|  |TAMS 0x0000000083900000, 0x0000000083900000| Untracked 
|  58|0x0000000083a00000, 0x0000000083a00000, 0x0000000083b00000|  0%| F|  |TAMS 0x0000000083a00000, 0x0000000083a00000| Untracked 
|  59|0x0000000083b00000, 0x0000000083b00000, 0x0000000083c00000|  0%| F|  |TAMS 0x0000000083b00000, 0x0000000083b00000| Untracked 
|  60|0x0000000083c00000, 0x0000000083c00000, 0x0000000083d00000|  0%| F|  |TAMS 0x0000000083c00000, 0x0000000083c00000| Untracked 
|  61|0x0000000083d00000, 0x0000000083d00000, 0x0000000083e00000|  0%| F|  |TAMS 0x0000000083d00000, 0x0000000083d00000| Untracked 
|  62|0x0000000083e00000, 0x0000000083e00000, 0x0000000083f00000|  0%| F|  |TAMS 0x0000000083e00000, 0x0000000083e00000| Untracked 
|  63|0x0000000083f00000, 0x0000000083f00000, 0x0000000084000000|  0%| F|  |TAMS 0x0000000083f00000, 0x0000000083f00000| Untracked 
|  64|0x0000000084000000, 0x0000000084000000, 0x0000000084100000|  0%| F|  |TAMS 0x0000000084000000, 0x0000000084000000| Untracked 
|  65|0x0000000084100000, 0x0000000084100000, 0x0000000084200000|  0%| F|  |TAMS 0x0000000084100000, 0x0000000084100000| Untracked 
|  66|0x0000000084200000, 0x0000000084200000, 0x0000000084300000|  0%| F|  |TAMS 0x0000000084200000, 0x0000000084200000| Untracked 
|  67|0x0000000084300000, 0x0000000084300000, 0x0000000084400000|  0%| F|  |TAMS 0x0000000084300000, 0x0000000084300000| Untracked 
|  68|0x0000000084400000, 0x0000000084400000, 0x0000000084500000|  0%| F|  |TAMS 0x0000000084400000, 0x0000000084400000| Untracked 
|  69|0x0000000084500000, 0x0000000084500000, 0x0000000084600000|  0%| F|  |TAMS 0x0000000084500000, 0x0000000084500000| Untracked 
|  70|0x0000000084600000, 0x0000000084600000, 0x0000000084700000|  0%| F|  |TAMS 0x0000000084600000, 0x0000000084600000| Untracked 
|  71|0x0000000084700000, 0x0000000084700000, 0x0000000084800000|  0%| F|  |TAMS 0x0000000084700000, 0x0000000084700000| Untracked 
|  72|0x0000000084800000, 0x0000000084800000, 0x0000000084900000|  0%| F|  |TAMS 0x0000000084800000, 0x0000000084800000| Untracked 
|  73|0x0000000084900000, 0x0000000084900000, 0x0000000084a00000|  0%| F|  |TAMS 0x0000000084900000, 0x0000000084900000| Untracked 
|  74|0x0000000084a00000, 0x0000000084a00000, 0x0000000084b00000|  0%| F|  |TAMS 0x0000000084a00000, 0x0000000084a00000| Untracked 
|  75|0x0000000084b00000, 0x0000000084b00000, 0x0000000084c00000|  0%| F|  |TAMS 0x0000000084b00000, 0x0000000084b00000| Untracked 
|  76|0x0000000084c00000, 0x0000000084c00000, 0x0000000084d00000|  0%| F|  |TAMS 0x0000000084c00000, 0x0000000084c00000| Untracked 
|  77|0x0000000084d00000, 0x0000000084d00000, 0x0000000084e00000|  0%| F|  |TAMS 0x0000000084d00000, 0x0000000084d00000| Untracked 
|  78|0x0000000084e00000, 0x0000000084e00000, 0x0000000084f00000|  0%| F|  |TAMS 0x0000000084e00000, 0x0000000084e00000| Untracked 
|  79|0x0000000084f00000, 0x0000000084f00000, 0x0000000085000000|  0%| F|  |TAMS 0x0000000084f00000, 0x0000000084f00000| Untracked 
|  80|0x0000000085000000, 0x0000000085000000, 0x0000000085100000|  0%| F|  |TAMS 0x0000000085000000, 0x0000000085000000| Untracked 
|  81|0x0000000085100000, 0x0000000085100000, 0x0000000085200000|  0%| F|  |TAMS 0x0000000085100000, 0x0000000085100000| Untracked 
|  82|0x0000000085200000, 0x0000000085200000, 0x0000000085300000|  0%| F|  |TAMS 0x0000000085200000, 0x0000000085200000| Untracked 
|  83|0x0000000085300000, 0x0000000085300000, 0x0000000085400000|  0%| F|  |TAMS 0x0000000085300000, 0x0000000085300000| Untracked 
|  84|0x0000000085400000, 0x0000000085400000, 0x0000000085500000|  0%| F|  |TAMS 0x0000000085400000, 0x0000000085400000| Untracked 
|  85|0x0000000085500000, 0x0000000085500000, 0x0000000085600000|  0%| F|  |TAMS 0x0000000085500000, 0x0000000085500000| Untracked 
|  86|0x0000000085600000, 0x0000000085600000, 0x0000000085700000|  0%| F|  |TAMS 0x0000000085600000, 0x0000000085600000| Untracked 
|  87|0x0000000085700000, 0x0000000085700000, 0x0000000085800000|  0%| F|  |TAMS 0x0000000085700000, 0x0000000085700000| Untracked 
|  88|0x0000000085800000, 0x0000000085800000, 0x0000000085900000|  0%| F|  |TAMS 0x0000000085800000, 0x0000000085800000| Untracked 
|  89|0x0000000085900000, 0x0000000085900000, 0x0000000085a00000|  0%| F|  |TAMS 0x0000000085900000, 0x0000000085900000| Untracked 
|  90|0x0000000085a00000, 0x0000000085a00000, 0x0000000085b00000|  0%| F|  |TAMS 0x0000000085a00000, 0x0000000085a00000| Untracked 
|  91|0x0000000085b00000, 0x0000000085b81928, 0x0000000085c00000| 50%| E|  |TAMS 0x0000000085b00000, 0x0000000085b00000| Complete 
|  92|0x0000000085c00000, 0x0000000085d00000, 0x0000000085d00000|100%| E|CS|TAMS 0x0000000085c00000, 0x0000000085c00000| Complete 
|  93|0x0000000085d00000, 0x0000000085e00000, 0x0000000085e00000|100%| E|CS|TAMS 0x0000000085d00000, 0x0000000085d00000| Complete 
|  94|0x0000000085e00000, 0x0000000085f00000, 0x0000000085f00000|100%| E|CS|TAMS 0x0000000085e00000, 0x0000000085e00000| Complete 
|  95|0x0000000085f00000, 0x0000000086000000, 0x0000000086000000|100%| E|CS|TAMS 0x0000000085f00000, 0x0000000085f00000| Complete 
|  96|0x0000000086000000, 0x0000000086100000, 0x0000000086100000|100%| E|CS|TAMS 0x0000000086000000, 0x0000000086000000| Complete 
|  97|0x0000000086100000, 0x0000000086200000, 0x0000000086200000|100%| E|CS|TAMS 0x0000000086100000, 0x0000000086100000| Complete 
|  98|0x0000000086200000, 0x0000000086300000, 0x0000000086300000|100%| E|CS|TAMS 0x0000000086200000, 0x0000000086200000| Complete 
|  99|0x0000000086300000, 0x0000000086400000, 0x0000000086400000|100%| E|CS|TAMS 0x0000000086300000, 0x0000000086300000| Complete 
| 100|0x0000000086400000, 0x0000000086500000, 0x0000000086500000|100%| E|CS|TAMS 0x0000000086400000, 0x0000000086400000| Complete 
| 101|0x0000000086500000, 0x0000000086600000, 0x0000000086600000|100%| E|CS|TAMS 0x0000000086500000, 0x0000000086500000| Complete 
| 102|0x0000000086600000, 0x0000000086700000, 0x0000000086700000|100%| E|CS|TAMS 0x0000000086600000, 0x0000000086600000| Complete 
| 103|0x0000000086700000, 0x0000000086800000, 0x0000000086800000|100%| E|CS|TAMS 0x0000000086700000, 0x0000000086700000| Complete 
| 104|0x0000000086800000, 0x0000000086900000, 0x0000000086900000|100%| E|CS|TAMS 0x0000000086800000, 0x0000000086800000| Complete 
| 105|0x0000000086900000, 0x0000000086a00000, 0x0000000086a00000|100%| E|CS|TAMS 0x0000000086900000, 0x0000000086900000| Complete 
| 106|0x0000000086a00000, 0x0000000086b00000, 0x0000000086b00000|100%| E|  |TAMS 0x0000000086a00000, 0x0000000086a00000| Complete 
| 107|0x0000000086b00000, 0x0000000086c00000, 0x0000000086c00000|100%| E|CS|TAMS 0x0000000086b00000, 0x0000000086b00000| Complete 
| 108|0x0000000086c00000, 0x0000000086d00000, 0x0000000086d00000|100%| E|CS|TAMS 0x0000000086c00000, 0x0000000086c00000| Complete 
| 109|0x0000000086d00000, 0x0000000086e00000, 0x0000000086e00000|100%| E|CS|TAMS 0x0000000086d00000, 0x0000000086d00000| Complete 
| 110|0x0000000086e00000, 0x0000000086f00000, 0x0000000086f00000|100%| E|CS|TAMS 0x0000000086e00000, 0x0000000086e00000| Complete 
| 111|0x0000000086f00000, 0x0000000087000000, 0x0000000087000000|100%| E|CS|TAMS 0x0000000086f00000, 0x0000000086f00000| Complete 
| 112|0x0000000087000000, 0x0000000087100000, 0x0000000087100000|100%| E|CS|TAMS 0x0000000087000000, 0x0000000087000000| Complete 
| 113|0x0000000087100000, 0x0000000087200000, 0x0000000087200000|100%| E|CS|TAMS 0x0000000087100000, 0x0000000087100000| Complete 
| 114|0x0000000087200000, 0x0000000087300000, 0x0000000087300000|100%| E|CS|TAMS 0x0000000087200000, 0x0000000087200000| Complete 
| 115|0x0000000087300000, 0x0000000087400000, 0x0000000087400000|100%| E|CS|TAMS 0x0000000087300000, 0x0000000087300000| Complete 
| 116|0x0000000087400000, 0x0000000087500000, 0x0000000087500000|100%| E|CS|TAMS 0x0000000087400000, 0x0000000087400000| Complete 
| 117|0x0000000087500000, 0x0000000087600000, 0x0000000087600000|100%| E|CS|TAMS 0x0000000087500000, 0x0000000087500000| Complete 
| 118|0x0000000087600000, 0x0000000087700000, 0x0000000087700000|100%| E|CS|TAMS 0x0000000087600000, 0x0000000087600000| Complete 
| 119|0x0000000087700000, 0x0000000087800000, 0x0000000087800000|100%| E|CS|TAMS 0x0000000087700000, 0x0000000087700000| Complete 
| 120|0x0000000087800000, 0x0000000087900000, 0x0000000087900000|100%| E|CS|TAMS 0x0000000087800000, 0x0000000087800000| Complete 
| 121|0x0000000087900000, 0x0000000087a00000, 0x0000000087a00000|100%| E|CS|TAMS 0x0000000087900000, 0x0000000087900000| Complete 
| 122|0x0000000087a00000, 0x0000000087b00000, 0x0000000087b00000|100%| E|CS|TAMS 0x0000000087a00000, 0x0000000087a00000| Complete 
| 123|0x0000000087b00000, 0x0000000087c00000, 0x0000000087c00000|100%| E|CS|TAMS 0x0000000087b00000, 0x0000000087b00000| Complete 
| 124|0x0000000087c00000, 0x0000000087d00000, 0x0000000087d00000|100%| E|CS|TAMS 0x0000000087c00000, 0x0000000087c00000| Complete 
| 125|0x0000000087d00000, 0x0000000087e00000, 0x0000000087e00000|100%| E|CS|TAMS 0x0000000087d00000, 0x0000000087d00000| Complete 
| 126|0x0000000087e00000, 0x0000000087f00000, 0x0000000087f00000|100%| E|CS|TAMS 0x0000000087e00000, 0x0000000087e00000| Complete 
| 127|0x0000000087f00000, 0x0000000088000000, 0x0000000088000000|100%| E|CS|TAMS 0x0000000087f00000, 0x0000000087f00000| Complete 
| 128|0x0000000088000000, 0x0000000088100000, 0x0000000088100000|100%| E|CS|TAMS 0x0000000088000000, 0x0000000088000000| Complete 
| 129|0x0000000088100000, 0x0000000088200000, 0x0000000088200000|100%| E|CS|TAMS 0x0000000088100000, 0x0000000088100000| Complete 
| 130|0x0000000088200000, 0x0000000088300000, 0x0000000088300000|100%| E|CS|TAMS 0x0000000088200000, 0x0000000088200000| Complete 
| 131|0x0000000088300000, 0x0000000088400000, 0x0000000088400000|100%| E|CS|TAMS 0x0000000088300000, 0x0000000088300000| Complete 
| 132|0x0000000088400000, 0x0000000088500000, 0x0000000088500000|100%| E|CS|TAMS 0x0000000088400000, 0x0000000088400000| Complete 
| 133|0x0000000088500000, 0x0000000088600000, 0x0000000088600000|100%| E|CS|TAMS 0x0000000088500000, 0x0000000088500000| Complete 
| 134|0x0000000088600000, 0x0000000088700000, 0x0000000088700000|100%| E|CS|TAMS 0x0000000088600000, 0x0000000088600000| Complete 
| 135|0x0000000088700000, 0x0000000088800000, 0x0000000088800000|100%| E|CS|TAMS 0x0000000088700000, 0x0000000088700000| Complete 
| 136|0x0000000088800000, 0x0000000088900000, 0x0000000088900000|100%| E|CS|TAMS 0x0000000088800000, 0x0000000088800000| Complete 
| 137|0x0000000088900000, 0x0000000088a00000, 0x0000000088a00000|100%| E|CS|TAMS 0x0000000088900000, 0x0000000088900000| Complete 
| 138|0x0000000088a00000, 0x0000000088b00000, 0x0000000088b00000|100%| E|CS|TAMS 0x0000000088a00000, 0x0000000088a00000| Complete 
| 139|0x0000000088b00000, 0x0000000088c00000, 0x0000000088c00000|100%| E|CS|TAMS 0x0000000088b00000, 0x0000000088b00000| Complete 
| 140|0x0000000088c00000, 0x0000000088d00000, 0x0000000088d00000|100%| E|CS|TAMS 0x0000000088c00000, 0x0000000088c00000| Complete 
| 141|0x0000000088d00000, 0x0000000088e00000, 0x0000000088e00000|100%| E|CS|TAMS 0x0000000088d00000, 0x0000000088d00000| Complete 
| 142|0x0000000088e00000, 0x0000000088f00000, 0x0000000088f00000|100%| E|CS|TAMS 0x0000000088e00000, 0x0000000088e00000| Complete 
| 143|0x0000000088f00000, 0x0000000089000000, 0x0000000089000000|100%| E|CS|TAMS 0x0000000088f00000, 0x0000000088f00000| Complete 
| 144|0x0000000089000000, 0x0000000089100000, 0x0000000089100000|100%| E|CS|TAMS 0x0000000089000000, 0x0000000089000000| Complete 
| 145|0x0000000089100000, 0x0000000089200000, 0x0000000089200000|100%| E|CS|TAMS 0x0000000089100000, 0x0000000089100000| Complete 
| 146|0x0000000089200000, 0x0000000089300000, 0x0000000089300000|100%| E|CS|TAMS 0x0000000089200000, 0x0000000089200000| Complete 
| 147|0x0000000089300000, 0x0000000089400000, 0x0000000089400000|100%| E|CS|TAMS 0x0000000089300000, 0x0000000089300000| Complete 
| 148|0x0000000089400000, 0x0000000089500000, 0x0000000089500000|100%| E|CS|TAMS 0x0000000089400000, 0x0000000089400000| Complete 
| 149|0x0000000089500000, 0x0000000089600000, 0x0000000089600000|100%| E|CS|TAMS 0x0000000089500000, 0x0000000089500000| Complete 
| 150|0x0000000089600000, 0x0000000089700000, 0x0000000089700000|100%| E|CS|TAMS 0x0000000089600000, 0x0000000089600000| Complete 
| 151|0x0000000089700000, 0x0000000089800000, 0x0000000089800000|100%| E|CS|TAMS 0x0000000089700000, 0x0000000089700000| Complete 
| 152|0x0000000089800000, 0x0000000089900000, 0x0000000089900000|100%| E|CS|TAMS 0x0000000089800000, 0x0000000089800000| Complete 
| 153|0x0000000089900000, 0x0000000089a00000, 0x0000000089a00000|100%| E|CS|TAMS 0x0000000089900000, 0x0000000089900000| Complete 

Card table byte_map: [0x000002a1e0c10000,0x000002a1e1010000] _byte_map_base: 0x000002a1e0810000

Marking Bits (Prev, Next): (CMBitMap*) 0x000002a1cdd25948, (CMBitMap*) 0x000002a1cdd25980
 Prev Bits: [0x000002a1e1410000, 0x000002a1e3410000)
 Next Bits: [0x000002a1e3410000, 0x000002a1e5410000)

Polling page: 0x000002a1cbb40000

Metaspace:

Usage:
  Non-class:     35.50 MB capacity,    34.84 MB ( 98%) used,   570.03 KB (  2%) free+waste,   102.44 KB ( <1%) overhead. 
      Class:      5.38 MB capacity,     4.98 MB ( 93%) used,   356.85 KB (  6%) free+waste,    49.12 KB ( <1%) overhead. 
       Both:     40.87 MB capacity,    39.82 MB ( 97%) used,   926.88 KB (  2%) free+waste,   151.56 KB ( <1%) overhead. 

Virtual space:
  Non-class space:       36.00 MB reserved,      35.50 MB ( 99%) committed 
      Class space:        1.00 GB reserved,       5.38 MB ( <1%) committed 
             Both:        1.04 GB reserved,      40.88 MB (  4%) committed 

Chunk freelists:
   Non-Class:  3.00 KB
       Class:  0 bytes
        Both:  3.00 KB

MaxMetaspaceSize: 17179869184.00 GB
CompressedClassSpaceSize: 1.00 GB
Initial GC threshold: 20.80 MB
Current GC threshold: 58.75 MB
CDS: off

CodeHeap 'non-profiled nmethods': size=120064Kb used=3157Kb max_used=3157Kb free=116906Kb
 bounds [0x000002a1d92d0000, 0x000002a1d95f0000, 0x000002a1e0810000]
CodeHeap 'profiled nmethods': size=120000Kb used=8448Kb max_used=8448Kb free=111551Kb
 bounds [0x000002a1d1da0000, 0x000002a1d25f0000, 0x000002a1d92d0000]
CodeHeap 'non-nmethods': size=5696Kb used=1615Kb max_used=1643Kb free=4080Kb
 bounds [0x000002a1d1810000, 0x000002a1d1a80000, 0x000002a1d1da0000]
 total_blobs=4737 nmethods=4095 adapters=554
 compilation: enabled
              stopped_count=0, restarted_count=0
 full_count=0

Compilation events (20 events):
Event: 14.613 Thread 0x000002a1e791b000 4234       3       groovy.lang.MetaClassImpl$Index::getNotNull (32 bytes)
Event: 14.613 Thread 0x000002a1e8cf5000 nmethod 4180 0x000002a1d95e2390 code [0x000002a1d95e2520, 0x000002a1d95e2578]
Event: 14.613 Thread 0x000002a1e8cf5000 4235       4       org.codehaus.groovy.util.LazyReference::get (44 bytes)
Event: 14.614 Thread 0x000002a1e791b000 nmethod 4234 0x000002a1d25da790 code [0x000002a1d25da980, 0x000002a1d25db008]
Event: 14.621 Thread 0x000002a1e791b000 4237       3       org.codehaus.groovy.runtime.metaclass.MetaMethodIndex::addMethodToList (131 bytes)
Event: 14.622 Thread 0x000002a1e791b000 nmethod 4237 0x000002a1d25db210 code [0x000002a1d25db4c0, 0x000002a1d25dc5c8]
Event: 14.622 Thread 0x000002a1e791b000 4239       3       groovy.lang.MetaMethod::getMopName (105 bytes)
Event: 14.625 Thread 0x000002a1e791b000 nmethod 4239 0x000002a1d25dca10 code [0x000002a1d25dcdc0, 0x000002a1d25de3a8]
Event: 14.625 Thread 0x000002a1e791b000 4240       3       java.util.LinkedList$ListItr::hasNext (20 bytes)
Event: 14.625 Thread 0x000002a1e791b000 nmethod 4240 0x000002a1d25dea10 code [0x000002a1d25debc0, 0x000002a1d25ded38]
Event: 14.625 Thread 0x000002a1e791b000 4242       3       org.codehaus.groovy.util.ComplexKeyHashMap$1::nextEntry (69 bytes)
Event: 14.626 Thread 0x000002a1e791b000 nmethod 4242 0x000002a1d25dee10 code [0x000002a1d25df000, 0x000002a1d25df388]
Event: 14.626 Thread 0x000002a1e791b000 4241       3       org.codehaus.groovy.util.ComplexKeyHashMap$1::next (5 bytes)
Event: 14.626 Thread 0x000002a1e791b000 nmethod 4241 0x000002a1d25df590 code [0x000002a1d25df740, 0x000002a1d25df888]
Event: 14.626 Thread 0x000002a1e791b000 4238       3       java.util.ArrayList::<init> (63 bytes)
Event: 14.627 Thread 0x000002a1e791b000 nmethod 4238 0x000002a1d25df910 code [0x000002a1d25dfb20, 0x000002a1d25e0078]
Event: 14.640 Thread 0x000002a1e8cf5000 nmethod 4235 0x000002a1d95e2690 code [0x000002a1d95e28e0, 0x000002a1d95e3210]
Event: 14.641 Thread 0x000002a1e8cf5000 4236 %     4       jdk.internal.loader.URLClassPath::getResource @ 39 (74 bytes)
Event: 14.646 Thread 0x000002a1e8cf5000 nmethod 4236% 0x000002a1d95e3810 code [0x000002a1d95e39c0, 0x000002a1d95e3b78]
Event: 14.646 Thread 0x000002a1e8cf5000 4244       4       com.android.tools.tracer.agent.objectweb.asm.commons.LocalVariablesSorter::visitLocalVariable (26 bytes)

GC Heap History (20 events):
Event: 3.531 GC heap before
{Heap before GC invocations=1 (full 0):
 garbage-first heap   total 131072K, used 82525K [0x0000000080000000, 0x0000000100000000)
  region size 1024K, 76 young (77824K), 2 survivors (2048K)
 Metaspace       used 12463K, capacity 12727K, committed 12928K, reserved 1060864K
  class space    used 1251K, capacity 1356K, committed 1408K, reserved 1048576K
}
Event: 3.541 GC heap after
{Heap after GC invocations=2 (full 0):
 garbage-first heap   total 131072K, used 10240K [0x0000000080000000, 0x0000000100000000)
  region size 1024K, 7 young (7168K), 7 survivors (7168K)
 Metaspace       used 12463K, capacity 12727K, committed 12928K, reserved 1060864K
  class space    used 1251K, capacity 1356K, committed 1408K, reserved 1048576K
}
Event: 5.482 GC heap before
{Heap before GC invocations=2 (full 0):
 garbage-first heap   total 131072K, used 80896K [0x0000000080000000, 0x0000000100000000)
  region size 1024K, 76 young (77824K), 7 survivors (7168K)
 Metaspace       used 14608K, capacity 14950K, committed 14976K, reserved 1062912K
  class space    used 1526K, capacity 1650K, committed 1664K, reserved 1048576K
}
Event: 5.498 GC heap after
{Heap after GC invocations=3 (full 0):
 garbage-first heap   total 131072K, used 15461K [0x0000000080000000, 0x0000000100000000)
  region size 1024K, 10 young (10240K), 10 survivors (10240K)
 Metaspace       used 14608K, capacity 14950K, committed 14976K, reserved 1062912K
  class space    used 1526K, capacity 1650K, committed 1664K, reserved 1048576K
}
Event: 8.413 GC heap before
{Heap before GC invocations=3 (full 0):
 garbage-first heap   total 131072K, used 83045K [0x0000000080000000, 0x0000000100000000)
  region size 1024K, 76 young (77824K), 10 survivors (10240K)
 Metaspace       used 18714K, capacity 19141K, committed 19456K, reserved 1067008K
  class space    used 2103K, capacity 2239K, committed 2304K, reserved 1048576K
}
Event: 8.423 GC heap after
{Heap after GC invocations=4 (full 0):
 garbage-first heap   total 131072K, used 16214K [0x0000000080000000, 0x0000000100000000)
  region size 1024K, 6 young (6144K), 6 survivors (6144K)
 Metaspace       used 18714K, capacity 19141K, committed 19456K, reserved 1067008K
  class space    used 2103K, capacity 2239K, committed 2304K, reserved 1048576K
}
Event: 8.998 GC heap before
{Heap before GC invocations=4 (full 0):
 garbage-first heap   total 131072K, used 58198K [0x0000000080000000, 0x0000000100000000)
  region size 1024K, 48 young (49152K), 6 survivors (6144K)
 Metaspace       used 20757K, capacity 21201K, committed 21248K, reserved 1069056K
  class space    used 2393K, capacity 2544K, committed 2560K, reserved 1048576K
}
Event: 9.010 GC heap after
{Heap after GC invocations=5 (full 0):
 garbage-first heap   total 131072K, used 17215K [0x0000000080000000, 0x0000000100000000)
  region size 1024K, 3 young (3072K), 3 survivors (3072K)
 Metaspace       used 20757K, capacity 21201K, committed 21248K, reserved 1069056K
  class space    used 2393K, capacity 2544K, committed 2560K, reserved 1048576K
}
Event: 9.881 GC heap before
{Heap before GC invocations=6 (full 0):
 garbage-first heap   total 131072K, used 83775K [0x0000000080000000, 0x0000000100000000)
  region size 1024K, 68 young (69632K), 3 survivors (3072K)
 Metaspace       used 23467K, capacity 24013K, committed 24064K, reserved 1071104K
  class space    used 2863K, capacity 3062K, committed 3072K, reserved 1048576K
}
Event: 9.887 GC heap after
{Heap after GC invocations=7 (full 0):
 garbage-first heap   total 131072K, used 17873K [0x0000000080000000, 0x0000000100000000)
  region size 1024K, 3 young (3072K), 3 survivors (3072K)
 Metaspace       used 23467K, capacity 24013K, committed 24064K, reserved 1071104K
  class space    used 2863K, capacity 3062K, committed 3072K, reserved 1048576K
}
Event: 10.871 GC heap before
{Heap before GC invocations=7 (full 0):
 garbage-first heap   total 131072K, used 87505K [0x0000000080000000, 0x0000000100000000)
  region size 1024K, 71 young (72704K), 3 survivors (3072K)
 Metaspace       used 26619K, capacity 27297K, committed 27520K, reserved 1073152K
  class space    used 3353K, capacity 3609K, committed 3712K, reserved 1048576K
}
Event: 10.882 GC heap after
{Heap after GC invocations=8 (full 0):
 garbage-first heap   total 131072K, used 19163K [0x0000000080000000, 0x0000000100000000)
  region size 1024K, 5 young (5120K), 5 survivors (5120K)
 Metaspace       used 26619K, capacity 27297K, committed 27520K, reserved 1073152K
  class space    used 3353K, capacity 3609K, committed 3712K, reserved 1048576K
}
Event: 11.915 GC heap before
{Heap before GC invocations=8 (full 0):
 garbage-first heap   total 131072K, used 90843K [0x0000000080000000, 0x0000000100000000)
  region size 1024K, 75 young (76800K), 5 survivors (5120K)
 Metaspace       used 29886K, capacity 30515K, committed 30848K, reserved 1075200K
  class space    used 3863K, capacity 4112K, committed 4224K, reserved 1048576K
}
Event: 11.925 GC heap after
{Heap after GC invocations=9 (full 0):
 garbage-first heap   total 131072K, used 20059K [0x0000000080000000, 0x0000000100000000)
  region size 1024K, 5 young (5120K), 5 survivors (5120K)
 Metaspace       used 29886K, capacity 30515K, committed 30848K, reserved 1075200K
  class space    used 3863K, capacity 4112K, committed 4224K, reserved 1048576K
}
Event: 12.869 GC heap before
{Heap before GC invocations=9 (full 0):
 garbage-first heap   total 131072K, used 92763K [0x0000000080000000, 0x0000000100000000)
  region size 1024K, 76 young (77824K), 5 survivors (5120K)
 Metaspace       used 33243K, capacity 34075K, committed 34176K, reserved 1079296K
  class space    used 4387K, capacity 4705K, committed 4736K, reserved 1048576K
}
Event: 12.891 GC heap after
{Heap after GC invocations=10 (full 0):
 garbage-first heap   total 131072K, used 21307K [0x0000000080000000, 0x0000000100000000)
  region size 1024K, 7 young (7168K), 7 survivors (7168K)
 Metaspace       used 33243K, capacity 34075K, committed 34176K, reserved 1079296K
  class space    used 4387K, capacity 4705K, committed 4736K, reserved 1048576K
}
Event: 13.315 GC heap before
{Heap before GC invocations=10 (full 0):
 garbage-first heap   total 131072K, used 49979K [0x0000000080000000, 0x0000000100000000)
  region size 1024K, 36 young (36864K), 7 survivors (7168K)
 Metaspace       used 34851K, capacity 35688K, committed 35840K, reserved 1081344K
  class space    used 4557K, capacity 4880K, committed 4992K, reserved 1048576K
}
Event: 13.332 GC heap after
{Heap after GC invocations=11 (full 0):
 garbage-first heap   total 131072K, used 22197K [0x0000000080000000, 0x0000000100000000)
  region size 1024K, 6 young (6144K), 6 survivors (6144K)
 Metaspace       used 34851K, capacity 35688K, committed 35840K, reserved 1081344K
  class space    used 4557K, capacity 4880K, committed 4992K, reserved 1048576K
}
Event: 13.976 GC heap before
{Heap before GC invocations=12 (full 0):
 garbage-first heap   total 131072K, used 92853K [0x0000000080000000, 0x0000000100000000)
  region size 1024K, 76 young (77824K), 6 survivors (6144K)
 Metaspace       used 38686K, capacity 39580K, committed 39680K, reserved 1083392K
  class space    used 4949K, capacity 5305K, committed 5376K, reserved 1048576K
}
Event: 13.991 GC heap after
{Heap after GC invocations=13 (full 0):
 garbage-first heap   total 157696K, used 23670K [0x0000000080000000, 0x0000000100000000)
  region size 1024K, 7 young (7168K), 7 survivors (7168K)
 Metaspace       used 38686K, capacity 39580K, committed 39680K, reserved 1083392K
  class space    used 4949K, capacity 5305K, committed 5376K, reserved 1048576K
}

Deoptimization events (20 events):
Event: 14.374 Thread 0x000002a1ed6f0800 Uncommon trap: trap_request=0xffffff4d fr.pc=0x000002a1d95b12cc relative=0x00000000000012cc
Event: 14.376 Thread 0x000002a1ed6f0800 Uncommon trap: reason=unstable_if action=reinterpret pc=0x000002a1d95b12cc method=jdk.internal.loader.BuiltinClassLoader.findLoadedModule(Ljava/lang/String;)Ljdk/internal/loader/BuiltinClassLoader$LoadedModule; @ 8 c2
Event: 14.376 Thread 0x000002a1ed6f0800 DEOPT PACKING pc=0x000002a1d95b12cc sp=0x000000f83b0f68d0
Event: 14.376 Thread 0x000002a1ed6f0800 DEOPT UNPACKING pc=0x000002a1d185a1af sp=0x000000f83b0f6828 mode 2
Event: 14.391 Thread 0x000002a1ed6f0800 Uncommon trap: trap_request=0xffffffde fr.pc=0x000002a1d95bd400 relative=0x0000000000000300
Event: 14.392 Thread 0x000002a1ed6f0800 Uncommon trap: reason=class_check action=maybe_recompile pc=0x000002a1d95bd400 method=java.util.regex.Pattern$Start.match(Ljava/util/regex/Matcher;ILjava/lang/CharSequence;)Z @ 44 c2
Event: 14.392 Thread 0x000002a1ed6f0800 DEOPT PACKING pc=0x000002a1d95bd400 sp=0x000000f83b0f7170
Event: 14.392 Thread 0x000002a1ed6f0800 DEOPT UNPACKING pc=0x000002a1d185a1af sp=0x000000f83b0f70b0 mode 2
Event: 14.392 Thread 0x000002a1ed6f0800 Uncommon trap: trap_request=0xffffffde fr.pc=0x000002a1d95bd400 relative=0x0000000000000300
Event: 14.392 Thread 0x000002a1ed6f0800 Uncommon trap: reason=class_check action=maybe_recompile pc=0x000002a1d95bd400 method=java.util.regex.Pattern$Start.match(Ljava/util/regex/Matcher;ILjava/lang/CharSequence;)Z @ 44 c2
Event: 14.392 Thread 0x000002a1ed6f0800 DEOPT PACKING pc=0x000002a1d95bd400 sp=0x000000f83b0f7170
Event: 14.392 Thread 0x000002a1ed6f0800 DEOPT UNPACKING pc=0x000002a1d185a1af sp=0x000000f83b0f70b0 mode 2
Event: 14.590 Thread 0x000002a1ed6f0800 Uncommon trap: trap_request=0xffffffde fr.pc=0x000002a1d95bd400 relative=0x0000000000000300
Event: 14.590 Thread 0x000002a1ed6f0800 Uncommon trap: reason=class_check action=maybe_recompile pc=0x000002a1d95bd400 method=java.util.regex.Pattern$Start.match(Ljava/util/regex/Matcher;ILjava/lang/CharSequence;)Z @ 44 c2
Event: 14.590 Thread 0x000002a1ed6f0800 DEOPT PACKING pc=0x000002a1d95bd400 sp=0x000000f83b0f7680
Event: 14.590 Thread 0x000002a1ed6f0800 DEOPT UNPACKING pc=0x000002a1d185a1af sp=0x000000f83b0f75c0 mode 2
Event: 14.590 Thread 0x000002a1ed6f0800 Uncommon trap: trap_request=0xffffffde fr.pc=0x000002a1d95bd400 relative=0x0000000000000300
Event: 14.591 Thread 0x000002a1ed6f0800 Uncommon trap: reason=class_check action=maybe_recompile pc=0x000002a1d95bd400 method=java.util.regex.Pattern$Start.match(Ljava/util/regex/Matcher;ILjava/lang/CharSequence;)Z @ 44 c2
Event: 14.591 Thread 0x000002a1ed6f0800 DEOPT PACKING pc=0x000002a1d95bd400 sp=0x000000f83b0f7680
Event: 14.591 Thread 0x000002a1ed6f0800 DEOPT UNPACKING pc=0x000002a1d185a1af sp=0x000000f83b0f75c0 mode 2

Classes redefined (0 events):
No events

Internal exceptions (20 events):
Event: 14.384 Thread 0x000002a1ed6f0800 Exception <a 'java/lang/ClassNotFoundException'{0x0000000087a709e8}: groovy/lang/ScriptCustomizer> (0x0000000087a709e8) thrown at [src/hotspot/share/classfile/systemDictionary.cpp, line 230]
Event: 14.386 Thread 0x000002a1ed6f0800 Exception <a 'java/lang/ClassNotFoundException'{0x0000000087a8e368}: org/gradle/groovy/scripts/ScriptCustomizer> (0x0000000087a8e368) thrown at [src/hotspot/share/classfile/systemDictionary.cpp, line 230]
Event: 14.388 Thread 0x000002a1ed6f0800 Exception <a 'java/lang/ClassNotFoundException'{0x0000000087aab7c8}: org/gradle/groovy/scripts/BasicScriptCustomizer> (0x0000000087aab7c8) thrown at [src/hotspot/share/classfile/systemDictionary.cpp, line 230]
Event: 14.391 Thread 0x000002a1ed6f0800 Exception <a 'java/lang/ClassNotFoundException'{0x0000000087ace788}: org/gradle/groovy/scripts/DefaultScriptCustomizer> (0x0000000087ace788) thrown at [src/hotspot/share/classfile/systemDictionary.cpp, line 230]
Event: 14.396 Thread 0x000002a1ed6f0800 Exception <a 'java/lang/ClassNotFoundException'{0x0000000087aff838}: org/gradle/initialization/InitScriptCustomizer> (0x0000000087aff838) thrown at [src/hotspot/share/classfile/systemDictionary.cpp, line 230]
Event: 14.397 Thread 0x000002a1ed6f0800 Exception <a 'java/lang/ClassNotFoundException'{0x00000000879145c0}: ijtestinit_hwrh2j2t5pxavoev4zvaic9bCustomizer> (0x00000000879145c0) thrown at [src/hotspot/share/classfile/systemDictionary.cpp, line 230]
Event: 14.423 Thread 0x000002a1ed6f0800 Exception <a 'java/lang/ClassNotFoundException'{0x0000000087711fe0}: org/gradle/internal/extensibility/DefaultExtraPropertiesExtensionBeanInfo> (0x0000000087711fe0) thrown at [src/hotspot/share/classfile/systemDictionary.cpp, line 230]
Event: 14.424 Thread 0x000002a1ed6f0800 Exception <a 'java/lang/ClassNotFoundException'{0x000000008772d918}: org/gradle/internal/extensibility/DefaultExtraPropertiesExtensionCustomizer> (0x000000008772d918) thrown at [src/hotspot/share/classfile/systemDictionary.cpp, line 230]
Event: 14.441 Thread 0x000002a1ed6f0800 Exception <a 'java/lang/ClassNotFoundException'{0x0000000087650220}: groovy/lang/ReferenceBeanInfo> (0x0000000087650220) thrown at [src/hotspot/share/classfile/systemDictionary.cpp, line 230]
Event: 14.443 Thread 0x000002a1ed6f0800 Exception <a 'java/lang/ClassNotFoundException'{0x00000000876873b0}: groovy/lang/ReferenceCustomizer> (0x00000000876873b0) thrown at [src/hotspot/share/classfile/systemDictionary.cpp, line 230]
Event: 14.515 Thread 0x000002a1ed6f0800 Exception <a 'java/lang/ClassNotFoundException'{0x000000008715ac38}: org/gradle/invocation/DefaultGradle_DecoratedBeanInfo> (0x000000008715ac38) thrown at [src/hotspot/share/classfile/systemDictionary.cpp, line 230]
Event: 14.517 Thread 0x000002a1ed6f0800 Exception <a 'java/lang/ClassNotFoundException'{0x0000000087180b40}: org/gradle/invocation/DefaultGradleBeanInfo> (0x0000000087180b40) thrown at [src/hotspot/share/classfile/systemDictionary.cpp, line 230]
Event: 14.518 Thread 0x000002a1ed6f0800 Exception <a 'java/lang/ClassNotFoundException'{0x00000000871ab030}: org/gradle/api/internal/project/AbstractPluginAwareBeanInfo> (0x00000000871ab030) thrown at [src/hotspot/share/classfile/systemDictionary.cpp, line 230]
Event: 14.520 Thread 0x000002a1ed6f0800 Exception <a 'java/lang/ClassNotFoundException'{0x00000000871d55c8}: org/gradle/api/internal/project/AbstractPluginAwareCustomizer> (0x00000000871d55c8) thrown at [src/hotspot/share/classfile/systemDictionary.cpp, line 230]
Event: 14.522 Thread 0x000002a1ed6f0800 Exception <a 'java/lang/ClassNotFoundException'{0x00000000870019c0}: org/gradle/invocation/DefaultGradleCustomizer> (0x00000000870019c0) thrown at [src/hotspot/share/classfile/systemDictionary.cpp, line 230]
Event: 14.531 Thread 0x000002a1ed6f0800 Exception <a 'java/lang/ClassNotFoundException'{0x000000008705ba28}: org/gradle/invocation/DefaultGradle_DecoratedCustomizer> (0x000000008705ba28) thrown at [src/hotspot/share/classfile/systemDictionary.cpp, line 230]
Event: 14.583 Thread 0x000002a1ed6f0800 Exception <a 'java/lang/ClassNotFoundException'{0x0000000086dc1810}: groovy/lang/Closure$1BeanInfo> (0x0000000086dc1810) thrown at [src/hotspot/share/classfile/systemDictionary.cpp, line 230]
Event: 14.585 Thread 0x000002a1ed6f0800 Exception <a 'java/lang/ClassNotFoundException'{0x0000000086df8168}: groovy/lang/ClosureBeanInfo> (0x0000000086df8168) thrown at [src/hotspot/share/classfile/systemDictionary.cpp, line 230]
Event: 14.587 Thread 0x000002a1ed6f0800 Exception <a 'java/lang/ClassNotFoundException'{0x0000000086c2f180}: groovy/lang/ClosureCustomizer> (0x0000000086c2f180) thrown at [src/hotspot/share/classfile/systemDictionary.cpp, line 230]
Event: 14.596 Thread 0x000002a1ed6f0800 Exception <a 'java/lang/ClassNotFoundException'{0x0000000086c8f108}: groovy/lang/Closure$1Customizer> (0x0000000086c8f108) thrown at [src/hotspot/share/classfile/systemDictionary.cpp, line 230]

Events (20 events):
Event: 14.605 loading class java/lang/invoke/BoundMethodHandle$Species_LLLLLLLII
Event: 14.606 loading class java/lang/invoke/BoundMethodHandle$Species_LLLLLLLII done
Event: 14.607 loading class java/lang/invoke/BoundMethodHandle$Species_LLLLLLLIIL
Event: 14.607 loading class java/lang/invoke/BoundMethodHandle$Species_LLLLLLLIIL done
Event: 14.610 loading class org/codehaus/groovy/runtime/callsite/BooleanClosureWrapper
Event: 14.610 loading class org/codehaus/groovy/runtime/callsite/BooleanClosureWrapper done
Event: 14.614 loading class groovy/runtime/metaclass/ijtestinit_hwrh2j2t5pxavoev4zvaic9b$_run_closure1MetaClass
Event: 14.614 loading class groovy/runtime/metaclass/ijtestinit_hwrh2j2t5pxavoev4zvaic9b$_run_closure1MetaClass done
Event: 14.614 loading class org/codehaus/groovy/runtime/metaclass/ClosureMetaClass
Event: 14.614 loading class org/codehaus/groovy/runtime/metaclass/ClosureMetaClass done
Event: 14.618 loading class org/codehaus/groovy/runtime/metaclass/ClosureMetaClass$1
Event: 14.618 loading class org/codehaus/groovy/runtime/metaclass/ClosureMetaClass$1 done
Event: 14.619 loading class org/codehaus/groovy/runtime/metaclass/ClosureMetaClass$MethodChooser
Event: 14.619 loading class org/codehaus/groovy/runtime/metaclass/ClosureMetaClass$MethodChooser done
Event: 14.624 loading class groovy/lang/MetaMethod
Event: 14.624 loading class groovy/lang/MetaMethod done
Event: 14.624 loading class groovy/lang/MetaMethod
Event: 14.624 loading class groovy/lang/MetaMethod done
Event: 14.624 loading class org/codehaus/groovy/runtime/ArrayUtil
Event: 14.624 loading class org/codehaus/groovy/runtime/ArrayUtil done


Dynamic libraries:
0x00007ff605dd0000 - 0x00007ff605dda000 	C:\Program Files\Android\Android Studio\jbr\bin\java.exe
0x00007ffe327f0000 - 0x00007ffe329e8000 	C:\WINDOWS\SYSTEM32\ntdll.dll
0x00007ffe31d30000 - 0x00007ffe31def000 	C:\WINDOWS\System32\KERNEL32.DLL
0x00007ffe30000000 - 0x00007ffe302da000 	C:\WINDOWS\System32\KERNELBASE.dll
0x00007ffe2ff00000 - 0x00007ffe30000000 	C:\WINDOWS\System32\ucrtbase.dll
0x00007ffe28820000 - 0x00007ffe28837000 	C:\Program Files\Android\Android Studio\jbr\bin\jli.dll
0x00007ffe2afa0000 - 0x00007ffe2afbb000 	C:\Program Files\Android\Android Studio\jbr\bin\VCRUNTIME140.dll
0x00007ffe32600000 - 0x00007ffe3279d000 	C:\WINDOWS\System32\USER32.dll
0x00007ffe30780000 - 0x00007ffe307a2000 	C:\WINDOWS\System32\win32u.dll
0x00007ffe31400000 - 0x00007ffe3142b000 	C:\WINDOWS\System32\GDI32.dll
0x00007ffe303c0000 - 0x00007ffe304d0000 	C:\WINDOWS\System32\gdi32full.dll
0x00007ffe307b0000 - 0x00007ffe3084d000 	C:\WINDOWS\System32\msvcp_win.dll
0x00007ffe1e340000 - 0x00007ffe1e5da000 	C:\WINDOWS\WinSxS\amd64_microsoft.windows.common-controls_6595b64144ccf1df_6.0.19041.1110_none_60b5254171f9507e\COMCTL32.dll
0x00007ffe32240000 - 0x00007ffe322de000 	C:\WINDOWS\System32\msvcrt.dll
0x00007ffe30850000 - 0x00007ffe30880000 	C:\WINDOWS\System32\IMM32.DLL
0x00007ffe2cff0000 - 0x00007ffe2cffc000 	C:\Program Files\Android\Android Studio\jbr\bin\vcruntime140_1.dll
0x00007ffe10860000 - 0x00007ffe108ed000 	C:\Program Files\Android\Android Studio\jbr\bin\msvcp140.dll
0x00007ffdcc9a0000 - 0x00007ffdcd55c000 	C:\Program Files\Android\Android Studio\jbr\bin\server\jvm.dll
0x00007ffe31c80000 - 0x00007ffe31d2e000 	C:\WINDOWS\System32\ADVAPI32.dll
0x00007ffe310f0000 - 0x00007ffe3118c000 	C:\WINDOWS\System32\sechost.dll
0x00007ffe324d0000 - 0x00007ffe325f6000 	C:\WINDOWS\System32\RPCRT4.dll
0x00007ffe30880000 - 0x00007ffe30888000 	C:\WINDOWS\System32\PSAPI.DLL
0x00007ffe2ca20000 - 0x00007ffe2ca29000 	C:\WINDOWS\SYSTEM32\WSOCK32.dll
0x00007ffe321d0000 - 0x00007ffe3223b000 	C:\WINDOWS\System32\WS2_32.dll
0x00007ffe1d6c0000 - 0x00007ffe1d6e7000 	C:\WINDOWS\SYSTEM32\WINMM.dll
0x00007ffe209f0000 - 0x00007ffe209fa000 	C:\WINDOWS\SYSTEM32\VERSION.dll
0x00007ffe2e710000 - 0x00007ffe2e722000 	C:\WINDOWS\SYSTEM32\kernel.appcore.dll
0x00007ffe2b220000 - 0x00007ffe2b230000 	C:\Program Files\Android\Android Studio\jbr\bin\verify.dll
0x00007ffe1bf90000 - 0x00007ffe1c174000 	C:\WINDOWS\SYSTEM32\DBGHELP.DLL
0x00007ffe1bf50000 - 0x00007ffe1bf84000 	C:\WINDOWS\SYSTEM32\dbgcore.DLL
0x00007ffe302e0000 - 0x00007ffe30362000 	C:\WINDOWS\System32\bcryptPrimitives.dll
0x00007ffe23740000 - 0x00007ffe23768000 	C:\Program Files\Android\Android Studio\jbr\bin\java.dll
0x00007ffe2af80000 - 0x00007ffe2af8a000 	C:\Program Files\Android\Android Studio\jbr\bin\jimage.dll
0x00007ffe2a450000 - 0x00007ffe2a45e000 	C:\Program Files\Android\Android Studio\jbr\bin\instrument.dll
0x00007ffe25080000 - 0x00007ffe25098000 	C:\Program Files\Android\Android Studio\jbr\bin\zip.dll
0x00007ffe314a0000 - 0x00007ffe31be4000 	C:\WINDOWS\System32\SHELL32.dll
0x00007ffe2deb0000 - 0x00007ffe2e643000 	C:\WINDOWS\SYSTEM32\windows.storage.dll
0x00007ffe31df0000 - 0x00007ffe32144000 	C:\WINDOWS\System32\combase.dll
0x00007ffe2f7a0000 - 0x00007ffe2f7ce000 	C:\WINDOWS\SYSTEM32\Wldp.dll
0x00007ffe308f0000 - 0x00007ffe3099d000 	C:\WINDOWS\System32\SHCORE.dll
0x00007ffe31190000 - 0x00007ffe311e5000 	C:\WINDOWS\System32\shlwapi.dll
0x00007ffe2fe40000 - 0x00007ffe2fe5f000 	C:\WINDOWS\SYSTEM32\profapi.dll
0x00007ffe29fb0000 - 0x00007ffe29fba000 	C:\Program Files\Android\Android Studio\jbr\bin\management.dll
0x00007ffe28890000 - 0x00007ffe2889b000 	C:\Program Files\Android\Android Studio\jbr\bin\management_ext.dll
0x00007ffe24eb0000 - 0x00007ffe24ec9000 	C:\Program Files\Android\Android Studio\jbr\bin\net.dll
0x00007ffe221f0000 - 0x00007ffe222fa000 	C:\WINDOWS\SYSTEM32\WINHTTP.dll
0x00007ffe2f580000 - 0x00007ffe2f5ea000 	C:\WINDOWS\system32\mswsock.dll
0x00007ffe24950000 - 0x00007ffe24963000 	C:\Program Files\Android\Android Studio\jbr\bin\nio.dll
0x00007ffe1f250000 - 0x00007ffe1f267000 	C:\WINDOWS\system32\napinsp.dll
0x00007ffe24c70000 - 0x00007ffe24c8b000 	C:\WINDOWS\system32\pnrpnsp.dll
0x00007ffe29f30000 - 0x00007ffe29f45000 	C:\WINDOWS\system32\wshbth.dll
0x00007ffe2b1e0000 - 0x00007ffe2b1fd000 	C:\WINDOWS\system32\NLAapi.dll
0x00007ffe2f290000 - 0x00007ffe2f2cc000 	C:\WINDOWS\SYSTEM32\IPHLPAPI.DLL
0x00007ffe2f2d0000 - 0x00007ffe2f39b000 	C:\WINDOWS\SYSTEM32\DNSAPI.dll
0x00007ffe327a0000 - 0x00007ffe327a8000 	C:\WINDOWS\System32\NSI.dll
0x00007ffe28a30000 - 0x00007ffe28a42000 	C:\WINDOWS\System32\winrnr.dll
0x00007ffe20e00000 - 0x00007ffe20e0a000 	C:\Windows\System32\rasadhlp.dll
0x00007ffe21fb0000 - 0x00007ffe22030000 	C:\WINDOWS\System32\fwpuclnt.dll
0x00007ffe30750000 - 0x00007ffe30777000 	C:\WINDOWS\System32\bcrypt.dll
0x00007ffe10e30000 - 0x00007ffe10e57000 	C:\Users\shahzaib lptp\AndroidStudioProjects\loginsqlite\native\e1d6ef7f7dcc3fd88c89a11ec53ec762bb8ba0a96d01ffa2cd45eb1d1d8dd5c5\windows-amd64\native-platform.dll
0x00007ffe0faa0000 - 0x00007ffe0fbe4000 	C:\Users\shahzaib lptp\AndroidStudioProjects\loginsqlite\native\0d407fdbe67a94daf76414ababcb853783967236a71b16ec16e742cd7a986fd3\windows-amd64\native-platform-file-events.dll
0x00007ffe2fb20000 - 0x00007ffe2fb38000 	C:\WINDOWS\SYSTEM32\CRYPTSP.dll
0x00007ffe2eec0000 - 0x00007ffe2eef4000 	C:\WINDOWS\system32\rsaenh.dll
0x00007ffe2fe00000 - 0x00007ffe2fe2e000 	C:\WINDOWS\SYSTEM32\USERENV.dll
0x00007ffe2f710000 - 0x00007ffe2f71c000 	C:\WINDOWS\SYSTEM32\CRYPTBASE.dll
0x00007ffe23110000 - 0x00007ffe23127000 	C:\WINDOWS\SYSTEM32\dhcpcsvc6.DLL
0x00007ffe230f0000 - 0x00007ffe2310d000 	C:\WINDOWS\SYSTEM32\dhcpcsvc.DLL

dbghelp: loaded successfully - version: 4.0.5 - missing functions: none
symbol engine: initialized successfully - sym options: 0x614 - pdb path: .;C:\Program Files\Android\Android Studio\jbr\bin;C:\WINDOWS\SYSTEM32;C:\WINDOWS\WinSxS\amd64_microsoft.windows.common-controls_6595b64144ccf1df_6.0.19041.1110_none_60b5254171f9507e;C:\Program Files\Android\Android Studio\jbr\bin\server;C:\Users\shahzaib lptp\AndroidStudioProjects\loginsqlite\native\e1d6ef7f7dcc3fd88c89a11ec53ec762bb8ba0a96d01ffa2cd45eb1d1d8dd5c5\windows-amd64;C:\Users\shahzaib lptp\AndroidStudioProjects\loginsqlite\native\0d407fdbe67a94daf76414ababcb853783967236a71b16ec16e742cd7a986fd3\windows-amd64

VM Arguments:
jvm_args: -javaagent:C:\Program Files\Android\Android Studio\plugins\android\resources\trace_agent.jar=C:\Users\SHAHZA~1\AppData\Local\Temp\sync.trace.profile --add-opens=java.base/java.util=ALL-UNNAMED --add-opens=java.base/java.lang=ALL-UNNAMED --add-opens=java.base/java.lang.invoke=ALL-UNNAMED --add-opens=java.base/java.util=ALL-UNNAMED --add-opens=java.prefs/java.util.prefs=ALL-UNNAMED --add-opens=java.prefs/java.util.prefs=ALL-UNNAMED --add-opens=java.base/java.nio.charset=ALL-UNNAMED --add-opens=java.base/java.net=ALL-UNNAMED --add-opens=java.base/java.util.concurrent.atomic=ALL-UNNAMED -Xmx2048m -Dfile.encoding=UTF-8 -Duser.country=US -Duser.language=en -Duser.variant 
java_command: org.gradle.launcher.daemon.bootstrap.GradleDaemon 7.5
java_class_path (initial): C:\Users\shahzaib lptp\AndroidStudioProjects\loginsqlite\wrapper\dists\gradle-7.5-bin\f1w0cc9nuo0eivz97x2xlu9sv\gradle-7.5\lib\gradle-launcher-7.5.jar
Launcher Type: SUN_STANDARD

[Global flags]
     intx CICompilerCount                          = 3                                         {product} {ergonomic}
     uint ConcGCThreads                            = 1                                         {product} {ergonomic}
     uint G1ConcRefinementThreads                  = 4                                         {product} {ergonomic}
   size_t G1HeapRegionSize                         = 1048576                                   {product} {ergonomic}
    uintx GCDrainStackTargetSize                   = 64                                        {product} {ergonomic}
   size_t InitialHeapSize                          = 134217728                                 {product} {ergonomic}
   size_t MarkStackSize                            = 4194304                                   {product} {ergonomic}
   size_t MaxHeapSize                              = 2147483648                                {product} {command line}
   size_t MaxNewSize                               = 1287651328                                {product} {ergonomic}
   size_t MinHeapDeltaBytes                        = 1048576                                   {product} {ergonomic}
    uintx NonNMethodCodeHeapSize                   = 5830732                                {pd product} {ergonomic}
    uintx NonProfiledCodeHeapSize                  = 122913754                              {pd product} {ergonomic}
    uintx ProfiledCodeHeapSize                     = 122913754                              {pd product} {ergonomic}
    uintx ReservedCodeCacheSize                    = 251658240                              {pd product} {ergonomic}
     bool SegmentedCodeCache                       = true                                      {product} {ergonomic}
     bool UseCompressedClassPointers               = true                                 {lp64_product} {ergonomic}
     bool UseCompressedOops                        = true                                 {lp64_product} {ergonomic}
     bool UseG1GC                                  = true                                      {product} {ergonomic}
     bool UseLargePagesIndividualAllocation        = false                                  {pd product} {ergonomic}

Logging:
Log output configuration:
 #0: stdout all=warning uptime,level,tags
 #1: stderr all=off uptime,level,tags

Environment Variables:
PATH=C:\Program Files\Python310\Scripts\;C:\Program Files\Python310\;C:\Program Files\Common Files\Oracle\Java\javapath;C:\app\bin;C:\app\shahzaiblptp\product\11.2.0\dbhome_1\bin;C:\WINDOWS\system32;C:\WINDOWS;C:\WINDOWS\System32\Wbem;C:\WINDOWS\System32\WindowsPowerShell\v1.0\;c:\Program Files (x86)\Microsoft SQL Server\100\Tools\Binn\;c:\Program Files\Microsoft SQL Server\100\Tools\Binn\;c:\Program Files\Microsoft SQL Server\100\DTS\Binn\;C:\WINDOWS\System32\OpenSSH\;C:\ProgramData\chocolatey\bin;%JAVA_HOME%\bin;C:\Users\shahzaib lptp\AppData\Local\Microsoft\WindowsApps;C:\Program Files\JetBrains\IntelliJ IDEA Community Edition 2021.3\bin;;C:\Program Files\Python310\PyCharm Community Edition 2022.1\bin;;C:\Users\shahzaib lptp\AppData\Local\Programs\Microsoft VS Code\bin;C:\Program Files\flutter\bin;C:\src\flutter\bin;C:\Program Files\Android\Android Studio\bin;
USERNAME=shahzaib lptp
OS=Windows_NT
PROCESSOR_IDENTIFIER=Intel64 Family 6 Model 69 Stepping 1, GenuineIntel



---------------  S Y S T E M  ---------------

OS: Windows 10 , 64 bit Build 19041 (10.0.19041.2788)
OS uptime: 8 days 17:57 hours
Hyper-V role detected

CPU:total 4 (initial active 4) (2 cores per cpu, 2 threads per core) family 6 model 69 stepping 1 microcode 0x26, cmov, cx8, fxsr, mmx, sse, sse2, sse3, ssse3, sse4.1, sse4.2, popcnt, avx, avx2, aes, clmul, erms, lzcnt, ht, tsc, tscinvbit, bmi1, bmi2, fma

Memory: 4k page, system-wide physical 8073M (1681M free)
TotalPageFile size 10073M (AvailPageFile size 6M)
current process WorkingSet (physical memory assigned to process): 305M, peak: 306M
current process commit charge ("private bytes"): 349M, peak: 351M

vm_info: OpenJDK 64-Bit Server VM (11.0.15+0-b2043.56-9505619) for windows-amd64 JRE (11.0.15+0-b2043.56-9505619), built on Jan 19 2023 02:48:00 by "builduser" with unknown MS VC++:1929

END.
