#
# There is insufficient memory for the Java Runtime Environment to continue.
# Native memory allocation (malloc) failed to allocate 2061296 bytes for Chunk::new
# Possible reasons:
#   The system is out of physical RAM or swap space
#   The process is running with CompressedOops enabled, and the Java Heap may be blocking the growth of the native heap
# Possible solutions:
#   Reduce memory load on the system
#   Increase physical memory or swap space
#   Check if swap backing store is full
#   Decrease Java heap size (-Xmx/-Xms)
#   Decrease number of Java threads
#   Decrease Java thread stack sizes (-Xss)
#   Set larger code cache with -XX:ReservedCodeCacheSize=
#   JVM is running with Unscaled Compressed Oops mode in which the Java heap is
#     placed in the first 4GB address space. The Java Heap base address is the
#     maximum limit for the native heap growth. Please use -XX:HeapBaseMinAddress
#     to set the Java Heap base and to place the Java Heap above 4GB virtual address.
# This output file may be truncated or incomplete.
#
#  Out of Memory Error (src/hotspot/share/memory/arena.cpp:197), pid=10340, tid=1048
#
# JRE version: OpenJDK Runtime Environment (11.0.15) (build 11.0.15+0-b2043.56-9505619)
# Java VM: OpenJDK 64-Bit Server VM (11.0.15+0-b2043.56-9505619, mixed mode, tiered, compressed oops, g1 gc, windows-amd64)
# No core dump will be written. Minidumps are not enabled by default on client versions of Windows
#

---------------  S U M M A R Y ------------

Command Line: -javaagent:C:\Program Files\Android\Android Studio\plugins\android\resources\trace_agent.jar=C:\Users\SHAHZA~1\AppData\Local\Temp\sync.trace.profile --add-opens=java.base/java.util=ALL-UNNAMED --add-opens=java.base/java.lang=ALL-UNNAMED --add-opens=java.base/java.lang.invoke=ALL-UNNAMED --add-opens=java.base/java.util=ALL-UNNAMED --add-opens=java.prefs/java.util.prefs=ALL-UNNAMED --add-opens=java.prefs/java.util.prefs=ALL-UNNAMED --add-opens=java.base/java.nio.charset=ALL-UNNAMED --add-opens=java.base/java.net=ALL-UNNAMED --add-opens=java.base/java.util.concurrent.atomic=ALL-UNNAMED -Xmx2048m -Dfile.encoding=UTF-8 -Duser.country=US -Duser.language=en -Duser.variant org.gradle.launcher.daemon.bootstrap.GradleDaemon 7.5

Host: Intel(R) Core(TM) i5-4310U CPU @ 2.00GHz, 4 cores, 7G,  Windows 10 , 64 bit Build 19041 (10.0.19041.3031)
Time: Thu Jul 13 21:25:27 2023 Pakistan Standard Time elapsed time: 3016.830659 seconds (0d 0h 50m 16s)

---------------  T H R E A D  ---------------

Current thread (0x0000023b1b729800):  JavaThread "C2 CompilerThread0" daemon [_thread_in_native, id=1048, stack(0x000000d793800000,0x000000d793900000)]


Current CompileTask:
C2:3016831 26726       4       com.sun.tools.javac.code.Types$MembersClosureCache::visitClassType (10 bytes)

Stack: [0x000000d793800000,0x000000d793900000]
Native frames: (J=compiled Java code, j=interpreted, Vv=VM code, C=native code)
V  [jvm.dll+0x64135a]
V  [jvm.dll+0x7d39f9]
V  [jvm.dll+0x7d51b9]
V  [jvm.dll+0x7d58a3]
V  [jvm.dll+0x2691c5]
V  [jvm.dll+0xc1a5c]
V  [jvm.dll+0xc200c]
V  [jvm.dll+0x3774a7]
V  [jvm.dll+0x342495]
V  [jvm.dll+0x34186a]
V  [jvm.dll+0x2214bd]
V  [jvm.dll+0x220498]
V  [jvm.dll+0x19e851]
V  [jvm.dll+0x230479]
V  [jvm.dll+0x22e5ef]
V  [jvm.dll+0x794de1]
V  [jvm.dll+0x78dc24]
V  [jvm.dll+0x6400f6]
C  [ucrtbase.dll+0x21bb2]
C  [KERNEL32.DLL+0x17614]
C  [ntdll.dll+0x526f1]


---------------  P R O C E S S  ---------------

Threads class SMR info:
_java_thread_list=0x0000023b27d832e0, length=103, elements={
0x0000023b7f498800, 0x0000023b1b705800, 0x0000023b1b706800, 0x0000023b1b723800,
0x0000023b1b725000, 0x0000023b1b726000, 0x0000023b1b729800, 0x0000023b1c0e4000,
0x0000023b1c0e9800, 0x0000023b1b6a7000, 0x0000023b1eff3000, 0x0000023b1ffcd800,
0x0000023b1c814000, 0x0000023b1ff11800, 0x0000023b1ff10800, 0x0000023b1ff13000,
0x0000023b1ff12800, 0x0000023b1ff0d800, 0x0000023b1ffd1800, 0x0000023b1ffd3000,
0x0000023b1ffd0800, 0x0000023b1ffd4000, 0x0000023b1ffd7000, 0x0000023b1ffd9000,
0x0000023b1e719800, 0x0000023b1e714800, 0x0000023b23174000, 0x0000023b2317b000,
0x0000023b1da36000, 0x0000023b27c50000, 0x0000023b1e718000, 0x0000023b1ff0f000,
0x0000023b1ff10000, 0x0000023b1da35800, 0x0000023b1da37000, 0x0000023b1da33800,
0x0000023b1da32000, 0x0000023b1da33000, 0x0000023b1da3a000, 0x0000023b1da34800,
0x0000023b1da3b000, 0x0000023b1da3c000, 0x0000023b1da38800, 0x0000023b1da3f000,
0x0000023b1da39800, 0x0000023b1da40000, 0x0000023b1da3e800, 0x0000023b1da3c800,
0x0000023b1da3d800, 0x0000023b27c4e000, 0x0000023b27c4c800, 0x0000023b27c4d800,
0x0000023b27c4f000, 0x0000023b27c4a000, 0x0000023b27c50800, 0x0000023b27c4b000,
0x0000023b27c53000, 0x0000023b27c51800, 0x0000023b27c54800, 0x0000023b27c58000,
0x0000023b27c56800, 0x0000023b27c52800, 0x0000023b27c59000, 0x0000023b27c54000,
0x0000023b27c55800, 0x0000023b23175000, 0x0000023b23172000, 0x0000023b23173800,
0x0000023b2316f800, 0x0000023b23176800, 0x0000023b23171000, 0x0000023b23177800,
0x0000023b23178800, 0x0000023b23172800, 0x0000023b2317b800, 0x0000023b2317e000,
0x0000023b23179000, 0x0000023b2317a000, 0x0000023b2317c800, 0x0000023b1e71a800,
0x0000023b1e716800, 0x0000023b1e717000, 0x0000023b1e71d800, 0x0000023b1e719000,
0x0000023b1e71c000, 0x0000023b1e721000, 0x0000023b1e71b000, 0x0000023b1e721800,
0x0000023b1e722800, 0x0000023b1ffd5000, 0x0000023b1ffd0000, 0x0000023b1ffd2800,
0x0000023b1ffdb800, 0x0000023b1ffdc000, 0x0000023b1ffd9800, 0x0000023b1ff0c800,
0x0000023b20584000, 0x0000023b20584800, 0x0000023b20586000, 0x0000023b20582000,
0x0000023b20587000, 0x0000023b20585800, 0x0000023b28822800
}

Java Threads: ( => current thread )
  0x0000023b7f498800 JavaThread "main" [_thread_blocked, id=8908, stack(0x000000d792b00000,0x000000d792c00000)]
  0x0000023b1b705800 JavaThread "Reference Handler" daemon [_thread_blocked, id=7332, stack(0x000000d793300000,0x000000d793400000)]
  0x0000023b1b706800 JavaThread "Finalizer" daemon [_thread_blocked, id=7272, stack(0x000000d793400000,0x000000d793500000)]
  0x0000023b1b723800 JavaThread "Signal Dispatcher" daemon [_thread_blocked, id=9808, stack(0x000000d793500000,0x000000d793600000)]
  0x0000023b1b725000 JavaThread "Attach Listener" daemon [_thread_blocked, id=12916, stack(0x000000d793600000,0x000000d793700000)]
  0x0000023b1b726000 JavaThread "Service Thread" daemon [_thread_blocked, id=14220, stack(0x000000d793700000,0x000000d793800000)]
=>0x0000023b1b729800 JavaThread "C2 CompilerThread0" daemon [_thread_in_native, id=1048, stack(0x000000d793800000,0x000000d793900000)]
  0x0000023b1c0e4000 JavaThread "C1 CompilerThread0" daemon [_thread_blocked, id=4688, stack(0x000000d793900000,0x000000d793a00000)]
  0x0000023b1c0e9800 JavaThread "Sweeper thread" daemon [_thread_blocked, id=12920, stack(0x000000d793a00000,0x000000d793b00000)]
  0x0000023b1b6a7000 JavaThread "Common-Cleaner" daemon [_thread_blocked, id=6972, stack(0x000000d793b00000,0x000000d793c00000)]
  0x0000023b1eff3000 JavaThread "Daemon health stats" [_thread_blocked, id=640, stack(0x000000d794000000,0x000000d794100000)]
  0x0000023b1ffcd800 JavaThread "Incoming local TCP Connector on port 50542" [_thread_in_native, id=8476, stack(0x000000d793c00000,0x000000d793d00000)]
  0x0000023b1c814000 JavaThread "Daemon periodic checks" [_thread_blocked, id=1808, stack(0x000000d794200000,0x000000d794300000)]
  0x0000023b1ff11800 JavaThread "Cache worker for journal cache (C:\Users\shahzaib lptp\AndroidStudioProjects\loginsqlite\caches\journal-1)" [_thread_blocked, id=11040, stack(0x000000d794b00000,0x000000d794c00000)]
  0x0000023b1ff10800 JavaThread "File lock request listener" [_thread_in_native, id=11664, stack(0x000000d794c00000,0x000000d794d00000)]
  0x0000023b1ff13000 JavaThread "Cache worker for file hash cache (C:\Users\shahzaib lptp\AndroidStudioProjects\loginsqlite\caches\7.5\fileHashes)" [_thread_blocked, id=13208, stack(0x000000d794d00000,0x000000d794e00000)]
  0x0000023b1ff12800 JavaThread "File watcher server" daemon [_thread_in_native, id=1980, stack(0x000000d794e00000,0x000000d794f00000)]
  0x0000023b1ff0d800 JavaThread "File watcher consumer" daemon [_thread_blocked, id=6596, stack(0x000000d794f00000,0x000000d795000000)]
  0x0000023b1ffd1800 JavaThread "Cache worker for file content cache (C:\Users\shahzaib lptp\AndroidStudioProjects\loginsqlite\caches\7.5\fileContent)" [_thread_blocked, id=2080, stack(0x000000d795200000,0x000000d795300000)]
  0x0000023b1ffd3000 JavaThread "Cache worker for execution history cache (C:\Users\shahzaib lptp\AndroidStudioProjects\loginsqlite\caches\7.5\executionHistory)" [_thread_blocked, id=7592, stack(0x000000d795500000,0x000000d795600000)]
  0x0000023b1ffd0800 JavaThread "jar transforms" [_thread_blocked, id=14148, stack(0x000000d795600000,0x000000d795700000)]
  0x0000023b1ffd4000 JavaThread "jar transforms Thread 2" [_thread_blocked, id=4852, stack(0x000000d795700000,0x000000d795800000)]
  0x0000023b1ffd7000 JavaThread "jar transforms Thread 3" [_thread_blocked, id=10748, stack(0x000000d795800000,0x000000d795900000)]
  0x0000023b1ffd9000 JavaThread "jar transforms Thread 4" [_thread_blocked, id=9248, stack(0x000000d795900000,0x000000d795a00000)]
  0x0000023b1e719800 JavaThread "Memory manager" [_thread_blocked, id=1052, stack(0x000000d798600000,0x000000d798700000)]
  0x0000023b1e714800 JavaThread "pool-3-thread-1" [_thread_blocked, id=7080, stack(0x000000d798700000,0x000000d798800000)]
  0x0000023b23174000 JavaThread "Cache worker for Java compile cache (C:\Users\shahzaib lptp\AndroidStudioProjects\loginsqlite\caches\7.5\javaCompile)" [_thread_blocked, id=3848, stack(0x000000d799100000,0x000000d799200000)]
  0x0000023b2317b000 JavaThread "ForkJoinPool.commonPool-worker-7" daemon [_thread_blocked, id=10516, stack(0x000000d799800000,0x000000d799900000)]
  0x0000023b1da36000 JavaThread "pool-8-thread-1" [_thread_blocked, id=4420, stack(0x000000d798200000,0x000000d798300000)]
  0x0000023b27c50000 JavaThread "pool-11-thread-1" [_thread_blocked, id=13044, stack(0x000000d798300000,0x000000d798400000)]
  0x0000023b1e718000 JavaThread "pool-14-thread-1" [_thread_blocked, id=3460, stack(0x000000d798400000,0x000000d798500000)]
  0x0000023b1ff0f000 JavaThread "Daemon Thread 4" [_thread_blocked, id=11948, stack(0x000000d792900000,0x000000d792a00000)]
  0x0000023b1ff10000 JavaThread "Handler for socket connection from /127.0.0.1:50542 to /127.0.0.1:52642" [_thread_in_native, id=332, stack(0x000000d792a00000,0x000000d792b00000)]
  0x0000023b1da35800 JavaThread "Cancel handler" [_thread_blocked, id=11748, stack(0x000000d792c00000,0x000000d792d00000)]
  0x0000023b1da37000 JavaThread "Daemon worker Thread 4" [_thread_blocked, id=13628, stack(0x000000d794100000,0x000000d794200000)]
  0x0000023b1da33800 JavaThread "Asynchronous log dispatcher for DefaultDaemonConnection: socket connection from /127.0.0.1:50542 to /127.0.0.1:52642" [_thread_blocked, id=8968, stack(0x000000d794300000,0x000000d794400000)]
  0x0000023b1da32000 JavaThread "Daemon client event forwarder" [_thread_blocked, id=14088, stack(0x000000d794500000,0x000000d794600000)]
  0x0000023b1da33000 JavaThread "Cache worker for checksums cache (C:\Users\shahzaib lptp\AndroidStudioProjects\EyeonwaterApp\.gradle\7.5\checksums)" [_thread_blocked, id=11120, stack(0x000000d794600000,0x000000d794700000)]
  0x0000023b1da3a000 JavaThread "Cache worker for cache directory md-rule (C:\Users\shahzaib lptp\AndroidStudioProjects\loginsqlite\caches\7.5\md-rule)" [_thread_blocked, id=11248, stack(0x000000d794700000,0x000000d794800000)]
  0x0000023b1da34800 JavaThread "Cache worker for file hash cache (C:\Users\shahzaib lptp\AndroidStudioProjects\EyeonwaterApp\.gradle\7.5\fileHashes)" [_thread_blocked, id=5776, stack(0x000000d794800000,0x000000d794900000)]
  0x0000023b1da3b000 JavaThread "Cache worker for cache directory md-supplier (C:\Users\shahzaib lptp\AndroidStudioProjects\loginsqlite\caches\7.5\md-supplier)" [_thread_blocked, id=8388, stack(0x000000d794900000,0x000000d794a00000)]
  0x0000023b1da3c000 JavaThread "Cache worker for dependencies-accessors (C:\Users\shahzaib lptp\AndroidStudioProjects\EyeonwaterApp\.gradle\7.5\dependencies-accessors)" [_thread_blocked, id=5648, stack(0x000000d795000000,0x000000d795100000)]
  0x0000023b1da38800 JavaThread "Cache worker for Build Output Cleanup Cache (C:\Users\shahzaib lptp\AndroidStudioProjects\EyeonwaterApp\.gradle\buildOutputCleanup)" [_thread_blocked, id=1940, stack(0x000000d795100000,0x000000d795200000)]
  0x0000023b1da3f000 JavaThread "Unconstrained build operations" [_thread_blocked, id=5872, stack(0x000000d795300000,0x000000d795400000)]
  0x0000023b1da39800 JavaThread "Unconstrained build operations Thread 2" [_thread_blocked, id=12968, stack(0x000000d795400000,0x000000d795500000)]
  0x0000023b1da40000 JavaThread "Unconstrained build operations Thread 3" [_thread_blocked, id=10576, stack(0x000000d795a00000,0x000000d795b00000)]
  0x0000023b1da3e800 JavaThread "Unconstrained build operations Thread 4" [_thread_blocked, id=10064, stack(0x000000d795b00000,0x000000d795c00000)]
  0x0000023b1da3c800 JavaThread "Unconstrained build operations Thread 5" [_thread_blocked, id=11880, stack(0x000000d795c00000,0x000000d795d00000)]
  0x0000023b1da3d800 JavaThread "Unconstrained build operations Thread 6" [_thread_blocked, id=9172, stack(0x000000d795d00000,0x000000d795e00000)]
  0x0000023b27c4e000 JavaThread "Unconstrained build operations Thread 7" [_thread_blocked, id=11220, stack(0x000000d795e00000,0x000000d795f00000)]
  0x0000023b27c4c800 JavaThread "Unconstrained build operations Thread 8" [_thread_blocked, id=14036, stack(0x000000d795f00000,0x000000d796000000)]
  0x0000023b27c4d800 JavaThread "Unconstrained build operations Thread 9" [_thread_blocked, id=10456, stack(0x000000d796000000,0x000000d796100000)]
  0x0000023b27c4f000 JavaThread "Unconstrained build operations Thread 10" [_thread_blocked, id=13280, stack(0x000000d796100000,0x000000d796200000)]
  0x0000023b27c4a000 JavaThread "Unconstrained build operations Thread 11" [_thread_blocked, id=13104, stack(0x000000d796200000,0x000000d796300000)]
  0x0000023b27c50800 JavaThread "Unconstrained build operations Thread 12" [_thread_blocked, id=4736, stack(0x000000d796300000,0x000000d796400000)]
  0x0000023b27c4b000 JavaThread "Unconstrained build operations Thread 13" [_thread_blocked, id=3196, stack(0x000000d796400000,0x000000d796500000)]
  0x0000023b27c53000 JavaThread "Unconstrained build operations Thread 14" [_thread_blocked, id=3140, stack(0x000000d796500000,0x000000d796600000)]
  0x0000023b27c51800 JavaThread "Unconstrained build operations Thread 15" [_thread_blocked, id=1772, stack(0x000000d796600000,0x000000d796700000)]
  0x0000023b27c54800 JavaThread "Unconstrained build operations Thread 16" [_thread_blocked, id=8240, stack(0x000000d796700000,0x000000d796800000)]
  0x0000023b27c58000 JavaThread "Unconstrained build operations Thread 17" [_thread_blocked, id=4344, stack(0x000000d796800000,0x000000d796900000)]
  0x0000023b27c56800 JavaThread "Unconstrained build operations Thread 18" [_thread_blocked, id=12552, stack(0x000000d796900000,0x000000d796a00000)]
  0x0000023b27c52800 JavaThread "Unconstrained build operations Thread 19" [_thread_blocked, id=112, stack(0x000000d796a00000,0x000000d796b00000)]
  0x0000023b27c59000 JavaThread "Unconstrained build operations Thread 20" [_thread_blocked, id=12512, stack(0x000000d796b00000,0x000000d796c00000)]
  0x0000023b27c54000 JavaThread "Unconstrained build operations Thread 21" [_thread_blocked, id=11720, stack(0x000000d796c00000,0x000000d796d00000)]
  0x0000023b27c55800 JavaThread "Unconstrained build operations Thread 22" [_thread_blocked, id=1228, stack(0x000000d796d00000,0x000000d796e00000)]
  0x0000023b23175000 JavaThread "Unconstrained build operations Thread 23" [_thread_blocked, id=3652, stack(0x000000d796e00000,0x000000d796f00000)]
  0x0000023b23172000 JavaThread "Unconstrained build operations Thread 24" [_thread_blocked, id=4252, stack(0x000000d796f00000,0x000000d797000000)]
  0x0000023b23173800 JavaThread "Unconstrained build operations Thread 25" [_thread_blocked, id=4740, stack(0x000000d797000000,0x000000d797100000)]
  0x0000023b2316f800 JavaThread "Unconstrained build operations Thread 26" [_thread_blocked, id=4412, stack(0x000000d797100000,0x000000d797200000)]
  0x0000023b23176800 JavaThread "Unconstrained build operations Thread 27" [_thread_blocked, id=7872, stack(0x000000d797200000,0x000000d797300000)]
  0x0000023b23171000 JavaThread "Unconstrained build operations Thread 28" [_thread_blocked, id=12128, stack(0x000000d797300000,0x000000d797400000)]
  0x0000023b23177800 JavaThread "Unconstrained build operations Thread 29" [_thread_blocked, id=12656, stack(0x000000d797400000,0x000000d797500000)]
  0x0000023b23178800 JavaThread "Unconstrained build operations Thread 30" [_thread_blocked, id=10588, stack(0x000000d797500000,0x000000d797600000)]
  0x0000023b23172800 JavaThread "Unconstrained build operations Thread 31" [_thread_blocked, id=7932, stack(0x000000d797600000,0x000000d797700000)]
  0x0000023b2317b800 JavaThread "Unconstrained build operations Thread 32" [_thread_blocked, id=5224, stack(0x000000d797700000,0x000000d797800000)]
  0x0000023b2317e000 JavaThread "Unconstrained build operations Thread 33" [_thread_blocked, id=4816, stack(0x000000d797800000,0x000000d797900000)]
  0x0000023b23179000 JavaThread "Unconstrained build operations Thread 34" [_thread_blocked, id=8860, stack(0x000000d797900000,0x000000d797a00000)]
  0x0000023b2317a000 JavaThread "Unconstrained build operations Thread 35" [_thread_blocked, id=13468, stack(0x000000d797a00000,0x000000d797b00000)]
  0x0000023b2317c800 JavaThread "Unconstrained build operations Thread 36" [_thread_blocked, id=208, stack(0x000000d797b00000,0x000000d797c00000)]
  0x0000023b1e71a800 JavaThread "Unconstrained build operations Thread 37" [_thread_blocked, id=8688, stack(0x000000d797c00000,0x000000d797d00000)]
  0x0000023b1e716800 JavaThread "Unconstrained build operations Thread 38" [_thread_blocked, id=10720, stack(0x000000d797d00000,0x000000d797e00000)]
  0x0000023b1e717000 JavaThread "Unconstrained build operations Thread 39" [_thread_blocked, id=1284, stack(0x000000d797e00000,0x000000d797f00000)]
  0x0000023b1e71d800 JavaThread "Unconstrained build operations Thread 40" [_thread_blocked, id=9296, stack(0x000000d797f00000,0x000000d798000000)]
  0x0000023b1e719000 JavaThread "build event listener" [_thread_blocked, id=7832, stack(0x000000d798100000,0x000000d798200000)]
  0x0000023b1e71c000 JavaThread "pool-17-thread-1" [_thread_blocked, id=12732, stack(0x000000d798500000,0x000000d798600000)]
  0x0000023b1e721000 JavaThread "build event listener" [_thread_blocked, id=10256, stack(0x000000d798800000,0x000000d798900000)]
  0x0000023b1e71b000 JavaThread "included builds" [_thread_blocked, id=9536, stack(0x000000d798900000,0x000000d798a00000)]
  0x0000023b1e721800 JavaThread "Execution worker" [_thread_blocked, id=3636, stack(0x000000d798a00000,0x000000d798b00000)]
  0x0000023b1e722800 JavaThread "Execution worker Thread 2" [_thread_blocked, id=13160, stack(0x000000d798b00000,0x000000d798c00000)]
  0x0000023b1ffd5000 JavaThread "Execution worker Thread 3" [_thread_in_native, id=13328, stack(0x000000d798c00000,0x000000d798d00000)]
  0x0000023b1ffd0000 JavaThread "Cache worker for execution history cache (C:\Users\shahzaib lptp\AndroidStudioProjects\EyeonwaterApp\.gradle\7.5\executionHistory)" [_thread_blocked, id=1000, stack(0x000000d798d00000,0x000000d798e00000)]
  0x0000023b1ffd2800 JavaThread "WorkerExecutor Queue" [_thread_blocked, id=756, stack(0x000000d798000000,0x000000d798100000)]
  0x0000023b1ffdb800 JavaThread "WorkerExecutor Queue Thread 2" [_thread_blocked, id=13336, stack(0x000000d798e00000,0x000000d798f00000)]
  0x0000023b1ffdc000 JavaThread "WorkerExecutor Queue Thread 3" [_thread_blocked, id=3424, stack(0x000000d798f00000,0x000000d799000000)]
  0x0000023b1ffd9800 JavaThread "WorkerExecutor Queue Thread 4" [_thread_blocked, id=12212, stack(0x000000d799200000,0x000000d799300000)]
  0x0000023b1ff0c800 JavaThread "pool-18-thread-1" [_thread_blocked, id=7860, stack(0x000000d799000000,0x000000d799100000)]
  0x0000023b20584000 JavaThread "stderr" [_thread_in_native, id=9660, stack(0x000000d799300000,0x000000d799400000)]
  0x0000023b20584800 JavaThread "stdout" [_thread_in_native, id=10076, stack(0x000000d799400000,0x000000d799500000)]
  0x0000023b20586000 JavaThread "Build operations" [_thread_blocked, id=11148, stack(0x000000d799500000,0x000000d799600000)]
  0x0000023b20582000 JavaThread "Build operations Thread 2" [_thread_blocked, id=1856, stack(0x000000d799600000,0x000000d799700000)]
  0x0000023b20587000 JavaThread "Build operations Thread 3" [_thread_blocked, id=5280, stack(0x000000d799700000,0x000000d799800000)]
  0x0000023b20585800 JavaThread "Build operations Thread 4" [_thread_blocked, id=8164, stack(0x000000d799900000,0x000000d799a00000)]
  0x0000023b28822800 JavaThread "C2 CompilerThread1" daemon [_thread_in_native, id=14136, stack(0x000000d794400000,0x000000d794500000)]

Other Threads:
  0x0000023b1b702800 VMThread "VM Thread" [stack: 0x000000d793200000,0x000000d793300000] [id=10596]
  0x0000023b1d857800 WatcherThread [stack: 0x000000d793d00000,0x000000d793e00000] [id=2360]
  0x0000023b7f4b2000 GCTaskThread "GC Thread#0" [stack: 0x000000d792d00000,0x000000d792e00000] [id=10200]
  0x0000023b1d914800 GCTaskThread "GC Thread#1" [stack: 0x000000d793e00000,0x000000d793f00000] [id=6728]
  0x0000023b1d91d000 GCTaskThread "GC Thread#2" [stack: 0x000000d793f00000,0x000000d794000000] [id=1960]
  0x0000023b1d4d7000 GCTaskThread "GC Thread#3" [stack: 0x000000d794a00000,0x000000d794b00000] [id=5244]
  0x0000023b7f4de800 ConcurrentGCThread "G1 Main Marker" [stack: 0x000000d792e00000,0x000000d792f00000] [id=7716]
  0x0000023b7f4e0000 ConcurrentGCThread "G1 Conc#0" [stack: 0x000000d792f00000,0x000000d793000000] [id=11520]
  0x0000023b7f55f800 ConcurrentGCThread "G1 Refine#0" [stack: 0x000000d793000000,0x000000d793100000] [id=13520]
  0x0000023b1b560800 ConcurrentGCThread "G1 Young RemSet Sampling" [stack: 0x000000d793100000,0x000000d793200000] [id=10684]

Threads with active compile tasks:
C2 CompilerThread0  3016918 26726       4       com.sun.tools.javac.code.Types$MembersClosureCache::visitClassType (10 bytes)
C2 CompilerThread1  3016918 26729       4       com.sun.tools.javac.code.Types$ImplementationCache::implementationInternal (164 bytes)

VM state:not at safepoint (normal execution)

VM Mutex/Monitor currently owned by a thread: None

Heap address: 0x0000000080000000, size: 2048 MB, Compressed Oops mode: 32-bit
Narrow klass base: 0x0000000000000000, Narrow klass shift: 3
Compressed class space size: 1073741824 Address: 0x0000000100000000

Heap:
 garbage-first heap   total 273408K, used 200156K [0x0000000080000000, 0x0000000100000000)
  region size 1024K, 69 young (70656K), 5 survivors (5120K)
 Metaspace       used 138334K, capacity 142015K, committed 142924K, reserved 1173504K
  class space    used 17001K, capacity 18386K, committed 18764K, reserved 1048576K
Heap Regions: E=young(eden), S=young(survivor), O=old, HS=humongous(starts), HC=humongous(continues), CS=collection set, F=free, A=archive, TAMS=top-at-mark-start (previous, next)
|   0|0x0000000080000000, 0x0000000080100000, 0x0000000080100000|100%| O|  |TAMS 0x0000000080100000, 0x0000000080000000| Untracked 
|   1|0x0000000080100000, 0x0000000080200000, 0x0000000080200000|100%| O|  |TAMS 0x0000000080200000, 0x0000000080100000| Untracked 
|   2|0x0000000080200000, 0x0000000080300000, 0x0000000080300000|100%| O|  |TAMS 0x0000000080300000, 0x0000000080200000| Untracked 
|   3|0x0000000080300000, 0x0000000080400000, 0x0000000080400000|100%|HS|  |TAMS 0x0000000080400000, 0x0000000080300000| Complete 
|   4|0x0000000080400000, 0x0000000080500000, 0x0000000080500000|100%|HC|  |TAMS 0x0000000080500000, 0x0000000080400000| Complete 
|   5|0x0000000080500000, 0x0000000080600000, 0x0000000080600000|100%|HC|  |TAMS 0x0000000080600000, 0x0000000080500000| Complete 
|   6|0x0000000080600000, 0x0000000080700000, 0x0000000080700000|100%| O|  |TAMS 0x0000000080700000, 0x0000000080600000| Untracked 
|   7|0x0000000080700000, 0x0000000080800000, 0x0000000080800000|100%| O|  |TAMS 0x0000000080800000, 0x0000000080700000| Untracked 
|   8|0x0000000080800000, 0x0000000080900000, 0x0000000080900000|100%| O|  |TAMS 0x0000000080900000, 0x0000000080800000| Untracked 
|   9|0x0000000080900000, 0x0000000080a00000, 0x0000000080a00000|100%| O|  |TAMS 0x0000000080a00000, 0x0000000080900000| Untracked 
|  10|0x0000000080a00000, 0x0000000080b00000, 0x0000000080b00000|100%| O|  |TAMS 0x0000000080b00000, 0x0000000080a00000| Untracked 
|  11|0x0000000080b00000, 0x0000000080c00000, 0x0000000080c00000|100%| O|  |TAMS 0x0000000080c00000, 0x0000000080b00000| Untracked 
|  12|0x0000000080c00000, 0x0000000080d00000, 0x0000000080d00000|100%| O|  |TAMS 0x0000000080d00000, 0x0000000080c00000| Untracked 
|  13|0x0000000080d00000, 0x0000000080e00000, 0x0000000080e00000|100%| O|  |TAMS 0x0000000080e00000, 0x0000000080d00000| Complete 
|  14|0x0000000080e00000, 0x0000000080f00000, 0x0000000080f00000|100%| O|  |TAMS 0x0000000080f00000, 0x0000000080e00000| Complete 
|  15|0x0000000080f00000, 0x0000000081000000, 0x0000000081000000|100%| O|  |TAMS 0x0000000081000000, 0x0000000080f00000| Complete 
|  16|0x0000000081000000, 0x0000000081100000, 0x0000000081100000|100%| O|  |TAMS 0x0000000081100000, 0x0000000081000000| Complete 
|  17|0x0000000081100000, 0x0000000081200000, 0x0000000081200000|100%| O|  |TAMS 0x0000000081200000, 0x0000000081100000| Complete 
|  18|0x0000000081200000, 0x0000000081300000, 0x0000000081300000|100%| O|  |TAMS 0x0000000081300000, 0x0000000081200000| Complete 
|  19|0x0000000081300000, 0x0000000081400000, 0x0000000081400000|100%| O|  |TAMS 0x0000000081400000, 0x0000000081300000| Complete 
|  20|0x0000000081400000, 0x0000000081500000, 0x0000000081500000|100%|HS|  |TAMS 0x0000000081500000, 0x0000000081400000| Complete 
|  21|0x0000000081500000, 0x0000000081600000, 0x0000000081600000|100%|HS|  |TAMS 0x0000000081600000, 0x0000000081500000| Complete 
|  22|0x0000000081600000, 0x0000000081700000, 0x0000000081700000|100%| O|  |TAMS 0x0000000081700000, 0x0000000081600000| Untracked 
|  23|0x0000000081700000, 0x0000000081800000, 0x0000000081800000|100%| O|  |TAMS 0x0000000081800000, 0x0000000081700000| Untracked 
|  24|0x0000000081800000, 0x0000000081900000, 0x0000000081900000|100%| O|  |TAMS 0x0000000081900000, 0x0000000081800000| Complete 
|  25|0x0000000081900000, 0x0000000081a00000, 0x0000000081a00000|100%| O|  |TAMS 0x0000000081a00000, 0x0000000081900000| Untracked 
|  26|0x0000000081a00000, 0x0000000081b00000, 0x0000000081b00000|100%| O|  |TAMS 0x0000000081b00000, 0x0000000081a00000| Untracked 
|  27|0x0000000081b00000, 0x0000000081c00000, 0x0000000081c00000|100%| O|  |TAMS 0x0000000081c00000, 0x0000000081b00000| Complete 
|  28|0x0000000081c00000, 0x0000000081d00000, 0x0000000081d00000|100%| O|  |TAMS 0x0000000081d00000, 0x0000000081c00000| Complete 
|  29|0x0000000081d00000, 0x0000000081e00000, 0x0000000081e00000|100%| O|  |TAMS 0x0000000081e00000, 0x0000000081d00000| Untracked 
|  30|0x0000000081e00000, 0x0000000081f00000, 0x0000000081f00000|100%| O|  |TAMS 0x0000000081f00000, 0x0000000081e00000| Complete 
|  31|0x0000000081f00000, 0x0000000082000000, 0x0000000082000000|100%| O|  |TAMS 0x0000000082000000, 0x0000000081f00000| Untracked 
|  32|0x0000000082000000, 0x0000000082100000, 0x0000000082100000|100%| O|  |TAMS 0x0000000082100000, 0x0000000082000000| Complete 
|  33|0x0000000082100000, 0x0000000082200000, 0x0000000082200000|100%| O|  |TAMS 0x0000000082200000, 0x0000000082100000| Untracked 
|  34|0x0000000082200000, 0x0000000082300000, 0x0000000082300000|100%| O|  |TAMS 0x0000000082300000, 0x0000000082200000| Untracked 
|  35|0x0000000082300000, 0x0000000082400000, 0x0000000082400000|100%| O|  |TAMS 0x0000000082400000, 0x0000000082300000| Complete 
|  36|0x0000000082400000, 0x0000000082500000, 0x0000000082500000|100%| O|  |TAMS 0x0000000082500000, 0x0000000082400000| Untracked 
|  37|0x0000000082500000, 0x0000000082600000, 0x0000000082600000|100%| O|  |TAMS 0x0000000082600000, 0x0000000082500000| Untracked 
|  38|0x0000000082600000, 0x0000000082700000, 0x0000000082700000|100%| O|  |TAMS 0x0000000082700000, 0x0000000082600000| Complete 
|  39|0x0000000082700000, 0x0000000082800000, 0x0000000082800000|100%| O|  |TAMS 0x0000000082800000, 0x0000000082700000| Untracked 
|  40|0x0000000082800000, 0x0000000082900000, 0x0000000082900000|100%| O|  |TAMS 0x0000000082900000, 0x0000000082800000| Complete 
|  41|0x0000000082900000, 0x0000000082a00000, 0x0000000082a00000|100%| O|  |TAMS 0x0000000082a00000, 0x0000000082900000| Complete 
|  42|0x0000000082a00000, 0x0000000082b00000, 0x0000000082b00000|100%| O|  |TAMS 0x0000000082b00000, 0x0000000082a00000| Untracked 
|  43|0x0000000082b00000, 0x0000000082c00000, 0x0000000082c00000|100%| O|  |TAMS 0x0000000082c00000, 0x0000000082b00000| Untracked 
|  44|0x0000000082c00000, 0x0000000082d00000, 0x0000000082d00000|100%| O|  |TAMS 0x0000000082d00000, 0x0000000082c00000| Complete 
|  45|0x0000000082d00000, 0x0000000082e00000, 0x0000000082e00000|100%| O|  |TAMS 0x0000000082e00000, 0x0000000082d00000| Complete 
|  46|0x0000000082e00000, 0x0000000082f00000, 0x0000000082f00000|100%| O|  |TAMS 0x0000000082f00000, 0x0000000082e00000| Untracked 
|  47|0x0000000082f00000, 0x0000000082f00000, 0x0000000083000000|  0%| F|  |TAMS 0x0000000082f00000, 0x0000000082f00000| Untracked 
|  48|0x0000000083000000, 0x0000000083100000, 0x0000000083100000|100%| O|  |TAMS 0x0000000083100000, 0x0000000083000000| Untracked 
|  49|0x0000000083100000, 0x0000000083200000, 0x0000000083200000|100%| O|  |TAMS 0x0000000083200000, 0x0000000083100000| Untracked 
|  50|0x0000000083200000, 0x0000000083300000, 0x0000000083300000|100%| O|  |TAMS 0x0000000083300000, 0x0000000083200000| Complete 
|  51|0x0000000083300000, 0x0000000083400000, 0x0000000083400000|100%| O|  |TAMS 0x0000000083400000, 0x0000000083300000| Complete 
|  52|0x0000000083400000, 0x0000000083500000, 0x0000000083500000|100%| O|  |TAMS 0x0000000083500000, 0x0000000083400000| Complete 
|  53|0x0000000083500000, 0x0000000083600000, 0x0000000083600000|100%| O|  |TAMS 0x0000000083600000, 0x0000000083500000| Complete 
|  54|0x0000000083600000, 0x0000000083700000, 0x0000000083700000|100%| O|  |TAMS 0x0000000083700000, 0x0000000083600000| Complete 
|  55|0x0000000083700000, 0x0000000083700000, 0x0000000083800000|  0%| F|  |TAMS 0x0000000083700000, 0x0000000083700000| Untracked 
|  56|0x0000000083800000, 0x0000000083900000, 0x0000000083900000|100%| O|  |TAMS 0x0000000083900000, 0x0000000083800000| Untracked 
|  57|0x0000000083900000, 0x0000000083900000, 0x0000000083a00000|  0%| F|  |TAMS 0x0000000083900000, 0x0000000083900000| Untracked 
|  58|0x0000000083a00000, 0x0000000083b00000, 0x0000000083b00000|100%| O|  |TAMS 0x0000000083b00000, 0x0000000083a00000| Untracked 
|  59|0x0000000083b00000, 0x0000000083c00000, 0x0000000083c00000|100%| O|  |TAMS 0x0000000083c00000, 0x0000000083b00000| Untracked 
|  60|0x0000000083c00000, 0x0000000083d00000, 0x0000000083d00000|100%| O|  |TAMS 0x0000000083d00000, 0x0000000083c00000| Complete 
|  61|0x0000000083d00000, 0x0000000083e00000, 0x0000000083e00000|100%| O|  |TAMS 0x0000000083e00000, 0x0000000083d00000| Untracked 
|  62|0x0000000083e00000, 0x0000000083f00000, 0x0000000083f00000|100%| O|  |TAMS 0x0000000083f00000, 0x0000000083e00000| Untracked 
|  63|0x0000000083f00000, 0x0000000084000000, 0x0000000084000000|100%| O|  |TAMS 0x0000000084000000, 0x0000000083f00000| Complete 
|  64|0x0000000084000000, 0x0000000084079200, 0x0000000084100000| 47%| O|  |TAMS 0x0000000084079200, 0x0000000084000000| Untracked 
|  65|0x0000000084100000, 0x0000000084100000, 0x0000000084200000|  0%| F|  |TAMS 0x0000000084100000, 0x0000000084100000| Untracked 
|  66|0x0000000084200000, 0x0000000084200000, 0x0000000084300000|  0%| F|  |TAMS 0x0000000084200000, 0x0000000084200000| Untracked 
|  67|0x0000000084300000, 0x0000000084400000, 0x0000000084400000|100%| O|  |TAMS 0x0000000084400000, 0x0000000084300000| Complete 
|  68|0x0000000084400000, 0x0000000084400000, 0x0000000084500000|  0%| F|  |TAMS 0x0000000084400000, 0x0000000084400000| Untracked 
|  69|0x0000000084500000, 0x0000000084600000, 0x0000000084600000|100%| O|  |TAMS 0x0000000084600000, 0x0000000084500000| Complete 
|  70|0x0000000084600000, 0x0000000084700000, 0x0000000084700000|100%| O|  |TAMS 0x0000000084700000, 0x0000000084600000| Complete 
|  71|0x0000000084700000, 0x0000000084800000, 0x0000000084800000|100%| O|  |TAMS 0x0000000084800000, 0x0000000084700000| Untracked 
|  72|0x0000000084800000, 0x0000000084900000, 0x0000000084900000|100%| O|  |TAMS 0x0000000084900000, 0x0000000084800000| Complete 
|  73|0x0000000084900000, 0x0000000084a00000, 0x0000000084a00000|100%| O|  |TAMS 0x0000000084a00000, 0x0000000084900000| Complete 
|  74|0x0000000084a00000, 0x0000000084b00000, 0x0000000084b00000|100%| O|  |TAMS 0x0000000084b00000, 0x0000000084a00000| Complete 
|  75|0x0000000084b00000, 0x0000000084c00000, 0x0000000084c00000|100%| O|  |TAMS 0x0000000084c00000, 0x0000000084b00000| Complete 
|  76|0x0000000084c00000, 0x0000000084d00000, 0x0000000084d00000|100%| O|  |TAMS 0x0000000084d00000, 0x0000000084c00000| Untracked 
|  77|0x0000000084d00000, 0x0000000084e00000, 0x0000000084e00000|100%|HS|  |TAMS 0x0000000084d00000, 0x0000000084d00000| Complete 
|  78|0x0000000084e00000, 0x0000000084f00000, 0x0000000084f00000|100%|HC|  |TAMS 0x0000000084e00000, 0x0000000084e00000| Complete 
|  79|0x0000000084f00000, 0x0000000085000000, 0x0000000085000000|100%| O|  |TAMS 0x0000000085000000, 0x0000000084f00000| Complete 
|  80|0x0000000085000000, 0x0000000085100000, 0x0000000085100000|100%| O|  |TAMS 0x0000000085100000, 0x0000000085000000| Complete 
|  81|0x0000000085100000, 0x0000000085200000, 0x0000000085200000|100%| O|  |TAMS 0x0000000085200000, 0x0000000085100000| Complete 
|  82|0x0000000085200000, 0x0000000085200000, 0x0000000085300000|  0%| F|  |TAMS 0x0000000085200000, 0x0000000085200000| Untracked 
|  83|0x0000000085300000, 0x0000000085400000, 0x0000000085400000|100%| O|  |TAMS 0x0000000085400000, 0x0000000085300000| Complete 
|  84|0x0000000085400000, 0x0000000085500000, 0x0000000085500000|100%| O|  |TAMS 0x0000000085500000, 0x0000000085400000| Complete 
|  85|0x0000000085500000, 0x0000000085600000, 0x0000000085600000|100%| O|  |TAMS 0x0000000085600000, 0x0000000085500000| Complete 
|  86|0x0000000085600000, 0x0000000085700000, 0x0000000085700000|100%| O|  |TAMS 0x0000000085700000, 0x0000000085600000| Complete 
|  87|0x0000000085700000, 0x0000000085800000, 0x0000000085800000|100%| O|  |TAMS 0x0000000085800000, 0x0000000085700000| Untracked 
|  88|0x0000000085800000, 0x0000000085900000, 0x0000000085900000|100%| O|  |TAMS 0x0000000085900000, 0x0000000085800000| Complete 
|  89|0x0000000085900000, 0x0000000085a00000, 0x0000000085a00000|100%| O|  |TAMS 0x0000000085a00000, 0x0000000085900000| Complete 
|  90|0x0000000085a00000, 0x0000000085b00000, 0x0000000085b00000|100%| O|  |TAMS 0x0000000085b00000, 0x0000000085a00000| Complete 
|  91|0x0000000085b00000, 0x0000000085c00000, 0x0000000085c00000|100%| O|  |TAMS 0x0000000085c00000, 0x0000000085b00000| Complete 
|  92|0x0000000085c00000, 0x0000000085d00000, 0x0000000085d00000|100%| O|  |TAMS 0x0000000085d00000, 0x0000000085c00000| Complete 
|  93|0x0000000085d00000, 0x0000000085e00000, 0x0000000085e00000|100%| O|  |TAMS 0x0000000085e00000, 0x0000000085d00000| Complete 
|  94|0x0000000085e00000, 0x0000000085f00000, 0x0000000085f00000|100%| O|  |TAMS 0x0000000085f00000, 0x0000000085e00000| Complete 
|  95|0x0000000085f00000, 0x0000000086000000, 0x0000000086000000|100%| O|  |TAMS 0x0000000086000000, 0x0000000085f00000| Complete 
|  96|0x0000000086000000, 0x0000000086100000, 0x0000000086100000|100%| O|  |TAMS 0x0000000086100000, 0x0000000086000000| Complete 
|  97|0x0000000086100000, 0x0000000086200000, 0x0000000086200000|100%| O|  |TAMS 0x0000000086200000, 0x0000000086100000| Untracked 
|  98|0x0000000086200000, 0x0000000086300000, 0x0000000086300000|100%| O|  |TAMS 0x0000000086300000, 0x0000000086200000| Complete 
|  99|0x0000000086300000, 0x0000000086400000, 0x0000000086400000|100%| O|  |TAMS 0x0000000086400000, 0x0000000086300000| Complete 
| 100|0x0000000086400000, 0x0000000086500000, 0x0000000086500000|100%| O|  |TAMS 0x0000000086500000, 0x0000000086400000| Untracked 
| 101|0x0000000086500000, 0x0000000086600000, 0x0000000086600000|100%| O|  |TAMS 0x0000000086600000, 0x0000000086500000| Complete 
| 102|0x0000000086600000, 0x0000000086700000, 0x0000000086700000|100%| O|  |TAMS 0x0000000086700000, 0x0000000086600000| Untracked 
| 103|0x0000000086700000, 0x0000000086800000, 0x0000000086800000|100%| O|  |TAMS 0x0000000086800000, 0x0000000086700000| Untracked 
| 104|0x0000000086800000, 0x0000000086900000, 0x0000000086900000|100%| O|  |TAMS 0x0000000086900000, 0x0000000086800000| Complete 
| 105|0x0000000086900000, 0x0000000086a00000, 0x0000000086a00000|100%| O|  |TAMS 0x0000000086a00000, 0x0000000086900000| Complete 
| 106|0x0000000086a00000, 0x0000000086b00000, 0x0000000086b00000|100%| O|  |TAMS 0x0000000086b00000, 0x0000000086a00000| Untracked 
| 107|0x0000000086b00000, 0x0000000086b00000, 0x0000000086c00000|  0%| F|  |TAMS 0x0000000086b00000, 0x0000000086b00000| Untracked 
| 108|0x0000000086c00000, 0x0000000086c00000, 0x0000000086d00000|  0%| F|  |TAMS 0x0000000086c00000, 0x0000000086c00000| Untracked 
| 109|0x0000000086d00000, 0x0000000086d00000, 0x0000000086e00000|  0%| F|  |TAMS 0x0000000086d00000, 0x0000000086d00000| Untracked 
| 110|0x0000000086e00000, 0x0000000086f00000, 0x0000000086f00000|100%| O|  |TAMS 0x0000000086f00000, 0x0000000086e00000| Untracked 
| 111|0x0000000086f00000, 0x0000000087000000, 0x0000000087000000|100%| O|  |TAMS 0x0000000087000000, 0x0000000086f00000| Untracked 
| 112|0x0000000087000000, 0x0000000087000000, 0x0000000087100000|  0%| F|  |TAMS 0x0000000087000000, 0x0000000087000000| Untracked 
| 113|0x0000000087100000, 0x0000000087200000, 0x0000000087200000|100%| O|  |TAMS 0x0000000087200000, 0x0000000087100000| Untracked 
| 114|0x0000000087200000, 0x0000000087200000, 0x0000000087300000|  0%| F|  |TAMS 0x0000000087200000, 0x0000000087200000| Untracked 
| 115|0x0000000087300000, 0x0000000087300000, 0x0000000087400000|  0%| F|  |TAMS 0x0000000087300000, 0x0000000087300000| Untracked 
| 116|0x0000000087400000, 0x0000000087500000, 0x0000000087500000|100%| O|  |TAMS 0x0000000087500000, 0x0000000087400000| Untracked 
| 117|0x0000000087500000, 0x0000000087600000, 0x0000000087600000|100%| O|  |TAMS 0x0000000087600000, 0x0000000087500000| Complete 
| 118|0x0000000087600000, 0x0000000087700000, 0x0000000087700000|100%| O|  |TAMS 0x0000000087700000, 0x0000000087600000| Untracked 
| 119|0x0000000087700000, 0x0000000087800000, 0x0000000087800000|100%| O|  |TAMS 0x0000000087800000, 0x0000000087700000| Complete 
| 120|0x0000000087800000, 0x0000000087800000, 0x0000000087900000|  0%| F|  |TAMS 0x0000000087800000, 0x0000000087800000| Untracked 
| 121|0x0000000087900000, 0x0000000087900000, 0x0000000087a00000|  0%| F|  |TAMS 0x0000000087900000, 0x0000000087900000| Untracked 
| 122|0x0000000087a00000, 0x0000000087a00000, 0x0000000087b00000|  0%| F|  |TAMS 0x0000000087a00000, 0x0000000087a00000| Untracked 
| 123|0x0000000087b00000, 0x0000000087b00000, 0x0000000087c00000|  0%| F|  |TAMS 0x0000000087b00000, 0x0000000087b00000| Untracked 
| 124|0x0000000087c00000, 0x0000000087c00000, 0x0000000087d00000|  0%| F|  |TAMS 0x0000000087c00000, 0x0000000087c00000| Untracked 
| 125|0x0000000087d00000, 0x0000000087d00000, 0x0000000087e00000|  0%| F|  |TAMS 0x0000000087d00000, 0x0000000087d00000| Untracked 
| 126|0x0000000087e00000, 0x0000000087f00000, 0x0000000087f00000|100%| O|  |TAMS 0x0000000087f00000, 0x0000000087e00000| Complete 
| 127|0x0000000087f00000, 0x0000000088000000, 0x0000000088000000|100%| O|  |TAMS 0x0000000088000000, 0x0000000087f00000| Complete 
| 128|0x0000000088000000, 0x0000000088000000, 0x0000000088100000|  0%| F|  |TAMS 0x0000000088000000, 0x0000000088000000| Untracked 
| 129|0x0000000088100000, 0x0000000088100000, 0x0000000088200000|  0%| F|  |TAMS 0x0000000088100000, 0x0000000088100000| Untracked 
| 130|0x0000000088200000, 0x0000000088200000, 0x0000000088300000|  0%| F|  |TAMS 0x0000000088200000, 0x0000000088200000| Untracked 
| 131|0x0000000088300000, 0x0000000088400000, 0x0000000088400000|100%| O|  |TAMS 0x0000000088400000, 0x0000000088300000| Complete 
| 132|0x0000000088400000, 0x0000000088500000, 0x0000000088500000|100%| O|  |TAMS 0x0000000088500000, 0x0000000088400000| Complete 
| 133|0x0000000088500000, 0x0000000088600000, 0x0000000088600000|100%| O|  |TAMS 0x0000000088600000, 0x0000000088500000| Untracked 
| 134|0x0000000088600000, 0x0000000088700000, 0x0000000088700000|100%| O|  |TAMS 0x0000000088700000, 0x0000000088600000| Untracked 
| 135|0x0000000088700000, 0x0000000088700000, 0x0000000088800000|  0%| F|  |TAMS 0x0000000088700000, 0x0000000088700000| Untracked 
| 136|0x0000000088800000, 0x0000000088900000, 0x0000000088900000|100%| O|  |TAMS 0x0000000088900000, 0x0000000088800000| Untracked 
| 137|0x0000000088900000, 0x0000000088900000, 0x0000000088a00000|  0%| F|  |TAMS 0x0000000088900000, 0x0000000088900000| Untracked 
| 138|0x0000000088a00000, 0x0000000088a00000, 0x0000000088b00000|  0%| F|  |TAMS 0x0000000088a00000, 0x0000000088a00000| Untracked 
| 139|0x0000000088b00000, 0x0000000088c00000, 0x0000000088c00000|100%| O|  |TAMS 0x0000000088c00000, 0x0000000088b00000| Untracked 
| 140|0x0000000088c00000, 0x0000000088d00000, 0x0000000088d00000|100%| O|  |TAMS 0x0000000088d00000, 0x0000000088c00000| Complete 
| 141|0x0000000088d00000, 0x0000000088e00000, 0x0000000088e00000|100%| O|  |TAMS 0x0000000088e00000, 0x0000000088d00000| Untracked 
| 142|0x0000000088e00000, 0x0000000088e00000, 0x0000000088f00000|  0%| F|  |TAMS 0x0000000088e00000, 0x0000000088e00000| Untracked 
| 143|0x0000000088f00000, 0x0000000088f00000, 0x0000000089000000|  0%| F|  |TAMS 0x0000000088f00000, 0x0000000088f00000| Untracked 
| 144|0x0000000089000000, 0x0000000089000000, 0x0000000089100000|  0%| F|  |TAMS 0x0000000089000000, 0x0000000089000000| Untracked 
| 145|0x0000000089100000, 0x0000000089100000, 0x0000000089200000|  0%| F|  |TAMS 0x0000000089100000, 0x0000000089100000| Untracked 
| 146|0x0000000089200000, 0x0000000089200000, 0x0000000089300000|  0%| F|  |TAMS 0x0000000089200000, 0x0000000089200000| Untracked 
| 147|0x0000000089300000, 0x0000000089300000, 0x0000000089400000|  0%| F|  |TAMS 0x0000000089300000, 0x0000000089300000| Untracked 
| 148|0x0000000089400000, 0x0000000089500000, 0x0000000089500000|100%| O|  |TAMS 0x0000000089500000, 0x0000000089400000| Complete 
| 149|0x0000000089500000, 0x0000000089500000, 0x0000000089600000|  0%| F|  |TAMS 0x0000000089500000, 0x0000000089500000| Untracked 
| 150|0x0000000089600000, 0x0000000089600000, 0x0000000089700000|  0%| F|  |TAMS 0x0000000089600000, 0x0000000089600000| Untracked 
| 151|0x0000000089700000, 0x0000000089800000, 0x0000000089800000|100%| O|  |TAMS 0x0000000089800000, 0x0000000089700000| Untracked 
| 152|0x0000000089800000, 0x0000000089800000, 0x0000000089900000|  0%| F|  |TAMS 0x0000000089800000, 0x0000000089800000| Untracked 
| 153|0x0000000089900000, 0x0000000089900000, 0x0000000089a00000|  0%| F|  |TAMS 0x0000000089900000, 0x0000000089900000| Untracked 
| 154|0x0000000089a00000, 0x0000000089a00000, 0x0000000089b00000|  0%| F|  |TAMS 0x0000000089a00000, 0x0000000089a00000| Untracked 
| 155|0x0000000089b00000, 0x0000000089b00000, 0x0000000089c00000|  0%| F|  |TAMS 0x0000000089b00000, 0x0000000089b00000| Untracked 
| 156|0x0000000089c00000, 0x0000000089d00000, 0x0000000089d00000|100%| O|  |TAMS 0x0000000089d00000, 0x0000000089c00000| Complete 
| 157|0x0000000089d00000, 0x0000000089e00000, 0x0000000089e00000|100%| O|  |TAMS 0x0000000089e00000, 0x0000000089d00000| Untracked 
| 158|0x0000000089e00000, 0x0000000089f00000, 0x0000000089f00000|100%| O|  |TAMS 0x0000000089f00000, 0x0000000089e00000| Untracked 
| 159|0x0000000089f00000, 0x000000008a000000, 0x000000008a000000|100%| O|  |TAMS 0x000000008a000000, 0x0000000089f00000| Untracked 
| 160|0x000000008a000000, 0x000000008a100000, 0x000000008a100000|100%| O|  |TAMS 0x000000008a100000, 0x000000008a000000| Untracked 
| 161|0x000000008a100000, 0x000000008a200000, 0x000000008a200000|100%| O|  |TAMS 0x000000008a200000, 0x000000008a100000| Untracked 
| 162|0x000000008a200000, 0x000000008a300000, 0x000000008a300000|100%| O|  |TAMS 0x000000008a300000, 0x000000008a200000| Untracked 
| 163|0x000000008a300000, 0x000000008a400000, 0x000000008a400000|100%| O|  |TAMS 0x000000008a400000, 0x000000008a300000| Untracked 
| 164|0x000000008a400000, 0x000000008a500000, 0x000000008a500000|100%| O|  |TAMS 0x000000008a500000, 0x000000008a400000| Untracked 
| 165|0x000000008a500000, 0x000000008a500000, 0x000000008a600000|  0%| F|  |TAMS 0x000000008a500000, 0x000000008a500000| Untracked 
| 166|0x000000008a600000, 0x000000008a600000, 0x000000008a700000|  0%| F|  |TAMS 0x000000008a600000, 0x000000008a600000| Untracked 
| 167|0x000000008a700000, 0x000000008a700000, 0x000000008a800000|  0%| F|  |TAMS 0x000000008a700000, 0x000000008a700000| Untracked 
| 168|0x000000008a800000, 0x000000008a800000, 0x000000008a900000|  0%| F|  |TAMS 0x000000008a800000, 0x000000008a800000| Untracked 
| 169|0x000000008a900000, 0x000000008a900000, 0x000000008aa00000|  0%| F|  |TAMS 0x000000008a900000, 0x000000008a900000| Untracked 
| 170|0x000000008aa00000, 0x000000008aa00000, 0x000000008ab00000|  0%| F|  |TAMS 0x000000008aa00000, 0x000000008aa00000| Untracked 
| 171|0x000000008ab00000, 0x000000008ab00000, 0x000000008ac00000|  0%| F|  |TAMS 0x000000008ab00000, 0x000000008ab00000| Untracked 
| 172|0x000000008ac00000, 0x000000008ac00000, 0x000000008ad00000|  0%| F|  |TAMS 0x000000008ac00000, 0x000000008ac00000| Untracked 
| 173|0x000000008ad00000, 0x000000008ad00000, 0x000000008ae00000|  0%| F|  |TAMS 0x000000008ad00000, 0x000000008ad00000| Untracked 
| 174|0x000000008ae00000, 0x000000008ae00000, 0x000000008af00000|  0%| F|  |TAMS 0x000000008ae00000, 0x000000008ae00000| Untracked 
| 175|0x000000008af00000, 0x000000008af00000, 0x000000008b000000|  0%| F|  |TAMS 0x000000008af00000, 0x000000008af00000| Untracked 
| 176|0x000000008b000000, 0x000000008b000000, 0x000000008b100000|  0%| F|  |TAMS 0x000000008b000000, 0x000000008b000000| Untracked 
| 177|0x000000008b100000, 0x000000008b100000, 0x000000008b200000|  0%| F|  |TAMS 0x000000008b100000, 0x000000008b100000| Untracked 
| 178|0x000000008b200000, 0x000000008b200000, 0x000000008b300000|  0%| F|  |TAMS 0x000000008b200000, 0x000000008b200000| Untracked 
| 179|0x000000008b300000, 0x000000008b300000, 0x000000008b400000|  0%| F|  |TAMS 0x000000008b300000, 0x000000008b300000| Untracked 
| 180|0x000000008b400000, 0x000000008b400000, 0x000000008b500000|  0%| F|  |TAMS 0x000000008b400000, 0x000000008b400000| Untracked 
| 181|0x000000008b500000, 0x000000008b500000, 0x000000008b600000|  0%| F|  |TAMS 0x000000008b500000, 0x000000008b500000| Untracked 
| 182|0x000000008b600000, 0x000000008b600000, 0x000000008b700000|  0%| F|  |TAMS 0x000000008b600000, 0x000000008b600000| Untracked 
| 183|0x000000008b700000, 0x000000008b700000, 0x000000008b800000|  0%| F|  |TAMS 0x000000008b700000, 0x000000008b700000| Untracked 
| 184|0x000000008b800000, 0x000000008b800000, 0x000000008b900000|  0%| F|  |TAMS 0x000000008b800000, 0x000000008b800000| Untracked 
| 185|0x000000008b900000, 0x000000008b900000, 0x000000008ba00000|  0%| F|  |TAMS 0x000000008b900000, 0x000000008b900000| Untracked 
| 186|0x000000008ba00000, 0x000000008ba00000, 0x000000008bb00000|  0%| F|  |TAMS 0x000000008ba00000, 0x000000008ba00000| Untracked 
| 187|0x000000008bb00000, 0x000000008bb00000, 0x000000008bc00000|  0%| F|  |TAMS 0x000000008bb00000, 0x000000008bb00000| Untracked 
| 188|0x000000008bc00000, 0x000000008bc00000, 0x000000008bd00000|  0%| F|  |TAMS 0x000000008bc00000, 0x000000008bc00000| Untracked 
| 189|0x000000008bd00000, 0x000000008bd00000, 0x000000008be00000|  0%| F|  |TAMS 0x000000008bd00000, 0x000000008bd00000| Untracked 
| 190|0x000000008be00000, 0x000000008be00000, 0x000000008bf00000|  0%| F|  |TAMS 0x000000008be00000, 0x000000008be00000| Untracked 
| 191|0x000000008bf00000, 0x000000008bf00000, 0x000000008c000000|  0%| F|  |TAMS 0x000000008bf00000, 0x000000008bf00000| Untracked 
| 192|0x000000008c000000, 0x000000008c000000, 0x000000008c100000|  0%| F|  |TAMS 0x000000008c000000, 0x000000008c000000| Untracked 
| 193|0x000000008c100000, 0x000000008c100000, 0x000000008c200000|  0%| F|  |TAMS 0x000000008c100000, 0x000000008c100000| Untracked 
| 194|0x000000008c200000, 0x000000008c200000, 0x000000008c300000|  0%| F|  |TAMS 0x000000008c200000, 0x000000008c200000| Untracked 
| 195|0x000000008c300000, 0x000000008c300000, 0x000000008c400000|  0%| F|  |TAMS 0x000000008c300000, 0x000000008c300000| Untracked 
| 196|0x000000008c400000, 0x000000008c400000, 0x000000008c500000|  0%| F|  |TAMS 0x000000008c400000, 0x000000008c400000| Untracked 
| 197|0x000000008c500000, 0x000000008c5fdec0, 0x000000008c600000| 99%| S|CS|TAMS 0x000000008c500000, 0x000000008c500000| Complete 
| 198|0x000000008c600000, 0x000000008c700000, 0x000000008c700000|100%| S|CS|TAMS 0x000000008c600000, 0x000000008c600000| Complete 
| 199|0x000000008c700000, 0x000000008c800000, 0x000000008c800000|100%| S|CS|TAMS 0x000000008c700000, 0x000000008c700000| Complete 
| 200|0x000000008c800000, 0x000000008c900000, 0x000000008c900000|100%| S|CS|TAMS 0x000000008c800000, 0x000000008c800000| Complete 
| 201|0x000000008c900000, 0x000000008ca00000, 0x000000008ca00000|100%| S|CS|TAMS 0x000000008c900000, 0x000000008c900000| Complete 
| 202|0x000000008ca00000, 0x000000008ca00000, 0x000000008cb00000|  0%| F|  |TAMS 0x000000008ca00000, 0x000000008ca00000| Untracked 
| 203|0x000000008cb00000, 0x000000008cb5b590, 0x000000008cc00000| 35%| E|  |TAMS 0x000000008cb00000, 0x000000008cb00000| Complete 
| 204|0x000000008cc00000, 0x000000008cd00000, 0x000000008cd00000|100%| E|CS|TAMS 0x000000008cc00000, 0x000000008cc00000| Complete 
| 205|0x000000008cd00000, 0x000000008ce00000, 0x000000008ce00000|100%| E|CS|TAMS 0x000000008cd00000, 0x000000008cd00000| Complete 
| 206|0x000000008ce00000, 0x000000008cf00000, 0x000000008cf00000|100%| E|CS|TAMS 0x000000008ce00000, 0x000000008ce00000| Complete 
| 207|0x000000008cf00000, 0x000000008d000000, 0x000000008d000000|100%| E|CS|TAMS 0x000000008cf00000, 0x000000008cf00000| Complete 
| 208|0x000000008d000000, 0x000000008d100000, 0x000000008d100000|100%| E|CS|TAMS 0x000000008d000000, 0x000000008d000000| Complete 
| 209|0x000000008d100000, 0x000000008d200000, 0x000000008d200000|100%| E|CS|TAMS 0x000000008d100000, 0x000000008d100000| Complete 
| 210|0x000000008d200000, 0x000000008d300000, 0x000000008d300000|100%| E|CS|TAMS 0x000000008d200000, 0x000000008d200000| Complete 
| 211|0x000000008d300000, 0x000000008d400000, 0x000000008d400000|100%| E|CS|TAMS 0x000000008d300000, 0x000000008d300000| Complete 
| 212|0x000000008d400000, 0x000000008d500000, 0x000000008d500000|100%| E|CS|TAMS 0x000000008d400000, 0x000000008d400000| Complete 
| 213|0x000000008d500000, 0x000000008d600000, 0x000000008d600000|100%| E|CS|TAMS 0x000000008d500000, 0x000000008d500000| Complete 
| 214|0x000000008d600000, 0x000000008d700000, 0x000000008d700000|100%| E|CS|TAMS 0x000000008d600000, 0x000000008d600000| Complete 
| 215|0x000000008d700000, 0x000000008d800000, 0x000000008d800000|100%| E|CS|TAMS 0x000000008d700000, 0x000000008d700000| Complete 
| 216|0x000000008d800000, 0x000000008d900000, 0x000000008d900000|100%| E|CS|TAMS 0x000000008d800000, 0x000000008d800000| Complete 
| 217|0x000000008d900000, 0x000000008da00000, 0x000000008da00000|100%| E|CS|TAMS 0x000000008d900000, 0x000000008d900000| Complete 
| 218|0x000000008da00000, 0x000000008db00000, 0x000000008db00000|100%| E|CS|TAMS 0x000000008da00000, 0x000000008da00000| Complete 
| 219|0x000000008db00000, 0x000000008dc00000, 0x000000008dc00000|100%| E|CS|TAMS 0x000000008db00000, 0x000000008db00000| Complete 
| 220|0x000000008dc00000, 0x000000008dd00000, 0x000000008dd00000|100%| E|CS|TAMS 0x000000008dc00000, 0x000000008dc00000| Complete 
| 221|0x000000008dd00000, 0x000000008de00000, 0x000000008de00000|100%| E|CS|TAMS 0x000000008dd00000, 0x000000008dd00000| Complete 
| 222|0x000000008de00000, 0x000000008df00000, 0x000000008df00000|100%| E|CS|TAMS 0x000000008de00000, 0x000000008de00000| Complete 
| 223|0x000000008df00000, 0x000000008e000000, 0x000000008e000000|100%| E|CS|TAMS 0x000000008df00000, 0x000000008df00000| Complete 
| 224|0x000000008e000000, 0x000000008e100000, 0x000000008e100000|100%| E|CS|TAMS 0x000000008e000000, 0x000000008e000000| Complete 
| 225|0x000000008e100000, 0x000000008e200000, 0x000000008e200000|100%| E|CS|TAMS 0x000000008e100000, 0x000000008e100000| Complete 
| 226|0x000000008e200000, 0x000000008e300000, 0x000000008e300000|100%| E|CS|TAMS 0x000000008e200000, 0x000000008e200000| Complete 
| 227|0x000000008e300000, 0x000000008e400000, 0x000000008e400000|100%| E|CS|TAMS 0x000000008e300000, 0x000000008e300000| Complete 
| 228|0x000000008e400000, 0x000000008e500000, 0x000000008e500000|100%| E|CS|TAMS 0x000000008e400000, 0x000000008e400000| Complete 
| 229|0x000000008e500000, 0x000000008e600000, 0x000000008e600000|100%| E|CS|TAMS 0x000000008e500000, 0x000000008e500000| Complete 
| 230|0x000000008e600000, 0x000000008e700000, 0x000000008e700000|100%| E|CS|TAMS 0x000000008e600000, 0x000000008e600000| Complete 
| 231|0x000000008e700000, 0x000000008e800000, 0x000000008e800000|100%| E|CS|TAMS 0x000000008e700000, 0x000000008e700000| Complete 
| 232|0x000000008e800000, 0x000000008e900000, 0x000000008e900000|100%| E|CS|TAMS 0x000000008e800000, 0x000000008e800000| Complete 
| 233|0x000000008e900000, 0x000000008ea00000, 0x000000008ea00000|100%| E|CS|TAMS 0x000000008e900000, 0x000000008e900000| Complete 
| 234|0x000000008ea00000, 0x000000008eb00000, 0x000000008eb00000|100%| E|CS|TAMS 0x000000008ea00000, 0x000000008ea00000| Complete 
| 235|0x000000008eb00000, 0x000000008ec00000, 0x000000008ec00000|100%| E|CS|TAMS 0x000000008eb00000, 0x000000008eb00000| Complete 
| 236|0x000000008ec00000, 0x000000008ed00000, 0x000000008ed00000|100%| E|CS|TAMS 0x000000008ec00000, 0x000000008ec00000| Complete 
| 237|0x000000008ed00000, 0x000000008ee00000, 0x000000008ee00000|100%| E|CS|TAMS 0x000000008ed00000, 0x000000008ed00000| Complete 
| 238|0x000000008ee00000, 0x000000008ef00000, 0x000000008ef00000|100%| E|CS|TAMS 0x000000008ee00000, 0x000000008ee00000| Complete 
| 239|0x000000008ef00000, 0x000000008f000000, 0x000000008f000000|100%| E|CS|TAMS 0x000000008ef00000, 0x000000008ef00000| Complete 
| 240|0x000000008f000000, 0x000000008f100000, 0x000000008f100000|100%| E|CS|TAMS 0x000000008f000000, 0x000000008f000000| Complete 
| 241|0x000000008f100000, 0x000000008f200000, 0x000000008f200000|100%| E|CS|TAMS 0x000000008f100000, 0x000000008f100000| Complete 
| 242|0x000000008f200000, 0x000000008f300000, 0x000000008f300000|100%| E|CS|TAMS 0x000000008f200000, 0x000000008f200000| Complete 
| 243|0x000000008f300000, 0x000000008f400000, 0x000000008f400000|100%| E|CS|TAMS 0x000000008f300000, 0x000000008f300000| Complete 
| 244|0x000000008f400000, 0x000000008f500000, 0x000000008f500000|100%| E|CS|TAMS 0x000000008f400000, 0x000000008f400000| Complete 
| 245|0x000000008f500000, 0x000000008f600000, 0x000000008f600000|100%| E|CS|TAMS 0x000000008f500000, 0x000000008f500000| Complete 
| 246|0x000000008f600000, 0x000000008f700000, 0x000000008f700000|100%| E|CS|TAMS 0x000000008f600000, 0x000000008f600000| Complete 
| 247|0x000000008f700000, 0x000000008f800000, 0x000000008f800000|100%| E|CS|TAMS 0x000000008f700000, 0x000000008f700000| Complete 
| 248|0x000000008f800000, 0x000000008f900000, 0x000000008f900000|100%| E|CS|TAMS 0x000000008f800000, 0x000000008f800000| Complete 
| 249|0x000000008f900000, 0x000000008fa00000, 0x000000008fa00000|100%| E|CS|TAMS 0x000000008f900000, 0x000000008f900000| Complete 
| 250|0x000000008fa00000, 0x000000008fb00000, 0x000000008fb00000|100%| E|CS|TAMS 0x000000008fa00000, 0x000000008fa00000| Complete 
| 251|0x000000008fb00000, 0x000000008fc00000, 0x000000008fc00000|100%| E|CS|TAMS 0x000000008fb00000, 0x000000008fb00000| Complete 
| 252|0x000000008fc00000, 0x000000008fd00000, 0x000000008fd00000|100%| E|CS|TAMS 0x000000008fc00000, 0x000000008fc00000| Complete 
| 253|0x000000008fd00000, 0x000000008fe00000, 0x000000008fe00000|100%| E|CS|TAMS 0x000000008fd00000, 0x000000008fd00000| Complete 
| 254|0x000000008fe00000, 0x000000008ff00000, 0x000000008ff00000|100%| E|CS|TAMS 0x000000008fe00000, 0x000000008fe00000| Complete 
| 255|0x000000008ff00000, 0x0000000090000000, 0x0000000090000000|100%| E|CS|TAMS 0x000000008ff00000, 0x000000008ff00000| Complete 
| 256|0x0000000090000000, 0x0000000090100000, 0x0000000090100000|100%| E|CS|TAMS 0x0000000090000000, 0x0000000090000000| Complete 
| 257|0x0000000090100000, 0x0000000090200000, 0x0000000090200000|100%| E|CS|TAMS 0x0000000090100000, 0x0000000090100000| Complete 
| 258|0x0000000090200000, 0x0000000090300000, 0x0000000090300000|100%| E|CS|TAMS 0x0000000090200000, 0x0000000090200000| Complete 
| 259|0x0000000090300000, 0x0000000090400000, 0x0000000090400000|100%| E|CS|TAMS 0x0000000090300000, 0x0000000090300000| Complete 
| 260|0x0000000090400000, 0x0000000090500000, 0x0000000090500000|100%| E|CS|TAMS 0x0000000090400000, 0x0000000090400000| Complete 
| 261|0x0000000090500000, 0x0000000090600000, 0x0000000090600000|100%| E|CS|TAMS 0x0000000090500000, 0x0000000090500000| Complete 
| 262|0x0000000090600000, 0x0000000090700000, 0x0000000090700000|100%| E|CS|TAMS 0x0000000090600000, 0x0000000090600000| Complete 
| 263|0x0000000090700000, 0x0000000090800000, 0x0000000090800000|100%| E|CS|TAMS 0x0000000090700000, 0x0000000090700000| Complete 
| 264|0x0000000090800000, 0x0000000090900000, 0x0000000090900000|100%| E|CS|TAMS 0x0000000090800000, 0x0000000090800000| Complete 
| 265|0x0000000090900000, 0x0000000090a00000, 0x0000000090a00000|100%| E|CS|TAMS 0x0000000090900000, 0x0000000090900000| Complete 
| 266|0x0000000090a00000, 0x0000000090b00000, 0x0000000090b00000|100%| E|CS|TAMS 0x0000000090a00000, 0x0000000090a00000| Complete 

Card table byte_map: [0x0000023b148c0000,0x0000023b14cc0000] _byte_map_base: 0x0000023b144c0000

Marking Bits (Prev, Next): (CMBitMap*) 0x0000023b7e8de7d8, (CMBitMap*) 0x0000023b7e8de810
 Prev Bits: [0x0000023b150c0000, 0x0000023b170c0000)
 Next Bits: [0x0000023b170c0000, 0x0000023b190c0000)

Polling page: 0x0000023b01410000

Metaspace:

Usage:
  Non-class:    120.73 MB capacity,   118.49 MB ( 98%) used,     1.79 MB (  1%) free+waste,   467.25 KB ( <1%) overhead. 
      Class:     17.96 MB capacity,    16.60 MB ( 92%) used,     1.15 MB (  6%) free+waste,   204.12 KB (  1%) overhead. 
       Both:    138.69 MB capacity,   135.09 MB ( 97%) used,     2.94 MB (  2%) free+waste,   671.38 KB ( <1%) overhead. 

Virtual space:
  Non-class space:      122.00 MB reserved,     121.25 MB (>99%) committed 
      Class space:        1.00 GB reserved,      18.32 MB (  2%) committed 
             Both:        1.12 GB reserved,     139.57 MB ( 12%) committed 

Chunk freelists:
   Non-Class:  339.00 KB
       Class:  302.00 KB
        Both:  641.00 KB

MaxMetaspaceSize: 17179869184.00 GB
CompressedClassSpaceSize: 1.00 GB
Initial GC threshold: 20.80 MB
Current GC threshold: 231.79 MB
CDS: off

CodeHeap 'non-profiled nmethods': size=120064Kb used=21520Kb max_used=21520Kb free=98543Kb
 bounds [0x0000023b0c940000, 0x0000023b0de50000, 0x0000023b13e80000]
CodeHeap 'profiled nmethods': size=120000Kb used=49482Kb max_used=49482Kb free=70517Kb
 bounds [0x0000023b05410000, 0x0000023b08470000, 0x0000023b0c940000]
CodeHeap 'non-nmethods': size=5696Kb used=2475Kb max_used=2554Kb free=3220Kb
 bounds [0x0000023b04e80000, 0x0000023b05110000, 0x0000023b05410000]
 total_blobs=23291 nmethods=22277 adapters=924
 compilation: enabled
              stopped_count=0, restarted_count=0
 full_count=0

Compilation events (20 events):
Event: 3016.708 Thread 0x0000023b1c0e4000 nmethod 26734 0x0000023b08453390 code [0x0000023b08453600, 0x0000023b08454478]
Event: 3016.708 Thread 0x0000023b1c0e4000 26736       3       com.sun.tools.javac.util.Bits$BitsState::getState (23 bytes)
Event: 3016.708 Thread 0x0000023b1c0e4000 nmethod 26736 0x0000023b08454a90 code [0x0000023b08454c40, 0x0000023b08454dd8]
Event: 3016.708 Thread 0x0000023b1c0e4000 26735       3       java.lang.Float::floatToIntBits (15 bytes)
Event: 3016.709 Thread 0x0000023b1c0e4000 nmethod 26735 0x0000023b08454e90 code [0x0000023b08455040, 0x0000023b08455258]
Event: 3016.709 Thread 0x0000023b1c0e4000 26732       3       com.sun.tools.javac.comp.Lower::visitSelect (258 bytes)
Event: 3016.712 Thread 0x0000023b1c0e4000 nmethod 26732 0x0000023b08455310 code [0x0000023b084556a0, 0x0000023b08456f38]
Event: 3016.771 Thread 0x0000023b1c0e4000 26737       3       com.sun.tools.javac.comp.Check$Validator::visitTree (1 bytes)
Event: 3016.771 Thread 0x0000023b1c0e4000 nmethod 26737 0x0000023b08457810 code [0x0000023b084579c0, 0x0000023b08457ab8]
Event: 3016.774 Thread 0x0000023b1c0e4000 26738       3       com.sun.tools.javac.code.Types::insert (80 bytes)
Event: 3016.775 Thread 0x0000023b1c0e4000 nmethod 26738 0x0000023b08457b90 code [0x0000023b08457e40, 0x0000023b08458e98]
Event: 3016.775 Thread 0x0000023b1c0e4000 26739       3       com.sun.tools.javac.comp.Infer$CheckBounds$$Lambda$1337/0x0000000100ece840::apply (12 bytes)
Event: 3016.776 Thread 0x0000023b1c0e4000 nmethod 26739 0x0000023b08459290 code [0x0000023b084594a0, 0x0000023b08459bf8]
Event: 3016.776 Thread 0x0000023b1c0e4000 26740       3       com.sun.tools.javac.comp.Infer$BoundFilter::accepts (9 bytes)
Event: 3016.777 Thread 0x0000023b1c0e4000 nmethod 26740 0x0000023b08459e90 code [0x0000023b0845a0a0, 0x0000023b0845a7a8]
Event: 3016.777 Thread 0x0000023b1c0e4000 26741       3       com.sun.tools.javac.code.Type$UndetVar::addBound (160 bytes)
Event: 3016.781 Thread 0x0000023b1c0e4000 nmethod 26741 0x0000023b0845a990 code [0x0000023b0845ad00, 0x0000023b0845c9e8]
Event: 3016.782 Thread 0x0000023b1c0e4000 26742       3       com.sun.tools.javac.code.Type$UndetVar::notifyBoundChange (21 bytes)
Event: 3016.782 Thread 0x0000023b1c0e4000 nmethod 26742 0x0000023b0845d290 code [0x0000023b0845d440, 0x0000023b0845d648]
Event: 3016.823 Thread 0x0000023b1c0e4000 26743       3       com.sun.tools.javac.comp.Resolve$10::doLookup (33 bytes)

GC Heap History (20 events):
Event: 2959.211 GC heap before
{Heap before GC invocations=104 (full 0):
 garbage-first heap   total 273408K, used 228152K [0x0000000080000000, 0x0000000100000000)
  region size 1024K, 81 young (82944K), 11 survivors (11264K)
 Metaspace       used 136191K, capacity 139825K, committed 140748K, reserved 1171456K
  class space    used 16896K, capacity 18291K, committed 18636K, reserved 1048576K
}
Event: 2959.269 GC heap after
{Heap after GC invocations=105 (full 0):
 garbage-first heap   total 273408K, used 159287K [0x0000000080000000, 0x0000000100000000)
  region size 1024K, 11 young (11264K), 11 survivors (11264K)
 Metaspace       used 136191K, capacity 139825K, committed 140748K, reserved 1171456K
  class space    used 16896K, capacity 18291K, committed 18636K, reserved 1048576K
}
Event: 2959.346 GC heap before
{Heap before GC invocations=105 (full 0):
 garbage-first heap   total 273408K, used 160311K [0x0000000080000000, 0x0000000100000000)
  region size 1024K, 13 young (13312K), 11 survivors (11264K)
 Metaspace       used 136191K, capacity 139825K, committed 140748K, reserved 1171456K
  class space    used 16896K, capacity 18291K, committed 18636K, reserved 1048576K
}
Event: 2959.403 GC heap after
{Heap after GC invocations=106 (full 0):
 garbage-first heap   total 273408K, used 149504K [0x0000000080000000, 0x0000000100000000)
  region size 1024K, 2 young (2048K), 2 survivors (2048K)
 Metaspace       used 136191K, capacity 139825K, committed 140748K, reserved 1171456K
  class space    used 16896K, capacity 18291K, committed 18636K, reserved 1048576K
}
Event: 2963.421 GC heap before
{Heap before GC invocations=106 (full 0):
 garbage-first heap   total 273408K, used 180224K [0x0000000080000000, 0x0000000100000000)
  region size 1024K, 34 young (34816K), 2 survivors (2048K)
 Metaspace       used 136224K, capacity 139829K, committed 140748K, reserved 1171456K
  class space    used 16896K, capacity 18291K, committed 18636K, reserved 1048576K
}
Event: 2963.446 GC heap after
{Heap after GC invocations=107 (full 0):
 garbage-first heap   total 273408K, used 154328K [0x0000000080000000, 0x0000000100000000)
  region size 1024K, 7 young (7168K), 7 survivors (7168K)
 Metaspace       used 136224K, capacity 139829K, committed 140748K, reserved 1171456K
  class space    used 16896K, capacity 18291K, committed 18636K, reserved 1048576K
}
Event: 2964.709 GC heap before
{Heap before GC invocations=108 (full 0):
 garbage-first heap   total 273408K, used 241368K [0x0000000080000000, 0x0000000100000000)
  region size 1024K, 68 young (69632K), 7 survivors (7168K)
 Metaspace       used 136264K, capacity 139893K, committed 140748K, reserved 1171456K
  class space    used 16896K, capacity 18291K, committed 18636K, reserved 1048576K
}
Event: 2964.731 GC heap after
{Heap after GC invocations=109 (full 0):
 garbage-first heap   total 273408K, used 159424K [0x0000000080000000, 0x0000000100000000)
  region size 1024K, 9 young (9216K), 9 survivors (9216K)
 Metaspace       used 136264K, capacity 139893K, committed 140748K, reserved 1171456K
  class space    used 16896K, capacity 18291K, committed 18636K, reserved 1048576K
}
Event: 2964.797 GC heap before
{Heap before GC invocations=109 (full 0):
 garbage-first heap   total 273408K, used 163520K [0x0000000080000000, 0x0000000100000000)
  region size 1024K, 13 young (13312K), 9 survivors (9216K)
 Metaspace       used 136267K, capacity 139893K, committed 140748K, reserved 1171456K
  class space    used 16896K, capacity 18291K, committed 18636K, reserved 1048576K
}
Event: 2964.819 GC heap after
{Heap after GC invocations=110 (full 0):
 garbage-first heap   total 273408K, used 158701K [0x0000000080000000, 0x0000000100000000)
  region size 1024K, 2 young (2048K), 2 survivors (2048K)
 Metaspace       used 136267K, capacity 139893K, committed 140748K, reserved 1171456K
  class space    used 16896K, capacity 18291K, committed 18636K, reserved 1048576K
}
Event: 2965.519 GC heap before
{Heap before GC invocations=110 (full 0):
 garbage-first heap   total 273408K, used 216045K [0x0000000080000000, 0x0000000100000000)
  region size 1024K, 59 young (60416K), 2 survivors (2048K)
 Metaspace       used 136608K, capacity 140253K, committed 141132K, reserved 1171456K
  class space    used 16921K, capacity 18323K, committed 18764K, reserved 1048576K
}
Event: 2965.540 GC heap after
{Heap after GC invocations=111 (full 0):
 garbage-first heap   total 273408K, used 165021K [0x0000000080000000, 0x0000000100000000)
  region size 1024K, 8 young (8192K), 8 survivors (8192K)
 Metaspace       used 136608K, capacity 140253K, committed 141132K, reserved 1171456K
  class space    used 16921K, capacity 18323K, committed 18764K, reserved 1048576K
}
Event: 2967.215 GC heap before
{Heap before GC invocations=112 (full 0):
 garbage-first heap   total 273408K, used 198813K [0x0000000080000000, 0x0000000100000000)
  region size 1024K, 62 young (63488K), 8 survivors (8192K)
 Metaspace       used 136844K, capacity 140457K, committed 141388K, reserved 1171456K
  class space    used 16932K, capacity 18324K, committed 18764K, reserved 1048576K
}
Event: 2967.238 GC heap after
{Heap after GC invocations=113 (full 0):
 garbage-first heap   total 273408K, used 140792K [0x0000000080000000, 0x0000000100000000)
  region size 1024K, 2 young (2048K), 2 survivors (2048K)
 Metaspace       used 136844K, capacity 140457K, committed 141388K, reserved 1171456K
  class space    used 16932K, capacity 18324K, committed 18764K, reserved 1048576K
}
Event: 2968.642 GC heap before
{Heap before GC invocations=113 (full 0):
 garbage-first heap   total 273408K, used 151032K [0x0000000080000000, 0x0000000100000000)
  region size 1024K, 13 young (13312K), 2 survivors (2048K)
 Metaspace       used 136854K, capacity 140457K, committed 141388K, reserved 1171456K
  class space    used 16932K, capacity 18324K, committed 18764K, reserved 1048576K
}
Event: 2968.666 GC heap after
{Heap after GC invocations=114 (full 0):
 garbage-first heap   total 273408K, used 129384K [0x0000000080000000, 0x0000000100000000)
  region size 1024K, 2 young (2048K), 2 survivors (2048K)
 Metaspace       used 136854K, capacity 140457K, committed 141388K, reserved 1171456K
  class space    used 16932K, capacity 18324K, committed 18764K, reserved 1048576K
}
Event: 3000.031 GC heap before
{Heap before GC invocations=114 (full 0):
 garbage-first heap   total 273408K, used 213352K [0x0000000080000000, 0x0000000100000000)
  region size 1024K, 83 young (84992K), 2 survivors (2048K)
 Metaspace       used 137046K, capacity 140712K, committed 141644K, reserved 1171456K
  class space    used 16944K, capacity 18344K, committed 18764K, reserved 1048576K
}
Event: 3000.057 GC heap after
{Heap after GC invocations=115 (full 0):
 garbage-first heap   total 273408K, used 136988K [0x0000000080000000, 0x0000000100000000)
  region size 1024K, 9 young (9216K), 9 survivors (9216K)
 Metaspace       used 137046K, capacity 140712K, committed 141644K, reserved 1171456K
  class space    used 16944K, capacity 18344K, committed 18764K, reserved 1048576K
}
Event: 3005.622 GC heap before
{Heap before GC invocations=115 (full 0):
 garbage-first heap   total 273408K, used 201500K [0x0000000080000000, 0x0000000100000000)
  region size 1024K, 74 young (75776K), 9 survivors (9216K)
 Metaspace       used 137758K, capacity 141438K, committed 142412K, reserved 1173504K
  class space    used 16987K, capacity 18349K, committed 18764K, reserved 1048576K
}
Event: 3005.658 GC heap after
{Heap after GC invocations=116 (full 0):
 garbage-first heap   total 273408K, used 138716K [0x0000000080000000, 0x0000000100000000)
  region size 1024K, 5 young (5120K), 5 survivors (5120K)
 Metaspace       used 137758K, capacity 141438K, committed 142412K, reserved 1173504K
  class space    used 16987K, capacity 18349K, committed 18764K, reserved 1048576K
}

Deoptimization events (20 events):
Event: 3015.657 Thread 0x0000023b1ffd5000 Uncommon trap: trap_request=0xffffff6e fr.pc=0x0000023b0d3ef35c relative=0x000000000000227c
Event: 3015.657 Thread 0x0000023b1ffd5000 Uncommon trap: reason=speculate_class_check action=maybe_recompile pc=0x0000023b0d3ef35c method=com.sun.tools.javac.code.Type.hasTag(Lcom/sun/tools/javac/code/TypeTag;)Z @ 2 c2
Event: 3015.657 Thread 0x0000023b1ffd5000 DEOPT PACKING pc=0x0000023b0d3ef35c sp=0x000000d798cf7f40
Event: 3015.657 Thread 0x0000023b1ffd5000 DEOPT UNPACKING pc=0x0000023b04eca1af sp=0x000000d798cf7ea0 mode 2
Event: 3015.657 Thread 0x0000023b1ffd5000 Uncommon trap: trap_request=0xffffff6e fr.pc=0x0000023b0d3ef35c relative=0x000000000000227c
Event: 3015.658 Thread 0x0000023b1ffd5000 Uncommon trap: reason=speculate_class_check action=maybe_recompile pc=0x0000023b0d3ef35c method=com.sun.tools.javac.code.Type.hasTag(Lcom/sun/tools/javac/code/TypeTag;)Z @ 2 c2
Event: 3015.658 Thread 0x0000023b1ffd5000 DEOPT PACKING pc=0x0000023b0d3ef35c sp=0x000000d798cf7f40
Event: 3015.658 Thread 0x0000023b1ffd5000 DEOPT UNPACKING pc=0x0000023b04eca1af sp=0x000000d798cf7ea0 mode 2
Event: 3015.717 Thread 0x0000023b1ffd5000 Uncommon trap: trap_request=0xffffffde fr.pc=0x0000023b0cb9fbc4 relative=0x0000000000002764
Event: 3015.717 Thread 0x0000023b1ffd5000 Uncommon trap: reason=class_check action=maybe_recompile pc=0x0000023b0cb9fbc4 method=com.sun.tools.javac.code.Types.union(Lcom/sun/tools/javac/util/List;Lcom/sun/tools/javac/util/List;Ljava/util/function/BiPredicate;)Lcom/sun/tools/javac/util/List; @ 58 
Event: 3015.717 Thread 0x0000023b1ffd5000 DEOPT PACKING pc=0x0000023b0cb9fbc4 sp=0x000000d798cf8400
Event: 3015.717 Thread 0x0000023b1ffd5000 DEOPT UNPACKING pc=0x0000023b04eca1af sp=0x000000d798cf83e8 mode 2
Event: 3015.717 Thread 0x0000023b1ffd5000 Uncommon trap: trap_request=0xffffffde fr.pc=0x0000023b0cb9fba0 relative=0x0000000000002740
Event: 3015.717 Thread 0x0000023b1ffd5000 Uncommon trap: reason=class_check action=maybe_recompile pc=0x0000023b0cb9fba0 method=com.sun.tools.javac.code.Types.union(Lcom/sun/tools/javac/util/List;Lcom/sun/tools/javac/util/List;Ljava/util/function/BiPredicate;)Lcom/sun/tools/javac/util/List; @ 58 
Event: 3015.717 Thread 0x0000023b1ffd5000 DEOPT PACKING pc=0x0000023b0cb9fba0 sp=0x000000d798cf84a0
Event: 3015.717 Thread 0x0000023b1ffd5000 DEOPT UNPACKING pc=0x0000023b04eca1af sp=0x000000d798cf8410 mode 2
Event: 3015.717 Thread 0x0000023b1ffd5000 Uncommon trap: trap_request=0xffffffde fr.pc=0x0000023b0cb9fbe0 relative=0x0000000000002780
Event: 3015.717 Thread 0x0000023b1ffd5000 Uncommon trap: reason=class_check action=maybe_recompile pc=0x0000023b0cb9fbe0 method=com.sun.tools.javac.code.Types.union(Lcom/sun/tools/javac/util/List;Lcom/sun/tools/javac/util/List;Ljava/util/function/BiPredicate;)Lcom/sun/tools/javac/util/List; @ 58 
Event: 3015.717 Thread 0x0000023b1ffd5000 DEOPT PACKING pc=0x0000023b0cb9fbe0 sp=0x000000d798cf8540
Event: 3015.717 Thread 0x0000023b1ffd5000 DEOPT UNPACKING pc=0x0000023b04eca1af sp=0x000000d798cf84b0 mode 2

Classes redefined (0 events):
No events

Internal exceptions (20 events):
Event: 3013.477 Thread 0x0000023b1ffd5000 Exception <a 'sun/nio/fs/WindowsException'{0x000000008db1f3c0}> (0x000000008db1f3c0) thrown at [src/hotspot/share/prims/jni.cpp, line 617]
Event: 3013.481 Thread 0x0000023b1ffd5000 Exception <a 'sun/nio/fs/WindowsException'{0x000000008db1f568}> (0x000000008db1f568) thrown at [src/hotspot/share/prims/jni.cpp, line 617]
Event: 3013.539 Thread 0x0000023b1ffd5000 Exception <a 'sun/nio/fs/WindowsException'{0x000000008db7b638}> (0x000000008db7b638) thrown at [src/hotspot/share/prims/jni.cpp, line 617]
Event: 3013.539 Thread 0x0000023b1ffd5000 Exception <a 'sun/nio/fs/WindowsException'{0x000000008db7b7c0}> (0x000000008db7b7c0) thrown at [src/hotspot/share/prims/jni.cpp, line 617]
Event: 3013.939 Thread 0x0000023b1ffd5000 Exception <a 'sun/nio/fs/WindowsException'{0x000000008d866418}> (0x000000008d866418) thrown at [src/hotspot/share/prims/jni.cpp, line 617]
Event: 3014.226 Thread 0x0000023b1ffd5000 Exception <a 'sun/nio/fs/WindowsException'{0x000000008d781518}> (0x000000008d781518) thrown at [src/hotspot/share/prims/jni.cpp, line 617]
Event: 3014.226 Thread 0x0000023b1ffd5000 Exception <a 'sun/nio/fs/WindowsException'{0x000000008d7816c0}> (0x000000008d7816c0) thrown at [src/hotspot/share/prims/jni.cpp, line 617]
Event: 3014.230 Thread 0x0000023b1ffd5000 Exception <a 'sun/nio/fs/WindowsException'{0x000000008d7b4d98}> (0x000000008d7b4d98) thrown at [src/hotspot/share/prims/jni.cpp, line 617]
Event: 3014.230 Thread 0x0000023b1ffd5000 Exception <a 'sun/nio/fs/WindowsException'{0x000000008d7b4f38}> (0x000000008d7b4f38) thrown at [src/hotspot/share/prims/jni.cpp, line 617]
Event: 3015.137 Thread 0x0000023b1ffd5000 Exception <a 'sun/nio/fs/WindowsException'{0x000000008d43c908}> (0x000000008d43c908) thrown at [src/hotspot/share/prims/jni.cpp, line 617]
Event: 3015.503 Thread 0x0000023b1ffd5000 Exception <a 'sun/nio/fs/WindowsException'{0x000000008d3b99b0}> (0x000000008d3b99b0) thrown at [src/hotspot/share/prims/jni.cpp, line 617]
Event: 3015.503 Thread 0x0000023b1ffd5000 Exception <a 'sun/nio/fs/WindowsException'{0x000000008d3b9b80}> (0x000000008d3b9b80) thrown at [src/hotspot/share/prims/jni.cpp, line 617]
Event: 3015.659 Thread 0x0000023b1ffd5000 Exception <a 'sun/nio/fs/WindowsException'{0x000000008d3d3910}> (0x000000008d3d3910) thrown at [src/hotspot/share/prims/jni.cpp, line 617]
Event: 3015.659 Thread 0x0000023b1ffd5000 Exception <a 'sun/nio/fs/WindowsException'{0x000000008d3d3ad8}> (0x000000008d3d3ad8) thrown at [src/hotspot/share/prims/jni.cpp, line 617]
Event: 3016.070 Thread 0x0000023b1ffd5000 Exception <a 'sun/nio/fs/WindowsException'{0x000000008d0e7c18}> (0x000000008d0e7c18) thrown at [src/hotspot/share/prims/jni.cpp, line 617]
Event: 3016.193 Thread 0x0000023b1ffd5000 Exception <a 'sun/nio/fs/WindowsException'{0x000000008cf3e1a0}> (0x000000008cf3e1a0) thrown at [src/hotspot/share/prims/jni.cpp, line 617]
Event: 3016.193 Thread 0x0000023b1ffd5000 Exception <a 'sun/nio/fs/WindowsException'{0x000000008cf3e330}> (0x000000008cf3e330) thrown at [src/hotspot/share/prims/jni.cpp, line 617]
Event: 3016.249 Thread 0x0000023b1ffd5000 Exception <a 'sun/nio/fs/WindowsException'{0x000000008cf73f20}> (0x000000008cf73f20) thrown at [src/hotspot/share/prims/jni.cpp, line 617]
Event: 3016.250 Thread 0x0000023b1ffd5000 Exception <a 'sun/nio/fs/WindowsException'{0x000000008cf751b0}> (0x000000008cf751b0) thrown at [src/hotspot/share/prims/jni.cpp, line 617]
Event: 3016.703 Thread 0x0000023b1ffd5000 Exception <a 'sun/nio/fs/WindowsException'{0x000000008ccefba8}> (0x000000008ccefba8) thrown at [src/hotspot/share/prims/jni.cpp, line 617]

Events (20 events):
Event: 3015.739 loading class com/sun/tools/javac/code/Type done
Event: 3015.739 loading class com/sun/tools/javac/util/JCDiagnostic$DiagnosticPosition
Event: 3015.739 loading class com/sun/tools/javac/util/JCDiagnostic$DiagnosticPosition done
Event: 3015.740 loading class com/sun/tools/javac/comp/Operators
Event: 3015.740 loading class com/sun/tools/javac/comp/Operators done
Event: 3015.740 loading class com/sun/tools/javac/code/Type
Event: 3015.740 loading class com/sun/tools/javac/code/Type done
Event: 3015.740 loading class com/sun/tools/javac/code/Symbol$OperatorSymbol
Event: 3015.740 loading class com/sun/tools/javac/code/Symbol$OperatorSymbol done
Event: 3015.740 loading class com/sun/tools/javac/comp/Operators$UnaryOperatorHelper
Event: 3015.740 loading class com/sun/tools/javac/comp/Operators$UnaryOperatorHelper done
Event: 3016.182 loading class com/sun/tools/javac/util/Filter
Event: 3016.182 loading class com/sun/tools/javac/util/Filter done
Event: 3016.182 loading class com/sun/tools/javac/code/Symbol
Event: 3016.182 loading class com/sun/tools/javac/code/Symbol done
Event: 3016.182 loading class com/sun/tools/javac/util/Filter
Event: 3016.182 loading class com/sun/tools/javac/util/Filter done
Event: 3016.510 Thread 0x0000023b28822800 Thread exited: 0x0000023b28822800
Event: 3016.556 Executing VM operation: ICBufferFull
Event: 3016.556 Executing VM operation: ICBufferFull done


Dynamic libraries:
0x00007ff6e7770000 - 0x00007ff6e777a000 	C:\Program Files\Android\Android Studio\jbr\bin\java.exe
0x00007ffb43950000 - 0x00007ffb43b48000 	C:\WINDOWS\SYSTEM32\ntdll.dll
0x00007ffb41da0000 - 0x00007ffb41e5f000 	C:\WINDOWS\System32\KERNEL32.DLL
0x00007ffb414e0000 - 0x00007ffb417d6000 	C:\WINDOWS\System32\KERNELBASE.dll
0x00007ffb41340000 - 0x00007ffb41440000 	C:\WINDOWS\System32\ucrtbase.dll
0x00007ffb39cb0000 - 0x00007ffb39ccb000 	C:\Program Files\Android\Android Studio\jbr\bin\VCRUNTIME140.dll
0x00007ffb30d50000 - 0x00007ffb30d67000 	C:\Program Files\Android\Android Studio\jbr\bin\jli.dll
0x00007ffb42df0000 - 0x00007ffb42f8d000 	C:\WINDOWS\System32\USER32.dll
0x00007ffb25850000 - 0x00007ffb25aea000 	C:\WINDOWS\WinSxS\amd64_microsoft.windows.common-controls_6595b64144ccf1df_6.0.19041.1110_none_60b5254171f9507e\COMCTL32.dll
0x00007ffb41030000 - 0x00007ffb41052000 	C:\WINDOWS\System32\win32u.dll
0x00007ffb41b90000 - 0x00007ffb41c2e000 	C:\WINDOWS\System32\msvcrt.dll
0x00007ffb43870000 - 0x00007ffb4389c000 	C:\WINDOWS\System32\GDI32.dll
0x00007ffb41890000 - 0x00007ffb419a5000 	C:\WINDOWS\System32\gdi32full.dll
0x00007ffb41440000 - 0x00007ffb414dd000 	C:\WINDOWS\System32\msvcp_win.dll
0x00007ffb41c90000 - 0x00007ffb41cc0000 	C:\WINDOWS\System32\IMM32.DLL
0x00007ffb33610000 - 0x00007ffb3361c000 	C:\Program Files\Android\Android Studio\jbr\bin\vcruntime140_1.dll
0x00007ffb2ccd0000 - 0x00007ffb2cd5d000 	C:\Program Files\Android\Android Studio\jbr\bin\msvcp140.dll
0x00007ffaec3d0000 - 0x00007ffaecf8c000 	C:\Program Files\Android\Android Studio\jbr\bin\server\jvm.dll
0x00007ffb420a0000 - 0x00007ffb4214f000 	C:\WINDOWS\System32\ADVAPI32.dll
0x00007ffb42d40000 - 0x00007ffb42ddc000 	C:\WINDOWS\System32\sechost.dll
0x00007ffb419b0000 - 0x00007ffb41ad6000 	C:\WINDOWS\System32\RPCRT4.dll
0x00007ffb438a0000 - 0x00007ffb438a8000 	C:\WINDOWS\System32\PSAPI.DLL
0x00007ffb3aff0000 - 0x00007ffb3aff9000 	C:\WINDOWS\SYSTEM32\WSOCK32.dll
0x00007ffb43800000 - 0x00007ffb4386b000 	C:\WINDOWS\System32\WS2_32.dll
0x00007ffb319d0000 - 0x00007ffb319f7000 	C:\WINDOWS\SYSTEM32\WINMM.dll
0x00007ffb34f60000 - 0x00007ffb34f6a000 	C:\WINDOWS\SYSTEM32\VERSION.dll
0x00007ffb3f830000 - 0x00007ffb3f842000 	C:\WINDOWS\SYSTEM32\kernel.appcore.dll
0x00007ffb399d0000 - 0x00007ffb399e0000 	C:\Program Files\Android\Android Studio\jbr\bin\verify.dll
0x00007ffb31390000 - 0x00007ffb31574000 	C:\WINDOWS\SYSTEM32\DBGHELP.DLL
0x00007ffb312b0000 - 0x00007ffb312e4000 	C:\WINDOWS\SYSTEM32\dbgcore.DLL
0x00007ffb41060000 - 0x00007ffb410e2000 	C:\WINDOWS\System32\bcryptPrimitives.dll
0x00007ffb39110000 - 0x00007ffb39138000 	C:\Program Files\Android\Android Studio\jbr\bin\java.dll
0x00007ffb399c0000 - 0x00007ffb399ca000 	C:\Program Files\Android\Android Studio\jbr\bin\jimage.dll
0x00007ffb399b0000 - 0x00007ffb399be000 	C:\Program Files\Android\Android Studio\jbr\bin\instrument.dll
0x00007ffb2fa30000 - 0x00007ffb2fa48000 	C:\Program Files\Android\Android Studio\jbr\bin\zip.dll
0x00007ffb425f0000 - 0x00007ffb42d34000 	C:\WINDOWS\System32\SHELL32.dll
0x00007ffb3ea50000 - 0x00007ffb3f1e3000 	C:\WINDOWS\SYSTEM32\windows.storage.dll
0x00007ffb42150000 - 0x00007ffb424a4000 	C:\WINDOWS\System32\combase.dll
0x00007ffb408c0000 - 0x00007ffb408ee000 	C:\WINDOWS\SYSTEM32\Wldp.dll
0x00007ffb41ae0000 - 0x00007ffb41b8d000 	C:\WINDOWS\System32\SHCORE.dll
0x00007ffb41c30000 - 0x00007ffb41c85000 	C:\WINDOWS\System32\shlwapi.dll
0x00007ffb40f70000 - 0x00007ffb40f8f000 	C:\WINDOWS\SYSTEM32\profapi.dll
0x00007ffb2d660000 - 0x00007ffb2d66a000 	C:\Program Files\Android\Android Studio\jbr\bin\management.dll
0x00007ffb2d650000 - 0x00007ffb2d65b000 	C:\Program Files\Android\Android Studio\jbr\bin\management_ext.dll
0x00007ffb2f820000 - 0x00007ffb2f839000 	C:\Program Files\Android\Android Studio\jbr\bin\net.dll
0x00007ffb36190000 - 0x00007ffb3629a000 	C:\WINDOWS\SYSTEM32\WINHTTP.dll
0x00007ffb406a0000 - 0x00007ffb4070a000 	C:\WINDOWS\system32\mswsock.dll
0x00007ffb2d670000 - 0x00007ffb2d683000 	C:\Program Files\Android\Android Studio\jbr\bin\nio.dll
0x00007ffb09fe0000 - 0x00007ffb09ff7000 	C:\WINDOWS\system32\napinsp.dll
0x00007ffb0a000000 - 0x00007ffb0a01b000 	C:\WINDOWS\system32\pnrpnsp.dll
0x00007ffb23230000 - 0x00007ffb23245000 	C:\WINDOWS\system32\wshbth.dll
0x00007ffb3c3c0000 - 0x00007ffb3c3dd000 	C:\WINDOWS\system32\NLAapi.dll
0x00007ffb403b0000 - 0x00007ffb403ec000 	C:\WINDOWS\SYSTEM32\IPHLPAPI.DLL
0x00007ffb403f0000 - 0x00007ffb404ba000 	C:\WINDOWS\SYSTEM32\DNSAPI.dll
0x00007ffb42de0000 - 0x00007ffb42de8000 	C:\WINDOWS\System32\NSI.dll
0x00007ffb17320000 - 0x00007ffb17332000 	C:\WINDOWS\System32\winrnr.dll
0x00007ffb34a30000 - 0x00007ffb34a3a000 	C:\Windows\System32\rasadhlp.dll
0x00007ffb35e50000 - 0x00007ffb35ed2000 	C:\WINDOWS\System32\fwpuclnt.dll
0x00007ffb41250000 - 0x00007ffb41277000 	C:\WINDOWS\System32\bcrypt.dll
0x00007ffb2cd60000 - 0x00007ffb2cd87000 	C:\Users\shahzaib lptp\AndroidStudioProjects\loginsqlite\native\e1d6ef7f7dcc3fd88c89a11ec53ec762bb8ba0a96d01ffa2cd45eb1d1d8dd5c5\windows-amd64\native-platform.dll
0x00007ffb27900000 - 0x00007ffb27a44000 	C:\Users\shahzaib lptp\AndroidStudioProjects\loginsqlite\native\0d407fdbe67a94daf76414ababcb853783967236a71b16ec16e742cd7a986fd3\windows-amd64\native-platform-file-events.dll
0x00007ffb40c10000 - 0x00007ffb40c28000 	C:\WINDOWS\SYSTEM32\CRYPTSP.dll
0x00007ffb3ffe0000 - 0x00007ffb40014000 	C:\WINDOWS\system32\rsaenh.dll
0x00007ffb40f30000 - 0x00007ffb40f5e000 	C:\WINDOWS\SYSTEM32\USERENV.dll
0x00007ffb40830000 - 0x00007ffb4083c000 	C:\WINDOWS\SYSTEM32\CRYPTBASE.dll
0x00007ffb38e80000 - 0x00007ffb38e97000 	C:\WINDOWS\SYSTEM32\dhcpcsvc6.DLL
0x00007ffb38510000 - 0x00007ffb3852d000 	C:\WINDOWS\SYSTEM32\dhcpcsvc.DLL
0x00007ffb40100000 - 0x00007ffb40133000 	C:\WINDOWS\SYSTEM32\ntmarta.dll
0x00007ffb23e10000 - 0x00007ffb23e37000 	C:\Program Files\Android\Android Studio\jbr\bin\sunec.dll

dbghelp: loaded successfully - version: 4.0.5 - missing functions: none
symbol engine: initialized successfully - sym options: 0x614 - pdb path: .;C:\Program Files\Android\Android Studio\jbr\bin;C:\WINDOWS\SYSTEM32;C:\WINDOWS\WinSxS\amd64_microsoft.windows.common-controls_6595b64144ccf1df_6.0.19041.1110_none_60b5254171f9507e;C:\Program Files\Android\Android Studio\jbr\bin\server;C:\Users\shahzaib lptp\AndroidStudioProjects\loginsqlite\native\e1d6ef7f7dcc3fd88c89a11ec53ec762bb8ba0a96d01ffa2cd45eb1d1d8dd5c5\windows-amd64;C:\Users\shahzaib lptp\AndroidStudioProjects\loginsqlite\native\0d407fdbe67a94daf76414ababcb853783967236a71b16ec16e742cd7a986fd3\windows-amd64

VM Arguments:
jvm_args: -javaagent:C:\Program Files\Android\Android Studio\plugins\android\resources\trace_agent.jar=C:\Users\SHAHZA~1\AppData\Local\Temp\sync.trace.profile --add-opens=java.base/java.util=ALL-UNNAMED --add-opens=java.base/java.lang=ALL-UNNAMED --add-opens=java.base/java.lang.invoke=ALL-UNNAMED --add-opens=java.base/java.util=ALL-UNNAMED --add-opens=java.prefs/java.util.prefs=ALL-UNNAMED --add-opens=java.prefs/java.util.prefs=ALL-UNNAMED --add-opens=java.base/java.nio.charset=ALL-UNNAMED --add-opens=java.base/java.net=ALL-UNNAMED --add-opens=java.base/java.util.concurrent.atomic=ALL-UNNAMED -Xmx2048m -Dfile.encoding=UTF-8 -Duser.country=US -Duser.language=en -Duser.variant 
java_command: org.gradle.launcher.daemon.bootstrap.GradleDaemon 7.5
java_class_path (initial): C:\Users\shahzaib lptp\AndroidStudioProjects\loginsqlite\wrapper\dists\gradle-7.5-bin\f1w0cc9nuo0eivz97x2xlu9sv\gradle-7.5\lib\gradle-launcher-7.5.jar
Launcher Type: SUN_STANDARD

[Global flags]
     intx CICompilerCount                          = 3                                         {product} {ergonomic}
     uint ConcGCThreads                            = 1                                         {product} {ergonomic}
     uint G1ConcRefinementThreads                  = 4                                         {product} {ergonomic}
   size_t G1HeapRegionSize                         = 1048576                                   {product} {ergonomic}
    uintx GCDrainStackTargetSize                   = 64                                        {product} {ergonomic}
   size_t InitialHeapSize                          = 134217728                                 {product} {ergonomic}
   size_t MarkStackSize                            = 4194304                                   {product} {ergonomic}
   size_t MaxHeapSize                              = 2147483648                                {product} {command line}
   size_t MaxNewSize                               = 1287651328                                {product} {ergonomic}
   size_t MinHeapDeltaBytes                        = 1048576                                   {product} {ergonomic}
    uintx NonNMethodCodeHeapSize                   = 5830732                                {pd product} {ergonomic}
    uintx NonProfiledCodeHeapSize                  = 122913754                              {pd product} {ergonomic}
    uintx ProfiledCodeHeapSize                     = 122913754                              {pd product} {ergonomic}
    uintx ReservedCodeCacheSize                    = 251658240                              {pd product} {ergonomic}
     bool SegmentedCodeCache                       = true                                      {product} {ergonomic}
     bool UseCompressedClassPointers               = true                                 {lp64_product} {ergonomic}
     bool UseCompressedOops                        = true                                 {lp64_product} {ergonomic}
     bool UseG1GC                                  = true                                      {product} {ergonomic}
     bool UseLargePagesIndividualAllocation        = false                                  {pd product} {ergonomic}

Logging:
Log output configuration:
 #0: stdout all=warning uptime,level,tags
 #1: stderr all=off uptime,level,tags

Environment Variables:
PATH=C:\Program Files\Python310\Scripts\;C:\Program Files\Python310\;C:\Program Files\Common Files\Oracle\Java\javapath;C:\app\bin;C:\app\shahzaiblptp\product\11.2.0\dbhome_1\bin;C:\WINDOWS\system32;C:\WINDOWS;C:\WINDOWS\System32\Wbem;C:\WINDOWS\System32\WindowsPowerShell\v1.0\;c:\Program Files (x86)\Microsoft SQL Server\100\Tools\Binn\;c:\Program Files\Microsoft SQL Server\100\Tools\Binn\;c:\Program Files\Microsoft SQL Server\100\DTS\Binn\;C:\WINDOWS\System32\OpenSSH\;C:\ProgramData\chocolatey\bin;%JAVA_HOME%\bin;C:\Program Files\Git\cmd;C:\Users\shahzaib lptp\AppData\Local\Microsoft\WindowsApps;C:\Program Files\JetBrains\IntelliJ IDEA Community Edition 2021.3\bin;;C:\Program Files\Python310\PyCharm Community Edition 2022.1\bin;;C:\Users\shahzaib lptp\AppData\Local\Programs\Microsoft VS Code\bin;C:\Program Files\flutter\bin;C:\src\flutter\bin;C:\Program Files\Android\Android Studio\bin;
USERNAME=shahzaib lptp
OS=Windows_NT
PROCESSOR_IDENTIFIER=Intel64 Family 6 Model 69 Stepping 1, GenuineIntel



---------------  S Y S T E M  ---------------

OS: Windows 10 , 64 bit Build 19041 (10.0.19041.3031)
OS uptime: 1 days 3:36 hours
Hyper-V role detected

CPU:total 4 (initial active 4) (2 cores per cpu, 2 threads per core) family 6 model 69 stepping 1 microcode 0x26, cmov, cx8, fxsr, mmx, sse, sse2, sse3, ssse3, sse4.1, sse4.2, popcnt, avx, avx2, aes, clmul, erms, lzcnt, ht, tsc, tscinvbit, bmi1, bmi2, fma

Memory: 4k page, system-wide physical 8073M (484M free)
TotalPageFile size 10073M (AvailPageFile size 4M)
current process WorkingSet (physical memory assigned to process): 586M, peak: 586M
current process commit charge ("private bytes"): 678M, peak: 679M

vm_info: OpenJDK 64-Bit Server VM (11.0.15+0-b2043.56-9505619) for windows-amd64 JRE (11.0.15+0-b2043.56-9505619), built on Jan 19 2023 02:48:00 by "builduser" with unknown MS VC++:1929

END.
