#
# There is insufficient memory for the Java Runtime Environment to continue.
# Native memory allocation (malloc) failed to allocate 2127056 bytes for Chunk::new
# Possible reasons:
#   The system is out of physical RAM or swap space
#   The process is running with CompressedOops enabled, and the Java Heap may be blocking the growth of the native heap
# Possible solutions:
#   Reduce memory load on the system
#   Increase physical memory or swap space
#   Check if swap backing store is full
#   Decrease Java heap size (-Xmx/-Xms)
#   Decrease number of Java threads
#   Decrease Java thread stack sizes (-Xss)
#   Set larger code cache with -XX:ReservedCodeCacheSize=
#   JVM is running with Unscaled Compressed Oops mode in which the Java heap is
#     placed in the first 4GB address space. The Java Heap base address is the
#     maximum limit for the native heap growth. Please use -XX:HeapBaseMinAddress
#     to set the Java Heap base and to place the Java Heap above 4GB virtual address.
# This output file may be truncated or incomplete.
#
#  Out of Memory Error (src/hotspot/share/memory/arena.cpp:197), pid=10936, tid=14328
#
# JRE version: OpenJDK Runtime Environment (11.0.15) (build 11.0.15+0-b2043.56-9505619)
# Java VM: OpenJDK 64-Bit Server VM (11.0.15+0-b2043.56-9505619, mixed mode, tiered, compressed oops, g1 gc, windows-amd64)
# No core dump will be written. Minidumps are not enabled by default on client versions of Windows
#

---------------  S U M M A R Y ------------

Command Line: --add-opens=java.base/java.util=ALL-UNNAMED --add-opens=java.base/java.lang=ALL-UNNAMED --add-opens=java.base/java.lang.invoke=ALL-UNNAMED --add-opens=java.base/java.util=ALL-UNNAMED --add-opens=java.prefs/java.util.prefs=ALL-UNNAMED --add-opens=java.prefs/java.util.prefs=ALL-UNNAMED --add-opens=java.base/java.nio.charset=ALL-UNNAMED --add-opens=java.base/java.net=ALL-UNNAMED --add-opens=java.base/java.util.concurrent.atomic=ALL-UNNAMED -Xmx2048m -Dfile.encoding=UTF-8 -Duser.country=US -Duser.language=en -Duser.variant org.gradle.launcher.daemon.bootstrap.GradleDaemon 7.5

Host: Intel(R) Core(TM) i5-4310U CPU @ 2.00GHz, 4 cores, 7G,  Windows 10 , 64 bit Build 19041 (10.0.19041.2788)
Time: Mon May  8 16:11:49 2023 Pakistan Standard Time elapsed time: 16.306961 seconds (0d 0h 0m 16s)

---------------  T H R E A D  ---------------

Current thread (0x0000014045cf9000):  JavaThread "C2 CompilerThread1" daemon [_thread_in_native, id=14328, stack(0x00000011ef200000,0x00000011ef300000)]


Current CompileTask:
C2:  16307 7514 %     4       groovy.lang.MetaClassImpl::inheritInterfaceNewMetaMethods @ 100 (195 bytes)

Stack: [0x00000011ef200000,0x00000011ef300000]
Native frames: (J=compiled Java code, j=interpreted, Vv=VM code, C=native code)
V  [jvm.dll+0x64135a]
V  [jvm.dll+0x7d39f9]
V  [jvm.dll+0x7d51b9]
V  [jvm.dll+0x7d58a3]
V  [jvm.dll+0x2691c5]
V  [jvm.dll+0xc1a5c]
V  [jvm.dll+0xc200c]
V  [jvm.dll+0x3774a7]
V  [jvm.dll+0x342495]
V  [jvm.dll+0x34186a]
V  [jvm.dll+0x2214bd]
V  [jvm.dll+0x220498]
V  [jvm.dll+0x19e851]
V  [jvm.dll+0x230479]
V  [jvm.dll+0x22e5ef]
V  [jvm.dll+0x794de1]
V  [jvm.dll+0x78dc24]
V  [jvm.dll+0x6400f6]
C  [ucrtbase.dll+0x21bb2]
C  [KERNEL32.DLL+0x17604]
C  [ntdll.dll+0x526a1]


---------------  P R O C E S S  ---------------

Threads class SMR info:
_java_thread_list=0x000001404cde5630, length=80, elements={
0x000001402a154000, 0x0000014045cc5000, 0x0000014045cd0000, 0x0000014046662800,
0x0000014045ce0000, 0x0000014045ce1000, 0x0000014045cee000, 0x0000014045cf8000,
0x0000014045cf0000, 0x00000140467da800, 0x0000014048586000, 0x00000140468c8000,
0x00000140486a6800, 0x0000014048ec7800, 0x00000140493b9800, 0x0000014047b84800,
0x0000014047882800, 0x000001404868d000, 0x0000014047c14800, 0x00000140481b0800,
0x000001404779e000, 0x000001404779a000, 0x000001404779f000, 0x0000014045cf9000,
0x00000140477a0000, 0x000001404779b000, 0x000001404779d800, 0x000001404779b800,
0x00000140477a0800, 0x000001404779c800, 0x0000014049602000, 0x0000014049604800,
0x0000014049600800, 0x0000014049601000, 0x0000014049603000, 0x00000140495ff800,
0x0000014049609800, 0x0000014049606000, 0x0000014049607000, 0x0000014049603800,
0x000001404960a000, 0x000001404960c000, 0x000001404960c800, 0x000001404960b000,
0x0000014049607800, 0x000001404960d800, 0x0000014049f5a800, 0x0000014049f58000,
0x0000014049f54800, 0x0000014049f5b800, 0x0000014049f55800, 0x0000014049f5c000,
0x0000014049f56800, 0x0000014049f59800, 0x0000014049f57000, 0x0000014049f5d000,
0x0000014049f5d800, 0x0000014049f5e800, 0x0000014049f59000, 0x0000014049f60000,
0x0000014049f62000, 0x0000014049f62800, 0x0000014049f61000, 0x0000014049f63800,
0x0000014049f5f800, 0x0000014048b4a800, 0x0000014048b44800, 0x0000014048b49800,
0x0000014048b48800, 0x0000014048b4b000, 0x0000014048b45800, 0x0000014048b48000,
0x0000014048b4c000, 0x0000014048b46000, 0x0000014048b4d000, 0x0000014048b47000,
0x0000014048b50000, 0x0000014048b51800, 0x0000014048b53800, 0x0000014048b4e800
}

Java Threads: ( => current thread )
  0x000001402a154000 JavaThread "main" [_thread_blocked, id=13844, stack(0x00000011ed000000,0x00000011ed100000)]
  0x0000014045cc5000 JavaThread "Reference Handler" daemon [_thread_blocked, id=16312, stack(0x00000011ed700000,0x00000011ed800000)]
  0x0000014045cd0000 JavaThread "Finalizer" daemon [_thread_blocked, id=14200, stack(0x00000011ed800000,0x00000011ed900000)]
  0x0000014046662800 JavaThread "Signal Dispatcher" daemon [_thread_blocked, id=15104, stack(0x00000011ed900000,0x00000011eda00000)]
  0x0000014045ce0000 JavaThread "Attach Listener" daemon [_thread_blocked, id=9140, stack(0x00000011eda00000,0x00000011edb00000)]
  0x0000014045ce1000 JavaThread "Service Thread" daemon [_thread_blocked, id=11248, stack(0x00000011edb00000,0x00000011edc00000)]
  0x0000014045cee000 JavaThread "C2 CompilerThread0" daemon [_thread_in_native, id=13072, stack(0x00000011edc00000,0x00000011edd00000)]
  0x0000014045cf8000 JavaThread "C1 CompilerThread0" daemon [_thread_blocked, id=14148, stack(0x00000011edd00000,0x00000011ede00000)]
  0x0000014045cf0000 JavaThread "Sweeper thread" daemon [_thread_blocked, id=12616, stack(0x00000011ede00000,0x00000011edf00000)]
  0x00000140467da800 JavaThread "Common-Cleaner" daemon [_thread_blocked, id=7864, stack(0x00000011edf00000,0x00000011ee000000)]
  0x0000014048586000 JavaThread "Daemon health stats" [_thread_blocked, id=9524, stack(0x00000011ee400000,0x00000011ee500000)]
  0x00000140468c8000 JavaThread "Incoming local TCP Connector on port 53501" [_thread_in_native, id=10900, stack(0x00000011ee100000,0x00000011ee200000)]
  0x00000140486a6800 JavaThread "Daemon periodic checks" [_thread_blocked, id=11468, stack(0x00000011ee500000,0x00000011ee600000)]
  0x0000014048ec7800 JavaThread "Daemon" [_thread_blocked, id=8724, stack(0x00000011ee600000,0x00000011ee700000)]
  0x00000140493b9800 JavaThread "Handler for socket connection from /127.0.0.1:53501 to /127.0.0.1:53502" [_thread_in_native, id=10192, stack(0x00000011ee700000,0x00000011ee800000)]
  0x0000014047b84800 JavaThread "Cancel handler" [_thread_blocked, id=7820, stack(0x00000011eea00000,0x00000011eeb00000)]
  0x0000014047882800 JavaThread "Daemon worker" [_thread_in_vm, id=10648, stack(0x00000011eeb00000,0x00000011eec00000)]
  0x000001404868d000 JavaThread "Asynchronous log dispatcher for DefaultDaemonConnection: socket connection from /127.0.0.1:53501 to /127.0.0.1:53502" [_thread_blocked, id=7140, stack(0x00000011eec00000,0x00000011eed00000)]
  0x0000014047c14800 JavaThread "Stdin handler" [_thread_blocked, id=15808, stack(0x00000011eed00000,0x00000011eee00000)]
  0x00000140481b0800 JavaThread "Daemon client event forwarder" [_thread_blocked, id=8748, stack(0x00000011eee00000,0x00000011eef00000)]
  0x000001404779e000 JavaThread "Cache worker for journal cache (C:\Users\shahzaib lptp\AndroidStudioProjects\loginsqlite\caches\journal-1)" [_thread_blocked, id=2128, stack(0x00000011eef00000,0x00000011ef000000)]
  0x000001404779a000 JavaThread "File lock request listener" [_thread_in_native, id=11700, stack(0x00000011ef000000,0x00000011ef100000)]
  0x000001404779f000 JavaThread "Cache worker for file hash cache (C:\Users\shahzaib lptp\AndroidStudioProjects\loginsqlite\caches\7.5\fileHashes)" [_thread_blocked, id=6524, stack(0x00000011ef100000,0x00000011ef200000)]
=>0x0000014045cf9000 JavaThread "C2 CompilerThread1" daemon [_thread_in_native, id=14328, stack(0x00000011ef200000,0x00000011ef300000)]
  0x00000140477a0000 JavaThread "File watcher server" daemon [_thread_in_native, id=1508, stack(0x00000011ef300000,0x00000011ef400000)]
  0x000001404779b000 JavaThread "File watcher consumer" daemon [_thread_blocked, id=9088, stack(0x00000011ef400000,0x00000011ef500000)]
  0x000001404779d800 JavaThread "jar transforms" [_thread_blocked, id=8924, stack(0x00000011ef500000,0x00000011ef600000)]
  0x000001404779b800 JavaThread "jar transforms Thread 2" [_thread_blocked, id=6288, stack(0x00000011ef600000,0x00000011ef700000)]
  0x00000140477a0800 JavaThread "jar transforms Thread 3" [_thread_blocked, id=2656, stack(0x00000011ef700000,0x00000011ef800000)]
  0x000001404779c800 JavaThread "jar transforms Thread 4" [_thread_blocked, id=11040, stack(0x00000011ef800000,0x00000011ef900000)]
  0x0000014049602000 JavaThread "Cache worker for checksums cache (C:\Users\shahzaib lptp\AndroidStudioProjects\EyeonwaterApp\.gradle\7.5\checksums)" [_thread_blocked, id=13976, stack(0x00000011ef900000,0x00000011efa00000)]
  0x0000014049604800 JavaThread "Cache worker for cache directory md-rule (C:\Users\shahzaib lptp\AndroidStudioProjects\loginsqlite\caches\7.5\md-rule)" [_thread_blocked, id=4576, stack(0x00000011efa00000,0x00000011efb00000)]
  0x0000014049600800 JavaThread "Cache worker for file content cache (C:\Users\shahzaib lptp\AndroidStudioProjects\loginsqlite\caches\7.5\fileContent)" [_thread_blocked, id=8784, stack(0x00000011efb00000,0x00000011efc00000)]
  0x0000014049601000 JavaThread "Cache worker for file hash cache (C:\Users\shahzaib lptp\AndroidStudioProjects\EyeonwaterApp\.gradle\7.5\fileHashes)" [_thread_blocked, id=13396, stack(0x00000011efc00000,0x00000011efd00000)]
  0x0000014049603000 JavaThread "Cache worker for cache directory md-supplier (C:\Users\shahzaib lptp\AndroidStudioProjects\loginsqlite\caches\7.5\md-supplier)" [_thread_blocked, id=8404, stack(0x00000011efd00000,0x00000011efe00000)]
  0x00000140495ff800 JavaThread "Cache worker for execution history cache (C:\Users\shahzaib lptp\AndroidStudioProjects\loginsqlite\caches\7.5\executionHistory)" [_thread_blocked, id=2692, stack(0x00000011efe00000,0x00000011eff00000)]
  0x0000014049609800 JavaThread "Cache worker for dependencies-accessors (C:\Users\shahzaib lptp\AndroidStudioProjects\EyeonwaterApp\.gradle\7.5\dependencies-accessors)" [_thread_blocked, id=13384, stack(0x00000011eff00000,0x00000011f0000000)]
  0x0000014049606000 JavaThread "Cache worker for Build Output Cleanup Cache (C:\Users\shahzaib lptp\AndroidStudioProjects\EyeonwaterApp\.gradle\buildOutputCleanup)" [_thread_blocked, id=12220, stack(0x00000011f0000000,0x00000011f0100000)]
  0x0000014049607000 JavaThread "Unconstrained build operations" [_thread_blocked, id=6336, stack(0x00000011f0100000,0x00000011f0200000)]
  0x0000014049603800 JavaThread "Unconstrained build operations Thread 2" [_thread_blocked, id=8240, stack(0x00000011f0200000,0x00000011f0300000)]
  0x000001404960a000 JavaThread "Unconstrained build operations Thread 3" [_thread_blocked, id=14392, stack(0x00000011f0300000,0x00000011f0400000)]
  0x000001404960c000 JavaThread "Unconstrained build operations Thread 4" [_thread_blocked, id=11052, stack(0x00000011f0400000,0x00000011f0500000)]
  0x000001404960c800 JavaThread "Unconstrained build operations Thread 5" [_thread_blocked, id=10664, stack(0x00000011f0500000,0x00000011f0600000)]
  0x000001404960b000 JavaThread "Unconstrained build operations Thread 6" [_thread_blocked, id=11224, stack(0x00000011f0600000,0x00000011f0700000)]
  0x0000014049607800 JavaThread "Unconstrained build operations Thread 7" [_thread_blocked, id=3080, stack(0x00000011f0700000,0x00000011f0800000)]
  0x000001404960d800 JavaThread "Unconstrained build operations Thread 8" [_thread_blocked, id=7808, stack(0x00000011f0800000,0x00000011f0900000)]
  0x0000014049f5a800 JavaThread "Unconstrained build operations Thread 9" [_thread_blocked, id=5028, stack(0x00000011f0900000,0x00000011f0a00000)]
  0x0000014049f58000 JavaThread "Unconstrained build operations Thread 10" [_thread_blocked, id=15940, stack(0x00000011f0a00000,0x00000011f0b00000)]
  0x0000014049f54800 JavaThread "Unconstrained build operations Thread 11" [_thread_blocked, id=3220, stack(0x00000011f0b00000,0x00000011f0c00000)]
  0x0000014049f5b800 JavaThread "Unconstrained build operations Thread 12" [_thread_blocked, id=6444, stack(0x00000011f0c00000,0x00000011f0d00000)]
  0x0000014049f55800 JavaThread "Unconstrained build operations Thread 13" [_thread_blocked, id=6900, stack(0x00000011f0d00000,0x00000011f0e00000)]
  0x0000014049f5c000 JavaThread "Unconstrained build operations Thread 14" [_thread_blocked, id=9112, stack(0x00000011f0e00000,0x00000011f0f00000)]
  0x0000014049f56800 JavaThread "Unconstrained build operations Thread 15" [_thread_blocked, id=11796, stack(0x00000011f0f00000,0x00000011f1000000)]
  0x0000014049f59800 JavaThread "Unconstrained build operations Thread 16" [_thread_blocked, id=12216, stack(0x00000011f1000000,0x00000011f1100000)]
  0x0000014049f57000 JavaThread "Unconstrained build operations Thread 17" [_thread_blocked, id=1592, stack(0x00000011f1100000,0x00000011f1200000)]
  0x0000014049f5d000 JavaThread "Unconstrained build operations Thread 18" [_thread_blocked, id=11828, stack(0x00000011f1200000,0x00000011f1300000)]
  0x0000014049f5d800 JavaThread "Unconstrained build operations Thread 19" [_thread_blocked, id=4552, stack(0x00000011f1300000,0x00000011f1400000)]
  0x0000014049f5e800 JavaThread "Unconstrained build operations Thread 20" [_thread_blocked, id=11352, stack(0x00000011f1400000,0x00000011f1500000)]
  0x0000014049f59000 JavaThread "Unconstrained build operations Thread 21" [_thread_blocked, id=1984, stack(0x00000011f1500000,0x00000011f1600000)]
  0x0000014049f60000 JavaThread "Unconstrained build operations Thread 22" [_thread_blocked, id=8732, stack(0x00000011f1600000,0x00000011f1700000)]
  0x0000014049f62000 JavaThread "Unconstrained build operations Thread 23" [_thread_blocked, id=5984, stack(0x00000011f1700000,0x00000011f1800000)]
  0x0000014049f62800 JavaThread "Unconstrained build operations Thread 24" [_thread_blocked, id=14768, stack(0x00000011f1800000,0x00000011f1900000)]
  0x0000014049f61000 JavaThread "Unconstrained build operations Thread 25" [_thread_blocked, id=2320, stack(0x00000011f1900000,0x00000011f1a00000)]
  0x0000014049f63800 JavaThread "Unconstrained build operations Thread 26" [_thread_blocked, id=1588, stack(0x00000011f1a00000,0x00000011f1b00000)]
  0x0000014049f5f800 JavaThread "Unconstrained build operations Thread 27" [_thread_blocked, id=12396, stack(0x00000011f1b00000,0x00000011f1c00000)]
  0x0000014048b4a800 JavaThread "Unconstrained build operations Thread 28" [_thread_blocked, id=14428, stack(0x00000011f1c00000,0x00000011f1d00000)]
  0x0000014048b44800 JavaThread "Unconstrained build operations Thread 29" [_thread_blocked, id=14664, stack(0x00000011f1d00000,0x00000011f1e00000)]
  0x0000014048b49800 JavaThread "Unconstrained build operations Thread 30" [_thread_blocked, id=1772, stack(0x00000011f1e00000,0x00000011f1f00000)]
  0x0000014048b48800 JavaThread "Unconstrained build operations Thread 31" [_thread_blocked, id=8448, stack(0x00000011f1f00000,0x00000011f2000000)]
  0x0000014048b4b000 JavaThread "Unconstrained build operations Thread 32" [_thread_blocked, id=4928, stack(0x00000011f2000000,0x00000011f2100000)]
  0x0000014048b45800 JavaThread "Unconstrained build operations Thread 33" [_thread_blocked, id=15692, stack(0x00000011f2100000,0x00000011f2200000)]
  0x0000014048b48000 JavaThread "Unconstrained build operations Thread 34" [_thread_blocked, id=15560, stack(0x00000011f2200000,0x00000011f2300000)]
  0x0000014048b4c000 JavaThread "Unconstrained build operations Thread 35" [_thread_blocked, id=16024, stack(0x00000011f2300000,0x00000011f2400000)]
  0x0000014048b46000 JavaThread "Unconstrained build operations Thread 36" [_thread_blocked, id=13196, stack(0x00000011f2400000,0x00000011f2500000)]
  0x0000014048b4d000 JavaThread "Unconstrained build operations Thread 37" [_thread_blocked, id=15080, stack(0x00000011f2500000,0x00000011f2600000)]
  0x0000014048b47000 JavaThread "Unconstrained build operations Thread 38" [_thread_blocked, id=10816, stack(0x00000011f2600000,0x00000011f2700000)]
  0x0000014048b50000 JavaThread "Unconstrained build operations Thread 39" [_thread_blocked, id=8612, stack(0x00000011f2700000,0x00000011f2800000)]
  0x0000014048b51800 JavaThread "Unconstrained build operations Thread 40" [_thread_blocked, id=11920, stack(0x00000011f2800000,0x00000011f2900000)]
  0x0000014048b53800 JavaThread "Memory manager" [_thread_blocked, id=8468, stack(0x00000011f2900000,0x00000011f2a00000)]
  0x0000014048b4e800 JavaThread "pool-3-thread-1" [_thread_blocked, id=7732, stack(0x00000011f2a00000,0x00000011f2b00000)]

Other Threads:
  0x0000014045cc3000 VMThread "VM Thread" [stack: 0x00000011ed600000,0x00000011ed700000] [id=4152]
  0x00000140467ea000 WatcherThread [stack: 0x00000011ee000000,0x00000011ee100000] [id=11292]
  0x000001402a16b000 GCTaskThread "GC Thread#0" [stack: 0x00000011ed100000,0x00000011ed200000] [id=12544]
  0x0000014047005800 GCTaskThread "GC Thread#1" [stack: 0x00000011ee200000,0x00000011ee300000] [id=16336]
  0x0000014046d79000 GCTaskThread "GC Thread#2" [stack: 0x00000011ee300000,0x00000011ee400000] [id=15284]
  0x0000014048bab800 GCTaskThread "GC Thread#3" [stack: 0x00000011ee800000,0x00000011ee900000] [id=13504]
  0x000001402a19d800 ConcurrentGCThread "G1 Main Marker" [stack: 0x00000011ed200000,0x00000011ed300000] [id=7596]
  0x000001402a19e800 ConcurrentGCThread "G1 Conc#0" [stack: 0x00000011ed300000,0x00000011ed400000] [id=10732]
  0x0000014045b20800 ConcurrentGCThread "G1 Refine#0" [stack: 0x00000011ed400000,0x00000011ed500000] [id=14376]
  0x0000014046ed7000 ConcurrentGCThread "G1 Refine#1" [stack: 0x00000011ee900000,0x00000011eea00000] [id=14748]
  0x0000014045b21000 ConcurrentGCThread "G1 Young RemSet Sampling" [stack: 0x00000011ed500000,0x00000011ed600000] [id=13000]

Threads with active compile tasks:
C2 CompilerThread0    16345 7480 %     4       org.gradle.internal.instantiation.generator.AbstractClassGenerator::inspectType @ 107 (560 bytes)
C2 CompilerThread1    16345 7514 %     4       groovy.lang.MetaClassImpl::inheritInterfaceNewMetaMethods @ 100 (195 bytes)

VM state:not at safepoint (normal execution)

VM Mutex/Monitor currently owned by a thread:  ([mutex/lock_event])
[0x000001402a150690] SystemDictionary_lock - owner thread: 0x0000000000000000

Heap address: 0x0000000080000000, size: 2048 MB, Compressed Oops mode: 32-bit
Narrow klass base: 0x0000000000000000, Narrow klass shift: 3
Compressed class space size: 1073741824 Address: 0x0000000100000000

Heap:
 garbage-first heap   total 273408K, used 144926K [0x0000000080000000, 0x0000000100000000)
  region size 1024K, 34 young (34816K), 10 survivors (10240K)
 Metaspace       used 77473K, capacity 79632K, committed 79868K, reserved 1118208K
  class space    used 9996K, capacity 10786K, committed 10828K, reserved 1048576K
Heap Regions: E=young(eden), S=young(survivor), O=old, HS=humongous(starts), HC=humongous(continues), CS=collection set, F=free, A=archive, TAMS=top-at-mark-start (previous, next)
|   0|0x0000000080000000, 0x0000000080100000, 0x0000000080100000|100%|HS|  |TAMS 0x0000000080100000, 0x0000000080000000| Complete 
|   1|0x0000000080100000, 0x0000000080200000, 0x0000000080200000|100%|HC|  |TAMS 0x0000000080200000, 0x0000000080100000| Complete 
|   2|0x0000000080200000, 0x0000000080300000, 0x0000000080300000|100%|HC|  |TAMS 0x0000000080300000, 0x0000000080200000| Complete 
|   3|0x0000000080300000, 0x0000000080400000, 0x0000000080400000|100%| O|  |TAMS 0x0000000080400000, 0x0000000080300000| Untracked 
|   4|0x0000000080400000, 0x0000000080500000, 0x0000000080500000|100%| O|  |TAMS 0x0000000080500000, 0x0000000080400000| Untracked 
|   5|0x0000000080500000, 0x0000000080600000, 0x0000000080600000|100%| O|  |TAMS 0x0000000080600000, 0x0000000080500000| Untracked 
|   6|0x0000000080600000, 0x0000000080700000, 0x0000000080700000|100%| O|  |TAMS 0x0000000080700000, 0x0000000080600000| Untracked 
|   7|0x0000000080700000, 0x0000000080800000, 0x0000000080800000|100%| O|  |TAMS 0x0000000080800000, 0x0000000080700000| Untracked 
|   8|0x0000000080800000, 0x0000000080900000, 0x0000000080900000|100%| O|  |TAMS 0x0000000080900000, 0x0000000080800000| Untracked 
|   9|0x0000000080900000, 0x0000000080a00000, 0x0000000080a00000|100%| O|  |TAMS 0x0000000080a00000, 0x0000000080900000| Untracked 
|  10|0x0000000080a00000, 0x0000000080b00000, 0x0000000080b00000|100%| O|  |TAMS 0x0000000080b00000, 0x0000000080a00000| Untracked 
|  11|0x0000000080b00000, 0x0000000080c00000, 0x0000000080c00000|100%| O|  |TAMS 0x0000000080c00000, 0x0000000080b00000| Untracked 
|  12|0x0000000080c00000, 0x0000000080d00000, 0x0000000080d00000|100%| O|  |TAMS 0x0000000080d00000, 0x0000000080c00000| Untracked 
|  13|0x0000000080d00000, 0x0000000080e00000, 0x0000000080e00000|100%| O|  |TAMS 0x0000000080e00000, 0x0000000080d00000| Untracked 
|  14|0x0000000080e00000, 0x0000000080f00000, 0x0000000080f00000|100%| O|  |TAMS 0x0000000080f00000, 0x0000000080e00000| Untracked 
|  15|0x0000000080f00000, 0x0000000081000000, 0x0000000081000000|100%| O|  |TAMS 0x0000000081000000, 0x0000000080f00000| Untracked 
|  16|0x0000000081000000, 0x0000000081100000, 0x0000000081100000|100%|HS|  |TAMS 0x0000000081100000, 0x0000000081000000| Complete 
|  17|0x0000000081100000, 0x0000000081200000, 0x0000000081200000|100%|HC|  |TAMS 0x0000000081200000, 0x0000000081100000| Complete 
|  18|0x0000000081200000, 0x0000000081300000, 0x0000000081300000|100%|HS|  |TAMS 0x0000000081300000, 0x0000000081200000| Complete 
|  19|0x0000000081300000, 0x0000000081400000, 0x0000000081400000|100%|HC|  |TAMS 0x0000000081400000, 0x0000000081300000| Complete 
|  20|0x0000000081400000, 0x0000000081500000, 0x0000000081500000|100%|HC|  |TAMS 0x0000000081500000, 0x0000000081400000| Complete 
|  21|0x0000000081500000, 0x0000000081600000, 0x0000000081600000|100%|HS|  |TAMS 0x0000000081600000, 0x0000000081500000| Complete 
|  22|0x0000000081600000, 0x0000000081700000, 0x0000000081700000|100%|HC|  |TAMS 0x0000000081700000, 0x0000000081600000| Complete 
|  23|0x0000000081700000, 0x0000000081800000, 0x0000000081800000|100%|HC|  |TAMS 0x0000000081800000, 0x0000000081700000| Complete 
|  24|0x0000000081800000, 0x0000000081900000, 0x0000000081900000|100%|HS|  |TAMS 0x0000000081900000, 0x0000000081800000| Complete 
|  25|0x0000000081900000, 0x0000000081a00000, 0x0000000081a00000|100%|HC|  |TAMS 0x0000000081a00000, 0x0000000081900000| Complete 
|  26|0x0000000081a00000, 0x0000000081b00000, 0x0000000081b00000|100%|HS|  |TAMS 0x0000000081b00000, 0x0000000081a00000| Complete 
|  27|0x0000000081b00000, 0x0000000081c00000, 0x0000000081c00000|100%|HC|  |TAMS 0x0000000081c00000, 0x0000000081b00000| Complete 
|  28|0x0000000081c00000, 0x0000000081d00000, 0x0000000081d00000|100%|HC|  |TAMS 0x0000000081d00000, 0x0000000081c00000| Complete 
|  29|0x0000000081d00000, 0x0000000081e00000, 0x0000000081e00000|100%|HC|  |TAMS 0x0000000081e00000, 0x0000000081d00000| Complete 
|  30|0x0000000081e00000, 0x0000000081f00000, 0x0000000081f00000|100%|HC|  |TAMS 0x0000000081f00000, 0x0000000081e00000| Complete 
|  31|0x0000000081f00000, 0x0000000082000000, 0x0000000082000000|100%|HC|  |TAMS 0x0000000082000000, 0x0000000081f00000| Complete 
|  32|0x0000000082000000, 0x0000000082100000, 0x0000000082100000|100%|HC|  |TAMS 0x0000000082100000, 0x0000000082000000| Complete 
|  33|0x0000000082100000, 0x0000000082200000, 0x0000000082200000|100%|HC|  |TAMS 0x0000000082200000, 0x0000000082100000| Complete 
|  34|0x0000000082200000, 0x0000000082300000, 0x0000000082300000|100%|HC|  |TAMS 0x0000000082300000, 0x0000000082200000| Complete 
|  35|0x0000000082300000, 0x0000000082400000, 0x0000000082400000|100%|HC|  |TAMS 0x0000000082400000, 0x0000000082300000| Complete 
|  36|0x0000000082400000, 0x0000000082500000, 0x0000000082500000|100%|HS|  |TAMS 0x0000000082500000, 0x0000000082400000| Complete 
|  37|0x0000000082500000, 0x0000000082600000, 0x0000000082600000|100%|HC|  |TAMS 0x0000000082600000, 0x0000000082500000| Complete 
|  38|0x0000000082600000, 0x0000000082700000, 0x0000000082700000|100%|HS|  |TAMS 0x0000000082700000, 0x0000000082600000| Complete 
|  39|0x0000000082700000, 0x0000000082800000, 0x0000000082800000|100%|HC|  |TAMS 0x0000000082800000, 0x0000000082700000| Complete 
|  40|0x0000000082800000, 0x0000000082900000, 0x0000000082900000|100%|HC|  |TAMS 0x0000000082900000, 0x0000000082800000| Complete 
|  41|0x0000000082900000, 0x0000000082a00000, 0x0000000082a00000|100%|HC|  |TAMS 0x0000000082a00000, 0x0000000082900000| Complete 
|  42|0x0000000082a00000, 0x0000000082b00000, 0x0000000082b00000|100%|HC|  |TAMS 0x0000000082b00000, 0x0000000082a00000| Complete 
|  43|0x0000000082b00000, 0x0000000082c00000, 0x0000000082c00000|100%| O|  |TAMS 0x0000000082c00000, 0x0000000082b00000| Untracked 
|  44|0x0000000082c00000, 0x0000000082d00000, 0x0000000082d00000|100%| O|  |TAMS 0x0000000082d00000, 0x0000000082c00000| Untracked 
|  45|0x0000000082d00000, 0x0000000082e00000, 0x0000000082e00000|100%| O|  |TAMS 0x0000000082e00000, 0x0000000082d00000| Untracked 
|  46|0x0000000082e00000, 0x0000000082f00000, 0x0000000082f00000|100%| O|  |TAMS 0x0000000082f00000, 0x0000000082e00000| Untracked 
|  47|0x0000000082f00000, 0x0000000083000000, 0x0000000083000000|100%| O|  |TAMS 0x0000000083000000, 0x0000000082f00000| Untracked 
|  48|0x0000000083000000, 0x0000000083100000, 0x0000000083100000|100%| O|  |TAMS 0x0000000083100000, 0x0000000083000000| Untracked 
|  49|0x0000000083100000, 0x0000000083200000, 0x0000000083200000|100%| O|  |TAMS 0x0000000083200000, 0x0000000083100000| Untracked 
|  50|0x0000000083200000, 0x0000000083300000, 0x0000000083300000|100%| O|  |TAMS 0x0000000083300000, 0x0000000083200000| Untracked 
|  51|0x0000000083300000, 0x0000000083400000, 0x0000000083400000|100%|HS|  |TAMS 0x0000000083400000, 0x0000000083300000| Complete 
|  52|0x0000000083400000, 0x0000000083500000, 0x0000000083500000|100%|HC|  |TAMS 0x0000000083500000, 0x0000000083400000| Complete 
|  53|0x0000000083500000, 0x0000000083600000, 0x0000000083600000|100%|HC|  |TAMS 0x0000000083600000, 0x0000000083500000| Complete 
|  54|0x0000000083600000, 0x0000000083700000, 0x0000000083700000|100%|HC|  |TAMS 0x0000000083700000, 0x0000000083600000| Complete 
|  55|0x0000000083700000, 0x0000000083800000, 0x0000000083800000|100%|HC|  |TAMS 0x0000000083800000, 0x0000000083700000| Complete 
|  56|0x0000000083800000, 0x0000000083900000, 0x0000000083900000|100%|HC|  |TAMS 0x0000000083900000, 0x0000000083800000| Complete 
|  57|0x0000000083900000, 0x0000000083a00000, 0x0000000083a00000|100%|HC|  |TAMS 0x0000000083a00000, 0x0000000083900000| Complete 
|  58|0x0000000083a00000, 0x0000000083b00000, 0x0000000083b00000|100%|HC|  |TAMS 0x0000000083b00000, 0x0000000083a00000| Complete 
|  59|0x0000000083b00000, 0x0000000083c00000, 0x0000000083c00000|100%|HC|  |TAMS 0x0000000083c00000, 0x0000000083b00000| Complete 
|  60|0x0000000083c00000, 0x0000000083d00000, 0x0000000083d00000|100%|HC|  |TAMS 0x0000000083d00000, 0x0000000083c00000| Complete 
|  61|0x0000000083d00000, 0x0000000083e00000, 0x0000000083e00000|100%|HS|  |TAMS 0x0000000083e00000, 0x0000000083d00000| Complete 
|  62|0x0000000083e00000, 0x0000000083f00000, 0x0000000083f00000|100%|HC|  |TAMS 0x0000000083f00000, 0x0000000083e00000| Complete 
|  63|0x0000000083f00000, 0x0000000084000000, 0x0000000084000000|100%|HS|  |TAMS 0x0000000084000000, 0x0000000083f00000| Complete 
|  64|0x0000000084000000, 0x0000000084100000, 0x0000000084100000|100%|HC|  |TAMS 0x0000000084100000, 0x0000000084000000| Complete 
|  65|0x0000000084100000, 0x0000000084200000, 0x0000000084200000|100%|HC|  |TAMS 0x0000000084200000, 0x0000000084100000| Complete 
|  66|0x0000000084200000, 0x0000000084300000, 0x0000000084300000|100%|HS|  |TAMS 0x0000000084300000, 0x0000000084200000| Complete 
|  67|0x0000000084300000, 0x0000000084400000, 0x0000000084400000|100%|HC|  |TAMS 0x0000000084400000, 0x0000000084300000| Complete 
|  68|0x0000000084400000, 0x0000000084500000, 0x0000000084500000|100%| O|  |TAMS 0x0000000084500000, 0x0000000084400000| Untracked 
|  69|0x0000000084500000, 0x0000000084600000, 0x0000000084600000|100%| O|  |TAMS 0x0000000084600000, 0x0000000084500000| Untracked 
|  70|0x0000000084600000, 0x0000000084700000, 0x0000000084700000|100%| O|  |TAMS 0x0000000084700000, 0x0000000084600000| Untracked 
|  71|0x0000000084700000, 0x0000000084800000, 0x0000000084800000|100%| O|  |TAMS 0x0000000084800000, 0x0000000084700000| Untracked 
|  72|0x0000000084800000, 0x0000000084900000, 0x0000000084900000|100%| O|  |TAMS 0x0000000084900000, 0x0000000084800000| Untracked 
|  73|0x0000000084900000, 0x0000000084a00000, 0x0000000084a00000|100%|HS|  |TAMS 0x0000000084a00000, 0x0000000084900000| Complete 
|  74|0x0000000084a00000, 0x0000000084b00000, 0x0000000084b00000|100%|HC|  |TAMS 0x0000000084b00000, 0x0000000084a00000| Complete 
|  75|0x0000000084b00000, 0x0000000084c00000, 0x0000000084c00000|100%|HC|  |TAMS 0x0000000084c00000, 0x0000000084b00000| Complete 
|  76|0x0000000084c00000, 0x0000000084d00000, 0x0000000084d00000|100%| O|  |TAMS 0x0000000084d00000, 0x0000000084c00000| Untracked 
|  77|0x0000000084d00000, 0x0000000084e00000, 0x0000000084e00000|100%| O|  |TAMS 0x0000000084e00000, 0x0000000084d00000| Untracked 
|  78|0x0000000084e00000, 0x0000000084f00000, 0x0000000084f00000|100%| O|  |TAMS 0x0000000084f00000, 0x0000000084e00000| Untracked 
|  79|0x0000000084f00000, 0x0000000085000000, 0x0000000085000000|100%| O|  |TAMS 0x0000000085000000, 0x0000000084f00000| Untracked 
|  80|0x0000000085000000, 0x0000000085100000, 0x0000000085100000|100%| O|  |TAMS 0x0000000085100000, 0x0000000085000000| Untracked 
|  81|0x0000000085100000, 0x0000000085200000, 0x0000000085200000|100%|HS|  |TAMS 0x0000000085200000, 0x0000000085100000| Complete 
|  82|0x0000000085200000, 0x0000000085300000, 0x0000000085300000|100%|HC|  |TAMS 0x0000000085300000, 0x0000000085200000| Complete 
|  83|0x0000000085300000, 0x0000000085400000, 0x0000000085400000|100%|HC|  |TAMS 0x0000000085400000, 0x0000000085300000| Complete 
|  84|0x0000000085400000, 0x0000000085500000, 0x0000000085500000|100%|HC|  |TAMS 0x0000000085500000, 0x0000000085400000| Complete 
|  85|0x0000000085500000, 0x0000000085600000, 0x0000000085600000|100%|HC|  |TAMS 0x0000000085600000, 0x0000000085500000| Complete 
|  86|0x0000000085600000, 0x0000000085700000, 0x0000000085700000|100%| O|  |TAMS 0x0000000085700000, 0x0000000085600000| Untracked 
|  87|0x0000000085700000, 0x0000000085800000, 0x0000000085800000|100%| O|  |TAMS 0x0000000085800000, 0x0000000085700000| Untracked 
|  88|0x0000000085800000, 0x0000000085900000, 0x0000000085900000|100%| O|  |TAMS 0x0000000085900000, 0x0000000085800000| Untracked 
|  89|0x0000000085900000, 0x0000000085a00000, 0x0000000085a00000|100%|HS|  |TAMS 0x0000000085a00000, 0x0000000085900000| Complete 
|  90|0x0000000085a00000, 0x0000000085b00000, 0x0000000085b00000|100%|HS|  |TAMS 0x0000000085b00000, 0x0000000085a00000| Complete 
|  91|0x0000000085b00000, 0x0000000085c00000, 0x0000000085c00000|100%| O|  |TAMS 0x0000000085c00000, 0x0000000085b00000| Untracked 
|  92|0x0000000085c00000, 0x0000000085d00000, 0x0000000085d00000|100%| O|  |TAMS 0x0000000085d00000, 0x0000000085c00000| Untracked 
|  93|0x0000000085d00000, 0x0000000085e00000, 0x0000000085e00000|100%| O|  |TAMS 0x0000000085e00000, 0x0000000085d00000| Untracked 
|  94|0x0000000085e00000, 0x0000000085f00000, 0x0000000085f00000|100%| O|  |TAMS 0x0000000085f00000, 0x0000000085e00000| Untracked 
|  95|0x0000000085f00000, 0x0000000086000000, 0x0000000086000000|100%| O|  |TAMS 0x0000000086000000, 0x0000000085f00000| Untracked 
|  96|0x0000000086000000, 0x0000000086100000, 0x0000000086100000|100%| O|  |TAMS 0x0000000086100000, 0x0000000086000000| Untracked 
|  97|0x0000000086100000, 0x0000000086200000, 0x0000000086200000|100%| O|  |TAMS 0x0000000086200000, 0x0000000086100000| Untracked 
|  98|0x0000000086200000, 0x0000000086300000, 0x0000000086300000|100%| O|  |TAMS 0x00000000862cc600, 0x0000000086200000| Untracked 
|  99|0x0000000086300000, 0x0000000086400000, 0x0000000086400000|100%| O|  |TAMS 0x0000000086300000, 0x0000000086300000| Untracked 
| 100|0x0000000086400000, 0x0000000086500000, 0x0000000086500000|100%| O|  |TAMS 0x0000000086500000, 0x0000000086400000| Untracked 
| 101|0x0000000086500000, 0x0000000086600000, 0x0000000086600000|100%| O|  |TAMS 0x0000000086600000, 0x0000000086500000| Untracked 
| 102|0x0000000086600000, 0x0000000086700000, 0x0000000086700000|100%| O|  |TAMS 0x0000000086700000, 0x0000000086600000| Untracked 
| 103|0x0000000086700000, 0x0000000086800000, 0x0000000086800000|100%| O|  |TAMS 0x0000000086800000, 0x0000000086700000| Untracked 
| 104|0x0000000086800000, 0x0000000086900000, 0x0000000086900000|100%| O|  |TAMS 0x0000000086900000, 0x0000000086800000| Untracked 
| 105|0x0000000086900000, 0x0000000086a00000, 0x0000000086a00000|100%| O|  |TAMS 0x0000000086900000, 0x0000000086900000| Untracked 
| 106|0x0000000086a00000, 0x0000000086a8e600, 0x0000000086b00000| 55%| O|  |TAMS 0x0000000086a00000, 0x0000000086a00000| Untracked 
| 107|0x0000000086b00000, 0x0000000086c00000, 0x0000000086c00000|100%| O|  |TAMS 0x0000000086c00000, 0x0000000086b00000| Untracked 
| 108|0x0000000086c00000, 0x0000000086d00000, 0x0000000086d00000|100%| O|  |TAMS 0x0000000086d00000, 0x0000000086c00000| Untracked 
| 109|0x0000000086d00000, 0x0000000086e00000, 0x0000000086e00000|100%| O|  |TAMS 0x0000000086e00000, 0x0000000086d00000| Untracked 
| 110|0x0000000086e00000, 0x0000000086e00000, 0x0000000086f00000|  0%| F|  |TAMS 0x0000000086e00000, 0x0000000086e00000| Untracked 
| 111|0x0000000086f00000, 0x0000000086f00000, 0x0000000087000000|  0%| F|  |TAMS 0x0000000086f00000, 0x0000000086f00000| Untracked 
| 112|0x0000000087000000, 0x0000000087000000, 0x0000000087100000|  0%| F|  |TAMS 0x0000000087000000, 0x0000000087000000| Untracked 
| 113|0x0000000087100000, 0x0000000087100000, 0x0000000087200000|  0%| F|  |TAMS 0x0000000087100000, 0x0000000087100000| Untracked 
| 114|0x0000000087200000, 0x0000000087200000, 0x0000000087300000|  0%| F|  |TAMS 0x0000000087200000, 0x0000000087200000| Untracked 
| 115|0x0000000087300000, 0x0000000087300000, 0x0000000087400000|  0%| F|  |TAMS 0x0000000087300000, 0x0000000087300000| Untracked 
| 116|0x0000000087400000, 0x0000000087400000, 0x0000000087500000|  0%| F|  |TAMS 0x0000000087400000, 0x0000000087400000| Untracked 
| 117|0x0000000087500000, 0x0000000087500000, 0x0000000087600000|  0%| F|  |TAMS 0x0000000087500000, 0x0000000087500000| Untracked 
| 118|0x0000000087600000, 0x0000000087600000, 0x0000000087700000|  0%| F|  |TAMS 0x0000000087600000, 0x0000000087600000| Untracked 
| 119|0x0000000087700000, 0x0000000087700000, 0x0000000087800000|  0%| F|  |TAMS 0x0000000087700000, 0x0000000087700000| Untracked 
| 120|0x0000000087800000, 0x0000000087800000, 0x0000000087900000|  0%| F|  |TAMS 0x0000000087800000, 0x0000000087800000| Untracked 
| 121|0x0000000087900000, 0x0000000087900000, 0x0000000087a00000|  0%| F|  |TAMS 0x0000000087900000, 0x0000000087900000| Untracked 
| 122|0x0000000087a00000, 0x0000000087a00000, 0x0000000087b00000|  0%| F|  |TAMS 0x0000000087a00000, 0x0000000087a00000| Untracked 
| 123|0x0000000087b00000, 0x0000000087b00000, 0x0000000087c00000|  0%| F|  |TAMS 0x0000000087b00000, 0x0000000087b00000| Untracked 
| 124|0x0000000087c00000, 0x0000000087c00000, 0x0000000087d00000|  0%| F|  |TAMS 0x0000000087c00000, 0x0000000087c00000| Untracked 
| 125|0x0000000087d00000, 0x0000000087d00000, 0x0000000087e00000|  0%| F|  |TAMS 0x0000000087d00000, 0x0000000087d00000| Untracked 
| 126|0x0000000087e00000, 0x0000000087e00000, 0x0000000087f00000|  0%| F|  |TAMS 0x0000000087e00000, 0x0000000087e00000| Untracked 
| 127|0x0000000087f00000, 0x0000000087f00000, 0x0000000088000000|  0%| F|  |TAMS 0x0000000087f00000, 0x0000000087f00000| Untracked 
| 128|0x0000000088000000, 0x0000000088000000, 0x0000000088100000|  0%| F|  |TAMS 0x0000000088000000, 0x0000000088000000| Untracked 
| 129|0x0000000088100000, 0x0000000088100000, 0x0000000088200000|  0%| F|  |TAMS 0x0000000088100000, 0x0000000088100000| Untracked 
| 130|0x0000000088200000, 0x0000000088200000, 0x0000000088300000|  0%| F|  |TAMS 0x0000000088200000, 0x0000000088200000| Untracked 
| 131|0x0000000088300000, 0x0000000088300000, 0x0000000088400000|  0%| F|  |TAMS 0x0000000088300000, 0x0000000088300000| Untracked 
| 132|0x0000000088400000, 0x0000000088400000, 0x0000000088500000|  0%| F|  |TAMS 0x0000000088400000, 0x0000000088400000| Untracked 
| 133|0x0000000088500000, 0x0000000088500000, 0x0000000088600000|  0%| F|  |TAMS 0x0000000088500000, 0x0000000088500000| Untracked 
| 134|0x0000000088600000, 0x0000000088600000, 0x0000000088700000|  0%| F|  |TAMS 0x0000000088600000, 0x0000000088600000| Untracked 
| 135|0x0000000088700000, 0x0000000088700000, 0x0000000088800000|  0%| F|  |TAMS 0x0000000088700000, 0x0000000088700000| Untracked 
| 136|0x0000000088800000, 0x0000000088800000, 0x0000000088900000|  0%| F|  |TAMS 0x0000000088800000, 0x0000000088800000| Untracked 
| 137|0x0000000088900000, 0x0000000088900000, 0x0000000088a00000|  0%| F|  |TAMS 0x0000000088900000, 0x0000000088900000| Untracked 
| 138|0x0000000088a00000, 0x0000000088a00000, 0x0000000088b00000|  0%| F|  |TAMS 0x0000000088a00000, 0x0000000088a00000| Untracked 
| 139|0x0000000088b00000, 0x0000000088b00000, 0x0000000088c00000|  0%| F|  |TAMS 0x0000000088b00000, 0x0000000088b00000| Untracked 
| 140|0x0000000088c00000, 0x0000000088c00000, 0x0000000088d00000|  0%| F|  |TAMS 0x0000000088c00000, 0x0000000088c00000| Untracked 
| 141|0x0000000088d00000, 0x0000000088d00000, 0x0000000088e00000|  0%| F|  |TAMS 0x0000000088d00000, 0x0000000088d00000| Untracked 
| 142|0x0000000088e00000, 0x0000000088e00000, 0x0000000088f00000|  0%| F|  |TAMS 0x0000000088e00000, 0x0000000088e00000| Untracked 
| 143|0x0000000088f00000, 0x0000000088f00000, 0x0000000089000000|  0%| F|  |TAMS 0x0000000088f00000, 0x0000000088f00000| Untracked 
| 144|0x0000000089000000, 0x0000000089000000, 0x0000000089100000|  0%| F|  |TAMS 0x0000000089000000, 0x0000000089000000| Untracked 
| 145|0x0000000089100000, 0x0000000089100000, 0x0000000089200000|  0%| F|  |TAMS 0x0000000089100000, 0x0000000089100000| Untracked 
| 146|0x0000000089200000, 0x0000000089200000, 0x0000000089300000|  0%| F|  |TAMS 0x0000000089200000, 0x0000000089200000| Untracked 
| 147|0x0000000089300000, 0x0000000089300000, 0x0000000089400000|  0%| F|  |TAMS 0x0000000089300000, 0x0000000089300000| Untracked 
| 148|0x0000000089400000, 0x0000000089400000, 0x0000000089500000|  0%| F|  |TAMS 0x0000000089400000, 0x0000000089400000| Untracked 
| 149|0x0000000089500000, 0x0000000089500000, 0x0000000089600000|  0%| F|  |TAMS 0x0000000089500000, 0x0000000089500000| Untracked 
| 150|0x0000000089600000, 0x0000000089600000, 0x0000000089700000|  0%| F|  |TAMS 0x0000000089600000, 0x0000000089600000| Untracked 
| 151|0x0000000089700000, 0x0000000089700000, 0x0000000089800000|  0%| F|  |TAMS 0x0000000089700000, 0x0000000089700000| Untracked 
| 152|0x0000000089800000, 0x0000000089800000, 0x0000000089900000|  0%| F|  |TAMS 0x0000000089800000, 0x0000000089800000| Untracked 
| 153|0x0000000089900000, 0x0000000089900000, 0x0000000089a00000|  0%| F|  |TAMS 0x0000000089900000, 0x0000000089900000| Untracked 
| 154|0x0000000089a00000, 0x0000000089a00000, 0x0000000089b00000|  0%| F|  |TAMS 0x0000000089a00000, 0x0000000089a00000| Untracked 
| 155|0x0000000089b00000, 0x0000000089b00000, 0x0000000089c00000|  0%| F|  |TAMS 0x0000000089b00000, 0x0000000089b00000| Untracked 
| 156|0x0000000089c00000, 0x0000000089c00000, 0x0000000089d00000|  0%| F|  |TAMS 0x0000000089c00000, 0x0000000089c00000| Untracked 
| 157|0x0000000089d00000, 0x0000000089d00000, 0x0000000089e00000|  0%| F|  |TAMS 0x0000000089d00000, 0x0000000089d00000| Untracked 
| 158|0x0000000089e00000, 0x0000000089e00000, 0x0000000089f00000|  0%| F|  |TAMS 0x0000000089e00000, 0x0000000089e00000| Untracked 
| 159|0x0000000089f00000, 0x0000000089f00000, 0x000000008a000000|  0%| F|  |TAMS 0x0000000089f00000, 0x0000000089f00000| Untracked 
| 160|0x000000008a000000, 0x000000008a000000, 0x000000008a100000|  0%| F|  |TAMS 0x000000008a000000, 0x000000008a000000| Untracked 
| 161|0x000000008a100000, 0x000000008a100000, 0x000000008a200000|  0%| F|  |TAMS 0x000000008a100000, 0x000000008a100000| Untracked 
| 162|0x000000008a200000, 0x000000008a200000, 0x000000008a300000|  0%| F|  |TAMS 0x000000008a200000, 0x000000008a200000| Untracked 
| 163|0x000000008a300000, 0x000000008a300000, 0x000000008a400000|  0%| F|  |TAMS 0x000000008a300000, 0x000000008a300000| Untracked 
| 164|0x000000008a400000, 0x000000008a400000, 0x000000008a500000|  0%| F|  |TAMS 0x000000008a400000, 0x000000008a400000| Untracked 
| 165|0x000000008a500000, 0x000000008a500000, 0x000000008a600000|  0%| F|  |TAMS 0x000000008a500000, 0x000000008a500000| Untracked 
| 166|0x000000008a600000, 0x000000008a600000, 0x000000008a700000|  0%| F|  |TAMS 0x000000008a600000, 0x000000008a600000| Untracked 
| 167|0x000000008a700000, 0x000000008a700000, 0x000000008a800000|  0%| F|  |TAMS 0x000000008a700000, 0x000000008a700000| Untracked 
| 168|0x000000008a800000, 0x000000008a800000, 0x000000008a900000|  0%| F|  |TAMS 0x000000008a800000, 0x000000008a800000| Untracked 
| 169|0x000000008a900000, 0x000000008a900000, 0x000000008aa00000|  0%| F|  |TAMS 0x000000008a900000, 0x000000008a900000| Untracked 
| 170|0x000000008aa00000, 0x000000008aa00000, 0x000000008ab00000|  0%| F|  |TAMS 0x000000008aa00000, 0x000000008aa00000| Untracked 
| 171|0x000000008ab00000, 0x000000008ab00000, 0x000000008ac00000|  0%| F|  |TAMS 0x000000008ab00000, 0x000000008ab00000| Untracked 
| 172|0x000000008ac00000, 0x000000008ac00000, 0x000000008ad00000|  0%| F|  |TAMS 0x000000008ac00000, 0x000000008ac00000| Untracked 
| 173|0x000000008ad00000, 0x000000008adf9528, 0x000000008ae00000| 97%| S|CS|TAMS 0x000000008ad00000, 0x000000008ad00000| Complete 
| 174|0x000000008ae00000, 0x000000008af00000, 0x000000008af00000|100%| S|CS|TAMS 0x000000008ae00000, 0x000000008ae00000| Complete 
| 175|0x000000008af00000, 0x000000008b000000, 0x000000008b000000|100%| S|CS|TAMS 0x000000008af00000, 0x000000008af00000| Complete 
| 176|0x000000008b000000, 0x000000008b100000, 0x000000008b100000|100%| S|CS|TAMS 0x000000008b000000, 0x000000008b000000| Complete 
| 177|0x000000008b100000, 0x000000008b200000, 0x000000008b200000|100%| S|CS|TAMS 0x000000008b100000, 0x000000008b100000| Complete 
| 178|0x000000008b200000, 0x000000008b300000, 0x000000008b300000|100%| S|CS|TAMS 0x000000008b200000, 0x000000008b200000| Complete 
| 179|0x000000008b300000, 0x000000008b400000, 0x000000008b400000|100%| S|CS|TAMS 0x000000008b300000, 0x000000008b300000| Complete 
| 180|0x000000008b400000, 0x000000008b500000, 0x000000008b500000|100%| S|CS|TAMS 0x000000008b400000, 0x000000008b400000| Complete 
| 181|0x000000008b500000, 0x000000008b600000, 0x000000008b600000|100%| S|CS|TAMS 0x000000008b500000, 0x000000008b500000| Complete 
| 182|0x000000008b600000, 0x000000008b600000, 0x000000008b700000|  0%| F|  |TAMS 0x000000008b600000, 0x000000008b600000| Untracked 
| 183|0x000000008b700000, 0x000000008b700000, 0x000000008b800000|  0%| F|  |TAMS 0x000000008b700000, 0x000000008b700000| Untracked 
| 184|0x000000008b800000, 0x000000008b800000, 0x000000008b900000|  0%| F|  |TAMS 0x000000008b800000, 0x000000008b800000| Untracked 
| 185|0x000000008b900000, 0x000000008b900000, 0x000000008ba00000|  0%| F|  |TAMS 0x000000008b900000, 0x000000008b900000| Untracked 
| 186|0x000000008ba00000, 0x000000008ba00000, 0x000000008bb00000|  0%| F|  |TAMS 0x000000008ba00000, 0x000000008ba00000| Untracked 
| 187|0x000000008bb00000, 0x000000008bb00000, 0x000000008bc00000|  0%| F|  |TAMS 0x000000008bb00000, 0x000000008bb00000| Untracked 
| 188|0x000000008bc00000, 0x000000008bc00000, 0x000000008bd00000|  0%| F|  |TAMS 0x000000008bc00000, 0x000000008bc00000| Untracked 
| 189|0x000000008bd00000, 0x000000008bd00000, 0x000000008be00000|  0%| F|  |TAMS 0x000000008bd00000, 0x000000008bd00000| Untracked 
| 190|0x000000008be00000, 0x000000008bf00000, 0x000000008bf00000|100%| S|CS|TAMS 0x000000008be00000, 0x000000008be00000| Complete 
| 191|0x000000008bf00000, 0x000000008bf00000, 0x000000008c000000|  0%| F|  |TAMS 0x000000008bf00000, 0x000000008bf00000| Untracked 
| 192|0x000000008c000000, 0x000000008c000000, 0x000000008c100000|  0%| F|  |TAMS 0x000000008c000000, 0x000000008c000000| Untracked 
| 193|0x000000008c100000, 0x000000008c100000, 0x000000008c200000|  0%| F|  |TAMS 0x000000008c100000, 0x000000008c100000| Untracked 
| 194|0x000000008c200000, 0x000000008c200000, 0x000000008c300000|  0%| F|  |TAMS 0x000000008c200000, 0x000000008c200000| Untracked 
| 195|0x000000008c300000, 0x000000008c300000, 0x000000008c400000|  0%| F|  |TAMS 0x000000008c300000, 0x000000008c300000| Untracked 
| 196|0x000000008c400000, 0x000000008c400000, 0x000000008c500000|  0%| F|  |TAMS 0x000000008c400000, 0x000000008c400000| Untracked 
| 197|0x000000008c500000, 0x000000008c500000, 0x000000008c600000|  0%| F|  |TAMS 0x000000008c500000, 0x000000008c500000| Untracked 
| 198|0x000000008c600000, 0x000000008c600000, 0x000000008c700000|  0%| F|  |TAMS 0x000000008c600000, 0x000000008c600000| Untracked 
| 199|0x000000008c700000, 0x000000008c700000, 0x000000008c800000|  0%| F|  |TAMS 0x000000008c700000, 0x000000008c700000| Untracked 
| 200|0x000000008c800000, 0x000000008c800000, 0x000000008c900000|  0%| F|  |TAMS 0x000000008c800000, 0x000000008c800000| Untracked 
| 201|0x000000008c900000, 0x000000008c900000, 0x000000008ca00000|  0%| F|  |TAMS 0x000000008c900000, 0x000000008c900000| Untracked 
| 202|0x000000008ca00000, 0x000000008ca00000, 0x000000008cb00000|  0%| F|  |TAMS 0x000000008ca00000, 0x000000008ca00000| Untracked 
| 203|0x000000008cb00000, 0x000000008cb00000, 0x000000008cc00000|  0%| F|  |TAMS 0x000000008cb00000, 0x000000008cb00000| Untracked 
| 204|0x000000008cc00000, 0x000000008cc00000, 0x000000008cd00000|  0%| F|  |TAMS 0x000000008cc00000, 0x000000008cc00000| Untracked 
| 205|0x000000008cd00000, 0x000000008cd00000, 0x000000008ce00000|  0%| F|  |TAMS 0x000000008cd00000, 0x000000008cd00000| Untracked 
| 206|0x000000008ce00000, 0x000000008ce00000, 0x000000008cf00000|  0%| F|  |TAMS 0x000000008ce00000, 0x000000008ce00000| Untracked 
| 207|0x000000008cf00000, 0x000000008cf00000, 0x000000008d000000|  0%| F|  |TAMS 0x000000008cf00000, 0x000000008cf00000| Untracked 
| 208|0x000000008d000000, 0x000000008d000000, 0x000000008d100000|  0%| F|  |TAMS 0x000000008d000000, 0x000000008d000000| Untracked 
| 209|0x000000008d100000, 0x000000008d100000, 0x000000008d200000|  0%| F|  |TAMS 0x000000008d100000, 0x000000008d100000| Untracked 
| 210|0x000000008d200000, 0x000000008d200000, 0x000000008d300000|  0%| F|  |TAMS 0x000000008d200000, 0x000000008d200000| Untracked 
| 211|0x000000008d300000, 0x000000008d300000, 0x000000008d400000|  0%| F|  |TAMS 0x000000008d300000, 0x000000008d300000| Untracked 
| 212|0x000000008d400000, 0x000000008d400000, 0x000000008d500000|  0%| F|  |TAMS 0x000000008d400000, 0x000000008d400000| Untracked 
| 213|0x000000008d500000, 0x000000008d500000, 0x000000008d600000|  0%| F|  |TAMS 0x000000008d500000, 0x000000008d500000| Untracked 
| 214|0x000000008d600000, 0x000000008d600000, 0x000000008d700000|  0%| F|  |TAMS 0x000000008d600000, 0x000000008d600000| Untracked 
| 215|0x000000008d700000, 0x000000008d700000, 0x000000008d800000|  0%| F|  |TAMS 0x000000008d700000, 0x000000008d700000| Untracked 
| 216|0x000000008d800000, 0x000000008d800000, 0x000000008d900000|  0%| F|  |TAMS 0x000000008d800000, 0x000000008d800000| Untracked 
| 217|0x000000008d900000, 0x000000008d900000, 0x000000008da00000|  0%| F|  |TAMS 0x000000008d900000, 0x000000008d900000| Untracked 
| 218|0x000000008da00000, 0x000000008da00000, 0x000000008db00000|  0%| F|  |TAMS 0x000000008da00000, 0x000000008da00000| Untracked 
| 219|0x000000008db00000, 0x000000008db00000, 0x000000008dc00000|  0%| F|  |TAMS 0x000000008db00000, 0x000000008db00000| Untracked 
| 220|0x000000008dc00000, 0x000000008dc00000, 0x000000008dd00000|  0%| F|  |TAMS 0x000000008dc00000, 0x000000008dc00000| Untracked 
| 221|0x000000008dd00000, 0x000000008dd00000, 0x000000008de00000|  0%| F|  |TAMS 0x000000008dd00000, 0x000000008dd00000| Untracked 
| 222|0x000000008de00000, 0x000000008de00000, 0x000000008df00000|  0%| F|  |TAMS 0x000000008de00000, 0x000000008de00000| Untracked 
| 223|0x000000008df00000, 0x000000008df00000, 0x000000008e000000|  0%| F|  |TAMS 0x000000008df00000, 0x000000008df00000| Untracked 
| 224|0x000000008e000000, 0x000000008e000000, 0x000000008e100000|  0%| F|  |TAMS 0x000000008e000000, 0x000000008e000000| Untracked 
| 225|0x000000008e100000, 0x000000008e100000, 0x000000008e200000|  0%| F|  |TAMS 0x000000008e100000, 0x000000008e100000| Untracked 
| 226|0x000000008e200000, 0x000000008e200000, 0x000000008e300000|  0%| F|  |TAMS 0x000000008e200000, 0x000000008e200000| Untracked 
| 227|0x000000008e300000, 0x000000008e300000, 0x000000008e400000|  0%| F|  |TAMS 0x000000008e300000, 0x000000008e300000| Untracked 
| 228|0x000000008e400000, 0x000000008e400000, 0x000000008e500000|  0%| F|  |TAMS 0x000000008e400000, 0x000000008e400000| Untracked 
| 229|0x000000008e500000, 0x000000008e500000, 0x000000008e600000|  0%| F|  |TAMS 0x000000008e500000, 0x000000008e500000| Untracked 
| 230|0x000000008e600000, 0x000000008e600000, 0x000000008e700000|  0%| F|  |TAMS 0x000000008e600000, 0x000000008e600000| Untracked 
| 231|0x000000008e700000, 0x000000008e700000, 0x000000008e800000|  0%| F|  |TAMS 0x000000008e700000, 0x000000008e700000| Untracked 
| 232|0x000000008e800000, 0x000000008e800000, 0x000000008e900000|  0%| F|  |TAMS 0x000000008e800000, 0x000000008e800000| Untracked 
| 233|0x000000008e900000, 0x000000008e900000, 0x000000008ea00000|  0%| F|  |TAMS 0x000000008e900000, 0x000000008e900000| Untracked 
| 234|0x000000008ea00000, 0x000000008ea00000, 0x000000008eb00000|  0%| F|  |TAMS 0x000000008ea00000, 0x000000008ea00000| Untracked 
| 235|0x000000008eb00000, 0x000000008eb00000, 0x000000008ec00000|  0%| F|  |TAMS 0x000000008eb00000, 0x000000008eb00000| Untracked 
| 236|0x000000008ec00000, 0x000000008ec00000, 0x000000008ed00000|  0%| F|  |TAMS 0x000000008ec00000, 0x000000008ec00000| Untracked 
| 237|0x000000008ed00000, 0x000000008ed00000, 0x000000008ee00000|  0%| F|  |TAMS 0x000000008ed00000, 0x000000008ed00000| Untracked 
| 238|0x000000008ee00000, 0x000000008ee00000, 0x000000008ef00000|  0%| F|  |TAMS 0x000000008ee00000, 0x000000008ee00000| Untracked 
| 239|0x000000008ef00000, 0x000000008ef00000, 0x000000008f000000|  0%| F|  |TAMS 0x000000008ef00000, 0x000000008ef00000| Untracked 
| 240|0x000000008f000000, 0x000000008f000000, 0x000000008f100000|  0%| F|  |TAMS 0x000000008f000000, 0x000000008f000000| Untracked 
| 241|0x000000008f100000, 0x000000008f100000, 0x000000008f200000|  0%| F|  |TAMS 0x000000008f100000, 0x000000008f100000| Untracked 
| 242|0x000000008f200000, 0x000000008f200000, 0x000000008f300000|  0%| F|  |TAMS 0x000000008f200000, 0x000000008f200000| Untracked 
| 243|0x000000008f300000, 0x000000008f400000, 0x000000008f400000|100%| E|  |TAMS 0x000000008f300000, 0x000000008f300000| Complete 
| 244|0x000000008f400000, 0x000000008f500000, 0x000000008f500000|100%| E|CS|TAMS 0x000000008f400000, 0x000000008f400000| Complete 
| 245|0x000000008f500000, 0x000000008f600000, 0x000000008f600000|100%| E|CS|TAMS 0x000000008f500000, 0x000000008f500000| Complete 
| 246|0x000000008f600000, 0x000000008f700000, 0x000000008f700000|100%| E|CS|TAMS 0x000000008f600000, 0x000000008f600000| Complete 
| 247|0x000000008f700000, 0x000000008f800000, 0x000000008f800000|100%| E|CS|TAMS 0x000000008f700000, 0x000000008f700000| Complete 
| 248|0x000000008f800000, 0x000000008f900000, 0x000000008f900000|100%| E|CS|TAMS 0x000000008f800000, 0x000000008f800000| Complete 
| 249|0x000000008f900000, 0x000000008fa00000, 0x000000008fa00000|100%| E|CS|TAMS 0x000000008f900000, 0x000000008f900000| Complete 
| 250|0x000000008fa00000, 0x000000008fb00000, 0x000000008fb00000|100%| E|CS|TAMS 0x000000008fa00000, 0x000000008fa00000| Complete 
| 251|0x000000008fb00000, 0x000000008fc00000, 0x000000008fc00000|100%| E|CS|TAMS 0x000000008fb00000, 0x000000008fb00000| Complete 
| 252|0x000000008fc00000, 0x000000008fd00000, 0x000000008fd00000|100%| E|CS|TAMS 0x000000008fc00000, 0x000000008fc00000| Complete 
| 253|0x000000008fd00000, 0x000000008fe00000, 0x000000008fe00000|100%| E|CS|TAMS 0x000000008fd00000, 0x000000008fd00000| Complete 
| 254|0x000000008fe00000, 0x000000008ff00000, 0x000000008ff00000|100%| E|CS|TAMS 0x000000008fe00000, 0x000000008fe00000| Complete 
| 255|0x000000008ff00000, 0x0000000090000000, 0x0000000090000000|100%| E|CS|TAMS 0x000000008ff00000, 0x000000008ff00000| Complete 
| 256|0x0000000090000000, 0x0000000090100000, 0x0000000090100000|100%| E|CS|TAMS 0x0000000090000000, 0x0000000090000000| Complete 
| 257|0x0000000090100000, 0x0000000090200000, 0x0000000090200000|100%| E|  |TAMS 0x0000000090100000, 0x0000000090100000| Complete 
| 258|0x0000000090200000, 0x0000000090300000, 0x0000000090300000|100%| E|CS|TAMS 0x0000000090200000, 0x0000000090200000| Complete 
| 259|0x0000000090300000, 0x0000000090400000, 0x0000000090400000|100%| E|CS|TAMS 0x0000000090300000, 0x0000000090300000| Complete 
| 260|0x0000000090400000, 0x0000000090500000, 0x0000000090500000|100%| E|CS|TAMS 0x0000000090400000, 0x0000000090400000| Complete 
| 261|0x0000000090500000, 0x0000000090600000, 0x0000000090600000|100%| E|CS|TAMS 0x0000000090500000, 0x0000000090500000| Complete 
| 262|0x0000000090600000, 0x0000000090700000, 0x0000000090700000|100%| E|CS|TAMS 0x0000000090600000, 0x0000000090600000| Complete 
| 263|0x0000000090700000, 0x0000000090800000, 0x0000000090800000|100%| E|CS|TAMS 0x0000000090700000, 0x0000000090700000| Complete 
| 264|0x0000000090800000, 0x0000000090900000, 0x0000000090900000|100%| E|CS|TAMS 0x0000000090800000, 0x0000000090800000| Complete 
| 265|0x0000000090900000, 0x0000000090a00000, 0x0000000090a00000|100%| E|CS|TAMS 0x0000000090900000, 0x0000000090900000| Complete 
| 266|0x0000000090a00000, 0x0000000090b00000, 0x0000000090b00000|100%| E|CS|TAMS 0x0000000090a00000, 0x0000000090a00000| Complete 

Card table byte_map: [0x000001403ee80000,0x000001403f280000] _byte_map_base: 0x000001403ea80000

Marking Bits (Prev, Next): (CMBitMap*) 0x000001402a193c00, (CMBitMap*) 0x000001402a193bc8
 Prev Bits: [0x0000014041680000, 0x0000014043680000)
 Next Bits: [0x000001403f680000, 0x0000014041680000)

Polling page: 0x000001402a230000

Metaspace:

Usage:
  Non-class:     67.29 MB capacity,    65.94 MB ( 98%) used,     1.15 MB (  2%) free+waste,   208.31 KB ( <1%) overhead. 
      Class:     10.53 MB capacity,     9.77 MB ( 93%) used,   683.34 KB (  6%) free+waste,    99.25 KB ( <1%) overhead. 
       Both:     77.83 MB capacity,    75.71 MB ( 97%) used,     1.81 MB (  2%) free+waste,   307.56 KB ( <1%) overhead. 

Virtual space:
  Non-class space:       68.00 MB reserved,      67.42 MB (>99%) committed 
      Class space:        1.00 GB reserved,      10.57 MB (  1%) committed 
             Both:        1.07 GB reserved,      78.00 MB (  7%) committed 

Chunk freelists:
   Non-Class:  2.00 KB
       Class:  0 bytes
        Both:  2.00 KB

MaxMetaspaceSize: 17179869184.00 GB
CompressedClassSpaceSize: 1.00 GB
Initial GC threshold: 20.80 MB
Current GC threshold: 113.95 MB
CDS: off

CodeHeap 'non-profiled nmethods': size=120064Kb used=4570Kb max_used=4570Kb free=115493Kb
 bounds [0x0000014036f10000, 0x0000014037390000, 0x000001403e450000]
CodeHeap 'profiled nmethods': size=120000Kb used=16665Kb max_used=16665Kb free=103334Kb
 bounds [0x000001402f9e0000, 0x0000014030a30000, 0x0000014036f10000]
CodeHeap 'non-nmethods': size=5696Kb used=2369Kb max_used=2405Kb free=3326Kb
 bounds [0x000001402f450000, 0x000001402f6c0000, 0x000001402f9e0000]
 total_blobs=8586 nmethods=7698 adapters=800
 compilation: enabled
              stopped_count=0, restarted_count=0
 full_count=0

Compilation events (20 events):
Event: 16.239 Thread 0x0000014045cf8000 nmethod 7714 0x0000014030a13610 code [0x0000014030a137e0, 0x0000014030a139f8]
Event: 16.240 Thread 0x0000014045cf8000 7715       2       java.io.ObjectInputStream::checkResolve (86 bytes)
Event: 16.241 Thread 0x0000014045cf8000 nmethod 7715 0x0000014030a13b90 code [0x0000014030a13da0, 0x0000014030a140d8]
Event: 16.268 Thread 0x0000014045cf8000 7716       2       org.gradle.internal.reflect.ClassInspector::visitGraph (98 bytes)
Event: 16.269 Thread 0x0000014045cf8000 nmethod 7716 0x0000014030a14390 code [0x0000014030a14600, 0x0000014030a14da8]
Event: 16.273 Thread 0x0000014045cf8000 7717       2       com.google.protobuf.GeneratedMessageV3$Builder::onChanged (29 bytes)
Event: 16.273 Thread 0x0000014045cf8000 nmethod 7717 0x0000014030a15210 code [0x0000014030a153c0, 0x0000014030a15508]
Event: 16.289 Thread 0x0000014045cf8000 7718       1       org.gradle.api.internal.project.DefaultProject::getOwner (5 bytes)
Event: 16.289 Thread 0x0000014045cf8000 nmethod 7718 0x0000014037382f10 code [0x00000140373830c0, 0x0000014037383178]
Event: 16.292 Thread 0x0000014045cf8000 7719       2       com.google.common.util.concurrent.AbstractFuture::get (167 bytes)
Event: 16.294 Thread 0x0000014045cf8000 nmethod 7719 0x0000014030a15590 code [0x0000014030a15800, 0x0000014030a160c8]
Event: 16.294 Thread 0x0000014045cf8000 7720       2       com.google.common.base.Stopwatch::elapsedNanos (32 bytes)
Event: 16.295 Thread 0x0000014045cf8000 nmethod 7720 0x0000014030a16390 code [0x0000014030a16540, 0x0000014030a166a8]
Event: 16.302 Thread 0x0000014045cf8000 7721       2       java.lang.invoke.MethodHandle::<init> (37 bytes)
Event: 16.302 Thread 0x0000014045cf8000 nmethod 7721 0x0000014030a16790 code [0x0000014030a16980, 0x0000014030a16cf8]
Event: 16.303 Thread 0x0000014045cf8000 7722       2       java.util.HashMap::clear (50 bytes)
Event: 16.304 Thread 0x0000014045cf8000 nmethod 7722 0x0000014030a16f10 code [0x0000014030a170c0, 0x0000014030a17278]
Event: 16.304 Thread 0x0000014045cf8000 7723       2       com.esotericsoftware.kryo.io.Input::readString (127 bytes)
Event: 16.304 Thread 0x0000014045cf8000 nmethod 7723 0x0000014030a17390 code [0x0000014030a175a0, 0x0000014030a17a28]
Event: 16.304 Thread 0x0000014045cf8000 7724       2       com.esotericsoftware.kryo.io.Input::readInt (70 bytes)

GC Heap History (20 events):
Event: 9.183 GC heap before
{Heap before GC invocations=15 (full 0):
 garbage-first heap   total 189440K, used 101186K [0x0000000080000000, 0x0000000100000000)
  region size 1024K, 21 young (21504K), 5 survivors (5120K)
 Metaspace       used 48600K, capacity 50029K, committed 50172K, reserved 1093632K
  class space    used 6182K, capacity 6698K, committed 6732K, reserved 1048576K
}
Event: 9.193 GC heap after
{Heap after GC invocations=16 (full 0):
 garbage-first heap   total 189440K, used 86812K [0x0000000080000000, 0x0000000100000000)
  region size 1024K, 4 young (4096K), 4 survivors (4096K)
 Metaspace       used 48600K, capacity 50029K, committed 50172K, reserved 1093632K
  class space    used 6182K, capacity 6698K, committed 6732K, reserved 1048576K
}
Event: 10.307 GC heap before
{Heap before GC invocations=17 (full 0):
 garbage-first heap   total 189440K, used 147228K [0x0000000080000000, 0x0000000100000000)
  region size 1024K, 58 young (59392K), 4 survivors (4096K)
 Metaspace       used 52034K, capacity 53656K, committed 53756K, reserved 1095680K
  class space    used 6677K, capacity 7244K, committed 7244K, reserved 1048576K
}
Event: 10.319 GC heap after
{Heap after GC invocations=18 (full 0):
 garbage-first heap   total 189440K, used 95231K [0x0000000080000000, 0x0000000100000000)
  region size 1024K, 8 young (8192K), 8 survivors (8192K)
 Metaspace       used 52034K, capacity 53656K, committed 53756K, reserved 1095680K
  class space    used 6677K, capacity 7244K, committed 7244K, reserved 1048576K
}
Event: 10.606 GC heap before
{Heap before GC invocations=18 (full 0):
 garbage-first heap   total 189440K, used 108543K [0x0000000080000000, 0x0000000100000000)
  region size 1024K, 23 young (23552K), 8 survivors (8192K)
 Metaspace       used 52295K, capacity 53980K, committed 54140K, reserved 1095680K
  class space    used 6688K, capacity 7283K, committed 7372K, reserved 1048576K
}
Event: 10.621 GC heap after
{Heap after GC invocations=19 (full 0):
 garbage-first heap   total 189440K, used 96187K [0x0000000080000000, 0x0000000100000000)
  region size 1024K, 6 young (6144K), 6 survivors (6144K)
 Metaspace       used 52295K, capacity 53980K, committed 54140K, reserved 1095680K
  class space    used 6688K, capacity 7283K, committed 7372K, reserved 1048576K
}
Event: 10.800 GC heap before
{Heap before GC invocations=20 (full 0):
 garbage-first heap   total 189440K, used 105403K [0x0000000080000000, 0x0000000100000000)
  region size 1024K, 15 young (15360K), 6 survivors (6144K)
 Metaspace       used 52720K, capacity 54394K, committed 54652K, reserved 1097728K
  class space    used 6753K, capacity 7357K, committed 7372K, reserved 1048576K
}
Event: 10.815 GC heap after
{Heap after GC invocations=21 (full 0):
 garbage-first heap   total 227328K, used 102840K [0x0000000080000000, 0x0000000100000000)
  region size 1024K, 8 young (8192K), 8 survivors (8192K)
 Metaspace       used 52720K, capacity 54394K, committed 54652K, reserved 1097728K
  class space    used 6753K, capacity 7357K, committed 7372K, reserved 1048576K
}
Event: 12.317 GC heap before
{Heap before GC invocations=22 (full 0):
 garbage-first heap   total 227328K, used 173496K [0x0000000080000000, 0x0000000100000000)
  region size 1024K, 76 young (77824K), 8 survivors (8192K)
 Metaspace       used 61914K, capacity 63974K, committed 64124K, reserved 1105920K
  class space    used 7878K, capacity 8635K, committed 8652K, reserved 1048576K
}
Event: 12.329 GC heap after
{Heap after GC invocations=23 (full 0):
 garbage-first heap   total 227328K, used 106934K [0x0000000080000000, 0x0000000100000000)
  region size 1024K, 9 young (9216K), 9 survivors (9216K)
 Metaspace       used 61914K, capacity 63974K, committed 64124K, reserved 1105920K
  class space    used 7878K, capacity 8635K, committed 8652K, reserved 1048576K
}
Event: 12.630 GC heap before
{Heap before GC invocations=23 (full 0):
 garbage-first heap   total 227328K, used 123318K [0x0000000080000000, 0x0000000100000000)
  region size 1024K, 22 young (22528K), 9 survivors (9216K)
 Metaspace       used 63750K, capacity 65737K, committed 65916K, reserved 1105920K
  class space    used 8081K, capacity 8796K, committed 8908K, reserved 1048576K
}
Event: 12.641 GC heap after
{Heap after GC invocations=24 (full 0):
 garbage-first heap   total 227328K, used 112623K [0x0000000080000000, 0x0000000100000000)
  region size 1024K, 7 young (7168K), 7 survivors (7168K)
 Metaspace       used 63750K, capacity 65737K, committed 65916K, reserved 1105920K
  class space    used 8081K, capacity 8796K, committed 8908K, reserved 1048576K
}
Event: 13.665 GC heap before
{Heap before GC invocations=25 (full 0):
 garbage-first heap   total 227328K, used 167919K [0x0000000080000000, 0x0000000100000000)
  region size 1024K, 58 young (59392K), 7 survivors (7168K)
 Metaspace       used 67188K, capacity 69211K, committed 69372K, reserved 1110016K
  class space    used 8536K, capacity 9259K, committed 9292K, reserved 1048576K
}
Event: 13.680 GC heap after
{Heap after GC invocations=26 (full 0):
 garbage-first heap   total 227328K, used 112456K [0x0000000080000000, 0x0000000100000000)
  region size 1024K, 6 young (6144K), 6 survivors (6144K)
 Metaspace       used 67188K, capacity 69211K, committed 69372K, reserved 1110016K
  class space    used 8536K, capacity 9259K, committed 9292K, reserved 1048576K
}
Event: 13.760 GC heap before
{Heap before GC invocations=26 (full 0):
 garbage-first heap   total 227328K, used 115528K [0x0000000080000000, 0x0000000100000000)
  region size 1024K, 10 young (10240K), 6 survivors (6144K)
 Metaspace       used 67500K, capacity 69442K, committed 69756K, reserved 1110016K
  class space    used 8576K, capacity 9292K, committed 9420K, reserved 1048576K
}
Event: 13.772 GC heap after
{Heap after GC invocations=27 (full 0):
 garbage-first heap   total 273408K, used 113262K [0x0000000080000000, 0x0000000100000000)
  region size 1024K, 4 young (4096K), 4 survivors (4096K)
 Metaspace       used 67500K, capacity 69442K, committed 69756K, reserved 1110016K
  class space    used 8576K, capacity 9292K, committed 9420K, reserved 1048576K
}
Event: 14.787 GC heap before
{Heap before GC invocations=28 (full 0):
 garbage-first heap   total 273408K, used 189038K [0x0000000080000000, 0x0000000100000000)
  region size 1024K, 77 young (78848K), 4 survivors (4096K)
 Metaspace       used 70141K, capacity 72286K, committed 72444K, reserved 1112064K
  class space    used 8932K, capacity 9700K, committed 9804K, reserved 1048576K
}
Event: 14.804 GC heap after
{Heap after GC invocations=29 (full 0):
 garbage-first heap   total 273408K, used 117304K [0x0000000080000000, 0x0000000100000000)
  region size 1024K, 8 young (8192K), 8 survivors (8192K)
 Metaspace       used 70141K, capacity 72286K, committed 72444K, reserved 1112064K
  class space    used 8932K, capacity 9700K, committed 9804K, reserved 1048576K
}
Event: 16.029 GC heap before
{Heap before GC invocations=29 (full 0):
 garbage-first heap   total 273408K, used 195128K [0x0000000080000000, 0x0000000100000000)
  region size 1024K, 84 young (86016K), 8 survivors (8192K)
 Metaspace       used 75802K, capacity 77981K, committed 78204K, reserved 1116160K
  class space    used 9879K, capacity 10668K, committed 10700K, reserved 1048576K
}
Event: 16.047 GC heap after
{Heap after GC invocations=30 (full 0):
 garbage-first heap   total 273408K, used 122398K [0x0000000080000000, 0x0000000100000000)
  region size 1024K, 10 young (10240K), 10 survivors (10240K)
 Metaspace       used 75802K, capacity 77981K, committed 78204K, reserved 1116160K
  class space    used 9879K, capacity 10668K, committed 10700K, reserved 1048576K
}

Deoptimization events (20 events):
Event: 15.959 Thread 0x0000014047882800 DEOPT PACKING pc=0x000001403735c384 sp=0x00000011eebf6b70
Event: 15.959 Thread 0x0000014047882800 DEOPT UNPACKING pc=0x000001402f49a1af sp=0x00000011eebf6968 mode 2
Event: 15.996 Thread 0x0000014047882800 Uncommon trap: trap_request=0xffffffde fr.pc=0x00000140370e4858 relative=0x0000000000001418
Event: 15.997 Thread 0x0000014047882800 Uncommon trap: reason=class_check action=maybe_recompile pc=0x00000140370e4858 method=org.codehaus.groovy.reflection.ParameterTypes.getParametersTypes0()V @ 16 c2
Event: 15.997 Thread 0x0000014047882800 DEOPT PACKING pc=0x00000140370e4858 sp=0x00000011eebf6db0
Event: 15.997 Thread 0x0000014047882800 DEOPT UNPACKING pc=0x000001402f49a1af sp=0x00000011eebf6d78 mode 2
Event: 16.006 Thread 0x0000014047882800 Uncommon trap: trap_request=0xffffffde fr.pc=0x00000140370e4858 relative=0x0000000000001418
Event: 16.007 Thread 0x0000014047882800 Uncommon trap: reason=class_check action=maybe_recompile pc=0x00000140370e4858 method=org.codehaus.groovy.reflection.ParameterTypes.getParametersTypes0()V @ 16 c2
Event: 16.007 Thread 0x0000014047882800 DEOPT PACKING pc=0x00000140370e4858 sp=0x00000011eebf6d90
Event: 16.007 Thread 0x0000014047882800 DEOPT UNPACKING pc=0x000001402f49a1af sp=0x00000011eebf6d58 mode 2
Event: 16.023 Thread 0x0000014047882800 DEOPT PACKING pc=0x0000014030286ceb sp=0x00000011eebf52d0
Event: 16.023 Thread 0x0000014047882800 DEOPT UNPACKING pc=0x000001402f49a95e sp=0x00000011eebf4730 mode 0
Event: 16.273 Thread 0x0000014047882800 Uncommon trap: trap_request=0xffffff4d fr.pc=0x00000140372f2e84 relative=0x00000000000002e4
Event: 16.273 Thread 0x0000014047882800 Uncommon trap: reason=unstable_if action=reinterpret pc=0x00000140372f2e84 method=com.google.gson.stream.JsonReader.doPeek()I @ 525 c2
Event: 16.273 Thread 0x0000014047882800 DEOPT PACKING pc=0x00000140372f2e84 sp=0x00000011eebf8d20
Event: 16.273 Thread 0x0000014047882800 DEOPT UNPACKING pc=0x000001402f49a1af sp=0x00000011eebf8ca0 mode 2
Event: 16.303 Thread 0x0000014047882800 Uncommon trap: trap_request=0xffffff4d fr.pc=0x00000140371d0718 relative=0x0000000000000bf8
Event: 16.303 Thread 0x0000014047882800 Uncommon trap: reason=unstable_if action=reinterpret pc=0x00000140371d0718 method=com.esotericsoftware.kryo.io.Input.readString()Ljava/lang/String; @ 28 c2
Event: 16.303 Thread 0x0000014047882800 DEOPT PACKING pc=0x00000140371d0718 sp=0x00000011eebf8370
Event: 16.303 Thread 0x0000014047882800 DEOPT UNPACKING pc=0x000001402f49a1af sp=0x00000011eebf8348 mode 2

Classes redefined (0 events):
No events

Internal exceptions (20 events):
Event: 16.016 Thread 0x0000014047882800 Exception <a 'java/lang/ClassNotFoundException'{0x000000008c2fb240}: org/gradle/api/internal/artifacts/configurations/DefaultConfigurationContainer_DecoratedBeanInfo> (0x000000008c2fb240) thrown at [src/hotspot/share/classfile/systemDictionary.cpp, line 230]
Event: 16.017 Thread 0x0000014047882800 Exception <a 'java/lang/ClassNotFoundException'{0x000000008c12c5a8}: org/gradle/api/internal/artifacts/configurations/DefaultConfigurationContainerBeanInfo> (0x000000008c12c5a8) thrown at [src/hotspot/share/classfile/systemDictionary.cpp, line 230]
Event: 16.017 Thread 0x0000014047882800 Exception <a 'java/lang/ClassNotFoundException'{0x000000008c14a160}: org/gradle/api/internal/AbstractValidatingNamedDomainObjectContainerBeanInfo> (0x000000008c14a160) thrown at [src/hotspot/share/classfile/systemDictionary.cpp, line 230]
Event: 16.018 Thread 0x0000014047882800 Exception <a 'java/lang/ClassNotFoundException'{0x000000008c167f38}: org/gradle/api/internal/AbstractValidatingNamedDomainObjectContainerCustomizer> (0x000000008c167f38) thrown at [src/hotspot/share/classfile/systemDictionary.cpp, line 230]
Event: 16.019 Thread 0x0000014047882800 Exception <a 'java/lang/ClassNotFoundException'{0x000000008c1a3f20}: org/gradle/api/internal/artifacts/configurations/DefaultConfigurationContainerCustomizer> (0x000000008c1a3f20) thrown at [src/hotspot/share/classfile/systemDictionary.cpp, line 230]
Event: 16.020 Thread 0x0000014047882800 Exception <a 'java/lang/ClassNotFoundException'{0x000000008c1eb470}: org/gradle/api/internal/artifacts/configurations/DefaultConfigurationContainer_DecoratedCustomizer> (0x000000008c1eb470) thrown at [src/hotspot/share/classfile/systemDictionary.cpp, line 230]
Event: 16.050 Thread 0x0000014047882800 Exception <a 'java/lang/ClassNotFoundException'{0x0000000090a809c0}: org/gradle/api/internal/artifacts/configurations/DefaultConfiguration_DecoratedBeanInfo> (0x0000000090a809c0) thrown at [src/hotspot/share/classfile/systemDictionary.cpp, line 230]
Event: 16.051 Thread 0x0000014047882800 Exception <a 'java/lang/ClassNotFoundException'{0x0000000090ab08e8}: org/gradle/api/internal/artifacts/configurations/DefaultConfigurationBeanInfo> (0x0000000090ab08e8) thrown at [src/hotspot/share/classfile/systemDictionary.cpp, line 230]
Event: 16.052 Thread 0x0000014047882800 Exception <a 'java/lang/ClassNotFoundException'{0x0000000090acd020}: org/gradle/api/internal/file/AbstractFileCollectionBeanInfo> (0x0000000090acd020) thrown at [src/hotspot/share/classfile/systemDictionary.cpp, line 230]
Event: 16.053 Thread 0x0000014047882800 Exception <a 'java/lang/ClassNotFoundException'{0x0000000090ae97a8}: org/gradle/api/internal/file/AbstractFileCollectionCustomizer> (0x0000000090ae97a8) thrown at [src/hotspot/share/classfile/systemDictionary.cpp, line 230]
Event: 16.054 Thread 0x0000014047882800 Exception <a 'java/lang/ClassNotFoundException'{0x000000009092bbe8}: org/gradle/api/internal/artifacts/configurations/DefaultConfigurationCustomizer> (0x000000009092bbe8) thrown at [src/hotspot/share/classfile/systemDictionary.cpp, line 230]
Event: 16.059 Thread 0x0000014047882800 Exception <a 'java/lang/ClassNotFoundException'{0x00000000909c1318}: org/gradle/api/internal/artifacts/configurations/DefaultConfiguration_DecoratedCustomizer> (0x00000000909c1318) thrown at [src/hotspot/share/classfile/systemDictionary.cpp, line 230]
Event: 16.069 Thread 0x0000014047882800 Exception <a 'java/lang/ClassNotFoundException'{0x00000000906534d8}: org/codehaus/groovy/runtime/MethodClosureBeanInfo> (0x00000000906534d8) thrown at [src/hotspot/share/classfile/systemDictionary.cpp, line 230]
Event: 16.071 Thread 0x0000014047882800 Exception <a 'java/lang/ClassNotFoundException'{0x00000000904308b8}: org/codehaus/groovy/runtime/MethodClosureCustomizer> (0x00000000904308b8) thrown at [src/hotspot/share/classfile/systemDictionary.cpp, line 230]
Event: 16.074 Thread 0x0000014047882800 Exception <a 'java/lang/ClassNotFoundException'{0x00000000904a3320}: org/gradle/api/internal/artifacts/configurations/DefaultConfiguration$ConfigurationResolvableDependencies_DecoratedBeanInfo> (0x00000000904a3320) thrown at [src/hotspot/share/classfile/systemDictionary.cpp, line 230]
Event: 16.074 Thread 0x0000014047882800 Exception <a 'java/lang/ClassNotFoundException'{0x00000000904dc240}: org/gradle/api/internal/artifacts/configurations/DefaultConfiguration$ConfigurationResolvableDependenciesBeanInfo> (0x00000000904dc240) thrown at [src/hotspot/share/classfile/systemDictionary.cpp, line 230]
Event: 16.075 Thread 0x0000014047882800 Exception <a 'java/lang/ClassNotFoundException'{0x00000000903170f0}: org/gradle/api/internal/artifacts/configurations/DefaultConfiguration$ConfigurationResolvableDependenciesCustomizer> (0x00000000903170f0) thrown at [src/hotspot/share/classfile/systemDictionary.cpp, line 230]
Event: 16.077 Thread 0x0000014047882800 Exception <a 'java/lang/ClassNotFoundException'{0x0000000090363330}: org/gradle/api/internal/artifacts/configurations/DefaultConfiguration$ConfigurationResolvableDependencies_DecoratedCustomizer> (0x0000000090363330) thrown at [src/hotspot/share/classfile/systemDictionary.cpp, line 230]
Event: 16.234 Thread 0x0000014047882800 Exception <a 'java/lang/NoSuchMethodError'{0x000000008f870328}: <clinit>> (0x000000008f870328) thrown at [src/hotspot/share/prims/jni.cpp, line 1367]
Event: 16.282 Thread 0x0000014047882800 Exception <a 'sun/nio/fs/WindowsException'{0x000000008f67ccf8}> (0x000000008f67ccf8) thrown at [src/hotspot/share/prims/jni.cpp, line 617]

Events (20 events):
Event: 16.300 loading class org/gradle/api/artifacts/result/ResolutionResult
Event: 16.300 loading class org/gradle/api/artifacts/result/ResolutionResult done
Event: 16.300 loading class org/gradle/api/artifacts/result/ResolvedComponentResult
Event: 16.300 loading class org/gradle/api/artifacts/result/ResolvedComponentResult done
Event: 16.300 loading class org/gradle/api/artifacts/result/ResolvedComponentResult
Event: 16.300 loading class org/gradle/api/artifacts/result/ResolvedComponentResult done
Event: 16.300 loading class org/gradle/api/internal/artifacts/ivyservice/resolveengine/result/StreamingResolutionResultBuilder$RootFactory
Event: 16.300 loading class org/gradle/api/internal/artifacts/ivyservice/resolveengine/result/StreamingResolutionResultBuilder$RootFactory done
Event: 16.301 loading class org/gradle/internal/serialize/Decoder
Event: 16.301 loading class org/gradle/internal/serialize/Decoder done
Event: 16.301 loading class org/gradle/internal/serialize/Decoder
Event: 16.301 loading class org/gradle/internal/serialize/Decoder done
Event: 16.301 loading class org/gradle/internal/serialize/Decoder
Event: 16.301 loading class org/gradle/internal/serialize/Decoder done
Event: 16.301 loading class org/gradle/api/internal/artifacts/ivyservice/resolveengine/result/StreamingResolutionResultBuilder$RootFactory
Event: 16.301 loading class org/gradle/api/internal/artifacts/ivyservice/resolveengine/result/StreamingResolutionResultBuilder$RootFactory done
Event: 16.301 loading class org/gradle/cache/internal/BinaryStore$ReadAction
Event: 16.301 loading class org/gradle/cache/internal/BinaryStore$ReadAction done
Event: 16.302 loading class org/gradle/internal/serialize/kryo/StringDeduplicatingKryoBackedDecoder
Event: 16.302 loading class org/gradle/internal/serialize/kryo/StringDeduplicatingKryoBackedDecoder done


Dynamic libraries:
0x00007ff605dd0000 - 0x00007ff605dda000 	C:\Program Files\Android\Android Studio\jbr\bin\java.exe
0x00007ffe327f0000 - 0x00007ffe329e8000 	C:\WINDOWS\SYSTEM32\ntdll.dll
0x00007ffe31d30000 - 0x00007ffe31def000 	C:\WINDOWS\System32\KERNEL32.DLL
0x00007ffe30000000 - 0x00007ffe302da000 	C:\WINDOWS\System32\KERNELBASE.dll
0x00007ffe2ff00000 - 0x00007ffe30000000 	C:\WINDOWS\System32\ucrtbase.dll
0x00007ffe28820000 - 0x00007ffe28837000 	C:\Program Files\Android\Android Studio\jbr\bin\jli.dll
0x00007ffe2a010000 - 0x00007ffe2a02b000 	C:\Program Files\Android\Android Studio\jbr\bin\VCRUNTIME140.dll
0x00007ffe32600000 - 0x00007ffe3279d000 	C:\WINDOWS\System32\USER32.dll
0x00007ffe1e340000 - 0x00007ffe1e5da000 	C:\WINDOWS\WinSxS\amd64_microsoft.windows.common-controls_6595b64144ccf1df_6.0.19041.1110_none_60b5254171f9507e\COMCTL32.dll
0x00007ffe30780000 - 0x00007ffe307a2000 	C:\WINDOWS\System32\win32u.dll
0x00007ffe32240000 - 0x00007ffe322de000 	C:\WINDOWS\System32\msvcrt.dll
0x00007ffe31400000 - 0x00007ffe3142b000 	C:\WINDOWS\System32\GDI32.dll
0x00007ffe303c0000 - 0x00007ffe304d0000 	C:\WINDOWS\System32\gdi32full.dll
0x00007ffe307b0000 - 0x00007ffe3084d000 	C:\WINDOWS\System32\msvcp_win.dll
0x00007ffe30850000 - 0x00007ffe30880000 	C:\WINDOWS\System32\IMM32.DLL
0x00007ffe2cc60000 - 0x00007ffe2cc6c000 	C:\Program Files\Android\Android Studio\jbr\bin\vcruntime140_1.dll
0x00007ffe22ca0000 - 0x00007ffe22d2d000 	C:\Program Files\Android\Android Studio\jbr\bin\msvcp140.dll
0x00007ffdcc9a0000 - 0x00007ffdcd55c000 	C:\Program Files\Android\Android Studio\jbr\bin\server\jvm.dll
0x00007ffe31c80000 - 0x00007ffe31d2e000 	C:\WINDOWS\System32\ADVAPI32.dll
0x00007ffe310f0000 - 0x00007ffe3118c000 	C:\WINDOWS\System32\sechost.dll
0x00007ffe324d0000 - 0x00007ffe325f6000 	C:\WINDOWS\System32\RPCRT4.dll
0x00007ffe30880000 - 0x00007ffe30888000 	C:\WINDOWS\System32\PSAPI.DLL
0x00007ffe2ca20000 - 0x00007ffe2ca29000 	C:\WINDOWS\SYSTEM32\WSOCK32.dll
0x00007ffe321d0000 - 0x00007ffe3223b000 	C:\WINDOWS\System32\WS2_32.dll
0x00007ffe209f0000 - 0x00007ffe209fa000 	C:\WINDOWS\SYSTEM32\VERSION.dll
0x00007ffe1d6c0000 - 0x00007ffe1d6e7000 	C:\WINDOWS\SYSTEM32\WINMM.dll
0x00007ffe2e710000 - 0x00007ffe2e722000 	C:\WINDOWS\SYSTEM32\kernel.appcore.dll
0x00007ffe2b220000 - 0x00007ffe2b230000 	C:\Program Files\Android\Android Studio\jbr\bin\verify.dll
0x00007ffe1bf90000 - 0x00007ffe1c174000 	C:\WINDOWS\SYSTEM32\DBGHELP.DLL
0x00007ffe1bf50000 - 0x00007ffe1bf84000 	C:\WINDOWS\SYSTEM32\dbgcore.DLL
0x00007ffe302e0000 - 0x00007ffe30362000 	C:\WINDOWS\System32\bcryptPrimitives.dll
0x00007ffe23740000 - 0x00007ffe23768000 	C:\Program Files\Android\Android Studio\jbr\bin\java.dll
0x00007ffe2af80000 - 0x00007ffe2af8a000 	C:\Program Files\Android\Android Studio\jbr\bin\jimage.dll
0x00007ffe25080000 - 0x00007ffe25098000 	C:\Program Files\Android\Android Studio\jbr\bin\zip.dll
0x00007ffe314a0000 - 0x00007ffe31be4000 	C:\WINDOWS\System32\SHELL32.dll
0x00007ffe2deb0000 - 0x00007ffe2e643000 	C:\WINDOWS\SYSTEM32\windows.storage.dll
0x00007ffe31df0000 - 0x00007ffe32144000 	C:\WINDOWS\System32\combase.dll
0x00007ffe2f7a0000 - 0x00007ffe2f7ce000 	C:\WINDOWS\SYSTEM32\Wldp.dll
0x00007ffe308f0000 - 0x00007ffe3099d000 	C:\WINDOWS\System32\SHCORE.dll
0x00007ffe31190000 - 0x00007ffe311e5000 	C:\WINDOWS\System32\shlwapi.dll
0x00007ffe2fe40000 - 0x00007ffe2fe5f000 	C:\WINDOWS\SYSTEM32\profapi.dll
0x00007ffe24eb0000 - 0x00007ffe24ec9000 	C:\Program Files\Android\Android Studio\jbr\bin\net.dll
0x00007ffe221f0000 - 0x00007ffe222fa000 	C:\WINDOWS\SYSTEM32\WINHTTP.dll
0x00007ffe2f580000 - 0x00007ffe2f5ea000 	C:\WINDOWS\system32\mswsock.dll
0x00007ffe24950000 - 0x00007ffe24963000 	C:\Program Files\Android\Android Studio\jbr\bin\nio.dll
0x00007ffe10e30000 - 0x00007ffe10e57000 	C:\Users\shahzaib lptp\AndroidStudioProjects\loginsqlite\native\e1d6ef7f7dcc3fd88c89a11ec53ec762bb8ba0a96d01ffa2cd45eb1d1d8dd5c5\windows-amd64\native-platform.dll
0x00007ffe0faa0000 - 0x00007ffe0fbe4000 	C:\Users\shahzaib lptp\AndroidStudioProjects\loginsqlite\native\0d407fdbe67a94daf76414ababcb853783967236a71b16ec16e742cd7a986fd3\windows-amd64\native-platform-file-events.dll
0x00007ffe29fb0000 - 0x00007ffe29fba000 	C:\Program Files\Android\Android Studio\jbr\bin\management.dll
0x00007ffe28890000 - 0x00007ffe2889b000 	C:\Program Files\Android\Android Studio\jbr\bin\management_ext.dll
0x00007ffe2fb20000 - 0x00007ffe2fb38000 	C:\WINDOWS\SYSTEM32\CRYPTSP.dll
0x00007ffe2eec0000 - 0x00007ffe2eef4000 	C:\WINDOWS\system32\rsaenh.dll
0x00007ffe30750000 - 0x00007ffe30777000 	C:\WINDOWS\System32\bcrypt.dll
0x00007ffe2fe00000 - 0x00007ffe2fe2e000 	C:\WINDOWS\SYSTEM32\USERENV.dll
0x00007ffe2f710000 - 0x00007ffe2f71c000 	C:\WINDOWS\SYSTEM32\CRYPTBASE.dll
0x00007ffe2f290000 - 0x00007ffe2f2cc000 	C:\WINDOWS\SYSTEM32\IPHLPAPI.DLL
0x00007ffe327a0000 - 0x00007ffe327a8000 	C:\WINDOWS\System32\NSI.dll
0x00007ffe23110000 - 0x00007ffe23127000 	C:\WINDOWS\SYSTEM32\dhcpcsvc6.DLL
0x00007ffe230f0000 - 0x00007ffe2310d000 	C:\WINDOWS\SYSTEM32\dhcpcsvc.DLL
0x00007ffe2f2d0000 - 0x00007ffe2f39b000 	C:\WINDOWS\SYSTEM32\DNSAPI.dll

dbghelp: loaded successfully - version: 4.0.5 - missing functions: none
symbol engine: initialized successfully - sym options: 0x614 - pdb path: .;C:\Program Files\Android\Android Studio\jbr\bin;C:\WINDOWS\SYSTEM32;C:\WINDOWS\WinSxS\amd64_microsoft.windows.common-controls_6595b64144ccf1df_6.0.19041.1110_none_60b5254171f9507e;C:\Program Files\Android\Android Studio\jbr\bin\server;C:\Users\shahzaib lptp\AndroidStudioProjects\loginsqlite\native\e1d6ef7f7dcc3fd88c89a11ec53ec762bb8ba0a96d01ffa2cd45eb1d1d8dd5c5\windows-amd64;C:\Users\shahzaib lptp\AndroidStudioProjects\loginsqlite\native\0d407fdbe67a94daf76414ababcb853783967236a71b16ec16e742cd7a986fd3\windows-amd64

VM Arguments:
jvm_args: --add-opens=java.base/java.util=ALL-UNNAMED --add-opens=java.base/java.lang=ALL-UNNAMED --add-opens=java.base/java.lang.invoke=ALL-UNNAMED --add-opens=java.base/java.util=ALL-UNNAMED --add-opens=java.prefs/java.util.prefs=ALL-UNNAMED --add-opens=java.prefs/java.util.prefs=ALL-UNNAMED --add-opens=java.base/java.nio.charset=ALL-UNNAMED --add-opens=java.base/java.net=ALL-UNNAMED --add-opens=java.base/java.util.concurrent.atomic=ALL-UNNAMED -Xmx2048m -Dfile.encoding=UTF-8 -Duser.country=US -Duser.language=en -Duser.variant 
java_command: org.gradle.launcher.daemon.bootstrap.GradleDaemon 7.5
java_class_path (initial): C:\Users\shahzaib lptp\AndroidStudioProjects\loginsqlite\wrapper\dists\gradle-7.5-bin\f1w0cc9nuo0eivz97x2xlu9sv\gradle-7.5\lib\gradle-launcher-7.5.jar
Launcher Type: SUN_STANDARD

[Global flags]
     intx CICompilerCount                          = 3                                         {product} {ergonomic}
     uint ConcGCThreads                            = 1                                         {product} {ergonomic}
     uint G1ConcRefinementThreads                  = 4                                         {product} {ergonomic}
   size_t G1HeapRegionSize                         = 1048576                                   {product} {ergonomic}
    uintx GCDrainStackTargetSize                   = 64                                        {product} {ergonomic}
   size_t InitialHeapSize                          = 134217728                                 {product} {ergonomic}
   size_t MarkStackSize                            = 4194304                                   {product} {ergonomic}
   size_t MaxHeapSize                              = 2147483648                                {product} {command line}
   size_t MaxNewSize                               = 1287651328                                {product} {ergonomic}
   size_t MinHeapDeltaBytes                        = 1048576                                   {product} {ergonomic}
    uintx NonNMethodCodeHeapSize                   = 5830732                                {pd product} {ergonomic}
    uintx NonProfiledCodeHeapSize                  = 122913754                              {pd product} {ergonomic}
    uintx ProfiledCodeHeapSize                     = 122913754                              {pd product} {ergonomic}
    uintx ReservedCodeCacheSize                    = 251658240                              {pd product} {ergonomic}
     bool SegmentedCodeCache                       = true                                      {product} {ergonomic}
     bool UseCompressedClassPointers               = true                                 {lp64_product} {ergonomic}
     bool UseCompressedOops                        = true                                 {lp64_product} {ergonomic}
     bool UseG1GC                                  = true                                      {product} {ergonomic}
     bool UseLargePagesIndividualAllocation        = false                                  {pd product} {ergonomic}

Logging:
Log output configuration:
 #0: stdout all=warning uptime,level,tags
 #1: stderr all=off uptime,level,tags

Environment Variables:
PATH=C:\Program Files\Python310\Scripts\;C:\Program Files\Python310\;C:\Program Files\Common Files\Oracle\Java\javapath;C:\app\bin;C:\app\shahzaiblptp\product\11.2.0\dbhome_1\bin;C:\WINDOWS\system32;C:\WINDOWS;C:\WINDOWS\System32\Wbem;C:\WINDOWS\System32\WindowsPowerShell\v1.0\;c:\Program Files (x86)\Microsoft SQL Server\100\Tools\Binn\;c:\Program Files\Microsoft SQL Server\100\Tools\Binn\;c:\Program Files\Microsoft SQL Server\100\DTS\Binn\;C:\WINDOWS\System32\OpenSSH\;C:\ProgramData\chocolatey\bin;%JAVA_HOME%\bin;C:\Users\shahzaib lptp\AppData\Local\Microsoft\WindowsApps;C:\Program Files\JetBrains\IntelliJ IDEA Community Edition 2021.3\bin;;C:\Program Files\Python310\PyCharm Community Edition 2022.1\bin;;C:\Users\shahzaib lptp\AppData\Local\Programs\Microsoft VS Code\bin;C:\Program Files\flutter\bin;C:\src\flutter\bin;C:\Program Files\Android\Android Studio\bin;
USERNAME=shahzaib lptp
OS=Windows_NT
PROCESSOR_IDENTIFIER=Intel64 Family 6 Model 69 Stepping 1, GenuineIntel



---------------  S Y S T E M  ---------------

OS: Windows 10 , 64 bit Build 19041 (10.0.19041.2788)
OS uptime: 8 days 18:04 hours
Hyper-V role detected

CPU:total 4 (initial active 4) (2 cores per cpu, 2 threads per core) family 6 model 69 stepping 1 microcode 0x26, cmov, cx8, fxsr, mmx, sse, sse2, sse3, ssse3, sse4.1, sse4.2, popcnt, avx, avx2, aes, clmul, erms, lzcnt, ht, tsc, tscinvbit, bmi1, bmi2, fma

Memory: 4k page, system-wide physical 8073M (1723M free)
TotalPageFile size 10073M (AvailPageFile size 4M)
current process WorkingSet (physical memory assigned to process): 500M, peak: 502M
current process commit charge ("private bytes"): 534M, peak: 534M

vm_info: OpenJDK 64-Bit Server VM (11.0.15+0-b2043.56-9505619) for windows-amd64 JRE (11.0.15+0-b2043.56-9505619), built on Jan 19 2023 02:48:00 by "builduser" with unknown MS VC++:1929

END.
