#
# There is insufficient memory for the Java Runtime Environment to continue.
# Native memory allocation (malloc) failed to allocate 60816 bytes for Chunk::new
# Possible reasons:
#   The system is out of physical RAM or swap space
#   The process is running with CompressedOops enabled, and the Java Heap may be blocking the growth of the native heap
# Possible solutions:
#   Reduce memory load on the system
#   Increase physical memory or swap space
#   Check if swap backing store is full
#   Decrease Java heap size (-Xmx/-Xms)
#   Decrease number of Java threads
#   Decrease Java thread stack sizes (-Xss)
#   Set larger code cache with -XX:ReservedCodeCacheSize=
#   JVM is running with Unscaled Compressed Oops mode in which the Java heap is
#     placed in the first 4GB address space. The Java Heap base address is the
#     maximum limit for the native heap growth. Please use -XX:HeapBaseMinAddress
#     to set the Java Heap base and to place the Java Heap above 4GB virtual address.
# This output file may be truncated or incomplete.
#
#  Out of Memory Error (src/hotspot/share/memory/arena.cpp:197), pid=14020, tid=12772
#
# JRE version: OpenJDK Runtime Environment (11.0.15) (build 11.0.15+0-b2043.56-9505619)
# Java VM: OpenJDK 64-Bit Server VM (11.0.15+0-b2043.56-9505619, mixed mode, tiered, compressed oops, g1 gc, windows-amd64)
# No core dump will be written. Minidumps are not enabled by default on client versions of Windows
#

---------------  S U M M A R Y ------------

Command Line: --add-opens=java.base/java.util.concurrent.atomic=ALL-UNNAMED -javaagent:C:\Program Files\Android\Android Studio\plugins\android\resources\trace_agent.jar=C:\Users\SHAHZA~1\AppData\Local\Temp\sync.trace.profile --add-opens=java.base/java.util=ALL-UNNAMED --add-opens=java.base/java.lang=ALL-UNNAMED --add-opens=java.base/java.lang.invoke=ALL-UNNAMED --add-opens=java.prefs/java.util.prefs=ALL-UNNAMED --add-opens=java.base/java.nio.charset=ALL-UNNAMED --add-opens=java.base/java.net=ALL-UNNAMED --add-opens=java.base/java.util.concurrent.atomic=ALL-UNNAMED -Xmx2048m -Dfile.encoding=UTF-8 -Duser.country=US -Duser.language=en -Duser.variant -javaagent:C:\Users\shahzaib lptp\AndroidStudioProjects\loginsqlite\wrapper\dists\gradle-8.3-rc-1-bin\3lbs5z64xhcdp1uarsx2vp16o\gradle-8.3-rc-1\lib\agents\gradle-instrumentation-agent-8.3.jar org.gradle.launcher.daemon.bootstrap.GradleDaemon 8.3-rc-1

Host: Intel(R) Core(TM) i5-4310U CPU @ 2.00GHz, 4 cores, 7G,  Windows 10 , 64 bit Build 19041 (10.0.19041.3031)
Time: Tue Aug 29 19:54:15 2023 Pakistan Standard Time elapsed time: 4167.071308 seconds (0d 1h 9m 27s)

---------------  T H R E A D  ---------------

Current thread (0x000001a1fe7d0800):  JavaThread "C2 CompilerThread0" daemon [_thread_in_native, id=12772, stack(0x0000004e99100000,0x0000004e99200000)]


Current CompileTask:
C2:4167071 18056   !   4       java.util.concurrent.FutureTask::runAndReset (125 bytes)

Stack: [0x0000004e99100000,0x0000004e99200000]
Native frames: (J=compiled Java code, j=interpreted, Vv=VM code, C=native code)
V  [jvm.dll+0x64135a]
V  [jvm.dll+0x7d39f9]
V  [jvm.dll+0x7d51b9]
V  [jvm.dll+0x7d58a3]
V  [jvm.dll+0x2691c5]
V  [jvm.dll+0xc1a5c]
V  [jvm.dll+0xc200c]
V  [jvm.dll+0x2da2c2]
V  [jvm.dll+0x54cad9]
V  [jvm.dll+0x220c9d]
V  [jvm.dll+0x223024]
V  [jvm.dll+0x220384]
V  [jvm.dll+0x19e851]
V  [jvm.dll+0x230479]
V  [jvm.dll+0x22e5ef]
V  [jvm.dll+0x794de1]
V  [jvm.dll+0x78dc24]
V  [jvm.dll+0x6400f6]
C  [ucrtbase.dll+0x21bb2]
C  [KERNEL32.DLL+0x17614]
C  [ntdll.dll+0x526f1]


---------------  P R O C E S S  ---------------

Threads class SMR info:
_java_thread_list=0x000001a187dd8830, length=68, elements={
0x000001a1e4b94000, 0x000001a1fe7aa800, 0x000001a1fe7b8800, 0x000001a1fe7c8800,
0x000001a1fe7c9000, 0x000001a1fe7ca000, 0x000001a1fe7d0800, 0x000001a1fe7d9800,
0x000001a1fe7db000, 0x000001a1ff2b5800, 0x000001a1813fc800, 0x000001a1ff6eb000,
0x000001a1834c9000, 0x000001a1804c3800, 0x000001a1804c2000, 0x000001a1804c3000,
0x000001a1831aa800, 0x000001a1831ac000, 0x000001a1831ad000, 0x000001a1831a9000,
0x000001a1831af800, 0x000001a1831a9800, 0x000001a1831b1000, 0x000001a1831b7000,
0x000001a180219000, 0x000001a18021e000, 0x000001a182085800, 0x000001a182086800,
0x000001a183110000, 0x000001a183112800, 0x000001a183113800, 0x000001a183111000,
0x000001a18310f000, 0x000001a18311a000, 0x000001a183114000, 0x000001a183117800,
0x000001a183119000, 0x000001a183115800, 0x000001a183115000, 0x000001a183118000,
0x000001a18311a800, 0x000001a18311c800, 0x000001a183116800, 0x000001a18311d000,
0x000001a18311e000, 0x000001a18021b800, 0x000001a18021c800, 0x000001a18021d000,
0x000001a180218800, 0x000001a180220800, 0x000001a18021f000, 0x000001a180224800,
0x000001a180224000, 0x000001a180225800, 0x000001a180221800, 0x000001a18021f800,
0x000001a180222000, 0x000001a180223000, 0x000001a180226000, 0x000001a182079800,
0x000001a18207b000, 0x000001a18207a000, 0x000001a182081800, 0x000001a18207c000,
0x000001a18207f000, 0x000001a182082800, 0x000001a182080000, 0x000001a182080800
}

Java Threads: ( => current thread )
  0x000001a1e4b94000 JavaThread "main" [_thread_blocked, id=6860, stack(0x0000004e98500000,0x0000004e98600000)]
  0x000001a1fe7aa800 JavaThread "Reference Handler" daemon [_thread_blocked, id=15472, stack(0x0000004e98c00000,0x0000004e98d00000)]
  0x000001a1fe7b8800 JavaThread "Finalizer" daemon [_thread_blocked, id=14820, stack(0x0000004e98d00000,0x0000004e98e00000)]
  0x000001a1fe7c8800 JavaThread "Signal Dispatcher" daemon [_thread_blocked, id=5128, stack(0x0000004e98e00000,0x0000004e98f00000)]
  0x000001a1fe7c9000 JavaThread "Attach Listener" daemon [_thread_blocked, id=7824, stack(0x0000004e98f00000,0x0000004e99000000)]
  0x000001a1fe7ca000 JavaThread "Service Thread" daemon [_thread_blocked, id=5956, stack(0x0000004e99000000,0x0000004e99100000)]
=>0x000001a1fe7d0800 JavaThread "C2 CompilerThread0" daemon [_thread_in_native, id=12772, stack(0x0000004e99100000,0x0000004e99200000)]
  0x000001a1fe7d9800 JavaThread "C1 CompilerThread0" daemon [_thread_blocked, id=12520, stack(0x0000004e99200000,0x0000004e99300000)]
  0x000001a1fe7db000 JavaThread "Sweeper thread" daemon [_thread_blocked, id=16748, stack(0x0000004e99300000,0x0000004e99400000)]
  0x000001a1ff2b5800 JavaThread "Common-Cleaner" daemon [_thread_blocked, id=16508, stack(0x0000004e99400000,0x0000004e99500000)]
  0x000001a1813fc800 JavaThread "Daemon health stats" [_thread_blocked, id=15276, stack(0x0000004e99900000,0x0000004e99a00000)]
  0x000001a1ff6eb000 JavaThread "Incoming local TCP Connector on port 50608" [_thread_in_native, id=14480, stack(0x0000004e99500000,0x0000004e99600000)]
  0x000001a1834c9000 JavaThread "Daemon periodic checks" [_thread_blocked, id=4912, stack(0x0000004e99a00000,0x0000004e99b00000)]
  0x000001a1804c3800 JavaThread "Cache worker for journal cache (C:\Users\shahzaib lptp\AndroidStudioProjects\loginsqlite\caches\journal-1)" [_thread_blocked, id=4292, stack(0x0000004e9a500000,0x0000004e9a600000)]
  0x000001a1804c2000 JavaThread "File lock request listener" [_thread_in_native, id=13368, stack(0x0000004e9a600000,0x0000004e9a700000)]
  0x000001a1804c3000 JavaThread "Cache worker for file hash cache (C:\Users\shahzaib lptp\AndroidStudioProjects\loginsqlite\caches\8.3-rc-1\fileHashes)" [_thread_blocked, id=14036, stack(0x0000004e9a800000,0x0000004e9a900000)]
  0x000001a1831aa800 JavaThread "File watcher server" daemon [_thread_in_native, id=16668, stack(0x0000004e9a700000,0x0000004e9a800000)]
  0x000001a1831ac000 JavaThread "File watcher consumer" daemon [_thread_blocked, id=5684, stack(0x0000004e9a900000,0x0000004e9aa00000)]
  0x000001a1831ad000 JavaThread "Cache worker for file content cache (C:\Users\shahzaib lptp\AndroidStudioProjects\loginsqlite\caches\8.3-rc-1\fileContent)" [_thread_blocked, id=1380, stack(0x0000004e9ad00000,0x0000004e9ae00000)]
  0x000001a1831a9000 JavaThread "Cache worker for execution history cache (C:\Users\shahzaib lptp\AndroidStudioProjects\loginsqlite\caches\8.3-rc-1\executionHistory)" [_thread_blocked, id=3536, stack(0x0000004e9af00000,0x0000004e9b000000)]
  0x000001a1831af800 JavaThread "jar transforms" [_thread_blocked, id=5516, stack(0x0000004e9b100000,0x0000004e9b200000)]
  0x000001a1831a9800 JavaThread "jar transforms Thread 2" [_thread_blocked, id=15368, stack(0x0000004e9b200000,0x0000004e9b300000)]
  0x000001a1831b1000 JavaThread "jar transforms Thread 3" [_thread_blocked, id=11608, stack(0x0000004e9b300000,0x0000004e9b400000)]
  0x000001a1831b7000 JavaThread "jar transforms Thread 4" [_thread_blocked, id=15092, stack(0x0000004e9b400000,0x0000004e9b500000)]
  0x000001a180219000 JavaThread "Memory manager" [_thread_blocked, id=12448, stack(0x0000004e9bb00000,0x0000004e9bc00000)]
  0x000001a18021e000 JavaThread "pool-3-thread-1" [_thread_blocked, id=2920, stack(0x0000004e98300000,0x0000004e98400000)]
  0x000001a182085800 JavaThread "ForkJoinPool.commonPool-worker-5" daemon [_thread_blocked, id=9816, stack(0x0000004e9ed00000,0x0000004e9ee00000)]
  0x000001a182086800 JavaThread "Cache worker for Java compile cache (C:\Users\shahzaib lptp\AndroidStudioProjects\loginsqlite\caches\8.3-rc-1\javaCompile)" [_thread_blocked, id=15452, stack(0x0000004e9ef00000,0x0000004e9f000000)]
  0x000001a183110000 JavaThread "Daemon Thread 2" [_thread_blocked, id=13308, stack(0x0000004e98400000,0x0000004e98500000)]
  0x000001a183112800 JavaThread "Handler for socket connection from /127.0.0.1:50608 to /127.0.0.1:64728" [_thread_in_native, id=14976, stack(0x0000004e99b00000,0x0000004e99c00000)]
  0x000001a183113800 JavaThread "Cancel handler" [_thread_blocked, id=6760, stack(0x0000004e99c00000,0x0000004e99d00000)]
  0x000001a183111000 JavaThread "Daemon worker Thread 2" [_thread_blocked, id=14500, stack(0x0000004e99d00000,0x0000004e99e00000)]
  0x000001a18310f000 JavaThread "Asynchronous log dispatcher for DefaultDaemonConnection: socket connection from /127.0.0.1:50608 to /127.0.0.1:64728" [_thread_blocked, id=12768, stack(0x0000004e99e00000,0x0000004e99f00000)]
  0x000001a18311a000 JavaThread "Stdin handler" [_thread_blocked, id=2028, stack(0x0000004e99f00000,0x0000004e9a000000)]
  0x000001a183114000 JavaThread "Daemon client event forwarder" [_thread_blocked, id=4340, stack(0x0000004e9a000000,0x0000004e9a100000)]
  0x000001a183117800 JavaThread "Cache worker for checksums cache (C:\Users\shahzaib lptp\AndroidStudioProjects\EyeonwaterApp\.gradle\8.3-rc-1\checksums)" [_thread_blocked, id=9392, stack(0x0000004e9a300000,0x0000004e9a400000)]
  0x000001a183119000 JavaThread "Cache worker for file hash cache (C:\Users\shahzaib lptp\AndroidStudioProjects\EyeonwaterApp\.gradle\8.3-rc-1\fileHashes)" [_thread_blocked, id=5200, stack(0x0000004e9a400000,0x0000004e9a500000)]
  0x000001a183115800 JavaThread "Cache worker for cache directory md-supplier (C:\Users\shahzaib lptp\AndroidStudioProjects\loginsqlite\caches\8.3-rc-1\md-supplier)" [_thread_blocked, id=9612, stack(0x0000004e9aa00000,0x0000004e9ab00000)]
  0x000001a183115000 JavaThread "Cache worker for cache directory md-rule (C:\Users\shahzaib lptp\AndroidStudioProjects\loginsqlite\caches\8.3-rc-1\md-rule)" [_thread_blocked, id=292, stack(0x0000004e9ab00000,0x0000004e9ac00000)]
  0x000001a183118000 JavaThread "Cache worker for dependencies-accessors (C:\Users\shahzaib lptp\AndroidStudioProjects\EyeonwaterApp\.gradle\8.3-rc-1\dependencies-accessors)" [_thread_blocked, id=8112, stack(0x0000004e9a200000,0x0000004e9a300000)]
  0x000001a18311a800 JavaThread "Cache worker for Build Output Cleanup Cache (C:\Users\shahzaib lptp\AndroidStudioProjects\EyeonwaterApp\.gradle\buildOutputCleanup)" [_thread_blocked, id=9404, stack(0x0000004e9ae00000,0x0000004e9af00000)]
  0x000001a18311c800 JavaThread "Unconstrained build operations" [_thread_blocked, id=16996, stack(0x0000004e9b000000,0x0000004e9b100000)]
  0x000001a183116800 JavaThread "Unconstrained build operations Thread 2" [_thread_blocked, id=15464, stack(0x0000004e9b500000,0x0000004e9b600000)]
  0x000001a18311d000 JavaThread "Unconstrained build operations Thread 3" [_thread_blocked, id=16248, stack(0x0000004e9b600000,0x0000004e9b700000)]
  0x000001a18311e000 JavaThread "build event listener" [_thread_blocked, id=14416, stack(0x0000004e9b700000,0x0000004e9b800000)]
  0x000001a18021b800 JavaThread "pool-8-thread-1" [_thread_blocked, id=5792, stack(0x0000004e9ac00000,0x0000004e9ad00000)]
  0x000001a18021c800 JavaThread "build event listener" [_thread_blocked, id=17156, stack(0x0000004e9b800000,0x0000004e9b900000)]
  0x000001a18021d000 JavaThread "included builds" [_thread_blocked, id=13896, stack(0x0000004e9b900000,0x0000004e9ba00000)]
  0x000001a180218800 JavaThread "Execution worker" [_thread_blocked, id=16092, stack(0x0000004e9ba00000,0x0000004e9bb00000)]
  0x000001a180220800 JavaThread "Execution worker Thread 2" [_thread_blocked, id=7520, stack(0x0000004e9bc00000,0x0000004e9bd00000)]
  0x000001a18021f000 JavaThread "Execution worker Thread 3" [_thread_blocked, id=12684, stack(0x0000004e9bd00000,0x0000004e9be00000)]
  0x000001a180224800 JavaThread "Cache worker for execution history cache (C:\Users\shahzaib lptp\AndroidStudioProjects\EyeonwaterApp\.gradle\8.3-rc-1\executionHistory)" [_thread_blocked, id=15560, stack(0x0000004e9be00000,0x0000004e9bf00000)]
  0x000001a180224000 JavaThread "Unconstrained build operations Thread 4" [_thread_blocked, id=1500, stack(0x0000004e9c000000,0x0000004e9c100000)]
  0x000001a180225800 JavaThread "Unconstrained build operations Thread 5" [_thread_blocked, id=5320, stack(0x0000004e9c100000,0x0000004e9c200000)]
  0x000001a180221800 JavaThread "Unconstrained build operations Thread 6" [_thread_blocked, id=8260, stack(0x0000004e9c200000,0x0000004e9c300000)]
  0x000001a18021f800 JavaThread "Unconstrained build operations Thread 7" [_thread_blocked, id=10312, stack(0x0000004e9c300000,0x0000004e9c400000)]
  0x000001a180222000 JavaThread "Unconstrained build operations Thread 8" [_thread_blocked, id=8204, stack(0x0000004e9c400000,0x0000004e9c500000)]
  0x000001a180223000 JavaThread "Unconstrained build operations Thread 9" [_thread_blocked, id=13404, stack(0x0000004e9c500000,0x0000004e9c600000)]
  0x000001a180226000 JavaThread "WorkerExecutor Queue" [_thread_blocked, id=13448, stack(0x0000004e9c600000,0x0000004e9c700000)]
  0x000001a182079800 JavaThread "Unconstrained build operations Thread 10" [_thread_blocked, id=14048, stack(0x0000004e9c700000,0x0000004e9c800000)]
  0x000001a18207b000 JavaThread "Unconstrained build operations Thread 11" [_thread_blocked, id=7648, stack(0x0000004e9c800000,0x0000004e9c900000)]
  0x000001a18207a000 JavaThread "Unconstrained build operations Thread 12" [_thread_blocked, id=15332, stack(0x0000004e9c900000,0x0000004e9ca00000)]
  0x000001a182081800 JavaThread "WorkerExecutor Queue Thread 2" [_thread_blocked, id=16876, stack(0x0000004e9ca00000,0x0000004e9cb00000)]
  0x000001a18207c000 JavaThread "Unconstrained build operations Thread 13" [_thread_blocked, id=10668, stack(0x0000004e9cb00000,0x0000004e9cc00000)]
  0x000001a18207f000 JavaThread "WorkerExecutor Queue Thread 3" [_thread_blocked, id=8216, stack(0x0000004e9bf00000,0x0000004e9c000000)]
  0x000001a182082800 JavaThread "pool-9-thread-1" [_thread_blocked, id=9116, stack(0x0000004e9cc00000,0x0000004e9cd00000)]
  0x000001a182080000 JavaThread "stderr" [_thread_in_native, id=2136, stack(0x0000004e9cd00000,0x0000004e9ce00000)]
  0x000001a182080800 JavaThread "stdout" [_thread_in_native, id=1240, stack(0x0000004e9ce00000,0x0000004e9cf00000)]

Other Threads:
  0x000001a1fe7a5000 VMThread "VM Thread" [stack: 0x0000004e98b00000,0x0000004e98c00000] [id=13304]
  0x000001a1ff35b800 WatcherThread [stack: 0x0000004e99600000,0x0000004e99700000] [id=6820]
  0x000001a1e4bad000 GCTaskThread "GC Thread#0" [stack: 0x0000004e98600000,0x0000004e98700000] [id=13764]
  0x000001a180257800 GCTaskThread "GC Thread#1" [stack: 0x0000004e99700000,0x0000004e99800000] [id=14384]
  0x000001a1ffbf9000 GCTaskThread "GC Thread#2" [stack: 0x0000004e99800000,0x0000004e99900000] [id=17380]
  0x000001a183287000 GCTaskThread "GC Thread#3" [stack: 0x0000004e9a100000,0x0000004e9a200000] [id=14504]
  0x000001a1e4bde800 ConcurrentGCThread "G1 Main Marker" [stack: 0x0000004e98700000,0x0000004e98800000] [id=5800]
  0x000001a1e4be0000 ConcurrentGCThread "G1 Conc#0" [stack: 0x0000004e98800000,0x0000004e98900000] [id=13052]
  0x000001a1fe600800 ConcurrentGCThread "G1 Refine#0" [stack: 0x0000004e98900000,0x0000004e98a00000] [id=10932]
  0x000001a1fe601800 ConcurrentGCThread "G1 Young RemSet Sampling" [stack: 0x0000004e98a00000,0x0000004e98b00000] [id=12184]

Threads with active compile tasks:
C2 CompilerThread0  4167195 18056   !   4       java.util.concurrent.FutureTask::runAndReset (125 bytes)

VM state:not at safepoint (normal execution)

VM Mutex/Monitor currently owned by a thread: None

Heap address: 0x0000000080000000, size: 2048 MB, Compressed Oops mode: 32-bit
Narrow klass base: 0x0000000000000000, Narrow klass shift: 3
Compressed class space size: 1073741824 Address: 0x0000000100000000

Heap:
 garbage-first heap   total 273408K, used 146371K [0x0000000080000000, 0x0000000100000000)
  region size 1024K, 16 young (16384K), 11 survivors (11264K)
 Metaspace       used 110842K, capacity 114002K, committed 115404K, reserved 1148928K
  class space    used 13795K, capacity 14961K, committed 15384K, reserved 1048576K
Heap Regions: E=young(eden), S=young(survivor), O=old, HS=humongous(starts), HC=humongous(continues), CS=collection set, F=free, A=archive, TAMS=top-at-mark-start (previous, next)
|   0|0x0000000080000000, 0x0000000080100000, 0x0000000080100000|100%|HS|  |TAMS 0x0000000080100000, 0x0000000080000000| Complete 
|   1|0x0000000080100000, 0x0000000080200000, 0x0000000080200000|100%|HC|  |TAMS 0x0000000080200000, 0x0000000080100000| Complete 
|   2|0x0000000080200000, 0x0000000080300000, 0x0000000080300000|100%|HC|  |TAMS 0x0000000080300000, 0x0000000080200000| Complete 
|   3|0x0000000080300000, 0x0000000080400000, 0x0000000080400000|100%|HC|  |TAMS 0x0000000080400000, 0x0000000080300000| Complete 
|   4|0x0000000080400000, 0x0000000080500000, 0x0000000080500000|100%| O|  |TAMS 0x0000000080500000, 0x0000000080400000| Untracked 
|   5|0x0000000080500000, 0x0000000080600000, 0x0000000080600000|100%| O|  |TAMS 0x0000000080600000, 0x0000000080500000| Untracked 
|   6|0x0000000080600000, 0x0000000080700000, 0x0000000080700000|100%| O|  |TAMS 0x0000000080700000, 0x0000000080600000| Complete 
|   7|0x0000000080700000, 0x0000000080800000, 0x0000000080800000|100%| O|  |TAMS 0x0000000080800000, 0x0000000080700000| Untracked 
|   8|0x0000000080800000, 0x0000000080900000, 0x0000000080900000|100%| O|  |TAMS 0x0000000080900000, 0x0000000080800000| Complete 
|   9|0x0000000080900000, 0x0000000080a00000, 0x0000000080a00000|100%| O|  |TAMS 0x0000000080a00000, 0x0000000080900000| Untracked 
|  10|0x0000000080a00000, 0x0000000080b00000, 0x0000000080b00000|100%| O|  |TAMS 0x0000000080b00000, 0x0000000080a00000| Untracked 
|  11|0x0000000080b00000, 0x0000000080c00000, 0x0000000080c00000|100%| O|  |TAMS 0x0000000080c00000, 0x0000000080b00000| Untracked 
|  12|0x0000000080c00000, 0x0000000080d00000, 0x0000000080d00000|100%| O|  |TAMS 0x0000000080d00000, 0x0000000080c00000| Untracked 
|  13|0x0000000080d00000, 0x0000000080e00000, 0x0000000080e00000|100%| O|  |TAMS 0x0000000080e00000, 0x0000000080d00000| Complete 
|  14|0x0000000080e00000, 0x0000000080f00000, 0x0000000080f00000|100%| O|  |TAMS 0x0000000080f00000, 0x0000000080e00000| Untracked 
|  15|0x0000000080f00000, 0x0000000081000000, 0x0000000081000000|100%| O|  |TAMS 0x0000000081000000, 0x0000000080f00000| Untracked 
|  16|0x0000000081000000, 0x0000000081100000, 0x0000000081100000|100%| O|  |TAMS 0x0000000081100000, 0x0000000081000000| Complete 
|  17|0x0000000081100000, 0x0000000081200000, 0x0000000081200000|100%| O|  |TAMS 0x0000000081200000, 0x0000000081100000| Complete 
|  18|0x0000000081200000, 0x0000000081300000, 0x0000000081300000|100%| O|  |TAMS 0x0000000081300000, 0x0000000081200000| Complete 
|  19|0x0000000081300000, 0x0000000081400000, 0x0000000081400000|100%| O|  |TAMS 0x0000000081400000, 0x0000000081300000| Complete 
|  20|0x0000000081400000, 0x0000000081500000, 0x0000000081500000|100%| O|  |TAMS 0x0000000081500000, 0x0000000081400000| Complete 
|  21|0x0000000081500000, 0x0000000081600000, 0x0000000081600000|100%| O|  |TAMS 0x0000000081600000, 0x0000000081500000| Complete 
|  22|0x0000000081600000, 0x0000000081700000, 0x0000000081700000|100%| O|  |TAMS 0x0000000081700000, 0x0000000081600000| Complete 
|  23|0x0000000081700000, 0x0000000081800000, 0x0000000081800000|100%| O|  |TAMS 0x0000000081800000, 0x0000000081700000| Complete 
|  24|0x0000000081800000, 0x0000000081900000, 0x0000000081900000|100%| O|  |TAMS 0x0000000081900000, 0x0000000081800000| Complete 
|  25|0x0000000081900000, 0x0000000081a00000, 0x0000000081a00000|100%|HS|  |TAMS 0x0000000081a00000, 0x0000000081900000| Complete 
|  26|0x0000000081a00000, 0x0000000081b00000, 0x0000000081b00000|100%| O|  |TAMS 0x0000000081b00000, 0x0000000081a00000| Complete 
|  27|0x0000000081b00000, 0x0000000081c00000, 0x0000000081c00000|100%| O|  |TAMS 0x0000000081c00000, 0x0000000081b00000| Untracked 
|  28|0x0000000081c00000, 0x0000000081d00000, 0x0000000081d00000|100%| O|  |TAMS 0x0000000081d00000, 0x0000000081c00000| Complete 
|  29|0x0000000081d00000, 0x0000000081e00000, 0x0000000081e00000|100%|HS|  |TAMS 0x0000000081e00000, 0x0000000081d00000| Complete 
|  30|0x0000000081e00000, 0x0000000081f00000, 0x0000000081f00000|100%|HS|  |TAMS 0x0000000081f00000, 0x0000000081e00000| Complete 
|  31|0x0000000081f00000, 0x0000000082000000, 0x0000000082000000|100%| O|  |TAMS 0x0000000082000000, 0x0000000081f00000| Untracked 
|  32|0x0000000082000000, 0x0000000082100000, 0x0000000082100000|100%| O|  |TAMS 0x0000000082100000, 0x0000000082000000| Complete 
|  33|0x0000000082100000, 0x0000000082200000, 0x0000000082200000|100%| O|  |TAMS 0x0000000082200000, 0x0000000082100000| Complete 
|  34|0x0000000082200000, 0x0000000082300000, 0x0000000082300000|100%| O|  |TAMS 0x0000000082300000, 0x0000000082200000| Complete 
|  35|0x0000000082300000, 0x0000000082400000, 0x0000000082400000|100%| O|  |TAMS 0x0000000082400000, 0x0000000082300000| Complete 
|  36|0x0000000082400000, 0x0000000082500000, 0x0000000082500000|100%| O|  |TAMS 0x0000000082500000, 0x0000000082400000| Complete 
|  37|0x0000000082500000, 0x0000000082600000, 0x0000000082600000|100%| O|  |TAMS 0x0000000082600000, 0x0000000082500000| Complete 
|  38|0x0000000082600000, 0x0000000082700000, 0x0000000082700000|100%| O|  |TAMS 0x0000000082700000, 0x0000000082600000| Untracked 
|  39|0x0000000082700000, 0x0000000082800000, 0x0000000082800000|100%| O|  |TAMS 0x0000000082800000, 0x0000000082700000| Complete 
|  40|0x0000000082800000, 0x0000000082900000, 0x0000000082900000|100%| O|  |TAMS 0x0000000082900000, 0x0000000082800000| Complete 
|  41|0x0000000082900000, 0x0000000082a00000, 0x0000000082a00000|100%| O|  |TAMS 0x0000000082a00000, 0x0000000082900000| Untracked 
|  42|0x0000000082a00000, 0x0000000082b00000, 0x0000000082b00000|100%| O|  |TAMS 0x0000000082b00000, 0x0000000082a00000| Complete 
|  43|0x0000000082b00000, 0x0000000082c00000, 0x0000000082c00000|100%| O|  |TAMS 0x0000000082c00000, 0x0000000082b00000| Untracked 
|  44|0x0000000082c00000, 0x0000000082d00000, 0x0000000082d00000|100%| O|  |TAMS 0x0000000082d00000, 0x0000000082c00000| Complete 
|  45|0x0000000082d00000, 0x0000000082e00000, 0x0000000082e00000|100%| O|  |TAMS 0x0000000082e00000, 0x0000000082d00000| Complete 
|  46|0x0000000082e00000, 0x0000000082f00000, 0x0000000082f00000|100%| O|  |TAMS 0x0000000082f00000, 0x0000000082e00000| Complete 
|  47|0x0000000082f00000, 0x0000000083000000, 0x0000000083000000|100%| O|  |TAMS 0x0000000083000000, 0x0000000082f00000| Untracked 
|  48|0x0000000083000000, 0x0000000083100000, 0x0000000083100000|100%| O|  |TAMS 0x0000000083100000, 0x0000000083000000| Complete 
|  49|0x0000000083100000, 0x0000000083200000, 0x0000000083200000|100%| O|  |TAMS 0x0000000083200000, 0x0000000083100000| Complete 
|  50|0x0000000083200000, 0x0000000083300000, 0x0000000083300000|100%| O|  |TAMS 0x0000000083300000, 0x0000000083200000| Complete 
|  51|0x0000000083300000, 0x0000000083400000, 0x0000000083400000|100%| O|  |TAMS 0x0000000083400000, 0x0000000083300000| Complete 
|  52|0x0000000083400000, 0x0000000083500000, 0x0000000083500000|100%| O|  |TAMS 0x0000000083500000, 0x0000000083400000| Complete 
|  53|0x0000000083500000, 0x0000000083600000, 0x0000000083600000|100%| O|  |TAMS 0x0000000083600000, 0x0000000083500000| Untracked 
|  54|0x0000000083600000, 0x0000000083700000, 0x0000000083700000|100%| O|  |TAMS 0x0000000083700000, 0x0000000083600000| Complete 
|  55|0x0000000083700000, 0x0000000083800000, 0x0000000083800000|100%| O|  |TAMS 0x0000000083800000, 0x0000000083700000| Complete 
|  56|0x0000000083800000, 0x0000000083900000, 0x0000000083900000|100%| O|  |TAMS 0x0000000083900000, 0x0000000083800000| Complete 
|  57|0x0000000083900000, 0x0000000083a00000, 0x0000000083a00000|100%| O|  |TAMS 0x0000000083a00000, 0x0000000083900000| Complete 
|  58|0x0000000083a00000, 0x0000000083b00000, 0x0000000083b00000|100%| O|  |TAMS 0x0000000083b00000, 0x0000000083a00000| Complete 
|  59|0x0000000083b00000, 0x0000000083c00000, 0x0000000083c00000|100%| O|  |TAMS 0x0000000083c00000, 0x0000000083b00000| Complete 
|  60|0x0000000083c00000, 0x0000000083d00000, 0x0000000083d00000|100%| O|  |TAMS 0x0000000083d00000, 0x0000000083c00000| Complete 
|  61|0x0000000083d00000, 0x0000000083e00000, 0x0000000083e00000|100%| O|  |TAMS 0x0000000083e00000, 0x0000000083d00000| Complete 
|  62|0x0000000083e00000, 0x0000000083f00000, 0x0000000083f00000|100%| O|  |TAMS 0x0000000083f00000, 0x0000000083e00000| Complete 
|  63|0x0000000083f00000, 0x0000000084000000, 0x0000000084000000|100%| O|  |TAMS 0x0000000084000000, 0x0000000083f00000| Complete 
|  64|0x0000000084000000, 0x0000000084100000, 0x0000000084100000|100%| O|  |TAMS 0x0000000084100000, 0x0000000084000000| Complete 
|  65|0x0000000084100000, 0x0000000084200000, 0x0000000084200000|100%| O|  |TAMS 0x0000000084200000, 0x0000000084100000| Complete 
|  66|0x0000000084200000, 0x0000000084300000, 0x0000000084300000|100%| O|  |TAMS 0x0000000084300000, 0x0000000084200000| Complete 
|  67|0x0000000084300000, 0x0000000084400000, 0x0000000084400000|100%| O|  |TAMS 0x0000000084400000, 0x0000000084300000| Untracked 
|  68|0x0000000084400000, 0x0000000084500000, 0x0000000084500000|100%| O|  |TAMS 0x0000000084500000, 0x0000000084400000| Complete 
|  69|0x0000000084500000, 0x0000000084600000, 0x0000000084600000|100%| O|  |TAMS 0x0000000084600000, 0x0000000084500000| Complete 
|  70|0x0000000084600000, 0x0000000084700000, 0x0000000084700000|100%| O|  |TAMS 0x0000000084700000, 0x0000000084600000| Complete 
|  71|0x0000000084700000, 0x0000000084800000, 0x0000000084800000|100%| O|  |TAMS 0x0000000084800000, 0x0000000084700000| Complete 
|  72|0x0000000084800000, 0x0000000084900000, 0x0000000084900000|100%| O|  |TAMS 0x0000000084900000, 0x0000000084800000| Complete 
|  73|0x0000000084900000, 0x0000000084a00000, 0x0000000084a00000|100%| O|  |TAMS 0x0000000084a00000, 0x0000000084900000| Untracked 
|  74|0x0000000084a00000, 0x0000000084b00000, 0x0000000084b00000|100%| O|  |TAMS 0x0000000084b00000, 0x0000000084a00000| Untracked 
|  75|0x0000000084b00000, 0x0000000084c00000, 0x0000000084c00000|100%| O|  |TAMS 0x0000000084c00000, 0x0000000084b00000| Untracked 
|  76|0x0000000084c00000, 0x0000000084d00000, 0x0000000084d00000|100%| O|  |TAMS 0x0000000084d00000, 0x0000000084c00000| Untracked 
|  77|0x0000000084d00000, 0x0000000084e00000, 0x0000000084e00000|100%| O|  |TAMS 0x0000000084e00000, 0x0000000084d00000| Complete 
|  78|0x0000000084e00000, 0x0000000084f00000, 0x0000000084f00000|100%| O|  |TAMS 0x0000000084f00000, 0x0000000084e00000| Complete 
|  79|0x0000000084f00000, 0x0000000085000000, 0x0000000085000000|100%| O|  |TAMS 0x0000000085000000, 0x0000000084f00000| Complete 
|  80|0x0000000085000000, 0x0000000085100000, 0x0000000085100000|100%| O|  |TAMS 0x0000000085100000, 0x0000000085000000| Complete 
|  81|0x0000000085100000, 0x0000000085200000, 0x0000000085200000|100%| O|  |TAMS 0x0000000085200000, 0x0000000085100000| Complete 
|  82|0x0000000085200000, 0x0000000085300000, 0x0000000085300000|100%| O|  |TAMS 0x0000000085300000, 0x0000000085200000| Complete 
|  83|0x0000000085300000, 0x0000000085400000, 0x0000000085400000|100%| O|  |TAMS 0x0000000085400000, 0x0000000085300000| Complete 
|  84|0x0000000085400000, 0x0000000085500000, 0x0000000085500000|100%| O|  |TAMS 0x0000000085500000, 0x0000000085400000| Complete 
|  85|0x0000000085500000, 0x0000000085600000, 0x0000000085600000|100%| O|  |TAMS 0x0000000085600000, 0x0000000085500000| Complete 
|  86|0x0000000085600000, 0x0000000085700000, 0x0000000085700000|100%| O|  |TAMS 0x0000000085700000, 0x0000000085600000| Complete 
|  87|0x0000000085700000, 0x0000000085800000, 0x0000000085800000|100%| O|  |TAMS 0x0000000085800000, 0x0000000085700000| Complete 
|  88|0x0000000085800000, 0x0000000085900000, 0x0000000085900000|100%| O|  |TAMS 0x0000000085900000, 0x0000000085800000| Complete 
|  89|0x0000000085900000, 0x0000000085a00000, 0x0000000085a00000|100%| O|  |TAMS 0x0000000085a00000, 0x0000000085900000| Complete 
|  90|0x0000000085a00000, 0x0000000085b00000, 0x0000000085b00000|100%| O|  |TAMS 0x0000000085b00000, 0x0000000085a00000| Complete 
|  91|0x0000000085b00000, 0x0000000085c00000, 0x0000000085c00000|100%| O|  |TAMS 0x0000000085c00000, 0x0000000085b00000| Complete 
|  92|0x0000000085c00000, 0x0000000085d00000, 0x0000000085d00000|100%| O|  |TAMS 0x0000000085d00000, 0x0000000085c00000| Complete 
|  93|0x0000000085d00000, 0x0000000085e00000, 0x0000000085e00000|100%| O|  |TAMS 0x0000000085e00000, 0x0000000085d00000| Complete 
|  94|0x0000000085e00000, 0x0000000085f00000, 0x0000000085f00000|100%| O|  |TAMS 0x0000000085f00000, 0x0000000085e00000| Complete 
|  95|0x0000000085f00000, 0x0000000086000000, 0x0000000086000000|100%| O|  |TAMS 0x0000000086000000, 0x0000000085f00000| Complete 
|  96|0x0000000086000000, 0x0000000086100000, 0x0000000086100000|100%| O|  |TAMS 0x0000000086100000, 0x0000000086000000| Complete 
|  97|0x0000000086100000, 0x0000000086200000, 0x0000000086200000|100%| O|  |TAMS 0x0000000086200000, 0x0000000086100000| Complete 
|  98|0x0000000086200000, 0x0000000086300000, 0x0000000086300000|100%| O|  |TAMS 0x0000000086300000, 0x0000000086200000| Untracked 
|  99|0x0000000086300000, 0x0000000086400000, 0x0000000086400000|100%| O|  |TAMS 0x0000000086400000, 0x0000000086300000| Complete 
| 100|0x0000000086400000, 0x0000000086500000, 0x0000000086500000|100%| O|  |TAMS 0x0000000086500000, 0x0000000086400000| Complete 
| 101|0x0000000086500000, 0x0000000086600000, 0x0000000086600000|100%| O|  |TAMS 0x0000000086600000, 0x0000000086500000| Complete 
| 102|0x0000000086600000, 0x0000000086700000, 0x0000000086700000|100%| O|  |TAMS 0x0000000086700000, 0x0000000086600000| Untracked 
| 103|0x0000000086700000, 0x0000000086800000, 0x0000000086800000|100%| O|  |TAMS 0x0000000086800000, 0x0000000086700000| Complete 
| 104|0x0000000086800000, 0x0000000086900000, 0x0000000086900000|100%| O|  |TAMS 0x0000000086900000, 0x0000000086800000| Complete 
| 105|0x0000000086900000, 0x0000000086a00000, 0x0000000086a00000|100%| O|  |TAMS 0x0000000086a00000, 0x0000000086900000| Complete 
| 106|0x0000000086a00000, 0x0000000086b00000, 0x0000000086b00000|100%| O|  |TAMS 0x0000000086b00000, 0x0000000086a00000| Complete 
| 107|0x0000000086b00000, 0x0000000086c00000, 0x0000000086c00000|100%| O|  |TAMS 0x0000000086c00000, 0x0000000086b00000| Complete 
| 108|0x0000000086c00000, 0x0000000086d00000, 0x0000000086d00000|100%| O|  |TAMS 0x0000000086d00000, 0x0000000086c00000| Complete 
| 109|0x0000000086d00000, 0x0000000086e00000, 0x0000000086e00000|100%| O|  |TAMS 0x0000000086e00000, 0x0000000086d00000| Complete 
| 110|0x0000000086e00000, 0x0000000086f00000, 0x0000000086f00000|100%| O|  |TAMS 0x0000000086f00000, 0x0000000086e00000| Complete 
| 111|0x0000000086f00000, 0x0000000087000000, 0x0000000087000000|100%| O|  |TAMS 0x0000000087000000, 0x0000000086f00000| Complete 
| 112|0x0000000087000000, 0x0000000087100000, 0x0000000087100000|100%| O|  |TAMS 0x0000000087100000, 0x0000000087000000| Complete 
| 113|0x0000000087100000, 0x0000000087200000, 0x0000000087200000|100%| O|  |TAMS 0x0000000087200000, 0x0000000087100000| Complete 
| 114|0x0000000087200000, 0x0000000087300000, 0x0000000087300000|100%| O|  |TAMS 0x0000000087300000, 0x0000000087200000| Complete 
| 115|0x0000000087300000, 0x0000000087400000, 0x0000000087400000|100%| O|  |TAMS 0x0000000087400000, 0x0000000087300000| Complete 
| 116|0x0000000087400000, 0x0000000087500000, 0x0000000087500000|100%| O|  |TAMS 0x0000000087500000, 0x0000000087400000| Complete 
| 117|0x0000000087500000, 0x0000000087500000, 0x0000000087600000|  0%| F|  |TAMS 0x0000000087500000, 0x0000000087500000| Untracked 
| 118|0x0000000087600000, 0x0000000087600000, 0x0000000087700000|  0%| F|  |TAMS 0x0000000087600000, 0x0000000087600000| Untracked 
| 119|0x0000000087700000, 0x0000000087700000, 0x0000000087800000|  0%| F|  |TAMS 0x0000000087700000, 0x0000000087700000| Untracked 
| 120|0x0000000087800000, 0x0000000087800000, 0x0000000087900000|  0%| F|  |TAMS 0x0000000087800000, 0x0000000087800000| Untracked 
| 121|0x0000000087900000, 0x0000000087900000, 0x0000000087a00000|  0%| F|  |TAMS 0x0000000087900000, 0x0000000087900000| Untracked 
| 122|0x0000000087a00000, 0x0000000087a00000, 0x0000000087b00000|  0%| F|  |TAMS 0x0000000087a00000, 0x0000000087a00000| Untracked 
| 123|0x0000000087b00000, 0x0000000087b00000, 0x0000000087c00000|  0%| F|  |TAMS 0x0000000087b00000, 0x0000000087b00000| Untracked 
| 124|0x0000000087c00000, 0x0000000087c00000, 0x0000000087d00000|  0%| F|  |TAMS 0x0000000087c00000, 0x0000000087c00000| Untracked 
| 125|0x0000000087d00000, 0x0000000087d00000, 0x0000000087e00000|  0%| F|  |TAMS 0x0000000087d00000, 0x0000000087d00000| Untracked 
| 126|0x0000000087e00000, 0x0000000087e00000, 0x0000000087f00000|  0%| F|  |TAMS 0x0000000087e00000, 0x0000000087e00000| Untracked 
| 127|0x0000000087f00000, 0x0000000087f00000, 0x0000000088000000|  0%| F|  |TAMS 0x0000000087f00000, 0x0000000087f00000| Untracked 
| 128|0x0000000088000000, 0x0000000088000000, 0x0000000088100000|  0%| F|  |TAMS 0x0000000088000000, 0x0000000088000000| Untracked 
| 129|0x0000000088100000, 0x0000000088100000, 0x0000000088200000|  0%| F|  |TAMS 0x0000000088100000, 0x0000000088100000| Untracked 
| 130|0x0000000088200000, 0x0000000088200000, 0x0000000088300000|  0%| F|  |TAMS 0x0000000088200000, 0x0000000088200000| Untracked 
| 131|0x0000000088300000, 0x0000000088300000, 0x0000000088400000|  0%| F|  |TAMS 0x0000000088300000, 0x0000000088300000| Untracked 
| 132|0x0000000088400000, 0x0000000088500000, 0x0000000088500000|100%| O|  |TAMS 0x0000000088500000, 0x0000000088400000| Untracked 
| 133|0x0000000088500000, 0x0000000088600000, 0x0000000088600000|100%| O|  |TAMS 0x0000000088600000, 0x0000000088500000| Untracked 
| 134|0x0000000088600000, 0x0000000088700000, 0x0000000088700000|100%| O|  |TAMS 0x0000000088700000, 0x0000000088600000| Untracked 
| 135|0x0000000088700000, 0x0000000088800000, 0x0000000088800000|100%| O|  |TAMS 0x0000000088800000, 0x0000000088700000| Untracked 
| 136|0x0000000088800000, 0x0000000088900000, 0x0000000088900000|100%| O|  |TAMS 0x0000000088900000, 0x0000000088800000| Complete 
| 137|0x0000000088900000, 0x0000000088a00000, 0x0000000088a00000|100%| O|  |TAMS 0x0000000088a00000, 0x0000000088900000| Untracked 
| 138|0x0000000088a00000, 0x0000000088af1400, 0x0000000088b00000| 94%| O|  |TAMS 0x0000000088af1400, 0x0000000088a00000| Untracked 
| 139|0x0000000088b00000, 0x0000000088c00000, 0x0000000088c00000|100%| O|  |TAMS 0x0000000088c00000, 0x0000000088b00000| Complete 
| 140|0x0000000088c00000, 0x0000000088d00000, 0x0000000088d00000|100%| O|  |TAMS 0x0000000088d00000, 0x0000000088c00000| Complete 
| 141|0x0000000088d00000, 0x0000000088e00000, 0x0000000088e00000|100%| O|  |TAMS 0x0000000088e00000, 0x0000000088d00000| Complete 
| 142|0x0000000088e00000, 0x0000000088f00000, 0x0000000088f00000|100%| O|  |TAMS 0x0000000088f00000, 0x0000000088e00000| Complete 
| 143|0x0000000088f00000, 0x0000000089000000, 0x0000000089000000|100%| O|  |TAMS 0x0000000089000000, 0x0000000088f00000| Complete 
| 144|0x0000000089000000, 0x0000000089000000, 0x0000000089100000|  0%| F|  |TAMS 0x0000000089000000, 0x0000000089000000| Untracked 
| 145|0x0000000089100000, 0x0000000089100000, 0x0000000089200000|  0%| F|  |TAMS 0x0000000089100000, 0x0000000089100000| Untracked 
| 146|0x0000000089200000, 0x0000000089200000, 0x0000000089300000|  0%| F|  |TAMS 0x0000000089200000, 0x0000000089200000| Untracked 
| 147|0x0000000089300000, 0x0000000089300000, 0x0000000089400000|  0%| F|  |TAMS 0x0000000089300000, 0x0000000089300000| Untracked 
| 148|0x0000000089400000, 0x0000000089400000, 0x0000000089500000|  0%| F|  |TAMS 0x0000000089400000, 0x0000000089400000| Untracked 
| 149|0x0000000089500000, 0x0000000089500000, 0x0000000089600000|  0%| F|  |TAMS 0x0000000089500000, 0x0000000089500000| Untracked 
| 150|0x0000000089600000, 0x0000000089600000, 0x0000000089700000|  0%| F|  |TAMS 0x0000000089600000, 0x0000000089600000| Untracked 
| 151|0x0000000089700000, 0x0000000089700000, 0x0000000089800000|  0%| F|  |TAMS 0x0000000089700000, 0x0000000089700000| Untracked 
| 152|0x0000000089800000, 0x0000000089800000, 0x0000000089900000|  0%| F|  |TAMS 0x0000000089800000, 0x0000000089800000| Untracked 
| 153|0x0000000089900000, 0x0000000089900000, 0x0000000089a00000|  0%| F|  |TAMS 0x0000000089900000, 0x0000000089900000| Untracked 
| 154|0x0000000089a00000, 0x0000000089a00000, 0x0000000089b00000|  0%| F|  |TAMS 0x0000000089a00000, 0x0000000089a00000| Untracked 
| 155|0x0000000089b00000, 0x0000000089b00000, 0x0000000089c00000|  0%| F|  |TAMS 0x0000000089b00000, 0x0000000089b00000| Untracked 
| 156|0x0000000089c00000, 0x0000000089c00000, 0x0000000089d00000|  0%| F|  |TAMS 0x0000000089c00000, 0x0000000089c00000| Untracked 
| 157|0x0000000089d00000, 0x0000000089d00000, 0x0000000089e00000|  0%| F|  |TAMS 0x0000000089d00000, 0x0000000089d00000| Untracked 
| 158|0x0000000089e00000, 0x0000000089e00000, 0x0000000089f00000|  0%| F|  |TAMS 0x0000000089e00000, 0x0000000089e00000| Untracked 
| 159|0x0000000089f00000, 0x0000000089f00000, 0x000000008a000000|  0%| F|  |TAMS 0x0000000089f00000, 0x0000000089f00000| Untracked 
| 160|0x000000008a000000, 0x000000008a000000, 0x000000008a100000|  0%| F|  |TAMS 0x000000008a000000, 0x000000008a000000| Untracked 
| 161|0x000000008a100000, 0x000000008a100000, 0x000000008a200000|  0%| F|  |TAMS 0x000000008a100000, 0x000000008a100000| Untracked 
| 162|0x000000008a200000, 0x000000008a200000, 0x000000008a300000|  0%| F|  |TAMS 0x000000008a200000, 0x000000008a200000| Untracked 
| 163|0x000000008a300000, 0x000000008a300000, 0x000000008a400000|  0%| F|  |TAMS 0x000000008a300000, 0x000000008a300000| Untracked 
| 164|0x000000008a400000, 0x000000008a400000, 0x000000008a500000|  0%| F|  |TAMS 0x000000008a400000, 0x000000008a400000| Untracked 
| 165|0x000000008a500000, 0x000000008a500000, 0x000000008a600000|  0%| F|  |TAMS 0x000000008a500000, 0x000000008a500000| Untracked 
| 166|0x000000008a600000, 0x000000008a600000, 0x000000008a700000|  0%| F|  |TAMS 0x000000008a600000, 0x000000008a600000| Untracked 
| 167|0x000000008a700000, 0x000000008a700000, 0x000000008a800000|  0%| F|  |TAMS 0x000000008a700000, 0x000000008a700000| Untracked 
| 168|0x000000008a800000, 0x000000008a8ffaf0, 0x000000008a900000| 99%| S|CS|TAMS 0x000000008a800000, 0x000000008a800000| Complete 
| 169|0x000000008a900000, 0x000000008aa00000, 0x000000008aa00000|100%| S|CS|TAMS 0x000000008a900000, 0x000000008a900000| Complete 
| 170|0x000000008aa00000, 0x000000008ab00000, 0x000000008ab00000|100%| S|CS|TAMS 0x000000008aa00000, 0x000000008aa00000| Complete 
| 171|0x000000008ab00000, 0x000000008ac00000, 0x000000008ac00000|100%| S|CS|TAMS 0x000000008ab00000, 0x000000008ab00000| Complete 
| 172|0x000000008ac00000, 0x000000008ad00000, 0x000000008ad00000|100%| S|CS|TAMS 0x000000008ac00000, 0x000000008ac00000| Complete 
| 173|0x000000008ad00000, 0x000000008ae00000, 0x000000008ae00000|100%| S|CS|TAMS 0x000000008ad00000, 0x000000008ad00000| Complete 
| 174|0x000000008ae00000, 0x000000008af00000, 0x000000008af00000|100%| S|CS|TAMS 0x000000008ae00000, 0x000000008ae00000| Complete 
| 175|0x000000008af00000, 0x000000008af00000, 0x000000008b000000|  0%| F|  |TAMS 0x000000008af00000, 0x000000008af00000| Untracked 
| 176|0x000000008b000000, 0x000000008b000000, 0x000000008b100000|  0%| F|  |TAMS 0x000000008b000000, 0x000000008b000000| Untracked 
| 177|0x000000008b100000, 0x000000008b100000, 0x000000008b200000|  0%| F|  |TAMS 0x000000008b100000, 0x000000008b100000| Untracked 
| 178|0x000000008b200000, 0x000000008b200000, 0x000000008b300000|  0%| F|  |TAMS 0x000000008b200000, 0x000000008b200000| Untracked 
| 179|0x000000008b300000, 0x000000008b300000, 0x000000008b400000|  0%| F|  |TAMS 0x000000008b300000, 0x000000008b300000| Untracked 
| 180|0x000000008b400000, 0x000000008b400000, 0x000000008b500000|  0%| F|  |TAMS 0x000000008b400000, 0x000000008b400000| Untracked 
| 181|0x000000008b500000, 0x000000008b500000, 0x000000008b600000|  0%| F|  |TAMS 0x000000008b500000, 0x000000008b500000| Untracked 
| 182|0x000000008b600000, 0x000000008b700000, 0x000000008b700000|100%| S|CS|TAMS 0x000000008b600000, 0x000000008b600000| Complete 
| 183|0x000000008b700000, 0x000000008b800000, 0x000000008b800000|100%| S|CS|TAMS 0x000000008b700000, 0x000000008b700000| Complete 
| 184|0x000000008b800000, 0x000000008b900000, 0x000000008b900000|100%| S|CS|TAMS 0x000000008b800000, 0x000000008b800000| Complete 
| 185|0x000000008b900000, 0x000000008ba00000, 0x000000008ba00000|100%| S|CS|TAMS 0x000000008b900000, 0x000000008b900000| Complete 
| 186|0x000000008ba00000, 0x000000008ba00000, 0x000000008bb00000|  0%| F|  |TAMS 0x000000008ba00000, 0x000000008ba00000| Untracked 
| 187|0x000000008bb00000, 0x000000008bb00000, 0x000000008bc00000|  0%| F|  |TAMS 0x000000008bb00000, 0x000000008bb00000| Untracked 
| 188|0x000000008bc00000, 0x000000008bc00000, 0x000000008bd00000|  0%| F|  |TAMS 0x000000008bc00000, 0x000000008bc00000| Untracked 
| 189|0x000000008bd00000, 0x000000008bd00000, 0x000000008be00000|  0%| F|  |TAMS 0x000000008bd00000, 0x000000008bd00000| Untracked 
| 190|0x000000008be00000, 0x000000008be00000, 0x000000008bf00000|  0%| F|  |TAMS 0x000000008be00000, 0x000000008be00000| Untracked 
| 191|0x000000008bf00000, 0x000000008bf00000, 0x000000008c000000|  0%| F|  |TAMS 0x000000008bf00000, 0x000000008bf00000| Untracked 
| 192|0x000000008c000000, 0x000000008c000000, 0x000000008c100000|  0%| F|  |TAMS 0x000000008c000000, 0x000000008c000000| Untracked 
| 193|0x000000008c100000, 0x000000008c100000, 0x000000008c200000|  0%| F|  |TAMS 0x000000008c100000, 0x000000008c100000| Untracked 
| 194|0x000000008c200000, 0x000000008c200000, 0x000000008c300000|  0%| F|  |TAMS 0x000000008c200000, 0x000000008c200000| Untracked 
| 195|0x000000008c300000, 0x000000008c300000, 0x000000008c400000|  0%| F|  |TAMS 0x000000008c300000, 0x000000008c300000| Untracked 
| 196|0x000000008c400000, 0x000000008c400000, 0x000000008c500000|  0%| F|  |TAMS 0x000000008c400000, 0x000000008c400000| Untracked 
| 197|0x000000008c500000, 0x000000008c500000, 0x000000008c600000|  0%| F|  |TAMS 0x000000008c500000, 0x000000008c500000| Untracked 
| 198|0x000000008c600000, 0x000000008c600000, 0x000000008c700000|  0%| F|  |TAMS 0x000000008c600000, 0x000000008c600000| Untracked 
| 199|0x000000008c700000, 0x000000008c700000, 0x000000008c800000|  0%| F|  |TAMS 0x000000008c700000, 0x000000008c700000| Untracked 
| 200|0x000000008c800000, 0x000000008c800000, 0x000000008c900000|  0%| F|  |TAMS 0x000000008c800000, 0x000000008c800000| Untracked 
| 201|0x000000008c900000, 0x000000008c900000, 0x000000008ca00000|  0%| F|  |TAMS 0x000000008c900000, 0x000000008c900000| Untracked 
| 202|0x000000008ca00000, 0x000000008ca00000, 0x000000008cb00000|  0%| F|  |TAMS 0x000000008ca00000, 0x000000008ca00000| Untracked 
| 203|0x000000008cb00000, 0x000000008cb00000, 0x000000008cc00000|  0%| F|  |TAMS 0x000000008cb00000, 0x000000008cb00000| Untracked 
| 204|0x000000008cc00000, 0x000000008cc00000, 0x000000008cd00000|  0%| F|  |TAMS 0x000000008cc00000, 0x000000008cc00000| Untracked 
| 205|0x000000008cd00000, 0x000000008cd00000, 0x000000008ce00000|  0%| F|  |TAMS 0x000000008cd00000, 0x000000008cd00000| Untracked 
| 206|0x000000008ce00000, 0x000000008ce00000, 0x000000008cf00000|  0%| F|  |TAMS 0x000000008ce00000, 0x000000008ce00000| Untracked 
| 207|0x000000008cf00000, 0x000000008cf00000, 0x000000008d000000|  0%| F|  |TAMS 0x000000008cf00000, 0x000000008cf00000| Untracked 
| 208|0x000000008d000000, 0x000000008d000000, 0x000000008d100000|  0%| F|  |TAMS 0x000000008d000000, 0x000000008d000000| Untracked 
| 209|0x000000008d100000, 0x000000008d100000, 0x000000008d200000|  0%| F|  |TAMS 0x000000008d100000, 0x000000008d100000| Untracked 
| 210|0x000000008d200000, 0x000000008d200000, 0x000000008d300000|  0%| F|  |TAMS 0x000000008d200000, 0x000000008d200000| Untracked 
| 211|0x000000008d300000, 0x000000008d300000, 0x000000008d400000|  0%| F|  |TAMS 0x000000008d300000, 0x000000008d300000| Untracked 
| 212|0x000000008d400000, 0x000000008d400000, 0x000000008d500000|  0%| F|  |TAMS 0x000000008d400000, 0x000000008d400000| Untracked 
| 213|0x000000008d500000, 0x000000008d500000, 0x000000008d600000|  0%| F|  |TAMS 0x000000008d500000, 0x000000008d500000| Untracked 
| 214|0x000000008d600000, 0x000000008d600000, 0x000000008d700000|  0%| F|  |TAMS 0x000000008d600000, 0x000000008d600000| Untracked 
| 215|0x000000008d700000, 0x000000008d700000, 0x000000008d800000|  0%| F|  |TAMS 0x000000008d700000, 0x000000008d700000| Untracked 
| 216|0x000000008d800000, 0x000000008d800000, 0x000000008d900000|  0%| F|  |TAMS 0x000000008d800000, 0x000000008d800000| Untracked 
| 217|0x000000008d900000, 0x000000008d900000, 0x000000008da00000|  0%| F|  |TAMS 0x000000008d900000, 0x000000008d900000| Untracked 
| 218|0x000000008da00000, 0x000000008da00000, 0x000000008db00000|  0%| F|  |TAMS 0x000000008da00000, 0x000000008da00000| Untracked 
| 219|0x000000008db00000, 0x000000008db00000, 0x000000008dc00000|  0%| F|  |TAMS 0x000000008db00000, 0x000000008db00000| Untracked 
| 220|0x000000008dc00000, 0x000000008dc00000, 0x000000008dd00000|  0%| F|  |TAMS 0x000000008dc00000, 0x000000008dc00000| Untracked 
| 221|0x000000008dd00000, 0x000000008dd00000, 0x000000008de00000|  0%| F|  |TAMS 0x000000008dd00000, 0x000000008dd00000| Untracked 
| 222|0x000000008de00000, 0x000000008de00000, 0x000000008df00000|  0%| F|  |TAMS 0x000000008de00000, 0x000000008de00000| Untracked 
| 223|0x000000008df00000, 0x000000008df00000, 0x000000008e000000|  0%| F|  |TAMS 0x000000008df00000, 0x000000008df00000| Untracked 
| 224|0x000000008e000000, 0x000000008e000000, 0x000000008e100000|  0%| F|  |TAMS 0x000000008e000000, 0x000000008e000000| Untracked 
| 225|0x000000008e100000, 0x000000008e100000, 0x000000008e200000|  0%| F|  |TAMS 0x000000008e100000, 0x000000008e100000| Untracked 
| 226|0x000000008e200000, 0x000000008e200000, 0x000000008e300000|  0%| F|  |TAMS 0x000000008e200000, 0x000000008e200000| Untracked 
| 227|0x000000008e300000, 0x000000008e300000, 0x000000008e400000|  0%| F|  |TAMS 0x000000008e300000, 0x000000008e300000| Untracked 
| 228|0x000000008e400000, 0x000000008e400000, 0x000000008e500000|  0%| F|  |TAMS 0x000000008e400000, 0x000000008e400000| Untracked 
| 229|0x000000008e500000, 0x000000008e500000, 0x000000008e600000|  0%| F|  |TAMS 0x000000008e500000, 0x000000008e500000| Untracked 
| 230|0x000000008e600000, 0x000000008e600000, 0x000000008e700000|  0%| F|  |TAMS 0x000000008e600000, 0x000000008e600000| Untracked 
| 231|0x000000008e700000, 0x000000008e700000, 0x000000008e800000|  0%| F|  |TAMS 0x000000008e700000, 0x000000008e700000| Untracked 
| 232|0x000000008e800000, 0x000000008e800000, 0x000000008e900000|  0%| F|  |TAMS 0x000000008e800000, 0x000000008e800000| Untracked 
| 233|0x000000008e900000, 0x000000008e900000, 0x000000008ea00000|  0%| F|  |TAMS 0x000000008e900000, 0x000000008e900000| Untracked 
| 234|0x000000008ea00000, 0x000000008ea00000, 0x000000008eb00000|  0%| F|  |TAMS 0x000000008ea00000, 0x000000008ea00000| Untracked 
| 235|0x000000008eb00000, 0x000000008eb00000, 0x000000008ec00000|  0%| F|  |TAMS 0x000000008eb00000, 0x000000008eb00000| Untracked 
| 236|0x000000008ec00000, 0x000000008ec00000, 0x000000008ed00000|  0%| F|  |TAMS 0x000000008ec00000, 0x000000008ec00000| Untracked 
| 237|0x000000008ed00000, 0x000000008ed00000, 0x000000008ee00000|  0%| F|  |TAMS 0x000000008ed00000, 0x000000008ed00000| Untracked 
| 238|0x000000008ee00000, 0x000000008ee00000, 0x000000008ef00000|  0%| F|  |TAMS 0x000000008ee00000, 0x000000008ee00000| Untracked 
| 239|0x000000008ef00000, 0x000000008ef00000, 0x000000008f000000|  0%| F|  |TAMS 0x000000008ef00000, 0x000000008ef00000| Untracked 
| 240|0x000000008f000000, 0x000000008f000000, 0x000000008f100000|  0%| F|  |TAMS 0x000000008f000000, 0x000000008f000000| Untracked 
| 241|0x000000008f100000, 0x000000008f100000, 0x000000008f200000|  0%| F|  |TAMS 0x000000008f100000, 0x000000008f100000| Untracked 
| 242|0x000000008f200000, 0x000000008f200000, 0x000000008f300000|  0%| F|  |TAMS 0x000000008f200000, 0x000000008f200000| Untracked 
| 243|0x000000008f300000, 0x000000008f300000, 0x000000008f400000|  0%| F|  |TAMS 0x000000008f300000, 0x000000008f300000| Untracked 
| 244|0x000000008f400000, 0x000000008f400000, 0x000000008f500000|  0%| F|  |TAMS 0x000000008f400000, 0x000000008f400000| Untracked 
| 245|0x000000008f500000, 0x000000008f500000, 0x000000008f600000|  0%| F|  |TAMS 0x000000008f500000, 0x000000008f500000| Untracked 
| 246|0x000000008f600000, 0x000000008f600000, 0x000000008f700000|  0%| F|  |TAMS 0x000000008f600000, 0x000000008f600000| Untracked 
| 247|0x000000008f700000, 0x000000008f700000, 0x000000008f800000|  0%| F|  |TAMS 0x000000008f700000, 0x000000008f700000| Untracked 
| 248|0x000000008f800000, 0x000000008f800000, 0x000000008f900000|  0%| F|  |TAMS 0x000000008f800000, 0x000000008f800000| Untracked 
| 249|0x000000008f900000, 0x000000008f900000, 0x000000008fa00000|  0%| F|  |TAMS 0x000000008f900000, 0x000000008f900000| Untracked 
| 250|0x000000008fa00000, 0x000000008fa00000, 0x000000008fb00000|  0%| F|  |TAMS 0x000000008fa00000, 0x000000008fa00000| Untracked 
| 251|0x000000008fb00000, 0x000000008fb00000, 0x000000008fc00000|  0%| F|  |TAMS 0x000000008fb00000, 0x000000008fb00000| Untracked 
| 252|0x000000008fc00000, 0x000000008fc00000, 0x000000008fd00000|  0%| F|  |TAMS 0x000000008fc00000, 0x000000008fc00000| Untracked 
| 253|0x000000008fd00000, 0x000000008fd00000, 0x000000008fe00000|  0%| F|  |TAMS 0x000000008fd00000, 0x000000008fd00000| Untracked 
| 254|0x000000008fe00000, 0x000000008fe00000, 0x000000008ff00000|  0%| F|  |TAMS 0x000000008fe00000, 0x000000008fe00000| Untracked 
| 255|0x000000008ff00000, 0x000000008ff00000, 0x0000000090000000|  0%| F|  |TAMS 0x000000008ff00000, 0x000000008ff00000| Untracked 
| 256|0x0000000090000000, 0x0000000090000000, 0x0000000090100000|  0%| F|  |TAMS 0x0000000090000000, 0x0000000090000000| Untracked 
| 257|0x0000000090100000, 0x0000000090100000, 0x0000000090200000|  0%| F|  |TAMS 0x0000000090100000, 0x0000000090100000| Untracked 
| 258|0x0000000090200000, 0x0000000090200000, 0x0000000090300000|  0%| F|  |TAMS 0x0000000090200000, 0x0000000090200000| Untracked 
| 259|0x0000000090300000, 0x0000000090300000, 0x0000000090400000|  0%| F|  |TAMS 0x0000000090300000, 0x0000000090300000| Untracked 
| 260|0x0000000090400000, 0x0000000090400000, 0x0000000090500000|  0%| F|  |TAMS 0x0000000090400000, 0x0000000090400000| Untracked 
| 261|0x0000000090500000, 0x0000000090500000, 0x0000000090600000|  0%| F|  |TAMS 0x0000000090500000, 0x0000000090500000| Untracked 
| 262|0x0000000090600000, 0x00000000906ff600, 0x0000000090700000| 99%| E|  |TAMS 0x0000000090600000, 0x0000000090600000| Complete 
| 263|0x0000000090700000, 0x0000000090800000, 0x0000000090800000|100%| E|  |TAMS 0x0000000090700000, 0x0000000090700000| Complete 
| 264|0x0000000090800000, 0x0000000090900000, 0x0000000090900000|100%| E|CS|TAMS 0x0000000090800000, 0x0000000090800000| Complete 
| 265|0x0000000090900000, 0x0000000090a00000, 0x0000000090a00000|100%| E|CS|TAMS 0x0000000090900000, 0x0000000090900000| Complete 
| 266|0x0000000090a00000, 0x0000000090b00000, 0x0000000090b00000|100%| E|CS|TAMS 0x0000000090a00000, 0x0000000090a00000| Complete 

Card table byte_map: [0x000001a1f7ac0000,0x000001a1f7ec0000] _byte_map_base: 0x000001a1f76c0000

Marking Bits (Prev, Next): (CMBitMap*) 0x000001a1e4bd5a08, (CMBitMap*) 0x000001a1e4bd5a40
 Prev Bits: [0x000001a1f82c0000, 0x000001a1fa2c0000)
 Next Bits: [0x000001a1fa2c0000, 0x000001a1fc2c0000)

Polling page: 0x000001a1e4370000

Metaspace:

Usage:
  Non-class:     96.72 MB capacity,    94.77 MB ( 98%) used,     1.57 MB (  2%) free+waste,   390.50 KB ( <1%) overhead. 
      Class:     14.61 MB capacity,    13.47 MB ( 92%) used,   997.56 KB (  7%) free+waste,   167.69 KB (  1%) overhead. 
       Both:    111.33 MB capacity,   108.24 MB ( 97%) used,     2.54 MB (  2%) free+waste,   558.19 KB ( <1%) overhead. 

Virtual space:
  Non-class space:       98.00 MB reserved,      97.68 MB (>99%) committed 
      Class space:        1.00 GB reserved,      15.02 MB (  1%) committed 
             Both:        1.10 GB reserved,     112.70 MB ( 10%) committed 

Chunk freelists:
   Non-Class:  787.00 KB
       Class:  387.00 KB
        Both:  1.15 MB

MaxMetaspaceSize: 17179869184.00 GB
CompressedClassSpaceSize: 1.00 GB
Initial GC threshold: 20.80 MB
Current GC threshold: 187.83 MB
CDS: off

CodeHeap 'non-profiled nmethods': size=120064Kb used=13659Kb max_used=13659Kb free=106404Kb
 bounds [0x000001a1f0180000, 0x000001a1f0ee0000, 0x000001a1f76c0000]
CodeHeap 'profiled nmethods': size=120000Kb used=37754Kb max_used=37754Kb free=82245Kb
 bounds [0x000001a1e8c50000, 0x000001a1eb140000, 0x000001a1f0180000]
CodeHeap 'non-nmethods': size=5696Kb used=2430Kb max_used=2481Kb free=3265Kb
 bounds [0x000001a1e86c0000, 0x000001a1e8940000, 0x000001a1e8c50000]
 total_blobs=18117 nmethods=17155 adapters=873
 compilation: enabled
              stopped_count=0, restarted_count=0
 full_count=0

Compilation events (20 events):
Event: 4164.105 Thread 0x000001a1fe7d9800 18046       3       org.gradle.api.internal.file.IdentityFileResolver::doResolve (61 bytes)
Event: 4164.107 Thread 0x000001a1fe7d9800 nmethod 18046 0x000001a1eb12b410 code [0x000001a1eb12b7a0, 0x000001a1eb12ce78]
Event: 4164.560 Thread 0x000001a1fe7d0800 nmethod 18018 0x000001a1f0ebd990 code [0x000001a1f0ebe140, 0x000001a1f0ec7d78]
Event: 4164.561 Thread 0x000001a1fe7d0800 18047   !   4       java.io.BufferedReader::readLine (306 bytes)
Event: 4164.852 Thread 0x000001a1fe7d9800 18050       3       com.android.builder.internal.aapt.v2.AaptV2CommandBuilder$makeLinkCommand$$inlined$sortedBy$1::compare (39 bytes)
Event: 4164.853 Thread 0x000001a1fe7d9800 nmethod 18050 0x000001a1eb12d610 code [0x000001a1eb12d800, 0x000001a1eb12dce8]
Event: 4164.942 Thread 0x000001a1fe7d9800 18051       3       kotlin.collections.ArraysKt___ArraysJvmKt::asList (17 bytes)
Event: 4164.944 Thread 0x000001a1fe7d9800 nmethod 18051 0x000001a1eb12de90 code [0x000001a1eb12e120, 0x000001a1eb12eb18]
Event: 4164.944 Thread 0x000001a1fe7d9800 18053       3       com.google.common.collect.ImmutableList$Builder::add (14 bytes)
Event: 4164.945 Thread 0x000001a1fe7d9800 nmethod 18053 0x000001a1eb12ef10 code [0x000001a1eb12f120, 0x000001a1eb12f608]
Event: 4164.945 Thread 0x000001a1fe7d9800 18052       3       kotlin.collections.ArraysUtilJVM::asList (5 bytes)
Event: 4164.946 Thread 0x000001a1fe7d9800 nmethod 18052 0x000001a1eb12f810 code [0x000001a1eb12fa00, 0x000001a1eb12fec8]
Event: 4164.950 Thread 0x000001a1fe7d0800 nmethod 18047 0x000001a1f0ecd790 code [0x000001a1f0ecdba0, 0x000001a1f0ed2eb0]
Event: 4164.951 Thread 0x000001a1fe7d0800 18054   !   4       java.io.BufferedWriter::write (55 bytes)
Event: 4164.955 Thread 0x000001a1fe7d0800 nmethod 18054 0x000001a1f0ed6210 code [0x000001a1f0ed63a0, 0x000001a1f0ed66b8]
Event: 4164.955 Thread 0x000001a1fe7d0800 18055       4       java.io.Writer::write (11 bytes)
Event: 4164.957 Thread 0x000001a1fe7d0800 nmethod 18055 0x000001a1f0ed6890 code [0x000001a1f0ed6a40, 0x000001a1f0ed6b08]
Event: 4164.957 Thread 0x000001a1fe7d0800 18049       4       org.gradle.internal.classpath.Instrumented$1::fileSystemEntryObserved (1 bytes)
Event: 4164.958 Thread 0x000001a1fe7d0800 nmethod 18049 0x000001a1f0ed6c90 code [0x000001a1f0ed6e20, 0x000001a1f0ed6e78]
Event: 4167.062 Thread 0x000001a1fe7d0800 18056   !   4       java.util.concurrent.FutureTask::runAndReset (125 bytes)

GC Heap History (20 events):
Event: 78.541 GC heap before
{Heap before GC invocations=38 (full 0):
 garbage-first heap   total 273408K, used 221030K [0x0000000080000000, 0x0000000100000000)
  region size 1024K, 118 young (120832K), 6 survivors (6144K)
 Metaspace       used 100407K, capacity 103631K, committed 103884K, reserved 1138688K
  class space    used 12937K, capacity 14167K, committed 14284K, reserved 1048576K
}
Event: 78.570 GC heap after
{Heap after GC invocations=39 (full 0):
 garbage-first heap   total 273408K, used 113415K [0x0000000080000000, 0x0000000100000000)
  region size 1024K, 12 young (12288K), 12 survivors (12288K)
 Metaspace       used 100407K, capacity 103631K, committed 103884K, reserved 1138688K
  class space    used 12937K, capacity 14167K, committed 14284K, reserved 1048576K
}
Event: 81.669 GC heap before
{Heap before GC invocations=39 (full 0):
 garbage-first heap   total 273408K, used 224007K [0x0000000080000000, 0x0000000100000000)
  region size 1024K, 121 young (123904K), 12 survivors (12288K)
 Metaspace       used 101474K, capacity 104731K, committed 105036K, reserved 1140736K
  class space    used 13056K, capacity 14315K, committed 14412K, reserved 1048576K
}
Event: 81.725 GC heap after
{Heap after GC invocations=40 (full 0):
 garbage-first heap   total 273408K, used 119422K [0x0000000080000000, 0x0000000100000000)
  region size 1024K, 13 young (13312K), 13 survivors (13312K)
 Metaspace       used 101474K, capacity 104731K, committed 105036K, reserved 1140736K
  class space    used 13056K, capacity 14315K, committed 14412K, reserved 1048576K
}
Event: 86.516 GC heap before
{Heap before GC invocations=40 (full 0):
 garbage-first heap   total 273408K, used 216702K [0x0000000080000000, 0x0000000100000000)
  region size 1024K, 110 young (112640K), 13 survivors (13312K)
 Metaspace       used 102987K, capacity 106233K, committed 106368K, reserved 1140736K
  class space    used 13215K, capacity 14494K, committed 14540K, reserved 1048576K
}
Event: 86.556 GC heap after
{Heap after GC invocations=41 (full 0):
 garbage-first heap   total 273408K, used 124629K [0x0000000080000000, 0x0000000100000000)
  region size 1024K, 11 young (11264K), 11 survivors (11264K)
 Metaspace       used 102987K, capacity 106233K, committed 106368K, reserved 1140736K
  class space    used 13215K, capacity 14494K, committed 14540K, reserved 1048576K
}
Event: 88.194 GC heap before
{Heap before GC invocations=42 (full 0):
 garbage-first heap   total 273408K, used 181973K [0x0000000080000000, 0x0000000100000000)
  region size 1024K, 69 young (70656K), 11 survivors (11264K)
 Metaspace       used 104615K, capacity 107913K, committed 108108K, reserved 1142784K
  class space    used 13389K, capacity 14663K, committed 14744K, reserved 1048576K
}
Event: 88.238 GC heap after
{Heap after GC invocations=43 (full 0):
 garbage-first heap   total 273408K, used 126515K [0x0000000080000000, 0x0000000100000000)
  region size 1024K, 7 young (7168K), 7 survivors (7168K)
 Metaspace       used 104615K, capacity 107913K, committed 108108K, reserved 1142784K
  class space    used 13389K, capacity 14663K, committed 14744K, reserved 1048576K
}
Event: 89.185 GC heap before
{Heap before GC invocations=44 (full 0):
 garbage-first heap   total 273408K, used 163379K [0x0000000080000000, 0x0000000100000000)
  region size 1024K, 23 young (23552K), 7 survivors (7168K)
 Metaspace       used 105017K, capacity 108427K, committed 108620K, reserved 1142784K
  class space    used 13437K, capacity 14706K, committed 14744K, reserved 1048576K
}
Event: 89.209 GC heap after
{Heap after GC invocations=45 (full 0):
 garbage-first heap   total 273408K, used 147702K [0x0000000080000000, 0x0000000100000000)
  region size 1024K, 3 young (3072K), 3 survivors (3072K)
 Metaspace       used 105017K, capacity 108427K, committed 108620K, reserved 1142784K
  class space    used 13437K, capacity 14706K, committed 14744K, reserved 1048576K
}
Event: 90.651 GC heap before
{Heap before GC invocations=46 (full 0):
 garbage-first heap   total 273408K, used 206070K [0x0000000080000000, 0x0000000100000000)
  region size 1024K, 52 young (53248K), 3 survivors (3072K)
 Metaspace       used 106022K, capacity 109327K, committed 109516K, reserved 1144832K
  class space    used 13545K, capacity 14814K, committed 14872K, reserved 1048576K
}
Event: 90.696 GC heap after
{Heap after GC invocations=47 (full 0):
 garbage-first heap   total 273408K, used 132384K [0x0000000080000000, 0x0000000100000000)
  region size 1024K, 8 young (8192K), 8 survivors (8192K)
 Metaspace       used 106022K, capacity 109327K, committed 109516K, reserved 1144832K
  class space    used 13545K, capacity 14814K, committed 14872K, reserved 1048576K
}
Event: 93.934 GC heap before
{Heap before GC invocations=48 (full 0):
 garbage-first heap   total 273408K, used 223520K [0x0000000080000000, 0x0000000100000000)
  region size 1024K, 83 young (84992K), 8 survivors (8192K)
 Metaspace       used 108533K, capacity 111985K, committed 112204K, reserved 1146880K
  class space    used 13823K, capacity 15117K, committed 15256K, reserved 1048576K
}
Event: 93.963 GC heap after
{Heap after GC invocations=49 (full 0):
 garbage-first heap   total 273408K, used 132534K [0x0000000080000000, 0x0000000100000000)
  region size 1024K, 2 young (2048K), 2 survivors (2048K)
 Metaspace       used 108533K, capacity 111985K, committed 112204K, reserved 1146880K
  class space    used 13823K, capacity 15117K, committed 15256K, reserved 1048576K
}
Event: 1437.207 GC heap before
{Heap before GC invocations=49 (full 0):
 garbage-first heap   total 273408K, used 212406K [0x0000000080000000, 0x0000000100000000)
  region size 1024K, 81 young (82944K), 2 survivors (2048K)
 Metaspace       used 110611K, capacity 113988K, committed 114124K, reserved 1148928K
  class space    used 13949K, capacity 15248K, committed 15384K, reserved 1048576K
}
Event: 1437.214 GC heap after
{Heap after GC invocations=50 (full 0):
 garbage-first heap   total 273408K, used 132443K [0x0000000080000000, 0x0000000100000000)
  region size 1024K, 2 young (2048K), 2 survivors (2048K)
 Metaspace       used 110611K, capacity 113988K, committed 114124K, reserved 1148928K
  class space    used 13949K, capacity 15248K, committed 15384K, reserved 1048576K
}
Event: 4157.574 GC heap before
{Heap before GC invocations=51 (full 0):
 garbage-first heap   total 273408K, used 217435K [0x0000000080000000, 0x0000000100000000)
  region size 1024K, 85 young (87040K), 2 survivors (2048K)
 Metaspace       used 111075K, capacity 114590K, committed 114892K, reserved 1148928K
  class space    used 13976K, capacity 15310K, committed 15384K, reserved 1048576K
}
Event: 4157.726 GC heap after
{Heap after GC invocations=52 (full 0):
 garbage-first heap   total 273408K, used 137476K [0x0000000080000000, 0x0000000100000000)
  region size 1024K, 7 young (7168K), 7 survivors (7168K)
 Metaspace       used 111075K, capacity 114590K, committed 114892K, reserved 1148928K
  class space    used 13976K, capacity 15310K, committed 15384K, reserved 1048576K
}
Event: 4163.380 GC heap before
{Heap before GC invocations=52 (full 0):
 garbage-first heap   total 273408K, used 219396K [0x0000000080000000, 0x0000000100000000)
  region size 1024K, 88 young (90112K), 7 survivors (7168K)
 Metaspace       used 111515K, capacity 114965K, committed 115148K, reserved 1148928K
  class space    used 13993K, capacity 15341K, committed 15384K, reserved 1048576K
}
Event: 4163.438 GC heap after
{Heap after GC invocations=53 (full 0):
 garbage-first heap   total 273408K, used 143299K [0x0000000080000000, 0x0000000100000000)
  region size 1024K, 11 young (11264K), 11 survivors (11264K)
 Metaspace       used 111515K, capacity 114965K, committed 115148K, reserved 1148928K
  class space    used 13993K, capacity 15341K, committed 15384K, reserved 1048576K
}

Deoptimization events (20 events):
Event: 4163.213 Thread 0x000001a18021f000 Uncommon trap: trap_request=0xffffff4d fr.pc=0x000001a1f0cca3d4 relative=0x0000000000004894
Event: 4163.213 Thread 0x000001a18021f000 Uncommon trap: reason=unstable_if action=reinterpret pc=0x000001a1f0cca3d4 method=org.gradle.internal.snapshot.VfsRelativePath.lengthOfCommonPrefix(Ljava/lang/String;Lorg/gradle/internal/snapshot/CaseSensitivity;)I @ 146 c2
Event: 4163.213 Thread 0x000001a18021f000 DEOPT PACKING pc=0x000001a1f0cca3d4 sp=0x0000004e9bdfa200
Event: 4163.215 Thread 0x000001a18021f000 DEOPT UNPACKING pc=0x000001a1e870a1af sp=0x0000004e9bdfa180 mode 2
Event: 4163.242 Thread 0x000001a180218800 Uncommon trap: trap_request=0xffffffde fr.pc=0x000001a1f0e8ff68 relative=0x0000000000003548
Event: 4163.242 Thread 0x000001a180218800 Uncommon trap: reason=class_check action=maybe_recompile pc=0x000001a1f0e8ff68 method=org.gradle.internal.snapshot.impl.AbstractValueProcessor.processValue(Ljava/lang/Object;Lorg/gradle/internal/snapshot/impl/AbstractValueProcessor$ValueVisitor;)Ljava/lan
Event: 4163.242 Thread 0x000001a180218800 DEOPT PACKING pc=0x000001a1f0e8ff68 sp=0x0000004e9bafcc10
Event: 4163.242 Thread 0x000001a180218800 DEOPT UNPACKING pc=0x000001a1e870a1af sp=0x0000004e9bafcc00 mode 2
Event: 4163.335 Thread 0x000001a180218800 Uncommon trap: trap_request=0xffffff6e fr.pc=0x000001a1f0993ca8 relative=0x0000000000004588
Event: 4163.335 Thread 0x000001a180218800 Uncommon trap: reason=speculate_class_check action=maybe_recompile pc=0x000001a1f0993ca8 method=org.gradle.internal.component.external.model.VariantMetadataRules.applyVariantAttributeRules(Lorg/gradle/internal/component/model/VariantResolveMetadata;Lorg/g
Event: 4163.335 Thread 0x000001a180218800 DEOPT PACKING pc=0x000001a1f0993ca8 sp=0x0000004e9baf9780
Event: 4163.335 Thread 0x000001a180218800 DEOPT UNPACKING pc=0x000001a1e870a1af sp=0x0000004e9baf9768 mode 2
Event: 4163.467 Thread 0x000001a180218800 Uncommon trap: trap_request=0xffffff4d fr.pc=0x000001a1f09822e4 relative=0x0000000000000224
Event: 4163.467 Thread 0x000001a180218800 Uncommon trap: reason=unstable_if action=reinterpret pc=0x000001a1f09822e4 method=org.gradle.internal.snapshot.impl.AbstractScalarValueSnapshot.equals(Ljava/lang/Object;)Z @ 19 c2
Event: 4163.467 Thread 0x000001a180218800 DEOPT PACKING pc=0x000001a1f09822e4 sp=0x0000004e9bafcb90
Event: 4163.467 Thread 0x000001a180218800 DEOPT UNPACKING pc=0x000001a1e870a1af sp=0x0000004e9bafcab8 mode 2
Event: 4164.057 Thread 0x000001a180218800 Uncommon trap: trap_request=0xffffff4d fr.pc=0x000001a1f0e8f058 relative=0x0000000000002638
Event: 4164.057 Thread 0x000001a180218800 Uncommon trap: reason=unstable_if action=reinterpret pc=0x000001a1f0e8f058 method=org.gradle.internal.snapshot.impl.AbstractValueProcessor.processValue(Ljava/lang/Object;Lorg/gradle/internal/snapshot/impl/AbstractValueProcessor$ValueVisitor;)Ljava/lang/Ob
Event: 4164.058 Thread 0x000001a180218800 DEOPT PACKING pc=0x000001a1f0e8f058 sp=0x0000004e9bafa450
Event: 4164.058 Thread 0x000001a180218800 DEOPT UNPACKING pc=0x000001a1e870a1af sp=0x0000004e9bafa440 mode 2

Classes redefined (0 events):
No events

Internal exceptions (20 events):
Event: 4158.528 Thread 0x000001a183111000 Exception <a 'java/lang/NoSuchMethodError'{0x00000000907b2890}: 'org.gradle.internal.buildoption.BuildOption$Value org.gradle.api.internal.StartParameterInternal.getConfigurationCache()'> (0x00000000907b2890) thrown at [src/hotspot/share/interpreter/linkResolver.cpp, line 773]
Event: 4158.597 Thread 0x000001a183111000 Exception <a 'sun/nio/fs/WindowsException'{0x00000000906411f8}> (0x00000000906411f8) thrown at [src/hotspot/share/prims/jni.cpp, line 617]
Event: 4158.620 Thread 0x000001a183111000 Exception <a 'java/lang/NoSuchMethodError'{0x00000000906ed8d8}: 'org.gradle.internal.buildoption.BuildOption$Value org.gradle.api.internal.StartParameterInternal.getConfigurationCache()'> (0x00000000906ed8d8) thrown at [src/hotspot/share/interpreter/linkResolver.cpp, line 773]
Event: 4158.746 Thread 0x000001a18021d000 Exception <a 'sun/nio/fs/WindowsException'{0x000000009059fe90}> (0x000000009059fe90) thrown at [src/hotspot/share/prims/jni.cpp, line 617]
Event: 4158.751 Thread 0x000001a18021d000 Exception <a 'sun/nio/fs/WindowsException'{0x00000000905a8f18}> (0x00000000905a8f18) thrown at [src/hotspot/share/prims/jni.cpp, line 617]
Event: 4158.759 Thread 0x000001a18021d000 Exception <a 'sun/nio/fs/WindowsException'{0x00000000905b7fa8}> (0x00000000905b7fa8) thrown at [src/hotspot/share/prims/jni.cpp, line 617]
Event: 4158.760 Thread 0x000001a18021d000 Exception <a 'sun/nio/fs/WindowsException'{0x00000000905b9e80}> (0x00000000905b9e80) thrown at [src/hotspot/share/prims/jni.cpp, line 617]
Event: 4158.760 Thread 0x000001a18021d000 Exception <a 'sun/nio/fs/WindowsException'{0x00000000905bbd28}> (0x00000000905bbd28) thrown at [src/hotspot/share/prims/jni.cpp, line 617]
Event: 4158.761 Thread 0x000001a18021d000 Exception <a 'sun/nio/fs/WindowsException'{0x00000000905bdd10}> (0x00000000905bdd10) thrown at [src/hotspot/share/prims/jni.cpp, line 617]
Event: 4161.900 Thread 0x000001a18021d000 Exception <a 'sun/nio/fs/WindowsException'{0x000000008cb68e40}> (0x000000008cb68e40) thrown at [src/hotspot/share/prims/jni.cpp, line 617]
Event: 4162.172 Thread 0x000001a180220800 Exception <a 'sun/nio/fs/WindowsException'{0x000000008c981b40}> (0x000000008c981b40) thrown at [src/hotspot/share/prims/jni.cpp, line 617]
Event: 4162.798 Thread 0x000001a180218800 Exception <a 'sun/nio/fs/WindowsException'{0x000000008bff4e90}> (0x000000008bff4e90) thrown at [src/hotspot/share/prims/jni.cpp, line 617]
Event: 4162.933 Thread 0x000001a180218800 Exception <a 'sun/nio/fs/WindowsException'{0x000000008bd9e210}> (0x000000008bd9e210) thrown at [src/hotspot/share/prims/jni.cpp, line 617]
Event: 4164.039 Thread 0x000001a180218800 Exception <a 'sun/nio/fs/WindowsException'{0x0000000090864608}> (0x0000000090864608) thrown at [src/hotspot/share/prims/jni.cpp, line 617]
Event: 4164.039 Thread 0x000001a180218800 Exception <a 'sun/nio/fs/WindowsException'{0x00000000908654e0}> (0x00000000908654e0) thrown at [src/hotspot/share/prims/jni.cpp, line 617]
Event: 4164.050 Thread 0x000001a180218800 Exception <a 'sun/nio/fs/WindowsException'{0x0000000090865da8}> (0x0000000090865da8) thrown at [src/hotspot/share/prims/jni.cpp, line 617]
Event: 4164.051 Thread 0x000001a180218800 Exception <a 'sun/nio/fs/WindowsException'{0x0000000090866c78}> (0x0000000090866c78) thrown at [src/hotspot/share/prims/jni.cpp, line 617]
Event: 4164.051 Thread 0x000001a180218800 Exception <a 'sun/nio/fs/WindowsException'{0x0000000090866fa8}> (0x0000000090866fa8) thrown at [src/hotspot/share/prims/jni.cpp, line 617]
Event: 4164.051 Thread 0x000001a180218800 Exception <a 'sun/nio/fs/WindowsException'{0x0000000090867e48}> (0x0000000090867e48) thrown at [src/hotspot/share/prims/jni.cpp, line 617]
Event: 4164.052 Thread 0x000001a180218800 Exception <a 'sun/nio/fs/WindowsException'{0x0000000090868160}> (0x0000000090868160) thrown at [src/hotspot/share/prims/jni.cpp, line 617]

Events (20 events):
Event: 4163.488 loading class org/gradle/internal/execution/history/PreviousExecutionState done
Event: 4163.488 loading class org/gradle/internal/execution/steps/RemovePreviousOutputsStep
Event: 4163.488 loading class org/gradle/internal/execution/steps/RemovePreviousOutputsStep done
Event: 4163.488 loading class org/gradle/internal/execution/steps/RemovePreviousOutputsStep$1
Event: 4163.488 loading class org/gradle/internal/execution/steps/RemovePreviousOutputsStep$1 done
Event: 4163.499 loading class org/gradle/internal/execution/history/OutputsCleaner$1
Event: 4163.499 loading class org/gradle/internal/execution/history/OutputsCleaner$1 done
Event: 4164.008 Thread 0x000001a188678000 Thread exited: 0x000001a188678000
Event: 4164.059 Thread 0x000001a18207f000 Thread added: 0x000001a18207f000
Event: 4164.065 Executing VM operation: RevokeBias
Event: 4164.098 Executing VM operation: RevokeBias done
Event: 4164.130 Executing VM operation: RevokeBias
Event: 4164.130 Executing VM operation: RevokeBias done
Event: 4164.132 Thread 0x000001a182082800 Thread added: 0x000001a182082800
Event: 4164.208 Executing VM operation: CGC_Operation
Event: 4164.530 Executing VM operation: CGC_Operation done
Event: 4164.545 Thread 0x000001a182080000 Thread added: 0x000001a182080000
Event: 4164.545 Thread 0x000001a182080800 Thread added: 0x000001a182080800
Event: 4164.780 Executing VM operation: CGC_Operation
Event: 4164.781 Executing VM operation: CGC_Operation done


Dynamic libraries:
0x00007ff7b5920000 - 0x00007ff7b592a000 	C:\Program Files\Android\Android Studio\jbr\bin\java.exe
0x00007ffdbdd70000 - 0x00007ffdbdf68000 	C:\WINDOWS\SYSTEM32\ntdll.dll
0x00007ffdbcc50000 - 0x00007ffdbcd0f000 	C:\WINDOWS\System32\KERNEL32.DLL
0x00007ffdbb760000 - 0x00007ffdbba56000 	C:\WINDOWS\System32\KERNELBASE.dll
0x00007ffdbbb40000 - 0x00007ffdbbc40000 	C:\WINDOWS\System32\ucrtbase.dll
0x00007ffd9c7c0000 - 0x00007ffd9c7d7000 	C:\Program Files\Android\Android Studio\jbr\bin\jli.dll
0x00007ffdbbdd0000 - 0x00007ffdbbf6d000 	C:\WINDOWS\System32\USER32.dll
0x00007ffdbbb10000 - 0x00007ffdbbb32000 	C:\WINDOWS\System32\win32u.dll
0x00007ffdbc210000 - 0x00007ffdbc23c000 	C:\WINDOWS\System32\GDI32.dll
0x00007ffdbb640000 - 0x00007ffdbb755000 	C:\WINDOWS\System32\gdi32full.dll
0x00007ffdbb5a0000 - 0x00007ffdbb63d000 	C:\WINDOWS\System32\msvcp_win.dll
0x00007ffd97130000 - 0x00007ffd9714b000 	C:\Program Files\Android\Android Studio\jbr\bin\VCRUNTIME140.dll
0x00007ffda8a90000 - 0x00007ffda8d2a000 	C:\WINDOWS\WinSxS\amd64_microsoft.windows.common-controls_6595b64144ccf1df_6.0.19041.1110_none_60b5254171f9507e\COMCTL32.dll
0x00007ffdbc040000 - 0x00007ffdbc0de000 	C:\WINDOWS\System32\msvcrt.dll
0x00007ffdbd500000 - 0x00007ffdbd530000 	C:\WINDOWS\System32\IMM32.DLL
0x00007ffdb3860000 - 0x00007ffdb386c000 	C:\Program Files\Android\Android Studio\jbr\bin\vcruntime140_1.dll
0x00007ffd83f50000 - 0x00007ffd83fdd000 	C:\Program Files\Android\Android Studio\jbr\bin\msvcp140.dll
0x00007ffd73360000 - 0x00007ffd73f1c000 	C:\Program Files\Android\Android Studio\jbr\bin\server\jvm.dll
0x00007ffdbdc80000 - 0x00007ffdbdd2f000 	C:\WINDOWS\System32\ADVAPI32.dll
0x00007ffdbdb80000 - 0x00007ffdbdc1c000 	C:\WINDOWS\System32\sechost.dll
0x00007ffdbd180000 - 0x00007ffdbd2a6000 	C:\WINDOWS\System32\RPCRT4.dll
0x00007ffdbc3a0000 - 0x00007ffdbc3a8000 	C:\WINDOWS\System32\PSAPI.DLL
0x00007ffdb3810000 - 0x00007ffdb3819000 	C:\WINDOWS\SYSTEM32\WSOCK32.dll
0x00007ffdbcb80000 - 0x00007ffdbcbeb000 	C:\WINDOWS\System32\WS2_32.dll
0x00007ffdabdd0000 - 0x00007ffdabdf7000 	C:\WINDOWS\SYSTEM32\WINMM.dll
0x00007ffdaf020000 - 0x00007ffdaf02a000 	C:\WINDOWS\SYSTEM32\VERSION.dll
0x00007ffdb9c50000 - 0x00007ffdb9c62000 	C:\WINDOWS\SYSTEM32\kernel.appcore.dll
0x00007ffdb3800000 - 0x00007ffdb3810000 	C:\Program Files\Android\Android Studio\jbr\bin\verify.dll
0x00007ffdab6a0000 - 0x00007ffdab884000 	C:\WINDOWS\SYSTEM32\DBGHELP.DLL
0x00007ffdab640000 - 0x00007ffdab674000 	C:\WINDOWS\SYSTEM32\dbgcore.DLL
0x00007ffdbb450000 - 0x00007ffdbb4d2000 	C:\WINDOWS\System32\bcryptPrimitives.dll
0x00007ffdb37d0000 - 0x00007ffdb37f8000 	C:\Program Files\Android\Android Studio\jbr\bin\java.dll
0x00007ffdb37c0000 - 0x00007ffdb37ca000 	C:\Program Files\Android\Android Studio\jbr\bin\jimage.dll
0x00007ffdb37b0000 - 0x00007ffdb37be000 	C:\Program Files\Android\Android Studio\jbr\bin\instrument.dll
0x00007ffd9c7a0000 - 0x00007ffd9c7b8000 	C:\Program Files\Android\Android Studio\jbr\bin\zip.dll
0x00007ffdbc3b0000 - 0x00007ffdbcaf4000 	C:\WINDOWS\System32\SHELL32.dll
0x00007ffdb9490000 - 0x00007ffdb9c23000 	C:\WINDOWS\SYSTEM32\windows.storage.dll
0x00007ffdbd820000 - 0x00007ffdbdb74000 	C:\WINDOWS\System32\combase.dll
0x00007ffdbace0000 - 0x00007ffdbad0e000 	C:\WINDOWS\SYSTEM32\Wldp.dll
0x00007ffdbc240000 - 0x00007ffdbc2ed000 	C:\WINDOWS\System32\SHCORE.dll
0x00007ffdbcb20000 - 0x00007ffdbcb75000 	C:\WINDOWS\System32\shlwapi.dll
0x00007ffdbb390000 - 0x00007ffdbb3af000 	C:\WINDOWS\SYSTEM32\profapi.dll
0x00007ffdb37a0000 - 0x00007ffdb37aa000 	C:\Program Files\Android\Android Studio\jbr\bin\management.dll
0x00007ffda85b0000 - 0x00007ffda85bb000 	C:\Program Files\Android\Android Studio\jbr\bin\management_ext.dll
0x00007ffd9c780000 - 0x00007ffd9c799000 	C:\Program Files\Android\Android Studio\jbr\bin\net.dll
0x00007ffdb04a0000 - 0x00007ffdb05aa000 	C:\WINDOWS\SYSTEM32\WINHTTP.dll
0x00007ffdbaac0000 - 0x00007ffdbab2a000 	C:\WINDOWS\system32\mswsock.dll
0x00007ffd9c760000 - 0x00007ffd9c773000 	C:\Program Files\Android\Android Studio\jbr\bin\nio.dll
0x00007ffdaab50000 - 0x00007ffdaab67000 	C:\WINDOWS\system32\napinsp.dll
0x00007ffdb51d0000 - 0x00007ffdb51eb000 	C:\WINDOWS\system32\pnrpnsp.dll
0x00007ffd9c930000 - 0x00007ffd9c945000 	C:\WINDOWS\system32\wshbth.dll
0x00007ffdb6770000 - 0x00007ffdb678d000 	C:\WINDOWS\system32\NLAapi.dll
0x00007ffdba7d0000 - 0x00007ffdba80c000 	C:\WINDOWS\SYSTEM32\IPHLPAPI.DLL
0x00007ffdba810000 - 0x00007ffdba8da000 	C:\WINDOWS\SYSTEM32\DNSAPI.dll
0x00007ffdbcb00000 - 0x00007ffdbcb08000 	C:\WINDOWS\System32\NSI.dll
0x00007ffdb55c0000 - 0x00007ffdb55d2000 	C:\WINDOWS\System32\winrnr.dll
0x00007ffdaee80000 - 0x00007ffdaee8a000 	C:\Windows\System32\rasadhlp.dll
0x00007ffdb02b0000 - 0x00007ffdb0332000 	C:\WINDOWS\System32\fwpuclnt.dll
0x00007ffdbbc40000 - 0x00007ffdbbc67000 	C:\WINDOWS\System32\bcrypt.dll
0x00007ffd93fd0000 - 0x00007ffd93ff7000 	C:\Users\shahzaib lptp\AndroidStudioProjects\loginsqlite\native\68d5fa5c4cc2d200863cafc0d521ce42e7d3e7ee720ec0a83991735586a16f82\windows-amd64\native-platform.dll
0x00007ffd7b480000 - 0x00007ffd7b5c4000 	C:\Users\shahzaib lptp\AndroidStudioProjects\loginsqlite\native\e376f236ea51e6404a007f0833ffe2c6e607c4080706a723a18a27aeea778392\windows-amd64\native-platform-file-events.dll
0x00007ffdbb030000 - 0x00007ffdbb048000 	C:\WINDOWS\SYSTEM32\CRYPTSP.dll
0x00007ffdba400000 - 0x00007ffdba434000 	C:\WINDOWS\system32\rsaenh.dll
0x00007ffdbb310000 - 0x00007ffdbb33e000 	C:\WINDOWS\SYSTEM32\USERENV.dll
0x00007ffdbac50000 - 0x00007ffdbac5c000 	C:\WINDOWS\SYSTEM32\CRYPTBASE.dll
0x00007ffdb12c0000 - 0x00007ffdb12d7000 	C:\WINDOWS\SYSTEM32\dhcpcsvc6.DLL
0x00007ffdb0260000 - 0x00007ffdb027d000 	C:\WINDOWS\SYSTEM32\dhcpcsvc.DLL
0x00007ffd97150000 - 0x00007ffd97177000 	C:\Program Files\Android\Android Studio\jbr\bin\sunec.dll

dbghelp: loaded successfully - version: 4.0.5 - missing functions: none
symbol engine: initialized successfully - sym options: 0x614 - pdb path: .;C:\Program Files\Android\Android Studio\jbr\bin;C:\WINDOWS\SYSTEM32;C:\WINDOWS\WinSxS\amd64_microsoft.windows.common-controls_6595b64144ccf1df_6.0.19041.1110_none_60b5254171f9507e;C:\Program Files\Android\Android Studio\jbr\bin\server;C:\Users\shahzaib lptp\AndroidStudioProjects\loginsqlite\native\68d5fa5c4cc2d200863cafc0d521ce42e7d3e7ee720ec0a83991735586a16f82\windows-amd64;C:\Users\shahzaib lptp\AndroidStudioProjects\loginsqlite\native\e376f236ea51e6404a007f0833ffe2c6e607c4080706a723a18a27aeea778392\windows-amd64

VM Arguments:
jvm_args: --add-opens=java.base/java.util.concurrent.atomic=ALL-UNNAMED -javaagent:C:\Program Files\Android\Android Studio\plugins\android\resources\trace_agent.jar=C:\Users\SHAHZA~1\AppData\Local\Temp\sync.trace.profile --add-opens=java.base/java.util=ALL-UNNAMED --add-opens=java.base/java.lang=ALL-UNNAMED --add-opens=java.base/java.lang.invoke=ALL-UNNAMED --add-opens=java.prefs/java.util.prefs=ALL-UNNAMED --add-opens=java.base/java.nio.charset=ALL-UNNAMED --add-opens=java.base/java.net=ALL-UNNAMED --add-opens=java.base/java.util.concurrent.atomic=ALL-UNNAMED -Xmx2048m -Dfile.encoding=UTF-8 -Duser.country=US -Duser.language=en -Duser.variant -javaagent:C:\Users\shahzaib lptp\AndroidStudioProjects\loginsqlite\wrapper\dists\gradle-8.3-rc-1-bin\3lbs5z64xhcdp1uarsx2vp16o\gradle-8.3-rc-1\lib\agents\gradle-instrumentation-agent-8.3.jar 
java_command: org.gradle.launcher.daemon.bootstrap.GradleDaemon 8.3-rc-1
java_class_path (initial): C:\Users\shahzaib lptp\AndroidStudioProjects\loginsqlite\wrapper\dists\gradle-8.3-rc-1-bin\3lbs5z64xhcdp1uarsx2vp16o\gradle-8.3-rc-1\lib\gradle-launcher-8.3.jar
Launcher Type: SUN_STANDARD

[Global flags]
     intx CICompilerCount                          = 3                                         {product} {ergonomic}
     uint ConcGCThreads                            = 1                                         {product} {ergonomic}
     uint G1ConcRefinementThreads                  = 4                                         {product} {ergonomic}
   size_t G1HeapRegionSize                         = 1048576                                   {product} {ergonomic}
    uintx GCDrainStackTargetSize                   = 64                                        {product} {ergonomic}
   size_t InitialHeapSize                          = 134217728                                 {product} {ergonomic}
   size_t MarkStackSize                            = 4194304                                   {product} {ergonomic}
   size_t MaxHeapSize                              = 2147483648                                {product} {command line}
   size_t MaxNewSize                               = 1287651328                                {product} {ergonomic}
   size_t MinHeapDeltaBytes                        = 1048576                                   {product} {ergonomic}
    uintx NonNMethodCodeHeapSize                   = 5830732                                {pd product} {ergonomic}
    uintx NonProfiledCodeHeapSize                  = 122913754                              {pd product} {ergonomic}
    uintx ProfiledCodeHeapSize                     = 122913754                              {pd product} {ergonomic}
    uintx ReservedCodeCacheSize                    = 251658240                              {pd product} {ergonomic}
     bool SegmentedCodeCache                       = true                                      {product} {ergonomic}
     bool UseCompressedClassPointers               = true                                 {lp64_product} {ergonomic}
     bool UseCompressedOops                        = true                                 {lp64_product} {ergonomic}
     bool UseG1GC                                  = true                                      {product} {ergonomic}
     bool UseLargePagesIndividualAllocation        = false                                  {pd product} {ergonomic}

Logging:
Log output configuration:
 #0: stdout all=warning uptime,level,tags
 #1: stderr all=off uptime,level,tags

Environment Variables:
PATH=C:\Program Files\Python310\Scripts\;C:\Program Files\Python310\;C:\Program Files\Common Files\Oracle\Java\javapath;C:\app\bin;C:\app\shahzaiblptp\product\11.2.0\dbhome_1\bin;C:\WINDOWS\system32;C:\WINDOWS;C:\WINDOWS\System32\Wbem;C:\WINDOWS\System32\WindowsPowerShell\v1.0\;c:\Program Files (x86)\Microsoft SQL Server\100\Tools\Binn\;c:\Program Files\Microsoft SQL Server\100\Tools\Binn\;c:\Program Files\Microsoft SQL Server\100\DTS\Binn\;C:\WINDOWS\System32\OpenSSH\;C:\ProgramData\chocolatey\bin;%JAVA_HOME%\bin;C:\Program Files\Git\cmd;C:\WINDOWS\System32;C:\Users\shahzaib lptp\AppData\Local\Microsoft\WindowsApps;C:\Program Files\JetBrains\IntelliJ IDEA Community Edition 2021.3\bin;;C:\Program Files\Python310\PyCharm Community Edition 2022.1\bin;;C:\Users\shahzaib lptp\AppData\Local\Programs\Microsoft VS Code\bin;C:\Program Files\flutter\bin;C:\src\flutter\bin;C:\Program Files\Android\Android Studio\bin;
USERNAME=shahzaib lptp
OS=Windows_NT
PROCESSOR_IDENTIFIER=Intel64 Family 6 Model 69 Stepping 1, GenuineIntel



---------------  S Y S T E M  ---------------

OS: Windows 10 , 64 bit Build 19041 (10.0.19041.3031)
OS uptime: 26 days 19:32 hours
Hyper-V role detected

CPU:total 4 (initial active 4) (2 cores per cpu, 2 threads per core) family 6 model 69 stepping 1 microcode 0x26, cmov, cx8, fxsr, mmx, sse, sse2, sse3, ssse3, sse4.1, sse4.2, popcnt, avx, avx2, aes, clmul, erms, lzcnt, ht, tsc, tscinvbit, bmi1, bmi2, fma

Memory: 4k page, system-wide physical 8073M (1022M free)
TotalPageFile size 10073M (AvailPageFile size 0M)
current process WorkingSet (physical memory assigned to process): 436M, peak: 605M
current process commit charge ("private bytes"): 596M, peak: 634M

vm_info: OpenJDK 64-Bit Server VM (11.0.15+0-b2043.56-9505619) for windows-amd64 JRE (11.0.15+0-b2043.56-9505619), built on Jan 19 2023 02:48:00 by "builduser" with unknown MS VC++:1929

END.
