#
# There is insufficient memory for the Java Runtime Environment to continue.
# Native memory allocation (malloc) failed to allocate 1278736 bytes for Chunk::new
# Possible reasons:
#   The system is out of physical RAM or swap space
#   The process is running with CompressedOops enabled, and the Java Heap may be blocking the growth of the native heap
# Possible solutions:
#   Reduce memory load on the system
#   Increase physical memory or swap space
#   Check if swap backing store is full
#   Decrease Java heap size (-Xmx/-Xms)
#   Decrease number of Java threads
#   Decrease Java thread stack sizes (-Xss)
#   Set larger code cache with -XX:ReservedCodeCacheSize=
#   JVM is running with Unscaled Compressed Oops mode in which the Java heap is
#     placed in the first 4GB address space. The Java Heap base address is the
#     maximum limit for the native heap growth. Please use -XX:HeapBaseMinAddress
#     to set the Java Heap base and to place the Java Heap above 4GB virtual address.
# This output file may be truncated or incomplete.
#
#  Out of Memory Error (src/hotspot/share/memory/arena.cpp:197), pid=15848, tid=13696
#
# JRE version: OpenJDK Runtime Environment (11.0.15) (build 11.0.15+0-b2043.56-9505619)
# Java VM: OpenJDK 64-Bit Server VM (11.0.15+0-b2043.56-9505619, mixed mode, tiered, compressed oops, g1 gc, windows-amd64)
# No core dump will be written. Minidumps are not enabled by default on client versions of Windows
#

---------------  S U M M A R Y ------------

Command Line: -javaagent:C:\Program Files\Android\Android Studio\plugins\android\resources\trace_agent.jar=C:\Users\SHAHZA~1\AppData\Local\Temp\sync.trace.profile --add-opens=java.base/java.util=ALL-UNNAMED --add-opens=java.base/java.lang=ALL-UNNAMED --add-opens=java.base/java.lang.invoke=ALL-UNNAMED --add-opens=java.base/java.util=ALL-UNNAMED --add-opens=java.prefs/java.util.prefs=ALL-UNNAMED --add-opens=java.prefs/java.util.prefs=ALL-UNNAMED --add-opens=java.base/java.nio.charset=ALL-UNNAMED --add-opens=java.base/java.net=ALL-UNNAMED --add-opens=java.base/java.util.concurrent.atomic=ALL-UNNAMED -Xmx2048m -Dfile.encoding=UTF-8 -Duser.country=US -Duser.language=en -Duser.variant org.gradle.launcher.daemon.bootstrap.GradleDaemon 7.5

Host: Intel(R) Core(TM) i5-4310U CPU @ 2.00GHz, 4 cores, 7G,  Windows 10 , 64 bit Build 19041 (10.0.19041.2788)
Time: Mon May  8 16:00:33 2023 Pakistan Standard Time elapsed time: 18.760651 seconds (0d 0h 0m 18s)

---------------  T H R E A D  ---------------

Current thread (0x00000283ec15b000):  JavaThread "C2 CompilerThread1" daemon [_thread_in_native, id=13696, stack(0x000000b9cf800000,0x000000b9cf900000)]


Current CompileTask:
C2:  18760 6286       4       com.android.tools.tracer.agent.objectweb.asm.AnnotationWriter::visit (935 bytes)

Stack: [0x000000b9cf800000,0x000000b9cf900000]
Native frames: (J=compiled Java code, j=interpreted, Vv=VM code, C=native code)
V  [jvm.dll+0x64135a]
V  [jvm.dll+0x7d39f9]
V  [jvm.dll+0x7d51b9]
V  [jvm.dll+0x7d58a3]
V  [jvm.dll+0x2691c5]
V  [jvm.dll+0xc1a5c]
V  [jvm.dll+0xc200c]
V  [jvm.dll+0x377462]
V  [jvm.dll+0x342495]
V  [jvm.dll+0x34186a]
V  [jvm.dll+0x2214bd]
V  [jvm.dll+0x220498]
V  [jvm.dll+0x19e851]
V  [jvm.dll+0x230479]
V  [jvm.dll+0x22e5ef]
V  [jvm.dll+0x794de1]
V  [jvm.dll+0x78dc24]
V  [jvm.dll+0x6400f6]
C  [ucrtbase.dll+0x21bb2]
C  [KERNEL32.DLL+0x17604]
C  [ntdll.dll+0x526a1]


---------------  P R O C E S S  ---------------

Threads class SMR info:
_java_thread_list=0x00000283ed295880, length=78, elements={
0x00000283d13ba000, 0x00000283eafc7000, 0x00000283eafc8800, 0x00000283eafe0000,
0x00000283eafe2000, 0x00000283eafe5800, 0x00000283eafe9000, 0x00000283eaff0000,
0x00000283eaff1800, 0x00000283eaf67000, 0x00000283ec15b000, 0x00000283edd52000,
0x00000283f0fbc800, 0x00000283ec7a8000, 0x00000283ec922000, 0x00000283ec92e800,
0x00000283f1b06800, 0x00000283efae7800, 0x00000283ecf94800, 0x00000283ec898800,
0x00000283f0f1f800, 0x00000283f0e86800, 0x00000283f0e85000, 0x00000283f0e84000,
0x00000283f0e87800, 0x00000283f0e8a000, 0x00000283f0e8a800, 0x00000283f0e88000,
0x00000283f0e89000, 0x00000283f0e86000, 0x00000283ec02d000, 0x00000283ec031000,
0x00000283ec02c000, 0x00000283ec02d800, 0x00000283ec032800, 0x00000283ec032000,
0x00000283ec033800, 0x00000283ec035000, 0x00000283ec036000, 0x00000283ec030000,
0x00000283ec036800, 0x00000283ec038800, 0x00000283ec03a000, 0x00000283ec037800,
0x00000283ec039000, 0x00000283efaee800, 0x00000283efaea800, 0x00000283efaef800,
0x00000283efaf1000, 0x00000283efaeb800, 0x00000283efaec800, 0x00000283efaf0800,
0x00000283efaf2000, 0x00000283efaf3000, 0x00000283efaed000, 0x00000283efaf3800,
0x00000283efaee000, 0x00000283efaf4800, 0x00000283efaf5000, 0x00000283efaf6000,
0x00000283efaf7000, 0x00000283efaf7800, 0x00000283efaf8800, 0x00000283efaf9800,
0x00000283ee1be000, 0x00000283ee1bc800, 0x00000283ee1bb800, 0x00000283ee1bd800,
0x00000283ee1bf000, 0x00000283ee1b9000, 0x00000283ee1bf800, 0x00000283ee1ba000,
0x00000283ee1bb000, 0x00000283ee1c4800, 0x00000283ee1c4000, 0x00000283ee1c5800,
0x00000283ee1c6800, 0x00000283ee1c0800
}

Java Threads: ( => current thread )
  0x00000283d13ba000 JavaThread "main" [_thread_blocked, id=9504, stack(0x000000b9ce800000,0x000000b9ce900000)]
  0x00000283eafc7000 JavaThread "Reference Handler" daemon [_thread_blocked, id=10340, stack(0x000000b9cef00000,0x000000b9cf000000)]
  0x00000283eafc8800 JavaThread "Finalizer" daemon [_thread_blocked, id=13460, stack(0x000000b9cf000000,0x000000b9cf100000)]
  0x00000283eafe0000 JavaThread "Signal Dispatcher" daemon [_thread_blocked, id=2932, stack(0x000000b9cf100000,0x000000b9cf200000)]
  0x00000283eafe2000 JavaThread "Attach Listener" daemon [_thread_blocked, id=10444, stack(0x000000b9cf200000,0x000000b9cf300000)]
  0x00000283eafe5800 JavaThread "Service Thread" daemon [_thread_blocked, id=2268, stack(0x000000b9cf300000,0x000000b9cf400000)]
  0x00000283eafe9000 JavaThread "C2 CompilerThread0" daemon [_thread_in_native, id=13008, stack(0x000000b9cf400000,0x000000b9cf500000)]
  0x00000283eaff0000 JavaThread "C1 CompilerThread0" daemon [_thread_blocked, id=10148, stack(0x000000b9cf500000,0x000000b9cf600000)]
  0x00000283eaff1800 JavaThread "Sweeper thread" daemon [_thread_blocked, id=9304, stack(0x000000b9cf600000,0x000000b9cf700000)]
  0x00000283eaf67000 JavaThread "Common-Cleaner" daemon [_thread_blocked, id=13352, stack(0x000000b9cf700000,0x000000b9cf800000)]
=>0x00000283ec15b000 JavaThread "C2 CompilerThread1" daemon [_thread_in_native, id=13696, stack(0x000000b9cf800000,0x000000b9cf900000)]
  0x00000283edd52000 JavaThread "Daemon health stats" [_thread_blocked, id=5040, stack(0x000000b9cfc00000,0x000000b9cfd00000)]
  0x00000283f0fbc800 JavaThread "Incoming local TCP Connector on port 53226" [_thread_in_native, id=4452, stack(0x000000b9cfd00000,0x000000b9cfe00000)]
  0x00000283ec7a8000 JavaThread "Daemon periodic checks" [_thread_blocked, id=13020, stack(0x000000b9cfe00000,0x000000b9cff00000)]
  0x00000283ec922000 JavaThread "Daemon" [_thread_blocked, id=14840, stack(0x000000b9cff00000,0x000000b9d0000000)]
  0x00000283ec92e800 JavaThread "Handler for socket connection from /127.0.0.1:53226 to /127.0.0.1:53227" [_thread_in_native, id=10784, stack(0x000000b9d0000000,0x000000b9d0100000)]
  0x00000283f1b06800 JavaThread "Cancel handler" [_thread_blocked, id=2876, stack(0x000000b9d0100000,0x000000b9d0200000)]
  0x00000283efae7800 JavaThread "Daemon worker" [_thread_in_vm, id=10184, stack(0x000000b9d0200000,0x000000b9d0300000)]
  0x00000283ecf94800 JavaThread "Asynchronous log dispatcher for DefaultDaemonConnection: socket connection from /127.0.0.1:53226 to /127.0.0.1:53227" [_thread_blocked, id=4384, stack(0x000000b9d0300000,0x000000b9d0400000)]
  0x00000283ec898800 JavaThread "Stdin handler" [_thread_blocked, id=1268, stack(0x000000b9d0400000,0x000000b9d0500000)]
  0x00000283f0f1f800 JavaThread "Daemon client event forwarder" [_thread_blocked, id=8228, stack(0x000000b9d0500000,0x000000b9d0600000)]
  0x00000283f0e86800 JavaThread "Cache worker for journal cache (C:\Users\shahzaib lptp\AndroidStudioProjects\loginsqlite\caches\journal-1)" [_thread_blocked, id=10872, stack(0x000000b9d0700000,0x000000b9d0800000)]
  0x00000283f0e85000 JavaThread "File lock request listener" [_thread_in_native, id=12736, stack(0x000000b9d0800000,0x000000b9d0900000)]
  0x00000283f0e84000 JavaThread "Cache worker for file hash cache (C:\Users\shahzaib lptp\AndroidStudioProjects\loginsqlite\caches\7.5\fileHashes)" [_thread_blocked, id=13560, stack(0x000000b9d0900000,0x000000b9d0a00000)]
  0x00000283f0e87800 JavaThread "File watcher server" daemon [_thread_in_native, id=10924, stack(0x000000b9d0a00000,0x000000b9d0b00000)]
  0x00000283f0e8a000 JavaThread "File watcher consumer" daemon [_thread_blocked, id=15568, stack(0x000000b9d0b00000,0x000000b9d0c00000)]
  0x00000283f0e8a800 JavaThread "Cache worker for checksums cache (C:\Users\shahzaib lptp\AndroidStudioProjects\EyeonwaterApp\.gradle\7.5\checksums)" [_thread_blocked, id=432, stack(0x000000b9d0c00000,0x000000b9d0d00000)]
  0x00000283f0e88000 JavaThread "Cache worker for cache directory md-rule (C:\Users\shahzaib lptp\AndroidStudioProjects\loginsqlite\caches\7.5\md-rule)" [_thread_blocked, id=9508, stack(0x000000b9d0d00000,0x000000b9d0e00000)]
  0x00000283f0e89000 JavaThread "Cache worker for file content cache (C:\Users\shahzaib lptp\AndroidStudioProjects\loginsqlite\caches\7.5\fileContent)" [_thread_blocked, id=1712, stack(0x000000b9d0e00000,0x000000b9d0f00000)]
  0x00000283f0e86000 JavaThread "Cache worker for file hash cache (C:\Users\shahzaib lptp\AndroidStudioProjects\EyeonwaterApp\.gradle\7.5\fileHashes)" [_thread_blocked, id=10364, stack(0x000000b9d0f00000,0x000000b9d1000000)]
  0x00000283ec02d000 JavaThread "Cache worker for cache directory md-supplier (C:\Users\shahzaib lptp\AndroidStudioProjects\loginsqlite\caches\7.5\md-supplier)" [_thread_blocked, id=5096, stack(0x000000b9d1000000,0x000000b9d1100000)]
  0x00000283ec031000 JavaThread "Cache worker for execution history cache (C:\Users\shahzaib lptp\AndroidStudioProjects\loginsqlite\caches\7.5\executionHistory)" [_thread_blocked, id=15884, stack(0x000000b9d1100000,0x000000b9d1200000)]
  0x00000283ec02c000 JavaThread "jar transforms" [_thread_blocked, id=1792, stack(0x000000b9d1200000,0x000000b9d1300000)]
  0x00000283ec02d800 JavaThread "jar transforms Thread 2" [_thread_blocked, id=2700, stack(0x000000b9d1300000,0x000000b9d1400000)]
  0x00000283ec032800 JavaThread "jar transforms Thread 3" [_thread_blocked, id=9584, stack(0x000000b9d1400000,0x000000b9d1500000)]
  0x00000283ec032000 JavaThread "jar transforms Thread 4" [_thread_blocked, id=9240, stack(0x000000b9d1500000,0x000000b9d1600000)]
  0x00000283ec033800 JavaThread "Cache worker for dependencies-accessors (C:\Users\shahzaib lptp\AndroidStudioProjects\EyeonwaterApp\.gradle\7.5\dependencies-accessors)" [_thread_blocked, id=2304, stack(0x000000b9d1600000,0x000000b9d1700000)]
  0x00000283ec035000 JavaThread "Cache worker for Build Output Cleanup Cache (C:\Users\shahzaib lptp\AndroidStudioProjects\EyeonwaterApp\.gradle\buildOutputCleanup)" [_thread_blocked, id=5060, stack(0x000000b9d1700000,0x000000b9d1800000)]
  0x00000283ec036000 JavaThread "Unconstrained build operations" [_thread_blocked, id=11720, stack(0x000000b9d1800000,0x000000b9d1900000)]
  0x00000283ec030000 JavaThread "Unconstrained build operations Thread 2" [_thread_blocked, id=4392, stack(0x000000b9d1900000,0x000000b9d1a00000)]
  0x00000283ec036800 JavaThread "Unconstrained build operations Thread 3" [_thread_blocked, id=11280, stack(0x000000b9d1a00000,0x000000b9d1b00000)]
  0x00000283ec038800 JavaThread "Unconstrained build operations Thread 4" [_thread_blocked, id=7688, stack(0x000000b9d1b00000,0x000000b9d1c00000)]
  0x00000283ec03a000 JavaThread "Unconstrained build operations Thread 5" [_thread_blocked, id=15320, stack(0x000000b9d1c00000,0x000000b9d1d00000)]
  0x00000283ec037800 JavaThread "Unconstrained build operations Thread 6" [_thread_blocked, id=15752, stack(0x000000b9d1d00000,0x000000b9d1e00000)]
  0x00000283ec039000 JavaThread "Unconstrained build operations Thread 7" [_thread_blocked, id=11116, stack(0x000000b9d1e00000,0x000000b9d1f00000)]
  0x00000283efaee800 JavaThread "Unconstrained build operations Thread 8" [_thread_blocked, id=6380, stack(0x000000b9d1f00000,0x000000b9d2000000)]
  0x00000283efaea800 JavaThread "Unconstrained build operations Thread 9" [_thread_blocked, id=6960, stack(0x000000b9d2000000,0x000000b9d2100000)]
  0x00000283efaef800 JavaThread "Unconstrained build operations Thread 10" [_thread_blocked, id=6792, stack(0x000000b9d2100000,0x000000b9d2200000)]
  0x00000283efaf1000 JavaThread "Unconstrained build operations Thread 11" [_thread_blocked, id=12028, stack(0x000000b9d2200000,0x000000b9d2300000)]
  0x00000283efaeb800 JavaThread "Unconstrained build operations Thread 12" [_thread_blocked, id=10112, stack(0x000000b9d2300000,0x000000b9d2400000)]
  0x00000283efaec800 JavaThread "Unconstrained build operations Thread 13" [_thread_blocked, id=12020, stack(0x000000b9d2400000,0x000000b9d2500000)]
  0x00000283efaf0800 JavaThread "Unconstrained build operations Thread 14" [_thread_blocked, id=9072, stack(0x000000b9d2500000,0x000000b9d2600000)]
  0x00000283efaf2000 JavaThread "Unconstrained build operations Thread 15" [_thread_blocked, id=6696, stack(0x000000b9d2600000,0x000000b9d2700000)]
  0x00000283efaf3000 JavaThread "Unconstrained build operations Thread 16" [_thread_blocked, id=14372, stack(0x000000b9d2700000,0x000000b9d2800000)]
  0x00000283efaed000 JavaThread "Unconstrained build operations Thread 17" [_thread_blocked, id=5896, stack(0x000000b9d2800000,0x000000b9d2900000)]
  0x00000283efaf3800 JavaThread "Unconstrained build operations Thread 18" [_thread_blocked, id=8592, stack(0x000000b9d2900000,0x000000b9d2a00000)]
  0x00000283efaee000 JavaThread "Unconstrained build operations Thread 19" [_thread_blocked, id=15248, stack(0x000000b9d2a00000,0x000000b9d2b00000)]
  0x00000283efaf4800 JavaThread "Unconstrained build operations Thread 20" [_thread_blocked, id=2908, stack(0x000000b9d2b00000,0x000000b9d2c00000)]
  0x00000283efaf5000 JavaThread "Unconstrained build operations Thread 21" [_thread_blocked, id=13436, stack(0x000000b9d2c00000,0x000000b9d2d00000)]
  0x00000283efaf6000 JavaThread "Unconstrained build operations Thread 22" [_thread_blocked, id=14412, stack(0x000000b9d2d00000,0x000000b9d2e00000)]
  0x00000283efaf7000 JavaThread "Unconstrained build operations Thread 23" [_thread_blocked, id=12184, stack(0x000000b9d2e00000,0x000000b9d2f00000)]
  0x00000283efaf7800 JavaThread "Unconstrained build operations Thread 24" [_thread_blocked, id=12828, stack(0x000000b9d2f00000,0x000000b9d3000000)]
  0x00000283efaf8800 JavaThread "Unconstrained build operations Thread 25" [_thread_blocked, id=4884, stack(0x000000b9d3000000,0x000000b9d3100000)]
  0x00000283efaf9800 JavaThread "Unconstrained build operations Thread 26" [_thread_blocked, id=6168, stack(0x000000b9d3100000,0x000000b9d3200000)]
  0x00000283ee1be000 JavaThread "Unconstrained build operations Thread 27" [_thread_blocked, id=12364, stack(0x000000b9d3200000,0x000000b9d3300000)]
  0x00000283ee1bc800 JavaThread "Unconstrained build operations Thread 28" [_thread_blocked, id=14572, stack(0x000000b9d3300000,0x000000b9d3400000)]
  0x00000283ee1bb800 JavaThread "Unconstrained build operations Thread 29" [_thread_blocked, id=9956, stack(0x000000b9d3400000,0x000000b9d3500000)]
  0x00000283ee1bd800 JavaThread "Unconstrained build operations Thread 30" [_thread_blocked, id=1200, stack(0x000000b9d3500000,0x000000b9d3600000)]
  0x00000283ee1bf000 JavaThread "Unconstrained build operations Thread 31" [_thread_blocked, id=2636, stack(0x000000b9d3600000,0x000000b9d3700000)]
  0x00000283ee1b9000 JavaThread "Unconstrained build operations Thread 32" [_thread_blocked, id=15424, stack(0x000000b9d3700000,0x000000b9d3800000)]
  0x00000283ee1bf800 JavaThread "Unconstrained build operations Thread 33" [_thread_blocked, id=16352, stack(0x000000b9d3800000,0x000000b9d3900000)]
  0x00000283ee1ba000 JavaThread "Unconstrained build operations Thread 34" [_thread_blocked, id=12468, stack(0x000000b9d3900000,0x000000b9d3a00000)]
  0x00000283ee1bb000 JavaThread "Unconstrained build operations Thread 35" [_thread_blocked, id=10204, stack(0x000000b9d3a00000,0x000000b9d3b00000)]
  0x00000283ee1c4800 JavaThread "Unconstrained build operations Thread 36" [_thread_blocked, id=1540, stack(0x000000b9d3b00000,0x000000b9d3c00000)]
  0x00000283ee1c4000 JavaThread "Unconstrained build operations Thread 37" [_thread_blocked, id=6752, stack(0x000000b9d3c00000,0x000000b9d3d00000)]
  0x00000283ee1c5800 JavaThread "Unconstrained build operations Thread 38" [_thread_blocked, id=13512, stack(0x000000b9d3d00000,0x000000b9d3e00000)]
  0x00000283ee1c6800 JavaThread "Unconstrained build operations Thread 39" [_thread_blocked, id=9900, stack(0x000000b9d3e00000,0x000000b9d3f00000)]
  0x00000283ee1c0800 JavaThread "Unconstrained build operations Thread 40" [_thread_blocked, id=2816, stack(0x000000b9d3f00000,0x000000b9d4000000)]

Other Threads:
  0x00000283eafc2800 VMThread "VM Thread" [stack: 0x000000b9cee00000,0x000000b9cef00000] [id=14364]
  0x00000283ebfb8800 WatcherThread [stack: 0x000000b9cf900000,0x000000b9cfa00000] [id=16228]
  0x00000283d13d4800 GCTaskThread "GC Thread#0" [stack: 0x000000b9ce900000,0x000000b9cea00000] [id=13164]
  0x00000283ec60f000 GCTaskThread "GC Thread#1" [stack: 0x000000b9cfa00000,0x000000b9cfb00000] [id=1224]
  0x00000283ebc68800 GCTaskThread "GC Thread#2" [stack: 0x000000b9cfb00000,0x000000b9cfc00000] [id=11184]
  0x00000283ee978800 GCTaskThread "GC Thread#3" [stack: 0x000000b9d0600000,0x000000b9d0700000] [id=14652]
  0x00000283d1400800 ConcurrentGCThread "G1 Main Marker" [stack: 0x000000b9cea00000,0x000000b9ceb00000] [id=6560]
  0x00000283d1402000 ConcurrentGCThread "G1 Conc#0" [stack: 0x000000b9ceb00000,0x000000b9cec00000] [id=12760]
  0x00000283d1480800 ConcurrentGCThread "G1 Refine#0" [stack: 0x000000b9cec00000,0x000000b9ced00000] [id=6152]
  0x00000283eae20800 ConcurrentGCThread "G1 Young RemSet Sampling" [stack: 0x000000b9ced00000,0x000000b9cee00000] [id=13156]

Threads with active compile tasks:
C2 CompilerThread0    18813 6322       4       org.objectweb.asm.Frame::execute (2318 bytes)
C2 CompilerThread1    18813 6286       4       com.android.tools.tracer.agent.objectweb.asm.AnnotationWriter::visit (935 bytes)

VM state:not at safepoint (normal execution)

VM Mutex/Monitor currently owned by a thread: None

Heap address: 0x0000000080000000, size: 2048 MB, Compressed Oops mode: 32-bit
Narrow klass base: 0x0000000000000000, Narrow klass shift: 3
Compressed class space size: 1073741824 Address: 0x0000000100000000

Heap:
 garbage-first heap   total 189440K, used 80664K [0x0000000080000000, 0x0000000100000000)
  region size 1024K, 51 young (52224K), 9 survivors (9216K)
 Metaspace       used 52423K, capacity 53985K, committed 54016K, reserved 1095680K
  class space    used 6613K, capacity 7164K, committed 7168K, reserved 1048576K
Heap Regions: E=young(eden), S=young(survivor), O=old, HS=humongous(starts), HC=humongous(continues), CS=collection set, F=free, A=archive, TAMS=top-at-mark-start (previous, next)
|   0|0x0000000080000000, 0x0000000080100000, 0x0000000080100000|100%| O|  |TAMS 0x0000000080100000, 0x0000000080000000| Untracked 
|   1|0x0000000080100000, 0x0000000080200000, 0x0000000080200000|100%| O|  |TAMS 0x0000000080200000, 0x0000000080100000| Untracked 
|   2|0x0000000080200000, 0x0000000080300000, 0x0000000080300000|100%| O|  |TAMS 0x0000000080300000, 0x0000000080200000| Untracked 
|   3|0x0000000080300000, 0x0000000080400000, 0x0000000080400000|100%|HS|  |TAMS 0x0000000080400000, 0x0000000080300000| Complete 
|   4|0x0000000080400000, 0x0000000080500000, 0x0000000080500000|100%|HC|  |TAMS 0x0000000080500000, 0x0000000080400000| Complete 
|   5|0x0000000080500000, 0x0000000080600000, 0x0000000080600000|100%|HC|  |TAMS 0x0000000080600000, 0x0000000080500000| Complete 
|   6|0x0000000080600000, 0x0000000080700000, 0x0000000080700000|100%| O|  |TAMS 0x0000000080700000, 0x0000000080600000| Untracked 
|   7|0x0000000080700000, 0x0000000080800000, 0x0000000080800000|100%| O|  |TAMS 0x0000000080800000, 0x0000000080700000| Untracked 
|   8|0x0000000080800000, 0x0000000080900000, 0x0000000080900000|100%| O|  |TAMS 0x0000000080900000, 0x0000000080800000| Untracked 
|   9|0x0000000080900000, 0x0000000080a00000, 0x0000000080a00000|100%| O|  |TAMS 0x0000000080a00000, 0x0000000080900000| Untracked 
|  10|0x0000000080a00000, 0x0000000080b00000, 0x0000000080b00000|100%| O|  |TAMS 0x0000000080b00000, 0x0000000080a00000| Untracked 
|  11|0x0000000080b00000, 0x0000000080c00000, 0x0000000080c00000|100%| O|  |TAMS 0x0000000080c00000, 0x0000000080b00000| Untracked 
|  12|0x0000000080c00000, 0x0000000080d00000, 0x0000000080d00000|100%| O|  |TAMS 0x0000000080d00000, 0x0000000080c00000| Untracked 
|  13|0x0000000080d00000, 0x0000000080e00000, 0x0000000080e00000|100%| O|  |TAMS 0x0000000080e00000, 0x0000000080d00000| Untracked 
|  14|0x0000000080e00000, 0x0000000080f00000, 0x0000000080f00000|100%| O|  |TAMS 0x0000000080f00000, 0x0000000080e00000| Untracked 
|  15|0x0000000080f00000, 0x0000000081000000, 0x0000000081000000|100%| O|  |TAMS 0x0000000081000000, 0x0000000080f00000| Untracked 
|  16|0x0000000081000000, 0x0000000081100000, 0x0000000081100000|100%| O|  |TAMS 0x000000008104a000, 0x0000000081000000| Untracked 
|  17|0x0000000081100000, 0x0000000081200000, 0x0000000081200000|100%| O|  |TAMS 0x0000000081100000, 0x0000000081100000| Untracked 
|  18|0x0000000081200000, 0x0000000081300000, 0x0000000081300000|100%| O|  |TAMS 0x0000000081200000, 0x0000000081200000| Untracked 
|  19|0x0000000081300000, 0x0000000081400000, 0x0000000081400000|100%| O|  |TAMS 0x0000000081300000, 0x0000000081300000| Untracked 
|  20|0x0000000081400000, 0x0000000081500000, 0x0000000081500000|100%| O|  |TAMS 0x0000000081400000, 0x0000000081400000| Untracked 
|  21|0x0000000081500000, 0x0000000081600000, 0x0000000081600000|100%|HS|  |TAMS 0x0000000081500000, 0x0000000081500000| Complete 
|  22|0x0000000081600000, 0x0000000081700000, 0x0000000081700000|100%|HS|  |TAMS 0x0000000081600000, 0x0000000081600000| Complete 
|  23|0x0000000081700000, 0x0000000081800000, 0x0000000081800000|100%|HS|  |TAMS 0x0000000081700000, 0x0000000081700000| Complete 
|  24|0x0000000081800000, 0x0000000081900000, 0x0000000081900000|100%| O|  |TAMS 0x0000000081800000, 0x0000000081800000| Untracked 
|  25|0x0000000081900000, 0x0000000081a00000, 0x0000000081a00000|100%| O|  |TAMS 0x0000000081900000, 0x0000000081900000| Untracked 
|  26|0x0000000081a00000, 0x0000000081b00000, 0x0000000081b00000|100%| O|  |TAMS 0x0000000081a00000, 0x0000000081a00000| Untracked 
|  27|0x0000000081b00000, 0x0000000081c00000, 0x0000000081c00000|100%| O|  |TAMS 0x0000000081b00000, 0x0000000081b00000| Untracked 
|  28|0x0000000081c00000, 0x0000000081d00000, 0x0000000081d00000|100%| O|  |TAMS 0x0000000081c00000, 0x0000000081c00000| Untracked 
|  29|0x0000000081d00000, 0x0000000081dc6000, 0x0000000081e00000| 77%| O|  |TAMS 0x0000000081d00000, 0x0000000081d00000| Untracked 
|  30|0x0000000081e00000, 0x0000000081e00000, 0x0000000081f00000|  0%| F|  |TAMS 0x0000000081e00000, 0x0000000081e00000| Untracked 
|  31|0x0000000081f00000, 0x0000000081f00000, 0x0000000082000000|  0%| F|  |TAMS 0x0000000081f00000, 0x0000000081f00000| Untracked 
|  32|0x0000000082000000, 0x0000000082000000, 0x0000000082100000|  0%| F|  |TAMS 0x0000000082000000, 0x0000000082000000| Untracked 
|  33|0x0000000082100000, 0x0000000082100000, 0x0000000082200000|  0%| F|  |TAMS 0x0000000082100000, 0x0000000082100000| Untracked 
|  34|0x0000000082200000, 0x0000000082200000, 0x0000000082300000|  0%| F|  |TAMS 0x0000000082200000, 0x0000000082200000| Untracked 
|  35|0x0000000082300000, 0x0000000082300000, 0x0000000082400000|  0%| F|  |TAMS 0x0000000082300000, 0x0000000082300000| Untracked 
|  36|0x0000000082400000, 0x0000000082400000, 0x0000000082500000|  0%| F|  |TAMS 0x0000000082400000, 0x0000000082400000| Untracked 
|  37|0x0000000082500000, 0x0000000082500000, 0x0000000082600000|  0%| F|  |TAMS 0x0000000082500000, 0x0000000082500000| Untracked 
|  38|0x0000000082600000, 0x0000000082600000, 0x0000000082700000|  0%| F|  |TAMS 0x0000000082600000, 0x0000000082600000| Untracked 
|  39|0x0000000082700000, 0x0000000082700000, 0x0000000082800000|  0%| F|  |TAMS 0x0000000082700000, 0x0000000082700000| Untracked 
|  40|0x0000000082800000, 0x0000000082800000, 0x0000000082900000|  0%| F|  |TAMS 0x0000000082800000, 0x0000000082800000| Untracked 
|  41|0x0000000082900000, 0x0000000082900000, 0x0000000082a00000|  0%| F|  |TAMS 0x0000000082900000, 0x0000000082900000| Untracked 
|  42|0x0000000082a00000, 0x0000000082a00000, 0x0000000082b00000|  0%| F|  |TAMS 0x0000000082a00000, 0x0000000082a00000| Untracked 
|  43|0x0000000082b00000, 0x0000000082b00000, 0x0000000082c00000|  0%| F|  |TAMS 0x0000000082b00000, 0x0000000082b00000| Untracked 
|  44|0x0000000082c00000, 0x0000000082c00000, 0x0000000082d00000|  0%| F|  |TAMS 0x0000000082c00000, 0x0000000082c00000| Untracked 
|  45|0x0000000082d00000, 0x0000000082d00000, 0x0000000082e00000|  0%| F|  |TAMS 0x0000000082d00000, 0x0000000082d00000| Untracked 
|  46|0x0000000082e00000, 0x0000000082e00000, 0x0000000082f00000|  0%| F|  |TAMS 0x0000000082e00000, 0x0000000082e00000| Untracked 
|  47|0x0000000082f00000, 0x0000000082f00000, 0x0000000083000000|  0%| F|  |TAMS 0x0000000082f00000, 0x0000000082f00000| Untracked 
|  48|0x0000000083000000, 0x0000000083000000, 0x0000000083100000|  0%| F|  |TAMS 0x0000000083000000, 0x0000000083000000| Untracked 
|  49|0x0000000083100000, 0x0000000083100000, 0x0000000083200000|  0%| F|  |TAMS 0x0000000083100000, 0x0000000083100000| Untracked 
|  50|0x0000000083200000, 0x0000000083200000, 0x0000000083300000|  0%| F|  |TAMS 0x0000000083200000, 0x0000000083200000| Untracked 
|  51|0x0000000083300000, 0x0000000083300000, 0x0000000083400000|  0%| F|  |TAMS 0x0000000083300000, 0x0000000083300000| Untracked 
|  52|0x0000000083400000, 0x0000000083400000, 0x0000000083500000|  0%| F|  |TAMS 0x0000000083400000, 0x0000000083400000| Untracked 
|  53|0x0000000083500000, 0x0000000083600000, 0x0000000083600000|100%| S|CS|TAMS 0x0000000083500000, 0x0000000083500000| Complete 
|  54|0x0000000083600000, 0x0000000083700000, 0x0000000083700000|100%| S|CS|TAMS 0x0000000083600000, 0x0000000083600000| Complete 
|  55|0x0000000083700000, 0x0000000083800000, 0x0000000083800000|100%| S|CS|TAMS 0x0000000083700000, 0x0000000083700000| Complete 
|  56|0x0000000083800000, 0x0000000083900000, 0x0000000083900000|100%| S|CS|TAMS 0x0000000083800000, 0x0000000083800000| Complete 
|  57|0x0000000083900000, 0x0000000083a00000, 0x0000000083a00000|100%| S|CS|TAMS 0x0000000083900000, 0x0000000083900000| Complete 
|  58|0x0000000083a00000, 0x0000000083b00000, 0x0000000083b00000|100%| S|CS|TAMS 0x0000000083a00000, 0x0000000083a00000| Complete 
|  59|0x0000000083b00000, 0x0000000083c00000, 0x0000000083c00000|100%| S|CS|TAMS 0x0000000083b00000, 0x0000000083b00000| Complete 
|  60|0x0000000083c00000, 0x0000000083d00000, 0x0000000083d00000|100%| S|CS|TAMS 0x0000000083c00000, 0x0000000083c00000| Complete 
|  61|0x0000000083d00000, 0x0000000083e00000, 0x0000000083e00000|100%| S|CS|TAMS 0x0000000083d00000, 0x0000000083d00000| Complete 
|  62|0x0000000083e00000, 0x0000000083e00000, 0x0000000083f00000|  0%| F|  |TAMS 0x0000000083e00000, 0x0000000083e00000| Untracked 
|  63|0x0000000083f00000, 0x0000000083f00000, 0x0000000084000000|  0%| F|  |TAMS 0x0000000083f00000, 0x0000000083f00000| Untracked 
|  64|0x0000000084000000, 0x0000000084000000, 0x0000000084100000|  0%| F|  |TAMS 0x0000000084000000, 0x0000000084000000| Untracked 
|  65|0x0000000084100000, 0x0000000084100000, 0x0000000084200000|  0%| F|  |TAMS 0x0000000084100000, 0x0000000084100000| Untracked 
|  66|0x0000000084200000, 0x0000000084200000, 0x0000000084300000|  0%| F|  |TAMS 0x0000000084200000, 0x0000000084200000| Untracked 
|  67|0x0000000084300000, 0x0000000084300000, 0x0000000084400000|  0%| F|  |TAMS 0x0000000084300000, 0x0000000084300000| Untracked 
|  68|0x0000000084400000, 0x0000000084400000, 0x0000000084500000|  0%| F|  |TAMS 0x0000000084400000, 0x0000000084400000| Untracked 
|  69|0x0000000084500000, 0x0000000084500000, 0x0000000084600000|  0%| F|  |TAMS 0x0000000084500000, 0x0000000084500000| Untracked 
|  70|0x0000000084600000, 0x0000000084600000, 0x0000000084700000|  0%| F|  |TAMS 0x0000000084600000, 0x0000000084600000| Untracked 
|  71|0x0000000084700000, 0x0000000084700000, 0x0000000084800000|  0%| F|  |TAMS 0x0000000084700000, 0x0000000084700000| Untracked 
|  72|0x0000000084800000, 0x0000000084800000, 0x0000000084900000|  0%| F|  |TAMS 0x0000000084800000, 0x0000000084800000| Untracked 
|  73|0x0000000084900000, 0x0000000084900000, 0x0000000084a00000|  0%| F|  |TAMS 0x0000000084900000, 0x0000000084900000| Untracked 
|  74|0x0000000084a00000, 0x0000000084a00000, 0x0000000084b00000|  0%| F|  |TAMS 0x0000000084a00000, 0x0000000084a00000| Untracked 
|  75|0x0000000084b00000, 0x0000000084b00000, 0x0000000084c00000|  0%| F|  |TAMS 0x0000000084b00000, 0x0000000084b00000| Untracked 
|  76|0x0000000084c00000, 0x0000000084c00000, 0x0000000084d00000|  0%| F|  |TAMS 0x0000000084c00000, 0x0000000084c00000| Untracked 
|  77|0x0000000084d00000, 0x0000000084d00000, 0x0000000084e00000|  0%| F|  |TAMS 0x0000000084d00000, 0x0000000084d00000| Untracked 
|  78|0x0000000084e00000, 0x0000000084e00000, 0x0000000084f00000|  0%| F|  |TAMS 0x0000000084e00000, 0x0000000084e00000| Untracked 
|  79|0x0000000084f00000, 0x0000000084f00000, 0x0000000085000000|  0%| F|  |TAMS 0x0000000084f00000, 0x0000000084f00000| Untracked 
|  80|0x0000000085000000, 0x0000000085000000, 0x0000000085100000|  0%| F|  |TAMS 0x0000000085000000, 0x0000000085000000| Untracked 
|  81|0x0000000085100000, 0x0000000085100000, 0x0000000085200000|  0%| F|  |TAMS 0x0000000085100000, 0x0000000085100000| Untracked 
|  82|0x0000000085200000, 0x0000000085200000, 0x0000000085300000|  0%| F|  |TAMS 0x0000000085200000, 0x0000000085200000| Untracked 
|  83|0x0000000085300000, 0x0000000085300000, 0x0000000085400000|  0%| F|  |TAMS 0x0000000085300000, 0x0000000085300000| Untracked 
|  84|0x0000000085400000, 0x0000000085400000, 0x0000000085500000|  0%| F|  |TAMS 0x0000000085400000, 0x0000000085400000| Untracked 
|  85|0x0000000085500000, 0x0000000085500000, 0x0000000085600000|  0%| F|  |TAMS 0x0000000085500000, 0x0000000085500000| Untracked 
|  86|0x0000000085600000, 0x0000000085600000, 0x0000000085700000|  0%| F|  |TAMS 0x0000000085600000, 0x0000000085600000| Untracked 
|  87|0x0000000085700000, 0x0000000085700000, 0x0000000085800000|  0%| F|  |TAMS 0x0000000085700000, 0x0000000085700000| Untracked 
|  88|0x0000000085800000, 0x0000000085800000, 0x0000000085900000|  0%| F|  |TAMS 0x0000000085800000, 0x0000000085800000| Untracked 
|  89|0x0000000085900000, 0x0000000085900000, 0x0000000085a00000|  0%| F|  |TAMS 0x0000000085900000, 0x0000000085900000| Untracked 
|  90|0x0000000085a00000, 0x0000000085a00000, 0x0000000085b00000|  0%| F|  |TAMS 0x0000000085a00000, 0x0000000085a00000| Untracked 
|  91|0x0000000085b00000, 0x0000000085b00000, 0x0000000085c00000|  0%| F|  |TAMS 0x0000000085b00000, 0x0000000085b00000| Untracked 
|  92|0x0000000085c00000, 0x0000000085c00000, 0x0000000085d00000|  0%| F|  |TAMS 0x0000000085c00000, 0x0000000085c00000| Untracked 
|  93|0x0000000085d00000, 0x0000000085d00000, 0x0000000085e00000|  0%| F|  |TAMS 0x0000000085d00000, 0x0000000085d00000| Untracked 
|  94|0x0000000085e00000, 0x0000000085e00000, 0x0000000085f00000|  0%| F|  |TAMS 0x0000000085e00000, 0x0000000085e00000| Untracked 
|  95|0x0000000085f00000, 0x0000000085f00000, 0x0000000086000000|  0%| F|  |TAMS 0x0000000085f00000, 0x0000000085f00000| Untracked 
|  96|0x0000000086000000, 0x0000000086000000, 0x0000000086100000|  0%| F|  |TAMS 0x0000000086000000, 0x0000000086000000| Untracked 
|  97|0x0000000086100000, 0x0000000086100000, 0x0000000086200000|  0%| F|  |TAMS 0x0000000086100000, 0x0000000086100000| Untracked 
|  98|0x0000000086200000, 0x0000000086200000, 0x0000000086300000|  0%| F|  |TAMS 0x0000000086200000, 0x0000000086200000| Untracked 
|  99|0x0000000086300000, 0x0000000086300000, 0x0000000086400000|  0%| F|  |TAMS 0x0000000086300000, 0x0000000086300000| Untracked 
| 100|0x0000000086400000, 0x0000000086400000, 0x0000000086500000|  0%| F|  |TAMS 0x0000000086400000, 0x0000000086400000| Untracked 
| 101|0x0000000086500000, 0x0000000086500000, 0x0000000086600000|  0%| F|  |TAMS 0x0000000086500000, 0x0000000086500000| Untracked 
| 102|0x0000000086600000, 0x0000000086600000, 0x0000000086700000|  0%| F|  |TAMS 0x0000000086600000, 0x0000000086600000| Untracked 
| 103|0x0000000086700000, 0x0000000086700000, 0x0000000086800000|  0%| F|  |TAMS 0x0000000086700000, 0x0000000086700000| Untracked 
| 104|0x0000000086800000, 0x0000000086800000, 0x0000000086900000|  0%| F|  |TAMS 0x0000000086800000, 0x0000000086800000| Untracked 
| 105|0x0000000086900000, 0x0000000086900000, 0x0000000086a00000|  0%| F|  |TAMS 0x0000000086900000, 0x0000000086900000| Untracked 
| 106|0x0000000086a00000, 0x0000000086a00000, 0x0000000086b00000|  0%| F|  |TAMS 0x0000000086a00000, 0x0000000086a00000| Untracked 
| 107|0x0000000086b00000, 0x0000000086b00000, 0x0000000086c00000|  0%| F|  |TAMS 0x0000000086b00000, 0x0000000086b00000| Untracked 
| 108|0x0000000086c00000, 0x0000000086c00000, 0x0000000086d00000|  0%| F|  |TAMS 0x0000000086c00000, 0x0000000086c00000| Untracked 
| 109|0x0000000086d00000, 0x0000000086d00000, 0x0000000086e00000|  0%| F|  |TAMS 0x0000000086d00000, 0x0000000086d00000| Untracked 
| 110|0x0000000086e00000, 0x0000000086e00000, 0x0000000086f00000|  0%| F|  |TAMS 0x0000000086e00000, 0x0000000086e00000| Untracked 
| 111|0x0000000086f00000, 0x0000000086f00000, 0x0000000087000000|  0%| F|  |TAMS 0x0000000086f00000, 0x0000000086f00000| Untracked 
| 112|0x0000000087000000, 0x0000000087000000, 0x0000000087100000|  0%| F|  |TAMS 0x0000000087000000, 0x0000000087000000| Untracked 
| 113|0x0000000087100000, 0x0000000087100000, 0x0000000087200000|  0%| F|  |TAMS 0x0000000087100000, 0x0000000087100000| Untracked 
| 114|0x0000000087200000, 0x0000000087200000, 0x0000000087300000|  0%| F|  |TAMS 0x0000000087200000, 0x0000000087200000| Untracked 
| 115|0x0000000087300000, 0x0000000087300000, 0x0000000087400000|  0%| F|  |TAMS 0x0000000087300000, 0x0000000087300000| Untracked 
| 116|0x0000000087400000, 0x0000000087400000, 0x0000000087500000|  0%| F|  |TAMS 0x0000000087400000, 0x0000000087400000| Untracked 
| 117|0x0000000087500000, 0x0000000087500000, 0x0000000087600000|  0%| F|  |TAMS 0x0000000087500000, 0x0000000087500000| Untracked 
| 118|0x0000000087600000, 0x0000000087600000, 0x0000000087700000|  0%| F|  |TAMS 0x0000000087600000, 0x0000000087600000| Untracked 
| 119|0x0000000087700000, 0x0000000087700000, 0x0000000087800000|  0%| F|  |TAMS 0x0000000087700000, 0x0000000087700000| Untracked 
| 120|0x0000000087800000, 0x0000000087800000, 0x0000000087900000|  0%| F|  |TAMS 0x0000000087800000, 0x0000000087800000| Untracked 
| 121|0x0000000087900000, 0x0000000087900000, 0x0000000087a00000|  0%| F|  |TAMS 0x0000000087900000, 0x0000000087900000| Untracked 
| 122|0x0000000087a00000, 0x0000000087a00000, 0x0000000087b00000|  0%| F|  |TAMS 0x0000000087a00000, 0x0000000087a00000| Untracked 
| 123|0x0000000087b00000, 0x0000000087b00000, 0x0000000087c00000|  0%| F|  |TAMS 0x0000000087b00000, 0x0000000087b00000| Untracked 
| 124|0x0000000087c00000, 0x0000000087c00000, 0x0000000087d00000|  0%| F|  |TAMS 0x0000000087c00000, 0x0000000087c00000| Untracked 
| 125|0x0000000087d00000, 0x0000000087d00000, 0x0000000087e00000|  0%| F|  |TAMS 0x0000000087d00000, 0x0000000087d00000| Untracked 
| 126|0x0000000087e00000, 0x0000000087e00000, 0x0000000087f00000|  0%| F|  |TAMS 0x0000000087e00000, 0x0000000087e00000| Untracked 
| 127|0x0000000087f00000, 0x0000000087f00000, 0x0000000088000000|  0%| F|  |TAMS 0x0000000087f00000, 0x0000000087f00000| Untracked 
| 128|0x0000000088000000, 0x0000000088000000, 0x0000000088100000|  0%| F|  |TAMS 0x0000000088000000, 0x0000000088000000| Untracked 
| 129|0x0000000088100000, 0x0000000088100000, 0x0000000088200000|  0%| F|  |TAMS 0x0000000088100000, 0x0000000088100000| Untracked 
| 130|0x0000000088200000, 0x0000000088200000, 0x0000000088300000|  0%| F|  |TAMS 0x0000000088200000, 0x0000000088200000| Untracked 
| 131|0x0000000088300000, 0x0000000088300000, 0x0000000088400000|  0%| F|  |TAMS 0x0000000088300000, 0x0000000088300000| Untracked 
| 132|0x0000000088400000, 0x0000000088400000, 0x0000000088500000|  0%| F|  |TAMS 0x0000000088400000, 0x0000000088400000| Untracked 
| 133|0x0000000088500000, 0x0000000088500000, 0x0000000088600000|  0%| F|  |TAMS 0x0000000088500000, 0x0000000088500000| Untracked 
| 134|0x0000000088600000, 0x0000000088600000, 0x0000000088700000|  0%| F|  |TAMS 0x0000000088600000, 0x0000000088600000| Untracked 
| 135|0x0000000088700000, 0x0000000088700000, 0x0000000088800000|  0%| F|  |TAMS 0x0000000088700000, 0x0000000088700000| Untracked 
| 136|0x0000000088800000, 0x0000000088800000, 0x0000000088900000|  0%| F|  |TAMS 0x0000000088800000, 0x0000000088800000| Untracked 
| 137|0x0000000088900000, 0x0000000088900000, 0x0000000088a00000|  0%| F|  |TAMS 0x0000000088900000, 0x0000000088900000| Untracked 
| 138|0x0000000088a00000, 0x0000000088a00000, 0x0000000088b00000|  0%| F|  |TAMS 0x0000000088a00000, 0x0000000088a00000| Untracked 
| 139|0x0000000088b00000, 0x0000000088b00000, 0x0000000088c00000|  0%| F|  |TAMS 0x0000000088b00000, 0x0000000088b00000| Untracked 
| 140|0x0000000088c00000, 0x0000000088c00000, 0x0000000088d00000|  0%| F|  |TAMS 0x0000000088c00000, 0x0000000088c00000| Untracked 
| 141|0x0000000088d00000, 0x0000000088d00000, 0x0000000088e00000|  0%| F|  |TAMS 0x0000000088d00000, 0x0000000088d00000| Untracked 
| 142|0x0000000088e00000, 0x0000000088e80800, 0x0000000088f00000| 50%| E|  |TAMS 0x0000000088e00000, 0x0000000088e00000| Complete 
| 143|0x0000000088f00000, 0x0000000089000000, 0x0000000089000000|100%| E|CS|TAMS 0x0000000088f00000, 0x0000000088f00000| Complete 
| 144|0x0000000089000000, 0x0000000089100000, 0x0000000089100000|100%| E|CS|TAMS 0x0000000089000000, 0x0000000089000000| Complete 
| 145|0x0000000089100000, 0x0000000089200000, 0x0000000089200000|100%| E|CS|TAMS 0x0000000089100000, 0x0000000089100000| Complete 
| 146|0x0000000089200000, 0x0000000089300000, 0x0000000089300000|100%| E|CS|TAMS 0x0000000089200000, 0x0000000089200000| Complete 
| 147|0x0000000089300000, 0x0000000089400000, 0x0000000089400000|100%| E|CS|TAMS 0x0000000089300000, 0x0000000089300000| Complete 
| 148|0x0000000089400000, 0x0000000089500000, 0x0000000089500000|100%| E|CS|TAMS 0x0000000089400000, 0x0000000089400000| Complete 
| 149|0x0000000089500000, 0x0000000089600000, 0x0000000089600000|100%| E|CS|TAMS 0x0000000089500000, 0x0000000089500000| Complete 
| 150|0x0000000089600000, 0x0000000089700000, 0x0000000089700000|100%| E|CS|TAMS 0x0000000089600000, 0x0000000089600000| Complete 
| 151|0x0000000089700000, 0x0000000089800000, 0x0000000089800000|100%| E|CS|TAMS 0x0000000089700000, 0x0000000089700000| Complete 
| 152|0x0000000089800000, 0x0000000089900000, 0x0000000089900000|100%| E|CS|TAMS 0x0000000089800000, 0x0000000089800000| Complete 
| 153|0x0000000089900000, 0x0000000089a00000, 0x0000000089a00000|100%| E|CS|TAMS 0x0000000089900000, 0x0000000089900000| Complete 
| 154|0x0000000089a00000, 0x0000000089b00000, 0x0000000089b00000|100%| E|CS|TAMS 0x0000000089a00000, 0x0000000089a00000| Complete 
| 155|0x0000000089b00000, 0x0000000089c00000, 0x0000000089c00000|100%| E|CS|TAMS 0x0000000089b00000, 0x0000000089b00000| Complete 
| 156|0x0000000089c00000, 0x0000000089d00000, 0x0000000089d00000|100%| E|CS|TAMS 0x0000000089c00000, 0x0000000089c00000| Complete 
| 157|0x0000000089d00000, 0x0000000089e00000, 0x0000000089e00000|100%| E|CS|TAMS 0x0000000089d00000, 0x0000000089d00000| Complete 
| 158|0x0000000089e00000, 0x0000000089f00000, 0x0000000089f00000|100%| E|CS|TAMS 0x0000000089e00000, 0x0000000089e00000| Complete 
| 159|0x0000000089f00000, 0x000000008a000000, 0x000000008a000000|100%| E|CS|TAMS 0x0000000089f00000, 0x0000000089f00000| Complete 
| 160|0x000000008a000000, 0x000000008a100000, 0x000000008a100000|100%| E|CS|TAMS 0x000000008a000000, 0x000000008a000000| Complete 
| 161|0x000000008a100000, 0x000000008a200000, 0x000000008a200000|100%| E|CS|TAMS 0x000000008a100000, 0x000000008a100000| Complete 
| 162|0x000000008a200000, 0x000000008a300000, 0x000000008a300000|100%| E|CS|TAMS 0x000000008a200000, 0x000000008a200000| Complete 
| 163|0x000000008a300000, 0x000000008a400000, 0x000000008a400000|100%| E|CS|TAMS 0x000000008a300000, 0x000000008a300000| Complete 
| 164|0x000000008a400000, 0x000000008a500000, 0x000000008a500000|100%| E|CS|TAMS 0x000000008a400000, 0x000000008a400000| Complete 
| 165|0x000000008a500000, 0x000000008a600000, 0x000000008a600000|100%| E|CS|TAMS 0x000000008a500000, 0x000000008a500000| Complete 
| 166|0x000000008a600000, 0x000000008a700000, 0x000000008a700000|100%| E|CS|TAMS 0x000000008a600000, 0x000000008a600000| Complete 
| 167|0x000000008a700000, 0x000000008a800000, 0x000000008a800000|100%| E|CS|TAMS 0x000000008a700000, 0x000000008a700000| Complete 
| 168|0x000000008a800000, 0x000000008a900000, 0x000000008a900000|100%| E|CS|TAMS 0x000000008a800000, 0x000000008a800000| Complete 
| 169|0x000000008a900000, 0x000000008aa00000, 0x000000008aa00000|100%| E|CS|TAMS 0x000000008a900000, 0x000000008a900000| Complete 
| 170|0x000000008aa00000, 0x000000008ab00000, 0x000000008ab00000|100%| E|CS|TAMS 0x000000008aa00000, 0x000000008aa00000| Complete 
| 171|0x000000008ab00000, 0x000000008ac00000, 0x000000008ac00000|100%| E|CS|TAMS 0x000000008ab00000, 0x000000008ab00000| Complete 
| 172|0x000000008ac00000, 0x000000008ad00000, 0x000000008ad00000|100%| E|CS|TAMS 0x000000008ac00000, 0x000000008ac00000| Complete 
| 173|0x000000008ad00000, 0x000000008ae00000, 0x000000008ae00000|100%| E|CS|TAMS 0x000000008ad00000, 0x000000008ad00000| Complete 
| 174|0x000000008ae00000, 0x000000008af00000, 0x000000008af00000|100%| E|CS|TAMS 0x000000008ae00000, 0x000000008ae00000| Complete 
| 175|0x000000008af00000, 0x000000008b000000, 0x000000008b000000|100%| E|CS|TAMS 0x000000008af00000, 0x000000008af00000| Complete 
| 176|0x000000008b000000, 0x000000008b100000, 0x000000008b100000|100%| E|CS|TAMS 0x000000008b000000, 0x000000008b000000| Complete 
| 177|0x000000008b100000, 0x000000008b200000, 0x000000008b200000|100%| E|CS|TAMS 0x000000008b100000, 0x000000008b100000| Complete 
| 178|0x000000008b200000, 0x000000008b300000, 0x000000008b300000|100%| E|CS|TAMS 0x000000008b200000, 0x000000008b200000| Complete 
| 179|0x000000008b300000, 0x000000008b400000, 0x000000008b400000|100%| E|CS|TAMS 0x000000008b300000, 0x000000008b300000| Complete 
| 180|0x000000008b400000, 0x000000008b500000, 0x000000008b500000|100%| E|CS|TAMS 0x000000008b400000, 0x000000008b400000| Complete 
| 181|0x000000008b500000, 0x000000008b600000, 0x000000008b600000|100%| E|CS|TAMS 0x000000008b500000, 0x000000008b500000| Complete 
| 182|0x000000008b600000, 0x000000008b700000, 0x000000008b700000|100%| E|  |TAMS 0x000000008b600000, 0x000000008b600000| Complete 
| 183|0x000000008b700000, 0x000000008b800000, 0x000000008b800000|100%| E|CS|TAMS 0x000000008b700000, 0x000000008b700000| Complete 
| 184|0x000000008b800000, 0x000000008b900000, 0x000000008b900000|100%| E|CS|TAMS 0x000000008b800000, 0x000000008b800000| Complete 

Card table byte_map: [0x00000283e42e0000,0x00000283e46e0000] _byte_map_base: 0x00000283e3ee0000

Marking Bits (Prev, Next): (CMBitMap*) 0x00000283cf38e818, (CMBitMap*) 0x00000283cf38e850
 Prev Bits: [0x00000283e4ae0000, 0x00000283e6ae0000)
 Next Bits: [0x00000283e6ae0000, 0x00000283e8ae0000)

Polling page: 0x00000283cf3a0000

Metaspace:

Usage:
  Non-class:     45.72 MB capacity,    44.77 MB ( 98%) used,   834.47 KB (  2%) free+waste,   146.06 KB ( <1%) overhead. 
      Class:      7.00 MB capacity,     6.46 MB ( 92%) used,   475.23 KB (  7%) free+waste,    70.00 KB ( <1%) overhead. 
       Both:     52.72 MB capacity,    51.23 MB ( 97%) used,     1.28 MB (  2%) free+waste,   216.06 KB ( <1%) overhead. 

Virtual space:
  Non-class space:       46.00 MB reserved,      45.75 MB (>99%) committed 
      Class space:        1.00 GB reserved,       7.00 MB ( <1%) committed 
             Both:        1.04 GB reserved,      52.75 MB (  5%) committed 

Chunk freelists:
   Non-Class:  27.00 KB
       Class:  4.00 KB
        Both:  31.00 KB

MaxMetaspaceSize: 17179869184.00 GB
CompressedClassSpaceSize: 1.00 GB
Initial GC threshold: 20.80 MB
Current GC threshold: 58.75 MB
CDS: off

CodeHeap 'non-profiled nmethods': size=120064Kb used=4299Kb max_used=4299Kb free=115764Kb
 bounds [0x00000283dc9a0000, 0x00000283dcde0000, 0x00000283e3ee0000]
CodeHeap 'profiled nmethods': size=120000Kb used=13195Kb max_used=13195Kb free=106804Kb
 bounds [0x00000283d5470000, 0x00000283d6160000, 0x00000283dc9a0000]
CodeHeap 'non-nmethods': size=5696Kb used=2304Kb max_used=2351Kb free=3391Kb
 bounds [0x00000283d4ee0000, 0x00000283d5150000, 0x00000283d5470000]
 total_blobs=7003 nmethods=6197 adapters=718
 compilation: enabled
              stopped_count=0, restarted_count=0
 full_count=0

Compilation events (20 events):
Event: 18.692 Thread 0x00000283eafe9000 nmethod 6311 0x00000283dcdcfd90 code [0x00000283dcdcff20, 0x00000283dcdcff98]
Event: 18.699 Thread 0x00000283eafe9000 6313       4       jdk.internal.loader.BuiltinClassLoader::loadClass (22 bytes)
Event: 18.701 Thread 0x00000283eafe9000 nmethod 6313 0x00000283dcdd0090 code [0x00000283dcdd0240, 0x00000283dcdd0378]
Event: 18.710 Thread 0x00000283eafe9000 6314       4       jdk.internal.org.objectweb.asm.MethodWriter::visitVarInsn (300 bytes)
Event: 18.724 Thread 0x00000283eaff0000 6319       3       org.gradle.internal.service.DefaultServiceRegistry::find (28 bytes)
Event: 18.725 Thread 0x00000283eaff0000 nmethod 6319 0x00000283d614d410 code [0x00000283d614d620, 0x00000283d614d968]
Event: 18.725 Thread 0x00000283eaff0000 6320       3       org.gradle.internal.service.DefaultServiceRegistry::getService (13 bytes)
Event: 18.725 Thread 0x00000283eaff0000 nmethod 6320 0x00000283d614db10 code [0x00000283d614dce0, 0x00000283d614de58]
Event: 18.726 Thread 0x00000283eaff0000 6321       3       java.lang.Class::getInterfaces (6 bytes)
Event: 18.727 Thread 0x00000283eaff0000 nmethod 6321 0x00000283d614df10 code [0x00000283d614e0c0, 0x00000283d614e1e8]
Event: 18.728 Thread 0x00000283eafe9000 nmethod 6314 0x00000283dcdd1090 code [0x00000283dcdd1280, 0x00000283dcdd17a8]
Event: 18.728 Thread 0x00000283eaff0000 6323       1       org.gradle.internal.instantiation.generator.AsmBackedClassGenerator$ClassBuilderImpl::access$900 (5 bytes)
Event: 18.728 Thread 0x00000283eafe9000 6322       4       org.objectweb.asm.Frame::execute (2318 bytes)
Event: 18.729 Thread 0x00000283eaff0000 nmethod 6323 0x00000283dcdd1c10 code [0x00000283dcdd1dc0, 0x00000283dcdd1e58]
Event: 18.746 Thread 0x00000283eaff0000 6326       3       org.objectweb.asm.SymbolTable::hash (7 bytes)
Event: 18.746 Thread 0x00000283eaff0000 nmethod 6326 0x00000283d614e290 code [0x00000283d614e440, 0x00000283d614e538]
Event: 18.746 Thread 0x00000283eaff0000 6328       3       org.objectweb.asm.SymbolTable::addConstantUtf8 (98 bytes)
Event: 18.747 Thread 0x00000283eaff0000 nmethod 6328 0x00000283d614e610 code [0x00000283d614e860, 0x00000283d614eed8]
Event: 18.753 Thread 0x00000283eaff0000 6331       3       java.lang.invoke.MemberName::getFactory (4 bytes)
Event: 18.753 Thread 0x00000283eaff0000 nmethod 6331 0x00000283d614f290 code [0x00000283d614f440, 0x00000283d614f538]

GC Heap History (20 events):
Event: 9.177 GC heap before
{Heap before GC invocations=6 (full 0):
 garbage-first heap   total 131072K, used 92587K [0x0000000080000000, 0x0000000100000000)
  region size 1024K, 76 young (77824K), 3 survivors (3072K)
 Metaspace       used 23740K, capacity 24172K, committed 24448K, reserved 1071104K
  class space    used 2916K, capacity 3094K, committed 3200K, reserved 1048576K
}
Event: 9.184 GC heap after
{Heap after GC invocations=7 (full 0):
 garbage-first heap   total 131072K, used 18590K [0x0000000080000000, 0x0000000100000000)
  region size 1024K, 3 young (3072K), 3 survivors (3072K)
 Metaspace       used 23740K, capacity 24172K, committed 24448K, reserved 1071104K
  class space    used 2916K, capacity 3094K, committed 3200K, reserved 1048576K
}
Event: 10.261 GC heap before
{Heap before GC invocations=7 (full 0):
 garbage-first heap   total 131072K, used 93342K [0x0000000080000000, 0x0000000100000000)
  region size 1024K, 76 young (77824K), 3 survivors (3072K)
 Metaspace       used 27329K, capacity 28002K, committed 28160K, reserved 1073152K
  class space    used 3478K, capacity 3717K, committed 3840K, reserved 1048576K
}
Event: 10.270 GC heap after
{Heap after GC invocations=8 (full 0):
 garbage-first heap   total 131072K, used 19938K [0x0000000080000000, 0x0000000100000000)
  region size 1024K, 5 young (5120K), 5 survivors (5120K)
 Metaspace       used 27329K, capacity 28002K, committed 28160K, reserved 1073152K
  class space    used 3478K, capacity 3717K, committed 3840K, reserved 1048576K
}
Event: 11.236 GC heap before
{Heap before GC invocations=8 (full 0):
 garbage-first heap   total 131072K, used 92642K [0x0000000080000000, 0x0000000100000000)
  region size 1024K, 76 young (77824K), 5 survivors (5120K)
 Metaspace       used 30318K, capacity 30995K, committed 31232K, reserved 1077248K
  class space    used 3938K, capacity 4232K, committed 4352K, reserved 1048576K
}
Event: 11.252 GC heap after
{Heap after GC invocations=9 (full 0):
 garbage-first heap   total 131072K, used 20696K [0x0000000080000000, 0x0000000100000000)
  region size 1024K, 5 young (5120K), 5 survivors (5120K)
 Metaspace       used 30318K, capacity 30995K, committed 31232K, reserved 1077248K
  class space    used 3938K, capacity 4232K, committed 4352K, reserved 1048576K
}
Event: 12.113 GC heap before
{Heap before GC invocations=9 (full 0):
 garbage-first heap   total 131072K, used 93400K [0x0000000080000000, 0x0000000100000000)
  region size 1024K, 76 young (77824K), 5 survivors (5120K)
 Metaspace       used 33918K, capacity 34714K, committed 34816K, reserved 1079296K
  class space    used 4488K, capacity 4811K, committed 4864K, reserved 1048576K
}
Event: 12.125 GC heap after
{Heap after GC invocations=10 (full 0):
 garbage-first heap   total 131072K, used 22178K [0x0000000080000000, 0x0000000100000000)
  region size 1024K, 7 young (7168K), 7 survivors (7168K)
 Metaspace       used 33918K, capacity 34714K, committed 34816K, reserved 1079296K
  class space    used 4488K, capacity 4811K, committed 4864K, reserved 1048576K
}
Event: 12.397 GC heap before
{Heap before GC invocations=10 (full 0):
 garbage-first heap   total 131072K, used 39586K [0x0000000080000000, 0x0000000100000000)
  region size 1024K, 25 young (25600K), 7 survivors (7168K)
 Metaspace       used 34861K, capacity 35687K, committed 35840K, reserved 1081344K
  class space    used 4559K, capacity 4880K, committed 4992K, reserved 1048576K
}
Event: 12.413 GC heap after
{Heap after GC invocations=11 (full 0):
 garbage-first heap   total 131072K, used 22824K [0x0000000080000000, 0x0000000100000000)
  region size 1024K, 6 young (6144K), 6 survivors (6144K)
 Metaspace       used 34861K, capacity 35687K, committed 35840K, reserved 1081344K
  class space    used 4559K, capacity 4880K, committed 4992K, reserved 1048576K
}
Event: 13.259 GC heap before
{Heap before GC invocations=12 (full 0):
 garbage-first heap   total 131072K, used 93480K [0x0000000080000000, 0x0000000100000000)
  region size 1024K, 76 young (77824K), 6 survivors (6144K)
 Metaspace       used 38607K, capacity 39515K, committed 39680K, reserved 1083392K
  class space    used 4943K, capacity 5305K, committed 5376K, reserved 1048576K
}
Event: 13.274 GC heap after
{Heap after GC invocations=13 (full 0):
 garbage-first heap   total 157696K, used 24245K [0x0000000080000000, 0x0000000100000000)
  region size 1024K, 7 young (7168K), 7 survivors (7168K)
 Metaspace       used 38607K, capacity 39515K, committed 39680K, reserved 1083392K
  class space    used 4943K, capacity 5305K, committed 5376K, reserved 1048576K
}
Event: 14.365 GC heap before
{Heap before GC invocations=13 (full 0):
 garbage-first heap   total 157696K, used 118453K [0x0000000080000000, 0x0000000100000000)
  region size 1024K, 90 young (92160K), 7 survivors (7168K)
 Metaspace       used 41553K, capacity 42580K, committed 42752K, reserved 1087488K
  class space    used 5198K, capacity 5617K, committed 5632K, reserved 1048576K
}
Event: 14.386 GC heap after
{Heap after GC invocations=14 (full 0):
 garbage-first heap   total 157696K, used 28267K [0x0000000080000000, 0x0000000100000000)
  region size 1024K, 10 young (10240K), 10 survivors (10240K)
 Metaspace       used 41553K, capacity 42580K, committed 42752K, reserved 1087488K
  class space    used 5198K, capacity 5617K, committed 5632K, reserved 1048576K
}
Event: 15.469 GC heap before
{Heap before GC invocations=14 (full 0):
 garbage-first heap   total 157696K, used 111211K [0x0000000080000000, 0x0000000100000000)
  region size 1024K, 92 young (94208K), 10 survivors (10240K)
 Metaspace       used 44510K, capacity 45629K, committed 45824K, reserved 1089536K
  class space    used 5661K, capacity 6060K, committed 6144K, reserved 1048576K
}
Event: 15.494 GC heap after
{Heap after GC invocations=15 (full 0):
 garbage-first heap   total 157696K, used 30897K [0x0000000080000000, 0x0000000100000000)
  region size 1024K, 9 young (9216K), 9 survivors (9216K)
 Metaspace       used 44510K, capacity 45629K, committed 45824K, reserved 1089536K
  class space    used 5661K, capacity 6060K, committed 6144K, reserved 1048576K
}
Event: 16.402 GC heap before
{Heap before GC invocations=15 (full 0):
 garbage-first heap   total 157696K, used 117937K [0x0000000080000000, 0x0000000100000000)
  region size 1024K, 92 young (94208K), 9 survivors (9216K)
 Metaspace       used 47622K, capacity 48912K, committed 49024K, reserved 1091584K
  class space    used 6034K, capacity 6475K, committed 6528K, reserved 1048576K
}
Event: 16.423 GC heap after
{Heap after GC invocations=16 (full 0):
 garbage-first heap   total 157696K, used 32536K [0x0000000080000000, 0x0000000100000000)
  region size 1024K, 5 young (5120K), 5 survivors (5120K)
 Metaspace       used 47622K, capacity 48912K, committed 49024K, reserved 1091584K
  class space    used 6034K, capacity 6475K, committed 6528K, reserved 1048576K
}
Event: 18.242 GC heap before
{Heap before GC invocations=16 (full 0):
 garbage-first heap   total 157696K, used 122648K [0x0000000080000000, 0x0000000100000000)
  region size 1024K, 92 young (94208K), 5 survivors (5120K)
 Metaspace       used 50741K, capacity 52267K, committed 52608K, reserved 1095680K
  class space    used 6392K, capacity 6950K, committed 7040K, reserved 1048576K
}
Event: 18.260 GC heap after
{Heap after GC invocations=17 (full 0):
 garbage-first heap   total 189440K, used 38680K [0x0000000080000000, 0x0000000100000000)
  region size 1024K, 9 young (9216K), 9 survivors (9216K)
 Metaspace       used 50741K, capacity 52267K, committed 52608K, reserved 1095680K
  class space    used 6392K, capacity 6950K, committed 7040K, reserved 1048576K
}

Deoptimization events (20 events):
Event: 18.213 Thread 0x00000283efae7800 DEOPT PACKING pc=0x00000283dcaa6810 sp=0x000000b9d02f0de0
Event: 18.213 Thread 0x00000283efae7800 DEOPT UNPACKING pc=0x00000283d4f2a1af sp=0x000000b9d02f0cb0 mode 2
Event: 18.220 Thread 0x00000283efae7800 DEOPT PACKING pc=0x00000283d56a34d6 sp=0x000000b9d02f0730
Event: 18.220 Thread 0x00000283efae7800 DEOPT UNPACKING pc=0x00000283d4f2a95e sp=0x000000b9d02efd08 mode 0
Event: 18.261 Thread 0x00000283efae7800 Uncommon trap: trap_request=0xffffff4d fr.pc=0x00000283dcaa2c24 relative=0x00000000000002c4
Event: 18.261 Thread 0x00000283efae7800 Uncommon trap: reason=unstable_if action=reinterpret pc=0x00000283dcaa2c24 method=java.util.jar.JarFile.checkForSpecialAttributes()V @ 89 c2
Event: 18.261 Thread 0x00000283efae7800 DEOPT PACKING pc=0x00000283dcaa2c24 sp=0x000000b9d02f0d10
Event: 18.261 Thread 0x00000283efae7800 DEOPT UNPACKING pc=0x00000283d4f2a1af sp=0x000000b9d02f0ca0 mode 2
Event: 18.271 Thread 0x00000283efae7800 DEOPT PACKING pc=0x00000283d569d17a sp=0x000000b9d02f0b10
Event: 18.271 Thread 0x00000283efae7800 DEOPT UNPACKING pc=0x00000283d4f2a95e sp=0x000000b9d02f00f8 mode 0
Event: 18.287 Thread 0x00000283efae7800 DEOPT PACKING pc=0x00000283d56a2f93 sp=0x000000b9d02f0680
Event: 18.287 Thread 0x00000283efae7800 DEOPT UNPACKING pc=0x00000283d4f2a95e sp=0x000000b9d02efbe0 mode 0
Event: 18.321 Thread 0x00000283efae7800 DEOPT PACKING pc=0x00000283d5d6d7f4 sp=0x000000b9d02f0530
Event: 18.321 Thread 0x00000283efae7800 DEOPT UNPACKING pc=0x00000283d4f2a95e sp=0x000000b9d02efad0 mode 0
Event: 18.366 Thread 0x00000283efae7800 DEOPT PACKING pc=0x00000283d569d17a sp=0x000000b9d02f4ba0
Event: 18.366 Thread 0x00000283efae7800 DEOPT UNPACKING pc=0x00000283d4f2a95e sp=0x000000b9d02f4190 mode 0
Event: 18.745 Thread 0x00000283efae7800 Uncommon trap: trap_request=0xffffff45 fr.pc=0x00000283dcd0bfcc relative=0x000000000000102c
Event: 18.745 Thread 0x00000283efae7800 Uncommon trap: reason=unstable_fused_if action=reinterpret pc=0x00000283dcd0bfcc method=org.objectweb.asm.ByteVector.putUTF8(Ljava/lang/String;)Lorg/objectweb/asm/ByteVector; @ 93 c2
Event: 18.745 Thread 0x00000283efae7800 DEOPT PACKING pc=0x00000283dcd0bfcc sp=0x000000b9d02f6e00
Event: 18.745 Thread 0x00000283efae7800 DEOPT UNPACKING pc=0x00000283d4f2a1af sp=0x000000b9d02f6d48 mode 2

Classes redefined (0 events):
No events

Internal exceptions (20 events):
Event: 18.181 Thread 0x00000283efae7800 Exception <a 'java/security/PrivilegedActionException'{0x0000000083faec00}> (0x0000000083faec00) thrown at [src/hotspot/share/prims/jvm.cpp, line 1306]
Event: 18.268 Thread 0x00000283efae7800 Exception <a 'java/security/PrivilegedActionException'{0x000000008b86aeb0}> (0x000000008b86aeb0) thrown at [src/hotspot/share/prims/jvm.cpp, line 1306]
Event: 18.268 Thread 0x00000283efae7800 Exception <a 'java/security/PrivilegedActionException'{0x000000008b86c418}> (0x000000008b86c418) thrown at [src/hotspot/share/prims/jvm.cpp, line 1306]
Event: 18.269 Thread 0x00000283efae7800 Exception <a 'java/security/PrivilegedActionException'{0x000000008b86f7b0}> (0x000000008b86f7b0) thrown at [src/hotspot/share/prims/jvm.cpp, line 1306]
Event: 18.269 Thread 0x00000283efae7800 Exception <a 'java/security/PrivilegedActionException'{0x000000008b870d18}> (0x000000008b870d18) thrown at [src/hotspot/share/prims/jvm.cpp, line 1306]
Event: 18.269 Thread 0x00000283efae7800 Exception <a 'java/security/PrivilegedActionException'{0x000000008b8741e0}> (0x000000008b8741e0) thrown at [src/hotspot/share/prims/jvm.cpp, line 1306]
Event: 18.269 Thread 0x00000283efae7800 Exception <a 'java/security/PrivilegedActionException'{0x000000008b875748}> (0x000000008b875748) thrown at [src/hotspot/share/prims/jvm.cpp, line 1306]
Event: 18.270 Thread 0x00000283efae7800 Exception <a 'java/security/PrivilegedActionException'{0x000000008b878b30}> (0x000000008b878b30) thrown at [src/hotspot/share/prims/jvm.cpp, line 1306]
Event: 18.270 Thread 0x00000283efae7800 Exception <a 'java/security/PrivilegedActionException'{0x000000008b87a098}> (0x000000008b87a098) thrown at [src/hotspot/share/prims/jvm.cpp, line 1306]
Event: 18.270 Thread 0x00000283efae7800 Exception <a 'java/security/PrivilegedActionException'{0x000000008b87d4b0}> (0x000000008b87d4b0) thrown at [src/hotspot/share/prims/jvm.cpp, line 1306]
Event: 18.270 Thread 0x00000283efae7800 Exception <a 'java/security/PrivilegedActionException'{0x000000008b87ea18}> (0x000000008b87ea18) thrown at [src/hotspot/share/prims/jvm.cpp, line 1306]
Event: 18.271 Thread 0x00000283efae7800 Exception <a 'java/security/PrivilegedActionException'{0x000000008b881ee0}> (0x000000008b881ee0) thrown at [src/hotspot/share/prims/jvm.cpp, line 1306]
Event: 18.271 Thread 0x00000283efae7800 Exception <a 'java/security/PrivilegedActionException'{0x000000008b883448}> (0x000000008b883448) thrown at [src/hotspot/share/prims/jvm.cpp, line 1306]
Event: 18.350 Thread 0x00000283efae7800 Exception <a 'java/lang/ClassNotFoundException'{0x000000008b4a5728}: org/gradle/api/internal/plugins/DefaultObjectConfigurationActionBeanInfo> (0x000000008b4a5728) thrown at [src/hotspot/share/classfile/systemDictionary.cpp, line 230]
Event: 18.352 Thread 0x00000283efae7800 Exception <a 'java/lang/ClassNotFoundException'{0x000000008b4dbb60}: org/gradle/api/internal/plugins/DefaultObjectConfigurationActionCustomizer> (0x000000008b4dbb60) thrown at [src/hotspot/share/classfile/systemDictionary.cpp, line 230]
Event: 18.717 Thread 0x00000283efae7800 Exception <a 'java/lang/NoSuchMethodError'{0x00000000894e60d0}: 'java.lang.Object java.lang.invoke.DirectMethodHandle$Holder.invokeStatic(java.lang.Object, java.lang.Object, java.lang.Object, java.lang.Object, int)'> (0x00000000894e60d0) thrown at [src/hotspot/share/interpreter/linkResolver.cpp, line 773]
Event: 18.718 Thread 0x00000283efae7800 Exception <a 'java/lang/NoSuchMethodError'{0x00000000894eaac8}: 'java.lang.Object java.lang.invoke.DirectMethodHandle$Holder.invokeSpecial(java.lang.Object, java.lang.Object, java.lang.Object, java.lang.Object, java.lang.Object, int)'> (0x00000000894eaac8) thrown at [src/hotspot/share/interpreter/linkResolver.cpp, line 773]
Event: 18.718 Thread 0x00000283efae7800 Exception <a 'java/lang/NoSuchMethodError'{0x00000000894ef108}: 'java.lang.Object java.lang.invoke.Invokers$Holder.linkToTargetMethod(java.lang.Object, java.lang.Object, java.lang.Object, int, java.lang.Object)'> (0x00000000894ef108) thrown at [src/hotspot/share/interpreter/linkResolver.cpp, line 773]
Event: 18.751 Thread 0x00000283efae7800 Exception <a 'java/lang/NoSuchMethodError'{0x00000000892672a8}: 'java.lang.Object java.lang.invoke.Invokers$Holder.linkToTargetMethod(java.lang.Object, int, int, java.lang.Object)'> (0x00000000892672a8) thrown at [src/hotspot/share/interpreter/linkResolver.cpp, line 773]
Event: 18.754 Thread 0x00000283efae7800 Exception <a 'java/lang/NoSuchMethodError'{0x0000000089285530}: 'java.lang.Object java.lang.invoke.DirectMethodHandle$Holder.invokeStatic(java.lang.Object, java.lang.Object, int, int, java.lang.Object, java.lang.Object)'> (0x0000000089285530) thrown at [src/hotspot/share/interpreter/linkResolver.cpp, line 773]

Events (20 events):
Event: 18.737 loading class org/gradle/api/provider/MapProperty
Event: 18.737 loading class org/gradle/api/provider/MapProperty done
Event: 18.738 loading class kotlin/annotation/AnnotationRetention
Event: 18.738 loading class kotlin/annotation/AnnotationRetention done
Event: 18.741 loading class kotlin/annotation/AnnotationTarget
Event: 18.741 loading class kotlin/annotation/AnnotationTarget done
Event: 18.747 loading class org/gradle/internal/instantiation/generator/AsmBackedClassGenerator$ClassBuilderImpl
Event: 18.747 loading class org/gradle/internal/instantiation/generator/AsmBackedClassGenerator$ClassBuilderImpl done
Event: 18.748 loading class org/gradle/internal/instantiation/generator/AsmBackedClassGenerator$ClassBuilderImpl$28
Event: 18.748 loading class org/gradle/internal/instantiation/generator/AsmBackedClassGenerator$ClassBuilderImpl$28 done
Event: 18.749 loading class org/objectweb/asm/MethodVisitor
Event: 18.749 loading class org/objectweb/asm/MethodVisitor done
Event: 18.750 loading class org/gradle/internal/instantiation/generator/AsmBackedClassGenerator$ClassBuilderImpl
Event: 18.750 loading class org/gradle/internal/instantiation/generator/AsmBackedClassGenerator$ClassBuilderImpl done
Event: 18.751 loading class org/gradle/internal/instantiation/generator/AsmBackedClassGenerator$ClassBuilderImpl$29
Event: 18.751 loading class org/gradle/internal/instantiation/generator/AsmBackedClassGenerator$ClassBuilderImpl$29 done
Event: 18.753 loading class org/gradle/internal/instantiation/generator/AsmBackedClassGenerator$ClassBuilderImpl
Event: 18.753 loading class org/gradle/internal/instantiation/generator/AsmBackedClassGenerator$ClassBuilderImpl done
Event: 18.755 loading class org/gradle/internal/instantiation/generator/AsmBackedClassGenerator$ClassBuilderImpl$30
Event: 18.755 loading class org/gradle/internal/instantiation/generator/AsmBackedClassGenerator$ClassBuilderImpl$30 done


Dynamic libraries:
0x00007ff605dd0000 - 0x00007ff605dda000 	C:\Program Files\Android\Android Studio\jbr\bin\java.exe
0x00007ffe327f0000 - 0x00007ffe329e8000 	C:\WINDOWS\SYSTEM32\ntdll.dll
0x00007ffe31d30000 - 0x00007ffe31def000 	C:\WINDOWS\System32\KERNEL32.DLL
0x00007ffe30000000 - 0x00007ffe302da000 	C:\WINDOWS\System32\KERNELBASE.dll
0x00007ffe2ff00000 - 0x00007ffe30000000 	C:\WINDOWS\System32\ucrtbase.dll
0x00007ffe248b0000 - 0x00007ffe248cb000 	C:\Program Files\Android\Android Studio\jbr\bin\VCRUNTIME140.dll
0x00007ffe28820000 - 0x00007ffe28837000 	C:\Program Files\Android\Android Studio\jbr\bin\jli.dll
0x00007ffe32600000 - 0x00007ffe3279d000 	C:\WINDOWS\System32\USER32.dll
0x00007ffe30780000 - 0x00007ffe307a2000 	C:\WINDOWS\System32\win32u.dll
0x00007ffe1e340000 - 0x00007ffe1e5da000 	C:\WINDOWS\WinSxS\amd64_microsoft.windows.common-controls_6595b64144ccf1df_6.0.19041.1110_none_60b5254171f9507e\COMCTL32.dll
0x00007ffe31400000 - 0x00007ffe3142b000 	C:\WINDOWS\System32\GDI32.dll
0x00007ffe32240000 - 0x00007ffe322de000 	C:\WINDOWS\System32\msvcrt.dll
0x00007ffe303c0000 - 0x00007ffe304d0000 	C:\WINDOWS\System32\gdi32full.dll
0x00007ffe307b0000 - 0x00007ffe3084d000 	C:\WINDOWS\System32\msvcp_win.dll
0x00007ffe30850000 - 0x00007ffe30880000 	C:\WINDOWS\System32\IMM32.DLL
0x00007ffe2cc60000 - 0x00007ffe2cc6c000 	C:\Program Files\Android\Android Studio\jbr\bin\vcruntime140_1.dll
0x00007ffe0fb60000 - 0x00007ffe0fbed000 	C:\Program Files\Android\Android Studio\jbr\bin\msvcp140.dll
0x00007ffdcc9a0000 - 0x00007ffdcd55c000 	C:\Program Files\Android\Android Studio\jbr\bin\server\jvm.dll
0x00007ffe31c80000 - 0x00007ffe31d2e000 	C:\WINDOWS\System32\ADVAPI32.dll
0x00007ffe310f0000 - 0x00007ffe3118c000 	C:\WINDOWS\System32\sechost.dll
0x00007ffe324d0000 - 0x00007ffe325f6000 	C:\WINDOWS\System32\RPCRT4.dll
0x00007ffe30880000 - 0x00007ffe30888000 	C:\WINDOWS\System32\PSAPI.DLL
0x00007ffe1d6c0000 - 0x00007ffe1d6e7000 	C:\WINDOWS\SYSTEM32\WINMM.dll
0x00007ffe2ca20000 - 0x00007ffe2ca29000 	C:\WINDOWS\SYSTEM32\WSOCK32.dll
0x00007ffe209f0000 - 0x00007ffe209fa000 	C:\WINDOWS\SYSTEM32\VERSION.dll
0x00007ffe321d0000 - 0x00007ffe3223b000 	C:\WINDOWS\System32\WS2_32.dll
0x00007ffe2e710000 - 0x00007ffe2e722000 	C:\WINDOWS\SYSTEM32\kernel.appcore.dll
0x00007ffe2b220000 - 0x00007ffe2b230000 	C:\Program Files\Android\Android Studio\jbr\bin\verify.dll
0x00007ffe1bf90000 - 0x00007ffe1c174000 	C:\WINDOWS\SYSTEM32\DBGHELP.DLL
0x00007ffe1bf50000 - 0x00007ffe1bf84000 	C:\WINDOWS\SYSTEM32\dbgcore.DLL
0x00007ffe302e0000 - 0x00007ffe30362000 	C:\WINDOWS\System32\bcryptPrimitives.dll
0x00007ffe23740000 - 0x00007ffe23768000 	C:\Program Files\Android\Android Studio\jbr\bin\java.dll
0x00007ffe2af80000 - 0x00007ffe2af8a000 	C:\Program Files\Android\Android Studio\jbr\bin\jimage.dll
0x00007ffe2a450000 - 0x00007ffe2a45e000 	C:\Program Files\Android\Android Studio\jbr\bin\instrument.dll
0x00007ffe25080000 - 0x00007ffe25098000 	C:\Program Files\Android\Android Studio\jbr\bin\zip.dll
0x00007ffe314a0000 - 0x00007ffe31be4000 	C:\WINDOWS\System32\SHELL32.dll
0x00007ffe2deb0000 - 0x00007ffe2e643000 	C:\WINDOWS\SYSTEM32\windows.storage.dll
0x00007ffe31df0000 - 0x00007ffe32144000 	C:\WINDOWS\System32\combase.dll
0x00007ffe2f7a0000 - 0x00007ffe2f7ce000 	C:\WINDOWS\SYSTEM32\Wldp.dll
0x00007ffe308f0000 - 0x00007ffe3099d000 	C:\WINDOWS\System32\SHCORE.dll
0x00007ffe31190000 - 0x00007ffe311e5000 	C:\WINDOWS\System32\shlwapi.dll
0x00007ffe2fe40000 - 0x00007ffe2fe5f000 	C:\WINDOWS\SYSTEM32\profapi.dll
0x00007ffe29fb0000 - 0x00007ffe29fba000 	C:\Program Files\Android\Android Studio\jbr\bin\management.dll
0x00007ffe28890000 - 0x00007ffe2889b000 	C:\Program Files\Android\Android Studio\jbr\bin\management_ext.dll
0x00007ffe24eb0000 - 0x00007ffe24ec9000 	C:\Program Files\Android\Android Studio\jbr\bin\net.dll
0x00007ffe221f0000 - 0x00007ffe222fa000 	C:\WINDOWS\SYSTEM32\WINHTTP.dll
0x00007ffe2f580000 - 0x00007ffe2f5ea000 	C:\WINDOWS\system32\mswsock.dll
0x00007ffe24950000 - 0x00007ffe24963000 	C:\Program Files\Android\Android Studio\jbr\bin\nio.dll
0x00007ffe1f250000 - 0x00007ffe1f267000 	C:\WINDOWS\system32\napinsp.dll
0x00007ffe24c70000 - 0x00007ffe24c8b000 	C:\WINDOWS\system32\pnrpnsp.dll
0x00007ffe29f30000 - 0x00007ffe29f45000 	C:\WINDOWS\system32\wshbth.dll
0x00007ffe2b1e0000 - 0x00007ffe2b1fd000 	C:\WINDOWS\system32\NLAapi.dll
0x00007ffe2f290000 - 0x00007ffe2f2cc000 	C:\WINDOWS\SYSTEM32\IPHLPAPI.DLL
0x00007ffe2f2d0000 - 0x00007ffe2f39b000 	C:\WINDOWS\SYSTEM32\DNSAPI.dll
0x00007ffe327a0000 - 0x00007ffe327a8000 	C:\WINDOWS\System32\NSI.dll
0x00007ffe28a30000 - 0x00007ffe28a42000 	C:\WINDOWS\System32\winrnr.dll
0x00007ffe20e00000 - 0x00007ffe20e0a000 	C:\Windows\System32\rasadhlp.dll
0x00007ffe21fb0000 - 0x00007ffe22030000 	C:\WINDOWS\System32\fwpuclnt.dll
0x00007ffe30750000 - 0x00007ffe30777000 	C:\WINDOWS\System32\bcrypt.dll
0x00007ffe10e30000 - 0x00007ffe10e57000 	C:\Users\shahzaib lptp\AndroidStudioProjects\loginsqlite\native\e1d6ef7f7dcc3fd88c89a11ec53ec762bb8ba0a96d01ffa2cd45eb1d1d8dd5c5\windows-amd64\native-platform.dll
0x00007ffe02b50000 - 0x00007ffe02c94000 	C:\Users\shahzaib lptp\AndroidStudioProjects\loginsqlite\native\0d407fdbe67a94daf76414ababcb853783967236a71b16ec16e742cd7a986fd3\windows-amd64\native-platform-file-events.dll
0x00007ffe2fb20000 - 0x00007ffe2fb38000 	C:\WINDOWS\SYSTEM32\CRYPTSP.dll
0x00007ffe2eec0000 - 0x00007ffe2eef4000 	C:\WINDOWS\system32\rsaenh.dll
0x00007ffe2fe00000 - 0x00007ffe2fe2e000 	C:\WINDOWS\SYSTEM32\USERENV.dll
0x00007ffe2f710000 - 0x00007ffe2f71c000 	C:\WINDOWS\SYSTEM32\CRYPTBASE.dll
0x00007ffe23110000 - 0x00007ffe23127000 	C:\WINDOWS\SYSTEM32\dhcpcsvc6.DLL
0x00007ffe230f0000 - 0x00007ffe2310d000 	C:\WINDOWS\SYSTEM32\dhcpcsvc.DLL

dbghelp: loaded successfully - version: 4.0.5 - missing functions: none
symbol engine: initialized successfully - sym options: 0x614 - pdb path: .;C:\Program Files\Android\Android Studio\jbr\bin;C:\WINDOWS\SYSTEM32;C:\WINDOWS\WinSxS\amd64_microsoft.windows.common-controls_6595b64144ccf1df_6.0.19041.1110_none_60b5254171f9507e;C:\Program Files\Android\Android Studio\jbr\bin\server;C:\Users\shahzaib lptp\AndroidStudioProjects\loginsqlite\native\e1d6ef7f7dcc3fd88c89a11ec53ec762bb8ba0a96d01ffa2cd45eb1d1d8dd5c5\windows-amd64;C:\Users\shahzaib lptp\AndroidStudioProjects\loginsqlite\native\0d407fdbe67a94daf76414ababcb853783967236a71b16ec16e742cd7a986fd3\windows-amd64

VM Arguments:
jvm_args: -javaagent:C:\Program Files\Android\Android Studio\plugins\android\resources\trace_agent.jar=C:\Users\SHAHZA~1\AppData\Local\Temp\sync.trace.profile --add-opens=java.base/java.util=ALL-UNNAMED --add-opens=java.base/java.lang=ALL-UNNAMED --add-opens=java.base/java.lang.invoke=ALL-UNNAMED --add-opens=java.base/java.util=ALL-UNNAMED --add-opens=java.prefs/java.util.prefs=ALL-UNNAMED --add-opens=java.prefs/java.util.prefs=ALL-UNNAMED --add-opens=java.base/java.nio.charset=ALL-UNNAMED --add-opens=java.base/java.net=ALL-UNNAMED --add-opens=java.base/java.util.concurrent.atomic=ALL-UNNAMED -Xmx2048m -Dfile.encoding=UTF-8 -Duser.country=US -Duser.language=en -Duser.variant 
java_command: org.gradle.launcher.daemon.bootstrap.GradleDaemon 7.5
java_class_path (initial): C:\Users\shahzaib lptp\AndroidStudioProjects\loginsqlite\wrapper\dists\gradle-7.5-bin\f1w0cc9nuo0eivz97x2xlu9sv\gradle-7.5\lib\gradle-launcher-7.5.jar
Launcher Type: SUN_STANDARD

[Global flags]
     intx CICompilerCount                          = 3                                         {product} {ergonomic}
     uint ConcGCThreads                            = 1                                         {product} {ergonomic}
     uint G1ConcRefinementThreads                  = 4                                         {product} {ergonomic}
   size_t G1HeapRegionSize                         = 1048576                                   {product} {ergonomic}
    uintx GCDrainStackTargetSize                   = 64                                        {product} {ergonomic}
   size_t InitialHeapSize                          = 134217728                                 {product} {ergonomic}
   size_t MarkStackSize                            = 4194304                                   {product} {ergonomic}
   size_t MaxHeapSize                              = 2147483648                                {product} {command line}
   size_t MaxNewSize                               = 1287651328                                {product} {ergonomic}
   size_t MinHeapDeltaBytes                        = 1048576                                   {product} {ergonomic}
    uintx NonNMethodCodeHeapSize                   = 5830732                                {pd product} {ergonomic}
    uintx NonProfiledCodeHeapSize                  = 122913754                              {pd product} {ergonomic}
    uintx ProfiledCodeHeapSize                     = 122913754                              {pd product} {ergonomic}
    uintx ReservedCodeCacheSize                    = 251658240                              {pd product} {ergonomic}
     bool SegmentedCodeCache                       = true                                      {product} {ergonomic}
     bool UseCompressedClassPointers               = true                                 {lp64_product} {ergonomic}
     bool UseCompressedOops                        = true                                 {lp64_product} {ergonomic}
     bool UseG1GC                                  = true                                      {product} {ergonomic}
     bool UseLargePagesIndividualAllocation        = false                                  {pd product} {ergonomic}

Logging:
Log output configuration:
 #0: stdout all=warning uptime,level,tags
 #1: stderr all=off uptime,level,tags

Environment Variables:
PATH=C:\Program Files\Python310\Scripts\;C:\Program Files\Python310\;C:\Program Files\Common Files\Oracle\Java\javapath;C:\app\bin;C:\app\shahzaiblptp\product\11.2.0\dbhome_1\bin;C:\WINDOWS\system32;C:\WINDOWS;C:\WINDOWS\System32\Wbem;C:\WINDOWS\System32\WindowsPowerShell\v1.0\;c:\Program Files (x86)\Microsoft SQL Server\100\Tools\Binn\;c:\Program Files\Microsoft SQL Server\100\Tools\Binn\;c:\Program Files\Microsoft SQL Server\100\DTS\Binn\;C:\WINDOWS\System32\OpenSSH\;C:\ProgramData\chocolatey\bin;%JAVA_HOME%\bin;C:\Users\shahzaib lptp\AppData\Local\Microsoft\WindowsApps;C:\Program Files\JetBrains\IntelliJ IDEA Community Edition 2021.3\bin;;C:\Program Files\Python310\PyCharm Community Edition 2022.1\bin;;C:\Users\shahzaib lptp\AppData\Local\Programs\Microsoft VS Code\bin;C:\Program Files\flutter\bin;C:\src\flutter\bin;C:\Program Files\Android\Android Studio\bin;
USERNAME=shahzaib lptp
OS=Windows_NT
PROCESSOR_IDENTIFIER=Intel64 Family 6 Model 69 Stepping 1, GenuineIntel



---------------  S Y S T E M  ---------------

OS: Windows 10 , 64 bit Build 19041 (10.0.19041.2788)
OS uptime: 8 days 17:52 hours
Hyper-V role detected

CPU:total 4 (initial active 4) (2 cores per cpu, 2 threads per core) family 6 model 69 stepping 1 microcode 0x26, cmov, cx8, fxsr, mmx, sse, sse2, sse3, ssse3, sse4.1, sse4.2, popcnt, avx, avx2, aes, clmul, erms, lzcnt, ht, tsc, tscinvbit, bmi1, bmi2, fma

Memory: 4k page, system-wide physical 8073M (1035M free)
TotalPageFile size 10073M (AvailPageFile size 5M)
current process WorkingSet (physical memory assigned to process): 360M, peak: 360M
current process commit charge ("private bytes"): 399M, peak: 400M

vm_info: OpenJDK 64-Bit Server VM (11.0.15+0-b2043.56-9505619) for windows-amd64 JRE (11.0.15+0-b2043.56-9505619), built on Jan 19 2023 02:48:00 by "builduser" with unknown MS VC++:1929

END.
