#
# There is insufficient memory for the Java Runtime Environment to continue.
# Native memory allocation (malloc) failed to allocate 1229456 bytes for Chunk::new
# Possible reasons:
#   The system is out of physical RAM or swap space
#   The process is running with CompressedOops enabled, and the Java Heap may be blocking the growth of the native heap
# Possible solutions:
#   Reduce memory load on the system
#   Increase physical memory or swap space
#   Check if swap backing store is full
#   Decrease Java heap size (-Xmx/-Xms)
#   Decrease number of Java threads
#   Decrease Java thread stack sizes (-Xss)
#   Set larger code cache with -XX:ReservedCodeCacheSize=
#   JVM is running with Unscaled Compressed Oops mode in which the Java heap is
#     placed in the first 4GB address space. The Java Heap base address is the
#     maximum limit for the native heap growth. Please use -XX:HeapBaseMinAddress
#     to set the Java Heap base and to place the Java Heap above 4GB virtual address.
# This output file may be truncated or incomplete.
#
#  Out of Memory Error (src/hotspot/share/memory/arena.cpp:197), pid=10388, tid=12412
#
# JRE version: OpenJDK Runtime Environment (11.0.15) (build 11.0.15+0-b2043.56-9505619)
# Java VM: OpenJDK 64-Bit Server VM (11.0.15+0-b2043.56-9505619, mixed mode, tiered, compressed oops, g1 gc, windows-amd64)
# No core dump will be written. Minidumps are not enabled by default on client versions of Windows
#

---------------  S U M M A R Y ------------

Command Line: -javaagent:C:\Program Files\Android\Android Studio\plugins\android\resources\trace_agent.jar=C:\Users\SHAHZA~1\AppData\Local\Temp\sync.trace.profile --add-opens=java.base/java.util=ALL-UNNAMED --add-opens=java.base/java.lang=ALL-UNNAMED --add-opens=java.base/java.lang.invoke=ALL-UNNAMED --add-opens=java.base/java.util=ALL-UNNAMED --add-opens=java.prefs/java.util.prefs=ALL-UNNAMED --add-opens=java.prefs/java.util.prefs=ALL-UNNAMED --add-opens=java.base/java.nio.charset=ALL-UNNAMED --add-opens=java.base/java.net=ALL-UNNAMED --add-opens=java.base/java.util.concurrent.atomic=ALL-UNNAMED -Xmx2048m -Dfile.encoding=UTF-8 -Duser.country=US -Duser.language=en -Duser.variant org.gradle.launcher.daemon.bootstrap.GradleDaemon 7.5

Host: Intel(R) Core(TM) i5-4310U CPU @ 2.00GHz, 4 cores, 7G,  Windows 10 , 64 bit Build 19041 (10.0.19041.2788)
Time: Sat May  6 23:23:52 2023 Pakistan Standard Time elapsed time: 2520.667849 seconds (0d 0h 42m 0s)

---------------  T H R E A D  ---------------

Current thread (0x0000016e7cc5c000):  JavaThread "C2 CompilerThread0" daemon [_thread_in_native, id=12412, stack(0x0000002a0e000000,0x0000002a0e100000)]


Current CompileTask:
C2:2520667 29139       4       org.gradle.api.internal.artifacts.ivyservice.ivyresolve.RepositoryChainComponentMetaDataResolver::resolveModule (277 bytes)

Stack: [0x0000002a0e000000,0x0000002a0e100000]
Native frames: (J=compiled Java code, j=interpreted, Vv=VM code, C=native code)
V  [jvm.dll+0x64135a]
V  [jvm.dll+0x7d39f9]
V  [jvm.dll+0x7d51b9]
V  [jvm.dll+0x7d58a3]
V  [jvm.dll+0x2691c5]
V  [jvm.dll+0xc1a5c]
V  [jvm.dll+0xc200c]
V  [jvm.dll+0x2da2c2]
V  [jvm.dll+0x54cad9]
V  [jvm.dll+0x220c9d]
V  [jvm.dll+0x223024]
V  [jvm.dll+0x220384]
V  [jvm.dll+0x19e851]
V  [jvm.dll+0x230479]
V  [jvm.dll+0x22e5ef]
V  [jvm.dll+0x794de1]
V  [jvm.dll+0x78dc24]
V  [jvm.dll+0x6400f6]
C  [ucrtbase.dll+0x21bb2]
C  [KERNEL32.DLL+0x17604]
C  [ntdll.dll+0x526a1]


---------------  P R O C E S S  ---------------

Threads class SMR info:
_java_thread_list=0x0000016e131b24d0, length=115, elements={
0x0000016e72015800, 0x0000016e7cc39000, 0x0000016e7cc3a000, 0x0000016e7cc53000,
0x0000016e7cc54800, 0x0000016e7cc58000, 0x0000016e7cc5c000, 0x0000016e7cc62800,
0x0000016e7cc64000, 0x0000016e720ea000, 0x0000016e7e641000, 0x0000016e0ff39800,
0x0000016e7d7e5000, 0x0000016e1100c800, 0x0000016e1100a800, 0x0000016e1100b800,
0x0000016e1100d000, 0x0000016e1100e000, 0x0000016e1100f000, 0x0000016e10d3b800,
0x0000016e10d3c000, 0x0000016e10d3f800, 0x0000016e10d40000, 0x0000016e10d3e000,
0x0000016e106a1000, 0x0000016e106a0000, 0x0000016e0f073000, 0x0000016e10697000,
0x0000016e0f06c800, 0x0000016e0f071800, 0x0000016e1069d000, 0x0000016e10d46800,
0x0000016e0f06f000, 0x0000016e10695800, 0x0000016e0f075800, 0x0000016e0f070800,
0x0000016e0f079800, 0x0000016e10d47800, 0x0000016e1069c000, 0x0000016e0f078000,
0x0000016e10d42800, 0x0000016e17319000, 0x0000016e0f072000, 0x0000016e17264000,
0x0000016e10d44800, 0x0000016e0f06d800, 0x0000016e0f076800, 0x0000016e1731f000,
0x0000016e1731a000, 0x0000016e10694000, 0x0000016e10692800, 0x0000016e10694800,
0x0000016e10693000, 0x0000016e1069a800, 0x0000016e1069b800, 0x0000016e10696800,
0x0000016e1069d800, 0x0000016e17259000, 0x0000016e1725b000, 0x0000016e17258000,
0x0000016e1725e800, 0x0000016e1725f800, 0x0000016e18460000, 0x0000016e1725d800,
0x0000016e17259800, 0x0000016e17260000, 0x0000016e1725a800, 0x0000016e1725d000,
0x0000016e17262000, 0x0000016e1725c000, 0x0000016e17266000, 0x0000016e17265000,
0x0000016e17262800, 0x0000016e17261000, 0x0000016e17266800, 0x0000016e17263800,
0x0000016e13623000, 0x0000016e13627800, 0x0000016e13626000, 0x0000016e13623800,
0x0000016e13624800, 0x0000016e13622000, 0x0000016e13628800, 0x0000016e13625000,
0x0000016e13629800, 0x0000016e1362c800, 0x0000016e1362a000, 0x0000016e1362c000,
0x0000016e13627000, 0x0000016e13630800, 0x0000016e1362d800, 0x0000016e1362f000,
0x0000016e1362e000, 0x0000016e13630000, 0x0000016e17314000, 0x0000016e17313800,
0x0000016e17315000, 0x0000016e17310000, 0x0000016e17312800, 0x0000016e17316000,
0x0000016e17316800, 0x0000016e17311000, 0x0000016e17311800, 0x0000016e1731e000,
0x0000016e1731c800, 0x0000016e1731a800, 0x0000016e1731d000, 0x0000016e1731b800,
0x0000016e17318800, 0x0000016e10d41000, 0x0000016e10d3e800, 0x0000016e10d46000,
0x0000016e10d42000, 0x0000016e10d45000, 0x0000016e10d48800
}

Java Threads: ( => current thread )
  0x0000016e72015800 JavaThread "main" [_thread_blocked, id=11740, stack(0x0000002a0d400000,0x0000002a0d500000)]
  0x0000016e7cc39000 JavaThread "Reference Handler" daemon [_thread_blocked, id=5356, stack(0x0000002a0db00000,0x0000002a0dc00000)]
  0x0000016e7cc3a000 JavaThread "Finalizer" daemon [_thread_blocked, id=6608, stack(0x0000002a0dc00000,0x0000002a0dd00000)]
  0x0000016e7cc53000 JavaThread "Signal Dispatcher" daemon [_thread_blocked, id=12184, stack(0x0000002a0dd00000,0x0000002a0de00000)]
  0x0000016e7cc54800 JavaThread "Attach Listener" daemon [_thread_blocked, id=14928, stack(0x0000002a0de00000,0x0000002a0df00000)]
  0x0000016e7cc58000 JavaThread "Service Thread" daemon [_thread_blocked, id=5960, stack(0x0000002a0df00000,0x0000002a0e000000)]
=>0x0000016e7cc5c000 JavaThread "C2 CompilerThread0" daemon [_thread_in_native, id=12412, stack(0x0000002a0e000000,0x0000002a0e100000)]
  0x0000016e7cc62800 JavaThread "C1 CompilerThread0" daemon [_thread_blocked, id=14056, stack(0x0000002a0e100000,0x0000002a0e200000)]
  0x0000016e7cc64000 JavaThread "Sweeper thread" daemon [_thread_blocked, id=8340, stack(0x0000002a0e200000,0x0000002a0e300000)]
  0x0000016e720ea000 JavaThread "Common-Cleaner" daemon [_thread_blocked, id=10500, stack(0x0000002a0e300000,0x0000002a0e400000)]
  0x0000016e7e641000 JavaThread "Daemon health stats" [_thread_blocked, id=10876, stack(0x0000002a0e800000,0x0000002a0e900000)]
  0x0000016e0ff39800 JavaThread "Incoming local TCP Connector on port 52755" [_thread_in_native, id=15384, stack(0x0000002a0e900000,0x0000002a0ea00000)]
  0x0000016e7d7e5000 JavaThread "Daemon periodic checks" [_thread_blocked, id=2624, stack(0x0000002a0ea00000,0x0000002a0eb00000)]
  0x0000016e1100c800 JavaThread "Cache worker for journal cache (C:\Users\shahzaib lptp\AndroidStudioProjects\loginsqlite\caches\journal-1)" [_thread_blocked, id=3604, stack(0x0000002a0f300000,0x0000002a0f400000)]
  0x0000016e1100a800 JavaThread "File lock request listener" [_thread_in_native, id=16276, stack(0x0000002a0f400000,0x0000002a0f500000)]
  0x0000016e1100b800 JavaThread "Cache worker for file hash cache (C:\Users\shahzaib lptp\AndroidStudioProjects\loginsqlite\caches\7.5\fileHashes)" [_thread_blocked, id=12972, stack(0x0000002a0f500000,0x0000002a0f600000)]
  0x0000016e1100d000 JavaThread "File watcher server" daemon [_thread_in_native, id=2060, stack(0x0000002a0f600000,0x0000002a0f700000)]
  0x0000016e1100e000 JavaThread "File watcher consumer" daemon [_thread_blocked, id=15880, stack(0x0000002a0f700000,0x0000002a0f800000)]
  0x0000016e1100f000 JavaThread "Cache worker for file content cache (C:\Users\shahzaib lptp\AndroidStudioProjects\loginsqlite\caches\7.5\fileContent)" [_thread_blocked, id=7224, stack(0x0000002a0fa00000,0x0000002a0fb00000)]
  0x0000016e10d3b800 JavaThread "Cache worker for execution history cache (C:\Users\shahzaib lptp\AndroidStudioProjects\loginsqlite\caches\7.5\executionHistory)" [_thread_blocked, id=6032, stack(0x0000002a0f900000,0x0000002a0fa00000)]
  0x0000016e10d3c000 JavaThread "jar transforms" [_thread_blocked, id=9948, stack(0x0000002a0fd00000,0x0000002a0fe00000)]
  0x0000016e10d3f800 JavaThread "jar transforms Thread 2" [_thread_blocked, id=8212, stack(0x0000002a0ff00000,0x0000002a10000000)]
  0x0000016e10d40000 JavaThread "jar transforms Thread 3" [_thread_blocked, id=8912, stack(0x0000002a0fe00000,0x0000002a0ff00000)]
  0x0000016e10d3e000 JavaThread "jar transforms Thread 4" [_thread_blocked, id=15696, stack(0x0000002a10300000,0x0000002a10400000)]
  0x0000016e106a1000 JavaThread "Memory manager" [_thread_blocked, id=13184, stack(0x0000002a12e00000,0x0000002a12f00000)]
  0x0000016e106a0000 JavaThread "pool-3-thread-1" [_thread_blocked, id=4944, stack(0x0000002a0d100000,0x0000002a0d200000)]
  0x0000016e0f073000 JavaThread "pool-7-thread-1" [_thread_blocked, id=12464, stack(0x0000002a12d00000,0x0000002a12e00000)]
  0x0000016e10697000 JavaThread "pool-12-thread-1" [_thread_blocked, id=7740, stack(0x0000002a12f00000,0x0000002a13000000)]
  0x0000016e0f06c800 JavaThread "pool-17-thread-1" [_thread_blocked, id=11132, stack(0x0000002a13000000,0x0000002a13100000)]
  0x0000016e0f071800 JavaThread "pool-22-thread-1" [_thread_blocked, id=6504, stack(0x0000002a13100000,0x0000002a13200000)]
  0x0000016e1069d000 JavaThread "pool-27-thread-1" [_thread_blocked, id=11328, stack(0x0000002a12c00000,0x0000002a12d00000)]
  0x0000016e10d46800 JavaThread "pool-32-thread-1" [_thread_blocked, id=7404, stack(0x0000002a13200000,0x0000002a13300000)]
  0x0000016e0f06f000 JavaThread "pool-35-thread-1" [_thread_blocked, id=6420, stack(0x0000002a13400000,0x0000002a13500000)]
  0x0000016e10695800 JavaThread "pool-38-thread-1" [_thread_blocked, id=6916, stack(0x0000002a13300000,0x0000002a13400000)]
  0x0000016e0f075800 JavaThread "pool-43-thread-1" [_thread_blocked, id=16072, stack(0x0000002a13600000,0x0000002a13700000)]
  0x0000016e0f070800 JavaThread "pool-48-thread-1" [_thread_blocked, id=12224, stack(0x0000002a13500000,0x0000002a13600000)]
  0x0000016e0f079800 JavaThread "Cache worker for Java compile cache (C:\Users\shahzaib lptp\AndroidStudioProjects\loginsqlite\caches\7.5\javaCompile)" [_thread_blocked, id=15796, stack(0x0000002a13d00000,0x0000002a13e00000)]
  0x0000016e10d47800 JavaThread "pool-52-thread-1" [_thread_blocked, id=7980, stack(0x0000002a13700000,0x0000002a13800000)]
  0x0000016e1069c000 JavaThread "pool-56-thread-1" [_thread_blocked, id=2488, stack(0x0000002a13800000,0x0000002a13900000)]
  0x0000016e0f078000 JavaThread "pool-60-thread-1" [_thread_blocked, id=10952, stack(0x0000002a13900000,0x0000002a13a00000)]
  0x0000016e10d42800 JavaThread "pool-64-thread-1" [_thread_blocked, id=10676, stack(0x0000002a13a00000,0x0000002a13b00000)]
  0x0000016e17319000 JavaThread "pool-68-thread-1" [_thread_blocked, id=16284, stack(0x0000002a12b00000,0x0000002a12c00000)]
  0x0000016e0f072000 JavaThread "pool-72-thread-1" [_thread_blocked, id=14084, stack(0x0000002a13b00000,0x0000002a13c00000)]
  0x0000016e17264000 JavaThread "ForkJoinPool.commonPool-worker-7" daemon [_thread_blocked, id=12808, stack(0x0000002a14e00000,0x0000002a14f00000)]
  0x0000016e10d44800 JavaThread "pool-76-thread-1" [_thread_blocked, id=8180, stack(0x0000002a13c00000,0x0000002a13d00000)]
  0x0000016e0f06d800 JavaThread "Daemon Thread 11" [_thread_blocked, id=1304, stack(0x0000002a0d200000,0x0000002a0d300000)]
  0x0000016e0f076800 JavaThread "Daemon worker Thread 11" [_thread_blocked, id=15928, stack(0x0000002a0eb00000,0x0000002a0ec00000)]
  0x0000016e1731f000 JavaThread "pool-80-thread-1" [_thread_blocked, id=804, stack(0x0000002a13e00000,0x0000002a13f00000)]
  0x0000016e1731a000 JavaThread "included builds" [_thread_blocked, id=6252, stack(0x0000002a14000000,0x0000002a14100000)]
  0x0000016e10694000 JavaThread "ForkJoinPool.commonPool-worker-3" daemon [_thread_blocked, id=9656, stack(0x0000002a14f00000,0x0000002a15000000)]
  0x0000016e10692800 JavaThread "ForkJoinPool.commonPool-worker-1" daemon [_thread_blocked, id=5392, stack(0x0000002a15000000,0x0000002a15100000)]
  0x0000016e10694800 JavaThread "Handler for socket connection from /127.0.0.1:52755 to /127.0.0.1:64080" [_thread_in_native, id=4612, stack(0x0000002a0d300000,0x0000002a0d400000)]
  0x0000016e10693000 JavaThread "Cancel handler" [_thread_blocked, id=14680, stack(0x0000002a0e400000,0x0000002a0e500000)]
  0x0000016e1069a800 JavaThread "Asynchronous log dispatcher for DefaultDaemonConnection: socket connection from /127.0.0.1:52755 to /127.0.0.1:64080" [_thread_blocked, id=15044, stack(0x0000002a0ec00000,0x0000002a0ed00000)]
  0x0000016e1069b800 JavaThread "Stdin handler" [_thread_blocked, id=2360, stack(0x0000002a0ed00000,0x0000002a0ee00000)]
  0x0000016e10696800 JavaThread "Daemon client event forwarder" [_thread_blocked, id=10664, stack(0x0000002a0ee00000,0x0000002a0ef00000)]
  0x0000016e1069d800 JavaThread "Cache worker for checksums cache (C:\Users\shahzaib lptp\AndroidStudioProjects\EyeonwaterApp\.gradle\7.5\checksums)" [_thread_blocked, id=11020, stack(0x0000002a0ef00000,0x0000002a0f000000)]
  0x0000016e17259000 JavaThread "Cache worker for cache directory md-rule (C:\Users\shahzaib lptp\AndroidStudioProjects\loginsqlite\caches\7.5\md-rule)" [_thread_blocked, id=1716, stack(0x0000002a0f000000,0x0000002a0f100000)]
  0x0000016e1725b000 JavaThread "Cache worker for file hash cache (C:\Users\shahzaib lptp\AndroidStudioProjects\EyeonwaterApp\.gradle\7.5\fileHashes)" [_thread_blocked, id=4272, stack(0x0000002a0f200000,0x0000002a0f300000)]
  0x0000016e17258000 JavaThread "Cache worker for cache directory md-supplier (C:\Users\shahzaib lptp\AndroidStudioProjects\loginsqlite\caches\7.5\md-supplier)" [_thread_blocked, id=9508, stack(0x0000002a0f800000,0x0000002a0f900000)]
  0x0000016e1725e800 JavaThread "Cache worker for dependencies-accessors (C:\Users\shahzaib lptp\AndroidStudioProjects\EyeonwaterApp\.gradle\7.5\dependencies-accessors)" [_thread_blocked, id=16312, stack(0x0000002a0fb00000,0x0000002a0fc00000)]
  0x0000016e1725f800 JavaThread "Cache worker for Build Output Cleanup Cache (C:\Users\shahzaib lptp\AndroidStudioProjects\EyeonwaterApp\.gradle\buildOutputCleanup)" [_thread_blocked, id=7596, stack(0x0000002a0fc00000,0x0000002a0fd00000)]
  0x0000016e18460000 JavaThread "C2 CompilerThread1" daemon [_thread_in_native, id=12292, stack(0x0000002a10000000,0x0000002a10100000)]
  0x0000016e1725d800 JavaThread "Unconstrained build operations" [_thread_blocked, id=696, stack(0x0000002a10100000,0x0000002a10200000)]
  0x0000016e17259800 JavaThread "Unconstrained build operations Thread 2" [_thread_blocked, id=11672, stack(0x0000002a10200000,0x0000002a10300000)]
  0x0000016e17260000 JavaThread "Unconstrained build operations Thread 3" [_thread_blocked, id=9644, stack(0x0000002a10400000,0x0000002a10500000)]
  0x0000016e1725a800 JavaThread "Unconstrained build operations Thread 4" [_thread_blocked, id=8572, stack(0x0000002a10500000,0x0000002a10600000)]
  0x0000016e1725d000 JavaThread "Unconstrained build operations Thread 5" [_thread_blocked, id=15440, stack(0x0000002a10600000,0x0000002a10700000)]
  0x0000016e17262000 JavaThread "Unconstrained build operations Thread 6" [_thread_blocked, id=12136, stack(0x0000002a10700000,0x0000002a10800000)]
  0x0000016e1725c000 JavaThread "Unconstrained build operations Thread 7" [_thread_blocked, id=8368, stack(0x0000002a10800000,0x0000002a10900000)]
  0x0000016e17266000 JavaThread "Unconstrained build operations Thread 8" [_thread_blocked, id=12220, stack(0x0000002a10900000,0x0000002a10a00000)]
  0x0000016e17265000 JavaThread "Unconstrained build operations Thread 9" [_thread_blocked, id=868, stack(0x0000002a10a00000,0x0000002a10b00000)]
  0x0000016e17262800 JavaThread "Unconstrained build operations Thread 10" [_thread_blocked, id=12704, stack(0x0000002a10b00000,0x0000002a10c00000)]
  0x0000016e17261000 JavaThread "Unconstrained build operations Thread 11" [_thread_blocked, id=14120, stack(0x0000002a10c00000,0x0000002a10d00000)]
  0x0000016e17266800 JavaThread "Unconstrained build operations Thread 12" [_thread_blocked, id=14580, stack(0x0000002a10d00000,0x0000002a10e00000)]
  0x0000016e17263800 JavaThread "Unconstrained build operations Thread 13" [_thread_blocked, id=15132, stack(0x0000002a10e00000,0x0000002a10f00000)]
  0x0000016e13623000 JavaThread "Unconstrained build operations Thread 14" [_thread_blocked, id=5684, stack(0x0000002a10f00000,0x0000002a11000000)]
  0x0000016e13627800 JavaThread "Unconstrained build operations Thread 15" [_thread_blocked, id=9880, stack(0x0000002a11000000,0x0000002a11100000)]
  0x0000016e13626000 JavaThread "Unconstrained build operations Thread 16" [_thread_blocked, id=7248, stack(0x0000002a11100000,0x0000002a11200000)]
  0x0000016e13623800 JavaThread "Unconstrained build operations Thread 17" [_thread_blocked, id=5660, stack(0x0000002a11200000,0x0000002a11300000)]
  0x0000016e13624800 JavaThread "Unconstrained build operations Thread 18" [_thread_blocked, id=14168, stack(0x0000002a11300000,0x0000002a11400000)]
  0x0000016e13622000 JavaThread "Unconstrained build operations Thread 19" [_thread_blocked, id=10620, stack(0x0000002a11400000,0x0000002a11500000)]
  0x0000016e13628800 JavaThread "Unconstrained build operations Thread 20" [_thread_blocked, id=12276, stack(0x0000002a11500000,0x0000002a11600000)]
  0x0000016e13625000 JavaThread "Unconstrained build operations Thread 21" [_thread_blocked, id=14472, stack(0x0000002a11600000,0x0000002a11700000)]
  0x0000016e13629800 JavaThread "Unconstrained build operations Thread 22" [_thread_blocked, id=8644, stack(0x0000002a11700000,0x0000002a11800000)]
  0x0000016e1362c800 JavaThread "Unconstrained build operations Thread 23" [_thread_blocked, id=10296, stack(0x0000002a11800000,0x0000002a11900000)]
  0x0000016e1362a000 JavaThread "Unconstrained build operations Thread 24" [_thread_blocked, id=15380, stack(0x0000002a11900000,0x0000002a11a00000)]
  0x0000016e1362c000 JavaThread "Unconstrained build operations Thread 25" [_thread_blocked, id=15436, stack(0x0000002a11a00000,0x0000002a11b00000)]
  0x0000016e13627000 JavaThread "Unconstrained build operations Thread 26" [_thread_blocked, id=7140, stack(0x0000002a11b00000,0x0000002a11c00000)]
  0x0000016e13630800 JavaThread "Unconstrained build operations Thread 27" [_thread_blocked, id=15020, stack(0x0000002a11c00000,0x0000002a11d00000)]
  0x0000016e1362d800 JavaThread "Unconstrained build operations Thread 28" [_thread_blocked, id=1504, stack(0x0000002a11d00000,0x0000002a11e00000)]
  0x0000016e1362f000 JavaThread "Unconstrained build operations Thread 29" [_thread_blocked, id=5164, stack(0x0000002a11e00000,0x0000002a11f00000)]
  0x0000016e1362e000 JavaThread "Unconstrained build operations Thread 30" [_thread_blocked, id=14052, stack(0x0000002a11f00000,0x0000002a12000000)]
  0x0000016e13630000 JavaThread "Unconstrained build operations Thread 31" [_thread_blocked, id=11164, stack(0x0000002a12000000,0x0000002a12100000)]
  0x0000016e17314000 JavaThread "Unconstrained build operations Thread 32" [_thread_blocked, id=14392, stack(0x0000002a12100000,0x0000002a12200000)]
  0x0000016e17313800 JavaThread "Unconstrained build operations Thread 33" [_thread_blocked, id=16060, stack(0x0000002a12200000,0x0000002a12300000)]
  0x0000016e17315000 JavaThread "Unconstrained build operations Thread 34" [_thread_blocked, id=12336, stack(0x0000002a12300000,0x0000002a12400000)]
  0x0000016e17310000 JavaThread "Unconstrained build operations Thread 35" [_thread_blocked, id=1632, stack(0x0000002a12400000,0x0000002a12500000)]
  0x0000016e17312800 JavaThread "Unconstrained build operations Thread 36" [_thread_blocked, id=1232, stack(0x0000002a12500000,0x0000002a12600000)]
  0x0000016e17316000 JavaThread "Unconstrained build operations Thread 37" [_thread_blocked, id=5316, stack(0x0000002a12600000,0x0000002a12700000)]
  0x0000016e17316800 JavaThread "Unconstrained build operations Thread 38" [_thread_blocked, id=3472, stack(0x0000002a12700000,0x0000002a12800000)]
  0x0000016e17311000 JavaThread "Unconstrained build operations Thread 39" [_thread_blocked, id=5236, stack(0x0000002a12800000,0x0000002a12900000)]
  0x0000016e17311800 JavaThread "Unconstrained build operations Thread 40" [_thread_blocked, id=5144, stack(0x0000002a12900000,0x0000002a12a00000)]
  0x0000016e1731e000 JavaThread "build event listener" [_thread_blocked, id=14880, stack(0x0000002a12a00000,0x0000002a12b00000)]
  0x0000016e1731c800 JavaThread "pool-84-thread-1" [_thread_blocked, id=6080, stack(0x0000002a13f00000,0x0000002a14000000)]
  0x0000016e1731a800 JavaThread "build event listener" [_thread_blocked, id=7688, stack(0x0000002a14100000,0x0000002a14200000)]
  0x0000016e1731d000 JavaThread "included builds" [_thread_blocked, id=6348, stack(0x0000002a14200000,0x0000002a14300000)]
  0x0000016e1731b800 JavaThread "Execution worker" [_thread_in_native, id=16100, stack(0x0000002a14300000,0x0000002a14400000)]
  0x0000016e17318800 JavaThread "Execution worker Thread 2" [_thread_blocked, id=5740, stack(0x0000002a14400000,0x0000002a14500000)]
  0x0000016e10d41000 JavaThread "Execution worker Thread 3" [_thread_blocked, id=9484, stack(0x0000002a14500000,0x0000002a14600000)]
  0x0000016e10d3e800 JavaThread "Cache worker for execution history cache (C:\Users\shahzaib lptp\AndroidStudioProjects\EyeonwaterApp\.gradle\7.5\executionHistory)" [_thread_blocked, id=11140, stack(0x0000002a14600000,0x0000002a14700000)]
  0x0000016e10d46000 JavaThread "Build operations" [_thread_blocked, id=10896, stack(0x0000002a14700000,0x0000002a14800000)]
  0x0000016e10d42000 JavaThread "Build operations Thread 2" [_thread_blocked, id=7300, stack(0x0000002a14800000,0x0000002a14900000)]
  0x0000016e10d45000 JavaThread "Build operations Thread 3" [_thread_blocked, id=15200, stack(0x0000002a14900000,0x0000002a14a00000)]
  0x0000016e10d48800 JavaThread "Build operations Thread 4" [_thread_blocked, id=10804, stack(0x0000002a14a00000,0x0000002a14b00000)]

Other Threads:
  0x0000016e7cc34000 VMThread "VM Thread" [stack: 0x0000002a0da00000,0x0000002a0db00000] [id=8932]
  0x0000016e7daf1800 WatcherThread [stack: 0x0000002a0e500000,0x0000002a0e600000] [id=6236]
  0x0000016e72031000 GCTaskThread "GC Thread#0" [stack: 0x0000002a0d500000,0x0000002a0d600000] [id=13824]
  0x0000016e7e78f800 GCTaskThread "GC Thread#1" [stack: 0x0000002a0e600000,0x0000002a0e700000] [id=212]
  0x0000016e7d7f9800 GCTaskThread "GC Thread#2" [stack: 0x0000002a0e700000,0x0000002a0e800000] [id=1476]
  0x0000016e7daad800 GCTaskThread "GC Thread#3" [stack: 0x0000002a0f100000,0x0000002a0f200000] [id=5464]
  0x0000016e72060800 ConcurrentGCThread "G1 Main Marker" [stack: 0x0000002a0d600000,0x0000002a0d700000] [id=8832]
  0x0000016e72062000 ConcurrentGCThread "G1 Conc#0" [stack: 0x0000002a0d700000,0x0000002a0d800000] [id=9520]
  0x0000016e720e1800 ConcurrentGCThread "G1 Refine#0" [stack: 0x0000002a0d800000,0x0000002a0d900000] [id=11104]
  0x0000016e7ca90800 ConcurrentGCThread "G1 Young RemSet Sampling" [stack: 0x0000002a0d900000,0x0000002a0da00000] [id=1472]

Threads with active compile tasks:
C2 CompilerThread0  2520733 29139       4       org.gradle.api.internal.artifacts.ivyservice.ivyresolve.RepositoryChainComponentMetaDataResolver::resolveModule (277 bytes)
C2 CompilerThread1  2520733 29166       4       org.gradle.api.internal.artifacts.transform.AttributeMatchingVariantSelector::doSelect (469 bytes)

VM state:not at safepoint (normal execution)

VM Mutex/Monitor currently owned by a thread: None

Heap address: 0x0000000080000000, size: 2048 MB, Compressed Oops mode: 32-bit
Narrow klass base: 0x0000000000000000, Narrow klass shift: 3
Compressed class space size: 1073741824 Address: 0x0000000100000000

Heap:
 garbage-first heap   total 227328K, used 142015K [0x0000000080000000, 0x0000000100000000)
  region size 1024K, 32 young (32768K), 8 survivors (8192K)
 Metaspace       used 138346K, capacity 143065K, committed 144472K, reserved 1173504K
  class space    used 17183K, capacity 19046K, committed 19544K, reserved 1048576K
Heap Regions: E=young(eden), S=young(survivor), O=old, HS=humongous(starts), HC=humongous(continues), CS=collection set, F=free, A=archive, TAMS=top-at-mark-start (previous, next)
|   0|0x0000000080000000, 0x0000000080100000, 0x0000000080100000|100%| O|  |TAMS 0x0000000080100000, 0x0000000080000000| Untracked 
|   1|0x0000000080100000, 0x0000000080200000, 0x0000000080200000|100%| O|  |TAMS 0x0000000080200000, 0x0000000080100000| Untracked 
|   2|0x0000000080200000, 0x0000000080300000, 0x0000000080300000|100%| O|  |TAMS 0x0000000080300000, 0x0000000080200000| Untracked 
|   3|0x0000000080300000, 0x0000000080400000, 0x0000000080400000|100%|HS|  |TAMS 0x0000000080400000, 0x0000000080300000| Complete 
|   4|0x0000000080400000, 0x0000000080500000, 0x0000000080500000|100%|HC|  |TAMS 0x0000000080500000, 0x0000000080400000| Complete 
|   5|0x0000000080500000, 0x0000000080600000, 0x0000000080600000|100%|HC|  |TAMS 0x0000000080600000, 0x0000000080500000| Complete 
|   6|0x0000000080600000, 0x0000000080700000, 0x0000000080700000|100%| O|  |TAMS 0x0000000080700000, 0x0000000080600000| Untracked 
|   7|0x0000000080700000, 0x0000000080800000, 0x0000000080800000|100%| O|  |TAMS 0x0000000080800000, 0x0000000080700000| Untracked 
|   8|0x0000000080800000, 0x0000000080900000, 0x0000000080900000|100%| O|  |TAMS 0x0000000080900000, 0x0000000080800000| Untracked 
|   9|0x0000000080900000, 0x0000000080a00000, 0x0000000080a00000|100%| O|  |TAMS 0x0000000080a00000, 0x0000000080900000| Untracked 
|  10|0x0000000080a00000, 0x0000000080b00000, 0x0000000080b00000|100%| O|  |TAMS 0x0000000080b00000, 0x0000000080a00000| Untracked 
|  11|0x0000000080b00000, 0x0000000080c00000, 0x0000000080c00000|100%| O|  |TAMS 0x0000000080c00000, 0x0000000080b00000| Untracked 
|  12|0x0000000080c00000, 0x0000000080d00000, 0x0000000080d00000|100%| O|  |TAMS 0x0000000080d00000, 0x0000000080c00000| Untracked 
|  13|0x0000000080d00000, 0x0000000080e00000, 0x0000000080e00000|100%| O|  |TAMS 0x0000000080e00000, 0x0000000080d00000| Untracked 
|  14|0x0000000080e00000, 0x0000000080f00000, 0x0000000080f00000|100%| O|  |TAMS 0x0000000080f00000, 0x0000000080e00000| Untracked 
|  15|0x0000000080f00000, 0x0000000081000000, 0x0000000081000000|100%| O|  |TAMS 0x0000000081000000, 0x0000000080f00000| Untracked 
|  16|0x0000000081000000, 0x0000000081100000, 0x0000000081100000|100%| O|  |TAMS 0x0000000081100000, 0x0000000081000000| Untracked 
|  17|0x0000000081100000, 0x0000000081200000, 0x0000000081200000|100%| O|  |TAMS 0x0000000081200000, 0x0000000081100000| Untracked 
|  18|0x0000000081200000, 0x0000000081300000, 0x0000000081300000|100%| O|  |TAMS 0x0000000081300000, 0x0000000081200000| Untracked 
|  19|0x0000000081300000, 0x0000000081400000, 0x0000000081400000|100%| O|  |TAMS 0x0000000081400000, 0x0000000081300000| Untracked 
|  20|0x0000000081400000, 0x0000000081400000, 0x0000000081500000|  0%| F|  |TAMS 0x0000000081400000, 0x0000000081400000| Untracked 
|  21|0x0000000081500000, 0x0000000081600000, 0x0000000081600000|100%| O|  |TAMS 0x0000000081600000, 0x0000000081500000| Untracked 
|  22|0x0000000081600000, 0x0000000081700000, 0x0000000081700000|100%| O|  |TAMS 0x0000000081700000, 0x0000000081600000| Untracked 
|  23|0x0000000081700000, 0x0000000081800000, 0x0000000081800000|100%| O|  |TAMS 0x0000000081800000, 0x0000000081700000| Untracked 
|  24|0x0000000081800000, 0x0000000081900000, 0x0000000081900000|100%| O|  |TAMS 0x0000000081900000, 0x0000000081800000| Untracked 
|  25|0x0000000081900000, 0x0000000081a00000, 0x0000000081a00000|100%| O|  |TAMS 0x0000000081a00000, 0x0000000081900000| Untracked 
|  26|0x0000000081a00000, 0x0000000081b00000, 0x0000000081b00000|100%|HS|  |TAMS 0x0000000081b00000, 0x0000000081a00000| Complete 
|  27|0x0000000081b00000, 0x0000000081c00000, 0x0000000081c00000|100%|HS|  |TAMS 0x0000000081c00000, 0x0000000081b00000| Complete 
|  28|0x0000000081c00000, 0x0000000081d00000, 0x0000000081d00000|100%| O|  |TAMS 0x0000000081d00000, 0x0000000081c00000| Untracked 
|  29|0x0000000081d00000, 0x0000000081e00000, 0x0000000081e00000|100%| O|  |TAMS 0x0000000081e00000, 0x0000000081d00000| Untracked 
|  30|0x0000000081e00000, 0x0000000081f00000, 0x0000000081f00000|100%| O|  |TAMS 0x0000000081f00000, 0x0000000081e00000| Untracked 
|  31|0x0000000081f00000, 0x0000000082000000, 0x0000000082000000|100%| O|  |TAMS 0x0000000082000000, 0x0000000081f00000| Untracked 
|  32|0x0000000082000000, 0x0000000082100000, 0x0000000082100000|100%| O|  |TAMS 0x0000000082100000, 0x0000000082000000| Untracked 
|  33|0x0000000082100000, 0x0000000082200000, 0x0000000082200000|100%| O|  |TAMS 0x0000000082200000, 0x0000000082100000| Untracked 
|  34|0x0000000082200000, 0x0000000082300000, 0x0000000082300000|100%| O|  |TAMS 0x0000000082300000, 0x0000000082200000| Untracked 
|  35|0x0000000082300000, 0x0000000082300000, 0x0000000082400000|  0%| F|  |TAMS 0x0000000082300000, 0x0000000082300000| Untracked 
|  36|0x0000000082400000, 0x0000000082500000, 0x0000000082500000|100%| O|  |TAMS 0x0000000082500000, 0x0000000082400000| Untracked 
|  37|0x0000000082500000, 0x0000000082600000, 0x0000000082600000|100%| O|  |TAMS 0x0000000082600000, 0x0000000082500000| Untracked 
|  38|0x0000000082600000, 0x0000000082600000, 0x0000000082700000|  0%| F|  |TAMS 0x0000000082600000, 0x0000000082600000| Untracked 
|  39|0x0000000082700000, 0x0000000082700000, 0x0000000082800000|  0%| F|  |TAMS 0x0000000082700000, 0x0000000082700000| Untracked 
|  40|0x0000000082800000, 0x0000000082900000, 0x0000000082900000|100%| O|  |TAMS 0x0000000082900000, 0x0000000082800000| Untracked 
|  41|0x0000000082900000, 0x0000000082a00000, 0x0000000082a00000|100%| O|  |TAMS 0x0000000082a00000, 0x0000000082900000| Untracked 
|  42|0x0000000082a00000, 0x0000000082a00000, 0x0000000082b00000|  0%| F|  |TAMS 0x0000000082a00000, 0x0000000082a00000| Untracked 
|  43|0x0000000082b00000, 0x0000000082c00000, 0x0000000082c00000|100%| O|  |TAMS 0x0000000082c00000, 0x0000000082b00000| Untracked 
|  44|0x0000000082c00000, 0x0000000082d00000, 0x0000000082d00000|100%| O|  |TAMS 0x0000000082d00000, 0x0000000082c00000| Untracked 
|  45|0x0000000082d00000, 0x0000000082d00000, 0x0000000082e00000|  0%| F|  |TAMS 0x0000000082d00000, 0x0000000082d00000| Untracked 
|  46|0x0000000082e00000, 0x0000000082f00000, 0x0000000082f00000|100%| O|  |TAMS 0x0000000082f00000, 0x0000000082e00000| Untracked 
|  47|0x0000000082f00000, 0x0000000082f00000, 0x0000000083000000|  0%| F|  |TAMS 0x0000000082f00000, 0x0000000082f00000| Untracked 
|  48|0x0000000083000000, 0x0000000083100000, 0x0000000083100000|100%| O|  |TAMS 0x0000000083100000, 0x0000000083000000| Untracked 
|  49|0x0000000083100000, 0x0000000083100000, 0x0000000083200000|  0%| F|  |TAMS 0x0000000083100000, 0x0000000083100000| Untracked 
|  50|0x0000000083200000, 0x0000000083200000, 0x0000000083300000|  0%| F|  |TAMS 0x0000000083200000, 0x0000000083200000| Untracked 
|  51|0x0000000083300000, 0x0000000083400000, 0x0000000083400000|100%| O|  |TAMS 0x0000000083400000, 0x0000000083300000| Untracked 
|  52|0x0000000083400000, 0x0000000083400000, 0x0000000083500000|  0%| F|  |TAMS 0x0000000083400000, 0x0000000083400000| Untracked 
|  53|0x0000000083500000, 0x0000000083600000, 0x0000000083600000|100%| O|  |TAMS 0x0000000083600000, 0x0000000083500000| Untracked 
|  54|0x0000000083600000, 0x0000000083700000, 0x0000000083700000|100%| O|  |TAMS 0x0000000083700000, 0x0000000083600000| Untracked 
|  55|0x0000000083700000, 0x0000000083800000, 0x0000000083800000|100%| O|  |TAMS 0x0000000083800000, 0x0000000083700000| Untracked 
|  56|0x0000000083800000, 0x0000000083800000, 0x0000000083900000|  0%| F|  |TAMS 0x0000000083800000, 0x0000000083800000| Untracked 
|  57|0x0000000083900000, 0x0000000083a00000, 0x0000000083a00000|100%| O|  |TAMS 0x0000000083a00000, 0x0000000083900000| Untracked 
|  58|0x0000000083a00000, 0x0000000083b00000, 0x0000000083b00000|100%| O|  |TAMS 0x0000000083b00000, 0x0000000083a00000| Untracked 
|  59|0x0000000083b00000, 0x0000000083c00000, 0x0000000083c00000|100%| O|  |TAMS 0x0000000083c00000, 0x0000000083b00000| Untracked 
|  60|0x0000000083c00000, 0x0000000083d00000, 0x0000000083d00000|100%| O|  |TAMS 0x0000000083d00000, 0x0000000083c00000| Untracked 
|  61|0x0000000083d00000, 0x0000000083e00000, 0x0000000083e00000|100%| O|  |TAMS 0x0000000083e00000, 0x0000000083d00000| Untracked 
|  62|0x0000000083e00000, 0x0000000083f00000, 0x0000000083f00000|100%| O|  |TAMS 0x0000000083f00000, 0x0000000083e00000| Untracked 
|  63|0x0000000083f00000, 0x0000000083f00000, 0x0000000084000000|  0%| F|  |TAMS 0x0000000083f00000, 0x0000000083f00000| Untracked 
|  64|0x0000000084000000, 0x0000000084100000, 0x0000000084100000|100%| O|  |TAMS 0x0000000084100000, 0x0000000084000000| Untracked 
|  65|0x0000000084100000, 0x0000000084100000, 0x0000000084200000|  0%| F|  |TAMS 0x0000000084100000, 0x0000000084100000| Untracked 
|  66|0x0000000084200000, 0x0000000084300000, 0x0000000084300000|100%| O|  |TAMS 0x0000000084300000, 0x0000000084200000| Untracked 
|  67|0x0000000084300000, 0x0000000084300000, 0x0000000084400000|  0%| F|  |TAMS 0x0000000084300000, 0x0000000084300000| Untracked 
|  68|0x0000000084400000, 0x0000000084500000, 0x0000000084500000|100%| O|  |TAMS 0x0000000084500000, 0x0000000084400000| Untracked 
|  69|0x0000000084500000, 0x0000000084600000, 0x0000000084600000|100%| O|  |TAMS 0x0000000084600000, 0x0000000084500000| Untracked 
|  70|0x0000000084600000, 0x0000000084600000, 0x0000000084700000|  0%| F|  |TAMS 0x0000000084600000, 0x0000000084600000| Untracked 
|  71|0x0000000084700000, 0x0000000084800000, 0x0000000084800000|100%| O|  |TAMS 0x0000000084800000, 0x0000000084700000| Untracked 
|  72|0x0000000084800000, 0x0000000084900000, 0x0000000084900000|100%| O|  |TAMS 0x0000000084900000, 0x0000000084800000| Untracked 
|  73|0x0000000084900000, 0x0000000084a00000, 0x0000000084a00000|100%| O|  |TAMS 0x0000000084a00000, 0x0000000084900000| Untracked 
|  74|0x0000000084a00000, 0x0000000084b00000, 0x0000000084b00000|100%| O|  |TAMS 0x0000000084b00000, 0x0000000084a00000| Untracked 
|  75|0x0000000084b00000, 0x0000000084c00000, 0x0000000084c00000|100%| O|  |TAMS 0x0000000084c00000, 0x0000000084b00000| Untracked 
|  76|0x0000000084c00000, 0x0000000084d00000, 0x0000000084d00000|100%| O|  |TAMS 0x0000000084d00000, 0x0000000084c00000| Untracked 
|  77|0x0000000084d00000, 0x0000000084e00000, 0x0000000084e00000|100%| O|  |TAMS 0x0000000084e00000, 0x0000000084d00000| Untracked 
|  78|0x0000000084e00000, 0x0000000084f00000, 0x0000000084f00000|100%| O|  |TAMS 0x0000000084f00000, 0x0000000084e00000| Untracked 
|  79|0x0000000084f00000, 0x0000000085000000, 0x0000000085000000|100%| O|  |TAMS 0x0000000085000000, 0x0000000084f00000| Untracked 
|  80|0x0000000085000000, 0x0000000085000000, 0x0000000085100000|  0%| F|  |TAMS 0x0000000085000000, 0x0000000085000000| Untracked 
|  81|0x0000000085100000, 0x0000000085200000, 0x0000000085200000|100%| O|  |TAMS 0x0000000085200000, 0x0000000085100000| Untracked 
|  82|0x0000000085200000, 0x0000000085200000, 0x0000000085300000|  0%| F|  |TAMS 0x0000000085200000, 0x0000000085200000| Untracked 
|  83|0x0000000085300000, 0x0000000085300000, 0x0000000085400000|  0%| F|  |TAMS 0x0000000085300000, 0x0000000085300000| Untracked 
|  84|0x0000000085400000, 0x0000000085500000, 0x0000000085500000|100%| O|  |TAMS 0x0000000085500000, 0x0000000085400000| Untracked 
|  85|0x0000000085500000, 0x0000000085600000, 0x0000000085600000|100%| O|  |TAMS 0x0000000085600000, 0x0000000085500000| Untracked 
|  86|0x0000000085600000, 0x0000000085700000, 0x0000000085700000|100%| O|  |TAMS 0x0000000085700000, 0x0000000085600000| Untracked 
|  87|0x0000000085700000, 0x0000000085800000, 0x0000000085800000|100%| O|  |TAMS 0x0000000085800000, 0x0000000085700000| Untracked 
|  88|0x0000000085800000, 0x0000000085800000, 0x0000000085900000|  0%| F|  |TAMS 0x0000000085800000, 0x0000000085800000| Untracked 
|  89|0x0000000085900000, 0x0000000085900000, 0x0000000085a00000|  0%| F|  |TAMS 0x0000000085900000, 0x0000000085900000| Untracked 
|  90|0x0000000085a00000, 0x0000000085b00000, 0x0000000085b00000|100%| O|  |TAMS 0x0000000085b00000, 0x0000000085a00000| Untracked 
|  91|0x0000000085b00000, 0x0000000085c00000, 0x0000000085c00000|100%| O|  |TAMS 0x0000000085c00000, 0x0000000085b00000| Untracked 
|  92|0x0000000085c00000, 0x0000000085d00000, 0x0000000085d00000|100%| O|  |TAMS 0x0000000085d00000, 0x0000000085c00000| Untracked 
|  93|0x0000000085d00000, 0x0000000085e00000, 0x0000000085e00000|100%| O|  |TAMS 0x0000000085e00000, 0x0000000085d00000| Untracked 
|  94|0x0000000085e00000, 0x0000000085f00000, 0x0000000085f00000|100%| O|  |TAMS 0x0000000085f00000, 0x0000000085e00000| Untracked 
|  95|0x0000000085f00000, 0x0000000086000000, 0x0000000086000000|100%| O|  |TAMS 0x0000000086000000, 0x0000000085f00000| Untracked 
|  96|0x0000000086000000, 0x0000000086100000, 0x0000000086100000|100%| O|  |TAMS 0x0000000086100000, 0x0000000086000000| Untracked 
|  97|0x0000000086100000, 0x0000000086200000, 0x0000000086200000|100%| O|  |TAMS 0x0000000086200000, 0x0000000086100000| Untracked 
|  98|0x0000000086200000, 0x0000000086300000, 0x0000000086300000|100%| O|  |TAMS 0x0000000086300000, 0x0000000086200000| Untracked 
|  99|0x0000000086300000, 0x0000000086400000, 0x0000000086400000|100%| O|  |TAMS 0x0000000086400000, 0x0000000086300000| Untracked 
| 100|0x0000000086400000, 0x0000000086500000, 0x0000000086500000|100%| O|  |TAMS 0x0000000086500000, 0x0000000086400000| Untracked 
| 101|0x0000000086500000, 0x0000000086600000, 0x0000000086600000|100%| O|  |TAMS 0x0000000086600000, 0x0000000086500000| Untracked 
| 102|0x0000000086600000, 0x0000000086700000, 0x0000000086700000|100%| O|  |TAMS 0x0000000086700000, 0x0000000086600000| Untracked 
| 103|0x0000000086700000, 0x0000000086800000, 0x0000000086800000|100%| O|  |TAMS 0x0000000086800000, 0x0000000086700000| Untracked 
| 104|0x0000000086800000, 0x0000000086900000, 0x0000000086900000|100%| O|  |TAMS 0x0000000086900000, 0x0000000086800000| Untracked 
| 105|0x0000000086900000, 0x0000000086a00000, 0x0000000086a00000|100%| O|  |TAMS 0x0000000086a00000, 0x0000000086900000| Untracked 
| 106|0x0000000086a00000, 0x0000000086b00000, 0x0000000086b00000|100%| O|  |TAMS 0x0000000086b00000, 0x0000000086a00000| Untracked 
| 107|0x0000000086b00000, 0x0000000086c00000, 0x0000000086c00000|100%| O|  |TAMS 0x0000000086c00000, 0x0000000086b00000| Untracked 
| 108|0x0000000086c00000, 0x0000000086d00000, 0x0000000086d00000|100%| O|  |TAMS 0x0000000086d00000, 0x0000000086c00000| Untracked 
| 109|0x0000000086d00000, 0x0000000086e00000, 0x0000000086e00000|100%| O|  |TAMS 0x0000000086e00000, 0x0000000086d00000| Untracked 
| 110|0x0000000086e00000, 0x0000000086f00000, 0x0000000086f00000|100%| O|  |TAMS 0x0000000086f00000, 0x0000000086e00000| Untracked 
| 111|0x0000000086f00000, 0x0000000087000000, 0x0000000087000000|100%| O|  |TAMS 0x0000000087000000, 0x0000000086f00000| Untracked 
| 112|0x0000000087000000, 0x0000000087086c00, 0x0000000087100000| 52%| O|  |TAMS 0x0000000087086c00, 0x0000000087000000| Untracked 
| 113|0x0000000087100000, 0x0000000087100000, 0x0000000087200000|  0%| F|  |TAMS 0x0000000087100000, 0x0000000087100000| Untracked 
| 114|0x0000000087200000, 0x0000000087300000, 0x0000000087300000|100%| O|  |TAMS 0x0000000087300000, 0x0000000087200000| Untracked 
| 115|0x0000000087300000, 0x0000000087400000, 0x0000000087400000|100%| O|  |TAMS 0x0000000087400000, 0x0000000087300000| Untracked 
| 116|0x0000000087400000, 0x0000000087400000, 0x0000000087500000|  0%| F|  |TAMS 0x0000000087400000, 0x0000000087400000| Untracked 
| 117|0x0000000087500000, 0x0000000087600000, 0x0000000087600000|100%| O|  |TAMS 0x0000000087600000, 0x0000000087500000| Untracked 
| 118|0x0000000087600000, 0x0000000087700000, 0x0000000087700000|100%| O|  |TAMS 0x0000000087700000, 0x0000000087600000| Untracked 
| 119|0x0000000087700000, 0x0000000087700000, 0x0000000087800000|  0%| F|  |TAMS 0x0000000087700000, 0x0000000087700000| Untracked 
| 120|0x0000000087800000, 0x0000000087800000, 0x0000000087900000|  0%| F|  |TAMS 0x0000000087800000, 0x0000000087800000| Untracked 
| 121|0x0000000087900000, 0x0000000087900000, 0x0000000087a00000|  0%| F|  |TAMS 0x0000000087900000, 0x0000000087900000| Untracked 
| 122|0x0000000087a00000, 0x0000000087a00000, 0x0000000087b00000|  0%| F|  |TAMS 0x0000000087a00000, 0x0000000087a00000| Untracked 
| 123|0x0000000087b00000, 0x0000000087c00000, 0x0000000087c00000|100%| O|  |TAMS 0x0000000087c00000, 0x0000000087b00000| Untracked 
| 124|0x0000000087c00000, 0x0000000087d00000, 0x0000000087d00000|100%| O|  |TAMS 0x0000000087d00000, 0x0000000087c00000| Untracked 
| 125|0x0000000087d00000, 0x0000000087d00000, 0x0000000087e00000|  0%| F|  |TAMS 0x0000000087d00000, 0x0000000087d00000| Untracked 
| 126|0x0000000087e00000, 0x0000000087f00000, 0x0000000087f00000|100%| O|  |TAMS 0x0000000087f00000, 0x0000000087e00000| Untracked 
| 127|0x0000000087f00000, 0x0000000088000000, 0x0000000088000000|100%| O|  |TAMS 0x0000000088000000, 0x0000000087f00000| Untracked 
| 128|0x0000000088000000, 0x0000000088100000, 0x0000000088100000|100%| O|  |TAMS 0x0000000088100000, 0x0000000088000000| Untracked 
| 129|0x0000000088100000, 0x0000000088100000, 0x0000000088200000|  0%| F|  |TAMS 0x0000000088100000, 0x0000000088100000| Untracked 
| 130|0x0000000088200000, 0x0000000088200000, 0x0000000088300000|  0%| F|  |TAMS 0x0000000088200000, 0x0000000088200000| Untracked 
| 131|0x0000000088300000, 0x0000000088300000, 0x0000000088400000|  0%| F|  |TAMS 0x0000000088300000, 0x0000000088300000| Untracked 
| 132|0x0000000088400000, 0x0000000088400000, 0x0000000088500000|  0%| F|  |TAMS 0x0000000088400000, 0x0000000088400000| Untracked 
| 133|0x0000000088500000, 0x0000000088500000, 0x0000000088600000|  0%| F|  |TAMS 0x0000000088500000, 0x0000000088500000| Untracked 
| 134|0x0000000088600000, 0x0000000088600000, 0x0000000088700000|  0%| F|  |TAMS 0x0000000088600000, 0x0000000088600000| Untracked 
| 135|0x0000000088700000, 0x0000000088700000, 0x0000000088800000|  0%| F|  |TAMS 0x0000000088700000, 0x0000000088700000| Untracked 
| 136|0x0000000088800000, 0x0000000088900000, 0x0000000088900000|100%| O|  |TAMS 0x0000000088900000, 0x0000000088800000| Untracked 
| 137|0x0000000088900000, 0x0000000088a00000, 0x0000000088a00000|100%| O|  |TAMS 0x0000000088a00000, 0x0000000088900000| Untracked 
| 138|0x0000000088a00000, 0x0000000088b00000, 0x0000000088b00000|100%| O|  |TAMS 0x0000000088b00000, 0x0000000088a00000| Untracked 
| 139|0x0000000088b00000, 0x0000000088c00000, 0x0000000088c00000|100%| O|  |TAMS 0x0000000088c00000, 0x0000000088b00000| Untracked 
| 140|0x0000000088c00000, 0x0000000088d00000, 0x0000000088d00000|100%| O|  |TAMS 0x0000000088d00000, 0x0000000088c00000| Untracked 
| 141|0x0000000088d00000, 0x0000000088d00000, 0x0000000088e00000|  0%| F|  |TAMS 0x0000000088d00000, 0x0000000088d00000| Untracked 
| 142|0x0000000088e00000, 0x0000000088e00000, 0x0000000088f00000|  0%| F|  |TAMS 0x0000000088e00000, 0x0000000088e00000| Untracked 
| 143|0x0000000088f00000, 0x0000000088f00000, 0x0000000089000000|  0%| F|  |TAMS 0x0000000088f00000, 0x0000000088f00000| Untracked 
| 144|0x0000000089000000, 0x0000000089000000, 0x0000000089100000|  0%| F|  |TAMS 0x0000000089000000, 0x0000000089000000| Untracked 
| 145|0x0000000089100000, 0x0000000089100000, 0x0000000089200000|  0%| F|  |TAMS 0x0000000089100000, 0x0000000089100000| Untracked 
| 146|0x0000000089200000, 0x0000000089200000, 0x0000000089300000|  0%| F|  |TAMS 0x0000000089200000, 0x0000000089200000| Untracked 
| 147|0x0000000089300000, 0x0000000089300000, 0x0000000089400000|  0%| F|  |TAMS 0x0000000089300000, 0x0000000089300000| Untracked 
| 148|0x0000000089400000, 0x0000000089400000, 0x0000000089500000|  0%| F|  |TAMS 0x0000000089400000, 0x0000000089400000| Untracked 
| 149|0x0000000089500000, 0x0000000089500000, 0x0000000089600000|  0%| F|  |TAMS 0x0000000089500000, 0x0000000089500000| Untracked 
| 150|0x0000000089600000, 0x0000000089700000, 0x0000000089700000|100%| O|  |TAMS 0x0000000089700000, 0x0000000089600000| Untracked 
| 151|0x0000000089700000, 0x0000000089800000, 0x0000000089800000|100%| O|  |TAMS 0x0000000089800000, 0x0000000089700000| Untracked 
| 152|0x0000000089800000, 0x0000000089800000, 0x0000000089900000|  0%| F|  |TAMS 0x0000000089800000, 0x0000000089800000| Untracked 
| 153|0x0000000089900000, 0x00000000899292b0, 0x0000000089a00000| 16%| S|CS|TAMS 0x0000000089900000, 0x0000000089900000| Complete 
| 154|0x0000000089a00000, 0x0000000089b00000, 0x0000000089b00000|100%| S|CS|TAMS 0x0000000089a00000, 0x0000000089a00000| Complete 
| 155|0x0000000089b00000, 0x0000000089c00000, 0x0000000089c00000|100%| O|  |TAMS 0x0000000089c00000, 0x0000000089b00000| Untracked 
| 156|0x0000000089c00000, 0x0000000089d00000, 0x0000000089d00000|100%| S|CS|TAMS 0x0000000089c00000, 0x0000000089c00000| Complete 
| 157|0x0000000089d00000, 0x0000000089e00000, 0x0000000089e00000|100%| S|CS|TAMS 0x0000000089d00000, 0x0000000089d00000| Complete 
| 158|0x0000000089e00000, 0x0000000089f00000, 0x0000000089f00000|100%| S|CS|TAMS 0x0000000089e00000, 0x0000000089e00000| Complete 
| 159|0x0000000089f00000, 0x000000008a000000, 0x000000008a000000|100%| S|CS|TAMS 0x0000000089f00000, 0x0000000089f00000| Complete 
| 160|0x000000008a000000, 0x000000008a100000, 0x000000008a100000|100%| S|CS|TAMS 0x000000008a000000, 0x000000008a000000| Complete 
| 161|0x000000008a100000, 0x000000008a200000, 0x000000008a200000|100%| S|CS|TAMS 0x000000008a100000, 0x000000008a100000| Complete 
| 162|0x000000008a200000, 0x000000008a200000, 0x000000008a300000|  0%| F|  |TAMS 0x000000008a200000, 0x000000008a200000| Untracked 
| 163|0x000000008a300000, 0x000000008a300000, 0x000000008a400000|  0%| F|  |TAMS 0x000000008a300000, 0x000000008a300000| Untracked 
| 164|0x000000008a400000, 0x000000008a400000, 0x000000008a500000|  0%| F|  |TAMS 0x000000008a400000, 0x000000008a400000| Untracked 
| 165|0x000000008a500000, 0x000000008a500000, 0x000000008a600000|  0%| F|  |TAMS 0x000000008a500000, 0x000000008a500000| Untracked 
| 166|0x000000008a600000, 0x000000008a600000, 0x000000008a700000|  0%| F|  |TAMS 0x000000008a600000, 0x000000008a600000| Untracked 
| 167|0x000000008a700000, 0x000000008a700000, 0x000000008a800000|  0%| F|  |TAMS 0x000000008a700000, 0x000000008a700000| Untracked 
| 168|0x000000008a800000, 0x000000008a800000, 0x000000008a900000|  0%| F|  |TAMS 0x000000008a800000, 0x000000008a800000| Untracked 
| 169|0x000000008a900000, 0x000000008a900000, 0x000000008aa00000|  0%| F|  |TAMS 0x000000008a900000, 0x000000008a900000| Untracked 
| 170|0x000000008aa00000, 0x000000008aa00000, 0x000000008ab00000|  0%| F|  |TAMS 0x000000008aa00000, 0x000000008aa00000| Untracked 
| 171|0x000000008ab00000, 0x000000008ab00000, 0x000000008ac00000|  0%| F|  |TAMS 0x000000008ab00000, 0x000000008ab00000| Untracked 
| 172|0x000000008ac00000, 0x000000008ac00000, 0x000000008ad00000|  0%| F|  |TAMS 0x000000008ac00000, 0x000000008ac00000| Untracked 
| 173|0x000000008ad00000, 0x000000008ad00000, 0x000000008ae00000|  0%| F|  |TAMS 0x000000008ad00000, 0x000000008ad00000| Untracked 
| 174|0x000000008ae00000, 0x000000008ae00000, 0x000000008af00000|  0%| F|  |TAMS 0x000000008ae00000, 0x000000008ae00000| Untracked 
| 175|0x000000008af00000, 0x000000008af00000, 0x000000008b000000|  0%| F|  |TAMS 0x000000008af00000, 0x000000008af00000| Untracked 
| 176|0x000000008b000000, 0x000000008b000000, 0x000000008b100000|  0%| F|  |TAMS 0x000000008b000000, 0x000000008b000000| Untracked 
| 177|0x000000008b100000, 0x000000008b100000, 0x000000008b200000|  0%| F|  |TAMS 0x000000008b100000, 0x000000008b100000| Untracked 
| 178|0x000000008b200000, 0x000000008b200000, 0x000000008b300000|  0%| F|  |TAMS 0x000000008b200000, 0x000000008b200000| Untracked 
| 179|0x000000008b300000, 0x000000008b300000, 0x000000008b400000|  0%| F|  |TAMS 0x000000008b300000, 0x000000008b300000| Untracked 
| 180|0x000000008b400000, 0x000000008b400000, 0x000000008b500000|  0%| F|  |TAMS 0x000000008b400000, 0x000000008b400000| Untracked 
| 181|0x000000008b500000, 0x000000008b500000, 0x000000008b600000|  0%| F|  |TAMS 0x000000008b500000, 0x000000008b500000| Untracked 
| 182|0x000000008b600000, 0x000000008b600000, 0x000000008b700000|  0%| F|  |TAMS 0x000000008b600000, 0x000000008b600000| Untracked 
| 183|0x000000008b700000, 0x000000008b700000, 0x000000008b800000|  0%| F|  |TAMS 0x000000008b700000, 0x000000008b700000| Untracked 
| 184|0x000000008b800000, 0x000000008b800000, 0x000000008b900000|  0%| F|  |TAMS 0x000000008b800000, 0x000000008b800000| Untracked 
| 185|0x000000008b900000, 0x000000008b900000, 0x000000008ba00000|  0%| F|  |TAMS 0x000000008b900000, 0x000000008b900000| Untracked 
| 186|0x000000008ba00000, 0x000000008ba00000, 0x000000008bb00000|  0%| F|  |TAMS 0x000000008ba00000, 0x000000008ba00000| Untracked 
| 187|0x000000008bb00000, 0x000000008bb00000, 0x000000008bc00000|  0%| F|  |TAMS 0x000000008bb00000, 0x000000008bb00000| Untracked 
| 188|0x000000008bc00000, 0x000000008bc00000, 0x000000008bd00000|  0%| F|  |TAMS 0x000000008bc00000, 0x000000008bc00000| Untracked 
| 189|0x000000008bd00000, 0x000000008bd00000, 0x000000008be00000|  0%| F|  |TAMS 0x000000008bd00000, 0x000000008bd00000| Untracked 
| 190|0x000000008be00000, 0x000000008be00000, 0x000000008bf00000|  0%| F|  |TAMS 0x000000008be00000, 0x000000008be00000| Untracked 
| 191|0x000000008bf00000, 0x000000008bf00000, 0x000000008c000000|  0%| F|  |TAMS 0x000000008bf00000, 0x000000008bf00000| Untracked 
| 192|0x000000008c000000, 0x000000008c000000, 0x000000008c100000|  0%| F|  |TAMS 0x000000008c000000, 0x000000008c000000| Untracked 
| 193|0x000000008c100000, 0x000000008c100000, 0x000000008c200000|  0%| F|  |TAMS 0x000000008c100000, 0x000000008c100000| Untracked 
| 194|0x000000008c200000, 0x000000008c200000, 0x000000008c300000|  0%| F|  |TAMS 0x000000008c200000, 0x000000008c200000| Untracked 
| 195|0x000000008c300000, 0x000000008c300000, 0x000000008c400000|  0%| F|  |TAMS 0x000000008c300000, 0x000000008c300000| Untracked 
| 196|0x000000008c400000, 0x000000008c400000, 0x000000008c500000|  0%| F|  |TAMS 0x000000008c400000, 0x000000008c400000| Untracked 
| 197|0x000000008c500000, 0x000000008c500000, 0x000000008c600000|  0%| F|  |TAMS 0x000000008c500000, 0x000000008c500000| Untracked 
| 198|0x000000008c600000, 0x000000008c67ca68, 0x000000008c700000| 48%| E|  |TAMS 0x000000008c600000, 0x000000008c600000| Complete 
| 199|0x000000008c700000, 0x000000008c800000, 0x000000008c800000|100%| E|  |TAMS 0x000000008c700000, 0x000000008c700000| Complete 
| 200|0x000000008c800000, 0x000000008c900000, 0x000000008c900000|100%| E|CS|TAMS 0x000000008c800000, 0x000000008c800000| Complete 
| 201|0x000000008c900000, 0x000000008ca00000, 0x000000008ca00000|100%| E|CS|TAMS 0x000000008c900000, 0x000000008c900000| Complete 
| 202|0x000000008ca00000, 0x000000008cb00000, 0x000000008cb00000|100%| E|CS|TAMS 0x000000008ca00000, 0x000000008ca00000| Complete 
| 203|0x000000008cb00000, 0x000000008cc00000, 0x000000008cc00000|100%| E|CS|TAMS 0x000000008cb00000, 0x000000008cb00000| Complete 
| 204|0x000000008cc00000, 0x000000008cd00000, 0x000000008cd00000|100%| E|CS|TAMS 0x000000008cc00000, 0x000000008cc00000| Complete 
| 205|0x000000008cd00000, 0x000000008ce00000, 0x000000008ce00000|100%| E|CS|TAMS 0x000000008cd00000, 0x000000008cd00000| Complete 
| 206|0x000000008ce00000, 0x000000008cf00000, 0x000000008cf00000|100%| E|CS|TAMS 0x000000008ce00000, 0x000000008ce00000| Complete 
| 207|0x000000008cf00000, 0x000000008d000000, 0x000000008d000000|100%| E|CS|TAMS 0x000000008cf00000, 0x000000008cf00000| Complete 
| 208|0x000000008d000000, 0x000000008d100000, 0x000000008d100000|100%| E|CS|TAMS 0x000000008d000000, 0x000000008d000000| Complete 
| 209|0x000000008d100000, 0x000000008d200000, 0x000000008d200000|100%| E|CS|TAMS 0x000000008d100000, 0x000000008d100000| Complete 
| 210|0x000000008d200000, 0x000000008d300000, 0x000000008d300000|100%| E|CS|TAMS 0x000000008d200000, 0x000000008d200000| Complete 
| 211|0x000000008d300000, 0x000000008d400000, 0x000000008d400000|100%| E|CS|TAMS 0x000000008d300000, 0x000000008d300000| Complete 
| 212|0x000000008d400000, 0x000000008d500000, 0x000000008d500000|100%| E|CS|TAMS 0x000000008d400000, 0x000000008d400000| Complete 
| 213|0x000000008d500000, 0x000000008d600000, 0x000000008d600000|100%| E|CS|TAMS 0x000000008d500000, 0x000000008d500000| Complete 
| 214|0x000000008d600000, 0x000000008d700000, 0x000000008d700000|100%| E|CS|TAMS 0x000000008d600000, 0x000000008d600000| Complete 
| 215|0x000000008d700000, 0x000000008d800000, 0x000000008d800000|100%| E|CS|TAMS 0x000000008d700000, 0x000000008d700000| Complete 
| 216|0x000000008d800000, 0x000000008d900000, 0x000000008d900000|100%| E|CS|TAMS 0x000000008d800000, 0x000000008d800000| Complete 
| 217|0x000000008d900000, 0x000000008da00000, 0x000000008da00000|100%| E|CS|TAMS 0x000000008d900000, 0x000000008d900000| Complete 
| 218|0x000000008da00000, 0x000000008db00000, 0x000000008db00000|100%| E|CS|TAMS 0x000000008da00000, 0x000000008da00000| Complete 
| 219|0x000000008db00000, 0x000000008dc00000, 0x000000008dc00000|100%| E|CS|TAMS 0x000000008db00000, 0x000000008db00000| Complete 
| 220|0x000000008dc00000, 0x000000008dd00000, 0x000000008dd00000|100%| E|CS|TAMS 0x000000008dc00000, 0x000000008dc00000| Complete 
| 221|0x000000008dd00000, 0x000000008de00000, 0x000000008de00000|100%| E|CS|TAMS 0x000000008dd00000, 0x000000008dd00000| Complete 

Card table byte_map: [0x0000016e75f40000,0x0000016e76340000] _byte_map_base: 0x0000016e75b40000

Marking Bits (Prev, Next): (CMBitMap*) 0x0000016e72057cd0, (CMBitMap*) 0x0000016e72057c98
 Prev Bits: [0x0000016e78740000, 0x0000016e7a740000)
 Next Bits: [0x0000016e76740000, 0x0000016e78740000)

Polling page: 0x0000016e6ff90000

Metaspace:

Usage:
  Non-class:    121.11 MB capacity,   118.32 MB ( 98%) used,     2.21 MB (  2%) free+waste,   596.19 KB ( <1%) overhead. 
      Class:     18.60 MB capacity,    16.78 MB ( 90%) used,     1.56 MB (  8%) free+waste,   262.81 KB (  1%) overhead. 
       Both:    139.71 MB capacity,   135.10 MB ( 97%) used,     3.77 MB (  3%) free+waste,   859.00 KB ( <1%) overhead. 

Virtual space:
  Non-class space:      122.00 MB reserved,     122.00 MB (100%) committed 
      Class space:        1.00 GB reserved,      19.09 MB (  2%) committed 
             Both:        1.12 GB reserved,     141.09 MB ( 12%) committed 

Chunk freelists:
   Non-Class:  781.00 KB
       Class:  413.00 KB
        Both:  1.17 MB

MaxMetaspaceSize: 17179869184.00 GB
CompressedClassSpaceSize: 1.00 GB
Initial GC threshold: 20.80 MB
Current GC threshold: 234.73 MB
CDS: off

CodeHeap 'non-profiled nmethods': size=120064Kb used=22136Kb max_used=22216Kb free=97927Kb
 bounds [0x0000016e07ac0000, 0x0000016e09090000, 0x0000016e0f000000]
CodeHeap 'profiled nmethods': size=120000Kb used=52488Kb max_used=54625Kb free=67511Kb
 bounds [0x0000016e00590000, 0x0000016e03b00000, 0x0000016e07ac0000]
CodeHeap 'non-nmethods': size=5696Kb used=2473Kb max_used=2551Kb free=3222Kb
 bounds [0x0000016e00000000, 0x0000016e00290000, 0x0000016e00590000]
 total_blobs=25754 nmethods=24744 adapters=921
 compilation: enabled
              stopped_count=0, restarted_count=0
 full_count=0

Compilation events (20 events):
Event: 2520.469 Thread 0x0000016e7cc62800 29168       3       org.gradle.internal.logging.services.DefaultLoggingManager::start (194 bytes)
Event: 2520.471 Thread 0x0000016e7cc62800 nmethod 29168 0x0000016e00842e10 code [0x0000016e00843160, 0x0000016e008444c8]
Event: 2520.471 Thread 0x0000016e7cc62800 29169   !   3       org.gradle.internal.logging.sink.OutputEventRenderer::snapshot (36 bytes)
Event: 2520.471 Thread 0x0000016e7cc62800 nmethod 29169 0x0000016e00b6a590 code [0x0000016e00b6a760, 0x0000016e00b6acd8]
Event: 2520.471 Thread 0x0000016e7cc62800 29170       3       org.gradle.internal.logging.config.LoggingSystemAdapter::startCapture (32 bytes)
Event: 2520.472 Thread 0x0000016e7cc62800 nmethod 29170 0x0000016e01183210 code [0x0000016e01183400, 0x0000016e011837c8]
Event: 2520.475 Thread 0x0000016e7cc62800 29171       3       org.gradle.internal.logging.source.DefaultStdOutLoggingSystem::get (4 bytes)
Event: 2520.476 Thread 0x0000016e7cc62800 nmethod 29171 0x0000016e00761d10 code [0x0000016e00761ec0, 0x0000016e00761fd8]
Event: 2520.476 Thread 0x0000016e7cc62800 29172       3       org.gradle.internal.logging.source.DefaultStdErrLoggingSystem::get (4 bytes)
Event: 2520.476 Thread 0x0000016e7cc62800 nmethod 29172 0x0000016e007e0a90 code [0x0000016e007e0c40, 0x0000016e007e0d58]
Event: 2520.476 Thread 0x0000016e7cc62800 29173       3       org.gradle.internal.reflect.JavaMethod::findMethodFrom (78 bytes)
Event: 2520.477 Thread 0x0000016e7cc62800 nmethod 29173 0x0000016e014e2810 code [0x0000016e014e2a20, 0x0000016e014e3088]
Event: 2520.628 Thread 0x0000016e7cc62800 29174       3       com.android.build.api.variant.impl.FileBasedDirectoryEntryImpl::getFileTree (80 bytes)
Event: 2520.629 Thread 0x0000016e7cc62800 nmethod 29174 0x0000016e011cd010 code [0x0000016e011cd2e0, 0x0000016e011ce238]
Event: 2520.629 Thread 0x0000016e7cc62800 29175       3       org.gradle.api.tasks.util.PatternSet::getAsIncludeSpec (9 bytes)
Event: 2520.629 Thread 0x0000016e7cc62800 nmethod 29175 0x0000016e0146e310 code [0x0000016e0146e4c0, 0x0000016e0146e688]
Event: 2520.629 Thread 0x0000016e7cc62800 29176       3       org.gradle.api.internal.file.collections.DefaultConfigurableFileTree::include (6 bytes)
Event: 2520.630 Thread 0x0000016e7cc62800 nmethod 29176 0x0000016e0124c990 code [0x0000016e0124cbe0, 0x0000016e0124d498]
Event: 2520.655 Thread 0x0000016e7cc62800 29177       3       com.sun.tools.javac.util.BasicDiagnosticFormatter$BasicConfiguration::setIndentation (16 bytes)
Event: 2520.655 Thread 0x0000016e7cc62800 nmethod 29177 0x0000016e01275690 code [0x0000016e01275880, 0x0000016e01275cc8]

GC Heap History (20 events):
Event: 2059.381 GC heap before
{Heap before GC invocations=190 (full 0):
 garbage-first heap   total 227328K, used 178536K [0x0000000080000000, 0x0000000100000000)
  region size 1024K, 55 young (56320K), 4 survivors (4096K)
 Metaspace       used 138297K, capacity 143210K, committed 143960K, reserved 1173504K
  class space    used 17307K, capacity 19290K, committed 19544K, reserved 1048576K
}
Event: 2059.392 GC heap after
{Heap after GC invocations=191 (full 0):
 garbage-first heap   total 227328K, used 126461K [0x0000000080000000, 0x0000000100000000)
  region size 1024K, 4 young (4096K), 4 survivors (4096K)
 Metaspace       used 138297K, capacity 143210K, committed 143960K, reserved 1173504K
  class space    used 17307K, capacity 19290K, committed 19544K, reserved 1048576K
}
Event: 2059.436 GC heap before
{Heap before GC invocations=191 (full 0):
 garbage-first heap   total 227328K, used 132605K [0x0000000080000000, 0x0000000100000000)
  region size 1024K, 11 young (11264K), 4 survivors (4096K)
 Metaspace       used 138297K, capacity 143210K, committed 143960K, reserved 1173504K
  class space    used 17307K, capacity 19290K, committed 19544K, reserved 1048576K
}
Event: 2059.459 GC heap after
{Heap after GC invocations=192 (full 0):
 garbage-first heap   total 227328K, used 113278K [0x0000000080000000, 0x0000000100000000)
  region size 1024K, 1 young (1024K), 1 survivors (1024K)
 Metaspace       used 138297K, capacity 143210K, committed 143960K, reserved 1173504K
  class space    used 17307K, capacity 19290K, committed 19544K, reserved 1048576K
}
Event: 2060.291 GC heap before
{Heap before GC invocations=192 (full 0):
 garbage-first heap   total 227328K, used 130686K [0x0000000080000000, 0x0000000100000000)
  region size 1024K, 20 young (20480K), 1 survivors (1024K)
 Metaspace       used 138515K, capacity 143399K, committed 143960K, reserved 1173504K
  class space    used 17312K, capacity 19299K, committed 19544K, reserved 1048576K
}
Event: 2060.304 GC heap after
{Heap after GC invocations=193 (full 0):
 garbage-first heap   total 227328K, used 114061K [0x0000000080000000, 0x0000000100000000)
  region size 1024K, 2 young (2048K), 2 survivors (2048K)
 Metaspace       used 138515K, capacity 143399K, committed 143960K, reserved 1173504K
  class space    used 17312K, capacity 19299K, committed 19544K, reserved 1048576K
}
Event: 2483.391 GC heap before
{Heap before GC invocations=194 (full 0):
 garbage-first heap   total 227328K, used 188813K [0x0000000080000000, 0x0000000100000000)
  region size 1024K, 58 young (59392K), 2 survivors (2048K)
 Metaspace       used 138596K, capacity 143540K, committed 144216K, reserved 1173504K
  class space    used 17313K, capacity 19302K, committed 19544K, reserved 1048576K
}
Event: 2483.408 GC heap after
{Heap after GC invocations=195 (full 0):
 garbage-first heap   total 227328K, used 119186K [0x0000000080000000, 0x0000000100000000)
  region size 1024K, 7 young (7168K), 7 survivors (7168K)
 Metaspace       used 138596K, capacity 143540K, committed 144216K, reserved 1173504K
  class space    used 17313K, capacity 19302K, committed 19544K, reserved 1048576K
}
Event: 2483.473 GC heap before
{Heap before GC invocations=195 (full 0):
 garbage-first heap   total 227328K, used 123282K [0x0000000080000000, 0x0000000100000000)
  region size 1024K, 11 young (11264K), 7 survivors (7168K)
 Metaspace       used 138597K, capacity 143540K, committed 144216K, reserved 1173504K
  class space    used 17313K, capacity 19302K, committed 19544K, reserved 1048576K
}
Event: 2483.488 GC heap after
{Heap after GC invocations=196 (full 0):
 garbage-first heap   total 227328K, used 119538K [0x0000000080000000, 0x0000000100000000)
  region size 1024K, 2 young (2048K), 2 survivors (2048K)
 Metaspace       used 138597K, capacity 143540K, committed 144216K, reserved 1173504K
  class space    used 17313K, capacity 19302K, committed 19544K, reserved 1048576K
}
Event: 2484.065 GC heap before
{Heap before GC invocations=196 (full 0):
 garbage-first heap   total 227328K, used 154354K [0x0000000080000000, 0x0000000100000000)
  region size 1024K, 38 young (38912K), 2 survivors (2048K)
 Metaspace       used 138614K, capacity 143541K, committed 144216K, reserved 1173504K
  class space    used 17313K, capacity 19302K, committed 19544K, reserved 1048576K
}
Event: 2484.082 GC heap after
{Heap after GC invocations=197 (full 0):
 garbage-first heap   total 227328K, used 122951K [0x0000000080000000, 0x0000000100000000)
  region size 1024K, 5 young (5120K), 5 survivors (5120K)
 Metaspace       used 138614K, capacity 143541K, committed 144216K, reserved 1173504K
  class space    used 17313K, capacity 19302K, committed 19544K, reserved 1048576K
}
Event: 2485.748 GC heap before
{Heap before GC invocations=198 (full 0):
 garbage-first heap   total 227328K, used 179271K [0x0000000080000000, 0x0000000100000000)
  region size 1024K, 59 young (60416K), 5 survivors (5120K)
 Metaspace       used 138182K, capacity 142860K, committed 144216K, reserved 1173504K
  class space    used 17181K, capacity 19046K, committed 19544K, reserved 1048576K
}
Event: 2485.757 GC heap after
{Heap after GC invocations=199 (full 0):
 garbage-first heap   total 227328K, used 125448K [0x0000000080000000, 0x0000000100000000)
  region size 1024K, 5 young (5120K), 5 survivors (5120K)
 Metaspace       used 138182K, capacity 142860K, committed 144216K, reserved 1173504K
  class space    used 17181K, capacity 19046K, committed 19544K, reserved 1048576K
}
Event: 2485.818 GC heap before
{Heap before GC invocations=199 (full 0):
 garbage-first heap   total 227328K, used 130568K [0x0000000080000000, 0x0000000100000000)
  region size 1024K, 11 young (11264K), 5 survivors (5120K)
 Metaspace       used 138186K, capacity 142861K, committed 144216K, reserved 1173504K
  class space    used 17181K, capacity 19046K, committed 19544K, reserved 1048576K
}
Event: 2485.844 GC heap after
{Heap after GC invocations=200 (full 0):
 garbage-first heap   total 227328K, used 113037K [0x0000000080000000, 0x0000000100000000)
  region size 1024K, 1 young (1024K), 1 survivors (1024K)
 Metaspace       used 138186K, capacity 142861K, committed 144216K, reserved 1173504K
  class space    used 17181K, capacity 19046K, committed 19544K, reserved 1048576K
}
Event: 2486.115 GC heap before
{Heap before GC invocations=200 (full 0):
 garbage-first heap   total 227328K, used 128397K [0x0000000080000000, 0x0000000100000000)
  region size 1024K, 18 young (18432K), 1 survivors (1024K)
 Metaspace       used 138262K, capacity 142933K, committed 144216K, reserved 1173504K
  class space    used 17182K, capacity 19046K, committed 19544K, reserved 1048576K
}
Event: 2486.126 GC heap after
{Heap after GC invocations=201 (full 0):
 garbage-first heap   total 227328K, used 113376K [0x0000000080000000, 0x0000000100000000)
  region size 1024K, 2 young (2048K), 2 survivors (2048K)
 Metaspace       used 138262K, capacity 142933K, committed 144216K, reserved 1173504K
  class space    used 17182K, capacity 19046K, committed 19544K, reserved 1048576K
}
Event: 2520.125 GC heap before
{Heap before GC invocations=202 (full 0):
 garbage-first heap   total 227328K, used 189152K [0x0000000080000000, 0x0000000100000000)
  region size 1024K, 60 young (61440K), 2 survivors (2048K)
 Metaspace       used 138328K, capacity 143065K, committed 144472K, reserved 1173504K
  class space    used 17183K, capacity 19046K, committed 19544K, reserved 1048576K
}
Event: 2520.142 GC heap after
{Heap after GC invocations=203 (full 0):
 garbage-first heap   total 227328K, used 119487K [0x0000000080000000, 0x0000000100000000)
  region size 1024K, 8 young (8192K), 8 survivors (8192K)
 Metaspace       used 138328K, capacity 143065K, committed 144472K, reserved 1173504K
  class space    used 17183K, capacity 19046K, committed 19544K, reserved 1048576K
}

Deoptimization events (20 events):
Event: 2519.326 Thread 0x0000016e0f076800 Uncommon trap: trap_request=0xffffff4d fr.pc=0x0000016e07f8bf5c relative=0x0000000000002a3c
Event: 2519.326 Thread 0x0000016e0f076800 Uncommon trap: reason=unstable_if action=reinterpret pc=0x0000016e07f8bf5c method=java.lang.ref.SoftReference.get()Ljava/lang/Object; @ 6 c2
Event: 2519.326 Thread 0x0000016e0f076800 DEOPT PACKING pc=0x0000016e07f8bf5c sp=0x0000002a0ebf3e40
Event: 2519.326 Thread 0x0000016e0f076800 DEOPT UNPACKING pc=0x0000016e0004a1af sp=0x0000002a0ebf3d88 mode 2
Event: 2519.923 Thread 0x0000016e1731b800 Uncommon trap: trap_request=0xffffffbe fr.pc=0x0000016e087f3448 relative=0x0000000000001b68
Event: 2519.924 Thread 0x0000016e1731b800 Uncommon trap: reason=profile_predicate action=maybe_recompile pc=0x0000016e087f3448 method=org.gradle.api.internal.attributes.DefaultImmutableAttributesFactory.doConcatIsolatable(Lorg/gradle/api/internal/attributes/ImmutableAttributes;Lorg/gradle/api/att
Event: 2519.924 Thread 0x0000016e1731b800 DEOPT PACKING pc=0x0000016e087f3448 sp=0x0000002a143f9b60
Event: 2519.924 Thread 0x0000016e1731b800 DEOPT UNPACKING pc=0x0000016e0004a1af sp=0x0000002a143f9b28 mode 2
Event: 2519.925 Thread 0x0000016e1731b800 Uncommon trap: trap_request=0xffffffbe fr.pc=0x0000016e087f3448 relative=0x0000000000001b68
Event: 2519.925 Thread 0x0000016e1731b800 Uncommon trap: reason=profile_predicate action=maybe_recompile pc=0x0000016e087f3448 method=org.gradle.api.internal.attributes.DefaultImmutableAttributesFactory.doConcatIsolatable(Lorg/gradle/api/internal/attributes/ImmutableAttributes;Lorg/gradle/api/att
Event: 2519.925 Thread 0x0000016e1731b800 DEOPT PACKING pc=0x0000016e087f3448 sp=0x0000002a143f9b60
Event: 2519.925 Thread 0x0000016e1731b800 DEOPT UNPACKING pc=0x0000016e0004a1af sp=0x0000002a143f9b28 mode 2
Event: 2519.934 Thread 0x0000016e1731b800 Uncommon trap: trap_request=0xffffffbe fr.pc=0x0000016e087f3448 relative=0x0000000000001b68
Event: 2519.934 Thread 0x0000016e1731b800 Uncommon trap: reason=profile_predicate action=maybe_recompile pc=0x0000016e087f3448 method=org.gradle.api.internal.attributes.DefaultImmutableAttributesFactory.doConcatIsolatable(Lorg/gradle/api/internal/attributes/ImmutableAttributes;Lorg/gradle/api/att
Event: 2519.934 Thread 0x0000016e1731b800 DEOPT PACKING pc=0x0000016e087f3448 sp=0x0000002a143fa4b0
Event: 2519.934 Thread 0x0000016e1731b800 DEOPT UNPACKING pc=0x0000016e0004a1af sp=0x0000002a143fa478 mode 2
Event: 2519.935 Thread 0x0000016e1731b800 Uncommon trap: trap_request=0xffffffbe fr.pc=0x0000016e087f3448 relative=0x0000000000001b68
Event: 2519.935 Thread 0x0000016e1731b800 Uncommon trap: reason=profile_predicate action=maybe_recompile pc=0x0000016e087f3448 method=org.gradle.api.internal.attributes.DefaultImmutableAttributesFactory.doConcatIsolatable(Lorg/gradle/api/internal/attributes/ImmutableAttributes;Lorg/gradle/api/att
Event: 2519.935 Thread 0x0000016e1731b800 DEOPT PACKING pc=0x0000016e087f3448 sp=0x0000002a143fa4b0
Event: 2519.935 Thread 0x0000016e1731b800 DEOPT UNPACKING pc=0x0000016e0004a1af sp=0x0000002a143fa478 mode 2

Classes redefined (0 events):
No events

Internal exceptions (20 events):
Event: 2485.479 Thread 0x0000016e1731c800 Exception <a 'sun/nio/fs/WindowsException'{0x000000008b1c67b0}> (0x000000008b1c67b0) thrown at [src/hotspot/share/prims/jni.cpp, line 617]
Event: 2485.479 Thread 0x0000016e1731c800 Exception <a 'sun/nio/fs/WindowsException'{0x000000008b1c6980}> (0x000000008b1c6980) thrown at [src/hotspot/share/prims/jni.cpp, line 617]
Event: 2485.508 Thread 0x0000016e1731c800 Exception <a 'sun/nio/fs/WindowsException'{0x000000008aff8840}> (0x000000008aff8840) thrown at [src/hotspot/share/prims/jni.cpp, line 617]
Event: 2485.850 Thread 0x0000016e10d49000 Exception <a 'sun/nio/fs/WindowsException'{0x000000008db09658}> (0x000000008db09658) thrown at [src/hotspot/share/prims/jni.cpp, line 617]
Event: 2485.901 Thread 0x0000016e10d49000 Exception <a 'sun/nio/fs/WindowsException'{0x000000008d9f0f88}> (0x000000008d9f0f88) thrown at [src/hotspot/share/prims/jni.cpp, line 617]
Event: 2485.954 Thread 0x0000016e10d46000 Exception <a 'sun/nio/fs/WindowsException'{0x000000008d5400c0}> (0x000000008d5400c0) thrown at [src/hotspot/share/prims/jni.cpp, line 617]
Event: 2485.976 Thread 0x0000016e10d46000 Exception <a 'sun/nio/fs/WindowsException'{0x000000008d33aed0}> (0x000000008d33aed0) thrown at [src/hotspot/share/prims/jni.cpp, line 617]
Event: 2486.222 Thread 0x0000016e1069a800 Exception <a 'sun/nio/fs/WindowsException'{0x000000008dcd83f8}> (0x000000008dcd83f8) thrown at [src/hotspot/share/prims/jni.cpp, line 617]
Event: 2486.225 Thread 0x0000016e0f076800 Exception <a 'sun/nio/fs/WindowsException'{0x000000008dc9cdb0}> (0x000000008dc9cdb0) thrown at [src/hotspot/share/prims/jni.cpp, line 617]
Event: 2486.226 Thread 0x0000016e0f076800 Exception <a 'sun/nio/fs/WindowsException'{0x000000008dc9ce38}> (0x000000008dc9ce38) thrown at [src/hotspot/share/prims/jni.cpp, line 617]
Event: 2486.226 Thread 0x0000016e0f076800 Exception <a 'sun/nio/fs/WindowsException'{0x000000008dc9e7d8}> (0x000000008dc9e7d8) thrown at [src/hotspot/share/prims/jni.cpp, line 617]
Event: 2519.326 Thread 0x0000016e0f076800 Implicit null exception at 0x0000016e07f8957d to 0x0000016e07f8bf48
Event: 2519.637 Thread 0x0000016e0f076800 Exception <a 'sun/nio/fs/WindowsException'{0x000000008be3e448}> (0x000000008be3e448) thrown at [src/hotspot/share/prims/jni.cpp, line 617]
Event: 2519.710 Thread 0x0000016e0f076800 Exception <a 'java/lang/NoClassDefFoundError'{0x000000008ba93650}: org/jetbrains/kotlin/gradle/plugin/KotlinBasePluginWrapper> (0x000000008ba93650) thrown at [src/hotspot/share/oops/constantPool.cpp, line 775]
Event: 2519.738 Thread 0x0000016e0f076800 Exception <a 'sun/nio/fs/WindowsException'{0x000000008b8220e8}> (0x000000008b8220e8) thrown at [src/hotspot/share/prims/jni.cpp, line 617]
Event: 2519.749 Thread 0x0000016e0f076800 Exception <a 'sun/nio/fs/WindowsException'{0x000000008b8bdf30}> (0x000000008b8bdf30) thrown at [src/hotspot/share/prims/jni.cpp, line 617]
Event: 2519.749 Thread 0x0000016e0f076800 Exception <a 'sun/nio/fs/WindowsException'{0x000000008b8bf188}> (0x000000008b8bf188) thrown at [src/hotspot/share/prims/jni.cpp, line 617]
Event: 2519.749 Thread 0x0000016e0f076800 Exception <a 'sun/nio/fs/WindowsException'{0x000000008b8c0430}> (0x000000008b8c0430) thrown at [src/hotspot/share/prims/jni.cpp, line 617]
Event: 2519.749 Thread 0x0000016e0f076800 Exception <a 'sun/nio/fs/WindowsException'{0x000000008b8c16d8}> (0x000000008b8c16d8) thrown at [src/hotspot/share/prims/jni.cpp, line 617]
Event: 2519.842 Thread 0x0000016e0f076800 Exception <a 'sun/nio/fs/WindowsException'{0x000000008b4f89a8}> (0x000000008b4f89a8) thrown at [src/hotspot/share/prims/jni.cpp, line 617]

Events (20 events):
Event: 2520.332 Executing VM operation: RevokeBias
Event: 2520.332 Executing VM operation: RevokeBias done
Event: 2520.332 Executing VM operation: RevokeBias
Event: 2520.333 Executing VM operation: RevokeBias done
Event: 2520.333 Executing VM operation: RevokeBias
Event: 2520.333 Executing VM operation: RevokeBias done
Event: 2520.335 Executing VM operation: RevokeBias
Event: 2520.335 Executing VM operation: RevokeBias done
Event: 2520.335 Executing VM operation: RevokeBias
Event: 2520.336 Executing VM operation: RevokeBias done
Event: 2520.357 Executing VM operation: RevokeBias
Event: 2520.358 Executing VM operation: RevokeBias done
Event: 2520.360 Executing VM operation: RevokeBias
Event: 2520.360 Executing VM operation: RevokeBias done
Event: 2520.382 Executing VM operation: BulkRevokeBias
Event: 2520.385 Executing VM operation: BulkRevokeBias done
Event: 2520.495 Thread 0x0000016e10d46000 Thread added: 0x0000016e10d46000
Event: 2520.496 Thread 0x0000016e10d42000 Thread added: 0x0000016e10d42000
Event: 2520.496 Thread 0x0000016e10d45000 Thread added: 0x0000016e10d45000
Event: 2520.496 Thread 0x0000016e10d48800 Thread added: 0x0000016e10d48800


Dynamic libraries:
0x00007ff734a90000 - 0x00007ff734a9a000 	C:\Program Files\Android\Android Studio\jbr\bin\java.exe
0x00007ffe327f0000 - 0x00007ffe329e8000 	C:\WINDOWS\SYSTEM32\ntdll.dll
0x00007ffe31d30000 - 0x00007ffe31def000 	C:\WINDOWS\System32\KERNEL32.DLL
0x00007ffe30000000 - 0x00007ffe302da000 	C:\WINDOWS\System32\KERNELBASE.dll
0x00007ffe2ff00000 - 0x00007ffe30000000 	C:\WINDOWS\System32\ucrtbase.dll
0x00007ffe28930000 - 0x00007ffe28947000 	C:\Program Files\Android\Android Studio\jbr\bin\jli.dll
0x00007ffe13610000 - 0x00007ffe1362b000 	C:\Program Files\Android\Android Studio\jbr\bin\VCRUNTIME140.dll
0x00007ffe32600000 - 0x00007ffe3279d000 	C:\WINDOWS\System32\USER32.dll
0x00007ffe30780000 - 0x00007ffe307a2000 	C:\WINDOWS\System32\win32u.dll
0x00007ffe31400000 - 0x00007ffe3142b000 	C:\WINDOWS\System32\GDI32.dll
0x00007ffe303c0000 - 0x00007ffe304d0000 	C:\WINDOWS\System32\gdi32full.dll
0x00007ffe307b0000 - 0x00007ffe3084d000 	C:\WINDOWS\System32\msvcp_win.dll
0x00007ffe1e340000 - 0x00007ffe1e5da000 	C:\WINDOWS\WinSxS\amd64_microsoft.windows.common-controls_6595b64144ccf1df_6.0.19041.1110_none_60b5254171f9507e\COMCTL32.dll
0x00007ffe32240000 - 0x00007ffe322de000 	C:\WINDOWS\System32\msvcrt.dll
0x00007ffe30850000 - 0x00007ffe30880000 	C:\WINDOWS\System32\IMM32.DLL
0x00007ffe27750000 - 0x00007ffe2775c000 	C:\Program Files\Android\Android Studio\jbr\bin\vcruntime140_1.dll
0x00007ffe10d00000 - 0x00007ffe10d8d000 	C:\Program Files\Android\Android Studio\jbr\bin\msvcp140.dll
0x00007ffdefb30000 - 0x00007ffdf06ec000 	C:\Program Files\Android\Android Studio\jbr\bin\server\jvm.dll
0x00007ffe31c80000 - 0x00007ffe31d2e000 	C:\WINDOWS\System32\ADVAPI32.dll
0x00007ffe310f0000 - 0x00007ffe3118c000 	C:\WINDOWS\System32\sechost.dll
0x00007ffe324d0000 - 0x00007ffe325f6000 	C:\WINDOWS\System32\RPCRT4.dll
0x00007ffe30880000 - 0x00007ffe30888000 	C:\WINDOWS\System32\PSAPI.DLL
0x00007ffe2b720000 - 0x00007ffe2b729000 	C:\WINDOWS\SYSTEM32\WSOCK32.dll
0x00007ffe321d0000 - 0x00007ffe3223b000 	C:\WINDOWS\System32\WS2_32.dll
0x00007ffe1d6c0000 - 0x00007ffe1d6e7000 	C:\WINDOWS\SYSTEM32\WINMM.dll
0x00007ffe209f0000 - 0x00007ffe209fa000 	C:\WINDOWS\SYSTEM32\VERSION.dll
0x00007ffe2e710000 - 0x00007ffe2e722000 	C:\WINDOWS\SYSTEM32\kernel.appcore.dll
0x00007ffe2b710000 - 0x00007ffe2b720000 	C:\Program Files\Android\Android Studio\jbr\bin\verify.dll
0x00007ffe1bf90000 - 0x00007ffe1c174000 	C:\WINDOWS\SYSTEM32\DBGHELP.DLL
0x00007ffe1bf50000 - 0x00007ffe1bf84000 	C:\WINDOWS\SYSTEM32\dbgcore.DLL
0x00007ffe302e0000 - 0x00007ffe30362000 	C:\WINDOWS\System32\bcryptPrimitives.dll
0x00007ffe28950000 - 0x00007ffe28978000 	C:\Program Files\Android\Android Studio\jbr\bin\java.dll
0x00007ffe2b1d0000 - 0x00007ffe2b1da000 	C:\Program Files\Android\Android Studio\jbr\bin\jimage.dll
0x00007ffe2ae10000 - 0x00007ffe2ae1e000 	C:\Program Files\Android\Android Studio\jbr\bin\instrument.dll
0x00007ffe24990000 - 0x00007ffe249a8000 	C:\Program Files\Android\Android Studio\jbr\bin\zip.dll
0x00007ffe314a0000 - 0x00007ffe31be4000 	C:\WINDOWS\System32\SHELL32.dll
0x00007ffe2deb0000 - 0x00007ffe2e643000 	C:\WINDOWS\SYSTEM32\windows.storage.dll
0x00007ffe31df0000 - 0x00007ffe32144000 	C:\WINDOWS\System32\combase.dll
0x00007ffe2f7a0000 - 0x00007ffe2f7ce000 	C:\WINDOWS\SYSTEM32\Wldp.dll
0x00007ffe308f0000 - 0x00007ffe3099d000 	C:\WINDOWS\System32\SHCORE.dll
0x00007ffe31190000 - 0x00007ffe311e5000 	C:\WINDOWS\System32\shlwapi.dll
0x00007ffe2fe40000 - 0x00007ffe2fe5f000 	C:\WINDOWS\SYSTEM32\profapi.dll
0x00007ffe2ae00000 - 0x00007ffe2ae0a000 	C:\Program Files\Android\Android Studio\jbr\bin\management.dll
0x00007ffe24940000 - 0x00007ffe2494b000 	C:\Program Files\Android\Android Studio\jbr\bin\management_ext.dll
0x00007ffe24970000 - 0x00007ffe24989000 	C:\Program Files\Android\Android Studio\jbr\bin\net.dll
0x00007ffe221f0000 - 0x00007ffe222fa000 	C:\WINDOWS\SYSTEM32\WINHTTP.dll
0x00007ffe2f580000 - 0x00007ffe2f5ea000 	C:\WINDOWS\system32\mswsock.dll
0x00007ffe24950000 - 0x00007ffe24963000 	C:\Program Files\Android\Android Studio\jbr\bin\nio.dll
0x00007ffe1f250000 - 0x00007ffe1f267000 	C:\WINDOWS\system32\napinsp.dll
0x00007ffe24c70000 - 0x00007ffe24c8b000 	C:\WINDOWS\system32\pnrpnsp.dll
0x00007ffe29f30000 - 0x00007ffe29f45000 	C:\WINDOWS\system32\wshbth.dll
0x00007ffe2b1e0000 - 0x00007ffe2b1fd000 	C:\WINDOWS\system32\NLAapi.dll
0x00007ffe2f290000 - 0x00007ffe2f2cc000 	C:\WINDOWS\SYSTEM32\IPHLPAPI.DLL
0x00007ffe2f2d0000 - 0x00007ffe2f39b000 	C:\WINDOWS\SYSTEM32\DNSAPI.dll
0x00007ffe327a0000 - 0x00007ffe327a8000 	C:\WINDOWS\System32\NSI.dll
0x00007ffe28a30000 - 0x00007ffe28a42000 	C:\WINDOWS\System32\winrnr.dll
0x00007ffe20e00000 - 0x00007ffe20e0a000 	C:\Windows\System32\rasadhlp.dll
0x00007ffe21fb0000 - 0x00007ffe22030000 	C:\WINDOWS\System32\fwpuclnt.dll
0x00007ffe30750000 - 0x00007ffe30777000 	C:\WINDOWS\System32\bcrypt.dll
0x00007ffe25310000 - 0x00007ffe25337000 	C:\Users\shahzaib lptp\AndroidStudioProjects\loginsqlite\native\e1d6ef7f7dcc3fd88c89a11ec53ec762bb8ba0a96d01ffa2cd45eb1d1d8dd5c5\windows-amd64\native-platform.dll
0x00007ffdfb200000 - 0x00007ffdfb344000 	C:\Users\shahzaib lptp\AndroidStudioProjects\loginsqlite\native\0d407fdbe67a94daf76414ababcb853783967236a71b16ec16e742cd7a986fd3\windows-amd64\native-platform-file-events.dll
0x00007ffe2fb20000 - 0x00007ffe2fb38000 	C:\WINDOWS\SYSTEM32\CRYPTSP.dll
0x00007ffe2eec0000 - 0x00007ffe2eef4000 	C:\WINDOWS\system32\rsaenh.dll
0x00007ffe2fe00000 - 0x00007ffe2fe2e000 	C:\WINDOWS\SYSTEM32\USERENV.dll
0x00007ffe2f710000 - 0x00007ffe2f71c000 	C:\WINDOWS\SYSTEM32\CRYPTBASE.dll
0x00007ffe23110000 - 0x00007ffe23127000 	C:\WINDOWS\SYSTEM32\dhcpcsvc6.DLL
0x00007ffe230f0000 - 0x00007ffe2310d000 	C:\WINDOWS\SYSTEM32\dhcpcsvc.DLL
0x00007ffe2cc20000 - 0x00007ffe2cc47000 	C:\Program Files\Android\Android Studio\jbr\bin\sunec.dll
0x00007ffe2efe0000 - 0x00007ffe2f013000 	C:\WINDOWS\SYSTEM32\ntmarta.dll

dbghelp: loaded successfully - version: 4.0.5 - missing functions: none
symbol engine: initialized successfully - sym options: 0x614 - pdb path: .;C:\Program Files\Android\Android Studio\jbr\bin;C:\WINDOWS\SYSTEM32;C:\WINDOWS\WinSxS\amd64_microsoft.windows.common-controls_6595b64144ccf1df_6.0.19041.1110_none_60b5254171f9507e;C:\Program Files\Android\Android Studio\jbr\bin\server;C:\Users\shahzaib lptp\AndroidStudioProjects\loginsqlite\native\e1d6ef7f7dcc3fd88c89a11ec53ec762bb8ba0a96d01ffa2cd45eb1d1d8dd5c5\windows-amd64;C:\Users\shahzaib lptp\AndroidStudioProjects\loginsqlite\native\0d407fdbe67a94daf76414ababcb853783967236a71b16ec16e742cd7a986fd3\windows-amd64

VM Arguments:
jvm_args: -javaagent:C:\Program Files\Android\Android Studio\plugins\android\resources\trace_agent.jar=C:\Users\SHAHZA~1\AppData\Local\Temp\sync.trace.profile --add-opens=java.base/java.util=ALL-UNNAMED --add-opens=java.base/java.lang=ALL-UNNAMED --add-opens=java.base/java.lang.invoke=ALL-UNNAMED --add-opens=java.base/java.util=ALL-UNNAMED --add-opens=java.prefs/java.util.prefs=ALL-UNNAMED --add-opens=java.prefs/java.util.prefs=ALL-UNNAMED --add-opens=java.base/java.nio.charset=ALL-UNNAMED --add-opens=java.base/java.net=ALL-UNNAMED --add-opens=java.base/java.util.concurrent.atomic=ALL-UNNAMED -Xmx2048m -Dfile.encoding=UTF-8 -Duser.country=US -Duser.language=en -Duser.variant 
java_command: org.gradle.launcher.daemon.bootstrap.GradleDaemon 7.5
java_class_path (initial): C:\Users\shahzaib lptp\AndroidStudioProjects\loginsqlite\wrapper\dists\gradle-7.5-bin\f1w0cc9nuo0eivz97x2xlu9sv\gradle-7.5\lib\gradle-launcher-7.5.jar
Launcher Type: SUN_STANDARD

[Global flags]
     intx CICompilerCount                          = 3                                         {product} {ergonomic}
     uint ConcGCThreads                            = 1                                         {product} {ergonomic}
     uint G1ConcRefinementThreads                  = 4                                         {product} {ergonomic}
   size_t G1HeapRegionSize                         = 1048576                                   {product} {ergonomic}
    uintx GCDrainStackTargetSize                   = 64                                        {product} {ergonomic}
   size_t InitialHeapSize                          = 134217728                                 {product} {ergonomic}
   size_t MarkStackSize                            = 4194304                                   {product} {ergonomic}
   size_t MaxHeapSize                              = 2147483648                                {product} {command line}
   size_t MaxNewSize                               = 1287651328                                {product} {ergonomic}
   size_t MinHeapDeltaBytes                        = 1048576                                   {product} {ergonomic}
    uintx NonNMethodCodeHeapSize                   = 5830732                                {pd product} {ergonomic}
    uintx NonProfiledCodeHeapSize                  = 122913754                              {pd product} {ergonomic}
    uintx ProfiledCodeHeapSize                     = 122913754                              {pd product} {ergonomic}
    uintx ReservedCodeCacheSize                    = 251658240                              {pd product} {ergonomic}
     bool SegmentedCodeCache                       = true                                      {product} {ergonomic}
     bool UseCompressedClassPointers               = true                                 {lp64_product} {ergonomic}
     bool UseCompressedOops                        = true                                 {lp64_product} {ergonomic}
     bool UseG1GC                                  = true                                      {product} {ergonomic}
     bool UseLargePagesIndividualAllocation        = false                                  {pd product} {ergonomic}

Logging:
Log output configuration:
 #0: stdout all=warning uptime,level,tags
 #1: stderr all=off uptime,level,tags

Environment Variables:
PATH=C:\Program Files\Python310\Scripts\;C:\Program Files\Python310\;C:\Program Files\Common Files\Oracle\Java\javapath;C:\app\bin;C:\app\shahzaiblptp\product\11.2.0\dbhome_1\bin;C:\WINDOWS\system32;C:\WINDOWS;C:\WINDOWS\System32\Wbem;C:\WINDOWS\System32\WindowsPowerShell\v1.0\;c:\Program Files (x86)\Microsoft SQL Server\100\Tools\Binn\;c:\Program Files\Microsoft SQL Server\100\Tools\Binn\;c:\Program Files\Microsoft SQL Server\100\DTS\Binn\;C:\WINDOWS\System32\OpenSSH\;C:\ProgramData\chocolatey\bin;%JAVA_HOME%\bin;C:\Users\shahzaib lptp\AppData\Local\Microsoft\WindowsApps;C:\Program Files\JetBrains\IntelliJ IDEA Community Edition 2021.3\bin;;C:\Program Files\Python310\PyCharm Community Edition 2022.1\bin;;C:\Users\shahzaib lptp\AppData\Local\Programs\Microsoft VS Code\bin;C:\Program Files\flutter\bin;C:\src\flutter\bin;C:\Program Files\Android\Android Studio\bin;
USERNAME=shahzaib lptp
OS=Windows_NT
PROCESSOR_IDENTIFIER=Intel64 Family 6 Model 69 Stepping 1, GenuineIntel



---------------  S Y S T E M  ---------------

OS: Windows 10 , 64 bit Build 19041 (10.0.19041.2788)
OS uptime: 7 days 1:16 hours
Hyper-V role detected

CPU:total 4 (initial active 4) (2 cores per cpu, 2 threads per core) family 6 model 69 stepping 1 microcode 0x26, cmov, cx8, fxsr, mmx, sse, sse2, sse3, ssse3, sse4.1, sse4.2, popcnt, avx, avx2, aes, clmul, erms, lzcnt, ht, tsc, tscinvbit, bmi1, bmi2, fma

Memory: 4k page, system-wide physical 8073M (552M free)
TotalPageFile size 10073M (AvailPageFile size 5M)
current process WorkingSet (physical memory assigned to process): 567M, peak: 572M
current process commit charge ("private bytes"): 638M, peak: 644M

vm_info: OpenJDK 64-Bit Server VM (11.0.15+0-b2043.56-9505619) for windows-amd64 JRE (11.0.15+0-b2043.56-9505619), built on Jan 19 2023 02:48:00 by "builduser" with unknown MS VC++:1929

END.
