#
# There is insufficient memory for the Java Runtime Environment to continue.
# Native memory allocation (malloc) failed to allocate 183216 bytes for Chunk::new
# Possible reasons:
#   The system is out of physical RAM or swap space
#   The process is running with CompressedOops enabled, and the Java Heap may be blocking the growth of the native heap
# Possible solutions:
#   Reduce memory load on the system
#   Increase physical memory or swap space
#   Check if swap backing store is full
#   Decrease Java heap size (-Xmx/-Xms)
#   Decrease number of Java threads
#   Decrease Java thread stack sizes (-Xss)
#   Set larger code cache with -XX:ReservedCodeCacheSize=
#   JVM is running with Unscaled Compressed Oops mode in which the Java heap is
#     placed in the first 4GB address space. The Java Heap base address is the
#     maximum limit for the native heap growth. Please use -XX:HeapBaseMinAddress
#     to set the Java Heap base and to place the Java Heap above 4GB virtual address.
# This output file may be truncated or incomplete.
#
#  Out of Memory Error (src/hotspot/share/memory/arena.cpp:197), pid=15960, tid=13420
#
# JRE version: OpenJDK Runtime Environment (11.0.15) (build 11.0.15+0-b2043.56-9505619)
# Java VM: OpenJDK 64-Bit Server VM (11.0.15+0-b2043.56-9505619, mixed mode, tiered, compressed oops, g1 gc, windows-amd64)
# No core dump will be written. Minidumps are not enabled by default on client versions of Windows
#

---------------  S U M M A R Y ------------

Command Line: -javaagent:C:\Program Files\Android\Android Studio\plugins\android\resources\trace_agent.jar=C:\Users\SHAHZA~1\AppData\Local\Temp\sync.trace.profile --add-opens=java.base/java.util=ALL-UNNAMED --add-opens=java.base/java.lang=ALL-UNNAMED --add-opens=java.base/java.lang.invoke=ALL-UNNAMED --add-opens=java.base/java.util=ALL-UNNAMED --add-opens=java.prefs/java.util.prefs=ALL-UNNAMED --add-opens=java.prefs/java.util.prefs=ALL-UNNAMED --add-opens=java.base/java.nio.charset=ALL-UNNAMED --add-opens=java.base/java.net=ALL-UNNAMED --add-opens=java.base/java.util.concurrent.atomic=ALL-UNNAMED -Xmx2048m -Dfile.encoding=UTF-8 -Duser.country=US -Duser.language=en -Duser.variant org.gradle.launcher.daemon.bootstrap.GradleDaemon 7.5

Host: Intel(R) Core(TM) i5-4310U CPU @ 2.00GHz, 4 cores, 7G,  Windows 10 , 64 bit Build 19041 (10.0.19041.2788)
Time: Mon May  8 16:18:10 2023 Pakistan Standard Time elapsed time: 74.150619 seconds (0d 0h 1m 14s)

---------------  T H R E A D  ---------------

Current thread (0x0000016dcc4e2800):  JavaThread "C2 CompilerThread1" daemon [_thread_in_native, id=13420, stack(0x0000000632600000,0x0000000632700000)]


Current CompileTask:
C2:  74150 18631       4       com.android.tools.r8.internal.h9::h (57 bytes)

Stack: [0x0000000632600000,0x0000000632700000]
Native frames: (J=compiled Java code, j=interpreted, Vv=VM code, C=native code)
V  [jvm.dll+0x64135a]
V  [jvm.dll+0x7d39f9]
V  [jvm.dll+0x7d51b9]
V  [jvm.dll+0x7d58a3]
V  [jvm.dll+0x2691c5]
V  [jvm.dll+0xc1a5c]
V  [jvm.dll+0xc200c]
V  [jvm.dll+0x377462]
V  [jvm.dll+0x342495]
V  [jvm.dll+0x34186a]
V  [jvm.dll+0x2214bd]
V  [jvm.dll+0x220498]
V  [jvm.dll+0x19e851]
V  [jvm.dll+0x230479]
V  [jvm.dll+0x22e5ef]
V  [jvm.dll+0x794de1]
V  [jvm.dll+0x78dc24]
V  [jvm.dll+0x6400f6]
C  [ucrtbase.dll+0x21bb2]
C  [KERNEL32.DLL+0x17604]
C  [ntdll.dll+0x526a1]


---------------  P R O C E S S  ---------------

Threads class SMR info:
_java_thread_list=0x0000016dcde3c660, length=91, elements={
0x0000016dacf3a000, 0x0000016dc6b47800, 0x0000016dc6b49000, 0x0000016dc6b60800,
0x0000016dc6b61800, 0x0000016dc6b66800, 0x0000016dc6b69800, 0x0000016dc6b6d000,
0x0000016dc6b6e800, 0x0000016dc6adf000, 0x0000016dcb0e3800, 0x0000016dc77f6800,
0x0000016dcac64000, 0x0000016dc87ac800, 0x0000016dc8bf1000, 0x0000016dc81f1000,
0x0000016dc859e000, 0x0000016dcbe25800, 0x0000016dcbd55000, 0x0000016dc905e000,
0x0000016dca1b7000, 0x0000016dca1b8000, 0x0000016dca1b8800, 0x0000016dca1b6000,
0x0000016dc9dda000, 0x0000016dc9ddc800, 0x0000016dc9ddd800, 0x0000016dc9ddf000,
0x0000016dc9dd9800, 0x0000016dc9ddb000, 0x0000016dc9de0800, 0x0000016dc9de1800,
0x0000016dc9de0000, 0x0000016dc9de7000, 0x0000016dc9de8000, 0x0000016dc9f21000,
0x0000016dc9f23800, 0x0000016dc9f22000, 0x0000016dc9f22800, 0x0000016dc9f20000,
0x0000016dc9f26800, 0x0000016dc9f29000, 0x0000016dc9f27800, 0x0000016dc9f2a000,
0x0000016dc9f25000, 0x0000016dc9f28800, 0x0000016dc9f24800, 0x0000016dc9f26000,
0x0000016dc9f2c800, 0x0000016dc9f2b000, 0x0000016dc9f2b800, 0x0000016dc9f2d800,
0x0000016dc9f2e000, 0x0000016dcb491000, 0x0000016dcb48e800, 0x0000016dcb492000,
0x0000016dcb48c000, 0x0000016dcb48f800, 0x0000016dcb493000, 0x0000016dcb48d000,
0x0000016dcb493800, 0x0000016dcb490800, 0x0000016dcb48e000, 0x0000016dcb496000,
0x0000016dcb497000, 0x0000016dcb497800, 0x0000016dcb498800, 0x0000016dcb499800,
0x0000016dcb494800, 0x0000016dcb49b000, 0x0000016dcb495000, 0x0000016dcb49a000,
0x0000016dcc7e8000, 0x0000016dcc7e3800, 0x0000016dcc7e9000, 0x0000016dcc7e5000,
0x0000016dcc7ea000, 0x0000016dcc7e4000, 0x0000016dcc7e6000, 0x0000016dcc7ea800,
0x0000016dcc7ec800, 0x0000016dcc7e6800, 0x0000016dcc7ed000, 0x0000016dcc7e7800,
0x0000016dcc7ee000, 0x0000016dcc7ee800, 0x0000016dcc7ef800, 0x0000016dcc7f0800,
0x0000016dcc7f1000, 0x0000016dcc7f2000, 0x0000016dcc4e2800
}

Java Threads: ( => current thread )
  0x0000016dacf3a000 JavaThread "main" [_thread_blocked, id=13144, stack(0x0000000632500000,0x0000000632600000)]
  0x0000016dc6b47800 JavaThread "Reference Handler" daemon [_thread_blocked, id=9848, stack(0x0000000632d00000,0x0000000632e00000)]
  0x0000016dc6b49000 JavaThread "Finalizer" daemon [_thread_blocked, id=15352, stack(0x0000000632e00000,0x0000000632f00000)]
  0x0000016dc6b60800 JavaThread "Signal Dispatcher" daemon [_thread_blocked, id=11420, stack(0x0000000632f00000,0x0000000633000000)]
  0x0000016dc6b61800 JavaThread "Attach Listener" daemon [_thread_blocked, id=4312, stack(0x0000000633000000,0x0000000633100000)]
  0x0000016dc6b66800 JavaThread "Service Thread" daemon [_thread_blocked, id=6648, stack(0x0000000633100000,0x0000000633200000)]
  0x0000016dc6b69800 JavaThread "C2 CompilerThread0" daemon [_thread_in_native, id=15364, stack(0x0000000633200000,0x0000000633300000)]
  0x0000016dc6b6d000 JavaThread "C1 CompilerThread0" daemon [_thread_in_vm_trans, id=1056, stack(0x0000000633300000,0x0000000633400000)]
  0x0000016dc6b6e800 JavaThread "Sweeper thread" daemon [_thread_blocked, id=13304, stack(0x0000000633400000,0x0000000633500000)]
  0x0000016dc6adf000 JavaThread "Common-Cleaner" daemon [_thread_blocked, id=6520, stack(0x0000000633500000,0x0000000633600000)]
  0x0000016dcb0e3800 JavaThread "Daemon health stats" [_thread_blocked, id=10188, stack(0x0000000633a00000,0x0000000633b00000)]
  0x0000016dc77f6800 JavaThread "Incoming local TCP Connector on port 53612" [_thread_in_native, id=4572, stack(0x0000000633600000,0x0000000633700000)]
  0x0000016dcac64000 JavaThread "Daemon periodic checks" [_thread_blocked, id=16212, stack(0x0000000633b00000,0x0000000633c00000)]
  0x0000016dc87ac800 JavaThread "Daemon" [_thread_blocked, id=11556, stack(0x0000000633c00000,0x0000000633d00000)]
  0x0000016dc8bf1000 JavaThread "Handler for socket connection from /127.0.0.1:53612 to /127.0.0.1:53613" [_thread_in_native, id=14636, stack(0x0000000633d00000,0x0000000633e00000)]
  0x0000016dc81f1000 JavaThread "Cancel handler" [_thread_blocked, id=8508, stack(0x0000000633e00000,0x0000000633f00000)]
  0x0000016dc859e000 JavaThread "Daemon worker" [_thread_blocked, id=812, stack(0x0000000633f00000,0x0000000634000000)]
  0x0000016dcbe25800 JavaThread "Asynchronous log dispatcher for DefaultDaemonConnection: socket connection from /127.0.0.1:53612 to /127.0.0.1:53613" [_thread_in_vm, id=8700, stack(0x0000000634000000,0x0000000634100000)]
  0x0000016dcbd55000 JavaThread "Stdin handler" [_thread_blocked, id=4288, stack(0x0000000634100000,0x0000000634200000)]
  0x0000016dc905e000 JavaThread "Daemon client event forwarder" [_thread_blocked, id=9148, stack(0x0000000634200000,0x0000000634300000)]
  0x0000016dca1b7000 JavaThread "Cache worker for journal cache (C:\Users\shahzaib lptp\AndroidStudioProjects\loginsqlite\caches\journal-1)" [_thread_blocked, id=7228, stack(0x0000000634300000,0x0000000634400000)]
  0x0000016dca1b8000 JavaThread "File lock request listener" [_thread_in_native, id=6392, stack(0x0000000634500000,0x0000000634600000)]
  0x0000016dca1b8800 JavaThread "Cache worker for file hash cache (C:\Users\shahzaib lptp\AndroidStudioProjects\loginsqlite\caches\7.5\fileHashes)" [_thread_blocked, id=14496, stack(0x0000000634700000,0x0000000634800000)]
  0x0000016dca1b6000 JavaThread "File watcher server" daemon [_thread_in_native, id=11524, stack(0x0000000634800000,0x0000000634900000)]
  0x0000016dc9dda000 JavaThread "File watcher consumer" daemon [_thread_in_native, id=12628, stack(0x0000000634900000,0x0000000634a00000)]
  0x0000016dc9ddc800 JavaThread "Cache worker for checksums cache (C:\Users\shahzaib lptp\AndroidStudioProjects\EyeonwaterApp\.gradle\7.5\checksums)" [_thread_blocked, id=15180, stack(0x0000000634a00000,0x0000000634b00000)]
  0x0000016dc9ddd800 JavaThread "Cache worker for cache directory md-rule (C:\Users\shahzaib lptp\AndroidStudioProjects\loginsqlite\caches\7.5\md-rule)" [_thread_blocked, id=8020, stack(0x0000000634b00000,0x0000000634c00000)]
  0x0000016dc9ddf000 JavaThread "Cache worker for file content cache (C:\Users\shahzaib lptp\AndroidStudioProjects\loginsqlite\caches\7.5\fileContent)" [_thread_blocked, id=4652, stack(0x0000000634600000,0x0000000634700000)]
  0x0000016dc9dd9800 JavaThread "Cache worker for file hash cache (C:\Users\shahzaib lptp\AndroidStudioProjects\EyeonwaterApp\.gradle\7.5\fileHashes)" [_thread_blocked, id=12952, stack(0x0000000634c00000,0x0000000634d00000)]
  0x0000016dc9ddb000 JavaThread "Cache worker for cache directory md-supplier (C:\Users\shahzaib lptp\AndroidStudioProjects\loginsqlite\caches\7.5\md-supplier)" [_thread_blocked, id=9980, stack(0x0000000634d00000,0x0000000634e00000)]
  0x0000016dc9de0800 JavaThread "Cache worker for execution history cache (C:\Users\shahzaib lptp\AndroidStudioProjects\loginsqlite\caches\7.5\executionHistory)" [_thread_blocked, id=11964, stack(0x0000000634e00000,0x0000000634f00000)]
  0x0000016dc9de1800 JavaThread "jar transforms" [_thread_blocked, id=13332, stack(0x0000000635000000,0x0000000635100000)]
  0x0000016dc9de0000 JavaThread "jar transforms Thread 2" [_thread_blocked, id=9572, stack(0x0000000635100000,0x0000000635200000)]
  0x0000016dc9de7000 JavaThread "jar transforms Thread 3" [_thread_blocked, id=10532, stack(0x0000000635200000,0x0000000635300000)]
  0x0000016dc9de8000 JavaThread "jar transforms Thread 4" [_thread_blocked, id=10712, stack(0x0000000635300000,0x0000000635400000)]
  0x0000016dc9f21000 JavaThread "Cache worker for dependencies-accessors (C:\Users\shahzaib lptp\AndroidStudioProjects\EyeonwaterApp\.gradle\7.5\dependencies-accessors)" [_thread_blocked, id=5084, stack(0x0000000635400000,0x0000000635500000)]
  0x0000016dc9f23800 JavaThread "Cache worker for Build Output Cleanup Cache (C:\Users\shahzaib lptp\AndroidStudioProjects\EyeonwaterApp\.gradle\buildOutputCleanup)" [_thread_blocked, id=9440, stack(0x0000000635500000,0x0000000635600000)]
  0x0000016dc9f22000 JavaThread "Unconstrained build operations" [_thread_blocked, id=8416, stack(0x0000000635800000,0x0000000635900000)]
  0x0000016dc9f22800 JavaThread "Unconstrained build operations Thread 2" [_thread_blocked, id=2568, stack(0x0000000635900000,0x0000000635a00000)]
  0x0000016dc9f20000 JavaThread "Unconstrained build operations Thread 3" [_thread_blocked, id=3504, stack(0x0000000635a00000,0x0000000635b00000)]
  0x0000016dc9f26800 JavaThread "Unconstrained build operations Thread 4" [_thread_blocked, id=5148, stack(0x0000000635b00000,0x0000000635c00000)]
  0x0000016dc9f29000 JavaThread "Unconstrained build operations Thread 5" [_thread_blocked, id=6872, stack(0x0000000635c00000,0x0000000635d00000)]
  0x0000016dc9f27800 JavaThread "Unconstrained build operations Thread 6" [_thread_blocked, id=8868, stack(0x0000000635d00000,0x0000000635e00000)]
  0x0000016dc9f2a000 JavaThread "Unconstrained build operations Thread 7" [_thread_in_Java, id=13500, stack(0x0000000635e00000,0x0000000635f00000)]
  0x0000016dc9f25000 JavaThread "Unconstrained build operations Thread 8" [_thread_blocked, id=9996, stack(0x0000000635f00000,0x0000000636000000)]
  0x0000016dc9f28800 JavaThread "Unconstrained build operations Thread 9" [_thread_blocked, id=11024, stack(0x0000000636000000,0x0000000636100000)]
  0x0000016dc9f24800 JavaThread "Unconstrained build operations Thread 10" [_thread_blocked, id=7712, stack(0x0000000636100000,0x0000000636200000)]
  0x0000016dc9f26000 JavaThread "Unconstrained build operations Thread 11" [_thread_blocked, id=15624, stack(0x0000000636200000,0x0000000636300000)]
  0x0000016dc9f2c800 JavaThread "Unconstrained build operations Thread 12" [_thread_blocked, id=15720, stack(0x0000000636300000,0x0000000636400000)]
  0x0000016dc9f2b000 JavaThread "Unconstrained build operations Thread 13" [_thread_blocked, id=7256, stack(0x0000000636400000,0x0000000636500000)]
  0x0000016dc9f2b800 JavaThread "Unconstrained build operations Thread 14" [_thread_blocked, id=2768, stack(0x0000000636500000,0x0000000636600000)]
  0x0000016dc9f2d800 JavaThread "Unconstrained build operations Thread 15" [_thread_in_Java, id=11060, stack(0x0000000636600000,0x0000000636700000)]
  0x0000016dc9f2e000 JavaThread "Unconstrained build operations Thread 16" [_thread_blocked, id=72, stack(0x0000000636700000,0x0000000636800000)]
  0x0000016dcb491000 JavaThread "Unconstrained build operations Thread 17" [_thread_blocked, id=8852, stack(0x0000000636800000,0x0000000636900000)]
  0x0000016dcb48e800 JavaThread "Unconstrained build operations Thread 18" [_thread_blocked, id=1328, stack(0x0000000636900000,0x0000000636a00000)]
  0x0000016dcb492000 JavaThread "Unconstrained build operations Thread 19" [_thread_blocked, id=9844, stack(0x0000000636a00000,0x0000000636b00000)]
  0x0000016dcb48c000 JavaThread "Unconstrained build operations Thread 20" [_thread_blocked, id=5896, stack(0x0000000636b00000,0x0000000636c00000)]
  0x0000016dcb48f800 JavaThread "Unconstrained build operations Thread 21" [_thread_blocked, id=6908, stack(0x0000000636c00000,0x0000000636d00000)]
  0x0000016dcb493000 JavaThread "Unconstrained build operations Thread 22" [_thread_blocked, id=3172, stack(0x0000000636d00000,0x0000000636e00000)]
  0x0000016dcb48d000 JavaThread "Unconstrained build operations Thread 23" [_thread_blocked, id=13436, stack(0x0000000636e00000,0x0000000636f00000)]
  0x0000016dcb493800 JavaThread "Unconstrained build operations Thread 24" [_thread_blocked, id=12828, stack(0x0000000636f00000,0x0000000637000000)]
  0x0000016dcb490800 JavaThread "Unconstrained build operations Thread 25" [_thread_blocked, id=12184, stack(0x0000000637000000,0x0000000637100000)]
  0x0000016dcb48e000 JavaThread "Unconstrained build operations Thread 26" [_thread_blocked, id=10756, stack(0x0000000637100000,0x0000000637200000)]
  0x0000016dcb496000 JavaThread "Unconstrained build operations Thread 27" [_thread_blocked, id=15236, stack(0x0000000637200000,0x0000000637300000)]
  0x0000016dcb497000 JavaThread "Unconstrained build operations Thread 28" [_thread_blocked, id=11496, stack(0x0000000637300000,0x0000000637400000)]
  0x0000016dcb497800 JavaThread "Unconstrained build operations Thread 29" [_thread_blocked, id=13784, stack(0x0000000637400000,0x0000000637500000)]
  0x0000016dcb498800 JavaThread "Unconstrained build operations Thread 30" [_thread_blocked, id=16320, stack(0x0000000637500000,0x0000000637600000)]
  0x0000016dcb499800 JavaThread "Unconstrained build operations Thread 31" [_thread_blocked, id=10772, stack(0x0000000637600000,0x0000000637700000)]
  0x0000016dcb494800 JavaThread "Unconstrained build operations Thread 32" [_thread_blocked, id=12856, stack(0x0000000637700000,0x0000000637800000)]
  0x0000016dcb49b000 JavaThread "Unconstrained build operations Thread 33" [_thread_blocked, id=15184, stack(0x0000000637800000,0x0000000637900000)]
  0x0000016dcb495000 JavaThread "Unconstrained build operations Thread 34" [_thread_blocked, id=14264, stack(0x0000000637900000,0x0000000637a00000)]
  0x0000016dcb49a000 JavaThread "Unconstrained build operations Thread 35" [_thread_in_vm, id=11804, stack(0x0000000637a00000,0x0000000637b00000)]
  0x0000016dcc7e8000 JavaThread "Unconstrained build operations Thread 36" [_thread_blocked, id=13056, stack(0x0000000637b00000,0x0000000637c00000)]
  0x0000016dcc7e3800 JavaThread "Unconstrained build operations Thread 37" [_thread_blocked, id=2252, stack(0x0000000637c00000,0x0000000637d00000)]
  0x0000016dcc7e9000 JavaThread "Unconstrained build operations Thread 38" [_thread_blocked, id=13772, stack(0x0000000637d00000,0x0000000637e00000)]
  0x0000016dcc7e5000 JavaThread "Unconstrained build operations Thread 39" [_thread_blocked, id=12676, stack(0x0000000637e00000,0x0000000637f00000)]
  0x0000016dcc7ea000 JavaThread "Unconstrained build operations Thread 40" [_thread_blocked, id=11316, stack(0x0000000637f00000,0x0000000638000000)]
  0x0000016dcc7e4000 JavaThread "build event listener" [_thread_blocked, id=2476, stack(0x0000000638000000,0x0000000638100000)]
  0x0000016dcc7e6000 JavaThread "Memory manager" [_thread_blocked, id=15524, stack(0x0000000638100000,0x0000000638200000)]
  0x0000016dcc7ea800 JavaThread "pool-3-thread-1" [_thread_blocked, id=13652, stack(0x0000000638200000,0x0000000638300000)]
  0x0000016dcc7ec800 JavaThread "build event listener" [_thread_blocked, id=6748, stack(0x0000000638300000,0x0000000638400000)]
  0x0000016dcc7e6800 JavaThread "included builds" [_thread_blocked, id=10984, stack(0x0000000638400000,0x0000000638500000)]
  0x0000016dcc7ed000 JavaThread "Execution worker" [_thread_blocked, id=14864, stack(0x0000000638500000,0x0000000638600000)]
  0x0000016dcc7e7800 JavaThread "Execution worker Thread 2" [_thread_blocked, id=8044, stack(0x0000000638600000,0x0000000638700000)]
  0x0000016dcc7ee000 JavaThread "Execution worker Thread 3" [_thread_blocked, id=14852, stack(0x0000000638700000,0x0000000638800000)]
  0x0000016dcc7ee800 JavaThread "Cache worker for execution history cache (C:\Users\shahzaib lptp\AndroidStudioProjects\EyeonwaterApp\.gradle\7.5\executionHistory)" [_thread_blocked, id=14012, stack(0x0000000638800000,0x0000000638900000)]
  0x0000016dcc7ef800 JavaThread "WorkerExecutor Queue" [_thread_blocked, id=14468, stack(0x0000000638900000,0x0000000638a00000)]
  0x0000016dcc7f0800 JavaThread "WorkerExecutor Queue Thread 2" [_thread_blocked, id=15632, stack(0x0000000638a00000,0x0000000638b00000)]
  0x0000016dcc7f1000 JavaThread "WorkerExecutor Queue Thread 3" [_thread_blocked, id=4772, stack(0x0000000634f00000,0x0000000635000000)]
  0x0000016dcc7f2000 JavaThread "WorkerExecutor Queue Thread 4" [_thread_blocked, id=10316, stack(0x0000000638c00000,0x0000000638d00000)]
=>0x0000016dcc4e2800 JavaThread "C2 CompilerThread1" daemon [_thread_in_native, id=13420, stack(0x0000000632600000,0x0000000632700000)]

Other Threads:
  0x0000016dc6b42800 VMThread "VM Thread" [stack: 0x0000000632c00000,0x0000000632d00000] [id=9028]
  0x0000016dc777e000 WatcherThread [stack: 0x0000000633700000,0x0000000633800000] [id=6516]
  0x0000016dacf53800 GCTaskThread "GC Thread#0" [stack: 0x0000000632700000,0x0000000632800000] [id=1716]
  0x0000016dc85a3000 GCTaskThread "GC Thread#1" [stack: 0x0000000633800000,0x0000000633900000] [id=7784]
  0x0000016dc866f000 GCTaskThread "GC Thread#2" [stack: 0x0000000633900000,0x0000000633a00000] [id=2376]
  0x0000016dc8bc4800 GCTaskThread "GC Thread#3" [stack: 0x0000000634400000,0x0000000634500000] [id=12036]
  0x0000016dacf7e800 ConcurrentGCThread "G1 Main Marker" [stack: 0x0000000632800000,0x0000000632900000] [id=7804]
  0x0000016dacf7f800 ConcurrentGCThread "G1 Conc#0" [stack: 0x0000000632900000,0x0000000632a00000] [id=16244]
  0x0000016dad00d000 ConcurrentGCThread "G1 Refine#0" [stack: 0x0000000632a00000,0x0000000632b00000] [id=10792]
  0x0000016dad00e000 ConcurrentGCThread "G1 Young RemSet Sampling" [stack: 0x0000000632b00000,0x0000000632c00000] [id=1560]

Threads with active compile tasks:
C2 CompilerThread0    74193 18627       4       com.android.tools.r8.internal.EY::b (908 bytes)
C1 CompilerThread0    74193 18686       2       com.android.tools.r8.graph.k::a (100 bytes)
C2 CompilerThread1    74193 18631       4       com.android.tools.r8.internal.h9::h (57 bytes)

VM state:not at safepoint (normal execution)

VM Mutex/Monitor currently owned by a thread:  ([mutex/lock_event])
[0x0000016dacf35380] CodeCache_lock - owner thread: 0x0000000000000000

OutOfMemory and StackOverflow Exception counts:
OutOfMemoryError java_heap_errors=1
LinkageErrors=173

Heap address: 0x0000000080000000, size: 2048 MB, Compressed Oops mode: 32-bit
Narrow klass base: 0x0000000000000000, Narrow klass shift: 3
Compressed class space size: 1073741824 Address: 0x0000000100000000

Heap:
 garbage-first heap   total 283648K, used 175474K [0x0000000080000000, 0x0000000100000000)
  region size 1024K, 43 young (44032K), 8 survivors (8192K)
 Metaspace       used 119915K, capacity 123434K, committed 123596K, reserved 1157120K
  class space    used 15345K, capacity 16717K, committed 16844K, reserved 1048576K
Heap Regions: E=young(eden), S=young(survivor), O=old, HS=humongous(starts), HC=humongous(continues), CS=collection set, F=free, A=archive, TAMS=top-at-mark-start (previous, next)
|   0|0x0000000080000000, 0x0000000080100000, 0x0000000080100000|100%| O|  |TAMS 0x0000000080100000, 0x0000000080000000| Untracked 
|   1|0x0000000080100000, 0x0000000080200000, 0x0000000080200000|100%| O|  |TAMS 0x0000000080200000, 0x0000000080100000| Untracked 
|   2|0x0000000080200000, 0x0000000080300000, 0x0000000080300000|100%| O|  |TAMS 0x0000000080300000, 0x0000000080200000| Untracked 
|   3|0x0000000080300000, 0x0000000080400000, 0x0000000080400000|100%|HS|  |TAMS 0x0000000080400000, 0x0000000080300000| Complete 
|   4|0x0000000080400000, 0x0000000080500000, 0x0000000080500000|100%|HC|  |TAMS 0x0000000080500000, 0x0000000080400000| Complete 
|   5|0x0000000080500000, 0x0000000080600000, 0x0000000080600000|100%|HC|  |TAMS 0x0000000080600000, 0x0000000080500000| Complete 
|   6|0x0000000080600000, 0x0000000080700000, 0x0000000080700000|100%| O|  |TAMS 0x0000000080700000, 0x0000000080600000| Untracked 
|   7|0x0000000080700000, 0x0000000080800000, 0x0000000080800000|100%| O|  |TAMS 0x0000000080800000, 0x0000000080700000| Untracked 
|   8|0x0000000080800000, 0x0000000080900000, 0x0000000080900000|100%| O|  |TAMS 0x0000000080900000, 0x0000000080800000| Untracked 
|   9|0x0000000080900000, 0x0000000080a00000, 0x0000000080a00000|100%| O|  |TAMS 0x0000000080a00000, 0x0000000080900000| Untracked 
|  10|0x0000000080a00000, 0x0000000080b00000, 0x0000000080b00000|100%| O|  |TAMS 0x0000000080b00000, 0x0000000080a00000| Untracked 
|  11|0x0000000080b00000, 0x0000000080c00000, 0x0000000080c00000|100%| O|  |TAMS 0x0000000080c00000, 0x0000000080b00000| Untracked 
|  12|0x0000000080c00000, 0x0000000080d00000, 0x0000000080d00000|100%| O|  |TAMS 0x0000000080d00000, 0x0000000080c00000| Untracked 
|  13|0x0000000080d00000, 0x0000000080e00000, 0x0000000080e00000|100%| O|  |TAMS 0x0000000080e00000, 0x0000000080d00000| Untracked 
|  14|0x0000000080e00000, 0x0000000080f00000, 0x0000000080f00000|100%| O|  |TAMS 0x0000000080f00000, 0x0000000080e00000| Untracked 
|  15|0x0000000080f00000, 0x0000000081000000, 0x0000000081000000|100%| O|  |TAMS 0x0000000081000000, 0x0000000080f00000| Untracked 
|  16|0x0000000081000000, 0x0000000081100000, 0x0000000081100000|100%| O|  |TAMS 0x0000000081100000, 0x0000000081000000| Untracked 
|  17|0x0000000081100000, 0x0000000081200000, 0x0000000081200000|100%| O|  |TAMS 0x0000000081200000, 0x0000000081100000| Untracked 
|  18|0x0000000081200000, 0x0000000081300000, 0x0000000081300000|100%| O|  |TAMS 0x0000000081300000, 0x0000000081200000| Untracked 
|  19|0x0000000081300000, 0x0000000081400000, 0x0000000081400000|100%| O|  |TAMS 0x0000000081400000, 0x0000000081300000| Untracked 
|  20|0x0000000081400000, 0x0000000081500000, 0x0000000081500000|100%| O|  |TAMS 0x0000000081500000, 0x0000000081400000| Untracked 
|  21|0x0000000081500000, 0x0000000081600000, 0x0000000081600000|100%|HS|  |TAMS 0x0000000081600000, 0x0000000081500000| Complete 
|  22|0x0000000081600000, 0x0000000081700000, 0x0000000081700000|100%|HS|  |TAMS 0x0000000081700000, 0x0000000081600000| Complete 
|  23|0x0000000081700000, 0x0000000081800000, 0x0000000081800000|100%| O|  |TAMS 0x0000000081800000, 0x0000000081700000| Untracked 
|  24|0x0000000081800000, 0x0000000081900000, 0x0000000081900000|100%| O|  |TAMS 0x0000000081900000, 0x0000000081800000| Untracked 
|  25|0x0000000081900000, 0x0000000081a00000, 0x0000000081a00000|100%| O|  |TAMS 0x0000000081a00000, 0x0000000081900000| Untracked 
|  26|0x0000000081a00000, 0x0000000081b00000, 0x0000000081b00000|100%| O|  |TAMS 0x0000000081b00000, 0x0000000081a00000| Untracked 
|  27|0x0000000081b00000, 0x0000000081c00000, 0x0000000081c00000|100%| O|  |TAMS 0x0000000081c00000, 0x0000000081b00000| Untracked 
|  28|0x0000000081c00000, 0x0000000081d00000, 0x0000000081d00000|100%| O|  |TAMS 0x0000000081d00000, 0x0000000081c00000| Untracked 
|  29|0x0000000081d00000, 0x0000000081e00000, 0x0000000081e00000|100%| O|  |TAMS 0x0000000081e00000, 0x0000000081d00000| Untracked 
|  30|0x0000000081e00000, 0x0000000081f00000, 0x0000000081f00000|100%| O|  |TAMS 0x0000000081f00000, 0x0000000081e00000| Untracked 
|  31|0x0000000081f00000, 0x0000000082000000, 0x0000000082000000|100%| O|  |TAMS 0x0000000082000000, 0x0000000081f00000| Untracked 
|  32|0x0000000082000000, 0x0000000082100000, 0x0000000082100000|100%| O|  |TAMS 0x0000000082100000, 0x0000000082000000| Untracked 
|  33|0x0000000082100000, 0x0000000082200000, 0x0000000082200000|100%| O|  |TAMS 0x0000000082200000, 0x0000000082100000| Untracked 
|  34|0x0000000082200000, 0x0000000082300000, 0x0000000082300000|100%| O|  |TAMS 0x0000000082300000, 0x0000000082200000| Untracked 
|  35|0x0000000082300000, 0x0000000082400000, 0x0000000082400000|100%| O|  |TAMS 0x0000000082400000, 0x0000000082300000| Untracked 
|  36|0x0000000082400000, 0x0000000082500000, 0x0000000082500000|100%| O|  |TAMS 0x0000000082500000, 0x0000000082400000| Untracked 
|  37|0x0000000082500000, 0x0000000082600000, 0x0000000082600000|100%| O|  |TAMS 0x0000000082600000, 0x0000000082500000| Untracked 
|  38|0x0000000082600000, 0x0000000082700000, 0x0000000082700000|100%| O|  |TAMS 0x0000000082700000, 0x0000000082600000| Untracked 
|  39|0x0000000082700000, 0x0000000082800000, 0x0000000082800000|100%| O|  |TAMS 0x0000000082800000, 0x0000000082700000| Untracked 
|  40|0x0000000082800000, 0x0000000082900000, 0x0000000082900000|100%| O|  |TAMS 0x0000000082900000, 0x0000000082800000| Untracked 
|  41|0x0000000082900000, 0x0000000082a00000, 0x0000000082a00000|100%| O|  |TAMS 0x0000000082a00000, 0x0000000082900000| Untracked 
|  42|0x0000000082a00000, 0x0000000082b00000, 0x0000000082b00000|100%| O|  |TAMS 0x0000000082b00000, 0x0000000082a00000| Untracked 
|  43|0x0000000082b00000, 0x0000000082c00000, 0x0000000082c00000|100%| O|  |TAMS 0x0000000082c00000, 0x0000000082b00000| Untracked 
|  44|0x0000000082c00000, 0x0000000082d00000, 0x0000000082d00000|100%| O|  |TAMS 0x0000000082d00000, 0x0000000082c00000| Untracked 
|  45|0x0000000082d00000, 0x0000000082e00000, 0x0000000082e00000|100%| O|  |TAMS 0x0000000082e00000, 0x0000000082d00000| Untracked 
|  46|0x0000000082e00000, 0x0000000082f00000, 0x0000000082f00000|100%| O|  |TAMS 0x0000000082f00000, 0x0000000082e00000| Untracked 
|  47|0x0000000082f00000, 0x0000000083000000, 0x0000000083000000|100%| O|  |TAMS 0x0000000083000000, 0x0000000082f00000| Untracked 
|  48|0x0000000083000000, 0x0000000083100000, 0x0000000083100000|100%| O|  |TAMS 0x0000000083100000, 0x0000000083000000| Untracked 
|  49|0x0000000083100000, 0x0000000083200000, 0x0000000083200000|100%| O|  |TAMS 0x0000000083200000, 0x0000000083100000| Untracked 
|  50|0x0000000083200000, 0x0000000083300000, 0x0000000083300000|100%| O|  |TAMS 0x0000000083300000, 0x0000000083200000| Untracked 
|  51|0x0000000083300000, 0x0000000083400000, 0x0000000083400000|100%| O|  |TAMS 0x0000000083400000, 0x0000000083300000| Untracked 
|  52|0x0000000083400000, 0x0000000083500000, 0x0000000083500000|100%| O|  |TAMS 0x0000000083500000, 0x0000000083400000| Untracked 
|  53|0x0000000083500000, 0x0000000083600000, 0x0000000083600000|100%| O|  |TAMS 0x0000000083600000, 0x0000000083500000| Untracked 
|  54|0x0000000083600000, 0x0000000083700000, 0x0000000083700000|100%| O|  |TAMS 0x0000000083700000, 0x0000000083600000| Untracked 
|  55|0x0000000083700000, 0x0000000083800000, 0x0000000083800000|100%| O|  |TAMS 0x0000000083800000, 0x0000000083700000| Untracked 
|  56|0x0000000083800000, 0x0000000083900000, 0x0000000083900000|100%| O|  |TAMS 0x0000000083900000, 0x0000000083800000| Untracked 
|  57|0x0000000083900000, 0x0000000083a00000, 0x0000000083a00000|100%| O|  |TAMS 0x0000000083a00000, 0x0000000083900000| Untracked 
|  58|0x0000000083a00000, 0x0000000083b00000, 0x0000000083b00000|100%| O|  |TAMS 0x0000000083b00000, 0x0000000083a00000| Untracked 
|  59|0x0000000083b00000, 0x0000000083c00000, 0x0000000083c00000|100%| O|  |TAMS 0x0000000083c00000, 0x0000000083b00000| Untracked 
|  60|0x0000000083c00000, 0x0000000083d00000, 0x0000000083d00000|100%| O|  |TAMS 0x0000000083d00000, 0x0000000083c00000| Untracked 
|  61|0x0000000083d00000, 0x0000000083e00000, 0x0000000083e00000|100%| O|  |TAMS 0x0000000083e00000, 0x0000000083d00000| Untracked 
|  62|0x0000000083e00000, 0x0000000083f00000, 0x0000000083f00000|100%| O|  |TAMS 0x0000000083f00000, 0x0000000083e00000| Untracked 
|  63|0x0000000083f00000, 0x0000000084000000, 0x0000000084000000|100%| O|  |TAMS 0x0000000084000000, 0x0000000083f00000| Untracked 
|  64|0x0000000084000000, 0x0000000084100000, 0x0000000084100000|100%| O|  |TAMS 0x0000000084100000, 0x0000000084000000| Untracked 
|  65|0x0000000084100000, 0x0000000084200000, 0x0000000084200000|100%| O|  |TAMS 0x0000000084200000, 0x0000000084100000| Untracked 
|  66|0x0000000084200000, 0x0000000084300000, 0x0000000084300000|100%| O|  |TAMS 0x0000000084300000, 0x0000000084200000| Untracked 
|  67|0x0000000084300000, 0x0000000084400000, 0x0000000084400000|100%| O|  |TAMS 0x0000000084400000, 0x0000000084300000| Untracked 
|  68|0x0000000084400000, 0x0000000084500000, 0x0000000084500000|100%| O|  |TAMS 0x0000000084500000, 0x0000000084400000| Untracked 
|  69|0x0000000084500000, 0x0000000084600000, 0x0000000084600000|100%| O|  |TAMS 0x0000000084600000, 0x0000000084500000| Untracked 
|  70|0x0000000084600000, 0x0000000084700000, 0x0000000084700000|100%| O|  |TAMS 0x0000000084700000, 0x0000000084600000| Untracked 
|  71|0x0000000084700000, 0x0000000084800000, 0x0000000084800000|100%| O|  |TAMS 0x0000000084800000, 0x0000000084700000| Untracked 
|  72|0x0000000084800000, 0x0000000084900000, 0x0000000084900000|100%| O|  |TAMS 0x0000000084900000, 0x0000000084800000| Untracked 
|  73|0x0000000084900000, 0x0000000084a00000, 0x0000000084a00000|100%| O|  |TAMS 0x0000000084a00000, 0x0000000084900000| Untracked 
|  74|0x0000000084a00000, 0x0000000084b00000, 0x0000000084b00000|100%| O|  |TAMS 0x0000000084b00000, 0x0000000084a00000| Untracked 
|  75|0x0000000084b00000, 0x0000000084c00000, 0x0000000084c00000|100%| O|  |TAMS 0x0000000084c00000, 0x0000000084b00000| Untracked 
|  76|0x0000000084c00000, 0x0000000084d00000, 0x0000000084d00000|100%| O|  |TAMS 0x0000000084d00000, 0x0000000084c00000| Untracked 
|  77|0x0000000084d00000, 0x0000000084e00000, 0x0000000084e00000|100%| O|  |TAMS 0x0000000084e00000, 0x0000000084d00000| Untracked 
|  78|0x0000000084e00000, 0x0000000084f00000, 0x0000000084f00000|100%| O|  |TAMS 0x0000000084f00000, 0x0000000084e00000| Untracked 
|  79|0x0000000084f00000, 0x0000000085000000, 0x0000000085000000|100%| O|  |TAMS 0x0000000085000000, 0x0000000084f00000| Untracked 
|  80|0x0000000085000000, 0x0000000085100000, 0x0000000085100000|100%| O|  |TAMS 0x0000000085100000, 0x0000000085000000| Untracked 
|  81|0x0000000085100000, 0x0000000085200000, 0x0000000085200000|100%| O|  |TAMS 0x0000000085200000, 0x0000000085100000| Untracked 
|  82|0x0000000085200000, 0x0000000085300000, 0x0000000085300000|100%| O|  |TAMS 0x0000000085300000, 0x0000000085200000| Untracked 
|  83|0x0000000085300000, 0x0000000085400000, 0x0000000085400000|100%| O|  |TAMS 0x0000000085400000, 0x0000000085300000| Untracked 
|  84|0x0000000085400000, 0x0000000085500000, 0x0000000085500000|100%| O|  |TAMS 0x0000000085500000, 0x0000000085400000| Untracked 
|  85|0x0000000085500000, 0x0000000085600000, 0x0000000085600000|100%| O|  |TAMS 0x0000000085600000, 0x0000000085500000| Untracked 
|  86|0x0000000085600000, 0x0000000085700000, 0x0000000085700000|100%| O|  |TAMS 0x0000000085700000, 0x0000000085600000| Untracked 
|  87|0x0000000085700000, 0x0000000085800000, 0x0000000085800000|100%| O|  |TAMS 0x0000000085800000, 0x0000000085700000| Untracked 
|  88|0x0000000085800000, 0x0000000085900000, 0x0000000085900000|100%| O|  |TAMS 0x0000000085900000, 0x0000000085800000| Untracked 
|  89|0x0000000085900000, 0x0000000085a00000, 0x0000000085a00000|100%| O|  |TAMS 0x0000000085a00000, 0x0000000085900000| Untracked 
|  90|0x0000000085a00000, 0x0000000085b00000, 0x0000000085b00000|100%| O|  |TAMS 0x0000000085b00000, 0x0000000085a00000| Untracked 
|  91|0x0000000085b00000, 0x0000000085c00000, 0x0000000085c00000|100%| O|  |TAMS 0x0000000085b00000, 0x0000000085b00000| Untracked 
|  92|0x0000000085c00000, 0x0000000085d00000, 0x0000000085d00000|100%| O|  |TAMS 0x0000000085c00000, 0x0000000085c00000| Untracked 
|  93|0x0000000085d00000, 0x0000000085e00000, 0x0000000085e00000|100%| O|  |TAMS 0x0000000085e00000, 0x0000000085d00000| Untracked 
|  94|0x0000000085e00000, 0x0000000085e0ca00, 0x0000000085f00000|  4%| O|  |TAMS 0x0000000085e00000, 0x0000000085e00000| Untracked 
|  95|0x0000000085f00000, 0x0000000086000000, 0x0000000086000000|100%| O|  |TAMS 0x0000000086000000, 0x0000000085f00000| Untracked 
|  96|0x0000000086000000, 0x0000000086000000, 0x0000000086100000|  0%| F|  |TAMS 0x0000000086000000, 0x0000000086000000| Untracked 
|  97|0x0000000086100000, 0x0000000086100000, 0x0000000086200000|  0%| F|  |TAMS 0x0000000086100000, 0x0000000086100000| Untracked 
|  98|0x0000000086200000, 0x0000000086200000, 0x0000000086300000|  0%| F|  |TAMS 0x0000000086200000, 0x0000000086200000| Untracked 
|  99|0x0000000086300000, 0x0000000086400000, 0x0000000086400000|100%| O|  |TAMS 0x0000000086400000, 0x0000000086300000| Untracked 
| 100|0x0000000086400000, 0x0000000086400000, 0x0000000086500000|  0%| F|  |TAMS 0x0000000086400000, 0x0000000086400000| Untracked 
| 101|0x0000000086500000, 0x0000000086600000, 0x0000000086600000|100%| O|  |TAMS 0x0000000086600000, 0x0000000086500000| Untracked 
| 102|0x0000000086600000, 0x0000000086700000, 0x0000000086700000|100%| O|  |TAMS 0x0000000086700000, 0x0000000086600000| Untracked 
| 103|0x0000000086700000, 0x0000000086800000, 0x0000000086800000|100%| O|  |TAMS 0x0000000086800000, 0x0000000086700000| Untracked 
| 104|0x0000000086800000, 0x0000000086900000, 0x0000000086900000|100%| O|  |TAMS 0x0000000086900000, 0x0000000086800000| Untracked 
| 105|0x0000000086900000, 0x0000000086900000, 0x0000000086a00000|  0%| F|  |TAMS 0x0000000086900000, 0x0000000086900000| Untracked 
| 106|0x0000000086a00000, 0x0000000086a00000, 0x0000000086b00000|  0%| F|  |TAMS 0x0000000086a00000, 0x0000000086a00000| Untracked 
| 107|0x0000000086b00000, 0x0000000086c00000, 0x0000000086c00000|100%| O|  |TAMS 0x0000000086c00000, 0x0000000086b00000| Untracked 
| 108|0x0000000086c00000, 0x0000000086c00000, 0x0000000086d00000|  0%| F|  |TAMS 0x0000000086c00000, 0x0000000086c00000| Untracked 
| 109|0x0000000086d00000, 0x0000000086e00000, 0x0000000086e00000|100%| O|  |TAMS 0x0000000086e00000, 0x0000000086d00000| Untracked 
| 110|0x0000000086e00000, 0x0000000086e00000, 0x0000000086f00000|  0%| F|  |TAMS 0x0000000086e00000, 0x0000000086e00000| Untracked 
| 111|0x0000000086f00000, 0x0000000087000000, 0x0000000087000000|100%| O|  |TAMS 0x0000000087000000, 0x0000000086f00000| Untracked 
| 112|0x0000000087000000, 0x0000000087100000, 0x0000000087100000|100%| O|  |TAMS 0x0000000087100000, 0x0000000087000000| Untracked 
| 113|0x0000000087100000, 0x0000000087200000, 0x0000000087200000|100%| O|  |TAMS 0x0000000087200000, 0x0000000087100000| Untracked 
| 114|0x0000000087200000, 0x0000000087300000, 0x0000000087300000|100%| O|  |TAMS 0x0000000087300000, 0x0000000087200000| Untracked 
| 115|0x0000000087300000, 0x0000000087400000, 0x0000000087400000|100%| O|  |TAMS 0x0000000087400000, 0x0000000087300000| Untracked 
| 116|0x0000000087400000, 0x0000000087500000, 0x0000000087500000|100%| O|  |TAMS 0x0000000087500000, 0x0000000087400000| Untracked 
| 117|0x0000000087500000, 0x0000000087600000, 0x0000000087600000|100%| O|  |TAMS 0x0000000087600000, 0x0000000087500000| Untracked 
| 118|0x0000000087600000, 0x0000000087700000, 0x0000000087700000|100%| O|  |TAMS 0x0000000087700000, 0x0000000087600000| Untracked 
| 119|0x0000000087700000, 0x0000000087800000, 0x0000000087800000|100%| O|  |TAMS 0x0000000087800000, 0x0000000087700000| Untracked 
| 120|0x0000000087800000, 0x0000000087900000, 0x0000000087900000|100%| O|  |TAMS 0x0000000087900000, 0x0000000087800000| Untracked 
| 121|0x0000000087900000, 0x0000000087a00000, 0x0000000087a00000|100%| O|  |TAMS 0x0000000087a00000, 0x0000000087900000| Untracked 
| 122|0x0000000087a00000, 0x0000000087b00000, 0x0000000087b00000|100%| O|  |TAMS 0x0000000087b00000, 0x0000000087a00000| Untracked 
| 123|0x0000000087b00000, 0x0000000087c00000, 0x0000000087c00000|100%| O|  |TAMS 0x0000000087c00000, 0x0000000087b00000| Untracked 
| 124|0x0000000087c00000, 0x0000000087d00000, 0x0000000087d00000|100%| O|  |TAMS 0x0000000087d00000, 0x0000000087c00000| Untracked 
| 125|0x0000000087d00000, 0x0000000087e00000, 0x0000000087e00000|100%| O|  |TAMS 0x0000000087e00000, 0x0000000087d00000| Untracked 
| 126|0x0000000087e00000, 0x0000000087f00000, 0x0000000087f00000|100%| O|  |TAMS 0x0000000087f00000, 0x0000000087e00000| Untracked 
| 127|0x0000000087f00000, 0x0000000088000000, 0x0000000088000000|100%| O|  |TAMS 0x0000000088000000, 0x0000000087f00000| Untracked 
| 128|0x0000000088000000, 0x0000000088100000, 0x0000000088100000|100%| O|  |TAMS 0x0000000088100000, 0x0000000088000000| Untracked 
| 129|0x0000000088100000, 0x0000000088200000, 0x0000000088200000|100%| O|  |TAMS 0x0000000088200000, 0x0000000088100000| Untracked 
| 130|0x0000000088200000, 0x0000000088300000, 0x0000000088300000|100%| O|  |TAMS 0x0000000088300000, 0x0000000088200000| Untracked 
| 131|0x0000000088300000, 0x0000000088400000, 0x0000000088400000|100%| O|  |TAMS 0x0000000088400000, 0x0000000088300000| Untracked 
| 132|0x0000000088400000, 0x0000000088500000, 0x0000000088500000|100%| O|  |TAMS 0x0000000088500000, 0x0000000088400000| Untracked 
| 133|0x0000000088500000, 0x0000000088600000, 0x0000000088600000|100%| O|  |TAMS 0x0000000088600000, 0x0000000088500000| Untracked 
| 134|0x0000000088600000, 0x0000000088700000, 0x0000000088700000|100%| O|  |TAMS 0x0000000088700000, 0x0000000088600000| Untracked 
| 135|0x0000000088700000, 0x0000000088800000, 0x0000000088800000|100%| O|  |TAMS 0x0000000088800000, 0x0000000088700000| Untracked 
| 136|0x0000000088800000, 0x0000000088900000, 0x0000000088900000|100%| O|  |TAMS 0x0000000088900000, 0x0000000088800000| Untracked 
| 137|0x0000000088900000, 0x0000000088a00000, 0x0000000088a00000|100%| O|  |TAMS 0x0000000088a00000, 0x0000000088900000| Untracked 
| 138|0x0000000088a00000, 0x0000000088b00000, 0x0000000088b00000|100%| O|  |TAMS 0x0000000088b00000, 0x0000000088a00000| Untracked 
| 139|0x0000000088b00000, 0x0000000088c00000, 0x0000000088c00000|100%| O|  |TAMS 0x0000000088c00000, 0x0000000088b00000| Untracked 
| 140|0x0000000088c00000, 0x0000000088c00000, 0x0000000088d00000|  0%| F|  |TAMS 0x0000000088c00000, 0x0000000088c00000| Untracked 
| 141|0x0000000088d00000, 0x0000000088d00000, 0x0000000088e00000|  0%| F|  |TAMS 0x0000000088d00000, 0x0000000088d00000| Untracked 
| 142|0x0000000088e00000, 0x0000000088e00000, 0x0000000088f00000|  0%| F|  |TAMS 0x0000000088e00000, 0x0000000088e00000| Untracked 
| 143|0x0000000088f00000, 0x0000000088f00000, 0x0000000089000000|  0%| F|  |TAMS 0x0000000088f00000, 0x0000000088f00000| Untracked 
| 144|0x0000000089000000, 0x0000000089000000, 0x0000000089100000|  0%| F|  |TAMS 0x0000000089000000, 0x0000000089000000| Untracked 
| 145|0x0000000089100000, 0x0000000089100000, 0x0000000089200000|  0%| F|  |TAMS 0x0000000089100000, 0x0000000089100000| Untracked 
| 146|0x0000000089200000, 0x0000000089200000, 0x0000000089300000|  0%| F|  |TAMS 0x0000000089200000, 0x0000000089200000| Untracked 
| 147|0x0000000089300000, 0x0000000089300000, 0x0000000089400000|  0%| F|  |TAMS 0x0000000089300000, 0x0000000089300000| Untracked 
| 148|0x0000000089400000, 0x0000000089400000, 0x0000000089500000|  0%| F|  |TAMS 0x0000000089400000, 0x0000000089400000| Untracked 
| 149|0x0000000089500000, 0x0000000089500000, 0x0000000089600000|  0%| F|  |TAMS 0x0000000089500000, 0x0000000089500000| Untracked 
| 150|0x0000000089600000, 0x0000000089600000, 0x0000000089700000|  0%| F|  |TAMS 0x0000000089600000, 0x0000000089600000| Untracked 
| 151|0x0000000089700000, 0x0000000089700000, 0x0000000089800000|  0%| F|  |TAMS 0x0000000089700000, 0x0000000089700000| Untracked 
| 152|0x0000000089800000, 0x0000000089800000, 0x0000000089900000|  0%| F|  |TAMS 0x0000000089800000, 0x0000000089800000| Untracked 
| 153|0x0000000089900000, 0x0000000089900000, 0x0000000089a00000|  0%| F|  |TAMS 0x0000000089900000, 0x0000000089900000| Untracked 
| 154|0x0000000089a00000, 0x0000000089a00000, 0x0000000089b00000|  0%| F|  |TAMS 0x0000000089a00000, 0x0000000089a00000| Untracked 
| 155|0x0000000089b00000, 0x0000000089b00000, 0x0000000089c00000|  0%| F|  |TAMS 0x0000000089b00000, 0x0000000089b00000| Untracked 
| 156|0x0000000089c00000, 0x0000000089c00000, 0x0000000089d00000|  0%| F|  |TAMS 0x0000000089c00000, 0x0000000089c00000| Untracked 
| 157|0x0000000089d00000, 0x0000000089d00000, 0x0000000089e00000|  0%| F|  |TAMS 0x0000000089d00000, 0x0000000089d00000| Untracked 
| 158|0x0000000089e00000, 0x0000000089e00000, 0x0000000089f00000|  0%| F|  |TAMS 0x0000000089e00000, 0x0000000089e00000| Untracked 
| 159|0x0000000089f00000, 0x0000000089f00000, 0x000000008a000000|  0%| F|  |TAMS 0x0000000089f00000, 0x0000000089f00000| Untracked 
| 160|0x000000008a000000, 0x000000008a000000, 0x000000008a100000|  0%| F|  |TAMS 0x000000008a000000, 0x000000008a000000| Untracked 
| 161|0x000000008a100000, 0x000000008a100000, 0x000000008a200000|  0%| F|  |TAMS 0x000000008a100000, 0x000000008a100000| Untracked 
| 162|0x000000008a200000, 0x000000008a200000, 0x000000008a300000|  0%| F|  |TAMS 0x000000008a200000, 0x000000008a200000| Untracked 
| 163|0x000000008a300000, 0x000000008a300000, 0x000000008a400000|  0%| F|  |TAMS 0x000000008a300000, 0x000000008a300000| Untracked 
| 164|0x000000008a400000, 0x000000008a400000, 0x000000008a500000|  0%| F|  |TAMS 0x000000008a400000, 0x000000008a400000| Untracked 
| 165|0x000000008a500000, 0x000000008a500000, 0x000000008a600000|  0%| F|  |TAMS 0x000000008a500000, 0x000000008a500000| Untracked 
| 166|0x000000008a600000, 0x000000008a600000, 0x000000008a700000|  0%| F|  |TAMS 0x000000008a600000, 0x000000008a600000| Untracked 
| 167|0x000000008a700000, 0x000000008a700000, 0x000000008a800000|  0%| F|  |TAMS 0x000000008a700000, 0x000000008a700000| Untracked 
| 168|0x000000008a800000, 0x000000008a800000, 0x000000008a900000|  0%| F|  |TAMS 0x000000008a800000, 0x000000008a800000| Untracked 
| 169|0x000000008a900000, 0x000000008a900000, 0x000000008aa00000|  0%| F|  |TAMS 0x000000008a900000, 0x000000008a900000| Untracked 
| 170|0x000000008aa00000, 0x000000008aa00000, 0x000000008ab00000|  0%| F|  |TAMS 0x000000008aa00000, 0x000000008aa00000| Untracked 
| 171|0x000000008ab00000, 0x000000008ab00000, 0x000000008ac00000|  0%| F|  |TAMS 0x000000008ab00000, 0x000000008ab00000| Untracked 
| 172|0x000000008ac00000, 0x000000008ac500b8, 0x000000008ad00000| 31%| S|CS|TAMS 0x000000008ac00000, 0x000000008ac00000| Complete 
| 173|0x000000008ad00000, 0x000000008ae00000, 0x000000008ae00000|100%| S|CS|TAMS 0x000000008ad00000, 0x000000008ad00000| Complete 
| 174|0x000000008ae00000, 0x000000008af00000, 0x000000008af00000|100%| S|CS|TAMS 0x000000008ae00000, 0x000000008ae00000| Complete 
| 175|0x000000008af00000, 0x000000008b000000, 0x000000008b000000|100%| S|CS|TAMS 0x000000008af00000, 0x000000008af00000| Complete 
| 176|0x000000008b000000, 0x000000008b000000, 0x000000008b100000|  0%| F|  |TAMS 0x000000008b000000, 0x000000008b000000| Untracked 
| 177|0x000000008b100000, 0x000000008b100000, 0x000000008b200000|  0%| F|  |TAMS 0x000000008b100000, 0x000000008b100000| Untracked 
| 178|0x000000008b200000, 0x000000008b200000, 0x000000008b300000|  0%| F|  |TAMS 0x000000008b200000, 0x000000008b200000| Untracked 
| 179|0x000000008b300000, 0x000000008b300000, 0x000000008b400000|  0%| F|  |TAMS 0x000000008b300000, 0x000000008b300000| Untracked 
| 180|0x000000008b400000, 0x000000008b400000, 0x000000008b500000|  0%| F|  |TAMS 0x000000008b400000, 0x000000008b400000| Untracked 
| 181|0x000000008b500000, 0x000000008b500000, 0x000000008b600000|  0%| F|  |TAMS 0x000000008b500000, 0x000000008b500000| Untracked 
| 182|0x000000008b600000, 0x000000008b600000, 0x000000008b700000|  0%| F|  |TAMS 0x000000008b600000, 0x000000008b600000| Untracked 
| 183|0x000000008b700000, 0x000000008b700000, 0x000000008b800000|  0%| F|  |TAMS 0x000000008b700000, 0x000000008b700000| Untracked 
| 184|0x000000008b800000, 0x000000008b900000, 0x000000008b900000|100%| S|CS|TAMS 0x000000008b800000, 0x000000008b800000| Complete 
| 185|0x000000008b900000, 0x000000008ba00000, 0x000000008ba00000|100%| S|CS|TAMS 0x000000008b900000, 0x000000008b900000| Complete 
| 186|0x000000008ba00000, 0x000000008bb00000, 0x000000008bb00000|100%| S|CS|TAMS 0x000000008ba00000, 0x000000008ba00000| Complete 
| 187|0x000000008bb00000, 0x000000008bc00000, 0x000000008bc00000|100%| S|CS|TAMS 0x000000008bb00000, 0x000000008bb00000| Complete 
| 188|0x000000008bc00000, 0x000000008bc00000, 0x000000008bd00000|  0%| F|  |TAMS 0x000000008bc00000, 0x000000008bc00000| Untracked 
| 189|0x000000008bd00000, 0x000000008bd00000, 0x000000008be00000|  0%| F|  |TAMS 0x000000008bd00000, 0x000000008bd00000| Untracked 
| 190|0x000000008be00000, 0x000000008be00000, 0x000000008bf00000|  0%| F|  |TAMS 0x000000008be00000, 0x000000008be00000| Untracked 
| 191|0x000000008bf00000, 0x000000008bf00000, 0x000000008c000000|  0%| F|  |TAMS 0x000000008bf00000, 0x000000008bf00000| Untracked 
| 192|0x000000008c000000, 0x000000008c000000, 0x000000008c100000|  0%| F|  |TAMS 0x000000008c000000, 0x000000008c000000| Untracked 
| 193|0x000000008c100000, 0x000000008c100000, 0x000000008c200000|  0%| F|  |TAMS 0x000000008c100000, 0x000000008c100000| Untracked 
| 194|0x000000008c200000, 0x000000008c200000, 0x000000008c300000|  0%| F|  |TAMS 0x000000008c200000, 0x000000008c200000| Untracked 
| 195|0x000000008c300000, 0x000000008c300000, 0x000000008c400000|  0%| F|  |TAMS 0x000000008c300000, 0x000000008c300000| Untracked 
| 196|0x000000008c400000, 0x000000008c400000, 0x000000008c500000|  0%| F|  |TAMS 0x000000008c400000, 0x000000008c400000| Untracked 
| 197|0x000000008c500000, 0x000000008c500000, 0x000000008c600000|  0%| F|  |TAMS 0x000000008c500000, 0x000000008c500000| Untracked 
| 198|0x000000008c600000, 0x000000008c600000, 0x000000008c700000|  0%| F|  |TAMS 0x000000008c600000, 0x000000008c600000| Untracked 
| 199|0x000000008c700000, 0x000000008c700000, 0x000000008c800000|  0%| F|  |TAMS 0x000000008c700000, 0x000000008c700000| Untracked 
| 200|0x000000008c800000, 0x000000008c800000, 0x000000008c900000|  0%| F|  |TAMS 0x000000008c800000, 0x000000008c800000| Untracked 
| 201|0x000000008c900000, 0x000000008c900000, 0x000000008ca00000|  0%| F|  |TAMS 0x000000008c900000, 0x000000008c900000| Untracked 
| 202|0x000000008ca00000, 0x000000008ca00000, 0x000000008cb00000|  0%| F|  |TAMS 0x000000008ca00000, 0x000000008ca00000| Untracked 
| 203|0x000000008cb00000, 0x000000008cb00000, 0x000000008cc00000|  0%| F|  |TAMS 0x000000008cb00000, 0x000000008cb00000| Untracked 
| 204|0x000000008cc00000, 0x000000008cc00000, 0x000000008cd00000|  0%| F|  |TAMS 0x000000008cc00000, 0x000000008cc00000| Untracked 
| 205|0x000000008cd00000, 0x000000008cd00000, 0x000000008ce00000|  0%| F|  |TAMS 0x000000008cd00000, 0x000000008cd00000| Untracked 
| 206|0x000000008ce00000, 0x000000008ce00000, 0x000000008cf00000|  0%| F|  |TAMS 0x000000008ce00000, 0x000000008ce00000| Untracked 
| 207|0x000000008cf00000, 0x000000008cf00000, 0x000000008d000000|  0%| F|  |TAMS 0x000000008cf00000, 0x000000008cf00000| Untracked 
| 208|0x000000008d000000, 0x000000008d000000, 0x000000008d100000|  0%| F|  |TAMS 0x000000008d000000, 0x000000008d000000| Untracked 
| 209|0x000000008d100000, 0x000000008d100000, 0x000000008d200000|  0%| F|  |TAMS 0x000000008d100000, 0x000000008d100000| Untracked 
| 210|0x000000008d200000, 0x000000008d200000, 0x000000008d300000|  0%| F|  |TAMS 0x000000008d200000, 0x000000008d200000| Untracked 
| 211|0x000000008d300000, 0x000000008d300000, 0x000000008d400000|  0%| F|  |TAMS 0x000000008d300000, 0x000000008d300000| Untracked 
| 212|0x000000008d400000, 0x000000008d400000, 0x000000008d500000|  0%| F|  |TAMS 0x000000008d400000, 0x000000008d400000| Untracked 
| 213|0x000000008d500000, 0x000000008d500000, 0x000000008d600000|  0%| F|  |TAMS 0x000000008d500000, 0x000000008d500000| Untracked 
| 214|0x000000008d600000, 0x000000008d600000, 0x000000008d700000|  0%| F|  |TAMS 0x000000008d600000, 0x000000008d600000| Untracked 
| 215|0x000000008d700000, 0x000000008d700000, 0x000000008d800000|  0%| F|  |TAMS 0x000000008d700000, 0x000000008d700000| Untracked 
| 216|0x000000008d800000, 0x000000008d800000, 0x000000008d900000|  0%| F|  |TAMS 0x000000008d800000, 0x000000008d800000| Untracked 
| 217|0x000000008d900000, 0x000000008d900000, 0x000000008da00000|  0%| F|  |TAMS 0x000000008d900000, 0x000000008d900000| Untracked 
| 218|0x000000008da00000, 0x000000008da00000, 0x000000008db00000|  0%| F|  |TAMS 0x000000008da00000, 0x000000008da00000| Untracked 
| 219|0x000000008db00000, 0x000000008db00000, 0x000000008dc00000|  0%| F|  |TAMS 0x000000008db00000, 0x000000008db00000| Untracked 
| 220|0x000000008dc00000, 0x000000008dc00000, 0x000000008dd00000|  0%| F|  |TAMS 0x000000008dc00000, 0x000000008dc00000| Untracked 
| 221|0x000000008dd00000, 0x000000008dd00000, 0x000000008de00000|  0%| F|  |TAMS 0x000000008dd00000, 0x000000008dd00000| Untracked 
| 222|0x000000008de00000, 0x000000008de00000, 0x000000008df00000|  0%| F|  |TAMS 0x000000008de00000, 0x000000008de00000| Untracked 
| 223|0x000000008df00000, 0x000000008df00000, 0x000000008e000000|  0%| F|  |TAMS 0x000000008df00000, 0x000000008df00000| Untracked 
| 224|0x000000008e000000, 0x000000008e000000, 0x000000008e100000|  0%| F|  |TAMS 0x000000008e000000, 0x000000008e000000| Untracked 
| 225|0x000000008e100000, 0x000000008e100000, 0x000000008e200000|  0%| F|  |TAMS 0x000000008e100000, 0x000000008e100000| Untracked 
| 226|0x000000008e200000, 0x000000008e200000, 0x000000008e300000|  0%| F|  |TAMS 0x000000008e200000, 0x000000008e200000| Untracked 
| 227|0x000000008e300000, 0x000000008e300000, 0x000000008e400000|  0%| F|  |TAMS 0x000000008e300000, 0x000000008e300000| Untracked 
| 228|0x000000008e400000, 0x000000008e400000, 0x000000008e500000|  0%| F|  |TAMS 0x000000008e400000, 0x000000008e400000| Untracked 
| 229|0x000000008e500000, 0x000000008e500000, 0x000000008e600000|  0%| F|  |TAMS 0x000000008e500000, 0x000000008e500000| Untracked 
| 230|0x000000008e600000, 0x000000008e600000, 0x000000008e700000|  0%| F|  |TAMS 0x000000008e600000, 0x000000008e600000| Untracked 
| 231|0x000000008e700000, 0x000000008e700000, 0x000000008e800000|  0%| F|  |TAMS 0x000000008e700000, 0x000000008e700000| Untracked 
| 232|0x000000008e800000, 0x000000008e800000, 0x000000008e900000|  0%| F|  |TAMS 0x000000008e800000, 0x000000008e800000| Untracked 
| 233|0x000000008e900000, 0x000000008e900000, 0x000000008ea00000|  0%| F|  |TAMS 0x000000008e900000, 0x000000008e900000| Untracked 
| 234|0x000000008ea00000, 0x000000008ea00000, 0x000000008eb00000|  0%| F|  |TAMS 0x000000008ea00000, 0x000000008ea00000| Untracked 
| 235|0x000000008eb00000, 0x000000008eb00000, 0x000000008ec00000|  0%| F|  |TAMS 0x000000008eb00000, 0x000000008eb00000| Untracked 
| 236|0x000000008ec00000, 0x000000008ec00000, 0x000000008ed00000|  0%| F|  |TAMS 0x000000008ec00000, 0x000000008ec00000| Untracked 
| 237|0x000000008ed00000, 0x000000008ed00000, 0x000000008ee00000|  0%| F|  |TAMS 0x000000008ed00000, 0x000000008ed00000| Untracked 
| 238|0x000000008ee00000, 0x000000008ee00000, 0x000000008ef00000|  0%| F|  |TAMS 0x000000008ee00000, 0x000000008ee00000| Untracked 
| 239|0x000000008ef00000, 0x000000008ef00000, 0x000000008f000000|  0%| F|  |TAMS 0x000000008ef00000, 0x000000008ef00000| Untracked 
| 240|0x000000008f000000, 0x000000008f000000, 0x000000008f100000|  0%| F|  |TAMS 0x000000008f000000, 0x000000008f000000| Untracked 
| 241|0x000000008f100000, 0x000000008f153148, 0x000000008f200000| 32%| E|  |TAMS 0x000000008f100000, 0x000000008f100000| Complete 
| 242|0x000000008f200000, 0x000000008f300000, 0x000000008f300000|100%| E|CS|TAMS 0x000000008f200000, 0x000000008f200000| Complete 
| 243|0x000000008f300000, 0x000000008f400000, 0x000000008f400000|100%| E|CS|TAMS 0x000000008f300000, 0x000000008f300000| Complete 
| 244|0x000000008f400000, 0x000000008f500000, 0x000000008f500000|100%| E|CS|TAMS 0x000000008f400000, 0x000000008f400000| Complete 
| 245|0x000000008f500000, 0x000000008f600000, 0x000000008f600000|100%| E|CS|TAMS 0x000000008f500000, 0x000000008f500000| Complete 
| 246|0x000000008f600000, 0x000000008f700000, 0x000000008f700000|100%| E|CS|TAMS 0x000000008f600000, 0x000000008f600000| Complete 
| 247|0x000000008f700000, 0x000000008f800000, 0x000000008f800000|100%| E|CS|TAMS 0x000000008f700000, 0x000000008f700000| Complete 
| 248|0x000000008f800000, 0x000000008f900000, 0x000000008f900000|100%| E|CS|TAMS 0x000000008f800000, 0x000000008f800000| Complete 
| 249|0x000000008f900000, 0x000000008fa00000, 0x000000008fa00000|100%| E|  |TAMS 0x000000008f900000, 0x000000008f900000| Complete 
| 250|0x000000008fa00000, 0x000000008fb00000, 0x000000008fb00000|100%| E|CS|TAMS 0x000000008fa00000, 0x000000008fa00000| Complete 
| 251|0x000000008fb00000, 0x000000008fc00000, 0x000000008fc00000|100%| E|CS|TAMS 0x000000008fb00000, 0x000000008fb00000| Complete 
| 252|0x000000008fc00000, 0x000000008fd00000, 0x000000008fd00000|100%| E|CS|TAMS 0x000000008fc00000, 0x000000008fc00000| Complete 
| 253|0x000000008fd00000, 0x000000008fe00000, 0x000000008fe00000|100%| E|CS|TAMS 0x000000008fd00000, 0x000000008fd00000| Complete 
| 254|0x000000008fe00000, 0x000000008ff00000, 0x000000008ff00000|100%| E|CS|TAMS 0x000000008fe00000, 0x000000008fe00000| Complete 
| 255|0x000000008ff00000, 0x0000000090000000, 0x0000000090000000|100%| E|CS|TAMS 0x000000008ff00000, 0x000000008ff00000| Complete 
| 256|0x0000000090000000, 0x0000000090100000, 0x0000000090100000|100%| E|CS|TAMS 0x0000000090000000, 0x0000000090000000| Complete 
| 257|0x0000000090100000, 0x0000000090200000, 0x0000000090200000|100%| E|CS|TAMS 0x0000000090100000, 0x0000000090100000| Complete 
| 258|0x0000000090200000, 0x0000000090300000, 0x0000000090300000|100%| E|CS|TAMS 0x0000000090200000, 0x0000000090200000| Complete 
| 259|0x0000000090300000, 0x0000000090400000, 0x0000000090400000|100%| E|CS|TAMS 0x0000000090300000, 0x0000000090300000| Complete 
| 260|0x0000000090400000, 0x0000000090500000, 0x0000000090500000|100%| E|CS|TAMS 0x0000000090400000, 0x0000000090400000| Complete 
| 261|0x0000000090500000, 0x0000000090600000, 0x0000000090600000|100%| E|CS|TAMS 0x0000000090500000, 0x0000000090500000| Complete 
| 262|0x0000000090600000, 0x0000000090700000, 0x0000000090700000|100%| E|CS|TAMS 0x0000000090600000, 0x0000000090600000| Complete 
| 263|0x0000000090700000, 0x0000000090800000, 0x0000000090800000|100%| E|CS|TAMS 0x0000000090700000, 0x0000000090700000| Complete 
| 264|0x0000000090800000, 0x0000000090900000, 0x0000000090900000|100%| E|CS|TAMS 0x0000000090800000, 0x0000000090800000| Complete 
| 265|0x0000000090900000, 0x0000000090a00000, 0x0000000090a00000|100%| E|CS|TAMS 0x0000000090900000, 0x0000000090900000| Complete 
| 266|0x0000000090a00000, 0x0000000090b00000, 0x0000000090b00000|100%| E|CS|TAMS 0x0000000090a00000, 0x0000000090a00000| Complete 
| 267|0x0000000090b00000, 0x0000000090c00000, 0x0000000090c00000|100%| E|CS|TAMS 0x0000000090b00000, 0x0000000090b00000| Complete 
| 268|0x0000000090c00000, 0x0000000090d00000, 0x0000000090d00000|100%| E|CS|TAMS 0x0000000090c00000, 0x0000000090c00000| Complete 
| 269|0x0000000090d00000, 0x0000000090e00000, 0x0000000090e00000|100%| E|CS|TAMS 0x0000000090d00000, 0x0000000090d00000| Complete 
| 270|0x0000000090e00000, 0x0000000090f00000, 0x0000000090f00000|100%| E|CS|TAMS 0x0000000090e00000, 0x0000000090e00000| Complete 
| 271|0x0000000090f00000, 0x0000000091000000, 0x0000000091000000|100%| E|CS|TAMS 0x0000000090f00000, 0x0000000090f00000| Complete 
| 272|0x0000000091000000, 0x0000000091100000, 0x0000000091100000|100%| E|CS|TAMS 0x0000000091000000, 0x0000000091000000| Complete 
| 273|0x0000000091100000, 0x0000000091200000, 0x0000000091200000|100%| E|CS|TAMS 0x0000000091100000, 0x0000000091100000| Complete 
| 274|0x0000000091200000, 0x0000000091300000, 0x0000000091300000|100%| E|CS|TAMS 0x0000000091200000, 0x0000000091200000| Complete 
| 275|0x0000000091300000, 0x0000000091400000, 0x0000000091400000|100%| E|CS|TAMS 0x0000000091300000, 0x0000000091300000| Complete 
| 276|0x0000000091400000, 0x0000000091500000, 0x0000000091500000|100%| E|CS|TAMS 0x0000000091400000, 0x0000000091400000| Complete 

Card table byte_map: [0x0000016dbfe60000,0x0000016dc0260000] _byte_map_base: 0x0000016dbfa60000

Marking Bits (Prev, Next): (CMBitMap*) 0x0000016daad6e7c8, (CMBitMap*) 0x0000016daad6e800
 Prev Bits: [0x0000016dc0660000, 0x0000016dc2660000)
 Next Bits: [0x0000016dc2660000, 0x0000016dc4660000)

Polling page: 0x0000016daae80000

Metaspace:

Usage:
  Non-class:    104.22 MB capacity,   102.14 MB ( 98%) used,     1.64 MB (  2%) free+waste,   440.88 KB ( <1%) overhead. 
      Class:     16.33 MB capacity,    14.99 MB ( 92%) used,     1.14 MB (  7%) free+waste,   198.94 KB (  1%) overhead. 
       Both:    120.54 MB capacity,   117.13 MB ( 97%) used,     2.79 MB (  2%) free+waste,   639.81 KB ( <1%) overhead. 

Virtual space:
  Non-class space:      106.00 MB reserved,     104.25 MB ( 98%) committed 
      Class space:        1.00 GB reserved,      16.45 MB (  2%) committed 
             Both:        1.10 GB reserved,     120.70 MB ( 11%) committed 

Chunk freelists:
   Non-Class:  33.00 KB
       Class:  18.00 KB
        Both:  51.00 KB

MaxMetaspaceSize: 17179869184.00 GB
CompressedClassSpaceSize: 1.00 GB
Initial GC threshold: 20.80 MB
Current GC threshold: 197.00 MB
CDS: off

CodeHeap 'non-profiled nmethods': size=120064Kb used=12682Kb max_used=12682Kb free=107381Kb
 bounds [0x0000016db8520000, 0x0000016db9190000, 0x0000016dbfa60000]
CodeHeap 'profiled nmethods': size=120000Kb used=38656Kb max_used=38656Kb free=81343Kb
 bounds [0x0000016db0ff0000, 0x0000016db35c0000, 0x0000016db8520000]
CodeHeap 'non-nmethods': size=5696Kb used=2451Kb max_used=2506Kb free=3244Kb
 bounds [0x0000016db0a60000, 0x0000016db0ce0000, 0x0000016db0ff0000]
 total_blobs=18351 nmethods=17368 adapters=892
 compilation: enabled
              stopped_count=0, restarted_count=0
 full_count=0

Compilation events (20 events):
Event: 74.133 Thread 0x0000016dc6b6d000 18639       3       com.android.tools.r8.internal.No::a (76 bytes)
Event: 74.134 Thread 0x0000016dc6b6d000 nmethod 18639 0x0000016db3598a90 code [0x0000016db3598d00, 0x0000016db3599778]
Event: 74.134 Thread 0x0000016dc6b6d000 18640       3       com.android.tools.r8.internal.Jo::<init> (10 bytes)
Event: 74.134 Thread 0x0000016dc6b6d000 nmethod 18640 0x0000016db3599c90 code [0x0000016db3599e60, 0x0000016db359a108]
Event: 74.135 Thread 0x0000016dcc4e2800 nmethod 18407 0x0000016db9180290 code [0x0000016db9180540, 0x0000016db91816d0]
Event: 74.135 Thread 0x0000016dc6b6d000 18641       3       com.android.tools.r8.internal.Jo::<init> (22 bytes)
Event: 74.135 Thread 0x0000016dcc4e2800 18631       4       com.android.tools.r8.internal.h9::h (57 bytes)
Event: 74.135 Thread 0x0000016dc6b6d000 nmethod 18641 0x0000016db359a290 code [0x0000016db359a460, 0x0000016db359a688]
Event: 74.136 Thread 0x0000016dc6b6d000 18648       2       com.android.tools.r8.graph.v0::a (69 bytes)
Event: 74.137 Thread 0x0000016dc6b6d000 nmethod 18648 0x0000016db359a790 code [0x0000016db359a9c0, 0x0000016db359b378]
Event: 74.138 Thread 0x0000016dc6b6d000 18649       1       com.android.tools.r8.synthesis.E$b::b (5 bytes)
Event: 74.138 Thread 0x0000016dc6b6d000 nmethod 18649 0x0000016db9182290 code [0x0000016db9182440, 0x0000016db91824f8]
Event: 74.139 Thread 0x0000016dc6b6d000 18650       2       com.android.tools.r8.internal.Mi$a$$Lambda$1295/0x0000000100e68440::accept (12 bytes)
Event: 74.139 Thread 0x0000016dc6b6d000 nmethod 18650 0x0000016db359b790 code [0x0000016db359b980, 0x0000016db359bc38]
Event: 74.139 Thread 0x0000016dc6b6d000 18651       2       com.android.tools.r8.internal.Mi$a::a (27 bytes)
Event: 74.140 Thread 0x0000016dc6b6d000 nmethod 18651 0x0000016db359be90 code [0x0000016db359c0e0, 0x0000016db359c528]
Event: 74.140 Thread 0x0000016dc6b6d000 18652       2       com.android.tools.r8.graph.P1::a (63 bytes)
Event: 74.141 Thread 0x0000016dc6b6d000 nmethod 18652 0x0000016db359c890 code [0x0000016db359cac0, 0x0000016db359ceb8]
Event: 74.141 Thread 0x0000016dc6b6d000 18653       2       com.android.tools.r8.internal.Ab::a (1069 bytes)
Event: 74.147 Thread 0x0000016dc6b6d000 nmethod 18653 0x0000016db359d110 code [0x0000016db359d6a0, 0x0000016db359fc48]

GC Heap History (20 events):
Event: 58.341 GC heap before
{Heap before GC invocations=40 (full 0):
 garbage-first heap   total 283648K, used 190668K [0x0000000080000000, 0x0000000100000000)
  region size 1024K, 78 young (79872K), 1 survivors (1024K)
 Metaspace       used 98458K, capacity 101140K, committed 101452K, reserved 1136640K
  class space    used 12538K, capacity 13557K, committed 13644K, reserved 1048576K
}
Event: 58.361 GC heap after
{Heap after GC invocations=41 (full 0):
 garbage-first heap   total 283648K, used 117548K [0x0000000080000000, 0x0000000100000000)
  region size 1024K, 6 young (6144K), 6 survivors (6144K)
 Metaspace       used 98458K, capacity 101140K, committed 101452K, reserved 1136640K
  class space    used 12538K, capacity 13557K, committed 13644K, reserved 1048576K
}
Event: 59.907 GC heap before
{Heap before GC invocations=41 (full 0):
 garbage-first heap   total 283648K, used 198444K [0x0000000080000000, 0x0000000100000000)
  region size 1024K, 86 young (88064K), 6 survivors (6144K)
 Metaspace       used 100409K, capacity 103207K, committed 103500K, reserved 1138688K
  class space    used 12776K, capacity 13861K, committed 13900K, reserved 1048576K
}
Event: 59.921 GC heap after
{Heap after GC invocations=42 (full 0):
 garbage-first heap   total 283648K, used 119745K [0x0000000080000000, 0x0000000100000000)
  region size 1024K, 8 young (8192K), 8 survivors (8192K)
 Metaspace       used 100409K, capacity 103207K, committed 103500K, reserved 1138688K
  class space    used 12776K, capacity 13861K, committed 13900K, reserved 1048576K
}
Event: 60.628 GC heap before
{Heap before GC invocations=42 (full 0):
 garbage-first heap   total 283648K, used 205761K [0x0000000080000000, 0x0000000100000000)
  region size 1024K, 92 young (94208K), 8 survivors (8192K)
 Metaspace       used 103332K, capacity 106055K, committed 106188K, reserved 1140736K
  class space    used 13125K, capacity 14213K, committed 14284K, reserved 1048576K
}
Event: 60.645 GC heap after
{Heap after GC invocations=43 (full 0):
 garbage-first heap   total 283648K, used 122166K [0x0000000080000000, 0x0000000100000000)
  region size 1024K, 5 young (5120K), 5 survivors (5120K)
 Metaspace       used 103332K, capacity 106055K, committed 106188K, reserved 1140736K
  class space    used 13125K, capacity 14213K, committed 14284K, reserved 1048576K
}
Event: 63.053 GC heap before
{Heap before GC invocations=43 (full 0):
 garbage-first heap   total 283648K, used 211254K [0x0000000080000000, 0x0000000100000000)
  region size 1024K, 93 young (95232K), 5 survivors (5120K)
 Metaspace       used 103990K, capacity 106738K, committed 107084K, reserved 1142784K
  class space    used 13211K, capacity 14288K, committed 14412K, reserved 1048576K
}
Event: 63.068 GC heap after
{Heap after GC invocations=44 (full 0):
 garbage-first heap   total 283648K, used 125537K [0x0000000080000000, 0x0000000100000000)
  region size 1024K, 8 young (8192K), 8 survivors (8192K)
 Metaspace       used 103990K, capacity 106738K, committed 107084K, reserved 1142784K
  class space    used 13211K, capacity 14288K, committed 14412K, reserved 1048576K
}
Event: 66.085 GC heap before
{Heap before GC invocations=44 (full 0):
 garbage-first heap   total 283648K, used 217697K [0x0000000080000000, 0x0000000100000000)
  region size 1024K, 99 young (101376K), 8 survivors (8192K)
 Metaspace       used 104732K, capacity 107558K, committed 107852K, reserved 1142784K
  class space    used 13279K, capacity 14366K, committed 14412K, reserved 1048576K
}
Event: 66.113 GC heap after
{Heap after GC invocations=45 (full 0):
 garbage-first heap   total 283648K, used 134926K [0x0000000080000000, 0x0000000100000000)
  region size 1024K, 13 young (13312K), 13 survivors (13312K)
 Metaspace       used 104732K, capacity 107558K, committed 107852K, reserved 1142784K
  class space    used 13279K, capacity 14366K, committed 14412K, reserved 1048576K
}
Event: 67.586 GC heap before
{Heap before GC invocations=45 (full 0):
 garbage-first heap   total 283648K, used 220942K [0x0000000080000000, 0x0000000100000000)
  region size 1024K, 98 young (100352K), 13 survivors (13312K)
 Metaspace       used 106001K, capacity 108816K, committed 109004K, reserved 1144832K
  class space    used 13442K, capacity 14526K, committed 14540K, reserved 1048576K
}
Event: 67.618 GC heap after
{Heap after GC invocations=46 (full 0):
 garbage-first heap   total 283648K, used 144384K [0x0000000080000000, 0x0000000100000000)
  region size 1024K, 9 young (9216K), 9 survivors (9216K)
 Metaspace       used 106001K, capacity 108816K, committed 109004K, reserved 1144832K
  class space    used 13442K, capacity 14526K, committed 14540K, reserved 1048576K
}
Event: 68.429 GC heap before
{Heap before GC invocations=46 (full 0):
 garbage-first heap   total 283648K, used 225280K [0x0000000080000000, 0x0000000100000000)
  region size 1024K, 89 young (91136K), 9 survivors (9216K)
 Metaspace       used 107524K, capacity 110405K, committed 110540K, reserved 1144832K
  class space    used 13653K, capacity 14757K, committed 14796K, reserved 1048576K
}
Event: 68.451 GC heap after
{Heap after GC invocations=47 (full 0):
 garbage-first heap   total 283648K, used 144829K [0x0000000080000000, 0x0000000100000000)
  region size 1024K, 2 young (2048K), 2 survivors (2048K)
 Metaspace       used 107524K, capacity 110405K, committed 110540K, reserved 1144832K
  class space    used 13653K, capacity 14757K, committed 14796K, reserved 1048576K
}
Event: 69.767 GC heap before
{Heap before GC invocations=48 (full 0):
 garbage-first heap   total 283648K, used 219581K [0x0000000080000000, 0x0000000100000000)
  region size 1024K, 85 young (87040K), 2 survivors (2048K)
 Metaspace       used 111648K, capacity 114633K, committed 114764K, reserved 1148928K
  class space    used 14245K, capacity 15407K, committed 15436K, reserved 1048576K
}
Event: 69.778 GC heap after
{Heap after GC invocations=49 (full 0):
 garbage-first heap   total 283648K, used 135168K [0x0000000080000000, 0x0000000100000000)
  region size 1024K, 3 young (3072K), 3 survivors (3072K)
 Metaspace       used 111648K, capacity 114633K, committed 114764K, reserved 1148928K
  class space    used 14245K, capacity 15407K, committed 15436K, reserved 1048576K
}
Event: 71.263 GC heap before
{Heap before GC invocations=49 (full 0):
 garbage-first heap   total 283648K, used 226304K [0x0000000080000000, 0x0000000100000000)
  region size 1024K, 93 young (95232K), 3 survivors (3072K)
 Metaspace       used 116289K, capacity 119597K, committed 119756K, reserved 1153024K
  class space    used 14985K, capacity 16299K, committed 16332K, reserved 1048576K
}
Event: 71.308 GC heap after
{Heap after GC invocations=50 (full 0):
 garbage-first heap   total 283648K, used 140096K [0x0000000080000000, 0x0000000100000000)
  region size 1024K, 8 young (8192K), 8 survivors (8192K)
 Metaspace       used 116289K, capacity 119597K, committed 119756K, reserved 1153024K
  class space    used 14985K, capacity 16299K, committed 16332K, reserved 1048576K
}
Event: 73.868 GC heap before
{Heap before GC invocations=51 (full 0):
 garbage-first heap   total 283648K, used 230208K [0x0000000080000000, 0x0000000100000000)
  region size 1024K, 97 young (99328K), 8 survivors (8192K)
 Metaspace       used 119808K, capacity 123276K, committed 123596K, reserved 1157120K
  class space    used 15337K, capacity 16709K, committed 16844K, reserved 1048576K
}
Event: 73.887 GC heap after
{Heap after GC invocations=52 (full 0):
 garbage-first heap   total 283648K, used 141682K [0x0000000080000000, 0x0000000100000000)
  region size 1024K, 8 young (8192K), 8 survivors (8192K)
 Metaspace       used 119808K, capacity 123276K, committed 123596K, reserved 1157120K
  class space    used 15337K, capacity 16709K, committed 16844K, reserved 1048576K
}

Deoptimization events (20 events):
Event: 73.716 Thread 0x0000016dc9f2d800 DEOPT PACKING pc=0x0000016db346ca7e sp=0x00000006366f95d0
Event: 73.716 Thread 0x0000016dc9f2d800 DEOPT UNPACKING pc=0x0000016db0aaa95e sp=0x00000006366f8a48 mode 0
Event: 73.746 Thread 0x0000016dcb49a000 Uncommon trap: trap_request=0xffffffc6 fr.pc=0x0000016db90d1bf4 relative=0x0000000000000714
Event: 73.746 Thread 0x0000016dcb49a000 Uncommon trap: reason=bimorphic_or_optimized_type_check action=maybe_recompile pc=0x0000016db90d1bf4 method=java.util.regex.Pattern$Begin.match(Ljava/util/regex/Matcher;ILjava/lang/CharSequence;)Z @ 30 c2
Event: 73.746 Thread 0x0000016dcb49a000 DEOPT PACKING pc=0x0000016db90d1bf4 sp=0x0000000637afb4d0
Event: 73.746 Thread 0x0000016dcb49a000 DEOPT UNPACKING pc=0x0000016db0aaa1af sp=0x0000000637afb470 mode 2
Event: 73.746 Thread 0x0000016dcb49a000 Uncommon trap: trap_request=0xffffff4d fr.pc=0x0000016db90cf720 relative=0x00000000000006c0
Event: 73.746 Thread 0x0000016dcb49a000 Uncommon trap: reason=unstable_if action=reinterpret pc=0x0000016db90cf720 method=java.util.regex.Pattern$SliceU.match(Ljava/util/regex/Matcher;ILjava/lang/CharSequence;)Z @ 29 c2
Event: 73.746 Thread 0x0000016dcb49a000 DEOPT PACKING pc=0x0000016db90cf720 sp=0x0000000637afb3c0
Event: 73.746 Thread 0x0000016dcb49a000 DEOPT UNPACKING pc=0x0000016db0aaa1af sp=0x0000000637afb348 mode 2
Event: 73.822 Thread 0x0000016dc9f2d800 Uncommon trap: trap_request=0xffffff4d fr.pc=0x0000016db86e48a0 relative=0x0000000000000240
Event: 73.822 Thread 0x0000016dc9f2d800 Uncommon trap: reason=unstable_if action=reinterpret pc=0x0000016db86e48a0 method=com.android.tools.r8.ir.regalloc.c.compareTo(Ljava/lang/Object;)I @ 64 c2
Event: 73.822 Thread 0x0000016dc9f2d800 DEOPT PACKING pc=0x0000016db86e48a0 sp=0x00000006366f8ca0
Event: 73.822 Thread 0x0000016dc9f2d800 DEOPT UNPACKING pc=0x0000016db0aaa1af sp=0x00000006366f8c38 mode 2
Event: 73.888 Thread 0x0000016dc9f2a000 Uncommon trap: trap_request=0xffffffc6 fr.pc=0x0000016db90d1bf4 relative=0x0000000000000714
Event: 73.888 Thread 0x0000016dc9f2a000 Uncommon trap: reason=bimorphic_or_optimized_type_check action=maybe_recompile pc=0x0000016db90d1bf4 method=java.util.regex.Pattern$Begin.match(Ljava/util/regex/Matcher;ILjava/lang/CharSequence;)Z @ 30 c2
Event: 73.888 Thread 0x0000016dc9f2a000 DEOPT PACKING pc=0x0000016db90d1bf4 sp=0x0000000635efb610
Event: 73.888 Thread 0x0000016dc9f2a000 DEOPT UNPACKING pc=0x0000016db0aaa1af sp=0x0000000635efb5b0 mode 2
Event: 74.140 Thread 0x0000016dc9f2a000 DEOPT PACKING pc=0x0000016db346ca7e sp=0x0000000635ef9b70
Event: 74.140 Thread 0x0000016dc9f2a000 DEOPT UNPACKING pc=0x0000016db0aaa95e sp=0x0000000635ef8fe8 mode 0

Classes redefined (0 events):
No events

Internal exceptions (20 events):
Event: 69.555 Thread 0x0000016dc9f20000 Exception <a 'java/lang/IncompatibleClassChangeError'{0x000000008de719b0}: Found class java.lang.Object, but interface was expected> (0x000000008de719b0) thrown at [src/hotspot/share/interpreter/linkResolver.cpp, line 839]
Event: 69.555 Thread 0x0000016dcc7e3800 Exception <a 'java/lang/IncompatibleClassChangeError'{0x000000008de60948}: Found class java.lang.Object, but interface was expected> (0x000000008de60948) thrown at [src/hotspot/share/interpreter/linkResolver.cpp, line 839]
Event: 70.050 Thread 0x0000016dc9f20000 Exception <a 'java/lang/NoSuchMethodError'{0x0000000090bf3730}: 'java.lang.Object java.lang.invoke.DirectMethodHandle$Holder.invokeStatic(java.lang.Object, int, java.lang.Object, java.lang.Object)'> (0x0000000090bf3730) thrown at [src/hotspot/share/interpreter/linkResolver.cpp, line 773]
Event: 70.416 Thread 0x0000016dc9f20000 Exception <a 'java/lang/IncompatibleClassChangeError'{0x000000008ee49cf8}: Found class java.lang.Object, but interface was expected> (0x000000008ee49cf8) thrown at [src/hotspot/share/interpreter/linkResolver.cpp, line 839]
Event: 70.416 Thread 0x0000016dcc7e3800 Exception <a 'java/lang/IncompatibleClassChangeError'{0x000000008f0bfb40}: Found class java.lang.Object, but interface was expected> (0x000000008f0bfb40) thrown at [src/hotspot/share/interpreter/linkResolver.cpp, line 839]
Event: 70.418 Thread 0x0000016dc9f20000 Exception <a 'java/lang/IncompatibleClassChangeError'{0x000000008ee65e28}: Found class java.lang.Object, but interface was expected> (0x000000008ee65e28) thrown at [src/hotspot/share/interpreter/linkResolver.cpp, line 839]
Event: 70.418 Thread 0x0000016dcc7e3800 Exception <a 'java/lang/IncompatibleClassChangeError'{0x000000008f0c34f8}: Found class java.lang.Object, but interface was expected> (0x000000008f0c34f8) thrown at [src/hotspot/share/interpreter/linkResolver.cpp, line 839]
Event: 70.634 Thread 0x0000016dc9f20000 Exception <a 'java/lang/NoSuchMethodError'{0x000000008de883f8}: 'void java.lang.invoke.DirectMethodHandle$Holder.invokeSpecial(java.lang.Object, java.lang.Object, int, java.lang.Object)'> (0x000000008de883f8) thrown at [src/hotspot/share/interpreter/linkResolver.cpp, line 773]
Event: 70.874 Thread 0x0000016dc9f20000 Exception <a 'java/lang/NoSuchMethodError'{0x000000008cf75580}: 'int java.lang.invoke.DirectMethodHandle$Holder.invokeSpecial(java.lang.Object, java.lang.Object, java.lang.Object, int, java.lang.Object)'> (0x000000008cf75580) thrown at [src/hotspot/share/interpreter/linkResolver.cpp, line 773]
Event: 70.874 Thread 0x0000016dc9f2d800 Exception <a 'java/lang/NoSuchMethodError'{0x000000008d0e16b8}: 'int java.lang.invoke.DirectMethodHandle$Holder.invokeSpecial(java.lang.Object, java.lang.Object, java.lang.Object, int, java.lang.Object)'> (0x000000008d0e16b8) thrown at [src/hotspot/share/interpreter/linkResolver.cpp, line 773]
Event: 70.874 Thread 0x0000016dcc7e3800 Exception <a 'java/lang/NoSuchMethodError'{0x000000008cfaf590}: 'int java.lang.invoke.DirectMethodHandle$Holder.invokeSpecial(java.lang.Object, java.lang.Object, java.lang.Object, int, java.lang.Object)'> (0x000000008cfaf590) thrown at [src/hotspot/share/interpreter/linkResolver.cpp, line 773]
Event: 71.095 Thread 0x0000016dcc7e3800 Exception <a 'java/lang/NoSuchMethodError'{0x000000008c0a1300}: 'java.lang.Object java.lang.invoke.Invokers$Holder.linkToTargetMethod(java.lang.Object, int, java.lang.Object, java.lang.Object, java.lang.Object, java.lang.Object)'> (0x000000008c0a1300) thrown at [src/hotspot/share/interpreter/linkResolver.cpp, line 773]
Event: 71.102 Thread 0x0000016dcc7e3800 Exception <a 'java/lang/NoSuchMethodError'{0x000000008c0d09a8}: 'void java.lang.invoke.DirectMethodHandle$Holder.invokeStatic(java.lang.Object, java.lang.Object, java.lang.Object, java.lang.Object, java.lang.Object, java.lang.Object, java.lang.Object, java.lang.Object)'> (0x000000008c0d09a8) thrown at [src/hotspot/share/interpreter/linkResolver.cpp, line 773]
Event: 71.112 Thread 0x0000016dc9f20000 Exception <a 'java/lang/NoSuchMethodError'{0x000000008bc56cb8}: 'java.lang.Object java.lang.invoke.DirectMethodHandle$Holder.invokeInterface(java.lang.Object, java.lang.Object, int)'> (0x000000008bc56cb8) thrown at [src/hotspot/share/interpreter/linkResolver.cpp, line 773]
Event: 71.761 Thread 0x0000016dcc7e3800 Exception <a 'java/lang/IncompatibleClassChangeError'{0x000000009065b268}: Found class java.lang.Object, but interface was expected> (0x000000009065b268) thrown at [src/hotspot/share/interpreter/linkResolver.cpp, line 839]
Event: 72.225 Thread 0x0000016dcc7e3800 Exception <a 'java/lang/NoSuchMethodError'{0x000000008fd645b0}: 'void java.lang.invoke.DirectMethodHandle$Holder.invokeSpecial(java.lang.Object, java.lang.Object, int)'> (0x000000008fd645b0) thrown at [src/hotspot/share/interpreter/linkResolver.cpp, line 773]
Event: 72.320 Thread 0x0000016dcc7e3800 Exception <a 'sun/nio/fs/WindowsException'{0x000000008fae58a8}> (0x000000008fae58a8) thrown at [src/hotspot/share/prims/jni.cpp, line 617]
Event: 72.907 Thread 0x0000016dc9f2d800 Exception <a 'java/lang/NoSuchMethodError'{0x000000008e923100}: 'int java.lang.invoke.DirectMethodHandle$Holder.invokeStatic(java.lang.Object, java.lang.Object, int, java.lang.Object)'> (0x000000008e923100) thrown at [src/hotspot/share/interpreter/linkResolver.cpp, line 773]
Event: 73.493 Thread 0x0000016dc9f20000 Exception <a 'sun/nio/fs/WindowsException'{0x000000008d168700}> (0x000000008d168700) thrown at [src/hotspot/share/prims/jni.cpp, line 617]
Event: 74.135 Thread 0x0000016dc9f2a000 Exception <a 'sun/nio/fs/WindowsException'{0x000000008f7d7d58}> (0x000000008f7d7d58) thrown at [src/hotspot/share/prims/jni.cpp, line 617]

Events (20 events):
Event: 73.575 loading class com/android/tools/r8/dex/code/z3
Event: 73.575 loading class com/android/tools/r8/dex/code/z3 done
Event: 73.576 loading class com/android/tools/r8/dex/code/C3
Event: 73.576 loading class com/android/tools/r8/dex/code/C3 done
Event: 73.577 loading class com/android/tools/r8/dex/code/B3
Event: 73.577 loading class com/android/tools/r8/dex/code/B3 done
Event: 73.579 loading class com/android/tools/r8/dex/code/D3
Event: 73.579 loading class com/android/tools/r8/dex/code/D3 done
Event: 73.580 loading class com/android/tools/r8/dex/code/A3
Event: 73.580 loading class com/android/tools/r8/dex/code/A3 done
Event: 73.827 Executing VM operation: ICBufferFull
Event: 73.827 Executing VM operation: ICBufferFull done
Event: 73.868 Executing VM operation: G1CollectForAllocation
Event: 73.887 Executing VM operation: G1CollectForAllocation done
Event: 74.048 loading class com/android/tools/r8/internal/cs
Event: 74.048 loading class com/android/tools/r8/internal/cs done
Event: 74.048 loading class com/android/tools/r8/internal/cs
Event: 74.048 loading class com/android/tools/r8/internal/cs done
Event: 74.048 loading class com/android/tools/r8/internal/cs
Event: 74.048 loading class com/android/tools/r8/internal/cs done


Dynamic libraries:
0x00007ff605dd0000 - 0x00007ff605dda000 	C:\Program Files\Android\Android Studio\jbr\bin\java.exe
0x00007ffe327f0000 - 0x00007ffe329e8000 	C:\WINDOWS\SYSTEM32\ntdll.dll
0x00007ffe31d30000 - 0x00007ffe31def000 	C:\WINDOWS\System32\KERNEL32.DLL
0x00007ffe30000000 - 0x00007ffe302da000 	C:\WINDOWS\System32\KERNELBASE.dll
0x00007ffe2ff00000 - 0x00007ffe30000000 	C:\WINDOWS\System32\ucrtbase.dll
0x00007ffe2baa0000 - 0x00007ffe2bab7000 	C:\Program Files\Android\Android Studio\jbr\bin\jli.dll
0x00007ffe32600000 - 0x00007ffe3279d000 	C:\WINDOWS\System32\USER32.dll
0x00007ffe30780000 - 0x00007ffe307a2000 	C:\WINDOWS\System32\win32u.dll
0x00007ffe31400000 - 0x00007ffe3142b000 	C:\WINDOWS\System32\GDI32.dll
0x00007ffe303c0000 - 0x00007ffe304d0000 	C:\WINDOWS\System32\gdi32full.dll
0x00007ffe307b0000 - 0x00007ffe3084d000 	C:\WINDOWS\System32\msvcp_win.dll
0x00007ffe28890000 - 0x00007ffe288ab000 	C:\Program Files\Android\Android Studio\jbr\bin\VCRUNTIME140.dll
0x00007ffe1e340000 - 0x00007ffe1e5da000 	C:\WINDOWS\WinSxS\amd64_microsoft.windows.common-controls_6595b64144ccf1df_6.0.19041.1110_none_60b5254171f9507e\COMCTL32.dll
0x00007ffe32240000 - 0x00007ffe322de000 	C:\WINDOWS\System32\msvcrt.dll
0x00007ffe30850000 - 0x00007ffe30880000 	C:\WINDOWS\System32\IMM32.DLL
0x00007ffe2cc20000 - 0x00007ffe2cc2c000 	C:\Program Files\Android\Android Studio\jbr\bin\vcruntime140_1.dll
0x00007ffe22740000 - 0x00007ffe227cd000 	C:\Program Files\Android\Android Studio\jbr\bin\msvcp140.dll
0x00007ffdfbb00000 - 0x00007ffdfc6bc000 	C:\Program Files\Android\Android Studio\jbr\bin\server\jvm.dll
0x00007ffe31c80000 - 0x00007ffe31d2e000 	C:\WINDOWS\System32\ADVAPI32.dll
0x00007ffe310f0000 - 0x00007ffe3118c000 	C:\WINDOWS\System32\sechost.dll
0x00007ffe324d0000 - 0x00007ffe325f6000 	C:\WINDOWS\System32\RPCRT4.dll
0x00007ffe30880000 - 0x00007ffe30888000 	C:\WINDOWS\System32\PSAPI.DLL
0x00007ffe2cfe0000 - 0x00007ffe2cfe9000 	C:\WINDOWS\SYSTEM32\WSOCK32.dll
0x00007ffe321d0000 - 0x00007ffe3223b000 	C:\WINDOWS\System32\WS2_32.dll
0x00007ffe1d6c0000 - 0x00007ffe1d6e7000 	C:\WINDOWS\SYSTEM32\WINMM.dll
0x00007ffe209f0000 - 0x00007ffe209fa000 	C:\WINDOWS\SYSTEM32\VERSION.dll
0x00007ffe2e710000 - 0x00007ffe2e722000 	C:\WINDOWS\SYSTEM32\kernel.appcore.dll
0x00007ffe2cfd0000 - 0x00007ffe2cfe0000 	C:\Program Files\Android\Android Studio\jbr\bin\verify.dll
0x00007ffe1bf90000 - 0x00007ffe1c174000 	C:\WINDOWS\SYSTEM32\DBGHELP.DLL
0x00007ffe1bf50000 - 0x00007ffe1bf84000 	C:\WINDOWS\SYSTEM32\dbgcore.DLL
0x00007ffe302e0000 - 0x00007ffe30362000 	C:\WINDOWS\System32\bcryptPrimitives.dll
0x00007ffe2cfa0000 - 0x00007ffe2cfc8000 	C:\Program Files\Android\Android Studio\jbr\bin\java.dll
0x00007ffe2cf90000 - 0x00007ffe2cf9a000 	C:\Program Files\Android\Android Studio\jbr\bin\jimage.dll
0x00007ffe2cf80000 - 0x00007ffe2cf8e000 	C:\Program Files\Android\Android Studio\jbr\bin\instrument.dll
0x00007ffe2ba80000 - 0x00007ffe2ba98000 	C:\Program Files\Android\Android Studio\jbr\bin\zip.dll
0x00007ffe314a0000 - 0x00007ffe31be4000 	C:\WINDOWS\System32\SHELL32.dll
0x00007ffe2deb0000 - 0x00007ffe2e643000 	C:\WINDOWS\SYSTEM32\windows.storage.dll
0x00007ffe31df0000 - 0x00007ffe32144000 	C:\WINDOWS\System32\combase.dll
0x00007ffe2f7a0000 - 0x00007ffe2f7ce000 	C:\WINDOWS\SYSTEM32\Wldp.dll
0x00007ffe308f0000 - 0x00007ffe3099d000 	C:\WINDOWS\System32\SHCORE.dll
0x00007ffe31190000 - 0x00007ffe311e5000 	C:\WINDOWS\System32\shlwapi.dll
0x00007ffe2fe40000 - 0x00007ffe2fe5f000 	C:\WINDOWS\SYSTEM32\profapi.dll
0x00007ffe2cf70000 - 0x00007ffe2cf7a000 	C:\Program Files\Android\Android Studio\jbr\bin\management.dll
0x00007ffe2cc90000 - 0x00007ffe2cc9b000 	C:\Program Files\Android\Android Studio\jbr\bin\management_ext.dll
0x00007ffe2ba60000 - 0x00007ffe2ba79000 	C:\Program Files\Android\Android Studio\jbr\bin\net.dll
0x00007ffe221f0000 - 0x00007ffe222fa000 	C:\WINDOWS\SYSTEM32\WINHTTP.dll
0x00007ffe2f580000 - 0x00007ffe2f5ea000 	C:\WINDOWS\system32\mswsock.dll
0x00007ffe2ba40000 - 0x00007ffe2ba53000 	C:\Program Files\Android\Android Studio\jbr\bin\nio.dll
0x00007ffe1f250000 - 0x00007ffe1f267000 	C:\WINDOWS\system32\napinsp.dll
0x00007ffe24c70000 - 0x00007ffe24c8b000 	C:\WINDOWS\system32\pnrpnsp.dll
0x00007ffe29f30000 - 0x00007ffe29f45000 	C:\WINDOWS\system32\wshbth.dll
0x00007ffe2b1e0000 - 0x00007ffe2b1fd000 	C:\WINDOWS\system32\NLAapi.dll
0x00007ffe2f290000 - 0x00007ffe2f2cc000 	C:\WINDOWS\SYSTEM32\IPHLPAPI.DLL
0x00007ffe2f2d0000 - 0x00007ffe2f39b000 	C:\WINDOWS\SYSTEM32\DNSAPI.dll
0x00007ffe327a0000 - 0x00007ffe327a8000 	C:\WINDOWS\System32\NSI.dll
0x00007ffe28a30000 - 0x00007ffe28a42000 	C:\WINDOWS\System32\winrnr.dll
0x00007ffe20e00000 - 0x00007ffe20e0a000 	C:\Windows\System32\rasadhlp.dll
0x00007ffe21fb0000 - 0x00007ffe22030000 	C:\WINDOWS\System32\fwpuclnt.dll
0x00007ffe30750000 - 0x00007ffe30777000 	C:\WINDOWS\System32\bcrypt.dll
0x00007ffe2afb0000 - 0x00007ffe2afd7000 	C:\Users\shahzaib lptp\AndroidStudioProjects\loginsqlite\native\e1d6ef7f7dcc3fd88c89a11ec53ec762bb8ba0a96d01ffa2cd45eb1d1d8dd5c5\windows-amd64\native-platform.dll
0x00007ffe06460000 - 0x00007ffe065a4000 	C:\Users\shahzaib lptp\AndroidStudioProjects\loginsqlite\native\0d407fdbe67a94daf76414ababcb853783967236a71b16ec16e742cd7a986fd3\windows-amd64\native-platform-file-events.dll
0x00007ffe2fb20000 - 0x00007ffe2fb38000 	C:\WINDOWS\SYSTEM32\CRYPTSP.dll
0x00007ffe2eec0000 - 0x00007ffe2eef4000 	C:\WINDOWS\system32\rsaenh.dll
0x00007ffe2fe00000 - 0x00007ffe2fe2e000 	C:\WINDOWS\SYSTEM32\USERENV.dll
0x00007ffe2f710000 - 0x00007ffe2f71c000 	C:\WINDOWS\SYSTEM32\CRYPTBASE.dll
0x00007ffe23110000 - 0x00007ffe23127000 	C:\WINDOWS\SYSTEM32\dhcpcsvc6.DLL
0x00007ffe230f0000 - 0x00007ffe2310d000 	C:\WINDOWS\SYSTEM32\dhcpcsvc.DLL
0x00007ffe2efe0000 - 0x00007ffe2f013000 	C:\WINDOWS\SYSTEM32\ntmarta.dll

dbghelp: loaded successfully - version: 4.0.5 - missing functions: none
symbol engine: initialized successfully - sym options: 0x614 - pdb path: .;C:\Program Files\Android\Android Studio\jbr\bin;C:\WINDOWS\SYSTEM32;C:\WINDOWS\WinSxS\amd64_microsoft.windows.common-controls_6595b64144ccf1df_6.0.19041.1110_none_60b5254171f9507e;C:\Program Files\Android\Android Studio\jbr\bin\server;C:\Users\shahzaib lptp\AndroidStudioProjects\loginsqlite\native\e1d6ef7f7dcc3fd88c89a11ec53ec762bb8ba0a96d01ffa2cd45eb1d1d8dd5c5\windows-amd64;C:\Users\shahzaib lptp\AndroidStudioProjects\loginsqlite\native\0d407fdbe67a94daf76414ababcb853783967236a71b16ec16e742cd7a986fd3\windows-amd64

VM Arguments:
jvm_args: -javaagent:C:\Program Files\Android\Android Studio\plugins\android\resources\trace_agent.jar=C:\Users\SHAHZA~1\AppData\Local\Temp\sync.trace.profile --add-opens=java.base/java.util=ALL-UNNAMED --add-opens=java.base/java.lang=ALL-UNNAMED --add-opens=java.base/java.lang.invoke=ALL-UNNAMED --add-opens=java.base/java.util=ALL-UNNAMED --add-opens=java.prefs/java.util.prefs=ALL-UNNAMED --add-opens=java.prefs/java.util.prefs=ALL-UNNAMED --add-opens=java.base/java.nio.charset=ALL-UNNAMED --add-opens=java.base/java.net=ALL-UNNAMED --add-opens=java.base/java.util.concurrent.atomic=ALL-UNNAMED -Xmx2048m -Dfile.encoding=UTF-8 -Duser.country=US -Duser.language=en -Duser.variant 
java_command: org.gradle.launcher.daemon.bootstrap.GradleDaemon 7.5
java_class_path (initial): C:\Users\shahzaib lptp\AndroidStudioProjects\loginsqlite\wrapper\dists\gradle-7.5-bin\f1w0cc9nuo0eivz97x2xlu9sv\gradle-7.5\lib\gradle-launcher-7.5.jar
Launcher Type: SUN_STANDARD

[Global flags]
     intx CICompilerCount                          = 3                                         {product} {ergonomic}
     uint ConcGCThreads                            = 1                                         {product} {ergonomic}
     uint G1ConcRefinementThreads                  = 4                                         {product} {ergonomic}
   size_t G1HeapRegionSize                         = 1048576                                   {product} {ergonomic}
    uintx GCDrainStackTargetSize                   = 64                                        {product} {ergonomic}
   size_t InitialHeapSize                          = 134217728                                 {product} {ergonomic}
   size_t MarkStackSize                            = 4194304                                   {product} {ergonomic}
   size_t MaxHeapSize                              = 2147483648                                {product} {command line}
   size_t MaxNewSize                               = 1287651328                                {product} {ergonomic}
   size_t MinHeapDeltaBytes                        = 1048576                                   {product} {ergonomic}
    uintx NonNMethodCodeHeapSize                   = 5830732                                {pd product} {ergonomic}
    uintx NonProfiledCodeHeapSize                  = 122913754                              {pd product} {ergonomic}
    uintx ProfiledCodeHeapSize                     = 122913754                              {pd product} {ergonomic}
    uintx ReservedCodeCacheSize                    = 251658240                              {pd product} {ergonomic}
     bool SegmentedCodeCache                       = true                                      {product} {ergonomic}
     bool UseCompressedClassPointers               = true                                 {lp64_product} {ergonomic}
     bool UseCompressedOops                        = true                                 {lp64_product} {ergonomic}
     bool UseG1GC                                  = true                                      {product} {ergonomic}
     bool UseLargePagesIndividualAllocation        = false                                  {pd product} {ergonomic}

Logging:
Log output configuration:
 #0: stdout all=warning uptime,level,tags
 #1: stderr all=off uptime,level,tags

Environment Variables:
PATH=C:\Program Files\Python310\Scripts\;C:\Program Files\Python310\;C:\Program Files\Common Files\Oracle\Java\javapath;C:\app\bin;C:\app\shahzaiblptp\product\11.2.0\dbhome_1\bin;C:\WINDOWS\system32;C:\WINDOWS;C:\WINDOWS\System32\Wbem;C:\WINDOWS\System32\WindowsPowerShell\v1.0\;c:\Program Files (x86)\Microsoft SQL Server\100\Tools\Binn\;c:\Program Files\Microsoft SQL Server\100\Tools\Binn\;c:\Program Files\Microsoft SQL Server\100\DTS\Binn\;C:\WINDOWS\System32\OpenSSH\;C:\ProgramData\chocolatey\bin;%JAVA_HOME%\bin;C:\Users\shahzaib lptp\AppData\Local\Microsoft\WindowsApps;C:\Program Files\JetBrains\IntelliJ IDEA Community Edition 2021.3\bin;;C:\Program Files\Python310\PyCharm Community Edition 2022.1\bin;;C:\Users\shahzaib lptp\AppData\Local\Programs\Microsoft VS Code\bin;C:\Program Files\flutter\bin;C:\src\flutter\bin;C:\Program Files\Android\Android Studio\bin;
USERNAME=shahzaib lptp
OS=Windows_NT
PROCESSOR_IDENTIFIER=Intel64 Family 6 Model 69 Stepping 1, GenuineIntel



---------------  S Y S T E M  ---------------

OS: Windows 10 , 64 bit Build 19041 (10.0.19041.2788)
OS uptime: 8 days 18:10 hours
Hyper-V role detected

CPU:total 4 (initial active 4) (2 cores per cpu, 2 threads per core) family 6 model 69 stepping 1 microcode 0x26, cmov, cx8, fxsr, mmx, sse, sse2, sse3, ssse3, sse4.1, sse4.2, popcnt, avx, avx2, aes, clmul, erms, lzcnt, ht, tsc, tscinvbit, bmi1, bmi2, fma

Memory: 4k page, system-wide physical 8073M (1264M free)
TotalPageFile size 10073M (AvailPageFile size 6M)
current process WorkingSet (physical memory assigned to process): 640M, peak: 642M
current process commit charge ("private bytes"): 680M, peak: 684M

vm_info: OpenJDK 64-Bit Server VM (11.0.15+0-b2043.56-9505619) for windows-amd64 JRE (11.0.15+0-b2043.56-9505619), built on Jan 19 2023 02:48:00 by "builduser" with unknown MS VC++:1929

END.
