#
# There is insufficient memory for the Java Runtime Environment to continue.
# Native memory allocation (mmap) failed to map 47185920 bytes for Failed to commit area from 0x000000008de00000 to 0x0000000090b00000 of length 47185920.
# Possible reasons:
#   The system is out of physical RAM or swap space
#   The process is running with CompressedOops enabled, and the Java Heap may be blocking the growth of the native heap
# Possible solutions:
#   Reduce memory load on the system
#   Increase physical memory or swap space
#   Check if swap backing store is full
#   Decrease Java heap size (-Xmx/-Xms)
#   Decrease number of Java threads
#   Decrease Java thread stack sizes (-Xss)
#   Set larger code cache with -XX:ReservedCodeCacheSize=
#   JVM is running with Unscaled Compressed Oops mode in which the Java heap is
#     placed in the first 4GB address space. The Java Heap base address is the
#     maximum limit for the native heap growth. Please use -XX:HeapBaseMinAddress
#     to set the Java Heap base and to place the Java Heap above 4GB virtual address.
# This output file may be truncated or incomplete.
#
#  Out of Memory Error (src/hotspot/os/windows/os_windows.cpp:3627), pid=10772, tid=8868
#
# JRE version: OpenJDK Runtime Environment (11.0.15) (build 11.0.15+0-b2043.56-9505619)
# Java VM: OpenJDK 64-Bit Server VM (11.0.15+0-b2043.56-9505619, mixed mode, tiered, compressed oops, g1 gc, windows-amd64)
# No core dump will be written. Minidumps are not enabled by default on client versions of Windows
#

---------------  S U M M A R Y ------------

Command Line: --add-opens=java.base/java.util=ALL-UNNAMED --add-opens=java.base/java.lang=ALL-UNNAMED --add-opens=java.base/java.lang.invoke=ALL-UNNAMED --add-opens=java.base/java.util=ALL-UNNAMED --add-opens=java.prefs/java.util.prefs=ALL-UNNAMED --add-opens=java.prefs/java.util.prefs=ALL-UNNAMED --add-opens=java.base/java.nio.charset=ALL-UNNAMED --add-opens=java.base/java.net=ALL-UNNAMED --add-opens=java.base/java.util.concurrent.atomic=ALL-UNNAMED -Xmx2048m -Dfile.encoding=UTF-8 -Duser.country=US -Duser.language=en -Duser.variant org.gradle.launcher.daemon.bootstrap.GradleDaemon 7.5

Host: Intel(R) Core(TM) i5-4310U CPU @ 2.00GHz, 4 cores, 7G,  Windows 10 , 64 bit Build 19041 (10.0.19041.2788)
Time: Mon May  8 16:10:38 2023 Pakistan Standard Time elapsed time: 20.017424 seconds (0d 0h 0m 20s)

---------------  T H R E A D  ---------------

Current thread (0x000002b39f0d5800):  VMThread "VM Thread" [stack: 0x000000fb3ca00000,0x000000fb3cb00000] [id=8868]

Stack: [0x000000fb3ca00000,0x000000fb3cb00000]
[error occurred during error reporting (printing stack bounds), id 0xc0000005, EXCEPTION_ACCESS_VIOLATION (0xc0000005) at pc=0x000002b38886112d]

Native frames: (J=compiled Java code, j=interpreted, Vv=VM code, C=native code)
V  [jvm.dll+0x64135a]
V  [jvm.dll+0x7d39f9]
V  [jvm.dll+0x7d51b9]
V  [jvm.dll+0x7d5805]
V  [jvm.dll+0x7d57bb]
V  [jvm.dll+0x640655]
V  [jvm.dll+0x640d68]
C  [ntdll.dll+0xa23df]
C  [ntdll.dll+0x514a4]
C  [ntdll.dll+0xa0f0e]
C  0x000002b38886112d

VM_Operation (0x000000fb3e0f65b0): G1CollectForAllocation, mode: safepoint, requested by thread 0x000002b3a08b5000


---------------  P R O C E S S  ---------------

Threads class SMR info:
_java_thread_list=0x000002b3a7bdae80, length=80, elements={
0x000002b383573000, 0x000002b39f0d9800, 0x000002b39f0e7000, 0x000002b39f0f1000,
0x000002b39f0f2000, 0x000002b39f0f3800, 0x000002b39f0f9000, 0x000002b39f0ff800,
0x000002b39f10a800, 0x000002b39fbbe800, 0x000002b3a1a71800, 0x000002b3a0f3c800,
0x000002b3a23ac800, 0x000002b3a0a83800, 0x000002b3a124a800, 0x000002b3a2484800,
0x000002b3a08b5000, 0x000002b3a14da800, 0x000002b3a09ae800, 0x000002b3a1954000,
0x000002b3a1d4f800, 0x000002b3a1d52000, 0x000002b3a1d51800, 0x000002b3a2cee800,
0x000002b3a1d4f000, 0x000002b3a1d4e000, 0x000002b3a1d50800, 0x000002b3a1d4c800,
0x000002b3a1d53000, 0x000002b3a1d4d800, 0x000002b3a2b11800, 0x000002b3a2b12800,
0x000002b3a2b13800, 0x000002b3a2b14000, 0x000002b3a2b10000, 0x000002b3a2b11000,
0x000002b3a2b1a000, 0x000002b3a2b1a800, 0x000002b3a2b19000, 0x000002b3a2b15000,
0x000002b3a2b16000, 0x000002b3a2b1b800, 0x000002b3a2b1f000, 0x000002b3a2b1c800,
0x000002b3a2b1e000, 0x000002b3a2b1d000, 0x000002b3a25c9800, 0x000002b3a25cd000,
0x000002b3a25ca800, 0x000002b3a25cc000, 0x000002b3a25cd800, 0x000002b3a25ce800,
0x000002b3a25c9000, 0x000002b3a25cf800, 0x000002b3a25d0000, 0x000002b3a25d1000,
0x000002b3a25cb000, 0x000002b3a25d1800, 0x000002b3a25d3800, 0x000002b3a25d6000,
0x000002b3a25d7800, 0x000002b3a25d5000, 0x000002b3a25d6800, 0x000002b3a25d2800,
0x000002b3a25d4000, 0x000002b3a59c6800, 0x000002b3a59c6000, 0x000002b3a59c1000,
0x000002b3a59c7800, 0x000002b3a59c1800, 0x000002b3a59c8000, 0x000002b3a59c5000,
0x000002b3a59c4000, 0x000002b3a59c2800, 0x000002b3a59c9000, 0x000002b3a59c3800,
0x000002b3a59cf000, 0x000002b3a59ca000, 0x000002b3a59cd000, 0x000002b3a59ca800
}

Java Threads: ( => current thread )
  0x000002b383573000 JavaThread "main" [_thread_blocked, id=12052, stack(0x000000fb3c400000,0x000000fb3c500000)]
  0x000002b39f0d9800 JavaThread "Reference Handler" daemon [_thread_blocked, id=1212, stack(0x000000fb3cb00000,0x000000fb3cc00000)]
  0x000002b39f0e7000 JavaThread "Finalizer" daemon [_thread_blocked, id=13316, stack(0x000000fb3cc00000,0x000000fb3cd00000)]
  0x000002b39f0f1000 JavaThread "Signal Dispatcher" daemon [_thread_blocked, id=12420, stack(0x000000fb3cd00000,0x000000fb3ce00000)]
  0x000002b39f0f2000 JavaThread "Attach Listener" daemon [_thread_blocked, id=9036, stack(0x000000fb3ce00000,0x000000fb3cf00000)]
  0x000002b39f0f3800 JavaThread "Service Thread" daemon [_thread_blocked, id=5272, stack(0x000000fb3cf00000,0x000000fb3d000000)]
  0x000002b39f0f9000 JavaThread "C2 CompilerThread0" daemon [_thread_blocked, id=4532, stack(0x000000fb3d000000,0x000000fb3d100000)]
  0x000002b39f0ff800 JavaThread "C1 CompilerThread0" daemon [_thread_blocked, id=6024, stack(0x000000fb3d100000,0x000000fb3d200000)]
  0x000002b39f10a800 JavaThread "Sweeper thread" daemon [_thread_blocked, id=5212, stack(0x000000fb3d200000,0x000000fb3d300000)]
  0x000002b39fbbe800 JavaThread "Common-Cleaner" daemon [_thread_blocked, id=5688, stack(0x000000fb3d300000,0x000000fb3d400000)]
  0x000002b3a1a71800 JavaThread "Daemon health stats" [_thread_blocked, id=9772, stack(0x000000fb3d800000,0x000000fb3d900000)]
  0x000002b3a0f3c800 JavaThread "Incoming local TCP Connector on port 53478" [_thread_in_native, id=14640, stack(0x000000fb3d500000,0x000000fb3d600000)]
  0x000002b3a23ac800 JavaThread "Daemon periodic checks" [_thread_blocked, id=7352, stack(0x000000fb3d900000,0x000000fb3da00000)]
  0x000002b3a0a83800 JavaThread "Daemon" [_thread_blocked, id=7048, stack(0x000000fb3da00000,0x000000fb3db00000)]
  0x000002b3a124a800 JavaThread "Handler for socket connection from /127.0.0.1:53478 to /127.0.0.1:53479" [_thread_in_native, id=7212, stack(0x000000fb3db00000,0x000000fb3dc00000)]
  0x000002b3a2484800 JavaThread "Cancel handler" [_thread_blocked, id=5304, stack(0x000000fb3df00000,0x000000fb3e000000)]
  0x000002b3a08b5000 JavaThread "Daemon worker" [_thread_blocked, id=11328, stack(0x000000fb3e000000,0x000000fb3e100000)]
  0x000002b3a14da800 JavaThread "Asynchronous log dispatcher for DefaultDaemonConnection: socket connection from /127.0.0.1:53478 to /127.0.0.1:53479" [_thread_blocked, id=14320, stack(0x000000fb3e100000,0x000000fb3e200000)]
  0x000002b3a09ae800 JavaThread "Stdin handler" [_thread_blocked, id=7204, stack(0x000000fb3e200000,0x000000fb3e300000)]
  0x000002b3a1954000 JavaThread "Daemon client event forwarder" [_thread_blocked, id=9752, stack(0x000000fb3e300000,0x000000fb3e400000)]
  0x000002b3a1d4f800 JavaThread "Cache worker for journal cache (C:\Users\shahzaib lptp\AndroidStudioProjects\loginsqlite\caches\journal-1)" [_thread_blocked, id=7924, stack(0x000000fb3e400000,0x000000fb3e500000)]
  0x000002b3a1d52000 JavaThread "File lock request listener" [_thread_in_native, id=9856, stack(0x000000fb3e500000,0x000000fb3e600000)]
  0x000002b3a1d51800 JavaThread "Cache worker for file hash cache (C:\Users\shahzaib lptp\AndroidStudioProjects\loginsqlite\caches\7.5\fileHashes)" [_thread_blocked, id=10196, stack(0x000000fb3e600000,0x000000fb3e700000)]
  0x000002b3a2cee800 JavaThread "C2 CompilerThread1" daemon [_thread_blocked, id=2328, stack(0x000000fb3e700000,0x000000fb3e800000)]
  0x000002b3a1d4f000 JavaThread "File watcher server" daemon [_thread_in_native, id=10032, stack(0x000000fb3e800000,0x000000fb3e900000)]
  0x000002b3a1d4e000 JavaThread "File watcher consumer" daemon [_thread_blocked, id=12124, stack(0x000000fb3e900000,0x000000fb3ea00000)]
  0x000002b3a1d50800 JavaThread "jar transforms" [_thread_blocked, id=13016, stack(0x000000fb3ea00000,0x000000fb3eb00000)]
  0x000002b3a1d4c800 JavaThread "jar transforms Thread 2" [_thread_blocked, id=13764, stack(0x000000fb3eb00000,0x000000fb3ec00000)]
  0x000002b3a1d53000 JavaThread "jar transforms Thread 3" [_thread_blocked, id=15964, stack(0x000000fb3ec00000,0x000000fb3ed00000)]
  0x000002b3a1d4d800 JavaThread "jar transforms Thread 4" [_thread_blocked, id=13424, stack(0x000000fb3ed00000,0x000000fb3ee00000)]
  0x000002b3a2b11800 JavaThread "Cache worker for checksums cache (C:\Users\shahzaib lptp\AndroidStudioProjects\EyeonwaterApp\.gradle\7.5\checksums)" [_thread_blocked, id=6924, stack(0x000000fb3ee00000,0x000000fb3ef00000)]
  0x000002b3a2b12800 JavaThread "Cache worker for cache directory md-rule (C:\Users\shahzaib lptp\AndroidStudioProjects\loginsqlite\caches\7.5\md-rule)" [_thread_blocked, id=4572, stack(0x000000fb3ef00000,0x000000fb3f000000)]
  0x000002b3a2b13800 JavaThread "Cache worker for file content cache (C:\Users\shahzaib lptp\AndroidStudioProjects\loginsqlite\caches\7.5\fileContent)" [_thread_blocked, id=16212, stack(0x000000fb3f000000,0x000000fb3f100000)]
  0x000002b3a2b14000 JavaThread "Cache worker for file hash cache (C:\Users\shahzaib lptp\AndroidStudioProjects\EyeonwaterApp\.gradle\7.5\fileHashes)" [_thread_blocked, id=11556, stack(0x000000fb3f100000,0x000000fb3f200000)]
  0x000002b3a2b10000 JavaThread "Cache worker for cache directory md-supplier (C:\Users\shahzaib lptp\AndroidStudioProjects\loginsqlite\caches\7.5\md-supplier)" [_thread_blocked, id=14636, stack(0x000000fb3f200000,0x000000fb3f300000)]
  0x000002b3a2b11000 JavaThread "Cache worker for execution history cache (C:\Users\shahzaib lptp\AndroidStudioProjects\loginsqlite\caches\7.5\executionHistory)" [_thread_blocked, id=8508, stack(0x000000fb3f300000,0x000000fb3f400000)]
  0x000002b3a2b1a000 JavaThread "Cache worker for dependencies-accessors (C:\Users\shahzaib lptp\AndroidStudioProjects\EyeonwaterApp\.gradle\7.5\dependencies-accessors)" [_thread_blocked, id=812, stack(0x000000fb3f400000,0x000000fb3f500000)]
  0x000002b3a2b1a800 JavaThread "Cache worker for Build Output Cleanup Cache (C:\Users\shahzaib lptp\AndroidStudioProjects\EyeonwaterApp\.gradle\buildOutputCleanup)" [_thread_blocked, id=15308, stack(0x000000fb3f500000,0x000000fb3f600000)]
  0x000002b3a2b19000 JavaThread "Unconstrained build operations" [_thread_blocked, id=6352, stack(0x000000fb3f600000,0x000000fb3f700000)]
  0x000002b3a2b15000 JavaThread "Unconstrained build operations Thread 2" [_thread_blocked, id=8700, stack(0x000000fb3f700000,0x000000fb3f800000)]
  0x000002b3a2b16000 JavaThread "Unconstrained build operations Thread 3" [_thread_blocked, id=4288, stack(0x000000fb3f800000,0x000000fb3f900000)]
  0x000002b3a2b1b800 JavaThread "Unconstrained build operations Thread 4" [_thread_blocked, id=9148, stack(0x000000fb3f900000,0x000000fb3fa00000)]
  0x000002b3a2b1f000 JavaThread "Unconstrained build operations Thread 5" [_thread_blocked, id=8208, stack(0x000000fb3fa00000,0x000000fb3fb00000)]
  0x000002b3a2b1c800 JavaThread "Unconstrained build operations Thread 6" [_thread_blocked, id=12036, stack(0x000000fb3fb00000,0x000000fb3fc00000)]
  0x000002b3a2b1e000 JavaThread "Unconstrained build operations Thread 7" [_thread_blocked, id=1776, stack(0x000000fb3fc00000,0x000000fb3fd00000)]
  0x000002b3a2b1d000 JavaThread "Unconstrained build operations Thread 8" [_thread_blocked, id=7228, stack(0x000000fb3fd00000,0x000000fb3fe00000)]
  0x000002b3a25c9800 JavaThread "Unconstrained build operations Thread 9" [_thread_blocked, id=3400, stack(0x000000fb3fe00000,0x000000fb3ff00000)]
  0x000002b3a25cd000 JavaThread "Unconstrained build operations Thread 10" [_thread_blocked, id=6392, stack(0x000000fb3ff00000,0x000000fb40000000)]
  0x000002b3a25ca800 JavaThread "Unconstrained build operations Thread 11" [_thread_blocked, id=6608, stack(0x000000fb40000000,0x000000fb40100000)]
  0x000002b3a25cc000 JavaThread "Unconstrained build operations Thread 12" [_thread_blocked, id=9972, stack(0x000000fb40100000,0x000000fb40200000)]
  0x000002b3a25cd800 JavaThread "Unconstrained build operations Thread 13" [_thread_blocked, id=14496, stack(0x000000fb40200000,0x000000fb40300000)]
  0x000002b3a25ce800 JavaThread "Unconstrained build operations Thread 14" [_thread_blocked, id=13432, stack(0x000000fb40300000,0x000000fb40400000)]
  0x000002b3a25c9000 JavaThread "Unconstrained build operations Thread 15" [_thread_blocked, id=348, stack(0x000000fb40400000,0x000000fb40500000)]
  0x000002b3a25cf800 JavaThread "Unconstrained build operations Thread 16" [_thread_blocked, id=11524, stack(0x000000fb40500000,0x000000fb40600000)]
  0x000002b3a25d0000 JavaThread "Unconstrained build operations Thread 17" [_thread_blocked, id=12628, stack(0x000000fb40600000,0x000000fb40700000)]
  0x000002b3a25d1000 JavaThread "Unconstrained build operations Thread 18" [_thread_blocked, id=15180, stack(0x000000fb40700000,0x000000fb40800000)]
  0x000002b3a25cb000 JavaThread "Unconstrained build operations Thread 19" [_thread_blocked, id=8020, stack(0x000000fb40800000,0x000000fb40900000)]
  0x000002b3a25d1800 JavaThread "Unconstrained build operations Thread 20" [_thread_blocked, id=4652, stack(0x000000fb40900000,0x000000fb40a00000)]
  0x000002b3a25d3800 JavaThread "Unconstrained build operations Thread 21" [_thread_blocked, id=12952, stack(0x000000fb40a00000,0x000000fb40b00000)]
  0x000002b3a25d6000 JavaThread "Unconstrained build operations Thread 22" [_thread_blocked, id=9980, stack(0x000000fb40b00000,0x000000fb40c00000)]
  0x000002b3a25d7800 JavaThread "Unconstrained build operations Thread 23" [_thread_blocked, id=11964, stack(0x000000fb40c00000,0x000000fb40d00000)]
  0x000002b3a25d5000 JavaThread "Unconstrained build operations Thread 24" [_thread_blocked, id=13704, stack(0x000000fb40d00000,0x000000fb40e00000)]
  0x000002b3a25d6800 JavaThread "Unconstrained build operations Thread 25" [_thread_blocked, id=12796, stack(0x000000fb40e00000,0x000000fb40f00000)]
  0x000002b3a25d2800 JavaThread "Unconstrained build operations Thread 26" [_thread_blocked, id=9548, stack(0x000000fb40f00000,0x000000fb41000000)]
  0x000002b3a25d4000 JavaThread "Unconstrained build operations Thread 27" [_thread_blocked, id=13332, stack(0x000000fb41000000,0x000000fb41100000)]
  0x000002b3a59c6800 JavaThread "Unconstrained build operations Thread 28" [_thread_blocked, id=9572, stack(0x000000fb41100000,0x000000fb41200000)]
  0x000002b3a59c6000 JavaThread "Unconstrained build operations Thread 29" [_thread_blocked, id=10532, stack(0x000000fb41200000,0x000000fb41300000)]
  0x000002b3a59c1000 JavaThread "Unconstrained build operations Thread 30" [_thread_blocked, id=10712, stack(0x000000fb41300000,0x000000fb41400000)]
  0x000002b3a59c7800 JavaThread "Unconstrained build operations Thread 31" [_thread_blocked, id=5084, stack(0x000000fb41400000,0x000000fb41500000)]
  0x000002b3a59c1800 JavaThread "Unconstrained build operations Thread 32" [_thread_blocked, id=9352, stack(0x000000fb41500000,0x000000fb41600000)]
  0x000002b3a59c8000 JavaThread "Unconstrained build operations Thread 33" [_thread_blocked, id=9760, stack(0x000000fb41600000,0x000000fb41700000)]
  0x000002b3a59c5000 JavaThread "Unconstrained build operations Thread 34" [_thread_blocked, id=9440, stack(0x000000fb41700000,0x000000fb41800000)]
  0x000002b3a59c4000 JavaThread "Unconstrained build operations Thread 35" [_thread_blocked, id=14564, stack(0x000000fb41800000,0x000000fb41900000)]
  0x000002b3a59c2800 JavaThread "Unconstrained build operations Thread 36" [_thread_blocked, id=6320, stack(0x000000fb41900000,0x000000fb41a00000)]
  0x000002b3a59c9000 JavaThread "Unconstrained build operations Thread 37" [_thread_blocked, id=12992, stack(0x000000fb41a00000,0x000000fb41b00000)]
  0x000002b3a59c3800 JavaThread "Unconstrained build operations Thread 38" [_thread_blocked, id=8416, stack(0x000000fb41b00000,0x000000fb41c00000)]
  0x000002b3a59cf000 JavaThread "Unconstrained build operations Thread 39" [_thread_blocked, id=2568, stack(0x000000fb41c00000,0x000000fb41d00000)]
  0x000002b3a59ca000 JavaThread "Unconstrained build operations Thread 40" [_thread_blocked, id=3504, stack(0x000000fb41d00000,0x000000fb41e00000)]
  0x000002b3a59cd000 JavaThread "Memory manager" [_thread_blocked, id=5148, stack(0x000000fb41e00000,0x000000fb41f00000)]
  0x000002b3a59ca800 JavaThread "pool-3-thread-1" [_thread_blocked, id=6872, stack(0x000000fb41f00000,0x000000fb42000000)]

Other Threads:
=>0x000002b39f0d5800 VMThread "VM Thread" [stack: 0x000000fb3ca00000,0x000000fb3cb00000] [id=8868]
  0x000002b39fbcb800 WatcherThread [stack: 0x000000fb3d400000,0x000000fb3d500000] [id=13464]
  0x000002b38358b800 GCTaskThread "GC Thread#0" [stack: 0x000000fb3c500000,0x000000fb3c600000] [id=5588]
  0x000002b39fe2e800 GCTaskThread "GC Thread#1" [stack: 0x000000fb3d600000,0x000000fb3d700000] [id=1720]
  0x000002b39febb800 GCTaskThread "GC Thread#2" [stack: 0x000000fb3d700000,0x000000fb3d800000] [id=13096]
  0x000002b3a1a4e800 GCTaskThread "GC Thread#3" [stack: 0x000000fb3dc00000,0x000000fb3dd00000] [id=15484]
  0x000002b3835bd800 ConcurrentGCThread "G1 Main Marker" [stack: 0x000000fb3c600000,0x000000fb3c700000] [id=2044]
  0x000002b3835bf000 ConcurrentGCThread "G1 Conc#0" [stack: 0x000000fb3c700000,0x000000fb3c800000] [id=1668]
  0x000002b38364e000 ConcurrentGCThread "G1 Refine#0" [stack: 0x000000fb3c800000,0x000000fb3c900000] [id=7152]
  0x000002b3a0990800 ConcurrentGCThread "G1 Refine#1" [stack: 0x000000fb3dd00000,0x000000fb3de00000] [id=13748]
  0x000002b3a07a2800 ConcurrentGCThread "G1 Refine#2" [stack: 0x000000fb3de00000,0x000000fb3df00000] [id=13532]
  0x000002b39ef22800 ConcurrentGCThread "G1 Young RemSet Sampling" [stack: 0x000000fb3c900000,0x000000fb3ca00000] [id=15384]

Threads with active compile tasks:

VM state:at safepoint (normal execution)

VM Mutex/Monitor currently owned by a thread:  ([mutex/lock_event])
[0x000002b38356fbc0] Threads_lock - owner thread: 0x000002b39f0d5800
[0x000002b38356fd70] Heap_lock - owner thread: 0x000002b3a08b5000

Heap address: 0x0000000080000000, size: 2048 MB, Compressed Oops mode: 32-bit
Narrow klass base: 0x0000000000000000, Narrow klass shift: 3
Compressed class space size: 1073741824 Address: 0x0000000100000000

Heap:
 garbage-first heap   total 273408K, used 129761K [0x0000000080000000, 0x0000000100000000)
  region size 1024K, 3 young (3072K), 3 survivors (3072K)
 Metaspace       used 83611K, capacity 85985K, committed 86224K, reserved 1124352K
  class space    used 10821K, capacity 11683K, committed 11808K, reserved 1048576K
Heap Regions: E=young(eden), S=young(survivor), O=old, HS=humongous(starts), HC=humongous(continues), CS=collection set, F=free, A=archive, TAMS=top-at-mark-start (previous, next)
|   0|0x0000000080000000, 0x0000000080100000, 0x0000000080100000|100%|HS|  |TAMS 0x0000000080100000, 0x0000000080100000| Complete 
|   1|0x0000000080100000, 0x0000000080200000, 0x0000000080200000|100%|HC|  |TAMS 0x0000000080200000, 0x0000000080200000| Complete 
|   2|0x0000000080200000, 0x0000000080300000, 0x0000000080300000|100%|HC|  |TAMS 0x0000000080300000, 0x0000000080300000| Complete 
|   3|0x0000000080300000, 0x0000000080400000, 0x0000000080400000|100%| O|  |TAMS 0x0000000080400000, 0x0000000080400000| Untracked 
|   4|0x0000000080400000, 0x0000000080500000, 0x0000000080500000|100%| O|  |TAMS 0x0000000080500000, 0x0000000080500000| Untracked 
|   5|0x0000000080500000, 0x0000000080600000, 0x0000000080600000|100%| O|  |TAMS 0x0000000080600000, 0x0000000080600000| Untracked 
|   6|0x0000000080600000, 0x0000000080700000, 0x0000000080700000|100%| O|  |TAMS 0x0000000080700000, 0x0000000080700000| Untracked 
|   7|0x0000000080700000, 0x0000000080800000, 0x0000000080800000|100%| O|  |TAMS 0x0000000080800000, 0x0000000080800000| Untracked 
|   8|0x0000000080800000, 0x0000000080900000, 0x0000000080900000|100%| O|  |TAMS 0x0000000080900000, 0x0000000080900000| Untracked 
|   9|0x0000000080900000, 0x0000000080a00000, 0x0000000080a00000|100%| O|  |TAMS 0x0000000080a00000, 0x0000000080a00000| Untracked 
|  10|0x0000000080a00000, 0x0000000080b00000, 0x0000000080b00000|100%| O|  |TAMS 0x0000000080b00000, 0x0000000080b00000| Untracked 
|  11|0x0000000080b00000, 0x0000000080c00000, 0x0000000080c00000|100%| O|  |TAMS 0x0000000080c00000, 0x0000000080c00000| Untracked 
|  12|0x0000000080c00000, 0x0000000080d00000, 0x0000000080d00000|100%| O|  |TAMS 0x0000000080d00000, 0x0000000080d00000| Untracked 
|  13|0x0000000080d00000, 0x0000000080e00000, 0x0000000080e00000|100%| O|  |TAMS 0x0000000080e00000, 0x0000000080e00000| Untracked 
|  14|0x0000000080e00000, 0x0000000080f00000, 0x0000000080f00000|100%| O|  |TAMS 0x0000000080f00000, 0x0000000080f00000| Untracked 
|  15|0x0000000080f00000, 0x0000000081000000, 0x0000000081000000|100%|HS|  |TAMS 0x0000000081000000, 0x0000000081000000| Complete 
|  16|0x0000000081000000, 0x0000000081100000, 0x0000000081100000|100%|HC|  |TAMS 0x0000000081100000, 0x0000000081100000| Complete 
|  17|0x0000000081100000, 0x0000000081200000, 0x0000000081200000|100%|HS|  |TAMS 0x0000000081200000, 0x0000000081200000| Complete 
|  18|0x0000000081200000, 0x0000000081300000, 0x0000000081300000|100%|HC|  |TAMS 0x0000000081300000, 0x0000000081300000| Complete 
|  19|0x0000000081300000, 0x0000000081400000, 0x0000000081400000|100%|HC|  |TAMS 0x0000000081400000, 0x0000000081400000| Complete 
|  20|0x0000000081400000, 0x0000000081500000, 0x0000000081500000|100%|HS|  |TAMS 0x0000000081500000, 0x0000000081500000| Complete 
|  21|0x0000000081500000, 0x0000000081600000, 0x0000000081600000|100%|HC|  |TAMS 0x0000000081600000, 0x0000000081600000| Complete 
|  22|0x0000000081600000, 0x0000000081700000, 0x0000000081700000|100%|HC|  |TAMS 0x0000000081700000, 0x0000000081700000| Complete 
|  23|0x0000000081700000, 0x0000000081800000, 0x0000000081800000|100%|HS|  |TAMS 0x0000000081800000, 0x0000000081800000| Complete 
|  24|0x0000000081800000, 0x0000000081900000, 0x0000000081900000|100%|HC|  |TAMS 0x0000000081900000, 0x0000000081900000| Complete 
|  25|0x0000000081900000, 0x0000000081a00000, 0x0000000081a00000|100%|HS|  |TAMS 0x0000000081a00000, 0x0000000081a00000| Complete 
|  26|0x0000000081a00000, 0x0000000081b00000, 0x0000000081b00000|100%|HC|  |TAMS 0x0000000081b00000, 0x0000000081b00000| Complete 
|  27|0x0000000081b00000, 0x0000000081c00000, 0x0000000081c00000|100%|HC|  |TAMS 0x0000000081c00000, 0x0000000081c00000| Complete 
|  28|0x0000000081c00000, 0x0000000081d00000, 0x0000000081d00000|100%|HC|  |TAMS 0x0000000081d00000, 0x0000000081d00000| Complete 
|  29|0x0000000081d00000, 0x0000000081e00000, 0x0000000081e00000|100%|HC|  |TAMS 0x0000000081e00000, 0x0000000081e00000| Complete 
|  30|0x0000000081e00000, 0x0000000081f00000, 0x0000000081f00000|100%|HC|  |TAMS 0x0000000081f00000, 0x0000000081f00000| Complete 
|  31|0x0000000081f00000, 0x0000000082000000, 0x0000000082000000|100%|HC|  |TAMS 0x0000000082000000, 0x0000000082000000| Complete 
|  32|0x0000000082000000, 0x0000000082100000, 0x0000000082100000|100%|HC|  |TAMS 0x0000000082100000, 0x0000000082100000| Complete 
|  33|0x0000000082100000, 0x0000000082200000, 0x0000000082200000|100%|HC|  |TAMS 0x0000000082200000, 0x0000000082200000| Complete 
|  34|0x0000000082200000, 0x0000000082300000, 0x0000000082300000|100%|HC|  |TAMS 0x0000000082300000, 0x0000000082300000| Complete 
|  35|0x0000000082300000, 0x0000000082400000, 0x0000000082400000|100%|HS|  |TAMS 0x0000000082400000, 0x0000000082400000| Complete 
|  36|0x0000000082400000, 0x0000000082500000, 0x0000000082500000|100%|HC|  |TAMS 0x0000000082500000, 0x0000000082500000| Complete 
|  37|0x0000000082500000, 0x0000000082600000, 0x0000000082600000|100%|HS|  |TAMS 0x0000000082600000, 0x0000000082600000| Complete 
|  38|0x0000000082600000, 0x0000000082700000, 0x0000000082700000|100%|HC|  |TAMS 0x0000000082700000, 0x0000000082700000| Complete 
|  39|0x0000000082700000, 0x0000000082800000, 0x0000000082800000|100%|HC|  |TAMS 0x0000000082800000, 0x0000000082800000| Complete 
|  40|0x0000000082800000, 0x0000000082900000, 0x0000000082900000|100%|HC|  |TAMS 0x0000000082900000, 0x0000000082900000| Complete 
|  41|0x0000000082900000, 0x0000000082a00000, 0x0000000082a00000|100%|HC|  |TAMS 0x0000000082a00000, 0x0000000082a00000| Complete 
|  42|0x0000000082a00000, 0x0000000082b00000, 0x0000000082b00000|100%| O|  |TAMS 0x0000000082b00000, 0x0000000082b00000| Untracked 
|  43|0x0000000082b00000, 0x0000000082c00000, 0x0000000082c00000|100%| O|  |TAMS 0x0000000082c00000, 0x0000000082c00000| Untracked 
|  44|0x0000000082c00000, 0x0000000082d00000, 0x0000000082d00000|100%| O|  |TAMS 0x0000000082d00000, 0x0000000082d00000| Untracked 
|  45|0x0000000082d00000, 0x0000000082e00000, 0x0000000082e00000|100%| O|  |TAMS 0x0000000082e00000, 0x0000000082e00000| Untracked 
|  46|0x0000000082e00000, 0x0000000082f00000, 0x0000000082f00000|100%| O|  |TAMS 0x0000000082f00000, 0x0000000082f00000| Untracked 
|  47|0x0000000082f00000, 0x0000000083000000, 0x0000000083000000|100%| O|  |TAMS 0x0000000083000000, 0x0000000083000000| Untracked 
|  48|0x0000000083000000, 0x0000000083100000, 0x0000000083100000|100%| O|  |TAMS 0x0000000083100000, 0x0000000083100000| Untracked 
|  49|0x0000000083100000, 0x0000000083200000, 0x0000000083200000|100%| O|  |TAMS 0x0000000083200000, 0x0000000083200000| Untracked 
|  50|0x0000000083200000, 0x0000000083300000, 0x0000000083300000|100%|HS|  |TAMS 0x0000000083300000, 0x0000000083300000| Complete 
|  51|0x0000000083300000, 0x0000000083400000, 0x0000000083400000|100%|HC|  |TAMS 0x0000000083400000, 0x0000000083400000| Complete 
|  52|0x0000000083400000, 0x0000000083500000, 0x0000000083500000|100%| O|  |TAMS 0x0000000083500000, 0x0000000083500000| Untracked 
|  53|0x0000000083500000, 0x0000000083600000, 0x0000000083600000|100%| O|  |TAMS 0x0000000083600000, 0x0000000083600000| Untracked 
|  54|0x0000000083600000, 0x0000000083700000, 0x0000000083700000|100%| O|  |TAMS 0x0000000083700000, 0x0000000083700000| Untracked 
|  55|0x0000000083700000, 0x0000000083800000, 0x0000000083800000|100%| O|  |TAMS 0x0000000083800000, 0x0000000083800000| Untracked 
|  56|0x0000000083800000, 0x0000000083900000, 0x0000000083900000|100%| O|  |TAMS 0x0000000083900000, 0x0000000083900000| Untracked 
|  57|0x0000000083900000, 0x0000000083a00000, 0x0000000083a00000|100%| O|  |TAMS 0x0000000083a00000, 0x0000000083a00000| Untracked 
|  58|0x0000000083a00000, 0x0000000083b00000, 0x0000000083b00000|100%|HS|  |TAMS 0x0000000083b00000, 0x0000000083b00000| Complete 
|  59|0x0000000083b00000, 0x0000000083c00000, 0x0000000083c00000|100%|HC|  |TAMS 0x0000000083c00000, 0x0000000083c00000| Complete 
|  60|0x0000000083c00000, 0x0000000083d00000, 0x0000000083d00000|100%|HC|  |TAMS 0x0000000083d00000, 0x0000000083d00000| Complete 
|  61|0x0000000083d00000, 0x0000000083e00000, 0x0000000083e00000|100%|HC|  |TAMS 0x0000000083e00000, 0x0000000083e00000| Complete 
|  62|0x0000000083e00000, 0x0000000083f00000, 0x0000000083f00000|100%|HC|  |TAMS 0x0000000083f00000, 0x0000000083f00000| Complete 
|  63|0x0000000083f00000, 0x0000000084000000, 0x0000000084000000|100%|HC|  |TAMS 0x0000000084000000, 0x0000000084000000| Complete 
|  64|0x0000000084000000, 0x0000000084100000, 0x0000000084100000|100%|HC|  |TAMS 0x0000000084100000, 0x0000000084100000| Complete 
|  65|0x0000000084100000, 0x0000000084200000, 0x0000000084200000|100%|HC|  |TAMS 0x0000000084200000, 0x0000000084200000| Complete 
|  66|0x0000000084200000, 0x0000000084300000, 0x0000000084300000|100%|HC|  |TAMS 0x0000000084300000, 0x0000000084300000| Complete 
|  67|0x0000000084300000, 0x0000000084400000, 0x0000000084400000|100%|HC|  |TAMS 0x0000000084400000, 0x0000000084400000| Complete 
|  68|0x0000000084400000, 0x0000000084500000, 0x0000000084500000|100%|HS|  |TAMS 0x0000000084500000, 0x0000000084500000| Complete 
|  69|0x0000000084500000, 0x0000000084600000, 0x0000000084600000|100%|HC|  |TAMS 0x0000000084600000, 0x0000000084600000| Complete 
|  70|0x0000000084600000, 0x0000000084700000, 0x0000000084700000|100%|HC|  |TAMS 0x0000000084700000, 0x0000000084700000| Complete 
|  71|0x0000000084700000, 0x0000000084800000, 0x0000000084800000|100%|HS|  |TAMS 0x0000000084800000, 0x0000000084800000| Complete 
|  72|0x0000000084800000, 0x0000000084900000, 0x0000000084900000|100%|HC|  |TAMS 0x0000000084900000, 0x0000000084900000| Complete 
|  73|0x0000000084900000, 0x0000000084a00000, 0x0000000084a00000|100%|HS|  |TAMS 0x0000000084a00000, 0x0000000084a00000| Complete 
|  74|0x0000000084a00000, 0x0000000084b00000, 0x0000000084b00000|100%|HC|  |TAMS 0x0000000084b00000, 0x0000000084b00000| Complete 
|  75|0x0000000084b00000, 0x0000000084c00000, 0x0000000084c00000|100%|HC|  |TAMS 0x0000000084c00000, 0x0000000084c00000| Complete 
|  76|0x0000000084c00000, 0x0000000084d00000, 0x0000000084d00000|100%| O|  |TAMS 0x0000000084d00000, 0x0000000084d00000| Untracked 
|  77|0x0000000084d00000, 0x0000000084e00000, 0x0000000084e00000|100%| O|  |TAMS 0x0000000084e00000, 0x0000000084e00000| Untracked 
|  78|0x0000000084e00000, 0x0000000084f00000, 0x0000000084f00000|100%| O|  |TAMS 0x0000000084f00000, 0x0000000084f00000| Untracked 
|  79|0x0000000084f00000, 0x0000000085000000, 0x0000000085000000|100%| O|  |TAMS 0x0000000085000000, 0x0000000085000000| Untracked 
|  80|0x0000000085000000, 0x0000000085100000, 0x0000000085100000|100%| O|  |TAMS 0x0000000085100000, 0x0000000085100000| Untracked 
|  81|0x0000000085100000, 0x0000000085200000, 0x0000000085200000|100%|HS|  |TAMS 0x0000000085200000, 0x0000000085200000| Complete 
|  82|0x0000000085200000, 0x0000000085300000, 0x0000000085300000|100%|HC|  |TAMS 0x0000000085300000, 0x0000000085300000| Complete 
|  83|0x0000000085300000, 0x0000000085400000, 0x0000000085400000|100%|HC|  |TAMS 0x0000000085400000, 0x0000000085400000| Complete 
|  84|0x0000000085400000, 0x0000000085500000, 0x0000000085500000|100%|HC|  |TAMS 0x0000000085500000, 0x0000000085500000| Complete 
|  85|0x0000000085500000, 0x0000000085600000, 0x0000000085600000|100%|HC|  |TAMS 0x0000000085600000, 0x0000000085600000| Complete 
|  86|0x0000000085600000, 0x0000000085700000, 0x0000000085700000|100%| O|  |TAMS 0x0000000085700000, 0x0000000085700000| Untracked 
|  87|0x0000000085700000, 0x0000000085800000, 0x0000000085800000|100%| O|  |TAMS 0x0000000085800000, 0x0000000085800000| Untracked 
|  88|0x0000000085800000, 0x0000000085900000, 0x0000000085900000|100%| O|  |TAMS 0x0000000085900000, 0x0000000085900000| Untracked 
|  89|0x0000000085900000, 0x0000000085a00000, 0x0000000085a00000|100%| O|  |TAMS 0x0000000085a00000, 0x0000000085a00000| Untracked 
|  90|0x0000000085a00000, 0x0000000085b00000, 0x0000000085b00000|100%| O|  |TAMS 0x0000000085b00000, 0x0000000085b00000| Untracked 
|  91|0x0000000085b00000, 0x0000000085c00000, 0x0000000085c00000|100%| O|  |TAMS 0x0000000085c00000, 0x0000000085c00000| Untracked 
|  92|0x0000000085c00000, 0x0000000085d00000, 0x0000000085d00000|100%|HS|  |TAMS 0x0000000085d00000, 0x0000000085d00000| Complete 
|  93|0x0000000085d00000, 0x0000000085e00000, 0x0000000085e00000|100%|HS|  |TAMS 0x0000000085e00000, 0x0000000085e00000| Complete 
|  94|0x0000000085e00000, 0x0000000085f00000, 0x0000000085f00000|100%| O|  |TAMS 0x0000000085f00000, 0x0000000085f00000| Untracked 
|  95|0x0000000085f00000, 0x0000000086000000, 0x0000000086000000|100%| O|  |TAMS 0x0000000086000000, 0x0000000086000000| Untracked 
|  96|0x0000000086000000, 0x0000000086100000, 0x0000000086100000|100%| O|  |TAMS 0x0000000086100000, 0x0000000086100000| Untracked 
|  97|0x0000000086100000, 0x0000000086200000, 0x0000000086200000|100%| O|  |TAMS 0x0000000086200000, 0x0000000086200000| Untracked 
|  98|0x0000000086200000, 0x0000000086300000, 0x0000000086300000|100%| O|  |TAMS 0x0000000086300000, 0x0000000086300000| Untracked 
|  99|0x0000000086300000, 0x0000000086400000, 0x0000000086400000|100%| O|  |TAMS 0x00000000863eb800, 0x0000000086400000| Untracked 
| 100|0x0000000086400000, 0x0000000086500000, 0x0000000086500000|100%| O|  |TAMS 0x0000000086500000, 0x0000000086500000| Untracked 
| 101|0x0000000086500000, 0x0000000086600000, 0x0000000086600000|100%| O|  |TAMS 0x0000000086600000, 0x0000000086600000| Untracked 
| 102|0x0000000086600000, 0x0000000086700000, 0x0000000086700000|100%| O|  |TAMS 0x0000000086700000, 0x0000000086700000| Untracked 
| 103|0x0000000086700000, 0x0000000086800000, 0x0000000086800000|100%| O|  |TAMS 0x0000000086800000, 0x0000000086800000| Untracked 
| 104|0x0000000086800000, 0x0000000086900000, 0x0000000086900000|100%| O|  |TAMS 0x0000000086900000, 0x0000000086900000| Untracked 
| 105|0x0000000086900000, 0x0000000086a00000, 0x0000000086a00000|100%| O|  |TAMS 0x0000000086a00000, 0x0000000086a00000| Untracked 
| 106|0x0000000086a00000, 0x0000000086b00000, 0x0000000086b00000|100%| O|  |TAMS 0x0000000086b00000, 0x0000000086b00000| Untracked 
| 107|0x0000000086b00000, 0x0000000086c00000, 0x0000000086c00000|100%| O|  |TAMS 0x0000000086b00000, 0x0000000086c00000| Untracked 
| 108|0x0000000086c00000, 0x0000000086d00000, 0x0000000086d00000|100%| O|  |TAMS 0x0000000086c00000, 0x0000000086d00000| Untracked 
| 109|0x0000000086d00000, 0x0000000086e00000, 0x0000000086e00000|100%| O|  |TAMS 0x0000000086d00000, 0x0000000086e00000| Untracked 
| 110|0x0000000086e00000, 0x0000000086f00000, 0x0000000086f00000|100%| O|  |TAMS 0x0000000086f00000, 0x0000000086f00000| Untracked 
| 111|0x0000000086f00000, 0x0000000087000000, 0x0000000087000000|100%| O|  |TAMS 0x0000000087000000, 0x0000000087000000| Untracked 
| 112|0x0000000087000000, 0x0000000087100000, 0x0000000087100000|100%| O|  |TAMS 0x0000000087100000, 0x0000000087100000| Untracked 
| 113|0x0000000087100000, 0x0000000087200000, 0x0000000087200000|100%| O|  |TAMS 0x0000000087200000, 0x0000000087200000| Untracked 
| 114|0x0000000087200000, 0x0000000087300000, 0x0000000087300000|100%| O|  |TAMS 0x0000000087200000, 0x0000000087300000| Untracked 
| 115|0x0000000087300000, 0x0000000087400000, 0x0000000087400000|100%| O|  |TAMS 0x0000000087300000, 0x0000000087400000| Untracked 
| 116|0x0000000087400000, 0x0000000087500000, 0x0000000087500000|100%| O|  |TAMS 0x0000000087400000, 0x0000000087500000| Untracked 
| 117|0x0000000087500000, 0x0000000087600000, 0x0000000087600000|100%| O|  |TAMS 0x0000000087500000, 0x0000000087600000| Untracked 
| 118|0x0000000087600000, 0x0000000087700000, 0x0000000087700000|100%| O|  |TAMS 0x0000000087600000, 0x0000000087700000| Untracked 
| 119|0x0000000087700000, 0x0000000087800000, 0x0000000087800000|100%| O|  |TAMS 0x0000000087700000, 0x0000000087800000| Untracked 
| 120|0x0000000087800000, 0x0000000087900000, 0x0000000087900000|100%| O|  |TAMS 0x0000000087800000, 0x0000000087900000| Untracked 
| 121|0x0000000087900000, 0x0000000087a00000, 0x0000000087a00000|100%| O|  |TAMS 0x0000000087900000, 0x0000000087a00000| Untracked 
| 122|0x0000000087a00000, 0x0000000087b00000, 0x0000000087b00000|100%| O|  |TAMS 0x0000000087a00000, 0x0000000087b00000| Untracked 
| 123|0x0000000087b00000, 0x0000000087bfdc00, 0x0000000087c00000| 99%| O|  |TAMS 0x0000000087b00000, 0x0000000087bfdc00| Untracked 
| 124|0x0000000087c00000, 0x0000000087c00000, 0x0000000087d00000|  0%| F|  |TAMS 0x0000000087c00000, 0x0000000087c00000| Untracked 
| 125|0x0000000087d00000, 0x0000000087d00000, 0x0000000087e00000|  0%| F|  |TAMS 0x0000000087d00000, 0x0000000087d00000| Untracked 
| 126|0x0000000087e00000, 0x0000000087e00000, 0x0000000087f00000|  0%| F|  |TAMS 0x0000000087e00000, 0x0000000087e00000| Untracked 
| 127|0x0000000087f00000, 0x0000000087f00000, 0x0000000088000000|  0%| F|  |TAMS 0x0000000087f00000, 0x0000000087f00000| Untracked 
| 128|0x0000000088000000, 0x0000000088000000, 0x0000000088100000|  0%| F|  |TAMS 0x0000000088000000, 0x0000000088000000| Untracked 
| 129|0x0000000088100000, 0x0000000088100000, 0x0000000088200000|  0%| F|  |TAMS 0x0000000088100000, 0x0000000088100000| Untracked 
| 130|0x0000000088200000, 0x0000000088200000, 0x0000000088300000|  0%| F|  |TAMS 0x0000000088200000, 0x0000000088200000| Untracked 
| 131|0x0000000088300000, 0x0000000088300000, 0x0000000088400000|  0%| F|  |TAMS 0x0000000088300000, 0x0000000088300000| Untracked 
| 132|0x0000000088400000, 0x0000000088400000, 0x0000000088500000|  0%| F|  |TAMS 0x0000000088400000, 0x0000000088400000| Untracked 
| 133|0x0000000088500000, 0x0000000088500000, 0x0000000088600000|  0%| F|  |TAMS 0x0000000088500000, 0x0000000088500000| Untracked 
| 134|0x0000000088600000, 0x0000000088600000, 0x0000000088700000|  0%| F|  |TAMS 0x0000000088600000, 0x0000000088600000| Untracked 
| 135|0x0000000088700000, 0x0000000088700000, 0x0000000088800000|  0%| F|  |TAMS 0x0000000088700000, 0x0000000088700000| Untracked 
| 136|0x0000000088800000, 0x0000000088800000, 0x0000000088900000|  0%| F|  |TAMS 0x0000000088800000, 0x0000000088800000| Untracked 
| 137|0x0000000088900000, 0x0000000088900000, 0x0000000088a00000|  0%| F|  |TAMS 0x0000000088900000, 0x0000000088900000| Untracked 
| 138|0x0000000088a00000, 0x0000000088a00000, 0x0000000088b00000|  0%| F|  |TAMS 0x0000000088a00000, 0x0000000088a00000| Untracked 
| 139|0x0000000088b00000, 0x0000000088b00000, 0x0000000088c00000|  0%| F|  |TAMS 0x0000000088b00000, 0x0000000088b00000| Untracked 
| 140|0x0000000088c00000, 0x0000000088c00000, 0x0000000088d00000|  0%| F|  |TAMS 0x0000000088c00000, 0x0000000088c00000| Untracked 
| 141|0x0000000088d00000, 0x0000000088d00000, 0x0000000088e00000|  0%| F|  |TAMS 0x0000000088d00000, 0x0000000088d00000| Untracked 
| 142|0x0000000088e00000, 0x0000000088e00000, 0x0000000088f00000|  0%| F|  |TAMS 0x0000000088e00000, 0x0000000088e00000| Untracked 
| 143|0x0000000088f00000, 0x0000000088f00000, 0x0000000089000000|  0%| F|  |TAMS 0x0000000088f00000, 0x0000000088f00000| Untracked 
| 144|0x0000000089000000, 0x0000000089000000, 0x0000000089100000|  0%| F|  |TAMS 0x0000000089000000, 0x0000000089000000| Untracked 
| 145|0x0000000089100000, 0x0000000089100000, 0x0000000089200000|  0%| F|  |TAMS 0x0000000089100000, 0x0000000089100000| Untracked 
| 146|0x0000000089200000, 0x0000000089200000, 0x0000000089300000|  0%| F|  |TAMS 0x0000000089200000, 0x0000000089200000| Untracked 
| 147|0x0000000089300000, 0x0000000089300000, 0x0000000089400000|  0%| F|  |TAMS 0x0000000089300000, 0x0000000089300000| Untracked 
| 148|0x0000000089400000, 0x0000000089400000, 0x0000000089500000|  0%| F|  |TAMS 0x0000000089400000, 0x0000000089400000| Untracked 
| 149|0x0000000089500000, 0x0000000089500000, 0x0000000089600000|  0%| F|  |TAMS 0x0000000089500000, 0x0000000089500000| Untracked 
| 150|0x0000000089600000, 0x0000000089600000, 0x0000000089700000|  0%| F|  |TAMS 0x0000000089600000, 0x0000000089600000| Untracked 
| 151|0x0000000089700000, 0x0000000089700000, 0x0000000089800000|  0%| F|  |TAMS 0x0000000089700000, 0x0000000089700000| Untracked 
| 152|0x0000000089800000, 0x0000000089800000, 0x0000000089900000|  0%| F|  |TAMS 0x0000000089800000, 0x0000000089800000| Untracked 
| 153|0x0000000089900000, 0x0000000089900000, 0x0000000089a00000|  0%| F|  |TAMS 0x0000000089900000, 0x0000000089900000| Untracked 
| 154|0x0000000089a00000, 0x0000000089a00000, 0x0000000089b00000|  0%| F|  |TAMS 0x0000000089a00000, 0x0000000089a00000| Untracked 
| 155|0x0000000089b00000, 0x0000000089b00000, 0x0000000089c00000|  0%| F|  |TAMS 0x0000000089b00000, 0x0000000089b00000| Untracked 
| 156|0x0000000089c00000, 0x0000000089c00000, 0x0000000089d00000|  0%| F|  |TAMS 0x0000000089c00000, 0x0000000089c00000| Untracked 
| 157|0x0000000089d00000, 0x0000000089d00000, 0x0000000089e00000|  0%| F|  |TAMS 0x0000000089d00000, 0x0000000089d00000| Untracked 
| 158|0x0000000089e00000, 0x0000000089e00000, 0x0000000089f00000|  0%| F|  |TAMS 0x0000000089e00000, 0x0000000089e00000| Untracked 
| 159|0x0000000089f00000, 0x0000000089f00000, 0x000000008a000000|  0%| F|  |TAMS 0x0000000089f00000, 0x0000000089f00000| Untracked 
| 160|0x000000008a000000, 0x000000008a000000, 0x000000008a100000|  0%| F|  |TAMS 0x000000008a000000, 0x000000008a000000| Untracked 
| 161|0x000000008a100000, 0x000000008a100000, 0x000000008a200000|  0%| F|  |TAMS 0x000000008a100000, 0x000000008a100000| Untracked 
| 162|0x000000008a200000, 0x000000008a200000, 0x000000008a300000|  0%| F|  |TAMS 0x000000008a200000, 0x000000008a200000| Untracked 
| 163|0x000000008a300000, 0x000000008a300000, 0x000000008a400000|  0%| F|  |TAMS 0x000000008a300000, 0x000000008a300000| Untracked 
| 164|0x000000008a400000, 0x000000008a400000, 0x000000008a500000|  0%| F|  |TAMS 0x000000008a400000, 0x000000008a400000| Untracked 
| 165|0x000000008a500000, 0x000000008a500000, 0x000000008a600000|  0%| F|  |TAMS 0x000000008a500000, 0x000000008a500000| Untracked 
| 166|0x000000008a600000, 0x000000008a600000, 0x000000008a700000|  0%| F|  |TAMS 0x000000008a600000, 0x000000008a600000| Untracked 
| 167|0x000000008a700000, 0x000000008a700000, 0x000000008a800000|  0%| F|  |TAMS 0x000000008a700000, 0x000000008a700000| Untracked 
| 168|0x000000008a800000, 0x000000008a800000, 0x000000008a900000|  0%| F|  |TAMS 0x000000008a800000, 0x000000008a800000| Untracked 
| 169|0x000000008a900000, 0x000000008a900000, 0x000000008aa00000|  0%| F|  |TAMS 0x000000008a900000, 0x000000008a900000| Untracked 
| 170|0x000000008aa00000, 0x000000008aa00000, 0x000000008ab00000|  0%| F|  |TAMS 0x000000008aa00000, 0x000000008aa00000| Untracked 
| 171|0x000000008ab00000, 0x000000008ab00000, 0x000000008ac00000|  0%| F|  |TAMS 0x000000008ab00000, 0x000000008ab00000| Untracked 
| 172|0x000000008ac00000, 0x000000008ac00000, 0x000000008ad00000|  0%| F|  |TAMS 0x000000008ac00000, 0x000000008ac00000| Untracked 
| 173|0x000000008ad00000, 0x000000008ad00000, 0x000000008ae00000|  0%| F|  |TAMS 0x000000008ad00000, 0x000000008ad00000| Untracked 
| 174|0x000000008ae00000, 0x000000008ae00000, 0x000000008af00000|  0%| F|  |TAMS 0x000000008ae00000, 0x000000008ae00000| Untracked 
| 175|0x000000008af00000, 0x000000008af00000, 0x000000008b000000|  0%| F|  |TAMS 0x000000008af00000, 0x000000008af00000| Untracked 
| 176|0x000000008b000000, 0x000000008b000000, 0x000000008b100000|  0%| F|  |TAMS 0x000000008b000000, 0x000000008b000000| Untracked 
| 177|0x000000008b100000, 0x000000008b100000, 0x000000008b200000|  0%| F|  |TAMS 0x000000008b100000, 0x000000008b100000| Untracked 
| 178|0x000000008b200000, 0x000000008b200000, 0x000000008b300000|  0%| F|  |TAMS 0x000000008b200000, 0x000000008b200000| Untracked 
| 179|0x000000008b300000, 0x000000008b300000, 0x000000008b400000|  0%| F|  |TAMS 0x000000008b300000, 0x000000008b300000| Untracked 
| 180|0x000000008b400000, 0x000000008b400000, 0x000000008b500000|  0%| F|  |TAMS 0x000000008b400000, 0x000000008b400000| Untracked 
| 181|0x000000008b500000, 0x000000008b500000, 0x000000008b600000|  0%| F|  |TAMS 0x000000008b500000, 0x000000008b500000| Untracked 
| 182|0x000000008b600000, 0x000000008b600000, 0x000000008b700000|  0%| F|  |TAMS 0x000000008b600000, 0x000000008b600000| Untracked 
| 183|0x000000008b700000, 0x000000008b700000, 0x000000008b800000|  0%| F|  |TAMS 0x000000008b700000, 0x000000008b700000| Untracked 
| 184|0x000000008b800000, 0x000000008b800000, 0x000000008b900000|  0%| F|  |TAMS 0x000000008b800000, 0x000000008b800000| Untracked 
| 185|0x000000008b900000, 0x000000008b900000, 0x000000008ba00000|  0%| F|  |TAMS 0x000000008b900000, 0x000000008b900000| Untracked 
| 186|0x000000008ba00000, 0x000000008ba00000, 0x000000008bb00000|  0%| F|  |TAMS 0x000000008ba00000, 0x000000008ba00000| Untracked 
| 187|0x000000008bb00000, 0x000000008bb00000, 0x000000008bc00000|  0%| F|  |TAMS 0x000000008bb00000, 0x000000008bb00000| Untracked 
| 188|0x000000008bc00000, 0x000000008bc00000, 0x000000008bd00000|  0%| F|  |TAMS 0x000000008bc00000, 0x000000008bc00000| Untracked 
| 189|0x000000008bd00000, 0x000000008bd00000, 0x000000008be00000|  0%| F|  |TAMS 0x000000008bd00000, 0x000000008bd00000| Untracked 
| 190|0x000000008be00000, 0x000000008be00000, 0x000000008bf00000|  0%| F|  |TAMS 0x000000008be00000, 0x000000008be00000| Untracked 
| 191|0x000000008bf00000, 0x000000008bf00000, 0x000000008c000000|  0%| F|  |TAMS 0x000000008bf00000, 0x000000008bf00000| Untracked 
| 192|0x000000008c000000, 0x000000008c000000, 0x000000008c100000|  0%| F|  |TAMS 0x000000008c000000, 0x000000008c000000| Untracked 
| 193|0x000000008c100000, 0x000000008c100000, 0x000000008c200000|  0%| F|  |TAMS 0x000000008c100000, 0x000000008c100000| Untracked 
| 194|0x000000008c200000, 0x000000008c200000, 0x000000008c300000|  0%| F|  |TAMS 0x000000008c200000, 0x000000008c200000| Untracked 
| 195|0x000000008c300000, 0x000000008c300000, 0x000000008c400000|  0%| F|  |TAMS 0x000000008c300000, 0x000000008c300000| Untracked 
| 196|0x000000008c400000, 0x000000008c400000, 0x000000008c500000|  0%| F|  |TAMS 0x000000008c400000, 0x000000008c400000| Untracked 
| 197|0x000000008c500000, 0x000000008c500000, 0x000000008c600000|  0%| F|  |TAMS 0x000000008c500000, 0x000000008c500000| Untracked 
| 198|0x000000008c600000, 0x000000008c600000, 0x000000008c700000|  0%| F|  |TAMS 0x000000008c600000, 0x000000008c600000| Untracked 
| 199|0x000000008c700000, 0x000000008c700000, 0x000000008c800000|  0%| F|  |TAMS 0x000000008c700000, 0x000000008c700000| Untracked 
| 200|0x000000008c800000, 0x000000008c800000, 0x000000008c900000|  0%| F|  |TAMS 0x000000008c800000, 0x000000008c800000| Untracked 
| 201|0x000000008c900000, 0x000000008c900000, 0x000000008ca00000|  0%| F|  |TAMS 0x000000008c900000, 0x000000008c900000| Untracked 
| 202|0x000000008ca00000, 0x000000008ca00000, 0x000000008cb00000|  0%| F|  |TAMS 0x000000008ca00000, 0x000000008ca00000| Untracked 
| 203|0x000000008cb00000, 0x000000008cb00000, 0x000000008cc00000|  0%| F|  |TAMS 0x000000008cb00000, 0x000000008cb00000| Untracked 
| 204|0x000000008cc00000, 0x000000008cc00000, 0x000000008cd00000|  0%| F|  |TAMS 0x000000008cc00000, 0x000000008cc00000| Untracked 
| 205|0x000000008cd00000, 0x000000008cd00000, 0x000000008ce00000|  0%| F|  |TAMS 0x000000008cd00000, 0x000000008cd00000| Untracked 
| 206|0x000000008ce00000, 0x000000008ce00000, 0x000000008cf00000|  0%| F|  |TAMS 0x000000008ce00000, 0x000000008ce00000| Untracked 
| 207|0x000000008cf00000, 0x000000008cfba930, 0x000000008d000000| 72%| S|CS|TAMS 0x000000008cf00000, 0x000000008cf00000| Complete 
| 208|0x000000008d000000, 0x000000008d100000, 0x000000008d100000|100%| S|CS|TAMS 0x000000008d000000, 0x000000008d000000| Complete 
| 209|0x000000008d100000, 0x000000008d200000, 0x000000008d200000|100%| S|CS|TAMS 0x000000008d100000, 0x000000008d100000| Complete 
| 210|0x000000008d200000, 0x000000008d200000, 0x000000008d300000|  0%| F|  |TAMS 0x000000008d200000, 0x000000008d200000| Untracked 
| 211|0x000000008d300000, 0x000000008d300000, 0x000000008d400000|  0%| F|  |TAMS 0x000000008d300000, 0x000000008d300000| Untracked 
| 212|0x000000008d400000, 0x000000008d400000, 0x000000008d500000|  0%| F|  |TAMS 0x000000008d400000, 0x000000008d400000| Untracked 
| 213|0x000000008d500000, 0x000000008d500000, 0x000000008d600000|  0%| F|  |TAMS 0x000000008d500000, 0x000000008d500000| Untracked 
| 214|0x000000008d600000, 0x000000008d600000, 0x000000008d700000|  0%| F|  |TAMS 0x000000008d600000, 0x000000008d600000| Untracked 
| 215|0x000000008d700000, 0x000000008d700000, 0x000000008d800000|  0%| F|  |TAMS 0x000000008d700000, 0x000000008d700000| Untracked 
| 216|0x000000008d800000, 0x000000008d800000, 0x000000008d900000|  0%| F|  |TAMS 0x000000008d800000, 0x000000008d800000| Untracked 
| 217|0x000000008d900000, 0x000000008d900000, 0x000000008da00000|  0%| F|  |TAMS 0x000000008d900000, 0x000000008d900000| Untracked 
| 218|0x000000008da00000, 0x000000008da00000, 0x000000008db00000|  0%| F|  |TAMS 0x000000008da00000, 0x000000008da00000| Untracked 
| 219|0x000000008db00000, 0x000000008db00000, 0x000000008dc00000|  0%| F|  |TAMS 0x000000008db00000, 0x000000008db00000| Untracked 
| 220|0x000000008dc00000, 0x000000008dc00000, 0x000000008dd00000|  0%| F|  |TAMS 0x000000008dc00000, 0x000000008dc00000| Untracked 
| 221|0x000000008dd00000, 0x000000008dd00000, 0x000000008de00000|  0%| F|  |TAMS 0x000000008dd00000, 0x000000008dd00000| Untracked 

Card table byte_map: [0x000002b398290000,0x000002b398690000] _byte_map_base: 0x000002b397e90000

Marking Bits (Prev, Next): (CMBitMap*) 0x000002b3835b4bb0, (CMBitMap*) 0x000002b3835b4b78
 Prev Bits: [0x000002b39aa90000, 0x000002b39ca90000)
 Next Bits: [0x000002b398a90000, 0x000002b39aa90000)

Polling page: 0x000002b383370000

Metaspace:

Usage:
  Non-class:     72.56 MB capacity,    71.08 MB ( 98%) used,     1.26 MB (  2%) free+waste,   225.06 KB ( <1%) overhead. 
      Class:     11.41 MB capacity,    10.57 MB ( 93%) used,   754.49 KB (  6%) free+waste,   106.62 KB ( <1%) overhead. 
       Both:     83.97 MB capacity,    81.65 MB ( 97%) used,     1.99 MB (  2%) free+waste,   331.69 KB ( <1%) overhead. 

Virtual space:
  Non-class space:       74.00 MB reserved,      72.67 MB ( 98%) committed 
      Class space:        1.00 GB reserved,      11.53 MB (  1%) committed 
             Both:        1.07 GB reserved,      84.20 MB (  8%) committed 

Chunk freelists:
   Non-Class:  50.00 KB
       Class:  29.00 KB
        Both:  79.00 KB

MaxMetaspaceSize: 17179869184.00 GB
CompressedClassSpaceSize: 1.00 GB
Initial GC threshold: 20.80 MB
Current GC threshold: 134.71 MB
CDS: off

CodeHeap 'non-profiled nmethods': size=120064Kb used=5068Kb max_used=5068Kb free=114995Kb
 bounds [0x000002b390320000, 0x000002b390820000, 0x000002b397860000]
CodeHeap 'profiled nmethods': size=120000Kb used=18109Kb max_used=18109Kb free=101890Kb
 bounds [0x000002b388df0000, 0x000002b389fa0000, 0x000002b390320000]
CodeHeap 'non-nmethods': size=5696Kb used=2382Kb max_used=2421Kb free=3313Kb
 bounds [0x000002b388860000, 0x000002b388ad0000, 0x000002b388df0000]
 total_blobs=9422 nmethods=8518 adapters=814
 compilation: enabled
              stopped_count=0, restarted_count=0
 full_count=0

Compilation events (20 events):
Event: 19.897 Thread 0x000002b39f0ff800 8649       3       org.gradle.internal.serialize.kryo.KryoBackedEncoder::writeSmallInt (11 bytes)
Event: 19.897 Thread 0x000002b39f0ff800 nmethod 8649 0x000002b389f98b10 code [0x000002b389f98ce0, 0x000002b389f98e88]
Event: 19.902 Thread 0x000002b39f0ff800 8650       3       org.gradle.internal.resources.DefaultResourceLockCoordinationService$DefaultResourceLockState::<init> (5 bytes)
Event: 19.902 Thread 0x000002b39f0ff800 nmethod 8650 0x000002b389f98f90 code [0x000002b389f99140, 0x000002b389f992f8]
Event: 19.902 Thread 0x000002b39f0ff800 8651       3       org.gradle.internal.resources.DefaultResourceLockCoordinationService$DefaultResourceLockState::<init> (5 bytes)
Event: 19.902 Thread 0x000002b39f0ff800 nmethod 8651 0x000002b389f99410 code [0x000002b389f995c0, 0x000002b389f99718]
Event: 19.906 Thread 0x000002b39f0ff800 8652       3       java.lang.ClassLoader::getParent (32 bytes)
Event: 19.907 Thread 0x000002b3a2cee800 8653       4       java.lang.String::checkIndex (46 bytes)
Event: 19.907 Thread 0x000002b39f0ff800 nmethod 8652 0x000002b389f99810 code [0x000002b389f99a40, 0x000002b389f9a2b8]
Event: 19.908 Thread 0x000002b3a2cee800 nmethod 8653 0x000002b390811410 code [0x000002b3908115a0, 0x000002b390811618]
Event: 19.910 Thread 0x000002b39f0f9000 8654       4       java.lang.AbstractStringBuilder::isLatin1 (19 bytes)
Event: 19.911 Thread 0x000002b39f0f9000 nmethod 8654 0x000002b390811710 code [0x000002b3908118a0, 0x000002b390811918]
Event: 19.918 Thread 0x000002b39f0ff800 8655       3       java.lang.AbstractStringBuilder::append (55 bytes)
Event: 19.918 Thread 0x000002b39f0ff800 nmethod 8655 0x000002b389f9a590 code [0x000002b389f9a780, 0x000002b389f9aab8]
Event: 19.921 Thread 0x000002b3a2cee800 8656       4       java.util.regex.Pattern::expr (142 bytes)
Event: 19.947 Thread 0x000002b3a2cee800 nmethod 8656 0x000002b390811f10 code [0x000002b390812100, 0x000002b390812e78]
Event: 19.956 Thread 0x000002b39f0ff800 8658       3       java.lang.String::codePointAt (50 bytes)
Event: 19.956 Thread 0x000002b39f0ff800 nmethod 8658 0x000002b389f9ac10 code [0x000002b389f9ae00, 0x000002b389f9b188]
Event: 19.969 Thread 0x000002b39f0ff800 8659       3       sun.nio.fs.WindowsPath::normalize (365 bytes)
Event: 19.973 Thread 0x000002b39f0ff800 nmethod 8659 0x000002b389f9b310 code [0x000002b389f9b840, 0x000002b389f9e878]

GC Heap History (20 events):
Event: 12.270 GC heap after
{Heap after GC invocations=21 (full 0):
 garbage-first heap   total 189440K, used 94990K [0x0000000080000000, 0x0000000100000000)
  region size 1024K, 5 young (5120K), 5 survivors (5120K)
 Metaspace       used 51837K, capacity 53553K, committed 53840K, reserved 1095680K
  class space    used 6660K, capacity 7230K, committed 7328K, reserved 1048576K
}
Event: 13.306 GC heap before
{Heap before GC invocations=21 (full 0):
 garbage-first heap   total 189440K, used 142094K [0x0000000080000000, 0x0000000100000000)
  region size 1024K, 52 young (53248K), 5 survivors (5120K)
 Metaspace       used 55158K, capacity 56920K, committed 57168K, reserved 1099776K
  class space    used 7150K, capacity 7753K, committed 7840K, reserved 1048576K
}
Event: 13.330 GC heap after
{Heap after GC invocations=22 (full 0):
 garbage-first heap   total 189440K, used 97597K [0x0000000080000000, 0x0000000100000000)
  region size 1024K, 6 young (6144K), 6 survivors (6144K)
 Metaspace       used 55158K, capacity 56920K, committed 57168K, reserved 1099776K
  class space    used 7150K, capacity 7753K, committed 7840K, reserved 1048576K
}
Event: 14.052 GC heap before
{Heap before GC invocations=23 (full 0):
 garbage-first heap   total 189440K, used 117053K [0x0000000080000000, 0x0000000100000000)
  region size 1024K, 26 young (26624K), 6 survivors (6144K)
 Metaspace       used 57267K, capacity 59080K, committed 59216K, reserved 1099776K
  class space    used 7372K, capacity 7979K, committed 8096K, reserved 1048576K
}
Event: 14.069 GC heap after
{Heap after GC invocations=24 (full 0):
 garbage-first heap   total 189440K, used 98115K [0x0000000080000000, 0x0000000100000000)
  region size 1024K, 4 young (4096K), 4 survivors (4096K)
 Metaspace       used 57267K, capacity 59080K, committed 59216K, reserved 1099776K
  class space    used 7372K, capacity 7979K, committed 8096K, reserved 1048576K
}
Event: 14.856 GC heap before
{Heap before GC invocations=25 (full 0):
 garbage-first heap   total 189440K, used 147267K [0x0000000080000000, 0x0000000100000000)
  region size 1024K, 50 young (51200K), 4 survivors (4096K)
 Metaspace       used 62356K, capacity 64290K, committed 64464K, reserved 1105920K
  class space    used 7997K, capacity 8668K, committed 8736K, reserved 1048576K
}
Event: 14.871 GC heap after
{Heap after GC invocations=26 (full 0):
 garbage-first heap   total 227328K, used 106343K [0x0000000080000000, 0x0000000100000000)
  region size 1024K, 7 young (7168K), 7 survivors (7168K)
 Metaspace       used 62356K, capacity 64290K, committed 64464K, reserved 1105920K
  class space    used 7997K, capacity 8668K, committed 8736K, reserved 1048576K
}
Event: 15.881 GC heap before
{Heap before GC invocations=26 (full 0):
 garbage-first heap   total 227328K, used 153447K [0x0000000080000000, 0x0000000100000000)
  region size 1024K, 51 young (52224K), 7 survivors (7168K)
 Metaspace       used 68761K, capacity 70868K, committed 70992K, reserved 1110016K
  class space    used 8772K, capacity 9524K, committed 9632K, reserved 1048576K
}
Event: 15.893 GC heap after
{Heap after GC invocations=27 (full 0):
 garbage-first heap   total 227328K, used 112793K [0x0000000080000000, 0x0000000100000000)
  region size 1024K, 5 young (5120K), 5 survivors (5120K)
 Metaspace       used 68761K, capacity 70868K, committed 70992K, reserved 1110016K
  class space    used 8772K, capacity 9524K, committed 9632K, reserved 1048576K
}
Event: 16.983 GC heap before
{Heap before GC invocations=28 (full 0):
 garbage-first heap   total 227328K, used 171161K [0x0000000080000000, 0x0000000100000000)
  region size 1024K, 58 young (59392K), 5 survivors (5120K)
 Metaspace       used 72349K, capacity 74449K, committed 74576K, reserved 1114112K
  class space    used 9252K, capacity 10022K, committed 10144K, reserved 1048576K
}
Event: 16.994 GC heap after
{Heap after GC invocations=29 (full 0):
 garbage-first heap   total 227328K, used 114275K [0x0000000080000000, 0x0000000100000000)
  region size 1024K, 4 young (4096K), 4 survivors (4096K)
 Metaspace       used 72349K, capacity 74449K, committed 74576K, reserved 1114112K
  class space    used 9252K, capacity 10022K, committed 10144K, reserved 1048576K
}
Event: 17.019 GC heap before
{Heap before GC invocations=29 (full 0):
 garbage-first heap   total 227328K, used 115299K [0x0000000080000000, 0x0000000100000000)
  region size 1024K, 6 young (6144K), 4 survivors (4096K)
 Metaspace       used 72473K, capacity 74577K, committed 74832K, reserved 1114112K
  class space    used 9260K, capacity 10022K, committed 10144K, reserved 1048576K
}
Event: 17.028 GC heap after
{Heap after GC invocations=30 (full 0):
 garbage-first heap   total 227328K, used 114154K [0x0000000080000000, 0x0000000100000000)
  region size 1024K, 4 young (4096K), 4 survivors (4096K)
 Metaspace       used 72473K, capacity 74577K, committed 74832K, reserved 1114112K
  class space    used 9260K, capacity 10022K, committed 10144K, reserved 1048576K
}
Event: 17.888 GC heap before
{Heap before GC invocations=31 (full 0):
 garbage-first heap   total 227328K, used 173546K [0x0000000080000000, 0x0000000100000000)
  region size 1024K, 61 young (62464K), 4 survivors (4096K)
 Metaspace       used 73787K, capacity 76060K, committed 76368K, reserved 1116160K
  class space    used 9449K, capacity 10273K, committed 10400K, reserved 1048576K
}
Event: 17.902 GC heap after
{Heap after GC invocations=32 (full 0):
 garbage-first heap   total 227328K, used 117358K [0x0000000080000000, 0x0000000100000000)
  region size 1024K, 7 young (7168K), 7 survivors (7168K)
 Metaspace       used 73787K, capacity 76060K, committed 76368K, reserved 1116160K
  class space    used 9449K, capacity 10273K, committed 10400K, reserved 1048576K
}
Event: 19.077 GC heap before
{Heap before GC invocations=32 (full 0):
 garbage-first heap   total 227328K, used 176750K [0x0000000080000000, 0x0000000100000000)
  region size 1024K, 65 young (66560K), 7 survivors (7168K)
 Metaspace       used 79927K, capacity 82141K, committed 82384K, reserved 1120256K
  class space    used 10428K, capacity 11267K, committed 11296K, reserved 1048576K
}
Event: 19.098 GC heap after
{Heap after GC invocations=33 (full 0):
 garbage-first heap   total 227328K, used 120750K [0x0000000080000000, 0x0000000100000000)
  region size 1024K, 7 young (7168K), 7 survivors (7168K)
 Metaspace       used 79927K, capacity 82141K, committed 82384K, reserved 1120256K
  class space    used 10428K, capacity 11267K, committed 11296K, reserved 1048576K
}
Event: 19.789 GC heap before
{Heap before GC invocations=34 (full 0):
 garbage-first heap   total 227328K, used 179118K [0x0000000080000000, 0x0000000100000000)
  region size 1024K, 65 young (66560K), 7 survivors (7168K)
 Metaspace       used 82407K, capacity 84855K, committed 84944K, reserved 1122304K
  class space    used 10671K, capacity 11545K, committed 11552K, reserved 1048576K
}
Event: 19.810 GC heap after
{Heap after GC invocations=35 (full 0):
 garbage-first heap   total 227328K, used 126627K [0x0000000080000000, 0x0000000100000000)
  region size 1024K, 9 young (9216K), 9 survivors (9216K)
 Metaspace       used 82407K, capacity 84855K, committed 84944K, reserved 1122304K
  class space    used 10671K, capacity 11545K, committed 11552K, reserved 1048576K
}
Event: 20.000 GC heap before
{Heap before GC invocations=35 (full 0):
 garbage-first heap   total 227328K, used 136867K [0x0000000080000000, 0x0000000100000000)
  region size 1024K, 21 young (21504K), 9 survivors (9216K)
 Metaspace       used 83611K, capacity 85985K, committed 86224K, reserved 1124352K
  class space    used 10821K, capacity 11683K, committed 11808K, reserved 1048576K
}

Deoptimization events (20 events):
Event: 19.818 Thread 0x000002b3a08b5000 Uncommon trap: trap_request=0xffffff4d fr.pc=0x000002b3905f7298 relative=0x0000000000000bf8
Event: 19.818 Thread 0x000002b3a08b5000 Uncommon trap: reason=unstable_if action=reinterpret pc=0x000002b3905f7298 method=com.esotericsoftware.kryo.io.Input.readString()Ljava/lang/String; @ 28 c2
Event: 19.818 Thread 0x000002b3a08b5000 DEOPT PACKING pc=0x000002b3905f7298 sp=0x000000fb3e0f87e0
Event: 19.818 Thread 0x000002b3a08b5000 DEOPT UNPACKING pc=0x000002b3888aa1af sp=0x000000fb3e0f87b8 mode 2
Event: 19.821 Thread 0x000002b3a08b5000 Uncommon trap: trap_request=0xffffff4d fr.pc=0x000002b390605da0 relative=0x00000000000001e0
Event: 19.821 Thread 0x000002b3a08b5000 Uncommon trap: reason=unstable_if action=reinterpret pc=0x000002b390605da0 method=com.esotericsoftware.kryo.io.Input.readVarInt(Z)I @ 42 c2
Event: 19.821 Thread 0x000002b3a08b5000 DEOPT PACKING pc=0x000002b390605da0 sp=0x000000fb3e0f8610
Event: 19.821 Thread 0x000002b3a08b5000 DEOPT UNPACKING pc=0x000002b3888aa1af sp=0x000000fb3e0f85b8 mode 2
Event: 19.824 Thread 0x000002b3a08b5000 Uncommon trap: trap_request=0xffffff4d fr.pc=0x000002b3905e2a74 relative=0x00000000000001b4
Event: 19.824 Thread 0x000002b3a08b5000 Uncommon trap: reason=unstable_if action=reinterpret pc=0x000002b3905e2a74 method=com.esotericsoftware.kryo.io.Input.require(I)I @ 65 c2
Event: 19.824 Thread 0x000002b3a08b5000 DEOPT PACKING pc=0x000002b3905e2a74 sp=0x000000fb3e0f8580
Event: 19.824 Thread 0x000002b3a08b5000 DEOPT UNPACKING pc=0x000002b3888aa1af sp=0x000000fb3e0f8530 mode 2
Event: 19.886 Thread 0x000002b3a08b5000 Uncommon trap: trap_request=0xffffff4d fr.pc=0x000002b3907a0320 relative=0x0000000000002800
Event: 19.886 Thread 0x000002b3a08b5000 Uncommon trap: reason=unstable_if action=reinterpret pc=0x000002b3907a0320 method=java.util.TreeMap.put(Ljava/lang/Object;Ljava/lang/Object;)Ljava/lang/Object; @ 163 c2
Event: 19.886 Thread 0x000002b3a08b5000 DEOPT PACKING pc=0x000002b3907a0320 sp=0x000000fb3e0fb810
Event: 19.886 Thread 0x000002b3a08b5000 DEOPT UNPACKING pc=0x000002b3888aa1af sp=0x000000fb3e0fb7e8 mode 2
Event: 19.894 Thread 0x000002b3a08b5000 Uncommon trap: trap_request=0xffffff4d fr.pc=0x000002b390421398 relative=0x0000000000000738
Event: 19.894 Thread 0x000002b3a08b5000 Uncommon trap: reason=unstable_if action=reinterpret pc=0x000002b390421398 method=java.lang.Integer.stringSize(I)I @ 3 c2
Event: 19.894 Thread 0x000002b3a08b5000 DEOPT PACKING pc=0x000002b390421398 sp=0x000000fb3e0fc6a0
Event: 19.894 Thread 0x000002b3a08b5000 DEOPT UNPACKING pc=0x000002b3888aa1af sp=0x000000fb3e0fc600 mode 2

Classes redefined (0 events):
No events

Internal exceptions (20 events):
Event: 19.522 Thread 0x000002b3a08b5000 Exception <a 'java/lang/ClassNotFoundException'{0x000000008bb39170}: org/gradle/api/internal/artifacts/configurations/DefaultConfigurationContainer_DecoratedBeanInfo> (0x000000008bb39170) thrown at [src/hotspot/share/classfile/systemDictionary.cpp, line 230]
Event: 19.522 Thread 0x000002b3a08b5000 Exception <a 'java/lang/ClassNotFoundException'{0x000000008bb6a020}: org/gradle/api/internal/artifacts/configurations/DefaultConfigurationContainerBeanInfo> (0x000000008bb6a020) thrown at [src/hotspot/share/classfile/systemDictionary.cpp, line 230]
Event: 19.523 Thread 0x000002b3a08b5000 Exception <a 'java/lang/ClassNotFoundException'{0x000000008bb87e48}: org/gradle/api/internal/AbstractValidatingNamedDomainObjectContainerBeanInfo> (0x000000008bb87e48) thrown at [src/hotspot/share/classfile/systemDictionary.cpp, line 230]
Event: 19.523 Thread 0x000002b3a08b5000 Exception <a 'java/lang/ClassNotFoundException'{0x000000008bba5c20}: org/gradle/api/internal/AbstractValidatingNamedDomainObjectContainerCustomizer> (0x000000008bba5c20) thrown at [src/hotspot/share/classfile/systemDictionary.cpp, line 230]
Event: 19.524 Thread 0x000002b3a08b5000 Exception <a 'java/lang/ClassNotFoundException'{0x000000008bbe19c8}: org/gradle/api/internal/artifacts/configurations/DefaultConfigurationContainerCustomizer> (0x000000008bbe19c8) thrown at [src/hotspot/share/classfile/systemDictionary.cpp, line 230]
Event: 19.525 Thread 0x000002b3a08b5000 Exception <a 'java/lang/ClassNotFoundException'{0x000000008ba293d0}: org/gradle/api/internal/artifacts/configurations/DefaultConfigurationContainer_DecoratedCustomizer> (0x000000008ba293d0) thrown at [src/hotspot/share/classfile/systemDictionary.cpp, line 230]
Event: 19.538 Thread 0x000002b3a08b5000 Exception <a 'java/lang/ClassNotFoundException'{0x000000008b8c0310}: org/gradle/api/internal/artifacts/configurations/DefaultConfiguration_DecoratedBeanInfo> (0x000000008b8c0310) thrown at [src/hotspot/share/classfile/systemDictionary.cpp, line 230]
Event: 19.539 Thread 0x000002b3a08b5000 Exception <a 'java/lang/ClassNotFoundException'{0x000000008b8eff88}: org/gradle/api/internal/artifacts/configurations/DefaultConfigurationBeanInfo> (0x000000008b8eff88) thrown at [src/hotspot/share/classfile/systemDictionary.cpp, line 230]
Event: 19.540 Thread 0x000002b3a08b5000 Exception <a 'java/lang/ClassNotFoundException'{0x000000008b70cbf8}: org/gradle/api/internal/file/AbstractFileCollectionBeanInfo> (0x000000008b70cbf8) thrown at [src/hotspot/share/classfile/systemDictionary.cpp, line 230]
Event: 19.540 Thread 0x000002b3a08b5000 Exception <a 'java/lang/ClassNotFoundException'{0x000000008b729380}: org/gradle/api/internal/file/AbstractFileCollectionCustomizer> (0x000000008b729380) thrown at [src/hotspot/share/classfile/systemDictionary.cpp, line 230]
Event: 19.542 Thread 0x000002b3a08b5000 Exception <a 'java/lang/ClassNotFoundException'{0x000000008b76b2b0}: org/gradle/api/internal/artifacts/configurations/DefaultConfigurationCustomizer> (0x000000008b76b2b0) thrown at [src/hotspot/share/classfile/systemDictionary.cpp, line 230]
Event: 19.546 Thread 0x000002b3a08b5000 Exception <a 'java/lang/ClassNotFoundException'{0x000000008b601438}: org/gradle/api/internal/artifacts/configurations/DefaultConfiguration_DecoratedCustomizer> (0x000000008b601438) thrown at [src/hotspot/share/classfile/systemDictionary.cpp, line 230]
Event: 19.562 Thread 0x000002b3a08b5000 Exception <a 'java/lang/ClassNotFoundException'{0x000000008b492fd8}: org/codehaus/groovy/runtime/MethodClosureBeanInfo> (0x000000008b492fd8) thrown at [src/hotspot/share/classfile/systemDictionary.cpp, line 230]
Event: 19.567 Thread 0x000002b3a08b5000 Exception <a 'java/lang/ClassNotFoundException'{0x000000008b270110}: org/codehaus/groovy/runtime/MethodClosureCustomizer> (0x000000008b270110) thrown at [src/hotspot/share/classfile/systemDictionary.cpp, line 230]
Event: 19.571 Thread 0x000002b3a08b5000 Exception <a 'java/lang/ClassNotFoundException'{0x000000008b2e36c0}: org/gradle/api/internal/artifacts/configurations/DefaultConfiguration$ConfigurationResolvableDependencies_DecoratedBeanInfo> (0x000000008b2e36c0) thrown at [src/hotspot/share/classfile/systemDictionary.cpp, line 230]
Event: 19.572 Thread 0x000002b3a08b5000 Exception <a 'java/lang/ClassNotFoundException'{0x000000008b11cab0}: org/gradle/api/internal/artifacts/configurations/DefaultConfiguration$ConfigurationResolvableDependenciesBeanInfo> (0x000000008b11cab0) thrown at [src/hotspot/share/classfile/systemDictionary.cpp, line 230]
Event: 19.572 Thread 0x000002b3a08b5000 Exception <a 'java/lang/ClassNotFoundException'{0x000000008b1573f8}: org/gradle/api/internal/artifacts/configurations/DefaultConfiguration$ConfigurationResolvableDependenciesCustomizer> (0x000000008b1573f8) thrown at [src/hotspot/share/classfile/systemDictionary.cpp, line 230]
Event: 19.573 Thread 0x000002b3a08b5000 Exception <a 'java/lang/ClassNotFoundException'{0x000000008b1a38a8}: org/gradle/api/internal/artifacts/configurations/DefaultConfiguration$ConfigurationResolvableDependencies_DecoratedCustomizer> (0x000000008b1a38a8) thrown at [src/hotspot/share/classfile/systemDictionary.cpp, line 230]
Event: 19.745 Thread 0x000002b3a08b5000 Exception <a 'java/lang/NoSuchMethodError'{0x000000008a6a33c0}: <clinit>> (0x000000008a6a33c0) thrown at [src/hotspot/share/prims/jni.cpp, line 1367]
Event: 19.782 Thread 0x000002b3a08b5000 Exception <a 'sun/nio/fs/WindowsException'{0x000000008a4ada48}> (0x000000008a4ada48) thrown at [src/hotspot/share/prims/jni.cpp, line 617]

Events (20 events):
Event: 19.990 loading class org/jetbrains/plugins/gradle/tooling/serialization/ExternalTestsSerializationService$WriteContext done
Event: 19.991 loading class org/jetbrains/plugins/gradle/tooling/serialization/ExternalTestsSerializationService$ReadContext
Event: 19.991 loading class org/jetbrains/plugins/gradle/tooling/serialization/ExternalTestsSerializationService$ReadContext done
Event: 19.991 loading class org/jetbrains/plugins/gradle/tooling/serialization/AnnotationProcessingModelSerializationService
Event: 19.991 loading class org/jetbrains/plugins/gradle/tooling/serialization/AnnotationProcessingModelSerializationService done
Event: 19.992 loading class org/jetbrains/plugins/gradle/tooling/serialization/AnnotationProcessingModelSerializationService$WriteContext
Event: 19.992 loading class org/jetbrains/plugins/gradle/tooling/serialization/AnnotationProcessingModelSerializationService$WriteContext done
Event: 19.992 loading class org/jetbrains/plugins/gradle/tooling/serialization/AnnotationProcessingModelSerializationService$ReadContext
Event: 19.992 loading class org/jetbrains/plugins/gradle/tooling/serialization/AnnotationProcessingModelSerializationService$ReadContext done
Event: 19.993 loading class org/jetbrains/plugins/gradle/tooling/serialization/ProjectDependenciesSerializationService
Event: 19.993 loading class org/jetbrains/plugins/gradle/tooling/serialization/ProjectDependenciesSerializationService done
Event: 19.993 loading class com/intellij/openapi/externalSystem/model/project/dependencies/ResolutionState
Event: 19.993 loading class com/intellij/openapi/externalSystem/model/project/dependencies/ResolutionState done
Event: 19.994 loading class org/jetbrains/plugins/gradle/tooling/serialization/ProjectDependenciesSerializationService$WriteContext
Event: 19.994 loading class org/jetbrains/plugins/gradle/tooling/serialization/ProjectDependenciesSerializationService$WriteContext done
Event: 19.994 loading class org/jetbrains/plugins/gradle/tooling/serialization/ProjectDependenciesSerializationService$ReadContext
Event: 19.994 loading class org/jetbrains/plugins/gradle/tooling/serialization/ProjectDependenciesSerializationService$ReadContext done
Event: 19.994 loading class org/jetbrains/plugins/gradle/tooling/serialization/KotlinDslScriptsModelSerializationService
Event: 19.994 loading class org/jetbrains/plugins/gradle/tooling/serialization/KotlinDslScriptsModelSerializationService done
Event: 20.000 Executing VM operation: G1CollectForAllocation


Dynamic libraries:
0x00007ff605dd0000 - 0x00007ff605dda000 	C:\Program Files\Android\Android Studio\jbr\bin\java.exe
0x00007ffe327f0000 - 0x00007ffe329e8000 	C:\WINDOWS\SYSTEM32\ntdll.dll
0x00007ffe31d30000 - 0x00007ffe31def000 	C:\WINDOWS\System32\KERNEL32.DLL
0x00007ffe30000000 - 0x00007ffe302da000 	C:\WINDOWS\System32\KERNELBASE.dll
0x00007ffe2ff00000 - 0x00007ffe30000000 	C:\WINDOWS\System32\ucrtbase.dll
0x00007ffe2a010000 - 0x00007ffe2a02b000 	C:\Program Files\Android\Android Studio\jbr\bin\VCRUNTIME140.dll
0x00007ffe28820000 - 0x00007ffe28837000 	C:\Program Files\Android\Android Studio\jbr\bin\jli.dll
0x00007ffe32600000 - 0x00007ffe3279d000 	C:\WINDOWS\System32\USER32.dll
0x00007ffe1e340000 - 0x00007ffe1e5da000 	C:\WINDOWS\WinSxS\amd64_microsoft.windows.common-controls_6595b64144ccf1df_6.0.19041.1110_none_60b5254171f9507e\COMCTL32.dll
0x00007ffe30780000 - 0x00007ffe307a2000 	C:\WINDOWS\System32\win32u.dll
0x00007ffe32240000 - 0x00007ffe322de000 	C:\WINDOWS\System32\msvcrt.dll
0x00007ffe31400000 - 0x00007ffe3142b000 	C:\WINDOWS\System32\GDI32.dll
0x00007ffe303c0000 - 0x00007ffe304d0000 	C:\WINDOWS\System32\gdi32full.dll
0x00007ffe307b0000 - 0x00007ffe3084d000 	C:\WINDOWS\System32\msvcp_win.dll
0x00007ffe30850000 - 0x00007ffe30880000 	C:\WINDOWS\System32\IMM32.DLL
0x00007ffe2cc60000 - 0x00007ffe2cc6c000 	C:\Program Files\Android\Android Studio\jbr\bin\vcruntime140_1.dll
0x00007ffe22ca0000 - 0x00007ffe22d2d000 	C:\Program Files\Android\Android Studio\jbr\bin\msvcp140.dll
0x00007ffdcc9a0000 - 0x00007ffdcd55c000 	C:\Program Files\Android\Android Studio\jbr\bin\server\jvm.dll
0x00007ffe31c80000 - 0x00007ffe31d2e000 	C:\WINDOWS\System32\ADVAPI32.dll
0x00007ffe310f0000 - 0x00007ffe3118c000 	C:\WINDOWS\System32\sechost.dll
0x00007ffe324d0000 - 0x00007ffe325f6000 	C:\WINDOWS\System32\RPCRT4.dll
0x00007ffe30880000 - 0x00007ffe30888000 	C:\WINDOWS\System32\PSAPI.DLL
0x00007ffe2ca20000 - 0x00007ffe2ca29000 	C:\WINDOWS\SYSTEM32\WSOCK32.dll
0x00007ffe321d0000 - 0x00007ffe3223b000 	C:\WINDOWS\System32\WS2_32.dll
0x00007ffe1d6c0000 - 0x00007ffe1d6e7000 	C:\WINDOWS\SYSTEM32\WINMM.dll
0x00007ffe209f0000 - 0x00007ffe209fa000 	C:\WINDOWS\SYSTEM32\VERSION.dll
0x00007ffe2e710000 - 0x00007ffe2e722000 	C:\WINDOWS\SYSTEM32\kernel.appcore.dll
0x00007ffe2b220000 - 0x00007ffe2b230000 	C:\Program Files\Android\Android Studio\jbr\bin\verify.dll
0x00007ffe1bf90000 - 0x00007ffe1c174000 	C:\WINDOWS\SYSTEM32\DBGHELP.DLL
0x00007ffe1bf50000 - 0x00007ffe1bf84000 	C:\WINDOWS\SYSTEM32\dbgcore.DLL
0x00007ffe302e0000 - 0x00007ffe30362000 	C:\WINDOWS\System32\bcryptPrimitives.dll
0x00007ffe23740000 - 0x00007ffe23768000 	C:\Program Files\Android\Android Studio\jbr\bin\java.dll
0x00007ffe2af80000 - 0x00007ffe2af8a000 	C:\Program Files\Android\Android Studio\jbr\bin\jimage.dll
0x00007ffe25080000 - 0x00007ffe25098000 	C:\Program Files\Android\Android Studio\jbr\bin\zip.dll
0x00007ffe314a0000 - 0x00007ffe31be4000 	C:\WINDOWS\System32\SHELL32.dll
0x00007ffe2deb0000 - 0x00007ffe2e643000 	C:\WINDOWS\SYSTEM32\windows.storage.dll
0x00007ffe31df0000 - 0x00007ffe32144000 	C:\WINDOWS\System32\combase.dll
0x00007ffe2f7a0000 - 0x00007ffe2f7ce000 	C:\WINDOWS\SYSTEM32\Wldp.dll
0x00007ffe308f0000 - 0x00007ffe3099d000 	C:\WINDOWS\System32\SHCORE.dll
0x00007ffe31190000 - 0x00007ffe311e5000 	C:\WINDOWS\System32\shlwapi.dll
0x00007ffe2fe40000 - 0x00007ffe2fe5f000 	C:\WINDOWS\SYSTEM32\profapi.dll
0x00007ffe24eb0000 - 0x00007ffe24ec9000 	C:\Program Files\Android\Android Studio\jbr\bin\net.dll
0x00007ffe221f0000 - 0x00007ffe222fa000 	C:\WINDOWS\SYSTEM32\WINHTTP.dll
0x00007ffe2f580000 - 0x00007ffe2f5ea000 	C:\WINDOWS\system32\mswsock.dll
0x00007ffe24950000 - 0x00007ffe24963000 	C:\Program Files\Android\Android Studio\jbr\bin\nio.dll
0x00007ffe10e30000 - 0x00007ffe10e57000 	C:\Users\shahzaib lptp\AndroidStudioProjects\loginsqlite\native\e1d6ef7f7dcc3fd88c89a11ec53ec762bb8ba0a96d01ffa2cd45eb1d1d8dd5c5\windows-amd64\native-platform.dll
0x00007ffe0faa0000 - 0x00007ffe0fbe4000 	C:\Users\shahzaib lptp\AndroidStudioProjects\loginsqlite\native\0d407fdbe67a94daf76414ababcb853783967236a71b16ec16e742cd7a986fd3\windows-amd64\native-platform-file-events.dll
0x00007ffe29fb0000 - 0x00007ffe29fba000 	C:\Program Files\Android\Android Studio\jbr\bin\management.dll
0x00007ffe28890000 - 0x00007ffe2889b000 	C:\Program Files\Android\Android Studio\jbr\bin\management_ext.dll
0x00007ffe2fb20000 - 0x00007ffe2fb38000 	C:\WINDOWS\SYSTEM32\CRYPTSP.dll
0x00007ffe2eec0000 - 0x00007ffe2eef4000 	C:\WINDOWS\system32\rsaenh.dll
0x00007ffe30750000 - 0x00007ffe30777000 	C:\WINDOWS\System32\bcrypt.dll
0x00007ffe2fe00000 - 0x00007ffe2fe2e000 	C:\WINDOWS\SYSTEM32\USERENV.dll
0x00007ffe2f710000 - 0x00007ffe2f71c000 	C:\WINDOWS\SYSTEM32\CRYPTBASE.dll
0x00007ffe2f290000 - 0x00007ffe2f2cc000 	C:\WINDOWS\SYSTEM32\IPHLPAPI.DLL
0x00007ffe327a0000 - 0x00007ffe327a8000 	C:\WINDOWS\System32\NSI.dll
0x00007ffe23110000 - 0x00007ffe23127000 	C:\WINDOWS\SYSTEM32\dhcpcsvc6.DLL
0x00007ffe230f0000 - 0x00007ffe2310d000 	C:\WINDOWS\SYSTEM32\dhcpcsvc.DLL
0x00007ffe2f2d0000 - 0x00007ffe2f39b000 	C:\WINDOWS\SYSTEM32\DNSAPI.dll

dbghelp: loaded successfully - version: 4.0.5 - missing functions: none
symbol engine: initialized successfully - sym options: 0x614 - pdb path: .;C:\Program Files\Android\Android Studio\jbr\bin;C:\WINDOWS\SYSTEM32;C:\WINDOWS\WinSxS\amd64_microsoft.windows.common-controls_6595b64144ccf1df_6.0.19041.1110_none_60b5254171f9507e;C:\Program Files\Android\Android Studio\jbr\bin\server;C:\Users\shahzaib lptp\AndroidStudioProjects\loginsqlite\native\e1d6ef7f7dcc3fd88c89a11ec53ec762bb8ba0a96d01ffa2cd45eb1d1d8dd5c5\windows-amd64;C:\Users\shahzaib lptp\AndroidStudioProjects\loginsqlite\native\0d407fdbe67a94daf76414ababcb853783967236a71b16ec16e742cd7a986fd3\windows-amd64

VM Arguments:
jvm_args: --add-opens=java.base/java.util=ALL-UNNAMED --add-opens=java.base/java.lang=ALL-UNNAMED --add-opens=java.base/java.lang.invoke=ALL-UNNAMED --add-opens=java.base/java.util=ALL-UNNAMED --add-opens=java.prefs/java.util.prefs=ALL-UNNAMED --add-opens=java.prefs/java.util.prefs=ALL-UNNAMED --add-opens=java.base/java.nio.charset=ALL-UNNAMED --add-opens=java.base/java.net=ALL-UNNAMED --add-opens=java.base/java.util.concurrent.atomic=ALL-UNNAMED -Xmx2048m -Dfile.encoding=UTF-8 -Duser.country=US -Duser.language=en -Duser.variant 
java_command: org.gradle.launcher.daemon.bootstrap.GradleDaemon 7.5
java_class_path (initial): C:\Users\shahzaib lptp\AndroidStudioProjects\loginsqlite\wrapper\dists\gradle-7.5-bin\f1w0cc9nuo0eivz97x2xlu9sv\gradle-7.5\lib\gradle-launcher-7.5.jar
Launcher Type: SUN_STANDARD

[Global flags]
     intx CICompilerCount                          = 3                                         {product} {ergonomic}
     uint ConcGCThreads                            = 1                                         {product} {ergonomic}
     uint G1ConcRefinementThreads                  = 4                                         {product} {ergonomic}
   size_t G1HeapRegionSize                         = 1048576                                   {product} {ergonomic}
    uintx GCDrainStackTargetSize                   = 64                                        {product} {ergonomic}
   size_t InitialHeapSize                          = 134217728                                 {product} {ergonomic}
   size_t MarkStackSize                            = 4194304                                   {product} {ergonomic}
   size_t MaxHeapSize                              = 2147483648                                {product} {command line}
   size_t MaxNewSize                               = 1287651328                                {product} {ergonomic}
   size_t MinHeapDeltaBytes                        = 1048576                                   {product} {ergonomic}
    uintx NonNMethodCodeHeapSize                   = 5830732                                {pd product} {ergonomic}
    uintx NonProfiledCodeHeapSize                  = 122913754                              {pd product} {ergonomic}
    uintx ProfiledCodeHeapSize                     = 122913754                              {pd product} {ergonomic}
    uintx ReservedCodeCacheSize                    = 251658240                              {pd product} {ergonomic}
     bool SegmentedCodeCache                       = true                                      {product} {ergonomic}
     bool UseCompressedClassPointers               = true                                 {lp64_product} {ergonomic}
     bool UseCompressedOops                        = true                                 {lp64_product} {ergonomic}
     bool UseG1GC                                  = true                                      {product} {ergonomic}
     bool UseLargePagesIndividualAllocation        = false                                  {pd product} {ergonomic}

Logging:
Log output configuration:
 #0: stdout all=warning uptime,level,tags
 #1: stderr all=off uptime,level,tags

Environment Variables:
PATH=C:\Program Files\Python310\Scripts\;C:\Program Files\Python310\;C:\Program Files\Common Files\Oracle\Java\javapath;C:\app\bin;C:\app\shahzaiblptp\product\11.2.0\dbhome_1\bin;C:\WINDOWS\system32;C:\WINDOWS;C:\WINDOWS\System32\Wbem;C:\WINDOWS\System32\WindowsPowerShell\v1.0\;c:\Program Files (x86)\Microsoft SQL Server\100\Tools\Binn\;c:\Program Files\Microsoft SQL Server\100\Tools\Binn\;c:\Program Files\Microsoft SQL Server\100\DTS\Binn\;C:\WINDOWS\System32\OpenSSH\;C:\ProgramData\chocolatey\bin;%JAVA_HOME%\bin;C:\Users\shahzaib lptp\AppData\Local\Microsoft\WindowsApps;C:\Program Files\JetBrains\IntelliJ IDEA Community Edition 2021.3\bin;;C:\Program Files\Python310\PyCharm Community Edition 2022.1\bin;;C:\Users\shahzaib lptp\AppData\Local\Programs\Microsoft VS Code\bin;C:\Program Files\flutter\bin;C:\src\flutter\bin;C:\Program Files\Android\Android Studio\bin;
USERNAME=shahzaib lptp
OS=Windows_NT
PROCESSOR_IDENTIFIER=Intel64 Family 6 Model 69 Stepping 1, GenuineIntel



---------------  S Y S T E M  ---------------

OS: Windows 10 , 64 bit Build 19041 (10.0.19041.2788)
OS uptime: 8 days 18:02 hours
Hyper-V role detected

CPU:total 4 (initial active 4) (2 cores per cpu, 2 threads per core) family 6 model 69 stepping 1 microcode 0x26, cmov, cx8, fxsr, mmx, sse, sse2, sse3, ssse3, sse4.1, sse4.2, popcnt, avx, avx2, aes, clmul, erms, lzcnt, ht, tsc, tscinvbit, bmi1, bmi2, fma

Memory: 4k page, system-wide physical 8073M (1755M free)
TotalPageFile size 10073M (AvailPageFile size 47M)
current process WorkingSet (physical memory assigned to process): 460M, peak: 462M
current process commit charge ("private bytes"): 489M, peak: 534M

vm_info: OpenJDK 64-Bit Server VM (11.0.15+0-b2043.56-9505619) for windows-amd64 JRE (11.0.15+0-b2043.56-9505619), built on Jan 19 2023 02:48:00 by "builduser" with unknown MS VC++:1929

END.
