#
# There is insufficient memory for the Java Runtime Environment to continue.
# Native memory allocation (malloc) failed to allocate 35328 bytes for Chunk::new
# Possible reasons:
#   The system is out of physical RAM or swap space
#   The process is running with CompressedOops enabled, and the Java Heap may be blocking the growth of the native heap
# Possible solutions:
#   Reduce memory load on the system
#   Increase physical memory or swap space
#   Check if swap backing store is full
#   Decrease Java heap size (-Xmx/-Xms)
#   Decrease number of Java threads
#   Decrease Java thread stack sizes (-Xss)
#   Set larger code cache with -XX:ReservedCodeCacheSize=
#   JVM is running with Unscaled Compressed Oops mode in which the Java heap is
#     placed in the first 4GB address space. The Java Heap base address is the
#     maximum limit for the native heap growth. Please use -XX:HeapBaseMinAddress
#     to set the Java Heap base and to place the Java Heap above 4GB virtual address.
# This output file may be truncated or incomplete.
#
#  Out of Memory Error (src/hotspot/share/memory/arena.cpp:197), pid=13180, tid=1172
#
# JRE version: OpenJDK Runtime Environment (11.0.15) (build 11.0.15+0-b2043.56-9505619)
# Java VM: OpenJDK 64-Bit Server VM (11.0.15+0-b2043.56-9505619, mixed mode, tiered, compressed oops, g1 gc, windows-amd64)
# No core dump will be written. Minidumps are not enabled by default on client versions of Windows
#

---------------  S U M M A R Y ------------

Command Line: --add-opens=java.base/java.util=ALL-UNNAMED --add-opens=java.base/java.lang=ALL-UNNAMED --add-opens=java.base/java.lang.invoke=ALL-UNNAMED --add-opens=java.base/java.util=ALL-UNNAMED --add-opens=java.prefs/java.util.prefs=ALL-UNNAMED --add-opens=java.prefs/java.util.prefs=ALL-UNNAMED --add-opens=java.base/java.nio.charset=ALL-UNNAMED --add-opens=java.base/java.net=ALL-UNNAMED --add-opens=java.base/java.util.concurrent.atomic=ALL-UNNAMED -Xmx2048m -Dfile.encoding=UTF-8 -Duser.country=US -Duser.language=en -Duser.variant org.gradle.launcher.daemon.bootstrap.GradleDaemon 7.5

Host: Intel(R) Core(TM) i5-4310U CPU @ 2.00GHz, 4 cores, 7G,  Windows 10 , 64 bit Build 19041 (10.0.19041.2913)
Time: Fri May 26 11:06:53 2023 Pakistan Standard Time elapsed time: 6.775452 seconds (0d 0h 0m 6s)

---------------  T H R E A D  ---------------

Current thread (0x000002bafe9a9000):  JavaThread "C2 CompilerThread0" daemon [_thread_in_native, id=1172, stack(0x000000d54fc00000,0x000000d54fd00000)]


Current CompileTask:
C2:   6775 2058   !   4       java.lang.ClassLoader::loadClass (122 bytes)

Stack: [0x000000d54fc00000,0x000000d54fd00000]
Native frames: (J=compiled Java code, j=interpreted, Vv=VM code, C=native code)
V  [jvm.dll+0x64135a]
V  [jvm.dll+0x7d39f9]
V  [jvm.dll+0x7d51b9]
V  [jvm.dll+0x7d58a3]
V  [jvm.dll+0x2691c5]
V  [jvm.dll+0xc1a5c]
V  [jvm.dll+0xc200c]
V  [jvm.dll+0x35edea]
V  [jvm.dll+0x751ab6]
V  [jvm.dll+0x548842]
V  [jvm.dll+0x5462f3]
V  [jvm.dll+0x546045]
V  [jvm.dll+0x545f30]
V  [jvm.dll+0x546068]
V  [jvm.dll+0x546068]
V  [jvm.dll+0x546068]
V  [jvm.dll+0x546068]
V  [jvm.dll+0x546068]
V  [jvm.dll+0x546068]
V  [jvm.dll+0x546068]
V  [jvm.dll+0x54d2a0]
V  [jvm.dll+0x22a011]
V  [jvm.dll+0x223809]
V  [jvm.dll+0x220384]
V  [jvm.dll+0x19e851]
V  [jvm.dll+0x230479]
V  [jvm.dll+0x22e5ef]
V  [jvm.dll+0x794de1]
V  [jvm.dll+0x78dc24]
V  [jvm.dll+0x6400f6]
C  [ucrtbase.dll+0x21bb2]
C  [KERNEL32.DLL+0x17614]
C  [ntdll.dll+0x526a1]


---------------  P R O C E S S  ---------------

Threads class SMR info:
_java_thread_list=0x000002ba92b97690, length=23, elements={
0x000002baf5d72800, 0x000002bafe986800, 0x000002bafe990000, 0x000002baff312800,
0x000002bafe9a5000, 0x000002bafe9a6000, 0x000002bafe9a9000, 0x000002bafe9ab000,
0x000002bafe9bd800, 0x000002baff44e800, 0x000002ba9282f800, 0x000002ba92b6c000,
0x000002ba92120800, 0x000002ba9236a000, 0x000002ba92213800, 0x000002ba9246a800,
0x000002ba9175e800, 0x000002ba91171800, 0x000002ba913bb800, 0x000002ba92b79800,
0x000002ba92b77000, 0x000002ba92b79000, 0x000002ba92b7a800
}

Java Threads: ( => current thread )
  0x000002baf5d72800 JavaThread "main" [_thread_blocked, id=6364, stack(0x000000d54f000000,0x000000d54f100000)]
  0x000002bafe986800 JavaThread "Reference Handler" daemon [_thread_blocked, id=3984, stack(0x000000d54f700000,0x000000d54f800000)]
  0x000002bafe990000 JavaThread "Finalizer" daemon [_thread_blocked, id=14820, stack(0x000000d54f800000,0x000000d54f900000)]
  0x000002baff312800 JavaThread "Signal Dispatcher" daemon [_thread_blocked, id=13708, stack(0x000000d54f900000,0x000000d54fa00000)]
  0x000002bafe9a5000 JavaThread "Attach Listener" daemon [_thread_blocked, id=15596, stack(0x000000d54fa00000,0x000000d54fb00000)]
  0x000002bafe9a6000 JavaThread "Service Thread" daemon [_thread_blocked, id=8884, stack(0x000000d54fb00000,0x000000d54fc00000)]
=>0x000002bafe9a9000 JavaThread "C2 CompilerThread0" daemon [_thread_in_native, id=1172, stack(0x000000d54fc00000,0x000000d54fd00000)]
  0x000002bafe9ab000 JavaThread "C1 CompilerThread0" daemon [_thread_in_native, id=4420, stack(0x000000d54fd00000,0x000000d54fe00000)]
  0x000002bafe9bd800 JavaThread "Sweeper thread" daemon [_thread_blocked, id=13428, stack(0x000000d54fe00000,0x000000d54ff00000)]
  0x000002baff44e800 JavaThread "Common-Cleaner" daemon [_thread_blocked, id=15372, stack(0x000000d54ff00000,0x000000d550000000)]
  0x000002ba9282f800 JavaThread "Daemon health stats" [_thread_blocked, id=6708, stack(0x000000d550400000,0x000000d550500000)]
  0x000002ba92b6c000 JavaThread "Incoming local TCP Connector on port 64636" [_thread_in_native, id=5300, stack(0x000000d550100000,0x000000d550200000)]
  0x000002ba92120800 JavaThread "Daemon periodic checks" [_thread_blocked, id=2124, stack(0x000000d550500000,0x000000d550600000)]
  0x000002ba9236a000 JavaThread "Daemon" [_thread_blocked, id=3372, stack(0x000000d550600000,0x000000d550700000)]
  0x000002ba92213800 JavaThread "Handler for socket connection from /127.0.0.1:64636 to /127.0.0.1:64637" [_thread_in_native, id=16176, stack(0x000000d550700000,0x000000d550800000)]
  0x000002ba9246a800 JavaThread "Cancel handler" [_thread_blocked, id=1216, stack(0x000000d550a00000,0x000000d550b00000)]
  0x000002ba9175e800 JavaThread "Daemon worker" [_thread_in_vm, id=6028, stack(0x000000d550b00000,0x000000d550c00000)]
  0x000002ba91171800 JavaThread "Asynchronous log dispatcher for DefaultDaemonConnection: socket connection from /127.0.0.1:64636 to /127.0.0.1:64637" [_thread_blocked, id=12204, stack(0x000000d550c00000,0x000000d550d00000)]
  0x000002ba913bb800 JavaThread "Stdin handler" [_thread_blocked, id=11468, stack(0x000000d550d00000,0x000000d550e00000)]
  0x000002ba92b79800 JavaThread "Daemon client event forwarder" [_thread_blocked, id=6908, stack(0x000000d550e00000,0x000000d550f00000)]
  0x000002ba92b77000 JavaThread "Cache worker for journal cache (C:\Users\shahzaib lptp\AndroidStudioProjects\loginsqlite\caches\journal-1)" [_thread_blocked, id=9096, stack(0x000000d550f00000,0x000000d551000000)]
  0x000002ba92b79000 JavaThread "File lock request listener" [_thread_in_native, id=7552, stack(0x000000d551000000,0x000000d551100000)]
  0x000002ba92b7a800 JavaThread "Cache worker for file hash cache (C:\Users\shahzaib lptp\AndroidStudioProjects\loginsqlite\caches\7.5\fileHashes)" [_thread_blocked, id=11568, stack(0x000000d551100000,0x000000d551200000)]

Other Threads:
  0x000002bafe984000 VMThread "VM Thread" [stack: 0x000000d54f600000,0x000000d54f700000] [id=11988]
  0x000002baff46d800 WatcherThread [stack: 0x000000d550000000,0x000000d550100000] [id=12376]
  0x000002baf5d8d800 GCTaskThread "GC Thread#0" [stack: 0x000000d54f100000,0x000000d54f200000] [id=6644]
  0x000002baffd36800 GCTaskThread "GC Thread#1" [stack: 0x000000d550200000,0x000000d550300000] [id=8124]
  0x000002baffd9c000 GCTaskThread "GC Thread#2" [stack: 0x000000d550300000,0x000000d550400000] [id=11124]
  0x000002ba911d6800 GCTaskThread "GC Thread#3" [stack: 0x000000d550800000,0x000000d550900000] [id=3380]
  0x000002baf5dbe800 ConcurrentGCThread "G1 Main Marker" [stack: 0x000000d54f200000,0x000000d54f300000] [id=14892]
  0x000002baf5dc0000 ConcurrentGCThread "G1 Conc#0" [stack: 0x000000d54f300000,0x000000d54f400000] [id=15056]
  0x000002baf5e40000 ConcurrentGCThread "G1 Refine#0" [stack: 0x000000d54f400000,0x000000d54f500000] [id=12788]
  0x000002baff899000 ConcurrentGCThread "G1 Refine#1" [stack: 0x000000d550900000,0x000000d550a00000] [id=8448]
  0x000002bafe7e0800 ConcurrentGCThread "G1 Young RemSet Sampling" [stack: 0x000000d54f500000,0x000000d54f600000] [id=14568]

Threads with active compile tasks:
C2 CompilerThread0     6845 2058   !   4       java.lang.ClassLoader::loadClass (122 bytes)
C1 CompilerThread0     6845 2077       3       jdk.internal.org.objectweb.asm.MethodWriter::getSize (838 bytes)

VM state:not at safepoint (normal execution)

VM Mutex/Monitor currently owned by a thread: None

Heap address: 0x0000000080000000, size: 2048 MB, Compressed Oops mode: 32-bit
Narrow klass base: 0x0000000000000000, Narrow klass shift: 3
Compressed class space size: 1073741824 Address: 0x0000000100000000

Heap:
 garbage-first heap   total 131072K, used 26809K [0x0000000080000000, 0x0000000100000000)
  region size 1024K, 12 young (12288K), 2 survivors (2048K)
 Metaspace       used 21687K, capacity 22209K, committed 22576K, reserved 1069056K
  class space    used 2657K, capacity 2849K, committed 2944K, reserved 1048576K
Heap Regions: E=young(eden), S=young(survivor), O=old, HS=humongous(starts), HC=humongous(continues), CS=collection set, F=free, A=archive, TAMS=top-at-mark-start (previous, next)
|   0|0x0000000080000000, 0x0000000080100000, 0x0000000080100000|100%|HS|  |TAMS 0x0000000080100000, 0x0000000080000000| Complete 
|   1|0x0000000080100000, 0x0000000080200000, 0x0000000080200000|100%|HC|  |TAMS 0x0000000080200000, 0x0000000080100000| Complete 
|   2|0x0000000080200000, 0x0000000080300000, 0x0000000080300000|100%|HC|  |TAMS 0x0000000080300000, 0x0000000080200000| Complete 
|   3|0x0000000080300000, 0x0000000080400000, 0x0000000080400000|100%| O|  |TAMS 0x0000000080400000, 0x0000000080300000| Untracked 
|   4|0x0000000080400000, 0x0000000080500000, 0x0000000080500000|100%| O|  |TAMS 0x0000000080500000, 0x0000000080400000| Untracked 
|   5|0x0000000080500000, 0x0000000080600000, 0x0000000080600000|100%| O|  |TAMS 0x0000000080600000, 0x0000000080500000| Untracked 
|   6|0x0000000080600000, 0x0000000080700000, 0x0000000080700000|100%| O|  |TAMS 0x0000000080700000, 0x0000000080600000| Untracked 
|   7|0x0000000080700000, 0x0000000080800000, 0x0000000080800000|100%| O|  |TAMS 0x0000000080800000, 0x0000000080700000| Untracked 
|   8|0x0000000080800000, 0x0000000080900000, 0x0000000080900000|100%| O|  |TAMS 0x0000000080900000, 0x0000000080800000| Untracked 
|   9|0x0000000080900000, 0x0000000080a00000, 0x0000000080a00000|100%| O|  |TAMS 0x0000000080a00000, 0x0000000080900000| Untracked 
|  10|0x0000000080a00000, 0x0000000080b00000, 0x0000000080b00000|100%| O|  |TAMS 0x0000000080b00000, 0x0000000080a00000| Untracked 
|  11|0x0000000080b00000, 0x0000000080c00000, 0x0000000080c00000|100%| O|  |TAMS 0x0000000080c00000, 0x0000000080b00000| Untracked 
|  12|0x0000000080c00000, 0x0000000080d00000, 0x0000000080d00000|100%| O|  |TAMS 0x0000000080d00000, 0x0000000080c00000| Untracked 
|  13|0x0000000080d00000, 0x0000000080e00000, 0x0000000080e00000|100%| O|  |TAMS 0x0000000080e00000, 0x0000000080d00000| Untracked 
|  14|0x0000000080e00000, 0x0000000080f00000, 0x0000000080f00000|100%| O|  |TAMS 0x0000000080f00000, 0x0000000080e00000| Untracked 
|  15|0x0000000080f00000, 0x0000000080fbc000, 0x0000000081000000| 73%| O|  |TAMS 0x0000000080fbc000, 0x0000000080f00000| Untracked 
|  16|0x0000000081000000, 0x0000000081000000, 0x0000000081100000|  0%| F|  |TAMS 0x0000000081000000, 0x0000000081000000| Untracked 
|  17|0x0000000081100000, 0x0000000081100000, 0x0000000081200000|  0%| F|  |TAMS 0x0000000081100000, 0x0000000081100000| Untracked 
|  18|0x0000000081200000, 0x0000000081200000, 0x0000000081300000|  0%| F|  |TAMS 0x0000000081200000, 0x0000000081200000| Untracked 
|  19|0x0000000081300000, 0x0000000081300000, 0x0000000081400000|  0%| F|  |TAMS 0x0000000081300000, 0x0000000081300000| Untracked 
|  20|0x0000000081400000, 0x0000000081400000, 0x0000000081500000|  0%| F|  |TAMS 0x0000000081400000, 0x0000000081400000| Untracked 
|  21|0x0000000081500000, 0x0000000081500000, 0x0000000081600000|  0%| F|  |TAMS 0x0000000081500000, 0x0000000081500000| Untracked 
|  22|0x0000000081600000, 0x0000000081600000, 0x0000000081700000|  0%| F|  |TAMS 0x0000000081600000, 0x0000000081600000| Untracked 
|  23|0x0000000081700000, 0x0000000081700000, 0x0000000081800000|  0%| F|  |TAMS 0x0000000081700000, 0x0000000081700000| Untracked 
|  24|0x0000000081800000, 0x0000000081800000, 0x0000000081900000|  0%| F|  |TAMS 0x0000000081800000, 0x0000000081800000| Untracked 
|  25|0x0000000081900000, 0x0000000081900000, 0x0000000081a00000|  0%| F|  |TAMS 0x0000000081900000, 0x0000000081900000| Untracked 
|  26|0x0000000081a00000, 0x0000000081a00000, 0x0000000081b00000|  0%| F|  |TAMS 0x0000000081a00000, 0x0000000081a00000| Untracked 
|  27|0x0000000081b00000, 0x0000000081b00000, 0x0000000081c00000|  0%| F|  |TAMS 0x0000000081b00000, 0x0000000081b00000| Untracked 
|  28|0x0000000081c00000, 0x0000000081c00000, 0x0000000081d00000|  0%| F|  |TAMS 0x0000000081c00000, 0x0000000081c00000| Untracked 
|  29|0x0000000081d00000, 0x0000000081d00000, 0x0000000081e00000|  0%| F|  |TAMS 0x0000000081d00000, 0x0000000081d00000| Untracked 
|  30|0x0000000081e00000, 0x0000000081e00000, 0x0000000081f00000|  0%| F|  |TAMS 0x0000000081e00000, 0x0000000081e00000| Untracked 
|  31|0x0000000081f00000, 0x0000000081f00000, 0x0000000082000000|  0%| F|  |TAMS 0x0000000081f00000, 0x0000000081f00000| Untracked 
|  32|0x0000000082000000, 0x0000000082000000, 0x0000000082100000|  0%| F|  |TAMS 0x0000000082000000, 0x0000000082000000| Untracked 
|  33|0x0000000082100000, 0x0000000082100000, 0x0000000082200000|  0%| F|  |TAMS 0x0000000082100000, 0x0000000082100000| Untracked 
|  34|0x0000000082200000, 0x0000000082200000, 0x0000000082300000|  0%| F|  |TAMS 0x0000000082200000, 0x0000000082200000| Untracked 
|  35|0x0000000082300000, 0x0000000082300000, 0x0000000082400000|  0%| F|  |TAMS 0x0000000082300000, 0x0000000082300000| Untracked 
|  36|0x0000000082400000, 0x0000000082400000, 0x0000000082500000|  0%| F|  |TAMS 0x0000000082400000, 0x0000000082400000| Untracked 
|  37|0x0000000082500000, 0x0000000082500000, 0x0000000082600000|  0%| F|  |TAMS 0x0000000082500000, 0x0000000082500000| Untracked 
|  38|0x0000000082600000, 0x0000000082600000, 0x0000000082700000|  0%| F|  |TAMS 0x0000000082600000, 0x0000000082600000| Untracked 
|  39|0x0000000082700000, 0x0000000082700000, 0x0000000082800000|  0%| F|  |TAMS 0x0000000082700000, 0x0000000082700000| Untracked 
|  40|0x0000000082800000, 0x0000000082800000, 0x0000000082900000|  0%| F|  |TAMS 0x0000000082800000, 0x0000000082800000| Untracked 
|  41|0x0000000082900000, 0x0000000082900000, 0x0000000082a00000|  0%| F|  |TAMS 0x0000000082900000, 0x0000000082900000| Untracked 
|  42|0x0000000082a00000, 0x0000000082a00000, 0x0000000082b00000|  0%| F|  |TAMS 0x0000000082a00000, 0x0000000082a00000| Untracked 
|  43|0x0000000082b00000, 0x0000000082b00000, 0x0000000082c00000|  0%| F|  |TAMS 0x0000000082b00000, 0x0000000082b00000| Untracked 
|  44|0x0000000082c00000, 0x0000000082c00000, 0x0000000082d00000|  0%| F|  |TAMS 0x0000000082c00000, 0x0000000082c00000| Untracked 
|  45|0x0000000082d00000, 0x0000000082d00000, 0x0000000082e00000|  0%| F|  |TAMS 0x0000000082d00000, 0x0000000082d00000| Untracked 
|  46|0x0000000082e00000, 0x0000000082e00000, 0x0000000082f00000|  0%| F|  |TAMS 0x0000000082e00000, 0x0000000082e00000| Untracked 
|  47|0x0000000082f00000, 0x0000000082f00000, 0x0000000083000000|  0%| F|  |TAMS 0x0000000082f00000, 0x0000000082f00000| Untracked 
|  48|0x0000000083000000, 0x0000000083000000, 0x0000000083100000|  0%| F|  |TAMS 0x0000000083000000, 0x0000000083000000| Untracked 
|  49|0x0000000083100000, 0x0000000083100000, 0x0000000083200000|  0%| F|  |TAMS 0x0000000083100000, 0x0000000083100000| Untracked 
|  50|0x0000000083200000, 0x0000000083200000, 0x0000000083300000|  0%| F|  |TAMS 0x0000000083200000, 0x0000000083200000| Untracked 
|  51|0x0000000083300000, 0x0000000083300000, 0x0000000083400000|  0%| F|  |TAMS 0x0000000083300000, 0x0000000083300000| Untracked 
|  52|0x0000000083400000, 0x0000000083400000, 0x0000000083500000|  0%| F|  |TAMS 0x0000000083400000, 0x0000000083400000| Untracked 
|  53|0x0000000083500000, 0x0000000083500000, 0x0000000083600000|  0%| F|  |TAMS 0x0000000083500000, 0x0000000083500000| Untracked 
|  54|0x0000000083600000, 0x0000000083600000, 0x0000000083700000|  0%| F|  |TAMS 0x0000000083600000, 0x0000000083600000| Untracked 
|  55|0x0000000083700000, 0x0000000083700000, 0x0000000083800000|  0%| F|  |TAMS 0x0000000083700000, 0x0000000083700000| Untracked 
|  56|0x0000000083800000, 0x0000000083800000, 0x0000000083900000|  0%| F|  |TAMS 0x0000000083800000, 0x0000000083800000| Untracked 
|  57|0x0000000083900000, 0x0000000083900000, 0x0000000083a00000|  0%| F|  |TAMS 0x0000000083900000, 0x0000000083900000| Untracked 
|  58|0x0000000083a00000, 0x0000000083a00000, 0x0000000083b00000|  0%| F|  |TAMS 0x0000000083a00000, 0x0000000083a00000| Untracked 
|  59|0x0000000083b00000, 0x0000000083b00000, 0x0000000083c00000|  0%| F|  |TAMS 0x0000000083b00000, 0x0000000083b00000| Untracked 
|  60|0x0000000083c00000, 0x0000000083c00000, 0x0000000083d00000|  0%| F|  |TAMS 0x0000000083c00000, 0x0000000083c00000| Untracked 
|  61|0x0000000083d00000, 0x0000000083d00000, 0x0000000083e00000|  0%| F|  |TAMS 0x0000000083d00000, 0x0000000083d00000| Untracked 
|  62|0x0000000083e00000, 0x0000000083e00000, 0x0000000083f00000|  0%| F|  |TAMS 0x0000000083e00000, 0x0000000083e00000| Untracked 
|  63|0x0000000083f00000, 0x0000000083f00000, 0x0000000084000000|  0%| F|  |TAMS 0x0000000083f00000, 0x0000000083f00000| Untracked 
|  64|0x0000000084000000, 0x0000000084000000, 0x0000000084100000|  0%| F|  |TAMS 0x0000000084000000, 0x0000000084000000| Untracked 
|  65|0x0000000084100000, 0x0000000084100000, 0x0000000084200000|  0%| F|  |TAMS 0x0000000084100000, 0x0000000084100000| Untracked 
|  66|0x0000000084200000, 0x0000000084200000, 0x0000000084300000|  0%| F|  |TAMS 0x0000000084200000, 0x0000000084200000| Untracked 
|  67|0x0000000084300000, 0x0000000084300000, 0x0000000084400000|  0%| F|  |TAMS 0x0000000084300000, 0x0000000084300000| Untracked 
|  68|0x0000000084400000, 0x0000000084400000, 0x0000000084500000|  0%| F|  |TAMS 0x0000000084400000, 0x0000000084400000| Untracked 
|  69|0x0000000084500000, 0x0000000084500000, 0x0000000084600000|  0%| F|  |TAMS 0x0000000084500000, 0x0000000084500000| Untracked 
|  70|0x0000000084600000, 0x0000000084600000, 0x0000000084700000|  0%| F|  |TAMS 0x0000000084600000, 0x0000000084600000| Untracked 
|  71|0x0000000084700000, 0x0000000084700000, 0x0000000084800000|  0%| F|  |TAMS 0x0000000084700000, 0x0000000084700000| Untracked 
|  72|0x0000000084800000, 0x0000000084800000, 0x0000000084900000|  0%| F|  |TAMS 0x0000000084800000, 0x0000000084800000| Untracked 
|  73|0x0000000084900000, 0x0000000084900000, 0x0000000084a00000|  0%| F|  |TAMS 0x0000000084900000, 0x0000000084900000| Untracked 
|  74|0x0000000084a00000, 0x0000000084a00000, 0x0000000084b00000|  0%| F|  |TAMS 0x0000000084a00000, 0x0000000084a00000| Untracked 
|  75|0x0000000084b00000, 0x0000000084b00000, 0x0000000084c00000|  0%| F|  |TAMS 0x0000000084b00000, 0x0000000084b00000| Untracked 
|  76|0x0000000084c00000, 0x0000000084c00000, 0x0000000084d00000|  0%| F|  |TAMS 0x0000000084c00000, 0x0000000084c00000| Untracked 
|  77|0x0000000084d00000, 0x0000000084d00000, 0x0000000084e00000|  0%| F|  |TAMS 0x0000000084d00000, 0x0000000084d00000| Untracked 
|  78|0x0000000084e00000, 0x0000000084e00000, 0x0000000084f00000|  0%| F|  |TAMS 0x0000000084e00000, 0x0000000084e00000| Untracked 
|  79|0x0000000084f00000, 0x0000000084f00000, 0x0000000085000000|  0%| F|  |TAMS 0x0000000084f00000, 0x0000000084f00000| Untracked 
|  80|0x0000000085000000, 0x0000000085000000, 0x0000000085100000|  0%| F|  |TAMS 0x0000000085000000, 0x0000000085000000| Untracked 
|  81|0x0000000085100000, 0x0000000085100000, 0x0000000085200000|  0%| F|  |TAMS 0x0000000085100000, 0x0000000085100000| Untracked 
|  82|0x0000000085200000, 0x0000000085200000, 0x0000000085300000|  0%| F|  |TAMS 0x0000000085200000, 0x0000000085200000| Untracked 
|  83|0x0000000085300000, 0x0000000085300000, 0x0000000085400000|  0%| F|  |TAMS 0x0000000085300000, 0x0000000085300000| Untracked 
|  84|0x0000000085400000, 0x0000000085400000, 0x0000000085500000|  0%| F|  |TAMS 0x0000000085400000, 0x0000000085400000| Untracked 
|  85|0x0000000085500000, 0x0000000085500000, 0x0000000085600000|  0%| F|  |TAMS 0x0000000085500000, 0x0000000085500000| Untracked 
|  86|0x0000000085600000, 0x0000000085600000, 0x0000000085700000|  0%| F|  |TAMS 0x0000000085600000, 0x0000000085600000| Untracked 
|  87|0x0000000085700000, 0x0000000085700000, 0x0000000085800000|  0%| F|  |TAMS 0x0000000085700000, 0x0000000085700000| Untracked 
|  88|0x0000000085800000, 0x0000000085800000, 0x0000000085900000|  0%| F|  |TAMS 0x0000000085800000, 0x0000000085800000| Untracked 
|  89|0x0000000085900000, 0x0000000085900000, 0x0000000085a00000|  0%| F|  |TAMS 0x0000000085900000, 0x0000000085900000| Untracked 
|  90|0x0000000085a00000, 0x0000000085a00000, 0x0000000085b00000|  0%| F|  |TAMS 0x0000000085a00000, 0x0000000085a00000| Untracked 
|  91|0x0000000085b00000, 0x0000000085b00000, 0x0000000085c00000|  0%| F|  |TAMS 0x0000000085b00000, 0x0000000085b00000| Untracked 
|  92|0x0000000085c00000, 0x0000000085c00000, 0x0000000085d00000|  0%| F|  |TAMS 0x0000000085c00000, 0x0000000085c00000| Untracked 
|  93|0x0000000085d00000, 0x0000000085d00000, 0x0000000085e00000|  0%| F|  |TAMS 0x0000000085d00000, 0x0000000085d00000| Untracked 
|  94|0x0000000085e00000, 0x0000000085e00000, 0x0000000085f00000|  0%| F|  |TAMS 0x0000000085e00000, 0x0000000085e00000| Untracked 
|  95|0x0000000085f00000, 0x0000000085f00000, 0x0000000086000000|  0%| F|  |TAMS 0x0000000085f00000, 0x0000000085f00000| Untracked 
|  96|0x0000000086000000, 0x0000000086000000, 0x0000000086100000|  0%| F|  |TAMS 0x0000000086000000, 0x0000000086000000| Untracked 
|  97|0x0000000086100000, 0x0000000086100000, 0x0000000086200000|  0%| F|  |TAMS 0x0000000086100000, 0x0000000086100000| Untracked 
|  98|0x0000000086200000, 0x0000000086200000, 0x0000000086300000|  0%| F|  |TAMS 0x0000000086200000, 0x0000000086200000| Untracked 
|  99|0x0000000086300000, 0x0000000086372610, 0x0000000086400000| 44%| S|CS|TAMS 0x0000000086300000, 0x0000000086300000| Complete 
| 100|0x0000000086400000, 0x0000000086500000, 0x0000000086500000|100%| S|CS|TAMS 0x0000000086400000, 0x0000000086400000| Complete 
| 101|0x0000000086500000, 0x0000000086500000, 0x0000000086600000|  0%| F|  |TAMS 0x0000000086500000, 0x0000000086500000| Untracked 
| 102|0x0000000086600000, 0x0000000086600000, 0x0000000086700000|  0%| F|  |TAMS 0x0000000086600000, 0x0000000086600000| Untracked 
| 103|0x0000000086700000, 0x0000000086700000, 0x0000000086800000|  0%| F|  |TAMS 0x0000000086700000, 0x0000000086700000| Untracked 
| 104|0x0000000086800000, 0x0000000086800000, 0x0000000086900000|  0%| F|  |TAMS 0x0000000086800000, 0x0000000086800000| Untracked 
| 105|0x0000000086900000, 0x0000000086900000, 0x0000000086a00000|  0%| F|  |TAMS 0x0000000086900000, 0x0000000086900000| Untracked 
| 106|0x0000000086a00000, 0x0000000086a00000, 0x0000000086b00000|  0%| F|  |TAMS 0x0000000086a00000, 0x0000000086a00000| Untracked 
| 107|0x0000000086b00000, 0x0000000086b00000, 0x0000000086c00000|  0%| F|  |TAMS 0x0000000086b00000, 0x0000000086b00000| Untracked 
| 108|0x0000000086c00000, 0x0000000086c00000, 0x0000000086d00000|  0%| F|  |TAMS 0x0000000086c00000, 0x0000000086c00000| Untracked 
| 109|0x0000000086d00000, 0x0000000086d00000, 0x0000000086e00000|  0%| F|  |TAMS 0x0000000086d00000, 0x0000000086d00000| Untracked 
| 110|0x0000000086e00000, 0x0000000086e00000, 0x0000000086f00000|  0%| F|  |TAMS 0x0000000086e00000, 0x0000000086e00000| Untracked 
| 111|0x0000000086f00000, 0x0000000086f00000, 0x0000000087000000|  0%| F|  |TAMS 0x0000000086f00000, 0x0000000086f00000| Untracked 
| 112|0x0000000087000000, 0x0000000087000000, 0x0000000087100000|  0%| F|  |TAMS 0x0000000087000000, 0x0000000087000000| Untracked 
| 113|0x0000000087100000, 0x0000000087100000, 0x0000000087200000|  0%| F|  |TAMS 0x0000000087100000, 0x0000000087100000| Untracked 
| 114|0x0000000087200000, 0x0000000087200000, 0x0000000087300000|  0%| F|  |TAMS 0x0000000087200000, 0x0000000087200000| Untracked 
| 115|0x0000000087300000, 0x0000000087300000, 0x0000000087400000|  0%| F|  |TAMS 0x0000000087300000, 0x0000000087300000| Untracked 
| 116|0x0000000087400000, 0x0000000087400000, 0x0000000087500000|  0%| F|  |TAMS 0x0000000087400000, 0x0000000087400000| Untracked 
| 117|0x0000000087500000, 0x0000000087500000, 0x0000000087600000|  0%| F|  |TAMS 0x0000000087500000, 0x0000000087500000| Untracked 
| 118|0x0000000087600000, 0x00000000876f3f20, 0x0000000087700000| 95%| E|  |TAMS 0x0000000087600000, 0x0000000087600000| Complete 
| 119|0x0000000087700000, 0x0000000087800000, 0x0000000087800000|100%| E|CS|TAMS 0x0000000087700000, 0x0000000087700000| Complete 
| 120|0x0000000087800000, 0x0000000087900000, 0x0000000087900000|100%| E|CS|TAMS 0x0000000087800000, 0x0000000087800000| Complete 
| 121|0x0000000087900000, 0x0000000087a00000, 0x0000000087a00000|100%| E|CS|TAMS 0x0000000087900000, 0x0000000087900000| Complete 
| 122|0x0000000087a00000, 0x0000000087b00000, 0x0000000087b00000|100%| E|CS|TAMS 0x0000000087a00000, 0x0000000087a00000| Complete 
| 123|0x0000000087b00000, 0x0000000087c00000, 0x0000000087c00000|100%| E|CS|TAMS 0x0000000087b00000, 0x0000000087b00000| Complete 
| 124|0x0000000087c00000, 0x0000000087d00000, 0x0000000087d00000|100%| E|CS|TAMS 0x0000000087c00000, 0x0000000087c00000| Complete 
| 125|0x0000000087d00000, 0x0000000087e00000, 0x0000000087e00000|100%| E|CS|TAMS 0x0000000087d00000, 0x0000000087d00000| Complete 
| 126|0x0000000087e00000, 0x0000000087f00000, 0x0000000087f00000|100%| E|CS|TAMS 0x0000000087e00000, 0x0000000087e00000| Complete 
| 127|0x0000000087f00000, 0x0000000088000000, 0x0000000088000000|100%| E|CS|TAMS 0x0000000087f00000, 0x0000000087f00000| Complete 

Card table byte_map: [0x000002baf9ca0000,0x000002bafa0a0000] _byte_map_base: 0x000002baf98a0000

Marking Bits (Prev, Next): (CMBitMap*) 0x000002baf5db5ca0, (CMBitMap*) 0x000002baf5db5c68
 Prev Bits: [0x000002bafc4a0000, 0x000002bafe4a0000)
 Next Bits: [0x000002bafa4a0000, 0x000002bafc4a0000)

Polling page: 0x000002baf3cd0000

Metaspace:

Usage:
  Non-class:     18.97 MB capacity,    18.61 MB ( 98%) used,   325.38 KB (  2%) free+waste,    38.75 KB ( <1%) overhead. 
      Class:      2.78 MB capacity,     2.60 MB ( 93%) used,   167.91 KB (  6%) free+waste,    19.12 KB ( <1%) overhead. 
       Both:     21.75 MB capacity,    21.21 MB ( 98%) used,   493.29 KB (  2%) free+waste,    57.88 KB ( <1%) overhead. 

Virtual space:
  Non-class space:       20.00 MB reserved,      19.17 MB ( 96%) committed 
      Class space:        1.00 GB reserved,       2.88 MB ( <1%) committed 
             Both:        1.02 GB reserved,      22.05 MB (  2%) committed 

Chunk freelists:
   Non-Class:  32.00 KB
       Class:  0 bytes
        Both:  32.00 KB

MaxMetaspaceSize: 17179869184.00 GB
CompressedClassSpaceSize: 1.00 GB
Initial GC threshold: 20.80 MB
Current GC threshold: 35.08 MB
CDS: off

CodeHeap 'non-profiled nmethods': size=120064Kb used=1143Kb max_used=1143Kb free=118920Kb
 bounds [0x000002ba87ac0000, 0x000002ba87d30000, 0x000002ba8f000000]
CodeHeap 'profiled nmethods': size=120000Kb used=4392Kb max_used=4392Kb free=115607Kb
 bounds [0x000002ba80590000, 0x000002ba809e0000, 0x000002ba87ac0000]
CodeHeap 'non-nmethods': size=5696Kb used=1211Kb max_used=1219Kb free=4484Kb
 bounds [0x000002ba80000000, 0x000002ba80270000, 0x000002ba80590000]
 total_blobs=2549 nmethods=2065 adapters=396
 compilation: enabled
              stopped_count=0, restarted_count=0
 full_count=0

Compilation events (20 events):
Event: 6.677 Thread 0x000002bafe9ab000 2055       3       java.util.regex.Pattern$BmpCharPropertyGreedy::match (89 bytes)
Event: 6.678 Thread 0x000002bafe9ab000 nmethod 2055 0x000002ba809cef90 code [0x000002ba809cf1a0, 0x000002ba809cf7c8]
Event: 6.678 Thread 0x000002bafe9ab000 2053       3       org.gradle.internal.service.DefaultServiceRegistry::assertValidServiceType (51 bytes)
Event: 6.678 Thread 0x000002bafe9ab000 nmethod 2053 0x000002ba809cfa10 code [0x000002ba809cfc40, 0x000002ba809d0188]
Event: 6.678 Thread 0x000002bafe9ab000 2052       3       java.lang.invoke.VarHandleObjects$FieldInstanceReadWrite::set (30 bytes)
Event: 6.679 Thread 0x000002bafe9ab000 nmethod 2052 0x000002ba809d0390 code [0x000002ba809d05c0, 0x000002ba809d0cc8]
Event: 6.679 Thread 0x000002bafe9ab000 2057       3       java.lang.String::subSequence (7 bytes)
Event: 6.679 Thread 0x000002bafe9ab000 nmethod 2057 0x000002ba809d0f90 code [0x000002ba809d1140, 0x000002ba809d1268]
Event: 6.679 Thread 0x000002bafe9ab000 2059       3       java.util.concurrent.locks.ReentrantLock$Sync::tryRelease (45 bytes)
Event: 6.680 Thread 0x000002bafe9ab000 nmethod 2059 0x000002ba809d1310 code [0x000002ba809d14e0, 0x000002ba809d17c8]
Event: 6.707 Thread 0x000002bafe9ab000 2060       3       java.util.concurrent.locks.ReentrantLock$NonfairSync::tryAcquire (6 bytes)
Event: 6.707 Thread 0x000002bafe9ab000 nmethod 2060 0x000002ba809d1890 code [0x000002ba809d1a40, 0x000002ba809d1b68]
Event: 6.707 Thread 0x000002bafe9ab000 2061       3       java.util.concurrent.locks.AbstractQueuedSynchronizer::compareAndSetState (10 bytes)
Event: 6.708 Thread 0x000002bafe9ab000 nmethod 2061 0x000002ba809d1c10 code [0x000002ba809d1e20, 0x000002ba809d23f8]
Event: 6.715 Thread 0x000002bafe9ab000 2062   !   3       org.gradle.internal.service.DefaultServiceRegistry$ManagedObjectServiceProvider::getInstance (47 bytes)
Event: 6.716 Thread 0x000002bafe9ab000 nmethod 2062 0x000002ba809d2610 code [0x000002ba809d2800, 0x000002ba809d2d98]
Event: 6.722 Thread 0x000002bafe9ab000 2063       3       java.lang.Package::<init> (47 bytes)
Event: 6.723 Thread 0x000002bafe9ab000 nmethod 2063 0x000002ba809d2f90 code [0x000002ba809d3180, 0x000002ba809d35c8]
Event: 6.761 Thread 0x000002bafe9ab000 2064       3       java.lang.invoke.Invokers$Holder::linkToTargetMethod (10 bytes)
Event: 6.762 Thread 0x000002bafe9ab000 nmethod 2064 0x000002ba809d3810 code [0x000002ba809d39e0, 0x000002ba809d3df8]

GC Heap History (8 events):
Event: 1.266 GC heap before
{Heap before GC invocations=0 (full 0):
 garbage-first heap   total 131072K, used 16384K [0x0000000080000000, 0x0000000100000000)
  region size 1024K, 14 young (14336K), 0 survivors (0K)
 Metaspace       used 6745K, capacity 6929K, committed 7168K, reserved 1056768K
  class space    used 575K, capacity 650K, committed 768K, reserved 1048576K
}
Event: 1.271 GC heap after
{Heap after GC invocations=1 (full 0):
 garbage-first heap   total 131072K, used 3314K [0x0000000080000000, 0x0000000100000000)
  region size 1024K, 2 young (2048K), 2 survivors (2048K)
 Metaspace       used 6745K, capacity 6929K, committed 7168K, reserved 1056768K
  class space    used 575K, capacity 650K, committed 768K, reserved 1048576K
}
Event: 5.141 GC heap before
{Heap before GC invocations=1 (full 0):
 garbage-first heap   total 131072K, used 82162K [0x0000000080000000, 0x0000000100000000)
  region size 1024K, 76 young (77824K), 2 survivors (2048K)
 Metaspace       used 16633K, capacity 16976K, committed 17152K, reserved 1064960K
  class space    used 1875K, capacity 2002K, committed 2048K, reserved 1048576K
}
Event: 5.153 GC heap after
{Heap after GC invocations=2 (full 0):
 garbage-first heap   total 131072K, used 15864K [0x0000000080000000, 0x0000000100000000)
  region size 1024K, 10 young (10240K), 10 survivors (10240K)
 Metaspace       used 16633K, capacity 16976K, committed 17152K, reserved 1064960K
  class space    used 1875K, capacity 2002K, committed 2048K, reserved 1048576K
}
Event: 5.376 GC heap before
{Heap before GC invocations=2 (full 0):
 garbage-first heap   total 131072K, used 22008K [0x0000000080000000, 0x0000000100000000)
  region size 1024K, 16 young (16384K), 10 survivors (10240K)
 Metaspace       used 17884K, capacity 18280K, committed 18432K, reserved 1064960K
  class space    used 2052K, capacity 2194K, committed 2304K, reserved 1048576K
}
Event: 5.391 GC heap after
{Heap after GC invocations=3 (full 0):
 garbage-first heap   total 131072K, used 16971K [0x0000000080000000, 0x0000000100000000)
  region size 1024K, 1 young (1024K), 1 survivors (1024K)
 Metaspace       used 17884K, capacity 18280K, committed 18432K, reserved 1064960K
  class space    used 2052K, capacity 2194K, committed 2304K, reserved 1048576K
}
Event: 6.486 GC heap before
{Heap before GC invocations=3 (full 0):
 garbage-first heap   total 131072K, used 42571K [0x0000000080000000, 0x0000000100000000)
  region size 1024K, 27 young (27648K), 1 survivors (1024K)
 Metaspace       used 20780K, capacity 21190K, committed 21296K, reserved 1069056K
  class space    used 2493K, capacity 2633K, committed 2688K, reserved 1048576K
}
Event: 6.491 GC heap after
{Heap after GC invocations=4 (full 0):
 garbage-first heap   total 131072K, used 17593K [0x0000000080000000, 0x0000000100000000)
  region size 1024K, 2 young (2048K), 2 survivors (2048K)
 Metaspace       used 20780K, capacity 21190K, committed 21296K, reserved 1069056K
  class space    used 2493K, capacity 2633K, committed 2688K, reserved 1048576K
}

Deoptimization events (20 events):
Event: 6.358 Thread 0x000002ba9175e800 Uncommon trap: trap_request=0xffffffc6 fr.pc=0x000002ba87b577a4 relative=0x0000000000000084
Event: 6.358 Thread 0x000002ba9175e800 Uncommon trap: reason=bimorphic_or_optimized_type_check action=maybe_recompile pc=0x000002ba87b577a4 method=java.util.AbstractList$Itr.hasNext()Z @ 8 c2
Event: 6.358 Thread 0x000002ba9175e800 DEOPT PACKING pc=0x000002ba87b577a4 sp=0x000000d550bfbf10
Event: 6.358 Thread 0x000002ba9175e800 DEOPT UNPACKING pc=0x000002ba8004a1af sp=0x000000d550bfbea8 mode 2
Event: 6.358 Thread 0x000002ba9175e800 Uncommon trap: trap_request=0xffffffc6 fr.pc=0x000002ba87b57b54 relative=0x0000000000000114
Event: 6.358 Thread 0x000002ba9175e800 Uncommon trap: reason=bimorphic_or_optimized_type_check action=maybe_recompile pc=0x000002ba87b57b54 method=java.util.AbstractList$Itr.next()Ljava/lang/Object; @ 14 c2
Event: 6.358 Thread 0x000002ba9175e800 DEOPT PACKING pc=0x000002ba87b57b54 sp=0x000000d550bfbf00
Event: 6.358 Thread 0x000002ba9175e800 DEOPT UNPACKING pc=0x000002ba8004a1af sp=0x000000d550bfbe98 mode 2
Event: 6.359 Thread 0x000002ba9175e800 Uncommon trap: trap_request=0xffffff4d fr.pc=0x000002ba87b5255c relative=0x000000000000051c
Event: 6.359 Thread 0x000002ba9175e800 Uncommon trap: reason=unstable_if action=reinterpret pc=0x000002ba87b5255c method=java.io.File.getName()Ljava/lang/String; @ 16 c2
Event: 6.359 Thread 0x000002ba9175e800 DEOPT PACKING pc=0x000002ba87b5255c sp=0x000000d550bfca10
Event: 6.359 Thread 0x000002ba9175e800 DEOPT UNPACKING pc=0x000002ba8004a1af sp=0x000000d550bfc9e0 mode 2
Event: 6.359 Thread 0x000002ba9175e800 Uncommon trap: trap_request=0xffffff4d fr.pc=0x000002ba87b52f34 relative=0x0000000000000474
Event: 6.359 Thread 0x000002ba9175e800 Uncommon trap: reason=unstable_if action=reinterpret pc=0x000002ba87b52f34 method=java.lang.String.substring(I)Ljava/lang/String; @ 34 c2
Event: 6.359 Thread 0x000002ba9175e800 DEOPT PACKING pc=0x000002ba87b52f34 sp=0x000000d550bfc990
Event: 6.359 Thread 0x000002ba9175e800 DEOPT UNPACKING pc=0x000002ba8004a1af sp=0x000000d550bfc968 mode 2
Event: 6.451 Thread 0x000002ba9175e800 Uncommon trap: trap_request=0xffffff4d fr.pc=0x000002ba87bb2f4c relative=0x000000000000010c
Event: 6.451 Thread 0x000002ba9175e800 Uncommon trap: reason=unstable_if action=reinterpret pc=0x000002ba87bb2f4c method=java.lang.ThreadLocal$ThreadLocalMap.getEntry(Ljava/lang/ThreadLocal;)Ljava/lang/ThreadLocal$ThreadLocalMap$Entry; @ 29 c2
Event: 6.451 Thread 0x000002ba9175e800 DEOPT PACKING pc=0x000002ba87bb2f4c sp=0x000000d550bfd9d0
Event: 6.451 Thread 0x000002ba9175e800 DEOPT UNPACKING pc=0x000002ba8004a1af sp=0x000000d550bfd910 mode 2

Classes redefined (0 events):
No events

Internal exceptions (20 events):
Event: 3.260 Thread 0x000002baf5d72800 Exception <a 'java/security/PrivilegedActionException'{0x000000008519e968}> (0x000000008519e968) thrown at [src/hotspot/share/prims/jvm.cpp, line 1306]
Event: 3.261 Thread 0x000002baf5d72800 Exception <a 'java/security/PrivilegedActionException'{0x000000008519eee0}> (0x000000008519eee0) thrown at [src/hotspot/share/prims/jvm.cpp, line 1306]
Event: 3.764 Thread 0x000002baf5d72800 Exception <a 'java/lang/NoSuchMethodError'{0x0000000083f52388}: 'java.lang.Object java.lang.invoke.DirectMethodHandle$Holder.invokeStaticInit(java.lang.Object, java.lang.Object, java.lang.Object)'> (0x0000000083f52388) thrown at [src/hotspot/share/interpreter/linkResolver.cpp, line 773]
Event: 4.066 Thread 0x000002baf5d72800 Exception <a 'java/lang/NoSuchMethodError'{0x00000000839f35f8}: 'java.lang.Object java.lang.invoke.DirectMethodHandle$Holder.invokeStaticInit(java.lang.Object, int, int, int, int)'> (0x00000000839f35f8) thrown at [src/hotspot/share/interpreter/linkResolver.cpp, line 773]
Event: 4.467 Thread 0x000002baf5d72800 Exception <a 'java/lang/NoSuchMethodError'{0x00000000838befd8}: 'java.lang.Object java.lang.invoke.DirectMethodHandle$Holder.invokeStaticInit(java.lang.Object, java.lang.Object, int, int, int, int)'> (0x00000000838befd8) thrown at [src/hotspot/share/interpreter/linkResolver.cpp, line 773]
Event: 5.093 Thread 0x000002baf5d72800 Exception <a 'java/io/IOException'{0x0000000083524490}> (0x0000000083524490) thrown at [src/hotspot/share/prims/jni.cpp, line 617]
Event: 5.198 Thread 0x000002ba92213800 Exception <a 'java/lang/NoSuchMethodError'{0x0000000087e08fa0}: <clinit>> (0x0000000087e08fa0) thrown at [src/hotspot/share/prims/jni.cpp, line 1367]
Event: 5.204 Thread 0x000002ba92213800 Exception <a 'java/lang/NoSuchMethodError'{0x0000000087e20ef0}: <clinit>> (0x0000000087e20ef0) thrown at [src/hotspot/share/prims/jni.cpp, line 1367]
Event: 5.205 Thread 0x000002ba92213800 Exception <a 'java/lang/NoSuchMethodError'{0x0000000087e2a8b8}: <clinit>> (0x0000000087e2a8b8) thrown at [src/hotspot/share/prims/jni.cpp, line 1367]
Event: 5.209 Thread 0x000002ba92213800 Exception <a 'java/lang/NoSuchMethodError'{0x0000000087e3fda0}: <clinit>> (0x0000000087e3fda0) thrown at [src/hotspot/share/prims/jni.cpp, line 1367]
Event: 5.342 Thread 0x000002ba9175e800 Exception <a 'java/lang/NoSuchMethodError'{0x0000000087a43078}: 'long java.lang.invoke.DirectMethodHandle$Holder.invokeInterface(java.lang.Object, java.lang.Object)'> (0x0000000087a43078) thrown at [src/hotspot/share/interpreter/linkResolver.cpp, line 773]
Event: 5.352 Thread 0x000002ba9175e800 Exception <a 'java/lang/NoSuchMethodError'{0x0000000087a50438}: 'void java.lang.invoke.DelegatingMethodHandle$Holder.reinvoke_L(java.lang.Object, java.lang.Object, java.lang.Object, java.lang.Object, java.lang.Object, java.lang.Object, java.lang.Object)'> (0x0000000087a50438) thrown at [src/hotspot/share/interpreter/linkResolver.cpp, line 773]
Event: 6.073 Thread 0x000002ba9175e800 Exception <a 'java/lang/NoSuchMethodError'{0x0000000087791258}: 'void java.lang.invoke.DirectMethodHandle$Holder.invokeStaticInit(java.lang.Object)'> (0x0000000087791258) thrown at [src/hotspot/share/interpreter/linkResolver.cpp, line 773]
Event: 6.098 Thread 0x000002ba9175e800 Exception <a 'java/lang/NoSuchMethodError'{0x000000008764fb10}: 'java.lang.Object java.lang.invoke.DirectMethodHandle$Holder.invokeStatic(java.lang.Object, java.lang.Object, java.lang.Object, int)'> (0x000000008764fb10) thrown at [src/hotspot/share/interpreter/linkResolver.cpp, line 773]
Event: 6.099 Thread 0x000002ba9175e800 Exception <a 'java/lang/NoSuchMethodError'{0x0000000087653cd8}: 'java.lang.Object java.lang.invoke.DirectMethodHandle$Holder.invokeSpecial(java.lang.Object, java.lang.Object, java.lang.Object, java.lang.Object, int)'> (0x0000000087653cd8) thrown at [src/hotspot/share/interpreter/linkResolver.cpp, line 773]
Event: 6.099 Thread 0x000002ba9175e800 Exception <a 'java/lang/NoSuchMethodError'{0x00000000876576c0}: 'java.lang.Object java.lang.invoke.Invokers$Holder.linkToTargetMethod(java.lang.Object, java.lang.Object, int, java.lang.Object)'> (0x00000000876576c0) thrown at [src/hotspot/share/interpreter/linkResolver.cpp, line 773]
Event: 6.392 Thread 0x000002ba9175e800 Exception <a 'java/lang/NoSuchMethodError'{0x0000000086d56a00}: 'java.lang.Object java.lang.invoke.Invokers$Holder.linkToTargetMethod(java.lang.Object, java.lang.Object, java.lang.Object, java.lang.Object, java.lang.Object, java.lang.Object)'> (0x0000000086d56a00) thrown at [src/hotspot/share/interpreter/linkResolver.cpp, line 773]
Event: 6.759 Thread 0x000002ba9175e800 Exception <a 'java/lang/NoSuchMethodError'{0x00000000879f3128}: 'int java.lang.invoke.DirectMethodHandle$Holder.invokeSpecialIFC(java.lang.Object, java.lang.Object, java.lang.Object, java.lang.Object)'> (0x00000000879f3128) thrown at [src/hotspot/share/interpreter/linkResolver.cpp, line 773]
Event: 6.763 Thread 0x000002ba9175e800 Exception <a 'java/lang/NoSuchMethodError'{0x00000000878017a8}: 'java.lang.Object java.lang.invoke.DirectMethodHandle$Holder.invokeInterface(java.lang.Object, java.lang.Object, java.lang.Object)'> (0x00000000878017a8) thrown at [src/hotspot/share/interpreter/linkResolver.cpp, line 773]
Event: 6.764 Thread 0x000002ba9175e800 Exception <a 'java/lang/IncompatibleClassChangeError'{0x0000000087804c80}: Found class java.lang.Object, but interface was expected> (0x0000000087804c80) thrown at [src/hotspot/share/interpreter/linkResolver.cpp, line 839]

Events (20 events):
Event: 6.760 Executing VM operation: RevokeBias
Event: 6.760 Executing VM operation: RevokeBias done
Event: 6.765 loading class java/util/stream/ReduceOps$1
Event: 6.765 loading class java/util/stream/ReduceOps$1 done
Event: 6.765 loading class java/util/stream/ReduceOps$1ReducingSink
Event: 6.765 loading class java/util/stream/ReduceOps$1ReducingSink done
Event: 6.766 loading class org/gradle/internal/service/scopes/VirtualFileSystemServices$GradleUserHomeServices$2
Event: 6.766 loading class org/gradle/internal/service/scopes/VirtualFileSystemServices$GradleUserHomeServices$2 done
Event: 6.767 loading class org/gradle/internal/service/scopes/VirtualFileSystemServices$DefaultExcludesBuildListener
Event: 6.767 loading class org/gradle/internal/service/scopes/VirtualFileSystemServices$DefaultExcludesBuildListener done
Event: 6.768 loading class org/gradle/internal/service/scopes/VirtualFileSystemServices$GradleUserHomeServices$3
Event: 6.768 loading class org/gradle/internal/service/scopes/VirtualFileSystemServices$GradleUserHomeServices$3 done
Event: 6.768 loading class org/gradle/cache/internal/CompositeCleanupAction
Event: 6.768 loading class org/gradle/cache/internal/CompositeCleanupAction done
Event: 6.769 loading class org/gradle/cache/internal/CompositeCleanupAction$Builder
Event: 6.769 loading class org/gradle/cache/internal/CompositeCleanupAction$Builder done
Event: 6.770 loading class org/gradle/cache/internal/UnusedVersionsCacheCleanup
Event: 6.770 loading class org/gradle/cache/internal/UnusedVersionsCacheCleanup done
Event: 6.770 loading class org/gradle/cache/internal/AbstractCacheCleanup
Event: 6.770 loading class org/gradle/cache/internal/AbstractCacheCleanup done


Dynamic libraries:
0x00007ff6f1d70000 - 0x00007ff6f1d7a000 	C:\Program Files\Android\Android Studio\jbr\bin\java.exe
0x00007ffc1d7b0000 - 0x00007ffc1d9a8000 	C:\WINDOWS\SYSTEM32\ntdll.dll
0x00007ffc1bc80000 - 0x00007ffc1bd3f000 	C:\WINDOWS\System32\KERNEL32.DLL
0x00007ffc1b2e0000 - 0x00007ffc1b5d6000 	C:\WINDOWS\System32\KERNELBASE.dll
0x00007ffc1b710000 - 0x00007ffc1b810000 	C:\WINDOWS\System32\ucrtbase.dll
0x00007ffc15310000 - 0x00007ffc15327000 	C:\Program Files\Android\Android Studio\jbr\bin\jli.dll
0x00007ffc10fa0000 - 0x00007ffc10fbb000 	C:\Program Files\Android\Android Studio\jbr\bin\VCRUNTIME140.dll
0x00007ffc1bae0000 - 0x00007ffc1bc7d000 	C:\WINDOWS\System32\USER32.dll
0x00007ffc1b190000 - 0x00007ffc1b1b2000 	C:\WINDOWS\System32\win32u.dll
0x00007ffc1ce70000 - 0x00007ffc1ce9c000 	C:\WINDOWS\System32\GDI32.dll
0x00007ffc00a10000 - 0x00007ffc00caa000 	C:\WINDOWS\WinSxS\amd64_microsoft.windows.common-controls_6595b64144ccf1df_6.0.19041.1110_none_60b5254171f9507e\COMCTL32.dll
0x00007ffc1b1c0000 - 0x00007ffc1b2d5000 	C:\WINDOWS\System32\gdi32full.dll
0x00007ffc1b810000 - 0x00007ffc1b8ae000 	C:\WINDOWS\System32\msvcrt.dll
0x00007ffc1aee0000 - 0x00007ffc1af7d000 	C:\WINDOWS\System32\msvcp_win.dll
0x00007ffc1c6e0000 - 0x00007ffc1c710000 	C:\WINDOWS\System32\IMM32.DLL
0x00007ffc12da0000 - 0x00007ffc12dac000 	C:\Program Files\Android\Android Studio\jbr\bin\vcruntime140_1.dll
0x00007ffc06c30000 - 0x00007ffc06cbd000 	C:\Program Files\Android\Android Studio\jbr\bin\msvcp140.dll
0x00007ffbf0980000 - 0x00007ffbf153c000 	C:\Program Files\Android\Android Studio\jbr\bin\server\jvm.dll
0x00007ffc1cea0000 - 0x00007ffc1cf4f000 	C:\WINDOWS\System32\ADVAPI32.dll
0x00007ffc1cf70000 - 0x00007ffc1d00c000 	C:\WINDOWS\System32\sechost.dll
0x00007ffc1be60000 - 0x00007ffc1bf86000 	C:\WINDOWS\System32\RPCRT4.dll
0x00007ffc1d0c0000 - 0x00007ffc1d0c8000 	C:\WINDOWS\System32\PSAPI.DLL
0x00007ffc16290000 - 0x00007ffc16299000 	C:\WINDOWS\SYSTEM32\WSOCK32.dll
0x00007ffc07770000 - 0x00007ffc07797000 	C:\WINDOWS\SYSTEM32\WINMM.dll
0x00007ffc1b9f0000 - 0x00007ffc1ba5b000 	C:\WINDOWS\System32\WS2_32.dll
0x00007ffc0ea70000 - 0x00007ffc0ea7a000 	C:\WINDOWS\SYSTEM32\VERSION.dll
0x00007ffc18d10000 - 0x00007ffc18d22000 	C:\WINDOWS\SYSTEM32\kernel.appcore.dll
0x00007ffc16260000 - 0x00007ffc16270000 	C:\Program Files\Android\Android Studio\jbr\bin\verify.dll
0x00007ffc0af70000 - 0x00007ffc0b154000 	C:\WINDOWS\SYSTEM32\DBGHELP.DLL
0x00007ffc0af30000 - 0x00007ffc0af64000 	C:\WINDOWS\SYSTEM32\dbgcore.DLL
0x00007ffc1b680000 - 0x00007ffc1b702000 	C:\WINDOWS\System32\bcryptPrimitives.dll
0x00007ffc10ef0000 - 0x00007ffc10f18000 	C:\Program Files\Android\Android Studio\jbr\bin\java.dll
0x00007ffc16250000 - 0x00007ffc1625a000 	C:\Program Files\Android\Android Studio\jbr\bin\jimage.dll
0x00007ffc15280000 - 0x00007ffc15298000 	C:\Program Files\Android\Android Studio\jbr\bin\zip.dll
0x00007ffc1bf90000 - 0x00007ffc1c6d4000 	C:\WINDOWS\System32\SHELL32.dll
0x00007ffc18f10000 - 0x00007ffc196a3000 	C:\WINDOWS\SYSTEM32\windows.storage.dll
0x00007ffc1d130000 - 0x00007ffc1d484000 	C:\WINDOWS\System32\combase.dll
0x00007ffc1a730000 - 0x00007ffc1a75e000 	C:\WINDOWS\SYSTEM32\Wldp.dll
0x00007ffc1d010000 - 0x00007ffc1d0bd000 	C:\WINDOWS\System32\SHCORE.dll
0x00007ffc1d0d0000 - 0x00007ffc1d125000 	C:\WINDOWS\System32\shlwapi.dll
0x00007ffc1add0000 - 0x00007ffc1adef000 	C:\WINDOWS\SYSTEM32\profapi.dll
0x00007ffc12b90000 - 0x00007ffc12ba9000 	C:\Program Files\Android\Android Studio\jbr\bin\net.dll
0x00007ffc0fe00000 - 0x00007ffc0ff0a000 	C:\WINDOWS\SYSTEM32\WINHTTP.dll
0x00007ffc1a510000 - 0x00007ffc1a57a000 	C:\WINDOWS\system32\mswsock.dll
0x00007ffc0a660000 - 0x00007ffc0a673000 	C:\Program Files\Android\Android Studio\jbr\bin\nio.dll
0x00007ffc06cc0000 - 0x00007ffc06ce7000 	C:\Users\shahzaib lptp\AndroidStudioProjects\loginsqlite\native\e1d6ef7f7dcc3fd88c89a11ec53ec762bb8ba0a96d01ffa2cd45eb1d1d8dd5c5\windows-amd64\native-platform.dll
0x00007ffbfe610000 - 0x00007ffbfe754000 	C:\Users\shahzaib lptp\AndroidStudioProjects\loginsqlite\native\0d407fdbe67a94daf76414ababcb853783967236a71b16ec16e742cd7a986fd3\windows-amd64\native-platform-file-events.dll
0x00007ffc161b0000 - 0x00007ffc161ba000 	C:\Program Files\Android\Android Studio\jbr\bin\management.dll
0x00007ffc150c0000 - 0x00007ffc150cb000 	C:\Program Files\Android\Android Studio\jbr\bin\management_ext.dll
0x00007ffc1aa60000 - 0x00007ffc1aa78000 	C:\WINDOWS\SYSTEM32\CRYPTSP.dll
0x00007ffc19e50000 - 0x00007ffc19e84000 	C:\WINDOWS\system32\rsaenh.dll
0x00007ffc1b5e0000 - 0x00007ffc1b607000 	C:\WINDOWS\System32\bcrypt.dll
0x00007ffc1ad90000 - 0x00007ffc1adbe000 	C:\WINDOWS\SYSTEM32\USERENV.dll
0x00007ffc1a6a0000 - 0x00007ffc1a6ac000 	C:\WINDOWS\SYSTEM32\CRYPTBASE.dll
0x00007ffc1a220000 - 0x00007ffc1a25c000 	C:\WINDOWS\SYSTEM32\IPHLPAPI.DLL
0x00007ffc1b8b0000 - 0x00007ffc1b8b8000 	C:\WINDOWS\System32\NSI.dll
0x00007ffc103b0000 - 0x00007ffc103c7000 	C:\WINDOWS\SYSTEM32\dhcpcsvc6.DLL
0x00007ffc10300000 - 0x00007ffc1031d000 	C:\WINDOWS\SYSTEM32\dhcpcsvc.DLL
0x00007ffc1a260000 - 0x00007ffc1a32b000 	C:\WINDOWS\SYSTEM32\DNSAPI.dll

dbghelp: loaded successfully - version: 4.0.5 - missing functions: none
symbol engine: initialized successfully - sym options: 0x614 - pdb path: .;C:\Program Files\Android\Android Studio\jbr\bin;C:\WINDOWS\SYSTEM32;C:\WINDOWS\WinSxS\amd64_microsoft.windows.common-controls_6595b64144ccf1df_6.0.19041.1110_none_60b5254171f9507e;C:\Program Files\Android\Android Studio\jbr\bin\server;C:\Users\shahzaib lptp\AndroidStudioProjects\loginsqlite\native\e1d6ef7f7dcc3fd88c89a11ec53ec762bb8ba0a96d01ffa2cd45eb1d1d8dd5c5\windows-amd64;C:\Users\shahzaib lptp\AndroidStudioProjects\loginsqlite\native\0d407fdbe67a94daf76414ababcb853783967236a71b16ec16e742cd7a986fd3\windows-amd64

VM Arguments:
jvm_args: --add-opens=java.base/java.util=ALL-UNNAMED --add-opens=java.base/java.lang=ALL-UNNAMED --add-opens=java.base/java.lang.invoke=ALL-UNNAMED --add-opens=java.base/java.util=ALL-UNNAMED --add-opens=java.prefs/java.util.prefs=ALL-UNNAMED --add-opens=java.prefs/java.util.prefs=ALL-UNNAMED --add-opens=java.base/java.nio.charset=ALL-UNNAMED --add-opens=java.base/java.net=ALL-UNNAMED --add-opens=java.base/java.util.concurrent.atomic=ALL-UNNAMED -Xmx2048m -Dfile.encoding=UTF-8 -Duser.country=US -Duser.language=en -Duser.variant 
java_command: org.gradle.launcher.daemon.bootstrap.GradleDaemon 7.5
java_class_path (initial): C:\Users\shahzaib lptp\AndroidStudioProjects\loginsqlite\wrapper\dists\gradle-7.5-bin\f1w0cc9nuo0eivz97x2xlu9sv\gradle-7.5\lib\gradle-launcher-7.5.jar
Launcher Type: SUN_STANDARD

[Global flags]
     intx CICompilerCount                          = 3                                         {product} {ergonomic}
     uint ConcGCThreads                            = 1                                         {product} {ergonomic}
     uint G1ConcRefinementThreads                  = 4                                         {product} {ergonomic}
   size_t G1HeapRegionSize                         = 1048576                                   {product} {ergonomic}
    uintx GCDrainStackTargetSize                   = 64                                        {product} {ergonomic}
   size_t InitialHeapSize                          = 134217728                                 {product} {ergonomic}
   size_t MarkStackSize                            = 4194304                                   {product} {ergonomic}
   size_t MaxHeapSize                              = 2147483648                                {product} {command line}
   size_t MaxNewSize                               = 1287651328                                {product} {ergonomic}
   size_t MinHeapDeltaBytes                        = 1048576                                   {product} {ergonomic}
    uintx NonNMethodCodeHeapSize                   = 5830732                                {pd product} {ergonomic}
    uintx NonProfiledCodeHeapSize                  = 122913754                              {pd product} {ergonomic}
    uintx ProfiledCodeHeapSize                     = 122913754                              {pd product} {ergonomic}
    uintx ReservedCodeCacheSize                    = 251658240                              {pd product} {ergonomic}
     bool SegmentedCodeCache                       = true                                      {product} {ergonomic}
     bool UseCompressedClassPointers               = true                                 {lp64_product} {ergonomic}
     bool UseCompressedOops                        = true                                 {lp64_product} {ergonomic}
     bool UseG1GC                                  = true                                      {product} {ergonomic}
     bool UseLargePagesIndividualAllocation        = false                                  {pd product} {ergonomic}

Logging:
Log output configuration:
 #0: stdout all=warning uptime,level,tags
 #1: stderr all=off uptime,level,tags

Environment Variables:
PATH=C:\Program Files\Python310\Scripts\;C:\Program Files\Python310\;C:\Program Files\Common Files\Oracle\Java\javapath;C:\app\bin;C:\app\shahzaiblptp\product\11.2.0\dbhome_1\bin;C:\WINDOWS\system32;C:\WINDOWS;C:\WINDOWS\System32\Wbem;C:\WINDOWS\System32\WindowsPowerShell\v1.0\;c:\Program Files (x86)\Microsoft SQL Server\100\Tools\Binn\;c:\Program Files\Microsoft SQL Server\100\Tools\Binn\;c:\Program Files\Microsoft SQL Server\100\DTS\Binn\;C:\WINDOWS\System32\OpenSSH\;C:\ProgramData\chocolatey\bin;%JAVA_HOME%\bin;C:\Program Files\Git\cmd;C:\Users\shahzaib lptp\AppData\Local\Microsoft\WindowsApps;C:\Program Files\JetBrains\IntelliJ IDEA Community Edition 2021.3\bin;;C:\Program Files\Python310\PyCharm Community Edition 2022.1\bin;;C:\Users\shahzaib lptp\AppData\Local\Programs\Microsoft VS Code\bin;C:\Program Files\flutter\bin;C:\src\flutter\bin;C:\Program Files\Android\Android Studio\bin;
USERNAME=shahzaib lptp
OS=Windows_NT
PROCESSOR_IDENTIFIER=Intel64 Family 6 Model 69 Stepping 1, GenuineIntel



---------------  S Y S T E M  ---------------

OS: Windows 10 , 64 bit Build 19041 (10.0.19041.2913)
OS uptime: 10 days 11:02 hours
Hyper-V role detected

CPU:total 4 (initial active 4) (2 cores per cpu, 2 threads per core) family 6 model 69 stepping 1 microcode 0x26, cmov, cx8, fxsr, mmx, sse, sse2, sse3, ssse3, sse4.1, sse4.2, popcnt, avx, avx2, aes, clmul, erms, lzcnt, ht, tsc, tscinvbit, bmi1, bmi2, fma

Memory: 4k page, system-wide physical 8073M (415M free)
TotalPageFile size 10073M (AvailPageFile size 2M)
current process WorkingSet (physical memory assigned to process): 195M, peak: 195M
current process commit charge ("private bytes"): 254M, peak: 262M

vm_info: OpenJDK 64-Bit Server VM (11.0.15+0-b2043.56-9505619) for windows-amd64 JRE (11.0.15+0-b2043.56-9505619), built on Jan 19 2023 02:48:00 by "builduser" with unknown MS VC++:1929

END.
