#
# There is insufficient memory for the Java Runtime Environment to continue.
# Native memory allocation (mmap) failed to map 27262976 bytes for Failed to commit area from 0x0000000088000000 to 0x0000000089a00000 of length 27262976.
# Possible reasons:
#   The system is out of physical RAM or swap space
#   The process is running with CompressedOops enabled, and the Java Heap may be blocking the growth of the native heap
# Possible solutions:
#   Reduce memory load on the system
#   Increase physical memory or swap space
#   Check if swap backing store is full
#   Decrease Java heap size (-Xmx/-Xms)
#   Decrease number of Java threads
#   Decrease Java thread stack sizes (-Xss)
#   Set larger code cache with -XX:ReservedCodeCacheSize=
#   JVM is running with Unscaled Compressed Oops mode in which the Java heap is
#     placed in the first 4GB address space. The Java Heap base address is the
#     maximum limit for the native heap growth. Please use -XX:HeapBaseMinAddress
#     to set the Java Heap base and to place the Java Heap above 4GB virtual address.
# This output file may be truncated or incomplete.
#
#  Out of Memory Error (src/hotspot/os/windows/os_windows.cpp:3627), pid=9660, tid=13884
#
# JRE version: OpenJDK Runtime Environment (11.0.15) (build 11.0.15+0-b2043.56-9505619)
# Java VM: OpenJDK 64-Bit Server VM (11.0.15+0-b2043.56-9505619, mixed mode, tiered, compressed oops, g1 gc, windows-amd64)
# No core dump will be written. Minidumps are not enabled by default on client versions of Windows
#

---------------  S U M M A R Y ------------

Command Line: -javaagent:C:\Program Files\Android\Android Studio\plugins\android\resources\trace_agent.jar=C:\Users\SHAHZA~1\AppData\Local\Temp\sync.trace.profile --add-opens=java.base/java.util=ALL-UNNAMED --add-opens=java.base/java.lang=ALL-UNNAMED --add-opens=java.base/java.lang.invoke=ALL-UNNAMED --add-opens=java.base/java.util=ALL-UNNAMED --add-opens=java.prefs/java.util.prefs=ALL-UNNAMED --add-opens=java.prefs/java.util.prefs=ALL-UNNAMED --add-opens=java.base/java.nio.charset=ALL-UNNAMED --add-opens=java.base/java.net=ALL-UNNAMED --add-opens=java.base/java.util.concurrent.atomic=ALL-UNNAMED -Xmx2048m -Dfile.encoding=UTF-8 -Duser.country=US -Duser.language=en -Duser.variant org.gradle.launcher.daemon.bootstrap.GradleDaemon 7.5

Host: Intel(R) Core(TM) i5-4310U CPU @ 2.00GHz, 4 cores, 7G,  Windows 10 , 64 bit Build 19041 (10.0.19041.2788)
Time: Mon May  8 16:09:12 2023 Pakistan Standard Time elapsed time: 5.831152 seconds (0d 0h 0m 5s)

---------------  T H R E A D  ---------------

Current thread (0x00000255b42e1000):  VMThread "VM Thread" [stack: 0x000000de72f00000,0x000000de73000000] [id=13884]

Stack: [0x000000de72f00000,0x000000de73000000]
[error occurred during error reporting (printing stack bounds), id 0xc0000005, EXCEPTION_ACCESS_VIOLATION (0xc0000005) at pc=0x000002559e20112d]

Native frames: (J=compiled Java code, j=interpreted, Vv=VM code, C=native code)
V  [jvm.dll+0x64135a]
V  [jvm.dll+0x7d39f9]
V  [jvm.dll+0x7d51b9]
V  [jvm.dll+0x7d5805]
V  [jvm.dll+0x7d57bb]
V  [jvm.dll+0x640655]
V  [jvm.dll+0x640d68]
C  [ntdll.dll+0xa23df]
C  [ntdll.dll+0x514a4]
C  [ntdll.dll+0xa0f0e]
C  0x000002559e20112d

VM_Operation (0x000000de743f5ed0): CollectForMetadataAllocation, mode: safepoint, requested by thread 0x00000255ba521800


---------------  P R O C E S S  ---------------

Threads class SMR info:
_java_thread_list=0x00000255baa3cdc0, length=23, elements={
0x000002559a6d6000, 0x00000255b42e7000, 0x00000255b42e8800, 0x00000255b42fe000,
0x00000255b4300000, 0x00000255b4304000, 0x00000255b4307000, 0x00000255b430a800,
0x00000255b432e000, 0x00000255b4280800, 0x00000255b501c000, 0x00000255ba0d2800,
0x00000255b549b800, 0x00000255ba2c9000, 0x00000255b9f74000, 0x00000255ba5f4000,
0x00000255bac42000, 0x00000255ba521800, 0x00000255b5565800, 0x00000255b937a000,
0x00000255b6c32000, 0x00000255b60cc800, 0x00000255b60cb800
}

Java Threads: ( => current thread )
  0x000002559a6d6000 JavaThread "main" [_thread_blocked, id=10052, stack(0x000000de72900000,0x000000de72a00000)]
  0x00000255b42e7000 JavaThread "Reference Handler" daemon [_thread_blocked, id=15508, stack(0x000000de73000000,0x000000de73100000)]
  0x00000255b42e8800 JavaThread "Finalizer" daemon [_thread_blocked, id=7420, stack(0x000000de73100000,0x000000de73200000)]
  0x00000255b42fe000 JavaThread "Signal Dispatcher" daemon [_thread_blocked, id=3272, stack(0x000000de73200000,0x000000de73300000)]
  0x00000255b4300000 JavaThread "Attach Listener" daemon [_thread_blocked, id=8836, stack(0x000000de73300000,0x000000de73400000)]
  0x00000255b4304000 JavaThread "Service Thread" daemon [_thread_blocked, id=2000, stack(0x000000de73400000,0x000000de73500000)]
  0x00000255b4307000 JavaThread "C2 CompilerThread0" daemon [_thread_blocked, id=12060, stack(0x000000de73500000,0x000000de73600000)]
  0x00000255b430a800 JavaThread "C1 CompilerThread0" daemon [_thread_blocked, id=2620, stack(0x000000de73600000,0x000000de73700000)]
  0x00000255b432e000 JavaThread "Sweeper thread" daemon [_thread_blocked, id=13208, stack(0x000000de73700000,0x000000de73800000)]
  0x00000255b4280800 JavaThread "Common-Cleaner" daemon [_thread_blocked, id=10512, stack(0x000000de73800000,0x000000de73900000)]
  0x00000255b501c000 JavaThread "C2 CompilerThread1" daemon [_thread_in_native, id=3604, stack(0x000000de73900000,0x000000de73a00000)]
  0x00000255ba0d2800 JavaThread "Daemon health stats" [_thread_blocked, id=15800, stack(0x000000de73d00000,0x000000de73e00000)]
  0x00000255b549b800 JavaThread "Incoming local TCP Connector on port 53441" [_thread_in_native, id=16376, stack(0x000000de73e00000,0x000000de73f00000)]
  0x00000255ba2c9000 JavaThread "Daemon periodic checks" [_thread_blocked, id=2548, stack(0x000000de73f00000,0x000000de74000000)]
  0x00000255b9f74000 JavaThread "Daemon" [_thread_blocked, id=13412, stack(0x000000de74000000,0x000000de74100000)]
  0x00000255ba5f4000 JavaThread "Handler for socket connection from /127.0.0.1:53441 to /127.0.0.1:53442" [_thread_in_native, id=5116, stack(0x000000de74100000,0x000000de74200000)]
  0x00000255bac42000 JavaThread "Cancel handler" [_thread_blocked, id=12368, stack(0x000000de74200000,0x000000de74300000)]
  0x00000255ba521800 JavaThread "Daemon worker" [_thread_blocked, id=15216, stack(0x000000de74300000,0x000000de74400000)]
  0x00000255b5565800 JavaThread "Asynchronous log dispatcher for DefaultDaemonConnection: socket connection from /127.0.0.1:53441 to /127.0.0.1:53442" [_thread_blocked, id=13476, stack(0x000000de74400000,0x000000de74500000)]
  0x00000255b937a000 JavaThread "Stdin handler" [_thread_blocked, id=12008, stack(0x000000de74500000,0x000000de74600000)]
  0x00000255b6c32000 JavaThread "Daemon client event forwarder" [_thread_blocked, id=10248, stack(0x000000de74600000,0x000000de74700000)]
  0x00000255b60cc800 JavaThread "Cache worker for journal cache (C:\Users\shahzaib lptp\AndroidStudioProjects\loginsqlite\caches\journal-1)" [_thread_blocked, id=16004, stack(0x000000de74800000,0x000000de74900000)]
  0x00000255b60cb800 JavaThread "File lock request listener" [_thread_in_native, id=13508, stack(0x000000de74900000,0x000000de74a00000)]

Other Threads:
=>0x00000255b42e1000 VMThread "VM Thread" [stack: 0x000000de72f00000,0x000000de73000000] [id=13884]
  0x00000255b549c800 WatcherThread [stack: 0x000000de73a00000,0x000000de73b00000] [id=4324]
  0x000002559a6ec800 GCTaskThread "GC Thread#0" [stack: 0x000000de72a00000,0x000000de72b00000] [id=14520]
  0x00000255b583c800 GCTaskThread "GC Thread#1" [stack: 0x000000de73b00000,0x000000de73c00000] [id=14000]
  0x00000255b4f10000 GCTaskThread "GC Thread#2" [stack: 0x000000de73c00000,0x000000de73d00000] [id=2484]
  0x00000255b8f0d800 GCTaskThread "GC Thread#3" [stack: 0x000000de74700000,0x000000de74800000] [id=12832]
  0x000002559a71f000 ConcurrentGCThread "G1 Main Marker" [stack: 0x000000de72b00000,0x000000de72c00000] [id=7328]
  0x000002559a720800 ConcurrentGCThread "G1 Conc#0" [stack: 0x000000de72c00000,0x000000de72d00000] [id=3684]
  0x000002559a7ae000 ConcurrentGCThread "G1 Refine#0" [stack: 0x000000de72d00000,0x000000de72e00000] [id=12888]
  0x00000255b4130800 ConcurrentGCThread "G1 Young RemSet Sampling" [stack: 0x000000de72e00000,0x000000de72f00000] [id=13108]

Threads with active compile tasks:
C2 CompilerThread0     5847 2370       4       com.android.tools.tracer.agent.objectweb.asm.commons.AdviceAdapter::visitTypeInsn (35 bytes)
C2 CompilerThread1     5847 2413       4       com.android.tools.tracer.agent.objectweb.asm.ClassReader::readCode (5109 bytes)

VM state:at safepoint (normal execution)

VM Mutex/Monitor currently owned by a thread:  ([mutex/lock_event])
[0x000002559a6d2f10] Threads_lock - owner thread: 0x00000255b42e1000
[0x000002559a6d2bb0] Heap_lock - owner thread: 0x00000255ba521800

Heap address: 0x0000000080000000, size: 2048 MB, Compressed Oops mode: 32-bit
Narrow klass base: 0x0000000000000000, Narrow klass shift: 3
Compressed class space size: 1073741824 Address: 0x0000000100000000

Heap:
 garbage-first heap   total 157696K, used 16921K [0x0000000080000000, 0x0000000100000000)
  region size 1024K, 2 young (2048K), 2 survivors (2048K)
 Metaspace       used 20794K, capacity 21216K, committed 21248K, reserved 1069056K
  class space    used 2397K, capacity 2544K, committed 2560K, reserved 1048576K
Heap Regions: E=young(eden), S=young(survivor), O=old, HS=humongous(starts), HC=humongous(continues), CS=collection set, F=free, A=archive, TAMS=top-at-mark-start (previous, next)
|   0|0x0000000080000000, 0x0000000080100000, 0x0000000080100000|100%| O|  |TAMS 0x0000000080000000, 0x0000000080100000| Untracked 
|   1|0x0000000080100000, 0x0000000080200000, 0x0000000080200000|100%| O|  |TAMS 0x0000000080100000, 0x0000000080200000| Untracked 
|   2|0x0000000080200000, 0x0000000080300000, 0x0000000080300000|100%| O|  |TAMS 0x0000000080200000, 0x0000000080300000| Untracked 
|   3|0x0000000080300000, 0x0000000080400000, 0x0000000080400000|100%|HS|  |TAMS 0x0000000080300000, 0x0000000080400000| Complete 
|   4|0x0000000080400000, 0x0000000080500000, 0x0000000080500000|100%|HC|  |TAMS 0x0000000080400000, 0x0000000080500000| Complete 
|   5|0x0000000080500000, 0x0000000080600000, 0x0000000080600000|100%|HC|  |TAMS 0x0000000080500000, 0x0000000080600000| Complete 
|   6|0x0000000080600000, 0x0000000080700000, 0x0000000080700000|100%| O|  |TAMS 0x0000000080600000, 0x0000000080700000| Untracked 
|   7|0x0000000080700000, 0x0000000080800000, 0x0000000080800000|100%| O|  |TAMS 0x0000000080700000, 0x0000000080800000| Untracked 
|   8|0x0000000080800000, 0x0000000080900000, 0x0000000080900000|100%| O|  |TAMS 0x0000000080800000, 0x0000000080900000| Untracked 
|   9|0x0000000080900000, 0x0000000080a00000, 0x0000000080a00000|100%| O|  |TAMS 0x0000000080900000, 0x0000000080a00000| Untracked 
|  10|0x0000000080a00000, 0x0000000080b00000, 0x0000000080b00000|100%| O|  |TAMS 0x0000000080a00000, 0x0000000080b00000| Untracked 
|  11|0x0000000080b00000, 0x0000000080c00000, 0x0000000080c00000|100%| O|  |TAMS 0x0000000080b00000, 0x0000000080c00000| Untracked 
|  12|0x0000000080c00000, 0x0000000080d00000, 0x0000000080d00000|100%| O|  |TAMS 0x0000000080c00000, 0x0000000080d00000| Untracked 
|  13|0x0000000080d00000, 0x0000000080e00000, 0x0000000080e00000|100%| O|  |TAMS 0x0000000080d00000, 0x0000000080e00000| Untracked 
|  14|0x0000000080e00000, 0x0000000080e86600, 0x0000000080f00000| 52%| O|  |TAMS 0x0000000080e00000, 0x0000000080e86600| Untracked 
|  15|0x0000000080f00000, 0x0000000080f00000, 0x0000000081000000|  0%| F|  |TAMS 0x0000000080f00000, 0x0000000080f00000| Untracked 
|  16|0x0000000081000000, 0x0000000081000000, 0x0000000081100000|  0%| F|  |TAMS 0x0000000081000000, 0x0000000081000000| Untracked 
|  17|0x0000000081100000, 0x0000000081100000, 0x0000000081200000|  0%| F|  |TAMS 0x0000000081100000, 0x0000000081100000| Untracked 
|  18|0x0000000081200000, 0x0000000081200000, 0x0000000081300000|  0%| F|  |TAMS 0x0000000081200000, 0x0000000081200000| Untracked 
|  19|0x0000000081300000, 0x0000000081300000, 0x0000000081400000|  0%| F|  |TAMS 0x0000000081300000, 0x0000000081300000| Untracked 
|  20|0x0000000081400000, 0x0000000081400000, 0x0000000081500000|  0%| F|  |TAMS 0x0000000081400000, 0x0000000081400000| Untracked 
|  21|0x0000000081500000, 0x0000000081500000, 0x0000000081600000|  0%| F|  |TAMS 0x0000000081500000, 0x0000000081500000| Untracked 
|  22|0x0000000081600000, 0x0000000081600000, 0x0000000081700000|  0%| F|  |TAMS 0x0000000081600000, 0x0000000081600000| Untracked 
|  23|0x0000000081700000, 0x0000000081700000, 0x0000000081800000|  0%| F|  |TAMS 0x0000000081700000, 0x0000000081700000| Untracked 
|  24|0x0000000081800000, 0x0000000081800000, 0x0000000081900000|  0%| F|  |TAMS 0x0000000081800000, 0x0000000081800000| Untracked 
|  25|0x0000000081900000, 0x0000000081900000, 0x0000000081a00000|  0%| F|  |TAMS 0x0000000081900000, 0x0000000081900000| Untracked 
|  26|0x0000000081a00000, 0x0000000081a00000, 0x0000000081b00000|  0%| F|  |TAMS 0x0000000081a00000, 0x0000000081a00000| Untracked 
|  27|0x0000000081b00000, 0x0000000081b00000, 0x0000000081c00000|  0%| F|  |TAMS 0x0000000081b00000, 0x0000000081b00000| Untracked 
|  28|0x0000000081c00000, 0x0000000081c00000, 0x0000000081d00000|  0%| F|  |TAMS 0x0000000081c00000, 0x0000000081c00000| Untracked 
|  29|0x0000000081d00000, 0x0000000081d00000, 0x0000000081e00000|  0%| F|  |TAMS 0x0000000081d00000, 0x0000000081d00000| Untracked 
|  30|0x0000000081e00000, 0x0000000081e00000, 0x0000000081f00000|  0%| F|  |TAMS 0x0000000081e00000, 0x0000000081e00000| Untracked 
|  31|0x0000000081f00000, 0x0000000081f00000, 0x0000000082000000|  0%| F|  |TAMS 0x0000000081f00000, 0x0000000081f00000| Untracked 
|  32|0x0000000082000000, 0x0000000082000000, 0x0000000082100000|  0%| F|  |TAMS 0x0000000082000000, 0x0000000082000000| Untracked 
|  33|0x0000000082100000, 0x0000000082100000, 0x0000000082200000|  0%| F|  |TAMS 0x0000000082100000, 0x0000000082100000| Untracked 
|  34|0x0000000082200000, 0x0000000082200000, 0x0000000082300000|  0%| F|  |TAMS 0x0000000082200000, 0x0000000082200000| Untracked 
|  35|0x0000000082300000, 0x0000000082300000, 0x0000000082400000|  0%| F|  |TAMS 0x0000000082300000, 0x0000000082300000| Untracked 
|  36|0x0000000082400000, 0x0000000082400000, 0x0000000082500000|  0%| F|  |TAMS 0x0000000082400000, 0x0000000082400000| Untracked 
|  37|0x0000000082500000, 0x0000000082500000, 0x0000000082600000|  0%| F|  |TAMS 0x0000000082500000, 0x0000000082500000| Untracked 
|  38|0x0000000082600000, 0x0000000082600000, 0x0000000082700000|  0%| F|  |TAMS 0x0000000082600000, 0x0000000082600000| Untracked 
|  39|0x0000000082700000, 0x0000000082700000, 0x0000000082800000|  0%| F|  |TAMS 0x0000000082700000, 0x0000000082700000| Untracked 
|  40|0x0000000082800000, 0x0000000082800000, 0x0000000082900000|  0%| F|  |TAMS 0x0000000082800000, 0x0000000082800000| Untracked 
|  41|0x0000000082900000, 0x0000000082900000, 0x0000000082a00000|  0%| F|  |TAMS 0x0000000082900000, 0x0000000082900000| Untracked 
|  42|0x0000000082a00000, 0x0000000082a00000, 0x0000000082b00000|  0%| F|  |TAMS 0x0000000082a00000, 0x0000000082a00000| Untracked 
|  43|0x0000000082b00000, 0x0000000082b00000, 0x0000000082c00000|  0%| F|  |TAMS 0x0000000082b00000, 0x0000000082b00000| Untracked 
|  44|0x0000000082c00000, 0x0000000082c00000, 0x0000000082d00000|  0%| F|  |TAMS 0x0000000082c00000, 0x0000000082c00000| Untracked 
|  45|0x0000000082d00000, 0x0000000082d00000, 0x0000000082e00000|  0%| F|  |TAMS 0x0000000082d00000, 0x0000000082d00000| Untracked 
|  46|0x0000000082e00000, 0x0000000082e00000, 0x0000000082f00000|  0%| F|  |TAMS 0x0000000082e00000, 0x0000000082e00000| Untracked 
|  47|0x0000000082f00000, 0x0000000082f00000, 0x0000000083000000|  0%| F|  |TAMS 0x0000000082f00000, 0x0000000082f00000| Untracked 
|  48|0x0000000083000000, 0x0000000083000000, 0x0000000083100000|  0%| F|  |TAMS 0x0000000083000000, 0x0000000083000000| Untracked 
|  49|0x0000000083100000, 0x0000000083100000, 0x0000000083200000|  0%| F|  |TAMS 0x0000000083100000, 0x0000000083100000| Untracked 
|  50|0x0000000083200000, 0x0000000083200000, 0x0000000083300000|  0%| F|  |TAMS 0x0000000083200000, 0x0000000083200000| Untracked 
|  51|0x0000000083300000, 0x0000000083300000, 0x0000000083400000|  0%| F|  |TAMS 0x0000000083300000, 0x0000000083300000| Untracked 
|  52|0x0000000083400000, 0x0000000083400000, 0x0000000083500000|  0%| F|  |TAMS 0x0000000083400000, 0x0000000083400000| Untracked 
|  53|0x0000000083500000, 0x0000000083500000, 0x0000000083600000|  0%| F|  |TAMS 0x0000000083500000, 0x0000000083500000| Untracked 
|  54|0x0000000083600000, 0x0000000083600000, 0x0000000083700000|  0%| F|  |TAMS 0x0000000083600000, 0x0000000083600000| Untracked 
|  55|0x0000000083700000, 0x0000000083700000, 0x0000000083800000|  0%| F|  |TAMS 0x0000000083700000, 0x0000000083700000| Untracked 
|  56|0x0000000083800000, 0x0000000083800000, 0x0000000083900000|  0%| F|  |TAMS 0x0000000083800000, 0x0000000083800000| Untracked 
|  57|0x0000000083900000, 0x0000000083900000, 0x0000000083a00000|  0%| F|  |TAMS 0x0000000083900000, 0x0000000083900000| Untracked 
|  58|0x0000000083a00000, 0x0000000083a00000, 0x0000000083b00000|  0%| F|  |TAMS 0x0000000083a00000, 0x0000000083a00000| Untracked 
|  59|0x0000000083b00000, 0x0000000083b00000, 0x0000000083c00000|  0%| F|  |TAMS 0x0000000083b00000, 0x0000000083b00000| Untracked 
|  60|0x0000000083c00000, 0x0000000083c00000, 0x0000000083d00000|  0%| F|  |TAMS 0x0000000083c00000, 0x0000000083c00000| Untracked 
|  61|0x0000000083d00000, 0x0000000083d00000, 0x0000000083e00000|  0%| F|  |TAMS 0x0000000083d00000, 0x0000000083d00000| Untracked 
|  62|0x0000000083e00000, 0x0000000083e00000, 0x0000000083f00000|  0%| F|  |TAMS 0x0000000083e00000, 0x0000000083e00000| Untracked 
|  63|0x0000000083f00000, 0x0000000083f00000, 0x0000000084000000|  0%| F|  |TAMS 0x0000000083f00000, 0x0000000083f00000| Untracked 
|  64|0x0000000084000000, 0x0000000084000000, 0x0000000084100000|  0%| F|  |TAMS 0x0000000084000000, 0x0000000084000000| Untracked 
|  65|0x0000000084100000, 0x0000000084100000, 0x0000000084200000|  0%| F|  |TAMS 0x0000000084100000, 0x0000000084100000| Untracked 
|  66|0x0000000084200000, 0x0000000084200000, 0x0000000084300000|  0%| F|  |TAMS 0x0000000084200000, 0x0000000084200000| Untracked 
|  67|0x0000000084300000, 0x0000000084300000, 0x0000000084400000|  0%| F|  |TAMS 0x0000000084300000, 0x0000000084300000| Untracked 
|  68|0x0000000084400000, 0x0000000084400000, 0x0000000084500000|  0%| F|  |TAMS 0x0000000084400000, 0x0000000084400000| Untracked 
|  69|0x0000000084500000, 0x0000000084500000, 0x0000000084600000|  0%| F|  |TAMS 0x0000000084500000, 0x0000000084500000| Untracked 
|  70|0x0000000084600000, 0x0000000084600000, 0x0000000084700000|  0%| F|  |TAMS 0x0000000084600000, 0x0000000084600000| Untracked 
|  71|0x0000000084700000, 0x0000000084700000, 0x0000000084800000|  0%| F|  |TAMS 0x0000000084700000, 0x0000000084700000| Untracked 
|  72|0x0000000084800000, 0x0000000084800000, 0x0000000084900000|  0%| F|  |TAMS 0x0000000084800000, 0x0000000084800000| Untracked 
|  73|0x0000000084900000, 0x0000000084900000, 0x0000000084a00000|  0%| F|  |TAMS 0x0000000084900000, 0x0000000084900000| Untracked 
|  74|0x0000000084a00000, 0x0000000084a00000, 0x0000000084b00000|  0%| F|  |TAMS 0x0000000084a00000, 0x0000000084a00000| Untracked 
|  75|0x0000000084b00000, 0x0000000084b00000, 0x0000000084c00000|  0%| F|  |TAMS 0x0000000084b00000, 0x0000000084b00000| Untracked 
|  76|0x0000000084c00000, 0x0000000084c00000, 0x0000000084d00000|  0%| F|  |TAMS 0x0000000084c00000, 0x0000000084c00000| Untracked 
|  77|0x0000000084d00000, 0x0000000084d00000, 0x0000000084e00000|  0%| F|  |TAMS 0x0000000084d00000, 0x0000000084d00000| Untracked 
|  78|0x0000000084e00000, 0x0000000084e00000, 0x0000000084f00000|  0%| F|  |TAMS 0x0000000084e00000, 0x0000000084e00000| Untracked 
|  79|0x0000000084f00000, 0x0000000084f00000, 0x0000000085000000|  0%| F|  |TAMS 0x0000000084f00000, 0x0000000084f00000| Untracked 
|  80|0x0000000085000000, 0x0000000085000000, 0x0000000085100000|  0%| F|  |TAMS 0x0000000085000000, 0x0000000085000000| Untracked 
|  81|0x0000000085100000, 0x0000000085100000, 0x0000000085200000|  0%| F|  |TAMS 0x0000000085100000, 0x0000000085100000| Untracked 
|  82|0x0000000085200000, 0x0000000085200000, 0x0000000085300000|  0%| F|  |TAMS 0x0000000085200000, 0x0000000085200000| Untracked 
|  83|0x0000000085300000, 0x0000000085300000, 0x0000000085400000|  0%| F|  |TAMS 0x0000000085300000, 0x0000000085300000| Untracked 
|  84|0x0000000085400000, 0x0000000085500000, 0x0000000085500000|100%| S|CS|TAMS 0x0000000085400000, 0x0000000085400000| Complete 
|  85|0x0000000085500000, 0x0000000085600000, 0x0000000085600000|100%| S|CS|TAMS 0x0000000085500000, 0x0000000085500000| Complete 
|  86|0x0000000085600000, 0x0000000085600000, 0x0000000085700000|  0%| F|  |TAMS 0x0000000085600000, 0x0000000085600000| Untracked 
|  87|0x0000000085700000, 0x0000000085700000, 0x0000000085800000|  0%| F|  |TAMS 0x0000000085700000, 0x0000000085700000| Untracked 
|  88|0x0000000085800000, 0x0000000085800000, 0x0000000085900000|  0%| F|  |TAMS 0x0000000085800000, 0x0000000085800000| Untracked 
|  89|0x0000000085900000, 0x0000000085900000, 0x0000000085a00000|  0%| F|  |TAMS 0x0000000085900000, 0x0000000085900000| Untracked 
|  90|0x0000000085a00000, 0x0000000085a00000, 0x0000000085b00000|  0%| F|  |TAMS 0x0000000085a00000, 0x0000000085a00000| Untracked 
|  91|0x0000000085b00000, 0x0000000085b00000, 0x0000000085c00000|  0%| F|  |TAMS 0x0000000085b00000, 0x0000000085b00000| Untracked 
|  92|0x0000000085c00000, 0x0000000085c00000, 0x0000000085d00000|  0%| F|  |TAMS 0x0000000085c00000, 0x0000000085c00000| Untracked 
|  93|0x0000000085d00000, 0x0000000085d00000, 0x0000000085e00000|  0%| F|  |TAMS 0x0000000085d00000, 0x0000000085d00000| Untracked 
|  94|0x0000000085e00000, 0x0000000085e00000, 0x0000000085f00000|  0%| F|  |TAMS 0x0000000085e00000, 0x0000000085e00000| Untracked 
|  95|0x0000000085f00000, 0x0000000085f00000, 0x0000000086000000|  0%| F|  |TAMS 0x0000000085f00000, 0x0000000085f00000| Untracked 
|  96|0x0000000086000000, 0x0000000086000000, 0x0000000086100000|  0%| F|  |TAMS 0x0000000086000000, 0x0000000086000000| Untracked 
|  97|0x0000000086100000, 0x0000000086100000, 0x0000000086200000|  0%| F|  |TAMS 0x0000000086100000, 0x0000000086100000| Untracked 
|  98|0x0000000086200000, 0x0000000086200000, 0x0000000086300000|  0%| F|  |TAMS 0x0000000086200000, 0x0000000086200000| Untracked 
|  99|0x0000000086300000, 0x0000000086300000, 0x0000000086400000|  0%| F|  |TAMS 0x0000000086300000, 0x0000000086300000| Untracked 
| 100|0x0000000086400000, 0x0000000086400000, 0x0000000086500000|  0%| F|  |TAMS 0x0000000086400000, 0x0000000086400000| Untracked 
| 101|0x0000000086500000, 0x0000000086500000, 0x0000000086600000|  0%| F|  |TAMS 0x0000000086500000, 0x0000000086500000| Untracked 
| 102|0x0000000086600000, 0x0000000086600000, 0x0000000086700000|  0%| F|  |TAMS 0x0000000086600000, 0x0000000086600000| Untracked 
| 103|0x0000000086700000, 0x0000000086700000, 0x0000000086800000|  0%| F|  |TAMS 0x0000000086700000, 0x0000000086700000| Untracked 
| 104|0x0000000086800000, 0x0000000086800000, 0x0000000086900000|  0%| F|  |TAMS 0x0000000086800000, 0x0000000086800000| Untracked 
| 105|0x0000000086900000, 0x0000000086900000, 0x0000000086a00000|  0%| F|  |TAMS 0x0000000086900000, 0x0000000086900000| Untracked 
| 106|0x0000000086a00000, 0x0000000086a00000, 0x0000000086b00000|  0%| F|  |TAMS 0x0000000086a00000, 0x0000000086a00000| Untracked 
| 107|0x0000000086b00000, 0x0000000086b00000, 0x0000000086c00000|  0%| F|  |TAMS 0x0000000086b00000, 0x0000000086b00000| Untracked 
| 108|0x0000000086c00000, 0x0000000086c00000, 0x0000000086d00000|  0%| F|  |TAMS 0x0000000086c00000, 0x0000000086c00000| Untracked 
| 109|0x0000000086d00000, 0x0000000086d00000, 0x0000000086e00000|  0%| F|  |TAMS 0x0000000086d00000, 0x0000000086d00000| Untracked 
| 110|0x0000000086e00000, 0x0000000086e00000, 0x0000000086f00000|  0%| F|  |TAMS 0x0000000086e00000, 0x0000000086e00000| Untracked 
| 111|0x0000000086f00000, 0x0000000086f00000, 0x0000000087000000|  0%| F|  |TAMS 0x0000000086f00000, 0x0000000086f00000| Untracked 
| 112|0x0000000087000000, 0x0000000087000000, 0x0000000087100000|  0%| F|  |TAMS 0x0000000087000000, 0x0000000087000000| Untracked 
| 113|0x0000000087100000, 0x0000000087100000, 0x0000000087200000|  0%| F|  |TAMS 0x0000000087100000, 0x0000000087100000| Untracked 
| 114|0x0000000087200000, 0x0000000087200000, 0x0000000087300000|  0%| F|  |TAMS 0x0000000087200000, 0x0000000087200000| Untracked 
| 115|0x0000000087300000, 0x0000000087300000, 0x0000000087400000|  0%| F|  |TAMS 0x0000000087300000, 0x0000000087300000| Untracked 
| 116|0x0000000087400000, 0x0000000087400000, 0x0000000087500000|  0%| F|  |TAMS 0x0000000087400000, 0x0000000087400000| Untracked 
| 117|0x0000000087500000, 0x0000000087500000, 0x0000000087600000|  0%| F|  |TAMS 0x0000000087500000, 0x0000000087500000| Untracked 
| 118|0x0000000087600000, 0x0000000087600000, 0x0000000087700000|  0%| F|  |TAMS 0x0000000087600000, 0x0000000087600000| Untracked 
| 119|0x0000000087700000, 0x0000000087700000, 0x0000000087800000|  0%| F|  |TAMS 0x0000000087700000, 0x0000000087700000| Untracked 
| 120|0x0000000087800000, 0x0000000087800000, 0x0000000087900000|  0%| F|  |TAMS 0x0000000087800000, 0x0000000087800000| Untracked 
| 121|0x0000000087900000, 0x0000000087900000, 0x0000000087a00000|  0%| F|  |TAMS 0x0000000087900000, 0x0000000087900000| Untracked 
| 122|0x0000000087a00000, 0x0000000087a00000, 0x0000000087b00000|  0%| F|  |TAMS 0x0000000087a00000, 0x0000000087a00000| Untracked 
| 123|0x0000000087b00000, 0x0000000087b00000, 0x0000000087c00000|  0%| F|  |TAMS 0x0000000087b00000, 0x0000000087b00000| Untracked 
| 124|0x0000000087c00000, 0x0000000087c00000, 0x0000000087d00000|  0%| F|  |TAMS 0x0000000087c00000, 0x0000000087c00000| Untracked 
| 125|0x0000000087d00000, 0x0000000087d00000, 0x0000000087e00000|  0%| F|  |TAMS 0x0000000087d00000, 0x0000000087d00000| Untracked 
| 126|0x0000000087e00000, 0x0000000087e00000, 0x0000000087f00000|  0%| F|  |TAMS 0x0000000087e00000, 0x0000000087e00000| Untracked 
| 127|0x0000000087f00000, 0x0000000087f00000, 0x0000000088000000|  0%| F|  |TAMS 0x0000000087f00000, 0x0000000087f00000| Untracked 

Card table byte_map: [0x00000255ad600000,0x00000255ada00000] _byte_map_base: 0x00000255ad200000

Marking Bits (Prev, Next): (CMBitMap*) 0x000002559a716398, (CMBitMap*) 0x000002559a7163d0
 Prev Bits: [0x00000255ade00000, 0x00000255afe00000)
 Next Bits: [0x00000255afe00000, 0x00000255b1e00000)

Polling page: 0x0000025599eb0000

Metaspace:

Usage:
  Non-class:     18.23 MB capacity,    17.97 MB ( 99%) used,   238.20 KB (  1%) free+waste,    37.50 KB ( <1%) overhead. 
      Class:      2.48 MB capacity,     2.34 MB ( 94%) used,   128.48 KB (  5%) free+waste,    17.75 KB ( <1%) overhead. 
       Both:     20.72 MB capacity,    20.31 MB ( 98%) used,   366.68 KB (  2%) free+waste,    55.25 KB ( <1%) overhead. 

Virtual space:
  Non-class space:       20.00 MB reserved,      18.25 MB ( 91%) committed 
      Class space:        1.00 GB reserved,       2.50 MB ( <1%) committed 
             Both:        1.02 GB reserved,      20.75 MB (  2%) committed 

Chunk freelists:
   Non-Class:  16.00 KB
       Class:  16.00 KB
        Both:  32.00 KB

MaxMetaspaceSize: 17179869184.00 GB
CompressedClassSpaceSize: 1.00 GB
Initial GC threshold: 20.80 MB
Current GC threshold: 20.80 MB
CDS: off

CodeHeap 'non-profiled nmethods': size=120064Kb used=1646Kb max_used=1646Kb free=118418Kb
 bounds [0x00000255a5cc0000, 0x00000255a5f30000, 0x00000255ad200000]
CodeHeap 'profiled nmethods': size=120000Kb used=5086Kb max_used=5086Kb free=114914Kb
 bounds [0x000002559e790000, 0x000002559ec90000, 0x00000255a5cc0000]
CodeHeap 'non-nmethods': size=5696Kb used=1209Kb max_used=1267Kb free=4486Kb
 bounds [0x000002559e200000, 0x000002559e470000, 0x000002559e790000]
 total_blobs=2945 nmethods=2465 adapters=392
 compilation: enabled
              stopped_count=0, restarted_count=0
 full_count=0

Compilation events (20 events):
Event: 5.741 Thread 0x00000255b4307000 nmethod 2386 0x00000255a5e5af90 code [0x00000255a5e5b160, 0x00000255a5e5b328]
Event: 5.741 Thread 0x00000255b4307000 2370       4       com.android.tools.tracer.agent.objectweb.asm.commons.AdviceAdapter::visitTypeInsn (35 bytes)
Event: 5.743 Thread 0x00000255b430a800 2531       2       org.gradle.internal.service.DefaultServiceRegistry$ClassInspector$ClassDetails::locateAnnotation (44 bytes)
Event: 5.744 Thread 0x00000255b430a800 nmethod 2531 0x000002559ec80910 code [0x000002559ec80b20, 0x000002559ec80eb8]
Event: 5.747 Thread 0x00000255b430a800 2532       2       jdk.internal.org.objectweb.asm.ClassWriter::toByteArray (1423 bytes)
Event: 5.753 Thread 0x00000255b430a800 nmethod 2532 0x000002559ec81110 code [0x000002559ec817e0, 0x000002559ec837c8]
Event: 5.768 Thread 0x00000255b430a800 2533       2       org.gradle.internal.file.FilePathUtil::sizeOfCommonPrefix (142 bytes)
Event: 5.771 Thread 0x00000255b430a800 nmethod 2533 0x000002559ec84e90 code [0x000002559ec85100, 0x000002559ec85ab8]
Event: 5.771 Thread 0x00000255b430a800 2536       2       org.gradle.internal.file.FileHierarchySet$Node::sizeOfCommonPrefix (10 bytes)
Event: 5.771 Thread 0x00000255b430a800 nmethod 2536 0x000002559ec86210 code [0x000002559ec863c0, 0x000002559ec864c8]
Event: 5.771 Thread 0x00000255b430a800 2537       2       org.gradle.internal.file.FilePathUtil::sizeOfCommonPrefix (10 bytes)
Event: 5.771 Thread 0x00000255b430a800 nmethod 2537 0x000002559ec86590 code [0x000002559ec86740, 0x000002559ec86828]
Event: 5.771 Thread 0x00000255b430a800 2534       2       com.google.common.collect.AbstractIndexedListIterator::next (31 bytes)
Event: 5.772 Thread 0x00000255b430a800 nmethod 2534 0x000002559ec86910 code [0x000002559ec86ae0, 0x000002559ec86cd8]
Event: 5.772 Thread 0x00000255b430a800 2535       2       com.google.common.collect.Iterators$ArrayItr::get (12 bytes)
Event: 5.772 Thread 0x00000255b430a800 nmethod 2535 0x000002559ec86e10 code [0x000002559ec86fc0, 0x000002559ec870f8]
Event: 5.772 Thread 0x00000255b430a800 2538       1       java.lang.reflect.Method::getRoot (5 bytes)
Event: 5.772 Thread 0x00000255b430a800 nmethod 2538 0x00000255a5e5b510 code [0x00000255a5e5b6c0, 0x00000255a5e5b778]
Event: 5.802 Thread 0x00000255b430a800 2542       2       java.util.concurrent.ConcurrentHashMap::<init> (73 bytes)
Event: 5.803 Thread 0x00000255b430a800 nmethod 2542 0x000002559ec87210 code [0x000002559ec87400, 0x000002559ec87698]

GC Heap History (9 events):
Event: 0.834 GC heap before
{Heap before GC invocations=0 (full 0):
 garbage-first heap   total 131072K, used 14336K [0x0000000080000000, 0x0000000100000000)
  region size 1024K, 14 young (14336K), 0 survivors (0K)
 Metaspace       used 8267K, capacity 8378K, committed 8448K, reserved 1056768K
  class space    used 716K, capacity 747K, committed 768K, reserved 1048576K
}
Event: 0.840 GC heap after
{Heap after GC invocations=1 (full 0):
 garbage-first heap   total 131072K, used 1626K [0x0000000080000000, 0x0000000100000000)
  region size 1024K, 2 young (2048K), 2 survivors (2048K)
 Metaspace       used 8267K, capacity 8378K, committed 8448K, reserved 1056768K
  class space    used 716K, capacity 747K, committed 768K, reserved 1048576K
}
Event: 2.403 GC heap before
{Heap before GC invocations=1 (full 0):
 garbage-first heap   total 131072K, used 82522K [0x0000000080000000, 0x0000000100000000)
  region size 1024K, 76 young (77824K), 2 survivors (2048K)
 Metaspace       used 12452K, capacity 12742K, committed 12928K, reserved 1060864K
  class space    used 1251K, capacity 1356K, committed 1408K, reserved 1048576K
}
Event: 2.412 GC heap after
{Heap after GC invocations=2 (full 0):
 garbage-first heap   total 131072K, used 10067K [0x0000000080000000, 0x0000000100000000)
  region size 1024K, 7 young (7168K), 7 survivors (7168K)
 Metaspace       used 12452K, capacity 12742K, committed 12928K, reserved 1060864K
  class space    used 1251K, capacity 1356K, committed 1408K, reserved 1048576K
}
Event: 3.616 GC heap before
{Heap before GC invocations=2 (full 0):
 garbage-first heap   total 131072K, used 81747K [0x0000000080000000, 0x0000000100000000)
  region size 1024K, 76 young (77824K), 7 survivors (7168K)
 Metaspace       used 14579K, capacity 14905K, committed 14976K, reserved 1062912K
  class space    used 1527K, capacity 1651K, committed 1664K, reserved 1048576K
}
Event: 3.627 GC heap after
{Heap after GC invocations=3 (full 0):
 garbage-first heap   total 131072K, used 14953K [0x0000000080000000, 0x0000000100000000)
  region size 1024K, 10 young (10240K), 10 survivors (10240K)
 Metaspace       used 14579K, capacity 14905K, committed 14976K, reserved 1062912K
  class space    used 1527K, capacity 1651K, committed 1664K, reserved 1048576K
}
Event: 5.315 GC heap before
{Heap before GC invocations=3 (full 0):
 garbage-first heap   total 131072K, used 82537K [0x0000000080000000, 0x0000000100000000)
  region size 1024K, 76 young (77824K), 10 survivors (10240K)
 Metaspace       used 18668K, capacity 19028K, committed 19200K, reserved 1067008K
  class space    used 2105K, capacity 2239K, committed 2304K, reserved 1048576K
}
Event: 5.328 GC heap after
{Heap after GC invocations=4 (full 0):
 garbage-first heap   total 131072K, used 16724K [0x0000000080000000, 0x0000000100000000)
  region size 1024K, 2 young (2048K), 2 survivors (2048K)
 Metaspace       used 18668K, capacity 19028K, committed 19200K, reserved 1067008K
  class space    used 2105K, capacity 2239K, committed 2304K, reserved 1048576K
}
Event: 5.822 GC heap before
{Heap before GC invocations=4 (full 0):
 garbage-first heap   total 131072K, used 58708K [0x0000000080000000, 0x0000000100000000)
  region size 1024K, 44 young (45056K), 2 survivors (2048K)
 Metaspace       used 20794K, capacity 21216K, committed 21248K, reserved 1069056K
  class space    used 2397K, capacity 2544K, committed 2560K, reserved 1048576K
}

Deoptimization events (20 events):
Event: 5.773 Thread 0x00000255ba521800 DEOPT PACKING pc=0x000002559e84576d sp=0x000000de743f88f0
Event: 5.773 Thread 0x00000255ba521800 DEOPT UNPACKING pc=0x000002559e24a95e sp=0x000000de743f7f70 mode 0
Event: 5.775 Thread 0x00000255ba521800 Uncommon trap: trap_request=0xffffff4d fr.pc=0x00000255a5d80c30 relative=0x0000000000000a10
Event: 5.775 Thread 0x00000255ba521800 Uncommon trap: reason=unstable_if action=reinterpret pc=0x00000255a5d80c30 method=java.io.WinNTFileSystem.resolve(Ljava/lang/String;Ljava/lang/String;)Ljava/lang/String; @ 19 c2
Event: 5.775 Thread 0x00000255ba521800 DEOPT PACKING pc=0x00000255a5d80c30 sp=0x000000de743fccb0
Event: 5.775 Thread 0x00000255ba521800 DEOPT UNPACKING pc=0x000002559e24a1af sp=0x000000de743fcc48 mode 2
Event: 5.777 Thread 0x00000255ba521800 Uncommon trap: trap_request=0xffffffc6 fr.pc=0x00000255a5d8f924 relative=0x0000000000000084
Event: 5.777 Thread 0x00000255ba521800 Uncommon trap: reason=bimorphic_or_optimized_type_check action=maybe_recompile pc=0x00000255a5d8f924 method=java.util.AbstractList$Itr.hasNext()Z @ 8 c2
Event: 5.777 Thread 0x00000255ba521800 DEOPT PACKING pc=0x00000255a5d8f924 sp=0x000000de743fc140
Event: 5.777 Thread 0x00000255ba521800 DEOPT UNPACKING pc=0x000002559e24a1af sp=0x000000de743fc0d8 mode 2
Event: 5.777 Thread 0x00000255ba521800 Uncommon trap: trap_request=0xffffffc6 fr.pc=0x00000255a5d8fcf4 relative=0x0000000000000134
Event: 5.777 Thread 0x00000255ba521800 Uncommon trap: reason=bimorphic_or_optimized_type_check action=maybe_recompile pc=0x00000255a5d8fcf4 method=java.util.AbstractList$Itr.next()Ljava/lang/Object; @ 14 c2
Event: 5.777 Thread 0x00000255ba521800 DEOPT PACKING pc=0x00000255a5d8fcf4 sp=0x000000de743fc130
Event: 5.777 Thread 0x00000255ba521800 DEOPT UNPACKING pc=0x000002559e24a1af sp=0x000000de743fc0c8 mode 2
Event: 5.806 Thread 0x00000255ba521800 DEOPT PACKING pc=0x000002559e843712 sp=0x000000de743f8560
Event: 5.806 Thread 0x00000255ba521800 DEOPT UNPACKING pc=0x000002559e24a95e sp=0x000000de743f7be0 mode 0
Event: 5.815 Thread 0x00000255ba521800 Uncommon trap: trap_request=0xffffff4d fr.pc=0x00000255a5dfadc0 relative=0x0000000000000260
Event: 5.815 Thread 0x00000255ba521800 Uncommon trap: reason=unstable_if action=reinterpret pc=0x00000255a5dfadc0 method=com.android.tools.tracer.agent.objectweb.asm.commons.AdviceAdapter.visitJumpInsn(ILcom/android/tools/tracer/agent/objectweb/asm/Label;)V @ 21 c2
Event: 5.815 Thread 0x00000255ba521800 DEOPT PACKING pc=0x00000255a5dfadc0 sp=0x000000de743f6d90
Event: 5.815 Thread 0x00000255ba521800 DEOPT UNPACKING pc=0x000002559e24a1af sp=0x000000de743f6d58 mode 2

Classes redefined (0 events):
No events

Internal exceptions (20 events):
Event: 0.442 Thread 0x000002559a6d6000 Exception <a 'sun/nio/fs/WindowsException'{0x0000000087d2b700}> (0x0000000087d2b700) thrown at [src/hotspot/share/prims/jni.cpp, line 617]
Event: 0.442 Thread 0x000002559a6d6000 Exception <a 'sun/nio/fs/WindowsException'{0x0000000087d2b9d0}> (0x0000000087d2b9d0) thrown at [src/hotspot/share/prims/jni.cpp, line 617]
Event: 0.857 Thread 0x000002559a6d6000 Exception <a 'java/lang/NoSuchMethodError'{0x0000000087fc8f20}: 'int java.lang.invoke.DirectMethodHandle$Holder.invokeStaticInit(java.lang.Object, java.lang.Object)'> (0x0000000087fc8f20) thrown at [src/hotspot/share/interpreter/linkResolver.cpp, line 773]
Event: 0.979 Thread 0x000002559a6d6000 Exception <a 'java/lang/NoSuchMethodError'{0x0000000087ad5e98}: 'int java.lang.invoke.DirectMethodHandle$Holder.invokeSpecial(java.lang.Object, java.lang.Object, java.lang.Object, java.lang.Object)'> (0x0000000087ad5e98) thrown at [src/hotspot/share/interpreter/linkResolver.cpp, line 773]
Event: 0.991 Thread 0x000002559a6d6000 Exception <a 'java/lang/NoSuchMethodError'{0x000000008797fa08}: 'int java.lang.invoke.DirectMethodHandle$Holder.invokeSpecialIFC(java.lang.Object, java.lang.Object, int)'> (0x000000008797fa08) thrown at [src/hotspot/share/interpreter/linkResolver.cpp, line 773]
Event: 1.483 Thread 0x000002559a6d6000 Exception <a 'java/lang/NoClassDefFoundError'{0x0000000086788ad0}: org/slf4j/impl/StaticMarkerBinder> (0x0000000086788ad0) thrown at [src/hotspot/share/classfile/systemDictionary.cpp, line 219]
Event: 1.712 Thread 0x000002559a6d6000 Exception <a 'java/lang/NoSuchMethodError'{0x0000000085a53ce8}: 'java.lang.Object java.lang.invoke.DirectMethodHandle$Holder.invokeVirtual(java.lang.Object, java.lang.Object, java.lang.Object, java.lang.Object, java.lang.Object, java.lang.Object, java.lang.Object)'> (0x0000000085a53ce8) thrown at [src/hotspot/share/interpreter/linkResolver.cpp, line 773]
Event: 1.716 Thread 0x000002559a6d6000 Exception <a 'java/lang/NoSuchMethodError'{0x0000000085a7e420}: 'java.lang.Object java.lang.invoke.Invokers$Holder.invoker(java.lang.Object, java.lang.Object, java.lang.Object)'> (0x0000000085a7e420) thrown at [src/hotspot/share/interpreter/linkResolver.cpp, line 773]
Event: 1.724 Thread 0x000002559a6d6000 Exception <a 'java/lang/NoSuchMethodError'{0x0000000085ae1178}: 'void java.lang.invoke.DelegatingMethodHandle$Holder.delegate(java.lang.Object, java.lang.Object, int, java.lang.Object)'> (0x0000000085ae1178) thrown at [src/hotspot/share/interpreter/linkResolver.cpp, line 773]
Event: 3.094 Thread 0x000002559a6d6000 Exception <a 'java/security/PrivilegedActionException'{0x00000000863f4b98}> (0x00000000863f4b98) thrown at [src/hotspot/share/prims/jvm.cpp, line 1306]
Event: 3.094 Thread 0x000002559a6d6000 Exception <a 'java/security/PrivilegedActionException'{0x00000000863f5110}> (0x00000000863f5110) thrown at [src/hotspot/share/prims/jvm.cpp, line 1306]
Event: 3.946 Thread 0x000002559a6d6000 Exception <a 'java/lang/NoSuchMethodError'{0x0000000086622ba0}: 'java.lang.Object java.lang.invoke.DirectMethodHandle$Holder.invokeStaticInit(java.lang.Object, int, int, int, int)'> (0x0000000086622ba0) thrown at [src/hotspot/share/interpreter/linkResolver.cpp, line 773]
Event: 4.303 Thread 0x000002559a6d6000 Exception <a 'java/lang/NoSuchMethodError'{0x00000000865cd5f8}: 'java.lang.Object java.lang.invoke.DirectMethodHandle$Holder.invokeStaticInit(java.lang.Object, java.lang.Object, int, int, int, int)'> (0x00000000865cd5f8) thrown at [src/hotspot/share/interpreter/linkResolver.cpp, line 773]
Event: 4.966 Thread 0x000002559a6d6000 Exception <a 'java/io/IOException'{0x00000000859c5958}> (0x00000000859c5958) thrown at [src/hotspot/share/prims/jni.cpp, line 617]
Event: 5.240 Thread 0x00000255ba521800 Exception <a 'java/lang/NoSuchMethodError'{0x0000000084340620}: 'long java.lang.invoke.DirectMethodHandle$Holder.invokeInterface(java.lang.Object, java.lang.Object)'> (0x0000000084340620) thrown at [src/hotspot/share/interpreter/linkResolver.cpp, line 773]
Event: 5.243 Thread 0x00000255ba521800 Exception <a 'java/lang/NoSuchMethodError'{0x000000008434ec08}: 'void java.lang.invoke.DelegatingMethodHandle$Holder.reinvoke_L(java.lang.Object, java.lang.Object, java.lang.Object, java.lang.Object, java.lang.Object, java.lang.Object, java.lang.Object)'> (0x000000008434ec08) thrown at [src/hotspot/share/interpreter/linkResolver.cpp, line 773]
Event: 5.447 Thread 0x00000255ba521800 Exception <a 'java/lang/NoSuchMethodError'{0x00000000875eeb50}: 'void java.lang.invoke.DirectMethodHandle$Holder.invokeStaticInit(java.lang.Object)'> (0x00000000875eeb50) thrown at [src/hotspot/share/interpreter/linkResolver.cpp, line 773]
Event: 5.478 Thread 0x00000255ba521800 Exception <a 'java/lang/NoSuchMethodError'{0x00000000872baea8}: 'java.lang.Object java.lang.invoke.DirectMethodHandle$Holder.invokeStatic(java.lang.Object, java.lang.Object, java.lang.Object, int)'> (0x00000000872baea8) thrown at [src/hotspot/share/interpreter/linkResolver.cpp, line 773]
Event: 5.479 Thread 0x00000255ba521800 Exception <a 'java/lang/NoSuchMethodError'{0x00000000872bf070}: 'java.lang.Object java.lang.invoke.DirectMethodHandle$Holder.invokeSpecial(java.lang.Object, java.lang.Object, java.lang.Object, java.lang.Object, int)'> (0x00000000872bf070) thrown at [src/hotspot/share/interpreter/linkResolver.cpp, line 773]
Event: 5.479 Thread 0x00000255ba521800 Exception <a 'java/lang/NoSuchMethodError'{0x00000000872c2a58}: 'java.lang.Object java.lang.invoke.Invokers$Holder.linkToTargetMethod(java.lang.Object, java.lang.Object, int, java.lang.Object)'> (0x00000000872c2a58) thrown at [src/hotspot/share/interpreter/linkResolver.cpp, line 773]

Events (20 events):
Event: 5.811 loading class org/apache/commons/io/filefilter/IOFileFilter done
Event: 5.811 loading class java/io/FilenameFilter
Event: 5.811 loading class java/io/FilenameFilter done
Event: 5.811 loading class org/apache/commons/io/file/PathFilter
Event: 5.811 loading class org/apache/commons/io/file/PathFilter done
Event: 5.812 loading class java/nio/file/FileVisitor
Event: 5.813 loading class java/nio/file/FileVisitor done
Event: 5.813 loading class org/apache/commons/io/FileExistsException
Event: 5.813 loading class org/apache/commons/io/FileExistsException done
Event: 5.814 loading class org/apache/commons/io/IOExceptionList
Event: 5.814 loading class org/apache/commons/io/IOExceptionList done
Event: 5.816 loading class java/util/zip/CheckedInputStream
Event: 5.817 loading class java/util/zip/CheckedInputStream done
Event: 5.819 loading class org/gradle/internal/snapshot/CaseSensitivity
Event: 5.819 loading class org/gradle/internal/snapshot/CaseSensitivity done
Event: 5.820 loading class org/gradle/internal/vfs/impl/DefaultSnapshotHierarchy
Event: 5.820 loading class org/gradle/internal/vfs/impl/DefaultSnapshotHierarchy done
Event: 5.821 loading class org/gradle/internal/snapshot/SnapshotHierarchy
Event: 5.821 loading class org/gradle/internal/snapshot/SnapshotHierarchy done
Event: 5.821 Executing VM operation: CollectForMetadataAllocation


Dynamic libraries:
0x00007ff605dd0000 - 0x00007ff605dda000 	C:\Program Files\Android\Android Studio\jbr\bin\java.exe
0x00007ffe327f0000 - 0x00007ffe329e8000 	C:\WINDOWS\SYSTEM32\ntdll.dll
0x00007ffe31d30000 - 0x00007ffe31def000 	C:\WINDOWS\System32\KERNEL32.DLL
0x00007ffe30000000 - 0x00007ffe302da000 	C:\WINDOWS\System32\KERNELBASE.dll
0x00007ffe2ff00000 - 0x00007ffe30000000 	C:\WINDOWS\System32\ucrtbase.dll
0x00007ffe28820000 - 0x00007ffe28837000 	C:\Program Files\Android\Android Studio\jbr\bin\jli.dll
0x00007ffe2a010000 - 0x00007ffe2a02b000 	C:\Program Files\Android\Android Studio\jbr\bin\VCRUNTIME140.dll
0x00007ffe32600000 - 0x00007ffe3279d000 	C:\WINDOWS\System32\USER32.dll
0x00007ffe30780000 - 0x00007ffe307a2000 	C:\WINDOWS\System32\win32u.dll
0x00007ffe1e340000 - 0x00007ffe1e5da000 	C:\WINDOWS\WinSxS\amd64_microsoft.windows.common-controls_6595b64144ccf1df_6.0.19041.1110_none_60b5254171f9507e\COMCTL32.dll
0x00007ffe31400000 - 0x00007ffe3142b000 	C:\WINDOWS\System32\GDI32.dll
0x00007ffe32240000 - 0x00007ffe322de000 	C:\WINDOWS\System32\msvcrt.dll
0x00007ffe303c0000 - 0x00007ffe304d0000 	C:\WINDOWS\System32\gdi32full.dll
0x00007ffe307b0000 - 0x00007ffe3084d000 	C:\WINDOWS\System32\msvcp_win.dll
0x00007ffe30850000 - 0x00007ffe30880000 	C:\WINDOWS\System32\IMM32.DLL
0x00007ffe2cc60000 - 0x00007ffe2cc6c000 	C:\Program Files\Android\Android Studio\jbr\bin\vcruntime140_1.dll
0x00007ffe22ca0000 - 0x00007ffe22d2d000 	C:\Program Files\Android\Android Studio\jbr\bin\msvcp140.dll
0x00007ffdcc9a0000 - 0x00007ffdcd55c000 	C:\Program Files\Android\Android Studio\jbr\bin\server\jvm.dll
0x00007ffe31c80000 - 0x00007ffe31d2e000 	C:\WINDOWS\System32\ADVAPI32.dll
0x00007ffe310f0000 - 0x00007ffe3118c000 	C:\WINDOWS\System32\sechost.dll
0x00007ffe324d0000 - 0x00007ffe325f6000 	C:\WINDOWS\System32\RPCRT4.dll
0x00007ffe30880000 - 0x00007ffe30888000 	C:\WINDOWS\System32\PSAPI.DLL
0x00007ffe2ca20000 - 0x00007ffe2ca29000 	C:\WINDOWS\SYSTEM32\WSOCK32.dll
0x00007ffe1d6c0000 - 0x00007ffe1d6e7000 	C:\WINDOWS\SYSTEM32\WINMM.dll
0x00007ffe321d0000 - 0x00007ffe3223b000 	C:\WINDOWS\System32\WS2_32.dll
0x00007ffe209f0000 - 0x00007ffe209fa000 	C:\WINDOWS\SYSTEM32\VERSION.dll
0x00007ffe2e710000 - 0x00007ffe2e722000 	C:\WINDOWS\SYSTEM32\kernel.appcore.dll
0x00007ffe2b220000 - 0x00007ffe2b230000 	C:\Program Files\Android\Android Studio\jbr\bin\verify.dll
0x00007ffe1bf90000 - 0x00007ffe1c174000 	C:\WINDOWS\SYSTEM32\DBGHELP.DLL
0x00007ffe1bf50000 - 0x00007ffe1bf84000 	C:\WINDOWS\SYSTEM32\dbgcore.DLL
0x00007ffe302e0000 - 0x00007ffe30362000 	C:\WINDOWS\System32\bcryptPrimitives.dll
0x00007ffe23740000 - 0x00007ffe23768000 	C:\Program Files\Android\Android Studio\jbr\bin\java.dll
0x00007ffe2af80000 - 0x00007ffe2af8a000 	C:\Program Files\Android\Android Studio\jbr\bin\jimage.dll
0x00007ffe2a450000 - 0x00007ffe2a45e000 	C:\Program Files\Android\Android Studio\jbr\bin\instrument.dll
0x00007ffe25080000 - 0x00007ffe25098000 	C:\Program Files\Android\Android Studio\jbr\bin\zip.dll
0x00007ffe314a0000 - 0x00007ffe31be4000 	C:\WINDOWS\System32\SHELL32.dll
0x00007ffe2deb0000 - 0x00007ffe2e643000 	C:\WINDOWS\SYSTEM32\windows.storage.dll
0x00007ffe31df0000 - 0x00007ffe32144000 	C:\WINDOWS\System32\combase.dll
0x00007ffe2f7a0000 - 0x00007ffe2f7ce000 	C:\WINDOWS\SYSTEM32\Wldp.dll
0x00007ffe308f0000 - 0x00007ffe3099d000 	C:\WINDOWS\System32\SHCORE.dll
0x00007ffe31190000 - 0x00007ffe311e5000 	C:\WINDOWS\System32\shlwapi.dll
0x00007ffe2fe40000 - 0x00007ffe2fe5f000 	C:\WINDOWS\SYSTEM32\profapi.dll
0x00007ffe29fb0000 - 0x00007ffe29fba000 	C:\Program Files\Android\Android Studio\jbr\bin\management.dll
0x00007ffe28890000 - 0x00007ffe2889b000 	C:\Program Files\Android\Android Studio\jbr\bin\management_ext.dll
0x00007ffe24eb0000 - 0x00007ffe24ec9000 	C:\Program Files\Android\Android Studio\jbr\bin\net.dll
0x00007ffe221f0000 - 0x00007ffe222fa000 	C:\WINDOWS\SYSTEM32\WINHTTP.dll
0x00007ffe2f580000 - 0x00007ffe2f5ea000 	C:\WINDOWS\system32\mswsock.dll
0x00007ffe24950000 - 0x00007ffe24963000 	C:\Program Files\Android\Android Studio\jbr\bin\nio.dll
0x00007ffe1f250000 - 0x00007ffe1f267000 	C:\WINDOWS\system32\napinsp.dll
0x00007ffe24c70000 - 0x00007ffe24c8b000 	C:\WINDOWS\system32\pnrpnsp.dll
0x00007ffe29f30000 - 0x00007ffe29f45000 	C:\WINDOWS\system32\wshbth.dll
0x00007ffe2b1e0000 - 0x00007ffe2b1fd000 	C:\WINDOWS\system32\NLAapi.dll
0x00007ffe2f290000 - 0x00007ffe2f2cc000 	C:\WINDOWS\SYSTEM32\IPHLPAPI.DLL
0x00007ffe2f2d0000 - 0x00007ffe2f39b000 	C:\WINDOWS\SYSTEM32\DNSAPI.dll
0x00007ffe327a0000 - 0x00007ffe327a8000 	C:\WINDOWS\System32\NSI.dll
0x00007ffe28a30000 - 0x00007ffe28a42000 	C:\WINDOWS\System32\winrnr.dll
0x00007ffe20e00000 - 0x00007ffe20e0a000 	C:\Windows\System32\rasadhlp.dll
0x00007ffe21fb0000 - 0x00007ffe22030000 	C:\WINDOWS\System32\fwpuclnt.dll
0x00007ffe30750000 - 0x00007ffe30777000 	C:\WINDOWS\System32\bcrypt.dll
0x00007ffe10e30000 - 0x00007ffe10e57000 	C:\Users\shahzaib lptp\AndroidStudioProjects\loginsqlite\native\e1d6ef7f7dcc3fd88c89a11ec53ec762bb8ba0a96d01ffa2cd45eb1d1d8dd5c5\windows-amd64\native-platform.dll
0x00007ffe0faa0000 - 0x00007ffe0fbe4000 	C:\Users\shahzaib lptp\AndroidStudioProjects\loginsqlite\native\0d407fdbe67a94daf76414ababcb853783967236a71b16ec16e742cd7a986fd3\windows-amd64\native-platform-file-events.dll
0x00007ffe2fb20000 - 0x00007ffe2fb38000 	C:\WINDOWS\SYSTEM32\CRYPTSP.dll
0x00007ffe2eec0000 - 0x00007ffe2eef4000 	C:\WINDOWS\system32\rsaenh.dll
0x00007ffe2fe00000 - 0x00007ffe2fe2e000 	C:\WINDOWS\SYSTEM32\USERENV.dll
0x00007ffe2f710000 - 0x00007ffe2f71c000 	C:\WINDOWS\SYSTEM32\CRYPTBASE.dll
0x00007ffe23110000 - 0x00007ffe23127000 	C:\WINDOWS\SYSTEM32\dhcpcsvc6.DLL
0x00007ffe230f0000 - 0x00007ffe2310d000 	C:\WINDOWS\SYSTEM32\dhcpcsvc.DLL

dbghelp: loaded successfully - version: 4.0.5 - missing functions: none
symbol engine: initialized successfully - sym options: 0x614 - pdb path: .;C:\Program Files\Android\Android Studio\jbr\bin;C:\WINDOWS\SYSTEM32;C:\WINDOWS\WinSxS\amd64_microsoft.windows.common-controls_6595b64144ccf1df_6.0.19041.1110_none_60b5254171f9507e;C:\Program Files\Android\Android Studio\jbr\bin\server;C:\Users\shahzaib lptp\AndroidStudioProjects\loginsqlite\native\e1d6ef7f7dcc3fd88c89a11ec53ec762bb8ba0a96d01ffa2cd45eb1d1d8dd5c5\windows-amd64;C:\Users\shahzaib lptp\AndroidStudioProjects\loginsqlite\native\0d407fdbe67a94daf76414ababcb853783967236a71b16ec16e742cd7a986fd3\windows-amd64

VM Arguments:
jvm_args: -javaagent:C:\Program Files\Android\Android Studio\plugins\android\resources\trace_agent.jar=C:\Users\SHAHZA~1\AppData\Local\Temp\sync.trace.profile --add-opens=java.base/java.util=ALL-UNNAMED --add-opens=java.base/java.lang=ALL-UNNAMED --add-opens=java.base/java.lang.invoke=ALL-UNNAMED --add-opens=java.base/java.util=ALL-UNNAMED --add-opens=java.prefs/java.util.prefs=ALL-UNNAMED --add-opens=java.prefs/java.util.prefs=ALL-UNNAMED --add-opens=java.base/java.nio.charset=ALL-UNNAMED --add-opens=java.base/java.net=ALL-UNNAMED --add-opens=java.base/java.util.concurrent.atomic=ALL-UNNAMED -Xmx2048m -Dfile.encoding=UTF-8 -Duser.country=US -Duser.language=en -Duser.variant 
java_command: org.gradle.launcher.daemon.bootstrap.GradleDaemon 7.5
java_class_path (initial): C:\Users\shahzaib lptp\AndroidStudioProjects\loginsqlite\wrapper\dists\gradle-7.5-bin\f1w0cc9nuo0eivz97x2xlu9sv\gradle-7.5\lib\gradle-launcher-7.5.jar
Launcher Type: SUN_STANDARD

[Global flags]
     intx CICompilerCount                          = 3                                         {product} {ergonomic}
     uint ConcGCThreads                            = 1                                         {product} {ergonomic}
     uint G1ConcRefinementThreads                  = 4                                         {product} {ergonomic}
   size_t G1HeapRegionSize                         = 1048576                                   {product} {ergonomic}
    uintx GCDrainStackTargetSize                   = 64                                        {product} {ergonomic}
   size_t InitialHeapSize                          = 134217728                                 {product} {ergonomic}
   size_t MarkStackSize                            = 4194304                                   {product} {ergonomic}
   size_t MaxHeapSize                              = 2147483648                                {product} {command line}
   size_t MaxNewSize                               = 1287651328                                {product} {ergonomic}
   size_t MinHeapDeltaBytes                        = 1048576                                   {product} {ergonomic}
    uintx NonNMethodCodeHeapSize                   = 5830732                                {pd product} {ergonomic}
    uintx NonProfiledCodeHeapSize                  = 122913754                              {pd product} {ergonomic}
    uintx ProfiledCodeHeapSize                     = 122913754                              {pd product} {ergonomic}
    uintx ReservedCodeCacheSize                    = 251658240                              {pd product} {ergonomic}
     bool SegmentedCodeCache                       = true                                      {product} {ergonomic}
     bool UseCompressedClassPointers               = true                                 {lp64_product} {ergonomic}
     bool UseCompressedOops                        = true                                 {lp64_product} {ergonomic}
     bool UseG1GC                                  = true                                      {product} {ergonomic}
     bool UseLargePagesIndividualAllocation        = false                                  {pd product} {ergonomic}

Logging:
Log output configuration:
 #0: stdout all=warning uptime,level,tags
 #1: stderr all=off uptime,level,tags

Environment Variables:
PATH=C:\Program Files\Python310\Scripts\;C:\Program Files\Python310\;C:\Program Files\Common Files\Oracle\Java\javapath;C:\app\bin;C:\app\shahzaiblptp\product\11.2.0\dbhome_1\bin;C:\WINDOWS\system32;C:\WINDOWS;C:\WINDOWS\System32\Wbem;C:\WINDOWS\System32\WindowsPowerShell\v1.0\;c:\Program Files (x86)\Microsoft SQL Server\100\Tools\Binn\;c:\Program Files\Microsoft SQL Server\100\Tools\Binn\;c:\Program Files\Microsoft SQL Server\100\DTS\Binn\;C:\WINDOWS\System32\OpenSSH\;C:\ProgramData\chocolatey\bin;%JAVA_HOME%\bin;C:\Users\shahzaib lptp\AppData\Local\Microsoft\WindowsApps;C:\Program Files\JetBrains\IntelliJ IDEA Community Edition 2021.3\bin;;C:\Program Files\Python310\PyCharm Community Edition 2022.1\bin;;C:\Users\shahzaib lptp\AppData\Local\Programs\Microsoft VS Code\bin;C:\Program Files\flutter\bin;C:\src\flutter\bin;C:\Program Files\Android\Android Studio\bin;
USERNAME=shahzaib lptp
OS=Windows_NT
PROCESSOR_IDENTIFIER=Intel64 Family 6 Model 69 Stepping 1, GenuineIntel



---------------  S Y S T E M  ---------------

OS: Windows 10 , 64 bit Build 19041 (10.0.19041.2788)
OS uptime: 8 days 18:01 hours
Hyper-V role detected

CPU:total 4 (initial active 4) (2 cores per cpu, 2 threads per core) family 6 model 69 stepping 1 microcode 0x26, cmov, cx8, fxsr, mmx, sse, sse2, sse3, ssse3, sse4.1, sse4.2, popcnt, avx, avx2, aes, clmul, erms, lzcnt, ht, tsc, tscinvbit, bmi1, bmi2, fma

Memory: 4k page, system-wide physical 8073M (1614M free)
TotalPageFile size 10073M (AvailPageFile size 25M)
current process WorkingSet (physical memory assigned to process): 247M, peak: 249M
current process commit charge ("private bytes"): 302M, peak: 330M

vm_info: OpenJDK 64-Bit Server VM (11.0.15+0-b2043.56-9505619) for windows-amd64 JRE (11.0.15+0-b2043.56-9505619), built on Jan 19 2023 02:48:00 by "builduser" with unknown MS VC++:1929

END.
