#
# There is insufficient memory for the Java Runtime Environment to continue.
# Native memory allocation (malloc) failed to allocate 1234096 bytes for Chunk::new
# Possible reasons:
#   The system is out of physical RAM or swap space
#   The process is running with CompressedOops enabled, and the Java Heap may be blocking the growth of the native heap
# Possible solutions:
#   Reduce memory load on the system
#   Increase physical memory or swap space
#   Check if swap backing store is full
#   Decrease Java heap size (-Xmx/-Xms)
#   Decrease number of Java threads
#   Decrease Java thread stack sizes (-Xss)
#   Set larger code cache with -XX:ReservedCodeCacheSize=
#   JVM is running with Unscaled Compressed Oops mode in which the Java heap is
#     placed in the first 4GB address space. The Java Heap base address is the
#     maximum limit for the native heap growth. Please use -XX:HeapBaseMinAddress
#     to set the Java Heap base and to place the Java Heap above 4GB virtual address.
# This output file may be truncated or incomplete.
#
#  Out of Memory Error (src/hotspot/share/memory/arena.cpp:197), pid=6568, tid=12672
#
# JRE version: OpenJDK Runtime Environment (11.0.15) (build 11.0.15+0-b2043.56-9505619)
# Java VM: OpenJDK 64-Bit Server VM (11.0.15+0-b2043.56-9505619, mixed mode, tiered, compressed oops, g1 gc, windows-amd64)
# No core dump will be written. Minidumps are not enabled by default on client versions of Windows
#

---------------  S U M M A R Y ------------

Command Line: --add-opens=java.base/java.util.concurrent.atomic=ALL-UNNAMED -javaagent:C:\Program Files\Android\Android Studio\plugins\android\resources\trace_agent.jar=C:\Users\SHAHZA~1\AppData\Local\Temp\sync.trace.profile --add-opens=java.base/java.util=ALL-UNNAMED --add-opens=java.base/java.lang=ALL-UNNAMED --add-opens=java.base/java.lang.invoke=ALL-UNNAMED --add-opens=java.prefs/java.util.prefs=ALL-UNNAMED --add-opens=java.base/java.nio.charset=ALL-UNNAMED --add-opens=java.base/java.net=ALL-UNNAMED --add-opens=java.base/java.util.concurrent.atomic=ALL-UNNAMED -Xmx2048m -Dfile.encoding=UTF-8 -Duser.country=US -Duser.language=en -Duser.variant -javaagent:C:\Users\shahzaib lptp\AndroidStudioProjects\loginsqlite\wrapper\dists\gradle-8.3-rc-1-bin\3lbs5z64xhcdp1uarsx2vp16o\gradle-8.3-rc-1\lib\agents\gradle-instrumentation-agent-8.3.jar org.gradle.launcher.daemon.bootstrap.GradleDaemon 8.3-rc-1

Host: Intel(R) Core(TM) i5-4310U CPU @ 2.00GHz, 4 cores, 7G,  Windows 10 , 64 bit Build 19041 (10.0.19041.3031)
Time: Fri Jul 28 00:59:03 2023 Pakistan Standard Time elapsed time: 61.963998 seconds (0d 0h 1m 1s)

---------------  T H R E A D  ---------------

Current thread (0x000001f395e63800):  JavaThread "C2 CompilerThread1" daemon [_thread_in_native, id=12672, stack(0x0000004b94500000,0x0000004b94600000)]


Current CompileTask:
C2:  61964 12466       4       org.gradle.internal.operations.DefaultBuildOperationRunner$2::execute (12 bytes)

Stack: [0x0000004b94500000,0x0000004b94600000]
Native frames: (J=compiled Java code, j=interpreted, Vv=VM code, C=native code)
V  [jvm.dll+0x64135a]
V  [jvm.dll+0x7d39f9]
V  [jvm.dll+0x7d51b9]
V  [jvm.dll+0x7d58a3]
V  [jvm.dll+0x2691c5]
V  [jvm.dll+0xc1a5c]
V  [jvm.dll+0xc200c]
V  [jvm.dll+0x3774a7]
V  [jvm.dll+0x1b3732]
V  [jvm.dll+0x22163e]
V  [jvm.dll+0x220498]
V  [jvm.dll+0x19e851]
V  [jvm.dll+0x230479]
V  [jvm.dll+0x22e5ef]
V  [jvm.dll+0x794de1]
V  [jvm.dll+0x78dc24]
V  [jvm.dll+0x6400f6]
C  [ucrtbase.dll+0x21bb2]
C  [KERNEL32.DLL+0x17614]
C  [ntdll.dll+0x526f1]


---------------  P R O C E S S  ---------------

Threads class SMR info:
_java_thread_list=0x000001f399d90090, length=72, elements={
0x000001f3f9244800, 0x000001f3ffe65800, 0x000001f3ffe6f000, 0x000001f3ffe81800,
0x000001f3ffe83000, 0x000001f3ffe84800, 0x000001f3ffe87800, 0x000001f3ffe89000,
0x000001f3ffe90000, 0x000001f3ffe01800, 0x000001f3966d9000, 0x000001f395873800,
0x000001f398376000, 0x000001f3984d2000, 0x000001f3960c5000, 0x000001f39459c800,
0x000001f39887e800, 0x000001f397fe2000, 0x000001f3992f0800, 0x000001f39449f000,
0x000001f395fcd800, 0x000001f395fc9800, 0x000001f395fc7800, 0x000001f395fcc800,
0x000001f395fce000, 0x000001f395fc8800, 0x000001f395fca000, 0x000001f395fcc000,
0x000001f393f9a800, 0x000001f393f96800, 0x000001f393f97000, 0x000001f393f98000,
0x000001f393f98800, 0x000001f3977c8000, 0x000001f3977c6800, 0x000001f3977ca800,
0x000001f3977ca000, 0x000001f3977c5800, 0x000001f3977c5000, 0x000001f3977ce000,
0x000001f3977cc000, 0x000001f3977d0800, 0x000001f3977ce800, 0x000001f3977cb800,
0x000001f3977d2000, 0x000001f3977d3000, 0x000001f3977d1000, 0x000001f3977d3800,
0x000001f393cdc000, 0x000001f393cde000, 0x000001f393ce0000, 0x000001f393cdb000,
0x000001f393ce0800, 0x000001f393ce1800, 0x000001f393ce2800, 0x000001f395e63800,
0x000001f393cdc800, 0x000001f393ce3000, 0x000001f393cdd800, 0x000001f393ce4000,
0x000001f393cdf000, 0x000001f393ce9000, 0x000001f393ce4800, 0x000001f393ce9800,
0x000001f393ce5800, 0x000001f393ce7000, 0x000001f393ce6800, 0x000001f393ce8000,
0x000001f399563800, 0x000001f399564800, 0x000001f399565800, 0x000001f399562000
}

Java Threads: ( => current thread )
  0x000001f3f9244800 JavaThread "main" [_thread_blocked, id=12812, stack(0x0000004b90300000,0x0000004b90400000)]
  0x000001f3ffe65800 JavaThread "Reference Handler" daemon [_thread_blocked, id=12480, stack(0x0000004b90a00000,0x0000004b90b00000)]
  0x000001f3ffe6f000 JavaThread "Finalizer" daemon [_thread_blocked, id=12992, stack(0x0000004b90b00000,0x0000004b90c00000)]
  0x000001f3ffe81800 JavaThread "Signal Dispatcher" daemon [_thread_blocked, id=10648, stack(0x0000004b90c00000,0x0000004b90d00000)]
  0x000001f3ffe83000 JavaThread "Attach Listener" daemon [_thread_blocked, id=12192, stack(0x0000004b90d00000,0x0000004b90e00000)]
  0x000001f3ffe84800 JavaThread "Service Thread" daemon [_thread_blocked, id=4516, stack(0x0000004b90e00000,0x0000004b90f00000)]
  0x000001f3ffe87800 JavaThread "C2 CompilerThread0" daemon [_thread_in_native, id=9612, stack(0x0000004b90f00000,0x0000004b91000000)]
  0x000001f3ffe89000 JavaThread "C1 CompilerThread0" daemon [_thread_blocked, id=7052, stack(0x0000004b91000000,0x0000004b91100000)]
  0x000001f3ffe90000 JavaThread "Sweeper thread" daemon [_thread_blocked, id=3828, stack(0x0000004b91100000,0x0000004b91200000)]
  0x000001f3ffe01800 JavaThread "Common-Cleaner" daemon [_thread_blocked, id=3516, stack(0x0000004b91200000,0x0000004b91300000)]
  0x000001f3966d9000 JavaThread "Daemon health stats" [_thread_blocked, id=1016, stack(0x0000004b91700000,0x0000004b91800000)]
  0x000001f395873800 JavaThread "Incoming local TCP Connector on port 57576" [_thread_in_native, id=5788, stack(0x0000004b91800000,0x0000004b91900000)]
  0x000001f398376000 JavaThread "Daemon periodic checks" [_thread_blocked, id=5048, stack(0x0000004b91900000,0x0000004b91a00000)]
  0x000001f3984d2000 JavaThread "Daemon" [_thread_blocked, id=7668, stack(0x0000004b91a00000,0x0000004b91b00000)]
  0x000001f3960c5000 JavaThread "Handler for socket connection from /127.0.0.1:57576 to /127.0.0.1:57577" [_thread_in_native, id=9200, stack(0x0000004b91b00000,0x0000004b91c00000)]
  0x000001f39459c800 JavaThread "Cancel handler" [_thread_blocked, id=11780, stack(0x0000004b91d00000,0x0000004b91e00000)]
  0x000001f39887e800 JavaThread "Daemon worker" [_thread_blocked, id=7424, stack(0x0000004b91e00000,0x0000004b91f00000)]
  0x000001f397fe2000 JavaThread "Asynchronous log dispatcher for DefaultDaemonConnection: socket connection from /127.0.0.1:57576 to /127.0.0.1:57577" [_thread_blocked, id=10460, stack(0x0000004b91f00000,0x0000004b92000000)]
  0x000001f3992f0800 JavaThread "Stdin handler" [_thread_blocked, id=3864, stack(0x0000004b92000000,0x0000004b92100000)]
  0x000001f39449f000 JavaThread "Daemon client event forwarder" [_thread_blocked, id=11588, stack(0x0000004b92100000,0x0000004b92200000)]
  0x000001f395fcd800 JavaThread "Cache worker for journal cache (C:\Users\shahzaib lptp\AndroidStudioProjects\loginsqlite\caches\journal-1)" [_thread_blocked, id=9444, stack(0x0000004b91300000,0x0000004b91400000)]
  0x000001f395fc9800 JavaThread "File lock request listener" [_thread_in_native, id=14304, stack(0x0000004b92200000,0x0000004b92300000)]
  0x000001f395fc7800 JavaThread "Cache worker for file hash cache (C:\Users\shahzaib lptp\AndroidStudioProjects\loginsqlite\caches\8.3-rc-1\fileHashes)" [_thread_blocked, id=1980, stack(0x0000004b92400000,0x0000004b92500000)]
  0x000001f395fcc800 JavaThread "File watcher server" daemon [_thread_in_native, id=4756, stack(0x0000004b92300000,0x0000004b92400000)]
  0x000001f395fce000 JavaThread "File watcher consumer" daemon [_thread_blocked, id=744, stack(0x0000004b92500000,0x0000004b92600000)]
  0x000001f395fc8800 JavaThread "Cache worker for checksums cache (C:\Users\shahzaib lptp\AndroidStudioProjects\EyeonwaterApp\.gradle\8.3-rc-1\checksums)" [_thread_blocked, id=10552, stack(0x0000004b92600000,0x0000004b92700000)]
  0x000001f395fca000 JavaThread "Cache worker for file hash cache (C:\Users\shahzaib lptp\AndroidStudioProjects\EyeonwaterApp\.gradle\8.3-rc-1\fileHashes)" [_thread_blocked, id=12692, stack(0x0000004b92700000,0x0000004b92800000)]
  0x000001f395fcc000 JavaThread "Cache worker for cache directory md-supplier (C:\Users\shahzaib lptp\AndroidStudioProjects\loginsqlite\caches\8.3-rc-1\md-supplier)" [_thread_blocked, id=12680, stack(0x0000004b92800000,0x0000004b92900000)]
  0x000001f393f9a800 JavaThread "Cache worker for file content cache (C:\Users\shahzaib lptp\AndroidStudioProjects\loginsqlite\caches\8.3-rc-1\fileContent)" [_thread_blocked, id=13932, stack(0x0000004b92900000,0x0000004b92a00000)]
  0x000001f393f96800 JavaThread "Cache worker for cache directory md-rule (C:\Users\shahzaib lptp\AndroidStudioProjects\loginsqlite\caches\8.3-rc-1\md-rule)" [_thread_blocked, id=9128, stack(0x0000004b92a00000,0x0000004b92b00000)]
  0x000001f393f97000 JavaThread "Cache worker for execution history cache (C:\Users\shahzaib lptp\AndroidStudioProjects\loginsqlite\caches\8.3-rc-1\executionHistory)" [_thread_blocked, id=6296, stack(0x0000004b92b00000,0x0000004b92c00000)]
  0x000001f393f98000 JavaThread "jar transforms" [_thread_blocked, id=2948, stack(0x0000004b92d00000,0x0000004b92e00000)]
  0x000001f393f98800 JavaThread "jar transforms Thread 2" [_thread_blocked, id=12464, stack(0x0000004b92e00000,0x0000004b92f00000)]
  0x000001f3977c8000 JavaThread "jar transforms Thread 3" [_thread_blocked, id=1640, stack(0x0000004b92f00000,0x0000004b93000000)]
  0x000001f3977c6800 JavaThread "jar transforms Thread 4" [_thread_blocked, id=9420, stack(0x0000004b93000000,0x0000004b93100000)]
  0x000001f3977ca800 JavaThread "Cache worker for dependencies-accessors (C:\Users\shahzaib lptp\AndroidStudioProjects\EyeonwaterApp\.gradle\8.3-rc-1\dependencies-accessors)" [_thread_blocked, id=7408, stack(0x0000004b93100000,0x0000004b93200000)]
  0x000001f3977ca000 JavaThread "Cache worker for Build Output Cleanup Cache (C:\Users\shahzaib lptp\AndroidStudioProjects\EyeonwaterApp\.gradle\buildOutputCleanup)" [_thread_blocked, id=2556, stack(0x0000004b93200000,0x0000004b93300000)]
  0x000001f3977c5800 JavaThread "Unconstrained build operations" [_thread_blocked, id=3228, stack(0x0000004b90100000,0x0000004b90200000)]
  0x000001f3977c5000 JavaThread "Unconstrained build operations Thread 2" [_thread_blocked, id=7984, stack(0x0000004b93300000,0x0000004b93400000)]
  0x000001f3977ce000 JavaThread "Unconstrained build operations Thread 3" [_thread_blocked, id=12076, stack(0x0000004b93400000,0x0000004b93500000)]
  0x000001f3977cc000 JavaThread "build event listener" [_thread_blocked, id=13800, stack(0x0000004b92c00000,0x0000004b92d00000)]
  0x000001f3977d0800 JavaThread "Memory manager" [_thread_blocked, id=11848, stack(0x0000004b93800000,0x0000004b93900000)]
  0x000001f3977ce800 JavaThread "pool-3-thread-1" [_thread_blocked, id=7184, stack(0x0000004b93700000,0x0000004b93800000)]
  0x000001f3977cb800 JavaThread "build event listener" [_thread_blocked, id=11580, stack(0x0000004b93900000,0x0000004b93a00000)]
  0x000001f3977d2000 JavaThread "included builds" [_thread_in_Java, id=3296, stack(0x0000004b93b00000,0x0000004b93c00000)]
  0x000001f3977d3000 JavaThread "Execution worker" [_thread_blocked, id=5260, stack(0x0000004b93c00000,0x0000004b93d00000)]
  0x000001f3977d1000 JavaThread "Execution worker Thread 2" [_thread_blocked, id=8384, stack(0x0000004b93d00000,0x0000004b93e00000)]
  0x000001f3977d3800 JavaThread "Execution worker Thread 3" [_thread_blocked, id=904, stack(0x0000004b93e00000,0x0000004b93f00000)]
  0x000001f393cdc000 JavaThread "Cache worker for execution history cache (C:\Users\shahzaib lptp\AndroidStudioProjects\EyeonwaterApp\.gradle\8.3-rc-1\executionHistory)" [_thread_blocked, id=11108, stack(0x0000004b93f00000,0x0000004b94000000)]
  0x000001f393cde000 JavaThread "Unconstrained build operations Thread 4" [_thread_blocked, id=8744, stack(0x0000004b94000000,0x0000004b94100000)]
  0x000001f393ce0000 JavaThread "Unconstrained build operations Thread 5" [_thread_blocked, id=14060, stack(0x0000004b94100000,0x0000004b94200000)]
  0x000001f393cdb000 JavaThread "Unconstrained build operations Thread 6" [_thread_blocked, id=14052, stack(0x0000004b94200000,0x0000004b94300000)]
  0x000001f393ce0800 JavaThread "Unconstrained build operations Thread 7" [_thread_blocked, id=11672, stack(0x0000004b93a00000,0x0000004b93b00000)]
  0x000001f393ce1800 JavaThread "Unconstrained build operations Thread 8" [_thread_blocked, id=6012, stack(0x0000004b94300000,0x0000004b94400000)]
  0x000001f393ce2800 JavaThread "Unconstrained build operations Thread 9" [_thread_blocked, id=13012, stack(0x0000004b94400000,0x0000004b94500000)]
=>0x000001f395e63800 JavaThread "C2 CompilerThread1" daemon [_thread_in_native, id=12672, stack(0x0000004b94500000,0x0000004b94600000)]
  0x000001f393cdc800 JavaThread "Unconstrained build operations Thread 10" [_thread_blocked, id=9604, stack(0x0000004b94600000,0x0000004b94700000)]
  0x000001f393ce3000 JavaThread "Unconstrained build operations Thread 11" [_thread_blocked, id=4744, stack(0x0000004b94700000,0x0000004b94800000)]
  0x000001f393cdd800 JavaThread "Unconstrained build operations Thread 12" [_thread_blocked, id=6252, stack(0x0000004b94800000,0x0000004b94900000)]
  0x000001f393ce4000 JavaThread "Unconstrained build operations Thread 13" [_thread_blocked, id=6184, stack(0x0000004b94900000,0x0000004b94a00000)]
  0x000001f393cdf000 JavaThread "Unconstrained build operations Thread 14" [_thread_blocked, id=11544, stack(0x0000004b94a00000,0x0000004b94b00000)]
  0x000001f393ce9000 JavaThread "Unconstrained build operations Thread 15" [_thread_blocked, id=10600, stack(0x0000004b94b00000,0x0000004b94c00000)]
  0x000001f393ce4800 JavaThread "Unconstrained build operations Thread 16" [_thread_blocked, id=11776, stack(0x0000004b94c00000,0x0000004b94d00000)]
  0x000001f393ce9800 JavaThread "Unconstrained build operations Thread 17" [_thread_blocked, id=12644, stack(0x0000004b90000000,0x0000004b90100000)]
  0x000001f393ce5800 JavaThread "Unconstrained build operations Thread 18" [_thread_blocked, id=5344, stack(0x0000004b90200000,0x0000004b90300000)]
  0x000001f393ce7000 JavaThread "Unconstrained build operations Thread 19" [_thread_blocked, id=7276, stack(0x0000004b94d00000,0x0000004b94e00000)]
  0x000001f393ce6800 JavaThread "Unconstrained build operations Thread 20" [_thread_blocked, id=736, stack(0x0000004b94e00000,0x0000004b94f00000)]
  0x000001f393ce8000 JavaThread "Unconstrained build operations Thread 21" [_thread_blocked, id=1620, stack(0x0000004b94f00000,0x0000004b95000000)]
  0x000001f399563800 JavaThread "Unconstrained build operations Thread 22" [_thread_blocked, id=12172, stack(0x0000004b95000000,0x0000004b95100000)]
  0x000001f399564800 JavaThread "Unconstrained build operations Thread 23" [_thread_blocked, id=12576, stack(0x0000004b95100000,0x0000004b95200000)]
  0x000001f399565800 JavaThread "Unconstrained build operations Thread 24" [_thread_blocked, id=9512, stack(0x0000004b95200000,0x0000004b95300000)]
  0x000001f399562000 JavaThread "Unconstrained build operations Thread 25" [_thread_blocked, id=6812, stack(0x0000004b95300000,0x0000004b95400000)]

Other Threads:
  0x000001f3ffe63000 VMThread "VM Thread" [stack: 0x0000004b90900000,0x0000004b90a00000] [id=5564]
  0x000001f394945800 WatcherThread [stack: 0x0000004b91400000,0x0000004b91500000] [id=13660]
  0x000001f3f925e800 GCTaskThread "GC Thread#0" [stack: 0x0000004b90400000,0x0000004b90500000] [id=14300]
  0x000001f394ca9000 GCTaskThread "GC Thread#1" [stack: 0x0000004b91500000,0x0000004b91600000] [id=13664]
  0x000001f3947a5000 GCTaskThread "GC Thread#2" [stack: 0x0000004b91600000,0x0000004b91700000] [id=1968]
  0x000001f3957c7800 GCTaskThread "GC Thread#3" [stack: 0x0000004b91c00000,0x0000004b91d00000] [id=6344]
  0x000001f3f928d800 ConcurrentGCThread "G1 Main Marker" [stack: 0x0000004b90500000,0x0000004b90600000] [id=4072]
  0x000001f3f928f000 ConcurrentGCThread "G1 Conc#0" [stack: 0x0000004b90600000,0x0000004b90700000] [id=14068]
  0x000001f3ffcb0800 ConcurrentGCThread "G1 Refine#0" [stack: 0x0000004b90700000,0x0000004b90800000] [id=8320]
  0x000001f3ffcb1000 ConcurrentGCThread "G1 Young RemSet Sampling" [stack: 0x0000004b90800000,0x0000004b90900000] [id=13948]

Threads with active compile tasks:
C2 CompilerThread0    62030 12467   !   4       org.gradle.internal.operations.DefaultBuildOperationRunner$2::execute (110 bytes)
C2 CompilerThread1    62031 12466       4       org.gradle.internal.operations.DefaultBuildOperationRunner$2::execute (12 bytes)

VM state:not at safepoint (normal execution)

VM Mutex/Monitor currently owned by a thread: None

Heap address: 0x0000000080000000, size: 2048 MB, Compressed Oops mode: 32-bit
Narrow klass base: 0x0000000000000000, Narrow klass shift: 3
Compressed class space size: 1073741824 Address: 0x0000000100000000

Heap:
 garbage-first heap   total 227328K, used 137071K [0x0000000080000000, 0x0000000100000000)
  region size 1024K, 50 young (51200K), 10 survivors (10240K)
 Metaspace       used 92644K, capacity 95652K, committed 95820K, reserved 1132544K
  class space    used 11983K, capacity 13122K, committed 13132K, reserved 1048576K
Heap Regions: E=young(eden), S=young(survivor), O=old, HS=humongous(starts), HC=humongous(continues), CS=collection set, F=free, A=archive, TAMS=top-at-mark-start (previous, next)
|   0|0x0000000080000000, 0x0000000080100000, 0x0000000080100000|100%|HS|  |TAMS 0x0000000080100000, 0x0000000080000000| Complete 
|   1|0x0000000080100000, 0x0000000080200000, 0x0000000080200000|100%|HC|  |TAMS 0x0000000080200000, 0x0000000080100000| Complete 
|   2|0x0000000080200000, 0x0000000080300000, 0x0000000080300000|100%|HC|  |TAMS 0x0000000080300000, 0x0000000080200000| Complete 
|   3|0x0000000080300000, 0x0000000080400000, 0x0000000080400000|100%|HC|  |TAMS 0x0000000080400000, 0x0000000080300000| Complete 
|   4|0x0000000080400000, 0x0000000080500000, 0x0000000080500000|100%| O|  |TAMS 0x0000000080500000, 0x0000000080400000| Untracked 
|   5|0x0000000080500000, 0x0000000080600000, 0x0000000080600000|100%| O|  |TAMS 0x0000000080600000, 0x0000000080500000| Untracked 
|   6|0x0000000080600000, 0x0000000080700000, 0x0000000080700000|100%| O|  |TAMS 0x0000000080700000, 0x0000000080600000| Untracked 
|   7|0x0000000080700000, 0x0000000080800000, 0x0000000080800000|100%| O|  |TAMS 0x0000000080800000, 0x0000000080700000| Untracked 
|   8|0x0000000080800000, 0x0000000080900000, 0x0000000080900000|100%| O|  |TAMS 0x0000000080900000, 0x0000000080800000| Untracked 
|   9|0x0000000080900000, 0x0000000080a00000, 0x0000000080a00000|100%| O|  |TAMS 0x0000000080a00000, 0x0000000080900000| Untracked 
|  10|0x0000000080a00000, 0x0000000080b00000, 0x0000000080b00000|100%| O|  |TAMS 0x0000000080b00000, 0x0000000080a00000| Untracked 
|  11|0x0000000080b00000, 0x0000000080c00000, 0x0000000080c00000|100%| O|  |TAMS 0x0000000080c00000, 0x0000000080b00000| Untracked 
|  12|0x0000000080c00000, 0x0000000080d00000, 0x0000000080d00000|100%| O|  |TAMS 0x0000000080d00000, 0x0000000080c00000| Untracked 
|  13|0x0000000080d00000, 0x0000000080e00000, 0x0000000080e00000|100%| O|  |TAMS 0x0000000080e00000, 0x0000000080d00000| Untracked 
|  14|0x0000000080e00000, 0x0000000080f00000, 0x0000000080f00000|100%| O|  |TAMS 0x0000000080f00000, 0x0000000080e00000| Untracked 
|  15|0x0000000080f00000, 0x0000000081000000, 0x0000000081000000|100%| O|  |TAMS 0x0000000081000000, 0x0000000080f00000| Untracked 
|  16|0x0000000081000000, 0x0000000081100000, 0x0000000081100000|100%| O|  |TAMS 0x0000000081100000, 0x0000000081000000| Untracked 
|  17|0x0000000081100000, 0x0000000081200000, 0x0000000081200000|100%| O|  |TAMS 0x0000000081200000, 0x0000000081100000| Untracked 
|  18|0x0000000081200000, 0x0000000081300000, 0x0000000081300000|100%| O|  |TAMS 0x0000000081300000, 0x0000000081200000| Untracked 
|  19|0x0000000081300000, 0x0000000081400000, 0x0000000081400000|100%| O|  |TAMS 0x0000000081400000, 0x0000000081300000| Untracked 
|  20|0x0000000081400000, 0x0000000081500000, 0x0000000081500000|100%| O|  |TAMS 0x0000000081500000, 0x0000000081400000| Untracked 
|  21|0x0000000081500000, 0x0000000081600000, 0x0000000081600000|100%| O|  |TAMS 0x0000000081600000, 0x0000000081500000| Untracked 
|  22|0x0000000081600000, 0x0000000081700000, 0x0000000081700000|100%| O|  |TAMS 0x0000000081700000, 0x0000000081600000| Untracked 
|  23|0x0000000081700000, 0x0000000081800000, 0x0000000081800000|100%| O|  |TAMS 0x0000000081800000, 0x0000000081700000| Untracked 
|  24|0x0000000081800000, 0x0000000081900000, 0x0000000081900000|100%| O|  |TAMS 0x0000000081900000, 0x0000000081800000| Untracked 
|  25|0x0000000081900000, 0x0000000081a00000, 0x0000000081a00000|100%| O|  |TAMS 0x0000000081a00000, 0x0000000081900000| Untracked 
|  26|0x0000000081a00000, 0x0000000081b00000, 0x0000000081b00000|100%| O|  |TAMS 0x0000000081b00000, 0x0000000081a00000| Untracked 
|  27|0x0000000081b00000, 0x0000000081c00000, 0x0000000081c00000|100%|HS|  |TAMS 0x0000000081c00000, 0x0000000081b00000| Complete 
|  28|0x0000000081c00000, 0x0000000081d00000, 0x0000000081d00000|100%|HS|  |TAMS 0x0000000081d00000, 0x0000000081c00000| Complete 
|  29|0x0000000081d00000, 0x0000000081e00000, 0x0000000081e00000|100%|HS|  |TAMS 0x0000000081e00000, 0x0000000081d00000| Complete 
|  30|0x0000000081e00000, 0x0000000081f00000, 0x0000000081f00000|100%| O|  |TAMS 0x0000000081f00000, 0x0000000081e00000| Untracked 
|  31|0x0000000081f00000, 0x0000000082000000, 0x0000000082000000|100%| O|  |TAMS 0x0000000082000000, 0x0000000081f00000| Untracked 
|  32|0x0000000082000000, 0x0000000082100000, 0x0000000082100000|100%| O|  |TAMS 0x0000000082100000, 0x0000000082000000| Untracked 
|  33|0x0000000082100000, 0x0000000082200000, 0x0000000082200000|100%| O|  |TAMS 0x0000000082200000, 0x0000000082100000| Untracked 
|  34|0x0000000082200000, 0x0000000082300000, 0x0000000082300000|100%| O|  |TAMS 0x0000000082300000, 0x0000000082200000| Untracked 
|  35|0x0000000082300000, 0x0000000082400000, 0x0000000082400000|100%| O|  |TAMS 0x0000000082400000, 0x0000000082300000| Untracked 
|  36|0x0000000082400000, 0x0000000082500000, 0x0000000082500000|100%| O|  |TAMS 0x0000000082500000, 0x0000000082400000| Untracked 
|  37|0x0000000082500000, 0x0000000082600000, 0x0000000082600000|100%| O|  |TAMS 0x0000000082600000, 0x0000000082500000| Untracked 
|  38|0x0000000082600000, 0x0000000082700000, 0x0000000082700000|100%| O|  |TAMS 0x0000000082700000, 0x0000000082600000| Untracked 
|  39|0x0000000082700000, 0x0000000082800000, 0x0000000082800000|100%| O|  |TAMS 0x0000000082800000, 0x0000000082700000| Untracked 
|  40|0x0000000082800000, 0x0000000082900000, 0x0000000082900000|100%| O|  |TAMS 0x0000000082900000, 0x0000000082800000| Untracked 
|  41|0x0000000082900000, 0x0000000082a00000, 0x0000000082a00000|100%| O|  |TAMS 0x0000000082a00000, 0x0000000082900000| Untracked 
|  42|0x0000000082a00000, 0x0000000082b00000, 0x0000000082b00000|100%| O|  |TAMS 0x0000000082b00000, 0x0000000082a00000| Untracked 
|  43|0x0000000082b00000, 0x0000000082c00000, 0x0000000082c00000|100%| O|  |TAMS 0x0000000082c00000, 0x0000000082b00000| Untracked 
|  44|0x0000000082c00000, 0x0000000082d00000, 0x0000000082d00000|100%| O|  |TAMS 0x0000000082d00000, 0x0000000082c00000| Untracked 
|  45|0x0000000082d00000, 0x0000000082e00000, 0x0000000082e00000|100%| O|  |TAMS 0x0000000082e00000, 0x0000000082d00000| Untracked 
|  46|0x0000000082e00000, 0x0000000082f00000, 0x0000000082f00000|100%| O|  |TAMS 0x0000000082f00000, 0x0000000082e00000| Untracked 
|  47|0x0000000082f00000, 0x0000000083000000, 0x0000000083000000|100%| O|  |TAMS 0x0000000083000000, 0x0000000082f00000| Untracked 
|  48|0x0000000083000000, 0x0000000083100000, 0x0000000083100000|100%| O|  |TAMS 0x0000000083100000, 0x0000000083000000| Untracked 
|  49|0x0000000083100000, 0x0000000083200000, 0x0000000083200000|100%| O|  |TAMS 0x0000000083200000, 0x0000000083100000| Untracked 
|  50|0x0000000083200000, 0x0000000083300000, 0x0000000083300000|100%| O|  |TAMS 0x0000000083300000, 0x0000000083200000| Untracked 
|  51|0x0000000083300000, 0x0000000083400000, 0x0000000083400000|100%| O|  |TAMS 0x0000000083400000, 0x0000000083300000| Untracked 
|  52|0x0000000083400000, 0x0000000083500000, 0x0000000083500000|100%| O|  |TAMS 0x0000000083500000, 0x0000000083400000| Untracked 
|  53|0x0000000083500000, 0x0000000083600000, 0x0000000083600000|100%| O|  |TAMS 0x0000000083600000, 0x0000000083500000| Untracked 
|  54|0x0000000083600000, 0x0000000083700000, 0x0000000083700000|100%| O|  |TAMS 0x0000000083700000, 0x0000000083600000| Untracked 
|  55|0x0000000083700000, 0x0000000083800000, 0x0000000083800000|100%| O|  |TAMS 0x0000000083800000, 0x0000000083700000| Untracked 
|  56|0x0000000083800000, 0x0000000083900000, 0x0000000083900000|100%| O|  |TAMS 0x0000000083900000, 0x0000000083800000| Untracked 
|  57|0x0000000083900000, 0x0000000083a00000, 0x0000000083a00000|100%| O|  |TAMS 0x0000000083a00000, 0x0000000083900000| Untracked 
|  58|0x0000000083a00000, 0x0000000083b00000, 0x0000000083b00000|100%| O|  |TAMS 0x0000000083b00000, 0x0000000083a00000| Untracked 
|  59|0x0000000083b00000, 0x0000000083c00000, 0x0000000083c00000|100%| O|  |TAMS 0x0000000083c00000, 0x0000000083b00000| Untracked 
|  60|0x0000000083c00000, 0x0000000083d00000, 0x0000000083d00000|100%| O|  |TAMS 0x0000000083d00000, 0x0000000083c00000| Untracked 
|  61|0x0000000083d00000, 0x0000000083e00000, 0x0000000083e00000|100%| O|  |TAMS 0x0000000083e00000, 0x0000000083d00000| Untracked 
|  62|0x0000000083e00000, 0x0000000083f00000, 0x0000000083f00000|100%| O|  |TAMS 0x0000000083f00000, 0x0000000083e00000| Untracked 
|  63|0x0000000083f00000, 0x0000000084000000, 0x0000000084000000|100%| O|  |TAMS 0x0000000084000000, 0x0000000083f00000| Untracked 
|  64|0x0000000084000000, 0x0000000084100000, 0x0000000084100000|100%| O|  |TAMS 0x0000000084100000, 0x0000000084000000| Untracked 
|  65|0x0000000084100000, 0x0000000084200000, 0x0000000084200000|100%| O|  |TAMS 0x0000000084200000, 0x0000000084100000| Untracked 
|  66|0x0000000084200000, 0x0000000084300000, 0x0000000084300000|100%| O|  |TAMS 0x0000000084300000, 0x0000000084200000| Untracked 
|  67|0x0000000084300000, 0x0000000084400000, 0x0000000084400000|100%| O|  |TAMS 0x0000000084400000, 0x0000000084300000| Untracked 
|  68|0x0000000084400000, 0x0000000084500000, 0x0000000084500000|100%| O|  |TAMS 0x0000000084500000, 0x0000000084400000| Untracked 
|  69|0x0000000084500000, 0x0000000084600000, 0x0000000084600000|100%| O|  |TAMS 0x0000000084600000, 0x0000000084500000| Untracked 
|  70|0x0000000084600000, 0x0000000084700000, 0x0000000084700000|100%| O|  |TAMS 0x0000000084700000, 0x0000000084600000| Untracked 
|  71|0x0000000084700000, 0x0000000084800000, 0x0000000084800000|100%| O|  |TAMS 0x0000000084800000, 0x0000000084700000| Untracked 
|  72|0x0000000084800000, 0x0000000084900000, 0x0000000084900000|100%| O|  |TAMS 0x0000000084900000, 0x0000000084800000| Untracked 
|  73|0x0000000084900000, 0x0000000084a00000, 0x0000000084a00000|100%| O|  |TAMS 0x0000000084a00000, 0x0000000084900000| Untracked 
|  74|0x0000000084a00000, 0x0000000084b00000, 0x0000000084b00000|100%| O|  |TAMS 0x0000000084b00000, 0x0000000084a00000| Untracked 
|  75|0x0000000084b00000, 0x0000000084c00000, 0x0000000084c00000|100%| O|  |TAMS 0x0000000084c00000, 0x0000000084b00000| Untracked 
|  76|0x0000000084c00000, 0x0000000084d00000, 0x0000000084d00000|100%| O|  |TAMS 0x0000000084d00000, 0x0000000084c00000| Untracked 
|  77|0x0000000084d00000, 0x0000000084e00000, 0x0000000084e00000|100%| O|  |TAMS 0x0000000084e00000, 0x0000000084d00000| Untracked 
|  78|0x0000000084e00000, 0x0000000084f00000, 0x0000000084f00000|100%| O|  |TAMS 0x0000000084f00000, 0x0000000084e00000| Untracked 
|  79|0x0000000084f00000, 0x0000000085000000, 0x0000000085000000|100%| O|  |TAMS 0x0000000085000000, 0x0000000084f00000| Untracked 
|  80|0x0000000085000000, 0x0000000085100000, 0x0000000085100000|100%| O|  |TAMS 0x0000000085100000, 0x0000000085000000| Untracked 
|  81|0x0000000085100000, 0x0000000085200000, 0x0000000085200000|100%| O|  |TAMS 0x0000000085200000, 0x0000000085100000| Untracked 
|  82|0x0000000085200000, 0x0000000085300000, 0x0000000085300000|100%| O|  |TAMS 0x0000000085300000, 0x0000000085200000| Untracked 
|  83|0x0000000085300000, 0x0000000085400000, 0x0000000085400000|100%| O|  |TAMS 0x0000000085400000, 0x0000000085300000| Untracked 
|  84|0x0000000085400000, 0x0000000085400000, 0x0000000085500000|  0%| F|  |TAMS 0x0000000085400000, 0x0000000085400000| Untracked 
|  85|0x0000000085500000, 0x0000000085600000, 0x0000000085600000|100%| O|  |TAMS 0x0000000085500000, 0x0000000085500000| Untracked 
|  86|0x0000000085600000, 0x00000000856ef000, 0x0000000085700000| 93%| O|  |TAMS 0x0000000085600000, 0x0000000085600000| Untracked 
|  87|0x0000000085700000, 0x0000000085700000, 0x0000000085800000|  0%| F|  |TAMS 0x0000000085700000, 0x0000000085700000| Untracked 
|  88|0x0000000085800000, 0x0000000085800000, 0x0000000085900000|  0%| F|  |TAMS 0x0000000085800000, 0x0000000085800000| Untracked 
|  89|0x0000000085900000, 0x0000000085900000, 0x0000000085a00000|  0%| F|  |TAMS 0x0000000085900000, 0x0000000085900000| Untracked 
|  90|0x0000000085a00000, 0x0000000085a00000, 0x0000000085b00000|  0%| F|  |TAMS 0x0000000085a00000, 0x0000000085a00000| Untracked 
|  91|0x0000000085b00000, 0x0000000085b00000, 0x0000000085c00000|  0%| F|  |TAMS 0x0000000085b00000, 0x0000000085b00000| Untracked 
|  92|0x0000000085c00000, 0x0000000085c00000, 0x0000000085d00000|  0%| F|  |TAMS 0x0000000085c00000, 0x0000000085c00000| Untracked 
|  93|0x0000000085d00000, 0x0000000085d00000, 0x0000000085e00000|  0%| F|  |TAMS 0x0000000085d00000, 0x0000000085d00000| Untracked 
|  94|0x0000000085e00000, 0x0000000085e00000, 0x0000000085f00000|  0%| F|  |TAMS 0x0000000085e00000, 0x0000000085e00000| Untracked 
|  95|0x0000000085f00000, 0x0000000085f00000, 0x0000000086000000|  0%| F|  |TAMS 0x0000000085f00000, 0x0000000085f00000| Untracked 
|  96|0x0000000086000000, 0x0000000086000000, 0x0000000086100000|  0%| F|  |TAMS 0x0000000086000000, 0x0000000086000000| Untracked 
|  97|0x0000000086100000, 0x0000000086100000, 0x0000000086200000|  0%| F|  |TAMS 0x0000000086100000, 0x0000000086100000| Untracked 
|  98|0x0000000086200000, 0x0000000086200000, 0x0000000086300000|  0%| F|  |TAMS 0x0000000086200000, 0x0000000086200000| Untracked 
|  99|0x0000000086300000, 0x0000000086300000, 0x0000000086400000|  0%| F|  |TAMS 0x0000000086300000, 0x0000000086300000| Untracked 
| 100|0x0000000086400000, 0x0000000086400000, 0x0000000086500000|  0%| F|  |TAMS 0x0000000086400000, 0x0000000086400000| Untracked 
| 101|0x0000000086500000, 0x0000000086500000, 0x0000000086600000|  0%| F|  |TAMS 0x0000000086500000, 0x0000000086500000| Untracked 
| 102|0x0000000086600000, 0x0000000086600000, 0x0000000086700000|  0%| F|  |TAMS 0x0000000086600000, 0x0000000086600000| Untracked 
| 103|0x0000000086700000, 0x0000000086700000, 0x0000000086800000|  0%| F|  |TAMS 0x0000000086700000, 0x0000000086700000| Untracked 
| 104|0x0000000086800000, 0x0000000086800000, 0x0000000086900000|  0%| F|  |TAMS 0x0000000086800000, 0x0000000086800000| Untracked 
| 105|0x0000000086900000, 0x0000000086900000, 0x0000000086a00000|  0%| F|  |TAMS 0x0000000086900000, 0x0000000086900000| Untracked 
| 106|0x0000000086a00000, 0x0000000086a00000, 0x0000000086b00000|  0%| F|  |TAMS 0x0000000086a00000, 0x0000000086a00000| Untracked 
| 107|0x0000000086b00000, 0x0000000086b00000, 0x0000000086c00000|  0%| F|  |TAMS 0x0000000086b00000, 0x0000000086b00000| Untracked 
| 108|0x0000000086c00000, 0x0000000086c00000, 0x0000000086d00000|  0%| F|  |TAMS 0x0000000086c00000, 0x0000000086c00000| Untracked 
| 109|0x0000000086d00000, 0x0000000086d00000, 0x0000000086e00000|  0%| F|  |TAMS 0x0000000086d00000, 0x0000000086d00000| Untracked 
| 110|0x0000000086e00000, 0x0000000086e00000, 0x0000000086f00000|  0%| F|  |TAMS 0x0000000086e00000, 0x0000000086e00000| Untracked 
| 111|0x0000000086f00000, 0x0000000086f00000, 0x0000000087000000|  0%| F|  |TAMS 0x0000000086f00000, 0x0000000086f00000| Untracked 
| 112|0x0000000087000000, 0x0000000087000000, 0x0000000087100000|  0%| F|  |TAMS 0x0000000087000000, 0x0000000087000000| Untracked 
| 113|0x0000000087100000, 0x0000000087100000, 0x0000000087200000|  0%| F|  |TAMS 0x0000000087100000, 0x0000000087100000| Untracked 
| 114|0x0000000087200000, 0x0000000087200000, 0x0000000087300000|  0%| F|  |TAMS 0x0000000087200000, 0x0000000087200000| Untracked 
| 115|0x0000000087300000, 0x0000000087300000, 0x0000000087400000|  0%| F|  |TAMS 0x0000000087300000, 0x0000000087300000| Untracked 
| 116|0x0000000087400000, 0x0000000087400000, 0x0000000087500000|  0%| F|  |TAMS 0x0000000087400000, 0x0000000087400000| Untracked 
| 117|0x0000000087500000, 0x0000000087500000, 0x0000000087600000|  0%| F|  |TAMS 0x0000000087500000, 0x0000000087500000| Untracked 
| 118|0x0000000087600000, 0x0000000087600000, 0x0000000087700000|  0%| F|  |TAMS 0x0000000087600000, 0x0000000087600000| Untracked 
| 119|0x0000000087700000, 0x0000000087700000, 0x0000000087800000|  0%| F|  |TAMS 0x0000000087700000, 0x0000000087700000| Untracked 
| 120|0x0000000087800000, 0x0000000087800000, 0x0000000087900000|  0%| F|  |TAMS 0x0000000087800000, 0x0000000087800000| Untracked 
| 121|0x0000000087900000, 0x0000000087900000, 0x0000000087a00000|  0%| F|  |TAMS 0x0000000087900000, 0x0000000087900000| Untracked 
| 122|0x0000000087a00000, 0x0000000087a00000, 0x0000000087b00000|  0%| F|  |TAMS 0x0000000087a00000, 0x0000000087a00000| Untracked 
| 123|0x0000000087b00000, 0x0000000087b00000, 0x0000000087c00000|  0%| F|  |TAMS 0x0000000087b00000, 0x0000000087b00000| Untracked 
| 124|0x0000000087c00000, 0x0000000087c00000, 0x0000000087d00000|  0%| F|  |TAMS 0x0000000087c00000, 0x0000000087c00000| Untracked 
| 125|0x0000000087d00000, 0x0000000087d00000, 0x0000000087e00000|  0%| F|  |TAMS 0x0000000087d00000, 0x0000000087d00000| Untracked 
| 126|0x0000000087e00000, 0x0000000087e00000, 0x0000000087f00000|  0%| F|  |TAMS 0x0000000087e00000, 0x0000000087e00000| Untracked 
| 127|0x0000000087f00000, 0x0000000087f00000, 0x0000000088000000|  0%| F|  |TAMS 0x0000000087f00000, 0x0000000087f00000| Untracked 
| 128|0x0000000088000000, 0x0000000088000000, 0x0000000088100000|  0%| F|  |TAMS 0x0000000088000000, 0x0000000088000000| Untracked 
| 129|0x0000000088100000, 0x0000000088100000, 0x0000000088200000|  0%| F|  |TAMS 0x0000000088100000, 0x0000000088100000| Untracked 
| 130|0x0000000088200000, 0x0000000088200000, 0x0000000088300000|  0%| F|  |TAMS 0x0000000088200000, 0x0000000088200000| Untracked 
| 131|0x0000000088300000, 0x0000000088300000, 0x0000000088400000|  0%| F|  |TAMS 0x0000000088300000, 0x0000000088300000| Untracked 
| 132|0x0000000088400000, 0x0000000088400000, 0x0000000088500000|  0%| F|  |TAMS 0x0000000088400000, 0x0000000088400000| Untracked 
| 133|0x0000000088500000, 0x0000000088500000, 0x0000000088600000|  0%| F|  |TAMS 0x0000000088500000, 0x0000000088500000| Untracked 
| 134|0x0000000088600000, 0x0000000088600000, 0x0000000088700000|  0%| F|  |TAMS 0x0000000088600000, 0x0000000088600000| Untracked 
| 135|0x0000000088700000, 0x00000000887ecfe8, 0x0000000088800000| 92%| S|CS|TAMS 0x0000000088700000, 0x0000000088700000| Complete 
| 136|0x0000000088800000, 0x0000000088900000, 0x0000000088900000|100%| S|CS|TAMS 0x0000000088800000, 0x0000000088800000| Complete 
| 137|0x0000000088900000, 0x0000000088a00000, 0x0000000088a00000|100%| S|CS|TAMS 0x0000000088900000, 0x0000000088900000| Complete 
| 138|0x0000000088a00000, 0x0000000088b00000, 0x0000000088b00000|100%| S|CS|TAMS 0x0000000088a00000, 0x0000000088a00000| Complete 
| 139|0x0000000088b00000, 0x0000000088c00000, 0x0000000088c00000|100%| S|CS|TAMS 0x0000000088b00000, 0x0000000088b00000| Complete 
| 140|0x0000000088c00000, 0x0000000088d00000, 0x0000000088d00000|100%| S|CS|TAMS 0x0000000088c00000, 0x0000000088c00000| Complete 
| 141|0x0000000088d00000, 0x0000000088e00000, 0x0000000088e00000|100%| S|CS|TAMS 0x0000000088d00000, 0x0000000088d00000| Complete 
| 142|0x0000000088e00000, 0x0000000088f00000, 0x0000000088f00000|100%| S|CS|TAMS 0x0000000088e00000, 0x0000000088e00000| Complete 
| 143|0x0000000088f00000, 0x0000000089000000, 0x0000000089000000|100%| S|CS|TAMS 0x0000000088f00000, 0x0000000088f00000| Complete 
| 144|0x0000000089000000, 0x0000000089100000, 0x0000000089100000|100%| S|CS|TAMS 0x0000000089000000, 0x0000000089000000| Complete 
| 145|0x0000000089100000, 0x0000000089100000, 0x0000000089200000|  0%| F|  |TAMS 0x0000000089100000, 0x0000000089100000| Untracked 
| 146|0x0000000089200000, 0x0000000089200000, 0x0000000089300000|  0%| F|  |TAMS 0x0000000089200000, 0x0000000089200000| Untracked 
| 147|0x0000000089300000, 0x0000000089300000, 0x0000000089400000|  0%| F|  |TAMS 0x0000000089300000, 0x0000000089300000| Untracked 
| 148|0x0000000089400000, 0x0000000089400000, 0x0000000089500000|  0%| F|  |TAMS 0x0000000089400000, 0x0000000089400000| Untracked 
| 149|0x0000000089500000, 0x0000000089500000, 0x0000000089600000|  0%| F|  |TAMS 0x0000000089500000, 0x0000000089500000| Untracked 
| 150|0x0000000089600000, 0x0000000089600000, 0x0000000089700000|  0%| F|  |TAMS 0x0000000089600000, 0x0000000089600000| Untracked 
| 151|0x0000000089700000, 0x0000000089700000, 0x0000000089800000|  0%| F|  |TAMS 0x0000000089700000, 0x0000000089700000| Untracked 
| 152|0x0000000089800000, 0x0000000089800000, 0x0000000089900000|  0%| F|  |TAMS 0x0000000089800000, 0x0000000089800000| Untracked 
| 153|0x0000000089900000, 0x0000000089900000, 0x0000000089a00000|  0%| F|  |TAMS 0x0000000089900000, 0x0000000089900000| Untracked 
| 154|0x0000000089a00000, 0x0000000089a00000, 0x0000000089b00000|  0%| F|  |TAMS 0x0000000089a00000, 0x0000000089a00000| Untracked 
| 155|0x0000000089b00000, 0x0000000089b00000, 0x0000000089c00000|  0%| F|  |TAMS 0x0000000089b00000, 0x0000000089b00000| Untracked 
| 156|0x0000000089c00000, 0x0000000089c00000, 0x0000000089d00000|  0%| F|  |TAMS 0x0000000089c00000, 0x0000000089c00000| Untracked 
| 157|0x0000000089d00000, 0x0000000089d00000, 0x0000000089e00000|  0%| F|  |TAMS 0x0000000089d00000, 0x0000000089d00000| Untracked 
| 158|0x0000000089e00000, 0x0000000089e00000, 0x0000000089f00000|  0%| F|  |TAMS 0x0000000089e00000, 0x0000000089e00000| Untracked 
| 159|0x0000000089f00000, 0x0000000089f00000, 0x000000008a000000|  0%| F|  |TAMS 0x0000000089f00000, 0x0000000089f00000| Untracked 
| 160|0x000000008a000000, 0x000000008a000000, 0x000000008a100000|  0%| F|  |TAMS 0x000000008a000000, 0x000000008a000000| Untracked 
| 161|0x000000008a100000, 0x000000008a100000, 0x000000008a200000|  0%| F|  |TAMS 0x000000008a100000, 0x000000008a100000| Untracked 
| 162|0x000000008a200000, 0x000000008a200000, 0x000000008a300000|  0%| F|  |TAMS 0x000000008a200000, 0x000000008a200000| Untracked 
| 163|0x000000008a300000, 0x000000008a300000, 0x000000008a400000|  0%| F|  |TAMS 0x000000008a300000, 0x000000008a300000| Untracked 
| 164|0x000000008a400000, 0x000000008a400000, 0x000000008a500000|  0%| F|  |TAMS 0x000000008a400000, 0x000000008a400000| Untracked 
| 165|0x000000008a500000, 0x000000008a500000, 0x000000008a600000|  0%| F|  |TAMS 0x000000008a500000, 0x000000008a500000| Untracked 
| 166|0x000000008a600000, 0x000000008a600000, 0x000000008a700000|  0%| F|  |TAMS 0x000000008a600000, 0x000000008a600000| Untracked 
| 167|0x000000008a700000, 0x000000008a700000, 0x000000008a800000|  0%| F|  |TAMS 0x000000008a700000, 0x000000008a700000| Untracked 
| 168|0x000000008a800000, 0x000000008a800000, 0x000000008a900000|  0%| F|  |TAMS 0x000000008a800000, 0x000000008a800000| Untracked 
| 169|0x000000008a900000, 0x000000008a900000, 0x000000008aa00000|  0%| F|  |TAMS 0x000000008a900000, 0x000000008a900000| Untracked 
| 170|0x000000008aa00000, 0x000000008aa00000, 0x000000008ab00000|  0%| F|  |TAMS 0x000000008aa00000, 0x000000008aa00000| Untracked 
| 171|0x000000008ab00000, 0x000000008ab00000, 0x000000008ac00000|  0%| F|  |TAMS 0x000000008ab00000, 0x000000008ab00000| Untracked 
| 172|0x000000008ac00000, 0x000000008ac00000, 0x000000008ad00000|  0%| F|  |TAMS 0x000000008ac00000, 0x000000008ac00000| Untracked 
| 173|0x000000008ad00000, 0x000000008ad00000, 0x000000008ae00000|  0%| F|  |TAMS 0x000000008ad00000, 0x000000008ad00000| Untracked 
| 174|0x000000008ae00000, 0x000000008ae00000, 0x000000008af00000|  0%| F|  |TAMS 0x000000008ae00000, 0x000000008ae00000| Untracked 
| 175|0x000000008af00000, 0x000000008af00000, 0x000000008b000000|  0%| F|  |TAMS 0x000000008af00000, 0x000000008af00000| Untracked 
| 176|0x000000008b000000, 0x000000008b000000, 0x000000008b100000|  0%| F|  |TAMS 0x000000008b000000, 0x000000008b000000| Untracked 
| 177|0x000000008b100000, 0x000000008b100000, 0x000000008b200000|  0%| F|  |TAMS 0x000000008b100000, 0x000000008b100000| Untracked 
| 178|0x000000008b200000, 0x000000008b200000, 0x000000008b300000|  0%| F|  |TAMS 0x000000008b200000, 0x000000008b200000| Untracked 
| 179|0x000000008b300000, 0x000000008b300000, 0x000000008b400000|  0%| F|  |TAMS 0x000000008b300000, 0x000000008b300000| Untracked 
| 180|0x000000008b400000, 0x000000008b400000, 0x000000008b500000|  0%| F|  |TAMS 0x000000008b400000, 0x000000008b400000| Untracked 
| 181|0x000000008b500000, 0x000000008b518950, 0x000000008b600000|  9%| E|  |TAMS 0x000000008b500000, 0x000000008b500000| Complete 
| 182|0x000000008b600000, 0x000000008b700000, 0x000000008b700000|100%| E|CS|TAMS 0x000000008b600000, 0x000000008b600000| Complete 
| 183|0x000000008b700000, 0x000000008b800000, 0x000000008b800000|100%| E|CS|TAMS 0x000000008b700000, 0x000000008b700000| Complete 
| 184|0x000000008b800000, 0x000000008b900000, 0x000000008b900000|100%| E|CS|TAMS 0x000000008b800000, 0x000000008b800000| Complete 
| 185|0x000000008b900000, 0x000000008ba00000, 0x000000008ba00000|100%| E|CS|TAMS 0x000000008b900000, 0x000000008b900000| Complete 
| 186|0x000000008ba00000, 0x000000008bb00000, 0x000000008bb00000|100%| E|CS|TAMS 0x000000008ba00000, 0x000000008ba00000| Complete 
| 187|0x000000008bb00000, 0x000000008bc00000, 0x000000008bc00000|100%| E|CS|TAMS 0x000000008bb00000, 0x000000008bb00000| Complete 
| 188|0x000000008bc00000, 0x000000008bd00000, 0x000000008bd00000|100%| E|CS|TAMS 0x000000008bc00000, 0x000000008bc00000| Complete 
| 189|0x000000008bd00000, 0x000000008be00000, 0x000000008be00000|100%| E|CS|TAMS 0x000000008bd00000, 0x000000008bd00000| Complete 
| 190|0x000000008be00000, 0x000000008bf00000, 0x000000008bf00000|100%| E|CS|TAMS 0x000000008be00000, 0x000000008be00000| Complete 
| 191|0x000000008bf00000, 0x000000008c000000, 0x000000008c000000|100%| E|CS|TAMS 0x000000008bf00000, 0x000000008bf00000| Complete 
| 192|0x000000008c000000, 0x000000008c100000, 0x000000008c100000|100%| E|CS|TAMS 0x000000008c000000, 0x000000008c000000| Complete 
| 193|0x000000008c100000, 0x000000008c200000, 0x000000008c200000|100%| E|  |TAMS 0x000000008c100000, 0x000000008c100000| Complete 
| 194|0x000000008c200000, 0x000000008c300000, 0x000000008c300000|100%| E|CS|TAMS 0x000000008c200000, 0x000000008c200000| Complete 
| 195|0x000000008c300000, 0x000000008c400000, 0x000000008c400000|100%| E|CS|TAMS 0x000000008c300000, 0x000000008c300000| Complete 
| 196|0x000000008c400000, 0x000000008c500000, 0x000000008c500000|100%| E|CS|TAMS 0x000000008c400000, 0x000000008c400000| Complete 
| 197|0x000000008c500000, 0x000000008c600000, 0x000000008c600000|100%| E|CS|TAMS 0x000000008c500000, 0x000000008c500000| Complete 
| 198|0x000000008c600000, 0x000000008c700000, 0x000000008c700000|100%| E|CS|TAMS 0x000000008c600000, 0x000000008c600000| Complete 
| 199|0x000000008c700000, 0x000000008c800000, 0x000000008c800000|100%| E|CS|TAMS 0x000000008c700000, 0x000000008c700000| Complete 
| 200|0x000000008c800000, 0x000000008c900000, 0x000000008c900000|100%| E|CS|TAMS 0x000000008c800000, 0x000000008c800000| Complete 
| 201|0x000000008c900000, 0x000000008ca00000, 0x000000008ca00000|100%| E|CS|TAMS 0x000000008c900000, 0x000000008c900000| Complete 
| 202|0x000000008ca00000, 0x000000008cb00000, 0x000000008cb00000|100%| E|CS|TAMS 0x000000008ca00000, 0x000000008ca00000| Complete 
| 203|0x000000008cb00000, 0x000000008cc00000, 0x000000008cc00000|100%| E|CS|TAMS 0x000000008cb00000, 0x000000008cb00000| Complete 
| 204|0x000000008cc00000, 0x000000008cd00000, 0x000000008cd00000|100%| E|CS|TAMS 0x000000008cc00000, 0x000000008cc00000| Complete 
| 205|0x000000008cd00000, 0x000000008ce00000, 0x000000008ce00000|100%| E|CS|TAMS 0x000000008cd00000, 0x000000008cd00000| Complete 
| 206|0x000000008ce00000, 0x000000008cf00000, 0x000000008cf00000|100%| E|CS|TAMS 0x000000008ce00000, 0x000000008ce00000| Complete 
| 207|0x000000008cf00000, 0x000000008d000000, 0x000000008d000000|100%| E|CS|TAMS 0x000000008cf00000, 0x000000008cf00000| Complete 
| 208|0x000000008d000000, 0x000000008d100000, 0x000000008d100000|100%| E|CS|TAMS 0x000000008d000000, 0x000000008d000000| Complete 
| 209|0x000000008d100000, 0x000000008d200000, 0x000000008d200000|100%| E|CS|TAMS 0x000000008d100000, 0x000000008d100000| Complete 
| 210|0x000000008d200000, 0x000000008d300000, 0x000000008d300000|100%| E|CS|TAMS 0x000000008d200000, 0x000000008d200000| Complete 
| 211|0x000000008d300000, 0x000000008d400000, 0x000000008d400000|100%| E|CS|TAMS 0x000000008d300000, 0x000000008d300000| Complete 
| 212|0x000000008d400000, 0x000000008d500000, 0x000000008d500000|100%| E|CS|TAMS 0x000000008d400000, 0x000000008d400000| Complete 
| 213|0x000000008d500000, 0x000000008d600000, 0x000000008d600000|100%| E|CS|TAMS 0x000000008d500000, 0x000000008d500000| Complete 
| 214|0x000000008d600000, 0x000000008d700000, 0x000000008d700000|100%| E|CS|TAMS 0x000000008d600000, 0x000000008d600000| Complete 
| 215|0x000000008d700000, 0x000000008d800000, 0x000000008d800000|100%| E|CS|TAMS 0x000000008d700000, 0x000000008d700000| Complete 
| 216|0x000000008d800000, 0x000000008d900000, 0x000000008d900000|100%| E|CS|TAMS 0x000000008d800000, 0x000000008d800000| Complete 
| 217|0x000000008d900000, 0x000000008da00000, 0x000000008da00000|100%| E|CS|TAMS 0x000000008d900000, 0x000000008d900000| Complete 
| 218|0x000000008da00000, 0x000000008db00000, 0x000000008db00000|100%| E|CS|TAMS 0x000000008da00000, 0x000000008da00000| Complete 
| 219|0x000000008db00000, 0x000000008dc00000, 0x000000008dc00000|100%| E|CS|TAMS 0x000000008db00000, 0x000000008db00000| Complete 
| 220|0x000000008dc00000, 0x000000008dd00000, 0x000000008dd00000|100%| E|CS|TAMS 0x000000008dc00000, 0x000000008dc00000| Complete 
| 221|0x000000008dd00000, 0x000000008de00000, 0x000000008de00000|100%| E|CS|TAMS 0x000000008dd00000, 0x000000008dd00000| Complete 

Card table byte_map: [0x000001f3fd170000,0x000001f3fd570000] _byte_map_base: 0x000001f3fcd70000

Marking Bits (Prev, Next): (CMBitMap*) 0x000001f3f9284ae0, (CMBitMap*) 0x000001f3f9284aa8
 Prev Bits: [0x000001f38f000000, 0x000001f391000000)
 Next Bits: [0x000001f3fd970000, 0x000001f3ff970000)

Polling page: 0x000001f3f71a0000

Metaspace:

Usage:
  Non-class:     80.60 MB capacity,    78.77 MB ( 98%) used,     1.48 MB (  2%) free+waste,   349.12 KB ( <1%) overhead. 
      Class:     12.81 MB capacity,    11.70 MB ( 91%) used,   979.81 KB (  7%) free+waste,   158.25 KB (  1%) overhead. 
       Both:     93.41 MB capacity,    90.47 MB ( 97%) used,     2.44 MB (  3%) free+waste,   507.38 KB ( <1%) overhead. 

Virtual space:
  Non-class space:       82.00 MB reserved,      80.75 MB ( 98%) committed 
      Class space:        1.00 GB reserved,      12.82 MB (  1%) committed 
             Both:        1.08 GB reserved,      93.57 MB (  8%) committed 

Chunk freelists:
   Non-Class:  30.00 KB
       Class:  0 bytes
        Both:  30.00 KB

MaxMetaspaceSize: 17179869184.00 GB
CompressedClassSpaceSize: 1.00 GB
Initial GC threshold: 20.80 MB
Current GC threshold: 154.71 MB
CDS: off

CodeHeap 'non-profiled nmethods': size=120064Kb used=9147Kb max_used=9147Kb free=110916Kb
 bounds [0x000001f387ac0000, 0x000001f3883b0000, 0x000001f38f000000]
CodeHeap 'profiled nmethods': size=120000Kb used=28323Kb max_used=28323Kb free=91676Kb
 bounds [0x000001f380590000, 0x000001f382140000, 0x000001f387ac0000]
CodeHeap 'non-nmethods': size=5696Kb used=2381Kb max_used=2453Kb free=3314Kb
 bounds [0x000001f380000000, 0x000001f380280000, 0x000001f380590000]
 total_blobs=13243 nmethods=12337 adapters=818
 compilation: enabled
              stopped_count=0, restarted_count=0
 full_count=0

Compilation events (20 events):
Event: 61.678 Thread 0x000001f3ffe87800 nmethod 12465 0x000001f3883a9010 code [0x000001f3883a93e0, 0x000001f3883ab430]
Event: 61.679 Thread 0x000001f3ffe87800 12487       4       org.gradle.tooling.internal.provider.runner.ClientBuildEventGenerator::progress (36 bytes)
Event: 61.691 Thread 0x000001f3ffe87800 nmethod 12487 0x000001f3883ac990 code [0x000001f3883acb60, 0x000001f3883acee8]
Event: 61.691 Thread 0x000001f3ffe87800 12486       4       org.gradle.internal.snapshot.SnapshotHierarchy::findSnapshot (38 bytes)
Event: 61.693 Thread 0x000001f3ffe89000 12489   !   3       sun.nio.fs.WindowsFileSystemProvider::newByteChannel (71 bytes)
Event: 61.694 Thread 0x000001f3ffe89000 nmethod 12489 0x000001f382131810 code [0x000001f382131aa0, 0x000001f3821324a8]
Event: 61.695 Thread 0x000001f3ffe89000 12490   !   3       sun.nio.ch.FileChannelImpl::size (239 bytes)
Event: 61.697 Thread 0x000001f3ffe89000 nmethod 12490 0x000001f382132a10 code [0x000001f382132d00, 0x000001f382133d38]
Event: 61.697 Thread 0x000001f3ffe89000 12491       3       sun.nio.ch.FileDispatcherImpl::size (5 bytes)
Event: 61.698 Thread 0x000001f3ffe89000 nmethod 12491 0x000001f382134510 code [0x000001f3821346c0, 0x000001f3821347e8]
Event: 61.712 Thread 0x000001f3ffe89000 12493   !   3       java.nio.file.Files::readAllLines (76 bytes)
Event: 61.715 Thread 0x000001f3ffe89000 nmethod 12493 0x000001f382134890 code [0x000001f382134c20, 0x000001f3821362f8]
Event: 61.716 Thread 0x000001f3ffe89000 12495       3       org.gradle.api.internal.artifacts.transform.TransformExecutionResult$Builder::build (38 bytes)
Event: 61.717 Thread 0x000001f3ffe89000 nmethod 12495 0x000001f382136c90 code [0x000001f382136f20, 0x000001f382137c28]
Event: 61.724 Thread 0x000001f3ffe87800 nmethod 12486 0x000001f3883adc10 code [0x000001f3883ade20, 0x000001f3883ae638]
Event: 61.724 Thread 0x000001f3ffe87800 12467   !   4       org.gradle.internal.operations.DefaultBuildOperationRunner$2::execute (110 bytes)
Event: 61.766 Thread 0x000001f3ffe89000 12496       3       sun.nio.ch.FileDispatcherImpl::seek (6 bytes)
Event: 61.766 Thread 0x000001f3ffe89000 nmethod 12496 0x000001f382138110 code [0x000001f3821382c0, 0x000001f3821383e8]
Event: 61.781 Thread 0x000001f3ffe89000 12498       3       sun.nio.ch.ChannelInputStream::available (54 bytes)
Event: 61.782 Thread 0x000001f3ffe89000 nmethod 12498 0x000001f382138490 code [0x000001f382138680, 0x000001f382138c98]

GC Heap History (20 events):
Event: 42.367 GC heap before
{Heap before GC invocations=28 (full 0):
 garbage-first heap   total 157696K, used 128396K [0x0000000080000000, 0x0000000100000000)
  region size 1024K, 72 young (73728K), 7 survivors (7168K)
 Metaspace       used 73986K, capacity 76151K, committed 76364K, reserved 1116160K
  class space    used 9439K, capacity 10260K, committed 10316K, reserved 1048576K
}
Event: 42.382 GC heap after
{Heap after GC invocations=29 (full 0):
 garbage-first heap   total 157696K, used 63574K [0x0000000080000000, 0x0000000100000000)
  region size 1024K, 6 young (6144K), 6 survivors (6144K)
 Metaspace       used 73986K, capacity 76151K, committed 76364K, reserved 1116160K
  class space    used 9439K, capacity 10260K, committed 10316K, reserved 1048576K
}
Event: 43.494 GC heap before
{Heap before GC invocations=29 (full 0):
 garbage-first heap   total 157696K, used 131158K [0x0000000080000000, 0x0000000100000000)
  region size 1024K, 72 young (73728K), 6 survivors (6144K)
 Metaspace       used 76767K, capacity 78875K, committed 78924K, reserved 1118208K
  class space    used 9955K, capacity 10781K, committed 10828K, reserved 1048576K
}
Event: 43.515 GC heap after
{Heap after GC invocations=30 (full 0):
 garbage-first heap   total 157696K, used 65327K [0x0000000080000000, 0x0000000100000000)
  region size 1024K, 3 young (3072K), 3 survivors (3072K)
 Metaspace       used 76767K, capacity 78875K, committed 78924K, reserved 1118208K
  class space    used 9955K, capacity 10781K, committed 10828K, reserved 1048576K
}
Event: 44.573 GC heap before
{Heap before GC invocations=30 (full 0):
 garbage-first heap   total 157696K, used 132911K [0x0000000080000000, 0x0000000100000000)
  region size 1024K, 69 young (70656K), 3 survivors (3072K)
 Metaspace       used 78281K, capacity 80533K, committed 80716K, reserved 1118208K
  class space    used 10173K, capacity 11032K, committed 11084K, reserved 1048576K
}
Event: 44.592 GC heap after
{Heap after GC invocations=31 (full 0):
 garbage-first heap   total 157696K, used 68399K [0x0000000080000000, 0x0000000100000000)
  region size 1024K, 6 young (6144K), 6 survivors (6144K)
 Metaspace       used 78281K, capacity 80533K, committed 80716K, reserved 1118208K
  class space    used 10173K, capacity 11032K, committed 11084K, reserved 1048576K
}
Event: 45.932 GC heap before
{Heap before GC invocations=31 (full 0):
 garbage-first heap   total 157696K, used 132911K [0x0000000080000000, 0x0000000100000000)
  region size 1024K, 69 young (70656K), 6 survivors (6144K)
 Metaspace       used 80786K, capacity 83209K, committed 83404K, reserved 1122304K
  class space    used 10528K, capacity 11429K, committed 11468K, reserved 1048576K
}
Event: 45.960 GC heap after
{Heap after GC invocations=32 (full 0):
 garbage-first heap   total 189440K, used 71411K [0x0000000080000000, 0x0000000100000000)
  region size 1024K, 7 young (7168K), 7 survivors (7168K)
 Metaspace       used 80786K, capacity 83209K, committed 83404K, reserved 1122304K
  class space    used 10528K, capacity 11429K, committed 11468K, reserved 1048576K
}
Event: 47.874 GC heap before
{Heap before GC invocations=32 (full 0):
 garbage-first heap   total 189440K, used 147187K [0x0000000080000000, 0x0000000100000000)
  region size 1024K, 81 young (82944K), 7 survivors (7168K)
 Metaspace       used 83680K, capacity 86178K, committed 86476K, reserved 1124352K
  class space    used 10971K, capacity 11906K, committed 11980K, reserved 1048576K
}
Event: 47.897 GC heap after
{Heap after GC invocations=33 (full 0):
 garbage-first heap   total 189440K, used 72926K [0x0000000080000000, 0x0000000100000000)
  region size 1024K, 5 young (5120K), 5 survivors (5120K)
 Metaspace       used 83680K, capacity 86178K, committed 86476K, reserved 1124352K
  class space    used 10971K, capacity 11906K, committed 11980K, reserved 1048576K
}
Event: 49.460 GC heap before
{Heap before GC invocations=33 (full 0):
 garbage-first heap   total 189440K, used 149726K [0x0000000080000000, 0x0000000100000000)
  region size 1024K, 80 young (81920K), 5 survivors (5120K)
 Metaspace       used 86634K, capacity 89182K, committed 89420K, reserved 1126400K
  class space    used 11330K, capacity 12302K, committed 12364K, reserved 1048576K
}
Event: 49.477 GC heap after
{Heap after GC invocations=34 (full 0):
 garbage-first heap   total 189440K, used 75914K [0x0000000080000000, 0x0000000100000000)
  region size 1024K, 8 young (8192K), 8 survivors (8192K)
 Metaspace       used 86634K, capacity 89182K, committed 89420K, reserved 1126400K
  class space    used 11330K, capacity 12302K, committed 12364K, reserved 1048576K
}
Event: 51.220 GC heap before
{Heap before GC invocations=34 (full 0):
 garbage-first heap   total 189440K, used 152714K [0x0000000080000000, 0x0000000100000000)
  region size 1024K, 83 young (84992K), 8 survivors (8192K)
 Metaspace       used 87387K, capacity 90039K, committed 90316K, reserved 1126400K
  class space    used 11387K, capacity 12374K, committed 12492K, reserved 1048576K
}
Event: 51.277 GC heap after
{Heap after GC invocations=35 (full 0):
 garbage-first heap   total 189440K, used 85779K [0x0000000080000000, 0x0000000100000000)
  region size 1024K, 11 young (11264K), 11 survivors (11264K)
 Metaspace       used 87387K, capacity 90039K, committed 90316K, reserved 1126400K
  class space    used 11387K, capacity 12374K, committed 12492K, reserved 1048576K
}
Event: 52.691 GC heap before
{Heap before GC invocations=35 (full 0):
 garbage-first heap   total 189440K, used 152339K [0x0000000080000000, 0x0000000100000000)
  region size 1024K, 77 young (78848K), 11 survivors (11264K)
 Metaspace       used 90359K, capacity 93216K, committed 93388K, reserved 1130496K
  class space    used 11805K, capacity 12881K, committed 13004K, reserved 1048576K
}
Event: 52.720 GC heap after
{Heap after GC invocations=36 (full 0):
 garbage-first heap   total 189440K, used 89041K [0x0000000080000000, 0x0000000100000000)
  region size 1024K, 3 young (3072K), 3 survivors (3072K)
 Metaspace       used 90359K, capacity 93216K, committed 93388K, reserved 1130496K
  class space    used 11805K, capacity 12881K, committed 13004K, reserved 1048576K
}
Event: 57.215 GC heap before
{Heap before GC invocations=36 (full 0):
 garbage-first heap   total 189440K, used 154577K [0x0000000080000000, 0x0000000100000000)
  region size 1024K, 68 young (69632K), 3 survivors (3072K)
 Metaspace       used 91732K, capacity 94733K, committed 95052K, reserved 1130496K
  class space    used 11923K, capacity 13045K, committed 13132K, reserved 1048576K
}
Event: 57.243 GC heap after
{Heap after GC invocations=37 (full 0):
 garbage-first heap   total 227328K, used 93380K [0x0000000080000000, 0x0000000100000000)
  region size 1024K, 8 young (8192K), 8 survivors (8192K)
 Metaspace       used 91732K, capacity 94733K, committed 95052K, reserved 1130496K
  class space    used 11923K, capacity 13045K, committed 13132K, reserved 1048576K
}
Event: 60.580 GC heap before
{Heap before GC invocations=38 (full 0):
 garbage-first heap   total 227328K, used 172228K [0x0000000080000000, 0x0000000100000000)
  region size 1024K, 85 young (87040K), 8 survivors (8192K)
 Metaspace       used 92468K, capacity 95453K, committed 95564K, reserved 1132544K
  class space    used 11970K, capacity 13105K, committed 13132K, reserved 1048576K
}
Event: 60.622 GC heap after
{Heap after GC invocations=39 (full 0):
 garbage-first heap   total 227328K, used 98159K [0x0000000080000000, 0x0000000100000000)
  region size 1024K, 10 young (10240K), 10 survivors (10240K)
 Metaspace       used 92468K, capacity 95453K, committed 95564K, reserved 1132544K
  class space    used 11970K, capacity 13105K, committed 13132K, reserved 1048576K
}

Deoptimization events (20 events):
Event: 60.132 Thread 0x000001f3977d2000 DEOPT PACKING pc=0x000001f38835d9c4 sp=0x0000004b93bf9580
Event: 60.132 Thread 0x000001f3977d2000 DEOPT UNPACKING pc=0x000001f38004a1af sp=0x0000004b93bf9510 mode 2
Event: 60.169 Thread 0x000001f3977d2000 Uncommon trap: trap_request=0xffffffd6 fr.pc=0x000001f38836b370 relative=0x0000000000001d70
Event: 60.169 Thread 0x000001f3977d2000 Uncommon trap: reason=array_check action=maybe_recompile pc=0x000001f38836b370 method=java.util.TimSort.reverseRange([Ljava/lang/Object;II)V @ 27 c2
Event: 60.169 Thread 0x000001f3977d2000 DEOPT PACKING pc=0x000001f38836b370 sp=0x0000004b93bf7590
Event: 60.169 Thread 0x000001f3977d2000 DEOPT UNPACKING pc=0x000001f38004a1af sp=0x0000004b93bf73e0 mode 2
Event: 60.171 Thread 0x000001f393ce9000 Uncommon trap: trap_request=0xffffffd6 fr.pc=0x000001f38836b370 relative=0x0000000000001d70
Event: 60.171 Thread 0x000001f393ce9000 Uncommon trap: reason=array_check action=maybe_recompile pc=0x000001f38836b370 method=java.util.TimSort.reverseRange([Ljava/lang/Object;II)V @ 27 c2
Event: 60.171 Thread 0x000001f393ce9000 DEOPT PACKING pc=0x000001f38836b370 sp=0x0000004b94bfc360
Event: 60.171 Thread 0x000001f393ce9000 DEOPT UNPACKING pc=0x000001f38004a1af sp=0x0000004b94bfc1b0 mode 2
Event: 61.210 Thread 0x000001f399563800 DEOPT PACKING pc=0x000001f3820fe5bb sp=0x0000004b950fdf10
Event: 61.210 Thread 0x000001f399563800 DEOPT UNPACKING pc=0x000001f38004a95e sp=0x0000004b950fd450 mode 0
Event: 61.410 Thread 0x000001f3977d3800 Uncommon trap: trap_request=0xffffffc6 fr.pc=0x000001f388381498 relative=0x0000000000003c78
Event: 61.410 Thread 0x000001f3977d3800 Uncommon trap: reason=bimorphic_or_optimized_type_check action=maybe_recompile pc=0x000001f388381498 method=org.gradle.internal.snapshot.impl.AbstractValueProcessor.processValue(Ljava/lang/Object;Lorg/gradle/internal/snapshot/impl/AbstractValueProcessor$V
Event: 61.410 Thread 0x000001f3977d3800 DEOPT PACKING pc=0x000001f388381498 sp=0x0000004b93efca20
Event: 61.410 Thread 0x000001f3977d3800 DEOPT UNPACKING pc=0x000001f38004a1af sp=0x0000004b93efca20 mode 2
Event: 61.503 Thread 0x000001f3977d2000 Uncommon trap: trap_request=0xffffffbe fr.pc=0x000001f3883812fc relative=0x0000000000003adc
Event: 61.503 Thread 0x000001f3977d2000 Uncommon trap: reason=profile_predicate action=maybe_recompile pc=0x000001f3883812fc method=org.gradle.internal.snapshot.impl.AbstractValueProcessor.processValue(Ljava/lang/Object;Lorg/gradle/internal/snapshot/impl/AbstractValueProcessor$ValueVisitor;)Lja
Event: 61.503 Thread 0x000001f3977d2000 DEOPT PACKING pc=0x000001f3883812fc sp=0x0000004b93bfb7c0
Event: 61.503 Thread 0x000001f3977d2000 DEOPT UNPACKING pc=0x000001f38004a1af sp=0x0000004b93bfb7c0 mode 2

Classes redefined (0 events):
No events

Internal exceptions (20 events):
Event: 52.293 Thread 0x000001f3977d2000 Exception <a 'sun/nio/fs/WindowsException'{0x000000008800e3b8}> (0x000000008800e3b8) thrown at [src/hotspot/share/prims/jni.cpp, line 617]
Event: 52.389 Thread 0x000001f3977d2000 Exception <a 'java/lang/NoSuchMethodError'{0x0000000087c3b150}: 'int java.lang.invoke.DirectMethodHandle$Holder.invokeSpecial(java.lang.Object, java.lang.Object, java.lang.Object, java.lang.Object, java.lang.Object)'> (0x0000000087c3b150) thrown at [src/hotspot/share/interpreter/linkResolver.cpp, line 773]
Event: 52.449 Thread 0x000001f3977d2000 Exception <a 'sun/nio/fs/WindowsException'{0x0000000087cfe100}> (0x0000000087cfe100) thrown at [src/hotspot/share/prims/jni.cpp, line 617]
Event: 52.449 Thread 0x000001f3977d2000 Exception <a 'sun/nio/fs/WindowsException'{0x0000000087b1b5b0}> (0x0000000087b1b5b0) thrown at [src/hotspot/share/prims/jni.cpp, line 617]
Event: 52.451 Thread 0x000001f3977d2000 Exception <a 'sun/nio/fs/WindowsException'{0x0000000087b1d7b0}> (0x0000000087b1d7b0) thrown at [src/hotspot/share/prims/jni.cpp, line 617]
Event: 52.452 Thread 0x000001f3977d2000 Exception <a 'sun/nio/fs/WindowsException'{0x0000000087b1fa60}> (0x0000000087b1fa60) thrown at [src/hotspot/share/prims/jni.cpp, line 617]
Event: 54.519 Thread 0x000001f3977d2000 Exception <a 'java/lang/NoSuchMethodError'{0x000000008a478c80}: 'void java.lang.invoke.DirectMethodHandle$Holder.invokeStatic(java.lang.Object, java.lang.Object, java.lang.Object, java.lang.Object, int, java.lang.Object, java.lang.Object)'> (0x000000008a478c80) thrown at [src/hotspot/share/interpreter/linkResolver.cpp, line 773]
Event: 54.596 Thread 0x000001f393cde000 Exception <a 'java/lang/NoSuchMethodError'{0x000000008a08f060}: 'java.lang.Object java.lang.invoke.DirectMethodHandle$Holder.invokeSpecialIFC(java.lang.Object, java.lang.Object, java.lang.Object)'> (0x000000008a08f060) thrown at [src/hotspot/share/interpreter/linkResolver.cpp, line 773]
Event: 54.596 Thread 0x000001f3977d2000 Exception <a 'java/lang/NoSuchMethodError'{0x000000008a25ac08}: 'java.lang.Object java.lang.invoke.DirectMethodHandle$Holder.invokeSpecialIFC(java.lang.Object, java.lang.Object, java.lang.Object)'> (0x000000008a25ac08) thrown at [src/hotspot/share/interpreter/linkResolver.cpp, line 773]
Event: 54.596 Thread 0x000001f393ce0000 Exception <a 'java/lang/NoSuchMethodError'{0x000000008a0339b0}: 'java.lang.Object java.lang.invoke.DirectMethodHandle$Holder.invokeSpecialIFC(java.lang.Object, java.lang.Object, java.lang.Object)'> (0x000000008a0339b0) thrown at [src/hotspot/share/interpreter/linkResolver.cpp, line 773]
Event: 54.597 Thread 0x000001f393cdb000 Exception <a 'java/lang/NoSuchMethodError'{0x000000008a06fc70}: 'java.lang.Object java.lang.invoke.DirectMethodHandle$Holder.invokeSpecialIFC(java.lang.Object, java.lang.Object, java.lang.Object)'> (0x000000008a06fc70) thrown at [src/hotspot/share/interpreter/linkResolver.cpp, line 773]
Event: 55.713 Thread 0x000001f393cde000 Implicit null exception at 0x000001f3882aaf24 to 0x000001f3882ab0c4
Event: 55.969 Thread 0x000001f393ce0000 Implicit null exception at 0x000001f3882c4a42 to 0x000001f3882c53e8
Event: 55.969 Thread 0x000001f393ce0000 Implicit null exception at 0x000001f3882c4a42 to 0x000001f3882c53e8
Event: 55.969 Thread 0x000001f393ce0000 Implicit null exception at 0x000001f3882c4a42 to 0x000001f3882c53e8
Event: 55.979 Thread 0x000001f393cde000 Implicit null exception at 0x000001f3882c4a42 to 0x000001f3882c53e8
Event: 55.980 Thread 0x000001f393cde000 Exception <a 'java/lang/NoSuchMethodError'{0x0000000088fd0bc0}: 'void java.lang.invoke.DirectMethodHandle$Holder.invokeVirtual(java.lang.Object, java.lang.Object)'> (0x0000000088fd0bc0) thrown at [src/hotspot/share/interpreter/linkResolver.cpp, line 773]
Event: 56.328 Thread 0x000001f393ce0000 Implicit null exception at 0x000001f3882ce75b to 0x000001f3882cee40
Event: 56.328 Thread 0x000001f393ce0000 Implicit null exception at 0x000001f3882d005b to 0x000001f3882d00ec
Event: 61.418 Thread 0x000001f3977d3800 Exception <a 'java/lang/NoSuchMethodError'{0x000000008c16ecc8}: 'java.lang.Object java.lang.invoke.DirectMethodHandle$Holder.invokeStatic(java.lang.Object, java.lang.Object, java.lang.Object, java.lang.Object, java.lang.Object, java.lang.Object, java.lang.Object, java.lang.Object, java.lang.Object, java.lang.Object, java.lang.Object, java.lang.Object, java.lang.Object, java.lang.Object, java.lang.Object, int)'> (0x000000008c16ecc8) thrown at [src/hotspot/share/interpreter/linkResolver.cpp, line 773]

Events (20 events):
Event: 61.416 loading class java/lang/invoke/BoundMethodHandle$Species_LLLLLLLLLLLLI done
Event: 61.429 loading class java/lang/invoke/BoundMethodHandle$Species_LLLLLLLLLLLLII
Event: 61.429 loading class java/lang/invoke/BoundMethodHandle$Species_LLLLLLLLLLLLII done
Event: 61.490 loading class com/android/build/api/component/impl/ComponentUtils
Event: 61.490 loading class com/android/build/api/component/impl/ComponentUtils done
Event: 61.493 Executing VM operation: RevokeBias
Event: 61.494 Executing VM operation: RevokeBias done
Event: 61.494 Executing VM operation: RevokeBias
Event: 61.494 Executing VM operation: RevokeBias done
Event: 61.495 Executing VM operation: RevokeBias
Event: 61.495 Executing VM operation: RevokeBias done
Event: 61.496 Executing VM operation: RevokeBias
Event: 61.496 Executing VM operation: RevokeBias done
Event: 61.499 Executing VM operation: RevokeBias
Event: 61.500 Executing VM operation: RevokeBias done
Event: 61.501 Executing VM operation: RevokeBias
Event: 61.501 Executing VM operation: RevokeBias done
Event: 61.529 Thread 0x000001f399564800 Thread added: 0x000001f399564800
Event: 61.529 Thread 0x000001f399565800 Thread added: 0x000001f399565800
Event: 61.566 Thread 0x000001f399562000 Thread added: 0x000001f399562000


Dynamic libraries:
0x00007ff7a6e00000 - 0x00007ff7a6e0a000 	C:\Program Files\Android\Android Studio\jbr\bin\java.exe
0x00007ff902a30000 - 0x00007ff902c28000 	C:\WINDOWS\SYSTEM32\ntdll.dll
0x00007ff901d00000 - 0x00007ff901dbf000 	C:\WINDOWS\System32\KERNEL32.DLL
0x00007ff9002a0000 - 0x00007ff900596000 	C:\WINDOWS\System32\KERNELBASE.dll
0x00007ff9001a0000 - 0x00007ff9002a0000 	C:\WINDOWS\System32\ucrtbase.dll
0x00007ff8ec850000 - 0x00007ff8ec867000 	C:\Program Files\Android\Android Studio\jbr\bin\jli.dll
0x00007ff8f8b20000 - 0x00007ff8f8b3b000 	C:\Program Files\Android\Android Studio\jbr\bin\VCRUNTIME140.dll
0x00007ff9027f0000 - 0x00007ff90298d000 	C:\WINDOWS\System32\USER32.dll
0x00007ff8ebc40000 - 0x00007ff8ebeda000 	C:\WINDOWS\WinSxS\amd64_microsoft.windows.common-controls_6595b64144ccf1df_6.0.19041.1110_none_60b5254171f9507e\COMCTL32.dll
0x00007ff900610000 - 0x00007ff900632000 	C:\WINDOWS\System32\win32u.dll
0x00007ff9024d0000 - 0x00007ff90256e000 	C:\WINDOWS\System32\msvcrt.dll
0x00007ff902120000 - 0x00007ff90214c000 	C:\WINDOWS\System32\GDI32.dll
0x00007ff9006e0000 - 0x00007ff9007f5000 	C:\WINDOWS\System32\gdi32full.dll
0x00007ff900640000 - 0x00007ff9006dd000 	C:\WINDOWS\System32\msvcp_win.dll
0x00007ff901400000 - 0x00007ff901430000 	C:\WINDOWS\System32\IMM32.DLL
0x00007ff8fb560000 - 0x00007ff8fb56c000 	C:\Program Files\Android\Android Studio\jbr\bin\vcruntime140_1.dll
0x00007ff8d6030000 - 0x00007ff8d60bd000 	C:\Program Files\Android\Android Studio\jbr\bin\msvcp140.dll
0x00007ff8bb460000 - 0x00007ff8bc01c000 	C:\Program Files\Android\Android Studio\jbr\bin\server\jvm.dll
0x00007ff900f00000 - 0x00007ff900faf000 	C:\WINDOWS\System32\ADVAPI32.dll
0x00007ff902750000 - 0x00007ff9027ec000 	C:\WINDOWS\System32\sechost.dll
0x00007ff902570000 - 0x00007ff902696000 	C:\WINDOWS\System32\RPCRT4.dll
0x00007ff902740000 - 0x00007ff902748000 	C:\WINDOWS\System32\PSAPI.DLL
0x00007ff8f9f30000 - 0x00007ff8f9f39000 	C:\WINDOWS\SYSTEM32\WSOCK32.dll
0x00007ff901010000 - 0x00007ff90107b000 	C:\WINDOWS\System32\WS2_32.dll
0x00007ff8f2a10000 - 0x00007ff8f2a37000 	C:\WINDOWS\SYSTEM32\WINMM.dll
0x00007ff8f3d40000 - 0x00007ff8f3d4a000 	C:\WINDOWS\SYSTEM32\VERSION.dll
0x00007ff8fe910000 - 0x00007ff8fe922000 	C:\WINDOWS\SYSTEM32\kernel.appcore.dll
0x00007ff8f8b10000 - 0x00007ff8f8b20000 	C:\Program Files\Android\Android Studio\jbr\bin\verify.dll
0x00007ff8efcb0000 - 0x00007ff8efe94000 	C:\WINDOWS\SYSTEM32\DBGHELP.DLL
0x00007ff8efc70000 - 0x00007ff8efca4000 	C:\WINDOWS\SYSTEM32\dbgcore.DLL
0x00007ff900110000 - 0x00007ff900192000 	C:\WINDOWS\System32\bcryptPrimitives.dll
0x00007ff8f8ae0000 - 0x00007ff8f8b08000 	C:\Program Files\Android\Android Studio\jbr\bin\java.dll
0x00007ff8f86d0000 - 0x00007ff8f86da000 	C:\Program Files\Android\Android Studio\jbr\bin\jimage.dll
0x00007ff8ec870000 - 0x00007ff8ec87e000 	C:\Program Files\Android\Android Studio\jbr\bin\instrument.dll
0x00007ff8ec830000 - 0x00007ff8ec848000 	C:\Program Files\Android\Android Studio\jbr\bin\zip.dll
0x00007ff9015b0000 - 0x00007ff901cf4000 	C:\WINDOWS\System32\SHELL32.dll
0x00007ff8fdb30000 - 0x00007ff8fe2c3000 	C:\WINDOWS\SYSTEM32\windows.storage.dll
0x00007ff901dc0000 - 0x00007ff902114000 	C:\WINDOWS\System32\combase.dll
0x00007ff8ff9a0000 - 0x00007ff8ff9ce000 	C:\WINDOWS\SYSTEM32\Wldp.dll
0x00007ff902420000 - 0x00007ff9024cd000 	C:\WINDOWS\System32\SHCORE.dll
0x00007ff902990000 - 0x00007ff9029e5000 	C:\WINDOWS\System32\shlwapi.dll
0x00007ff900050000 - 0x00007ff90006f000 	C:\WINDOWS\SYSTEM32\profapi.dll
0x00007ff8e1a40000 - 0x00007ff8e1a4a000 	C:\Program Files\Android\Android Studio\jbr\bin\management.dll
0x00007ff8e19d0000 - 0x00007ff8e19db000 	C:\Program Files\Android\Android Studio\jbr\bin\management_ext.dll
0x00007ff8c9c80000 - 0x00007ff8c9c99000 	C:\Program Files\Android\Android Studio\jbr\bin\net.dll
0x00007ff8f5190000 - 0x00007ff8f529a000 	C:\WINDOWS\SYSTEM32\WINHTTP.dll
0x00007ff8ff780000 - 0x00007ff8ff7ea000 	C:\WINDOWS\system32\mswsock.dll
0x00007ff8c9c60000 - 0x00007ff8c9c73000 	C:\Program Files\Android\Android Studio\jbr\bin\nio.dll
0x00007ff8bded0000 - 0x00007ff8bdee7000 	C:\WINDOWS\system32\napinsp.dll
0x00007ff8bdeb0000 - 0x00007ff8bdecb000 	C:\WINDOWS\system32\pnrpnsp.dll
0x00007ff8e03c0000 - 0x00007ff8e03d5000 	C:\WINDOWS\system32\wshbth.dll
0x00007ff8fb4a0000 - 0x00007ff8fb4bd000 	C:\WINDOWS\system32\NLAapi.dll
0x00007ff8ff490000 - 0x00007ff8ff4cc000 	C:\WINDOWS\SYSTEM32\IPHLPAPI.DLL
0x00007ff8ff4d0000 - 0x00007ff8ff59a000 	C:\WINDOWS\SYSTEM32\DNSAPI.dll
0x00007ff902410000 - 0x00007ff902418000 	C:\WINDOWS\System32\NSI.dll
0x00007ff8bde90000 - 0x00007ff8bdea2000 	C:\WINDOWS\System32\winrnr.dll
0x00007ff8f3b20000 - 0x00007ff8f3b2a000 	C:\Windows\System32\rasadhlp.dll
0x00007ff8f5020000 - 0x00007ff8f50a2000 	C:\WINDOWS\System32\fwpuclnt.dll
0x00007ff900a60000 - 0x00007ff900a87000 	C:\WINDOWS\System32\bcrypt.dll
0x00007ff8fb520000 - 0x00007ff8fb547000 	C:\Users\shahzaib lptp\AndroidStudioProjects\loginsqlite\native\68d5fa5c4cc2d200863cafc0d521ce42e7d3e7ee720ec0a83991735586a16f82\windows-amd64\native-platform.dll
0x00007ff8d46f0000 - 0x00007ff8d4834000 	C:\Users\shahzaib lptp\AndroidStudioProjects\loginsqlite\native\e376f236ea51e6404a007f0833ffe2c6e607c4080706a723a18a27aeea778392\windows-amd64\native-platform-file-events.dll
0x00007ff8ffcf0000 - 0x00007ff8ffd08000 	C:\WINDOWS\SYSTEM32\CRYPTSP.dll
0x00007ff8ff0c0000 - 0x00007ff8ff0f4000 	C:\WINDOWS\system32\rsaenh.dll
0x00007ff900010000 - 0x00007ff90003e000 	C:\WINDOWS\SYSTEM32\USERENV.dll
0x00007ff8ff910000 - 0x00007ff8ff91c000 	C:\WINDOWS\SYSTEM32\CRYPTBASE.dll
0x00007ff8f6ef0000 - 0x00007ff8f6f07000 	C:\WINDOWS\SYSTEM32\dhcpcsvc6.DLL
0x00007ff8f6ed0000 - 0x00007ff8f6eed000 	C:\WINDOWS\SYSTEM32\dhcpcsvc.DLL

dbghelp: loaded successfully - version: 4.0.5 - missing functions: none
symbol engine: initialized successfully - sym options: 0x614 - pdb path: .;C:\Program Files\Android\Android Studio\jbr\bin;C:\WINDOWS\SYSTEM32;C:\WINDOWS\WinSxS\amd64_microsoft.windows.common-controls_6595b64144ccf1df_6.0.19041.1110_none_60b5254171f9507e;C:\Program Files\Android\Android Studio\jbr\bin\server;C:\Users\shahzaib lptp\AndroidStudioProjects\loginsqlite\native\68d5fa5c4cc2d200863cafc0d521ce42e7d3e7ee720ec0a83991735586a16f82\windows-amd64;C:\Users\shahzaib lptp\AndroidStudioProjects\loginsqlite\native\e376f236ea51e6404a007f0833ffe2c6e607c4080706a723a18a27aeea778392\windows-amd64

VM Arguments:
jvm_args: --add-opens=java.base/java.util.concurrent.atomic=ALL-UNNAMED -javaagent:C:\Program Files\Android\Android Studio\plugins\android\resources\trace_agent.jar=C:\Users\SHAHZA~1\AppData\Local\Temp\sync.trace.profile --add-opens=java.base/java.util=ALL-UNNAMED --add-opens=java.base/java.lang=ALL-UNNAMED --add-opens=java.base/java.lang.invoke=ALL-UNNAMED --add-opens=java.prefs/java.util.prefs=ALL-UNNAMED --add-opens=java.base/java.nio.charset=ALL-UNNAMED --add-opens=java.base/java.net=ALL-UNNAMED --add-opens=java.base/java.util.concurrent.atomic=ALL-UNNAMED -Xmx2048m -Dfile.encoding=UTF-8 -Duser.country=US -Duser.language=en -Duser.variant -javaagent:C:\Users\shahzaib lptp\AndroidStudioProjects\loginsqlite\wrapper\dists\gradle-8.3-rc-1-bin\3lbs5z64xhcdp1uarsx2vp16o\gradle-8.3-rc-1\lib\agents\gradle-instrumentation-agent-8.3.jar 
java_command: org.gradle.launcher.daemon.bootstrap.GradleDaemon 8.3-rc-1
java_class_path (initial): C:\Users\shahzaib lptp\AndroidStudioProjects\loginsqlite\wrapper\dists\gradle-8.3-rc-1-bin\3lbs5z64xhcdp1uarsx2vp16o\gradle-8.3-rc-1\lib\gradle-launcher-8.3.jar
Launcher Type: SUN_STANDARD

[Global flags]
     intx CICompilerCount                          = 3                                         {product} {ergonomic}
     uint ConcGCThreads                            = 1                                         {product} {ergonomic}
     uint G1ConcRefinementThreads                  = 4                                         {product} {ergonomic}
   size_t G1HeapRegionSize                         = 1048576                                   {product} {ergonomic}
    uintx GCDrainStackTargetSize                   = 64                                        {product} {ergonomic}
   size_t InitialHeapSize                          = 134217728                                 {product} {ergonomic}
   size_t MarkStackSize                            = 4194304                                   {product} {ergonomic}
   size_t MaxHeapSize                              = 2147483648                                {product} {command line}
   size_t MaxNewSize                               = 1287651328                                {product} {ergonomic}
   size_t MinHeapDeltaBytes                        = 1048576                                   {product} {ergonomic}
    uintx NonNMethodCodeHeapSize                   = 5830732                                {pd product} {ergonomic}
    uintx NonProfiledCodeHeapSize                  = 122913754                              {pd product} {ergonomic}
    uintx ProfiledCodeHeapSize                     = 122913754                              {pd product} {ergonomic}
    uintx ReservedCodeCacheSize                    = 251658240                              {pd product} {ergonomic}
     bool SegmentedCodeCache                       = true                                      {product} {ergonomic}
     bool UseCompressedClassPointers               = true                                 {lp64_product} {ergonomic}
     bool UseCompressedOops                        = true                                 {lp64_product} {ergonomic}
     bool UseG1GC                                  = true                                      {product} {ergonomic}
     bool UseLargePagesIndividualAllocation        = false                                  {pd product} {ergonomic}

Logging:
Log output configuration:
 #0: stdout all=warning uptime,level,tags
 #1: stderr all=off uptime,level,tags

Environment Variables:
PATH=C:\Program Files\Python310\Scripts\;C:\Program Files\Python310\;C:\Program Files\Common Files\Oracle\Java\javapath;C:\app\bin;C:\app\shahzaiblptp\product\11.2.0\dbhome_1\bin;C:\WINDOWS\system32;C:\WINDOWS;C:\WINDOWS\System32\Wbem;C:\WINDOWS\System32\WindowsPowerShell\v1.0\;c:\Program Files (x86)\Microsoft SQL Server\100\Tools\Binn\;c:\Program Files\Microsoft SQL Server\100\Tools\Binn\;c:\Program Files\Microsoft SQL Server\100\DTS\Binn\;C:\WINDOWS\System32\OpenSSH\;C:\ProgramData\chocolatey\bin;%JAVA_HOME%\bin;C:\Program Files\Git\cmd;C:\WINDOWS\System32;C:\Users\shahzaib lptp\AppData\Local\Microsoft\WindowsApps;C:\Program Files\JetBrains\IntelliJ IDEA Community Edition 2021.3\bin;;C:\Program Files\Python310\PyCharm Community Edition 2022.1\bin;;C:\Users\shahzaib lptp\AppData\Local\Programs\Microsoft VS Code\bin;C:\Program Files\flutter\bin;C:\src\flutter\bin;C:\Program Files\Android\Android Studio\bin;
USERNAME=shahzaib lptp
OS=Windows_NT
PROCESSOR_IDENTIFIER=Intel64 Family 6 Model 69 Stepping 1, GenuineIntel



---------------  S Y S T E M  ---------------

OS: Windows 10 , 64 bit Build 19041 (10.0.19041.3031)
OS uptime: 1 days 7:05 hours
Hyper-V role detected

CPU:total 4 (initial active 4) (2 cores per cpu, 2 threads per core) family 6 model 69 stepping 1 microcode 0x26, cmov, cx8, fxsr, mmx, sse, sse2, sse3, ssse3, sse4.1, sse4.2, popcnt, avx, avx2, aes, clmul, erms, lzcnt, ht, tsc, tscinvbit, bmi1, bmi2, fma

Memory: 4k page, system-wide physical 8073M (453M free)
TotalPageFile size 10073M (AvailPageFile size 9M)
current process WorkingSet (physical memory assigned to process): 497M, peak: 500M
current process commit charge ("private bytes"): 525M, peak: 530M

vm_info: OpenJDK 64-Bit Server VM (11.0.15+0-b2043.56-9505619) for windows-amd64 JRE (11.0.15+0-b2043.56-9505619), built on Jan 19 2023 02:48:00 by "builduser" with unknown MS VC++:1929

END.
