#
# There is insufficient memory for the Java Runtime Environment to continue.
# Native memory allocation (mmap) failed to map 34603008 bytes for Failed to commit area from 0x000000008a500000 to 0x000000008c600000 of length 34603008.
# Possible reasons:
#   The system is out of physical RAM or swap space
#   The process is running with CompressedOops enabled, and the Java Heap may be blocking the growth of the native heap
# Possible solutions:
#   Reduce memory load on the system
#   Increase physical memory or swap space
#   Check if swap backing store is full
#   Decrease Java heap size (-Xmx/-Xms)
#   Decrease number of Java threads
#   Decrease Java thread stack sizes (-Xss)
#   Set larger code cache with -XX:ReservedCodeCacheSize=
#   JVM is running with Unscaled Compressed Oops mode in which the Java heap is
#     placed in the first 4GB address space. The Java Heap base address is the
#     maximum limit for the native heap growth. Please use -XX:HeapBaseMinAddress
#     to set the Java Heap base and to place the Java Heap above 4GB virtual address.
# This output file may be truncated or incomplete.
#
#  Out of Memory Error (src/hotspot/os/windows/os_windows.cpp:3627), pid=13328, tid=8464
#
# JRE version: OpenJDK Runtime Environment (11.0.15) (build 11.0.15+0-b2043.56-9505619)
# Java VM: OpenJDK 64-Bit Server VM (11.0.15+0-b2043.56-9505619, mixed mode, tiered, compressed oops, g1 gc, windows-amd64)
# No core dump will be written. Minidumps are not enabled by default on client versions of Windows
#

---------------  S U M M A R Y ------------

Command Line: --add-opens=java.base/java.util.concurrent.atomic=ALL-UNNAMED -javaagent:C:\Program Files\Android\Android Studio\plugins\android\resources\trace_agent.jar=C:\Users\SHAHZA~1\AppData\Local\Temp\sync.trace.profile --add-opens=java.base/java.util=ALL-UNNAMED --add-opens=java.base/java.lang=ALL-UNNAMED --add-opens=java.base/java.lang.invoke=ALL-UNNAMED --add-opens=java.prefs/java.util.prefs=ALL-UNNAMED --add-opens=java.base/java.nio.charset=ALL-UNNAMED --add-opens=java.base/java.net=ALL-UNNAMED --add-opens=java.base/java.util.concurrent.atomic=ALL-UNNAMED -Xmx2048m -Dfile.encoding=UTF-8 -Duser.country=US -Duser.language=en -Duser.variant -javaagent:C:\Users\shahzaib lptp\AndroidStudioProjects\loginsqlite\wrapper\dists\gradle-8.3-rc-1-bin\3lbs5z64xhcdp1uarsx2vp16o\gradle-8.3-rc-1\lib\agents\gradle-instrumentation-agent-8.3.jar org.gradle.launcher.daemon.bootstrap.GradleDaemon 8.3-rc-1

Host: Intel(R) Core(TM) i5-4310U CPU @ 2.00GHz, 4 cores, 7G,  Windows 10 , 64 bit Build 19041 (10.0.19041.3031)
Time: Fri Jul 28 01:13:21 2023 Pakistan Standard Time elapsed time: 26.334885 seconds (0d 0h 0m 26s)

---------------  T H R E A D  ---------------

Current thread (0x000001c9ff382800):  VMThread "VM Thread" [stack: 0x000000801e100000,0x000000801e200000] [id=8464]

Stack: [0x000000801e100000,0x000000801e200000]
[error occurred during error reporting (printing stack bounds), id 0xc0000005, EXCEPTION_ACCESS_VIOLATION (0xc0000005) at pc=0x000001c98000112d]

Native frames: (J=compiled Java code, j=interpreted, Vv=VM code, C=native code)
V  [jvm.dll+0x64135a]
V  [jvm.dll+0x7d39f9]
V  [jvm.dll+0x7d51b9]
V  [jvm.dll+0x7d5805]
V  [jvm.dll+0x7d57bb]
V  [jvm.dll+0x640655]
V  [jvm.dll+0x640d68]
C  [ntdll.dll+0xa247f]
C  [ntdll.dll+0x514f4]
C  [ntdll.dll+0xa0f8e]
C  0x000001c98000112d

VM_Operation (0x000000801f5f0710): G1CollectForAllocation, mode: safepoint, requested by thread 0x000001c993bf9800


---------------  P R O C E S S  ---------------

Threads class SMR info:
_java_thread_list=0x000001c99528c390, length=41, elements={
0x000001c9f67e4800, 0x000001c9ff384800, 0x000001c9ff386800, 0x000001c9ff3a3800,
0x000001c9ff3a5000, 0x000001c9ff3a6800, 0x000001c9ff3ac000, 0x000001c9ff3b7800,
0x000001c9ff3bb000, 0x000001c9f68b9000, 0x000001c993546800, 0x000001c996112800,
0x000001c994682000, 0x000001c9957d0000, 0x000001c9934e8800, 0x000001c994210800,
0x000001c993bf9800, 0x000001c996e2f800, 0x000001c99391c800, 0x000001c996aca000,
0x000001c9951cb000, 0x000001c9951cb800, 0x000001c9951cc800, 0x000001c9951cf800,
0x000001c9951cd000, 0x000001c9951ce000, 0x000001c9951cf000, 0x000001c9951ca000,
0x000001c9951d0800, 0x000001c996d20000, 0x000001c996d20800, 0x000001c996d21800,
0x000001c996d1f000, 0x000001c9984ad000, 0x000001c9984a8000, 0x000001c9984ac000,
0x000001c9984a7000, 0x000001c9ff3b4000, 0x000001c9984ad800, 0x000001c9984b4000,
0x000001c9984b3800
}

Java Threads: ( => current thread )
  0x000001c9f67e4800 JavaThread "main" [_thread_blocked, id=9264, stack(0x000000801db00000,0x000000801dc00000)]
  0x000001c9ff384800 JavaThread "Reference Handler" daemon [_thread_blocked, id=8480, stack(0x000000801e200000,0x000000801e300000)]
  0x000001c9ff386800 JavaThread "Finalizer" daemon [_thread_blocked, id=9248, stack(0x000000801e300000,0x000000801e400000)]
  0x000001c9ff3a3800 JavaThread "Signal Dispatcher" daemon [_thread_blocked, id=10544, stack(0x000000801e400000,0x000000801e500000)]
  0x000001c9ff3a5000 JavaThread "Attach Listener" daemon [_thread_blocked, id=988, stack(0x000000801e500000,0x000000801e600000)]
  0x000001c9ff3a6800 JavaThread "Service Thread" daemon [_thread_blocked, id=14072, stack(0x000000801e600000,0x000000801e700000)]
  0x000001c9ff3ac000 JavaThread "C2 CompilerThread0" daemon [_thread_blocked, id=1048, stack(0x000000801e700000,0x000000801e800000)]
  0x000001c9ff3b7800 JavaThread "C1 CompilerThread0" daemon [_thread_blocked, id=13812, stack(0x000000801e800000,0x000000801e900000)]
  0x000001c9ff3bb000 JavaThread "Sweeper thread" daemon [_thread_blocked, id=9692, stack(0x000000801e900000,0x000000801ea00000)]
  0x000001c9f68b9000 JavaThread "Common-Cleaner" daemon [_thread_blocked, id=7404, stack(0x000000801ea00000,0x000000801eb00000)]
  0x000001c993546800 JavaThread "Daemon health stats" [_thread_blocked, id=13044, stack(0x000000801ef00000,0x000000801f000000)]
  0x000001c996112800 JavaThread "Incoming local TCP Connector on port 58687" [_thread_in_native, id=6904, stack(0x000000801f000000,0x000000801f100000)]
  0x000001c994682000 JavaThread "Daemon periodic checks" [_thread_blocked, id=11400, stack(0x000000801f100000,0x000000801f200000)]
  0x000001c9957d0000 JavaThread "Daemon" [_thread_blocked, id=208, stack(0x000000801f200000,0x000000801f300000)]
  0x000001c9934e8800 JavaThread "Handler for socket connection from /127.0.0.1:58687 to /127.0.0.1:58688" [_thread_in_native, id=11464, stack(0x000000801f300000,0x000000801f400000)]
  0x000001c994210800 JavaThread "Cancel handler" [_thread_blocked, id=9352, stack(0x000000801f400000,0x000000801f500000)]
  0x000001c993bf9800 JavaThread "Daemon worker" [_thread_blocked, id=9460, stack(0x000000801f500000,0x000000801f600000)]
  0x000001c996e2f800 JavaThread "Asynchronous log dispatcher for DefaultDaemonConnection: socket connection from /127.0.0.1:58687 to /127.0.0.1:58688" [_thread_blocked, id=4272, stack(0x000000801f700000,0x000000801f800000)]
  0x000001c99391c800 JavaThread "Stdin handler" [_thread_blocked, id=740, stack(0x000000801f800000,0x000000801f900000)]
  0x000001c996aca000 JavaThread "Daemon client event forwarder" [_thread_blocked, id=8672, stack(0x000000801f900000,0x000000801fa00000)]
  0x000001c9951cb000 JavaThread "Cache worker for journal cache (C:\Users\shahzaib lptp\AndroidStudioProjects\loginsqlite\caches\journal-1)" [_thread_blocked, id=9872, stack(0x000000801fa00000,0x000000801fb00000)]
  0x000001c9951cb800 JavaThread "File lock request listener" [_thread_in_native, id=3108, stack(0x000000801fb00000,0x000000801fc00000)]
  0x000001c9951cc800 JavaThread "Cache worker for file hash cache (C:\Users\shahzaib lptp\AndroidStudioProjects\loginsqlite\caches\8.3-rc-1\fileHashes)" [_thread_blocked, id=7476, stack(0x000000801fc00000,0x000000801fd00000)]
  0x000001c9951cf800 JavaThread "File watcher server" daemon [_thread_in_native, id=13712, stack(0x000000801fd00000,0x000000801fe00000)]
  0x000001c9951cd000 JavaThread "File watcher consumer" daemon [_thread_blocked, id=4488, stack(0x000000801fe00000,0x000000801ff00000)]
  0x000001c9951ce000 JavaThread "Cache worker for checksums cache (C:\Users\shahzaib lptp\AndroidStudioProjects\EyeonwaterApp\.gradle\8.3-rc-1\checksums)" [_thread_blocked, id=7276, stack(0x000000801ff00000,0x0000008020000000)]
  0x000001c9951cf000 JavaThread "Cache worker for file hash cache (C:\Users\shahzaib lptp\AndroidStudioProjects\EyeonwaterApp\.gradle\8.3-rc-1\fileHashes)" [_thread_blocked, id=11848, stack(0x0000008020000000,0x0000008020100000)]
  0x000001c9951ca000 JavaThread "Cache worker for cache directory md-supplier (C:\Users\shahzaib lptp\AndroidStudioProjects\loginsqlite\caches\8.3-rc-1\md-supplier)" [_thread_blocked, id=12672, stack(0x0000008020100000,0x0000008020200000)]
  0x000001c9951d0800 JavaThread "Cache worker for file content cache (C:\Users\shahzaib lptp\AndroidStudioProjects\loginsqlite\caches\8.3-rc-1\fileContent)" [_thread_blocked, id=6088, stack(0x0000008020200000,0x0000008020300000)]
  0x000001c996d20000 JavaThread "Cache worker for cache directory md-rule (C:\Users\shahzaib lptp\AndroidStudioProjects\loginsqlite\caches\8.3-rc-1\md-rule)" [_thread_blocked, id=8908, stack(0x0000008020300000,0x0000008020400000)]
  0x000001c996d20800 JavaThread "Cache worker for execution history cache (C:\Users\shahzaib lptp\AndroidStudioProjects\loginsqlite\caches\8.3-rc-1\executionHistory)" [_thread_blocked, id=2124, stack(0x000000801eb00000,0x000000801ec00000)]
  0x000001c996d21800 JavaThread "jar transforms" [_thread_blocked, id=5660, stack(0x0000008020500000,0x0000008020600000)]
  0x000001c996d1f000 JavaThread "jar transforms Thread 2" [_thread_blocked, id=2044, stack(0x0000008020600000,0x0000008020700000)]
  0x000001c9984ad000 JavaThread "jar transforms Thread 3" [_thread_blocked, id=8508, stack(0x0000008020700000,0x0000008020800000)]
  0x000001c9984a8000 JavaThread "jar transforms Thread 4" [_thread_blocked, id=12768, stack(0x0000008020800000,0x0000008020900000)]
  0x000001c9984ac000 JavaThread "Cache worker for dependencies-accessors (C:\Users\shahzaib lptp\AndroidStudioProjects\EyeonwaterApp\.gradle\8.3-rc-1\dependencies-accessors)" [_thread_blocked, id=7256, stack(0x0000008020900000,0x0000008020a00000)]
  0x000001c9984a7000 JavaThread "Cache worker for Build Output Cleanup Cache (C:\Users\shahzaib lptp\AndroidStudioProjects\EyeonwaterApp\.gradle\buildOutputCleanup)" [_thread_blocked, id=4184, stack(0x0000008020400000,0x0000008020500000)]
  0x000001c9ff3b4000 JavaThread "C2 CompilerThread1" daemon [_thread_blocked, id=9180, stack(0x0000008020a00000,0x0000008020b00000)]
  0x000001c9984ad800 JavaThread "Unconstrained build operations" [_thread_blocked, id=2120, stack(0x0000008020b00000,0x0000008020c00000)]
  0x000001c9984b4000 JavaThread "Unconstrained build operations Thread 2" [_thread_blocked, id=14132, stack(0x0000008020c00000,0x0000008020d00000)]
  0x000001c9984b3800 JavaThread "Unconstrained build operations Thread 3" [_thread_blocked, id=8652, stack(0x0000008020d00000,0x0000008020e00000)]

Other Threads:
=>0x000001c9ff382800 VMThread "VM Thread" [stack: 0x000000801e100000,0x000000801e200000] [id=8464]
  0x000001c994646000 WatcherThread [stack: 0x000000801ec00000,0x000000801ed00000] [id=8916]
  0x000001c9f67fe800 GCTaskThread "GC Thread#0" [stack: 0x000000801dc00000,0x000000801dd00000] [id=10888]
  0x000001c9949ec000 GCTaskThread "GC Thread#1" [stack: 0x000000801ed00000,0x000000801ee00000] [id=3276]
  0x000001c994281800 GCTaskThread "GC Thread#2" [stack: 0x000000801ee00000,0x000000801ef00000] [id=14084]
  0x000001c9982fe800 GCTaskThread "GC Thread#3" [stack: 0x000000801f600000,0x000000801f700000] [id=908]
  0x000001c9f6831000 ConcurrentGCThread "G1 Main Marker" [stack: 0x000000801dd00000,0x000000801de00000] [id=4580]
  0x000001c9f6832800 ConcurrentGCThread "G1 Conc#0" [stack: 0x000000801de00000,0x000000801df00000] [id=11828]
  0x000001c9f68b0800 ConcurrentGCThread "G1 Refine#0" [stack: 0x000000801df00000,0x000000801e000000] [id=11136]
  0x000001c9ff1e0800 ConcurrentGCThread "G1 Young RemSet Sampling" [stack: 0x000000801e000000,0x000000801e100000] [id=2800]

Threads with active compile tasks:

VM state:at safepoint (normal execution)

VM Mutex/Monitor currently owned by a thread:  ([mutex/lock_event])
[0x000001c9f67e10f0] Threads_lock - owner thread: 0x000001c9ff382800
[0x000001c9f67e1180] Heap_lock - owner thread: 0x000001c993bf9800

Heap address: 0x0000000080000000, size: 2048 MB, Compressed Oops mode: 32-bit
Narrow klass base: 0x0000000000000000, Narrow klass shift: 3
Compressed class space size: 1073741824 Address: 0x0000000100000000

Heap:
 garbage-first heap   total 202752K, used 48771K [0x0000000080000000, 0x0000000100000000)
  region size 1024K, 13 young (13312K), 13 survivors (13312K)
 Metaspace       used 56403K, capacity 58143K, committed 58240K, reserved 1099776K
  class space    used 7165K, capacity 7808K, committed 7808K, reserved 1048576K
Heap Regions: E=young(eden), S=young(survivor), O=old, HS=humongous(starts), HC=humongous(continues), CS=collection set, F=free, A=archive, TAMS=top-at-mark-start (previous, next)
|   0|0x0000000080000000, 0x0000000080100000, 0x0000000080100000|100%|HS|  |TAMS 0x0000000080100000, 0x0000000080000000| Complete 
|   1|0x0000000080100000, 0x0000000080200000, 0x0000000080200000|100%|HC|  |TAMS 0x0000000080200000, 0x0000000080100000| Complete 
|   2|0x0000000080200000, 0x0000000080300000, 0x0000000080300000|100%|HC|  |TAMS 0x0000000080300000, 0x0000000080200000| Complete 
|   3|0x0000000080300000, 0x0000000080400000, 0x0000000080400000|100%|HC|  |TAMS 0x0000000080400000, 0x0000000080300000| Complete 
|   4|0x0000000080400000, 0x0000000080500000, 0x0000000080500000|100%| O|  |TAMS 0x0000000080500000, 0x0000000080400000| Untracked 
|   5|0x0000000080500000, 0x0000000080600000, 0x0000000080600000|100%| O|  |TAMS 0x0000000080600000, 0x0000000080500000| Untracked 
|   6|0x0000000080600000, 0x0000000080700000, 0x0000000080700000|100%| O|  |TAMS 0x0000000080700000, 0x0000000080600000| Untracked 
|   7|0x0000000080700000, 0x0000000080800000, 0x0000000080800000|100%| O|  |TAMS 0x0000000080800000, 0x0000000080700000| Untracked 
|   8|0x0000000080800000, 0x0000000080900000, 0x0000000080900000|100%| O|  |TAMS 0x0000000080900000, 0x0000000080800000| Untracked 
|   9|0x0000000080900000, 0x0000000080a00000, 0x0000000080a00000|100%| O|  |TAMS 0x0000000080a00000, 0x0000000080900000| Untracked 
|  10|0x0000000080a00000, 0x0000000080b00000, 0x0000000080b00000|100%| O|  |TAMS 0x0000000080b00000, 0x0000000080a00000| Untracked 
|  11|0x0000000080b00000, 0x0000000080c00000, 0x0000000080c00000|100%| O|  |TAMS 0x0000000080c00000, 0x0000000080b00000| Untracked 
|  12|0x0000000080c00000, 0x0000000080d00000, 0x0000000080d00000|100%| O|  |TAMS 0x0000000080d00000, 0x0000000080c00000| Untracked 
|  13|0x0000000080d00000, 0x0000000080e00000, 0x0000000080e00000|100%| O|  |TAMS 0x0000000080e00000, 0x0000000080d00000| Untracked 
|  14|0x0000000080e00000, 0x0000000080f00000, 0x0000000080f00000|100%| O|  |TAMS 0x0000000080f00000, 0x0000000080e00000| Untracked 
|  15|0x0000000080f00000, 0x0000000081000000, 0x0000000081000000|100%| O|  |TAMS 0x0000000081000000, 0x0000000080f00000| Untracked 
|  16|0x0000000081000000, 0x0000000081100000, 0x0000000081100000|100%| O|  |TAMS 0x0000000081100000, 0x0000000081000000| Untracked 
|  17|0x0000000081100000, 0x0000000081200000, 0x0000000081200000|100%| O|  |TAMS 0x0000000081112400, 0x0000000081100000| Untracked 
|  18|0x0000000081200000, 0x0000000081300000, 0x0000000081300000|100%| O|  |TAMS 0x0000000081200000, 0x0000000081200000| Untracked 
|  19|0x0000000081300000, 0x0000000081400000, 0x0000000081400000|100%| O|  |TAMS 0x0000000081300000, 0x0000000081300000| Untracked 
|  20|0x0000000081400000, 0x0000000081500000, 0x0000000081500000|100%| O|  |TAMS 0x0000000081400000, 0x0000000081400000| Untracked 
|  21|0x0000000081500000, 0x0000000081600000, 0x0000000081600000|100%| O|  |TAMS 0x0000000081500000, 0x0000000081500000| Untracked 
|  22|0x0000000081600000, 0x0000000081700000, 0x0000000081700000|100%| O|  |TAMS 0x0000000081600000, 0x0000000081600000| Untracked 
|  23|0x0000000081700000, 0x0000000081800000, 0x0000000081800000|100%| O|  |TAMS 0x0000000081700000, 0x0000000081700000| Untracked 
|  24|0x0000000081800000, 0x0000000081900000, 0x0000000081900000|100%| O|  |TAMS 0x0000000081800000, 0x0000000081800000| Untracked 
|  25|0x0000000081900000, 0x0000000081a00000, 0x0000000081a00000|100%| O|  |TAMS 0x0000000081900000, 0x0000000081900000| Untracked 
|  26|0x0000000081a00000, 0x0000000081b00000, 0x0000000081b00000|100%| O|  |TAMS 0x0000000081a00000, 0x0000000081a00000| Untracked 
|  27|0x0000000081b00000, 0x0000000081c00000, 0x0000000081c00000|100%| O|  |TAMS 0x0000000081b00000, 0x0000000081b00000| Untracked 
|  28|0x0000000081c00000, 0x0000000081d00000, 0x0000000081d00000|100%|HS|  |TAMS 0x0000000081c00000, 0x0000000081c00000| Complete 
|  29|0x0000000081d00000, 0x0000000081e00000, 0x0000000081e00000|100%|HS|  |TAMS 0x0000000081d00000, 0x0000000081d00000| Complete 
|  30|0x0000000081e00000, 0x0000000081f00000, 0x0000000081f00000|100%| O|  |TAMS 0x0000000081e00000, 0x0000000081e00000| Untracked 
|  31|0x0000000081f00000, 0x0000000082000000, 0x0000000082000000|100%|HS|  |TAMS 0x0000000081f00000, 0x0000000081f00000| Complete 
|  32|0x0000000082000000, 0x0000000082000000, 0x0000000082100000|  0%| F|  |TAMS 0x0000000082000000, 0x0000000082000000| Untracked 
|  33|0x0000000082100000, 0x0000000082200000, 0x0000000082200000|100%| O|  |TAMS 0x0000000082100000, 0x0000000082100000| Untracked 
|  34|0x0000000082200000, 0x0000000082300000, 0x0000000082300000|100%| O|  |TAMS 0x0000000082200000, 0x0000000082200000| Untracked 
|  35|0x0000000082300000, 0x00000000823db400, 0x0000000082400000| 85%| O|  |TAMS 0x0000000082300000, 0x0000000082300000| Untracked 
|  36|0x0000000082400000, 0x0000000082400000, 0x0000000082500000|  0%| F|  |TAMS 0x0000000082400000, 0x0000000082400000| Untracked 
|  37|0x0000000082500000, 0x0000000082500000, 0x0000000082600000|  0%| F|  |TAMS 0x0000000082500000, 0x0000000082500000| Untracked 
|  38|0x0000000082600000, 0x0000000082600000, 0x0000000082700000|  0%| F|  |TAMS 0x0000000082600000, 0x0000000082600000| Untracked 
|  39|0x0000000082700000, 0x0000000082700000, 0x0000000082800000|  0%| F|  |TAMS 0x0000000082700000, 0x0000000082700000| Untracked 
|  40|0x0000000082800000, 0x0000000082800000, 0x0000000082900000|  0%| F|  |TAMS 0x0000000082800000, 0x0000000082800000| Untracked 
|  41|0x0000000082900000, 0x0000000082900000, 0x0000000082a00000|  0%| F|  |TAMS 0x0000000082900000, 0x0000000082900000| Untracked 
|  42|0x0000000082a00000, 0x0000000082a00000, 0x0000000082b00000|  0%| F|  |TAMS 0x0000000082a00000, 0x0000000082a00000| Untracked 
|  43|0x0000000082b00000, 0x0000000082b00000, 0x0000000082c00000|  0%| F|  |TAMS 0x0000000082b00000, 0x0000000082b00000| Untracked 
|  44|0x0000000082c00000, 0x0000000082c00000, 0x0000000082d00000|  0%| F|  |TAMS 0x0000000082c00000, 0x0000000082c00000| Untracked 
|  45|0x0000000082d00000, 0x0000000082d00000, 0x0000000082e00000|  0%| F|  |TAMS 0x0000000082d00000, 0x0000000082d00000| Untracked 
|  46|0x0000000082e00000, 0x0000000082e00000, 0x0000000082f00000|  0%| F|  |TAMS 0x0000000082e00000, 0x0000000082e00000| Untracked 
|  47|0x0000000082f00000, 0x0000000082f00000, 0x0000000083000000|  0%| F|  |TAMS 0x0000000082f00000, 0x0000000082f00000| Untracked 
|  48|0x0000000083000000, 0x0000000083000000, 0x0000000083100000|  0%| F|  |TAMS 0x0000000083000000, 0x0000000083000000| Untracked 
|  49|0x0000000083100000, 0x0000000083100000, 0x0000000083200000|  0%| F|  |TAMS 0x0000000083100000, 0x0000000083100000| Untracked 
|  50|0x0000000083200000, 0x0000000083200000, 0x0000000083300000|  0%| F|  |TAMS 0x0000000083200000, 0x0000000083200000| Untracked 
|  51|0x0000000083300000, 0x0000000083300000, 0x0000000083400000|  0%| F|  |TAMS 0x0000000083300000, 0x0000000083300000| Untracked 
|  52|0x0000000083400000, 0x0000000083400000, 0x0000000083500000|  0%| F|  |TAMS 0x0000000083400000, 0x0000000083400000| Untracked 
|  53|0x0000000083500000, 0x00000000835c5a70, 0x0000000083600000| 77%| S|CS|TAMS 0x0000000083500000, 0x0000000083500000| Complete 
|  54|0x0000000083600000, 0x0000000083700000, 0x0000000083700000|100%| S|CS|TAMS 0x0000000083600000, 0x0000000083600000| Complete 
|  55|0x0000000083700000, 0x0000000083800000, 0x0000000083800000|100%| S|CS|TAMS 0x0000000083700000, 0x0000000083700000| Complete 
|  56|0x0000000083800000, 0x0000000083900000, 0x0000000083900000|100%| S|CS|TAMS 0x0000000083800000, 0x0000000083800000| Complete 
|  57|0x0000000083900000, 0x0000000083a00000, 0x0000000083a00000|100%| S|CS|TAMS 0x0000000083900000, 0x0000000083900000| Complete 
|  58|0x0000000083a00000, 0x0000000083b00000, 0x0000000083b00000|100%| S|CS|TAMS 0x0000000083a00000, 0x0000000083a00000| Complete 
|  59|0x0000000083b00000, 0x0000000083b00000, 0x0000000083c00000|  0%| F|  |TAMS 0x0000000083b00000, 0x0000000083b00000| Untracked 
|  60|0x0000000083c00000, 0x0000000083c00000, 0x0000000083d00000|  0%| F|  |TAMS 0x0000000083c00000, 0x0000000083c00000| Untracked 
|  61|0x0000000083d00000, 0x0000000083d00000, 0x0000000083e00000|  0%| F|  |TAMS 0x0000000083d00000, 0x0000000083d00000| Untracked 
|  62|0x0000000083e00000, 0x0000000083e00000, 0x0000000083f00000|  0%| F|  |TAMS 0x0000000083e00000, 0x0000000083e00000| Untracked 
|  63|0x0000000083f00000, 0x0000000083f00000, 0x0000000084000000|  0%| F|  |TAMS 0x0000000083f00000, 0x0000000083f00000| Untracked 
|  64|0x0000000084000000, 0x0000000084000000, 0x0000000084100000|  0%| F|  |TAMS 0x0000000084000000, 0x0000000084000000| Untracked 
|  65|0x0000000084100000, 0x0000000084100000, 0x0000000084200000|  0%| F|  |TAMS 0x0000000084100000, 0x0000000084100000| Untracked 
|  66|0x0000000084200000, 0x0000000084300000, 0x0000000084300000|100%| S|CS|TAMS 0x0000000084200000, 0x0000000084200000| Complete 
|  67|0x0000000084300000, 0x0000000084400000, 0x0000000084400000|100%| S|CS|TAMS 0x0000000084300000, 0x0000000084300000| Complete 
|  68|0x0000000084400000, 0x0000000084500000, 0x0000000084500000|100%| S|CS|TAMS 0x0000000084400000, 0x0000000084400000| Complete 
|  69|0x0000000084500000, 0x0000000084600000, 0x0000000084600000|100%| S|CS|TAMS 0x0000000084500000, 0x0000000084500000| Complete 
|  70|0x0000000084600000, 0x0000000084700000, 0x0000000084700000|100%| S|CS|TAMS 0x0000000084600000, 0x0000000084600000| Complete 
|  71|0x0000000084700000, 0x0000000084800000, 0x0000000084800000|100%| S|CS|TAMS 0x0000000084700000, 0x0000000084700000| Complete 
|  72|0x0000000084800000, 0x0000000084900000, 0x0000000084900000|100%| S|CS|TAMS 0x0000000084800000, 0x0000000084800000| Complete 
|  73|0x0000000084900000, 0x0000000084900000, 0x0000000084a00000|  0%| F|  |TAMS 0x0000000084900000, 0x0000000084900000| Untracked 
|  74|0x0000000084a00000, 0x0000000084a00000, 0x0000000084b00000|  0%| F|  |TAMS 0x0000000084a00000, 0x0000000084a00000| Untracked 
|  75|0x0000000084b00000, 0x0000000084b00000, 0x0000000084c00000|  0%| F|  |TAMS 0x0000000084b00000, 0x0000000084b00000| Untracked 
|  76|0x0000000084c00000, 0x0000000084c00000, 0x0000000084d00000|  0%| F|  |TAMS 0x0000000084c00000, 0x0000000084c00000| Untracked 
|  77|0x0000000084d00000, 0x0000000084d00000, 0x0000000084e00000|  0%| F|  |TAMS 0x0000000084d00000, 0x0000000084d00000| Untracked 
|  78|0x0000000084e00000, 0x0000000084e00000, 0x0000000084f00000|  0%| F|  |TAMS 0x0000000084e00000, 0x0000000084e00000| Untracked 
|  79|0x0000000084f00000, 0x0000000084f00000, 0x0000000085000000|  0%| F|  |TAMS 0x0000000084f00000, 0x0000000084f00000| Untracked 
|  80|0x0000000085000000, 0x0000000085000000, 0x0000000085100000|  0%| F|  |TAMS 0x0000000085000000, 0x0000000085000000| Untracked 
|  81|0x0000000085100000, 0x0000000085100000, 0x0000000085200000|  0%| F|  |TAMS 0x0000000085100000, 0x0000000085100000| Untracked 
|  82|0x0000000085200000, 0x0000000085200000, 0x0000000085300000|  0%| F|  |TAMS 0x0000000085200000, 0x0000000085200000| Untracked 
|  83|0x0000000085300000, 0x0000000085300000, 0x0000000085400000|  0%| F|  |TAMS 0x0000000085300000, 0x0000000085300000| Untracked 
|  84|0x0000000085400000, 0x0000000085400000, 0x0000000085500000|  0%| F|  |TAMS 0x0000000085400000, 0x0000000085400000| Untracked 
|  85|0x0000000085500000, 0x0000000085500000, 0x0000000085600000|  0%| F|  |TAMS 0x0000000085500000, 0x0000000085500000| Untracked 
|  86|0x0000000085600000, 0x0000000085600000, 0x0000000085700000|  0%| F|  |TAMS 0x0000000085600000, 0x0000000085600000| Untracked 
|  87|0x0000000085700000, 0x0000000085700000, 0x0000000085800000|  0%| F|  |TAMS 0x0000000085700000, 0x0000000085700000| Untracked 
|  88|0x0000000085800000, 0x0000000085800000, 0x0000000085900000|  0%| F|  |TAMS 0x0000000085800000, 0x0000000085800000| Untracked 
|  89|0x0000000085900000, 0x0000000085900000, 0x0000000085a00000|  0%| F|  |TAMS 0x0000000085900000, 0x0000000085900000| Untracked 
|  90|0x0000000085a00000, 0x0000000085a00000, 0x0000000085b00000|  0%| F|  |TAMS 0x0000000085a00000, 0x0000000085a00000| Untracked 
|  91|0x0000000085b00000, 0x0000000085b00000, 0x0000000085c00000|  0%| F|  |TAMS 0x0000000085b00000, 0x0000000085b00000| Untracked 
|  92|0x0000000085c00000, 0x0000000085c00000, 0x0000000085d00000|  0%| F|  |TAMS 0x0000000085c00000, 0x0000000085c00000| Untracked 
|  93|0x0000000085d00000, 0x0000000085d00000, 0x0000000085e00000|  0%| F|  |TAMS 0x0000000085d00000, 0x0000000085d00000| Untracked 
|  94|0x0000000085e00000, 0x0000000085e00000, 0x0000000085f00000|  0%| F|  |TAMS 0x0000000085e00000, 0x0000000085e00000| Untracked 
|  95|0x0000000085f00000, 0x0000000085f00000, 0x0000000086000000|  0%| F|  |TAMS 0x0000000085f00000, 0x0000000085f00000| Untracked 
|  96|0x0000000086000000, 0x0000000086000000, 0x0000000086100000|  0%| F|  |TAMS 0x0000000086000000, 0x0000000086000000| Untracked 
|  97|0x0000000086100000, 0x0000000086100000, 0x0000000086200000|  0%| F|  |TAMS 0x0000000086100000, 0x0000000086100000| Untracked 
|  98|0x0000000086200000, 0x0000000086200000, 0x0000000086300000|  0%| F|  |TAMS 0x0000000086200000, 0x0000000086200000| Untracked 
|  99|0x0000000086300000, 0x0000000086300000, 0x0000000086400000|  0%| F|  |TAMS 0x0000000086300000, 0x0000000086300000| Untracked 
| 100|0x0000000086400000, 0x0000000086400000, 0x0000000086500000|  0%| F|  |TAMS 0x0000000086400000, 0x0000000086400000| Untracked 
| 101|0x0000000086500000, 0x0000000086500000, 0x0000000086600000|  0%| F|  |TAMS 0x0000000086500000, 0x0000000086500000| Untracked 
| 102|0x0000000086600000, 0x0000000086600000, 0x0000000086700000|  0%| F|  |TAMS 0x0000000086600000, 0x0000000086600000| Untracked 
| 103|0x0000000086700000, 0x0000000086700000, 0x0000000086800000|  0%| F|  |TAMS 0x0000000086700000, 0x0000000086700000| Untracked 
| 104|0x0000000086800000, 0x0000000086800000, 0x0000000086900000|  0%| F|  |TAMS 0x0000000086800000, 0x0000000086800000| Untracked 
| 105|0x0000000086900000, 0x0000000086900000, 0x0000000086a00000|  0%| F|  |TAMS 0x0000000086900000, 0x0000000086900000| Untracked 
| 106|0x0000000086a00000, 0x0000000086a00000, 0x0000000086b00000|  0%| F|  |TAMS 0x0000000086a00000, 0x0000000086a00000| Untracked 
| 107|0x0000000086b00000, 0x0000000086b00000, 0x0000000086c00000|  0%| F|  |TAMS 0x0000000086b00000, 0x0000000086b00000| Untracked 
| 108|0x0000000086c00000, 0x0000000086c00000, 0x0000000086d00000|  0%| F|  |TAMS 0x0000000086c00000, 0x0000000086c00000| Untracked 
| 109|0x0000000086d00000, 0x0000000086d00000, 0x0000000086e00000|  0%| F|  |TAMS 0x0000000086d00000, 0x0000000086d00000| Untracked 
| 110|0x0000000086e00000, 0x0000000086e00000, 0x0000000086f00000|  0%| F|  |TAMS 0x0000000086e00000, 0x0000000086e00000| Untracked 
| 111|0x0000000086f00000, 0x0000000086f00000, 0x0000000087000000|  0%| F|  |TAMS 0x0000000086f00000, 0x0000000086f00000| Untracked 
| 112|0x0000000087000000, 0x0000000087000000, 0x0000000087100000|  0%| F|  |TAMS 0x0000000087000000, 0x0000000087000000| Untracked 
| 113|0x0000000087100000, 0x0000000087100000, 0x0000000087200000|  0%| F|  |TAMS 0x0000000087100000, 0x0000000087100000| Untracked 
| 114|0x0000000087200000, 0x0000000087200000, 0x0000000087300000|  0%| F|  |TAMS 0x0000000087200000, 0x0000000087200000| Untracked 
| 115|0x0000000087300000, 0x0000000087300000, 0x0000000087400000|  0%| F|  |TAMS 0x0000000087300000, 0x0000000087300000| Untracked 
| 116|0x0000000087400000, 0x0000000087400000, 0x0000000087500000|  0%| F|  |TAMS 0x0000000087400000, 0x0000000087400000| Untracked 
| 117|0x0000000087500000, 0x0000000087500000, 0x0000000087600000|  0%| F|  |TAMS 0x0000000087500000, 0x0000000087500000| Untracked 
| 118|0x0000000087600000, 0x0000000087600000, 0x0000000087700000|  0%| F|  |TAMS 0x0000000087600000, 0x0000000087600000| Untracked 
| 119|0x0000000087700000, 0x0000000087700000, 0x0000000087800000|  0%| F|  |TAMS 0x0000000087700000, 0x0000000087700000| Untracked 
| 120|0x0000000087800000, 0x0000000087800000, 0x0000000087900000|  0%| F|  |TAMS 0x0000000087800000, 0x0000000087800000| Untracked 
| 121|0x0000000087900000, 0x0000000087900000, 0x0000000087a00000|  0%| F|  |TAMS 0x0000000087900000, 0x0000000087900000| Untracked 
| 122|0x0000000087a00000, 0x0000000087a00000, 0x0000000087b00000|  0%| F|  |TAMS 0x0000000087a00000, 0x0000000087a00000| Untracked 
| 123|0x0000000087b00000, 0x0000000087b00000, 0x0000000087c00000|  0%| F|  |TAMS 0x0000000087b00000, 0x0000000087b00000| Untracked 
| 124|0x0000000087c00000, 0x0000000087c00000, 0x0000000087d00000|  0%| F|  |TAMS 0x0000000087c00000, 0x0000000087c00000| Untracked 
| 125|0x0000000087d00000, 0x0000000087d00000, 0x0000000087e00000|  0%| F|  |TAMS 0x0000000087d00000, 0x0000000087d00000| Untracked 
| 126|0x0000000087e00000, 0x0000000087e00000, 0x0000000087f00000|  0%| F|  |TAMS 0x0000000087e00000, 0x0000000087e00000| Untracked 
| 127|0x0000000087f00000, 0x0000000087f00000, 0x0000000088000000|  0%| F|  |TAMS 0x0000000087f00000, 0x0000000087f00000| Untracked 
| 128|0x0000000088000000, 0x0000000088000000, 0x0000000088100000|  0%| F|  |TAMS 0x0000000088000000, 0x0000000088000000| Untracked 
| 129|0x0000000088100000, 0x0000000088100000, 0x0000000088200000|  0%| F|  |TAMS 0x0000000088100000, 0x0000000088100000| Untracked 
| 130|0x0000000088200000, 0x0000000088200000, 0x0000000088300000|  0%| F|  |TAMS 0x0000000088200000, 0x0000000088200000| Untracked 
| 131|0x0000000088300000, 0x0000000088300000, 0x0000000088400000|  0%| F|  |TAMS 0x0000000088300000, 0x0000000088300000| Untracked 
| 132|0x0000000088400000, 0x0000000088400000, 0x0000000088500000|  0%| F|  |TAMS 0x0000000088400000, 0x0000000088400000| Untracked 
| 133|0x0000000088500000, 0x0000000088500000, 0x0000000088600000|  0%| F|  |TAMS 0x0000000088500000, 0x0000000088500000| Untracked 
| 134|0x0000000088600000, 0x0000000088600000, 0x0000000088700000|  0%| F|  |TAMS 0x0000000088600000, 0x0000000088600000| Untracked 
| 135|0x0000000088700000, 0x0000000088700000, 0x0000000088800000|  0%| F|  |TAMS 0x0000000088700000, 0x0000000088700000| Untracked 
| 136|0x0000000088800000, 0x0000000088800000, 0x0000000088900000|  0%| F|  |TAMS 0x0000000088800000, 0x0000000088800000| Untracked 
| 137|0x0000000088900000, 0x0000000088900000, 0x0000000088a00000|  0%| F|  |TAMS 0x0000000088900000, 0x0000000088900000| Untracked 
| 138|0x0000000088a00000, 0x0000000088a00000, 0x0000000088b00000|  0%| F|  |TAMS 0x0000000088a00000, 0x0000000088a00000| Untracked 
| 139|0x0000000088b00000, 0x0000000088b00000, 0x0000000088c00000|  0%| F|  |TAMS 0x0000000088b00000, 0x0000000088b00000| Untracked 
| 140|0x0000000088c00000, 0x0000000088c00000, 0x0000000088d00000|  0%| F|  |TAMS 0x0000000088c00000, 0x0000000088c00000| Untracked 
| 141|0x0000000088d00000, 0x0000000088d00000, 0x0000000088e00000|  0%| F|  |TAMS 0x0000000088d00000, 0x0000000088d00000| Untracked 
| 142|0x0000000088e00000, 0x0000000088e00000, 0x0000000088f00000|  0%| F|  |TAMS 0x0000000088e00000, 0x0000000088e00000| Untracked 
| 143|0x0000000088f00000, 0x0000000088f00000, 0x0000000089000000|  0%| F|  |TAMS 0x0000000088f00000, 0x0000000088f00000| Untracked 
| 144|0x0000000089000000, 0x0000000089000000, 0x0000000089100000|  0%| F|  |TAMS 0x0000000089000000, 0x0000000089000000| Untracked 
| 145|0x0000000089100000, 0x0000000089100000, 0x0000000089200000|  0%| F|  |TAMS 0x0000000089100000, 0x0000000089100000| Untracked 
| 146|0x0000000089200000, 0x0000000089200000, 0x0000000089300000|  0%| F|  |TAMS 0x0000000089200000, 0x0000000089200000| Untracked 
| 147|0x0000000089300000, 0x0000000089300000, 0x0000000089400000|  0%| F|  |TAMS 0x0000000089300000, 0x0000000089300000| Untracked 
| 148|0x0000000089400000, 0x0000000089400000, 0x0000000089500000|  0%| F|  |TAMS 0x0000000089400000, 0x0000000089400000| Untracked 
| 149|0x0000000089500000, 0x0000000089500000, 0x0000000089600000|  0%| F|  |TAMS 0x0000000089500000, 0x0000000089500000| Untracked 
| 150|0x0000000089600000, 0x0000000089600000, 0x0000000089700000|  0%| F|  |TAMS 0x0000000089600000, 0x0000000089600000| Untracked 
| 151|0x0000000089700000, 0x0000000089700000, 0x0000000089800000|  0%| F|  |TAMS 0x0000000089700000, 0x0000000089700000| Untracked 
| 152|0x0000000089800000, 0x0000000089800000, 0x0000000089900000|  0%| F|  |TAMS 0x0000000089800000, 0x0000000089800000| Untracked 
| 153|0x0000000089900000, 0x0000000089900000, 0x0000000089a00000|  0%| F|  |TAMS 0x0000000089900000, 0x0000000089900000| Untracked 
| 154|0x0000000089a00000, 0x0000000089a00000, 0x0000000089b00000|  0%| F|  |TAMS 0x0000000089a00000, 0x0000000089a00000| Untracked 
| 155|0x0000000089b00000, 0x0000000089b00000, 0x0000000089c00000|  0%| F|  |TAMS 0x0000000089b00000, 0x0000000089b00000| Untracked 
| 156|0x0000000089c00000, 0x0000000089c00000, 0x0000000089d00000|  0%| F|  |TAMS 0x0000000089c00000, 0x0000000089c00000| Untracked 
| 157|0x0000000089d00000, 0x0000000089d00000, 0x0000000089e00000|  0%| F|  |TAMS 0x0000000089d00000, 0x0000000089d00000| Untracked 
| 158|0x0000000089e00000, 0x0000000089e00000, 0x0000000089f00000|  0%| F|  |TAMS 0x0000000089e00000, 0x0000000089e00000| Untracked 
| 159|0x0000000089f00000, 0x0000000089f00000, 0x000000008a000000|  0%| F|  |TAMS 0x0000000089f00000, 0x0000000089f00000| Untracked 
| 160|0x000000008a000000, 0x000000008a000000, 0x000000008a100000|  0%| F|  |TAMS 0x000000008a000000, 0x000000008a000000| Untracked 
| 161|0x000000008a100000, 0x000000008a100000, 0x000000008a200000|  0%| F|  |TAMS 0x000000008a100000, 0x000000008a100000| Untracked 
| 162|0x000000008a200000, 0x000000008a200000, 0x000000008a300000|  0%| F|  |TAMS 0x000000008a200000, 0x000000008a200000| Untracked 
| 163|0x000000008a300000, 0x000000008a300000, 0x000000008a400000|  0%| F|  |TAMS 0x000000008a300000, 0x000000008a300000| Untracked 
| 164|0x000000008a400000, 0x000000008a400000, 0x000000008a500000|  0%| F|  |TAMS 0x000000008a400000, 0x000000008a400000| Untracked 

Card table byte_map: [0x000001c9fc540000,0x000001c9fc940000] _byte_map_base: 0x000001c9fc140000

Marking Bits (Prev, Next): (CMBitMap*) 0x000001c9f68284e8, (CMBitMap*) 0x000001c9f6828520
 Prev Bits: [0x000001c9fcd40000, 0x000001c9fed40000)
 Next Bits: [0x000001c98f000000, 0x000001c991000000)

Polling page: 0x000001c9f68c0000

Metaspace:

Usage:
  Non-class:     49.16 MB capacity,    48.08 MB ( 98%) used,   916.16 KB (  2%) free+waste,   180.62 KB ( <1%) overhead. 
      Class:      7.62 MB capacity,     7.00 MB ( 92%) used,   555.76 KB (  7%) free+waste,    87.00 KB (  1%) overhead. 
       Both:     56.78 MB capacity,    55.08 MB ( 97%) used,     1.44 MB (  3%) free+waste,   267.62 KB ( <1%) overhead. 

Virtual space:
  Non-class space:       50.00 MB reserved,      49.25 MB ( 98%) committed 
      Class space:        1.00 GB reserved,       7.62 MB ( <1%) committed 
             Both:        1.05 GB reserved,      56.88 MB (  5%) committed 

Chunk freelists:
   Non-Class:  33.00 KB
       Class:  0 bytes
        Both:  33.00 KB

MaxMetaspaceSize: 17179869184.00 GB
CompressedClassSpaceSize: 1.00 GB
Initial GC threshold: 20.80 MB
Current GC threshold: 58.75 MB
CDS: off

CodeHeap 'non-profiled nmethods': size=120064Kb used=5088Kb max_used=5088Kb free=114975Kb
 bounds [0x000001c987ac0000, 0x000001c987fc0000, 0x000001c98f000000]
CodeHeap 'profiled nmethods': size=120000Kb used=14130Kb max_used=14130Kb free=105869Kb
 bounds [0x000001c980590000, 0x000001c981360000, 0x000001c987ac0000]
CodeHeap 'non-nmethods': size=5696Kb used=2323Kb max_used=2343Kb free=3372Kb
 bounds [0x000001c980000000, 0x000001c980270000, 0x000001c980590000]
 total_blobs=7225 nmethods=6396 adapters=741
 compilation: enabled
              stopped_count=0, restarted_count=0
 full_count=0

Compilation events (20 events):
Event: 26.242 Thread 0x000001c9ff3b7800 6492       3       jdk.internal.org.objectweb.asm.MethodVisitor::visitTypeInsn (17 bytes)
Event: 26.242 Thread 0x000001c9ff3b7800 nmethod 6492 0x000001c981354a90 code [0x000001c981354c40, 0x000001c981354e28]
Event: 26.243 Thread 0x000001c9ff3ac000 6493       4       java.util.HashMap::<init> (98 bytes)
Event: 26.244 Thread 0x000001c9ff3b7800 6496       3       org.gradle.internal.event.DefaultListenerManager$EventBroadcast::doStartNotification (48 bytes)
Event: 26.245 Thread 0x000001c9ff3b7800 nmethod 6496 0x000001c981354f10 code [0x000001c981355180, 0x000001c981355d28]
Event: 26.245 Thread 0x000001c9ff3b7800 6497   !   3       org.gradle.internal.event.DefaultListenerManager$EventBroadcast::endNotification (145 bytes)
Event: 26.245 Thread 0x000001c9ff3ac000 nmethod 6493 0x000001c987fb6e90 code [0x000001c987fb7020, 0x000001c987fb7178]
Event: 26.245 Thread 0x000001c9ff3b4000 6498       4       java.lang.ClassLoader::addClass (9 bytes)
Event: 26.246 Thread 0x000001c9ff3ac000 6499  s    4       java.util.Vector::addElement (24 bytes)
Event: 26.247 Thread 0x000001c9ff3b7800 nmethod 6497 0x000001c981356010 code [0x000001c981356320, 0x000001c981357668]
Event: 26.247 Thread 0x000001c9ff3b7800 6494       3       org.gradle.internal.event.DefaultListenerManager$EventBroadcast::startNotification (50 bytes)
Event: 26.247 Thread 0x000001c9ff3b7800 nmethod 6494 0x000001c981357d90 code [0x000001c981357f80, 0x000001c981358248]
Event: 26.247 Thread 0x000001c9ff3b7800 6495       3       org.gradle.internal.event.DefaultListenerManager$EventBroadcast::takeOwnership (46 bytes)
Event: 26.250 Thread 0x000001c9ff3b7800 nmethod 6495 0x000001c981358390 code [0x000001c9813586c0, 0x000001c981359988]
Event: 26.253 Thread 0x000001c9ff3ac000 nmethod 6499 0x000001c987fb7290 code [0x000001c987fb7440, 0x000001c987fb7888]
Event: 26.254 Thread 0x000001c9ff3b4000 nmethod 6498 0x000001c987fb7a10 code [0x000001c987fb7bc0, 0x000001c987fb8068]
Event: 26.277 Thread 0x000001c9ff3b7800 6500       3       org.gradle.internal.classloader.TransformReplacer::getLoader (46 bytes)
Event: 26.278 Thread 0x000001c9ff3b7800 nmethod 6500 0x000001c98135a010 code [0x000001c98135a2a0, 0x000001c98135b0b8]
Event: 26.279 Thread 0x000001c9ff3b7800 6501       3       org.gradle.internal.classloader.TransformErrorHandler::enterClassLoadingScope (50 bytes)
Event: 26.280 Thread 0x000001c9ff3b7800 nmethod 6501 0x000001c98135b590 code [0x000001c98135b860, 0x000001c98135c4d8]

GC Heap History (20 events):
Event: 12.031 GC heap after
{Heap after GC invocations=7 (full 0):
 garbage-first heap   total 131072K, used 19214K [0x0000000080000000, 0x0000000100000000)
  region size 1024K, 3 young (3072K), 3 survivors (3072K)
 Metaspace       used 23737K, capacity 24361K, committed 24704K, reserved 1071104K
  class space    used 2847K, capacity 3097K, committed 3200K, reserved 1048576K
}
Event: 13.484 GC heap before
{Heap before GC invocations=7 (full 0):
 garbage-first heap   total 131072K, used 93966K [0x0000000080000000, 0x0000000100000000)
  region size 1024K, 76 young (77824K), 3 survivors (3072K)
 Metaspace       used 26533K, capacity 27137K, committed 27392K, reserved 1073152K
  class space    used 3317K, capacity 3557K, committed 3584K, reserved 1048576K
}
Event: 13.493 GC heap after
{Heap after GC invocations=8 (full 0):
 garbage-first heap   total 131072K, used 20517K [0x0000000080000000, 0x0000000100000000)
  region size 1024K, 5 young (5120K), 5 survivors (5120K)
 Metaspace       used 26533K, capacity 27137K, committed 27392K, reserved 1073152K
  class space    used 3317K, capacity 3557K, committed 3584K, reserved 1048576K
}
Event: 14.870 GC heap before
{Heap before GC invocations=8 (full 0):
 garbage-first heap   total 131072K, used 93221K [0x0000000080000000, 0x0000000100000000)
  region size 1024K, 76 young (77824K), 5 survivors (5120K)
 Metaspace       used 29672K, capacity 30345K, committed 30464K, reserved 1075200K
  class space    used 3800K, capacity 4078K, committed 4096K, reserved 1048576K
}
Event: 14.888 GC heap after
{Heap after GC invocations=9 (full 0):
 garbage-first heap   total 131072K, used 21449K [0x0000000080000000, 0x0000000100000000)
  region size 1024K, 6 young (6144K), 6 survivors (6144K)
 Metaspace       used 29672K, capacity 30345K, committed 30464K, reserved 1075200K
  class space    used 3800K, capacity 4078K, committed 4096K, reserved 1048576K
}
Event: 16.657 GC heap before
{Heap before GC invocations=9 (full 0):
 garbage-first heap   total 131072K, used 93129K [0x0000000080000000, 0x0000000100000000)
  region size 1024K, 76 young (77824K), 6 survivors (6144K)
 Metaspace       used 32594K, capacity 33395K, committed 33536K, reserved 1079296K
  class space    used 4260K, capacity 4585K, committed 4608K, reserved 1048576K
}
Event: 16.674 GC heap after
{Heap after GC invocations=10 (full 0):
 garbage-first heap   total 131072K, used 22793K [0x0000000080000000, 0x0000000100000000)
  region size 1024K, 7 young (7168K), 7 survivors (7168K)
 Metaspace       used 32594K, capacity 33395K, committed 33536K, reserved 1079296K
  class space    used 4260K, capacity 4585K, committed 4608K, reserved 1048576K
}
Event: 17.348 GC heap before
{Heap before GC invocations=10 (full 0):
 garbage-first heap   total 131072K, used 65801K [0x0000000080000000, 0x0000000100000000)
  region size 1024K, 50 young (51200K), 7 survivors (7168K)
 Metaspace       used 34934K, capacity 35756K, committed 35840K, reserved 1081344K
  class space    used 4582K, capacity 4927K, committed 4992K, reserved 1048576K
}
Event: 17.368 GC heap after
{Heap after GC invocations=11 (full 0):
 garbage-first heap   total 168960K, used 23466K [0x0000000080000000, 0x0000000100000000)
  region size 1024K, 6 young (6144K), 6 survivors (6144K)
 Metaspace       used 34934K, capacity 35756K, committed 35840K, reserved 1081344K
  class space    used 4582K, capacity 4927K, committed 4992K, reserved 1048576K
}
Event: 18.740 GC heap before
{Heap before GC invocations=12 (full 0):
 garbage-first heap   total 168960K, used 118698K [0x0000000080000000, 0x0000000100000000)
  region size 1024K, 99 young (101376K), 6 survivors (6144K)
 Metaspace       used 39977K, capacity 40961K, committed 41216K, reserved 1085440K
  class space    used 5144K, capacity 5557K, committed 5632K, reserved 1048576K
}
Event: 18.756 GC heap after
{Heap after GC invocations=13 (full 0):
 garbage-first heap   total 168960K, used 25673K [0x0000000080000000, 0x0000000100000000)
  region size 1024K, 8 young (8192K), 8 survivors (8192K)
 Metaspace       used 39977K, capacity 40961K, committed 41216K, reserved 1085440K
  class space    used 5144K, capacity 5557K, committed 5632K, reserved 1048576K
}
Event: 20.289 GC heap before
{Heap before GC invocations=13 (full 0):
 garbage-first heap   total 168960K, used 130121K [0x0000000080000000, 0x0000000100000000)
  region size 1024K, 99 young (101376K), 8 survivors (8192K)
 Metaspace       used 43362K, capacity 44489K, committed 44544K, reserved 1087488K
  class space    used 5438K, capacity 5878K, committed 5888K, reserved 1048576K
}
Event: 20.311 GC heap after
{Heap after GC invocations=14 (full 0):
 garbage-first heap   total 168960K, used 28864K [0x0000000080000000, 0x0000000100000000)
  region size 1024K, 10 young (10240K), 10 survivors (10240K)
 Metaspace       used 43362K, capacity 44489K, committed 44544K, reserved 1087488K
  class space    used 5438K, capacity 5878K, committed 5888K, reserved 1048576K
}
Event: 21.715 GC heap before
{Heap before GC invocations=14 (full 0):
 garbage-first heap   total 168960K, used 118976K [0x0000000080000000, 0x0000000100000000)
  region size 1024K, 99 young (101376K), 10 survivors (10240K)
 Metaspace       used 46327K, capacity 47563K, committed 47616K, reserved 1091584K
  class space    used 5896K, capacity 6350K, committed 6400K, reserved 1048576K
}
Event: 21.741 GC heap after
{Heap after GC invocations=15 (full 0):
 garbage-first heap   total 168960K, used 32493K [0x0000000080000000, 0x0000000100000000)
  region size 1024K, 10 young (10240K), 10 survivors (10240K)
 Metaspace       used 46327K, capacity 47563K, committed 47616K, reserved 1091584K
  class space    used 5896K, capacity 6350K, committed 6400K, reserved 1048576K
}
Event: 23.039 GC heap before
{Heap before GC invocations=15 (full 0):
 garbage-first heap   total 168960K, used 126701K [0x0000000080000000, 0x0000000100000000)
  region size 1024K, 99 young (101376K), 10 survivors (10240K)
 Metaspace       used 49742K, capacity 51184K, committed 51456K, reserved 1093632K
  class space    used 6318K, capacity 6855K, committed 6912K, reserved 1048576K
}
Event: 23.060 GC heap after
{Heap after GC invocations=16 (full 0):
 garbage-first heap   total 168960K, used 34166K [0x0000000080000000, 0x0000000100000000)
  region size 1024K, 9 young (9216K), 9 survivors (9216K)
 Metaspace       used 49742K, capacity 51184K, committed 51456K, reserved 1093632K
  class space    used 6318K, capacity 6855K, committed 6912K, reserved 1048576K
}
Event: 25.034 GC heap before
{Heap before GC invocations=16 (full 0):
 garbage-first heap   total 168960K, used 126326K [0x0000000080000000, 0x0000000100000000)
  region size 1024K, 99 young (101376K), 9 survivors (9216K)
 Metaspace       used 53056K, capacity 54736K, committed 55040K, reserved 1097728K
  class space    used 6725K, capacity 7328K, committed 7424K, reserved 1048576K
}
Event: 25.064 GC heap after
{Heap after GC invocations=17 (full 0):
 garbage-first heap   total 168960K, used 37009K [0x0000000080000000, 0x0000000100000000)
  region size 1024K, 8 young (8192K), 8 survivors (8192K)
 Metaspace       used 53056K, capacity 54736K, committed 55040K, reserved 1097728K
  class space    used 6725K, capacity 7328K, committed 7424K, reserved 1048576K
}
Event: 26.309 GC heap before
{Heap before GC invocations=17 (full 0):
 garbage-first heap   total 168960K, used 134289K [0x0000000080000000, 0x0000000100000000)
  region size 1024K, 99 young (101376K), 8 survivors (8192K)
 Metaspace       used 56403K, capacity 58143K, committed 58240K, reserved 1099776K
  class space    used 7165K, capacity 7808K, committed 7808K, reserved 1048576K
}

Deoptimization events (20 events):
Event: 26.135 Thread 0x000001c993bf9800 Uncommon trap: trap_request=0xffffff4d fr.pc=0x000001c987adfa98 relative=0x0000000000000458
Event: 26.135 Thread 0x000001c993bf9800 Uncommon trap: reason=unstable_if action=reinterpret pc=0x000001c987adfa98 method=java.lang.String.substring(II)Ljava/lang/String; @ 31 c2
Event: 26.135 Thread 0x000001c993bf9800 DEOPT PACKING pc=0x000001c987adfa98 sp=0x000000801f5f5360
Event: 26.135 Thread 0x000001c993bf9800 DEOPT UNPACKING pc=0x000001c98004a1af sp=0x000000801f5f5330 mode 2
Event: 26.144 Thread 0x000001c993bf9800 Uncommon trap: trap_request=0xffffff4d fr.pc=0x000001c987cd5ea0 relative=0x0000000000000080
Event: 26.144 Thread 0x000001c993bf9800 Uncommon trap: reason=unstable_if action=reinterpret pc=0x000001c987cd5ea0 method=java.lang.CharacterDataLatin1.isWhitespace(I)Z @ 14 c2
Event: 26.144 Thread 0x000001c993bf9800 DEOPT PACKING pc=0x000001c987cd5ea0 sp=0x000000801f5f5570
Event: 26.144 Thread 0x000001c993bf9800 DEOPT UNPACKING pc=0x000001c98004a1af sp=0x000000801f5f54e0 mode 2
Event: 26.153 Thread 0x000001c993bf9800 Uncommon trap: trap_request=0xffffff4d fr.pc=0x000001c987b30afc relative=0x000000000000043c
Event: 26.153 Thread 0x000001c993bf9800 Uncommon trap: reason=unstable_if action=reinterpret pc=0x000001c987b30afc method=java.lang.String.substring(I)Ljava/lang/String; @ 43 c2
Event: 26.153 Thread 0x000001c993bf9800 DEOPT PACKING pc=0x000001c987b30afc sp=0x000000801f5f55e0
Event: 26.153 Thread 0x000001c993bf9800 DEOPT UNPACKING pc=0x000001c98004a1af sp=0x000000801f5f55b8 mode 2
Event: 26.153 Thread 0x000001c993bf9800 Uncommon trap: trap_request=0xffffff4d fr.pc=0x000001c987ae0d6c relative=0x000000000000042c
Event: 26.154 Thread 0x000001c993bf9800 Uncommon trap: reason=unstable_if action=reinterpret pc=0x000001c987ae0d6c method=java.lang.AbstractStringBuilder.putStringAt(ILjava/lang/String;)V @ 8 c2
Event: 26.154 Thread 0x000001c993bf9800 DEOPT PACKING pc=0x000001c987ae0d6c sp=0x000000801f5f52e0
Event: 26.154 Thread 0x000001c993bf9800 DEOPT UNPACKING pc=0x000001c98004a1af sp=0x000000801f5f51f8 mode 2
Event: 26.154 Thread 0x000001c993bf9800 Uncommon trap: trap_request=0xffffff4d fr.pc=0x000001c987ade6bc relative=0x00000000000003fc
Event: 26.154 Thread 0x000001c993bf9800 Uncommon trap: reason=unstable_if action=reinterpret pc=0x000001c987ade6bc method=java.lang.AbstractStringBuilder.putStringAt(ILjava/lang/String;)V @ 8 c2
Event: 26.154 Thread 0x000001c993bf9800 DEOPT PACKING pc=0x000001c987ade6bc sp=0x000000801f5f5300
Event: 26.154 Thread 0x000001c993bf9800 DEOPT UNPACKING pc=0x000001c98004a1af sp=0x000000801f5f5270 mode 2

Classes redefined (0 events):
No events

Internal exceptions (20 events):
Event: 25.212 Thread 0x000001c993bf9800 Exception <a 'java/security/PrivilegedActionException'{0x0000000089ba4a08}> (0x0000000089ba4a08) thrown at [src/hotspot/share/prims/jvm.cpp, line 1306]
Event: 25.212 Thread 0x000001c993bf9800 Exception <a 'java/security/PrivilegedActionException'{0x0000000089ba5f70}> (0x0000000089ba5f70) thrown at [src/hotspot/share/prims/jvm.cpp, line 1306]
Event: 25.213 Thread 0x000001c993bf9800 Exception <a 'java/security/PrivilegedActionException'{0x0000000089ba9950}> (0x0000000089ba9950) thrown at [src/hotspot/share/prims/jvm.cpp, line 1306]
Event: 25.213 Thread 0x000001c993bf9800 Exception <a 'java/security/PrivilegedActionException'{0x0000000089baaeb8}> (0x0000000089baaeb8) thrown at [src/hotspot/share/prims/jvm.cpp, line 1306]
Event: 25.213 Thread 0x000001c993bf9800 Exception <a 'java/security/PrivilegedActionException'{0x0000000089bae9a0}> (0x0000000089bae9a0) thrown at [src/hotspot/share/prims/jvm.cpp, line 1306]
Event: 25.213 Thread 0x000001c993bf9800 Exception <a 'java/security/PrivilegedActionException'{0x0000000089baff08}> (0x0000000089baff08) thrown at [src/hotspot/share/prims/jvm.cpp, line 1306]
Event: 25.213 Thread 0x000001c993bf9800 Exception <a 'java/security/PrivilegedActionException'{0x0000000089bb38f8}> (0x0000000089bb38f8) thrown at [src/hotspot/share/prims/jvm.cpp, line 1306]
Event: 25.214 Thread 0x000001c993bf9800 Exception <a 'java/security/PrivilegedActionException'{0x0000000089bb4e60}> (0x0000000089bb4e60) thrown at [src/hotspot/share/prims/jvm.cpp, line 1306]
Event: 25.214 Thread 0x000001c993bf9800 Exception <a 'java/security/PrivilegedActionException'{0x0000000089bb88c0}> (0x0000000089bb88c0) thrown at [src/hotspot/share/prims/jvm.cpp, line 1306]
Event: 25.214 Thread 0x000001c993bf9800 Exception <a 'java/security/PrivilegedActionException'{0x0000000089bb9e28}> (0x0000000089bb9e28) thrown at [src/hotspot/share/prims/jvm.cpp, line 1306]
Event: 25.214 Thread 0x000001c993bf9800 Exception <a 'java/security/PrivilegedActionException'{0x0000000089bbd910}> (0x0000000089bbd910) thrown at [src/hotspot/share/prims/jvm.cpp, line 1306]
Event: 25.214 Thread 0x000001c993bf9800 Exception <a 'java/security/PrivilegedActionException'{0x0000000089bbee78}> (0x0000000089bbee78) thrown at [src/hotspot/share/prims/jvm.cpp, line 1306]
Event: 25.267 Thread 0x000001c993bf9800 Exception <a 'java/lang/ClassNotFoundException'{0x0000000089648c30}: sun/misc/SharedSecrets> (0x0000000089648c30) thrown at [src/hotspot/share/classfile/systemDictionary.cpp, line 230]
Event: 25.267 Thread 0x000001c993bf9800 Exception <a 'java/lang/ClassNotFoundException'{0x0000000089649f60}: org/gradle/api/internal/plugins/DefaultObjectConfigurationActionBeanInfo> (0x0000000089649f60) thrown at [src/hotspot/share/classfile/systemDictionary.cpp, line 230]
Event: 25.269 Thread 0x000001c993bf9800 Exception <a 'java/lang/ClassNotFoundException'{0x0000000089683960}: org/gradle/api/internal/plugins/DefaultObjectConfigurationActionCustomizer> (0x0000000089683960) thrown at [src/hotspot/share/classfile/systemDictionary.cpp, line 230]
Event: 25.394 Thread 0x000001c993bf9800 Exception <a 'java/lang/NoSuchMethodError'{0x0000000088d06910}: 'java.lang.Object java.lang.invoke.DirectMethodHandle$Holder.invokeSpecial(java.lang.Object, java.lang.Object, int, int, int, java.lang.Object, java.lang.Object, java.lang.Object, java.lang.Object)'> (0x0000000088d06910) thrown at [src/hotspot/share/interpreter/linkResolver.cpp, line 773]
Event: 25.394 Thread 0x000001c993bf9800 Exception <a 'java/lang/NoSuchMethodError'{0x0000000088d0b0b8}: 'java.lang.Object java.lang.invoke.DelegatingMethodHandle$Holder.reinvoke_L(java.lang.Object, int, int, int, java.lang.Object, java.lang.Object, java.lang.Object, java.lang.Object)'> (0x0000000088d0b0b8) thrown at [src/hotspot/share/interpreter/linkResolver.cpp, line 773]
Event: 25.794 Thread 0x000001c993bf9800 Exception <a 'java/lang/NoSuchMethodError'{0x0000000086985428}: 'java.lang.Object java.lang.invoke.DirectMethodHandle$Holder.invokeStatic(java.lang.Object, java.lang.Object, java.lang.Object, java.lang.Object, int)'> (0x0000000086985428) thrown at [src/hotspot/share/interpreter/linkResolver.cpp, line 773]
Event: 25.799 Thread 0x000001c993bf9800 Exception <a 'java/lang/NoSuchMethodError'{0x0000000086989ac0}: 'java.lang.Object java.lang.invoke.DirectMethodHandle$Holder.invokeSpecial(java.lang.Object, java.lang.Object, java.lang.Object, java.lang.Object, java.lang.Object, int)'> (0x0000000086989ac0) thrown at [src/hotspot/share/interpreter/linkResolver.cpp, line 773]
Event: 25.799 Thread 0x000001c993bf9800 Exception <a 'java/lang/NoSuchMethodError'{0x000000008698dca8}: 'java.lang.Object java.lang.invoke.Invokers$Holder.linkToTargetMethod(java.lang.Object, java.lang.Object, java.lang.Object, int, java.lang.Object)'> (0x000000008698dca8) thrown at [src/hotspot/share/interpreter/linkResolver.cpp, line 773]

Events (20 events):
Event: 26.300 loading class com/google/gson/internal/bind/TypeAdapters$17 done
Event: 26.300 loading class com/google/gson/internal/bind/TypeAdapters$18
Event: 26.300 loading class com/google/gson/internal/bind/TypeAdapters$18 done
Event: 26.301 loading class com/google/gson/internal/bind/TypeAdapters$19
Event: 26.301 loading class com/google/gson/internal/bind/TypeAdapters$19 done
Event: 26.302 loading class com/google/gson/internal/bind/TypeAdapters$20
Event: 26.302 loading class com/google/gson/internal/bind/TypeAdapters$20 done
Event: 26.303 loading class com/google/gson/internal/bind/TypeAdapters$21
Event: 26.303 loading class com/google/gson/internal/bind/TypeAdapters$21 done
Event: 26.304 loading class com/google/gson/internal/bind/TypeAdapters$22
Event: 26.304 loading class com/google/gson/internal/bind/TypeAdapters$22 done
Event: 26.305 loading class com/google/gson/internal/bind/TypeAdapters$23
Event: 26.305 loading class com/google/gson/internal/bind/TypeAdapters$23 done
Event: 26.306 loading class com/google/gson/internal/bind/TypeAdapters$25
Event: 26.306 loading class com/google/gson/internal/bind/TypeAdapters$25 done
Event: 26.307 loading class com/google/gson/internal/bind/TypeAdapters$26
Event: 26.307 loading class com/google/gson/internal/bind/TypeAdapters$26 done
Event: 26.308 loading class com/google/gson/internal/bind/TypeAdapters$27
Event: 26.308 loading class com/google/gson/internal/bind/TypeAdapters$27 done
Event: 26.309 Executing VM operation: G1CollectForAllocation


Dynamic libraries:
0x00007ff7a6e00000 - 0x00007ff7a6e0a000 	C:\Program Files\Android\Android Studio\jbr\bin\java.exe
0x00007ff902a30000 - 0x00007ff902c28000 	C:\WINDOWS\SYSTEM32\ntdll.dll
0x00007ff901d00000 - 0x00007ff901dbf000 	C:\WINDOWS\System32\KERNEL32.DLL
0x00007ff9002a0000 - 0x00007ff900596000 	C:\WINDOWS\System32\KERNELBASE.dll
0x00007ff9001a0000 - 0x00007ff9002a0000 	C:\WINDOWS\System32\ucrtbase.dll
0x00007ff8e3830000 - 0x00007ff8e384b000 	C:\Program Files\Android\Android Studio\jbr\bin\VCRUNTIME140.dll
0x00007ff8ec850000 - 0x00007ff8ec867000 	C:\Program Files\Android\Android Studio\jbr\bin\jli.dll
0x00007ff9027f0000 - 0x00007ff90298d000 	C:\WINDOWS\System32\USER32.dll
0x00007ff900610000 - 0x00007ff900632000 	C:\WINDOWS\System32\win32u.dll
0x00007ff8ebc40000 - 0x00007ff8ebeda000 	C:\WINDOWS\WinSxS\amd64_microsoft.windows.common-controls_6595b64144ccf1df_6.0.19041.1110_none_60b5254171f9507e\COMCTL32.dll
0x00007ff902120000 - 0x00007ff90214c000 	C:\WINDOWS\System32\GDI32.dll
0x00007ff9024d0000 - 0x00007ff90256e000 	C:\WINDOWS\System32\msvcrt.dll
0x00007ff9006e0000 - 0x00007ff9007f5000 	C:\WINDOWS\System32\gdi32full.dll
0x00007ff900640000 - 0x00007ff9006dd000 	C:\WINDOWS\System32\msvcp_win.dll
0x00007ff901400000 - 0x00007ff901430000 	C:\WINDOWS\System32\IMM32.DLL
0x00007ff8ed220000 - 0x00007ff8ed22c000 	C:\Program Files\Android\Android Studio\jbr\bin\vcruntime140_1.dll
0x00007ff8b9d50000 - 0x00007ff8b9ddd000 	C:\Program Files\Android\Android Studio\jbr\bin\msvcp140.dll
0x00007ff8bb460000 - 0x00007ff8bc01c000 	C:\Program Files\Android\Android Studio\jbr\bin\server\jvm.dll
0x00007ff900f00000 - 0x00007ff900faf000 	C:\WINDOWS\System32\ADVAPI32.dll
0x00007ff902750000 - 0x00007ff9027ec000 	C:\WINDOWS\System32\sechost.dll
0x00007ff902570000 - 0x00007ff902696000 	C:\WINDOWS\System32\RPCRT4.dll
0x00007ff902740000 - 0x00007ff902748000 	C:\WINDOWS\System32\PSAPI.DLL
0x00007ff8f9f30000 - 0x00007ff8f9f39000 	C:\WINDOWS\SYSTEM32\WSOCK32.dll
0x00007ff901010000 - 0x00007ff90107b000 	C:\WINDOWS\System32\WS2_32.dll
0x00007ff8f2a10000 - 0x00007ff8f2a37000 	C:\WINDOWS\SYSTEM32\WINMM.dll
0x00007ff8f3d40000 - 0x00007ff8f3d4a000 	C:\WINDOWS\SYSTEM32\VERSION.dll
0x00007ff8fe910000 - 0x00007ff8fe922000 	C:\WINDOWS\SYSTEM32\kernel.appcore.dll
0x00007ff8f8b10000 - 0x00007ff8f8b20000 	C:\Program Files\Android\Android Studio\jbr\bin\verify.dll
0x00007ff8efcb0000 - 0x00007ff8efe94000 	C:\WINDOWS\SYSTEM32\DBGHELP.DLL
0x00007ff8efc70000 - 0x00007ff8efca4000 	C:\WINDOWS\SYSTEM32\dbgcore.DLL
0x00007ff900110000 - 0x00007ff900192000 	C:\WINDOWS\System32\bcryptPrimitives.dll
0x00007ff8f8ae0000 - 0x00007ff8f8b08000 	C:\Program Files\Android\Android Studio\jbr\bin\java.dll
0x00007ff8f86d0000 - 0x00007ff8f86da000 	C:\Program Files\Android\Android Studio\jbr\bin\jimage.dll
0x00007ff8ec870000 - 0x00007ff8ec87e000 	C:\Program Files\Android\Android Studio\jbr\bin\instrument.dll
0x00007ff8ec830000 - 0x00007ff8ec848000 	C:\Program Files\Android\Android Studio\jbr\bin\zip.dll
0x00007ff9015b0000 - 0x00007ff901cf4000 	C:\WINDOWS\System32\SHELL32.dll
0x00007ff8fdb30000 - 0x00007ff8fe2c3000 	C:\WINDOWS\SYSTEM32\windows.storage.dll
0x00007ff901dc0000 - 0x00007ff902114000 	C:\WINDOWS\System32\combase.dll
0x00007ff8ff9a0000 - 0x00007ff8ff9ce000 	C:\WINDOWS\SYSTEM32\Wldp.dll
0x00007ff902420000 - 0x00007ff9024cd000 	C:\WINDOWS\System32\SHCORE.dll
0x00007ff902990000 - 0x00007ff9029e5000 	C:\WINDOWS\System32\shlwapi.dll
0x00007ff900050000 - 0x00007ff90006f000 	C:\WINDOWS\SYSTEM32\profapi.dll
0x00007ff8e1a40000 - 0x00007ff8e1a4a000 	C:\Program Files\Android\Android Studio\jbr\bin\management.dll
0x00007ff8e19d0000 - 0x00007ff8e19db000 	C:\Program Files\Android\Android Studio\jbr\bin\management_ext.dll
0x00007ff8c9c80000 - 0x00007ff8c9c99000 	C:\Program Files\Android\Android Studio\jbr\bin\net.dll
0x00007ff8f5190000 - 0x00007ff8f529a000 	C:\WINDOWS\SYSTEM32\WINHTTP.dll
0x00007ff8ff780000 - 0x00007ff8ff7ea000 	C:\WINDOWS\system32\mswsock.dll
0x00007ff8c9c60000 - 0x00007ff8c9c73000 	C:\Program Files\Android\Android Studio\jbr\bin\nio.dll
0x00007ff8bded0000 - 0x00007ff8bdee7000 	C:\WINDOWS\system32\napinsp.dll
0x00007ff8bdeb0000 - 0x00007ff8bdecb000 	C:\WINDOWS\system32\pnrpnsp.dll
0x00007ff8e03c0000 - 0x00007ff8e03d5000 	C:\WINDOWS\system32\wshbth.dll
0x00007ff8fb4a0000 - 0x00007ff8fb4bd000 	C:\WINDOWS\system32\NLAapi.dll
0x00007ff8ff490000 - 0x00007ff8ff4cc000 	C:\WINDOWS\SYSTEM32\IPHLPAPI.DLL
0x00007ff8ff4d0000 - 0x00007ff8ff59a000 	C:\WINDOWS\SYSTEM32\DNSAPI.dll
0x00007ff902410000 - 0x00007ff902418000 	C:\WINDOWS\System32\NSI.dll
0x00007ff8bde90000 - 0x00007ff8bdea2000 	C:\WINDOWS\System32\winrnr.dll
0x00007ff8f3b20000 - 0x00007ff8f3b2a000 	C:\Windows\System32\rasadhlp.dll
0x00007ff8f5020000 - 0x00007ff8f50a2000 	C:\WINDOWS\System32\fwpuclnt.dll
0x00007ff900a60000 - 0x00007ff900a87000 	C:\WINDOWS\System32\bcrypt.dll
0x00007ff8fb520000 - 0x00007ff8fb547000 	C:\Users\shahzaib lptp\AndroidStudioProjects\loginsqlite\native\68d5fa5c4cc2d200863cafc0d521ce42e7d3e7ee720ec0a83991735586a16f82\windows-amd64\native-platform.dll
0x00007ff8b98d0000 - 0x00007ff8b9a14000 	C:\Users\shahzaib lptp\AndroidStudioProjects\loginsqlite\native\e376f236ea51e6404a007f0833ffe2c6e607c4080706a723a18a27aeea778392\windows-amd64\native-platform-file-events.dll
0x00007ff8ffcf0000 - 0x00007ff8ffd08000 	C:\WINDOWS\SYSTEM32\CRYPTSP.dll
0x00007ff8ff0c0000 - 0x00007ff8ff0f4000 	C:\WINDOWS\system32\rsaenh.dll
0x00007ff900010000 - 0x00007ff90003e000 	C:\WINDOWS\SYSTEM32\USERENV.dll
0x00007ff8ff910000 - 0x00007ff8ff91c000 	C:\WINDOWS\SYSTEM32\CRYPTBASE.dll
0x00007ff8f6ef0000 - 0x00007ff8f6f07000 	C:\WINDOWS\SYSTEM32\dhcpcsvc6.DLL
0x00007ff8f6ed0000 - 0x00007ff8f6eed000 	C:\WINDOWS\SYSTEM32\dhcpcsvc.DLL

dbghelp: loaded successfully - version: 4.0.5 - missing functions: none
symbol engine: initialized successfully - sym options: 0x614 - pdb path: .;C:\Program Files\Android\Android Studio\jbr\bin;C:\WINDOWS\SYSTEM32;C:\WINDOWS\WinSxS\amd64_microsoft.windows.common-controls_6595b64144ccf1df_6.0.19041.1110_none_60b5254171f9507e;C:\Program Files\Android\Android Studio\jbr\bin\server;C:\Users\shahzaib lptp\AndroidStudioProjects\loginsqlite\native\68d5fa5c4cc2d200863cafc0d521ce42e7d3e7ee720ec0a83991735586a16f82\windows-amd64;C:\Users\shahzaib lptp\AndroidStudioProjects\loginsqlite\native\e376f236ea51e6404a007f0833ffe2c6e607c4080706a723a18a27aeea778392\windows-amd64

VM Arguments:
jvm_args: --add-opens=java.base/java.util.concurrent.atomic=ALL-UNNAMED -javaagent:C:\Program Files\Android\Android Studio\plugins\android\resources\trace_agent.jar=C:\Users\SHAHZA~1\AppData\Local\Temp\sync.trace.profile --add-opens=java.base/java.util=ALL-UNNAMED --add-opens=java.base/java.lang=ALL-UNNAMED --add-opens=java.base/java.lang.invoke=ALL-UNNAMED --add-opens=java.prefs/java.util.prefs=ALL-UNNAMED --add-opens=java.base/java.nio.charset=ALL-UNNAMED --add-opens=java.base/java.net=ALL-UNNAMED --add-opens=java.base/java.util.concurrent.atomic=ALL-UNNAMED -Xmx2048m -Dfile.encoding=UTF-8 -Duser.country=US -Duser.language=en -Duser.variant -javaagent:C:\Users\shahzaib lptp\AndroidStudioProjects\loginsqlite\wrapper\dists\gradle-8.3-rc-1-bin\3lbs5z64xhcdp1uarsx2vp16o\gradle-8.3-rc-1\lib\agents\gradle-instrumentation-agent-8.3.jar 
java_command: org.gradle.launcher.daemon.bootstrap.GradleDaemon 8.3-rc-1
java_class_path (initial): C:\Users\shahzaib lptp\AndroidStudioProjects\loginsqlite\wrapper\dists\gradle-8.3-rc-1-bin\3lbs5z64xhcdp1uarsx2vp16o\gradle-8.3-rc-1\lib\gradle-launcher-8.3.jar
Launcher Type: SUN_STANDARD

[Global flags]
     intx CICompilerCount                          = 3                                         {product} {ergonomic}
     uint ConcGCThreads                            = 1                                         {product} {ergonomic}
     uint G1ConcRefinementThreads                  = 4                                         {product} {ergonomic}
   size_t G1HeapRegionSize                         = 1048576                                   {product} {ergonomic}
    uintx GCDrainStackTargetSize                   = 64                                        {product} {ergonomic}
   size_t InitialHeapSize                          = 134217728                                 {product} {ergonomic}
   size_t MarkStackSize                            = 4194304                                   {product} {ergonomic}
   size_t MaxHeapSize                              = 2147483648                                {product} {command line}
   size_t MaxNewSize                               = 1287651328                                {product} {ergonomic}
   size_t MinHeapDeltaBytes                        = 1048576                                   {product} {ergonomic}
    uintx NonNMethodCodeHeapSize                   = 5830732                                {pd product} {ergonomic}
    uintx NonProfiledCodeHeapSize                  = 122913754                              {pd product} {ergonomic}
    uintx ProfiledCodeHeapSize                     = 122913754                              {pd product} {ergonomic}
    uintx ReservedCodeCacheSize                    = 251658240                              {pd product} {ergonomic}
     bool SegmentedCodeCache                       = true                                      {product} {ergonomic}
     bool UseCompressedClassPointers               = true                                 {lp64_product} {ergonomic}
     bool UseCompressedOops                        = true                                 {lp64_product} {ergonomic}
     bool UseG1GC                                  = true                                      {product} {ergonomic}
     bool UseLargePagesIndividualAllocation        = false                                  {pd product} {ergonomic}

Logging:
Log output configuration:
 #0: stdout all=warning uptime,level,tags
 #1: stderr all=off uptime,level,tags

Environment Variables:
PATH=C:\Program Files\Python310\Scripts\;C:\Program Files\Python310\;C:\Program Files\Common Files\Oracle\Java\javapath;C:\app\bin;C:\app\shahzaiblptp\product\11.2.0\dbhome_1\bin;C:\WINDOWS\system32;C:\WINDOWS;C:\WINDOWS\System32\Wbem;C:\WINDOWS\System32\WindowsPowerShell\v1.0\;c:\Program Files (x86)\Microsoft SQL Server\100\Tools\Binn\;c:\Program Files\Microsoft SQL Server\100\Tools\Binn\;c:\Program Files\Microsoft SQL Server\100\DTS\Binn\;C:\WINDOWS\System32\OpenSSH\;C:\ProgramData\chocolatey\bin;%JAVA_HOME%\bin;C:\Program Files\Git\cmd;C:\WINDOWS\System32;C:\Users\shahzaib lptp\AppData\Local\Microsoft\WindowsApps;C:\Program Files\JetBrains\IntelliJ IDEA Community Edition 2021.3\bin;;C:\Program Files\Python310\PyCharm Community Edition 2022.1\bin;;C:\Users\shahzaib lptp\AppData\Local\Programs\Microsoft VS Code\bin;C:\Program Files\flutter\bin;C:\src\flutter\bin;C:\Program Files\Android\Android Studio\bin;
USERNAME=shahzaib lptp
OS=Windows_NT
PROCESSOR_IDENTIFIER=Intel64 Family 6 Model 69 Stepping 1, GenuineIntel



---------------  S Y S T E M  ---------------

OS: Windows 10 , 64 bit Build 19041 (10.0.19041.3031)
OS uptime: 1 days 7:19 hours
Hyper-V role detected

CPU:total 4 (initial active 4) (2 cores per cpu, 2 threads per core) family 6 model 69 stepping 1 microcode 0x26, cmov, cx8, fxsr, mmx, sse, sse2, sse3, ssse3, sse4.1, sse4.2, popcnt, avx, avx2, aes, clmul, erms, lzcnt, ht, tsc, tscinvbit, bmi1, bmi2, fma

Memory: 4k page, system-wide physical 8073M (955M free)
TotalPageFile size 10073M (AvailPageFile size 21M)
current process WorkingSet (physical memory assigned to process): 346M, peak: 346M
current process commit charge ("private bytes"): 381M, peak: 414M

vm_info: OpenJDK 64-Bit Server VM (11.0.15+0-b2043.56-9505619) for windows-amd64 JRE (11.0.15+0-b2043.56-9505619), built on Jan 19 2023 02:48:00 by "builduser" with unknown MS VC++:1929

END.
