#
# There is insufficient memory for the Java Runtime Environment to continue.
# Native memory allocation (malloc) failed to allocate 837936 bytes for Chunk::new
# Possible reasons:
#   The system is out of physical RAM or swap space
#   The process is running with CompressedOops enabled, and the Java Heap may be blocking the growth of the native heap
# Possible solutions:
#   Reduce memory load on the system
#   Increase physical memory or swap space
#   Check if swap backing store is full
#   Decrease Java heap size (-Xmx/-Xms)
#   Decrease number of Java threads
#   Decrease Java thread stack sizes (-Xss)
#   Set larger code cache with -XX:ReservedCodeCacheSize=
#   JVM is running with Unscaled Compressed Oops mode in which the Java heap is
#     placed in the first 4GB address space. The Java Heap base address is the
#     maximum limit for the native heap growth. Please use -XX:HeapBaseMinAddress
#     to set the Java Heap base and to place the Java Heap above 4GB virtual address.
# This output file may be truncated or incomplete.
#
#  Out of Memory Error (src/hotspot/share/memory/arena.cpp:197), pid=8284, tid=2532
#
# JRE version: OpenJDK Runtime Environment (11.0.15) (build 11.0.15+0-b2043.56-9505619)
# Java VM: OpenJDK 64-Bit Server VM (11.0.15+0-b2043.56-9505619, mixed mode, tiered, compressed oops, g1 gc, windows-amd64)
# No core dump will be written. Minidumps are not enabled by default on client versions of Windows
#

---------------  S U M M A R Y ------------

Command Line: --add-opens=java.base/java.util.concurrent.atomic=ALL-UNNAMED -javaagent:C:\Program Files\Android\Android Studio\plugins\android\resources\trace_agent.jar=C:\Users\SHAHZA~1\AppData\Local\Temp\sync.trace.profile --add-opens=java.base/java.util=ALL-UNNAMED --add-opens=java.base/java.lang=ALL-UNNAMED --add-opens=java.base/java.lang.invoke=ALL-UNNAMED --add-opens=java.prefs/java.util.prefs=ALL-UNNAMED --add-opens=java.base/java.nio.charset=ALL-UNNAMED --add-opens=java.base/java.net=ALL-UNNAMED --add-opens=java.base/java.util.concurrent.atomic=ALL-UNNAMED -Xmx2048m -Dfile.encoding=UTF-8 -Duser.country=US -Duser.language=en -Duser.variant -javaagent:C:\Users\shahzaib lptp\AndroidStudioProjects\loginsqlite\wrapper\dists\gradle-8.3-rc-1-bin\3lbs5z64xhcdp1uarsx2vp16o\gradle-8.3-rc-1\lib\agents\gradle-instrumentation-agent-8.3.jar org.gradle.launcher.daemon.bootstrap.GradleDaemon 8.3-rc-1

Host: Intel(R) Core(TM) i5-4310U CPU @ 2.00GHz, 4 cores, 7G,  Windows 10 , 64 bit Build 19041 (10.0.19041.3031)
Time: Fri Jul 28 00:46:57 2023 Pakistan Standard Time elapsed time: 60.959512 seconds (0d 0h 1m 0s)

---------------  T H R E A D  ---------------

Current thread (0x000002017eb90000):  JavaThread "C2 CompilerThread0" daemon [_thread_in_native, id=2532, stack(0x0000001c9c200000,0x0000001c9c300000)]


Current CompileTask:
C2:  60959 16727       4       com.android.tools.r8.internal.GH::a (278 bytes)

Stack: [0x0000001c9c200000,0x0000001c9c300000]
Native frames: (J=compiled Java code, j=interpreted, Vv=VM code, C=native code)
V  [jvm.dll+0x64135a]
V  [jvm.dll+0x7d39f9]
V  [jvm.dll+0x7d51b9]
V  [jvm.dll+0x7d58a3]
V  [jvm.dll+0x2691c5]
V  [jvm.dll+0xc1a5c]
V  [jvm.dll+0xc200c]
V  [jvm.dll+0x3774a7]
V  [jvm.dll+0x1b35e4]
V  [jvm.dll+0x22163e]
V  [jvm.dll+0x220498]
V  [jvm.dll+0x19e851]
V  [jvm.dll+0x230479]
V  [jvm.dll+0x22e5ef]
V  [jvm.dll+0x794de1]
V  [jvm.dll+0x78dc24]
V  [jvm.dll+0x6400f6]
C  [ucrtbase.dll+0x21bb2]
C  [KERNEL32.DLL+0x17614]
C  [ntdll.dll+0x526f1]


---------------  P R O C E S S  ---------------

Threads class SMR info:
_java_thread_list=0x0000020106907c60, length=94, elements={
0x0000020162fb4000, 0x000002017eb65000, 0x000002017eb66000, 0x000002017eb81000,
0x000002017eb82800, 0x000002017eb83800, 0x000002017eb90000, 0x000002017eb94800,
0x000002017eb96000, 0x000002017f648800, 0x00000201033a3800, 0x0000020103203800,
0x00000201009d8800, 0x00000201019d2000, 0x000002010334a000, 0x0000020103137800,
0x00000201033de000, 0x000002010346f800, 0x0000020102c3a000, 0x0000020102c39000,
0x0000020103a5f000, 0x0000020103a60000, 0x0000020103a5a000, 0x0000020103a5c000,
0x0000020103a5e800, 0x0000020103a5c800, 0x0000020103a60800, 0x0000020103a5b000,
0x0000020105afa800, 0x0000020105afd000, 0x0000020105af9000, 0x0000020105afb800,
0x0000020105afe000, 0x0000020105b05800, 0x0000020105b01000, 0x0000020105b03800,
0x0000020105b02000, 0x0000020105aff800, 0x0000020105b06000, 0x0000020105b00800,
0x0000020105b07000, 0x0000020102c41000, 0x0000020102c43800, 0x0000020102c44000,
0x0000020102c41800, 0x0000020102c40000, 0x0000020102c45000, 0x0000020102c46800,
0x0000020102c47800, 0x0000020102c42800, 0x0000020102c4b800, 0x0000020102c4c000,
0x0000020102c4a000, 0x0000020102c4a800, 0x0000020102c49000, 0x0000020102c4d000,
0x0000020102c4e000, 0x0000020102c48000, 0x0000020102c4e800, 0x0000020102112800,
0x000002010210d000, 0x000002010210e000, 0x0000020102113800, 0x0000020102110000,
0x0000020102114800, 0x000002010210e800, 0x0000020102115000, 0x000002010210f800,
0x0000020102111000, 0x0000020102116000, 0x0000020102117000, 0x0000020102117800,
0x0000020102112000, 0x0000020102118800, 0x0000020102119000, 0x000002010211a000,
0x000002010211b800, 0x000002010211b000, 0x0000020100bf3000, 0x0000020100bf5800,
0x0000020100bef800, 0x0000020100bf4000, 0x0000020100bf4800, 0x0000020100bf1800,
0x0000020100bf0800, 0x0000020100bf6000, 0x0000020100bf2000, 0x0000020103a11800,
0x0000020103a0f000, 0x0000020103a14800, 0x0000020103a15800, 0x0000020103a0f800,
0x0000020103a16000, 0x0000020103872800
}

Java Threads: ( => current thread )
  0x0000020162fb4000 JavaThread "main" [_thread_blocked, id=6040, stack(0x0000001c9b600000,0x0000001c9b700000)]
  0x000002017eb65000 JavaThread "Reference Handler" daemon [_thread_blocked, id=13208, stack(0x0000001c9bd00000,0x0000001c9be00000)]
  0x000002017eb66000 JavaThread "Finalizer" daemon [_thread_blocked, id=11528, stack(0x0000001c9be00000,0x0000001c9bf00000)]
  0x000002017eb81000 JavaThread "Signal Dispatcher" daemon [_thread_blocked, id=11892, stack(0x0000001c9bf00000,0x0000001c9c000000)]
  0x000002017eb82800 JavaThread "Attach Listener" daemon [_thread_blocked, id=1184, stack(0x0000001c9c000000,0x0000001c9c100000)]
  0x000002017eb83800 JavaThread "Service Thread" daemon [_thread_blocked, id=5368, stack(0x0000001c9c100000,0x0000001c9c200000)]
=>0x000002017eb90000 JavaThread "C2 CompilerThread0" daemon [_thread_in_native, id=2532, stack(0x0000001c9c200000,0x0000001c9c300000)]
  0x000002017eb94800 JavaThread "C1 CompilerThread0" daemon [_thread_in_native, id=8196, stack(0x0000001c9c300000,0x0000001c9c400000)]
  0x000002017eb96000 JavaThread "Sweeper thread" daemon [_thread_blocked, id=11996, stack(0x0000001c9c400000,0x0000001c9c500000)]
  0x000002017f648800 JavaThread "Common-Cleaner" daemon [_thread_blocked, id=14040, stack(0x0000001c9c500000,0x0000001c9c600000)]
  0x00000201033a3800 JavaThread "Daemon health stats" [_thread_blocked, id=12996, stack(0x0000001c9ca00000,0x0000001c9cb00000)]
  0x0000020103203800 JavaThread "Incoming local TCP Connector on port 56916" [_thread_in_native, id=11260, stack(0x0000001c9cb00000,0x0000001c9cc00000)]
  0x00000201009d8800 JavaThread "Daemon periodic checks" [_thread_blocked, id=11792, stack(0x0000001c9cc00000,0x0000001c9cd00000)]
  0x00000201019d2000 JavaThread "Daemon" [_thread_blocked, id=8556, stack(0x0000001c9cd00000,0x0000001c9ce00000)]
  0x000002010334a000 JavaThread "Handler for socket connection from /127.0.0.1:56916 to /127.0.0.1:56917" [_thread_in_native, id=6128, stack(0x0000001c9ce00000,0x0000001c9cf00000)]
  0x0000020103137800 JavaThread "Cancel handler" [_thread_blocked, id=1480, stack(0x0000001c9d000000,0x0000001c9d100000)]
  0x00000201033de000 JavaThread "Daemon worker" [_thread_blocked, id=9932, stack(0x0000001c9d100000,0x0000001c9d200000)]
  0x000002010346f800 JavaThread "Asynchronous log dispatcher for DefaultDaemonConnection: socket connection from /127.0.0.1:56916 to /127.0.0.1:56917" [_thread_blocked, id=124, stack(0x0000001c9d200000,0x0000001c9d300000)]
  0x0000020102c3a000 JavaThread "Stdin handler" [_thread_blocked, id=9264, stack(0x0000001c9d300000,0x0000001c9d400000)]
  0x0000020102c39000 JavaThread "Daemon client event forwarder" [_thread_blocked, id=3340, stack(0x0000001c9d400000,0x0000001c9d500000)]
  0x0000020103a5f000 JavaThread "Cache worker for journal cache (C:\Users\shahzaib lptp\AndroidStudioProjects\loginsqlite\caches\journal-1)" [_thread_blocked, id=7240, stack(0x0000001c9d500000,0x0000001c9d600000)]
  0x0000020103a60000 JavaThread "File lock request listener" [_thread_in_native, id=6964, stack(0x0000001c9d600000,0x0000001c9d700000)]
  0x0000020103a5a000 JavaThread "Cache worker for file hash cache (C:\Users\shahzaib lptp\AndroidStudioProjects\loginsqlite\caches\8.3-rc-1\fileHashes)" [_thread_blocked, id=14328, stack(0x0000001c9d700000,0x0000001c9d800000)]
  0x0000020103a5c000 JavaThread "File watcher server" daemon [_thread_in_native, id=13808, stack(0x0000001c9d800000,0x0000001c9d900000)]
  0x0000020103a5e800 JavaThread "File watcher consumer" daemon [_thread_blocked, id=13816, stack(0x0000001c9d900000,0x0000001c9da00000)]
  0x0000020103a5c800 JavaThread "Cache worker for checksums cache (C:\Users\shahzaib lptp\AndroidStudioProjects\EyeonwaterApp\.gradle\8.3-rc-1\checksums)" [_thread_blocked, id=1496, stack(0x0000001c9da00000,0x0000001c9db00000)]
  0x0000020103a60800 JavaThread "Cache worker for file hash cache (C:\Users\shahzaib lptp\AndroidStudioProjects\EyeonwaterApp\.gradle\8.3-rc-1\fileHashes)" [_thread_blocked, id=13660, stack(0x0000001c9db00000,0x0000001c9dc00000)]
  0x0000020103a5b000 JavaThread "Cache worker for cache directory md-supplier (C:\Users\shahzaib lptp\AndroidStudioProjects\loginsqlite\caches\8.3-rc-1\md-supplier)" [_thread_blocked, id=4112, stack(0x0000001c9dc00000,0x0000001c9dd00000)]
  0x0000020105afa800 JavaThread "Cache worker for file content cache (C:\Users\shahzaib lptp\AndroidStudioProjects\loginsqlite\caches\8.3-rc-1\fileContent)" [_thread_blocked, id=12048, stack(0x0000001c9dd00000,0x0000001c9de00000)]
  0x0000020105afd000 JavaThread "Cache worker for cache directory md-rule (C:\Users\shahzaib lptp\AndroidStudioProjects\loginsqlite\caches\8.3-rc-1\md-rule)" [_thread_blocked, id=5400, stack(0x0000001c9de00000,0x0000001c9df00000)]
  0x0000020105af9000 JavaThread "Cache worker for execution history cache (C:\Users\shahzaib lptp\AndroidStudioProjects\loginsqlite\caches\8.3-rc-1\executionHistory)" [_thread_blocked, id=12944, stack(0x0000001c9df00000,0x0000001c9e000000)]
  0x0000020105afb800 JavaThread "jar transforms" [_thread_blocked, id=1968, stack(0x0000001c9e000000,0x0000001c9e100000)]
  0x0000020105afe000 JavaThread "jar transforms Thread 2" [_thread_blocked, id=2360, stack(0x0000001c9e100000,0x0000001c9e200000)]
  0x0000020105b05800 JavaThread "jar transforms Thread 3" [_thread_blocked, id=11516, stack(0x0000001c9e200000,0x0000001c9e300000)]
  0x0000020105b01000 JavaThread "jar transforms Thread 4" [_thread_blocked, id=740, stack(0x0000001c9e300000,0x0000001c9e400000)]
  0x0000020105b03800 JavaThread "Cache worker for dependencies-accessors (C:\Users\shahzaib lptp\AndroidStudioProjects\EyeonwaterApp\.gradle\8.3-rc-1\dependencies-accessors)" [_thread_blocked, id=13256, stack(0x0000001c9e400000,0x0000001c9e500000)]
  0x0000020105b02000 JavaThread "Cache worker for Build Output Cleanup Cache (C:\Users\shahzaib lptp\AndroidStudioProjects\EyeonwaterApp\.gradle\buildOutputCleanup)" [_thread_blocked, id=12300, stack(0x0000001c9e500000,0x0000001c9e600000)]
  0x0000020105aff800 JavaThread "Unconstrained build operations" [_thread_blocked, id=8400, stack(0x0000001c9e600000,0x0000001c9e700000)]
  0x0000020105b06000 JavaThread "Unconstrained build operations Thread 2" [_thread_in_Java, id=3856, stack(0x0000001c9e700000,0x0000001c9e800000)]
  0x0000020105b00800 JavaThread "Unconstrained build operations Thread 3" [_thread_blocked, id=12060, stack(0x0000001c9e800000,0x0000001c9e900000)]
  0x0000020105b07000 JavaThread "build event listener" [_thread_blocked, id=4004, stack(0x0000001c9e900000,0x0000001c9ea00000)]
  0x0000020102c41000 JavaThread "Memory manager" [_thread_blocked, id=12488, stack(0x0000001c9ea00000,0x0000001c9eb00000)]
  0x0000020102c43800 JavaThread "pool-3-thread-1" [_thread_blocked, id=2000, stack(0x0000001c9ec00000,0x0000001c9ed00000)]
  0x0000020102c44000 JavaThread "build event listener" [_thread_blocked, id=6400, stack(0x0000001c9ed00000,0x0000001c9ee00000)]
  0x0000020102c41800 JavaThread "included builds" [_thread_blocked, id=13872, stack(0x0000001c9ee00000,0x0000001c9ef00000)]
  0x0000020102c40000 JavaThread "Execution worker" [_thread_blocked, id=3024, stack(0x0000001c9ef00000,0x0000001c9f000000)]
  0x0000020102c45000 JavaThread "Execution worker Thread 2" [_thread_blocked, id=9476, stack(0x0000001c9f000000,0x0000001c9f100000)]
  0x0000020102c46800 JavaThread "Execution worker Thread 3" [_thread_in_Java, id=7056, stack(0x0000001c9f100000,0x0000001c9f200000)]
  0x0000020102c47800 JavaThread "Cache worker for execution history cache (C:\Users\shahzaib lptp\AndroidStudioProjects\EyeonwaterApp\.gradle\8.3-rc-1\executionHistory)" [_thread_blocked, id=14072, stack(0x0000001c9f200000,0x0000001c9f300000)]
  0x0000020102c42800 JavaThread "Unconstrained build operations Thread 4" [_thread_blocked, id=5116, stack(0x0000001c9f300000,0x0000001c9f400000)]
  0x0000020102c4b800 JavaThread "Unconstrained build operations Thread 5" [_thread_blocked, id=6340, stack(0x0000001c9f400000,0x0000001c9f500000)]
  0x0000020102c4c000 JavaThread "Unconstrained build operations Thread 6" [_thread_in_Java, id=7764, stack(0x0000001c9f500000,0x0000001c9f600000)]
  0x0000020102c4a000 JavaThread "Unconstrained build operations Thread 7" [_thread_blocked, id=10536, stack(0x0000001c9f600000,0x0000001c9f700000)]
  0x0000020102c4a800 JavaThread "Unconstrained build operations Thread 8" [_thread_blocked, id=2816, stack(0x0000001c9f700000,0x0000001c9f800000)]
  0x0000020102c49000 JavaThread "Unconstrained build operations Thread 9" [_thread_blocked, id=7544, stack(0x0000001c9f800000,0x0000001c9f900000)]
  0x0000020102c4d000 JavaThread "Unconstrained build operations Thread 10" [_thread_blocked, id=764, stack(0x0000001c9f900000,0x0000001c9fa00000)]
  0x0000020102c4e000 JavaThread "Unconstrained build operations Thread 11" [_thread_blocked, id=2104, stack(0x0000001c9fa00000,0x0000001c9fb00000)]
  0x0000020102c48000 JavaThread "Unconstrained build operations Thread 12" [_thread_blocked, id=1500, stack(0x0000001c9fb00000,0x0000001c9fc00000)]
  0x0000020102c4e800 JavaThread "Unconstrained build operations Thread 13" [_thread_blocked, id=13588, stack(0x0000001c9fc00000,0x0000001c9fd00000)]
  0x0000020102112800 JavaThread "Unconstrained build operations Thread 14" [_thread_blocked, id=6540, stack(0x0000001c9fd00000,0x0000001c9fe00000)]
  0x000002010210d000 JavaThread "Unconstrained build operations Thread 15" [_thread_blocked, id=8656, stack(0x0000001c9fe00000,0x0000001c9ff00000)]
  0x000002010210e000 JavaThread "Unconstrained build operations Thread 16" [_thread_blocked, id=6168, stack(0x0000001c9ff00000,0x0000001ca0000000)]
  0x0000020102113800 JavaThread "Unconstrained build operations Thread 17" [_thread_blocked, id=2016, stack(0x0000001ca0000000,0x0000001ca0100000)]
  0x0000020102110000 JavaThread "Unconstrained build operations Thread 18" [_thread_blocked, id=5608, stack(0x0000001ca0100000,0x0000001ca0200000)]
  0x0000020102114800 JavaThread "Unconstrained build operations Thread 19" [_thread_blocked, id=9116, stack(0x0000001ca0200000,0x0000001ca0300000)]
  0x000002010210e800 JavaThread "Unconstrained build operations Thread 20" [_thread_blocked, id=14088, stack(0x0000001ca0300000,0x0000001ca0400000)]
  0x0000020102115000 JavaThread "Unconstrained build operations Thread 21" [_thread_blocked, id=8368, stack(0x0000001ca0400000,0x0000001ca0500000)]
  0x000002010210f800 JavaThread "Unconstrained build operations Thread 22" [_thread_blocked, id=13024, stack(0x0000001ca0500000,0x0000001ca0600000)]
  0x0000020102111000 JavaThread "Unconstrained build operations Thread 23" [_thread_blocked, id=1208, stack(0x0000001ca0600000,0x0000001ca0700000)]
  0x0000020102116000 JavaThread "Unconstrained build operations Thread 24" [_thread_blocked, id=1372, stack(0x0000001ca0700000,0x0000001ca0800000)]
  0x0000020102117000 JavaThread "Unconstrained build operations Thread 25" [_thread_blocked, id=13052, stack(0x0000001ca0800000,0x0000001ca0900000)]
  0x0000020102117800 JavaThread "Unconstrained build operations Thread 26" [_thread_blocked, id=11100, stack(0x0000001ca0900000,0x0000001ca0a00000)]
  0x0000020102112000 JavaThread "Unconstrained build operations Thread 27" [_thread_blocked, id=7084, stack(0x0000001ca0a00000,0x0000001ca0b00000)]
  0x0000020102118800 JavaThread "Unconstrained build operations Thread 28" [_thread_blocked, id=10516, stack(0x0000001ca0b00000,0x0000001ca0c00000)]
  0x0000020102119000 JavaThread "Unconstrained build operations Thread 29" [_thread_blocked, id=1252, stack(0x0000001ca0c00000,0x0000001ca0d00000)]
  0x000002010211a000 JavaThread "Unconstrained build operations Thread 30" [_thread_blocked, id=9260, stack(0x0000001ca0d00000,0x0000001ca0e00000)]
  0x000002010211b800 JavaThread "Unconstrained build operations Thread 31" [_thread_blocked, id=6352, stack(0x0000001ca0e00000,0x0000001ca0f00000)]
  0x000002010211b000 JavaThread "Unconstrained build operations Thread 32" [_thread_blocked, id=10992, stack(0x0000001ca0f00000,0x0000001ca1000000)]
  0x0000020100bf3000 JavaThread "WorkerExecutor Queue" [_thread_blocked, id=9872, stack(0x0000001ca1000000,0x0000001ca1100000)]
  0x0000020100bf5800 JavaThread "Unconstrained build operations Thread 33" [_thread_blocked, id=8916, stack(0x0000001ca1100000,0x0000001ca1200000)]
  0x0000020100bef800 JavaThread "Unconstrained build operations Thread 34" [_thread_blocked, id=1964, stack(0x0000001ca1200000,0x0000001ca1300000)]
  0x0000020100bf4000 JavaThread "Unconstrained build operations Thread 35" [_thread_blocked, id=9336, stack(0x0000001ca1300000,0x0000001ca1400000)]
  0x0000020100bf4800 JavaThread "Unconstrained build operations Thread 36" [_thread_blocked, id=9388, stack(0x0000001ca1400000,0x0000001ca1500000)]
  0x0000020100bf1800 JavaThread "Unconstrained build operations Thread 37" [_thread_blocked, id=7256, stack(0x0000001ca1500000,0x0000001ca1600000)]
  0x0000020100bf0800 JavaThread "Unconstrained build operations Thread 38" [_thread_blocked, id=11136, stack(0x0000001ca1600000,0x0000001ca1700000)]
  0x0000020100bf6000 JavaThread "Unconstrained build operations Thread 39" [_thread_blocked, id=14136, stack(0x0000001ca1700000,0x0000001ca1800000)]
  0x0000020100bf2000 JavaThread "Unconstrained build operations Thread 40" [_thread_blocked, id=12648, stack(0x0000001ca1800000,0x0000001ca1900000)]
  0x0000020103a11800 JavaThread "pool-4-thread-1" [_thread_blocked, id=14276, stack(0x0000001ca1900000,0x0000001ca1a00000)]
  0x0000020103a0f000 JavaThread "stderr" [_thread_in_native, id=5428, stack(0x0000001ca1a00000,0x0000001ca1b00000)]
  0x0000020103a14800 JavaThread "stdout" [_thread_in_native, id=5152, stack(0x0000001ca1b00000,0x0000001ca1c00000)]
  0x0000020103a15800 JavaThread "WorkerExecutor Queue Thread 2" [_thread_blocked, id=11400, stack(0x0000001ca1c00000,0x0000001ca1d00000)]
  0x0000020103a0f800 JavaThread "stderr" [_thread_in_native, id=10692, stack(0x0000001ca1d00000,0x0000001ca1e00000)]
  0x0000020103a16000 JavaThread "stdout" [_thread_in_native, id=2024, stack(0x0000001ca1e00000,0x0000001ca1f00000)]
  0x0000020103872800 JavaThread "C2 CompilerThread1" daemon [_thread_in_native, id=3364, stack(0x0000001c9c600000,0x0000001c9c700000)]

Other Threads:
  0x000002017eb62800 VMThread "VM Thread" [stack: 0x0000001c9bc00000,0x0000001c9bd00000] [id=9284]
  0x00000201007fe800 WatcherThread [stack: 0x0000001c9c700000,0x0000001c9c800000] [id=7992]
  0x0000020162fce800 GCTaskThread "GC Thread#0" [stack: 0x0000001c9b700000,0x0000001c9b800000] [id=7600]
  0x0000020100fc4800 GCTaskThread "GC Thread#1" [stack: 0x0000001c9c800000,0x0000001c9c900000] [id=10320]
  0x00000201009cf800 GCTaskThread "GC Thread#2" [stack: 0x0000001c9c900000,0x0000001c9ca00000] [id=4676]
  0x0000020102e0d000 GCTaskThread "GC Thread#3" [stack: 0x0000001c9cf00000,0x0000001c9d000000] [id=9744]
  0x0000020163000000 ConcurrentGCThread "G1 Main Marker" [stack: 0x0000001c9b800000,0x0000001c9b900000] [id=6520]
  0x0000020163001800 ConcurrentGCThread "G1 Conc#0" [stack: 0x0000001c9b900000,0x0000001c9ba00000] [id=6380]
  0x0000020163082800 ConcurrentGCThread "G1 Refine#0" [stack: 0x0000001c9ba00000,0x0000001c9bb00000] [id=13036]
  0x000002017e9c0800 ConcurrentGCThread "G1 Young RemSet Sampling" [stack: 0x0000001c9bb00000,0x0000001c9bc00000] [id=7112]

Threads with active compile tasks:
C2 CompilerThread0    61018 16727       4       com.android.tools.r8.internal.GH::a (278 bytes)
C2 CompilerThread1    61018 16725       4       com.android.tools.r8.internal.No::a (1157 bytes)

VM state:not at safepoint (normal execution)

VM Mutex/Monitor currently owned by a thread: None

Heap address: 0x0000000080000000, size: 2048 MB, Compressed Oops mode: 32-bit
Narrow klass base: 0x0000000000000000, Narrow klass shift: 3
Compressed class space size: 1073741824 Address: 0x0000000100000000

Heap:
 garbage-first heap   total 273408K, used 160122K [0x0000000080000000, 0x0000000100000000)
  region size 1024K, 36 young (36864K), 8 survivors (8192K)
 Metaspace       used 114720K, capacity 118606K, committed 118808K, reserved 1153024K
  class space    used 14797K, capacity 16283K, committed 16284K, reserved 1048576K
Heap Regions: E=young(eden), S=young(survivor), O=old, HS=humongous(starts), HC=humongous(continues), CS=collection set, F=free, A=archive, TAMS=top-at-mark-start (previous, next)
|   0|0x0000000080000000, 0x0000000080100000, 0x0000000080100000|100%|HS|  |TAMS 0x0000000080100000, 0x0000000080000000| Complete 
|   1|0x0000000080100000, 0x0000000080200000, 0x0000000080200000|100%|HC|  |TAMS 0x0000000080200000, 0x0000000080100000| Complete 
|   2|0x0000000080200000, 0x0000000080300000, 0x0000000080300000|100%|HC|  |TAMS 0x0000000080300000, 0x0000000080200000| Complete 
|   3|0x0000000080300000, 0x0000000080400000, 0x0000000080400000|100%|HC|  |TAMS 0x0000000080400000, 0x0000000080300000| Complete 
|   4|0x0000000080400000, 0x0000000080500000, 0x0000000080500000|100%| O|  |TAMS 0x0000000080500000, 0x0000000080400000| Untracked 
|   5|0x0000000080500000, 0x0000000080600000, 0x0000000080600000|100%| O|  |TAMS 0x0000000080600000, 0x0000000080500000| Untracked 
|   6|0x0000000080600000, 0x0000000080700000, 0x0000000080700000|100%| O|  |TAMS 0x0000000080700000, 0x0000000080600000| Untracked 
|   7|0x0000000080700000, 0x0000000080800000, 0x0000000080800000|100%| O|  |TAMS 0x0000000080800000, 0x0000000080700000| Untracked 
|   8|0x0000000080800000, 0x0000000080900000, 0x0000000080900000|100%| O|  |TAMS 0x0000000080900000, 0x0000000080800000| Untracked 
|   9|0x0000000080900000, 0x0000000080a00000, 0x0000000080a00000|100%| O|  |TAMS 0x0000000080a00000, 0x0000000080900000| Untracked 
|  10|0x0000000080a00000, 0x0000000080b00000, 0x0000000080b00000|100%| O|  |TAMS 0x0000000080b00000, 0x0000000080a00000| Untracked 
|  11|0x0000000080b00000, 0x0000000080c00000, 0x0000000080c00000|100%| O|  |TAMS 0x0000000080c00000, 0x0000000080b00000| Untracked 
|  12|0x0000000080c00000, 0x0000000080d00000, 0x0000000080d00000|100%| O|  |TAMS 0x0000000080d00000, 0x0000000080c00000| Untracked 
|  13|0x0000000080d00000, 0x0000000080e00000, 0x0000000080e00000|100%| O|  |TAMS 0x0000000080e00000, 0x0000000080d00000| Untracked 
|  14|0x0000000080e00000, 0x0000000080f00000, 0x0000000080f00000|100%| O|  |TAMS 0x0000000080f00000, 0x0000000080e00000| Untracked 
|  15|0x0000000080f00000, 0x0000000081000000, 0x0000000081000000|100%| O|  |TAMS 0x0000000081000000, 0x0000000080f00000| Untracked 
|  16|0x0000000081000000, 0x0000000081100000, 0x0000000081100000|100%| O|  |TAMS 0x0000000081100000, 0x0000000081000000| Untracked 
|  17|0x0000000081100000, 0x0000000081200000, 0x0000000081200000|100%| O|  |TAMS 0x0000000081200000, 0x0000000081100000| Untracked 
|  18|0x0000000081200000, 0x0000000081300000, 0x0000000081300000|100%| O|  |TAMS 0x0000000081300000, 0x0000000081200000| Untracked 
|  19|0x0000000081300000, 0x0000000081400000, 0x0000000081400000|100%| O|  |TAMS 0x0000000081400000, 0x0000000081300000| Untracked 
|  20|0x0000000081400000, 0x0000000081500000, 0x0000000081500000|100%|HS|  |TAMS 0x0000000081500000, 0x0000000081400000| Complete 
|  21|0x0000000081500000, 0x0000000081600000, 0x0000000081600000|100%|HS|  |TAMS 0x0000000081600000, 0x0000000081500000| Complete 
|  22|0x0000000081600000, 0x0000000081700000, 0x0000000081700000|100%|HS|  |TAMS 0x0000000081700000, 0x0000000081600000| Complete 
|  23|0x0000000081700000, 0x0000000081800000, 0x0000000081800000|100%| O|  |TAMS 0x0000000081800000, 0x0000000081700000| Untracked 
|  24|0x0000000081800000, 0x0000000081900000, 0x0000000081900000|100%| O|  |TAMS 0x0000000081900000, 0x0000000081800000| Untracked 
|  25|0x0000000081900000, 0x0000000081a00000, 0x0000000081a00000|100%| O|  |TAMS 0x0000000081a00000, 0x0000000081900000| Untracked 
|  26|0x0000000081a00000, 0x0000000081b00000, 0x0000000081b00000|100%| O|  |TAMS 0x0000000081b00000, 0x0000000081a00000| Untracked 
|  27|0x0000000081b00000, 0x0000000081c00000, 0x0000000081c00000|100%| O|  |TAMS 0x0000000081c00000, 0x0000000081b00000| Untracked 
|  28|0x0000000081c00000, 0x0000000081d00000, 0x0000000081d00000|100%| O|  |TAMS 0x0000000081d00000, 0x0000000081c00000| Untracked 
|  29|0x0000000081d00000, 0x0000000081e00000, 0x0000000081e00000|100%| O|  |TAMS 0x0000000081e00000, 0x0000000081d00000| Untracked 
|  30|0x0000000081e00000, 0x0000000081f00000, 0x0000000081f00000|100%| O|  |TAMS 0x0000000081f00000, 0x0000000081e00000| Untracked 
|  31|0x0000000081f00000, 0x0000000082000000, 0x0000000082000000|100%| O|  |TAMS 0x0000000082000000, 0x0000000081f00000| Untracked 
|  32|0x0000000082000000, 0x0000000082100000, 0x0000000082100000|100%| O|  |TAMS 0x0000000082100000, 0x0000000082000000| Untracked 
|  33|0x0000000082100000, 0x0000000082200000, 0x0000000082200000|100%| O|  |TAMS 0x0000000082200000, 0x0000000082100000| Untracked 
|  34|0x0000000082200000, 0x0000000082300000, 0x0000000082300000|100%| O|  |TAMS 0x0000000082300000, 0x0000000082200000| Untracked 
|  35|0x0000000082300000, 0x0000000082400000, 0x0000000082400000|100%| O|  |TAMS 0x0000000082400000, 0x0000000082300000| Untracked 
|  36|0x0000000082400000, 0x0000000082500000, 0x0000000082500000|100%| O|  |TAMS 0x0000000082500000, 0x0000000082400000| Untracked 
|  37|0x0000000082500000, 0x0000000082600000, 0x0000000082600000|100%| O|  |TAMS 0x0000000082600000, 0x0000000082500000| Untracked 
|  38|0x0000000082600000, 0x0000000082700000, 0x0000000082700000|100%| O|  |TAMS 0x0000000082700000, 0x0000000082600000| Untracked 
|  39|0x0000000082700000, 0x0000000082800000, 0x0000000082800000|100%| O|  |TAMS 0x0000000082800000, 0x0000000082700000| Untracked 
|  40|0x0000000082800000, 0x0000000082900000, 0x0000000082900000|100%| O|  |TAMS 0x0000000082900000, 0x0000000082800000| Untracked 
|  41|0x0000000082900000, 0x0000000082a00000, 0x0000000082a00000|100%| O|  |TAMS 0x0000000082a00000, 0x0000000082900000| Untracked 
|  42|0x0000000082a00000, 0x0000000082b00000, 0x0000000082b00000|100%| O|  |TAMS 0x0000000082b00000, 0x0000000082a00000| Untracked 
|  43|0x0000000082b00000, 0x0000000082c00000, 0x0000000082c00000|100%| O|  |TAMS 0x0000000082c00000, 0x0000000082b00000| Untracked 
|  44|0x0000000082c00000, 0x0000000082d00000, 0x0000000082d00000|100%| O|  |TAMS 0x0000000082d00000, 0x0000000082c00000| Untracked 
|  45|0x0000000082d00000, 0x0000000082e00000, 0x0000000082e00000|100%| O|  |TAMS 0x0000000082e00000, 0x0000000082d00000| Untracked 
|  46|0x0000000082e00000, 0x0000000082f00000, 0x0000000082f00000|100%| O|  |TAMS 0x0000000082f00000, 0x0000000082e00000| Untracked 
|  47|0x0000000082f00000, 0x0000000083000000, 0x0000000083000000|100%| O|  |TAMS 0x0000000083000000, 0x0000000082f00000| Untracked 
|  48|0x0000000083000000, 0x0000000083100000, 0x0000000083100000|100%| O|  |TAMS 0x0000000083100000, 0x0000000083000000| Untracked 
|  49|0x0000000083100000, 0x0000000083200000, 0x0000000083200000|100%| O|  |TAMS 0x0000000083200000, 0x0000000083100000| Untracked 
|  50|0x0000000083200000, 0x0000000083300000, 0x0000000083300000|100%| O|  |TAMS 0x0000000083300000, 0x0000000083200000| Untracked 
|  51|0x0000000083300000, 0x0000000083400000, 0x0000000083400000|100%| O|  |TAMS 0x0000000083400000, 0x0000000083300000| Untracked 
|  52|0x0000000083400000, 0x0000000083500000, 0x0000000083500000|100%| O|  |TAMS 0x0000000083500000, 0x0000000083400000| Untracked 
|  53|0x0000000083500000, 0x0000000083600000, 0x0000000083600000|100%| O|  |TAMS 0x0000000083600000, 0x0000000083500000| Untracked 
|  54|0x0000000083600000, 0x0000000083700000, 0x0000000083700000|100%| O|  |TAMS 0x0000000083700000, 0x0000000083600000| Untracked 
|  55|0x0000000083700000, 0x0000000083800000, 0x0000000083800000|100%| O|  |TAMS 0x0000000083800000, 0x0000000083700000| Untracked 
|  56|0x0000000083800000, 0x0000000083900000, 0x0000000083900000|100%| O|  |TAMS 0x0000000083900000, 0x0000000083800000| Untracked 
|  57|0x0000000083900000, 0x0000000083a00000, 0x0000000083a00000|100%| O|  |TAMS 0x0000000083a00000, 0x0000000083900000| Untracked 
|  58|0x0000000083a00000, 0x0000000083b00000, 0x0000000083b00000|100%| O|  |TAMS 0x0000000083b00000, 0x0000000083a00000| Untracked 
|  59|0x0000000083b00000, 0x0000000083c00000, 0x0000000083c00000|100%| O|  |TAMS 0x0000000083c00000, 0x0000000083b00000| Untracked 
|  60|0x0000000083c00000, 0x0000000083d00000, 0x0000000083d00000|100%| O|  |TAMS 0x0000000083d00000, 0x0000000083c00000| Untracked 
|  61|0x0000000083d00000, 0x0000000083e00000, 0x0000000083e00000|100%| O|  |TAMS 0x0000000083e00000, 0x0000000083d00000| Untracked 
|  62|0x0000000083e00000, 0x0000000083f00000, 0x0000000083f00000|100%| O|  |TAMS 0x0000000083f00000, 0x0000000083e00000| Untracked 
|  63|0x0000000083f00000, 0x0000000084000000, 0x0000000084000000|100%| O|  |TAMS 0x0000000084000000, 0x0000000083f00000| Untracked 
|  64|0x0000000084000000, 0x0000000084100000, 0x0000000084100000|100%| O|  |TAMS 0x0000000084100000, 0x0000000084000000| Untracked 
|  65|0x0000000084100000, 0x0000000084200000, 0x0000000084200000|100%| O|  |TAMS 0x0000000084200000, 0x0000000084100000| Untracked 
|  66|0x0000000084200000, 0x0000000084300000, 0x0000000084300000|100%| O|  |TAMS 0x0000000084300000, 0x0000000084200000| Untracked 
|  67|0x0000000084300000, 0x0000000084400000, 0x0000000084400000|100%| O|  |TAMS 0x0000000084400000, 0x0000000084300000| Untracked 
|  68|0x0000000084400000, 0x0000000084500000, 0x0000000084500000|100%| O|  |TAMS 0x0000000084500000, 0x0000000084400000| Untracked 
|  69|0x0000000084500000, 0x0000000084600000, 0x0000000084600000|100%| O|  |TAMS 0x0000000084600000, 0x0000000084500000| Untracked 
|  70|0x0000000084600000, 0x0000000084700000, 0x0000000084700000|100%| O|  |TAMS 0x0000000084700000, 0x0000000084600000| Untracked 
|  71|0x0000000084700000, 0x0000000084800000, 0x0000000084800000|100%| O|  |TAMS 0x0000000084800000, 0x0000000084700000| Untracked 
|  72|0x0000000084800000, 0x0000000084900000, 0x0000000084900000|100%| O|  |TAMS 0x0000000084900000, 0x0000000084800000| Untracked 
|  73|0x0000000084900000, 0x0000000084a00000, 0x0000000084a00000|100%| O|  |TAMS 0x0000000084a00000, 0x0000000084900000| Untracked 
|  74|0x0000000084a00000, 0x0000000084b00000, 0x0000000084b00000|100%| O|  |TAMS 0x0000000084b00000, 0x0000000084a00000| Untracked 
|  75|0x0000000084b00000, 0x0000000084c00000, 0x0000000084c00000|100%| O|  |TAMS 0x0000000084c00000, 0x0000000084b00000| Untracked 
|  76|0x0000000084c00000, 0x0000000084d00000, 0x0000000084d00000|100%| O|  |TAMS 0x0000000084d00000, 0x0000000084c00000| Untracked 
|  77|0x0000000084d00000, 0x0000000084e00000, 0x0000000084e00000|100%| O|  |TAMS 0x0000000084e00000, 0x0000000084d00000| Untracked 
|  78|0x0000000084e00000, 0x0000000084f00000, 0x0000000084f00000|100%| O|  |TAMS 0x0000000084f00000, 0x0000000084e00000| Untracked 
|  79|0x0000000084f00000, 0x0000000085000000, 0x0000000085000000|100%| O|  |TAMS 0x0000000085000000, 0x0000000084f00000| Untracked 
|  80|0x0000000085000000, 0x0000000085100000, 0x0000000085100000|100%| O|  |TAMS 0x0000000085100000, 0x0000000085000000| Untracked 
|  81|0x0000000085100000, 0x0000000085200000, 0x0000000085200000|100%| O|  |TAMS 0x0000000085200000, 0x0000000085100000| Untracked 
|  82|0x0000000085200000, 0x0000000085300000, 0x0000000085300000|100%| O|  |TAMS 0x0000000085300000, 0x0000000085200000| Untracked 
|  83|0x0000000085300000, 0x0000000085400000, 0x0000000085400000|100%| O|  |TAMS 0x0000000085400000, 0x0000000085300000| Untracked 
|  84|0x0000000085400000, 0x0000000085500000, 0x0000000085500000|100%| O|  |TAMS 0x0000000085500000, 0x0000000085400000| Untracked 
|  85|0x0000000085500000, 0x0000000085600000, 0x0000000085600000|100%| O|  |TAMS 0x0000000085600000, 0x0000000085500000| Untracked 
|  86|0x0000000085600000, 0x0000000085700000, 0x0000000085700000|100%| O|  |TAMS 0x0000000085700000, 0x0000000085600000| Untracked 
|  87|0x0000000085700000, 0x0000000085800000, 0x0000000085800000|100%| O|  |TAMS 0x0000000085800000, 0x0000000085700000| Untracked 
|  88|0x0000000085800000, 0x0000000085900000, 0x0000000085900000|100%| O|  |TAMS 0x0000000085900000, 0x0000000085800000| Untracked 
|  89|0x0000000085900000, 0x0000000085a00000, 0x0000000085a00000|100%| O|  |TAMS 0x0000000085a00000, 0x0000000085900000| Untracked 
|  90|0x0000000085a00000, 0x0000000085b00000, 0x0000000085b00000|100%| O|  |TAMS 0x0000000085b00000, 0x0000000085a00000| Untracked 
|  91|0x0000000085b00000, 0x0000000085c00000, 0x0000000085c00000|100%| O|  |TAMS 0x0000000085c00000, 0x0000000085b00000| Untracked 
|  92|0x0000000085c00000, 0x0000000085d00000, 0x0000000085d00000|100%| O|  |TAMS 0x0000000085d00000, 0x0000000085c00000| Untracked 
|  93|0x0000000085d00000, 0x0000000085e00000, 0x0000000085e00000|100%| O|  |TAMS 0x0000000085e00000, 0x0000000085d00000| Untracked 
|  94|0x0000000085e00000, 0x0000000085f00000, 0x0000000085f00000|100%| O|  |TAMS 0x0000000085f00000, 0x0000000085e00000| Untracked 
|  95|0x0000000085f00000, 0x0000000086000000, 0x0000000086000000|100%| O|  |TAMS 0x0000000086000000, 0x0000000085f00000| Untracked 
|  96|0x0000000086000000, 0x0000000086100000, 0x0000000086100000|100%| O|  |TAMS 0x0000000086100000, 0x0000000086000000| Untracked 
|  97|0x0000000086100000, 0x0000000086200000, 0x0000000086200000|100%| O|  |TAMS 0x0000000086200000, 0x0000000086100000| Untracked 
|  98|0x0000000086200000, 0x0000000086300000, 0x0000000086300000|100%| O|  |TAMS 0x0000000086300000, 0x0000000086200000| Untracked 
|  99|0x0000000086300000, 0x0000000086400000, 0x0000000086400000|100%| O|  |TAMS 0x0000000086400000, 0x0000000086300000| Untracked 
| 100|0x0000000086400000, 0x0000000086500000, 0x0000000086500000|100%| O|  |TAMS 0x0000000086500000, 0x0000000086400000| Untracked 
| 101|0x0000000086500000, 0x0000000086600000, 0x0000000086600000|100%| O|  |TAMS 0x0000000086600000, 0x0000000086500000| Untracked 
| 102|0x0000000086600000, 0x0000000086700000, 0x0000000086700000|100%| O|  |TAMS 0x0000000086700000, 0x0000000086600000| Untracked 
| 103|0x0000000086700000, 0x0000000086800000, 0x0000000086800000|100%| O|  |TAMS 0x0000000086800000, 0x0000000086700000| Untracked 
| 104|0x0000000086800000, 0x0000000086900000, 0x0000000086900000|100%| O|  |TAMS 0x0000000086900000, 0x0000000086800000| Untracked 
| 105|0x0000000086900000, 0x0000000086a00000, 0x0000000086a00000|100%| O|  |TAMS 0x0000000086a00000, 0x0000000086900000| Untracked 
| 106|0x0000000086a00000, 0x0000000086b00000, 0x0000000086b00000|100%| O|  |TAMS 0x0000000086ac7600, 0x0000000086a00000| Untracked 
| 107|0x0000000086b00000, 0x0000000086c00000, 0x0000000086c00000|100%| O|  |TAMS 0x0000000086b00000, 0x0000000086b00000| Untracked 
| 108|0x0000000086c00000, 0x0000000086d00000, 0x0000000086d00000|100%| O|  |TAMS 0x0000000086c00000, 0x0000000086c00000| Untracked 
| 109|0x0000000086d00000, 0x0000000086e00000, 0x0000000086e00000|100%| O|  |TAMS 0x0000000086d00000, 0x0000000086d00000| Untracked 
| 110|0x0000000086e00000, 0x0000000086f00000, 0x0000000086f00000|100%| O|  |TAMS 0x0000000086e00000, 0x0000000086e00000| Untracked 
| 111|0x0000000086f00000, 0x0000000087000000, 0x0000000087000000|100%| O|  |TAMS 0x0000000086f00000, 0x0000000086f00000| Untracked 
| 112|0x0000000087000000, 0x0000000087100000, 0x0000000087100000|100%| O|  |TAMS 0x0000000087000000, 0x0000000087000000| Untracked 
| 113|0x0000000087100000, 0x0000000087200000, 0x0000000087200000|100%| O|  |TAMS 0x0000000087100000, 0x0000000087100000| Untracked 
| 114|0x0000000087200000, 0x0000000087300000, 0x0000000087300000|100%| O|  |TAMS 0x0000000087200000, 0x0000000087200000| Untracked 
| 115|0x0000000087300000, 0x0000000087400000, 0x0000000087400000|100%| O|  |TAMS 0x0000000087300000, 0x0000000087300000| Untracked 
| 116|0x0000000087400000, 0x0000000087500000, 0x0000000087500000|100%| O|  |TAMS 0x0000000087400000, 0x0000000087400000| Untracked 
| 117|0x0000000087500000, 0x0000000087600000, 0x0000000087600000|100%| O|  |TAMS 0x0000000087500000, 0x0000000087500000| Untracked 
| 118|0x0000000087600000, 0x0000000087700000, 0x0000000087700000|100%| O|  |TAMS 0x0000000087600000, 0x0000000087600000| Untracked 
| 119|0x0000000087700000, 0x0000000087800000, 0x0000000087800000|100%| O|  |TAMS 0x0000000087700000, 0x0000000087700000| Untracked 
| 120|0x0000000087800000, 0x0000000087900000, 0x0000000087900000|100%| O|  |TAMS 0x0000000087800000, 0x0000000087800000| Untracked 
| 121|0x0000000087900000, 0x0000000087973c00, 0x0000000087a00000| 45%| O|  |TAMS 0x0000000087900000, 0x0000000087900000| Untracked 
| 122|0x0000000087a00000, 0x0000000087a00000, 0x0000000087b00000|  0%| F|  |TAMS 0x0000000087a00000, 0x0000000087a00000| Untracked 
| 123|0x0000000087b00000, 0x0000000087b00000, 0x0000000087c00000|  0%| F|  |TAMS 0x0000000087b00000, 0x0000000087b00000| Untracked 
| 124|0x0000000087c00000, 0x0000000087c00000, 0x0000000087d00000|  0%| F|  |TAMS 0x0000000087c00000, 0x0000000087c00000| Untracked 
| 125|0x0000000087d00000, 0x0000000087d00000, 0x0000000087e00000|  0%| F|  |TAMS 0x0000000087d00000, 0x0000000087d00000| Untracked 
| 126|0x0000000087e00000, 0x0000000087e00000, 0x0000000087f00000|  0%| F|  |TAMS 0x0000000087e00000, 0x0000000087e00000| Untracked 
| 127|0x0000000087f00000, 0x0000000087f00000, 0x0000000088000000|  0%| F|  |TAMS 0x0000000087f00000, 0x0000000087f00000| Untracked 
| 128|0x0000000088000000, 0x0000000088000000, 0x0000000088100000|  0%| F|  |TAMS 0x0000000088000000, 0x0000000088000000| Untracked 
| 129|0x0000000088100000, 0x0000000088100000, 0x0000000088200000|  0%| F|  |TAMS 0x0000000088100000, 0x0000000088100000| Untracked 
| 130|0x0000000088200000, 0x0000000088200000, 0x0000000088300000|  0%| F|  |TAMS 0x0000000088200000, 0x0000000088200000| Untracked 
| 131|0x0000000088300000, 0x0000000088300000, 0x0000000088400000|  0%| F|  |TAMS 0x0000000088300000, 0x0000000088300000| Untracked 
| 132|0x0000000088400000, 0x0000000088400000, 0x0000000088500000|  0%| F|  |TAMS 0x0000000088400000, 0x0000000088400000| Untracked 
| 133|0x0000000088500000, 0x0000000088500000, 0x0000000088600000|  0%| F|  |TAMS 0x0000000088500000, 0x0000000088500000| Untracked 
| 134|0x0000000088600000, 0x0000000088600000, 0x0000000088700000|  0%| F|  |TAMS 0x0000000088600000, 0x0000000088600000| Untracked 
| 135|0x0000000088700000, 0x0000000088700000, 0x0000000088800000|  0%| F|  |TAMS 0x0000000088700000, 0x0000000088700000| Untracked 
| 136|0x0000000088800000, 0x0000000088800000, 0x0000000088900000|  0%| F|  |TAMS 0x0000000088800000, 0x0000000088800000| Untracked 
| 137|0x0000000088900000, 0x0000000088900000, 0x0000000088a00000|  0%| F|  |TAMS 0x0000000088900000, 0x0000000088900000| Untracked 
| 138|0x0000000088a00000, 0x0000000088a00000, 0x0000000088b00000|  0%| F|  |TAMS 0x0000000088a00000, 0x0000000088a00000| Untracked 
| 139|0x0000000088b00000, 0x0000000088b00000, 0x0000000088c00000|  0%| F|  |TAMS 0x0000000088b00000, 0x0000000088b00000| Untracked 
| 140|0x0000000088c00000, 0x0000000088c00000, 0x0000000088d00000|  0%| F|  |TAMS 0x0000000088c00000, 0x0000000088c00000| Untracked 
| 141|0x0000000088d00000, 0x0000000088d00000, 0x0000000088e00000|  0%| F|  |TAMS 0x0000000088d00000, 0x0000000088d00000| Untracked 
| 142|0x0000000088e00000, 0x0000000088e00000, 0x0000000088f00000|  0%| F|  |TAMS 0x0000000088e00000, 0x0000000088e00000| Untracked 
| 143|0x0000000088f00000, 0x0000000088f00000, 0x0000000089000000|  0%| F|  |TAMS 0x0000000088f00000, 0x0000000088f00000| Untracked 
| 144|0x0000000089000000, 0x0000000089000000, 0x0000000089100000|  0%| F|  |TAMS 0x0000000089000000, 0x0000000089000000| Untracked 
| 145|0x0000000089100000, 0x0000000089100000, 0x0000000089200000|  0%| F|  |TAMS 0x0000000089100000, 0x0000000089100000| Untracked 
| 146|0x0000000089200000, 0x0000000089200000, 0x0000000089300000|  0%| F|  |TAMS 0x0000000089200000, 0x0000000089200000| Untracked 
| 147|0x0000000089300000, 0x0000000089300000, 0x0000000089400000|  0%| F|  |TAMS 0x0000000089300000, 0x0000000089300000| Untracked 
| 148|0x0000000089400000, 0x0000000089400000, 0x0000000089500000|  0%| F|  |TAMS 0x0000000089400000, 0x0000000089400000| Untracked 
| 149|0x0000000089500000, 0x0000000089500000, 0x0000000089600000|  0%| F|  |TAMS 0x0000000089500000, 0x0000000089500000| Untracked 
| 150|0x0000000089600000, 0x0000000089600000, 0x0000000089700000|  0%| F|  |TAMS 0x0000000089600000, 0x0000000089600000| Untracked 
| 151|0x0000000089700000, 0x0000000089700000, 0x0000000089800000|  0%| F|  |TAMS 0x0000000089700000, 0x0000000089700000| Untracked 
| 152|0x0000000089800000, 0x0000000089800000, 0x0000000089900000|  0%| F|  |TAMS 0x0000000089800000, 0x0000000089800000| Untracked 
| 153|0x0000000089900000, 0x0000000089900000, 0x0000000089a00000|  0%| F|  |TAMS 0x0000000089900000, 0x0000000089900000| Untracked 
| 154|0x0000000089a00000, 0x0000000089a00000, 0x0000000089b00000|  0%| F|  |TAMS 0x0000000089a00000, 0x0000000089a00000| Untracked 
| 155|0x0000000089b00000, 0x0000000089b00000, 0x0000000089c00000|  0%| F|  |TAMS 0x0000000089b00000, 0x0000000089b00000| Untracked 
| 156|0x0000000089c00000, 0x0000000089c00000, 0x0000000089d00000|  0%| F|  |TAMS 0x0000000089c00000, 0x0000000089c00000| Untracked 
| 157|0x0000000089d00000, 0x0000000089d00000, 0x0000000089e00000|  0%| F|  |TAMS 0x0000000089d00000, 0x0000000089d00000| Untracked 
| 158|0x0000000089e00000, 0x0000000089e00000, 0x0000000089f00000|  0%| F|  |TAMS 0x0000000089e00000, 0x0000000089e00000| Untracked 
| 159|0x0000000089f00000, 0x0000000089f00000, 0x000000008a000000|  0%| F|  |TAMS 0x0000000089f00000, 0x0000000089f00000| Untracked 
| 160|0x000000008a000000, 0x000000008a000000, 0x000000008a100000|  0%| F|  |TAMS 0x000000008a000000, 0x000000008a000000| Untracked 
| 161|0x000000008a100000, 0x000000008a100000, 0x000000008a200000|  0%| F|  |TAMS 0x000000008a100000, 0x000000008a100000| Untracked 
| 162|0x000000008a200000, 0x000000008a200000, 0x000000008a300000|  0%| F|  |TAMS 0x000000008a200000, 0x000000008a200000| Untracked 
| 163|0x000000008a300000, 0x000000008a300000, 0x000000008a400000|  0%| F|  |TAMS 0x000000008a300000, 0x000000008a300000| Untracked 
| 164|0x000000008a400000, 0x000000008a4ead10, 0x000000008a500000| 91%| S|CS|TAMS 0x000000008a400000, 0x000000008a400000| Complete 
| 165|0x000000008a500000, 0x000000008a600000, 0x000000008a600000|100%| S|CS|TAMS 0x000000008a500000, 0x000000008a500000| Complete 
| 166|0x000000008a600000, 0x000000008a700000, 0x000000008a700000|100%| S|CS|TAMS 0x000000008a600000, 0x000000008a600000| Complete 
| 167|0x000000008a700000, 0x000000008a800000, 0x000000008a800000|100%| S|CS|TAMS 0x000000008a700000, 0x000000008a700000| Complete 
| 168|0x000000008a800000, 0x000000008a900000, 0x000000008a900000|100%| S|CS|TAMS 0x000000008a800000, 0x000000008a800000| Complete 
| 169|0x000000008a900000, 0x000000008aa00000, 0x000000008aa00000|100%| S|CS|TAMS 0x000000008a900000, 0x000000008a900000| Complete 
| 170|0x000000008aa00000, 0x000000008ab00000, 0x000000008ab00000|100%| S|CS|TAMS 0x000000008aa00000, 0x000000008aa00000| Complete 
| 171|0x000000008ab00000, 0x000000008ac00000, 0x000000008ac00000|100%| S|CS|TAMS 0x000000008ab00000, 0x000000008ab00000| Complete 
| 172|0x000000008ac00000, 0x000000008ac00000, 0x000000008ad00000|  0%| F|  |TAMS 0x000000008ac00000, 0x000000008ac00000| Untracked 
| 173|0x000000008ad00000, 0x000000008ad00000, 0x000000008ae00000|  0%| F|  |TAMS 0x000000008ad00000, 0x000000008ad00000| Untracked 
| 174|0x000000008ae00000, 0x000000008ae00000, 0x000000008af00000|  0%| F|  |TAMS 0x000000008ae00000, 0x000000008ae00000| Untracked 
| 175|0x000000008af00000, 0x000000008af00000, 0x000000008b000000|  0%| F|  |TAMS 0x000000008af00000, 0x000000008af00000| Untracked 
| 176|0x000000008b000000, 0x000000008b000000, 0x000000008b100000|  0%| F|  |TAMS 0x000000008b000000, 0x000000008b000000| Untracked 
| 177|0x000000008b100000, 0x000000008b100000, 0x000000008b200000|  0%| F|  |TAMS 0x000000008b100000, 0x000000008b100000| Untracked 
| 178|0x000000008b200000, 0x000000008b200000, 0x000000008b300000|  0%| F|  |TAMS 0x000000008b200000, 0x000000008b200000| Untracked 
| 179|0x000000008b300000, 0x000000008b300000, 0x000000008b400000|  0%| F|  |TAMS 0x000000008b300000, 0x000000008b300000| Untracked 
| 180|0x000000008b400000, 0x000000008b400000, 0x000000008b500000|  0%| F|  |TAMS 0x000000008b400000, 0x000000008b400000| Untracked 
| 181|0x000000008b500000, 0x000000008b500000, 0x000000008b600000|  0%| F|  |TAMS 0x000000008b500000, 0x000000008b500000| Untracked 
| 182|0x000000008b600000, 0x000000008b600000, 0x000000008b700000|  0%| F|  |TAMS 0x000000008b600000, 0x000000008b600000| Untracked 
| 183|0x000000008b700000, 0x000000008b700000, 0x000000008b800000|  0%| F|  |TAMS 0x000000008b700000, 0x000000008b700000| Untracked 
| 184|0x000000008b800000, 0x000000008b800000, 0x000000008b900000|  0%| F|  |TAMS 0x000000008b800000, 0x000000008b800000| Untracked 
| 185|0x000000008b900000, 0x000000008b900000, 0x000000008ba00000|  0%| F|  |TAMS 0x000000008b900000, 0x000000008b900000| Untracked 
| 186|0x000000008ba00000, 0x000000008ba00000, 0x000000008bb00000|  0%| F|  |TAMS 0x000000008ba00000, 0x000000008ba00000| Untracked 
| 187|0x000000008bb00000, 0x000000008bb00000, 0x000000008bc00000|  0%| F|  |TAMS 0x000000008bb00000, 0x000000008bb00000| Untracked 
| 188|0x000000008bc00000, 0x000000008bc00000, 0x000000008bd00000|  0%| F|  |TAMS 0x000000008bc00000, 0x000000008bc00000| Untracked 
| 189|0x000000008bd00000, 0x000000008bd00000, 0x000000008be00000|  0%| F|  |TAMS 0x000000008bd00000, 0x000000008bd00000| Untracked 
| 190|0x000000008be00000, 0x000000008be00000, 0x000000008bf00000|  0%| F|  |TAMS 0x000000008be00000, 0x000000008be00000| Untracked 
| 191|0x000000008bf00000, 0x000000008bf00000, 0x000000008c000000|  0%| F|  |TAMS 0x000000008bf00000, 0x000000008bf00000| Untracked 
| 192|0x000000008c000000, 0x000000008c000000, 0x000000008c100000|  0%| F|  |TAMS 0x000000008c000000, 0x000000008c000000| Untracked 
| 193|0x000000008c100000, 0x000000008c100000, 0x000000008c200000|  0%| F|  |TAMS 0x000000008c100000, 0x000000008c100000| Untracked 
| 194|0x000000008c200000, 0x000000008c200000, 0x000000008c300000|  0%| F|  |TAMS 0x000000008c200000, 0x000000008c200000| Untracked 
| 195|0x000000008c300000, 0x000000008c300000, 0x000000008c400000|  0%| F|  |TAMS 0x000000008c300000, 0x000000008c300000| Untracked 
| 196|0x000000008c400000, 0x000000008c400000, 0x000000008c500000|  0%| F|  |TAMS 0x000000008c400000, 0x000000008c400000| Untracked 
| 197|0x000000008c500000, 0x000000008c500000, 0x000000008c600000|  0%| F|  |TAMS 0x000000008c500000, 0x000000008c500000| Untracked 
| 198|0x000000008c600000, 0x000000008c600000, 0x000000008c700000|  0%| F|  |TAMS 0x000000008c600000, 0x000000008c600000| Untracked 
| 199|0x000000008c700000, 0x000000008c700000, 0x000000008c800000|  0%| F|  |TAMS 0x000000008c700000, 0x000000008c700000| Untracked 
| 200|0x000000008c800000, 0x000000008c800000, 0x000000008c900000|  0%| F|  |TAMS 0x000000008c800000, 0x000000008c800000| Untracked 
| 201|0x000000008c900000, 0x000000008c900000, 0x000000008ca00000|  0%| F|  |TAMS 0x000000008c900000, 0x000000008c900000| Untracked 
| 202|0x000000008ca00000, 0x000000008ca00000, 0x000000008cb00000|  0%| F|  |TAMS 0x000000008ca00000, 0x000000008ca00000| Untracked 
| 203|0x000000008cb00000, 0x000000008cb00000, 0x000000008cc00000|  0%| F|  |TAMS 0x000000008cb00000, 0x000000008cb00000| Untracked 
| 204|0x000000008cc00000, 0x000000008cc00000, 0x000000008cd00000|  0%| F|  |TAMS 0x000000008cc00000, 0x000000008cc00000| Untracked 
| 205|0x000000008cd00000, 0x000000008cd00000, 0x000000008ce00000|  0%| F|  |TAMS 0x000000008cd00000, 0x000000008cd00000| Untracked 
| 206|0x000000008ce00000, 0x000000008ce00000, 0x000000008cf00000|  0%| F|  |TAMS 0x000000008ce00000, 0x000000008ce00000| Untracked 
| 207|0x000000008cf00000, 0x000000008cf00000, 0x000000008d000000|  0%| F|  |TAMS 0x000000008cf00000, 0x000000008cf00000| Untracked 
| 208|0x000000008d000000, 0x000000008d000000, 0x000000008d100000|  0%| F|  |TAMS 0x000000008d000000, 0x000000008d000000| Untracked 
| 209|0x000000008d100000, 0x000000008d100000, 0x000000008d200000|  0%| F|  |TAMS 0x000000008d100000, 0x000000008d100000| Untracked 
| 210|0x000000008d200000, 0x000000008d200000, 0x000000008d300000|  0%| F|  |TAMS 0x000000008d200000, 0x000000008d200000| Untracked 
| 211|0x000000008d300000, 0x000000008d300000, 0x000000008d400000|  0%| F|  |TAMS 0x000000008d300000, 0x000000008d300000| Untracked 
| 212|0x000000008d400000, 0x000000008d400000, 0x000000008d500000|  0%| F|  |TAMS 0x000000008d400000, 0x000000008d400000| Untracked 
| 213|0x000000008d500000, 0x000000008d500000, 0x000000008d600000|  0%| F|  |TAMS 0x000000008d500000, 0x000000008d500000| Untracked 
| 214|0x000000008d600000, 0x000000008d600000, 0x000000008d700000|  0%| F|  |TAMS 0x000000008d600000, 0x000000008d600000| Untracked 
| 215|0x000000008d700000, 0x000000008d700000, 0x000000008d800000|  0%| F|  |TAMS 0x000000008d700000, 0x000000008d700000| Untracked 
| 216|0x000000008d800000, 0x000000008d800000, 0x000000008d900000|  0%| F|  |TAMS 0x000000008d800000, 0x000000008d800000| Untracked 
| 217|0x000000008d900000, 0x000000008d900000, 0x000000008da00000|  0%| F|  |TAMS 0x000000008d900000, 0x000000008d900000| Untracked 
| 218|0x000000008da00000, 0x000000008da00000, 0x000000008db00000|  0%| F|  |TAMS 0x000000008da00000, 0x000000008da00000| Untracked 
| 219|0x000000008db00000, 0x000000008db00000, 0x000000008dc00000|  0%| F|  |TAMS 0x000000008db00000, 0x000000008db00000| Untracked 
| 220|0x000000008dc00000, 0x000000008dc00000, 0x000000008dd00000|  0%| F|  |TAMS 0x000000008dc00000, 0x000000008dc00000| Untracked 
| 221|0x000000008dd00000, 0x000000008dd00000, 0x000000008de00000|  0%| F|  |TAMS 0x000000008dd00000, 0x000000008dd00000| Untracked 
| 222|0x000000008de00000, 0x000000008de00000, 0x000000008df00000|  0%| F|  |TAMS 0x000000008de00000, 0x000000008de00000| Untracked 
| 223|0x000000008df00000, 0x000000008df00000, 0x000000008e000000|  0%| F|  |TAMS 0x000000008df00000, 0x000000008df00000| Untracked 
| 224|0x000000008e000000, 0x000000008e000000, 0x000000008e100000|  0%| F|  |TAMS 0x000000008e000000, 0x000000008e000000| Untracked 
| 225|0x000000008e100000, 0x000000008e100000, 0x000000008e200000|  0%| F|  |TAMS 0x000000008e100000, 0x000000008e100000| Untracked 
| 226|0x000000008e200000, 0x000000008e200000, 0x000000008e300000|  0%| F|  |TAMS 0x000000008e200000, 0x000000008e200000| Untracked 
| 227|0x000000008e300000, 0x000000008e300000, 0x000000008e400000|  0%| F|  |TAMS 0x000000008e300000, 0x000000008e300000| Untracked 
| 228|0x000000008e400000, 0x000000008e400000, 0x000000008e500000|  0%| F|  |TAMS 0x000000008e400000, 0x000000008e400000| Untracked 
| 229|0x000000008e500000, 0x000000008e500000, 0x000000008e600000|  0%| F|  |TAMS 0x000000008e500000, 0x000000008e500000| Untracked 
| 230|0x000000008e600000, 0x000000008e600000, 0x000000008e700000|  0%| F|  |TAMS 0x000000008e600000, 0x000000008e600000| Untracked 
| 231|0x000000008e700000, 0x000000008e700000, 0x000000008e800000|  0%| F|  |TAMS 0x000000008e700000, 0x000000008e700000| Untracked 
| 232|0x000000008e800000, 0x000000008e800000, 0x000000008e900000|  0%| F|  |TAMS 0x000000008e800000, 0x000000008e800000| Untracked 
| 233|0x000000008e900000, 0x000000008e900000, 0x000000008ea00000|  0%| F|  |TAMS 0x000000008e900000, 0x000000008e900000| Untracked 
| 234|0x000000008ea00000, 0x000000008ea00000, 0x000000008eb00000|  0%| F|  |TAMS 0x000000008ea00000, 0x000000008ea00000| Untracked 
| 235|0x000000008eb00000, 0x000000008eb00000, 0x000000008ec00000|  0%| F|  |TAMS 0x000000008eb00000, 0x000000008eb00000| Untracked 
| 236|0x000000008ec00000, 0x000000008ec00000, 0x000000008ed00000|  0%| F|  |TAMS 0x000000008ec00000, 0x000000008ec00000| Untracked 
| 237|0x000000008ed00000, 0x000000008ed00000, 0x000000008ee00000|  0%| F|  |TAMS 0x000000008ed00000, 0x000000008ed00000| Untracked 
| 238|0x000000008ee00000, 0x000000008ee52188, 0x000000008ef00000| 32%| E|  |TAMS 0x000000008ee00000, 0x000000008ee00000| Complete 
| 239|0x000000008ef00000, 0x000000008f000000, 0x000000008f000000|100%| E|CS|TAMS 0x000000008ef00000, 0x000000008ef00000| Complete 
| 240|0x000000008f000000, 0x000000008f100000, 0x000000008f100000|100%| E|CS|TAMS 0x000000008f000000, 0x000000008f000000| Complete 
| 241|0x000000008f100000, 0x000000008f200000, 0x000000008f200000|100%| E|CS|TAMS 0x000000008f100000, 0x000000008f100000| Complete 
| 242|0x000000008f200000, 0x000000008f300000, 0x000000008f300000|100%| E|CS|TAMS 0x000000008f200000, 0x000000008f200000| Complete 
| 243|0x000000008f300000, 0x000000008f400000, 0x000000008f400000|100%| E|CS|TAMS 0x000000008f300000, 0x000000008f300000| Complete 
| 244|0x000000008f400000, 0x000000008f500000, 0x000000008f500000|100%| E|CS|TAMS 0x000000008f400000, 0x000000008f400000| Complete 
| 245|0x000000008f500000, 0x000000008f600000, 0x000000008f600000|100%| E|CS|TAMS 0x000000008f500000, 0x000000008f500000| Complete 
| 246|0x000000008f600000, 0x000000008f700000, 0x000000008f700000|100%| E|CS|TAMS 0x000000008f600000, 0x000000008f600000| Complete 
| 247|0x000000008f700000, 0x000000008f800000, 0x000000008f800000|100%| E|CS|TAMS 0x000000008f700000, 0x000000008f700000| Complete 
| 248|0x000000008f800000, 0x000000008f900000, 0x000000008f900000|100%| E|CS|TAMS 0x000000008f800000, 0x000000008f800000| Complete 
| 249|0x000000008f900000, 0x000000008fa00000, 0x000000008fa00000|100%| E|CS|TAMS 0x000000008f900000, 0x000000008f900000| Complete 
| 250|0x000000008fa00000, 0x000000008fb00000, 0x000000008fb00000|100%| E|CS|TAMS 0x000000008fa00000, 0x000000008fa00000| Complete 
| 251|0x000000008fb00000, 0x000000008fc00000, 0x000000008fc00000|100%| E|CS|TAMS 0x000000008fb00000, 0x000000008fb00000| Complete 
| 252|0x000000008fc00000, 0x000000008fd00000, 0x000000008fd00000|100%| E|CS|TAMS 0x000000008fc00000, 0x000000008fc00000| Complete 
| 253|0x000000008fd00000, 0x000000008fe00000, 0x000000008fe00000|100%| E|CS|TAMS 0x000000008fd00000, 0x000000008fd00000| Complete 
| 254|0x000000008fe00000, 0x000000008ff00000, 0x000000008ff00000|100%| E|CS|TAMS 0x000000008fe00000, 0x000000008fe00000| Complete 
| 255|0x000000008ff00000, 0x0000000090000000, 0x0000000090000000|100%| E|CS|TAMS 0x000000008ff00000, 0x000000008ff00000| Complete 
| 256|0x0000000090000000, 0x0000000090100000, 0x0000000090100000|100%| E|CS|TAMS 0x0000000090000000, 0x0000000090000000| Complete 
| 257|0x0000000090100000, 0x0000000090200000, 0x0000000090200000|100%| E|CS|TAMS 0x0000000090100000, 0x0000000090100000| Complete 
| 258|0x0000000090200000, 0x0000000090300000, 0x0000000090300000|100%| E|CS|TAMS 0x0000000090200000, 0x0000000090200000| Complete 
| 259|0x0000000090300000, 0x0000000090400000, 0x0000000090400000|100%| E|CS|TAMS 0x0000000090300000, 0x0000000090300000| Complete 
| 260|0x0000000090400000, 0x0000000090500000, 0x0000000090500000|100%| E|CS|TAMS 0x0000000090400000, 0x0000000090400000| Complete 
| 261|0x0000000090500000, 0x0000000090600000, 0x0000000090600000|100%| E|CS|TAMS 0x0000000090500000, 0x0000000090500000| Complete 
| 262|0x0000000090600000, 0x0000000090700000, 0x0000000090700000|100%| E|CS|TAMS 0x0000000090600000, 0x0000000090600000| Complete 
| 263|0x0000000090700000, 0x0000000090800000, 0x0000000090800000|100%| E|CS|TAMS 0x0000000090700000, 0x0000000090700000| Complete 
| 264|0x0000000090800000, 0x0000000090900000, 0x0000000090900000|100%| E|CS|TAMS 0x0000000090800000, 0x0000000090800000| Complete 
| 265|0x0000000090900000, 0x0000000090a00000, 0x0000000090a00000|100%| E|CS|TAMS 0x0000000090900000, 0x0000000090900000| Complete 
| 266|0x0000000090a00000, 0x0000000090b00000, 0x0000000090b00000|100%| E|CS|TAMS 0x0000000090a00000, 0x0000000090a00000| Complete 

Card table byte_map: [0x0000020177d20000,0x0000020178120000] _byte_map_base: 0x0000020177920000

Marking Bits (Prev, Next): (CMBitMap*) 0x0000020162ff7670, (CMBitMap*) 0x0000020162ff7638
 Prev Bits: [0x000002017a520000, 0x000002017c520000)
 Next Bits: [0x0000020178520000, 0x000002017a520000)

Polling page: 0x0000020163090000

Metaspace:

Usage:
  Non-class:     99.92 MB capacity,    97.59 MB ( 98%) used,     1.86 MB (  2%) free+waste,   486.50 KB ( <1%) overhead. 
      Class:     15.90 MB capacity,    14.45 MB ( 91%) used,     1.24 MB (  8%) free+waste,   212.44 KB (  1%) overhead. 
       Both:    115.83 MB capacity,   112.04 MB ( 97%) used,     3.11 MB (  3%) free+waste,   698.94 KB ( <1%) overhead. 

Virtual space:
  Non-class space:      102.00 MB reserved,     100.12 MB ( 98%) committed 
      Class space:        1.00 GB reserved,      15.90 MB (  2%) committed 
             Both:        1.10 GB reserved,     116.02 MB ( 10%) committed 

Chunk freelists:
   Non-Class:  9.00 KB
       Class:  0 bytes
        Both:  9.00 KB

MaxMetaspaceSize: 17179869184.00 GB
CompressedClassSpaceSize: 1.00 GB
Initial GC threshold: 20.80 MB
Current GC threshold: 170.66 MB
CDS: off

CodeHeap 'non-profiled nmethods': size=120064Kb used=11044Kb max_used=11044Kb free=109019Kb
 bounds [0x000002016fdb0000, 0x0000020170880000, 0x00000201772f0000]
CodeHeap 'profiled nmethods': size=120000Kb used=38262Kb max_used=38262Kb free=81737Kb
 bounds [0x0000020168880000, 0x000002016adf0000, 0x000002016fdb0000]
CodeHeap 'non-nmethods': size=5696Kb used=2430Kb max_used=2492Kb free=3265Kb
 bounds [0x00000201682f0000, 0x0000020168570000, 0x0000020168880000]
 total_blobs=17119 nmethods=16159 adapters=869
 compilation: enabled
              stopped_count=0, restarted_count=0
 full_count=0

Compilation events (20 events):
Event: 60.936 Thread 0x000002017eb94800 nmethod 16972 0x000002016adc1b90 code [0x000002016adc1d40, 0x000002016adc1e38]
Event: 60.936 Thread 0x000002017eb94800 16973       2       com.android.tools.r8.internal.S::iterator (6 bytes)
Event: 60.936 Thread 0x000002017eb94800 nmethod 16973 0x000002016adc1f10 code [0x000002016adc20c0, 0x000002016adc21e8]
Event: 60.937 Thread 0x000002017eb94800 16974       1       com.android.tools.r8.internal.z8::v (2 bytes)
Event: 60.937 Thread 0x000002017eb94800 nmethod 16974 0x0000020170878f90 code [0x0000020170879140, 0x00000201708791f8]
Event: 60.938 Thread 0x000002017eb94800 16975       2       com.android.tools.r8.internal.S::iterator (6 bytes)
Event: 60.938 Thread 0x000002017eb94800 nmethod 16975 0x000002016adc2290 code [0x000002016adc2440, 0x000002016adc2568]
Event: 60.939 Thread 0x000002017eb94800 16976       2       com.android.tools.r8.internal.n9::b (33 bytes)
Event: 60.939 Thread 0x000002017eb94800 nmethod 16976 0x000002016adc2610 code [0x000002016adc27e0, 0x000002016adc2958]
Event: 60.948 Thread 0x000002017eb94800 16978       2       com.android.tools.r8.internal.lY::iterator (5 bytes)
Event: 60.948 Thread 0x000002017eb94800 nmethod 16978 0x000002016adc2a90 code [0x000002016adc2c40, 0x000002016adc2dd8]
Event: 60.950 Thread 0x000002017eb94800 16979       2       com.android.tools.r8.internal.hO$$Lambda$2037/0x0000000100f46840::apply (8 bytes)
Event: 60.951 Thread 0x000002017eb94800 nmethod 16979 0x000002016adc2e90 code [0x000002016adc3040, 0x000002016adc3238]
Event: 60.951 Thread 0x000002017eb94800 16981       2       com.android.tools.r8.internal.uc::c (158 bytes)
Event: 60.953 Thread 0x000002017eb94800 nmethod 16981 0x000002016adc3310 code [0x000002016adc36a0, 0x000002016adc4ab8]
Event: 60.954 Thread 0x000002017eb94800 16983       2       com.android.tools.r8.internal.Vn::a (47 bytes)
Event: 60.954 Thread 0x000002017eb94800 nmethod 16983 0x000002016adc5310 code [0x000002016adc54e0, 0x000002016adc5728]
Event: 60.954 Thread 0x000002017eb94800 16980       2       com.android.tools.r8.internal.hO::a (8 bytes)
Event: 60.955 Thread 0x000002017eb94800 nmethod 16980 0x000002016adc5890 code [0x000002016adc5a40, 0x000002016adc5bd8]
Event: 60.955 Thread 0x000002017eb94800 16982       2       com.android.tools.r8.internal.k3::r2 (12 bytes)

GC Heap History (20 events):
Event: 40.739 GC heap before
{Heap before GC invocations=29 (full 0):
 garbage-first heap   total 227328K, used 179883K [0x0000000080000000, 0x0000000100000000)
  region size 1024K, 108 young (110592K), 14 survivors (14336K)
 Metaspace       used 91417K, capacity 94319K, committed 94632K, reserved 1130496K
  class space    used 11885K, capacity 12992K, committed 13084K, reserved 1048576K
}
Event: 40.798 GC heap after
{Heap after GC invocations=30 (full 0):
 garbage-first heap   total 227328K, used 92606K [0x0000000080000000, 0x0000000100000000)
  region size 1024K, 8 young (8192K), 8 survivors (8192K)
 Metaspace       used 91417K, capacity 94319K, committed 94632K, reserved 1130496K
  class space    used 11885K, capacity 12992K, committed 13084K, reserved 1048576K
}
Event: 44.085 GC heap before
{Heap before GC invocations=30 (full 0):
 garbage-first heap   total 227328K, used 183742K [0x0000000080000000, 0x0000000100000000)
  region size 1024K, 97 young (99328K), 8 survivors (8192K)
 Metaspace       used 92666K, capacity 95619K, committed 95784K, reserved 1132544K
  class space    used 12005K, capacity 13146K, committed 13212K, reserved 1048576K
}
Event: 44.124 GC heap after
{Heap after GC invocations=31 (full 0):
 garbage-first heap   total 273408K, used 99328K [0x0000000080000000, 0x0000000100000000)
  region size 1024K, 6 young (6144K), 6 survivors (6144K)
 Metaspace       used 92666K, capacity 95619K, committed 95784K, reserved 1132544K
  class space    used 12005K, capacity 13146K, committed 13212K, reserved 1048576K
}
Event: 46.721 GC heap before
{Heap before GC invocations=31 (full 0):
 garbage-first heap   total 273408K, used 208896K [0x0000000080000000, 0x0000000100000000)
  region size 1024K, 114 young (116736K), 6 survivors (6144K)
 Metaspace       used 93211K, capacity 96270K, committed 96424K, reserved 1132544K
  class space    used 12057K, capacity 13214K, committed 13340K, reserved 1048576K
}
Event: 46.753 GC heap after
{Heap after GC invocations=32 (full 0):
 garbage-first heap   total 273408K, used 105472K [0x0000000080000000, 0x0000000100000000)
  region size 1024K, 12 young (12288K), 12 survivors (12288K)
 Metaspace       used 93211K, capacity 96270K, committed 96424K, reserved 1132544K
  class space    used 12057K, capacity 13214K, committed 13340K, reserved 1048576K
}
Event: 48.532 GC heap before
{Heap before GC invocations=32 (full 0):
 garbage-first heap   total 273408K, used 214016K [0x0000000080000000, 0x0000000100000000)
  region size 1024K, 119 young (121856K), 12 survivors (12288K)
 Metaspace       used 95105K, capacity 98319K, committed 98600K, reserved 1134592K
  class space    used 12330K, capacity 13576K, committed 13724K, reserved 1048576K
}
Event: 48.564 GC heap after
{Heap after GC invocations=33 (full 0):
 garbage-first heap   total 273408K, used 110056K [0x0000000080000000, 0x0000000100000000)
  region size 1024K, 11 young (11264K), 11 survivors (11264K)
 Metaspace       used 95105K, capacity 98319K, committed 98600K, reserved 1134592K
  class space    used 12330K, capacity 13576K, committed 13724K, reserved 1048576K
}
Event: 49.974 GC heap before
{Heap before GC invocations=33 (full 0):
 garbage-first heap   total 273408K, used 219624K [0x0000000080000000, 0x0000000100000000)
  region size 1024K, 118 young (120832K), 11 survivors (11264K)
 Metaspace       used 97101K, capacity 100281K, committed 100520K, reserved 1136640K
  class space    used 12585K, capacity 13803K, committed 13852K, reserved 1048576K
}
Event: 50.012 GC heap after
{Heap after GC invocations=34 (full 0):
 garbage-first heap   total 273408K, used 113146K [0x0000000080000000, 0x0000000100000000)
  region size 1024K, 8 young (8192K), 8 survivors (8192K)
 Metaspace       used 97101K, capacity 100281K, committed 100520K, reserved 1136640K
  class space    used 12585K, capacity 13803K, committed 13852K, reserved 1048576K
}
Event: 51.450 GC heap before
{Heap before GC invocations=34 (full 0):
 garbage-first heap   total 273408K, used 172538K [0x0000000080000000, 0x0000000100000000)
  region size 1024K, 67 young (68608K), 8 survivors (8192K)
 Metaspace       used 98046K, capacity 101227K, committed 101400K, reserved 1136640K
  class space    used 12663K, capacity 13882K, committed 13980K, reserved 1048576K
}
Event: 51.480 GC heap after
{Heap after GC invocations=35 (full 0):
 garbage-first heap   total 273408K, used 116736K [0x0000000080000000, 0x0000000100000000)
  region size 1024K, 11 young (11264K), 11 survivors (11264K)
 Metaspace       used 98046K, capacity 101227K, committed 101400K, reserved 1136640K
  class space    used 12663K, capacity 13882K, committed 13980K, reserved 1048576K
}
Event: 54.078 GC heap before
{Heap before GC invocations=36 (full 0):
 garbage-first heap   total 273408K, used 222207K [0x0000000080000000, 0x0000000100000000)
  region size 1024K, 115 young (117760K), 11 survivors (11264K)
 Metaspace       used 100673K, capacity 103874K, committed 104088K, reserved 1138688K
  class space    used 13002K, capacity 14223K, committed 14364K, reserved 1048576K
}
Event: 54.116 GC heap after
{Heap after GC invocations=37 (full 0):
 garbage-first heap   total 273408K, used 123631K [0x0000000080000000, 0x0000000100000000)
  region size 1024K, 14 young (14336K), 14 survivors (14336K)
 Metaspace       used 100673K, capacity 103874K, committed 104088K, reserved 1138688K
  class space    used 13002K, capacity 14223K, committed 14364K, reserved 1048576K
}
Event: 56.241 GC heap before
{Heap before GC invocations=38 (full 0):
 garbage-first heap   total 273408K, used 225007K [0x0000000080000000, 0x0000000100000000)
  region size 1024K, 114 young (116736K), 14 survivors (14336K)
 Metaspace       used 105161K, capacity 108361K, committed 108440K, reserved 1142784K
  class space    used 13560K, capacity 14813K, committed 14876K, reserved 1048576K
}
Event: 56.279 GC heap after
{Heap after GC invocations=39 (full 0):
 garbage-first heap   total 273408K, used 125398K [0x0000000080000000, 0x0000000100000000)
  region size 1024K, 9 young (9216K), 9 survivors (9216K)
 Metaspace       used 105161K, capacity 108361K, committed 108440K, reserved 1142784K
  class space    used 13560K, capacity 14813K, committed 14876K, reserved 1048576K
}
Event: 57.775 GC heap before
{Heap before GC invocations=39 (full 0):
 garbage-first heap   total 273408K, used 226774K [0x0000000080000000, 0x0000000100000000)
  region size 1024K, 109 young (111616K), 9 survivors (9216K)
 Metaspace       used 109056K, capacity 112577K, committed 112664K, reserved 1146880K
  class space    used 14140K, capacity 15497K, committed 15516K, reserved 1048576K
}
Event: 57.812 GC heap after
{Heap after GC invocations=40 (full 0):
 garbage-first heap   total 273408K, used 130936K [0x0000000080000000, 0x0000000100000000)
  region size 1024K, 10 young (10240K), 10 survivors (10240K)
 Metaspace       used 109056K, capacity 112577K, committed 112664K, reserved 1146880K
  class space    used 14140K, capacity 15497K, committed 15516K, reserved 1048576K
}
Event: 60.166 GC heap before
{Heap before GC invocations=40 (full 0):
 garbage-first heap   total 273408K, used 228216K [0x0000000080000000, 0x0000000100000000)
  region size 1024K, 105 young (107520K), 10 survivors (10240K)
 Metaspace       used 114126K, capacity 117978K, committed 118296K, reserved 1150976K
  class space    used 14739K, capacity 16200K, committed 16284K, reserved 1048576K
}
Event: 60.197 GC heap after
{Heap after GC invocations=41 (full 0):
 garbage-first heap   total 273408K, used 132474K [0x0000000080000000, 0x0000000100000000)
  region size 1024K, 8 young (8192K), 8 survivors (8192K)
 Metaspace       used 114126K, capacity 117978K, committed 118296K, reserved 1150976K
  class space    used 14739K, capacity 16200K, committed 16284K, reserved 1048576K
}

Deoptimization events (20 events):
Event: 60.728 Thread 0x0000020105b06000 Uncommon trap: trap_request=0xffffff4d fr.pc=0x0000020170816c1c relative=0x000000000000007c
Event: 60.731 Thread 0x0000020105b06000 Uncommon trap: reason=unstable_if action=reinterpret pc=0x0000020170816c1c method=com.android.tools.r8.internal.ug.a(C)Z @ 21 c2
Event: 60.731 Thread 0x0000020105b06000 DEOPT PACKING pc=0x0000020170816c1c sp=0x0000001c9e7f8d40
Event: 60.731 Thread 0x0000020105b06000 DEOPT UNPACKING pc=0x000002016833a1af sp=0x0000001c9e7f8cd0 mode 2
Event: 60.772 Thread 0x0000020102c46800 Uncommon trap: trap_request=0xffffffde fr.pc=0x00000201706ac91c relative=0x0000000000001bfc
Event: 60.772 Thread 0x0000020102c46800 Uncommon trap: reason=class_check action=maybe_recompile pc=0x00000201706ac91c method=com.google.common.collect.ImmutableSortedMap.fromEntries(Ljava/util/Comparator;Z[Ljava/util/Map$Entry;I)Lcom/google/common/collect/ImmutableSortedMap; @ 95 c2
Event: 60.772 Thread 0x0000020102c46800 DEOPT PACKING pc=0x00000201706ac91c sp=0x0000001c9f1f8270
Event: 60.772 Thread 0x0000020102c46800 DEOPT UNPACKING pc=0x000002016833a1af sp=0x0000001c9f1f8240 mode 2
Event: 60.780 Thread 0x0000020102c4c000 Uncommon trap: trap_request=0xffffff4d fr.pc=0x000002017081af54 relative=0x0000000000000234
Event: 60.781 Thread 0x0000020102c4c000 Uncommon trap: reason=unstable_if action=reinterpret pc=0x000002017081af54 method=com.android.tools.r8.ir.regalloc.c.d(I)Lcom/android/tools/r8/ir/regalloc/c; @ 135 c2
Event: 60.781 Thread 0x0000020102c4c000 DEOPT PACKING pc=0x000002017081af54 sp=0x0000001c9f5f8d80
Event: 60.781 Thread 0x0000020102c4c000 DEOPT UNPACKING pc=0x000002016833a1af sp=0x0000001c9f5f8d00 mode 2
Event: 60.813 Thread 0x0000020102c46800 DEOPT PACKING pc=0x000002016a559984 sp=0x0000001c9f1f8a30
Event: 60.813 Thread 0x0000020102c46800 DEOPT UNPACKING pc=0x000002016833a95e sp=0x0000001c9f1f7ea8 mode 0
Event: 60.813 Thread 0x0000020102c46800 DEOPT PACKING pc=0x000002016a380e44 sp=0x0000001c9f1f9070
Event: 60.813 Thread 0x0000020102c46800 DEOPT UNPACKING pc=0x000002016833a95e sp=0x0000001c9f1f8690 mode 0
Event: 60.826 Thread 0x0000020102c46800 Uncommon trap: trap_request=0xffffffc6 fr.pc=0x000002017081f7d0 relative=0x00000000000003f0
Event: 60.826 Thread 0x0000020102c46800 Uncommon trap: reason=bimorphic_or_optimized_type_check action=maybe_recompile pc=0x000002017081f7d0 method=java.util.Collections$SetFromMap.<init>(Ljava/util/Map;)V @ 5 c2
Event: 60.826 Thread 0x0000020102c46800 DEOPT PACKING pc=0x000002017081f7d0 sp=0x0000001c9f1f6d40
Event: 60.826 Thread 0x0000020102c46800 DEOPT UNPACKING pc=0x000002016833a1af sp=0x0000001c9f1f6d00 mode 2

Classes redefined (0 events):
No events

Internal exceptions (20 events):
Event: 56.118 Thread 0x0000020103a15800 Exception <a 'sun/nio/fs/WindowsException'{0x000000008b35d7b0}> (0x000000008b35d7b0) thrown at [src/hotspot/share/prims/jni.cpp, line 617]
Event: 56.125 Thread 0x0000020103a15800 Exception <a 'sun/nio/fs/WindowsException'{0x000000008b176a98}> (0x000000008b176a98) thrown at [src/hotspot/share/prims/jni.cpp, line 617]
Event: 56.126 Thread 0x0000020103a15800 Exception <a 'sun/nio/fs/WindowsException'{0x000000008b176b88}> (0x000000008b176b88) thrown at [src/hotspot/share/prims/jni.cpp, line 617]
Event: 56.472 Thread 0x0000020105b06000 Implicit null exception at 0x000002016fec03bb to 0x000002016fec0c18
Event: 56.546 Thread 0x0000020102c46800 Implicit null exception at 0x0000020170665417 to 0x00000201706656d0
Event: 56.650 Thread 0x0000020102c40000 Exception <a 'java/lang/NoSuchMethodError'{0x000000008ef9a858}: 'java.lang.Object java.lang.invoke.DirectMethodHandle$Holder.newInvokeSpecial(java.lang.Object, java.lang.Object, java.lang.Object, java.lang.Object)'> (0x000000008ef9a858) thrown at [src/hotspot/share/interpreter/linkResolver.cpp, line 773]
Event: 56.665 Thread 0x0000020102c46800 Exception <a 'java/lang/NoSuchMethodError'{0x000000008ef61b98}: 'java.lang.Object java.lang.invoke.DirectMethodHandle$Holder.invokeStatic(java.lang.Object, int, java.lang.Object, java.lang.Object)'> (0x000000008ef61b98) thrown at [src/hotspot/share/interpreter/linkResolver.cpp, line 773]
Event: 56.767 Thread 0x0000020102c4c000 Exception <a 'sun/nio/fs/WindowsException'{0x000000008ead49f8}> (0x000000008ead49f8) thrown at [src/hotspot/share/prims/jni.cpp, line 617]
Event: 57.342 Thread 0x0000020102c4c000 Exception <a 'java/lang/IncompatibleClassChangeError'{0x000000008ca9a578}: Found class java.lang.Object, but interface was expected> (0x000000008ca9a578) thrown at [src/hotspot/share/interpreter/linkResolver.cpp, line 839]
Event: 57.350 Thread 0x0000020102c46800 Exception <a 'java/lang/IncompatibleClassChangeError'{0x000000008cb76c28}: Found class java.lang.Object, but interface was expected> (0x000000008cb76c28) thrown at [src/hotspot/share/interpreter/linkResolver.cpp, line 839]
Event: 57.695 Thread 0x0000020102c46800 Exception <a 'java/lang/NoSuchMethodError'{0x000000008ae62dd8}: 'void java.lang.invoke.DirectMethodHandle$Holder.invokeSpecial(java.lang.Object, java.lang.Object, int, java.lang.Object)'> (0x000000008ae62dd8) thrown at [src/hotspot/share/interpreter/linkResolver.cpp, line 773]
Event: 57.911 Thread 0x0000020105b06000 Exception <a 'java/lang/NoSuchMethodError'{0x00000000903fc580}: 'java.lang.Object java.lang.invoke.DirectMethodHandle$Holder.invokeInterface(java.lang.Object, java.lang.Object, int)'> (0x00000000903fc580) thrown at [src/hotspot/share/interpreter/linkResolver.cpp, line 773]
Event: 58.012 Thread 0x0000020102c46800 Exception <a 'java/lang/NoSuchMethodError'{0x000000008fcb8fe0}: 'int java.lang.invoke.DirectMethodHandle$Holder.invokeSpecial(java.lang.Object, java.lang.Object, java.lang.Object, int, java.lang.Object)'> (0x000000008fcb8fe0) thrown at [src/hotspot/share/interpreter/linkResolver.cpp, line 773]
Event: 59.140 Thread 0x0000020102c46800 Exception <a 'java/lang/NoSuchMethodError'{0x000000008d5387a0}: 'java.lang.Object java.lang.invoke.Invokers$Holder.linkToTargetMethod(java.lang.Object, int, java.lang.Object, java.lang.Object, java.lang.Object, java.lang.Object)'> (0x000000008d5387a0) thrown at [src/hotspot/share/interpreter/linkResolver.cpp, line 773]
Event: 59.173 Thread 0x0000020102c46800 Exception <a 'java/lang/NoSuchMethodError'{0x000000008d576c30}: 'void java.lang.invoke.DirectMethodHandle$Holder.invokeStatic(java.lang.Object, java.lang.Object, java.lang.Object, java.lang.Object, java.lang.Object, java.lang.Object, java.lang.Object, java.lang.Object)'> (0x000000008d576c30) thrown at [src/hotspot/share/interpreter/linkResolver.cpp, line 773]
Event: 59.673 Thread 0x0000020102c4c000 Exception <a 'java/lang/NoSuchMethodError'{0x000000008c4fa2d0}: 'int java.lang.invoke.DirectMethodHandle$Holder.invokeStatic(java.lang.Object, java.lang.Object, int, java.lang.Object)'> (0x000000008c4fa2d0) thrown at [src/hotspot/share/interpreter/linkResolver.cpp, line 773]
Event: 59.938 Thread 0x0000020102c46800 Exception <a 'java/lang/IncompatibleClassChangeError'{0x000000008b96a730}: Found class java.lang.Object, but interface was expected> (0x000000008b96a730) thrown at [src/hotspot/share/interpreter/linkResolver.cpp, line 839]
Event: 60.480 Thread 0x0000020102c46800 Exception <a 'java/lang/NoSuchMethodError'{0x00000000904ee290}: 'void java.lang.invoke.DirectMethodHandle$Holder.invokeSpecial(java.lang.Object, java.lang.Object, int)'> (0x00000000904ee290) thrown at [src/hotspot/share/interpreter/linkResolver.cpp, line 773]
Event: 60.636 Thread 0x0000020102c46800 Exception <a 'sun/nio/fs/WindowsException'{0x000000008fecc3e8}> (0x000000008fecc3e8) thrown at [src/hotspot/share/prims/jni.cpp, line 617]
Event: 60.829 Thread 0x0000020102c46800 Exception <a 'sun/nio/fs/WindowsException'{0x000000008f7f5530}> (0x000000008f7f5530) thrown at [src/hotspot/share/prims/jni.cpp, line 617]

Events (20 events):
Event: 60.663 Executing VM operation: ICBufferFull
Event: 60.664 Executing VM operation: ICBufferFull done
Event: 60.742 loading class com/android/tools/r8/dex/code/O2
Event: 60.742 loading class com/android/tools/r8/dex/code/O2 done
Event: 60.743 loading class com/android/tools/r8/dex/code/M2
Event: 60.743 loading class com/android/tools/r8/dex/code/M2 done
Event: 60.745 loading class com/android/tools/r8/dex/code/Q2
Event: 60.745 loading class com/android/tools/r8/dex/code/Q2 done
Event: 60.747 loading class com/android/tools/r8/dex/code/P2
Event: 60.747 loading class com/android/tools/r8/dex/code/P2 done
Event: 60.748 loading class com/android/tools/r8/dex/code/R2
Event: 60.748 loading class com/android/tools/r8/dex/code/R2 done
Event: 60.750 loading class com/android/tools/r8/dex/code/N2
Event: 60.750 loading class com/android/tools/r8/dex/code/N2 done
Event: 60.763 loading class org/gradle/api/internal/artifacts/transform/TransformExecutionResult$OutputVisitor
Event: 60.763 loading class org/gradle/api/internal/artifacts/transform/TransformExecutionResult$OutputVisitor done
Event: 60.776 loading class com/android/tools/r8/ir/regalloc/b
Event: 60.776 loading class com/android/tools/r8/ir/regalloc/b done
Event: 60.942 loading class com/android/tools/r8/internal/jO
Event: 60.942 loading class com/android/tools/r8/internal/jO done


Dynamic libraries:
0x00007ff7a6e00000 - 0x00007ff7a6e0a000 	C:\Program Files\Android\Android Studio\jbr\bin\java.exe
0x00007ff902a30000 - 0x00007ff902c28000 	C:\WINDOWS\SYSTEM32\ntdll.dll
0x00007ff901d00000 - 0x00007ff901dbf000 	C:\WINDOWS\System32\KERNEL32.DLL
0x00007ff9002a0000 - 0x00007ff900596000 	C:\WINDOWS\System32\KERNELBASE.dll
0x00007ff9001a0000 - 0x00007ff9002a0000 	C:\WINDOWS\System32\ucrtbase.dll
0x00007ff8ec850000 - 0x00007ff8ec867000 	C:\Program Files\Android\Android Studio\jbr\bin\jli.dll
0x00007ff8f86e0000 - 0x00007ff8f86fb000 	C:\Program Files\Android\Android Studio\jbr\bin\VCRUNTIME140.dll
0x00007ff9027f0000 - 0x00007ff90298d000 	C:\WINDOWS\System32\USER32.dll
0x00007ff900610000 - 0x00007ff900632000 	C:\WINDOWS\System32\win32u.dll
0x00007ff902120000 - 0x00007ff90214c000 	C:\WINDOWS\System32\GDI32.dll
0x00007ff8ebc40000 - 0x00007ff8ebeda000 	C:\WINDOWS\WinSxS\amd64_microsoft.windows.common-controls_6595b64144ccf1df_6.0.19041.1110_none_60b5254171f9507e\COMCTL32.dll
0x00007ff9006e0000 - 0x00007ff9007f5000 	C:\WINDOWS\System32\gdi32full.dll
0x00007ff9024d0000 - 0x00007ff90256e000 	C:\WINDOWS\System32\msvcrt.dll
0x00007ff900640000 - 0x00007ff9006dd000 	C:\WINDOWS\System32\msvcp_win.dll
0x00007ff901400000 - 0x00007ff901430000 	C:\WINDOWS\System32\IMM32.DLL
0x00007ff8faab0000 - 0x00007ff8faabc000 	C:\Program Files\Android\Android Studio\jbr\bin\vcruntime140_1.dll
0x00007ff8e36c0000 - 0x00007ff8e374d000 	C:\Program Files\Android\Android Studio\jbr\bin\msvcp140.dll
0x00007ff8bb460000 - 0x00007ff8bc01c000 	C:\Program Files\Android\Android Studio\jbr\bin\server\jvm.dll
0x00007ff900f00000 - 0x00007ff900faf000 	C:\WINDOWS\System32\ADVAPI32.dll
0x00007ff902750000 - 0x00007ff9027ec000 	C:\WINDOWS\System32\sechost.dll
0x00007ff902570000 - 0x00007ff902696000 	C:\WINDOWS\System32\RPCRT4.dll
0x00007ff902740000 - 0x00007ff902748000 	C:\WINDOWS\System32\PSAPI.DLL
0x00007ff8f2a10000 - 0x00007ff8f2a37000 	C:\WINDOWS\SYSTEM32\WINMM.dll
0x00007ff8f9f30000 - 0x00007ff8f9f39000 	C:\WINDOWS\SYSTEM32\WSOCK32.dll
0x00007ff8f3d40000 - 0x00007ff8f3d4a000 	C:\WINDOWS\SYSTEM32\VERSION.dll
0x00007ff901010000 - 0x00007ff90107b000 	C:\WINDOWS\System32\WS2_32.dll
0x00007ff8fe910000 - 0x00007ff8fe922000 	C:\WINDOWS\SYSTEM32\kernel.appcore.dll
0x00007ff8f8b10000 - 0x00007ff8f8b20000 	C:\Program Files\Android\Android Studio\jbr\bin\verify.dll
0x00007ff8efcb0000 - 0x00007ff8efe94000 	C:\WINDOWS\SYSTEM32\DBGHELP.DLL
0x00007ff8efc70000 - 0x00007ff8efca4000 	C:\WINDOWS\SYSTEM32\dbgcore.DLL
0x00007ff900110000 - 0x00007ff900192000 	C:\WINDOWS\System32\bcryptPrimitives.dll
0x00007ff8f8ae0000 - 0x00007ff8f8b08000 	C:\Program Files\Android\Android Studio\jbr\bin\java.dll
0x00007ff8f86d0000 - 0x00007ff8f86da000 	C:\Program Files\Android\Android Studio\jbr\bin\jimage.dll
0x00007ff8ec870000 - 0x00007ff8ec87e000 	C:\Program Files\Android\Android Studio\jbr\bin\instrument.dll
0x00007ff8ec830000 - 0x00007ff8ec848000 	C:\Program Files\Android\Android Studio\jbr\bin\zip.dll
0x00007ff9015b0000 - 0x00007ff901cf4000 	C:\WINDOWS\System32\SHELL32.dll
0x00007ff8fdb30000 - 0x00007ff8fe2c3000 	C:\WINDOWS\SYSTEM32\windows.storage.dll
0x00007ff901dc0000 - 0x00007ff902114000 	C:\WINDOWS\System32\combase.dll
0x00007ff8ff9a0000 - 0x00007ff8ff9ce000 	C:\WINDOWS\SYSTEM32\Wldp.dll
0x00007ff902420000 - 0x00007ff9024cd000 	C:\WINDOWS\System32\SHCORE.dll
0x00007ff902990000 - 0x00007ff9029e5000 	C:\WINDOWS\System32\shlwapi.dll
0x00007ff900050000 - 0x00007ff90006f000 	C:\WINDOWS\SYSTEM32\profapi.dll
0x00007ff8e1a40000 - 0x00007ff8e1a4a000 	C:\Program Files\Android\Android Studio\jbr\bin\management.dll
0x00007ff8e19d0000 - 0x00007ff8e19db000 	C:\Program Files\Android\Android Studio\jbr\bin\management_ext.dll
0x00007ff8c9c80000 - 0x00007ff8c9c99000 	C:\Program Files\Android\Android Studio\jbr\bin\net.dll
0x00007ff8f5190000 - 0x00007ff8f529a000 	C:\WINDOWS\SYSTEM32\WINHTTP.dll
0x00007ff8ff780000 - 0x00007ff8ff7ea000 	C:\WINDOWS\system32\mswsock.dll
0x00007ff8c9c60000 - 0x00007ff8c9c73000 	C:\Program Files\Android\Android Studio\jbr\bin\nio.dll
0x00007ff8bded0000 - 0x00007ff8bdee7000 	C:\WINDOWS\system32\napinsp.dll
0x00007ff8bdeb0000 - 0x00007ff8bdecb000 	C:\WINDOWS\system32\pnrpnsp.dll
0x00007ff8e03c0000 - 0x00007ff8e03d5000 	C:\WINDOWS\system32\wshbth.dll
0x00007ff8fb4a0000 - 0x00007ff8fb4bd000 	C:\WINDOWS\system32\NLAapi.dll
0x00007ff8ff490000 - 0x00007ff8ff4cc000 	C:\WINDOWS\SYSTEM32\IPHLPAPI.DLL
0x00007ff8ff4d0000 - 0x00007ff8ff59a000 	C:\WINDOWS\SYSTEM32\DNSAPI.dll
0x00007ff902410000 - 0x00007ff902418000 	C:\WINDOWS\System32\NSI.dll
0x00007ff8bde90000 - 0x00007ff8bdea2000 	C:\WINDOWS\System32\winrnr.dll
0x00007ff8f3b20000 - 0x00007ff8f3b2a000 	C:\Windows\System32\rasadhlp.dll
0x00007ff8f5020000 - 0x00007ff8f50a2000 	C:\WINDOWS\System32\fwpuclnt.dll
0x00007ff900a60000 - 0x00007ff900a87000 	C:\WINDOWS\System32\bcrypt.dll
0x00007ff8fb520000 - 0x00007ff8fb547000 	C:\Users\shahzaib lptp\AndroidStudioProjects\loginsqlite\native\68d5fa5c4cc2d200863cafc0d521ce42e7d3e7ee720ec0a83991735586a16f82\windows-amd64\native-platform.dll
0x00007ff8d5000000 - 0x00007ff8d5144000 	C:\Users\shahzaib lptp\AndroidStudioProjects\loginsqlite\native\e376f236ea51e6404a007f0833ffe2c6e607c4080706a723a18a27aeea778392\windows-amd64\native-platform-file-events.dll
0x00007ff8ffcf0000 - 0x00007ff8ffd08000 	C:\WINDOWS\SYSTEM32\CRYPTSP.dll
0x00007ff8ff0c0000 - 0x00007ff8ff0f4000 	C:\WINDOWS\system32\rsaenh.dll
0x00007ff900010000 - 0x00007ff90003e000 	C:\WINDOWS\SYSTEM32\USERENV.dll
0x00007ff8ff910000 - 0x00007ff8ff91c000 	C:\WINDOWS\SYSTEM32\CRYPTBASE.dll
0x00007ff8f6ef0000 - 0x00007ff8f6f07000 	C:\WINDOWS\SYSTEM32\dhcpcsvc6.DLL
0x00007ff8f6ed0000 - 0x00007ff8f6eed000 	C:\WINDOWS\SYSTEM32\dhcpcsvc.DLL

dbghelp: loaded successfully - version: 4.0.5 - missing functions: none
symbol engine: initialized successfully - sym options: 0x614 - pdb path: .;C:\Program Files\Android\Android Studio\jbr\bin;C:\WINDOWS\SYSTEM32;C:\WINDOWS\WinSxS\amd64_microsoft.windows.common-controls_6595b64144ccf1df_6.0.19041.1110_none_60b5254171f9507e;C:\Program Files\Android\Android Studio\jbr\bin\server;C:\Users\shahzaib lptp\AndroidStudioProjects\loginsqlite\native\68d5fa5c4cc2d200863cafc0d521ce42e7d3e7ee720ec0a83991735586a16f82\windows-amd64;C:\Users\shahzaib lptp\AndroidStudioProjects\loginsqlite\native\e376f236ea51e6404a007f0833ffe2c6e607c4080706a723a18a27aeea778392\windows-amd64

VM Arguments:
jvm_args: --add-opens=java.base/java.util.concurrent.atomic=ALL-UNNAMED -javaagent:C:\Program Files\Android\Android Studio\plugins\android\resources\trace_agent.jar=C:\Users\SHAHZA~1\AppData\Local\Temp\sync.trace.profile --add-opens=java.base/java.util=ALL-UNNAMED --add-opens=java.base/java.lang=ALL-UNNAMED --add-opens=java.base/java.lang.invoke=ALL-UNNAMED --add-opens=java.prefs/java.util.prefs=ALL-UNNAMED --add-opens=java.base/java.nio.charset=ALL-UNNAMED --add-opens=java.base/java.net=ALL-UNNAMED --add-opens=java.base/java.util.concurrent.atomic=ALL-UNNAMED -Xmx2048m -Dfile.encoding=UTF-8 -Duser.country=US -Duser.language=en -Duser.variant -javaagent:C:\Users\shahzaib lptp\AndroidStudioProjects\loginsqlite\wrapper\dists\gradle-8.3-rc-1-bin\3lbs5z64xhcdp1uarsx2vp16o\gradle-8.3-rc-1\lib\agents\gradle-instrumentation-agent-8.3.jar 
java_command: org.gradle.launcher.daemon.bootstrap.GradleDaemon 8.3-rc-1
java_class_path (initial): C:\Users\shahzaib lptp\AndroidStudioProjects\loginsqlite\wrapper\dists\gradle-8.3-rc-1-bin\3lbs5z64xhcdp1uarsx2vp16o\gradle-8.3-rc-1\lib\gradle-launcher-8.3.jar
Launcher Type: SUN_STANDARD

[Global flags]
     intx CICompilerCount                          = 3                                         {product} {ergonomic}
     uint ConcGCThreads                            = 1                                         {product} {ergonomic}
     uint G1ConcRefinementThreads                  = 4                                         {product} {ergonomic}
   size_t G1HeapRegionSize                         = 1048576                                   {product} {ergonomic}
    uintx GCDrainStackTargetSize                   = 64                                        {product} {ergonomic}
   size_t InitialHeapSize                          = 134217728                                 {product} {ergonomic}
   size_t MarkStackSize                            = 4194304                                   {product} {ergonomic}
   size_t MaxHeapSize                              = 2147483648                                {product} {command line}
   size_t MaxNewSize                               = 1287651328                                {product} {ergonomic}
   size_t MinHeapDeltaBytes                        = 1048576                                   {product} {ergonomic}
    uintx NonNMethodCodeHeapSize                   = 5830732                                {pd product} {ergonomic}
    uintx NonProfiledCodeHeapSize                  = 122913754                              {pd product} {ergonomic}
    uintx ProfiledCodeHeapSize                     = 122913754                              {pd product} {ergonomic}
    uintx ReservedCodeCacheSize                    = 251658240                              {pd product} {ergonomic}
     bool SegmentedCodeCache                       = true                                      {product} {ergonomic}
     bool UseCompressedClassPointers               = true                                 {lp64_product} {ergonomic}
     bool UseCompressedOops                        = true                                 {lp64_product} {ergonomic}
     bool UseG1GC                                  = true                                      {product} {ergonomic}
     bool UseLargePagesIndividualAllocation        = false                                  {pd product} {ergonomic}

Logging:
Log output configuration:
 #0: stdout all=warning uptime,level,tags
 #1: stderr all=off uptime,level,tags

Environment Variables:
PATH=C:\Program Files\Python310\Scripts\;C:\Program Files\Python310\;C:\Program Files\Common Files\Oracle\Java\javapath;C:\app\bin;C:\app\shahzaiblptp\product\11.2.0\dbhome_1\bin;C:\WINDOWS\system32;C:\WINDOWS;C:\WINDOWS\System32\Wbem;C:\WINDOWS\System32\WindowsPowerShell\v1.0\;c:\Program Files (x86)\Microsoft SQL Server\100\Tools\Binn\;c:\Program Files\Microsoft SQL Server\100\Tools\Binn\;c:\Program Files\Microsoft SQL Server\100\DTS\Binn\;C:\WINDOWS\System32\OpenSSH\;C:\ProgramData\chocolatey\bin;%JAVA_HOME%\bin;C:\Program Files\Git\cmd;C:\WINDOWS\System32;C:\Users\shahzaib lptp\AppData\Local\Microsoft\WindowsApps;C:\Program Files\JetBrains\IntelliJ IDEA Community Edition 2021.3\bin;;C:\Program Files\Python310\PyCharm Community Edition 2022.1\bin;;C:\Users\shahzaib lptp\AppData\Local\Programs\Microsoft VS Code\bin;C:\Program Files\flutter\bin;C:\src\flutter\bin;C:\Program Files\Android\Android Studio\bin;
USERNAME=shahzaib lptp
OS=Windows_NT
PROCESSOR_IDENTIFIER=Intel64 Family 6 Model 69 Stepping 1, GenuineIntel



---------------  S Y S T E M  ---------------

OS: Windows 10 , 64 bit Build 19041 (10.0.19041.3031)
OS uptime: 1 days 6:53 hours
Hyper-V role detected

CPU:total 4 (initial active 4) (2 cores per cpu, 2 threads per core) family 6 model 69 stepping 1 microcode 0x26, cmov, cx8, fxsr, mmx, sse, sse2, sse3, ssse3, sse4.1, sse4.2, popcnt, avx, avx2, aes, clmul, erms, lzcnt, ht, tsc, tscinvbit, bmi1, bmi2, fma

Memory: 4k page, system-wide physical 8073M (442M free)
TotalPageFile size 10073M (AvailPageFile size 5M)
current process WorkingSet (physical memory assigned to process): 594M, peak: 595M
current process commit charge ("private bytes"): 673M, peak: 675M

vm_info: OpenJDK 64-Bit Server VM (11.0.15+0-b2043.56-9505619) for windows-amd64 JRE (11.0.15+0-b2043.56-9505619), built on Jan 19 2023 02:48:00 by "builduser" with unknown MS VC++:1929

END.
