#
# There is insufficient memory for the Java Runtime Environment to continue.
# Native memory allocation (mmap) failed to map 134217728 bytes for Failed to commit area from 0x0000000081c00000 to 0x0000000089c00000 of length 134217728.
# Possible reasons:
#   The system is out of physical RAM or swap space
#   The process is running with CompressedOops enabled, and the Java Heap may be blocking the growth of the native heap
# Possible solutions:
#   Reduce memory load on the system
#   Increase physical memory or swap space
#   Check if swap backing store is full
#   Decrease Java heap size (-Xmx/-Xms)
#   Decrease number of Java threads
#   Decrease Java thread stack sizes (-Xss)
#   Set larger code cache with -XX:ReservedCodeCacheSize=
# This output file may be truncated or incomplete.
#
#  Out of Memory Error (src/hotspot/os/windows/os_windows.cpp:3627), pid=10592, tid=2704
#
# JRE version:  (11.0.15) (build )
# Java VM: OpenJDK 64-Bit Server VM (11.0.15+0-b2043.56-9505619, mixed mode, sharing, tiered, compressed oops, g1 gc, windows-amd64)
# No core dump will be written. Minidumps are not enabled by default on client versions of Windows
#

---------------  S U M M A R Y ------------

Command Line: git4idea.http.GitAskPassApp Username for 'https://github.com': 

Host: Intel(R) Core(TM) i5-4310U CPU @ 2.00GHz, 4 cores, 7G,  Windows 10 , 64 bit Build 19041 (10.0.19041.2913)
Time: Sun Jun 11 21:49:59 2023 Pakistan Standard Time elapsed time: 0.042176 seconds (0d 0h 0m 0s)

---------------  T H R E A D  ---------------

Current thread (0x000001facc76c000):  JavaThread "Unknown thread" [_thread_in_vm, id=2704, stack(0x0000006492700000,0x0000006492800000)]

Stack: [0x0000006492700000,0x0000006492800000]
Native frames: (J=compiled Java code, j=interpreted, Vv=VM code, C=native code)
V  [jvm.dll+0x64135a]
V  [jvm.dll+0x7d39f9]
V  [jvm.dll+0x7d51b9]
V  [jvm.dll+0x7d58a3]
V  [jvm.dll+0x2691c5]
V  [jvm.dll+0x63e4e9]
V  [jvm.dll+0x632985]
V  [jvm.dll+0x3231ac]
V  [jvm.dll+0x323032]
V  [jvm.dll+0x327c06]
V  [jvm.dll+0x36ffa2]
V  [jvm.dll+0x36fa01]
V  [jvm.dll+0x2fea28]
V  [jvm.dll+0x2ffb25]
V  [jvm.dll+0x7accd7]
V  [jvm.dll+0x7ae49f]
V  [jvm.dll+0x37d299]
V  [jvm.dll+0x78ef9f]
V  [jvm.dll+0x3ec847]
V  [jvm.dll+0x3eed31]
C  [jli.dll+0x52cb]
C  [ucrtbase.dll+0x21bb2]
C  [KERNEL32.DLL+0x17614]
C  [ntdll.dll+0x526a1]


---------------  P R O C E S S  ---------------

Threads class SMR info:
_java_thread_list=0x000001facc691cd0, length=0, elements={
}

Java Threads: ( => current thread )

Other Threads:
  0x000001face7aa800 GCTaskThread "GC Thread#0" [stack: 0x0000006492800000,0x0000006492900000] [id=5496]
  0x000001face7dd000 ConcurrentGCThread "G1 Main Marker" [stack: 0x0000006492900000,0x0000006492a00000] [id=7552]
  0x000001face7de000 ConcurrentGCThread "G1 Conc#0" [stack: 0x0000006492a00000,0x0000006492b00000] [id=732]

[error occurred during error reporting (printing all threads), id 0xc0000005, EXCEPTION_ACCESS_VIOLATION (0xc0000005) at pc=0x00007ffe4dc0f3e7]

VM state:not at safepoint (not fully initialized)

VM Mutex/Monitor currently owned by a thread:  ([mutex/lock_event])
[0x000001facc76a9f0] Heap_lock - owner thread: 0x000001facc76c000

Heap address: 0x0000000081c00000, size: 2020 MB, Compressed Oops mode: Non-zero based: 0x0000000081c00000
Narrow klass base: 0x0000000000000000, Narrow klass shift: 0

GC Heap History (0 events):
No events

Deoptimization events (0 events):
No events

Classes redefined (0 events):
No events

Internal exceptions (0 events):
No events

Events (1 events):
Event: 0.028 Loaded shared library C:\Program Files\Android\Android Studio\jbr\bin\zip.dll


Dynamic libraries:
0x00007ff76f7a0000 - 0x00007ff76f7aa000 	C:\Program Files\Android\Android Studio\jbr\bin\java.exe
0x00007ffe89f30000 - 0x00007ffe8a128000 	C:\WINDOWS\SYSTEM32\ntdll.dll
0x00007ffe89300000 - 0x00007ffe893bf000 	C:\WINDOWS\System32\KERNEL32.DLL
0x00007ffe87a90000 - 0x00007ffe87d86000 	C:\WINDOWS\System32\KERNELBASE.dll
0x00007ffe87910000 - 0x00007ffe87a10000 	C:\WINDOWS\System32\ucrtbase.dll
0x00007ffe81780000 - 0x00007ffe8179b000 	C:\Program Files\Android\Android Studio\jbr\bin\VCRUNTIME140.dll
0x00007ffe74de0000 - 0x00007ffe74df7000 	C:\Program Files\Android\Android Studio\jbr\bin\jli.dll
0x00007ffe89160000 - 0x00007ffe892fd000 	C:\WINDOWS\System32\USER32.dll
0x00007ffe87a60000 - 0x00007ffe87a82000 	C:\WINDOWS\System32\win32u.dll
0x00007ffe89120000 - 0x00007ffe8914c000 	C:\WINDOWS\System32\GDI32.dll
0x00007ffe87e40000 - 0x00007ffe87f55000 	C:\WINDOWS\System32\gdi32full.dll
0x00007ffe87870000 - 0x00007ffe8790d000 	C:\WINDOWS\System32\msvcp_win.dll
0x00007ffe696f0000 - 0x00007ffe6998a000 	C:\WINDOWS\WinSxS\amd64_microsoft.windows.common-controls_6595b64144ccf1df_6.0.19041.1110_none_60b5254171f9507e\COMCTL32.dll
0x00007ffe895f0000 - 0x00007ffe8968e000 	C:\WINDOWS\System32\msvcrt.dll
0x00007ffe87f90000 - 0x00007ffe87fc0000 	C:\WINDOWS\System32\IMM32.DLL
0x00007ffe81770000 - 0x00007ffe8177c000 	C:\Program Files\Android\Android Studio\jbr\bin\vcruntime140_1.dll
0x00007ffe62e10000 - 0x00007ffe62e9d000 	C:\Program Files\Android\Android Studio\jbr\bin\msvcp140.dll
0x00007ffe4d900000 - 0x00007ffe4e4bc000 	C:\Program Files\Android\Android Studio\jbr\bin\server\jvm.dll
0x00007ffe88b70000 - 0x00007ffe88c1f000 	C:\WINDOWS\System32\ADVAPI32.dll
0x00007ffe87fc0000 - 0x00007ffe8805c000 	C:\WINDOWS\System32\sechost.dll
0x00007ffe89770000 - 0x00007ffe89896000 	C:\WINDOWS\System32\RPCRT4.dll
0x00007ffe89150000 - 0x00007ffe89158000 	C:\WINDOWS\System32\PSAPI.DLL
0x00007ffe782d0000 - 0x00007ffe782f7000 	C:\WINDOWS\SYSTEM32\WINMM.dll
0x00007ffe7b1f0000 - 0x00007ffe7b1fa000 	C:\WINDOWS\SYSTEM32\VERSION.dll
0x00007ffe81490000 - 0x00007ffe81499000 	C:\WINDOWS\SYSTEM32\WSOCK32.dll
0x00007ffe88b00000 - 0x00007ffe88b6b000 	C:\WINDOWS\System32\ws2_32.DLL
0x00007ffe85e20000 - 0x00007ffe85e32000 	C:\WINDOWS\SYSTEM32\kernel.appcore.dll
0x00007ffe7abf0000 - 0x00007ffe7ac00000 	C:\Program Files\Android\Android Studio\jbr\bin\verify.dll
0x00007ffe76cf0000 - 0x00007ffe76ed4000 	C:\WINDOWS\SYSTEM32\DBGHELP.DLL
0x00007ffe77d70000 - 0x00007ffe77da4000 	C:\WINDOWS\SYSTEM32\dbgcore.DLL
0x00007ffe87680000 - 0x00007ffe87702000 	C:\WINDOWS\System32\bcryptPrimitives.dll
0x00007ffe79d40000 - 0x00007ffe79d68000 	C:\Program Files\Android\Android Studio\jbr\bin\java.dll
0x00007ffe7abe0000 - 0x00007ffe7abea000 	C:\Program Files\Android\Android Studio\jbr\bin\jimage.dll
0x00007ffe74dc0000 - 0x00007ffe74dd8000 	C:\Program Files\Android\Android Studio\jbr\bin\zip.dll

dbghelp: loaded successfully - version: 4.0.5 - missing functions: none
symbol engine: initialized successfully - sym options: 0x614 - pdb path: .;C:\Program Files\Android\Android Studio\jbr\bin;C:\WINDOWS\SYSTEM32;C:\WINDOWS\WinSxS\amd64_microsoft.windows.common-controls_6595b64144ccf1df_6.0.19041.1110_none_60b5254171f9507e;C:\Program Files\Android\Android Studio\jbr\bin\server

VM Arguments:
java_command: git4idea.http.GitAskPassApp Username for 'https://github.com': 
java_class_path (initial): C:/Program Files/Android/Android Studio/plugins/git4idea/lib/git4idea-rt.jar;C:/Program Files/Android/Android Studio/lib/externalProcess-rt.jar;C:/Program Files/Android/Android Studio/lib/app.jar;C:/Program Files/Android/Android Studio/lib/3rd-party-rt.jar
Launcher Type: SUN_STANDARD

[Global flags]
     intx CICompilerCount                          = 3                                         {product} {ergonomic}
     uint ConcGCThreads                            = 1                                         {product} {ergonomic}
     uint G1ConcRefinementThreads                  = 4                                         {product} {ergonomic}
   size_t G1HeapRegionSize                         = 1048576                                   {product} {ergonomic}
    uintx GCDrainStackTargetSize                   = 64                                        {product} {ergonomic}
   size_t InitialHeapSize                          = 134217728                                 {product} {ergonomic}
   size_t MarkStackSize                            = 4194304                                   {product} {ergonomic}
   size_t MaxHeapSize                              = 2118123520                                {product} {ergonomic}
   size_t MinHeapDeltaBytes                        = 1048576                                   {product} {ergonomic}
    uintx NonNMethodCodeHeapSize                   = 5830732                                {pd product} {ergonomic}
    uintx NonProfiledCodeHeapSize                  = 122913754                              {pd product} {ergonomic}
    uintx ProfiledCodeHeapSize                     = 122913754                              {pd product} {ergonomic}
    uintx ReservedCodeCacheSize                    = 251658240                              {pd product} {ergonomic}
     bool SegmentedCodeCache                       = true                                      {product} {ergonomic}
     bool UseCompressedClassPointers               = true                                 {lp64_product} {ergonomic}
     bool UseCompressedOops                        = true                                 {lp64_product} {ergonomic}
     bool UseG1GC                                  = true                                      {product} {ergonomic}
     bool UseLargePagesIndividualAllocation        = false                                  {pd product} {ergonomic}

Logging:
Log output configuration:
 #0: stdout all=warning uptime,level,tags
 #1: stderr all=off uptime,level,tags

Environment Variables:
PATH=C:\Program Files\Git\mingw64\libexec\git-core;C:\Program Files\Git\mingw64\libexec\git-core;C:\Program Files\Git\mingw64\bin;C:\Program Files\Git\usr\bin;C:\Users\shahzaib lptp\bin;C:\Program Files\Python310\Scripts;C:\Program Files\Python310;C:\Program Files\Common Files\Oracle\Java\javapath;C:\app\bin;C:\app\shahzaiblptp\product\11.2.0\dbhome_1\bin;C:\WINDOWS\system32;C:\WINDOWS;C:\WINDOWS\System32\Wbem;C:\WINDOWS\System32\WindowsPowerShell\v1.0;C:\Program Files (x86)\Microsoft SQL Server\100\Tools\Binn;C:\Program Files\Microsoft SQL Server\100\Tools\Binn;C:\Program Files\Microsoft SQL Server\100\DTS\Binn;C:\WINDOWS\System32\OpenSSH;C:\ProgramData\chocolatey\bin;%JAVA_HOME%\bin;C:\Program Files\Git\cmd;C:\Users\shahzaib lptp\AppData\Local\Microsoft\WindowsApps;C:\Program Files\JetBrains\IntelliJ IDEA Community Edition 2021.3\bin;C:\Program Files\Python310\PyCharm Community Edition 2022.1\bin;C:\Users\shahzaib lptp\AppData\Local\Programs\Microsoft VS Code\bin;C:\Program Files\flutter\bin;C:\src\flutter\bin;C:\Program Files\Android\Android Studio\bin
USERNAME=shahzaib lptp
DISPLAY=:0.0
LC_ALL=en_US.UTF-8
OS=Windows_NT
PROCESSOR_IDENTIFIER=Intel64 Family 6 Model 69 Stepping 1, GenuineIntel



---------------  S Y S T E M  ---------------

OS: Windows 10 , 64 bit Build 19041 (10.0.19041.2913)
OS uptime: 0 days 4:37 hours
Hyper-V role detected

CPU:total 4 (initial active 4) (2 cores per cpu, 2 threads per core) family 6 model 69 stepping 1 microcode 0x26, cmov, cx8, fxsr, mmx, sse, sse2, sse3, ssse3, sse4.1, sse4.2, popcnt, avx, avx2, aes, clmul, erms, lzcnt, ht, tsc, tscinvbit, bmi1, bmi2, fma

Memory: 4k page, system-wide physical 8073M (1388M free)
TotalPageFile size 10073M (AvailPageFile size 29M)
current process WorkingSet (physical memory assigned to process): 10M, peak: 10M
current process commit charge ("private bytes"): 51M, peak: 179M

vm_info: OpenJDK 64-Bit Server VM (11.0.15+0-b2043.56-9505619) for windows-amd64 JRE (11.0.15+0-b2043.56-9505619), built on Jan 19 2023 02:48:00 by "builduser" with unknown MS VC++:1929

END.
