#
# There is insufficient memory for the Java Runtime Environment to continue.
# Native memory allocation (malloc) failed to allocate 1513936 bytes for Chunk::new
# Possible reasons:
#   The system is out of physical RAM or swap space
#   The process is running with CompressedOops enabled, and the Java Heap may be blocking the growth of the native heap
# Possible solutions:
#   Reduce memory load on the system
#   Increase physical memory or swap space
#   Check if swap backing store is full
#   Decrease Java heap size (-Xmx/-Xms)
#   Decrease number of Java threads
#   Decrease Java thread stack sizes (-Xss)
#   Set larger code cache with -XX:ReservedCodeCacheSize=
#   JVM is running with Unscaled Compressed Oops mode in which the Java heap is
#     placed in the first 4GB address space. The Java Heap base address is the
#     maximum limit for the native heap growth. Please use -XX:HeapBaseMinAddress
#     to set the Java Heap base and to place the Java Heap above 4GB virtual address.
# This output file may be truncated or incomplete.
#
#  Out of Memory Error (src/hotspot/share/memory/arena.cpp:197), pid=10632, tid=9296
#
# JRE version: OpenJDK Runtime Environment (11.0.15) (build 11.0.15+0-b2043.56-9505619)
# Java VM: OpenJDK 64-Bit Server VM (11.0.15+0-b2043.56-9505619, mixed mode, tiered, compressed oops, g1 gc, windows-amd64)
# No core dump will be written. Minidumps are not enabled by default on client versions of Windows
#

---------------  S U M M A R Y ------------

Command Line: -javaagent:C:\Program Files\Android\Android Studio\plugins\android\resources\trace_agent.jar=C:\Users\SHAHZA~1\AppData\Local\Temp\sync.trace.profile --add-opens=java.base/java.util=ALL-UNNAMED --add-opens=java.base/java.lang=ALL-UNNAMED --add-opens=java.base/java.lang.invoke=ALL-UNNAMED --add-opens=java.base/java.util=ALL-UNNAMED --add-opens=java.prefs/java.util.prefs=ALL-UNNAMED --add-opens=java.prefs/java.util.prefs=ALL-UNNAMED --add-opens=java.base/java.nio.charset=ALL-UNNAMED --add-opens=java.base/java.net=ALL-UNNAMED --add-opens=java.base/java.util.concurrent.atomic=ALL-UNNAMED -Xmx2048m -Dfile.encoding=UTF-8 -Duser.country=US -Duser.language=en -Duser.variant org.gradle.launcher.daemon.bootstrap.GradleDaemon 7.5

Host: Intel(R) Core(TM) i5-4310U CPU @ 2.00GHz, 4 cores, 7G,  Windows 10 , 64 bit Build 19041 (10.0.19041.3031)
Time: Sat Jul 22 17:21:51 2023 Pakistan Standard Time elapsed time: 18.141949 seconds (0d 0h 0m 18s)

---------------  T H R E A D  ---------------

Current thread (0x000001dff7c2a000):  JavaThread "C2 CompilerThread0" daemon [_thread_in_native, id=9296, stack(0x000000b4ad800000,0x000000b4ad900000)]


Current CompileTask:
C2:  18142 4549   !   4       jdk.internal.loader.URLClassPath$JarLoader::getResource (353 bytes)

Stack: [0x000000b4ad800000,0x000000b4ad900000]
Native frames: (J=compiled Java code, j=interpreted, Vv=VM code, C=native code)
V  [jvm.dll+0x64135a]
V  [jvm.dll+0x7d39f9]
V  [jvm.dll+0x7d51b9]
V  [jvm.dll+0x7d58a3]
V  [jvm.dll+0x2691c5]
V  [jvm.dll+0xc1a5c]
V  [jvm.dll+0xc200c]
V  [jvm.dll+0x3774a7]
V  [jvm.dll+0x1b3914]
V  [jvm.dll+0x22163e]
V  [jvm.dll+0x220498]
V  [jvm.dll+0x19e851]
V  [jvm.dll+0x230479]
V  [jvm.dll+0x22e5ef]
V  [jvm.dll+0x794de1]
V  [jvm.dll+0x78dc24]
V  [jvm.dll+0x6400f6]
C  [ucrtbase.dll+0x21bb2]
C  [KERNEL32.DLL+0x17614]
C  [ntdll.dll+0x526f1]


---------------  P R O C E S S  ---------------

Threads class SMR info:
_java_thread_list=0x000001dff8f222f0, length=37, elements={
0x000001dfddff4800, 0x000001dff7c04000, 0x000001dff7c08800, 0x000001dff8592800,
0x000001dff7c23800, 0x000001dff7c25000, 0x000001dff7c2a000, 0x000001dff7c2b800,
0x000001dff7c30800, 0x000001dfde0c9000, 0x000001dffca76800, 0x000001dff8ef2800,
0x000001dff908f000, 0x000001dff926c800, 0x000001dffb91f000, 0x000001dff9823000,
0x000001dffd960800, 0x000001dffb3b7000, 0x000001dffd316800, 0x000001dffd318000,
0x000001dffd312800, 0x000001dffd313800, 0x000001dffd315000, 0x000001dffd315800,
0x000001dffd314000, 0x000001dffd319000, 0x000001dffd317800, 0x000001dffd348800,
0x000001dffd34d800, 0x000001dffd34b800, 0x000001dffd349000, 0x000001dffd5af000,
0x000001dffd347800, 0x000001dffd34f000, 0x000001dffd355800, 0x000001dffd354000,
0x000001dffd352000
}

Java Threads: ( => current thread )
  0x000001dfddff4800 JavaThread "main" [_thread_blocked, id=8076, stack(0x000000b4acc00000,0x000000b4acd00000)]
  0x000001dff7c04000 JavaThread "Reference Handler" daemon [_thread_blocked, id=4752, stack(0x000000b4ad300000,0x000000b4ad400000)]
  0x000001dff7c08800 JavaThread "Finalizer" daemon [_thread_blocked, id=13948, stack(0x000000b4ad400000,0x000000b4ad500000)]
  0x000001dff8592800 JavaThread "Signal Dispatcher" daemon [_thread_blocked, id=10192, stack(0x000000b4ad500000,0x000000b4ad600000)]
  0x000001dff7c23800 JavaThread "Attach Listener" daemon [_thread_blocked, id=10604, stack(0x000000b4ad600000,0x000000b4ad700000)]
  0x000001dff7c25000 JavaThread "Service Thread" daemon [_thread_blocked, id=11892, stack(0x000000b4ad700000,0x000000b4ad800000)]
=>0x000001dff7c2a000 JavaThread "C2 CompilerThread0" daemon [_thread_in_native, id=9296, stack(0x000000b4ad800000,0x000000b4ad900000)]
  0x000001dff7c2b800 JavaThread "C1 CompilerThread0" daemon [_thread_in_native, id=3984, stack(0x000000b4ad900000,0x000000b4ada00000)]
  0x000001dff7c30800 JavaThread "Sweeper thread" daemon [_thread_blocked, id=6600, stack(0x000000b4ada00000,0x000000b4adb00000)]
  0x000001dfde0c9000 JavaThread "Common-Cleaner" daemon [_thread_blocked, id=11572, stack(0x000000b4adb00000,0x000000b4adc00000)]
  0x000001dffca76800 JavaThread "Daemon health stats" [_thread_blocked, id=10552, stack(0x000000b4ae000000,0x000000b4ae100000)]
  0x000001dff8ef2800 JavaThread "Incoming local TCP Connector on port 64474" [_thread_in_native, id=12792, stack(0x000000b4ae100000,0x000000b4ae200000)]
  0x000001dff908f000 JavaThread "Daemon periodic checks" [_thread_blocked, id=10908, stack(0x000000b4ae200000,0x000000b4ae300000)]
  0x000001dff926c800 JavaThread "Daemon" [_thread_blocked, id=6196, stack(0x000000b4ae300000,0x000000b4ae400000)]
  0x000001dffb91f000 JavaThread "Handler for socket connection from /127.0.0.1:64474 to /127.0.0.1:64475" [_thread_in_native, id=11564, stack(0x000000b4ae400000,0x000000b4ae500000)]
  0x000001dff9823000 JavaThread "Cancel handler" [_thread_blocked, id=8356, stack(0x000000b4ae500000,0x000000b4ae600000)]
  0x000001dffd960800 JavaThread "Daemon worker" [_thread_in_Java, id=2496, stack(0x000000b4ae600000,0x000000b4ae700000)]
  0x000001dffb3b7000 JavaThread "Asynchronous log dispatcher for DefaultDaemonConnection: socket connection from /127.0.0.1:64474 to /127.0.0.1:64475" [_thread_blocked, id=9304, stack(0x000000b4ae700000,0x000000b4ae800000)]
  0x000001dffd316800 JavaThread "Stdin handler" [_thread_blocked, id=1120, stack(0x000000b4ae800000,0x000000b4ae900000)]
  0x000001dffd318000 JavaThread "Daemon client event forwarder" [_thread_blocked, id=8696, stack(0x000000b4ae900000,0x000000b4aea00000)]
  0x000001dffd312800 JavaThread "Cache worker for journal cache (C:\Users\shahzaib lptp\AndroidStudioProjects\loginsqlite\caches\journal-1)" [_thread_blocked, id=4540, stack(0x000000b4aeb00000,0x000000b4aec00000)]
  0x000001dffd313800 JavaThread "File lock request listener" [_thread_in_native, id=13140, stack(0x000000b4aec00000,0x000000b4aed00000)]
  0x000001dffd315000 JavaThread "Cache worker for file hash cache (C:\Users\shahzaib lptp\AndroidStudioProjects\loginsqlite\caches\7.5\fileHashes)" [_thread_blocked, id=1176, stack(0x000000b4aed00000,0x000000b4aee00000)]
  0x000001dffd315800 JavaThread "File watcher server" daemon [_thread_in_native, id=11144, stack(0x000000b4aee00000,0x000000b4aef00000)]
  0x000001dffd314000 JavaThread "File watcher consumer" daemon [_thread_blocked, id=1232, stack(0x000000b4aef00000,0x000000b4af000000)]
  0x000001dffd319000 JavaThread "Cache worker for checksums cache (C:\Users\shahzaib lptp\AndroidStudioProjects\EyeonwaterApp\.gradle\7.5\checksums)" [_thread_blocked, id=11324, stack(0x000000b4af000000,0x000000b4af100000)]
  0x000001dffd317800 JavaThread "Cache worker for cache directory md-rule (C:\Users\shahzaib lptp\AndroidStudioProjects\loginsqlite\caches\7.5\md-rule)" [_thread_blocked, id=9436, stack(0x000000b4af100000,0x000000b4af200000)]
  0x000001dffd348800 JavaThread "Cache worker for file content cache (C:\Users\shahzaib lptp\AndroidStudioProjects\loginsqlite\caches\7.5\fileContent)" [_thread_blocked, id=5652, stack(0x000000b4af200000,0x000000b4af300000)]
  0x000001dffd34d800 JavaThread "Cache worker for file hash cache (C:\Users\shahzaib lptp\AndroidStudioProjects\EyeonwaterApp\.gradle\7.5\fileHashes)" [_thread_blocked, id=5008, stack(0x000000b4af300000,0x000000b4af400000)]
  0x000001dffd34b800 JavaThread "Cache worker for cache directory md-supplier (C:\Users\shahzaib lptp\AndroidStudioProjects\loginsqlite\caches\7.5\md-supplier)" [_thread_blocked, id=10808, stack(0x000000b4af400000,0x000000b4af500000)]
  0x000001dffd349000 JavaThread "Cache worker for execution history cache (C:\Users\shahzaib lptp\AndroidStudioProjects\loginsqlite\caches\7.5\executionHistory)" [_thread_blocked, id=3668, stack(0x000000b4af500000,0x000000b4af600000)]
  0x000001dffd5af000 JavaThread "C2 CompilerThread1" daemon [_thread_in_native, id=8628, stack(0x000000b4adc00000,0x000000b4add00000)]
  0x000001dffd347800 JavaThread "jar transforms" [_thread_blocked, id=13268, stack(0x000000b4af600000,0x000000b4af700000)]
  0x000001dffd34f000 JavaThread "jar transforms Thread 2" [_thread_blocked, id=12724, stack(0x000000b4af700000,0x000000b4af800000)]
  0x000001dffd355800 JavaThread "jar transforms Thread 3" [_thread_blocked, id=7816, stack(0x000000b4af800000,0x000000b4af900000)]
  0x000001dffd354000 JavaThread "jar transforms Thread 4" [_thread_blocked, id=1056, stack(0x000000b4af900000,0x000000b4afa00000)]
  0x000001dffd352000 JavaThread "Cache worker for dependencies-accessors (C:\Users\shahzaib lptp\AndroidStudioProjects\EyeonwaterApp\.gradle\7.5\dependencies-accessors)" [_thread_blocked, id=7472, stack(0x000000b4afa00000,0x000000b4afb00000)]

Other Threads:
  0x000001dff7c01000 VMThread "VM Thread" [stack: 0x000000b4ad200000,0x000000b4ad300000] [id=9268]
  0x000001dff8e71000 WatcherThread [stack: 0x000000b4add00000,0x000000b4ade00000] [id=268]
  0x000001dfde00e000 GCTaskThread "GC Thread#0" [stack: 0x000000b4acd00000,0x000000b4ace00000] [id=3876]
  0x000001dff934e000 GCTaskThread "GC Thread#1" [stack: 0x000000b4ade00000,0x000000b4adf00000] [id=2752]
  0x000001dff934a800 GCTaskThread "GC Thread#2" [stack: 0x000000b4adf00000,0x000000b4ae000000] [id=1928]
  0x000001dff9348800 GCTaskThread "GC Thread#3" [stack: 0x000000b4aea00000,0x000000b4aeb00000] [id=11520]
  0x000001dfde041000 ConcurrentGCThread "G1 Main Marker" [stack: 0x000000b4ace00000,0x000000b4acf00000] [id=9484]
  0x000001dfde043800 ConcurrentGCThread "G1 Conc#0" [stack: 0x000000b4acf00000,0x000000b4ad000000] [id=9608]
  0x000001dfde0c0800 ConcurrentGCThread "G1 Refine#0" [stack: 0x000000b4ad000000,0x000000b4ad100000] [id=1940]
  0x000001dfde0c1800 ConcurrentGCThread "G1 Young RemSet Sampling" [stack: 0x000000b4ad100000,0x000000b4ad200000] [id=13748]

Threads with active compile tasks:
C2 CompilerThread0    18190 4549   !   4       jdk.internal.loader.URLClassPath$JarLoader::getResource (353 bytes)
C1 CompilerThread0    18190 4647       3       org.gradle.internal.instantiation.generator.AbstractClassGenerator::isEagerAttachProperty (33 bytes)
C2 CompilerThread1    18190 4628   !   4       sun.net.www.ParseUtil::decode (317 bytes)

VM state:not at safepoint (normal execution)

VM Mutex/Monitor currently owned by a thread: None

Heap address: 0x0000000080000000, size: 2048 MB, Compressed Oops mode: 32-bit
Narrow klass base: 0x0000000000000000, Narrow klass shift: 3
Compressed class space size: 1073741824 Address: 0x0000000100000000

Heap:
 garbage-first heap   total 157696K, used 107541K [0x0000000080000000, 0x0000000100000000)
  region size 1024K, 89 young (91136K), 10 survivors (10240K)
 Metaspace       used 44598K, capacity 45774K, committed 46080K, reserved 1089536K
  class space    used 5667K, capacity 6060K, committed 6144K, reserved 1048576K
Heap Regions: E=young(eden), S=young(survivor), O=old, HS=humongous(starts), HC=humongous(continues), CS=collection set, F=free, A=archive, TAMS=top-at-mark-start (previous, next)
|   0|0x0000000080000000, 0x0000000080100000, 0x0000000080100000|100%| O|  |TAMS 0x0000000080100000, 0x0000000080000000| Untracked 
|   1|0x0000000080100000, 0x0000000080200000, 0x0000000080200000|100%| O|  |TAMS 0x0000000080200000, 0x0000000080100000| Untracked 
|   2|0x0000000080200000, 0x0000000080300000, 0x0000000080300000|100%| O|  |TAMS 0x0000000080300000, 0x0000000080200000| Untracked 
|   3|0x0000000080300000, 0x0000000080400000, 0x0000000080400000|100%|HS|  |TAMS 0x0000000080400000, 0x0000000080300000| Complete 
|   4|0x0000000080400000, 0x0000000080500000, 0x0000000080500000|100%|HC|  |TAMS 0x0000000080500000, 0x0000000080400000| Complete 
|   5|0x0000000080500000, 0x0000000080600000, 0x0000000080600000|100%|HC|  |TAMS 0x0000000080600000, 0x0000000080500000| Complete 
|   6|0x0000000080600000, 0x0000000080700000, 0x0000000080700000|100%| O|  |TAMS 0x0000000080700000, 0x0000000080600000| Untracked 
|   7|0x0000000080700000, 0x0000000080800000, 0x0000000080800000|100%| O|  |TAMS 0x0000000080800000, 0x0000000080700000| Untracked 
|   8|0x0000000080800000, 0x0000000080900000, 0x0000000080900000|100%| O|  |TAMS 0x0000000080900000, 0x0000000080800000| Untracked 
|   9|0x0000000080900000, 0x0000000080a00000, 0x0000000080a00000|100%| O|  |TAMS 0x0000000080a00000, 0x0000000080900000| Untracked 
|  10|0x0000000080a00000, 0x0000000080b00000, 0x0000000080b00000|100%| O|  |TAMS 0x0000000080b00000, 0x0000000080a00000| Untracked 
|  11|0x0000000080b00000, 0x0000000080c00000, 0x0000000080c00000|100%| O|  |TAMS 0x0000000080c00000, 0x0000000080b00000| Untracked 
|  12|0x0000000080c00000, 0x0000000080d00000, 0x0000000080d00000|100%| O|  |TAMS 0x0000000080d00000, 0x0000000080c00000| Untracked 
|  13|0x0000000080d00000, 0x0000000080e00000, 0x0000000080e00000|100%| O|  |TAMS 0x0000000080e00000, 0x0000000080d00000| Untracked 
|  14|0x0000000080e00000, 0x0000000080f00000, 0x0000000080f00000|100%| O|  |TAMS 0x0000000080f00000, 0x0000000080e00000| Untracked 
|  15|0x0000000080f00000, 0x0000000081000000, 0x0000000081000000|100%| O|  |TAMS 0x0000000081000000, 0x0000000080f00000| Untracked 
|  16|0x0000000081000000, 0x0000000081100000, 0x0000000081100000|100%| O|  |TAMS 0x0000000081041600, 0x0000000081000000| Untracked 
|  17|0x0000000081100000, 0x0000000081147c00, 0x0000000081200000| 28%| O|  |TAMS 0x0000000081100000, 0x0000000081100000| Untracked 
|  18|0x0000000081200000, 0x0000000081200000, 0x0000000081300000|  0%| F|  |TAMS 0x0000000081200000, 0x0000000081200000| Untracked 
|  19|0x0000000081300000, 0x0000000081300000, 0x0000000081400000|  0%| F|  |TAMS 0x0000000081300000, 0x0000000081300000| Untracked 
|  20|0x0000000081400000, 0x0000000081400000, 0x0000000081500000|  0%| F|  |TAMS 0x0000000081400000, 0x0000000081400000| Untracked 
|  21|0x0000000081500000, 0x0000000081500000, 0x0000000081600000|  0%| F|  |TAMS 0x0000000081500000, 0x0000000081500000| Untracked 
|  22|0x0000000081600000, 0x0000000081600000, 0x0000000081700000|  0%| F|  |TAMS 0x0000000081600000, 0x0000000081600000| Untracked 
|  23|0x0000000081700000, 0x0000000081700000, 0x0000000081800000|  0%| F|  |TAMS 0x0000000081700000, 0x0000000081700000| Untracked 
|  24|0x0000000081800000, 0x0000000081800000, 0x0000000081900000|  0%| F|  |TAMS 0x0000000081800000, 0x0000000081800000| Untracked 
|  25|0x0000000081900000, 0x0000000081900000, 0x0000000081a00000|  0%| F|  |TAMS 0x0000000081900000, 0x0000000081900000| Untracked 
|  26|0x0000000081a00000, 0x0000000081a00000, 0x0000000081b00000|  0%| F|  |TAMS 0x0000000081a00000, 0x0000000081a00000| Untracked 
|  27|0x0000000081b00000, 0x0000000081b00000, 0x0000000081c00000|  0%| F|  |TAMS 0x0000000081b00000, 0x0000000081b00000| Untracked 
|  28|0x0000000081c00000, 0x0000000081c00000, 0x0000000081d00000|  0%| F|  |TAMS 0x0000000081c00000, 0x0000000081c00000| Untracked 
|  29|0x0000000081d00000, 0x0000000081d00000, 0x0000000081e00000|  0%| F|  |TAMS 0x0000000081d00000, 0x0000000081d00000| Untracked 
|  30|0x0000000081e00000, 0x0000000081e00000, 0x0000000081f00000|  0%| F|  |TAMS 0x0000000081e00000, 0x0000000081e00000| Untracked 
|  31|0x0000000081f00000, 0x0000000081f00000, 0x0000000082000000|  0%| F|  |TAMS 0x0000000081f00000, 0x0000000081f00000| Untracked 
|  32|0x0000000082000000, 0x0000000082000000, 0x0000000082100000|  0%| F|  |TAMS 0x0000000082000000, 0x0000000082000000| Untracked 
|  33|0x0000000082100000, 0x0000000082100000, 0x0000000082200000|  0%| F|  |TAMS 0x0000000082100000, 0x0000000082100000| Untracked 
|  34|0x0000000082200000, 0x0000000082200000, 0x0000000082300000|  0%| F|  |TAMS 0x0000000082200000, 0x0000000082200000| Untracked 
|  35|0x0000000082300000, 0x0000000082300000, 0x0000000082400000|  0%| F|  |TAMS 0x0000000082300000, 0x0000000082300000| Untracked 
|  36|0x0000000082400000, 0x0000000082400000, 0x0000000082500000|  0%| F|  |TAMS 0x0000000082400000, 0x0000000082400000| Untracked 
|  37|0x0000000082500000, 0x0000000082500000, 0x0000000082600000|  0%| F|  |TAMS 0x0000000082500000, 0x0000000082500000| Untracked 
|  38|0x0000000082600000, 0x0000000082600000, 0x0000000082700000|  0%| F|  |TAMS 0x0000000082600000, 0x0000000082600000| Untracked 
|  39|0x0000000082700000, 0x0000000082700000, 0x0000000082800000|  0%| F|  |TAMS 0x0000000082700000, 0x0000000082700000| Untracked 
|  40|0x0000000082800000, 0x0000000082800000, 0x0000000082900000|  0%| F|  |TAMS 0x0000000082800000, 0x0000000082800000| Untracked 
|  41|0x0000000082900000, 0x0000000082900000, 0x0000000082a00000|  0%| F|  |TAMS 0x0000000082900000, 0x0000000082900000| Untracked 
|  42|0x0000000082a00000, 0x0000000082a00000, 0x0000000082b00000|  0%| F|  |TAMS 0x0000000082a00000, 0x0000000082a00000| Untracked 
|  43|0x0000000082b00000, 0x0000000082b00000, 0x0000000082c00000|  0%| F|  |TAMS 0x0000000082b00000, 0x0000000082b00000| Untracked 
|  44|0x0000000082c00000, 0x0000000082c00000, 0x0000000082d00000|  0%| F|  |TAMS 0x0000000082c00000, 0x0000000082c00000| Untracked 
|  45|0x0000000082d00000, 0x0000000082d00000, 0x0000000082e00000|  0%| F|  |TAMS 0x0000000082d00000, 0x0000000082d00000| Untracked 
|  46|0x0000000082e00000, 0x0000000082e00000, 0x0000000082f00000|  0%| F|  |TAMS 0x0000000082e00000, 0x0000000082e00000| Untracked 
|  47|0x0000000082f00000, 0x0000000082f00000, 0x0000000083000000|  0%| F|  |TAMS 0x0000000082f00000, 0x0000000082f00000| Untracked 
|  48|0x0000000083000000, 0x0000000083000000, 0x0000000083100000|  0%| F|  |TAMS 0x0000000083000000, 0x0000000083000000| Untracked 
|  49|0x0000000083100000, 0x0000000083100000, 0x0000000083200000|  0%| F|  |TAMS 0x0000000083100000, 0x0000000083100000| Untracked 
|  50|0x0000000083200000, 0x0000000083200000, 0x0000000083300000|  0%| F|  |TAMS 0x0000000083200000, 0x0000000083200000| Untracked 
|  51|0x0000000083300000, 0x0000000083300000, 0x0000000083400000|  0%| F|  |TAMS 0x0000000083300000, 0x0000000083300000| Untracked 
|  52|0x0000000083400000, 0x0000000083400000, 0x0000000083500000|  0%| F|  |TAMS 0x0000000083400000, 0x0000000083400000| Untracked 
|  53|0x0000000083500000, 0x0000000083500000, 0x0000000083600000|  0%| F|  |TAMS 0x0000000083500000, 0x0000000083500000| Untracked 
|  54|0x0000000083600000, 0x0000000083600000, 0x0000000083700000|  0%| F|  |TAMS 0x0000000083600000, 0x0000000083600000| Untracked 
|  55|0x0000000083700000, 0x0000000083700000, 0x0000000083800000|  0%| F|  |TAMS 0x0000000083700000, 0x0000000083700000| Untracked 
|  56|0x0000000083800000, 0x0000000083800000, 0x0000000083900000|  0%| F|  |TAMS 0x0000000083800000, 0x0000000083800000| Untracked 
|  57|0x0000000083900000, 0x0000000083900000, 0x0000000083a00000|  0%| F|  |TAMS 0x0000000083900000, 0x0000000083900000| Untracked 
|  58|0x0000000083a00000, 0x0000000083a00000, 0x0000000083b00000|  0%| F|  |TAMS 0x0000000083a00000, 0x0000000083a00000| Untracked 
|  59|0x0000000083b00000, 0x0000000083bbd820, 0x0000000083c00000| 74%| S|CS|TAMS 0x0000000083b00000, 0x0000000083b00000| Complete 
|  60|0x0000000083c00000, 0x0000000083d00000, 0x0000000083d00000|100%| S|CS|TAMS 0x0000000083c00000, 0x0000000083c00000| Complete 
|  61|0x0000000083d00000, 0x0000000083e00000, 0x0000000083e00000|100%| S|CS|TAMS 0x0000000083d00000, 0x0000000083d00000| Complete 
|  62|0x0000000083e00000, 0x0000000083f00000, 0x0000000083f00000|100%| S|CS|TAMS 0x0000000083e00000, 0x0000000083e00000| Complete 
|  63|0x0000000083f00000, 0x0000000084000000, 0x0000000084000000|100%| S|CS|TAMS 0x0000000083f00000, 0x0000000083f00000| Complete 
|  64|0x0000000084000000, 0x0000000084100000, 0x0000000084100000|100%| S|CS|TAMS 0x0000000084000000, 0x0000000084000000| Complete 
|  65|0x0000000084100000, 0x0000000084200000, 0x0000000084200000|100%| S|CS|TAMS 0x0000000084100000, 0x0000000084100000| Complete 
|  66|0x0000000084200000, 0x0000000084300000, 0x0000000084300000|100%| S|CS|TAMS 0x0000000084200000, 0x0000000084200000| Complete 
|  67|0x0000000084300000, 0x0000000084400000, 0x0000000084400000|100%| S|CS|TAMS 0x0000000084300000, 0x0000000084300000| Complete 
|  68|0x0000000084400000, 0x0000000084500000, 0x0000000084500000|100%| S|CS|TAMS 0x0000000084400000, 0x0000000084400000| Complete 
|  69|0x0000000084500000, 0x0000000084500000, 0x0000000084600000|  0%| F|  |TAMS 0x0000000084500000, 0x0000000084500000| Untracked 
|  70|0x0000000084600000, 0x0000000084600000, 0x0000000084700000|  0%| F|  |TAMS 0x0000000084600000, 0x0000000084600000| Untracked 
|  71|0x0000000084700000, 0x0000000084700000, 0x0000000084800000|  0%| F|  |TAMS 0x0000000084700000, 0x0000000084700000| Untracked 
|  72|0x0000000084800000, 0x0000000084800000, 0x0000000084900000|  0%| F|  |TAMS 0x0000000084800000, 0x0000000084800000| Untracked 
|  73|0x0000000084900000, 0x0000000084900000, 0x0000000084a00000|  0%| F|  |TAMS 0x0000000084900000, 0x0000000084900000| Untracked 
|  74|0x0000000084a00000, 0x0000000084a00000, 0x0000000084b00000|  0%| F|  |TAMS 0x0000000084a00000, 0x0000000084a00000| Untracked 
|  75|0x0000000084b00000, 0x0000000084b80800, 0x0000000084c00000| 50%| E|  |TAMS 0x0000000084b00000, 0x0000000084b00000| Complete 
|  76|0x0000000084c00000, 0x0000000084d00000, 0x0000000084d00000|100%| E|CS|TAMS 0x0000000084c00000, 0x0000000084c00000| Complete 
|  77|0x0000000084d00000, 0x0000000084e00000, 0x0000000084e00000|100%| E|CS|TAMS 0x0000000084d00000, 0x0000000084d00000| Complete 
|  78|0x0000000084e00000, 0x0000000084f00000, 0x0000000084f00000|100%| E|CS|TAMS 0x0000000084e00000, 0x0000000084e00000| Complete 
|  79|0x0000000084f00000, 0x0000000085000000, 0x0000000085000000|100%| E|CS|TAMS 0x0000000084f00000, 0x0000000084f00000| Complete 
|  80|0x0000000085000000, 0x0000000085100000, 0x0000000085100000|100%| E|CS|TAMS 0x0000000085000000, 0x0000000085000000| Complete 
|  81|0x0000000085100000, 0x0000000085200000, 0x0000000085200000|100%| E|CS|TAMS 0x0000000085100000, 0x0000000085100000| Complete 
|  82|0x0000000085200000, 0x0000000085300000, 0x0000000085300000|100%| E|CS|TAMS 0x0000000085200000, 0x0000000085200000| Complete 
|  83|0x0000000085300000, 0x0000000085400000, 0x0000000085400000|100%| E|CS|TAMS 0x0000000085300000, 0x0000000085300000| Complete 
|  84|0x0000000085400000, 0x0000000085500000, 0x0000000085500000|100%| E|CS|TAMS 0x0000000085400000, 0x0000000085400000| Complete 
|  85|0x0000000085500000, 0x0000000085600000, 0x0000000085600000|100%| E|CS|TAMS 0x0000000085500000, 0x0000000085500000| Complete 
|  86|0x0000000085600000, 0x0000000085700000, 0x0000000085700000|100%| E|CS|TAMS 0x0000000085600000, 0x0000000085600000| Complete 
|  87|0x0000000085700000, 0x0000000085800000, 0x0000000085800000|100%| E|CS|TAMS 0x0000000085700000, 0x0000000085700000| Complete 
|  88|0x0000000085800000, 0x0000000085900000, 0x0000000085900000|100%| E|CS|TAMS 0x0000000085800000, 0x0000000085800000| Complete 
|  89|0x0000000085900000, 0x0000000085a00000, 0x0000000085a00000|100%| E|CS|TAMS 0x0000000085900000, 0x0000000085900000| Complete 
|  90|0x0000000085a00000, 0x0000000085b00000, 0x0000000085b00000|100%| E|CS|TAMS 0x0000000085a00000, 0x0000000085a00000| Complete 
|  91|0x0000000085b00000, 0x0000000085c00000, 0x0000000085c00000|100%| E|CS|TAMS 0x0000000085b00000, 0x0000000085b00000| Complete 
|  92|0x0000000085c00000, 0x0000000085d00000, 0x0000000085d00000|100%| E|CS|TAMS 0x0000000085c00000, 0x0000000085c00000| Complete 
|  93|0x0000000085d00000, 0x0000000085e00000, 0x0000000085e00000|100%| E|CS|TAMS 0x0000000085d00000, 0x0000000085d00000| Complete 
|  94|0x0000000085e00000, 0x0000000085f00000, 0x0000000085f00000|100%| E|CS|TAMS 0x0000000085e00000, 0x0000000085e00000| Complete 
|  95|0x0000000085f00000, 0x0000000086000000, 0x0000000086000000|100%| E|CS|TAMS 0x0000000085f00000, 0x0000000085f00000| Complete 
|  96|0x0000000086000000, 0x0000000086100000, 0x0000000086100000|100%| E|CS|TAMS 0x0000000086000000, 0x0000000086000000| Complete 
|  97|0x0000000086100000, 0x0000000086200000, 0x0000000086200000|100%| E|CS|TAMS 0x0000000086100000, 0x0000000086100000| Complete 
|  98|0x0000000086200000, 0x0000000086300000, 0x0000000086300000|100%| E|CS|TAMS 0x0000000086200000, 0x0000000086200000| Complete 
|  99|0x0000000086300000, 0x0000000086400000, 0x0000000086400000|100%| E|CS|TAMS 0x0000000086300000, 0x0000000086300000| Complete 
| 100|0x0000000086400000, 0x0000000086500000, 0x0000000086500000|100%| E|CS|TAMS 0x0000000086400000, 0x0000000086400000| Complete 
| 101|0x0000000086500000, 0x0000000086600000, 0x0000000086600000|100%| E|CS|TAMS 0x0000000086500000, 0x0000000086500000| Complete 
| 102|0x0000000086600000, 0x0000000086700000, 0x0000000086700000|100%| E|CS|TAMS 0x0000000086600000, 0x0000000086600000| Complete 
| 103|0x0000000086700000, 0x0000000086800000, 0x0000000086800000|100%| E|CS|TAMS 0x0000000086700000, 0x0000000086700000| Complete 
| 104|0x0000000086800000, 0x0000000086900000, 0x0000000086900000|100%| E|CS|TAMS 0x0000000086800000, 0x0000000086800000| Complete 
| 105|0x0000000086900000, 0x0000000086a00000, 0x0000000086a00000|100%| E|CS|TAMS 0x0000000086900000, 0x0000000086900000| Complete 
| 106|0x0000000086a00000, 0x0000000086b00000, 0x0000000086b00000|100%| E|CS|TAMS 0x0000000086a00000, 0x0000000086a00000| Complete 
| 107|0x0000000086b00000, 0x0000000086c00000, 0x0000000086c00000|100%| E|CS|TAMS 0x0000000086b00000, 0x0000000086b00000| Complete 
| 108|0x0000000086c00000, 0x0000000086d00000, 0x0000000086d00000|100%| E|CS|TAMS 0x0000000086c00000, 0x0000000086c00000| Complete 
| 109|0x0000000086d00000, 0x0000000086e00000, 0x0000000086e00000|100%| E|CS|TAMS 0x0000000086d00000, 0x0000000086d00000| Complete 
| 110|0x0000000086e00000, 0x0000000086f00000, 0x0000000086f00000|100%| E|CS|TAMS 0x0000000086e00000, 0x0000000086e00000| Complete 
| 111|0x0000000086f00000, 0x0000000087000000, 0x0000000087000000|100%| E|CS|TAMS 0x0000000086f00000, 0x0000000086f00000| Complete 
| 112|0x0000000087000000, 0x0000000087100000, 0x0000000087100000|100%| E|CS|TAMS 0x0000000087000000, 0x0000000087000000| Complete 
| 113|0x0000000087100000, 0x0000000087200000, 0x0000000087200000|100%| E|CS|TAMS 0x0000000087100000, 0x0000000087100000| Complete 
| 114|0x0000000087200000, 0x0000000087300000, 0x0000000087300000|100%| E|CS|TAMS 0x0000000087200000, 0x0000000087200000| Complete 
| 115|0x0000000087300000, 0x0000000087400000, 0x0000000087400000|100%| E|CS|TAMS 0x0000000087300000, 0x0000000087300000| Complete 
| 116|0x0000000087400000, 0x0000000087500000, 0x0000000087500000|100%| E|CS|TAMS 0x0000000087400000, 0x0000000087400000| Complete 
| 117|0x0000000087500000, 0x0000000087600000, 0x0000000087600000|100%| E|CS|TAMS 0x0000000087500000, 0x0000000087500000| Complete 
| 118|0x0000000087600000, 0x0000000087700000, 0x0000000087700000|100%| E|CS|TAMS 0x0000000087600000, 0x0000000087600000| Complete 
| 119|0x0000000087700000, 0x0000000087800000, 0x0000000087800000|100%| E|CS|TAMS 0x0000000087700000, 0x0000000087700000| Complete 
| 120|0x0000000087800000, 0x0000000087900000, 0x0000000087900000|100%| E|CS|TAMS 0x0000000087800000, 0x0000000087800000| Complete 
| 121|0x0000000087900000, 0x0000000087a00000, 0x0000000087a00000|100%| E|CS|TAMS 0x0000000087900000, 0x0000000087900000| Complete 
| 122|0x0000000087a00000, 0x0000000087b00000, 0x0000000087b00000|100%| E|CS|TAMS 0x0000000087a00000, 0x0000000087a00000| Complete 
| 123|0x0000000087b00000, 0x0000000087c00000, 0x0000000087c00000|100%| E|CS|TAMS 0x0000000087b00000, 0x0000000087b00000| Complete 
| 124|0x0000000087c00000, 0x0000000087d00000, 0x0000000087d00000|100%| E|CS|TAMS 0x0000000087c00000, 0x0000000087c00000| Complete 
| 125|0x0000000087d00000, 0x0000000087e00000, 0x0000000087e00000|100%| E|CS|TAMS 0x0000000087d00000, 0x0000000087d00000| Complete 
| 126|0x0000000087e00000, 0x0000000087f00000, 0x0000000087f00000|100%| E|CS|TAMS 0x0000000087e00000, 0x0000000087e00000| Complete 
| 127|0x0000000087f00000, 0x0000000088000000, 0x0000000088000000|100%| E|CS|TAMS 0x0000000087f00000, 0x0000000087f00000| Complete 
| 128|0x0000000088000000, 0x0000000088100000, 0x0000000088100000|100%| E|CS|TAMS 0x0000000088000000, 0x0000000088000000| Complete 
| 129|0x0000000088100000, 0x0000000088200000, 0x0000000088200000|100%| E|CS|TAMS 0x0000000088100000, 0x0000000088100000| Complete 
| 130|0x0000000088200000, 0x0000000088300000, 0x0000000088300000|100%| E|CS|TAMS 0x0000000088200000, 0x0000000088200000| Complete 
| 131|0x0000000088300000, 0x0000000088400000, 0x0000000088400000|100%| E|CS|TAMS 0x0000000088300000, 0x0000000088300000| Complete 
| 132|0x0000000088400000, 0x0000000088500000, 0x0000000088500000|100%| E|CS|TAMS 0x0000000088400000, 0x0000000088400000| Complete 
| 133|0x0000000088500000, 0x0000000088600000, 0x0000000088600000|100%| E|CS|TAMS 0x0000000088500000, 0x0000000088500000| Complete 
| 134|0x0000000088600000, 0x0000000088700000, 0x0000000088700000|100%| E|CS|TAMS 0x0000000088600000, 0x0000000088600000| Complete 
| 135|0x0000000088700000, 0x0000000088800000, 0x0000000088800000|100%| E|CS|TAMS 0x0000000088700000, 0x0000000088700000| Complete 
| 136|0x0000000088800000, 0x0000000088900000, 0x0000000088900000|100%| E|CS|TAMS 0x0000000088800000, 0x0000000088800000| Complete 
| 137|0x0000000088900000, 0x0000000088a00000, 0x0000000088a00000|100%| E|CS|TAMS 0x0000000088900000, 0x0000000088900000| Complete 
| 138|0x0000000088a00000, 0x0000000088b00000, 0x0000000088b00000|100%| E|CS|TAMS 0x0000000088a00000, 0x0000000088a00000| Complete 
| 139|0x0000000088b00000, 0x0000000088c00000, 0x0000000088c00000|100%| E|CS|TAMS 0x0000000088b00000, 0x0000000088b00000| Complete 
| 140|0x0000000088c00000, 0x0000000088d00000, 0x0000000088d00000|100%| E|CS|TAMS 0x0000000088c00000, 0x0000000088c00000| Complete 
| 141|0x0000000088d00000, 0x0000000088e00000, 0x0000000088e00000|100%| E|CS|TAMS 0x0000000088d00000, 0x0000000088d00000| Complete 
| 142|0x0000000088e00000, 0x0000000088f00000, 0x0000000088f00000|100%| E|CS|TAMS 0x0000000088e00000, 0x0000000088e00000| Complete 
| 143|0x0000000088f00000, 0x0000000089000000, 0x0000000089000000|100%| E|CS|TAMS 0x0000000088f00000, 0x0000000088f00000| Complete 
| 144|0x0000000089000000, 0x0000000089100000, 0x0000000089100000|100%| E|CS|TAMS 0x0000000089000000, 0x0000000089000000| Complete 
| 145|0x0000000089100000, 0x0000000089200000, 0x0000000089200000|100%| E|CS|TAMS 0x0000000089100000, 0x0000000089100000| Complete 
| 146|0x0000000089200000, 0x0000000089300000, 0x0000000089300000|100%| E|CS|TAMS 0x0000000089200000, 0x0000000089200000| Complete 
| 147|0x0000000089300000, 0x0000000089400000, 0x0000000089400000|100%| E|CS|TAMS 0x0000000089300000, 0x0000000089300000| Complete 
| 148|0x0000000089400000, 0x0000000089500000, 0x0000000089500000|100%| E|CS|TAMS 0x0000000089400000, 0x0000000089400000| Complete 
| 149|0x0000000089500000, 0x0000000089600000, 0x0000000089600000|100%| E|CS|TAMS 0x0000000089500000, 0x0000000089500000| Complete 
| 150|0x0000000089600000, 0x0000000089700000, 0x0000000089700000|100%| E|CS|TAMS 0x0000000089600000, 0x0000000089600000| Complete 
| 151|0x0000000089700000, 0x0000000089800000, 0x0000000089800000|100%| E|CS|TAMS 0x0000000089700000, 0x0000000089700000| Complete 
| 152|0x0000000089800000, 0x0000000089900000, 0x0000000089900000|100%| E|CS|TAMS 0x0000000089800000, 0x0000000089800000| Complete 
| 153|0x0000000089900000, 0x0000000089a00000, 0x0000000089a00000|100%| E|CS|TAMS 0x0000000089900000, 0x0000000089900000| Complete 

Card table byte_map: [0x000001dff0f20000,0x000001dff1320000] _byte_map_base: 0x000001dff0b20000

Marking Bits (Prev, Next): (CMBitMap*) 0x000001dfde0384f8, (CMBitMap*) 0x000001dfde038530
 Prev Bits: [0x000001dff1720000, 0x000001dff3720000)
 Next Bits: [0x000001dff3720000, 0x000001dff5720000)

Polling page: 0x000001dfdbda0000

Metaspace:

Usage:
  Non-class:     38.78 MB capacity,    38.04 MB ( 98%) used,   645.69 KB (  2%) free+waste,   113.25 KB ( <1%) overhead. 
      Class:      5.92 MB capacity,     5.54 MB ( 94%) used,   334.76 KB (  6%) free+waste,    54.19 KB ( <1%) overhead. 
       Both:     44.70 MB capacity,    43.58 MB ( 97%) used,   980.45 KB (  2%) free+waste,   167.44 KB ( <1%) overhead. 

Virtual space:
  Non-class space:       40.00 MB reserved,      39.00 MB ( 98%) committed 
      Class space:        1.00 GB reserved,       6.00 MB ( <1%) committed 
             Both:        1.04 GB reserved,      45.00 MB (  4%) committed 

Chunk freelists:
   Non-Class:  30.00 KB
       Class:  20.00 KB
        Both:  50.00 KB

MaxMetaspaceSize: 17179869184.00 GB
CompressedClassSpaceSize: 1.00 GB
Initial GC threshold: 20.80 MB
Current GC threshold: 58.75 MB
CDS: off

CodeHeap 'non-profiled nmethods': size=120064Kb used=3660Kb max_used=3660Kb free=116403Kb
 bounds [0x000001dfe95e0000, 0x000001dfe9980000, 0x000001dff0b20000]
CodeHeap 'profiled nmethods': size=120000Kb used=9961Kb max_used=9961Kb free=110038Kb
 bounds [0x000001dfe20b0000, 0x000001dfe2a70000, 0x000001dfe95e0000]
CodeHeap 'non-nmethods': size=5696Kb used=2282Kb max_used=2341Kb free=3413Kb
 bounds [0x000001dfe1b20000, 0x000001dfe1d90000, 0x000001dfe20b0000]
 total_blobs=5318 nmethods=4541 adapters=689
 compilation: enabled
              stopped_count=0, restarted_count=0
 full_count=0

Compilation events (20 events):
Event: 18.087 Thread 0x000001dff7c2b800 4617       3       java.util.HashMap::putVal (300 bytes)
Event: 18.089 Thread 0x000001dff7c2b800 nmethod 4617 0x000001dfe2a52b10 code [0x000001dfe2a52de0, 0x000001dfe2a53f98]
Event: 18.089 Thread 0x000001dff7c2b800 4618       3       java.util.HashMap::put (13 bytes)
Event: 18.090 Thread 0x000001dff7c2b800 nmethod 4618 0x000001dfe2a54490 code [0x000001dfe2a54660, 0x000001dfe2a54958]
Event: 18.097 Thread 0x000001dff7c2b800 4621       3       java.util.LinkedHashMap::get (33 bytes)
Event: 18.097 Thread 0x000001dff7c2b800 nmethod 4621 0x000001dfe2a54a90 code [0x000001dfe2a54c80, 0x000001dfe2a550a8]
Event: 18.098 Thread 0x000001dff7c2b800 4622       3       java.lang.reflect.ProxyGenerator$ConstantPool::getIndirect (63 bytes)
Event: 18.100 Thread 0x000001dff7c2b800 nmethod 4622 0x000001dfe2a55210 code [0x000001dfe2a55440, 0x000001dfe2a55c98]
Event: 18.101 Thread 0x000001dff7c2b800 4623       3       com.google.common.reflect.TypeResolver::resolveType (74 bytes)
Event: 18.102 Thread 0x000001dff7c2b800 nmethod 4623 0x000001dfe2a55f90 code [0x000001dfe2a562a0, 0x000001dfe2a57788]
Event: 18.102 Thread 0x000001dff7c2b800 4626       3       org.gradle.model.internal.asm.MethodVisitorScope::_PUTFIELD (11 bytes)
Event: 18.103 Thread 0x000001dff7c2b800 nmethod 4626 0x000001dfe2a57c10 code [0x000001dfe2a57e00, 0x000001dfe2a58238]
Event: 18.103 Thread 0x000001dff7c2b800 4627       3       sun.reflect.generics.parser.SignatureParser::parsePackageNameAndSimpleClassTypeSignature (119 bytes)
Event: 18.105 Thread 0x000001dff7c2b800 nmethod 4627 0x000001dfe2a58410 code [0x000001dfe2a58760, 0x000001dfe2a59808]
Event: 18.119 Thread 0x000001dff7c2b800 4629       3       sun.net.www.URLConnection::<init> (22 bytes)
Event: 18.120 Thread 0x000001dff7c2b800 nmethod 4629 0x000001dfe2a59e10 code [0x000001dfe2a59fe0, 0x000001dfe2a5a2d8]
Event: 18.120 Thread 0x000001dff7c2b800 4630       3       sun.net.www.MessageHeader::<init> (9 bytes)
Event: 18.120 Thread 0x000001dff7c2b800 nmethod 4630 0x000001dfe2a5a410 code [0x000001dfe2a5a5e0, 0x000001dfe2a5a768]
Event: 18.136 Thread 0x000001dff7c2b800 4631       3       org.objectweb.asm.ClassReader::readUnsignedShort (26 bytes)
Event: 18.136 Thread 0x000001dff7c2b800 nmethod 4631 0x000001dfe2a5a810 code [0x000001dfe2a5a9c0, 0x000001dfe2a5ab18]

GC Heap History (20 events):
Event: 5.624 GC heap before
{Heap before GC invocations=2 (full 0):
 garbage-first heap   total 131072K, used 81862K [0x0000000080000000, 0x0000000100000000)
  region size 1024K, 76 young (77824K), 7 survivors (7168K)
 Metaspace       used 14578K, capacity 14906K, committed 14976K, reserved 1062912K
  class space    used 1527K, capacity 1651K, committed 1664K, reserved 1048576K
}
Event: 5.638 GC heap after
{Heap after GC invocations=3 (full 0):
 garbage-first heap   total 131072K, used 15032K [0x0000000080000000, 0x0000000100000000)
  region size 1024K, 10 young (10240K), 10 survivors (10240K)
 Metaspace       used 14578K, capacity 14906K, committed 14976K, reserved 1062912K
  class space    used 1527K, capacity 1651K, committed 1664K, reserved 1048576K
}
Event: 8.313 GC heap before
{Heap before GC invocations=3 (full 0):
 garbage-first heap   total 131072K, used 82616K [0x0000000080000000, 0x0000000100000000)
  region size 1024K, 76 young (77824K), 10 survivors (10240K)
 Metaspace       used 18685K, capacity 19157K, committed 19456K, reserved 1067008K
  class space    used 2102K, capacity 2239K, committed 2304K, reserved 1048576K
}
Event: 8.355 GC heap after
{Heap after GC invocations=4 (full 0):
 garbage-first heap   total 131072K, used 16831K [0x0000000080000000, 0x0000000100000000)
  region size 1024K, 2 young (2048K), 2 survivors (2048K)
 Metaspace       used 18685K, capacity 19157K, committed 19456K, reserved 1067008K
  class space    used 2102K, capacity 2239K, committed 2304K, reserved 1048576K
}
Event: 9.093 GC heap before
{Heap before GC invocations=4 (full 0):
 garbage-first heap   total 131072K, used 58815K [0x0000000080000000, 0x0000000100000000)
  region size 1024K, 44 young (45056K), 2 survivors (2048K)
 Metaspace       used 20819K, capacity 21217K, committed 21248K, reserved 1069056K
  class space    used 2397K, capacity 2544K, committed 2560K, reserved 1048576K
}
Event: 9.101 GC heap after
{Heap after GC invocations=5 (full 0):
 garbage-first heap   total 131072K, used 17039K [0x0000000080000000, 0x0000000100000000)
  region size 1024K, 2 young (2048K), 2 survivors (2048K)
 Metaspace       used 20819K, capacity 21217K, committed 21248K, reserved 1069056K
  class space    used 2397K, capacity 2544K, committed 2560K, reserved 1048576K
}
Event: 10.382 GC heap before
{Heap before GC invocations=6 (full 0):
 garbage-first heap   total 131072K, used 91791K [0x0000000080000000, 0x0000000100000000)
  region size 1024K, 75 young (76800K), 2 survivors (2048K)
 Metaspace       used 23724K, capacity 24189K, committed 24448K, reserved 1071104K
  class space    used 2912K, capacity 3094K, committed 3200K, reserved 1048576K
}
Event: 10.389 GC heap after
{Heap after GC invocations=7 (full 0):
 garbage-first heap   total 131072K, used 17902K [0x0000000080000000, 0x0000000100000000)
  region size 1024K, 3 young (3072K), 3 survivors (3072K)
 Metaspace       used 23724K, capacity 24189K, committed 24448K, reserved 1071104K
  class space    used 2912K, capacity 3094K, committed 3200K, reserved 1048576K
}
Event: 11.658 GC heap before
{Heap before GC invocations=7 (full 0):
 garbage-first heap   total 131072K, used 92654K [0x0000000080000000, 0x0000000100000000)
  region size 1024K, 76 young (77824K), 3 survivors (3072K)
 Metaspace       used 27273K, capacity 27878K, committed 28032K, reserved 1073152K
  class space    used 3471K, capacity 3712K, committed 3712K, reserved 1048576K
}
Event: 11.667 GC heap after
{Heap after GC invocations=8 (full 0):
 garbage-first heap   total 131072K, used 19481K [0x0000000080000000, 0x0000000100000000)
  region size 1024K, 5 young (5120K), 5 survivors (5120K)
 Metaspace       used 27273K, capacity 27878K, committed 28032K, reserved 1073152K
  class space    used 3471K, capacity 3712K, committed 3712K, reserved 1048576K
}
Event: 12.942 GC heap before
{Heap before GC invocations=8 (full 0):
 garbage-first heap   total 131072K, used 92185K [0x0000000080000000, 0x0000000100000000)
  region size 1024K, 76 young (77824K), 5 survivors (5120K)
 Metaspace       used 30323K, capacity 31035K, committed 31104K, reserved 1077248K
  class space    used 3931K, capacity 4197K, committed 4224K, reserved 1048576K
}
Event: 12.962 GC heap after
{Heap after GC invocations=9 (full 0):
 garbage-first heap   total 131072K, used 20037K [0x0000000080000000, 0x0000000100000000)
  region size 1024K, 5 young (5120K), 5 survivors (5120K)
 Metaspace       used 30323K, capacity 31035K, committed 31104K, reserved 1077248K
  class space    used 3931K, capacity 4197K, committed 4224K, reserved 1048576K
}
Event: 14.089 GC heap before
{Heap before GC invocations=9 (full 0):
 garbage-first heap   total 131072K, used 92741K [0x0000000080000000, 0x0000000100000000)
  region size 1024K, 76 young (77824K), 5 survivors (5120K)
 Metaspace       used 33864K, capacity 34637K, committed 34816K, reserved 1079296K
  class space    used 4464K, capacity 4779K, committed 4864K, reserved 1048576K
}
Event: 14.103 GC heap after
{Heap after GC invocations=10 (full 0):
 garbage-first heap   total 131072K, used 21847K [0x0000000080000000, 0x0000000100000000)
  region size 1024K, 7 young (7168K), 7 survivors (7168K)
 Metaspace       used 33864K, capacity 34637K, committed 34816K, reserved 1079296K
  class space    used 4464K, capacity 4779K, committed 4864K, reserved 1048576K
}
Event: 14.473 GC heap before
{Heap before GC invocations=10 (full 0):
 garbage-first heap   total 131072K, used 41303K [0x0000000080000000, 0x0000000100000000)
  region size 1024K, 27 young (27648K), 7 survivors (7168K)
 Metaspace       used 34946K, capacity 35704K, committed 35840K, reserved 1081344K
  class space    used 4568K, capacity 4880K, committed 4992K, reserved 1048576K
}
Event: 14.496 GC heap after
{Heap after GC invocations=11 (full 0):
 garbage-first heap   total 131072K, used 22345K [0x0000000080000000, 0x0000000100000000)
  region size 1024K, 6 young (6144K), 6 survivors (6144K)
 Metaspace       used 34946K, capacity 35704K, committed 35840K, reserved 1081344K
  class space    used 4568K, capacity 4880K, committed 4992K, reserved 1048576K
}
Event: 15.578 GC heap before
{Heap before GC invocations=12 (full 0):
 garbage-first heap   total 131072K, used 93001K [0x0000000080000000, 0x0000000100000000)
  region size 1024K, 76 young (77824K), 6 survivors (6144K)
 Metaspace       used 38682K, capacity 39596K, committed 39680K, reserved 1083392K
  class space    used 4946K, capacity 5305K, committed 5376K, reserved 1048576K
}
Event: 15.594 GC heap after
{Heap after GC invocations=13 (full 0):
 garbage-first heap   total 157696K, used 24104K [0x0000000080000000, 0x0000000100000000)
  region size 1024K, 7 young (7168K), 7 survivors (7168K)
 Metaspace       used 38682K, capacity 39596K, committed 39680K, reserved 1083392K
  class space    used 4946K, capacity 5305K, committed 5376K, reserved 1048576K
}
Event: 16.851 GC heap before
{Heap before GC invocations=13 (full 0):
 garbage-first heap   total 157696K, used 120360K [0x0000000080000000, 0x0000000100000000)
  region size 1024K, 92 young (94208K), 7 survivors (7168K)
 Metaspace       used 41633K, capacity 42659K, committed 42752K, reserved 1087488K
  class space    used 5204K, capacity 5617K, committed 5632K, reserved 1048576K
}
Event: 16.870 GC heap after
{Heap after GC invocations=14 (full 0):
 garbage-first heap   total 157696K, used 27669K [0x0000000080000000, 0x0000000100000000)
  region size 1024K, 10 young (10240K), 10 survivors (10240K)
 Metaspace       used 41633K, capacity 42659K, committed 42752K, reserved 1087488K
  class space    used 5204K, capacity 5617K, committed 5632K, reserved 1048576K
}

Deoptimization events (20 events):
Event: 17.822 Thread 0x000001dff908f000 DEOPT PACKING pc=0x000001dfe95fc3ec sp=0x000000b4ae2fe790
Event: 17.822 Thread 0x000001dff908f000 DEOPT UNPACKING pc=0x000001dfe1b6a1af sp=0x000000b4ae2fe778 mode 2
Event: 18.073 Thread 0x000001dffd960800 Uncommon trap: trap_request=0xffffff4d fr.pc=0x000001dfe98903c0 relative=0x0000000000000280
Event: 18.073 Thread 0x000001dffd960800 Uncommon trap: reason=unstable_if action=reinterpret pc=0x000001dfe98903c0 method=java.util.HashMap.getNode(ILjava/lang/Object;)Ljava/util/HashMap$Node; @ 53 c2
Event: 18.073 Thread 0x000001dffd960800 DEOPT PACKING pc=0x000001dfe98903c0 sp=0x000000b4ae6f8770
Event: 18.073 Thread 0x000001dffd960800 DEOPT UNPACKING pc=0x000001dfe1b6a1af sp=0x000000b4ae6f8690 mode 2
Event: 18.073 Thread 0x000001dffd960800 Uncommon trap: trap_request=0xffffff4d fr.pc=0x000001dfe96e0b94 relative=0x00000000000000d4
Event: 18.073 Thread 0x000001dffd960800 Uncommon trap: reason=unstable_if action=reinterpret pc=0x000001dfe96e0b94 method=java.util.HashMap.hash(Ljava/lang/Object;)I @ 1 c2
Event: 18.073 Thread 0x000001dffd960800 DEOPT PACKING pc=0x000001dfe96e0b94 sp=0x000000b4ae6f8780
Event: 18.073 Thread 0x000001dffd960800 DEOPT UNPACKING pc=0x000001dfe1b6a1af sp=0x000000b4ae6f86c0 mode 2
Event: 18.073 Thread 0x000001dffd960800 Uncommon trap: trap_request=0xffffff4d fr.pc=0x000001dfe9962138 relative=0x0000000000000738
Event: 18.073 Thread 0x000001dffd960800 Uncommon trap: reason=unstable_if action=reinterpret pc=0x000001dfe9962138 method=java.util.HashMap.putVal(ILjava/lang/Object;Ljava/lang/Object;ZZ)Ljava/lang/Object; @ 85 c2
Event: 18.073 Thread 0x000001dffd960800 DEOPT PACKING pc=0x000001dfe9962138 sp=0x000000b4ae6f86b0
Event: 18.074 Thread 0x000001dffd960800 DEOPT UNPACKING pc=0x000001dfe1b6a1af sp=0x000000b4ae6f8668 mode 2
Event: 18.074 Thread 0x000001dffd960800 Uncommon trap: trap_request=0xffffff4d fr.pc=0x000001dfe96a522c relative=0x000000000000008c
Event: 18.074 Thread 0x000001dffd960800 Uncommon trap: reason=unstable_if action=reinterpret pc=0x000001dfe96a522c method=java.util.HashMap.hash(Ljava/lang/Object;)I @ 1 c2
Event: 18.074 Thread 0x000001dffd960800 DEOPT PACKING pc=0x000001dfe96a522c sp=0x000000b4ae6f8640
Event: 18.074 Thread 0x000001dffd960800 DEOPT UNPACKING pc=0x000001dfe1b6a1af sp=0x000000b4ae6f85d8 mode 2
Event: 18.119 Thread 0x000001dffd960800 DEOPT PACKING pc=0x000001dfe22e1c7a sp=0x000000b4ae6f8ea0
Event: 18.119 Thread 0x000001dffd960800 DEOPT UNPACKING pc=0x000001dfe1b6a95e sp=0x000000b4ae6f8490 mode 0

Classes redefined (0 events):
No events

Internal exceptions (20 events):
Event: 17.271 Thread 0x000001dffd960800 Exception <a 'java/lang/ClassNotFoundException'{0x00000000885a5f28}: java/lang/EnumCustomizer> (0x00000000885a5f28) thrown at [src/hotspot/share/classfile/systemDictionary.cpp, line 230]
Event: 17.274 Thread 0x000001dffd960800 Exception <a 'java/lang/ClassNotFoundException'{0x00000000885d5918}: org/gradle/api/initialization/resolve/RepositoriesModeCustomizer> (0x00000000885d5918) thrown at [src/hotspot/share/classfile/systemDictionary.cpp, line 230]
Event: 17.287 Thread 0x000001dffd960800 Exception <a 'java/lang/ClassNotFoundException'{0x0000000088491268}: org/gradle/api/internal/provider/DefaultPropertyBeanInfo> (0x0000000088491268) thrown at [src/hotspot/share/classfile/systemDictionary.cpp, line 230]
Event: 17.289 Thread 0x000001dffd960800 Exception <a 'java/lang/ClassNotFoundException'{0x00000000884b8480}: org/gradle/api/internal/provider/AbstractPropertyBeanInfo> (0x00000000884b8480) thrown at [src/hotspot/share/classfile/systemDictionary.cpp, line 230]
Event: 17.290 Thread 0x000001dffd960800 Exception <a 'java/lang/ClassNotFoundException'{0x00000000884e2188}: org/gradle/api/internal/provider/AbstractMinimalProviderBeanInfo> (0x00000000884e2188) thrown at [src/hotspot/share/classfile/systemDictionary.cpp, line 230]
Event: 17.293 Thread 0x000001dffd960800 Exception <a 'java/lang/ClassNotFoundException'{0x000000008830c650}: org/gradle/api/internal/provider/AbstractMinimalProviderCustomizer> (0x000000008830c650) thrown at [src/hotspot/share/classfile/systemDictionary.cpp, line 230]
Event: 17.302 Thread 0x000001dffd960800 Exception <a 'java/lang/ClassNotFoundException'{0x000000008838d870}: org/gradle/api/internal/provider/AbstractPropertyCustomizer> (0x000000008838d870) thrown at [src/hotspot/share/classfile/systemDictionary.cpp, line 230]
Event: 17.305 Thread 0x000001dffd960800 Exception <a 'java/lang/ClassNotFoundException'{0x00000000883c11a0}: org/gradle/api/internal/provider/DefaultPropertyCustomizer> (0x00000000883c11a0) thrown at [src/hotspot/share/classfile/systemDictionary.cpp, line 230]
Event: 17.329 Thread 0x000001dffd960800 Exception <a 'java/lang/ClassNotFoundException'{0x000000008815cd20}: org/gradle/initialization/DefaultProjectDescriptorBeanInfo> (0x000000008815cd20) thrown at [src/hotspot/share/classfile/systemDictionary.cpp, line 230]
Event: 17.330 Thread 0x000001dffd960800 Exception <a 'java/lang/ClassNotFoundException'{0x0000000088183ee0}: org/gradle/initialization/DefaultProjectDescriptorCustomizer> (0x0000000088183ee0) thrown at [src/hotspot/share/classfile/systemDictionary.cpp, line 230]
Event: 17.335 Thread 0x000001dffd960800 Implicit null exception at 0x000001dfe99218ef to 0x000001dfe9921998
Event: 17.766 Thread 0x000001dffd318000 Exception <a 'java/lang/NoSuchMethodError'{0x00000000866409f0}: <clinit>> (0x00000000866409f0) thrown at [src/hotspot/share/prims/jni.cpp, line 1367]
Event: 17.768 Thread 0x000001dffd318000 Exception <a 'java/lang/NoSuchMethodError'{0x000000008664cf78}: <clinit>> (0x000000008664cf78) thrown at [src/hotspot/share/prims/jni.cpp, line 1367]
Event: 17.775 Thread 0x000001dffd318000 Exception <a 'java/lang/NoSuchMethodError'{0x00000000866e7420}: <clinit>> (0x00000000866e7420) thrown at [src/hotspot/share/prims/jni.cpp, line 1367]
Event: 17.775 Thread 0x000001dffd318000 Exception <a 'java/lang/NoSuchMethodError'{0x00000000866e97a8}: <clinit>> (0x00000000866e97a8) thrown at [src/hotspot/share/prims/jni.cpp, line 1367]
Event: 17.780 Thread 0x000001dffd318000 Exception <a 'java/lang/NoSuchMethodError'{0x000000008659ae30}: <clinit>> (0x000000008659ae30) thrown at [src/hotspot/share/prims/jni.cpp, line 1367]
Event: 17.822 Thread 0x000001dff908f000 Implicit null exception at 0x000001dfe9600177 to 0x000001dfe9600684
Event: 17.822 Thread 0x000001dff908f000 Implicit null exception at 0x000001dfe95fbef4 to 0x000001dfe95fc3d4
Event: 18.073 Thread 0x000001dffd960800 Implicit null exception at 0x000001dfe96e0af8 to 0x000001dfe96e0b8a
Event: 18.074 Thread 0x000001dffd960800 Implicit null exception at 0x000001dfe96a51af to 0x000001dfe96a521d

Events (20 events):
Event: 18.107 loading class org/gradle/api/internal/DefaultCollectionCallbackActionDecorator$BuildOperationEmittingAction
Event: 18.107 loading class org/gradle/api/internal/DefaultCollectionCallbackActionDecorator$BuildOperationEmittingAction done
Event: 18.108 loading class org/gradle/configuration/internal/DefaultUserCodeApplicationContext$CurrentApplication$1
Event: 18.108 loading class org/gradle/configuration/internal/DefaultUserCodeApplicationContext$CurrentApplication$1 done
Event: 18.109 loading class org/gradle/api/internal/provider/ChangingValue
Event: 18.109 loading class org/gradle/api/internal/provider/ChangingValue done
Event: 18.110 loading class org/gradle/api/internal/provider/Collectors$ElementFromProvider
Event: 18.110 loading class org/gradle/api/internal/provider/Collectors$ElementFromProvider done
Event: 18.111 loading class org/gradle/api/tasks/diagnostics/ProjectReportTask
Event: 18.111 loading class org/gradle/api/tasks/diagnostics/ProjectReportTask done
Event: 18.113 loading class org/gradle/api/tasks/diagnostics/ProjectBasedReportTask
Event: 18.113 loading class org/gradle/api/tasks/diagnostics/ProjectBasedReportTask done
Event: 18.116 loading class org/gradle/api/tasks/diagnostics/PropertyReportTask
Event: 18.116 loading class org/gradle/api/tasks/diagnostics/PropertyReportTask done
Event: 18.118 loading class org/gradle/api/tasks/diagnostics/DependencyInsightReportTask
Event: 18.118 loading class org/gradle/api/tasks/diagnostics/DependencyInsightReportTask done
Event: 18.120 loading class org/objectweb/asm/ClassReader
Event: 18.120 loading class org/objectweb/asm/ClassReader done
Event: 18.137 loading class org/objectweb/asm/Context
Event: 18.137 loading class org/objectweb/asm/Context done


Dynamic libraries:
0x00007ff6fbb50000 - 0x00007ff6fbb5a000 	C:\Program Files\Android\Android Studio\jbr\bin\java.exe
0x00007ffeb5eb0000 - 0x00007ffeb60a8000 	C:\WINDOWS\SYSTEM32\ntdll.dll
0x00007ffeb5240000 - 0x00007ffeb52ff000 	C:\WINDOWS\System32\KERNEL32.DLL
0x00007ffeb3be0000 - 0x00007ffeb3ed6000 	C:\WINDOWS\System32\KERNELBASE.dll
0x00007ffeb3960000 - 0x00007ffeb3a60000 	C:\WINDOWS\System32\ucrtbase.dll
0x00007ffe96840000 - 0x00007ffe9685b000 	C:\Program Files\Android\Android Studio\jbr\bin\VCRUNTIME140.dll
0x00007ffe9bf00000 - 0x00007ffe9bf17000 	C:\Program Files\Android\Android Studio\jbr\bin\jli.dll
0x00007ffeb4b50000 - 0x00007ffeb4ced000 	C:\WINDOWS\System32\USER32.dll
0x00007ffeb3ee0000 - 0x00007ffeb3f02000 	C:\WINDOWS\System32\win32u.dll
0x00007ffe9b930000 - 0x00007ffe9bbca000 	C:\WINDOWS\WinSxS\amd64_microsoft.windows.common-controls_6595b64144ccf1df_6.0.19041.1110_none_60b5254171f9507e\COMCTL32.dll
0x00007ffeb4b20000 - 0x00007ffeb4b4c000 	C:\WINDOWS\System32\GDI32.dll
0x00007ffeb4660000 - 0x00007ffeb46fe000 	C:\WINDOWS\System32\msvcrt.dll
0x00007ffeb37a0000 - 0x00007ffeb38b5000 	C:\WINDOWS\System32\gdi32full.dll
0x00007ffeb38c0000 - 0x00007ffeb395d000 	C:\WINDOWS\System32\msvcp_win.dll
0x00007ffeb5780000 - 0x00007ffeb57b0000 	C:\WINDOWS\System32\IMM32.DLL
0x00007ffea2340000 - 0x00007ffea234c000 	C:\Program Files\Android\Android Studio\jbr\bin\vcruntime140_1.dll
0x00007ffe72fe0000 - 0x00007ffe7306d000 	C:\Program Files\Android\Android Studio\jbr\bin\msvcp140.dll
0x00007ffe69850000 - 0x00007ffe6a40c000 	C:\Program Files\Android\Android Studio\jbr\bin\server\jvm.dll
0x00007ffeb5180000 - 0x00007ffeb522f000 	C:\WINDOWS\System32\ADVAPI32.dll
0x00007ffeb5dd0000 - 0x00007ffeb5e6c000 	C:\WINDOWS\System32\sechost.dll
0x00007ffeb4700000 - 0x00007ffeb4826000 	C:\WINDOWS\System32\RPCRT4.dll
0x00007ffeb5300000 - 0x00007ffeb5308000 	C:\WINDOWS\System32\PSAPI.DLL
0x00007ffeac040000 - 0x00007ffeac049000 	C:\WINDOWS\SYSTEM32\WSOCK32.dll
0x00007ffeb5bd0000 - 0x00007ffeb5c3b000 	C:\WINDOWS\System32\WS2_32.dll
0x00007ffea3dc0000 - 0x00007ffea3de7000 	C:\WINDOWS\SYSTEM32\WINMM.dll
0x00007ffea74c0000 - 0x00007ffea74ca000 	C:\WINDOWS\SYSTEM32\VERSION.dll
0x00007ffeb1dc0000 - 0x00007ffeb1dd2000 	C:\WINDOWS\SYSTEM32\kernel.appcore.dll
0x00007ffeabef0000 - 0x00007ffeabf00000 	C:\Program Files\Android\Android Studio\jbr\bin\verify.dll
0x00007ffea38c0000 - 0x00007ffea3aa4000 	C:\WINDOWS\SYSTEM32\DBGHELP.DLL
0x00007ffea3880000 - 0x00007ffea38b4000 	C:\WINDOWS\SYSTEM32\dbgcore.DLL
0x00007ffeb3b50000 - 0x00007ffeb3bd2000 	C:\WINDOWS\System32\bcryptPrimitives.dll
0x00007ffe9f640000 - 0x00007ffe9f668000 	C:\Program Files\Android\Android Studio\jbr\bin\java.dll
0x00007ffea6170000 - 0x00007ffea617a000 	C:\Program Files\Android\Android Studio\jbr\bin\jimage.dll
0x00007ffe9c420000 - 0x00007ffe9c42e000 	C:\Program Files\Android\Android Studio\jbr\bin\instrument.dll
0x00007ffe982a0000 - 0x00007ffe982b8000 	C:\Program Files\Android\Android Studio\jbr\bin\zip.dll
0x00007ffeb3f10000 - 0x00007ffeb4654000 	C:\WINDOWS\System32\SHELL32.dll
0x00007ffeb0fb0000 - 0x00007ffeb1743000 	C:\WINDOWS\SYSTEM32\windows.storage.dll
0x00007ffeb4d00000 - 0x00007ffeb5054000 	C:\WINDOWS\System32\combase.dll
0x00007ffeb2e20000 - 0x00007ffeb2e4e000 	C:\WINDOWS\SYSTEM32\Wldp.dll
0x00007ffeb5b20000 - 0x00007ffeb5bcd000 	C:\WINDOWS\System32\SHCORE.dll
0x00007ffeb4830000 - 0x00007ffeb4885000 	C:\WINDOWS\System32\shlwapi.dll
0x00007ffeb34d0000 - 0x00007ffeb34ef000 	C:\WINDOWS\SYSTEM32\profapi.dll
0x00007ffe9bef0000 - 0x00007ffe9befa000 	C:\Program Files\Android\Android Studio\jbr\bin\management.dll
0x00007ffe9b420000 - 0x00007ffe9b42b000 	C:\Program Files\Android\Android Studio\jbr\bin\management_ext.dll
0x00007ffe98280000 - 0x00007ffe98299000 	C:\Program Files\Android\Android Studio\jbr\bin\net.dll
0x00007ffea8520000 - 0x00007ffea862a000 	C:\WINDOWS\SYSTEM32\WINHTTP.dll
0x00007ffeb2c00000 - 0x00007ffeb2c6a000 	C:\WINDOWS\system32\mswsock.dll
0x00007ffe98260000 - 0x00007ffe98273000 	C:\Program Files\Android\Android Studio\jbr\bin\nio.dll
0x00007ffea3180000 - 0x00007ffea3197000 	C:\WINDOWS\system32\napinsp.dll
0x00007ffea31a0000 - 0x00007ffea31bb000 	C:\WINDOWS\system32\pnrpnsp.dll
0x00007ffe94150000 - 0x00007ffe94165000 	C:\WINDOWS\system32\wshbth.dll
0x00007ffeae910000 - 0x00007ffeae92d000 	C:\WINDOWS\system32\NLAapi.dll
0x00007ffeb2910000 - 0x00007ffeb294c000 	C:\WINDOWS\SYSTEM32\IPHLPAPI.DLL
0x00007ffeb2950000 - 0x00007ffeb2a1a000 	C:\WINDOWS\SYSTEM32\DNSAPI.dll
0x00007ffeb5230000 - 0x00007ffeb5238000 	C:\WINDOWS\System32\NSI.dll
0x00007ffeab940000 - 0x00007ffeab952000 	C:\WINDOWS\System32\winrnr.dll
0x00007ffea6fc0000 - 0x00007ffea6fca000 	C:\Windows\System32\rasadhlp.dll
0x00007ffea8320000 - 0x00007ffea83a2000 	C:\WINDOWS\System32\fwpuclnt.dll
0x00007ffeb3ab0000 - 0x00007ffeb3ad7000 	C:\WINDOWS\System32\bcrypt.dll
0x00007ffe90eb0000 - 0x00007ffe90ed7000 	C:\Users\shahzaib lptp\AndroidStudioProjects\loginsqlite\native\e1d6ef7f7dcc3fd88c89a11ec53ec762bb8ba0a96d01ffa2cd45eb1d1d8dd5c5\windows-amd64\native-platform.dll
0x00007ffe6b3e0000 - 0x00007ffe6b524000 	C:\Users\shahzaib lptp\AndroidStudioProjects\loginsqlite\native\0d407fdbe67a94daf76414ababcb853783967236a71b16ec16e742cd7a986fd3\windows-amd64\native-platform-file-events.dll
0x00007ffeb3170000 - 0x00007ffeb3188000 	C:\WINDOWS\SYSTEM32\CRYPTSP.dll
0x00007ffeb2540000 - 0x00007ffeb2574000 	C:\WINDOWS\system32\rsaenh.dll
0x00007ffeb3490000 - 0x00007ffeb34be000 	C:\WINDOWS\SYSTEM32\USERENV.dll
0x00007ffeb2d90000 - 0x00007ffeb2d9c000 	C:\WINDOWS\SYSTEM32\CRYPTBASE.dll
0x00007ffea89f0000 - 0x00007ffea8a07000 	C:\WINDOWS\SYSTEM32\dhcpcsvc6.DLL
0x00007ffea8840000 - 0x00007ffea885d000 	C:\WINDOWS\SYSTEM32\dhcpcsvc.DLL

dbghelp: loaded successfully - version: 4.0.5 - missing functions: none
symbol engine: initialized successfully - sym options: 0x614 - pdb path: .;C:\Program Files\Android\Android Studio\jbr\bin;C:\WINDOWS\SYSTEM32;C:\WINDOWS\WinSxS\amd64_microsoft.windows.common-controls_6595b64144ccf1df_6.0.19041.1110_none_60b5254171f9507e;C:\Program Files\Android\Android Studio\jbr\bin\server;C:\Users\shahzaib lptp\AndroidStudioProjects\loginsqlite\native\e1d6ef7f7dcc3fd88c89a11ec53ec762bb8ba0a96d01ffa2cd45eb1d1d8dd5c5\windows-amd64;C:\Users\shahzaib lptp\AndroidStudioProjects\loginsqlite\native\0d407fdbe67a94daf76414ababcb853783967236a71b16ec16e742cd7a986fd3\windows-amd64

VM Arguments:
jvm_args: -javaagent:C:\Program Files\Android\Android Studio\plugins\android\resources\trace_agent.jar=C:\Users\SHAHZA~1\AppData\Local\Temp\sync.trace.profile --add-opens=java.base/java.util=ALL-UNNAMED --add-opens=java.base/java.lang=ALL-UNNAMED --add-opens=java.base/java.lang.invoke=ALL-UNNAMED --add-opens=java.base/java.util=ALL-UNNAMED --add-opens=java.prefs/java.util.prefs=ALL-UNNAMED --add-opens=java.prefs/java.util.prefs=ALL-UNNAMED --add-opens=java.base/java.nio.charset=ALL-UNNAMED --add-opens=java.base/java.net=ALL-UNNAMED --add-opens=java.base/java.util.concurrent.atomic=ALL-UNNAMED -Xmx2048m -Dfile.encoding=UTF-8 -Duser.country=US -Duser.language=en -Duser.variant 
java_command: org.gradle.launcher.daemon.bootstrap.GradleDaemon 7.5
java_class_path (initial): C:\Users\shahzaib lptp\AndroidStudioProjects\loginsqlite\wrapper\dists\gradle-7.5-bin\f1w0cc9nuo0eivz97x2xlu9sv\gradle-7.5\lib\gradle-launcher-7.5.jar
Launcher Type: SUN_STANDARD

[Global flags]
     intx CICompilerCount                          = 3                                         {product} {ergonomic}
     uint ConcGCThreads                            = 1                                         {product} {ergonomic}
     uint G1ConcRefinementThreads                  = 4                                         {product} {ergonomic}
   size_t G1HeapRegionSize                         = 1048576                                   {product} {ergonomic}
    uintx GCDrainStackTargetSize                   = 64                                        {product} {ergonomic}
   size_t InitialHeapSize                          = 134217728                                 {product} {ergonomic}
   size_t MarkStackSize                            = 4194304                                   {product} {ergonomic}
   size_t MaxHeapSize                              = 2147483648                                {product} {command line}
   size_t MaxNewSize                               = 1287651328                                {product} {ergonomic}
   size_t MinHeapDeltaBytes                        = 1048576                                   {product} {ergonomic}
    uintx NonNMethodCodeHeapSize                   = 5830732                                {pd product} {ergonomic}
    uintx NonProfiledCodeHeapSize                  = 122913754                              {pd product} {ergonomic}
    uintx ProfiledCodeHeapSize                     = 122913754                              {pd product} {ergonomic}
    uintx ReservedCodeCacheSize                    = 251658240                              {pd product} {ergonomic}
     bool SegmentedCodeCache                       = true                                      {product} {ergonomic}
     bool UseCompressedClassPointers               = true                                 {lp64_product} {ergonomic}
     bool UseCompressedOops                        = true                                 {lp64_product} {ergonomic}
     bool UseG1GC                                  = true                                      {product} {ergonomic}
     bool UseLargePagesIndividualAllocation        = false                                  {pd product} {ergonomic}

Logging:
Log output configuration:
 #0: stdout all=warning uptime,level,tags
 #1: stderr all=off uptime,level,tags

Environment Variables:
PATH=C:\Program Files\Python310\Scripts\;C:\Program Files\Python310\;C:\Program Files\Common Files\Oracle\Java\javapath;C:\app\bin;C:\app\shahzaiblptp\product\11.2.0\dbhome_1\bin;C:\WINDOWS\system32;C:\WINDOWS;C:\WINDOWS\System32\Wbem;C:\WINDOWS\System32\WindowsPowerShell\v1.0\;c:\Program Files (x86)\Microsoft SQL Server\100\Tools\Binn\;c:\Program Files\Microsoft SQL Server\100\Tools\Binn\;c:\Program Files\Microsoft SQL Server\100\DTS\Binn\;C:\WINDOWS\System32\OpenSSH\;C:\ProgramData\chocolatey\bin;%JAVA_HOME%\bin;C:\Program Files\Git\cmd;C:\WINDOWS\System32;C:\Users\shahzaib lptp\AppData\Local\Microsoft\WindowsApps;C:\Program Files\JetBrains\IntelliJ IDEA Community Edition 2021.3\bin;;C:\Program Files\Python310\PyCharm Community Edition 2022.1\bin;;C:\Users\shahzaib lptp\AppData\Local\Programs\Microsoft VS Code\bin;C:\Program Files\flutter\bin;C:\src\flutter\bin;C:\Program Files\Android\Android Studio\bin;
USERNAME=shahzaib lptp
OS=Windows_NT
PROCESSOR_IDENTIFIER=Intel64 Family 6 Model 69 Stepping 1, GenuineIntel



---------------  S Y S T E M  ---------------

OS: Windows 10 , 64 bit Build 19041 (10.0.19041.3031)
OS uptime: 0 days 22:10 hours
Hyper-V role detected

CPU:total 4 (initial active 4) (2 cores per cpu, 2 threads per core) family 6 model 69 stepping 1 microcode 0x26, cmov, cx8, fxsr, mmx, sse, sse2, sse3, ssse3, sse4.1, sse4.2, popcnt, avx, avx2, aes, clmul, erms, lzcnt, ht, tsc, tscinvbit, bmi1, bmi2, fma

Memory: 4k page, system-wide physical 8073M (531M free)
TotalPageFile size 10073M (AvailPageFile size 6M)
current process WorkingSet (physical memory assigned to process): 304M, peak: 308M
current process commit charge ("private bytes"): 349M, peak: 354M

vm_info: OpenJDK 64-Bit Server VM (11.0.15+0-b2043.56-9505619) for windows-amd64 JRE (11.0.15+0-b2043.56-9505619), built on Jan 19 2023 02:48:00 by "builduser" with unknown MS VC++:1929

END.
