#
# There is insufficient memory for the Java Runtime Environment to continue.
# Native memory allocation (mmap) failed to map 47185920 bytes for Failed to commit area from 0x000000008de00000 to 0x0000000090b00000 of length 47185920.
# Possible reasons:
#   The system is out of physical RAM or swap space
#   The process is running with CompressedOops enabled, and the Java Heap may be blocking the growth of the native heap
# Possible solutions:
#   Reduce memory load on the system
#   Increase physical memory or swap space
#   Check if swap backing store is full
#   Decrease Java heap size (-Xmx/-Xms)
#   Decrease number of Java threads
#   Decrease Java thread stack sizes (-Xss)
#   Set larger code cache with -XX:ReservedCodeCacheSize=
#   JVM is running with Unscaled Compressed Oops mode in which the Java heap is
#     placed in the first 4GB address space. The Java Heap base address is the
#     maximum limit for the native heap growth. Please use -XX:HeapBaseMinAddress
#     to set the Java Heap base and to place the Java Heap above 4GB virtual address.
# This output file may be truncated or incomplete.
#
#  Out of Memory Error (src/hotspot/os/windows/os_windows.cpp:3627), pid=5352, tid=5608
#
# JRE version: OpenJDK Runtime Environment (11.0.15) (build 11.0.15+0-b2043.56-9505619)
# Java VM: OpenJDK 64-Bit Server VM (11.0.15+0-b2043.56-9505619, mixed mode, tiered, compressed oops, g1 gc, windows-amd64)
# No core dump will be written. Minidumps are not enabled by default on client versions of Windows
#

---------------  S U M M A R Y ------------

Command Line: --add-opens=java.base/java.util.concurrent.atomic=ALL-UNNAMED -javaagent:C:\Program Files\Android\Android Studio\plugins\android\resources\trace_agent.jar=C:\Users\SHAHZA~1\AppData\Local\Temp\sync.trace.profile --add-opens=java.base/java.util=ALL-UNNAMED --add-opens=java.base/java.lang=ALL-UNNAMED --add-opens=java.base/java.lang.invoke=ALL-UNNAMED --add-opens=java.prefs/java.util.prefs=ALL-UNNAMED --add-opens=java.base/java.nio.charset=ALL-UNNAMED --add-opens=java.base/java.net=ALL-UNNAMED --add-opens=java.base/java.util.concurrent.atomic=ALL-UNNAMED -Xmx2048m -Dfile.encoding=UTF-8 -Duser.country=US -Duser.language=en -Duser.variant -javaagent:C:\Users\shahzaib lptp\AndroidStudioProjects\loginsqlite\wrapper\dists\gradle-8.3-rc-1-bin\3lbs5z64xhcdp1uarsx2vp16o\gradle-8.3-rc-1\lib\agents\gradle-instrumentation-agent-8.3.jar org.gradle.launcher.daemon.bootstrap.GradleDaemon 8.3-rc-1

Host: Intel(R) Core(TM) i5-4310U CPU @ 2.00GHz, 4 cores, 7G,  Windows 10 , 64 bit Build 19041 (10.0.19041.3031)
Time: Fri Jul 28 01:05:06 2023 Pakistan Standard Time elapsed time: 48.386241 seconds (0d 0h 0m 48s)

---------------  T H R E A D  ---------------

Current thread (0x000001e66f2ce000):  VMThread "VM Thread" [stack: 0x000000e54df00000,0x000000e54e000000] [id=5608]

Stack: [0x000000e54df00000,0x000000e54e000000]
[error occurred during error reporting (printing stack bounds), id 0xc0000005, EXCEPTION_ACCESS_VIOLATION (0xc0000005) at pc=0x000001e658a8112d]

Native frames: (J=compiled Java code, j=interpreted, Vv=VM code, C=native code)
V  [jvm.dll+0x64135a]
V  [jvm.dll+0x7d39f9]
V  [jvm.dll+0x7d51b9]
V  [jvm.dll+0x7d5805]
V  [jvm.dll+0x7d57bb]
V  [jvm.dll+0x640655]
V  [jvm.dll+0x640d68]
C  [ntdll.dll+0xa247f]
C  [ntdll.dll+0x514f4]
C  [ntdll.dll+0xa0f8e]
C  0x000001e658a8112d

VM_Operation (0x000000e54f8fe450): G1CollectForAllocation, mode: safepoint, requested by thread 0x000001e672088000


---------------  P R O C E S S  ---------------

Threads class SMR info:
_java_thread_list=0x000001e67beee7b0, length=56, elements={
0x000001e653739800, 0x000001e66f312800, 0x000001e66f313800, 0x000001e66fb3e800,
0x000001e66fb41000, 0x000001e66fb42800, 0x000001e66fb47800, 0x000001e66fb49800,
0x000001e66fb6f000, 0x000001e65380b000, 0x000001e6737b9000, 0x000001e6757c2800,
0x000001e674b7c800, 0x000001e673d1f800, 0x000001e6711ad000, 0x000001e674f49800,
0x000001e674a46000, 0x000001e6746c7800, 0x000001e6721d7000, 0x000001e6713b4800,
0x000001e672088000, 0x000001e672085000, 0x000001e672085800, 0x000001e672086800,
0x000001e672083800, 0x000001e672087800, 0x000001e672089000, 0x000001e672084000,
0x000001e67208a000, 0x000001e671023000, 0x000001e671025800, 0x000001e671026800,
0x000001e671027000, 0x000001e67102e800, 0x000001e67102b000, 0x000001e67102d000,
0x000001e67102f800, 0x000001e671030000, 0x000001e67102c000, 0x000001e67102a800,
0x000001e671031800, 0x000001e671ba2000, 0x000001e671ba7000, 0x000001e671ba3800,
0x000001e674edb800, 0x000001e671ba4800, 0x000001e671ba5000, 0x000001e671ba6000,
0x000001e671559800, 0x000001e67155c800, 0x000001e671560000, 0x000001e67155f000,
0x000001e67155b000, 0x000001e67155a000, 0x000001e67155e000, 0x000001e67155d800
}

Java Threads: ( => current thread )
  0x000001e653739800 JavaThread "main" [_thread_blocked, id=5428, stack(0x000000e54d900000,0x000000e54da00000)]
  0x000001e66f312800 JavaThread "Reference Handler" daemon [_thread_blocked, id=7536, stack(0x000000e54e000000,0x000000e54e100000)]
  0x000001e66f313800 JavaThread "Finalizer" daemon [_thread_blocked, id=6388, stack(0x000000e54e100000,0x000000e54e200000)]
  0x000001e66fb3e800 JavaThread "Signal Dispatcher" daemon [_thread_blocked, id=9532, stack(0x000000e54e200000,0x000000e54e300000)]
  0x000001e66fb41000 JavaThread "Attach Listener" daemon [_thread_blocked, id=7216, stack(0x000000e54e300000,0x000000e54e400000)]
  0x000001e66fb42800 JavaThread "Service Thread" daemon [_thread_blocked, id=7520, stack(0x000000e54e400000,0x000000e54e500000)]
  0x000001e66fb47800 JavaThread "C2 CompilerThread0" daemon [_thread_blocked, id=11860, stack(0x000000e54e500000,0x000000e54e600000)]
  0x000001e66fb49800 JavaThread "C1 CompilerThread0" daemon [_thread_blocked, id=7396, stack(0x000000e54e600000,0x000000e54e700000)]
  0x000001e66fb6f000 JavaThread "Sweeper thread" daemon [_thread_blocked, id=7904, stack(0x000000e54e700000,0x000000e54e800000)]
  0x000001e65380b000 JavaThread "Common-Cleaner" daemon [_thread_blocked, id=5368, stack(0x000000e54e800000,0x000000e54e900000)]
  0x000001e6737b9000 JavaThread "Daemon health stats" [_thread_blocked, id=11516, stack(0x000000e54ed00000,0x000000e54ee00000)]
  0x000001e6757c2800 JavaThread "Incoming local TCP Connector on port 58061" [_thread_in_native, id=12664, stack(0x000000e54ee00000,0x000000e54ef00000)]
  0x000001e674b7c800 JavaThread "Daemon" [_thread_blocked, id=11060, stack(0x000000e54ef00000,0x000000e54f000000)]
  0x000001e673d1f800 JavaThread "Daemon periodic checks" [_thread_blocked, id=1344, stack(0x000000e54f000000,0x000000e54f100000)]
  0x000001e6711ad000 JavaThread "Handler for socket connection from /127.0.0.1:58061 to /127.0.0.1:58062" [_thread_in_native, id=13228, stack(0x000000e54f100000,0x000000e54f200000)]
  0x000001e674f49800 JavaThread "Cancel handler" [_thread_blocked, id=5952, stack(0x000000e54f200000,0x000000e54f300000)]
  0x000001e674a46000 JavaThread "Daemon worker" [_thread_blocked, id=11356, stack(0x000000e54f400000,0x000000e54f500000)]
  0x000001e6746c7800 JavaThread "Asynchronous log dispatcher for DefaultDaemonConnection: socket connection from /127.0.0.1:58061 to /127.0.0.1:58062" [_thread_blocked, id=1688, stack(0x000000e54f500000,0x000000e54f600000)]
  0x000001e6721d7000 JavaThread "Stdin handler" [_thread_blocked, id=8368, stack(0x000000e54f600000,0x000000e54f700000)]
  0x000001e6713b4800 JavaThread "Daemon client event forwarder" [_thread_blocked, id=13616, stack(0x000000e54f700000,0x000000e54f800000)]
  0x000001e672088000 JavaThread "Cache worker for journal cache (C:\Users\shahzaib lptp\AndroidStudioProjects\loginsqlite\caches\journal-1)" [_thread_blocked, id=1540, stack(0x000000e54f800000,0x000000e54f900000)]
  0x000001e672085000 JavaThread "File lock request listener" [_thread_in_native, id=12696, stack(0x000000e54f900000,0x000000e54fa00000)]
  0x000001e672085800 JavaThread "Cache worker for file hash cache (C:\Users\shahzaib lptp\AndroidStudioProjects\loginsqlite\caches\8.3-rc-1\fileHashes)" [_thread_blocked, id=7360, stack(0x000000e54fa00000,0x000000e54fb00000)]
  0x000001e672086800 JavaThread "File watcher server" daemon [_thread_blocked, id=980, stack(0x000000e54fb00000,0x000000e54fc00000)]
  0x000001e672083800 JavaThread "File watcher consumer" daemon [_thread_blocked, id=7720, stack(0x000000e54fc00000,0x000000e54fd00000)]
  0x000001e672087800 JavaThread "Cache worker for checksums cache (C:\Users\shahzaib lptp\AndroidStudioProjects\EyeonwaterApp\.gradle\8.3-rc-1\checksums)" [_thread_blocked, id=8992, stack(0x000000e54fd00000,0x000000e54fe00000)]
  0x000001e672089000 JavaThread "Cache worker for file hash cache (C:\Users\shahzaib lptp\AndroidStudioProjects\EyeonwaterApp\.gradle\8.3-rc-1\fileHashes)" [_thread_blocked, id=3384, stack(0x000000e54fe00000,0x000000e54ff00000)]
  0x000001e672084000 JavaThread "Cache worker for cache directory md-supplier (C:\Users\shahzaib lptp\AndroidStudioProjects\loginsqlite\caches\8.3-rc-1\md-supplier)" [_thread_blocked, id=13492, stack(0x000000e54ff00000,0x000000e550000000)]
  0x000001e67208a000 JavaThread "Cache worker for file content cache (C:\Users\shahzaib lptp\AndroidStudioProjects\loginsqlite\caches\8.3-rc-1\fileContent)" [_thread_blocked, id=3540, stack(0x000000e550000000,0x000000e550100000)]
  0x000001e671023000 JavaThread "Cache worker for cache directory md-rule (C:\Users\shahzaib lptp\AndroidStudioProjects\loginsqlite\caches\8.3-rc-1\md-rule)" [_thread_blocked, id=12144, stack(0x000000e550100000,0x000000e550200000)]
  0x000001e671025800 JavaThread "Cache worker for execution history cache (C:\Users\shahzaib lptp\AndroidStudioProjects\loginsqlite\caches\8.3-rc-1\executionHistory)" [_thread_blocked, id=14036, stack(0x000000e550200000,0x000000e550300000)]
  0x000001e671026800 JavaThread "jar transforms" [_thread_blocked, id=3116, stack(0x000000e550300000,0x000000e550400000)]
  0x000001e671027000 JavaThread "jar transforms Thread 2" [_thread_blocked, id=9556, stack(0x000000e550400000,0x000000e550500000)]
  0x000001e67102e800 JavaThread "jar transforms Thread 3" [_thread_blocked, id=10772, stack(0x000000e550500000,0x000000e550600000)]
  0x000001e67102b000 JavaThread "jar transforms Thread 4" [_thread_blocked, id=8908, stack(0x000000e550600000,0x000000e550700000)]
  0x000001e67102d000 JavaThread "Cache worker for dependencies-accessors (C:\Users\shahzaib lptp\AndroidStudioProjects\EyeonwaterApp\.gradle\8.3-rc-1\dependencies-accessors)" [_thread_blocked, id=6944, stack(0x000000e550700000,0x000000e550800000)]
  0x000001e67102f800 JavaThread "Cache worker for Build Output Cleanup Cache (C:\Users\shahzaib lptp\AndroidStudioProjects\EyeonwaterApp\.gradle\buildOutputCleanup)" [_thread_blocked, id=11172, stack(0x000000e54e900000,0x000000e54ea00000)]
  0x000001e671030000 JavaThread "Unconstrained build operations" [_thread_blocked, id=13232, stack(0x000000e550900000,0x000000e550a00000)]
  0x000001e67102c000 JavaThread "Unconstrained build operations Thread 2" [_thread_blocked, id=1292, stack(0x000000e550a00000,0x000000e550b00000)]
  0x000001e67102a800 JavaThread "Unconstrained build operations Thread 3" [_thread_blocked, id=4184, stack(0x000000e550b00000,0x000000e550c00000)]
  0x000001e671031800 JavaThread "build event listener" [_thread_blocked, id=8400, stack(0x000000e550c00000,0x000000e550d00000)]
  0x000001e671ba2000 JavaThread "Memory manager" [_thread_blocked, id=768, stack(0x000000e550d00000,0x000000e550e00000)]
  0x000001e671ba7000 JavaThread "pool-3-thread-1" [_thread_blocked, id=4488, stack(0x000000e551000000,0x000000e551100000)]
  0x000001e671ba3800 JavaThread "build event listener" [_thread_blocked, id=5660, stack(0x000000e551100000,0x000000e551200000)]
  0x000001e674edb800 JavaThread "C2 CompilerThread1" daemon [_thread_blocked, id=1572, stack(0x000000e550800000,0x000000e550900000)]
  0x000001e671ba4800 JavaThread "included builds" [_thread_blocked, id=4224, stack(0x000000e551200000,0x000000e551300000)]
  0x000001e671ba5000 JavaThread "Execution worker" [_thread_blocked, id=6168, stack(0x000000e551300000,0x000000e551400000)]
  0x000001e671ba6000 JavaThread "Execution worker Thread 2" [_thread_blocked, id=7084, stack(0x000000e551400000,0x000000e551500000)]
  0x000001e671559800 JavaThread "Execution worker Thread 3" [_thread_blocked, id=10988, stack(0x000000e551500000,0x000000e551600000)]
  0x000001e67155c800 JavaThread "Cache worker for execution history cache (C:\Users\shahzaib lptp\AndroidStudioProjects\EyeonwaterApp\.gradle\8.3-rc-1\executionHistory)" [_thread_blocked, id=1424, stack(0x000000e551600000,0x000000e551700000)]
  0x000001e671560000 JavaThread "Unconstrained build operations Thread 4" [_thread_blocked, id=264, stack(0x000000e551700000,0x000000e551800000)]
  0x000001e67155f000 JavaThread "Unconstrained build operations Thread 5" [_thread_blocked, id=5456, stack(0x000000e551800000,0x000000e551900000)]
  0x000001e67155b000 JavaThread "Unconstrained build operations Thread 6" [_thread_blocked, id=4624, stack(0x000000e551900000,0x000000e551a00000)]
  0x000001e67155a000 JavaThread "Unconstrained build operations Thread 7" [_thread_blocked, id=6344, stack(0x000000e551a00000,0x000000e551b00000)]
  0x000001e67155e000 JavaThread "Unconstrained build operations Thread 8" [_thread_blocked, id=11780, stack(0x000000e551b00000,0x000000e551c00000)]
  0x000001e67155d800 JavaThread "Unconstrained build operations Thread 9" [_thread_blocked, id=9200, stack(0x000000e551c00000,0x000000e551d00000)]

Other Threads:
=>0x000001e66f2ce000 VMThread "VM Thread" [stack: 0x000000e54df00000,0x000000e54e000000] [id=5608]
  0x000001e670d12000 WatcherThread [stack: 0x000000e54ea00000,0x000000e54eb00000] [id=11844]
  0x000001e653753800 GCTaskThread "GC Thread#0" [stack: 0x000000e54da00000,0x000000e54db00000] [id=11400]
  0x000001e6711fa800 GCTaskThread "GC Thread#1" [stack: 0x000000e54eb00000,0x000000e54ec00000] [id=12652]
  0x000001e670a37000 GCTaskThread "GC Thread#2" [stack: 0x000000e54ec00000,0x000000e54ed00000] [id=5400]
  0x000001e670451800 GCTaskThread "GC Thread#3" [stack: 0x000000e54f300000,0x000000e54f400000] [id=1480]
  0x000001e653780000 ConcurrentGCThread "G1 Main Marker" [stack: 0x000000e54db00000,0x000000e54dc00000] [id=10692]
  0x000001e653781800 ConcurrentGCThread "G1 Conc#0" [stack: 0x000000e54dc00000,0x000000e54dd00000] [id=5984]
  0x000001e6537ff800 ConcurrentGCThread "G1 Refine#0" [stack: 0x000000e54dd00000,0x000000e54de00000] [id=908]
  0x000001e66f140800 ConcurrentGCThread "G1 Young RemSet Sampling" [stack: 0x000000e54de00000,0x000000e54df00000] [id=4272]

Threads with active compile tasks:

VM state:at safepoint (normal execution)

VM Mutex/Monitor currently owned by a thread:  ([mutex/lock_event])
[0x000001e653735f10] Threads_lock - owner thread: 0x000001e66f2ce000
[0x000001e653736390] Heap_lock - owner thread: 0x000001e672088000

Heap address: 0x0000000080000000, size: 2048 MB, Compressed Oops mode: 32-bit
Narrow klass base: 0x0000000000000000, Narrow klass shift: 3
Compressed class space size: 1073741824 Address: 0x0000000100000000

Heap:
 garbage-first heap   total 273408K, used 96669K [0x0000000080000000, 0x0000000100000000)
  region size 1024K, 8 young (8192K), 8 survivors (8192K)
 Metaspace       used 92147K, capacity 95139K, committed 95308K, reserved 1132544K
  class space    used 11925K, capacity 13029K, committed 13132K, reserved 1048576K
Heap Regions: E=young(eden), S=young(survivor), O=old, HS=humongous(starts), HC=humongous(continues), CS=collection set, F=free, A=archive, TAMS=top-at-mark-start (previous, next)
|   0|0x0000000080000000, 0x0000000080100000, 0x0000000080100000|100%|HS|  |TAMS 0x0000000080100000, 0x0000000080000000| Complete 
|   1|0x0000000080100000, 0x0000000080200000, 0x0000000080200000|100%|HC|  |TAMS 0x0000000080200000, 0x0000000080100000| Complete 
|   2|0x0000000080200000, 0x0000000080300000, 0x0000000080300000|100%|HC|  |TAMS 0x0000000080300000, 0x0000000080200000| Complete 
|   3|0x0000000080300000, 0x0000000080400000, 0x0000000080400000|100%|HC|  |TAMS 0x0000000080400000, 0x0000000080300000| Complete 
|   4|0x0000000080400000, 0x0000000080500000, 0x0000000080500000|100%| O|  |TAMS 0x0000000080500000, 0x0000000080400000| Untracked 
|   5|0x0000000080500000, 0x0000000080600000, 0x0000000080600000|100%| O|  |TAMS 0x0000000080600000, 0x0000000080500000| Untracked 
|   6|0x0000000080600000, 0x0000000080700000, 0x0000000080700000|100%| O|  |TAMS 0x0000000080700000, 0x0000000080600000| Untracked 
|   7|0x0000000080700000, 0x0000000080800000, 0x0000000080800000|100%| O|  |TAMS 0x0000000080800000, 0x0000000080700000| Untracked 
|   8|0x0000000080800000, 0x0000000080900000, 0x0000000080900000|100%| O|  |TAMS 0x0000000080900000, 0x0000000080800000| Untracked 
|   9|0x0000000080900000, 0x0000000080a00000, 0x0000000080a00000|100%| O|  |TAMS 0x0000000080a00000, 0x0000000080900000| Untracked 
|  10|0x0000000080a00000, 0x0000000080b00000, 0x0000000080b00000|100%| O|  |TAMS 0x0000000080b00000, 0x0000000080a00000| Untracked 
|  11|0x0000000080b00000, 0x0000000080c00000, 0x0000000080c00000|100%| O|  |TAMS 0x0000000080c00000, 0x0000000080b00000| Untracked 
|  12|0x0000000080c00000, 0x0000000080d00000, 0x0000000080d00000|100%| O|  |TAMS 0x0000000080d00000, 0x0000000080c00000| Untracked 
|  13|0x0000000080d00000, 0x0000000080e00000, 0x0000000080e00000|100%| O|  |TAMS 0x0000000080e00000, 0x0000000080d00000| Untracked 
|  14|0x0000000080e00000, 0x0000000080f00000, 0x0000000080f00000|100%| O|  |TAMS 0x0000000080f00000, 0x0000000080e00000| Untracked 
|  15|0x0000000080f00000, 0x0000000081000000, 0x0000000081000000|100%| O|  |TAMS 0x0000000081000000, 0x0000000080f00000| Untracked 
|  16|0x0000000081000000, 0x0000000081100000, 0x0000000081100000|100%| O|  |TAMS 0x0000000081100000, 0x0000000081000000| Untracked 
|  17|0x0000000081100000, 0x0000000081200000, 0x0000000081200000|100%| O|  |TAMS 0x0000000081200000, 0x0000000081100000| Untracked 
|  18|0x0000000081200000, 0x0000000081300000, 0x0000000081300000|100%| O|  |TAMS 0x0000000081300000, 0x0000000081200000| Untracked 
|  19|0x0000000081300000, 0x0000000081400000, 0x0000000081400000|100%| O|  |TAMS 0x0000000081400000, 0x0000000081300000| Untracked 
|  20|0x0000000081400000, 0x0000000081500000, 0x0000000081500000|100%| O|  |TAMS 0x0000000081500000, 0x0000000081400000| Untracked 
|  21|0x0000000081500000, 0x0000000081600000, 0x0000000081600000|100%| O|  |TAMS 0x0000000081600000, 0x0000000081500000| Untracked 
|  22|0x0000000081600000, 0x0000000081700000, 0x0000000081700000|100%| O|  |TAMS 0x0000000081700000, 0x0000000081600000| Untracked 
|  23|0x0000000081700000, 0x0000000081800000, 0x0000000081800000|100%| O|  |TAMS 0x0000000081800000, 0x0000000081700000| Untracked 
|  24|0x0000000081800000, 0x0000000081900000, 0x0000000081900000|100%| O|  |TAMS 0x0000000081900000, 0x0000000081800000| Untracked 
|  25|0x0000000081900000, 0x0000000081a00000, 0x0000000081a00000|100%|HS|  |TAMS 0x0000000081a00000, 0x0000000081900000| Complete 
|  26|0x0000000081a00000, 0x0000000081b00000, 0x0000000081b00000|100%| O|  |TAMS 0x0000000081b00000, 0x0000000081a00000| Untracked 
|  27|0x0000000081b00000, 0x0000000081c00000, 0x0000000081c00000|100%| O|  |TAMS 0x0000000081c00000, 0x0000000081b00000| Untracked 
|  28|0x0000000081c00000, 0x0000000081d00000, 0x0000000081d00000|100%|HS|  |TAMS 0x0000000081d00000, 0x0000000081c00000| Complete 
|  29|0x0000000081d00000, 0x0000000081e00000, 0x0000000081e00000|100%|HS|  |TAMS 0x0000000081e00000, 0x0000000081d00000| Complete 
|  30|0x0000000081e00000, 0x0000000081f00000, 0x0000000081f00000|100%| O|  |TAMS 0x0000000081f00000, 0x0000000081e00000| Untracked 
|  31|0x0000000081f00000, 0x0000000082000000, 0x0000000082000000|100%| O|  |TAMS 0x0000000082000000, 0x0000000081f00000| Untracked 
|  32|0x0000000082000000, 0x0000000082100000, 0x0000000082100000|100%| O|  |TAMS 0x0000000082100000, 0x0000000082000000| Untracked 
|  33|0x0000000082100000, 0x0000000082200000, 0x0000000082200000|100%| O|  |TAMS 0x0000000082200000, 0x0000000082100000| Untracked 
|  34|0x0000000082200000, 0x0000000082300000, 0x0000000082300000|100%| O|  |TAMS 0x0000000082300000, 0x0000000082200000| Untracked 
|  35|0x0000000082300000, 0x0000000082400000, 0x0000000082400000|100%| O|  |TAMS 0x0000000082400000, 0x0000000082300000| Untracked 
|  36|0x0000000082400000, 0x0000000082500000, 0x0000000082500000|100%| O|  |TAMS 0x0000000082500000, 0x0000000082400000| Untracked 
|  37|0x0000000082500000, 0x0000000082600000, 0x0000000082600000|100%| O|  |TAMS 0x0000000082600000, 0x0000000082500000| Untracked 
|  38|0x0000000082600000, 0x0000000082700000, 0x0000000082700000|100%| O|  |TAMS 0x0000000082700000, 0x0000000082600000| Untracked 
|  39|0x0000000082700000, 0x0000000082800000, 0x0000000082800000|100%| O|  |TAMS 0x0000000082800000, 0x0000000082700000| Untracked 
|  40|0x0000000082800000, 0x0000000082900000, 0x0000000082900000|100%| O|  |TAMS 0x0000000082900000, 0x0000000082800000| Untracked 
|  41|0x0000000082900000, 0x0000000082a00000, 0x0000000082a00000|100%| O|  |TAMS 0x0000000082a00000, 0x0000000082900000| Untracked 
|  42|0x0000000082a00000, 0x0000000082b00000, 0x0000000082b00000|100%| O|  |TAMS 0x0000000082b00000, 0x0000000082a00000| Untracked 
|  43|0x0000000082b00000, 0x0000000082c00000, 0x0000000082c00000|100%| O|  |TAMS 0x0000000082c00000, 0x0000000082b00000| Untracked 
|  44|0x0000000082c00000, 0x0000000082d00000, 0x0000000082d00000|100%| O|  |TAMS 0x0000000082d00000, 0x0000000082c00000| Untracked 
|  45|0x0000000082d00000, 0x0000000082e00000, 0x0000000082e00000|100%| O|  |TAMS 0x0000000082e00000, 0x0000000082d00000| Untracked 
|  46|0x0000000082e00000, 0x0000000082f00000, 0x0000000082f00000|100%| O|  |TAMS 0x0000000082f00000, 0x0000000082e00000| Untracked 
|  47|0x0000000082f00000, 0x0000000083000000, 0x0000000083000000|100%| O|  |TAMS 0x0000000082f16000, 0x0000000082f00000| Untracked 
|  48|0x0000000083000000, 0x0000000083100000, 0x0000000083100000|100%| O|  |TAMS 0x0000000083000000, 0x0000000083000000| Untracked 
|  49|0x0000000083100000, 0x0000000083200000, 0x0000000083200000|100%| O|  |TAMS 0x0000000083100000, 0x0000000083100000| Untracked 
|  50|0x0000000083200000, 0x0000000083300000, 0x0000000083300000|100%| O|  |TAMS 0x0000000083200000, 0x0000000083200000| Untracked 
|  51|0x0000000083300000, 0x0000000083400000, 0x0000000083400000|100%| O|  |TAMS 0x0000000083300000, 0x0000000083300000| Untracked 
|  52|0x0000000083400000, 0x0000000083500000, 0x0000000083500000|100%| O|  |TAMS 0x0000000083400000, 0x0000000083400000| Untracked 
|  53|0x0000000083500000, 0x0000000083600000, 0x0000000083600000|100%| O|  |TAMS 0x0000000083500000, 0x0000000083500000| Untracked 
|  54|0x0000000083600000, 0x0000000083700000, 0x0000000083700000|100%| O|  |TAMS 0x0000000083600000, 0x0000000083600000| Untracked 
|  55|0x0000000083700000, 0x0000000083800000, 0x0000000083800000|100%| O|  |TAMS 0x0000000083700000, 0x0000000083700000| Untracked 
|  56|0x0000000083800000, 0x0000000083900000, 0x0000000083900000|100%| O|  |TAMS 0x0000000083800000, 0x0000000083800000| Untracked 
|  57|0x0000000083900000, 0x0000000083a00000, 0x0000000083a00000|100%| O|  |TAMS 0x0000000083900000, 0x0000000083900000| Untracked 
|  58|0x0000000083a00000, 0x0000000083b00000, 0x0000000083b00000|100%| O|  |TAMS 0x0000000083a00000, 0x0000000083a00000| Untracked 
|  59|0x0000000083b00000, 0x0000000083c00000, 0x0000000083c00000|100%| O|  |TAMS 0x0000000083b00000, 0x0000000083b00000| Untracked 
|  60|0x0000000083c00000, 0x0000000083d00000, 0x0000000083d00000|100%| O|  |TAMS 0x0000000083c00000, 0x0000000083c00000| Untracked 
|  61|0x0000000083d00000, 0x0000000083e00000, 0x0000000083e00000|100%| O|  |TAMS 0x0000000083d00000, 0x0000000083d00000| Untracked 
|  62|0x0000000083e00000, 0x0000000083f00000, 0x0000000083f00000|100%| O|  |TAMS 0x0000000083e00000, 0x0000000083e00000| Untracked 
|  63|0x0000000083f00000, 0x0000000084000000, 0x0000000084000000|100%| O|  |TAMS 0x0000000083f00000, 0x0000000083f00000| Untracked 
|  64|0x0000000084000000, 0x0000000084100000, 0x0000000084100000|100%| O|  |TAMS 0x0000000084000000, 0x0000000084000000| Untracked 
|  65|0x0000000084100000, 0x0000000084200000, 0x0000000084200000|100%| O|  |TAMS 0x0000000084100000, 0x0000000084100000| Untracked 
|  66|0x0000000084200000, 0x0000000084300000, 0x0000000084300000|100%| O|  |TAMS 0x0000000084200000, 0x0000000084200000| Untracked 
|  67|0x0000000084300000, 0x0000000084400000, 0x0000000084400000|100%| O|  |TAMS 0x0000000084300000, 0x0000000084300000| Untracked 
|  68|0x0000000084400000, 0x0000000084500000, 0x0000000084500000|100%| O|  |TAMS 0x0000000084400000, 0x0000000084400000| Untracked 
|  69|0x0000000084500000, 0x0000000084600000, 0x0000000084600000|100%| O|  |TAMS 0x0000000084500000, 0x0000000084500000| Untracked 
|  70|0x0000000084600000, 0x0000000084700000, 0x0000000084700000|100%| O|  |TAMS 0x0000000084600000, 0x0000000084600000| Untracked 
|  71|0x0000000084700000, 0x0000000084800000, 0x0000000084800000|100%| O|  |TAMS 0x0000000084700000, 0x0000000084700000| Untracked 
|  72|0x0000000084800000, 0x0000000084900000, 0x0000000084900000|100%| O|  |TAMS 0x0000000084800000, 0x0000000084800000| Untracked 
|  73|0x0000000084900000, 0x0000000084a00000, 0x0000000084a00000|100%| O|  |TAMS 0x0000000084900000, 0x0000000084900000| Untracked 
|  74|0x0000000084a00000, 0x0000000084b00000, 0x0000000084b00000|100%| O|  |TAMS 0x0000000084a00000, 0x0000000084a00000| Untracked 
|  75|0x0000000084b00000, 0x0000000084c00000, 0x0000000084c00000|100%| O|  |TAMS 0x0000000084b00000, 0x0000000084b00000| Untracked 
|  76|0x0000000084c00000, 0x0000000084d00000, 0x0000000084d00000|100%| O|  |TAMS 0x0000000084c00000, 0x0000000084c00000| Untracked 
|  77|0x0000000084d00000, 0x0000000084e00000, 0x0000000084e00000|100%| O|  |TAMS 0x0000000084d00000, 0x0000000084d00000| Untracked 
|  78|0x0000000084e00000, 0x0000000084f00000, 0x0000000084f00000|100%| O|  |TAMS 0x0000000084e00000, 0x0000000084e00000| Untracked 
|  79|0x0000000084f00000, 0x0000000085000000, 0x0000000085000000|100%| O|  |TAMS 0x0000000084f00000, 0x0000000084f00000| Untracked 
|  80|0x0000000085000000, 0x0000000085100000, 0x0000000085100000|100%| O|  |TAMS 0x0000000085000000, 0x0000000085000000| Untracked 
|  81|0x0000000085100000, 0x0000000085200000, 0x0000000085200000|100%| O|  |TAMS 0x0000000085100000, 0x0000000085100000| Untracked 
|  82|0x0000000085200000, 0x0000000085300000, 0x0000000085300000|100%| O|  |TAMS 0x0000000085200000, 0x0000000085200000| Untracked 
|  83|0x0000000085300000, 0x0000000085400000, 0x0000000085400000|100%| O|  |TAMS 0x0000000085300000, 0x0000000085300000| Untracked 
|  84|0x0000000085400000, 0x0000000085500000, 0x0000000085500000|100%| O|  |TAMS 0x0000000085400000, 0x0000000085400000| Untracked 
|  85|0x0000000085500000, 0x0000000085600000, 0x0000000085600000|100%| O|  |TAMS 0x0000000085500000, 0x0000000085500000| Untracked 
|  86|0x0000000085600000, 0x0000000085700000, 0x0000000085700000|100%| O|  |TAMS 0x0000000085600000, 0x0000000085600000| Untracked 
|  87|0x0000000085700000, 0x0000000085700000, 0x0000000085800000|  0%| F|  |TAMS 0x0000000085700000, 0x0000000085700000| Untracked 
|  88|0x0000000085800000, 0x0000000085800000, 0x0000000085900000|  0%| F|  |TAMS 0x0000000085800000, 0x0000000085800000| Untracked 
|  89|0x0000000085900000, 0x0000000085900000, 0x0000000085a00000|  0%| F|  |TAMS 0x0000000085900000, 0x0000000085900000| Untracked 
|  90|0x0000000085a00000, 0x0000000085a00000, 0x0000000085b00000|  0%| F|  |TAMS 0x0000000085a00000, 0x0000000085a00000| Untracked 
|  91|0x0000000085b00000, 0x0000000085b00000, 0x0000000085c00000|  0%| F|  |TAMS 0x0000000085b00000, 0x0000000085b00000| Untracked 
|  92|0x0000000085c00000, 0x0000000085c00000, 0x0000000085d00000|  0%| F|  |TAMS 0x0000000085c00000, 0x0000000085c00000| Untracked 
|  93|0x0000000085d00000, 0x0000000085d00000, 0x0000000085e00000|  0%| F|  |TAMS 0x0000000085d00000, 0x0000000085d00000| Untracked 
|  94|0x0000000085e00000, 0x0000000085e00000, 0x0000000085f00000|  0%| F|  |TAMS 0x0000000085e00000, 0x0000000085e00000| Untracked 
|  95|0x0000000085f00000, 0x0000000085f00000, 0x0000000086000000|  0%| F|  |TAMS 0x0000000085f00000, 0x0000000085f00000| Untracked 
|  96|0x0000000086000000, 0x0000000086000000, 0x0000000086100000|  0%| F|  |TAMS 0x0000000086000000, 0x0000000086000000| Untracked 
|  97|0x0000000086100000, 0x0000000086100000, 0x0000000086200000|  0%| F|  |TAMS 0x0000000086100000, 0x0000000086100000| Untracked 
|  98|0x0000000086200000, 0x0000000086200000, 0x0000000086300000|  0%| F|  |TAMS 0x0000000086200000, 0x0000000086200000| Untracked 
|  99|0x0000000086300000, 0x0000000086300000, 0x0000000086400000|  0%| F|  |TAMS 0x0000000086300000, 0x0000000086300000| Untracked 
| 100|0x0000000086400000, 0x0000000086400000, 0x0000000086500000|  0%| F|  |TAMS 0x0000000086400000, 0x0000000086400000| Untracked 
| 101|0x0000000086500000, 0x0000000086500000, 0x0000000086600000|  0%| F|  |TAMS 0x0000000086500000, 0x0000000086500000| Untracked 
| 102|0x0000000086600000, 0x0000000086600000, 0x0000000086700000|  0%| F|  |TAMS 0x0000000086600000, 0x0000000086600000| Untracked 
| 103|0x0000000086700000, 0x0000000086700000, 0x0000000086800000|  0%| F|  |TAMS 0x0000000086700000, 0x0000000086700000| Untracked 
| 104|0x0000000086800000, 0x0000000086800000, 0x0000000086900000|  0%| F|  |TAMS 0x0000000086800000, 0x0000000086800000| Untracked 
| 105|0x0000000086900000, 0x0000000086900000, 0x0000000086a00000|  0%| F|  |TAMS 0x0000000086900000, 0x0000000086900000| Untracked 
| 106|0x0000000086a00000, 0x0000000086a00000, 0x0000000086b00000|  0%| F|  |TAMS 0x0000000086a00000, 0x0000000086a00000| Untracked 
| 107|0x0000000086b00000, 0x0000000086b00000, 0x0000000086c00000|  0%| F|  |TAMS 0x0000000086b00000, 0x0000000086b00000| Untracked 
| 108|0x0000000086c00000, 0x0000000086c00000, 0x0000000086d00000|  0%| F|  |TAMS 0x0000000086c00000, 0x0000000086c00000| Untracked 
| 109|0x0000000086d00000, 0x0000000086d00000, 0x0000000086e00000|  0%| F|  |TAMS 0x0000000086d00000, 0x0000000086d00000| Untracked 
| 110|0x0000000086e00000, 0x0000000086e00000, 0x0000000086f00000|  0%| F|  |TAMS 0x0000000086e00000, 0x0000000086e00000| Untracked 
| 111|0x0000000086f00000, 0x0000000086f00000, 0x0000000087000000|  0%| F|  |TAMS 0x0000000086f00000, 0x0000000086f00000| Untracked 
| 112|0x0000000087000000, 0x0000000087000000, 0x0000000087100000|  0%| F|  |TAMS 0x0000000087000000, 0x0000000087000000| Untracked 
| 113|0x0000000087100000, 0x0000000087100000, 0x0000000087200000|  0%| F|  |TAMS 0x0000000087100000, 0x0000000087100000| Untracked 
| 114|0x0000000087200000, 0x0000000087267608, 0x0000000087300000| 40%| S|CS|TAMS 0x0000000087200000, 0x0000000087200000| Complete 
| 115|0x0000000087300000, 0x0000000087300000, 0x0000000087400000|  0%| F|  |TAMS 0x0000000087300000, 0x0000000087300000| Untracked 
| 116|0x0000000087400000, 0x0000000087400000, 0x0000000087500000|  0%| F|  |TAMS 0x0000000087400000, 0x0000000087400000| Untracked 
| 117|0x0000000087500000, 0x0000000087500000, 0x0000000087600000|  0%| F|  |TAMS 0x0000000087500000, 0x0000000087500000| Untracked 
| 118|0x0000000087600000, 0x0000000087600000, 0x0000000087700000|  0%| F|  |TAMS 0x0000000087600000, 0x0000000087600000| Untracked 
| 119|0x0000000087700000, 0x0000000087700000, 0x0000000087800000|  0%| F|  |TAMS 0x0000000087700000, 0x0000000087700000| Untracked 
| 120|0x0000000087800000, 0x0000000087800000, 0x0000000087900000|  0%| F|  |TAMS 0x0000000087800000, 0x0000000087800000| Untracked 
| 121|0x0000000087900000, 0x0000000087900000, 0x0000000087a00000|  0%| F|  |TAMS 0x0000000087900000, 0x0000000087900000| Untracked 
| 122|0x0000000087a00000, 0x0000000087a00000, 0x0000000087b00000|  0%| F|  |TAMS 0x0000000087a00000, 0x0000000087a00000| Untracked 
| 123|0x0000000087b00000, 0x0000000087c00000, 0x0000000087c00000|100%| S|CS|TAMS 0x0000000087b00000, 0x0000000087b00000| Complete 
| 124|0x0000000087c00000, 0x0000000087d00000, 0x0000000087d00000|100%| S|CS|TAMS 0x0000000087c00000, 0x0000000087c00000| Complete 
| 125|0x0000000087d00000, 0x0000000087e00000, 0x0000000087e00000|100%| S|CS|TAMS 0x0000000087d00000, 0x0000000087d00000| Complete 
| 126|0x0000000087e00000, 0x0000000087f00000, 0x0000000087f00000|100%| S|CS|TAMS 0x0000000087e00000, 0x0000000087e00000| Complete 
| 127|0x0000000087f00000, 0x0000000088000000, 0x0000000088000000|100%| S|CS|TAMS 0x0000000087f00000, 0x0000000087f00000| Complete 
| 128|0x0000000088000000, 0x0000000088100000, 0x0000000088100000|100%| S|CS|TAMS 0x0000000088000000, 0x0000000088000000| Complete 
| 129|0x0000000088100000, 0x0000000088200000, 0x0000000088200000|100%| S|CS|TAMS 0x0000000088100000, 0x0000000088100000| Complete 
| 130|0x0000000088200000, 0x0000000088200000, 0x0000000088300000|  0%| F|  |TAMS 0x0000000088200000, 0x0000000088200000| Untracked 
| 131|0x0000000088300000, 0x0000000088300000, 0x0000000088400000|  0%| F|  |TAMS 0x0000000088300000, 0x0000000088300000| Untracked 
| 132|0x0000000088400000, 0x0000000088400000, 0x0000000088500000|  0%| F|  |TAMS 0x0000000088400000, 0x0000000088400000| Untracked 
| 133|0x0000000088500000, 0x0000000088500000, 0x0000000088600000|  0%| F|  |TAMS 0x0000000088500000, 0x0000000088500000| Untracked 
| 134|0x0000000088600000, 0x0000000088600000, 0x0000000088700000|  0%| F|  |TAMS 0x0000000088600000, 0x0000000088600000| Untracked 
| 135|0x0000000088700000, 0x0000000088700000, 0x0000000088800000|  0%| F|  |TAMS 0x0000000088700000, 0x0000000088700000| Untracked 
| 136|0x0000000088800000, 0x0000000088800000, 0x0000000088900000|  0%| F|  |TAMS 0x0000000088800000, 0x0000000088800000| Untracked 
| 137|0x0000000088900000, 0x0000000088900000, 0x0000000088a00000|  0%| F|  |TAMS 0x0000000088900000, 0x0000000088900000| Untracked 
| 138|0x0000000088a00000, 0x0000000088a00000, 0x0000000088b00000|  0%| F|  |TAMS 0x0000000088a00000, 0x0000000088a00000| Untracked 
| 139|0x0000000088b00000, 0x0000000088b00000, 0x0000000088c00000|  0%| F|  |TAMS 0x0000000088b00000, 0x0000000088b00000| Untracked 
| 140|0x0000000088c00000, 0x0000000088c00000, 0x0000000088d00000|  0%| F|  |TAMS 0x0000000088c00000, 0x0000000088c00000| Untracked 
| 141|0x0000000088d00000, 0x0000000088d00000, 0x0000000088e00000|  0%| F|  |TAMS 0x0000000088d00000, 0x0000000088d00000| Untracked 
| 142|0x0000000088e00000, 0x0000000088e00000, 0x0000000088f00000|  0%| F|  |TAMS 0x0000000088e00000, 0x0000000088e00000| Untracked 
| 143|0x0000000088f00000, 0x0000000088f00000, 0x0000000089000000|  0%| F|  |TAMS 0x0000000088f00000, 0x0000000088f00000| Untracked 
| 144|0x0000000089000000, 0x0000000089000000, 0x0000000089100000|  0%| F|  |TAMS 0x0000000089000000, 0x0000000089000000| Untracked 
| 145|0x0000000089100000, 0x0000000089100000, 0x0000000089200000|  0%| F|  |TAMS 0x0000000089100000, 0x0000000089100000| Untracked 
| 146|0x0000000089200000, 0x0000000089200000, 0x0000000089300000|  0%| F|  |TAMS 0x0000000089200000, 0x0000000089200000| Untracked 
| 147|0x0000000089300000, 0x0000000089300000, 0x0000000089400000|  0%| F|  |TAMS 0x0000000089300000, 0x0000000089300000| Untracked 
| 148|0x0000000089400000, 0x0000000089400000, 0x0000000089500000|  0%| F|  |TAMS 0x0000000089400000, 0x0000000089400000| Untracked 
| 149|0x0000000089500000, 0x0000000089500000, 0x0000000089600000|  0%| F|  |TAMS 0x0000000089500000, 0x0000000089500000| Untracked 
| 150|0x0000000089600000, 0x0000000089600000, 0x0000000089700000|  0%| F|  |TAMS 0x0000000089600000, 0x0000000089600000| Untracked 
| 151|0x0000000089700000, 0x0000000089700000, 0x0000000089800000|  0%| F|  |TAMS 0x0000000089700000, 0x0000000089700000| Untracked 
| 152|0x0000000089800000, 0x0000000089800000, 0x0000000089900000|  0%| F|  |TAMS 0x0000000089800000, 0x0000000089800000| Untracked 
| 153|0x0000000089900000, 0x0000000089900000, 0x0000000089a00000|  0%| F|  |TAMS 0x0000000089900000, 0x0000000089900000| Untracked 
| 154|0x0000000089a00000, 0x0000000089a00000, 0x0000000089b00000|  0%| F|  |TAMS 0x0000000089a00000, 0x0000000089a00000| Untracked 
| 155|0x0000000089b00000, 0x0000000089b00000, 0x0000000089c00000|  0%| F|  |TAMS 0x0000000089b00000, 0x0000000089b00000| Untracked 
| 156|0x0000000089c00000, 0x0000000089c00000, 0x0000000089d00000|  0%| F|  |TAMS 0x0000000089c00000, 0x0000000089c00000| Untracked 
| 157|0x0000000089d00000, 0x0000000089d00000, 0x0000000089e00000|  0%| F|  |TAMS 0x0000000089d00000, 0x0000000089d00000| Untracked 
| 158|0x0000000089e00000, 0x0000000089e00000, 0x0000000089f00000|  0%| F|  |TAMS 0x0000000089e00000, 0x0000000089e00000| Untracked 
| 159|0x0000000089f00000, 0x0000000089f00000, 0x000000008a000000|  0%| F|  |TAMS 0x0000000089f00000, 0x0000000089f00000| Untracked 
| 160|0x000000008a000000, 0x000000008a000000, 0x000000008a100000|  0%| F|  |TAMS 0x000000008a000000, 0x000000008a000000| Untracked 
| 161|0x000000008a100000, 0x000000008a100000, 0x000000008a200000|  0%| F|  |TAMS 0x000000008a100000, 0x000000008a100000| Untracked 
| 162|0x000000008a200000, 0x000000008a200000, 0x000000008a300000|  0%| F|  |TAMS 0x000000008a200000, 0x000000008a200000| Untracked 
| 163|0x000000008a300000, 0x000000008a300000, 0x000000008a400000|  0%| F|  |TAMS 0x000000008a300000, 0x000000008a300000| Untracked 
| 164|0x000000008a400000, 0x000000008a400000, 0x000000008a500000|  0%| F|  |TAMS 0x000000008a400000, 0x000000008a400000| Untracked 
| 165|0x000000008a500000, 0x000000008a500000, 0x000000008a600000|  0%| F|  |TAMS 0x000000008a500000, 0x000000008a500000| Untracked 
| 166|0x000000008a600000, 0x000000008a600000, 0x000000008a700000|  0%| F|  |TAMS 0x000000008a600000, 0x000000008a600000| Untracked 
| 167|0x000000008a700000, 0x000000008a700000, 0x000000008a800000|  0%| F|  |TAMS 0x000000008a700000, 0x000000008a700000| Untracked 
| 168|0x000000008a800000, 0x000000008a800000, 0x000000008a900000|  0%| F|  |TAMS 0x000000008a800000, 0x000000008a800000| Untracked 
| 169|0x000000008a900000, 0x000000008a900000, 0x000000008aa00000|  0%| F|  |TAMS 0x000000008a900000, 0x000000008a900000| Untracked 
| 170|0x000000008aa00000, 0x000000008aa00000, 0x000000008ab00000|  0%| F|  |TAMS 0x000000008aa00000, 0x000000008aa00000| Untracked 
| 171|0x000000008ab00000, 0x000000008ab00000, 0x000000008ac00000|  0%| F|  |TAMS 0x000000008ab00000, 0x000000008ab00000| Untracked 
| 172|0x000000008ac00000, 0x000000008ac00000, 0x000000008ad00000|  0%| F|  |TAMS 0x000000008ac00000, 0x000000008ac00000| Untracked 
| 173|0x000000008ad00000, 0x000000008ad00000, 0x000000008ae00000|  0%| F|  |TAMS 0x000000008ad00000, 0x000000008ad00000| Untracked 
| 174|0x000000008ae00000, 0x000000008ae00000, 0x000000008af00000|  0%| F|  |TAMS 0x000000008ae00000, 0x000000008ae00000| Untracked 
| 175|0x000000008af00000, 0x000000008af00000, 0x000000008b000000|  0%| F|  |TAMS 0x000000008af00000, 0x000000008af00000| Untracked 
| 176|0x000000008b000000, 0x000000008b000000, 0x000000008b100000|  0%| F|  |TAMS 0x000000008b000000, 0x000000008b000000| Untracked 
| 177|0x000000008b100000, 0x000000008b100000, 0x000000008b200000|  0%| F|  |TAMS 0x000000008b100000, 0x000000008b100000| Untracked 
| 178|0x000000008b200000, 0x000000008b200000, 0x000000008b300000|  0%| F|  |TAMS 0x000000008b200000, 0x000000008b200000| Untracked 
| 179|0x000000008b300000, 0x000000008b300000, 0x000000008b400000|  0%| F|  |TAMS 0x000000008b300000, 0x000000008b300000| Untracked 
| 180|0x000000008b400000, 0x000000008b400000, 0x000000008b500000|  0%| F|  |TAMS 0x000000008b400000, 0x000000008b400000| Untracked 
| 181|0x000000008b500000, 0x000000008b500000, 0x000000008b600000|  0%| F|  |TAMS 0x000000008b500000, 0x000000008b500000| Untracked 
| 182|0x000000008b600000, 0x000000008b600000, 0x000000008b700000|  0%| F|  |TAMS 0x000000008b600000, 0x000000008b600000| Untracked 
| 183|0x000000008b700000, 0x000000008b700000, 0x000000008b800000|  0%| F|  |TAMS 0x000000008b700000, 0x000000008b700000| Untracked 
| 184|0x000000008b800000, 0x000000008b800000, 0x000000008b900000|  0%| F|  |TAMS 0x000000008b800000, 0x000000008b800000| Untracked 
| 185|0x000000008b900000, 0x000000008b900000, 0x000000008ba00000|  0%| F|  |TAMS 0x000000008b900000, 0x000000008b900000| Untracked 
| 186|0x000000008ba00000, 0x000000008ba00000, 0x000000008bb00000|  0%| F|  |TAMS 0x000000008ba00000, 0x000000008ba00000| Untracked 
| 187|0x000000008bb00000, 0x000000008bb00000, 0x000000008bc00000|  0%| F|  |TAMS 0x000000008bb00000, 0x000000008bb00000| Untracked 
| 188|0x000000008bc00000, 0x000000008bc00000, 0x000000008bd00000|  0%| F|  |TAMS 0x000000008bc00000, 0x000000008bc00000| Untracked 
| 189|0x000000008bd00000, 0x000000008bd00000, 0x000000008be00000|  0%| F|  |TAMS 0x000000008bd00000, 0x000000008bd00000| Untracked 
| 190|0x000000008be00000, 0x000000008be00000, 0x000000008bf00000|  0%| F|  |TAMS 0x000000008be00000, 0x000000008be00000| Untracked 
| 191|0x000000008bf00000, 0x000000008bf00000, 0x000000008c000000|  0%| F|  |TAMS 0x000000008bf00000, 0x000000008bf00000| Untracked 
| 192|0x000000008c000000, 0x000000008c000000, 0x000000008c100000|  0%| F|  |TAMS 0x000000008c000000, 0x000000008c000000| Untracked 
| 193|0x000000008c100000, 0x000000008c100000, 0x000000008c200000|  0%| F|  |TAMS 0x000000008c100000, 0x000000008c100000| Untracked 
| 194|0x000000008c200000, 0x000000008c200000, 0x000000008c300000|  0%| F|  |TAMS 0x000000008c200000, 0x000000008c200000| Untracked 
| 195|0x000000008c300000, 0x000000008c300000, 0x000000008c400000|  0%| F|  |TAMS 0x000000008c300000, 0x000000008c300000| Untracked 
| 196|0x000000008c400000, 0x000000008c400000, 0x000000008c500000|  0%| F|  |TAMS 0x000000008c400000, 0x000000008c400000| Untracked 
| 197|0x000000008c500000, 0x000000008c500000, 0x000000008c600000|  0%| F|  |TAMS 0x000000008c500000, 0x000000008c500000| Untracked 
| 198|0x000000008c600000, 0x000000008c600000, 0x000000008c700000|  0%| F|  |TAMS 0x000000008c600000, 0x000000008c600000| Untracked 
| 199|0x000000008c700000, 0x000000008c700000, 0x000000008c800000|  0%| F|  |TAMS 0x000000008c700000, 0x000000008c700000| Untracked 
| 200|0x000000008c800000, 0x000000008c800000, 0x000000008c900000|  0%| F|  |TAMS 0x000000008c800000, 0x000000008c800000| Untracked 
| 201|0x000000008c900000, 0x000000008c900000, 0x000000008ca00000|  0%| F|  |TAMS 0x000000008c900000, 0x000000008c900000| Untracked 
| 202|0x000000008ca00000, 0x000000008ca00000, 0x000000008cb00000|  0%| F|  |TAMS 0x000000008ca00000, 0x000000008ca00000| Untracked 
| 203|0x000000008cb00000, 0x000000008cb00000, 0x000000008cc00000|  0%| F|  |TAMS 0x000000008cb00000, 0x000000008cb00000| Untracked 
| 204|0x000000008cc00000, 0x000000008cc00000, 0x000000008cd00000|  0%| F|  |TAMS 0x000000008cc00000, 0x000000008cc00000| Untracked 
| 205|0x000000008cd00000, 0x000000008cd00000, 0x000000008ce00000|  0%| F|  |TAMS 0x000000008cd00000, 0x000000008cd00000| Untracked 
| 206|0x000000008ce00000, 0x000000008ce00000, 0x000000008cf00000|  0%| F|  |TAMS 0x000000008ce00000, 0x000000008ce00000| Untracked 
| 207|0x000000008cf00000, 0x000000008cf00000, 0x000000008d000000|  0%| F|  |TAMS 0x000000008cf00000, 0x000000008cf00000| Untracked 
| 208|0x000000008d000000, 0x000000008d000000, 0x000000008d100000|  0%| F|  |TAMS 0x000000008d000000, 0x000000008d000000| Untracked 
| 209|0x000000008d100000, 0x000000008d100000, 0x000000008d200000|  0%| F|  |TAMS 0x000000008d100000, 0x000000008d100000| Untracked 
| 210|0x000000008d200000, 0x000000008d200000, 0x000000008d300000|  0%| F|  |TAMS 0x000000008d200000, 0x000000008d200000| Untracked 
| 211|0x000000008d300000, 0x000000008d300000, 0x000000008d400000|  0%| F|  |TAMS 0x000000008d300000, 0x000000008d300000| Untracked 
| 212|0x000000008d400000, 0x000000008d400000, 0x000000008d500000|  0%| F|  |TAMS 0x000000008d400000, 0x000000008d400000| Untracked 
| 213|0x000000008d500000, 0x000000008d500000, 0x000000008d600000|  0%| F|  |TAMS 0x000000008d500000, 0x000000008d500000| Untracked 
| 214|0x000000008d600000, 0x000000008d600000, 0x000000008d700000|  0%| F|  |TAMS 0x000000008d600000, 0x000000008d600000| Untracked 
| 215|0x000000008d700000, 0x000000008d700000, 0x000000008d800000|  0%| F|  |TAMS 0x000000008d700000, 0x000000008d700000| Untracked 
| 216|0x000000008d800000, 0x000000008d800000, 0x000000008d900000|  0%| F|  |TAMS 0x000000008d800000, 0x000000008d800000| Untracked 
| 217|0x000000008d900000, 0x000000008d900000, 0x000000008da00000|  0%| F|  |TAMS 0x000000008d900000, 0x000000008d900000| Untracked 
| 218|0x000000008da00000, 0x000000008da00000, 0x000000008db00000|  0%| F|  |TAMS 0x000000008da00000, 0x000000008da00000| Untracked 
| 219|0x000000008db00000, 0x000000008db00000, 0x000000008dc00000|  0%| F|  |TAMS 0x000000008db00000, 0x000000008db00000| Untracked 
| 220|0x000000008dc00000, 0x000000008dc00000, 0x000000008dd00000|  0%| F|  |TAMS 0x000000008dc00000, 0x000000008dc00000| Untracked 
| 221|0x000000008dd00000, 0x000000008dd00000, 0x000000008de00000|  0%| F|  |TAMS 0x000000008dd00000, 0x000000008dd00000| Untracked 

Card table byte_map: [0x000001e6684a0000,0x000001e6688a0000] _byte_map_base: 0x000001e6680a0000

Marking Bits (Prev, Next): (CMBitMap*) 0x000001e65363e7e8, (CMBitMap*) 0x000001e65363e820
 Prev Bits: [0x000001e668ca0000, 0x000001e66aca0000)
 Next Bits: [0x000001e66aca0000, 0x000001e66cca0000)

Polling page: 0x000001e653810000

Metaspace:

Usage:
  Non-class:     80.19 MB capacity,    78.34 MB ( 98%) used,     1.51 MB (  2%) free+waste,   342.75 KB ( <1%) overhead. 
      Class:     12.72 MB capacity,    11.65 MB ( 92%) used,   947.20 KB (  7%) free+waste,   156.31 KB (  1%) overhead. 
       Both:     92.91 MB capacity,    89.99 MB ( 97%) used,     2.43 MB (  3%) free+waste,   499.06 KB ( <1%) overhead. 

Virtual space:
  Non-class space:       82.00 MB reserved,      80.25 MB ( 98%) committed 
      Class space:        1.00 GB reserved,      12.82 MB (  1%) committed 
             Both:        1.08 GB reserved,      93.07 MB (  8%) committed 

Chunk freelists:
   Non-Class:  2.00 KB
       Class:  0 bytes
        Both:  2.00 KB

MaxMetaspaceSize: 17179869184.00 GB
CompressedClassSpaceSize: 1.00 GB
Initial GC threshold: 20.80 MB
Current GC threshold: 103.88 MB
CDS: off

CodeHeap 'non-profiled nmethods': size=120064Kb used=8630Kb max_used=8699Kb free=111434Kb
 bounds [0x000001e660540000, 0x000001e660dc0000, 0x000001e667a80000]
CodeHeap 'profiled nmethods': size=120000Kb used=27242Kb max_used=27242Kb free=92757Kb
 bounds [0x000001e659010000, 0x000001e65aab0000, 0x000001e660540000]
CodeHeap 'non-nmethods': size=5696Kb used=2383Kb max_used=2436Kb free=3312Kb
 bounds [0x000001e658a80000, 0x000001e658cf0000, 0x000001e659010000]
 total_blobs=12815 nmethods=11909 adapters=816
 compilation: enabled
              stopped_count=0, restarted_count=0
 full_count=0

Compilation events (20 events):
Event: 48.258 Thread 0x000001e66fb49800 12094       3       org.gradle.internal.Try$Success::getFailure (4 bytes)
Event: 48.258 Thread 0x000001e66fb49800 nmethod 12094 0x000001e65aaa5a90 code [0x000001e65aaa5c40, 0x000001e65aaa5d98]
Event: 48.259 Thread 0x000001e66fb49800 12095       3       org.gradle.internal.execution.steps.ExecuteWorkBuildOperationFiringStep$$Lambda$1487/0x0000000100caf440::get$Lambda (9 bytes)
Event: 48.259 Thread 0x000001e66fb49800 nmethod 12095 0x000001e65aaa5e90 code [0x000001e65aaa6060, 0x000001e65aaa62b8]
Event: 48.259 Thread 0x000001e66fb49800 12096       3       org.gradle.api.internal.artifacts.transform.TransformExecutionResult$Builder::<init> (17 bytes)
Event: 48.261 Thread 0x000001e66fb49800 nmethod 12096 0x000001e65aaa6390 code [0x000001e65aaa6580, 0x000001e65aaa6a78]
Event: 48.264 Thread 0x000001e66fb49800 12097   !   3       java.nio.file.Files::readAllLines (76 bytes)
Event: 48.266 Thread 0x000001e66fb49800 nmethod 12097 0x000001e65aaa6c10 code [0x000001e65aaa6fa0, 0x000001e65aaa8698]
Event: 48.267 Thread 0x000001e66fb49800 12098       3       org.gradle.api.internal.artifacts.transform.TransformExecutionResult$Builder::build (38 bytes)
Event: 48.269 Thread 0x000001e66fb49800 nmethod 12098 0x000001e65aaa9010 code [0x000001e65aaa92a0, 0x000001e65aaaa008]
Event: 48.271 Thread 0x000001e66fb49800 12099       3       org.gradle.internal.execution.steps.IdentityCacheStep$$Lambda$1492/0x0000000100cad840::apply (5 bytes)
Event: 48.271 Thread 0x000001e66fb49800 nmethod 12099 0x000001e65aaaa490 code [0x000001e65aaaa640, 0x000001e65aaaa798]
Event: 48.300 Thread 0x000001e674edb800 nmethod 12072 0x000001e6605dbf90 code [0x000001e6605dc220, 0x000001e6605dde88]
Event: 48.300 Thread 0x000001e674edb800 12073       4       java.util.ArrayDeque::removeFirst (19 bytes)
Event: 48.305 Thread 0x000001e674edb800 nmethod 12073 0x000001e6605dbb90 code [0x000001e6605dbd20, 0x000001e6605dbe38]
Event: 48.307 Thread 0x000001e674edb800 12100       4       sun.nio.fs.NativeBuffers::getNativeBufferFromCache (51 bytes)
Event: 48.315 Thread 0x000001e66fb47800 nmethod 12071 0x000001e6605d8910 code [0x000001e6605d8ba0, 0x000001e6605dac28]
Event: 48.317 Thread 0x000001e66fb47800 12101       4       org.gradle.internal.snapshot.ChildMapFactory::childMapFromSorted (84 bytes)
Event: 48.328 Thread 0x000001e674edb800 nmethod 12100 0x000001e6605d7e90 code [0x000001e6605d8080, 0x000001e6605d8510]
Event: 48.328 Thread 0x000001e66fb47800 nmethod 12101 0x000001e6605d7690 code [0x000001e6605d7860, 0x000001e6605d7bd8]

GC Heap History (20 events):
Event: 28.440 GC heap after
{Heap after GC invocations=25 (full 0):
 garbage-first heap   total 157696K, used 52232K [0x0000000080000000, 0x0000000100000000)
  region size 1024K, 4 young (4096K), 4 survivors (4096K)
 Metaspace       used 64993K, capacity 66987K, committed 67148K, reserved 1107968K
  class space    used 8202K, capacity 8925K, committed 9036K, reserved 1048576K
}
Event: 29.574 GC heap before
{Heap before GC invocations=25 (full 0):
 garbage-first heap   total 157696K, used 132104K [0x0000000080000000, 0x0000000100000000)
  region size 1024K, 75 young (76800K), 4 survivors (4096K)
 Metaspace       used 67647K, capacity 69650K, committed 69708K, reserved 1110016K
  class space    used 8536K, capacity 9276K, committed 9292K, reserved 1048576K
}
Event: 29.588 GC heap after
{Heap after GC invocations=26 (full 0):
 garbage-first heap   total 157696K, used 56561K [0x0000000080000000, 0x0000000100000000)
  region size 1024K, 9 young (9216K), 9 survivors (9216K)
 Metaspace       used 67647K, capacity 69650K, committed 69708K, reserved 1110016K
  class space    used 8536K, capacity 9276K, committed 9292K, reserved 1048576K
}
Event: 30.762 GC heap before
{Heap before GC invocations=26 (full 0):
 garbage-first heap   total 157696K, used 127217K [0x0000000080000000, 0x0000000100000000)
  region size 1024K, 77 young (78848K), 9 survivors (9216K)
 Metaspace       used 70108K, capacity 72193K, committed 72396K, reserved 1112064K
  class space    used 8845K, capacity 9650K, committed 9676K, reserved 1048576K
}
Event: 30.783 GC heap after
{Heap after GC invocations=27 (full 0):
 garbage-first heap   total 189440K, used 59564K [0x0000000080000000, 0x0000000100000000)
  region size 1024K, 8 young (8192K), 8 survivors (8192K)
 Metaspace       used 70108K, capacity 72193K, committed 72396K, reserved 1112064K
  class space    used 8845K, capacity 9650K, committed 9676K, reserved 1048576K
}
Event: 32.167 GC heap before
{Heap before GC invocations=27 (full 0):
 garbage-first heap   total 189440K, used 143532K [0x0000000080000000, 0x0000000100000000)
  region size 1024K, 90 young (92160K), 8 survivors (8192K)
 Metaspace       used 71528K, capacity 73688K, committed 73932K, reserved 1114112K
  class space    used 9056K, capacity 9865K, committed 9932K, reserved 1048576K
}
Event: 32.185 GC heap after
{Heap after GC invocations=28 (full 0):
 garbage-first heap   total 189440K, used 63306K [0x0000000080000000, 0x0000000100000000)
  region size 1024K, 7 young (7168K), 7 survivors (7168K)
 Metaspace       used 71528K, capacity 73688K, committed 73932K, reserved 1114112K
  class space    used 9056K, capacity 9865K, committed 9932K, reserved 1048576K
}
Event: 33.296 GC heap before
{Heap before GC invocations=28 (full 0):
 garbage-first heap   total 189440K, used 147274K [0x0000000080000000, 0x0000000100000000)
  region size 1024K, 89 young (91136K), 7 survivors (7168K)
 Metaspace       used 74810K, capacity 77003K, committed 77260K, reserved 1116160K
  class space    used 9590K, capacity 10391K, committed 10444K, reserved 1048576K
}
Event: 33.311 GC heap after
{Heap after GC invocations=29 (full 0):
 garbage-first heap   total 189440K, used 64619K [0x0000000080000000, 0x0000000100000000)
  region size 1024K, 6 young (6144K), 6 survivors (6144K)
 Metaspace       used 74810K, capacity 77003K, committed 77260K, reserved 1116160K
  class space    used 9590K, capacity 10391K, committed 10444K, reserved 1048576K
}
Event: 34.670 GC heap before
{Heap before GC invocations=29 (full 0):
 garbage-first heap   total 189440K, used 149611K [0x0000000080000000, 0x0000000100000000)
  region size 1024K, 89 young (91136K), 6 survivors (6144K)
 Metaspace       used 77685K, capacity 79891K, committed 80076K, reserved 1118208K
  class space    used 10077K, capacity 10902K, committed 10956K, reserved 1048576K
}
Event: 34.694 GC heap after
{Heap after GC invocations=30 (full 0):
 garbage-first heap   total 189440K, used 67573K [0x0000000080000000, 0x0000000100000000)
  region size 1024K, 9 young (9216K), 9 survivors (9216K)
 Metaspace       used 77685K, capacity 79891K, committed 80076K, reserved 1118208K
  class space    used 10077K, capacity 10902K, committed 10956K, reserved 1048576K
}
Event: 36.271 GC heap before
{Heap before GC invocations=30 (full 0):
 garbage-first heap   total 189440K, used 151541K [0x0000000080000000, 0x0000000100000000)
  region size 1024K, 91 young (93184K), 9 survivors (9216K)
 Metaspace       used 80463K, capacity 82872K, committed 83148K, reserved 1120256K
  class space    used 10475K, capacity 11379K, committed 11468K, reserved 1048576K
}
Event: 36.304 GC heap after
{Heap after GC invocations=31 (full 0):
 garbage-first heap   total 227328K, used 70898K [0x0000000080000000, 0x0000000100000000)
  region size 1024K, 8 young (8192K), 8 survivors (8192K)
 Metaspace       used 80463K, capacity 82872K, committed 83148K, reserved 1120256K
  class space    used 10475K, capacity 11379K, committed 11468K, reserved 1048576K
}
Event: 38.525 GC heap before
{Heap before GC invocations=31 (full 0):
 garbage-first heap   total 227328K, used 173298K [0x0000000080000000, 0x0000000100000000)
  region size 1024K, 108 young (110592K), 8 survivors (8192K)
 Metaspace       used 84480K, capacity 86932K, committed 86988K, reserved 1124352K
  class space    used 11050K, capacity 11941K, committed 11980K, reserved 1048576K
}
Event: 38.548 GC heap after
{Heap after GC invocations=32 (full 0):
 garbage-first heap   total 227328K, used 73505K [0x0000000080000000, 0x0000000100000000)
  region size 1024K, 9 young (9216K), 9 survivors (9216K)
 Metaspace       used 84480K, capacity 86932K, committed 86988K, reserved 1124352K
  class space    used 11050K, capacity 11941K, committed 11980K, reserved 1048576K
}
Event: 40.387 GC heap before
{Heap before GC invocations=32 (full 0):
 garbage-first heap   total 227328K, used 177953K [0x0000000080000000, 0x0000000100000000)
  region size 1024K, 111 young (113664K), 9 survivors (9216K)
 Metaspace       used 86891K, capacity 89506K, committed 89676K, reserved 1126400K
  class space    used 11347K, capacity 12341K, committed 12364K, reserved 1048576K
}
Event: 40.430 GC heap after
{Heap after GC invocations=33 (full 0):
 garbage-first heap   total 227328K, used 81794K [0x0000000080000000, 0x0000000100000000)
  region size 1024K, 14 young (14336K), 14 survivors (14336K)
 Metaspace       used 86891K, capacity 89506K, committed 89676K, reserved 1126400K
  class space    used 11347K, capacity 12341K, committed 12364K, reserved 1048576K
}
Event: 42.773 GC heap before
{Heap before GC invocations=33 (full 0):
 garbage-first heap   total 227328K, used 183170K [0x0000000080000000, 0x0000000100000000)
  region size 1024K, 113 young (115712K), 14 survivors (14336K)
 Metaspace       used 90459K, capacity 93276K, committed 93516K, reserved 1130496K
  class space    used 11806K, capacity 12853K, committed 12876K, reserved 1048576K
}
Event: 42.829 GC heap after
{Heap after GC invocations=34 (full 0):
 garbage-first heap   total 227328K, used 88979K [0x0000000080000000, 0x0000000100000000)
  region size 1024K, 8 young (8192K), 8 survivors (8192K)
 Metaspace       used 90459K, capacity 93276K, committed 93516K, reserved 1130496K
  class space    used 11806K, capacity 12853K, committed 12876K, reserved 1048576K
}
Event: 48.329 GC heap before
{Heap before GC invocations=34 (full 0):
 garbage-first heap   total 227328K, used 182163K [0x0000000080000000, 0x0000000100000000)
  region size 1024K, 100 young (102400K), 8 survivors (8192K)
 Metaspace       used 92147K, capacity 95139K, committed 95308K, reserved 1132544K
  class space    used 11925K, capacity 13029K, committed 13132K, reserved 1048576K
}

Deoptimization events (20 events):
Event: 46.442 Thread 0x000001e671025800 DEOPT PACKING pc=0x000001e660d6d208 sp=0x000000e5502fe420
Event: 46.442 Thread 0x000001e671025800 DEOPT UNPACKING pc=0x000001e658aca1af sp=0x000000e5502fe2e8 mode 2
Event: 46.468 Thread 0x000001e671025800 Uncommon trap: trap_request=0xffffffd6 fr.pc=0x000001e660d6d208 relative=0x0000000000000d28
Event: 46.468 Thread 0x000001e671025800 Uncommon trap: reason=array_check action=maybe_recompile pc=0x000001e660d6d208 method=com.google.common.collect.RegularImmutableMap.fromEntryArrayCheckingBucketOverflow(I[Ljava/util/Map$Entry;Z)Lcom/google/common/collect/ImmutableMap; @ 216 c2
Event: 46.468 Thread 0x000001e671025800 DEOPT PACKING pc=0x000001e660d6d208 sp=0x000000e5502fe420
Event: 46.468 Thread 0x000001e671025800 DEOPT UNPACKING pc=0x000001e658aca1af sp=0x000000e5502fe2e8 mode 2
Event: 46.471 Thread 0x000001e67155b000 DEOPT PACKING pc=0x000001e65a3d4344 sp=0x000000e5519fb7c0
Event: 46.471 Thread 0x000001e67155b000 DEOPT UNPACKING pc=0x000001e658aca95e sp=0x000000e5519fad60 mode 0
Event: 46.571 Thread 0x000001e67155f000 Uncommon trap: trap_request=0xffffffd6 fr.pc=0x000001e660d78adc relative=0x000000000000071c
Event: 46.571 Thread 0x000001e67155f000 Uncommon trap: reason=array_check action=maybe_recompile pc=0x000001e660d78adc method=java.util.TimSort.binarySort([Ljava/lang/Object;IIILjava/util/Comparator;)V @ 215 c2
Event: 46.571 Thread 0x000001e67155f000 DEOPT PACKING pc=0x000001e660d78adc sp=0x000000e5518fccd0
Event: 46.571 Thread 0x000001e67155f000 DEOPT UNPACKING pc=0x000001e658aca1af sp=0x000000e5518fcc78 mode 2
Event: 46.571 Thread 0x000001e671ba4800 Uncommon trap: trap_request=0xffffffd6 fr.pc=0x000001e660d78adc relative=0x000000000000071c
Event: 46.571 Thread 0x000001e671ba4800 Uncommon trap: reason=array_check action=maybe_recompile pc=0x000001e660d78adc method=java.util.TimSort.binarySort([Ljava/lang/Object;IIILjava/util/Comparator;)V @ 215 c2
Event: 46.571 Thread 0x000001e671ba4800 DEOPT PACKING pc=0x000001e660d78adc sp=0x000000e5512f8320
Event: 46.571 Thread 0x000001e671ba4800 DEOPT UNPACKING pc=0x000001e658aca1af sp=0x000000e5512f82c8 mode 2
Event: 47.933 Thread 0x000001e671ba4800 DEOPT PACKING pc=0x000001e65a1f4ba4 sp=0x000000e5512fa690
Event: 47.933 Thread 0x000001e671ba4800 DEOPT UNPACKING pc=0x000001e658aca95e sp=0x000000e5512f9b60 mode 0
Event: 47.933 Thread 0x000001e671ba4800 DEOPT PACKING pc=0x000001e65a1af134 sp=0x000000e5512fa740
Event: 47.933 Thread 0x000001e671ba4800 DEOPT UNPACKING pc=0x000001e658aca95e sp=0x000000e5512f9bc8 mode 0

Classes redefined (0 events):
No events

Internal exceptions (20 events):
Event: 42.066 Thread 0x000001e6713b4800 Exception <a 'java/lang/NoSuchMethodError'{0x0000000088505070}: <clinit>> (0x0000000088505070) thrown at [src/hotspot/share/prims/jni.cpp, line 1367]
Event: 42.066 Thread 0x000001e671ba4800 Exception <a 'sun/nio/fs/WindowsException'{0x00000000887e2e20}> (0x00000000887e2e20) thrown at [src/hotspot/share/prims/jni.cpp, line 617]
Event: 42.099 Thread 0x000001e671031800 Exception <a 'java/lang/NoSuchMethodError'{0x00000000886a91e0}: <clinit>> (0x00000000886a91e0) thrown at [src/hotspot/share/prims/jni.cpp, line 1367]
Event: 42.217 Thread 0x000001e671ba4800 Exception <a 'java/lang/NoSuchMethodError'{0x00000000883cdc10}: 'int java.lang.invoke.DirectMethodHandle$Holder.invokeSpecial(java.lang.Object, java.lang.Object, java.lang.Object, java.lang.Object, java.lang.Object)'> (0x00000000883cdc10) thrown at [src/hotspot/share/interpreter/linkResolver.cpp, line 773]
Event: 42.296 Thread 0x000001e671ba4800 Exception <a 'sun/nio/fs/WindowsException'{0x00000000881103c8}> (0x00000000881103c8) thrown at [src/hotspot/share/prims/jni.cpp, line 617]
Event: 42.305 Thread 0x000001e671ba4800 Exception <a 'sun/nio/fs/WindowsException'{0x0000000088112568}> (0x0000000088112568) thrown at [src/hotspot/share/prims/jni.cpp, line 617]
Event: 42.312 Thread 0x000001e671ba4800 Exception <a 'sun/nio/fs/WindowsException'{0x0000000088114768}> (0x0000000088114768) thrown at [src/hotspot/share/prims/jni.cpp, line 617]
Event: 42.314 Thread 0x000001e671ba4800 Exception <a 'sun/nio/fs/WindowsException'{0x0000000088116a18}> (0x0000000088116a18) thrown at [src/hotspot/share/prims/jni.cpp, line 617]
Event: 44.393 Thread 0x000001e671ba4800 Exception <a 'java/lang/NoSuchMethodError'{0x000000008cbcb9d8}: 'void java.lang.invoke.DirectMethodHandle$Holder.invokeStatic(java.lang.Object, java.lang.Object, java.lang.Object, java.lang.Object, int, java.lang.Object, java.lang.Object)'> (0x000000008cbcb9d8) thrown at [src/hotspot/share/interpreter/linkResolver.cpp, line 773]
Event: 44.473 Thread 0x000001e67155b000 Exception <a 'java/lang/NoSuchMethodError'{0x000000008c6034f0}: 'java.lang.Object java.lang.invoke.DirectMethodHandle$Holder.invokeSpecialIFC(java.lang.Object, java.lang.Object, java.lang.Object)'> (0x000000008c6034f0) thrown at [src/hotspot/share/interpreter/linkResolver.cpp, line 773]
Event: 44.473 Thread 0x000001e671560000 Exception <a 'java/lang/NoSuchMethodError'{0x000000008c7d1710}: 'java.lang.Object java.lang.invoke.DirectMethodHandle$Holder.invokeSpecialIFC(java.lang.Object, java.lang.Object, java.lang.Object)'> (0x000000008c7d1710) thrown at [src/hotspot/share/interpreter/linkResolver.cpp, line 773]
Event: 44.473 Thread 0x000001e67155f000 Exception <a 'java/lang/NoSuchMethodError'{0x000000008c7df750}: 'java.lang.Object java.lang.invoke.DirectMethodHandle$Holder.invokeSpecialIFC(java.lang.Object, java.lang.Object, java.lang.Object)'> (0x000000008c7df750) thrown at [src/hotspot/share/interpreter/linkResolver.cpp, line 773]
Event: 44.473 Thread 0x000001e671ba4800 Exception <a 'java/lang/NoSuchMethodError'{0x000000008c9b0bd8}: 'java.lang.Object java.lang.invoke.DirectMethodHandle$Holder.invokeSpecialIFC(java.lang.Object, java.lang.Object, java.lang.Object)'> (0x000000008c9b0bd8) thrown at [src/hotspot/share/interpreter/linkResolver.cpp, line 773]
Event: 45.159 Thread 0x000001e67155b000 Exception <a 'java/lang/NoSuchMethodError'{0x000000008b0bfb68}: 'void java.lang.invoke.DirectMethodHandle$Holder.invokeVirtual(java.lang.Object, java.lang.Object)'> (0x000000008b0bfb68) thrown at [src/hotspot/share/interpreter/linkResolver.cpp, line 773]
Event: 45.371 Thread 0x000001e671ba4800 Implicit null exception at 0x000001e660d3dcaf to 0x000001e660d3e4e4
Event: 45.371 Thread 0x000001e671ba4800 Implicit null exception at 0x000001e660d3dcaf to 0x000001e660d3e4e4
Event: 45.372 Thread 0x000001e671ba4800 Implicit null exception at 0x000001e660d3dcaf to 0x000001e660d3e4e4
Event: 45.394 Thread 0x000001e67155f000 Implicit null exception at 0x000001e660d3dcaf to 0x000001e660d3e4e4
Event: 46.116 Thread 0x000001e67155f000 Implicit null exception at 0x000001e660d5c15b to 0x000001e660d5c1ec
Event: 46.167 Thread 0x000001e671560000 Implicit null exception at 0x000001e660d5f188 to 0x000001e660d5f9f4

Events (20 events):
Event: 48.127 Thread 0x000001e66fb6f000 flushing nmethod 0x000001e659019090
Event: 48.127 Thread 0x000001e66fb6f000 flushing nmethod 0x000001e659019790
Event: 48.127 Thread 0x000001e66fb6f000 flushing nmethod 0x000001e65901d990
Event: 48.127 Thread 0x000001e66fb6f000 flushing nmethod 0x000001e659028690
Event: 48.127 Thread 0x000001e66fb6f000 flushing nmethod 0x000001e65902b910
Event: 48.127 Thread 0x000001e66fb6f000 flushing nmethod 0x000001e65902c590
Event: 48.127 Thread 0x000001e66fb6f000 flushing nmethod 0x000001e65902dd10
Event: 48.127 Thread 0x000001e66fb6f000 flushing nmethod 0x000001e65902e990
Event: 48.127 Thread 0x000001e66fb6f000 flushing nmethod 0x000001e659060190
Event: 48.129 Thread 0x000001e66fb6f000 flushing nmethod 0x000001e6591ae410
Event: 48.129 Thread 0x000001e66fb6f000 flushing nmethod 0x000001e6591c1f10
Event: 48.129 Thread 0x000001e66fb6f000 flushing nmethod 0x000001e65920e510
Event: 48.130 Thread 0x000001e66fb6f000 flushing nmethod 0x000001e659261290
Event: 48.133 Thread 0x000001e66fb6f000 flushing nmethod 0x000001e65952de90
Event: 48.134 Thread 0x000001e66fb6f000 flushing nmethod 0x000001e65965a110
Event: 48.140 Executing VM operation: ICBufferFull
Event: 48.146 Executing VM operation: ICBufferFull done
Event: 48.181 Executing VM operation: ICBufferFull
Event: 48.181 Executing VM operation: ICBufferFull done
Event: 48.329 Executing VM operation: G1CollectForAllocation


Dynamic libraries:
0x00007ff7a6e00000 - 0x00007ff7a6e0a000 	C:\Program Files\Android\Android Studio\jbr\bin\java.exe
0x00007ff902a30000 - 0x00007ff902c28000 	C:\WINDOWS\SYSTEM32\ntdll.dll
0x00007ff901d00000 - 0x00007ff901dbf000 	C:\WINDOWS\System32\KERNEL32.DLL
0x00007ff9002a0000 - 0x00007ff900596000 	C:\WINDOWS\System32\KERNELBASE.dll
0x00007ff9001a0000 - 0x00007ff9002a0000 	C:\WINDOWS\System32\ucrtbase.dll
0x00007ff8ec850000 - 0x00007ff8ec867000 	C:\Program Files\Android\Android Studio\jbr\bin\jli.dll
0x00007ff8f8b20000 - 0x00007ff8f8b3b000 	C:\Program Files\Android\Android Studio\jbr\bin\VCRUNTIME140.dll
0x00007ff9027f0000 - 0x00007ff90298d000 	C:\WINDOWS\System32\USER32.dll
0x00007ff900610000 - 0x00007ff900632000 	C:\WINDOWS\System32\win32u.dll
0x00007ff8ebc40000 - 0x00007ff8ebeda000 	C:\WINDOWS\WinSxS\amd64_microsoft.windows.common-controls_6595b64144ccf1df_6.0.19041.1110_none_60b5254171f9507e\COMCTL32.dll
0x00007ff902120000 - 0x00007ff90214c000 	C:\WINDOWS\System32\GDI32.dll
0x00007ff9024d0000 - 0x00007ff90256e000 	C:\WINDOWS\System32\msvcrt.dll
0x00007ff9006e0000 - 0x00007ff9007f5000 	C:\WINDOWS\System32\gdi32full.dll
0x00007ff900640000 - 0x00007ff9006dd000 	C:\WINDOWS\System32\msvcp_win.dll
0x00007ff901400000 - 0x00007ff901430000 	C:\WINDOWS\System32\IMM32.DLL
0x00007ff8fb560000 - 0x00007ff8fb56c000 	C:\Program Files\Android\Android Studio\jbr\bin\vcruntime140_1.dll
0x00007ff8d6260000 - 0x00007ff8d62ed000 	C:\Program Files\Android\Android Studio\jbr\bin\msvcp140.dll
0x00007ff8bb460000 - 0x00007ff8bc01c000 	C:\Program Files\Android\Android Studio\jbr\bin\server\jvm.dll
0x00007ff900f00000 - 0x00007ff900faf000 	C:\WINDOWS\System32\ADVAPI32.dll
0x00007ff902750000 - 0x00007ff9027ec000 	C:\WINDOWS\System32\sechost.dll
0x00007ff902570000 - 0x00007ff902696000 	C:\WINDOWS\System32\RPCRT4.dll
0x00007ff902740000 - 0x00007ff902748000 	C:\WINDOWS\System32\PSAPI.DLL
0x00007ff8f2a10000 - 0x00007ff8f2a37000 	C:\WINDOWS\SYSTEM32\WINMM.dll
0x00007ff8f9f30000 - 0x00007ff8f9f39000 	C:\WINDOWS\SYSTEM32\WSOCK32.dll
0x00007ff901010000 - 0x00007ff90107b000 	C:\WINDOWS\System32\WS2_32.dll
0x00007ff8f3d40000 - 0x00007ff8f3d4a000 	C:\WINDOWS\SYSTEM32\VERSION.dll
0x00007ff8fe910000 - 0x00007ff8fe922000 	C:\WINDOWS\SYSTEM32\kernel.appcore.dll
0x00007ff8f8b10000 - 0x00007ff8f8b20000 	C:\Program Files\Android\Android Studio\jbr\bin\verify.dll
0x00007ff8efcb0000 - 0x00007ff8efe94000 	C:\WINDOWS\SYSTEM32\DBGHELP.DLL
0x00007ff8efc70000 - 0x00007ff8efca4000 	C:\WINDOWS\SYSTEM32\dbgcore.DLL
0x00007ff900110000 - 0x00007ff900192000 	C:\WINDOWS\System32\bcryptPrimitives.dll
0x00007ff8f8ae0000 - 0x00007ff8f8b08000 	C:\Program Files\Android\Android Studio\jbr\bin\java.dll
0x00007ff8f86d0000 - 0x00007ff8f86da000 	C:\Program Files\Android\Android Studio\jbr\bin\jimage.dll
0x00007ff8ec870000 - 0x00007ff8ec87e000 	C:\Program Files\Android\Android Studio\jbr\bin\instrument.dll
0x00007ff8ec830000 - 0x00007ff8ec848000 	C:\Program Files\Android\Android Studio\jbr\bin\zip.dll
0x00007ff9015b0000 - 0x00007ff901cf4000 	C:\WINDOWS\System32\SHELL32.dll
0x00007ff8fdb30000 - 0x00007ff8fe2c3000 	C:\WINDOWS\SYSTEM32\windows.storage.dll
0x00007ff901dc0000 - 0x00007ff902114000 	C:\WINDOWS\System32\combase.dll
0x00007ff8ff9a0000 - 0x00007ff8ff9ce000 	C:\WINDOWS\SYSTEM32\Wldp.dll
0x00007ff902420000 - 0x00007ff9024cd000 	C:\WINDOWS\System32\SHCORE.dll
0x00007ff902990000 - 0x00007ff9029e5000 	C:\WINDOWS\System32\shlwapi.dll
0x00007ff900050000 - 0x00007ff90006f000 	C:\WINDOWS\SYSTEM32\profapi.dll
0x00007ff8e1a40000 - 0x00007ff8e1a4a000 	C:\Program Files\Android\Android Studio\jbr\bin\management.dll
0x00007ff8e19d0000 - 0x00007ff8e19db000 	C:\Program Files\Android\Android Studio\jbr\bin\management_ext.dll
0x00007ff8c9c80000 - 0x00007ff8c9c99000 	C:\Program Files\Android\Android Studio\jbr\bin\net.dll
0x00007ff8f5190000 - 0x00007ff8f529a000 	C:\WINDOWS\SYSTEM32\WINHTTP.dll
0x00007ff8ff780000 - 0x00007ff8ff7ea000 	C:\WINDOWS\system32\mswsock.dll
0x00007ff8c9c60000 - 0x00007ff8c9c73000 	C:\Program Files\Android\Android Studio\jbr\bin\nio.dll
0x00007ff8bded0000 - 0x00007ff8bdee7000 	C:\WINDOWS\system32\napinsp.dll
0x00007ff8bdeb0000 - 0x00007ff8bdecb000 	C:\WINDOWS\system32\pnrpnsp.dll
0x00007ff8e03c0000 - 0x00007ff8e03d5000 	C:\WINDOWS\system32\wshbth.dll
0x00007ff8fb4a0000 - 0x00007ff8fb4bd000 	C:\WINDOWS\system32\NLAapi.dll
0x00007ff8ff490000 - 0x00007ff8ff4cc000 	C:\WINDOWS\SYSTEM32\IPHLPAPI.DLL
0x00007ff8ff4d0000 - 0x00007ff8ff59a000 	C:\WINDOWS\SYSTEM32\DNSAPI.dll
0x00007ff902410000 - 0x00007ff902418000 	C:\WINDOWS\System32\NSI.dll
0x00007ff8bde90000 - 0x00007ff8bdea2000 	C:\WINDOWS\System32\winrnr.dll
0x00007ff8f3b20000 - 0x00007ff8f3b2a000 	C:\Windows\System32\rasadhlp.dll
0x00007ff8f5020000 - 0x00007ff8f50a2000 	C:\WINDOWS\System32\fwpuclnt.dll
0x00007ff900a60000 - 0x00007ff900a87000 	C:\WINDOWS\System32\bcrypt.dll
0x00007ff8fb520000 - 0x00007ff8fb547000 	C:\Users\shahzaib lptp\AndroidStudioProjects\loginsqlite\native\68d5fa5c4cc2d200863cafc0d521ce42e7d3e7ee720ec0a83991735586a16f82\windows-amd64\native-platform.dll
0x00007ff8d46f0000 - 0x00007ff8d4834000 	C:\Users\shahzaib lptp\AndroidStudioProjects\loginsqlite\native\e376f236ea51e6404a007f0833ffe2c6e607c4080706a723a18a27aeea778392\windows-amd64\native-platform-file-events.dll
0x00007ff8ffcf0000 - 0x00007ff8ffd08000 	C:\WINDOWS\SYSTEM32\CRYPTSP.dll
0x00007ff8ff0c0000 - 0x00007ff8ff0f4000 	C:\WINDOWS\system32\rsaenh.dll
0x00007ff900010000 - 0x00007ff90003e000 	C:\WINDOWS\SYSTEM32\USERENV.dll
0x00007ff8ff910000 - 0x00007ff8ff91c000 	C:\WINDOWS\SYSTEM32\CRYPTBASE.dll
0x00007ff8f6ef0000 - 0x00007ff8f6f07000 	C:\WINDOWS\SYSTEM32\dhcpcsvc6.DLL
0x00007ff8f6ed0000 - 0x00007ff8f6eed000 	C:\WINDOWS\SYSTEM32\dhcpcsvc.DLL

dbghelp: loaded successfully - version: 4.0.5 - missing functions: none
symbol engine: initialized successfully - sym options: 0x614 - pdb path: .;C:\Program Files\Android\Android Studio\jbr\bin;C:\WINDOWS\SYSTEM32;C:\WINDOWS\WinSxS\amd64_microsoft.windows.common-controls_6595b64144ccf1df_6.0.19041.1110_none_60b5254171f9507e;C:\Program Files\Android\Android Studio\jbr\bin\server;C:\Users\shahzaib lptp\AndroidStudioProjects\loginsqlite\native\68d5fa5c4cc2d200863cafc0d521ce42e7d3e7ee720ec0a83991735586a16f82\windows-amd64;C:\Users\shahzaib lptp\AndroidStudioProjects\loginsqlite\native\e376f236ea51e6404a007f0833ffe2c6e607c4080706a723a18a27aeea778392\windows-amd64

VM Arguments:
jvm_args: --add-opens=java.base/java.util.concurrent.atomic=ALL-UNNAMED -javaagent:C:\Program Files\Android\Android Studio\plugins\android\resources\trace_agent.jar=C:\Users\SHAHZA~1\AppData\Local\Temp\sync.trace.profile --add-opens=java.base/java.util=ALL-UNNAMED --add-opens=java.base/java.lang=ALL-UNNAMED --add-opens=java.base/java.lang.invoke=ALL-UNNAMED --add-opens=java.prefs/java.util.prefs=ALL-UNNAMED --add-opens=java.base/java.nio.charset=ALL-UNNAMED --add-opens=java.base/java.net=ALL-UNNAMED --add-opens=java.base/java.util.concurrent.atomic=ALL-UNNAMED -Xmx2048m -Dfile.encoding=UTF-8 -Duser.country=US -Duser.language=en -Duser.variant -javaagent:C:\Users\shahzaib lptp\AndroidStudioProjects\loginsqlite\wrapper\dists\gradle-8.3-rc-1-bin\3lbs5z64xhcdp1uarsx2vp16o\gradle-8.3-rc-1\lib\agents\gradle-instrumentation-agent-8.3.jar 
java_command: org.gradle.launcher.daemon.bootstrap.GradleDaemon 8.3-rc-1
java_class_path (initial): C:\Users\shahzaib lptp\AndroidStudioProjects\loginsqlite\wrapper\dists\gradle-8.3-rc-1-bin\3lbs5z64xhcdp1uarsx2vp16o\gradle-8.3-rc-1\lib\gradle-launcher-8.3.jar
Launcher Type: SUN_STANDARD

[Global flags]
     intx CICompilerCount                          = 3                                         {product} {ergonomic}
     uint ConcGCThreads                            = 1                                         {product} {ergonomic}
     uint G1ConcRefinementThreads                  = 4                                         {product} {ergonomic}
   size_t G1HeapRegionSize                         = 1048576                                   {product} {ergonomic}
    uintx GCDrainStackTargetSize                   = 64                                        {product} {ergonomic}
   size_t InitialHeapSize                          = 134217728                                 {product} {ergonomic}
   size_t MarkStackSize                            = 4194304                                   {product} {ergonomic}
   size_t MaxHeapSize                              = 2147483648                                {product} {command line}
   size_t MaxNewSize                               = 1287651328                                {product} {ergonomic}
   size_t MinHeapDeltaBytes                        = 1048576                                   {product} {ergonomic}
    uintx NonNMethodCodeHeapSize                   = 5830732                                {pd product} {ergonomic}
    uintx NonProfiledCodeHeapSize                  = 122913754                              {pd product} {ergonomic}
    uintx ProfiledCodeHeapSize                     = 122913754                              {pd product} {ergonomic}
    uintx ReservedCodeCacheSize                    = 251658240                              {pd product} {ergonomic}
     bool SegmentedCodeCache                       = true                                      {product} {ergonomic}
     bool UseCompressedClassPointers               = true                                 {lp64_product} {ergonomic}
     bool UseCompressedOops                        = true                                 {lp64_product} {ergonomic}
     bool UseG1GC                                  = true                                      {product} {ergonomic}
     bool UseLargePagesIndividualAllocation        = false                                  {pd product} {ergonomic}

Logging:
Log output configuration:
 #0: stdout all=warning uptime,level,tags
 #1: stderr all=off uptime,level,tags

Environment Variables:
PATH=C:\Program Files\Python310\Scripts\;C:\Program Files\Python310\;C:\Program Files\Common Files\Oracle\Java\javapath;C:\app\bin;C:\app\shahzaiblptp\product\11.2.0\dbhome_1\bin;C:\WINDOWS\system32;C:\WINDOWS;C:\WINDOWS\System32\Wbem;C:\WINDOWS\System32\WindowsPowerShell\v1.0\;c:\Program Files (x86)\Microsoft SQL Server\100\Tools\Binn\;c:\Program Files\Microsoft SQL Server\100\Tools\Binn\;c:\Program Files\Microsoft SQL Server\100\DTS\Binn\;C:\WINDOWS\System32\OpenSSH\;C:\ProgramData\chocolatey\bin;%JAVA_HOME%\bin;C:\Program Files\Git\cmd;C:\WINDOWS\System32;C:\Users\shahzaib lptp\AppData\Local\Microsoft\WindowsApps;C:\Program Files\JetBrains\IntelliJ IDEA Community Edition 2021.3\bin;;C:\Program Files\Python310\PyCharm Community Edition 2022.1\bin;;C:\Users\shahzaib lptp\AppData\Local\Programs\Microsoft VS Code\bin;C:\Program Files\flutter\bin;C:\src\flutter\bin;C:\Program Files\Android\Android Studio\bin;
USERNAME=shahzaib lptp
OS=Windows_NT
PROCESSOR_IDENTIFIER=Intel64 Family 6 Model 69 Stepping 1, GenuineIntel



---------------  S Y S T E M  ---------------

OS: Windows 10 , 64 bit Build 19041 (10.0.19041.3031)
OS uptime: 1 days 7:11 hours
Hyper-V role detected

CPU:total 4 (initial active 4) (2 cores per cpu, 2 threads per core) family 6 model 69 stepping 1 microcode 0x26, cmov, cx8, fxsr, mmx, sse, sse2, sse3, ssse3, sse4.1, sse4.2, popcnt, avx, avx2, aes, clmul, erms, lzcnt, ht, tsc, tscinvbit, bmi1, bmi2, fma

Memory: 4k page, system-wide physical 8073M (406M free)
TotalPageFile size 10073M (AvailPageFile size 35M)
current process WorkingSet (physical memory assigned to process): 488M, peak: 501M
current process commit charge ("private bytes"): 516M, peak: 561M

vm_info: OpenJDK 64-Bit Server VM (11.0.15+0-b2043.56-9505619) for windows-amd64 JRE (11.0.15+0-b2043.56-9505619), built on Jan 19 2023 02:48:00 by "builduser" with unknown MS VC++:1929

END.
