#
# There is insufficient memory for the Java Runtime Environment to continue.
# Native memory allocation (malloc) failed to allocate 1263696 bytes for Chunk::new
# Possible reasons:
#   The system is out of physical RAM or swap space
#   The process is running with CompressedOops enabled, and the Java Heap may be blocking the growth of the native heap
# Possible solutions:
#   Reduce memory load on the system
#   Increase physical memory or swap space
#   Check if swap backing store is full
#   Decrease Java heap size (-Xmx/-Xms)
#   Decrease number of Java threads
#   Decrease Java thread stack sizes (-Xss)
#   Set larger code cache with -XX:ReservedCodeCacheSize=
#   JVM is running with Unscaled Compressed Oops mode in which the Java heap is
#     placed in the first 4GB address space. The Java Heap base address is the
#     maximum limit for the native heap growth. Please use -XX:HeapBaseMinAddress
#     to set the Java Heap base and to place the Java Heap above 4GB virtual address.
# This output file may be truncated or incomplete.
#
#  Out of Memory Error (src/hotspot/share/memory/arena.cpp:197), pid=5196, tid=6684
#
# JRE version: OpenJDK Runtime Environment (11.0.15) (build 11.0.15+0-b2043.56-9505619)
# Java VM: OpenJDK 64-Bit Server VM (11.0.15+0-b2043.56-9505619, mixed mode, tiered, compressed oops, g1 gc, windows-amd64)
# No core dump will be written. Minidumps are not enabled by default on client versions of Windows
#

---------------  S U M M A R Y ------------

Command Line: -javaagent:C:\Program Files\Android\Android Studio\plugins\android\resources\trace_agent.jar=C:\Users\SHAHZA~1\AppData\Local\Temp\sync.trace.profile --add-opens=java.base/java.util=ALL-UNNAMED --add-opens=java.base/java.lang=ALL-UNNAMED --add-opens=java.base/java.lang.invoke=ALL-UNNAMED --add-opens=java.base/java.util=ALL-UNNAMED --add-opens=java.prefs/java.util.prefs=ALL-UNNAMED --add-opens=java.prefs/java.util.prefs=ALL-UNNAMED --add-opens=java.base/java.nio.charset=ALL-UNNAMED --add-opens=java.base/java.net=ALL-UNNAMED --add-opens=java.base/java.util.concurrent.atomic=ALL-UNNAMED -Xmx2048m -Dfile.encoding=UTF-8 -Duser.country=US -Duser.language=en -Duser.variant org.gradle.launcher.daemon.bootstrap.GradleDaemon 7.5

Host: Intel(R) Core(TM) i5-4310U CPU @ 2.00GHz, 4 cores, 7G,  Windows 10 , 64 bit Build 19041 (10.0.19041.2788)
Time: Sat May  6 23:24:48 2023 Pakistan Standard Time elapsed time: 44.543526 seconds (0d 0h 0m 44s)

---------------  T H R E A D  ---------------

Current thread (0x0000011b429ea000):  JavaThread "C2 CompilerThread0" daemon [_thread_in_native, id=6684, stack(0x0000001378a00000,0x0000001378b00000)]


Current CompileTask:
C2:  44543 16171 % !   4       com.sun.crypto.provider.PBKDF2KeyImpl::deriveKey @ 191 (295 bytes)

Stack: [0x0000001378a00000,0x0000001378b00000]
Native frames: (J=compiled Java code, j=interpreted, Vv=VM code, C=native code)
V  [jvm.dll+0x64135a]
V  [jvm.dll+0x7d39f9]
V  [jvm.dll+0x7d51b9]
V  [jvm.dll+0x7d58a3]
V  [jvm.dll+0x2691c5]
V  [jvm.dll+0xc1a5c]
V  [jvm.dll+0xc200c]
V  [jvm.dll+0x3774a7]
V  [jvm.dll+0x342495]
V  [jvm.dll+0x34186a]
V  [jvm.dll+0x2214bd]
V  [jvm.dll+0x220498]
V  [jvm.dll+0x19e851]
V  [jvm.dll+0x230479]
V  [jvm.dll+0x22e5ef]
V  [jvm.dll+0x794de1]
V  [jvm.dll+0x78dc24]
V  [jvm.dll+0x6400f6]
C  [ucrtbase.dll+0x21bb2]
C  [KERNEL32.DLL+0x17604]
C  [ntdll.dll+0x526a1]


---------------  P R O C E S S  ---------------

Threads class SMR info:
_java_thread_list=0x0000011b4731b1c0, length=99, elements={
0x0000011b28db8800, 0x0000011b429ca000, 0x0000011b429d3800, 0x0000011b43353800,
0x0000011b429e3800, 0x0000011b429e7000, 0x0000011b429ea000, 0x0000011b429f0800,
0x0000011b429fb800, 0x0000011b42967000, 0x0000011b48aa1800, 0x0000011b44c96000,
0x0000011b478b7000, 0x0000011b44e43000, 0x0000011b44d30800, 0x0000011b48746000,
0x0000011b44c0a800, 0x0000011b44279800, 0x0000011b43e5b800, 0x0000011b48c37800,
0x0000011b489b8000, 0x0000011b489b9800, 0x0000011b489ba800, 0x0000011b489b9000,
0x0000011b4757c800, 0x0000011b4757d800, 0x0000011b4757e000, 0x0000011b4757a000,
0x0000011b4757b000, 0x0000011b47578800, 0x0000011b47579800, 0x0000011b4757f000,
0x0000011b4757b800, 0x0000011b48212000, 0x0000011b48213800, 0x0000011b4820f800,
0x0000011b49570000, 0x0000011b49575000, 0x0000011b49571000, 0x0000011b49572800,
0x0000011b49571800, 0x0000011b49573800, 0x0000011b49574000, 0x0000011b4956f800,
0x0000011b49576000, 0x0000011b49578800, 0x0000011b49579000, 0x0000011b49576800,
0x0000011b4957d000, 0x0000011b4957c800, 0x0000011b4957a000, 0x0000011b4957a800,
0x0000011b49577800, 0x0000011b4957e000, 0x0000011b4957b800, 0x0000011b44889800,
0x0000011b44887800, 0x0000011b44888800, 0x0000011b4488a000, 0x0000011b4488b000,
0x0000011b44885800, 0x0000011b44886000, 0x0000011b44887000, 0x0000011b4488c800,
0x0000011b44890800, 0x0000011b44890000, 0x0000011b4488d800, 0x0000011b4488f000,
0x0000011b4488c000, 0x0000011b44894000, 0x0000011b44891800, 0x0000011b44892800,
0x0000011b4488e000, 0x0000011b44893000, 0x0000011b482e3000, 0x0000011b482dd000,
0x0000011b482e0800, 0x0000011b482df800, 0x0000011b482de000, 0x0000011b482e1000,
0x0000011b482de800, 0x0000011b482e6000, 0x0000011b482e7800, 0x0000011b482e2000,
0x0000011b482eb000, 0x0000011b482e5000, 0x0000011b482e7000, 0x0000011b482e9800,
0x0000011b482ea000, 0x0000011b480e9000, 0x0000011b480e9800, 0x0000011b4722a000,
0x0000011b480e7000, 0x0000011b480ed000, 0x0000011b480eb000, 0x0000011b480e8000,
0x0000011b480f0000, 0x0000011b480ec000, 0x0000011b480ea800
}

Java Threads: ( => current thread )
  0x0000011b28db8800 JavaThread "main" [_thread_blocked, id=10960, stack(0x0000001377e00000,0x0000001377f00000)]
  0x0000011b429ca000 JavaThread "Reference Handler" daemon [_thread_blocked, id=3864, stack(0x0000001378500000,0x0000001378600000)]
  0x0000011b429d3800 JavaThread "Finalizer" daemon [_thread_blocked, id=10888, stack(0x0000001378600000,0x0000001378700000)]
  0x0000011b43353800 JavaThread "Signal Dispatcher" daemon [_thread_blocked, id=2268, stack(0x0000001378700000,0x0000001378800000)]
  0x0000011b429e3800 JavaThread "Attach Listener" daemon [_thread_blocked, id=8676, stack(0x0000001378800000,0x0000001378900000)]
  0x0000011b429e7000 JavaThread "Service Thread" daemon [_thread_blocked, id=9744, stack(0x0000001378900000,0x0000001378a00000)]
=>0x0000011b429ea000 JavaThread "C2 CompilerThread0" daemon [_thread_in_native, id=6684, stack(0x0000001378a00000,0x0000001378b00000)]
  0x0000011b429f0800 JavaThread "C1 CompilerThread0" daemon [_thread_blocked, id=5556, stack(0x0000001378b00000,0x0000001378c00000)]
  0x0000011b429fb800 JavaThread "Sweeper thread" daemon [_thread_blocked, id=15408, stack(0x0000001378c00000,0x0000001378d00000)]
  0x0000011b42967000 JavaThread "Common-Cleaner" daemon [_thread_blocked, id=12000, stack(0x0000001378d00000,0x0000001378e00000)]
  0x0000011b48aa1800 JavaThread "Daemon health stats" [_thread_blocked, id=8288, stack(0x0000001379200000,0x0000001379300000)]
  0x0000011b44c96000 JavaThread "Incoming local TCP Connector on port 64171" [_thread_in_native, id=6336, stack(0x0000001379300000,0x0000001379400000)]
  0x0000011b478b7000 JavaThread "Daemon periodic checks" [_thread_blocked, id=5296, stack(0x0000001379400000,0x0000001379500000)]
  0x0000011b44e43000 JavaThread "Daemon" [_thread_blocked, id=11744, stack(0x0000001379500000,0x0000001379600000)]
  0x0000011b44d30800 JavaThread "Handler for socket connection from /127.0.0.1:64171 to /127.0.0.1:64172" [_thread_in_native, id=16144, stack(0x0000001379600000,0x0000001379700000)]
  0x0000011b48746000 JavaThread "Cancel handler" [_thread_blocked, id=444, stack(0x0000001379700000,0x0000001379800000)]
  0x0000011b44c0a800 JavaThread "Daemon worker" [_thread_blocked, id=10544, stack(0x0000001379800000,0x0000001379900000)]
  0x0000011b44279800 JavaThread "Asynchronous log dispatcher for DefaultDaemonConnection: socket connection from /127.0.0.1:64171 to /127.0.0.1:64172" [_thread_blocked, id=14048, stack(0x0000001379900000,0x0000001379a00000)]
  0x0000011b43e5b800 JavaThread "Stdin handler" [_thread_blocked, id=10716, stack(0x0000001379a00000,0x0000001379b00000)]
  0x0000011b48c37800 JavaThread "Daemon client event forwarder" [_thread_blocked, id=15176, stack(0x0000001379b00000,0x0000001379c00000)]
  0x0000011b489b8000 JavaThread "Cache worker for journal cache (C:\Users\shahzaib lptp\AndroidStudioProjects\loginsqlite\caches\journal-1)" [_thread_blocked, id=14252, stack(0x0000001379d00000,0x0000001379e00000)]
  0x0000011b489b9800 JavaThread "File lock request listener" [_thread_in_native, id=6332, stack(0x0000001379e00000,0x0000001379f00000)]
  0x0000011b489ba800 JavaThread "Cache worker for file hash cache (C:\Users\shahzaib lptp\AndroidStudioProjects\loginsqlite\caches\7.5\fileHashes)" [_thread_blocked, id=11616, stack(0x0000001379f00000,0x000000137a000000)]
  0x0000011b489b9000 JavaThread "File watcher server" daemon [_thread_in_native, id=8664, stack(0x000000137a000000,0x000000137a100000)]
  0x0000011b4757c800 JavaThread "File watcher consumer" daemon [_thread_blocked, id=8640, stack(0x000000137a100000,0x000000137a200000)]
  0x0000011b4757d800 JavaThread "Cache worker for checksums cache (C:\Users\shahzaib lptp\AndroidStudioProjects\EyeonwaterApp\.gradle\7.5\checksums)" [_thread_blocked, id=820, stack(0x000000137a200000,0x000000137a300000)]
  0x0000011b4757e000 JavaThread "Cache worker for cache directory md-rule (C:\Users\shahzaib lptp\AndroidStudioProjects\loginsqlite\caches\7.5\md-rule)" [_thread_blocked, id=296, stack(0x000000137a300000,0x000000137a400000)]
  0x0000011b4757a000 JavaThread "Cache worker for file content cache (C:\Users\shahzaib lptp\AndroidStudioProjects\loginsqlite\caches\7.5\fileContent)" [_thread_blocked, id=15936, stack(0x000000137a400000,0x000000137a500000)]
  0x0000011b4757b000 JavaThread "Cache worker for file hash cache (C:\Users\shahzaib lptp\AndroidStudioProjects\EyeonwaterApp\.gradle\7.5\fileHashes)" [_thread_blocked, id=1396, stack(0x000000137a500000,0x000000137a600000)]
  0x0000011b47578800 JavaThread "Cache worker for cache directory md-supplier (C:\Users\shahzaib lptp\AndroidStudioProjects\loginsqlite\caches\7.5\md-supplier)" [_thread_blocked, id=7592, stack(0x000000137a600000,0x000000137a700000)]
  0x0000011b47579800 JavaThread "Cache worker for execution history cache (C:\Users\shahzaib lptp\AndroidStudioProjects\loginsqlite\caches\7.5\executionHistory)" [_thread_blocked, id=9276, stack(0x000000137a700000,0x000000137a800000)]
  0x0000011b4757f000 JavaThread "jar transforms" [_thread_blocked, id=11472, stack(0x000000137a800000,0x000000137a900000)]
  0x0000011b4757b800 JavaThread "jar transforms Thread 2" [_thread_blocked, id=15100, stack(0x000000137a900000,0x000000137aa00000)]
  0x0000011b48212000 JavaThread "jar transforms Thread 3" [_thread_blocked, id=6288, stack(0x000000137aa00000,0x000000137ab00000)]
  0x0000011b48213800 JavaThread "jar transforms Thread 4" [_thread_blocked, id=8372, stack(0x000000137ab00000,0x000000137ac00000)]
  0x0000011b4820f800 JavaThread "Cache worker for dependencies-accessors (C:\Users\shahzaib lptp\AndroidStudioProjects\EyeonwaterApp\.gradle\7.5\dependencies-accessors)" [_thread_blocked, id=12476, stack(0x000000137ac00000,0x000000137ad00000)]
  0x0000011b49570000 JavaThread "Cache worker for Build Output Cleanup Cache (C:\Users\shahzaib lptp\AndroidStudioProjects\EyeonwaterApp\.gradle\buildOutputCleanup)" [_thread_blocked, id=15228, stack(0x000000137ad00000,0x000000137ae00000)]
  0x0000011b49575000 JavaThread "Unconstrained build operations" [_thread_blocked, id=13332, stack(0x000000137ae00000,0x000000137af00000)]
  0x0000011b49571000 JavaThread "Unconstrained build operations Thread 2" [_thread_blocked, id=8272, stack(0x000000137af00000,0x000000137b000000)]
  0x0000011b49572800 JavaThread "Unconstrained build operations Thread 3" [_thread_blocked, id=15756, stack(0x000000137b000000,0x000000137b100000)]
  0x0000011b49571800 JavaThread "Unconstrained build operations Thread 4" [_thread_blocked, id=6688, stack(0x000000137b100000,0x000000137b200000)]
  0x0000011b49573800 JavaThread "Unconstrained build operations Thread 5" [_thread_blocked, id=6940, stack(0x000000137b200000,0x000000137b300000)]
  0x0000011b49574000 JavaThread "Unconstrained build operations Thread 6" [_thread_blocked, id=13388, stack(0x000000137b300000,0x000000137b400000)]
  0x0000011b4956f800 JavaThread "Unconstrained build operations Thread 7" [_thread_blocked, id=13540, stack(0x000000137b400000,0x000000137b500000)]
  0x0000011b49576000 JavaThread "Unconstrained build operations Thread 8" [_thread_blocked, id=6452, stack(0x000000137b500000,0x000000137b600000)]
  0x0000011b49578800 JavaThread "Unconstrained build operations Thread 9" [_thread_blocked, id=16260, stack(0x000000137b600000,0x000000137b700000)]
  0x0000011b49579000 JavaThread "Unconstrained build operations Thread 10" [_thread_blocked, id=5140, stack(0x000000137b700000,0x000000137b800000)]
  0x0000011b49576800 JavaThread "Unconstrained build operations Thread 11" [_thread_blocked, id=15804, stack(0x000000137b800000,0x000000137b900000)]
  0x0000011b4957d000 JavaThread "Unconstrained build operations Thread 12" [_thread_blocked, id=13136, stack(0x000000137b900000,0x000000137ba00000)]
  0x0000011b4957c800 JavaThread "Unconstrained build operations Thread 13" [_thread_blocked, id=9164, stack(0x000000137ba00000,0x000000137bb00000)]
  0x0000011b4957a000 JavaThread "Unconstrained build operations Thread 14" [_thread_blocked, id=10836, stack(0x000000137bb00000,0x000000137bc00000)]
  0x0000011b4957a800 JavaThread "Unconstrained build operations Thread 15" [_thread_blocked, id=6732, stack(0x000000137bc00000,0x000000137bd00000)]
  0x0000011b49577800 JavaThread "Unconstrained build operations Thread 16" [_thread_blocked, id=15680, stack(0x000000137bd00000,0x000000137be00000)]
  0x0000011b4957e000 JavaThread "Unconstrained build operations Thread 17" [_thread_blocked, id=14320, stack(0x000000137be00000,0x000000137bf00000)]
  0x0000011b4957b800 JavaThread "Unconstrained build operations Thread 18" [_thread_blocked, id=13156, stack(0x000000137bf00000,0x000000137c000000)]
  0x0000011b44889800 JavaThread "Unconstrained build operations Thread 19" [_thread_blocked, id=12884, stack(0x000000137c000000,0x000000137c100000)]
  0x0000011b44887800 JavaThread "Unconstrained build operations Thread 20" [_thread_blocked, id=10720, stack(0x000000137c100000,0x000000137c200000)]
  0x0000011b44888800 JavaThread "Unconstrained build operations Thread 21" [_thread_blocked, id=12676, stack(0x000000137c200000,0x000000137c300000)]
  0x0000011b4488a000 JavaThread "Unconstrained build operations Thread 22" [_thread_blocked, id=12660, stack(0x000000137c300000,0x000000137c400000)]
  0x0000011b4488b000 JavaThread "Unconstrained build operations Thread 23" [_thread_blocked, id=16316, stack(0x000000137c400000,0x000000137c500000)]
  0x0000011b44885800 JavaThread "Unconstrained build operations Thread 24" [_thread_blocked, id=14232, stack(0x000000137c500000,0x000000137c600000)]
  0x0000011b44886000 JavaThread "Unconstrained build operations Thread 25" [_thread_blocked, id=15264, stack(0x000000137c600000,0x000000137c700000)]
  0x0000011b44887000 JavaThread "Unconstrained build operations Thread 26" [_thread_blocked, id=11552, stack(0x000000137c700000,0x000000137c800000)]
  0x0000011b4488c800 JavaThread "Unconstrained build operations Thread 27" [_thread_blocked, id=15736, stack(0x000000137c800000,0x000000137c900000)]
  0x0000011b44890800 JavaThread "Unconstrained build operations Thread 28" [_thread_blocked, id=14204, stack(0x000000137c900000,0x000000137ca00000)]
  0x0000011b44890000 JavaThread "Unconstrained build operations Thread 29" [_thread_blocked, id=13224, stack(0x000000137ca00000,0x000000137cb00000)]
  0x0000011b4488d800 JavaThread "Unconstrained build operations Thread 30" [_thread_blocked, id=780, stack(0x000000137cb00000,0x000000137cc00000)]
  0x0000011b4488f000 JavaThread "Unconstrained build operations Thread 31" [_thread_blocked, id=14172, stack(0x000000137cc00000,0x000000137cd00000)]
  0x0000011b4488c000 JavaThread "Unconstrained build operations Thread 32" [_thread_blocked, id=12388, stack(0x000000137cd00000,0x000000137ce00000)]
  0x0000011b44894000 JavaThread "Unconstrained build operations Thread 33" [_thread_blocked, id=14080, stack(0x000000137ce00000,0x000000137cf00000)]
  0x0000011b44891800 JavaThread "Unconstrained build operations Thread 34" [_thread_blocked, id=9544, stack(0x000000137cf00000,0x000000137d000000)]
  0x0000011b44892800 JavaThread "Unconstrained build operations Thread 35" [_thread_blocked, id=10900, stack(0x000000137d000000,0x000000137d100000)]
  0x0000011b4488e000 JavaThread "Unconstrained build operations Thread 36" [_thread_blocked, id=7212, stack(0x000000137d100000,0x000000137d200000)]
  0x0000011b44893000 JavaThread "Unconstrained build operations Thread 37" [_thread_blocked, id=13760, stack(0x000000137d200000,0x000000137d300000)]
  0x0000011b482e3000 JavaThread "Unconstrained build operations Thread 38" [_thread_blocked, id=5632, stack(0x000000137d300000,0x000000137d400000)]
  0x0000011b482dd000 JavaThread "Unconstrained build operations Thread 39" [_thread_blocked, id=8360, stack(0x000000137d400000,0x000000137d500000)]
  0x0000011b482e0800 JavaThread "Unconstrained build operations Thread 40" [_thread_blocked, id=13384, stack(0x000000137d500000,0x000000137d600000)]
  0x0000011b482df800 JavaThread "build event listener" [_thread_blocked, id=10696, stack(0x0000001378e00000,0x0000001378f00000)]
  0x0000011b482de000 JavaThread "Memory manager" [_thread_blocked, id=10892, stack(0x000000137d700000,0x000000137d800000)]
  0x0000011b482e1000 JavaThread "pool-3-thread-1" [_thread_blocked, id=1100, stack(0x000000137d800000,0x000000137d900000)]
  0x0000011b482de800 JavaThread "build event listener" [_thread_blocked, id=3684, stack(0x000000137d900000,0x000000137da00000)]
  0x0000011b482e6000 JavaThread "included builds" [_thread_blocked, id=11468, stack(0x000000137da00000,0x000000137db00000)]
  0x0000011b482e7800 JavaThread "Execution worker" [_thread_blocked, id=2824, stack(0x000000137db00000,0x000000137dc00000)]
  0x0000011b482e2000 JavaThread "Execution worker Thread 2" [_thread_blocked, id=10144, stack(0x000000137dc00000,0x000000137dd00000)]
  0x0000011b482eb000 JavaThread "Execution worker Thread 3" [_thread_blocked, id=11856, stack(0x000000137dd00000,0x000000137de00000)]
  0x0000011b482e5000 JavaThread "Cache worker for execution history cache (C:\Users\shahzaib lptp\AndroidStudioProjects\EyeonwaterApp\.gradle\7.5\executionHistory)" [_thread_blocked, id=11148, stack(0x000000137de00000,0x000000137df00000)]
  0x0000011b482e7000 JavaThread "Cache worker for Java compile cache (C:\Users\shahzaib lptp\AndroidStudioProjects\loginsqlite\caches\7.5\javaCompile)" [_thread_blocked, id=7260, stack(0x000000137e100000,0x000000137e200000)]
  0x0000011b482e9800 JavaThread "Build operations" [_thread_blocked, id=15660, stack(0x000000137d600000,0x000000137d700000)]
  0x0000011b482ea000 JavaThread "Build operations Thread 2" [_thread_blocked, id=13236, stack(0x000000137e200000,0x000000137e300000)]
  0x0000011b480e9000 JavaThread "Build operations Thread 3" [_thread_blocked, id=7668, stack(0x000000137e300000,0x000000137e400000)]
  0x0000011b480e9800 JavaThread "Build operations Thread 4" [_thread_blocked, id=13468, stack(0x000000137e400000,0x000000137e500000)]
  0x0000011b4722a000 JavaThread "C2 CompilerThread1" daemon [_thread_in_native, id=5664, stack(0x000000137e500000,0x000000137e600000)]
  0x0000011b480e7000 JavaThread "WorkerExecutor Queue" [_thread_in_vm, id=448, stack(0x000000137e600000,0x000000137e700000)]
  0x0000011b480ed000 JavaThread "WorkerExecutor Queue Thread 3" [_thread_blocked, id=8, stack(0x000000137e800000,0x000000137e900000)]
  0x0000011b480eb000 JavaThread "WorkerExecutor Queue Thread 4" [_thread_blocked, id=16136, stack(0x000000137e900000,0x000000137ea00000)]
  0x0000011b480e8000 JavaThread "WorkerExecutor Queue Thread 6" [_thread_blocked, id=12152, stack(0x000000137ea00000,0x000000137eb00000)]
  0x0000011b480f0000 JavaThread "ForkJoinPool.commonPool-worker-3" daemon [_thread_blocked, id=9432, stack(0x000000137e700000,0x000000137e800000)]
  0x0000011b480ec000 JavaThread "ForkJoinPool.commonPool-worker-5" daemon [_thread_blocked, id=7200, stack(0x000000137eb00000,0x000000137ec00000)]
  0x0000011b480ea800 JavaThread "ForkJoinPool.commonPool-worker-7" daemon [_thread_blocked, id=9516, stack(0x000000137ec00000,0x000000137ed00000)]

Other Threads:
  0x0000011b429c8000 VMThread "VM Thread" [stack: 0x0000001378400000,0x0000001378500000] [id=13412]
  0x0000011b43a23800 WatcherThread [stack: 0x0000001378f00000,0x0000001379000000] [id=8568]
  0x0000011b28dd3800 GCTaskThread "GC Thread#0" [stack: 0x0000001377f00000,0x0000001378000000] [id=14912]
  0x0000011b4485f800 GCTaskThread "GC Thread#1" [stack: 0x0000001379000000,0x0000001379100000] [id=1468]
  0x0000011b4485e000 GCTaskThread "GC Thread#2" [stack: 0x0000001379100000,0x0000001379200000] [id=11776]
  0x0000011b44861000 GCTaskThread "GC Thread#3" [stack: 0x0000001379c00000,0x0000001379d00000] [id=16380]
  0x0000011b26dae000 ConcurrentGCThread "G1 Main Marker" [stack: 0x0000001378000000,0x0000001378100000] [id=4056]
  0x0000011b28e00800 ConcurrentGCThread "G1 Conc#0" [stack: 0x0000001378100000,0x0000001378200000] [id=9776]
  0x0000011b28e7f800 ConcurrentGCThread "G1 Refine#0" [stack: 0x0000001378200000,0x0000001378300000] [id=15356]
  0x0000011b42820800 ConcurrentGCThread "G1 Young RemSet Sampling" [stack: 0x0000001378300000,0x0000001378400000] [id=9972]

Threads with active compile tasks:
C2 CompilerThread0    44584 16171 % !   4       com.sun.crypto.provider.PBKDF2KeyImpl::deriveKey @ 191 (295 bytes)
C2 CompilerThread1    44584 15891       4       java.lang.reflect.Method::invoke (65 bytes)

VM state:not at safepoint (normal execution)

VM Mutex/Monitor currently owned by a thread: None

Heap address: 0x0000000080000000, size: 2048 MB, Compressed Oops mode: 32-bit
Narrow klass base: 0x0000000000000000, Narrow klass shift: 3
Compressed class space size: 1073741824 Address: 0x0000000100000000

Heap:
 garbage-first heap   total 273408K, used 131527K [0x0000000080000000, 0x0000000100000000)
  region size 1024K, 15 young (15360K), 11 survivors (11264K)
 Metaspace       used 117827K, capacity 121440K, committed 121728K, reserved 1155072K
  class space    used 15321K, capacity 16703K, committed 16768K, reserved 1048576K
Heap Regions: E=young(eden), S=young(survivor), O=old, HS=humongous(starts), HC=humongous(continues), CS=collection set, F=free, A=archive, TAMS=top-at-mark-start (previous, next)
|   0|0x0000000080000000, 0x0000000080100000, 0x0000000080100000|100%| O|  |TAMS 0x0000000080100000, 0x0000000080100000| Untracked 
|   1|0x0000000080100000, 0x0000000080200000, 0x0000000080200000|100%| O|  |TAMS 0x0000000080200000, 0x0000000080200000| Untracked 
|   2|0x0000000080200000, 0x0000000080300000, 0x0000000080300000|100%| O|  |TAMS 0x0000000080300000, 0x0000000080300000| Untracked 
|   3|0x0000000080300000, 0x0000000080400000, 0x0000000080400000|100%|HS|  |TAMS 0x0000000080400000, 0x0000000080400000| Complete 
|   4|0x0000000080400000, 0x0000000080500000, 0x0000000080500000|100%|HC|  |TAMS 0x0000000080500000, 0x0000000080500000| Complete 
|   5|0x0000000080500000, 0x0000000080600000, 0x0000000080600000|100%|HC|  |TAMS 0x0000000080600000, 0x0000000080600000| Complete 
|   6|0x0000000080600000, 0x0000000080700000, 0x0000000080700000|100%| O|  |TAMS 0x0000000080700000, 0x0000000080700000| Untracked 
|   7|0x0000000080700000, 0x0000000080800000, 0x0000000080800000|100%| O|  |TAMS 0x0000000080800000, 0x0000000080800000| Untracked 
|   8|0x0000000080800000, 0x0000000080900000, 0x0000000080900000|100%| O|  |TAMS 0x0000000080900000, 0x0000000080900000| Untracked 
|   9|0x0000000080900000, 0x0000000080a00000, 0x0000000080a00000|100%| O|  |TAMS 0x0000000080a00000, 0x0000000080a00000| Untracked 
|  10|0x0000000080a00000, 0x0000000080b00000, 0x0000000080b00000|100%| O|  |TAMS 0x0000000080b00000, 0x0000000080b00000| Untracked 
|  11|0x0000000080b00000, 0x0000000080c00000, 0x0000000080c00000|100%| O|  |TAMS 0x0000000080c00000, 0x0000000080c00000| Untracked 
|  12|0x0000000080c00000, 0x0000000080d00000, 0x0000000080d00000|100%| O|  |TAMS 0x0000000080d00000, 0x0000000080d00000| Untracked 
|  13|0x0000000080d00000, 0x0000000080e00000, 0x0000000080e00000|100%| O|  |TAMS 0x0000000080e00000, 0x0000000080e00000| Untracked 
|  14|0x0000000080e00000, 0x0000000080f00000, 0x0000000080f00000|100%| O|  |TAMS 0x0000000080f00000, 0x0000000080f00000| Untracked 
|  15|0x0000000080f00000, 0x0000000081000000, 0x0000000081000000|100%| O|  |TAMS 0x0000000081000000, 0x0000000081000000| Untracked 
|  16|0x0000000081000000, 0x0000000081100000, 0x0000000081100000|100%| O|  |TAMS 0x0000000081100000, 0x0000000081100000| Untracked 
|  17|0x0000000081100000, 0x0000000081200000, 0x0000000081200000|100%| O|  |TAMS 0x0000000081200000, 0x0000000081200000| Untracked 
|  18|0x0000000081200000, 0x0000000081300000, 0x0000000081300000|100%| O|  |TAMS 0x0000000081300000, 0x0000000081300000| Untracked 
|  19|0x0000000081300000, 0x0000000081400000, 0x0000000081400000|100%| O|  |TAMS 0x0000000081400000, 0x0000000081400000| Untracked 
|  20|0x0000000081400000, 0x0000000081500000, 0x0000000081500000|100%| O|  |TAMS 0x0000000081500000, 0x0000000081500000| Untracked 
|  21|0x0000000081500000, 0x0000000081600000, 0x0000000081600000|100%|HS|  |TAMS 0x0000000081600000, 0x0000000081600000| Complete 
|  22|0x0000000081600000, 0x0000000081700000, 0x0000000081700000|100%|HS|  |TAMS 0x0000000081700000, 0x0000000081700000| Complete 
|  23|0x0000000081700000, 0x0000000081800000, 0x0000000081800000|100%| O|  |TAMS 0x0000000081800000, 0x0000000081800000| Untracked 
|  24|0x0000000081800000, 0x0000000081900000, 0x0000000081900000|100%| O|  |TAMS 0x0000000081900000, 0x0000000081900000| Untracked 
|  25|0x0000000081900000, 0x0000000081a00000, 0x0000000081a00000|100%| O|  |TAMS 0x0000000081a00000, 0x0000000081a00000| Untracked 
|  26|0x0000000081a00000, 0x0000000081b00000, 0x0000000081b00000|100%| O|  |TAMS 0x0000000081b00000, 0x0000000081b00000| Untracked 
|  27|0x0000000081b00000, 0x0000000081c00000, 0x0000000081c00000|100%| O|  |TAMS 0x0000000081c00000, 0x0000000081c00000| Untracked 
|  28|0x0000000081c00000, 0x0000000081d00000, 0x0000000081d00000|100%| O|  |TAMS 0x0000000081d00000, 0x0000000081d00000| Untracked 
|  29|0x0000000081d00000, 0x0000000081e00000, 0x0000000081e00000|100%| O|  |TAMS 0x0000000081e00000, 0x0000000081e00000| Untracked 
|  30|0x0000000081e00000, 0x0000000081f00000, 0x0000000081f00000|100%| O|  |TAMS 0x0000000081f00000, 0x0000000081f00000| Untracked 
|  31|0x0000000081f00000, 0x0000000082000000, 0x0000000082000000|100%| O|  |TAMS 0x0000000082000000, 0x0000000082000000| Untracked 
|  32|0x0000000082000000, 0x0000000082100000, 0x0000000082100000|100%| O|  |TAMS 0x0000000082100000, 0x0000000082100000| Untracked 
|  33|0x0000000082100000, 0x0000000082200000, 0x0000000082200000|100%| O|  |TAMS 0x0000000082200000, 0x0000000082200000| Untracked 
|  34|0x0000000082200000, 0x0000000082300000, 0x0000000082300000|100%| O|  |TAMS 0x0000000082300000, 0x0000000082300000| Untracked 
|  35|0x0000000082300000, 0x0000000082400000, 0x0000000082400000|100%| O|  |TAMS 0x0000000082400000, 0x0000000082400000| Untracked 
|  36|0x0000000082400000, 0x0000000082500000, 0x0000000082500000|100%| O|  |TAMS 0x0000000082500000, 0x0000000082500000| Untracked 
|  37|0x0000000082500000, 0x0000000082600000, 0x0000000082600000|100%| O|  |TAMS 0x0000000082600000, 0x0000000082600000| Untracked 
|  38|0x0000000082600000, 0x0000000082700000, 0x0000000082700000|100%| O|  |TAMS 0x0000000082700000, 0x0000000082700000| Untracked 
|  39|0x0000000082700000, 0x0000000082800000, 0x0000000082800000|100%| O|  |TAMS 0x0000000082800000, 0x0000000082800000| Untracked 
|  40|0x0000000082800000, 0x0000000082900000, 0x0000000082900000|100%| O|  |TAMS 0x0000000082900000, 0x0000000082900000| Untracked 
|  41|0x0000000082900000, 0x0000000082a00000, 0x0000000082a00000|100%| O|  |TAMS 0x0000000082a00000, 0x0000000082a00000| Untracked 
|  42|0x0000000082a00000, 0x0000000082b00000, 0x0000000082b00000|100%| O|  |TAMS 0x0000000082b00000, 0x0000000082b00000| Untracked 
|  43|0x0000000082b00000, 0x0000000082bffff8, 0x0000000082c00000| 99%| O|  |TAMS 0x0000000082bffff8, 0x0000000082bffff8| Untracked 
|  44|0x0000000082c00000, 0x0000000082d00000, 0x0000000082d00000|100%| O|  |TAMS 0x0000000082d00000, 0x0000000082d00000| Untracked 
|  45|0x0000000082d00000, 0x0000000082e00000, 0x0000000082e00000|100%| O|  |TAMS 0x0000000082e00000, 0x0000000082e00000| Untracked 
|  46|0x0000000082e00000, 0x0000000082f00000, 0x0000000082f00000|100%| O|  |TAMS 0x0000000082f00000, 0x0000000082f00000| Untracked 
|  47|0x0000000082f00000, 0x0000000083000000, 0x0000000083000000|100%| O|  |TAMS 0x0000000083000000, 0x0000000083000000| Untracked 
|  48|0x0000000083000000, 0x0000000083100000, 0x0000000083100000|100%| O|  |TAMS 0x0000000083100000, 0x0000000083100000| Untracked 
|  49|0x0000000083100000, 0x0000000083200000, 0x0000000083200000|100%| O|  |TAMS 0x0000000083200000, 0x0000000083200000| Untracked 
|  50|0x0000000083200000, 0x0000000083300000, 0x0000000083300000|100%| O|  |TAMS 0x0000000083300000, 0x0000000083300000| Untracked 
|  51|0x0000000083300000, 0x0000000083400000, 0x0000000083400000|100%| O|  |TAMS 0x0000000083400000, 0x0000000083400000| Untracked 
|  52|0x0000000083400000, 0x0000000083500000, 0x0000000083500000|100%| O|  |TAMS 0x0000000083500000, 0x0000000083500000| Untracked 
|  53|0x0000000083500000, 0x0000000083600000, 0x0000000083600000|100%| O|  |TAMS 0x0000000083600000, 0x0000000083600000| Untracked 
|  54|0x0000000083600000, 0x0000000083700000, 0x0000000083700000|100%| O|  |TAMS 0x0000000083700000, 0x0000000083700000| Untracked 
|  55|0x0000000083700000, 0x0000000083800000, 0x0000000083800000|100%| O|  |TAMS 0x0000000083800000, 0x0000000083800000| Untracked 
|  56|0x0000000083800000, 0x0000000083900000, 0x0000000083900000|100%| O|  |TAMS 0x0000000083900000, 0x0000000083900000| Untracked 
|  57|0x0000000083900000, 0x0000000083a00000, 0x0000000083a00000|100%| O|  |TAMS 0x0000000083a00000, 0x0000000083a00000| Untracked 
|  58|0x0000000083a00000, 0x0000000083b00000, 0x0000000083b00000|100%| O|  |TAMS 0x0000000083b00000, 0x0000000083b00000| Untracked 
|  59|0x0000000083b00000, 0x0000000083c00000, 0x0000000083c00000|100%| O|  |TAMS 0x0000000083c00000, 0x0000000083c00000| Untracked 
|  60|0x0000000083c00000, 0x0000000083d00000, 0x0000000083d00000|100%| O|  |TAMS 0x0000000083d00000, 0x0000000083d00000| Untracked 
|  61|0x0000000083d00000, 0x0000000083e00000, 0x0000000083e00000|100%| O|  |TAMS 0x0000000083e00000, 0x0000000083e00000| Untracked 
|  62|0x0000000083e00000, 0x0000000083f00000, 0x0000000083f00000|100%| O|  |TAMS 0x0000000083f00000, 0x0000000083f00000| Untracked 
|  63|0x0000000083f00000, 0x0000000084000000, 0x0000000084000000|100%| O|  |TAMS 0x0000000084000000, 0x0000000084000000| Untracked 
|  64|0x0000000084000000, 0x0000000084100000, 0x0000000084100000|100%| O|  |TAMS 0x0000000084100000, 0x0000000084100000| Untracked 
|  65|0x0000000084100000, 0x0000000084200000, 0x0000000084200000|100%| O|  |TAMS 0x0000000084200000, 0x0000000084200000| Untracked 
|  66|0x0000000084200000, 0x0000000084300000, 0x0000000084300000|100%| O|  |TAMS 0x0000000084300000, 0x0000000084300000| Untracked 
|  67|0x0000000084300000, 0x0000000084400000, 0x0000000084400000|100%| O|  |TAMS 0x0000000084400000, 0x0000000084400000| Untracked 
|  68|0x0000000084400000, 0x0000000084500000, 0x0000000084500000|100%| O|  |TAMS 0x0000000084500000, 0x0000000084500000| Untracked 
|  69|0x0000000084500000, 0x0000000084600000, 0x0000000084600000|100%| O|  |TAMS 0x0000000084600000, 0x0000000084600000| Untracked 
|  70|0x0000000084600000, 0x0000000084700000, 0x0000000084700000|100%| O|  |TAMS 0x0000000084700000, 0x0000000084700000| Untracked 
|  71|0x0000000084700000, 0x0000000084800000, 0x0000000084800000|100%| O|  |TAMS 0x0000000084800000, 0x0000000084800000| Untracked 
|  72|0x0000000084800000, 0x0000000084900000, 0x0000000084900000|100%| O|  |TAMS 0x0000000084900000, 0x0000000084900000| Untracked 
|  73|0x0000000084900000, 0x0000000084a00000, 0x0000000084a00000|100%| O|  |TAMS 0x0000000084a00000, 0x0000000084a00000| Untracked 
|  74|0x0000000084a00000, 0x0000000084b00000, 0x0000000084b00000|100%| O|  |TAMS 0x0000000084b00000, 0x0000000084b00000| Untracked 
|  75|0x0000000084b00000, 0x0000000084c00000, 0x0000000084c00000|100%| O|  |TAMS 0x0000000084c00000, 0x0000000084c00000| Untracked 
|  76|0x0000000084c00000, 0x0000000084d00000, 0x0000000084d00000|100%| O|  |TAMS 0x0000000084d00000, 0x0000000084d00000| Untracked 
|  77|0x0000000084d00000, 0x0000000084e00000, 0x0000000084e00000|100%| O|  |TAMS 0x0000000084e00000, 0x0000000084e00000| Untracked 
|  78|0x0000000084e00000, 0x0000000084f00000, 0x0000000084f00000|100%| O|  |TAMS 0x0000000084f00000, 0x0000000084f00000| Untracked 
|  79|0x0000000084f00000, 0x0000000085000000, 0x0000000085000000|100%| O|  |TAMS 0x0000000085000000, 0x0000000085000000| Untracked 
|  80|0x0000000085000000, 0x0000000085100000, 0x0000000085100000|100%| O|  |TAMS 0x0000000085100000, 0x0000000085100000| Untracked 
|  81|0x0000000085100000, 0x0000000085200000, 0x0000000085200000|100%| O|  |TAMS 0x0000000085200000, 0x0000000085200000| Untracked 
|  82|0x0000000085200000, 0x0000000085300000, 0x0000000085300000|100%|HS|  |TAMS 0x0000000085300000, 0x0000000085300000| Complete 
|  83|0x0000000085300000, 0x0000000085400000, 0x0000000085400000|100%|HC|  |TAMS 0x0000000085400000, 0x0000000085400000| Complete 
|  84|0x0000000085400000, 0x0000000085500000, 0x0000000085500000|100%| O|  |TAMS 0x0000000085500000, 0x0000000085500000| Untracked 
|  85|0x0000000085500000, 0x0000000085600000, 0x0000000085600000|100%| O|  |TAMS 0x0000000085600000, 0x0000000085600000| Untracked 
|  86|0x0000000085600000, 0x0000000085700000, 0x0000000085700000|100%| O|  |TAMS 0x0000000085700000, 0x0000000085700000| Untracked 
|  87|0x0000000085700000, 0x0000000085800000, 0x0000000085800000|100%| O|  |TAMS 0x0000000085800000, 0x0000000085800000| Untracked 
|  88|0x0000000085800000, 0x0000000085900000, 0x0000000085900000|100%| O|  |TAMS 0x0000000085900000, 0x0000000085900000| Untracked 
|  89|0x0000000085900000, 0x0000000085a00000, 0x0000000085a00000|100%| O|  |TAMS 0x0000000085a00000, 0x0000000085a00000| Untracked 
|  90|0x0000000085a00000, 0x0000000085b00000, 0x0000000085b00000|100%| O|  |TAMS 0x0000000085b00000, 0x0000000085b00000| Untracked 
|  91|0x0000000085b00000, 0x0000000085c00000, 0x0000000085c00000|100%| O|  |TAMS 0x0000000085c00000, 0x0000000085c00000| Untracked 
|  92|0x0000000085c00000, 0x0000000085d00000, 0x0000000085d00000|100%| O|  |TAMS 0x0000000085d00000, 0x0000000085d00000| Untracked 
|  93|0x0000000085d00000, 0x0000000085e00000, 0x0000000085e00000|100%| O|  |TAMS 0x0000000085e00000, 0x0000000085e00000| Untracked 
|  94|0x0000000085e00000, 0x0000000085f00000, 0x0000000085f00000|100%| O|  |TAMS 0x0000000085f00000, 0x0000000085f00000| Untracked 
|  95|0x0000000085f00000, 0x0000000086000000, 0x0000000086000000|100%| O|  |TAMS 0x0000000085f8aa00, 0x0000000086000000| Untracked 
|  96|0x0000000086000000, 0x0000000086100000, 0x0000000086100000|100%| O|  |TAMS 0x0000000086000000, 0x0000000086100000| Untracked 
|  97|0x0000000086100000, 0x0000000086200000, 0x0000000086200000|100%| O|  |TAMS 0x0000000086100000, 0x0000000086200000| Untracked 
|  98|0x0000000086200000, 0x0000000086300000, 0x0000000086300000|100%| O|  |TAMS 0x0000000086200000, 0x0000000086300000| Untracked 
|  99|0x0000000086300000, 0x0000000086400000, 0x0000000086400000|100%| O|  |TAMS 0x0000000086300000, 0x0000000086400000| Untracked 
| 100|0x0000000086400000, 0x0000000086500000, 0x0000000086500000|100%| O|  |TAMS 0x0000000086400000, 0x0000000086500000| Untracked 
| 101|0x0000000086500000, 0x0000000086600000, 0x0000000086600000|100%| O|  |TAMS 0x0000000086500000, 0x0000000086600000| Untracked 
| 102|0x0000000086600000, 0x0000000086700000, 0x0000000086700000|100%| O|  |TAMS 0x0000000086600000, 0x0000000086700000| Untracked 
| 103|0x0000000086700000, 0x0000000086800000, 0x0000000086800000|100%| O|  |TAMS 0x0000000086700000, 0x0000000086800000| Untracked 
| 104|0x0000000086800000, 0x0000000086900000, 0x0000000086900000|100%| O|  |TAMS 0x0000000086800000, 0x0000000086900000| Untracked 
| 105|0x0000000086900000, 0x0000000086a00000, 0x0000000086a00000|100%| O|  |TAMS 0x0000000086900000, 0x0000000086a00000| Untracked 
| 106|0x0000000086a00000, 0x0000000086a24e00, 0x0000000086b00000| 14%| O|  |TAMS 0x0000000086a00000, 0x0000000086a24e00| Untracked 
| 107|0x0000000086b00000, 0x0000000086c00000, 0x0000000086c00000|100%|HS|  |TAMS 0x0000000086b00000, 0x0000000086b00000| Complete 
| 108|0x0000000086c00000, 0x0000000086d00000, 0x0000000086d00000|100%|HC|  |TAMS 0x0000000086c00000, 0x0000000086c00000| Complete 
| 109|0x0000000086d00000, 0x0000000086e00000, 0x0000000086e00000|100%|HS|  |TAMS 0x0000000086d00000, 0x0000000086e00000| Complete 
| 110|0x0000000086e00000, 0x0000000086f00000, 0x0000000086f00000|100%|HC|  |TAMS 0x0000000086e00000, 0x0000000086f00000| Complete 
| 111|0x0000000086f00000, 0x0000000087000000, 0x0000000087000000|100%|HS|  |TAMS 0x0000000086f00000, 0x0000000086f00000| Complete 
| 112|0x0000000087000000, 0x0000000087000000, 0x0000000087100000|  0%| F|  |TAMS 0x0000000087000000, 0x0000000087000000| Untracked 
| 113|0x0000000087100000, 0x0000000087100000, 0x0000000087200000|  0%| F|  |TAMS 0x0000000087100000, 0x0000000087100000| Untracked 
| 114|0x0000000087200000, 0x0000000087200000, 0x0000000087300000|  0%| F|  |TAMS 0x0000000087200000, 0x0000000087200000| Untracked 
| 115|0x0000000087300000, 0x0000000087300000, 0x0000000087400000|  0%| F|  |TAMS 0x0000000087300000, 0x0000000087300000| Untracked 
| 116|0x0000000087400000, 0x0000000087400000, 0x0000000087500000|  0%| F|  |TAMS 0x0000000087400000, 0x0000000087400000| Untracked 
| 117|0x0000000087500000, 0x0000000087600000, 0x0000000087600000|100%|HS|  |TAMS 0x0000000087500000, 0x0000000087600000| Complete 
| 118|0x0000000087600000, 0x0000000087700000, 0x0000000087700000|100%|HC|  |TAMS 0x0000000087600000, 0x0000000087700000| Complete 
| 119|0x0000000087700000, 0x0000000087800000, 0x0000000087800000|100%|HS|  |TAMS 0x0000000087700000, 0x0000000087800000| Complete 
| 120|0x0000000087800000, 0x0000000087900000, 0x0000000087900000|100%|HC|  |TAMS 0x0000000087800000, 0x0000000087900000| Complete 
| 121|0x0000000087900000, 0x0000000087900000, 0x0000000087a00000|  0%| F|  |TAMS 0x0000000087900000, 0x0000000087900000| Untracked 
| 122|0x0000000087a00000, 0x0000000087a00000, 0x0000000087b00000|  0%| F|  |TAMS 0x0000000087a00000, 0x0000000087a00000| Untracked 
| 123|0x0000000087b00000, 0x0000000087b00000, 0x0000000087c00000|  0%| F|  |TAMS 0x0000000087b00000, 0x0000000087b00000| Untracked 
| 124|0x0000000087c00000, 0x0000000087c00000, 0x0000000087d00000|  0%| F|  |TAMS 0x0000000087c00000, 0x0000000087c00000| Untracked 
| 125|0x0000000087d00000, 0x0000000087d00000, 0x0000000087e00000|  0%| F|  |TAMS 0x0000000087d00000, 0x0000000087d00000| Untracked 
| 126|0x0000000087e00000, 0x0000000087e00000, 0x0000000087f00000|  0%| F|  |TAMS 0x0000000087e00000, 0x0000000087e00000| Untracked 
| 127|0x0000000087f00000, 0x0000000087f00000, 0x0000000088000000|  0%| F|  |TAMS 0x0000000087f00000, 0x0000000087f00000| Untracked 
| 128|0x0000000088000000, 0x0000000088000000, 0x0000000088100000|  0%| F|  |TAMS 0x0000000088000000, 0x0000000088000000| Untracked 
| 129|0x0000000088100000, 0x0000000088100000, 0x0000000088200000|  0%| F|  |TAMS 0x0000000088100000, 0x0000000088100000| Untracked 
| 130|0x0000000088200000, 0x0000000088200000, 0x0000000088300000|  0%| F|  |TAMS 0x0000000088200000, 0x0000000088200000| Untracked 
| 131|0x0000000088300000, 0x0000000088300000, 0x0000000088400000|  0%| F|  |TAMS 0x0000000088300000, 0x0000000088300000| Untracked 
| 132|0x0000000088400000, 0x0000000088400000, 0x0000000088500000|  0%| F|  |TAMS 0x0000000088400000, 0x0000000088400000| Untracked 
| 133|0x0000000088500000, 0x0000000088500000, 0x0000000088600000|  0%| F|  |TAMS 0x0000000088500000, 0x0000000088500000| Untracked 
| 134|0x0000000088600000, 0x0000000088600000, 0x0000000088700000|  0%| F|  |TAMS 0x0000000088600000, 0x0000000088600000| Untracked 
| 135|0x0000000088700000, 0x0000000088700000, 0x0000000088800000|  0%| F|  |TAMS 0x0000000088700000, 0x0000000088700000| Untracked 
| 136|0x0000000088800000, 0x0000000088800000, 0x0000000088900000|  0%| F|  |TAMS 0x0000000088800000, 0x0000000088800000| Untracked 
| 137|0x0000000088900000, 0x0000000088900000, 0x0000000088a00000|  0%| F|  |TAMS 0x0000000088900000, 0x0000000088900000| Untracked 
| 138|0x0000000088a00000, 0x0000000088a00000, 0x0000000088b00000|  0%| F|  |TAMS 0x0000000088a00000, 0x0000000088a00000| Untracked 
| 139|0x0000000088b00000, 0x0000000088b00000, 0x0000000088c00000|  0%| F|  |TAMS 0x0000000088b00000, 0x0000000088b00000| Untracked 
| 140|0x0000000088c00000, 0x0000000088c00000, 0x0000000088d00000|  0%| F|  |TAMS 0x0000000088c00000, 0x0000000088c00000| Untracked 
| 141|0x0000000088d00000, 0x0000000088d00000, 0x0000000088e00000|  0%| F|  |TAMS 0x0000000088d00000, 0x0000000088d00000| Untracked 
| 142|0x0000000088e00000, 0x0000000088e00000, 0x0000000088f00000|  0%| F|  |TAMS 0x0000000088e00000, 0x0000000088e00000| Untracked 
| 143|0x0000000088f00000, 0x0000000088f4d158, 0x0000000089000000| 30%| S|CS|TAMS 0x0000000088f00000, 0x0000000088f00000| Complete 
| 144|0x0000000089000000, 0x0000000089100000, 0x0000000089100000|100%| S|CS|TAMS 0x0000000089000000, 0x0000000089000000| Complete 
| 145|0x0000000089100000, 0x0000000089200000, 0x0000000089200000|100%| S|CS|TAMS 0x0000000089100000, 0x0000000089100000| Complete 
| 146|0x0000000089200000, 0x0000000089300000, 0x0000000089300000|100%| S|CS|TAMS 0x0000000089200000, 0x0000000089200000| Complete 
| 147|0x0000000089300000, 0x0000000089300000, 0x0000000089400000|  0%| F|  |TAMS 0x0000000089300000, 0x0000000089300000| Untracked 
| 148|0x0000000089400000, 0x0000000089400000, 0x0000000089500000|  0%| F|  |TAMS 0x0000000089400000, 0x0000000089400000| Untracked 
| 149|0x0000000089500000, 0x0000000089500000, 0x0000000089600000|  0%| F|  |TAMS 0x0000000089500000, 0x0000000089500000| Untracked 
| 150|0x0000000089600000, 0x0000000089600000, 0x0000000089700000|  0%| F|  |TAMS 0x0000000089600000, 0x0000000089600000| Untracked 
| 151|0x0000000089700000, 0x0000000089800000, 0x0000000089800000|100%| S|CS|TAMS 0x0000000089700000, 0x0000000089700000| Complete 
| 152|0x0000000089800000, 0x0000000089900000, 0x0000000089900000|100%| S|CS|TAMS 0x0000000089800000, 0x0000000089800000| Complete 
| 153|0x0000000089900000, 0x0000000089a00000, 0x0000000089a00000|100%| S|CS|TAMS 0x0000000089900000, 0x0000000089900000| Complete 
| 154|0x0000000089a00000, 0x0000000089b00000, 0x0000000089b00000|100%| S|CS|TAMS 0x0000000089a00000, 0x0000000089a00000| Complete 
| 155|0x0000000089b00000, 0x0000000089c00000, 0x0000000089c00000|100%| S|CS|TAMS 0x0000000089b00000, 0x0000000089b00000| Complete 
| 156|0x0000000089c00000, 0x0000000089d00000, 0x0000000089d00000|100%| S|CS|TAMS 0x0000000089c00000, 0x0000000089c00000| Complete 
| 157|0x0000000089d00000, 0x0000000089d00000, 0x0000000089e00000|  0%| F|  |TAMS 0x0000000089d00000, 0x0000000089d00000| Untracked 
| 158|0x0000000089e00000, 0x0000000089e00000, 0x0000000089f00000|  0%| F|  |TAMS 0x0000000089e00000, 0x0000000089e00000| Untracked 
| 159|0x0000000089f00000, 0x0000000089f00000, 0x000000008a000000|  0%| F|  |TAMS 0x0000000089f00000, 0x0000000089f00000| Untracked 
| 160|0x000000008a000000, 0x000000008a100000, 0x000000008a100000|100%| S|CS|TAMS 0x000000008a000000, 0x000000008a000000| Complete 
| 161|0x000000008a100000, 0x000000008a100000, 0x000000008a200000|  0%| F|  |TAMS 0x000000008a100000, 0x000000008a100000| Untracked 
| 162|0x000000008a200000, 0x000000008a200000, 0x000000008a300000|  0%| F|  |TAMS 0x000000008a200000, 0x000000008a200000| Untracked 
| 163|0x000000008a300000, 0x000000008a300000, 0x000000008a400000|  0%| F|  |TAMS 0x000000008a300000, 0x000000008a300000| Untracked 
| 164|0x000000008a400000, 0x000000008a400000, 0x000000008a500000|  0%| F|  |TAMS 0x000000008a400000, 0x000000008a400000| Untracked 
| 165|0x000000008a500000, 0x000000008a500000, 0x000000008a600000|  0%| F|  |TAMS 0x000000008a500000, 0x000000008a500000| Untracked 
| 166|0x000000008a600000, 0x000000008a600000, 0x000000008a700000|  0%| F|  |TAMS 0x000000008a600000, 0x000000008a600000| Untracked 
| 167|0x000000008a700000, 0x000000008a700000, 0x000000008a800000|  0%| F|  |TAMS 0x000000008a700000, 0x000000008a700000| Untracked 
| 168|0x000000008a800000, 0x000000008a800000, 0x000000008a900000|  0%| F|  |TAMS 0x000000008a800000, 0x000000008a800000| Untracked 
| 169|0x000000008a900000, 0x000000008a900000, 0x000000008aa00000|  0%| F|  |TAMS 0x000000008a900000, 0x000000008a900000| Untracked 
| 170|0x000000008aa00000, 0x000000008aa00000, 0x000000008ab00000|  0%| F|  |TAMS 0x000000008aa00000, 0x000000008aa00000| Untracked 
| 171|0x000000008ab00000, 0x000000008ab00000, 0x000000008ac00000|  0%| F|  |TAMS 0x000000008ab00000, 0x000000008ab00000| Untracked 
| 172|0x000000008ac00000, 0x000000008ac00000, 0x000000008ad00000|  0%| F|  |TAMS 0x000000008ac00000, 0x000000008ac00000| Untracked 
| 173|0x000000008ad00000, 0x000000008ad00000, 0x000000008ae00000|  0%| F|  |TAMS 0x000000008ad00000, 0x000000008ad00000| Untracked 
| 174|0x000000008ae00000, 0x000000008ae00000, 0x000000008af00000|  0%| F|  |TAMS 0x000000008ae00000, 0x000000008ae00000| Untracked 
| 175|0x000000008af00000, 0x000000008af00000, 0x000000008b000000|  0%| F|  |TAMS 0x000000008af00000, 0x000000008af00000| Untracked 
| 176|0x000000008b000000, 0x000000008b000000, 0x000000008b100000|  0%| F|  |TAMS 0x000000008b000000, 0x000000008b000000| Untracked 
| 177|0x000000008b100000, 0x000000008b100000, 0x000000008b200000|  0%| F|  |TAMS 0x000000008b100000, 0x000000008b100000| Untracked 
| 178|0x000000008b200000, 0x000000008b200000, 0x000000008b300000|  0%| F|  |TAMS 0x000000008b200000, 0x000000008b200000| Untracked 
| 179|0x000000008b300000, 0x000000008b300000, 0x000000008b400000|  0%| F|  |TAMS 0x000000008b300000, 0x000000008b300000| Untracked 
| 180|0x000000008b400000, 0x000000008b400000, 0x000000008b500000|  0%| F|  |TAMS 0x000000008b400000, 0x000000008b400000| Untracked 
| 181|0x000000008b500000, 0x000000008b500000, 0x000000008b600000|  0%| F|  |TAMS 0x000000008b500000, 0x000000008b500000| Untracked 
| 182|0x000000008b600000, 0x000000008b600000, 0x000000008b700000|  0%| F|  |TAMS 0x000000008b600000, 0x000000008b600000| Untracked 
| 183|0x000000008b700000, 0x000000008b700000, 0x000000008b800000|  0%| F|  |TAMS 0x000000008b700000, 0x000000008b700000| Untracked 
| 184|0x000000008b800000, 0x000000008b800000, 0x000000008b900000|  0%| F|  |TAMS 0x000000008b800000, 0x000000008b800000| Untracked 
| 185|0x000000008b900000, 0x000000008b900000, 0x000000008ba00000|  0%| F|  |TAMS 0x000000008b900000, 0x000000008b900000| Untracked 
| 186|0x000000008ba00000, 0x000000008ba00000, 0x000000008bb00000|  0%| F|  |TAMS 0x000000008ba00000, 0x000000008ba00000| Untracked 
| 187|0x000000008bb00000, 0x000000008bb00000, 0x000000008bc00000|  0%| F|  |TAMS 0x000000008bb00000, 0x000000008bb00000| Untracked 
| 188|0x000000008bc00000, 0x000000008bc00000, 0x000000008bd00000|  0%| F|  |TAMS 0x000000008bc00000, 0x000000008bc00000| Untracked 
| 189|0x000000008bd00000, 0x000000008bd00000, 0x000000008be00000|  0%| F|  |TAMS 0x000000008bd00000, 0x000000008bd00000| Untracked 
| 190|0x000000008be00000, 0x000000008be00000, 0x000000008bf00000|  0%| F|  |TAMS 0x000000008be00000, 0x000000008be00000| Untracked 
| 191|0x000000008bf00000, 0x000000008bf00000, 0x000000008c000000|  0%| F|  |TAMS 0x000000008bf00000, 0x000000008bf00000| Untracked 
| 192|0x000000008c000000, 0x000000008c000000, 0x000000008c100000|  0%| F|  |TAMS 0x000000008c000000, 0x000000008c000000| Untracked 
| 193|0x000000008c100000, 0x000000008c100000, 0x000000008c200000|  0%| F|  |TAMS 0x000000008c100000, 0x000000008c100000| Untracked 
| 194|0x000000008c200000, 0x000000008c200000, 0x000000008c300000|  0%| F|  |TAMS 0x000000008c200000, 0x000000008c200000| Untracked 
| 195|0x000000008c300000, 0x000000008c300000, 0x000000008c400000|  0%| F|  |TAMS 0x000000008c300000, 0x000000008c300000| Untracked 
| 196|0x000000008c400000, 0x000000008c400000, 0x000000008c500000|  0%| F|  |TAMS 0x000000008c400000, 0x000000008c400000| Untracked 
| 197|0x000000008c500000, 0x000000008c500000, 0x000000008c600000|  0%| F|  |TAMS 0x000000008c500000, 0x000000008c500000| Untracked 
| 198|0x000000008c600000, 0x000000008c600000, 0x000000008c700000|  0%| F|  |TAMS 0x000000008c600000, 0x000000008c600000| Untracked 
| 199|0x000000008c700000, 0x000000008c700000, 0x000000008c800000|  0%| F|  |TAMS 0x000000008c700000, 0x000000008c700000| Untracked 
| 200|0x000000008c800000, 0x000000008c800000, 0x000000008c900000|  0%| F|  |TAMS 0x000000008c800000, 0x000000008c800000| Untracked 
| 201|0x000000008c900000, 0x000000008c900000, 0x000000008ca00000|  0%| F|  |TAMS 0x000000008c900000, 0x000000008c900000| Untracked 
| 202|0x000000008ca00000, 0x000000008ca00000, 0x000000008cb00000|  0%| F|  |TAMS 0x000000008ca00000, 0x000000008ca00000| Untracked 
| 203|0x000000008cb00000, 0x000000008cb00000, 0x000000008cc00000|  0%| F|  |TAMS 0x000000008cb00000, 0x000000008cb00000| Untracked 
| 204|0x000000008cc00000, 0x000000008cc00000, 0x000000008cd00000|  0%| F|  |TAMS 0x000000008cc00000, 0x000000008cc00000| Untracked 
| 205|0x000000008cd00000, 0x000000008cd00000, 0x000000008ce00000|  0%| F|  |TAMS 0x000000008cd00000, 0x000000008cd00000| Untracked 
| 206|0x000000008ce00000, 0x000000008ce00000, 0x000000008cf00000|  0%| F|  |TAMS 0x000000008ce00000, 0x000000008ce00000| Untracked 
| 207|0x000000008cf00000, 0x000000008cf00000, 0x000000008d000000|  0%| F|  |TAMS 0x000000008cf00000, 0x000000008cf00000| Untracked 
| 208|0x000000008d000000, 0x000000008d000000, 0x000000008d100000|  0%| F|  |TAMS 0x000000008d000000, 0x000000008d000000| Untracked 
| 209|0x000000008d100000, 0x000000008d100000, 0x000000008d200000|  0%| F|  |TAMS 0x000000008d100000, 0x000000008d100000| Untracked 
| 210|0x000000008d200000, 0x000000008d200000, 0x000000008d300000|  0%| F|  |TAMS 0x000000008d200000, 0x000000008d200000| Untracked 
| 211|0x000000008d300000, 0x000000008d300000, 0x000000008d400000|  0%| F|  |TAMS 0x000000008d300000, 0x000000008d300000| Untracked 
| 212|0x000000008d400000, 0x000000008d400000, 0x000000008d500000|  0%| F|  |TAMS 0x000000008d400000, 0x000000008d400000| Untracked 
| 213|0x000000008d500000, 0x000000008d500000, 0x000000008d600000|  0%| F|  |TAMS 0x000000008d500000, 0x000000008d500000| Untracked 
| 214|0x000000008d600000, 0x000000008d600000, 0x000000008d700000|  0%| F|  |TAMS 0x000000008d600000, 0x000000008d600000| Untracked 
| 215|0x000000008d700000, 0x000000008d700000, 0x000000008d800000|  0%| F|  |TAMS 0x000000008d700000, 0x000000008d700000| Untracked 
| 216|0x000000008d800000, 0x000000008d800000, 0x000000008d900000|  0%| F|  |TAMS 0x000000008d800000, 0x000000008d800000| Untracked 
| 217|0x000000008d900000, 0x000000008d900000, 0x000000008da00000|  0%| F|  |TAMS 0x000000008d900000, 0x000000008d900000| Untracked 
| 218|0x000000008da00000, 0x000000008da00000, 0x000000008db00000|  0%| F|  |TAMS 0x000000008da00000, 0x000000008da00000| Untracked 
| 219|0x000000008db00000, 0x000000008db00000, 0x000000008dc00000|  0%| F|  |TAMS 0x000000008db00000, 0x000000008db00000| Untracked 
| 220|0x000000008dc00000, 0x000000008dc00000, 0x000000008dd00000|  0%| F|  |TAMS 0x000000008dc00000, 0x000000008dc00000| Untracked 
| 221|0x000000008dd00000, 0x000000008dd00000, 0x000000008de00000|  0%| F|  |TAMS 0x000000008dd00000, 0x000000008dd00000| Untracked 
| 222|0x000000008de00000, 0x000000008de00000, 0x000000008df00000|  0%| F|  |TAMS 0x000000008de00000, 0x000000008de00000| Untracked 
| 223|0x000000008df00000, 0x000000008df00000, 0x000000008e000000|  0%| F|  |TAMS 0x000000008df00000, 0x000000008df00000| Untracked 
| 224|0x000000008e000000, 0x000000008e000000, 0x000000008e100000|  0%| F|  |TAMS 0x000000008e000000, 0x000000008e000000| Untracked 
| 225|0x000000008e100000, 0x000000008e100000, 0x000000008e200000|  0%| F|  |TAMS 0x000000008e100000, 0x000000008e100000| Untracked 
| 226|0x000000008e200000, 0x000000008e200000, 0x000000008e300000|  0%| F|  |TAMS 0x000000008e200000, 0x000000008e200000| Untracked 
| 227|0x000000008e300000, 0x000000008e300000, 0x000000008e400000|  0%| F|  |TAMS 0x000000008e300000, 0x000000008e300000| Untracked 
| 228|0x000000008e400000, 0x000000008e400000, 0x000000008e500000|  0%| F|  |TAMS 0x000000008e400000, 0x000000008e400000| Untracked 
| 229|0x000000008e500000, 0x000000008e500000, 0x000000008e600000|  0%| F|  |TAMS 0x000000008e500000, 0x000000008e500000| Untracked 
| 230|0x000000008e600000, 0x000000008e600000, 0x000000008e700000|  0%| F|  |TAMS 0x000000008e600000, 0x000000008e600000| Untracked 
| 231|0x000000008e700000, 0x000000008e700000, 0x000000008e800000|  0%| F|  |TAMS 0x000000008e700000, 0x000000008e700000| Untracked 
| 232|0x000000008e800000, 0x000000008e800000, 0x000000008e900000|  0%| F|  |TAMS 0x000000008e800000, 0x000000008e800000| Untracked 
| 233|0x000000008e900000, 0x000000008e900000, 0x000000008ea00000|  0%| F|  |TAMS 0x000000008e900000, 0x000000008e900000| Untracked 
| 234|0x000000008ea00000, 0x000000008ea00000, 0x000000008eb00000|  0%| F|  |TAMS 0x000000008ea00000, 0x000000008ea00000| Untracked 
| 235|0x000000008eb00000, 0x000000008eb00000, 0x000000008ec00000|  0%| F|  |TAMS 0x000000008eb00000, 0x000000008eb00000| Untracked 
| 236|0x000000008ec00000, 0x000000008ec00000, 0x000000008ed00000|  0%| F|  |TAMS 0x000000008ec00000, 0x000000008ec00000| Untracked 
| 237|0x000000008ed00000, 0x000000008ed00000, 0x000000008ee00000|  0%| F|  |TAMS 0x000000008ed00000, 0x000000008ed00000| Untracked 
| 238|0x000000008ee00000, 0x000000008ee00000, 0x000000008ef00000|  0%| F|  |TAMS 0x000000008ee00000, 0x000000008ee00000| Untracked 
| 239|0x000000008ef00000, 0x000000008ef00000, 0x000000008f000000|  0%| F|  |TAMS 0x000000008ef00000, 0x000000008ef00000| Untracked 
| 240|0x000000008f000000, 0x000000008f000000, 0x000000008f100000|  0%| F|  |TAMS 0x000000008f000000, 0x000000008f000000| Untracked 
| 241|0x000000008f100000, 0x000000008f100000, 0x000000008f200000|  0%| F|  |TAMS 0x000000008f100000, 0x000000008f100000| Untracked 
| 242|0x000000008f200000, 0x000000008f200000, 0x000000008f300000|  0%| F|  |TAMS 0x000000008f200000, 0x000000008f200000| Untracked 
| 243|0x000000008f300000, 0x000000008f300000, 0x000000008f400000|  0%| F|  |TAMS 0x000000008f300000, 0x000000008f300000| Untracked 
| 244|0x000000008f400000, 0x000000008f400000, 0x000000008f500000|  0%| F|  |TAMS 0x000000008f400000, 0x000000008f400000| Untracked 
| 245|0x000000008f500000, 0x000000008f500000, 0x000000008f600000|  0%| F|  |TAMS 0x000000008f500000, 0x000000008f500000| Untracked 
| 246|0x000000008f600000, 0x000000008f600000, 0x000000008f700000|  0%| F|  |TAMS 0x000000008f600000, 0x000000008f600000| Untracked 
| 247|0x000000008f700000, 0x000000008f700000, 0x000000008f800000|  0%| F|  |TAMS 0x000000008f700000, 0x000000008f700000| Untracked 
| 248|0x000000008f800000, 0x000000008f800000, 0x000000008f900000|  0%| F|  |TAMS 0x000000008f800000, 0x000000008f800000| Untracked 
| 249|0x000000008f900000, 0x000000008f900000, 0x000000008fa00000|  0%| F|  |TAMS 0x000000008f900000, 0x000000008f900000| Untracked 
| 250|0x000000008fa00000, 0x000000008fa00000, 0x000000008fb00000|  0%| F|  |TAMS 0x000000008fa00000, 0x000000008fa00000| Untracked 
| 251|0x000000008fb00000, 0x000000008fb00000, 0x000000008fc00000|  0%| F|  |TAMS 0x000000008fb00000, 0x000000008fb00000| Untracked 
| 252|0x000000008fc00000, 0x000000008fc00000, 0x000000008fd00000|  0%| F|  |TAMS 0x000000008fc00000, 0x000000008fc00000| Untracked 
| 253|0x000000008fd00000, 0x000000008fd00000, 0x000000008fe00000|  0%| F|  |TAMS 0x000000008fd00000, 0x000000008fd00000| Untracked 
| 254|0x000000008fe00000, 0x000000008fe00000, 0x000000008ff00000|  0%| F|  |TAMS 0x000000008fe00000, 0x000000008fe00000| Untracked 
| 255|0x000000008ff00000, 0x000000008ff00000, 0x0000000090000000|  0%| F|  |TAMS 0x000000008ff00000, 0x000000008ff00000| Untracked 
| 256|0x0000000090000000, 0x0000000090000000, 0x0000000090100000|  0%| F|  |TAMS 0x0000000090000000, 0x0000000090000000| Untracked 
| 257|0x0000000090100000, 0x0000000090100000, 0x0000000090200000|  0%| F|  |TAMS 0x0000000090100000, 0x0000000090100000| Untracked 
| 258|0x0000000090200000, 0x0000000090200000, 0x0000000090300000|  0%| F|  |TAMS 0x0000000090200000, 0x0000000090200000| Untracked 
| 259|0x0000000090300000, 0x0000000090300000, 0x0000000090400000|  0%| F|  |TAMS 0x0000000090300000, 0x0000000090300000| Untracked 
| 260|0x0000000090400000, 0x0000000090400000, 0x0000000090500000|  0%| F|  |TAMS 0x0000000090400000, 0x0000000090400000| Untracked 
| 261|0x0000000090500000, 0x0000000090500000, 0x0000000090600000|  0%| F|  |TAMS 0x0000000090500000, 0x0000000090500000| Untracked 
| 262|0x0000000090600000, 0x0000000090600000, 0x0000000090700000|  0%| F|  |TAMS 0x0000000090600000, 0x0000000090600000| Untracked 
| 263|0x0000000090700000, 0x0000000090780800, 0x0000000090800000| 50%| E|  |TAMS 0x0000000090700000, 0x0000000090700000| Complete 
| 264|0x0000000090800000, 0x0000000090900000, 0x0000000090900000|100%| E|CS|TAMS 0x0000000090800000, 0x0000000090800000| Complete 
| 265|0x0000000090900000, 0x0000000090a00000, 0x0000000090a00000|100%| E|CS|TAMS 0x0000000090900000, 0x0000000090900000| Complete 
| 266|0x0000000090a00000, 0x0000000090b00000, 0x0000000090b00000|100%| E|CS|TAMS 0x0000000090a00000, 0x0000000090a00000| Complete 

Card table byte_map: [0x0000011b3bce0000,0x0000011b3c0e0000] _byte_map_base: 0x0000011b3b8e0000

Marking Bits (Prev, Next): (CMBitMap*) 0x0000011b26dad828, (CMBitMap*) 0x0000011b26dad860
 Prev Bits: [0x0000011b3c4e0000, 0x0000011b3e4e0000)
 Next Bits: [0x0000011b3e4e0000, 0x0000011b404e0000)

Polling page: 0x0000011b26c20000

Metaspace:

Usage:
  Non-class:    102.28 MB capacity,   100.10 MB ( 98%) used,     1.77 MB (  2%) free+waste,   421.56 KB ( <1%) overhead. 
      Class:     16.31 MB capacity,    14.96 MB ( 92%) used,     1.16 MB (  7%) free+waste,   193.88 KB (  1%) overhead. 
       Both:    118.59 MB capacity,   115.07 MB ( 97%) used,     2.93 MB (  2%) free+waste,   615.44 KB ( <1%) overhead. 

Virtual space:
  Non-class space:      104.00 MB reserved,     102.50 MB ( 99%) committed 
      Class space:        1.00 GB reserved,      16.38 MB (  2%) committed 
             Both:        1.10 GB reserved,     118.88 MB ( 11%) committed 

Chunk freelists:
   Non-Class:  31.00 KB
       Class:  1.00 KB
        Both:  32.00 KB

MaxMetaspaceSize: 17179869184.00 GB
CompressedClassSpaceSize: 1.00 GB
Initial GC threshold: 20.80 MB
Current GC threshold: 164.17 MB
CDS: off

CodeHeap 'non-profiled nmethods': size=120064Kb used=10636Kb max_used=10636Kb free=109427Kb
 bounds [0x0000011b343a0000, 0x0000011b34e10000, 0x0000011b3b8e0000]
CodeHeap 'profiled nmethods': size=120000Kb used=33806Kb max_used=33806Kb free=86194Kb
 bounds [0x0000011b2ce70000, 0x0000011b2ef80000, 0x0000011b343a0000]
CodeHeap 'non-nmethods': size=5696Kb used=2492Kb max_used=2495Kb free=3203Kb
 bounds [0x0000011b2c8e0000, 0x0000011b2cb60000, 0x0000011b2ce70000]
 total_blobs=16307 nmethods=15325 adapters=892
 compilation: enabled
              stopped_count=0, restarted_count=0
 full_count=0

Compilation events (20 events):
Event: 44.368 Thread 0x0000011b429f0800 16222       2       com.android.zipflinger.Location::size (12 bytes)
Event: 44.368 Thread 0x0000011b429f0800 nmethod 16222 0x0000011b2ef6b410 code [0x0000011b2ef6b5c0, 0x0000011b2ef6b6d8]
Event: 44.371 Thread 0x0000011b429f0800 16223       2       java.lang.Math::toIntExact (21 bytes)
Event: 44.371 Thread 0x0000011b429f0800 nmethod 16223 0x0000011b2ef6b790 code [0x0000011b2ef6b940, 0x0000011b2ef6bac8]
Event: 44.371 Thread 0x0000011b429f0800 16224       2       com.android.zipflinger.Location::compareTo (9 bytes)
Event: 44.372 Thread 0x0000011b429f0800 nmethod 16224 0x0000011b2ef6bb90 code [0x0000011b2ef6bd60, 0x0000011b2ef6bf68]
Event: 44.372 Thread 0x0000011b429f0800 16225       2       com.android.zipflinger.Location::compareTo (13 bytes)
Event: 44.372 Thread 0x0000011b429f0800 nmethod 16225 0x0000011b2ef6c090 code [0x0000011b2ef6c260, 0x0000011b2ef6c428]
Event: 44.397 Thread 0x0000011b429f0800 16227       2       kotlin.text.StringsKt__StringsJVMKt::endsWith (44 bytes)
Event: 44.398 Thread 0x0000011b429f0800 nmethod 16227 0x0000011b2ef6c510 code [0x0000011b2ef6c760, 0x0000011b2ef6cc78]
Event: 44.408 Thread 0x0000011b429f0800 16228       2       java.lang.invoke.StringConcatFactory$Stringifiers::forMost (11 bytes)
Event: 44.409 Thread 0x0000011b429f0800 nmethod 16228 0x0000011b2ef6d090 code [0x0000011b2ef6d260, 0x0000011b2ef6d4d8]
Event: 44.409 Thread 0x0000011b429f0800 16229       2       java.lang.invoke.StringConcatFactory$MethodHandleInlineCopyStrategy::lengthMixer (16 bytes)
Event: 44.409 Thread 0x0000011b429f0800 nmethod 16229 0x0000011b2ef6d710 code [0x0000011b2ef6d8c0, 0x0000011b2ef6da08]
Event: 44.409 Thread 0x0000011b429f0800 16230       2       java.lang.invoke.BoundMethodHandle$Species_LLLLL::make (18 bytes)
Event: 44.410 Thread 0x0000011b429f0800 nmethod 16230 0x0000011b2ef6db10 code [0x0000011b2ef6dcc0, 0x0000011b2ef6de68]
Event: 44.447 Thread 0x0000011b429f0800 16231   !   2       jdk.internal.loader.URLClassPath$JarLoader::getResource (353 bytes)
Event: 44.450 Thread 0x0000011b429f0800 nmethod 16231 0x0000011b2ef6df90 code [0x0000011b2ef6e320, 0x0000011b2ef6f2d8]
Event: 44.458 Thread 0x0000011b429f0800 16232       2       java.nio.HeapByteBuffer::put (175 bytes)
Event: 44.459 Thread 0x0000011b429f0800 nmethod 16232 0x0000011b2ef70210 code [0x0000011b2ef70460, 0x0000011b2ef70a78]

GC Heap History (20 events):
Event: 28.721 GC heap before
{Heap before GC invocations=27 (full 0):
 garbage-first heap   total 227328K, used 178472K [0x0000000080000000, 0x0000000100000000)
  region size 1024K, 112 young (114688K), 15 survivors (15360K)
 Metaspace       used 87736K, capacity 90284K, committed 90368K, reserved 1128448K
  class space    used 11333K, capacity 12279K, committed 12288K, reserved 1048576K
}
Event: 28.753 GC heap after
{Heap after GC invocations=28 (full 0):
 garbage-first heap   total 227328K, used 84991K [0x0000000080000000, 0x0000000100000000)
  region size 1024K, 7 young (7168K), 7 survivors (7168K)
 Metaspace       used 87736K, capacity 90284K, committed 90368K, reserved 1128448K
  class space    used 11333K, capacity 12279K, committed 12288K, reserved 1048576K
}
Event: 30.910 GC heap before
{Heap before GC invocations=28 (full 0):
 garbage-first heap   total 227328K, used 183295K [0x0000000080000000, 0x0000000100000000)
  region size 1024K, 103 young (105472K), 7 survivors (7168K)
 Metaspace       used 88609K, capacity 91155K, committed 91264K, reserved 1128448K
  class space    used 11385K, capacity 12346K, committed 12416K, reserved 1048576K
}
Event: 30.933 GC heap after
{Heap after GC invocations=29 (full 0):
 garbage-first heap   total 273408K, used 90111K [0x0000000080000000, 0x0000000100000000)
  region size 1024K, 12 young (12288K), 12 survivors (12288K)
 Metaspace       used 88609K, capacity 91155K, committed 91264K, reserved 1128448K
  class space    used 11385K, capacity 12346K, committed 12416K, reserved 1048576K
}
Event: 32.794 GC heap before
{Heap before GC invocations=29 (full 0):
 garbage-first heap   total 273408K, used 204799K [0x0000000080000000, 0x0000000100000000)
  region size 1024K, 125 young (128000K), 12 survivors (12288K)
 Metaspace       used 90044K, capacity 92724K, committed 93056K, reserved 1130496K
  class space    used 11603K, capacity 12590K, committed 12672K, reserved 1048576K
}
Event: 32.824 GC heap after
{Heap after GC invocations=30 (full 0):
 garbage-first heap   total 273408K, used 96446K [0x0000000080000000, 0x0000000100000000)
  region size 1024K, 13 young (13312K), 13 survivors (13312K)
 Metaspace       used 90044K, capacity 92724K, committed 93056K, reserved 1130496K
  class space    used 11603K, capacity 12590K, committed 12672K, reserved 1048576K
}
Event: 34.453 GC heap before
{Heap before GC invocations=30 (full 0):
 garbage-first heap   total 273408K, used 213182K [0x0000000080000000, 0x0000000100000000)
  region size 1024K, 126 young (129024K), 13 survivors (13312K)
 Metaspace       used 95479K, capacity 98270K, committed 98560K, reserved 1134592K
  class space    used 12254K, capacity 13266K, committed 13312K, reserved 1048576K
}
Event: 34.476 GC heap after
{Heap after GC invocations=31 (full 0):
 garbage-first heap   total 273408K, used 103633K [0x0000000080000000, 0x0000000100000000)
  region size 1024K, 12 young (12288K), 12 survivors (12288K)
 Metaspace       used 95479K, capacity 98270K, committed 98560K, reserved 1134592K
  class space    used 12254K, capacity 13266K, committed 13312K, reserved 1048576K
}
Event: 36.554 GC heap before
{Heap before GC invocations=31 (full 0):
 garbage-first heap   total 273408K, used 175313K [0x0000000080000000, 0x0000000100000000)
  region size 1024K, 83 young (84992K), 12 survivors (12288K)
 Metaspace       used 97726K, capacity 100461K, committed 100608K, reserved 1136640K
  class space    used 12458K, capacity 13477K, committed 13568K, reserved 1048576K
}
Event: 36.620 GC heap after
{Heap after GC invocations=32 (full 0):
 garbage-first heap   total 273408K, used 112682K [0x0000000080000000, 0x0000000100000000)
  region size 1024K, 15 young (15360K), 15 survivors (15360K)
 Metaspace       used 97726K, capacity 100461K, committed 100608K, reserved 1136640K
  class space    used 12458K, capacity 13477K, committed 13568K, reserved 1048576K
}
Event: 38.817 GC heap before
{Heap before GC invocations=33 (full 0):
 garbage-first heap   total 273408K, used 217130K [0x0000000080000000, 0x0000000100000000)
  region size 1024K, 118 young (120832K), 15 survivors (15360K)
 Metaspace       used 98885K, capacity 101726K, committed 102016K, reserved 1138688K
  class space    used 12550K, capacity 13616K, committed 13696K, reserved 1048576K
}
Event: 38.845 GC heap after
{Heap after GC invocations=34 (full 0):
 garbage-first heap   total 273408K, used 110357K [0x0000000080000000, 0x0000000100000000)
  region size 1024K, 10 young (10240K), 10 survivors (10240K)
 Metaspace       used 98885K, capacity 101726K, committed 102016K, reserved 1138688K
  class space    used 12550K, capacity 13616K, committed 13696K, reserved 1048576K
}
Event: 40.242 GC heap before
{Heap before GC invocations=34 (full 0):
 garbage-first heap   total 273408K, used 216853K [0x0000000080000000, 0x0000000100000000)
  region size 1024K, 115 young (117760K), 10 survivors (10240K)
 Metaspace       used 101594K, capacity 104543K, committed 104704K, reserved 1140736K
  class space    used 12937K, capacity 14043K, committed 14080K, reserved 1048576K
}
Event: 40.264 GC heap after
{Heap after GC invocations=35 (full 0):
 garbage-first heap   total 273408K, used 113786K [0x0000000080000000, 0x0000000100000000)
  region size 1024K, 5 young (5120K), 5 survivors (5120K)
 Metaspace       used 101594K, capacity 104543K, committed 104704K, reserved 1140736K
  class space    used 12937K, capacity 14043K, committed 14080K, reserved 1048576K
}
Event: 41.501 GC heap before
{Heap before GC invocations=35 (full 0):
 garbage-first heap   total 273408K, used 221306K [0x0000000080000000, 0x0000000100000000)
  region size 1024K, 110 young (112640K), 5 survivors (5120K)
 Metaspace       used 108565K, capacity 111770K, committed 112000K, reserved 1146880K
  class space    used 13959K, capacity 15204K, committed 15232K, reserved 1048576K
}
Event: 41.513 GC heap after
{Heap after GC invocations=36 (full 0):
 garbage-first heap   total 273408K, used 114116K [0x0000000080000000, 0x0000000100000000)
  region size 1024K, 6 young (6144K), 6 survivors (6144K)
 Metaspace       used 108565K, capacity 111770K, committed 112000K, reserved 1146880K
  class space    used 13959K, capacity 15204K, committed 15232K, reserved 1048576K
}
Event: 42.988 GC heap before
{Heap before GC invocations=36 (full 0):
 garbage-first heap   total 273408K, used 222660K [0x0000000080000000, 0x0000000100000000)
  region size 1024K, 113 young (115712K), 6 survivors (6144K)
 Metaspace       used 113526K, capacity 117004K, committed 117120K, reserved 1150976K
  class space    used 14789K, capacity 16158K, committed 16256K, reserved 1048576K
}
Event: 43.007 GC heap after
{Heap after GC invocations=37 (full 0):
 garbage-first heap   total 273408K, used 115650K [0x0000000080000000, 0x0000000100000000)
  region size 1024K, 7 young (7168K), 7 survivors (7168K)
 Metaspace       used 113526K, capacity 117004K, committed 117120K, reserved 1150976K
  class space    used 14789K, capacity 16158K, committed 16256K, reserved 1048576K
}
Event: 44.482 GC heap before
{Heap before GC invocations=37 (full 0):
 garbage-first heap   total 273408K, used 236482K [0x0000000080000000, 0x0000000100000000)
  region size 1024K, 113 young (115712K), 7 survivors (7168K)
 Metaspace       used 117706K, capacity 121277K, committed 121472K, reserved 1155072K
  class space    used 15304K, capacity 16670K, committed 16768K, reserved 1048576K
}
Event: 44.501 GC heap after
{Heap after GC invocations=38 (full 0):
 garbage-first heap   total 273408K, used 125383K [0x0000000080000000, 0x0000000100000000)
  region size 1024K, 11 young (11264K), 11 survivors (11264K)
 Metaspace       used 117706K, capacity 121277K, committed 121472K, reserved 1155072K
  class space    used 15304K, capacity 16670K, committed 16768K, reserved 1048576K
}

Deoptimization events (20 events):
Event: 44.347 Thread 0x0000011b480e7000 Uncommon trap: trap_request=0xffffff4d fr.pc=0x0000011b34c6265c relative=0x000000000000019c
Event: 44.347 Thread 0x0000011b480e7000 Uncommon trap: reason=unstable_if action=reinterpret pc=0x0000011b34c6265c method=sun.nio.ch.IOUtil.readIntoNativeBuffer(Ljava/io/FileDescriptor;Ljava/nio/ByteBuffer;JZILsun/nio/ch/NativeDispatcher;)I @ 86 c2
Event: 44.347 Thread 0x0000011b480e7000 DEOPT PACKING pc=0x0000011b34c6265c sp=0x000000137e6fd220
Event: 44.347 Thread 0x0000011b480e7000 DEOPT UNPACKING pc=0x0000011b2c92a1af sp=0x000000137e6fd1c0 mode 2
Event: 44.403 Thread 0x0000011b480f0000 Uncommon trap: trap_request=0xffffffde fr.pc=0x0000011b348f9948 relative=0x0000000000000d28
Event: 44.403 Thread 0x0000011b480f0000 Uncommon trap: reason=class_check action=maybe_recompile pc=0x0000011b348f9948 method=java.lang.ThreadLocal.setInitialValue()Ljava/lang/Object; @ 31 c2
Event: 44.403 Thread 0x0000011b480f0000 DEOPT PACKING pc=0x0000011b348f9948 sp=0x000000137e7fe4e0
Event: 44.403 Thread 0x0000011b480f0000 DEOPT UNPACKING pc=0x0000011b2c92a1af sp=0x000000137e7fe430 mode 2
Event: 44.413 Thread 0x0000011b480f0000 Uncommon trap: trap_request=0xffffff4d fr.pc=0x0000011b34c5916c relative=0x000000000000020c
Event: 44.413 Thread 0x0000011b480f0000 Uncommon trap: reason=unstable_if action=reinterpret pc=0x0000011b34c5916c method=java.nio.HeapByteBuffer.put(Ljava/nio/ByteBuffer;)Ljava/nio/ByteBuffer; @ 4 c2
Event: 44.413 Thread 0x0000011b480f0000 DEOPT PACKING pc=0x0000011b34c5916c sp=0x000000137e7fe710
Event: 44.413 Thread 0x0000011b480f0000 DEOPT UNPACKING pc=0x0000011b2c92a1af sp=0x000000137e7fe6f0 mode 2
Event: 44.456 Thread 0x0000011b480ea800 Uncommon trap: trap_request=0xffffffde fr.pc=0x0000011b348f9948 relative=0x0000000000000d28
Event: 44.456 Thread 0x0000011b480ea800 Uncommon trap: reason=class_check action=maybe_recompile pc=0x0000011b348f9948 method=java.lang.ThreadLocal.setInitialValue()Ljava/lang/Object; @ 31 c2
Event: 44.456 Thread 0x0000011b480ea800 DEOPT PACKING pc=0x0000011b348f9948 sp=0x000000137ecfe960
Event: 44.456 Thread 0x0000011b480ea800 DEOPT UNPACKING pc=0x0000011b2c92a1af sp=0x000000137ecfe8b0 mode 2
Event: 44.504 Thread 0x0000011b480ec000 Uncommon trap: trap_request=0xffffffde fr.pc=0x0000011b348f9948 relative=0x0000000000000d28
Event: 44.504 Thread 0x0000011b480ec000 Uncommon trap: reason=class_check action=maybe_recompile pc=0x0000011b348f9948 method=java.lang.ThreadLocal.setInitialValue()Ljava/lang/Object; @ 31 c2
Event: 44.504 Thread 0x0000011b480ec000 DEOPT PACKING pc=0x0000011b348f9948 sp=0x000000137ebfeb60
Event: 44.504 Thread 0x0000011b480ec000 DEOPT UNPACKING pc=0x0000011b2c92a1af sp=0x000000137ebfeab0 mode 2

Classes redefined (0 events):
No events

Internal exceptions (20 events):
Event: 41.288 Thread 0x0000011b480e7000 Exception <a 'java/lang/NoSuchMethodError'{0x000000008b3acb90}: 'void java.lang.invoke.DirectMethodHandle$Holder.invokeSpecial(java.lang.Object, java.lang.Object, int, java.lang.Object)'> (0x000000008b3acb90) thrown at [src/hotspot/share/interpreter/linkResolver.cpp, line 773]
Event: 41.380 Thread 0x0000011b480e7000 Exception <a 'java/lang/NoSuchMethodError'{0x000000008a8537d0}: 'int java.lang.invoke.DirectMethodHandle$Holder.invokeSpecial(java.lang.Object, java.lang.Object, java.lang.Object, int, java.lang.Object)'> (0x000000008a8537d0) thrown at [src/hotspot/share/interpreter/linkResolver.cpp, line 773]
Event: 41.560 Thread 0x0000011b480e7000 Exception <a 'java/lang/NoSuchMethodError'{0x00000000907cbe00}: 'int java.lang.invoke.DirectMethodHandle$Holder.invokeStatic(java.lang.Object, java.lang.Object, int, java.lang.Object)'> (0x00000000907cbe00) thrown at [src/hotspot/share/interpreter/linkResolver.cpp, line 773]
Event: 41.618 Thread 0x0000011b480e7000 Exception <a 'java/lang/NoSuchMethodError'{0x00000000902e67d8}: 'java.lang.Object java.lang.invoke.Invokers$Holder.linkToTargetMethod(java.lang.Object, int, java.lang.Object, java.lang.Object, java.lang.Object, java.lang.Object)'> (0x00000000902e67d8) thrown at [src/hotspot/share/interpreter/linkResolver.cpp, line 773]
Event: 41.622 Thread 0x0000011b480e7000 Exception <a 'java/lang/NoSuchMethodError'{0x000000009011ab20}: 'void java.lang.invoke.DirectMethodHandle$Holder.invokeStatic(java.lang.Object, java.lang.Object, java.lang.Object, java.lang.Object, java.lang.Object, java.lang.Object, java.lang.Object, java.lang.Object)'> (0x000000009011ab20) thrown at [src/hotspot/share/interpreter/linkResolver.cpp, line 773]
Event: 41.791 Thread 0x0000011b480e7000 Exception <a 'java/lang/NoSuchMethodError'{0x000000008f5ef0d8}: 'void java.lang.invoke.DirectMethodHandle$Holder.invokeSpecial(java.lang.Object, java.lang.Object, int)'> (0x000000008f5ef0d8) thrown at [src/hotspot/share/interpreter/linkResolver.cpp, line 773]
Event: 41.822 Thread 0x0000011b480e7000 Exception <a 'sun/nio/fs/WindowsException'{0x000000008f4fe608}> (0x000000008f4fe608) thrown at [src/hotspot/share/prims/jni.cpp, line 617]
Event: 41.895 Thread 0x0000011b482eb000 Exception <a 'java/lang/NoSuchMethodError'{0x000000008f037210}: <clinit>> (0x000000008f037210) thrown at [src/hotspot/share/prims/jni.cpp, line 1367]
Event: 42.139 Thread 0x0000011b480eb000 Exception <a 'sun/nio/fs/WindowsException'{0x000000008dee6ca0}> (0x000000008dee6ca0) thrown at [src/hotspot/share/prims/jni.cpp, line 617]
Event: 42.493 Thread 0x0000011b480eb000 Exception <a 'java/lang/IncompatibleClassChangeError'{0x000000008c669a60}: Found class java.lang.Object, but interface was expected> (0x000000008c669a60) thrown at [src/hotspot/share/interpreter/linkResolver.cpp, line 839]
Event: 42.521 Thread 0x0000011b480eb000 Exception <a 'sun/nio/fs/WindowsException'{0x000000008c5211f0}> (0x000000008c5211f0) thrown at [src/hotspot/share/prims/jni.cpp, line 617]
Event: 43.806 Thread 0x0000011b482eb000 Exception <a 'java/lang/NoSuchMethodError'{0x000000008c3fcb70}: <clinit>> (0x000000008c3fcb70) thrown at [src/hotspot/share/prims/jni.cpp, line 1367]
Event: 43.808 Thread 0x0000011b482eb000 Exception <a 'java/lang/NoSuchMethodError'{0x000000008c213508}: <clinit>> (0x000000008c213508) thrown at [src/hotspot/share/prims/jni.cpp, line 1367]
Event: 43.918 Thread 0x0000011b480e7000 Exception <a 'sun/nio/fs/WindowsException'{0x000000008ba40708}> (0x000000008ba40708) thrown at [src/hotspot/share/prims/jni.cpp, line 617]
Event: 43.929 Thread 0x0000011b480e7000 Implicit null exception at 0x0000011b346773fc to 0x0000011b3467a954
Event: 44.087 Thread 0x0000011b480e7000 Exception <a 'java/lang/NoSuchMethodError'{0x000000008b6d1698}: 'java.lang.Object java.lang.invoke.DirectMethodHandle$Holder.invokeStatic(java.lang.Object, java.lang.Object, java.lang.Object, java.lang.Object, java.lang.Object, int, java.lang.Object)'> (0x000000008b6d1698) thrown at [src/hotspot/share/interpreter/linkResolver.cpp, line 773]
Event: 44.089 Thread 0x0000011b480e7000 Exception <a 'java/lang/NoSuchMethodError'{0x000000008b6d8898}: 'java.lang.Object java.lang.invoke.Invokers$Holder.linkToTargetMethod(java.lang.Object, java.lang.Object, java.lang.Object, java.lang.Object, int, java.lang.Object, java.lang.Object)'> (0x000000008b6d8898) thrown at [src/hotspot/share/interpreter/linkResolver.cpp, line 773]
Event: 44.218 Thread 0x0000011b480e7000 Exception <a 'java/lang/NoSuchMethodError'{0x000000008b132188}: 'java.lang.Object java.lang.invoke.DirectMethodHandle$Holder.invokeStatic(java.lang.Object, java.lang.Object, java.lang.Object, java.lang.Object, java.lang.Object, java.lang.Object, java.lang.Object, int)'> (0x000000008b132188) thrown at [src/hotspot/share/interpreter/linkResolver.cpp, line 773]
Event: 44.218 Thread 0x0000011b480e7000 Exception <a 'java/lang/NoSuchMethodError'{0x000000008b136868}: 'java.lang.Object java.lang.invoke.DirectMethodHandle$Holder.invokeSpecial(java.lang.Object, java.lang.Object, java.lang.Object, java.lang.Object, java.lang.Object, java.lang.Object, java.lang.Object, java.lang.Object, int)'> (0x000000008b136868) thrown at [src/hotspot/share/interpreter/linkResolver.cpp, line 773]
Event: 44.218 Thread 0x0000011b480e7000 Exception <a 'java/lang/NoSuchMethodError'{0x000000008b13a8c8}: 'java.lang.Object java.lang.invoke.Invokers$Holder.linkToTargetMethod(java.lang.Object, java.lang.Object, java.lang.Object, java.lang.Object, java.lang.Object, java.lang.Object, int, java.lang.Object)'> (0x000000008b13a8c8) thrown at [src/hotspot/share/interpreter/linkResolver.cpp, line 773]

Events (20 events):
Event: 44.455 loading class com/android/apksig/internal/apk/ApkSigningBlockUtils$ChunkSupplier$Chunk
Event: 44.455 loading class com/android/apksig/internal/apk/ApkSigningBlockUtils$ChunkSupplier$Chunk done
Event: 44.481 Executing VM operation: G1CollectForAllocation
Event: 44.501 Executing VM operation: G1CollectForAllocation done
Event: 44.502 Executing VM operation: RevokeBias
Event: 44.502 Executing VM operation: RevokeBias done
Event: 44.529 loading class com/android/apksig/internal/apk/ApkSigningBlockUtils$SigningSchemeBlockAndDigests
Event: 44.529 loading class com/android/apksig/internal/apk/ApkSigningBlockUtils$SigningSchemeBlockAndDigests done
Event: 44.530 loading class com/android/apksig/internal/x509/SubjectPublicKeyInfo
Event: 44.530 loading class com/android/apksig/internal/x509/SubjectPublicKeyInfo done
Event: 44.531 loading class com/android/apksig/internal/asn1/Asn1BerParser
Event: 44.531 loading class com/android/apksig/internal/asn1/Asn1BerParser done
Event: 44.536 loading class com/android/apksig/internal/asn1/Asn1BerParser$Asn1UnexpectedTagException
Event: 44.536 loading class com/android/apksig/internal/asn1/Asn1BerParser$Asn1UnexpectedTagException done
Event: 44.538 loading class com/android/apksig/internal/asn1/ber/BerDataValueFormatException
Event: 44.538 loading class com/android/apksig/internal/asn1/ber/BerDataValueFormatException done
Event: 44.540 loading class com/android/apksig/internal/asn1/ber/ByteBufferBerDataValueReader
Event: 44.540 loading class com/android/apksig/internal/asn1/ber/ByteBufferBerDataValueReader done
Event: 44.541 loading class com/android/apksig/internal/asn1/ber/BerDataValueReader
Event: 44.541 loading class com/android/apksig/internal/asn1/ber/BerDataValueReader done


Dynamic libraries:
0x00007ff734a90000 - 0x00007ff734a9a000 	C:\Program Files\Android\Android Studio\jbr\bin\java.exe
0x00007ffe327f0000 - 0x00007ffe329e8000 	C:\WINDOWS\SYSTEM32\ntdll.dll
0x00007ffe31d30000 - 0x00007ffe31def000 	C:\WINDOWS\System32\KERNEL32.DLL
0x00007ffe30000000 - 0x00007ffe302da000 	C:\WINDOWS\System32\KERNELBASE.dll
0x00007ffe2ff00000 - 0x00007ffe30000000 	C:\WINDOWS\System32\ucrtbase.dll
0x00007ffe28930000 - 0x00007ffe28947000 	C:\Program Files\Android\Android Studio\jbr\bin\jli.dll
0x00007ffe13610000 - 0x00007ffe1362b000 	C:\Program Files\Android\Android Studio\jbr\bin\VCRUNTIME140.dll
0x00007ffe32600000 - 0x00007ffe3279d000 	C:\WINDOWS\System32\USER32.dll
0x00007ffe30780000 - 0x00007ffe307a2000 	C:\WINDOWS\System32\win32u.dll
0x00007ffe1e340000 - 0x00007ffe1e5da000 	C:\WINDOWS\WinSxS\amd64_microsoft.windows.common-controls_6595b64144ccf1df_6.0.19041.1110_none_60b5254171f9507e\COMCTL32.dll
0x00007ffe31400000 - 0x00007ffe3142b000 	C:\WINDOWS\System32\GDI32.dll
0x00007ffe303c0000 - 0x00007ffe304d0000 	C:\WINDOWS\System32\gdi32full.dll
0x00007ffe32240000 - 0x00007ffe322de000 	C:\WINDOWS\System32\msvcrt.dll
0x00007ffe307b0000 - 0x00007ffe3084d000 	C:\WINDOWS\System32\msvcp_win.dll
0x00007ffe30850000 - 0x00007ffe30880000 	C:\WINDOWS\System32\IMM32.DLL
0x00007ffe27750000 - 0x00007ffe2775c000 	C:\Program Files\Android\Android Studio\jbr\bin\vcruntime140_1.dll
0x00007ffe10d00000 - 0x00007ffe10d8d000 	C:\Program Files\Android\Android Studio\jbr\bin\msvcp140.dll
0x00007ffdefb30000 - 0x00007ffdf06ec000 	C:\Program Files\Android\Android Studio\jbr\bin\server\jvm.dll
0x00007ffe31c80000 - 0x00007ffe31d2e000 	C:\WINDOWS\System32\ADVAPI32.dll
0x00007ffe310f0000 - 0x00007ffe3118c000 	C:\WINDOWS\System32\sechost.dll
0x00007ffe324d0000 - 0x00007ffe325f6000 	C:\WINDOWS\System32\RPCRT4.dll
0x00007ffe30880000 - 0x00007ffe30888000 	C:\WINDOWS\System32\PSAPI.DLL
0x00007ffe2b720000 - 0x00007ffe2b729000 	C:\WINDOWS\SYSTEM32\WSOCK32.dll
0x00007ffe321d0000 - 0x00007ffe3223b000 	C:\WINDOWS\System32\WS2_32.dll
0x00007ffe1d6c0000 - 0x00007ffe1d6e7000 	C:\WINDOWS\SYSTEM32\WINMM.dll
0x00007ffe209f0000 - 0x00007ffe209fa000 	C:\WINDOWS\SYSTEM32\VERSION.dll
0x00007ffe2e710000 - 0x00007ffe2e722000 	C:\WINDOWS\SYSTEM32\kernel.appcore.dll
0x00007ffe2b710000 - 0x00007ffe2b720000 	C:\Program Files\Android\Android Studio\jbr\bin\verify.dll
0x00007ffe1bf90000 - 0x00007ffe1c174000 	C:\WINDOWS\SYSTEM32\DBGHELP.DLL
0x00007ffe1bf50000 - 0x00007ffe1bf84000 	C:\WINDOWS\SYSTEM32\dbgcore.DLL
0x00007ffe302e0000 - 0x00007ffe30362000 	C:\WINDOWS\System32\bcryptPrimitives.dll
0x00007ffe28950000 - 0x00007ffe28978000 	C:\Program Files\Android\Android Studio\jbr\bin\java.dll
0x00007ffe2b1d0000 - 0x00007ffe2b1da000 	C:\Program Files\Android\Android Studio\jbr\bin\jimage.dll
0x00007ffe2ae10000 - 0x00007ffe2ae1e000 	C:\Program Files\Android\Android Studio\jbr\bin\instrument.dll
0x00007ffe24990000 - 0x00007ffe249a8000 	C:\Program Files\Android\Android Studio\jbr\bin\zip.dll
0x00007ffe314a0000 - 0x00007ffe31be4000 	C:\WINDOWS\System32\SHELL32.dll
0x00007ffe2deb0000 - 0x00007ffe2e643000 	C:\WINDOWS\SYSTEM32\windows.storage.dll
0x00007ffe31df0000 - 0x00007ffe32144000 	C:\WINDOWS\System32\combase.dll
0x00007ffe2f7a0000 - 0x00007ffe2f7ce000 	C:\WINDOWS\SYSTEM32\Wldp.dll
0x00007ffe308f0000 - 0x00007ffe3099d000 	C:\WINDOWS\System32\SHCORE.dll
0x00007ffe31190000 - 0x00007ffe311e5000 	C:\WINDOWS\System32\shlwapi.dll
0x00007ffe2fe40000 - 0x00007ffe2fe5f000 	C:\WINDOWS\SYSTEM32\profapi.dll
0x00007ffe2ae00000 - 0x00007ffe2ae0a000 	C:\Program Files\Android\Android Studio\jbr\bin\management.dll
0x00007ffe24940000 - 0x00007ffe2494b000 	C:\Program Files\Android\Android Studio\jbr\bin\management_ext.dll
0x00007ffe24970000 - 0x00007ffe24989000 	C:\Program Files\Android\Android Studio\jbr\bin\net.dll
0x00007ffe221f0000 - 0x00007ffe222fa000 	C:\WINDOWS\SYSTEM32\WINHTTP.dll
0x00007ffe2f580000 - 0x00007ffe2f5ea000 	C:\WINDOWS\system32\mswsock.dll
0x00007ffe24950000 - 0x00007ffe24963000 	C:\Program Files\Android\Android Studio\jbr\bin\nio.dll
0x00007ffe1f250000 - 0x00007ffe1f267000 	C:\WINDOWS\system32\napinsp.dll
0x00007ffe24c70000 - 0x00007ffe24c8b000 	C:\WINDOWS\system32\pnrpnsp.dll
0x00007ffe29f30000 - 0x00007ffe29f45000 	C:\WINDOWS\system32\wshbth.dll
0x00007ffe2b1e0000 - 0x00007ffe2b1fd000 	C:\WINDOWS\system32\NLAapi.dll
0x00007ffe2f290000 - 0x00007ffe2f2cc000 	C:\WINDOWS\SYSTEM32\IPHLPAPI.DLL
0x00007ffe2f2d0000 - 0x00007ffe2f39b000 	C:\WINDOWS\SYSTEM32\DNSAPI.dll
0x00007ffe327a0000 - 0x00007ffe327a8000 	C:\WINDOWS\System32\NSI.dll
0x00007ffe28a30000 - 0x00007ffe28a42000 	C:\WINDOWS\System32\winrnr.dll
0x00007ffe20e00000 - 0x00007ffe20e0a000 	C:\Windows\System32\rasadhlp.dll
0x00007ffe21fb0000 - 0x00007ffe22030000 	C:\WINDOWS\System32\fwpuclnt.dll
0x00007ffe30750000 - 0x00007ffe30777000 	C:\WINDOWS\System32\bcrypt.dll
0x00007ffe25310000 - 0x00007ffe25337000 	C:\Users\shahzaib lptp\AndroidStudioProjects\loginsqlite\native\e1d6ef7f7dcc3fd88c89a11ec53ec762bb8ba0a96d01ffa2cd45eb1d1d8dd5c5\windows-amd64\native-platform.dll
0x00007ffdfb200000 - 0x00007ffdfb344000 	C:\Users\shahzaib lptp\AndroidStudioProjects\loginsqlite\native\0d407fdbe67a94daf76414ababcb853783967236a71b16ec16e742cd7a986fd3\windows-amd64\native-platform-file-events.dll
0x00007ffe2fb20000 - 0x00007ffe2fb38000 	C:\WINDOWS\SYSTEM32\CRYPTSP.dll
0x00007ffe2eec0000 - 0x00007ffe2eef4000 	C:\WINDOWS\system32\rsaenh.dll
0x00007ffe2fe00000 - 0x00007ffe2fe2e000 	C:\WINDOWS\SYSTEM32\USERENV.dll
0x00007ffe2f710000 - 0x00007ffe2f71c000 	C:\WINDOWS\SYSTEM32\CRYPTBASE.dll
0x00007ffe23110000 - 0x00007ffe23127000 	C:\WINDOWS\SYSTEM32\dhcpcsvc6.DLL
0x00007ffe230f0000 - 0x00007ffe2310d000 	C:\WINDOWS\SYSTEM32\dhcpcsvc.DLL
0x00007ffe2cc20000 - 0x00007ffe2cc47000 	C:\Program Files\Android\Android Studio\jbr\bin\sunec.dll

dbghelp: loaded successfully - version: 4.0.5 - missing functions: none
symbol engine: initialized successfully - sym options: 0x614 - pdb path: .;C:\Program Files\Android\Android Studio\jbr\bin;C:\WINDOWS\SYSTEM32;C:\WINDOWS\WinSxS\amd64_microsoft.windows.common-controls_6595b64144ccf1df_6.0.19041.1110_none_60b5254171f9507e;C:\Program Files\Android\Android Studio\jbr\bin\server;C:\Users\shahzaib lptp\AndroidStudioProjects\loginsqlite\native\e1d6ef7f7dcc3fd88c89a11ec53ec762bb8ba0a96d01ffa2cd45eb1d1d8dd5c5\windows-amd64;C:\Users\shahzaib lptp\AndroidStudioProjects\loginsqlite\native\0d407fdbe67a94daf76414ababcb853783967236a71b16ec16e742cd7a986fd3\windows-amd64

VM Arguments:
jvm_args: -javaagent:C:\Program Files\Android\Android Studio\plugins\android\resources\trace_agent.jar=C:\Users\SHAHZA~1\AppData\Local\Temp\sync.trace.profile --add-opens=java.base/java.util=ALL-UNNAMED --add-opens=java.base/java.lang=ALL-UNNAMED --add-opens=java.base/java.lang.invoke=ALL-UNNAMED --add-opens=java.base/java.util=ALL-UNNAMED --add-opens=java.prefs/java.util.prefs=ALL-UNNAMED --add-opens=java.prefs/java.util.prefs=ALL-UNNAMED --add-opens=java.base/java.nio.charset=ALL-UNNAMED --add-opens=java.base/java.net=ALL-UNNAMED --add-opens=java.base/java.util.concurrent.atomic=ALL-UNNAMED -Xmx2048m -Dfile.encoding=UTF-8 -Duser.country=US -Duser.language=en -Duser.variant 
java_command: org.gradle.launcher.daemon.bootstrap.GradleDaemon 7.5
java_class_path (initial): C:\Users\shahzaib lptp\AndroidStudioProjects\loginsqlite\wrapper\dists\gradle-7.5-bin\f1w0cc9nuo0eivz97x2xlu9sv\gradle-7.5\lib\gradle-launcher-7.5.jar
Launcher Type: SUN_STANDARD

[Global flags]
     intx CICompilerCount                          = 3                                         {product} {ergonomic}
     uint ConcGCThreads                            = 1                                         {product} {ergonomic}
     uint G1ConcRefinementThreads                  = 4                                         {product} {ergonomic}
   size_t G1HeapRegionSize                         = 1048576                                   {product} {ergonomic}
    uintx GCDrainStackTargetSize                   = 64                                        {product} {ergonomic}
   size_t InitialHeapSize                          = 134217728                                 {product} {ergonomic}
   size_t MarkStackSize                            = 4194304                                   {product} {ergonomic}
   size_t MaxHeapSize                              = 2147483648                                {product} {command line}
   size_t MaxNewSize                               = 1287651328                                {product} {ergonomic}
   size_t MinHeapDeltaBytes                        = 1048576                                   {product} {ergonomic}
    uintx NonNMethodCodeHeapSize                   = 5830732                                {pd product} {ergonomic}
    uintx NonProfiledCodeHeapSize                  = 122913754                              {pd product} {ergonomic}
    uintx ProfiledCodeHeapSize                     = 122913754                              {pd product} {ergonomic}
    uintx ReservedCodeCacheSize                    = 251658240                              {pd product} {ergonomic}
     bool SegmentedCodeCache                       = true                                      {product} {ergonomic}
     bool UseCompressedClassPointers               = true                                 {lp64_product} {ergonomic}
     bool UseCompressedOops                        = true                                 {lp64_product} {ergonomic}
     bool UseG1GC                                  = true                                      {product} {ergonomic}
     bool UseLargePagesIndividualAllocation        = false                                  {pd product} {ergonomic}

Logging:
Log output configuration:
 #0: stdout all=warning uptime,level,tags
 #1: stderr all=off uptime,level,tags

Environment Variables:
PATH=C:\Program Files\Python310\Scripts\;C:\Program Files\Python310\;C:\Program Files\Common Files\Oracle\Java\javapath;C:\app\bin;C:\app\shahzaiblptp\product\11.2.0\dbhome_1\bin;C:\WINDOWS\system32;C:\WINDOWS;C:\WINDOWS\System32\Wbem;C:\WINDOWS\System32\WindowsPowerShell\v1.0\;c:\Program Files (x86)\Microsoft SQL Server\100\Tools\Binn\;c:\Program Files\Microsoft SQL Server\100\Tools\Binn\;c:\Program Files\Microsoft SQL Server\100\DTS\Binn\;C:\WINDOWS\System32\OpenSSH\;C:\ProgramData\chocolatey\bin;%JAVA_HOME%\bin;C:\Users\shahzaib lptp\AppData\Local\Microsoft\WindowsApps;C:\Program Files\JetBrains\IntelliJ IDEA Community Edition 2021.3\bin;;C:\Program Files\Python310\PyCharm Community Edition 2022.1\bin;;C:\Users\shahzaib lptp\AppData\Local\Programs\Microsoft VS Code\bin;C:\Program Files\flutter\bin;C:\src\flutter\bin;C:\Program Files\Android\Android Studio\bin;
USERNAME=shahzaib lptp
OS=Windows_NT
PROCESSOR_IDENTIFIER=Intel64 Family 6 Model 69 Stepping 1, GenuineIntel



---------------  S Y S T E M  ---------------

OS: Windows 10 , 64 bit Build 19041 (10.0.19041.2788)
OS uptime: 7 days 1:17 hours
Hyper-V role detected

CPU:total 4 (initial active 4) (2 cores per cpu, 2 threads per core) family 6 model 69 stepping 1 microcode 0x26, cmov, cx8, fxsr, mmx, sse, sse2, sse3, ssse3, sse4.1, sse4.2, popcnt, avx, avx2, aes, clmul, erms, lzcnt, ht, tsc, tscinvbit, bmi1, bmi2, fma

Memory: 4k page, system-wide physical 8073M (553M free)
TotalPageFile size 10073M (AvailPageFile size 10M)
current process WorkingSet (physical memory assigned to process): 612M, peak: 617M
current process commit charge ("private bytes"): 637M, peak: 642M

vm_info: OpenJDK 64-Bit Server VM (11.0.15+0-b2043.56-9505619) for windows-amd64 JRE (11.0.15+0-b2043.56-9505619), built on Jan 19 2023 02:48:00 by "builduser" with unknown MS VC++:1929

END.
