#
# There is insufficient memory for the Java Runtime Environment to continue.
# Native memory allocation (mmap) failed to map 41943040 bytes for Failed to commit area from 0x000000008c500000 to 0x000000008ed00000 of length 41943040.
# Possible reasons:
#   The system is out of physical RAM or swap space
#   The process is running with CompressedOops enabled, and the Java Heap may be blocking the growth of the native heap
# Possible solutions:
#   Reduce memory load on the system
#   Increase physical memory or swap space
#   Check if swap backing store is full
#   Decrease Java heap size (-Xmx/-Xms)
#   Decrease number of Java threads
#   Decrease Java thread stack sizes (-Xss)
#   Set larger code cache with -XX:ReservedCodeCacheSize=
#   JVM is running with Unscaled Compressed Oops mode in which the Java heap is
#     placed in the first 4GB address space. The Java Heap base address is the
#     maximum limit for the native heap growth. Please use -XX:HeapBaseMinAddress
#     to set the Java Heap base and to place the Java Heap above 4GB virtual address.
# This output file may be truncated or incomplete.
#
#  Out of Memory Error (src/hotspot/os/windows/os_windows.cpp:3627), pid=10700, tid=3556
#
# JRE version: OpenJDK Runtime Environment (11.0.15) (build 11.0.15+0-b2043.56-9505619)
# Java VM: OpenJDK 64-Bit Server VM (11.0.15+0-b2043.56-9505619, mixed mode, tiered, compressed oops, g1 gc, windows-amd64)
# No core dump will be written. Minidumps are not enabled by default on client versions of Windows
#

---------------  S U M M A R Y ------------

Command Line: --add-opens=java.base/java.util.concurrent.atomic=ALL-UNNAMED -javaagent:C:\Program Files\Android\Android Studio\plugins\android\resources\trace_agent.jar=C:\Users\SHAHZA~1\AppData\Local\Temp\sync.trace.profile --add-opens=java.base/java.util=ALL-UNNAMED --add-opens=java.base/java.lang=ALL-UNNAMED --add-opens=java.base/java.lang.invoke=ALL-UNNAMED --add-opens=java.prefs/java.util.prefs=ALL-UNNAMED --add-opens=java.base/java.nio.charset=ALL-UNNAMED --add-opens=java.base/java.net=ALL-UNNAMED --add-opens=java.base/java.util.concurrent.atomic=ALL-UNNAMED -Xmx2048m -Dfile.encoding=UTF-8 -Duser.country=US -Duser.language=en -Duser.variant -javaagent:C:\Users\shahzaib lptp\AndroidStudioProjects\loginsqlite\wrapper\dists\gradle-8.3-rc-1-bin\3lbs5z64xhcdp1uarsx2vp16o\gradle-8.3-rc-1\lib\agents\gradle-instrumentation-agent-8.3.jar org.gradle.launcher.daemon.bootstrap.GradleDaemon 8.3-rc-1

Host: Intel(R) Core(TM) i5-4310U CPU @ 2.00GHz, 4 cores, 7G,  Windows 10 , 64 bit Build 19041 (10.0.19041.3031)
Time: Fri Jul 28 01:01:34 2023 Pakistan Standard Time elapsed time: 37.973574 seconds (0d 0h 0m 37s)

---------------  T H R E A D  ---------------

Current thread (0x000001f878af6800):  VMThread "VM Thread" [stack: 0x000000335b700000,0x000000335b800000] [id=3556]

Stack: [0x000000335b700000,0x000000335b800000]
[error occurred during error reporting (printing stack bounds), id 0xc0000005, EXCEPTION_ACCESS_VIOLATION (0xc0000005) at pc=0x000001f80000112d]

Native frames: (J=compiled Java code, j=interpreted, Vv=VM code, C=native code)
V  [jvm.dll+0x64135a]
V  [jvm.dll+0x7d39f9]
V  [jvm.dll+0x7d51b9]
V  [jvm.dll+0x7d5805]
V  [jvm.dll+0x7d57bb]
V  [jvm.dll+0x640655]
V  [jvm.dll+0x640d68]
C  [ntdll.dll+0xa247f]
C  [ntdll.dll+0x514f4]
C  [ntdll.dll+0xa0f8e]
C  0x000001f80000112d

VM_Operation (0x000000335cbf7490): G1CollectForAllocation, mode: safepoint, requested by thread 0x000001f87aa2c800


---------------  P R O C E S S  ---------------

Threads class SMR info:
_java_thread_list=0x000001f87ea98420, length=43, elements={
0x000001f86dee5800, 0x000001f878af8800, 0x000001f878b06000, 0x000001f879483000,
0x000001f878b1a000, 0x000001f878b1b000, 0x000001f878b26000, 0x000001f878b2a800,
0x000001f878b2b800, 0x000001f878a98000, 0x000001f87e61f800, 0x000001f87c2d7000,
0x000001f87e055000, 0x000001f87dde5000, 0x000001f87e058000, 0x000001f87e710800,
0x000001f87aa2c800, 0x000001f87f072000, 0x000001f87d213800, 0x000001f87e089800,
0x000001f87cf35800, 0x000001f87cf34800, 0x000001f87cf36000, 0x000001f87cf33800,
0x000001f879d39800, 0x000001f879d3c000, 0x000001f879d3d000, 0x000001f879d3d800,
0x000001f879d3e800, 0x000001f879d38800, 0x000001f879d3a800, 0x000001f879d3f000,
0x000001f879d3b000, 0x000001f87ce38800, 0x000001f87ce3c800, 0x000001f87ce41000,
0x000001f87ce43000, 0x000001f87ce3f800, 0x000001f87ce3e000, 0x000001f87ce3f000,
0x000001f87ce42000, 0x000001f87ce3d000, 0x000001f87de84000
}

Java Threads: ( => current thread )
  0x000001f86dee5800 JavaThread "main" [_thread_blocked, id=6644, stack(0x000000335b100000,0x000000335b200000)]
  0x000001f878af8800 JavaThread "Reference Handler" daemon [_thread_blocked, id=4168, stack(0x000000335b800000,0x000000335b900000)]
  0x000001f878b06000 JavaThread "Finalizer" daemon [_thread_blocked, id=5428, stack(0x000000335b900000,0x000000335ba00000)]
  0x000001f879483000 JavaThread "Signal Dispatcher" daemon [_thread_blocked, id=11400, stack(0x000000335ba00000,0x000000335bb00000)]
  0x000001f878b1a000 JavaThread "Attach Listener" daemon [_thread_blocked, id=10692, stack(0x000000335bb00000,0x000000335bc00000)]
  0x000001f878b1b000 JavaThread "Service Thread" daemon [_thread_blocked, id=5984, stack(0x000000335bc00000,0x000000335bd00000)]
  0x000001f878b26000 JavaThread "C2 CompilerThread0" daemon [_thread_blocked, id=908, stack(0x000000335bd00000,0x000000335be00000)]
  0x000001f878b2a800 JavaThread "C1 CompilerThread0" daemon [_thread_blocked, id=4272, stack(0x000000335be00000,0x000000335bf00000)]
  0x000001f878b2b800 JavaThread "Sweeper thread" daemon [_thread_blocked, id=14072, stack(0x000000335bf00000,0x000000335c000000)]
  0x000001f878a98000 JavaThread "Common-Cleaner" daemon [_thread_blocked, id=7056, stack(0x000000335c000000,0x000000335c100000)]
  0x000001f87e61f800 JavaThread "Daemon health stats" [_thread_blocked, id=3684, stack(0x000000335c500000,0x000000335c600000)]
  0x000001f87c2d7000 JavaThread "Incoming local TCP Connector on port 57776" [_thread_in_native, id=5608, stack(0x000000335c600000,0x000000335c700000)]
  0x000001f87e055000 JavaThread "Daemon periodic checks" [_thread_blocked, id=7536, stack(0x000000335c700000,0x000000335c800000)]
  0x000001f87dde5000 JavaThread "Daemon" [_thread_blocked, id=6388, stack(0x000000335c800000,0x000000335c900000)]
  0x000001f87e058000 JavaThread "Handler for socket connection from /127.0.0.1:57776 to /127.0.0.1:57777" [_thread_in_native, id=2724, stack(0x000000335c900000,0x000000335ca00000)]
  0x000001f87e710800 JavaThread "Cancel handler" [_thread_blocked, id=6368, stack(0x000000335ca00000,0x000000335cb00000)]
  0x000001f87aa2c800 JavaThread "Daemon worker" [_thread_blocked, id=9028, stack(0x000000335cb00000,0x000000335cc00000)]
  0x000001f87f072000 JavaThread "Asynchronous log dispatcher for DefaultDaemonConnection: socket connection from /127.0.0.1:57776 to /127.0.0.1:57777" [_thread_blocked, id=7216, stack(0x000000335cc00000,0x000000335cd00000)]
  0x000001f87d213800 JavaThread "Stdin handler" [_thread_blocked, id=13952, stack(0x000000335cd00000,0x000000335ce00000)]
  0x000001f87e089800 JavaThread "Daemon client event forwarder" [_thread_blocked, id=5208, stack(0x000000335cf00000,0x000000335d000000)]
  0x000001f87cf35800 JavaThread "Cache worker for journal cache (C:\Users\shahzaib lptp\AndroidStudioProjects\loginsqlite\caches\journal-1)" [_thread_blocked, id=5424, stack(0x000000335d000000,0x000000335d100000)]
  0x000001f87cf34800 JavaThread "File lock request listener" [_thread_in_native, id=9532, stack(0x000000335d100000,0x000000335d200000)]
  0x000001f87cf36000 JavaThread "Cache worker for file hash cache (C:\Users\shahzaib lptp\AndroidStudioProjects\loginsqlite\caches\8.3-rc-1\fileHashes)" [_thread_blocked, id=7520, stack(0x000000335d200000,0x000000335d300000)]
  0x000001f87cf33800 JavaThread "File watcher server" daemon [_thread_in_native, id=11860, stack(0x000000335d300000,0x000000335d400000)]
  0x000001f879d39800 JavaThread "File watcher consumer" daemon [_thread_blocked, id=7396, stack(0x000000335d400000,0x000000335d500000)]
  0x000001f879d3c000 JavaThread "Cache worker for checksums cache (C:\Users\shahzaib lptp\AndroidStudioProjects\EyeonwaterApp\.gradle\8.3-rc-1\checksums)" [_thread_blocked, id=7904, stack(0x000000335d500000,0x000000335d600000)]
  0x000001f879d3d000 JavaThread "Cache worker for file hash cache (C:\Users\shahzaib lptp\AndroidStudioProjects\EyeonwaterApp\.gradle\8.3-rc-1\fileHashes)" [_thread_blocked, id=3188, stack(0x000000335d600000,0x000000335d700000)]
  0x000001f879d3d800 JavaThread "Cache worker for cache directory md-supplier (C:\Users\shahzaib lptp\AndroidStudioProjects\loginsqlite\caches\8.3-rc-1\md-supplier)" [_thread_blocked, id=4408, stack(0x000000335d700000,0x000000335d800000)]
  0x000001f879d3e800 JavaThread "Cache worker for file content cache (C:\Users\shahzaib lptp\AndroidStudioProjects\loginsqlite\caches\8.3-rc-1\fileContent)" [_thread_blocked, id=14064, stack(0x000000335d800000,0x000000335d900000)]
  0x000001f879d38800 JavaThread "Cache worker for cache directory md-rule (C:\Users\shahzaib lptp\AndroidStudioProjects\loginsqlite\caches\8.3-rc-1\md-rule)" [_thread_blocked, id=5076, stack(0x000000335d900000,0x000000335da00000)]
  0x000001f879d3a800 JavaThread "Cache worker for execution history cache (C:\Users\shahzaib lptp\AndroidStudioProjects\loginsqlite\caches\8.3-rc-1\executionHistory)" [_thread_blocked, id=11344, stack(0x000000335da00000,0x000000335db00000)]
  0x000001f879d3f000 JavaThread "jar transforms" [_thread_blocked, id=5600, stack(0x000000335db00000,0x000000335dc00000)]
  0x000001f879d3b000 JavaThread "jar transforms Thread 2" [_thread_blocked, id=11716, stack(0x000000335dc00000,0x000000335dd00000)]
  0x000001f87ce38800 JavaThread "jar transforms Thread 3" [_thread_blocked, id=236, stack(0x000000335dd00000,0x000000335de00000)]
  0x000001f87ce3c800 JavaThread "jar transforms Thread 4" [_thread_blocked, id=11444, stack(0x000000335de00000,0x000000335df00000)]
  0x000001f87ce41000 JavaThread "Cache worker for dependencies-accessors (C:\Users\shahzaib lptp\AndroidStudioProjects\EyeonwaterApp\.gradle\8.3-rc-1\dependencies-accessors)" [_thread_blocked, id=1604, stack(0x000000335df00000,0x000000335e000000)]
  0x000001f87ce43000 JavaThread "Cache worker for Build Output Cleanup Cache (C:\Users\shahzaib lptp\AndroidStudioProjects\EyeonwaterApp\.gradle\buildOutputCleanup)" [_thread_blocked, id=11828, stack(0x000000335e000000,0x000000335e100000)]
  0x000001f87ce3f800 JavaThread "Unconstrained build operations" [_thread_blocked, id=4560, stack(0x000000335e100000,0x000000335e200000)]
  0x000001f87ce3e000 JavaThread "Unconstrained build operations Thread 2" [_thread_blocked, id=2800, stack(0x000000335e200000,0x000000335e300000)]
  0x000001f87ce3f000 JavaThread "Unconstrained build operations Thread 3" [_thread_blocked, id=13776, stack(0x000000335e300000,0x000000335e400000)]
  0x000001f87ce42000 JavaThread "build event listener" [_thread_blocked, id=7348, stack(0x000000335c100000,0x000000335c200000)]
  0x000001f87ce3d000 JavaThread "Memory manager" [_thread_blocked, id=13892, stack(0x000000335e500000,0x000000335e600000)]
  0x000001f87de84000 JavaThread "C2 CompilerThread1" daemon [_thread_blocked, id=5368, stack(0x000000335e400000,0x000000335e500000)]

Other Threads:
=>0x000001f878af6800 VMThread "VM Thread" [stack: 0x000000335b700000,0x000000335b800000] [id=3556]
  0x000001f87a355800 WatcherThread [stack: 0x000000335c200000,0x000000335c300000] [id=3364]
  0x000001f86defe800 GCTaskThread "GC Thread#0" [stack: 0x000000335b200000,0x000000335b300000] [id=12432]
  0x000001f87a102000 GCTaskThread "GC Thread#1" [stack: 0x000000335c300000,0x000000335c400000] [id=12648]
  0x000001f87a002000 GCTaskThread "GC Thread#2" [stack: 0x000000335c400000,0x000000335c500000] [id=764]
  0x000001f87e863800 GCTaskThread "GC Thread#3" [stack: 0x000000335ce00000,0x000000335cf00000] [id=1316]
  0x000001f86df30000 ConcurrentGCThread "G1 Main Marker" [stack: 0x000000335b300000,0x000000335b400000] [id=4356]
  0x000001f86df31800 ConcurrentGCThread "G1 Conc#0" [stack: 0x000000335b400000,0x000000335b500000] [id=2012]
  0x000001f878950800 ConcurrentGCThread "G1 Refine#0" [stack: 0x000000335b500000,0x000000335b600000] [id=7368]
  0x000001f878951800 ConcurrentGCThread "G1 Young RemSet Sampling" [stack: 0x000000335b600000,0x000000335b700000] [id=13712]

Threads with active compile tasks:
C2 CompilerThread0    38005 8930 %     4       org.gradle.internal.instantiation.generator.AbstractClassGenerator::inspectType @ 207 (560 bytes)
C2 CompilerThread1    38006 9128       4       org.gradle.internal.instantiation.generator.AbstractClassGenerator$PropertyMetadata::isReadableWithoutSetterOfPropertyType (36 bytes)

VM state:at safepoint (normal execution)

VM Mutex/Monitor currently owned by a thread:  ([mutex/lock_event])
[0x000001f86dee2160] Threads_lock - owner thread: 0x000001f878af6800
[0x000001f86dee05d0] Heap_lock - owner thread: 0x000001f87aa2c800

Heap address: 0x0000000080000000, size: 2048 MB, Compressed Oops mode: 32-bit
Narrow klass base: 0x0000000000000000, Narrow klass shift: 3
Compressed class space size: 1073741824 Address: 0x0000000100000000

Heap:
 garbage-first heap   total 242688K, used 70275K [0x0000000080000000, 0x0000000100000000)
  region size 1024K, 9 young (9216K), 9 survivors (9216K)
 Metaspace       used 80215K, capacity 82644K, committed 82892K, reserved 1120256K
  class space    used 10441K, capacity 11369K, committed 11468K, reserved 1048576K
Heap Regions: E=young(eden), S=young(survivor), O=old, HS=humongous(starts), HC=humongous(continues), CS=collection set, F=free, A=archive, TAMS=top-at-mark-start (previous, next)
|   0|0x0000000080000000, 0x0000000080100000, 0x0000000080100000|100%|HS|  |TAMS 0x0000000080100000, 0x0000000080000000| Complete 
|   1|0x0000000080100000, 0x0000000080200000, 0x0000000080200000|100%|HC|  |TAMS 0x0000000080200000, 0x0000000080100000| Complete 
|   2|0x0000000080200000, 0x0000000080300000, 0x0000000080300000|100%|HC|  |TAMS 0x0000000080300000, 0x0000000080200000| Complete 
|   3|0x0000000080300000, 0x0000000080400000, 0x0000000080400000|100%|HC|  |TAMS 0x0000000080400000, 0x0000000080300000| Complete 
|   4|0x0000000080400000, 0x0000000080500000, 0x0000000080500000|100%| O|  |TAMS 0x0000000080500000, 0x0000000080400000| Untracked 
|   5|0x0000000080500000, 0x0000000080600000, 0x0000000080600000|100%| O|  |TAMS 0x0000000080600000, 0x0000000080500000| Untracked 
|   6|0x0000000080600000, 0x0000000080700000, 0x0000000080700000|100%| O|  |TAMS 0x0000000080700000, 0x0000000080600000| Untracked 
|   7|0x0000000080700000, 0x0000000080800000, 0x0000000080800000|100%| O|  |TAMS 0x0000000080800000, 0x0000000080700000| Untracked 
|   8|0x0000000080800000, 0x0000000080900000, 0x0000000080900000|100%| O|  |TAMS 0x0000000080900000, 0x0000000080800000| Untracked 
|   9|0x0000000080900000, 0x0000000080a00000, 0x0000000080a00000|100%| O|  |TAMS 0x0000000080a00000, 0x0000000080900000| Untracked 
|  10|0x0000000080a00000, 0x0000000080b00000, 0x0000000080b00000|100%| O|  |TAMS 0x0000000080b00000, 0x0000000080a00000| Untracked 
|  11|0x0000000080b00000, 0x0000000080c00000, 0x0000000080c00000|100%| O|  |TAMS 0x0000000080c00000, 0x0000000080b00000| Untracked 
|  12|0x0000000080c00000, 0x0000000080d00000, 0x0000000080d00000|100%| O|  |TAMS 0x0000000080d00000, 0x0000000080c00000| Untracked 
|  13|0x0000000080d00000, 0x0000000080e00000, 0x0000000080e00000|100%| O|  |TAMS 0x0000000080e00000, 0x0000000080d00000| Untracked 
|  14|0x0000000080e00000, 0x0000000080f00000, 0x0000000080f00000|100%| O|  |TAMS 0x0000000080f00000, 0x0000000080e00000| Untracked 
|  15|0x0000000080f00000, 0x0000000081000000, 0x0000000081000000|100%| O|  |TAMS 0x0000000081000000, 0x0000000080f00000| Untracked 
|  16|0x0000000081000000, 0x0000000081100000, 0x0000000081100000|100%| O|  |TAMS 0x0000000081100000, 0x0000000081000000| Untracked 
|  17|0x0000000081100000, 0x0000000081200000, 0x0000000081200000|100%| O|  |TAMS 0x0000000081200000, 0x0000000081100000| Untracked 
|  18|0x0000000081200000, 0x0000000081300000, 0x0000000081300000|100%| O|  |TAMS 0x0000000081300000, 0x0000000081200000| Untracked 
|  19|0x0000000081300000, 0x0000000081400000, 0x0000000081400000|100%|HS|  |TAMS 0x0000000081400000, 0x0000000081300000| Complete 
|  20|0x0000000081400000, 0x0000000081500000, 0x0000000081500000|100%|HS|  |TAMS 0x0000000081500000, 0x0000000081400000| Complete 
|  21|0x0000000081500000, 0x0000000081600000, 0x0000000081600000|100%|HS|  |TAMS 0x0000000081600000, 0x0000000081500000| Complete 
|  22|0x0000000081600000, 0x0000000081700000, 0x0000000081700000|100%| O|  |TAMS 0x0000000081700000, 0x0000000081600000| Untracked 
|  23|0x0000000081700000, 0x0000000081800000, 0x0000000081800000|100%| O|  |TAMS 0x0000000081800000, 0x0000000081700000| Untracked 
|  24|0x0000000081800000, 0x0000000081900000, 0x0000000081900000|100%| O|  |TAMS 0x0000000081900000, 0x0000000081800000| Untracked 
|  25|0x0000000081900000, 0x0000000081a00000, 0x0000000081a00000|100%| O|  |TAMS 0x0000000081a00000, 0x0000000081900000| Untracked 
|  26|0x0000000081a00000, 0x0000000081b00000, 0x0000000081b00000|100%| O|  |TAMS 0x0000000081b00000, 0x0000000081a00000| Untracked 
|  27|0x0000000081b00000, 0x0000000081c00000, 0x0000000081c00000|100%| O|  |TAMS 0x0000000081c00000, 0x0000000081b00000| Untracked 
|  28|0x0000000081c00000, 0x0000000081d00000, 0x0000000081d00000|100%| O|  |TAMS 0x0000000081d00000, 0x0000000081c00000| Untracked 
|  29|0x0000000081d00000, 0x0000000081e00000, 0x0000000081e00000|100%| O|  |TAMS 0x0000000081e00000, 0x0000000081d00000| Untracked 
|  30|0x0000000081e00000, 0x0000000081f00000, 0x0000000081f00000|100%| O|  |TAMS 0x0000000081f00000, 0x0000000081e00000| Untracked 
|  31|0x0000000081f00000, 0x0000000082000000, 0x0000000082000000|100%| O|  |TAMS 0x0000000082000000, 0x0000000081f00000| Untracked 
|  32|0x0000000082000000, 0x0000000082100000, 0x0000000082100000|100%| O|  |TAMS 0x0000000082100000, 0x0000000082000000| Untracked 
|  33|0x0000000082100000, 0x0000000082200000, 0x0000000082200000|100%| O|  |TAMS 0x0000000082200000, 0x0000000082100000| Untracked 
|  34|0x0000000082200000, 0x0000000082300000, 0x0000000082300000|100%| O|  |TAMS 0x0000000082300000, 0x0000000082200000| Untracked 
|  35|0x0000000082300000, 0x0000000082400000, 0x0000000082400000|100%| O|  |TAMS 0x0000000082400000, 0x0000000082300000| Untracked 
|  36|0x0000000082400000, 0x0000000082500000, 0x0000000082500000|100%| O|  |TAMS 0x0000000082500000, 0x0000000082400000| Untracked 
|  37|0x0000000082500000, 0x0000000082600000, 0x0000000082600000|100%| O|  |TAMS 0x0000000082600000, 0x0000000082500000| Untracked 
|  38|0x0000000082600000, 0x0000000082700000, 0x0000000082700000|100%| O|  |TAMS 0x0000000082700000, 0x0000000082600000| Untracked 
|  39|0x0000000082700000, 0x0000000082800000, 0x0000000082800000|100%| O|  |TAMS 0x0000000082800000, 0x0000000082700000| Untracked 
|  40|0x0000000082800000, 0x0000000082900000, 0x0000000082900000|100%| O|  |TAMS 0x0000000082900000, 0x0000000082800000| Untracked 
|  41|0x0000000082900000, 0x0000000082a00000, 0x0000000082a00000|100%| O|  |TAMS 0x0000000082a00000, 0x0000000082900000| Untracked 
|  42|0x0000000082a00000, 0x0000000082b00000, 0x0000000082b00000|100%| O|  |TAMS 0x0000000082b00000, 0x0000000082a00000| Untracked 
|  43|0x0000000082b00000, 0x0000000082c00000, 0x0000000082c00000|100%| O|  |TAMS 0x0000000082c00000, 0x0000000082b00000| Untracked 
|  44|0x0000000082c00000, 0x0000000082d00000, 0x0000000082d00000|100%| O|  |TAMS 0x0000000082d00000, 0x0000000082c00000| Untracked 
|  45|0x0000000082d00000, 0x0000000082e00000, 0x0000000082e00000|100%| O|  |TAMS 0x0000000082df8e00, 0x0000000082d00000| Untracked 
|  46|0x0000000082e00000, 0x0000000082f00000, 0x0000000082f00000|100%| O|  |TAMS 0x0000000082e00000, 0x0000000082e00000| Untracked 
|  47|0x0000000082f00000, 0x0000000083000000, 0x0000000083000000|100%| O|  |TAMS 0x0000000082f00000, 0x0000000082f00000| Untracked 
|  48|0x0000000083000000, 0x0000000083100000, 0x0000000083100000|100%| O|  |TAMS 0x0000000083000000, 0x0000000083000000| Untracked 
|  49|0x0000000083100000, 0x0000000083200000, 0x0000000083200000|100%| O|  |TAMS 0x0000000083100000, 0x0000000083100000| Untracked 
|  50|0x0000000083200000, 0x0000000083300000, 0x0000000083300000|100%| O|  |TAMS 0x0000000083200000, 0x0000000083200000| Untracked 
|  51|0x0000000083300000, 0x0000000083400000, 0x0000000083400000|100%| O|  |TAMS 0x0000000083300000, 0x0000000083300000| Untracked 
|  52|0x0000000083400000, 0x0000000083500000, 0x0000000083500000|100%| O|  |TAMS 0x0000000083400000, 0x0000000083400000| Untracked 
|  53|0x0000000083500000, 0x0000000083600000, 0x0000000083600000|100%| O|  |TAMS 0x0000000083500000, 0x0000000083500000| Untracked 
|  54|0x0000000083600000, 0x0000000083700000, 0x0000000083700000|100%| O|  |TAMS 0x0000000083600000, 0x0000000083600000| Untracked 
|  55|0x0000000083700000, 0x0000000083800000, 0x0000000083800000|100%| O|  |TAMS 0x0000000083700000, 0x0000000083700000| Untracked 
|  56|0x0000000083800000, 0x0000000083900000, 0x0000000083900000|100%| O|  |TAMS 0x0000000083800000, 0x0000000083800000| Untracked 
|  57|0x0000000083900000, 0x0000000083a00000, 0x0000000083a00000|100%| O|  |TAMS 0x0000000083900000, 0x0000000083900000| Untracked 
|  58|0x0000000083a00000, 0x0000000083b00000, 0x0000000083b00000|100%| O|  |TAMS 0x0000000083a00000, 0x0000000083a00000| Untracked 
|  59|0x0000000083b00000, 0x0000000083c00000, 0x0000000083c00000|100%| O|  |TAMS 0x0000000083b00000, 0x0000000083b00000| Untracked 
|  60|0x0000000083c00000, 0x0000000083c52800, 0x0000000083d00000| 32%| O|  |TAMS 0x0000000083c00000, 0x0000000083c00000| Untracked 
|  61|0x0000000083d00000, 0x0000000083d00000, 0x0000000083e00000|  0%| F|  |TAMS 0x0000000083d00000, 0x0000000083d00000| Untracked 
|  62|0x0000000083e00000, 0x0000000083e00000, 0x0000000083f00000|  0%| F|  |TAMS 0x0000000083e00000, 0x0000000083e00000| Untracked 
|  63|0x0000000083f00000, 0x0000000083f00000, 0x0000000084000000|  0%| F|  |TAMS 0x0000000083f00000, 0x0000000083f00000| Untracked 
|  64|0x0000000084000000, 0x0000000084000000, 0x0000000084100000|  0%| F|  |TAMS 0x0000000084000000, 0x0000000084000000| Untracked 
|  65|0x0000000084100000, 0x0000000084100000, 0x0000000084200000|  0%| F|  |TAMS 0x0000000084100000, 0x0000000084100000| Untracked 
|  66|0x0000000084200000, 0x0000000084200000, 0x0000000084300000|  0%| F|  |TAMS 0x0000000084200000, 0x0000000084200000| Untracked 
|  67|0x0000000084300000, 0x0000000084300000, 0x0000000084400000|  0%| F|  |TAMS 0x0000000084300000, 0x0000000084300000| Untracked 
|  68|0x0000000084400000, 0x0000000084400000, 0x0000000084500000|  0%| F|  |TAMS 0x0000000084400000, 0x0000000084400000| Untracked 
|  69|0x0000000084500000, 0x0000000084500000, 0x0000000084600000|  0%| F|  |TAMS 0x0000000084500000, 0x0000000084500000| Untracked 
|  70|0x0000000084600000, 0x0000000084600000, 0x0000000084700000|  0%| F|  |TAMS 0x0000000084600000, 0x0000000084600000| Untracked 
|  71|0x0000000084700000, 0x0000000084700000, 0x0000000084800000|  0%| F|  |TAMS 0x0000000084700000, 0x0000000084700000| Untracked 
|  72|0x0000000084800000, 0x0000000084800000, 0x0000000084900000|  0%| F|  |TAMS 0x0000000084800000, 0x0000000084800000| Untracked 
|  73|0x0000000084900000, 0x0000000084900000, 0x0000000084a00000|  0%| F|  |TAMS 0x0000000084900000, 0x0000000084900000| Untracked 
|  74|0x0000000084a00000, 0x0000000084a00000, 0x0000000084b00000|  0%| F|  |TAMS 0x0000000084a00000, 0x0000000084a00000| Untracked 
|  75|0x0000000084b00000, 0x0000000084b00000, 0x0000000084c00000|  0%| F|  |TAMS 0x0000000084b00000, 0x0000000084b00000| Untracked 
|  76|0x0000000084c00000, 0x0000000084c00000, 0x0000000084d00000|  0%| F|  |TAMS 0x0000000084c00000, 0x0000000084c00000| Untracked 
|  77|0x0000000084d00000, 0x0000000084d00000, 0x0000000084e00000|  0%| F|  |TAMS 0x0000000084d00000, 0x0000000084d00000| Untracked 
|  78|0x0000000084e00000, 0x0000000084e00000, 0x0000000084f00000|  0%| F|  |TAMS 0x0000000084e00000, 0x0000000084e00000| Untracked 
|  79|0x0000000084f00000, 0x0000000084f00000, 0x0000000085000000|  0%| F|  |TAMS 0x0000000084f00000, 0x0000000084f00000| Untracked 
|  80|0x0000000085000000, 0x0000000085000000, 0x0000000085100000|  0%| F|  |TAMS 0x0000000085000000, 0x0000000085000000| Untracked 
|  81|0x0000000085100000, 0x0000000085100000, 0x0000000085200000|  0%| F|  |TAMS 0x0000000085100000, 0x0000000085100000| Untracked 
|  82|0x0000000085200000, 0x0000000085200000, 0x0000000085300000|  0%| F|  |TAMS 0x0000000085200000, 0x0000000085200000| Untracked 
|  83|0x0000000085300000, 0x0000000085300000, 0x0000000085400000|  0%| F|  |TAMS 0x0000000085300000, 0x0000000085300000| Untracked 
|  84|0x0000000085400000, 0x0000000085400000, 0x0000000085500000|  0%| F|  |TAMS 0x0000000085400000, 0x0000000085400000| Untracked 
|  85|0x0000000085500000, 0x0000000085500000, 0x0000000085600000|  0%| F|  |TAMS 0x0000000085500000, 0x0000000085500000| Untracked 
|  86|0x0000000085600000, 0x0000000085600000, 0x0000000085700000|  0%| F|  |TAMS 0x0000000085600000, 0x0000000085600000| Untracked 
|  87|0x0000000085700000, 0x0000000085700000, 0x0000000085800000|  0%| F|  |TAMS 0x0000000085700000, 0x0000000085700000| Untracked 
|  88|0x0000000085800000, 0x0000000085800000, 0x0000000085900000|  0%| F|  |TAMS 0x0000000085800000, 0x0000000085800000| Untracked 
|  89|0x0000000085900000, 0x0000000085900000, 0x0000000085a00000|  0%| F|  |TAMS 0x0000000085900000, 0x0000000085900000| Untracked 
|  90|0x0000000085a00000, 0x0000000085a00000, 0x0000000085b00000|  0%| F|  |TAMS 0x0000000085a00000, 0x0000000085a00000| Untracked 
|  91|0x0000000085b00000, 0x0000000085b00000, 0x0000000085c00000|  0%| F|  |TAMS 0x0000000085b00000, 0x0000000085b00000| Untracked 
|  92|0x0000000085c00000, 0x0000000085c00000, 0x0000000085d00000|  0%| F|  |TAMS 0x0000000085c00000, 0x0000000085c00000| Untracked 
|  93|0x0000000085d00000, 0x0000000085d00000, 0x0000000085e00000|  0%| F|  |TAMS 0x0000000085d00000, 0x0000000085d00000| Untracked 
|  94|0x0000000085e00000, 0x0000000085e00000, 0x0000000085f00000|  0%| F|  |TAMS 0x0000000085e00000, 0x0000000085e00000| Untracked 
|  95|0x0000000085f00000, 0x0000000085f00000, 0x0000000086000000|  0%| F|  |TAMS 0x0000000085f00000, 0x0000000085f00000| Untracked 
|  96|0x0000000086000000, 0x0000000086000000, 0x0000000086100000|  0%| F|  |TAMS 0x0000000086000000, 0x0000000086000000| Untracked 
|  97|0x0000000086100000, 0x0000000086100000, 0x0000000086200000|  0%| F|  |TAMS 0x0000000086100000, 0x0000000086100000| Untracked 
|  98|0x0000000086200000, 0x0000000086200000, 0x0000000086300000|  0%| F|  |TAMS 0x0000000086200000, 0x0000000086200000| Untracked 
|  99|0x0000000086300000, 0x0000000086300000, 0x0000000086400000|  0%| F|  |TAMS 0x0000000086300000, 0x0000000086300000| Untracked 
| 100|0x0000000086400000, 0x0000000086400000, 0x0000000086500000|  0%| F|  |TAMS 0x0000000086400000, 0x0000000086400000| Untracked 
| 101|0x0000000086500000, 0x0000000086500000, 0x0000000086600000|  0%| F|  |TAMS 0x0000000086500000, 0x0000000086500000| Untracked 
| 102|0x0000000086600000, 0x0000000086600000, 0x0000000086700000|  0%| F|  |TAMS 0x0000000086600000, 0x0000000086600000| Untracked 
| 103|0x0000000086700000, 0x000000008674e660, 0x0000000086800000| 30%| S|CS|TAMS 0x0000000086700000, 0x0000000086700000| Complete 
| 104|0x0000000086800000, 0x0000000086900000, 0x0000000086900000|100%| S|CS|TAMS 0x0000000086800000, 0x0000000086800000| Complete 
| 105|0x0000000086900000, 0x0000000086a00000, 0x0000000086a00000|100%| S|CS|TAMS 0x0000000086900000, 0x0000000086900000| Complete 
| 106|0x0000000086a00000, 0x0000000086b00000, 0x0000000086b00000|100%| S|CS|TAMS 0x0000000086a00000, 0x0000000086a00000| Complete 
| 107|0x0000000086b00000, 0x0000000086c00000, 0x0000000086c00000|100%| S|CS|TAMS 0x0000000086b00000, 0x0000000086b00000| Complete 
| 108|0x0000000086c00000, 0x0000000086d00000, 0x0000000086d00000|100%| S|CS|TAMS 0x0000000086c00000, 0x0000000086c00000| Complete 
| 109|0x0000000086d00000, 0x0000000086e00000, 0x0000000086e00000|100%| S|CS|TAMS 0x0000000086d00000, 0x0000000086d00000| Complete 
| 110|0x0000000086e00000, 0x0000000086e00000, 0x0000000086f00000|  0%| F|  |TAMS 0x0000000086e00000, 0x0000000086e00000| Untracked 
| 111|0x0000000086f00000, 0x0000000086f00000, 0x0000000087000000|  0%| F|  |TAMS 0x0000000086f00000, 0x0000000086f00000| Untracked 
| 112|0x0000000087000000, 0x0000000087000000, 0x0000000087100000|  0%| F|  |TAMS 0x0000000087000000, 0x0000000087000000| Untracked 
| 113|0x0000000087100000, 0x0000000087100000, 0x0000000087200000|  0%| F|  |TAMS 0x0000000087100000, 0x0000000087100000| Untracked 
| 114|0x0000000087200000, 0x0000000087200000, 0x0000000087300000|  0%| F|  |TAMS 0x0000000087200000, 0x0000000087200000| Untracked 
| 115|0x0000000087300000, 0x0000000087400000, 0x0000000087400000|100%| S|CS|TAMS 0x0000000087300000, 0x0000000087300000| Complete 
| 116|0x0000000087400000, 0x0000000087500000, 0x0000000087500000|100%| S|CS|TAMS 0x0000000087400000, 0x0000000087400000| Complete 
| 117|0x0000000087500000, 0x0000000087500000, 0x0000000087600000|  0%| F|  |TAMS 0x0000000087500000, 0x0000000087500000| Untracked 
| 118|0x0000000087600000, 0x0000000087600000, 0x0000000087700000|  0%| F|  |TAMS 0x0000000087600000, 0x0000000087600000| Untracked 
| 119|0x0000000087700000, 0x0000000087700000, 0x0000000087800000|  0%| F|  |TAMS 0x0000000087700000, 0x0000000087700000| Untracked 
| 120|0x0000000087800000, 0x0000000087800000, 0x0000000087900000|  0%| F|  |TAMS 0x0000000087800000, 0x0000000087800000| Untracked 
| 121|0x0000000087900000, 0x0000000087900000, 0x0000000087a00000|  0%| F|  |TAMS 0x0000000087900000, 0x0000000087900000| Untracked 
| 122|0x0000000087a00000, 0x0000000087a00000, 0x0000000087b00000|  0%| F|  |TAMS 0x0000000087a00000, 0x0000000087a00000| Untracked 
| 123|0x0000000087b00000, 0x0000000087b00000, 0x0000000087c00000|  0%| F|  |TAMS 0x0000000087b00000, 0x0000000087b00000| Untracked 
| 124|0x0000000087c00000, 0x0000000087c00000, 0x0000000087d00000|  0%| F|  |TAMS 0x0000000087c00000, 0x0000000087c00000| Untracked 
| 125|0x0000000087d00000, 0x0000000087d00000, 0x0000000087e00000|  0%| F|  |TAMS 0x0000000087d00000, 0x0000000087d00000| Untracked 
| 126|0x0000000087e00000, 0x0000000087e00000, 0x0000000087f00000|  0%| F|  |TAMS 0x0000000087e00000, 0x0000000087e00000| Untracked 
| 127|0x0000000087f00000, 0x0000000087f00000, 0x0000000088000000|  0%| F|  |TAMS 0x0000000087f00000, 0x0000000087f00000| Untracked 
| 128|0x0000000088000000, 0x0000000088000000, 0x0000000088100000|  0%| F|  |TAMS 0x0000000088000000, 0x0000000088000000| Untracked 
| 129|0x0000000088100000, 0x0000000088100000, 0x0000000088200000|  0%| F|  |TAMS 0x0000000088100000, 0x0000000088100000| Untracked 
| 130|0x0000000088200000, 0x0000000088200000, 0x0000000088300000|  0%| F|  |TAMS 0x0000000088200000, 0x0000000088200000| Untracked 
| 131|0x0000000088300000, 0x0000000088300000, 0x0000000088400000|  0%| F|  |TAMS 0x0000000088300000, 0x0000000088300000| Untracked 
| 132|0x0000000088400000, 0x0000000088400000, 0x0000000088500000|  0%| F|  |TAMS 0x0000000088400000, 0x0000000088400000| Untracked 
| 133|0x0000000088500000, 0x0000000088500000, 0x0000000088600000|  0%| F|  |TAMS 0x0000000088500000, 0x0000000088500000| Untracked 
| 134|0x0000000088600000, 0x0000000088600000, 0x0000000088700000|  0%| F|  |TAMS 0x0000000088600000, 0x0000000088600000| Untracked 
| 135|0x0000000088700000, 0x0000000088700000, 0x0000000088800000|  0%| F|  |TAMS 0x0000000088700000, 0x0000000088700000| Untracked 
| 136|0x0000000088800000, 0x0000000088800000, 0x0000000088900000|  0%| F|  |TAMS 0x0000000088800000, 0x0000000088800000| Untracked 
| 137|0x0000000088900000, 0x0000000088900000, 0x0000000088a00000|  0%| F|  |TAMS 0x0000000088900000, 0x0000000088900000| Untracked 
| 138|0x0000000088a00000, 0x0000000088a00000, 0x0000000088b00000|  0%| F|  |TAMS 0x0000000088a00000, 0x0000000088a00000| Untracked 
| 139|0x0000000088b00000, 0x0000000088b00000, 0x0000000088c00000|  0%| F|  |TAMS 0x0000000088b00000, 0x0000000088b00000| Untracked 
| 140|0x0000000088c00000, 0x0000000088c00000, 0x0000000088d00000|  0%| F|  |TAMS 0x0000000088c00000, 0x0000000088c00000| Untracked 
| 141|0x0000000088d00000, 0x0000000088d00000, 0x0000000088e00000|  0%| F|  |TAMS 0x0000000088d00000, 0x0000000088d00000| Untracked 
| 142|0x0000000088e00000, 0x0000000088e00000, 0x0000000088f00000|  0%| F|  |TAMS 0x0000000088e00000, 0x0000000088e00000| Untracked 
| 143|0x0000000088f00000, 0x0000000088f00000, 0x0000000089000000|  0%| F|  |TAMS 0x0000000088f00000, 0x0000000088f00000| Untracked 
| 144|0x0000000089000000, 0x0000000089000000, 0x0000000089100000|  0%| F|  |TAMS 0x0000000089000000, 0x0000000089000000| Untracked 
| 145|0x0000000089100000, 0x0000000089100000, 0x0000000089200000|  0%| F|  |TAMS 0x0000000089100000, 0x0000000089100000| Untracked 
| 146|0x0000000089200000, 0x0000000089200000, 0x0000000089300000|  0%| F|  |TAMS 0x0000000089200000, 0x0000000089200000| Untracked 
| 147|0x0000000089300000, 0x0000000089300000, 0x0000000089400000|  0%| F|  |TAMS 0x0000000089300000, 0x0000000089300000| Untracked 
| 148|0x0000000089400000, 0x0000000089400000, 0x0000000089500000|  0%| F|  |TAMS 0x0000000089400000, 0x0000000089400000| Untracked 
| 149|0x0000000089500000, 0x0000000089500000, 0x0000000089600000|  0%| F|  |TAMS 0x0000000089500000, 0x0000000089500000| Untracked 
| 150|0x0000000089600000, 0x0000000089600000, 0x0000000089700000|  0%| F|  |TAMS 0x0000000089600000, 0x0000000089600000| Untracked 
| 151|0x0000000089700000, 0x0000000089700000, 0x0000000089800000|  0%| F|  |TAMS 0x0000000089700000, 0x0000000089700000| Untracked 
| 152|0x0000000089800000, 0x0000000089800000, 0x0000000089900000|  0%| F|  |TAMS 0x0000000089800000, 0x0000000089800000| Untracked 
| 153|0x0000000089900000, 0x0000000089900000, 0x0000000089a00000|  0%| F|  |TAMS 0x0000000089900000, 0x0000000089900000| Untracked 
| 154|0x0000000089a00000, 0x0000000089a00000, 0x0000000089b00000|  0%| F|  |TAMS 0x0000000089a00000, 0x0000000089a00000| Untracked 
| 155|0x0000000089b00000, 0x0000000089b00000, 0x0000000089c00000|  0%| F|  |TAMS 0x0000000089b00000, 0x0000000089b00000| Untracked 
| 156|0x0000000089c00000, 0x0000000089c00000, 0x0000000089d00000|  0%| F|  |TAMS 0x0000000089c00000, 0x0000000089c00000| Untracked 
| 157|0x0000000089d00000, 0x0000000089d00000, 0x0000000089e00000|  0%| F|  |TAMS 0x0000000089d00000, 0x0000000089d00000| Untracked 
| 158|0x0000000089e00000, 0x0000000089e00000, 0x0000000089f00000|  0%| F|  |TAMS 0x0000000089e00000, 0x0000000089e00000| Untracked 
| 159|0x0000000089f00000, 0x0000000089f00000, 0x000000008a000000|  0%| F|  |TAMS 0x0000000089f00000, 0x0000000089f00000| Untracked 
| 160|0x000000008a000000, 0x000000008a000000, 0x000000008a100000|  0%| F|  |TAMS 0x000000008a000000, 0x000000008a000000| Untracked 
| 161|0x000000008a100000, 0x000000008a100000, 0x000000008a200000|  0%| F|  |TAMS 0x000000008a100000, 0x000000008a100000| Untracked 
| 162|0x000000008a200000, 0x000000008a200000, 0x000000008a300000|  0%| F|  |TAMS 0x000000008a200000, 0x000000008a200000| Untracked 
| 163|0x000000008a300000, 0x000000008a300000, 0x000000008a400000|  0%| F|  |TAMS 0x000000008a300000, 0x000000008a300000| Untracked 
| 164|0x000000008a400000, 0x000000008a400000, 0x000000008a500000|  0%| F|  |TAMS 0x000000008a400000, 0x000000008a400000| Untracked 
| 165|0x000000008a500000, 0x000000008a500000, 0x000000008a600000|  0%| F|  |TAMS 0x000000008a500000, 0x000000008a500000| Untracked 
| 166|0x000000008a600000, 0x000000008a600000, 0x000000008a700000|  0%| F|  |TAMS 0x000000008a600000, 0x000000008a600000| Untracked 
| 167|0x000000008a700000, 0x000000008a700000, 0x000000008a800000|  0%| F|  |TAMS 0x000000008a700000, 0x000000008a700000| Untracked 
| 168|0x000000008a800000, 0x000000008a800000, 0x000000008a900000|  0%| F|  |TAMS 0x000000008a800000, 0x000000008a800000| Untracked 
| 169|0x000000008a900000, 0x000000008a900000, 0x000000008aa00000|  0%| F|  |TAMS 0x000000008a900000, 0x000000008a900000| Untracked 
| 170|0x000000008aa00000, 0x000000008aa00000, 0x000000008ab00000|  0%| F|  |TAMS 0x000000008aa00000, 0x000000008aa00000| Untracked 
| 171|0x000000008ab00000, 0x000000008ab00000, 0x000000008ac00000|  0%| F|  |TAMS 0x000000008ab00000, 0x000000008ab00000| Untracked 
| 172|0x000000008ac00000, 0x000000008ac00000, 0x000000008ad00000|  0%| F|  |TAMS 0x000000008ac00000, 0x000000008ac00000| Untracked 
| 173|0x000000008ad00000, 0x000000008ad00000, 0x000000008ae00000|  0%| F|  |TAMS 0x000000008ad00000, 0x000000008ad00000| Untracked 
| 174|0x000000008ae00000, 0x000000008ae00000, 0x000000008af00000|  0%| F|  |TAMS 0x000000008ae00000, 0x000000008ae00000| Untracked 
| 175|0x000000008af00000, 0x000000008af00000, 0x000000008b000000|  0%| F|  |TAMS 0x000000008af00000, 0x000000008af00000| Untracked 
| 176|0x000000008b000000, 0x000000008b000000, 0x000000008b100000|  0%| F|  |TAMS 0x000000008b000000, 0x000000008b000000| Untracked 
| 177|0x000000008b100000, 0x000000008b100000, 0x000000008b200000|  0%| F|  |TAMS 0x000000008b100000, 0x000000008b100000| Untracked 
| 178|0x000000008b200000, 0x000000008b200000, 0x000000008b300000|  0%| F|  |TAMS 0x000000008b200000, 0x000000008b200000| Untracked 
| 179|0x000000008b300000, 0x000000008b300000, 0x000000008b400000|  0%| F|  |TAMS 0x000000008b300000, 0x000000008b300000| Untracked 
| 180|0x000000008b400000, 0x000000008b400000, 0x000000008b500000|  0%| F|  |TAMS 0x000000008b400000, 0x000000008b400000| Untracked 
| 181|0x000000008b500000, 0x000000008b500000, 0x000000008b600000|  0%| F|  |TAMS 0x000000008b500000, 0x000000008b500000| Untracked 
| 182|0x000000008b600000, 0x000000008b600000, 0x000000008b700000|  0%| F|  |TAMS 0x000000008b600000, 0x000000008b600000| Untracked 
| 183|0x000000008b700000, 0x000000008b700000, 0x000000008b800000|  0%| F|  |TAMS 0x000000008b700000, 0x000000008b700000| Untracked 
| 184|0x000000008b800000, 0x000000008b800000, 0x000000008b900000|  0%| F|  |TAMS 0x000000008b800000, 0x000000008b800000| Untracked 
| 185|0x000000008b900000, 0x000000008b900000, 0x000000008ba00000|  0%| F|  |TAMS 0x000000008b900000, 0x000000008b900000| Untracked 
| 186|0x000000008ba00000, 0x000000008ba00000, 0x000000008bb00000|  0%| F|  |TAMS 0x000000008ba00000, 0x000000008ba00000| Untracked 
| 187|0x000000008bb00000, 0x000000008bb00000, 0x000000008bc00000|  0%| F|  |TAMS 0x000000008bb00000, 0x000000008bb00000| Untracked 
| 188|0x000000008bc00000, 0x000000008bc00000, 0x000000008bd00000|  0%| F|  |TAMS 0x000000008bc00000, 0x000000008bc00000| Untracked 
| 189|0x000000008bd00000, 0x000000008bd00000, 0x000000008be00000|  0%| F|  |TAMS 0x000000008bd00000, 0x000000008bd00000| Untracked 
| 190|0x000000008be00000, 0x000000008be00000, 0x000000008bf00000|  0%| F|  |TAMS 0x000000008be00000, 0x000000008be00000| Untracked 
| 191|0x000000008bf00000, 0x000000008bf00000, 0x000000008c000000|  0%| F|  |TAMS 0x000000008bf00000, 0x000000008bf00000| Untracked 
| 192|0x000000008c000000, 0x000000008c000000, 0x000000008c100000|  0%| F|  |TAMS 0x000000008c000000, 0x000000008c000000| Untracked 
| 193|0x000000008c100000, 0x000000008c100000, 0x000000008c200000|  0%| F|  |TAMS 0x000000008c100000, 0x000000008c100000| Untracked 
| 194|0x000000008c200000, 0x000000008c200000, 0x000000008c300000|  0%| F|  |TAMS 0x000000008c200000, 0x000000008c200000| Untracked 
| 195|0x000000008c300000, 0x000000008c300000, 0x000000008c400000|  0%| F|  |TAMS 0x000000008c300000, 0x000000008c300000| Untracked 
| 196|0x000000008c400000, 0x000000008c400000, 0x000000008c500000|  0%| F|  |TAMS 0x000000008c400000, 0x000000008c400000| Untracked 

Card table byte_map: [0x000001f871e10000,0x000001f872210000] _byte_map_base: 0x000001f871a10000

Marking Bits (Prev, Next): (CMBitMap*) 0x000001f86df27608, (CMBitMap*) 0x000001f86df27640
 Prev Bits: [0x000001f872610000, 0x000001f874610000)
 Next Bits: [0x000001f874610000, 0x000001f876610000)

Polling page: 0x000001f86c090000

Metaspace:

Usage:
  Non-class:     69.60 MB capacity,    68.14 MB ( 98%) used,     1.21 MB (  2%) free+waste,   265.00 KB ( <1%) overhead. 
      Class:     11.10 MB capacity,    10.20 MB ( 92%) used,   803.06 KB (  7%) free+waste,   124.44 KB (  1%) overhead. 
       Both:     80.71 MB capacity,    78.34 MB ( 97%) used,     1.99 MB (  2%) free+waste,   389.44 KB ( <1%) overhead. 

Virtual space:
  Non-class space:       70.00 MB reserved,      69.75 MB (>99%) committed 
      Class space:        1.00 GB reserved,      11.20 MB (  1%) committed 
             Both:        1.07 GB reserved,      80.95 MB (  7%) committed 

Chunk freelists:
   Non-Class:  21.00 KB
       Class:  0 bytes
        Both:  21.00 KB

MaxMetaspaceSize: 17179869184.00 GB
CompressedClassSpaceSize: 1.00 GB
Initial GC threshold: 20.80 MB
Current GC threshold: 106.38 MB
CDS: off

CodeHeap 'non-profiled nmethods': size=120064Kb used=6810Kb max_used=6810Kb free=113253Kb
 bounds [0x000001f807ac0000, 0x000001f808170000, 0x000001f80f000000]
CodeHeap 'profiled nmethods': size=120000Kb used=19808Kb max_used=19808Kb free=100191Kb
 bounds [0x000001f800590000, 0x000001f8018f0000, 0x000001f807ac0000]
CodeHeap 'non-nmethods': size=5696Kb used=2370Kb max_used=2411Kb free=3326Kb
 bounds [0x000001f800000000, 0x000001f800270000, 0x000001f800590000]
 total_blobs=9873 nmethods=8983 adapters=802
 compilation: enabled
              stopped_count=0, restarted_count=0
 full_count=0

Compilation events (20 events):
Event: 37.907 Thread 0x000001f87de84000 nmethod 9083 0x000001f808164f90 code [0x000001f808165120, 0x000001f808165198]
Event: 37.907 Thread 0x000001f87de84000 9098       4       org.gradle.internal.reflect.MethodSet$MethodKey::<init> (6 bytes)
Event: 37.913 Thread 0x000001f87de84000 nmethod 9098 0x000001f808165890 code [0x000001f808165a20, 0x000001f808165cf8]
Event: 37.913 Thread 0x000001f87de84000 9051       4       java.util.HashMap::isEmpty (13 bytes)
Event: 37.914 Thread 0x000001f87de84000 nmethod 9051 0x000001f808165e90 code [0x000001f808166020, 0x000001f808166098]
Event: 37.914 Thread 0x000001f87de84000 9116       4       java.util.Collections$UnmodifiableCollection::size (10 bytes)
Event: 37.915 Thread 0x000001f87de84000 nmethod 9116 0x000001f808166190 code [0x000001f808166320, 0x000001f8081663b8]
Event: 37.915 Thread 0x000001f878b2a800 9123       3       java.util.ImmutableCollections$AbstractImmutableList::iterator (13 bytes)
Event: 37.916 Thread 0x000001f878b2a800 nmethod 9123 0x000001f8018e3d10 code [0x000001f8018e3ee0, 0x000001f8018e4228]
Event: 37.916 Thread 0x000001f878b2a800 9124       3       java.util.ImmutableCollections$ListItr::<init> (25 bytes)
Event: 37.916 Thread 0x000001f878b2a800 nmethod 9124 0x000001f8018e4390 code [0x000001f8018e4540, 0x000001f8018e4718]
Event: 37.918 Thread 0x000001f878b2a800 9126 %     3       java.lang.invoke.LambdaForm::normalize @ 9 (322 bytes)
Event: 37.921 Thread 0x000001f878b2a800 nmethod 9126% 0x000001f8018e4810 code [0x000001f8018e4ae0, 0x000001f8018e5eb8]
Event: 37.928 Thread 0x000001f87de84000 9128       4       org.gradle.internal.instantiation.generator.AbstractClassGenerator$PropertyMetadata::isReadableWithoutSetterOfPropertyType (36 bytes)
Event: 37.932 Thread 0x000001f878b2a800 9130       3       org.gradle.internal.instantiation.generator.AbstractClassGenerator::access$1600 (6 bytes)
Event: 37.933 Thread 0x000001f878b2a800 nmethod 9130 0x000001f8018e6510 code [0x000001f8018e66c0, 0x000001f8018e67c8]
Event: 37.935 Thread 0x000001f878b2a800 9132       3       org.gradle.internal.instantiation.generator.AsmBackedClassGenerator$ClassBuilderImpl::addLazyGroovySupportSetterOverloads (30 bytes)
Event: 37.937 Thread 0x000001f878b2a800 nmethod 9132 0x000001f8018e6890 code [0x000001f8018e6b80, 0x000001f8018e7a58]
Event: 37.938 Thread 0x000001f878b2a800 9133       3       org.gradle.internal.instantiation.generator.AsmBackedClassGenerator$ClassBuilderImpl::access$800 (4 bytes)
Event: 37.938 Thread 0x000001f878b2a800 nmethod 9133 0x000001f8018e8010 code [0x000001f8018e81c0, 0x000001f8018e82b8]

GC Heap History (20 events):
Event: 25.272 GC heap after
{Heap after GC invocations=19 (full 0):
 garbage-first heap   total 201728K, used 49123K [0x0000000080000000, 0x0000000100000000)
  region size 1024K, 2 young (2048K), 2 survivors (2048K)
 Metaspace       used 58242K, capacity 60064K, committed 60160K, reserved 1101824K
  class space    used 7359K, capacity 8043K, committed 8064K, reserved 1048576K
}
Event: 25.283 GC heap before
{Heap before GC invocations=19 (full 0):
 garbage-first heap   total 201728K, used 50147K [0x0000000080000000, 0x0000000100000000)
  region size 1024K, 4 young (4096K), 2 survivors (2048K)
 Metaspace       used 58313K, capacity 60128K, committed 60160K, reserved 1101824K
  class space    used 7365K, capacity 8043K, committed 8064K, reserved 1048576K
}
Event: 25.287 GC heap after
{Heap after GC invocations=20 (full 0):
 garbage-first heap   total 201728K, used 48099K [0x0000000080000000, 0x0000000100000000)
  region size 1024K, 1 young (1024K), 1 survivors (1024K)
 Metaspace       used 58313K, capacity 60128K, committed 60160K, reserved 1101824K
  class space    used 7365K, capacity 8043K, committed 8064K, reserved 1048576K
}
Event: 26.630 GC heap before
{Heap before GC invocations=21 (full 0):
 garbage-first heap   total 201728K, used 145379K [0x0000000080000000, 0x0000000100000000)
  region size 1024K, 96 young (98304K), 1 survivors (1024K)
 Metaspace       used 62487K, capacity 64438K, committed 64716K, reserved 1105920K
  class space    used 7908K, capacity 8609K, committed 8652K, reserved 1048576K
}
Event: 26.640 GC heap after
{Heap after GC invocations=22 (full 0):
 garbage-first heap   total 201728K, used 49331K [0x0000000080000000, 0x0000000100000000)
  region size 1024K, 3 young (3072K), 3 survivors (3072K)
 Metaspace       used 62487K, capacity 64438K, committed 64716K, reserved 1105920K
  class space    used 7908K, capacity 8609K, committed 8652K, reserved 1048576K
}
Event: 28.185 GC heap before
{Heap before GC invocations=23 (full 0):
 garbage-first heap   total 201728K, used 154803K [0x0000000080000000, 0x0000000100000000)
  region size 1024K, 99 young (101376K), 3 survivors (3072K)
 Metaspace       used 66645K, capacity 68714K, committed 68940K, reserved 1110016K
  class space    used 8411K, capacity 9159K, committed 9292K, reserved 1048576K
}
Event: 28.199 GC heap after
{Heap after GC invocations=24 (full 0):
 garbage-first heap   total 201728K, used 54341K [0x0000000080000000, 0x0000000100000000)
  region size 1024K, 8 young (8192K), 8 survivors (8192K)
 Metaspace       used 66645K, capacity 68714K, committed 68940K, reserved 1110016K
  class space    used 8411K, capacity 9159K, committed 9292K, reserved 1048576K
}
Event: 28.419 GC heap before
{Heap before GC invocations=24 (full 0):
 garbage-first heap   total 201728K, used 65605K [0x0000000080000000, 0x0000000100000000)
  region size 1024K, 20 young (20480K), 8 survivors (8192K)
 Metaspace       used 67201K, capacity 69264K, committed 69452K, reserved 1110016K
  class space    used 8475K, capacity 9235K, committed 9292K, reserved 1048576K
}
Event: 28.433 GC heap after
{Heap after GC invocations=25 (full 0):
 garbage-first heap   total 201728K, used 55091K [0x0000000080000000, 0x0000000100000000)
  region size 1024K, 1 young (1024K), 1 survivors (1024K)
 Metaspace       used 67201K, capacity 69264K, committed 69452K, reserved 1110016K
  class space    used 8475K, capacity 9235K, committed 9292K, reserved 1048576K
}
Event: 29.334 GC heap before
{Heap before GC invocations=25 (full 0):
 garbage-first heap   total 201728K, used 112435K [0x0000000080000000, 0x0000000100000000)
  region size 1024K, 57 young (58368K), 1 survivors (1024K)
 Metaspace       used 69227K, capacity 71298K, committed 71500K, reserved 1112064K
  class space    used 8724K, capacity 9482K, committed 9548K, reserved 1048576K
}
Event: 29.342 GC heap after
{Heap after GC invocations=26 (full 0):
 garbage-first heap   total 201728K, used 56570K [0x0000000080000000, 0x0000000100000000)
  region size 1024K, 3 young (3072K), 3 survivors (3072K)
 Metaspace       used 69227K, capacity 71298K, committed 71500K, reserved 1112064K
  class space    used 8724K, capacity 9482K, committed 9548K, reserved 1048576K
}
Event: 30.441 GC heap before
{Heap before GC invocations=26 (full 0):
 garbage-first heap   total 201728K, used 121082K [0x0000000080000000, 0x0000000100000000)
  region size 1024K, 66 young (67584K), 3 survivors (3072K)
 Metaspace       used 70748K, capacity 72767K, committed 73036K, reserved 1112064K
  class space    used 8971K, capacity 9732K, committed 9804K, reserved 1048576K
}
Event: 30.454 GC heap after
{Heap after GC invocations=27 (full 0):
 garbage-first heap   total 201728K, used 59140K [0x0000000080000000, 0x0000000100000000)
  region size 1024K, 5 young (5120K), 5 survivors (5120K)
 Metaspace       used 70748K, capacity 72767K, committed 73036K, reserved 1112064K
  class space    used 8971K, capacity 9732K, committed 9804K, reserved 1048576K
}
Event: 32.205 GC heap before
{Heap before GC invocations=27 (full 0):
 garbage-first heap   total 201728K, used 125700K [0x0000000080000000, 0x0000000100000000)
  region size 1024K, 70 young (71680K), 5 survivors (5120K)
 Metaspace       used 72399K, capacity 74561K, committed 74828K, reserved 1114112K
  class space    used 9168K, capacity 9965K, committed 10060K, reserved 1048576K
}
Event: 32.227 GC heap after
{Heap after GC invocations=28 (full 0):
 garbage-first heap   total 201728K, used 61524K [0x0000000080000000, 0x0000000100000000)
  region size 1024K, 7 young (7168K), 7 survivors (7168K)
 Metaspace       used 72399K, capacity 74561K, committed 74828K, reserved 1114112K
  class space    used 9168K, capacity 9965K, committed 10060K, reserved 1048576K
}
Event: 33.689 GC heap before
{Heap before GC invocations=28 (full 0):
 garbage-first heap   total 201728K, used 131156K [0x0000000080000000, 0x0000000100000000)
  region size 1024K, 75 young (76800K), 7 survivors (7168K)
 Metaspace       used 75178K, capacity 77346K, committed 77644K, reserved 1116160K
  class space    used 9680K, capacity 10487K, committed 10572K, reserved 1048576K
}
Event: 33.707 GC heap after
{Heap after GC invocations=29 (full 0):
 garbage-first heap   total 201728K, used 62908K [0x0000000080000000, 0x0000000100000000)
  region size 1024K, 7 young (7168K), 7 survivors (7168K)
 Metaspace       used 75178K, capacity 77346K, committed 77644K, reserved 1116160K
  class space    used 9680K, capacity 10487K, committed 10572K, reserved 1048576K
}
Event: 35.086 GC heap before
{Heap before GC invocations=29 (full 0):
 garbage-first heap   total 201728K, used 137660K [0x0000000080000000, 0x0000000100000000)
  region size 1024K, 80 young (81920K), 7 survivors (7168K)
 Metaspace       used 77622K, capacity 79804K, committed 80076K, reserved 1118208K
  class space    used 10065K, capacity 10897K, committed 10956K, reserved 1048576K
}
Event: 35.120 GC heap after
{Heap after GC invocations=30 (full 0):
 garbage-first heap   total 201728K, used 66131K [0x0000000080000000, 0x0000000100000000)
  region size 1024K, 7 young (7168K), 7 survivors (7168K)
 Metaspace       used 77622K, capacity 79804K, committed 80076K, reserved 1118208K
  class space    used 10065K, capacity 10897K, committed 10956K, reserved 1048576K
}
Event: 37.940 GC heap before
{Heap before GC invocations=30 (full 0):
 garbage-first heap   total 201728K, used 146003K [0x0000000080000000, 0x0000000100000000)
  region size 1024K, 85 young (87040K), 7 survivors (7168K)
 Metaspace       used 80215K, capacity 82644K, committed 82892K, reserved 1120256K
  class space    used 10441K, capacity 11369K, committed 11468K, reserved 1048576K
}

Deoptimization events (20 events):
Event: 37.348 Thread 0x000001f87aa2c800 Uncommon trap: trap_request=0xffffffc6 fr.pc=0x000001f807f5931c relative=0x00000000000000dc
Event: 37.348 Thread 0x000001f87aa2c800 Uncommon trap: reason=bimorphic_or_optimized_type_check action=maybe_recompile pc=0x000001f807f5931c method=com.google.common.collect.AbstractIndexedListIterator.next()Ljava/lang/Object; @ 27 c2
Event: 37.348 Thread 0x000001f87aa2c800 DEOPT PACKING pc=0x000001f807f5931c sp=0x000000335cbfabd0
Event: 37.348 Thread 0x000001f87aa2c800 DEOPT UNPACKING pc=0x000001f80004a1af sp=0x000000335cbfab68 mode 2
Event: 37.348 Thread 0x000001f87aa2c800 Uncommon trap: trap_request=0xffffffc6 fr.pc=0x000001f807f5931c relative=0x00000000000000dc
Event: 37.348 Thread 0x000001f87aa2c800 Uncommon trap: reason=bimorphic_or_optimized_type_check action=maybe_recompile pc=0x000001f807f5931c method=com.google.common.collect.AbstractIndexedListIterator.next()Ljava/lang/Object; @ 27 c2
Event: 37.348 Thread 0x000001f87aa2c800 DEOPT PACKING pc=0x000001f807f5931c sp=0x000000335cbfabd0
Event: 37.348 Thread 0x000001f87aa2c800 DEOPT UNPACKING pc=0x000001f80004a1af sp=0x000000335cbfab68 mode 2
Event: 37.348 Thread 0x000001f87aa2c800 Uncommon trap: trap_request=0xffffffc6 fr.pc=0x000001f807f5931c relative=0x00000000000000dc
Event: 37.348 Thread 0x000001f87aa2c800 Uncommon trap: reason=bimorphic_or_optimized_type_check action=maybe_recompile pc=0x000001f807f5931c method=com.google.common.collect.AbstractIndexedListIterator.next()Ljava/lang/Object; @ 27 c2
Event: 37.348 Thread 0x000001f87aa2c800 DEOPT PACKING pc=0x000001f807f5931c sp=0x000000335cbfabd0
Event: 37.348 Thread 0x000001f87aa2c800 DEOPT UNPACKING pc=0x000001f80004a1af sp=0x000000335cbfab68 mode 2
Event: 37.603 Thread 0x000001f87aa2c800 Uncommon trap: trap_request=0xffffff4d fr.pc=0x000001f8080d3368 relative=0x0000000000000368
Event: 37.603 Thread 0x000001f87aa2c800 Uncommon trap: reason=unstable_if action=reinterpret pc=0x000001f8080d3368 method=org.gradle.internal.reflect.PropertyAccessorType.isSetterName(Ljava/lang/String;)Z @ 14 c2
Event: 37.603 Thread 0x000001f87aa2c800 DEOPT PACKING pc=0x000001f8080d3368 sp=0x000000335cbf8d90
Event: 37.603 Thread 0x000001f87aa2c800 DEOPT UNPACKING pc=0x000001f80004a1af sp=0x000000335cbf8cf8 mode 2
Event: 37.781 Thread 0x000001f87aa2c800 DEOPT PACKING pc=0x000001f80141a9cd sp=0x000000335cbf8570
Event: 37.781 Thread 0x000001f87aa2c800 DEOPT UNPACKING pc=0x000001f80004a95e sp=0x000000335cbf7b10 mode 0
Event: 37.900 Thread 0x000001f87aa2c800 DEOPT PACKING pc=0x000001f800aecf6c sp=0x000000335cbf7560
Event: 37.900 Thread 0x000001f87aa2c800 DEOPT UNPACKING pc=0x000001f80004a95e sp=0x000000335cbf6a50 mode 0

Classes redefined (0 events):
No events

Internal exceptions (20 events):
Event: 35.897 Thread 0x000001f87aa2c800 Exception <a 'java/lang/ClassNotFoundException'{0x000000008accd470}: org/gradle/api/internal/AbstractValidatingNamedDomainObjectContainerCustomizer> (0x000000008accd470) thrown at [src/hotspot/share/classfile/systemDictionary.cpp, line 230]
Event: 35.899 Thread 0x000001f87aa2c800 Exception <a 'java/lang/ClassNotFoundException'{0x000000008ab09950}: org/gradle/api/internal/artifacts/configurations/DefaultConfigurationContainerCustomizer> (0x000000008ab09950) thrown at [src/hotspot/share/classfile/systemDictionary.cpp, line 230]
Event: 35.903 Thread 0x000001f87aa2c800 Exception <a 'java/lang/ClassNotFoundException'{0x000000008ab555e0}: org/gradle/api/internal/artifacts/configurations/DefaultConfigurationContainer_DecoratedCustomizer> (0x000000008ab555e0) thrown at [src/hotspot/share/classfile/systemDictionary.cpp, line 230]
Event: 35.965 Thread 0x000001f87aa2c800 Exception <a 'java/lang/ClassNotFoundException'{0x000000008a812490}: org/gradle/api/internal/artifacts/configurations/DefaultConfiguration_DecoratedBeanInfo> (0x000000008a812490) thrown at [src/hotspot/share/classfile/systemDictionary.cpp, line 230]
Event: 35.967 Thread 0x000001f87aa2c800 Exception <a 'java/lang/ClassNotFoundException'{0x000000008a841e90}: org/gradle/api/internal/artifacts/configurations/DefaultConfigurationBeanInfo> (0x000000008a841e90) thrown at [src/hotspot/share/classfile/systemDictionary.cpp, line 230]
Event: 35.968 Thread 0x000001f87aa2c800 Exception <a 'java/lang/ClassNotFoundException'{0x000000008a85f048}: org/gradle/api/internal/file/AbstractFileCollectionBeanInfo> (0x000000008a85f048) thrown at [src/hotspot/share/classfile/systemDictionary.cpp, line 230]
Event: 35.969 Thread 0x000001f87aa2c800 Exception <a 'java/lang/ClassNotFoundException'{0x000000008a87c2b0}: org/gradle/api/internal/file/AbstractFileCollectionCustomizer> (0x000000008a87c2b0) thrown at [src/hotspot/share/classfile/systemDictionary.cpp, line 230]
Event: 35.971 Thread 0x000001f87aa2c800 Exception <a 'java/lang/ClassNotFoundException'{0x000000008a8be1a8}: org/gradle/api/internal/artifacts/configurations/DefaultConfigurationCustomizer> (0x000000008a8be1a8) thrown at [src/hotspot/share/classfile/systemDictionary.cpp, line 230]
Event: 35.981 Thread 0x000001f87aa2c800 Exception <a 'java/lang/ClassNotFoundException'{0x000000008a7428d8}: org/gradle/api/internal/artifacts/configurations/DefaultConfiguration_DecoratedCustomizer> (0x000000008a7428d8) thrown at [src/hotspot/share/classfile/systemDictionary.cpp, line 230]
Event: 36.026 Thread 0x000001f87aa2c800 Exception <a 'java/lang/ClassNotFoundException'{0x000000008a5fcf10}: org/codehaus/groovy/runtime/MethodClosureBeanInfo> (0x000000008a5fcf10) thrown at [src/hotspot/share/classfile/systemDictionary.cpp, line 230]
Event: 36.036 Thread 0x000001f87aa2c800 Exception <a 'java/lang/ClassNotFoundException'{0x000000008a3da6d8}: org/codehaus/groovy/runtime/MethodClosureCustomizer> (0x000000008a3da6d8) thrown at [src/hotspot/share/classfile/systemDictionary.cpp, line 230]
Event: 36.040 Thread 0x000001f87aa2c800 Exception <a 'java/lang/ClassNotFoundException'{0x000000008a24ea18}: org/gradle/api/internal/artifacts/configurations/DefaultConfiguration$ConfigurationResolvableDependencies_DecoratedBeanInfo> (0x000000008a24ea18) thrown at [src/hotspot/share/classfile/systemDictionary.cpp, line 230]
Event: 36.042 Thread 0x000001f87aa2c800 Exception <a 'java/lang/ClassNotFoundException'{0x000000008a287f20}: org/gradle/api/internal/artifacts/configurations/DefaultConfiguration$ConfigurationResolvableDependenciesBeanInfo> (0x000000008a287f20) thrown at [src/hotspot/share/classfile/systemDictionary.cpp, line 230]
Event: 36.043 Thread 0x000001f87aa2c800 Exception <a 'java/lang/ClassNotFoundException'{0x000000008a2c2cc8}: org/gradle/api/internal/artifacts/configurations/DefaultConfiguration$ConfigurationResolvableDependenciesCustomizer> (0x000000008a2c2cc8) thrown at [src/hotspot/share/classfile/systemDictionary.cpp, line 230]
Event: 36.058 Thread 0x000001f87aa2c800 Exception <a 'java/lang/ClassNotFoundException'{0x000000008a10f190}: org/gradle/api/internal/artifacts/configurations/DefaultConfiguration$ConfigurationResolvableDependencies_DecoratedCustomizer> (0x000000008a10f190) thrown at [src/hotspot/share/classfile/systemDictionary.cpp, line 230]
Event: 37.589 Thread 0x000001f87aa2c800 Exception <a 'java/lang/NoSuchMethodError'{0x000000008848d598}: 'java.lang.Object java.lang.invoke.DirectMethodHandle$Holder.invokeStatic(java.lang.Object, java.lang.Object, java.lang.Object, java.lang.Object, java.lang.Object, java.lang.Object, int)'> (0x000000008848d598) thrown at [src/hotspot/share/interpreter/linkResolver.cpp, line 773]
Event: 37.590 Thread 0x000001f87aa2c800 Exception <a 'java/lang/NoSuchMethodError'{0x0000000088492050}: 'java.lang.Object java.lang.invoke.DirectMethodHandle$Holder.invokeSpecial(java.lang.Object, java.lang.Object, java.lang.Object, java.lang.Object, java.lang.Object, java.lang.Object, java.lang.Object, int)'> (0x0000000088492050) thrown at [src/hotspot/share/interpreter/linkResolver.cpp, line 773]
Event: 37.590 Thread 0x000001f87aa2c800 Exception <a 'java/lang/NoSuchMethodError'{0x0000000088496998}: 'java.lang.Object java.lang.invoke.Invokers$Holder.linkToTargetMethod(java.lang.Object, java.lang.Object, java.lang.Object, java.lang.Object, java.lang.Object, int, java.lang.Object)'> (0x0000000088496998) thrown at [src/hotspot/share/interpreter/linkResolver.cpp, line 773]
Event: 37.890 Thread 0x000001f87aa2c800 Exception <a 'java/lang/NoSuchMethodError'{0x00000000877fcea0}: 'java.lang.Object java.lang.invoke.DirectMethodHandle$Holder.invokeStatic(java.lang.Object, java.lang.Object, java.lang.Object, java.lang.Object, java.lang.Object, java.lang.Object, int, int)'> (0x00000000877fcea0) thrown at [src/hotspot/share/interpreter/linkResolver.cpp, line 773]
Event: 37.898 Thread 0x000001f87aa2c800 Exception <a 'java/lang/NoSuchMethodError'{0x00000000876239f0}: 'java.lang.Object java.lang.invoke.DirectMethodHandle$Holder.invokeStatic(java.lang.Object, java.lang.Object, java.lang.Object, java.lang.Object, java.lang.Object, java.lang.Object, int, int, java.lang.Object)'> (0x00000000876239f0) thrown at [src/hotspot/share/interpreter/linkResolver.cpp, line 773]

Events (20 events):
Event: 37.848 loading class org/gradle/api/internal/tasks/AbstractTaskFilePropertyRegistration done
Event: 37.850 loading class org/gradle/api/tasks/TaskInputFilePropertyBuilder
Event: 37.850 loading class org/gradle/api/tasks/TaskInputFilePropertyBuilder done
Event: 37.850 loading class com/android/build/gradle/tasks/JavaCompileKt$recordAnnotationProcessors$1
Event: 37.850 loading class com/android/build/gradle/tasks/JavaCompileKt$recordAnnotationProcessors$1 done
Event: 37.852 loading class org/gradle/api/internal/AbstractTask$13
Event: 37.852 loading class org/gradle/api/internal/AbstractTask$13 done
Event: 37.887 loading class java/lang/invoke/BoundMethodHandle$Species_LLLI
Event: 37.888 loading class java/lang/invoke/BoundMethodHandle$Species_LLLI done
Event: 37.889 loading class java/lang/invoke/BoundMethodHandle$Species_LLLII
Event: 37.889 loading class java/lang/invoke/BoundMethodHandle$Species_LLLII done
Event: 37.891 loading class java/lang/invoke/BoundMethodHandle$Species_LLLIIL
Event: 37.891 loading class java/lang/invoke/BoundMethodHandle$Species_LLLIIL done
Event: 37.909 loading class java/lang/invoke/BoundMethodHandle$Species_LLLIILL
Event: 37.909 loading class java/lang/invoke/BoundMethodHandle$Species_LLLIILL done
Event: 37.915 loading class java/lang/invoke/BoundMethodHandle$Species_LLLIILLL
Event: 37.915 loading class java/lang/invoke/BoundMethodHandle$Species_LLLIILLL done
Event: 37.923 loading class com/android/build/gradle/internal/AndroidJarInput
Event: 37.923 loading class com/android/build/gradle/internal/AndroidJarInput done
Event: 37.940 Executing VM operation: G1CollectForAllocation


Dynamic libraries:
0x00007ff7a6e00000 - 0x00007ff7a6e0a000 	C:\Program Files\Android\Android Studio\jbr\bin\java.exe
0x00007ff902a30000 - 0x00007ff902c28000 	C:\WINDOWS\SYSTEM32\ntdll.dll
0x00007ff901d00000 - 0x00007ff901dbf000 	C:\WINDOWS\System32\KERNEL32.DLL
0x00007ff9002a0000 - 0x00007ff900596000 	C:\WINDOWS\System32\KERNELBASE.dll
0x00007ff9001a0000 - 0x00007ff9002a0000 	C:\WINDOWS\System32\ucrtbase.dll
0x00007ff8ec850000 - 0x00007ff8ec867000 	C:\Program Files\Android\Android Studio\jbr\bin\jli.dll
0x00007ff8f8b20000 - 0x00007ff8f8b3b000 	C:\Program Files\Android\Android Studio\jbr\bin\VCRUNTIME140.dll
0x00007ff9027f0000 - 0x00007ff90298d000 	C:\WINDOWS\System32\USER32.dll
0x00007ff900610000 - 0x00007ff900632000 	C:\WINDOWS\System32\win32u.dll
0x00007ff8ebc40000 - 0x00007ff8ebeda000 	C:\WINDOWS\WinSxS\amd64_microsoft.windows.common-controls_6595b64144ccf1df_6.0.19041.1110_none_60b5254171f9507e\COMCTL32.dll
0x00007ff902120000 - 0x00007ff90214c000 	C:\WINDOWS\System32\GDI32.dll
0x00007ff9024d0000 - 0x00007ff90256e000 	C:\WINDOWS\System32\msvcrt.dll
0x00007ff9006e0000 - 0x00007ff9007f5000 	C:\WINDOWS\System32\gdi32full.dll
0x00007ff900640000 - 0x00007ff9006dd000 	C:\WINDOWS\System32\msvcp_win.dll
0x00007ff901400000 - 0x00007ff901430000 	C:\WINDOWS\System32\IMM32.DLL
0x00007ff8fb560000 - 0x00007ff8fb56c000 	C:\Program Files\Android\Android Studio\jbr\bin\vcruntime140_1.dll
0x00007ff8e8850000 - 0x00007ff8e88dd000 	C:\Program Files\Android\Android Studio\jbr\bin\msvcp140.dll
0x00007ff8bb460000 - 0x00007ff8bc01c000 	C:\Program Files\Android\Android Studio\jbr\bin\server\jvm.dll
0x00007ff900f00000 - 0x00007ff900faf000 	C:\WINDOWS\System32\ADVAPI32.dll
0x00007ff902750000 - 0x00007ff9027ec000 	C:\WINDOWS\System32\sechost.dll
0x00007ff902570000 - 0x00007ff902696000 	C:\WINDOWS\System32\RPCRT4.dll
0x00007ff902740000 - 0x00007ff902748000 	C:\WINDOWS\System32\PSAPI.DLL
0x00007ff8f9f30000 - 0x00007ff8f9f39000 	C:\WINDOWS\SYSTEM32\WSOCK32.dll
0x00007ff8f2a10000 - 0x00007ff8f2a37000 	C:\WINDOWS\SYSTEM32\WINMM.dll
0x00007ff8f3d40000 - 0x00007ff8f3d4a000 	C:\WINDOWS\SYSTEM32\VERSION.dll
0x00007ff901010000 - 0x00007ff90107b000 	C:\WINDOWS\System32\WS2_32.dll
0x00007ff8fe910000 - 0x00007ff8fe922000 	C:\WINDOWS\SYSTEM32\kernel.appcore.dll
0x00007ff8f8b10000 - 0x00007ff8f8b20000 	C:\Program Files\Android\Android Studio\jbr\bin\verify.dll
0x00007ff8efcb0000 - 0x00007ff8efe94000 	C:\WINDOWS\SYSTEM32\DBGHELP.DLL
0x00007ff8efc70000 - 0x00007ff8efca4000 	C:\WINDOWS\SYSTEM32\dbgcore.DLL
0x00007ff900110000 - 0x00007ff900192000 	C:\WINDOWS\System32\bcryptPrimitives.dll
0x00007ff8f8ae0000 - 0x00007ff8f8b08000 	C:\Program Files\Android\Android Studio\jbr\bin\java.dll
0x00007ff8f86d0000 - 0x00007ff8f86da000 	C:\Program Files\Android\Android Studio\jbr\bin\jimage.dll
0x00007ff8ec870000 - 0x00007ff8ec87e000 	C:\Program Files\Android\Android Studio\jbr\bin\instrument.dll
0x00007ff8ec830000 - 0x00007ff8ec848000 	C:\Program Files\Android\Android Studio\jbr\bin\zip.dll
0x00007ff9015b0000 - 0x00007ff901cf4000 	C:\WINDOWS\System32\SHELL32.dll
0x00007ff8fdb30000 - 0x00007ff8fe2c3000 	C:\WINDOWS\SYSTEM32\windows.storage.dll
0x00007ff901dc0000 - 0x00007ff902114000 	C:\WINDOWS\System32\combase.dll
0x00007ff8ff9a0000 - 0x00007ff8ff9ce000 	C:\WINDOWS\SYSTEM32\Wldp.dll
0x00007ff902420000 - 0x00007ff9024cd000 	C:\WINDOWS\System32\SHCORE.dll
0x00007ff902990000 - 0x00007ff9029e5000 	C:\WINDOWS\System32\shlwapi.dll
0x00007ff900050000 - 0x00007ff90006f000 	C:\WINDOWS\SYSTEM32\profapi.dll
0x00007ff8e1a40000 - 0x00007ff8e1a4a000 	C:\Program Files\Android\Android Studio\jbr\bin\management.dll
0x00007ff8e19d0000 - 0x00007ff8e19db000 	C:\Program Files\Android\Android Studio\jbr\bin\management_ext.dll
0x00007ff8c9c80000 - 0x00007ff8c9c99000 	C:\Program Files\Android\Android Studio\jbr\bin\net.dll
0x00007ff8f5190000 - 0x00007ff8f529a000 	C:\WINDOWS\SYSTEM32\WINHTTP.dll
0x00007ff8ff780000 - 0x00007ff8ff7ea000 	C:\WINDOWS\system32\mswsock.dll
0x00007ff8c9c60000 - 0x00007ff8c9c73000 	C:\Program Files\Android\Android Studio\jbr\bin\nio.dll
0x00007ff8bded0000 - 0x00007ff8bdee7000 	C:\WINDOWS\system32\napinsp.dll
0x00007ff8bdeb0000 - 0x00007ff8bdecb000 	C:\WINDOWS\system32\pnrpnsp.dll
0x00007ff8e03c0000 - 0x00007ff8e03d5000 	C:\WINDOWS\system32\wshbth.dll
0x00007ff8fb4a0000 - 0x00007ff8fb4bd000 	C:\WINDOWS\system32\NLAapi.dll
0x00007ff8ff490000 - 0x00007ff8ff4cc000 	C:\WINDOWS\SYSTEM32\IPHLPAPI.DLL
0x00007ff8ff4d0000 - 0x00007ff8ff59a000 	C:\WINDOWS\SYSTEM32\DNSAPI.dll
0x00007ff902410000 - 0x00007ff902418000 	C:\WINDOWS\System32\NSI.dll
0x00007ff8bde90000 - 0x00007ff8bdea2000 	C:\WINDOWS\System32\winrnr.dll
0x00007ff8f3b20000 - 0x00007ff8f3b2a000 	C:\Windows\System32\rasadhlp.dll
0x00007ff8f5020000 - 0x00007ff8f50a2000 	C:\WINDOWS\System32\fwpuclnt.dll
0x00007ff900a60000 - 0x00007ff900a87000 	C:\WINDOWS\System32\bcrypt.dll
0x00007ff8fb520000 - 0x00007ff8fb547000 	C:\Users\shahzaib lptp\AndroidStudioProjects\loginsqlite\native\68d5fa5c4cc2d200863cafc0d521ce42e7d3e7ee720ec0a83991735586a16f82\windows-amd64\native-platform.dll
0x00007ff8e37c0000 - 0x00007ff8e3904000 	C:\Users\shahzaib lptp\AndroidStudioProjects\loginsqlite\native\e376f236ea51e6404a007f0833ffe2c6e607c4080706a723a18a27aeea778392\windows-amd64\native-platform-file-events.dll
0x00007ff8ffcf0000 - 0x00007ff8ffd08000 	C:\WINDOWS\SYSTEM32\CRYPTSP.dll
0x00007ff8ff0c0000 - 0x00007ff8ff0f4000 	C:\WINDOWS\system32\rsaenh.dll
0x00007ff900010000 - 0x00007ff90003e000 	C:\WINDOWS\SYSTEM32\USERENV.dll
0x00007ff8ff910000 - 0x00007ff8ff91c000 	C:\WINDOWS\SYSTEM32\CRYPTBASE.dll
0x00007ff8f6ef0000 - 0x00007ff8f6f07000 	C:\WINDOWS\SYSTEM32\dhcpcsvc6.DLL
0x00007ff8f6ed0000 - 0x00007ff8f6eed000 	C:\WINDOWS\SYSTEM32\dhcpcsvc.DLL

dbghelp: loaded successfully - version: 4.0.5 - missing functions: none
symbol engine: initialized successfully - sym options: 0x614 - pdb path: .;C:\Program Files\Android\Android Studio\jbr\bin;C:\WINDOWS\SYSTEM32;C:\WINDOWS\WinSxS\amd64_microsoft.windows.common-controls_6595b64144ccf1df_6.0.19041.1110_none_60b5254171f9507e;C:\Program Files\Android\Android Studio\jbr\bin\server;C:\Users\shahzaib lptp\AndroidStudioProjects\loginsqlite\native\68d5fa5c4cc2d200863cafc0d521ce42e7d3e7ee720ec0a83991735586a16f82\windows-amd64;C:\Users\shahzaib lptp\AndroidStudioProjects\loginsqlite\native\e376f236ea51e6404a007f0833ffe2c6e607c4080706a723a18a27aeea778392\windows-amd64

VM Arguments:
jvm_args: --add-opens=java.base/java.util.concurrent.atomic=ALL-UNNAMED -javaagent:C:\Program Files\Android\Android Studio\plugins\android\resources\trace_agent.jar=C:\Users\SHAHZA~1\AppData\Local\Temp\sync.trace.profile --add-opens=java.base/java.util=ALL-UNNAMED --add-opens=java.base/java.lang=ALL-UNNAMED --add-opens=java.base/java.lang.invoke=ALL-UNNAMED --add-opens=java.prefs/java.util.prefs=ALL-UNNAMED --add-opens=java.base/java.nio.charset=ALL-UNNAMED --add-opens=java.base/java.net=ALL-UNNAMED --add-opens=java.base/java.util.concurrent.atomic=ALL-UNNAMED -Xmx2048m -Dfile.encoding=UTF-8 -Duser.country=US -Duser.language=en -Duser.variant -javaagent:C:\Users\shahzaib lptp\AndroidStudioProjects\loginsqlite\wrapper\dists\gradle-8.3-rc-1-bin\3lbs5z64xhcdp1uarsx2vp16o\gradle-8.3-rc-1\lib\agents\gradle-instrumentation-agent-8.3.jar 
java_command: org.gradle.launcher.daemon.bootstrap.GradleDaemon 8.3-rc-1
java_class_path (initial): C:\Users\shahzaib lptp\AndroidStudioProjects\loginsqlite\wrapper\dists\gradle-8.3-rc-1-bin\3lbs5z64xhcdp1uarsx2vp16o\gradle-8.3-rc-1\lib\gradle-launcher-8.3.jar
Launcher Type: SUN_STANDARD

[Global flags]
     intx CICompilerCount                          = 3                                         {product} {ergonomic}
     uint ConcGCThreads                            = 1                                         {product} {ergonomic}
     uint G1ConcRefinementThreads                  = 4                                         {product} {ergonomic}
   size_t G1HeapRegionSize                         = 1048576                                   {product} {ergonomic}
    uintx GCDrainStackTargetSize                   = 64                                        {product} {ergonomic}
   size_t InitialHeapSize                          = 134217728                                 {product} {ergonomic}
   size_t MarkStackSize                            = 4194304                                   {product} {ergonomic}
   size_t MaxHeapSize                              = 2147483648                                {product} {command line}
   size_t MaxNewSize                               = 1287651328                                {product} {ergonomic}
   size_t MinHeapDeltaBytes                        = 1048576                                   {product} {ergonomic}
    uintx NonNMethodCodeHeapSize                   = 5830732                                {pd product} {ergonomic}
    uintx NonProfiledCodeHeapSize                  = 122913754                              {pd product} {ergonomic}
    uintx ProfiledCodeHeapSize                     = 122913754                              {pd product} {ergonomic}
    uintx ReservedCodeCacheSize                    = 251658240                              {pd product} {ergonomic}
     bool SegmentedCodeCache                       = true                                      {product} {ergonomic}
     bool UseCompressedClassPointers               = true                                 {lp64_product} {ergonomic}
     bool UseCompressedOops                        = true                                 {lp64_product} {ergonomic}
     bool UseG1GC                                  = true                                      {product} {ergonomic}
     bool UseLargePagesIndividualAllocation        = false                                  {pd product} {ergonomic}

Logging:
Log output configuration:
 #0: stdout all=warning uptime,level,tags
 #1: stderr all=off uptime,level,tags

Environment Variables:
PATH=C:\Program Files\Python310\Scripts\;C:\Program Files\Python310\;C:\Program Files\Common Files\Oracle\Java\javapath;C:\app\bin;C:\app\shahzaiblptp\product\11.2.0\dbhome_1\bin;C:\WINDOWS\system32;C:\WINDOWS;C:\WINDOWS\System32\Wbem;C:\WINDOWS\System32\WindowsPowerShell\v1.0\;c:\Program Files (x86)\Microsoft SQL Server\100\Tools\Binn\;c:\Program Files\Microsoft SQL Server\100\Tools\Binn\;c:\Program Files\Microsoft SQL Server\100\DTS\Binn\;C:\WINDOWS\System32\OpenSSH\;C:\ProgramData\chocolatey\bin;%JAVA_HOME%\bin;C:\Program Files\Git\cmd;C:\WINDOWS\System32;C:\Users\shahzaib lptp\AppData\Local\Microsoft\WindowsApps;C:\Program Files\JetBrains\IntelliJ IDEA Community Edition 2021.3\bin;;C:\Program Files\Python310\PyCharm Community Edition 2022.1\bin;;C:\Users\shahzaib lptp\AppData\Local\Programs\Microsoft VS Code\bin;C:\Program Files\flutter\bin;C:\src\flutter\bin;C:\Program Files\Android\Android Studio\bin;
USERNAME=shahzaib lptp
OS=Windows_NT
PROCESSOR_IDENTIFIER=Intel64 Family 6 Model 69 Stepping 1, GenuineIntel



---------------  S Y S T E M  ---------------

OS: Windows 10 , 64 bit Build 19041 (10.0.19041.3031)
OS uptime: 1 days 7:07 hours
Hyper-V role detected

CPU:total 4 (initial active 4) (2 cores per cpu, 2 threads per core) family 6 model 69 stepping 1 microcode 0x26, cmov, cx8, fxsr, mmx, sse, sse2, sse3, ssse3, sse4.1, sse4.2, popcnt, avx, avx2, aes, clmul, erms, lzcnt, ht, tsc, tscinvbit, bmi1, bmi2, fma

Memory: 4k page, system-wide physical 8073M (442M free)
TotalPageFile size 10073M (AvailPageFile size 42M)
current process WorkingSet (physical memory assigned to process): 434M, peak: 443M
current process commit charge ("private bytes"): 461M, peak: 501M

vm_info: OpenJDK 64-Bit Server VM (11.0.15+0-b2043.56-9505619) for windows-amd64 JRE (11.0.15+0-b2043.56-9505619), built on Jan 19 2023 02:48:00 by "builduser" with unknown MS VC++:1929

END.
