#
# There is insufficient memory for the Java Runtime Environment to continue.
# Native memory allocation (malloc) failed to allocate 32744 bytes for ChunkPool::allocate
# Possible reasons:
#   The system is out of physical RAM or swap space
#   The process is running with CompressedOops enabled, and the Java Heap may be blocking the growth of the native heap
# Possible solutions:
#   Reduce memory load on the system
#   Increase physical memory or swap space
#   Check if swap backing store is full
#   Decrease Java heap size (-Xmx/-Xms)
#   Decrease number of Java threads
#   Decrease Java thread stack sizes (-Xss)
#   Set larger code cache with -XX:ReservedCodeCacheSize=
#   JVM is running with Unscaled Compressed Oops mode in which the Java heap is
#     placed in the first 4GB address space. The Java Heap base address is the
#     maximum limit for the native heap growth. Please use -XX:HeapBaseMinAddress
#     to set the Java Heap base and to place the Java Heap above 4GB virtual address.
# This output file may be truncated or incomplete.
#
#  Out of Memory Error (src/hotspot/share/memory/arena.cpp:81), pid=488, tid=10340
#
# JRE version: OpenJDK Runtime Environment (11.0.15) (build 11.0.15+0-b2043.56-9505619)
# Java VM: OpenJDK 64-Bit Server VM (11.0.15+0-b2043.56-9505619, mixed mode, tiered, compressed oops, g1 gc, windows-amd64)
# No core dump will be written. Minidumps are not enabled by default on client versions of Windows
#

---------------  S U M M A R Y ------------

Command Line: --add-opens=java.base/java.util=ALL-UNNAMED --add-opens=java.base/java.lang=ALL-UNNAMED --add-opens=java.base/java.lang.invoke=ALL-UNNAMED --add-opens=java.base/java.util=ALL-UNNAMED --add-opens=java.prefs/java.util.prefs=ALL-UNNAMED --add-opens=java.prefs/java.util.prefs=ALL-UNNAMED --add-opens=java.base/java.nio.charset=ALL-UNNAMED --add-opens=java.base/java.net=ALL-UNNAMED --add-opens=java.base/java.util.concurrent.atomic=ALL-UNNAMED -Xmx2048m -Dfile.encoding=UTF-8 -Duser.country=US -Duser.language=en -Duser.variant org.gradle.launcher.daemon.bootstrap.GradleDaemon 7.5

Host: Intel(R) Core(TM) i5-4310U CPU @ 2.00GHz, 4 cores, 3G,  Windows 10 , 64 bit Build 19041 (10.0.19041.2788)
Time: Wed Apr 19 00:51:26 2023 Pakistan Standard Time elapsed time: 6.645177 seconds (0d 0h 0m 6s)

---------------  T H R E A D  ---------------

Current thread (0x000002ae9e9c1800):  JavaThread "C2 CompilerThread0" daemon [_thread_in_native, id=10340, stack(0x000000dbb8b00000,0x000000dbb8c00000)]


Current CompileTask:
C2:   6645 2616   !   4       java.net.URLClassLoader$1::run (81 bytes)

Stack: [0x000000dbb8b00000,0x000000dbb8c00000]
Native frames: (J=compiled Java code, j=interpreted, Vv=VM code, C=native code)
V  [jvm.dll+0x64135a]
V  [jvm.dll+0x7d39f9]
V  [jvm.dll+0x7d51b9]
V  [jvm.dll+0x7d58a3]
V  [jvm.dll+0x2691c5]
V  [jvm.dll+0xc1cbf]
V  [jvm.dll+0xc200c]
V  [jvm.dll+0x37c70b]
V  [jvm.dll+0x531d78]
V  [jvm.dll+0x530d60]
V  [jvm.dll+0x53169a]
V  [jvm.dll+0x3424c4]
V  [jvm.dll+0x34186a]
V  [jvm.dll+0x2214bd]
V  [jvm.dll+0x220498]
V  [jvm.dll+0x19e851]
V  [jvm.dll+0x230479]
V  [jvm.dll+0x22e5ef]
V  [jvm.dll+0x794de1]
V  [jvm.dll+0x78dc24]
V  [jvm.dll+0x6400f6]
C  [ucrtbase.dll+0x21bb2]
C  [KERNEL32.DLL+0x17604]
C  [ntdll.dll+0x526a1]


---------------  P R O C E S S  ---------------

Threads class SMR info:
_java_thread_list=0x000002aea1a5ab00, length=34, elements={
0x000002ae82e14800, 0x000002ae9e95d000, 0x000002ae9e960000, 0x000002ae9e9bd800,
0x000002ae9e9be800, 0x000002ae9e9c0800, 0x000002ae9e9c1800, 0x000002ae9e9de800,
0x000002ae9f329000, 0x000002ae9f437800, 0x000002aea0b8b800, 0x000002aea09bf000,
0x000002aea0a8c800, 0x000002aea0a8b000, 0x000002aea0a8b800, 0x000002aea0e5b800,
0x000002aea0aef800, 0x000002aea0c83800, 0x000002aea076b800, 0x000002aea076c000,
0x000002aea12dd000, 0x000002aea12d7000, 0x000002aea12da800, 0x000002aea12db800,
0x000002aea12dd800, 0x000002aea12d9000, 0x000002aea12dc000, 0x000002aea12d8000,
0x000002aea12d9800, 0x000002ae9f5dd800, 0x000002ae9f5df800, 0x000002ae9f5e0000,
0x000002ae9f5e4000, 0x000002ae9f5e2800
}

Java Threads: ( => current thread )
  0x000002ae82e14800 JavaThread "main" [_thread_blocked, id=5988, stack(0x000000dbb7f00000,0x000000dbb8000000)]
  0x000002ae9e95d000 JavaThread "Reference Handler" daemon [_thread_blocked, id=9476, stack(0x000000dbb8600000,0x000000dbb8700000)]
  0x000002ae9e960000 JavaThread "Finalizer" daemon [_thread_blocked, id=2544, stack(0x000000dbb8700000,0x000000dbb8800000)]
  0x000002ae9e9bd800 JavaThread "Signal Dispatcher" daemon [_thread_blocked, id=12620, stack(0x000000dbb8800000,0x000000dbb8900000)]
  0x000002ae9e9be800 JavaThread "Attach Listener" daemon [_thread_blocked, id=10464, stack(0x000000dbb8900000,0x000000dbb8a00000)]
  0x000002ae9e9c0800 JavaThread "Service Thread" daemon [_thread_blocked, id=6768, stack(0x000000dbb8a00000,0x000000dbb8b00000)]
=>0x000002ae9e9c1800 JavaThread "C2 CompilerThread0" daemon [_thread_in_native, id=10340, stack(0x000000dbb8b00000,0x000000dbb8c00000)]
  0x000002ae9e9de800 JavaThread "C1 CompilerThread0" daemon [_thread_in_native, id=6000, stack(0x000000dbb8c00000,0x000000dbb8d00000)]
  0x000002ae9f329000 JavaThread "Sweeper thread" daemon [_thread_blocked, id=11984, stack(0x000000dbb8d00000,0x000000dbb8e00000)]
  0x000002ae9f437800 JavaThread "Common-Cleaner" daemon [_thread_blocked, id=768, stack(0x000000dbb8e00000,0x000000dbb8f00000)]
  0x000002aea0b8b800 JavaThread "Daemon health stats" [_thread_blocked, id=10424, stack(0x000000dbb9100000,0x000000dbb9200000)]
  0x000002aea09bf000 JavaThread "Incoming local TCP Connector on port 56427" [_thread_in_native, id=11232, stack(0x000000dbb9400000,0x000000dbb9500000)]
  0x000002aea0a8c800 JavaThread "Daemon periodic checks" [_thread_blocked, id=7336, stack(0x000000dbb9500000,0x000000dbb9600000)]
  0x000002aea0a8b000 JavaThread "Daemon" [_thread_blocked, id=9304, stack(0x000000dbb9600000,0x000000dbb9700000)]
  0x000002aea0a8b800 JavaThread "Handler for socket connection from /127.0.0.1:56427 to /127.0.0.1:56428" [_thread_in_native, id=2284, stack(0x000000dbb9700000,0x000000dbb9800000)]
  0x000002aea0e5b800 JavaThread "Cancel handler" [_thread_blocked, id=12892, stack(0x000000dbb9800000,0x000000dbb9900000)]
  0x000002aea0aef800 JavaThread "Daemon worker" [_thread_in_Java, id=3288, stack(0x000000dbb9900000,0x000000dbb9a00000)]
  0x000002aea0c83800 JavaThread "Asynchronous log dispatcher for DefaultDaemonConnection: socket connection from /127.0.0.1:56427 to /127.0.0.1:56428" [_thread_blocked, id=5044, stack(0x000000dbb9a00000,0x000000dbb9b00000)]
  0x000002aea076b800 JavaThread "Stdin handler" [_thread_blocked, id=2656, stack(0x000000dbb9b00000,0x000000dbb9c00000)]
  0x000002aea076c000 JavaThread "Daemon client event forwarder" [_thread_blocked, id=6240, stack(0x000000dbb9c00000,0x000000dbb9d00000)]
  0x000002aea12dd000 JavaThread "Cache worker for journal cache (C:\Users\shahzaib lptp\AndroidStudioProjects\loginsqlite\caches\journal-1)" [_thread_blocked, id=6948, stack(0x000000dbb9d00000,0x000000dbb9e00000)]
  0x000002aea12d7000 JavaThread "File lock request listener" [_thread_in_native, id=8488, stack(0x000000dbb9e00000,0x000000dbb9f00000)]
  0x000002aea12da800 JavaThread "Cache worker for file hash cache (C:\Users\shahzaib lptp\AndroidStudioProjects\loginsqlite\caches\7.5\fileHashes)" [_thread_blocked, id=8860, stack(0x000000dbb9f00000,0x000000dbba000000)]
  0x000002aea12db800 JavaThread "File watcher server" daemon [_thread_in_native, id=12716, stack(0x000000dbba000000,0x000000dbba100000)]
  0x000002aea12dd800 JavaThread "File watcher consumer" daemon [_thread_blocked, id=8068, stack(0x000000dbba100000,0x000000dbba200000)]
  0x000002aea12d9000 JavaThread "jar transforms" [_thread_blocked, id=12024, stack(0x000000dbba200000,0x000000dbba300000)]
  0x000002aea12dc000 JavaThread "jar transforms Thread 2" [_thread_blocked, id=11028, stack(0x000000dbba300000,0x000000dbba400000)]
  0x000002aea12d8000 JavaThread "jar transforms Thread 3" [_thread_blocked, id=4392, stack(0x000000dbba400000,0x000000dbba500000)]
  0x000002aea12d9800 JavaThread "jar transforms Thread 4" [_thread_blocked, id=11428, stack(0x000000dbba500000,0x000000dbba600000)]
  0x000002ae9f5dd800 JavaThread "Cache worker for checksums cache (C:\Users\shahzaib lptp\AndroidStudioProjects\EyeonwaterApp\.gradle\7.5\checksums)" [_thread_blocked, id=9600, stack(0x000000dbba600000,0x000000dbba700000)]
  0x000002ae9f5df800 JavaThread "Cache worker for cache directory md-rule (C:\Users\shahzaib lptp\AndroidStudioProjects\loginsqlite\caches\7.5\md-rule)" [_thread_blocked, id=5244, stack(0x000000dbba700000,0x000000dbba800000)]
  0x000002ae9f5e0000 JavaThread "Cache worker for file content cache (C:\Users\shahzaib lptp\AndroidStudioProjects\loginsqlite\caches\7.5\fileContent)" [_thread_blocked, id=10268, stack(0x000000dbba800000,0x000000dbba900000)]
  0x000002ae9f5e4000 JavaThread "Cache worker for file hash cache (C:\Users\shahzaib lptp\AndroidStudioProjects\EyeonwaterApp\.gradle\7.5\fileHashes)" [_thread_blocked, id=12308, stack(0x000000dbba900000,0x000000dbbaa00000)]
  0x000002ae9f5e2800 JavaThread "Cache worker for cache directory md-supplier (C:\Users\shahzaib lptp\AndroidStudioProjects\loginsqlite\caches\7.5\md-supplier)" [_thread_blocked, id=1496, stack(0x000000dbbaa00000,0x000000dbbab00000)]

Other Threads:
  0x000002ae9e95a800 VMThread "VM Thread" [stack: 0x000000dbb8500000,0x000000dbb8600000] [id=8744]
  0x000002ae9f43f800 WatcherThread [stack: 0x000000dbb8f00000,0x000000dbb9000000] [id=7516]
  0x000002ae82e2b800 GCTaskThread "GC Thread#0" [stack: 0x000000dbb8000000,0x000000dbb8100000] [id=5440]
  0x000002ae9f839000 GCTaskThread "GC Thread#1" [stack: 0x000000dbb9000000,0x000000dbb9100000] [id=9644]
  0x000002aea0191000 GCTaskThread "GC Thread#2" [stack: 0x000000dbb9200000,0x000000dbb9300000] [id=12052]
  0x000002aea049f000 GCTaskThread "GC Thread#3" [stack: 0x000000dbb9300000,0x000000dbb9400000] [id=3860]
  0x000002ae82e5e800 ConcurrentGCThread "G1 Main Marker" [stack: 0x000000dbb8100000,0x000000dbb8200000] [id=9700]
  0x000002ae82e60000 ConcurrentGCThread "G1 Conc#0" [stack: 0x000000dbb8200000,0x000000dbb8300000] [id=10396]
  0x000002ae82eb9000 ConcurrentGCThread "G1 Refine#0" [stack: 0x000000dbb8300000,0x000000dbb8400000] [id=9208]
  0x000002ae82eba000 ConcurrentGCThread "G1 Young RemSet Sampling" [stack: 0x000000dbb8400000,0x000000dbb8500000] [id=5268]

Threads with active compile tasks:
C2 CompilerThread0     6687 2616   !   4       java.net.URLClassLoader$1::run (81 bytes)

VM state:not at safepoint (normal execution)

VM Mutex/Monitor currently owned by a thread: None

Heap address: 0x0000000080000000, size: 2048 MB, Compressed Oops mode: 32-bit
Narrow klass base: 0x0000000000000000, Narrow klass shift: 3
Compressed class space size: 1073741824 Address: 0x0000000100000000

Heap:
 garbage-first heap   total 78848K, used 57528K [0x0000000080000000, 0x0000000100000000)
  region size 1024K, 7 young (7168K), 1 survivors (1024K)
 Metaspace       used 31209K, capacity 32098K, committed 32124K, reserved 1077248K
  class space    used 4171K, capacity 4533K, committed 4556K, reserved 1048576K
Heap Regions: E=young(eden), S=young(survivor), O=old, HS=humongous(starts), HC=humongous(continues), CS=collection set, F=free, A=archive, TAMS=top-at-mark-start (previous, next)
|   0|0x0000000080000000, 0x0000000080100000, 0x0000000080100000|100%|HS|  |TAMS 0x0000000080100000, 0x0000000080000000| Complete 
|   1|0x0000000080100000, 0x0000000080200000, 0x0000000080200000|100%|HC|  |TAMS 0x0000000080200000, 0x0000000080100000| Complete 
|   2|0x0000000080200000, 0x0000000080300000, 0x0000000080300000|100%|HC|  |TAMS 0x0000000080300000, 0x0000000080200000| Complete 
|   3|0x0000000080300000, 0x0000000080400000, 0x0000000080400000|100%| O|  |TAMS 0x0000000080400000, 0x0000000080300000| Untracked 
|   4|0x0000000080400000, 0x0000000080500000, 0x0000000080500000|100%| O|  |TAMS 0x0000000080500000, 0x0000000080400000| Untracked 
|   5|0x0000000080500000, 0x0000000080600000, 0x0000000080600000|100%| O|  |TAMS 0x0000000080600000, 0x0000000080500000| Untracked 
|   6|0x0000000080600000, 0x0000000080700000, 0x0000000080700000|100%| O|  |TAMS 0x0000000080700000, 0x0000000080600000| Untracked 
|   7|0x0000000080700000, 0x0000000080800000, 0x0000000080800000|100%| O|  |TAMS 0x0000000080800000, 0x0000000080700000| Untracked 
|   8|0x0000000080800000, 0x0000000080900000, 0x0000000080900000|100%| O|  |TAMS 0x0000000080900000, 0x0000000080800000| Untracked 
|   9|0x0000000080900000, 0x0000000080a00000, 0x0000000080a00000|100%| O|  |TAMS 0x0000000080a00000, 0x0000000080900000| Untracked 
|  10|0x0000000080a00000, 0x0000000080b00000, 0x0000000080b00000|100%| O|  |TAMS 0x0000000080b00000, 0x0000000080a00000| Untracked 
|  11|0x0000000080b00000, 0x0000000080c00000, 0x0000000080c00000|100%| O|  |TAMS 0x0000000080c00000, 0x0000000080b00000| Untracked 
|  12|0x0000000080c00000, 0x0000000080d00000, 0x0000000080d00000|100%| O|  |TAMS 0x0000000080d00000, 0x0000000080c00000| Untracked 
|  13|0x0000000080d00000, 0x0000000080e00000, 0x0000000080e00000|100%| O|  |TAMS 0x0000000080e00000, 0x0000000080d00000| Untracked 
|  14|0x0000000080e00000, 0x0000000080f00000, 0x0000000080f00000|100%| O|  |TAMS 0x0000000080f00000, 0x0000000080e00000| Untracked 
|  15|0x0000000080f00000, 0x0000000081000000, 0x0000000081000000|100%| O|  |TAMS 0x0000000081000000, 0x0000000080f00000| Untracked 
|  16|0x0000000081000000, 0x0000000081100000, 0x0000000081100000|100%|HS|  |TAMS 0x0000000081100000, 0x0000000081000000| Complete 
|  17|0x0000000081100000, 0x0000000081200000, 0x0000000081200000|100%|HC|  |TAMS 0x0000000081200000, 0x0000000081100000| Complete 
|  18|0x0000000081200000, 0x0000000081300000, 0x0000000081300000|100%|HS|  |TAMS 0x0000000081300000, 0x0000000081200000| Complete 
|  19|0x0000000081300000, 0x0000000081400000, 0x0000000081400000|100%|HC|  |TAMS 0x0000000081400000, 0x0000000081300000| Complete 
|  20|0x0000000081400000, 0x0000000081500000, 0x0000000081500000|100%|HC|  |TAMS 0x0000000081500000, 0x0000000081400000| Complete 
|  21|0x0000000081500000, 0x0000000081600000, 0x0000000081600000|100%| O|  |TAMS 0x0000000081600000, 0x0000000081500000| Untracked 
|  22|0x0000000081600000, 0x0000000081700000, 0x0000000081700000|100%|HS|  |TAMS 0x0000000081700000, 0x0000000081600000| Complete 
|  23|0x0000000081700000, 0x0000000081800000, 0x0000000081800000|100%|HC|  |TAMS 0x0000000081800000, 0x0000000081700000| Complete 
|  24|0x0000000081800000, 0x0000000081900000, 0x0000000081900000|100%|HC|  |TAMS 0x0000000081900000, 0x0000000081800000| Complete 
|  25|0x0000000081900000, 0x0000000081a00000, 0x0000000081a00000|100%|HS|  |TAMS 0x0000000081a00000, 0x0000000081900000| Complete 
|  26|0x0000000081a00000, 0x0000000081b00000, 0x0000000081b00000|100%|HC|  |TAMS 0x0000000081b00000, 0x0000000081a00000| Complete 
|  27|0x0000000081b00000, 0x0000000081c00000, 0x0000000081c00000|100%| O|  |TAMS 0x0000000081c00000, 0x0000000081b00000| Untracked 
|  28|0x0000000081c00000, 0x0000000081d00000, 0x0000000081d00000|100%|HS|  |TAMS 0x0000000081d00000, 0x0000000081c00000| Complete 
|  29|0x0000000081d00000, 0x0000000081e00000, 0x0000000081e00000|100%|HC|  |TAMS 0x0000000081e00000, 0x0000000081d00000| Complete 
|  30|0x0000000081e00000, 0x0000000081f00000, 0x0000000081f00000|100%|HC|  |TAMS 0x0000000081f00000, 0x0000000081e00000| Complete 
|  31|0x0000000081f00000, 0x0000000082000000, 0x0000000082000000|100%|HC|  |TAMS 0x0000000082000000, 0x0000000081f00000| Complete 
|  32|0x0000000082000000, 0x0000000082100000, 0x0000000082100000|100%|HC|  |TAMS 0x0000000082100000, 0x0000000082000000| Complete 
|  33|0x0000000082100000, 0x0000000082200000, 0x0000000082200000|100%|HC|  |TAMS 0x0000000082200000, 0x0000000082100000| Complete 
|  34|0x0000000082200000, 0x0000000082300000, 0x0000000082300000|100%|HC|  |TAMS 0x0000000082300000, 0x0000000082200000| Complete 
|  35|0x0000000082300000, 0x0000000082400000, 0x0000000082400000|100%|HC|  |TAMS 0x0000000082400000, 0x0000000082300000| Complete 
|  36|0x0000000082400000, 0x0000000082500000, 0x0000000082500000|100%|HC|  |TAMS 0x0000000082500000, 0x0000000082400000| Complete 
|  37|0x0000000082500000, 0x0000000082600000, 0x0000000082600000|100%|HC|  |TAMS 0x0000000082600000, 0x0000000082500000| Complete 
|  38|0x0000000082600000, 0x0000000082700000, 0x0000000082700000|100%|HS|  |TAMS 0x0000000082700000, 0x0000000082600000| Complete 
|  39|0x0000000082700000, 0x0000000082800000, 0x0000000082800000|100%|HC|  |TAMS 0x0000000082800000, 0x0000000082700000| Complete 
|  40|0x0000000082800000, 0x0000000082900000, 0x0000000082900000|100%| O|  |TAMS 0x0000000082900000, 0x0000000082800000| Untracked 
|  41|0x0000000082900000, 0x0000000082a00000, 0x0000000082a00000|100%| O|  |TAMS 0x0000000082a00000, 0x0000000082900000| Untracked 
|  42|0x0000000082a00000, 0x0000000082b00000, 0x0000000082b00000|100%| O|  |TAMS 0x0000000082b00000, 0x0000000082a00000| Untracked 
|  43|0x0000000082b00000, 0x0000000082c00000, 0x0000000082c00000|100%|HS|  |TAMS 0x0000000082c00000, 0x0000000082b00000| Complete 
|  44|0x0000000082c00000, 0x0000000082d00000, 0x0000000082d00000|100%|HC|  |TAMS 0x0000000082d00000, 0x0000000082c00000| Complete 
|  45|0x0000000082d00000, 0x0000000082e00000, 0x0000000082e00000|100%|HC|  |TAMS 0x0000000082e00000, 0x0000000082d00000| Complete 
|  46|0x0000000082e00000, 0x0000000082f00000, 0x0000000082f00000|100%|HC|  |TAMS 0x0000000082f00000, 0x0000000082e00000| Complete 
|  47|0x0000000082f00000, 0x0000000083000000, 0x0000000083000000|100%|HC|  |TAMS 0x0000000083000000, 0x0000000082f00000| Complete 
|  48|0x0000000083000000, 0x0000000083100000, 0x0000000083100000|100%| O|  |TAMS 0x0000000083100000, 0x0000000083000000| Untracked 
|  49|0x0000000083100000, 0x0000000083200000, 0x0000000083200000|100%| O|  |TAMS 0x000000008312ee00, 0x0000000083100000| Untracked 
|  50|0x0000000083200000, 0x0000000083280c00, 0x0000000083300000| 50%| O|  |TAMS 0x0000000083200000, 0x0000000083200000| Untracked 
|  51|0x0000000083300000, 0x0000000083300000, 0x0000000083400000|  0%| F|  |TAMS 0x0000000083300000, 0x0000000083300000| Untracked 
|  52|0x0000000083400000, 0x0000000083400000, 0x0000000083500000|  0%| F|  |TAMS 0x0000000083400000, 0x0000000083400000| Untracked 
|  53|0x0000000083500000, 0x0000000083500000, 0x0000000083600000|  0%| F|  |TAMS 0x0000000083500000, 0x0000000083500000| Untracked 
|  54|0x0000000083600000, 0x0000000083600000, 0x0000000083700000|  0%| F|  |TAMS 0x0000000083600000, 0x0000000083600000| Untracked 
|  55|0x0000000083700000, 0x0000000083700000, 0x0000000083800000|  0%| F|  |TAMS 0x0000000083700000, 0x0000000083700000| Untracked 
|  56|0x0000000083800000, 0x0000000083800000, 0x0000000083900000|  0%| F|  |TAMS 0x0000000083800000, 0x0000000083800000| Untracked 
|  57|0x0000000083900000, 0x0000000083900000, 0x0000000083a00000|  0%| F|  |TAMS 0x0000000083900000, 0x0000000083900000| Untracked 
|  58|0x0000000083a00000, 0x0000000083a00000, 0x0000000083b00000|  0%| F|  |TAMS 0x0000000083a00000, 0x0000000083a00000| Untracked 
|  59|0x0000000083b00000, 0x0000000083b00000, 0x0000000083c00000|  0%| F|  |TAMS 0x0000000083b00000, 0x0000000083b00000| Untracked 
|  60|0x0000000083c00000, 0x0000000083c00000, 0x0000000083d00000|  0%| F|  |TAMS 0x0000000083c00000, 0x0000000083c00000| Untracked 
|  61|0x0000000083d00000, 0x0000000083d00000, 0x0000000083e00000|  0%| F|  |TAMS 0x0000000083d00000, 0x0000000083d00000| Untracked 
|  62|0x0000000083e00000, 0x0000000083ead780, 0x0000000083f00000| 67%| S|CS|TAMS 0x0000000083e00000, 0x0000000083e00000| Complete 
|  63|0x0000000083f00000, 0x0000000083f00000, 0x0000000084000000|  0%| F|  |TAMS 0x0000000083f00000, 0x0000000083f00000| Untracked 
|  64|0x0000000084000000, 0x0000000084000000, 0x0000000084100000|  0%| F|  |TAMS 0x0000000084000000, 0x0000000084000000| Untracked 
|  65|0x0000000084100000, 0x0000000084100000, 0x0000000084200000|  0%| F|  |TAMS 0x0000000084100000, 0x0000000084100000| Untracked 
|  66|0x0000000084200000, 0x0000000084200000, 0x0000000084300000|  0%| F|  |TAMS 0x0000000084200000, 0x0000000084200000| Untracked 
|  67|0x0000000084300000, 0x0000000084300000, 0x0000000084400000|  0%| F|  |TAMS 0x0000000084300000, 0x0000000084300000| Untracked 
|  68|0x0000000084400000, 0x0000000084400000, 0x0000000084500000|  0%| F|  |TAMS 0x0000000084400000, 0x0000000084400000| Untracked 
|  69|0x0000000084500000, 0x0000000084500000, 0x0000000084600000|  0%| F|  |TAMS 0x0000000084500000, 0x0000000084500000| Untracked 
|  70|0x0000000084600000, 0x0000000084600000, 0x0000000084700000|  0%| F|  |TAMS 0x0000000084600000, 0x0000000084600000| Untracked 
|  71|0x0000000084700000, 0x00000000847ffea0, 0x0000000084800000| 99%| E|  |TAMS 0x0000000084700000, 0x0000000084700000| Complete 
|  72|0x0000000084800000, 0x0000000084900000, 0x0000000084900000|100%| E|CS|TAMS 0x0000000084800000, 0x0000000084800000| Complete 
|  73|0x0000000084900000, 0x0000000084a00000, 0x0000000084a00000|100%| E|CS|TAMS 0x0000000084900000, 0x0000000084900000| Complete 
|  74|0x0000000084a00000, 0x0000000084b00000, 0x0000000084b00000|100%| E|CS|TAMS 0x0000000084a00000, 0x0000000084a00000| Complete 
|  75|0x0000000084b00000, 0x0000000084c00000, 0x0000000084c00000|100%| E|CS|TAMS 0x0000000084b00000, 0x0000000084b00000| Complete 
|  76|0x0000000084c00000, 0x0000000084d00000, 0x0000000084d00000|100%| E|CS|TAMS 0x0000000084c00000, 0x0000000084c00000| Complete 

Card table byte_map: [0x000002ae97b50000,0x000002ae97f50000] _byte_map_base: 0x000002ae97750000

Marking Bits (Prev, Next): (CMBitMap*) 0x000002ae82e54d18, (CMBitMap*) 0x000002ae82e54d50
 Prev Bits: [0x000002ae98350000, 0x000002ae9a350000)
 Next Bits: [0x000002ae9a350000, 0x000002ae9c350000)

Polling page: 0x000002ae82c80000

Metaspace:

Usage:
  Non-class:     26.98 MB capacity,    26.41 MB ( 98%) used,   510.12 KB (  2%) free+waste,    76.25 KB ( <1%) overhead. 
      Class:      4.43 MB capacity,     4.07 MB ( 92%) used,   322.57 KB (  7%) free+waste,    38.88 KB ( <1%) overhead. 
       Both:     31.41 MB capacity,    30.48 MB ( 97%) used,   832.70 KB (  3%) free+waste,   115.12 KB ( <1%) overhead. 

Virtual space:
  Non-class space:       28.00 MB reserved,      27.17 MB ( 97%) committed 
      Class space:        1.00 GB reserved,       4.45 MB ( <1%) committed 
             Both:        1.03 GB reserved,      31.62 MB (  3%) committed 

Chunk freelists:
   Non-Class:  3.00 KB
       Class:  11.00 KB
        Both:  14.00 KB

MaxMetaspaceSize: 17179869184.00 GB
CompressedClassSpaceSize: 1.00 GB
Initial GC threshold: 20.80 MB
Current GC threshold: 50.20 MB
CDS: off

CodeHeap 'non-profiled nmethods': size=120064Kb used=1252Kb max_used=1252Kb free=118811Kb
 bounds [0x000002ae8fbe0000, 0x000002ae8fe50000, 0x000002ae97120000]
CodeHeap 'profiled nmethods': size=120000Kb used=5915Kb max_used=5915Kb free=114084Kb
 bounds [0x000002ae886b0000, 0x000002ae88c80000, 0x000002ae8fbe0000]
CodeHeap 'non-nmethods': size=5696Kb used=1234Kb max_used=1265Kb free=4461Kb
 bounds [0x000002ae88120000, 0x000002ae88390000, 0x000002ae886b0000]
 total_blobs=3225 nmethods=2711 adapters=426
 compilation: enabled
              stopped_count=0, restarted_count=0
 full_count=0

Compilation events (20 events):
Event: 6.588 Thread 0x000002ae9e9de800 2709       3       org.gradle.util.internal.DefaultGradleVersion::compareTo (9 bytes)
Event: 6.588 Thread 0x000002ae9e9de800 nmethod 2709 0x000002ae88c6ab90 code [0x000002ae88c6ad60, 0x000002ae88c6af88]
Event: 6.592 Thread 0x000002ae9e9de800 2711       3       jdk.internal.org.objectweb.asm.FieldWriter::visitEnd (1 bytes)
Event: 6.593 Thread 0x000002ae9e9de800 nmethod 2711 0x000002ae88c6b090 code [0x000002ae88c6b240, 0x000002ae88c6b338]
Event: 6.593 Thread 0x000002ae9e9de800 2712       3       jdk.internal.org.objectweb.asm.FieldVisitor::<init> (35 bytes)
Event: 6.593 Thread 0x000002ae9e9de800 nmethod 2712 0x000002ae88c6b410 code [0x000002ae88c6b5e0, 0x000002ae88c6b8c8]
Event: 6.605 Thread 0x000002ae9e9de800 2714       3       com.google.common.cache.LocalCache::usesAccessQueue (20 bytes)
Event: 6.606 Thread 0x000002ae9e9de800 nmethod 2714 0x000002ae88c6ba10 code [0x000002ae88c6bbe0, 0x000002ae88c6bf18]
Event: 6.616 Thread 0x000002ae9e9de800 2715       3       java.lang.invoke.LambdaForm$NamedFunction::<init> (82 bytes)
Event: 6.616 Thread 0x000002ae9e9de800 nmethod 2715 0x000002ae88c6c010 code [0x000002ae88c6c1e0, 0x000002ae88c6c458]
Event: 6.616 Thread 0x000002ae9e9de800 2716       3       java.lang.invoke.InfoFromMemberName::getDeclaringClass (8 bytes)
Event: 6.617 Thread 0x000002ae9e9de800 nmethod 2716 0x000002ae88c6c510 code [0x000002ae88c6c6c0, 0x000002ae88c6c7d8]
Event: 6.617 Thread 0x000002ae9e9de800 2717       3       java.lang.invoke.ClassSpecializer$SpeciesData::fieldCount (10 bytes)
Event: 6.617 Thread 0x000002ae9e9de800 nmethod 2717 0x000002ae88c6c890 code [0x000002ae88c6ca40, 0x000002ae88c6cc08]
Event: 6.621 Thread 0x000002ae9e9de800 2718       3       java.lang.reflect.ProxyGenerator$MethodInfo::<init> (86 bytes)
Event: 6.622 Thread 0x000002ae9e9de800 nmethod 2718 0x000002ae88c6cd10 code [0x000002ae88c6cfc0, 0x000002ae88c6dba8]
Event: 6.622 Thread 0x000002ae9e9de800 2719       3       java.lang.reflect.ProxyGenerator::codeClassForName (41 bytes)
Event: 6.624 Thread 0x000002ae9e9de800 nmethod 2719 0x000002ae88c6e090 code [0x000002ae88c6e400, 0x000002ae88c6f7d8]
Event: 6.624 Thread 0x000002ae9e9de800 2720       3       java.lang.reflect.ProxyGenerator::code_astore (11 bytes)
Event: 6.625 Thread 0x000002ae9e9de800 nmethod 2720 0x000002ae88c70090 code [0x000002ae88c70240, 0x000002ae88c70388]

GC Heap History (20 events):
Event: 3.153 GC heap before
{Heap before GC invocations=2 (full 0):
 garbage-first heap   total 65536K, used 42574K [0x0000000080000000, 0x0000000100000000)
  region size 1024K, 37 young (37888K), 5 survivors (5120K)
 Metaspace       used 14573K, capacity 14937K, committed 15104K, reserved 1062912K
  class space    used 1627K, capacity 1750K, committed 1792K, reserved 1048576K
}
Event: 3.164 GC heap after
{Heap after GC invocations=3 (full 0):
 garbage-first heap   total 65536K, used 15516K [0x0000000080000000, 0x0000000100000000)
  region size 1024K, 5 young (5120K), 5 survivors (5120K)
 Metaspace       used 14573K, capacity 14937K, committed 15104K, reserved 1062912K
  class space    used 1627K, capacity 1750K, committed 1792K, reserved 1048576K
}
Event: 4.465 GC heap before
{Heap before GC invocations=3 (full 0):
 garbage-first heap   total 65536K, used 44188K [0x0000000080000000, 0x0000000100000000)
  region size 1024K, 34 young (34816K), 5 survivors (5120K)
 Metaspace       used 20119K, capacity 20531K, committed 20736K, reserved 1067008K
  class space    used 2377K, capacity 2500K, committed 2560K, reserved 1048576K
}
Event: 4.475 GC heap after
{Heap after GC invocations=4 (full 0):
 garbage-first heap   total 65536K, used 17294K [0x0000000080000000, 0x0000000100000000)
  region size 1024K, 2 young (2048K), 2 survivors (2048K)
 Metaspace       used 20119K, capacity 20531K, committed 20736K, reserved 1067008K
  class space    used 2377K, capacity 2500K, committed 2560K, reserved 1048576K
}
Event: 4.594 GC heap before
{Heap before GC invocations=4 (full 0):
 garbage-first heap   total 65536K, used 27534K [0x0000000080000000, 0x0000000100000000)
  region size 1024K, 13 young (13312K), 2 survivors (2048K)
 Metaspace       used 20828K, capacity 21218K, committed 21296K, reserved 1069056K
  class space    used 2513K, capacity 2665K, committed 2688K, reserved 1048576K
}
Event: 4.598 GC heap after
{Heap after GC invocations=5 (full 0):
 garbage-first heap   total 78848K, used 17416K [0x0000000080000000, 0x0000000100000000)
  region size 1024K, 2 young (2048K), 2 survivors (2048K)
 Metaspace       used 20828K, capacity 21218K, committed 21296K, reserved 1069056K
  class space    used 2513K, capacity 2665K, committed 2688K, reserved 1048576K
}
Event: 5.103 GC heap before
{Heap before GC invocations=6 (full 0):
 garbage-first heap   total 78848K, used 49160K [0x0000000080000000, 0x0000000100000000)
  region size 1024K, 33 young (33792K), 2 survivors (2048K)
 Metaspace       used 23971K, capacity 24480K, committed 24700K, reserved 1071104K
  class space    used 3014K, capacity 3224K, committed 3276K, reserved 1048576K
}
Event: 5.109 GC heap after
{Heap after GC invocations=7 (full 0):
 garbage-first heap   total 78848K, used 18614K [0x0000000080000000, 0x0000000100000000)
  region size 1024K, 4 young (4096K), 4 survivors (4096K)
 Metaspace       used 23971K, capacity 24480K, committed 24700K, reserved 1071104K
  class space    used 3014K, capacity 3224K, committed 3276K, reserved 1048576K
}
Event: 5.839 GC heap before
{Heap before GC invocations=7 (full 0):
 garbage-first heap   total 78848K, used 55478K [0x0000000080000000, 0x0000000100000000)
  region size 1024K, 35 young (35840K), 4 survivors (4096K)
 Metaspace       used 27486K, capacity 28289K, committed 28412K, reserved 1073152K
  class space    used 3602K, capacity 3904K, committed 3916K, reserved 1048576K
}
Event: 5.847 GC heap after
{Heap after GC invocations=8 (full 0):
 garbage-first heap   total 78848K, used 25789K [0x0000000080000000, 0x0000000100000000)
  region size 1024K, 4 young (4096K), 4 survivors (4096K)
 Metaspace       used 27486K, capacity 28289K, committed 28412K, reserved 1073152K
  class space    used 3602K, capacity 3904K, committed 3916K, reserved 1048576K
}
Event: 5.933 GC heap before
{Heap before GC invocations=8 (full 0):
 garbage-first heap   total 78848K, used 31933K [0x0000000080000000, 0x0000000100000000)
  region size 1024K, 7 young (7168K), 4 survivors (4096K)
 Metaspace       used 27581K, capacity 28389K, committed 28412K, reserved 1073152K
  class space    used 3616K, capacity 3910K, committed 3916K, reserved 1048576K
}
Event: 5.941 GC heap after
{Heap after GC invocations=9 (full 0):
 garbage-first heap   total 78848K, used 33148K [0x0000000080000000, 0x0000000100000000)
  region size 1024K, 5 young (5120K), 5 survivors (5120K)
 Metaspace       used 27581K, capacity 28389K, committed 28412K, reserved 1073152K
  class space    used 3616K, capacity 3910K, committed 3916K, reserved 1048576K
}
Event: 5.999 GC heap before
{Heap before GC invocations=10 (full 0):
 garbage-first heap   total 78848K, used 45436K [0x0000000080000000, 0x0000000100000000)
  region size 1024K, 6 young (6144K), 5 survivors (5120K)
 Metaspace       used 27581K, capacity 28389K, committed 28412K, reserved 1073152K
  class space    used 3616K, capacity 3910K, committed 3916K, reserved 1048576K
}
Event: 6.003 GC heap after
{Heap after GC invocations=11 (full 0):
 garbage-first heap   total 78848K, used 45579K [0x0000000080000000, 0x0000000100000000)
  region size 1024K, 3 young (3072K), 3 survivors (3072K)
 Metaspace       used 27581K, capacity 28389K, committed 28412K, reserved 1073152K
  class space    used 3616K, capacity 3910K, committed 3916K, reserved 1048576K
}
Event: 6.252 GC heap before
{Heap before GC invocations=12 (full 0):
 garbage-first heap   total 78848K, used 66059K [0x0000000080000000, 0x0000000100000000)
  region size 1024K, 18 young (18432K), 3 survivors (3072K)
 Metaspace       used 28836K, capacity 29699K, committed 29948K, reserved 1075200K
  class space    used 3793K, capacity 4135K, committed 4172K, reserved 1048576K
}
Event: 6.255 GC heap after
{Heap after GC invocations=13 (full 0):
 garbage-first heap   total 78848K, used 51181K [0x0000000080000000, 0x0000000100000000)
  region size 1024K, 2 young (2048K), 2 survivors (2048K)
 Metaspace       used 28836K, capacity 29699K, committed 29948K, reserved 1075200K
  class space    used 3793K, capacity 4135K, committed 4172K, reserved 1048576K
}
Event: 6.380 GC heap before
{Heap before GC invocations=13 (full 0):
 garbage-first heap   total 78848K, used 63469K [0x0000000080000000, 0x0000000100000000)
  region size 1024K, 14 young (14336K), 2 survivors (2048K)
 Metaspace       used 29613K, capacity 30489K, committed 30588K, reserved 1075200K
  class space    used 3922K, capacity 4250K, committed 4300K, reserved 1048576K
}
Event: 6.383 GC heap after
{Heap after GC invocations=14 (full 0):
 garbage-first heap   total 78848K, used 51584K [0x0000000080000000, 0x0000000100000000)
  region size 1024K, 2 young (2048K), 2 survivors (2048K)
 Metaspace       used 29613K, capacity 30489K, committed 30588K, reserved 1075200K
  class space    used 3922K, capacity 4250K, committed 4300K, reserved 1048576K
}
Event: 6.608 GC heap before
{Heap before GC invocations=15 (full 0):
 garbage-first heap   total 78848K, used 63872K [0x0000000080000000, 0x0000000100000000)
  region size 1024K, 14 young (14336K), 2 survivors (2048K)
 Metaspace       used 30798K, capacity 31661K, committed 31868K, reserved 1077248K
  class space    used 4108K, capacity 4429K, committed 4556K, reserved 1048576K
}
Event: 6.612 GC heap after
{Heap after GC invocations=16 (full 0):
 garbage-first heap   total 78848K, used 52408K [0x0000000080000000, 0x0000000100000000)
  region size 1024K, 1 young (1024K), 1 survivors (1024K)
 Metaspace       used 30798K, capacity 31661K, committed 31868K, reserved 1077248K
  class space    used 4108K, capacity 4429K, committed 4556K, reserved 1048576K
}

Deoptimization events (20 events):
Event: 5.877 Thread 0x000002aea0aef800 DEOPT PACKING pc=0x000002ae88aa545a sp=0x000000dbb99f4410
Event: 5.877 Thread 0x000002aea0aef800 DEOPT UNPACKING pc=0x000002ae8816a95e sp=0x000000dbb99f38a8 mode 0
Event: 5.894 Thread 0x000002aea0aef800 DEOPT PACKING pc=0x000002ae88a024c9 sp=0x000000dbb99f8b40
Event: 5.894 Thread 0x000002aea0aef800 DEOPT UNPACKING pc=0x000002ae8816a95e sp=0x000000dbb99f7fb8 mode 0
Event: 5.919 Thread 0x000002aea0aef800 DEOPT PACKING pc=0x000002ae88aa545a sp=0x000000dbb99f5480
Event: 5.919 Thread 0x000002aea0aef800 DEOPT UNPACKING pc=0x000002ae8816a95e sp=0x000000dbb99f4918 mode 0
Event: 5.933 Thread 0x000002aea0aef800 DEOPT PACKING pc=0x000002ae887879fa sp=0x000000dbb99f57f0
Event: 5.933 Thread 0x000002aea0aef800 DEOPT UNPACKING pc=0x000002ae8816a95e sp=0x000000dbb99f4dd8 mode 0
Event: 6.033 Thread 0x000002aea0aef800 DEOPT PACKING pc=0x000002ae88a024c9 sp=0x000000dbb99f9ac0
Event: 6.033 Thread 0x000002aea0aef800 DEOPT UNPACKING pc=0x000002ae8816a95e sp=0x000000dbb99f8f38 mode 0
Event: 6.344 Thread 0x000002aea0aef800 DEOPT PACKING pc=0x000002ae88af1e79 sp=0x000000dbb99f7b50
Event: 6.344 Thread 0x000002aea0aef800 DEOPT UNPACKING pc=0x000002ae8816a95e sp=0x000000dbb99f7098 mode 0
Event: 6.522 Thread 0x000002aea0aef800 Uncommon trap: trap_request=0xffffff4d fr.pc=0x000002ae8fcaac58 relative=0x0000000000000218
Event: 6.522 Thread 0x000002aea0aef800 Uncommon trap: reason=unstable_if action=reinterpret pc=0x000002ae8fcaac58 method=java.util.HashMap.hash(Ljava/lang/Object;)I @ 1 c2
Event: 6.522 Thread 0x000002aea0aef800 DEOPT PACKING pc=0x000002ae8fcaac58 sp=0x000000dbb99f79e0
Event: 6.522 Thread 0x000002aea0aef800 DEOPT UNPACKING pc=0x000002ae8816a1af sp=0x000000dbb99f7918 mode 2
Event: 6.522 Thread 0x000002aea0aef800 Uncommon trap: trap_request=0xffffff4d fr.pc=0x000002ae8fcb9d2c relative=0x000000000000008c
Event: 6.522 Thread 0x000002aea0aef800 Uncommon trap: reason=unstable_if action=reinterpret pc=0x000002ae8fcb9d2c method=java.util.HashMap.hash(Ljava/lang/Object;)I @ 1 c2
Event: 6.522 Thread 0x000002aea0aef800 DEOPT PACKING pc=0x000002ae8fcb9d2c sp=0x000000dbb99f7750
Event: 6.522 Thread 0x000002aea0aef800 DEOPT UNPACKING pc=0x000002ae8816a1af sp=0x000000dbb99f76e8 mode 2

Classes redefined (0 events):
No events

Internal exceptions (20 events):
Event: 6.086 Thread 0x000002aea0aef800 Exception <a 'java/lang/NoSuchMethodError'{0x00000000848d4298}: <clinit>> (0x00000000848d4298) thrown at [src/hotspot/share/prims/jni.cpp, line 1367]
Event: 6.087 Thread 0x000002aea0aef800 Exception <a 'java/lang/NoSuchMethodError'{0x00000000848de688}: <clinit>> (0x00000000848de688) thrown at [src/hotspot/share/prims/jni.cpp, line 1367]
Event: 6.087 Thread 0x000002aea0aef800 Exception <a 'java/lang/NoSuchMethodError'{0x00000000848e8400}: <clinit>> (0x00000000848e8400) thrown at [src/hotspot/share/prims/jni.cpp, line 1367]
Event: 6.096 Thread 0x000002aea0aef800 Exception <a 'java/lang/NoSuchMethodError'{0x00000000847971f0}: <clinit>> (0x00000000847971f0) thrown at [src/hotspot/share/prims/jni.cpp, line 1367]
Event: 6.096 Thread 0x000002aea0aef800 Exception <a 'java/lang/NoSuchMethodError'{0x0000000084799c28}: <clinit>> (0x0000000084799c28) thrown at [src/hotspot/share/prims/jni.cpp, line 1367]
Event: 6.096 Thread 0x000002aea0aef800 Exception <a 'java/lang/NoSuchMethodError'{0x000000008479b230}: <clinit>> (0x000000008479b230) thrown at [src/hotspot/share/prims/jni.cpp, line 1367]
Event: 6.097 Thread 0x000002aea0aef800 Exception <a 'java/lang/NoSuchMethodError'{0x000000008479c7c8}: <clinit>> (0x000000008479c7c8) thrown at [src/hotspot/share/prims/jni.cpp, line 1367]
Event: 6.097 Thread 0x000002aea0aef800 Exception <a 'java/lang/NoSuchMethodError'{0x000000008479df28}: <clinit>> (0x000000008479df28) thrown at [src/hotspot/share/prims/jni.cpp, line 1367]
Event: 6.097 Thread 0x000002aea0aef800 Exception <a 'java/lang/NoSuchMethodError'{0x000000008479f5c0}: <clinit>> (0x000000008479f5c0) thrown at [src/hotspot/share/prims/jni.cpp, line 1367]
Event: 6.097 Thread 0x000002aea0aef800 Exception <a 'java/lang/NoSuchMethodError'{0x00000000847a0850}: <clinit>> (0x00000000847a0850) thrown at [src/hotspot/share/prims/jni.cpp, line 1367]
Event: 6.134 Thread 0x000002aea0aef800 Exception <a 'java/lang/NoSuchMethodError'{0x00000000843107d8}: 'java.lang.Object java.lang.invoke.Invokers$Holder.linkToTargetMethod(java.lang.Object, int, java.lang.Object)'> (0x00000000843107d8) thrown at [src/hotspot/share/interpreter/linkResolver.cpp, line 773]
Event: 6.366 Thread 0x000002aea0aef800 Exception <a 'java/lang/NoSuchMethodError'{0x0000000084266cb8}: 'java.lang.Object java.lang.invoke.DirectMethodHandle$Holder.invokeSpecialIFC(java.lang.Object, java.lang.Object, java.lang.Object, java.lang.Object)'> (0x0000000084266cb8) thrown at [src/hotspot/share/interpreter/linkResolver.cpp, line 773]
Event: 6.522 Thread 0x000002aea0aef800 Implicit null exception at 0x000002ae8fcaaa75 to 0x000002ae8fcaac48
Event: 6.522 Thread 0x000002aea0aef800 Implicit null exception at 0x000002ae8fcb9caf to 0x000002ae8fcb9d1d
Event: 6.582 Thread 0x000002aea0aef800 Exception <a 'java/lang/NoSuchMethodError'{0x0000000084263210}: 'java.lang.Object java.lang.invoke.DirectMethodHandle$Holder.invokeSpecial(java.lang.Object, java.lang.Object, java.lang.Object, java.lang.Object, java.lang.Object, java.lang.Object, java.lang.Object, java.lang.Object, java.lang.Object, java.lang.Object, java.lang.Object, java.lang.Object, java.lang.Object)'> (0x0000000084263210) thrown at [src/hotspot/share/interpreter/linkResolver.cpp, line 773]
Event: 6.583 Thread 0x000002aea0aef800 Exception <a 'java/lang/NoSuchMethodError'{0x0000000084274580}: 'java.lang.Object java.lang.invoke.DirectMethodHandle$Holder.invokeSpecial(java.lang.Object, java.lang.Object, java.lang.Object, java.lang.Object, java.lang.Object, java.lang.Object, java.lang.Object, java.lang.Object, java.lang.Object, java.lang.Object, java.lang.Object, java.lang.Object)'> (0x0000000084274580) thrown at [src/hotspot/share/interpreter/linkResolver.cpp, line 773]
Event: 6.584 Thread 0x000002aea0aef800 Exception <a 'java/lang/NoSuchMethodError'{0x0000000084279950}: 'java.lang.Object java.lang.invoke.Invokers$Holder.linkToTargetMethod(java.lang.Object, java.lang.Object, java.lang.Object, java.lang.Object, java.lang.Object, java.lang.Object, java.lang.Object, java.lang.Object, java.lang.Object, java.lang.Object, java.lang.Object)'> (0x0000000084279950) thrown at [src/hotspot/share/interpreter/linkResolver.cpp, line 773]
Event: 6.592 Thread 0x000002aea0aef800 Exception <a 'java/lang/NoSuchMethodError'{0x0000000084123c58}: 'java.lang.Object java.lang.invoke.DirectMethodHandle$Holder.invokeSpecial(java.lang.Object, java.lang.Object, java.lang.Object, java.lang.Object, java.lang.Object, java.lang.Object, java.lang.Object, java.lang.Object, java.lang.Object, java.lang.Object, java.lang.Object, java.lang.Object, java.lang.Object, java.lang.Object)'> (0x0000000084123c58) thrown at [src/hotspot/share/interpreter/linkResolver.cpp, line 773]
Event: 6.593 Thread 0x000002aea0aef800 Exception <a 'java/lang/NoSuchMethodError'{0x0000000084135578}: 'java.lang.Object java.lang.invoke.Invokers$Holder.linkToTargetMethod(java.lang.Object, java.lang.Object, java.lang.Object, java.lang.Object, java.lang.Object, java.lang.Object, java.lang.Object, java.lang.Object, java.lang.Object, java.lang.Object, java.lang.Object, java.lang.Object)'> (0x0000000084135578) thrown at [src/hotspot/share/interpreter/linkResolver.cpp, line 773]
Event: 6.616 Thread 0x000002aea0aef800 Exception <a 'java/lang/NoSuchMethodError'{0x0000000084c3c2d0}: 'java.lang.Object java.lang.invoke.DirectMethodHandle$Holder.invokeStaticInit(java.lang.Object, java.lang.Object, java.lang.Object, java.lang.Object)'> (0x0000000084c3c2d0) thrown at [src/hotspot/share/interpreter/linkResolver.cpp, line 773]

Events (20 events):
Event: 6.635 loading class org/gradle/api/internal/artifacts/ivyservice/resolveengine/excludes/factories/LoggingExcludeFactory done
Event: 6.637 loading class org/gradle/api/internal/artifacts/ivyservice/resolveengine/excludes/simple/DefaultExcludeNothing
Event: 6.637 loading class org/gradle/api/internal/artifacts/ivyservice/resolveengine/excludes/simple/DefaultExcludeNothing done
Event: 6.637 loading class org/gradle/api/internal/artifacts/ivyservice/resolveengine/excludes/specs/ExcludeNothing
Event: 6.637 loading class org/gradle/api/internal/artifacts/ivyservice/resolveengine/excludes/specs/ExcludeNothing done
Event: 6.638 loading class org/gradle/api/artifacts/ComponentMetadata
Event: 6.638 loading class org/gradle/api/artifacts/ComponentMetadata done
Event: 6.639 loading class org/gradle/api/internal/artifacts/DependencyManagementBuildScopeServices$1
Event: 6.639 loading class org/gradle/api/internal/artifacts/DependencyManagementBuildScopeServices$1 done
Event: 6.640 loading class org/gradle/api/artifacts/ModuleVersionIdentifier
Event: 6.640 loading class org/gradle/api/artifacts/ModuleVersionIdentifier done
Event: 6.640 loading class org/gradle/api/Transformer
Event: 6.640 loading class org/gradle/api/Transformer done
Event: 6.640 loading class org/gradle/api/internal/artifacts/configurations/dynamicversion/CachePolicy
Event: 6.640 loading class org/gradle/api/internal/artifacts/configurations/dynamicversion/CachePolicy done
Event: 6.640 loading class org/gradle/util/internal/BuildCommencedTimeProvider
Event: 6.640 loading class org/gradle/util/internal/BuildCommencedTimeProvider done
Event: 6.640 loading class org/gradle/util/internal/BuildCommencedTimeProvider
Event: 6.640 loading class org/gradle/util/internal/BuildCommencedTimeProvider done
Event: 6.642 Thread 0x000002ae9f5e2800 Thread added: 0x000002ae9f5e2800


Dynamic libraries:
0x00007ff7a2750000 - 0x00007ff7a275a000 	C:\Program Files\Android\Android Studio\jbr\bin\java.exe
0x00007ff9446d0000 - 0x00007ff9448c8000 	C:\WINDOWS\SYSTEM32\ntdll.dll
0x00007ff944120000 - 0x00007ff9441df000 	C:\WINDOWS\System32\KERNEL32.DLL
0x00007ff9423d0000 - 0x00007ff9426aa000 	C:\WINDOWS\System32\KERNELBASE.dll
0x00007ff942110000 - 0x00007ff942210000 	C:\WINDOWS\System32\ucrtbase.dll
0x00007ff909bc0000 - 0x00007ff909bd7000 	C:\Program Files\Android\Android Studio\jbr\bin\jli.dll
0x00007ff9443f0000 - 0x00007ff94458d000 	C:\WINDOWS\System32\USER32.dll
0x00007ff9426b0000 - 0x00007ff9426d2000 	C:\WINDOWS\System32\win32u.dll
0x00007ff943820000 - 0x00007ff94384b000 	C:\WINDOWS\System32\GDI32.dll
0x00007ff9422c0000 - 0x00007ff9423d0000 	C:\WINDOWS\System32\gdi32full.dll
0x00007ff942070000 - 0x00007ff94210d000 	C:\WINDOWS\System32\msvcp_win.dll
0x00007ff93c780000 - 0x00007ff93c79b000 	C:\Program Files\Android\Android Studio\jbr\bin\VCRUNTIME140.dll
0x00007ff928ab0000 - 0x00007ff928d4a000 	C:\WINDOWS\WinSxS\amd64_microsoft.windows.common-controls_6595b64144ccf1df_6.0.19041.1110_none_60b5254171f9507e\COMCTL32.dll
0x00007ff9445f0000 - 0x00007ff94468e000 	C:\WINDOWS\System32\msvcrt.dll
0x00007ff9431e0000 - 0x00007ff943210000 	C:\WINDOWS\System32\IMM32.DLL
0x00007ff93ef30000 - 0x00007ff93ef3c000 	C:\Program Files\Android\Android Studio\jbr\bin\vcruntime140_1.dll
0x00007ff92f9f0000 - 0x00007ff92fa7d000 	C:\Program Files\Android\Android Studio\jbr\bin\msvcp140.dll
0x00007ff8f9b70000 - 0x00007ff8fa72c000 	C:\Program Files\Android\Android Studio\jbr\bin\server\jvm.dll
0x00007ff9436c0000 - 0x00007ff94376e000 	C:\WINDOWS\System32\ADVAPI32.dll
0x00007ff943140000 - 0x00007ff9431dc000 	C:\WINDOWS\System32\sechost.dll
0x00007ff943010000 - 0x00007ff943136000 	C:\WINDOWS\System32\RPCRT4.dll
0x00007ff943330000 - 0x00007ff943338000 	C:\WINDOWS\System32\PSAPI.DLL
0x00007ff92fcc0000 - 0x00007ff92fcc9000 	C:\WINDOWS\SYSTEM32\WSOCK32.dll
0x00007ff9440b0000 - 0x00007ff94411b000 	C:\WINDOWS\System32\WS2_32.dll
0x00007ff932ee0000 - 0x00007ff932f07000 	C:\WINDOWS\SYSTEM32\WINMM.dll
0x00007ff936b30000 - 0x00007ff936b3a000 	C:\WINDOWS\SYSTEM32\VERSION.dll
0x00007ff940640000 - 0x00007ff940652000 	C:\WINDOWS\SYSTEM32\kernel.appcore.dll
0x00007ff92f810000 - 0x00007ff92f820000 	C:\Program Files\Android\Android Studio\jbr\bin\verify.dll
0x00007ff9313d0000 - 0x00007ff9315b4000 	C:\WINDOWS\SYSTEM32\DBGHELP.DLL
0x00007ff931390000 - 0x00007ff9313c4000 	C:\WINDOWS\SYSTEM32\dbgcore.DLL
0x00007ff941fe0000 - 0x00007ff942062000 	C:\WINDOWS\System32\bcryptPrimitives.dll
0x00007ff92f7e0000 - 0x00007ff92f808000 	C:\Program Files\Android\Android Studio\jbr\bin\java.dll
0x00007ff921830000 - 0x00007ff92183a000 	C:\Program Files\Android\Android Studio\jbr\bin\jimage.dll
0x00007ff909ba0000 - 0x00007ff909bb8000 	C:\Program Files\Android\Android Studio\jbr\bin\zip.dll
0x00007ff942730000 - 0x00007ff942e74000 	C:\WINDOWS\System32\SHELL32.dll
0x00007ff93f8b0000 - 0x00007ff940043000 	C:\WINDOWS\SYSTEM32\windows.storage.dll
0x00007ff9438d0000 - 0x00007ff943c24000 	C:\WINDOWS\System32\combase.dll
0x00007ff941680000 - 0x00007ff9416ae000 	C:\WINDOWS\SYSTEM32\Wldp.dll
0x00007ff9441e0000 - 0x00007ff94428d000 	C:\WINDOWS\System32\SHCORE.dll
0x00007ff942fb0000 - 0x00007ff943005000 	C:\WINDOWS\System32\shlwapi.dll
0x00007ff941d20000 - 0x00007ff941d3f000 	C:\WINDOWS\SYSTEM32\profapi.dll
0x00007ff909b80000 - 0x00007ff909b99000 	C:\Program Files\Android\Android Studio\jbr\bin\net.dll
0x00007ff937ff0000 - 0x00007ff9380fa000 	C:\WINDOWS\SYSTEM32\WINHTTP.dll
0x00007ff941460000 - 0x00007ff9414ca000 	C:\WINDOWS\system32\mswsock.dll
0x00007ff8ffa00000 - 0x00007ff8ffa13000 	C:\Program Files\Android\Android Studio\jbr\bin\nio.dll
0x00007ff938dd0000 - 0x00007ff938df7000 	C:\Users\shahzaib lptp\AndroidStudioProjects\loginsqlite\native\e1d6ef7f7dcc3fd88c89a11ec53ec762bb8ba0a96d01ffa2cd45eb1d1d8dd5c5\windows-amd64\native-platform.dll
0x00007ff91fc80000 - 0x00007ff91fdc4000 	C:\Users\shahzaib lptp\AndroidStudioProjects\loginsqlite\native\0d407fdbe67a94daf76414ababcb853783967236a71b16ec16e742cd7a986fd3\windows-amd64\native-platform-file-events.dll
0x00007ff921810000 - 0x00007ff92181a000 	C:\Program Files\Android\Android Studio\jbr\bin\management.dll
0x00007ff91ebd0000 - 0x00007ff91ebdb000 	C:\Program Files\Android\Android Studio\jbr\bin\management_ext.dll
0x00007ff9419c0000 - 0x00007ff9419d8000 	C:\WINDOWS\SYSTEM32\CRYPTSP.dll
0x00007ff940da0000 - 0x00007ff940dd4000 	C:\WINDOWS\system32\rsaenh.dll
0x00007ff941de0000 - 0x00007ff941e07000 	C:\WINDOWS\System32\bcrypt.dll
0x00007ff941ce0000 - 0x00007ff941d0e000 	C:\WINDOWS\SYSTEM32\USERENV.dll
0x00007ff9415f0000 - 0x00007ff9415fc000 	C:\WINDOWS\SYSTEM32\CRYPTBASE.dll
0x00007ff941170000 - 0x00007ff9411ac000 	C:\WINDOWS\SYSTEM32\IPHLPAPI.DLL
0x00007ff943480000 - 0x00007ff943488000 	C:\WINDOWS\System32\NSI.dll
0x00007ff936bf0000 - 0x00007ff936c07000 	C:\WINDOWS\SYSTEM32\dhcpcsvc6.DLL
0x00007ff936bd0000 - 0x00007ff936bed000 	C:\WINDOWS\SYSTEM32\dhcpcsvc.DLL
0x00007ff9411b0000 - 0x00007ff94127b000 	C:\WINDOWS\SYSTEM32\DNSAPI.dll

dbghelp: loaded successfully - version: 4.0.5 - missing functions: none
symbol engine: initialized successfully - sym options: 0x614 - pdb path: .;C:\Program Files\Android\Android Studio\jbr\bin;C:\WINDOWS\SYSTEM32;C:\WINDOWS\WinSxS\amd64_microsoft.windows.common-controls_6595b64144ccf1df_6.0.19041.1110_none_60b5254171f9507e;C:\Program Files\Android\Android Studio\jbr\bin\server;C:\Users\shahzaib lptp\AndroidStudioProjects\loginsqlite\native\e1d6ef7f7dcc3fd88c89a11ec53ec762bb8ba0a96d01ffa2cd45eb1d1d8dd5c5\windows-amd64;C:\Users\shahzaib lptp\AndroidStudioProjects\loginsqlite\native\0d407fdbe67a94daf76414ababcb853783967236a71b16ec16e742cd7a986fd3\windows-amd64

VM Arguments:
jvm_args: --add-opens=java.base/java.util=ALL-UNNAMED --add-opens=java.base/java.lang=ALL-UNNAMED --add-opens=java.base/java.lang.invoke=ALL-UNNAMED --add-opens=java.base/java.util=ALL-UNNAMED --add-opens=java.prefs/java.util.prefs=ALL-UNNAMED --add-opens=java.prefs/java.util.prefs=ALL-UNNAMED --add-opens=java.base/java.nio.charset=ALL-UNNAMED --add-opens=java.base/java.net=ALL-UNNAMED --add-opens=java.base/java.util.concurrent.atomic=ALL-UNNAMED -Xmx2048m -Dfile.encoding=UTF-8 -Duser.country=US -Duser.language=en -Duser.variant 
java_command: org.gradle.launcher.daemon.bootstrap.GradleDaemon 7.5
java_class_path (initial): C:\Users\shahzaib lptp\AndroidStudioProjects\loginsqlite\wrapper\dists\gradle-7.5-bin\f1w0cc9nuo0eivz97x2xlu9sv\gradle-7.5\lib\gradle-launcher-7.5.jar
Launcher Type: SUN_STANDARD

[Global flags]
     intx CICompilerCount                          = 3                                         {product} {ergonomic}
     uint ConcGCThreads                            = 1                                         {product} {ergonomic}
     uint G1ConcRefinementThreads                  = 4                                         {product} {ergonomic}
   size_t G1HeapRegionSize                         = 1048576                                   {product} {ergonomic}
    uintx GCDrainStackTargetSize                   = 64                                        {product} {ergonomic}
   size_t InitialHeapSize                          = 67108864                                  {product} {ergonomic}
   size_t MarkStackSize                            = 4194304                                   {product} {ergonomic}
   size_t MaxHeapSize                              = 2147483648                                {product} {command line}
   size_t MaxNewSize                               = 1287651328                                {product} {ergonomic}
   size_t MinHeapDeltaBytes                        = 1048576                                   {product} {ergonomic}
    uintx NonNMethodCodeHeapSize                   = 5830732                                {pd product} {ergonomic}
    uintx NonProfiledCodeHeapSize                  = 122913754                              {pd product} {ergonomic}
    uintx ProfiledCodeHeapSize                     = 122913754                              {pd product} {ergonomic}
    uintx ReservedCodeCacheSize                    = 251658240                              {pd product} {ergonomic}
     bool SegmentedCodeCache                       = true                                      {product} {ergonomic}
     bool UseCompressedClassPointers               = true                                 {lp64_product} {ergonomic}
     bool UseCompressedOops                        = true                                 {lp64_product} {ergonomic}
     bool UseG1GC                                  = true                                      {product} {ergonomic}
     bool UseLargePagesIndividualAllocation        = false                                  {pd product} {ergonomic}

Logging:
Log output configuration:
 #0: stdout all=warning uptime,level,tags
 #1: stderr all=off uptime,level,tags

Environment Variables:
PATH=C:\Program Files\Python310\Scripts\;C:\Program Files\Python310\;C:\Program Files\Common Files\Oracle\Java\javapath;C:\app\bin;C:\app\shahzaiblptp\product\11.2.0\dbhome_1\bin;C:\WINDOWS\system32;C:\WINDOWS;C:\WINDOWS\System32\Wbem;C:\WINDOWS\System32\WindowsPowerShell\v1.0\;c:\Program Files (x86)\Microsoft SQL Server\100\Tools\Binn\;c:\Program Files\Microsoft SQL Server\100\Tools\Binn\;c:\Program Files\Microsoft SQL Server\100\DTS\Binn\;C:\WINDOWS\System32\OpenSSH\;C:\ProgramData\chocolatey\bin;%JAVA_HOME%\bin;C:\Users\shahzaib lptp\AppData\Local\Microsoft\WindowsApps;C:\Program Files\JetBrains\IntelliJ IDEA Community Edition 2021.3\bin;;C:\Program Files\Python310\PyCharm Community Edition 2022.1\bin;;C:\Users\shahzaib lptp\AppData\Local\Programs\Microsoft VS Code\bin;C:\Program Files\flutter\bin;C:\src\flutter\bin;C:\Program Files\Android\Android Studio\bin;
USERNAME=shahzaib lptp
OS=Windows_NT
PROCESSOR_IDENTIFIER=Intel64 Family 6 Model 69 Stepping 1, GenuineIntel



---------------  S Y S T E M  ---------------

OS: Windows 10 , 64 bit Build 19041 (10.0.19041.2788)
OS uptime: 0 days 1:28 hours
Hyper-V role detected

CPU:total 4 (initial active 4) (2 cores per cpu, 2 threads per core) family 6 model 69 stepping 1 microcode 0x26, cmov, cx8, fxsr, mmx, sse, sse2, sse3, ssse3, sse4.1, sse4.2, popcnt, avx, avx2, aes, clmul, erms, lzcnt, ht, tsc, tscinvbit, bmi1, bmi2, fma

Memory: 4k page, system-wide physical 3977M (314M free)
TotalPageFile size 5977M (AvailPageFile size 1M)
current process WorkingSet (physical memory assigned to process): 194M, peak: 194M
current process commit charge ("private bytes"): 225M, peak: 225M

vm_info: OpenJDK 64-Bit Server VM (11.0.15+0-b2043.56-9505619) for windows-amd64 JRE (11.0.15+0-b2043.56-9505619), built on Jan 19 2023 02:48:00 by "builduser" with unknown MS VC++:1929

END.
