#
# There is insufficient memory for the Java Runtime Environment to continue.
# Native memory allocation (malloc) failed to allocate 740096 bytes for Chunk::new
# Possible reasons:
#   The system is out of physical RAM or swap space
#   The process is running with CompressedOops enabled, and the Java Heap may be blocking the growth of the native heap
# Possible solutions:
#   Reduce memory load on the system
#   Increase physical memory or swap space
#   Check if swap backing store is full
#   Decrease Java heap size (-Xmx/-Xms)
#   Decrease number of Java threads
#   Decrease Java thread stack sizes (-Xss)
#   Set larger code cache with -XX:ReservedCodeCacheSize=
#   JVM is running with Unscaled Compressed Oops mode in which the Java heap is
#     placed in the first 4GB address space. The Java Heap base address is the
#     maximum limit for the native heap growth. Please use -XX:HeapBaseMinAddress
#     to set the Java Heap base and to place the Java Heap above 4GB virtual address.
# This output file may be truncated or incomplete.
#
#  Out of Memory Error (src/hotspot/share/memory/arena.cpp:197), pid=13996, tid=12664
#
# JRE version: OpenJDK Runtime Environment (11.0.15) (build 11.0.15+0-b2043.56-9505619)
# Java VM: OpenJDK 64-Bit Server VM (11.0.15+0-b2043.56-9505619, mixed mode, tiered, compressed oops, g1 gc, windows-amd64)
# No core dump will be written. Minidumps are not enabled by default on client versions of Windows
#

---------------  S U M M A R Y ------------

Command Line: --add-opens=java.base/java.util.concurrent.atomic=ALL-UNNAMED -javaagent:C:\Program Files\Android\Android Studio\plugins\android\resources\trace_agent.jar=C:\Users\SHAHZA~1\AppData\Local\Temp\sync.trace.profile --add-opens=java.base/java.util=ALL-UNNAMED --add-opens=java.base/java.lang=ALL-UNNAMED --add-opens=java.base/java.lang.invoke=ALL-UNNAMED --add-opens=java.prefs/java.util.prefs=ALL-UNNAMED --add-opens=java.base/java.nio.charset=ALL-UNNAMED --add-opens=java.base/java.net=ALL-UNNAMED --add-opens=java.base/java.util.concurrent.atomic=ALL-UNNAMED -Xmx2048m -Dfile.encoding=UTF-8 -Duser.country=US -Duser.language=en -Duser.variant -javaagent:C:\Users\shahzaib lptp\AndroidStudioProjects\loginsqlite\wrapper\dists\gradle-8.3-rc-1-bin\3lbs5z64xhcdp1uarsx2vp16o\gradle-8.3-rc-1\lib\agents\gradle-instrumentation-agent-8.3.jar org.gradle.launcher.daemon.bootstrap.GradleDaemon 8.3-rc-1

Host: Intel(R) Core(TM) i5-4310U CPU @ 2.00GHz, 4 cores, 7G,  Windows 10 , 64 bit Build 19041 (10.0.19041.3031)
Time: Fri Jul 28 01:09:19 2023 Pakistan Standard Time elapsed time: 26.178065 seconds (0d 0h 0m 26s)

---------------  T H R E A D  ---------------

Current thread (0x00000224fc8dc000):  JavaThread "C2 CompilerThread0" daemon [_thread_in_native, id=12664, stack(0x000000f63e300000,0x000000f63e400000)]


Current CompileTask:
C2:  26178 6504       4       java.net.URLClassLoader$1::run (5 bytes)

Stack: [0x000000f63e300000,0x000000f63e400000]
Native frames: (J=compiled Java code, j=interpreted, Vv=VM code, C=native code)
V  [jvm.dll+0x64135a]
V  [jvm.dll+0x7d39f9]
V  [jvm.dll+0x7d51b9]
V  [jvm.dll+0x7d58a3]
V  [jvm.dll+0x2691c5]
V  [jvm.dll+0xc1a5c]
V  [jvm.dll+0xc200c]
V  [jvm.dll+0x2da2c2]
V  [jvm.dll+0x54cad9]
V  [jvm.dll+0x220c9d]
V  [jvm.dll+0x223024]
V  [jvm.dll+0x220384]
V  [jvm.dll+0x19e851]
V  [jvm.dll+0x230479]
V  [jvm.dll+0x22e5ef]
V  [jvm.dll+0x794de1]
V  [jvm.dll+0x78dc24]
V  [jvm.dll+0x6400f6]
C  [ucrtbase.dll+0x21bb2]
C  [KERNEL32.DLL+0x17614]
C  [ntdll.dll+0x526f1]


---------------  P R O C E S S  ---------------

Threads class SMR info:
_java_thread_list=0x0000022480abdc40, length=41, elements={
0x00000224e0d13000, 0x00000224fc8ba000, 0x00000224fc8bb800, 0x00000224fc8d7800,
0x00000224fc8d8000, 0x00000224fc8d9000, 0x00000224fc8dc000, 0x00000224fc8f8000,
0x00000224fd28c000, 0x00000224fc852000, 0x00000224fe5e5000, 0x0000022482a0a000,
0x00000224804fa000, 0x0000022482700000, 0x00000224fddb6000, 0x00000224fec4e800,
0x0000022481645800, 0x0000022480b0e800, 0x000002248241e800, 0x00000224831e8800,
0x0000022482fae800, 0x0000022481724000, 0x000002248165f000, 0x00000224806ae800,
0x00000224806b2800, 0x00000224806ad800, 0x00000224806b4000, 0x00000224806af800,
0x00000224806b0000, 0x00000224806b1800, 0x00000224806b1000, 0x00000224806b3800,
0x0000022482560800, 0x0000022482562000, 0x0000022482564800, 0x0000022482567000,
0x00000224fd640800, 0x0000022482561800, 0x0000022482568000, 0x0000022482568800,
0x0000022482563000
}

Java Threads: ( => current thread )
  0x00000224e0d13000 JavaThread "main" [_thread_blocked, id=7216, stack(0x000000f63d700000,0x000000f63d800000)]
  0x00000224fc8ba000 JavaThread "Reference Handler" daemon [_thread_blocked, id=12652, stack(0x000000f63de00000,0x000000f63df00000)]
  0x00000224fc8bb800 JavaThread "Finalizer" daemon [_thread_blocked, id=5400, stack(0x000000f63df00000,0x000000f63e000000)]
  0x00000224fc8d7800 JavaThread "Signal Dispatcher" daemon [_thread_blocked, id=9968, stack(0x000000f63e000000,0x000000f63e100000)]
  0x00000224fc8d8000 JavaThread "Attach Listener" daemon [_thread_blocked, id=10152, stack(0x000000f63e100000,0x000000f63e200000)]
  0x00000224fc8d9000 JavaThread "Service Thread" daemon [_thread_blocked, id=11516, stack(0x000000f63e200000,0x000000f63e300000)]
=>0x00000224fc8dc000 JavaThread "C2 CompilerThread0" daemon [_thread_in_native, id=12664, stack(0x000000f63e300000,0x000000f63e400000)]
  0x00000224fc8f8000 JavaThread "C1 CompilerThread0" daemon [_thread_blocked, id=5428, stack(0x000000f63e400000,0x000000f63e500000)]
  0x00000224fd28c000 JavaThread "Sweeper thread" daemon [_thread_blocked, id=11060, stack(0x000000f63e500000,0x000000f63e600000)]
  0x00000224fc852000 JavaThread "Common-Cleaner" daemon [_thread_blocked, id=7360, stack(0x000000f63e600000,0x000000f63e700000)]
  0x00000224fe5e5000 JavaThread "Daemon health stats" [_thread_blocked, id=768, stack(0x000000f63eb00000,0x000000f63ec00000)]
  0x0000022482a0a000 JavaThread "Incoming local TCP Connector on port 58300" [_thread_in_native, id=4224, stack(0x000000f63ec00000,0x000000f63ed00000)]
  0x00000224804fa000 JavaThread "Daemon periodic checks" [_thread_blocked, id=6168, stack(0x000000f63ed00000,0x000000f63ee00000)]
  0x0000022482700000 JavaThread "Daemon" [_thread_blocked, id=7084, stack(0x000000f63ee00000,0x000000f63ef00000)]
  0x00000224fddb6000 JavaThread "Handler for socket connection from /127.0.0.1:58300 to /127.0.0.1:58301" [_thread_in_native, id=10988, stack(0x000000f63ef00000,0x000000f63f000000)]
  0x00000224fec4e800 JavaThread "Cancel handler" [_thread_blocked, id=1424, stack(0x000000f63f000000,0x000000f63f100000)]
  0x0000022481645800 JavaThread "Daemon worker" [_thread_in_vm, id=9200, stack(0x000000f63f100000,0x000000f63f200000)]
  0x0000022480b0e800 JavaThread "Asynchronous log dispatcher for DefaultDaemonConnection: socket connection from /127.0.0.1:58300 to /127.0.0.1:58301" [_thread_blocked, id=4624, stack(0x000000f63f200000,0x000000f63f300000)]
  0x000002248241e800 JavaThread "Stdin handler" [_thread_blocked, id=11780, stack(0x000000f63f400000,0x000000f63f500000)]
  0x00000224831e8800 JavaThread "Daemon client event forwarder" [_thread_blocked, id=5608, stack(0x000000f63f500000,0x000000f63f600000)]
  0x0000022482fae800 JavaThread "Cache worker for journal cache (C:\Users\shahzaib lptp\AndroidStudioProjects\loginsqlite\caches\journal-1)" [_thread_blocked, id=13596, stack(0x000000f63f600000,0x000000f63f700000)]
  0x0000022481724000 JavaThread "File lock request listener" [_thread_in_native, id=12812, stack(0x000000f63f700000,0x000000f63f800000)]
  0x000002248165f000 JavaThread "Cache worker for file hash cache (C:\Users\shahzaib lptp\AndroidStudioProjects\loginsqlite\caches\8.3-rc-1\fileHashes)" [_thread_blocked, id=11544, stack(0x000000f63f800000,0x000000f63f900000)]
  0x00000224806ae800 JavaThread "File watcher server" daemon [_thread_in_native, id=4744, stack(0x000000f63f900000,0x000000f63fa00000)]
  0x00000224806b2800 JavaThread "File watcher consumer" daemon [_thread_blocked, id=11672, stack(0x000000f63fa00000,0x000000f63fb00000)]
  0x00000224806ad800 JavaThread "Cache worker for checksums cache (C:\Users\shahzaib lptp\AndroidStudioProjects\EyeonwaterApp\.gradle\8.3-rc-1\checksums)" [_thread_blocked, id=6252, stack(0x000000f63fb00000,0x000000f63fc00000)]
  0x00000224806b4000 JavaThread "Cache worker for file hash cache (C:\Users\shahzaib lptp\AndroidStudioProjects\EyeonwaterApp\.gradle\8.3-rc-1\fileHashes)" [_thread_blocked, id=5344, stack(0x000000f63fc00000,0x000000f63fd00000)]
  0x00000224806af800 JavaThread "Cache worker for cache directory md-supplier (C:\Users\shahzaib lptp\AndroidStudioProjects\loginsqlite\caches\8.3-rc-1\md-supplier)" [_thread_blocked, id=3784, stack(0x000000f63fd00000,0x000000f63fe00000)]
  0x00000224806b0000 JavaThread "Cache worker for file content cache (C:\Users\shahzaib lptp\AndroidStudioProjects\loginsqlite\caches\8.3-rc-1\fileContent)" [_thread_blocked, id=1580, stack(0x000000f63fe00000,0x000000f63ff00000)]
  0x00000224806b1800 JavaThread "Cache worker for cache directory md-rule (C:\Users\shahzaib lptp\AndroidStudioProjects\loginsqlite\caches\8.3-rc-1\md-rule)" [_thread_blocked, id=1360, stack(0x000000f63ff00000,0x000000f640000000)]
  0x00000224806b1000 JavaThread "Cache worker for execution history cache (C:\Users\shahzaib lptp\AndroidStudioProjects\loginsqlite\caches\8.3-rc-1\executionHistory)" [_thread_blocked, id=13976, stack(0x000000f640000000,0x000000f640100000)]
  0x00000224806b3800 JavaThread "jar transforms" [_thread_blocked, id=10120, stack(0x000000f640100000,0x000000f640200000)]
  0x0000022482560800 JavaThread "jar transforms Thread 2" [_thread_blocked, id=8824, stack(0x000000f640200000,0x000000f640300000)]
  0x0000022482562000 JavaThread "jar transforms Thread 3" [_thread_blocked, id=9512, stack(0x000000f640300000,0x000000f640400000)]
  0x0000022482564800 JavaThread "jar transforms Thread 4" [_thread_blocked, id=1620, stack(0x000000f640400000,0x000000f640500000)]
  0x0000022482567000 JavaThread "Cache worker for dependencies-accessors (C:\Users\shahzaib lptp\AndroidStudioProjects\EyeonwaterApp\.gradle\8.3-rc-1\dependencies-accessors)" [_thread_blocked, id=4556, stack(0x000000f640500000,0x000000f640600000)]
  0x00000224fd640800 JavaThread "C2 CompilerThread1" daemon [_thread_in_native, id=1392, stack(0x000000f63e700000,0x000000f63e800000)]
  0x0000022482561800 JavaThread "Cache worker for Build Output Cleanup Cache (C:\Users\shahzaib lptp\AndroidStudioProjects\EyeonwaterApp\.gradle\buildOutputCleanup)" [_thread_blocked, id=9596, stack(0x000000f640600000,0x000000f640700000)]
  0x0000022482568000 JavaThread "Unconstrained build operations" [_thread_blocked, id=9656, stack(0x000000f640700000,0x000000f640800000)]
  0x0000022482568800 JavaThread "Unconstrained build operations Thread 2" [_thread_blocked, id=11980, stack(0x000000f640800000,0x000000f640900000)]
  0x0000022482563000 JavaThread "Unconstrained build operations Thread 3" [_thread_blocked, id=12444, stack(0x000000f640900000,0x000000f640a00000)]

Other Threads:
  0x00000224fc8b6000 VMThread "VM Thread" [stack: 0x000000f63dd00000,0x000000f63de00000] [id=11844]
  0x00000224fd572800 WatcherThread [stack: 0x000000f63e800000,0x000000f63e900000] [id=6944]
  0x00000224e0d2d000 GCTaskThread "GC Thread#0" [stack: 0x000000f63d800000,0x000000f63d900000] [id=7520]
  0x00000224fd4b7800 GCTaskThread "GC Thread#1" [stack: 0x000000f63e900000,0x000000f63ea00000] [id=13616]
  0x00000224fe8c4000 GCTaskThread "GC Thread#2" [stack: 0x000000f63ea00000,0x000000f63eb00000] [id=11172]
  0x000002248111f800 GCTaskThread "GC Thread#3" [stack: 0x000000f63f300000,0x000000f63f400000] [id=6344]
  0x00000224e0d5e000 ConcurrentGCThread "G1 Main Marker" [stack: 0x000000f63d900000,0x000000f63da00000] [id=11860]
  0x00000224e0d5f800 ConcurrentGCThread "G1 Conc#0" [stack: 0x000000f63da00000,0x000000f63db00000] [id=7396]
  0x00000224e0ded800 ConcurrentGCThread "G1 Refine#0" [stack: 0x000000f63db00000,0x000000f63dc00000] [id=7904]
  0x00000224e0dee800 ConcurrentGCThread "G1 Young RemSet Sampling" [stack: 0x000000f63dc00000,0x000000f63dd00000] [id=5368]

Threads with active compile tasks:
C2 CompilerThread0    26225 6504       4       java.net.URLClassLoader$1::run (5 bytes)
C1 CompilerThread0    26226 6546       3       java.lang.invoke.InvokerBytecodeGenerator::cpPatches (121 bytes)
C2 CompilerThread1    26226 6531       4       java.lang.Class::annotationData (44 bytes)

VM state:not at safepoint (normal execution)

VM Mutex/Monitor currently owned by a thread: None

Heap address: 0x0000000080000000, size: 2048 MB, Compressed Oops mode: 32-bit
Narrow klass base: 0x0000000000000000, Narrow klass shift: 3
Compressed class space size: 1073741824 Address: 0x0000000100000000

Heap:
 garbage-first heap   total 189440K, used 68009K [0x0000000080000000, 0x0000000100000000)
  region size 1024K, 35 young (35840K), 13 survivors (13312K)
 Metaspace       used 55476K, capacity 57231K, committed 57472K, reserved 1099776K
  class space    used 7053K, capacity 7732K, committed 7808K, reserved 1048576K
Heap Regions: E=young(eden), S=young(survivor), O=old, HS=humongous(starts), HC=humongous(continues), CS=collection set, F=free, A=archive, TAMS=top-at-mark-start (previous, next)
|   0|0x0000000080000000, 0x0000000080100000, 0x0000000080100000|100%|HS|  |TAMS 0x0000000080100000, 0x0000000080000000| Complete 
|   1|0x0000000080100000, 0x0000000080200000, 0x0000000080200000|100%|HC|  |TAMS 0x0000000080200000, 0x0000000080100000| Complete 
|   2|0x0000000080200000, 0x0000000080300000, 0x0000000080300000|100%|HC|  |TAMS 0x0000000080300000, 0x0000000080200000| Complete 
|   3|0x0000000080300000, 0x0000000080400000, 0x0000000080400000|100%|HC|  |TAMS 0x0000000080400000, 0x0000000080300000| Complete 
|   4|0x0000000080400000, 0x0000000080500000, 0x0000000080500000|100%| O|  |TAMS 0x0000000080500000, 0x0000000080400000| Untracked 
|   5|0x0000000080500000, 0x0000000080600000, 0x0000000080600000|100%| O|  |TAMS 0x0000000080600000, 0x0000000080500000| Untracked 
|   6|0x0000000080600000, 0x0000000080700000, 0x0000000080700000|100%| O|  |TAMS 0x0000000080700000, 0x0000000080600000| Untracked 
|   7|0x0000000080700000, 0x0000000080800000, 0x0000000080800000|100%| O|  |TAMS 0x0000000080800000, 0x0000000080700000| Untracked 
|   8|0x0000000080800000, 0x0000000080900000, 0x0000000080900000|100%| O|  |TAMS 0x0000000080900000, 0x0000000080800000| Untracked 
|   9|0x0000000080900000, 0x0000000080a00000, 0x0000000080a00000|100%| O|  |TAMS 0x0000000080a00000, 0x0000000080900000| Untracked 
|  10|0x0000000080a00000, 0x0000000080b00000, 0x0000000080b00000|100%| O|  |TAMS 0x0000000080b00000, 0x0000000080a00000| Untracked 
|  11|0x0000000080b00000, 0x0000000080c00000, 0x0000000080c00000|100%| O|  |TAMS 0x0000000080c00000, 0x0000000080b00000| Untracked 
|  12|0x0000000080c00000, 0x0000000080d00000, 0x0000000080d00000|100%| O|  |TAMS 0x0000000080d00000, 0x0000000080c00000| Untracked 
|  13|0x0000000080d00000, 0x0000000080e00000, 0x0000000080e00000|100%| O|  |TAMS 0x0000000080e00000, 0x0000000080d00000| Untracked 
|  14|0x0000000080e00000, 0x0000000080f00000, 0x0000000080f00000|100%| O|  |TAMS 0x0000000080f00000, 0x0000000080e00000| Untracked 
|  15|0x0000000080f00000, 0x0000000081000000, 0x0000000081000000|100%| O|  |TAMS 0x0000000081000000, 0x0000000080f00000| Untracked 
|  16|0x0000000081000000, 0x0000000081100000, 0x0000000081100000|100%| O|  |TAMS 0x00000000810b5000, 0x0000000081000000| Untracked 
|  17|0x0000000081100000, 0x0000000081200000, 0x0000000081200000|100%| O|  |TAMS 0x0000000081100000, 0x0000000081100000| Untracked 
|  18|0x0000000081200000, 0x0000000081300000, 0x0000000081300000|100%| O|  |TAMS 0x0000000081200000, 0x0000000081200000| Untracked 
|  19|0x0000000081300000, 0x0000000081400000, 0x0000000081400000|100%| O|  |TAMS 0x0000000081300000, 0x0000000081300000| Untracked 
|  20|0x0000000081400000, 0x0000000081500000, 0x0000000081500000|100%|HS|  |TAMS 0x0000000081400000, 0x0000000081400000| Complete 
|  21|0x0000000081500000, 0x0000000081600000, 0x0000000081600000|100%|HS|  |TAMS 0x0000000081500000, 0x0000000081500000| Complete 
|  22|0x0000000081600000, 0x0000000081700000, 0x0000000081700000|100%|HS|  |TAMS 0x0000000081600000, 0x0000000081600000| Complete 
|  23|0x0000000081700000, 0x0000000081700000, 0x0000000081800000|  0%| F|  |TAMS 0x0000000081700000, 0x0000000081700000| Untracked 
|  24|0x0000000081800000, 0x0000000081900000, 0x0000000081900000|100%| O|  |TAMS 0x0000000081800000, 0x0000000081800000| Untracked 
|  25|0x0000000081900000, 0x0000000081a00000, 0x0000000081a00000|100%| O|  |TAMS 0x0000000081900000, 0x0000000081900000| Untracked 
|  26|0x0000000081a00000, 0x0000000081b00000, 0x0000000081b00000|100%| O|  |TAMS 0x0000000081a00000, 0x0000000081a00000| Untracked 
|  27|0x0000000081b00000, 0x0000000081c00000, 0x0000000081c00000|100%| O|  |TAMS 0x0000000081b00000, 0x0000000081b00000| Untracked 
|  28|0x0000000081c00000, 0x0000000081d00000, 0x0000000081d00000|100%| O|  |TAMS 0x0000000081c00000, 0x0000000081c00000| Untracked 
|  29|0x0000000081d00000, 0x0000000081e00000, 0x0000000081e00000|100%| O|  |TAMS 0x0000000081d00000, 0x0000000081d00000| Untracked 
|  30|0x0000000081e00000, 0x0000000081f00000, 0x0000000081f00000|100%| O|  |TAMS 0x0000000081e00000, 0x0000000081e00000| Untracked 
|  31|0x0000000081f00000, 0x0000000081f6a600, 0x0000000082000000| 41%| O|  |TAMS 0x0000000081f00000, 0x0000000081f00000| Untracked 
|  32|0x0000000082000000, 0x0000000082100000, 0x0000000082100000|100%| O|  |TAMS 0x0000000082000000, 0x0000000082000000| Untracked 
|  33|0x0000000082100000, 0x0000000082200000, 0x0000000082200000|100%| O|  |TAMS 0x0000000082100000, 0x0000000082100000| Untracked 
|  34|0x0000000082200000, 0x0000000082200000, 0x0000000082300000|  0%| F|  |TAMS 0x0000000082200000, 0x0000000082200000| Untracked 
|  35|0x0000000082300000, 0x0000000082300000, 0x0000000082400000|  0%| F|  |TAMS 0x0000000082300000, 0x0000000082300000| Untracked 
|  36|0x0000000082400000, 0x0000000082400000, 0x0000000082500000|  0%| F|  |TAMS 0x0000000082400000, 0x0000000082400000| Untracked 
|  37|0x0000000082500000, 0x0000000082500000, 0x0000000082600000|  0%| F|  |TAMS 0x0000000082500000, 0x0000000082500000| Untracked 
|  38|0x0000000082600000, 0x0000000082600000, 0x0000000082700000|  0%| F|  |TAMS 0x0000000082600000, 0x0000000082600000| Untracked 
|  39|0x0000000082700000, 0x0000000082700000, 0x0000000082800000|  0%| F|  |TAMS 0x0000000082700000, 0x0000000082700000| Untracked 
|  40|0x0000000082800000, 0x0000000082800000, 0x0000000082900000|  0%| F|  |TAMS 0x0000000082800000, 0x0000000082800000| Untracked 
|  41|0x0000000082900000, 0x0000000082900000, 0x0000000082a00000|  0%| F|  |TAMS 0x0000000082900000, 0x0000000082900000| Untracked 
|  42|0x0000000082a00000, 0x0000000082a00000, 0x0000000082b00000|  0%| F|  |TAMS 0x0000000082a00000, 0x0000000082a00000| Untracked 
|  43|0x0000000082b00000, 0x0000000082b00000, 0x0000000082c00000|  0%| F|  |TAMS 0x0000000082b00000, 0x0000000082b00000| Untracked 
|  44|0x0000000082c00000, 0x0000000082c00000, 0x0000000082d00000|  0%| F|  |TAMS 0x0000000082c00000, 0x0000000082c00000| Untracked 
|  45|0x0000000082d00000, 0x0000000082d00000, 0x0000000082e00000|  0%| F|  |TAMS 0x0000000082d00000, 0x0000000082d00000| Untracked 
|  46|0x0000000082e00000, 0x0000000082e00000, 0x0000000082f00000|  0%| F|  |TAMS 0x0000000082e00000, 0x0000000082e00000| Untracked 
|  47|0x0000000082f00000, 0x0000000082f00000, 0x0000000083000000|  0%| F|  |TAMS 0x0000000082f00000, 0x0000000082f00000| Untracked 
|  48|0x0000000083000000, 0x0000000083000000, 0x0000000083100000|  0%| F|  |TAMS 0x0000000083000000, 0x0000000083000000| Untracked 
|  49|0x0000000083100000, 0x0000000083100000, 0x0000000083200000|  0%| F|  |TAMS 0x0000000083100000, 0x0000000083100000| Untracked 
|  50|0x0000000083200000, 0x0000000083200000, 0x0000000083300000|  0%| F|  |TAMS 0x0000000083200000, 0x0000000083200000| Untracked 
|  51|0x0000000083300000, 0x0000000083300000, 0x0000000083400000|  0%| F|  |TAMS 0x0000000083300000, 0x0000000083300000| Untracked 
|  52|0x0000000083400000, 0x0000000083400000, 0x0000000083500000|  0%| F|  |TAMS 0x0000000083400000, 0x0000000083400000| Untracked 
|  53|0x0000000083500000, 0x0000000083500000, 0x0000000083600000|  0%| F|  |TAMS 0x0000000083500000, 0x0000000083500000| Untracked 
|  54|0x0000000083600000, 0x0000000083600000, 0x0000000083700000|  0%| F|  |TAMS 0x0000000083600000, 0x0000000083600000| Untracked 
|  55|0x0000000083700000, 0x0000000083700000, 0x0000000083800000|  0%| F|  |TAMS 0x0000000083700000, 0x0000000083700000| Untracked 
|  56|0x0000000083800000, 0x0000000083800000, 0x0000000083900000|  0%| F|  |TAMS 0x0000000083800000, 0x0000000083800000| Untracked 
|  57|0x0000000083900000, 0x0000000083900000, 0x0000000083a00000|  0%| F|  |TAMS 0x0000000083900000, 0x0000000083900000| Untracked 
|  58|0x0000000083a00000, 0x0000000083a00000, 0x0000000083b00000|  0%| F|  |TAMS 0x0000000083a00000, 0x0000000083a00000| Untracked 
|  59|0x0000000083b00000, 0x0000000083b00000, 0x0000000083c00000|  0%| F|  |TAMS 0x0000000083b00000, 0x0000000083b00000| Untracked 
|  60|0x0000000083c00000, 0x0000000083c00000, 0x0000000083d00000|  0%| F|  |TAMS 0x0000000083c00000, 0x0000000083c00000| Untracked 
|  61|0x0000000083d00000, 0x0000000083d00000, 0x0000000083e00000|  0%| F|  |TAMS 0x0000000083d00000, 0x0000000083d00000| Untracked 
|  62|0x0000000083e00000, 0x0000000083e00000, 0x0000000083f00000|  0%| F|  |TAMS 0x0000000083e00000, 0x0000000083e00000| Untracked 
|  63|0x0000000083f00000, 0x0000000083f00000, 0x0000000084000000|  0%| F|  |TAMS 0x0000000083f00000, 0x0000000083f00000| Untracked 
|  64|0x0000000084000000, 0x0000000084000000, 0x0000000084100000|  0%| F|  |TAMS 0x0000000084000000, 0x0000000084000000| Untracked 
|  65|0x0000000084100000, 0x0000000084100000, 0x0000000084200000|  0%| F|  |TAMS 0x0000000084100000, 0x0000000084100000| Untracked 
|  66|0x0000000084200000, 0x0000000084200000, 0x0000000084300000|  0%| F|  |TAMS 0x0000000084200000, 0x0000000084200000| Untracked 
|  67|0x0000000084300000, 0x0000000084300000, 0x0000000084400000|  0%| F|  |TAMS 0x0000000084300000, 0x0000000084300000| Untracked 
|  68|0x0000000084400000, 0x0000000084400000, 0x0000000084500000|  0%| F|  |TAMS 0x0000000084400000, 0x0000000084400000| Untracked 
|  69|0x0000000084500000, 0x0000000084500000, 0x0000000084600000|  0%| F|  |TAMS 0x0000000084500000, 0x0000000084500000| Untracked 
|  70|0x0000000084600000, 0x0000000084600000, 0x0000000084700000|  0%| F|  |TAMS 0x0000000084600000, 0x0000000084600000| Untracked 
|  71|0x0000000084700000, 0x0000000084700000, 0x0000000084800000|  0%| F|  |TAMS 0x0000000084700000, 0x0000000084700000| Untracked 
|  72|0x0000000084800000, 0x0000000084800000, 0x0000000084900000|  0%| F|  |TAMS 0x0000000084800000, 0x0000000084800000| Untracked 
|  73|0x0000000084900000, 0x0000000084900000, 0x0000000084a00000|  0%| F|  |TAMS 0x0000000084900000, 0x0000000084900000| Untracked 
|  74|0x0000000084a00000, 0x0000000084b00000, 0x0000000084b00000|100%| S|CS|TAMS 0x0000000084a00000, 0x0000000084a00000| Complete 
|  75|0x0000000084b00000, 0x0000000084c00000, 0x0000000084c00000|100%| S|CS|TAMS 0x0000000084b00000, 0x0000000084b00000| Complete 
|  76|0x0000000084c00000, 0x0000000084d00000, 0x0000000084d00000|100%| S|CS|TAMS 0x0000000084c00000, 0x0000000084c00000| Complete 
|  77|0x0000000084d00000, 0x0000000084e00000, 0x0000000084e00000|100%| S|CS|TAMS 0x0000000084d00000, 0x0000000084d00000| Complete 
|  78|0x0000000084e00000, 0x0000000084f00000, 0x0000000084f00000|100%| S|CS|TAMS 0x0000000084e00000, 0x0000000084e00000| Complete 
|  79|0x0000000084f00000, 0x0000000085000000, 0x0000000085000000|100%| S|CS|TAMS 0x0000000084f00000, 0x0000000084f00000| Complete 
|  80|0x0000000085000000, 0x0000000085100000, 0x0000000085100000|100%| S|CS|TAMS 0x0000000085000000, 0x0000000085000000| Complete 
|  81|0x0000000085100000, 0x0000000085200000, 0x0000000085200000|100%| S|CS|TAMS 0x0000000085100000, 0x0000000085100000| Complete 
|  82|0x0000000085200000, 0x0000000085300000, 0x0000000085300000|100%| S|CS|TAMS 0x0000000085200000, 0x0000000085200000| Complete 
|  83|0x0000000085300000, 0x0000000085400000, 0x0000000085400000|100%| S|CS|TAMS 0x0000000085300000, 0x0000000085300000| Complete 
|  84|0x0000000085400000, 0x0000000085500000, 0x0000000085500000|100%| S|CS|TAMS 0x0000000085400000, 0x0000000085400000| Complete 
|  85|0x0000000085500000, 0x0000000085600000, 0x0000000085600000|100%| S|CS|TAMS 0x0000000085500000, 0x0000000085500000| Complete 
|  86|0x0000000085600000, 0x0000000085700000, 0x0000000085700000|100%| S|CS|TAMS 0x0000000085600000, 0x0000000085600000| Complete 
|  87|0x0000000085700000, 0x0000000085700000, 0x0000000085800000|  0%| F|  |TAMS 0x0000000085700000, 0x0000000085700000| Untracked 
|  88|0x0000000085800000, 0x0000000085800000, 0x0000000085900000|  0%| F|  |TAMS 0x0000000085800000, 0x0000000085800000| Untracked 
|  89|0x0000000085900000, 0x0000000085900000, 0x0000000085a00000|  0%| F|  |TAMS 0x0000000085900000, 0x0000000085900000| Untracked 
|  90|0x0000000085a00000, 0x0000000085a00000, 0x0000000085b00000|  0%| F|  |TAMS 0x0000000085a00000, 0x0000000085a00000| Untracked 
|  91|0x0000000085b00000, 0x0000000085b00000, 0x0000000085c00000|  0%| F|  |TAMS 0x0000000085b00000, 0x0000000085b00000| Untracked 
|  92|0x0000000085c00000, 0x0000000085c00000, 0x0000000085d00000|  0%| F|  |TAMS 0x0000000085c00000, 0x0000000085c00000| Untracked 
|  93|0x0000000085d00000, 0x0000000085d00000, 0x0000000085e00000|  0%| F|  |TAMS 0x0000000085d00000, 0x0000000085d00000| Untracked 
|  94|0x0000000085e00000, 0x0000000085e00000, 0x0000000085f00000|  0%| F|  |TAMS 0x0000000085e00000, 0x0000000085e00000| Untracked 
|  95|0x0000000085f00000, 0x0000000085f00000, 0x0000000086000000|  0%| F|  |TAMS 0x0000000085f00000, 0x0000000085f00000| Untracked 
|  96|0x0000000086000000, 0x0000000086000000, 0x0000000086100000|  0%| F|  |TAMS 0x0000000086000000, 0x0000000086000000| Untracked 
|  97|0x0000000086100000, 0x0000000086100000, 0x0000000086200000|  0%| F|  |TAMS 0x0000000086100000, 0x0000000086100000| Untracked 
|  98|0x0000000086200000, 0x0000000086200000, 0x0000000086300000|  0%| F|  |TAMS 0x0000000086200000, 0x0000000086200000| Untracked 
|  99|0x0000000086300000, 0x0000000086300000, 0x0000000086400000|  0%| F|  |TAMS 0x0000000086300000, 0x0000000086300000| Untracked 
| 100|0x0000000086400000, 0x0000000086400000, 0x0000000086500000|  0%| F|  |TAMS 0x0000000086400000, 0x0000000086400000| Untracked 
| 101|0x0000000086500000, 0x0000000086500000, 0x0000000086600000|  0%| F|  |TAMS 0x0000000086500000, 0x0000000086500000| Untracked 
| 102|0x0000000086600000, 0x0000000086600000, 0x0000000086700000|  0%| F|  |TAMS 0x0000000086600000, 0x0000000086600000| Untracked 
| 103|0x0000000086700000, 0x0000000086700000, 0x0000000086800000|  0%| F|  |TAMS 0x0000000086700000, 0x0000000086700000| Untracked 
| 104|0x0000000086800000, 0x0000000086800000, 0x0000000086900000|  0%| F|  |TAMS 0x0000000086800000, 0x0000000086800000| Untracked 
| 105|0x0000000086900000, 0x0000000086900000, 0x0000000086a00000|  0%| F|  |TAMS 0x0000000086900000, 0x0000000086900000| Untracked 
| 106|0x0000000086a00000, 0x0000000086a00000, 0x0000000086b00000|  0%| F|  |TAMS 0x0000000086a00000, 0x0000000086a00000| Untracked 
| 107|0x0000000086b00000, 0x0000000086b00000, 0x0000000086c00000|  0%| F|  |TAMS 0x0000000086b00000, 0x0000000086b00000| Untracked 
| 108|0x0000000086c00000, 0x0000000086c00000, 0x0000000086d00000|  0%| F|  |TAMS 0x0000000086c00000, 0x0000000086c00000| Untracked 
| 109|0x0000000086d00000, 0x0000000086d00000, 0x0000000086e00000|  0%| F|  |TAMS 0x0000000086d00000, 0x0000000086d00000| Untracked 
| 110|0x0000000086e00000, 0x0000000086e00000, 0x0000000086f00000|  0%| F|  |TAMS 0x0000000086e00000, 0x0000000086e00000| Untracked 
| 111|0x0000000086f00000, 0x0000000086f00000, 0x0000000087000000|  0%| F|  |TAMS 0x0000000086f00000, 0x0000000086f00000| Untracked 
| 112|0x0000000087000000, 0x0000000087000000, 0x0000000087100000|  0%| F|  |TAMS 0x0000000087000000, 0x0000000087000000| Untracked 
| 113|0x0000000087100000, 0x0000000087100000, 0x0000000087200000|  0%| F|  |TAMS 0x0000000087100000, 0x0000000087100000| Untracked 
| 114|0x0000000087200000, 0x0000000087200000, 0x0000000087300000|  0%| F|  |TAMS 0x0000000087200000, 0x0000000087200000| Untracked 
| 115|0x0000000087300000, 0x0000000087300000, 0x0000000087400000|  0%| F|  |TAMS 0x0000000087300000, 0x0000000087300000| Untracked 
| 116|0x0000000087400000, 0x0000000087400000, 0x0000000087500000|  0%| F|  |TAMS 0x0000000087400000, 0x0000000087400000| Untracked 
| 117|0x0000000087500000, 0x0000000087500000, 0x0000000087600000|  0%| F|  |TAMS 0x0000000087500000, 0x0000000087500000| Untracked 
| 118|0x0000000087600000, 0x0000000087600000, 0x0000000087700000|  0%| F|  |TAMS 0x0000000087600000, 0x0000000087600000| Untracked 
| 119|0x0000000087700000, 0x0000000087700000, 0x0000000087800000|  0%| F|  |TAMS 0x0000000087700000, 0x0000000087700000| Untracked 
| 120|0x0000000087800000, 0x0000000087800000, 0x0000000087900000|  0%| F|  |TAMS 0x0000000087800000, 0x0000000087800000| Untracked 
| 121|0x0000000087900000, 0x0000000087900000, 0x0000000087a00000|  0%| F|  |TAMS 0x0000000087900000, 0x0000000087900000| Untracked 
| 122|0x0000000087a00000, 0x0000000087a00000, 0x0000000087b00000|  0%| F|  |TAMS 0x0000000087a00000, 0x0000000087a00000| Untracked 
| 123|0x0000000087b00000, 0x0000000087b00000, 0x0000000087c00000|  0%| F|  |TAMS 0x0000000087b00000, 0x0000000087b00000| Untracked 
| 124|0x0000000087c00000, 0x0000000087c00000, 0x0000000087d00000|  0%| F|  |TAMS 0x0000000087c00000, 0x0000000087c00000| Untracked 
| 125|0x0000000087d00000, 0x0000000087d00000, 0x0000000087e00000|  0%| F|  |TAMS 0x0000000087d00000, 0x0000000087d00000| Untracked 
| 126|0x0000000087e00000, 0x0000000087e00000, 0x0000000087f00000|  0%| F|  |TAMS 0x0000000087e00000, 0x0000000087e00000| Untracked 
| 127|0x0000000087f00000, 0x0000000087f00000, 0x0000000088000000|  0%| F|  |TAMS 0x0000000087f00000, 0x0000000087f00000| Untracked 
| 128|0x0000000088000000, 0x0000000088000000, 0x0000000088100000|  0%| F|  |TAMS 0x0000000088000000, 0x0000000088000000| Untracked 
| 129|0x0000000088100000, 0x0000000088100000, 0x0000000088200000|  0%| F|  |TAMS 0x0000000088100000, 0x0000000088100000| Untracked 
| 130|0x0000000088200000, 0x0000000088200000, 0x0000000088300000|  0%| F|  |TAMS 0x0000000088200000, 0x0000000088200000| Untracked 
| 131|0x0000000088300000, 0x0000000088300000, 0x0000000088400000|  0%| F|  |TAMS 0x0000000088300000, 0x0000000088300000| Untracked 
| 132|0x0000000088400000, 0x0000000088400000, 0x0000000088500000|  0%| F|  |TAMS 0x0000000088400000, 0x0000000088400000| Untracked 
| 133|0x0000000088500000, 0x0000000088500000, 0x0000000088600000|  0%| F|  |TAMS 0x0000000088500000, 0x0000000088500000| Untracked 
| 134|0x0000000088600000, 0x0000000088600000, 0x0000000088700000|  0%| F|  |TAMS 0x0000000088600000, 0x0000000088600000| Untracked 
| 135|0x0000000088700000, 0x0000000088700000, 0x0000000088800000|  0%| F|  |TAMS 0x0000000088700000, 0x0000000088700000| Untracked 
| 136|0x0000000088800000, 0x0000000088800000, 0x0000000088900000|  0%| F|  |TAMS 0x0000000088800000, 0x0000000088800000| Untracked 
| 137|0x0000000088900000, 0x0000000088900000, 0x0000000088a00000|  0%| F|  |TAMS 0x0000000088900000, 0x0000000088900000| Untracked 
| 138|0x0000000088a00000, 0x0000000088a00000, 0x0000000088b00000|  0%| F|  |TAMS 0x0000000088a00000, 0x0000000088a00000| Untracked 
| 139|0x0000000088b00000, 0x0000000088b00000, 0x0000000088c00000|  0%| F|  |TAMS 0x0000000088b00000, 0x0000000088b00000| Untracked 
| 140|0x0000000088c00000, 0x0000000088c00000, 0x0000000088d00000|  0%| F|  |TAMS 0x0000000088c00000, 0x0000000088c00000| Untracked 
| 141|0x0000000088d00000, 0x0000000088d00000, 0x0000000088e00000|  0%| F|  |TAMS 0x0000000088d00000, 0x0000000088d00000| Untracked 
| 142|0x0000000088e00000, 0x0000000088e00000, 0x0000000088f00000|  0%| F|  |TAMS 0x0000000088e00000, 0x0000000088e00000| Untracked 
| 143|0x0000000088f00000, 0x0000000088f00000, 0x0000000089000000|  0%| F|  |TAMS 0x0000000088f00000, 0x0000000088f00000| Untracked 
| 144|0x0000000089000000, 0x0000000089000000, 0x0000000089100000|  0%| F|  |TAMS 0x0000000089000000, 0x0000000089000000| Untracked 
| 145|0x0000000089100000, 0x0000000089100000, 0x0000000089200000|  0%| F|  |TAMS 0x0000000089100000, 0x0000000089100000| Untracked 
| 146|0x0000000089200000, 0x0000000089200000, 0x0000000089300000|  0%| F|  |TAMS 0x0000000089200000, 0x0000000089200000| Untracked 
| 147|0x0000000089300000, 0x0000000089300000, 0x0000000089400000|  0%| F|  |TAMS 0x0000000089300000, 0x0000000089300000| Untracked 
| 148|0x0000000089400000, 0x0000000089400000, 0x0000000089500000|  0%| F|  |TAMS 0x0000000089400000, 0x0000000089400000| Untracked 
| 149|0x0000000089500000, 0x0000000089500000, 0x0000000089600000|  0%| F|  |TAMS 0x0000000089500000, 0x0000000089500000| Untracked 
| 150|0x0000000089600000, 0x0000000089600000, 0x0000000089700000|  0%| F|  |TAMS 0x0000000089600000, 0x0000000089600000| Untracked 
| 151|0x0000000089700000, 0x0000000089700000, 0x0000000089800000|  0%| F|  |TAMS 0x0000000089700000, 0x0000000089700000| Untracked 
| 152|0x0000000089800000, 0x0000000089800000, 0x0000000089900000|  0%| F|  |TAMS 0x0000000089800000, 0x0000000089800000| Untracked 
| 153|0x0000000089900000, 0x0000000089900000, 0x0000000089a00000|  0%| F|  |TAMS 0x0000000089900000, 0x0000000089900000| Untracked 
| 154|0x0000000089a00000, 0x0000000089a00000, 0x0000000089b00000|  0%| F|  |TAMS 0x0000000089a00000, 0x0000000089a00000| Untracked 
| 155|0x0000000089b00000, 0x0000000089b00000, 0x0000000089c00000|  0%| F|  |TAMS 0x0000000089b00000, 0x0000000089b00000| Untracked 
| 156|0x0000000089c00000, 0x0000000089c00000, 0x0000000089d00000|  0%| F|  |TAMS 0x0000000089c00000, 0x0000000089c00000| Untracked 
| 157|0x0000000089d00000, 0x0000000089d00000, 0x0000000089e00000|  0%| F|  |TAMS 0x0000000089d00000, 0x0000000089d00000| Untracked 
| 158|0x0000000089e00000, 0x0000000089e00000, 0x0000000089f00000|  0%| F|  |TAMS 0x0000000089e00000, 0x0000000089e00000| Untracked 
| 159|0x0000000089f00000, 0x0000000089f00000, 0x000000008a000000|  0%| F|  |TAMS 0x0000000089f00000, 0x0000000089f00000| Untracked 
| 160|0x000000008a000000, 0x000000008a000000, 0x000000008a100000|  0%| F|  |TAMS 0x000000008a000000, 0x000000008a000000| Untracked 
| 161|0x000000008a100000, 0x000000008a100000, 0x000000008a200000|  0%| F|  |TAMS 0x000000008a100000, 0x000000008a100000| Untracked 
| 162|0x000000008a200000, 0x000000008a200000, 0x000000008a300000|  0%| F|  |TAMS 0x000000008a200000, 0x000000008a200000| Untracked 
| 163|0x000000008a300000, 0x000000008a400000, 0x000000008a400000|100%| E|  |TAMS 0x000000008a300000, 0x000000008a300000| Complete 
| 164|0x000000008a400000, 0x000000008a500000, 0x000000008a500000|100%| E|CS|TAMS 0x000000008a400000, 0x000000008a400000| Complete 
| 165|0x000000008a500000, 0x000000008a600000, 0x000000008a600000|100%| E|CS|TAMS 0x000000008a500000, 0x000000008a500000| Complete 
| 166|0x000000008a600000, 0x000000008a700000, 0x000000008a700000|100%| E|CS|TAMS 0x000000008a600000, 0x000000008a600000| Complete 
| 167|0x000000008a700000, 0x000000008a800000, 0x000000008a800000|100%| E|CS|TAMS 0x000000008a700000, 0x000000008a700000| Complete 
| 168|0x000000008a800000, 0x000000008a900000, 0x000000008a900000|100%| E|CS|TAMS 0x000000008a800000, 0x000000008a800000| Complete 
| 169|0x000000008a900000, 0x000000008aa00000, 0x000000008aa00000|100%| E|CS|TAMS 0x000000008a900000, 0x000000008a900000| Complete 
| 170|0x000000008aa00000, 0x000000008ab00000, 0x000000008ab00000|100%| E|CS|TAMS 0x000000008aa00000, 0x000000008aa00000| Complete 
| 171|0x000000008ab00000, 0x000000008ac00000, 0x000000008ac00000|100%| E|CS|TAMS 0x000000008ab00000, 0x000000008ab00000| Complete 
| 172|0x000000008ac00000, 0x000000008ad00000, 0x000000008ad00000|100%| E|CS|TAMS 0x000000008ac00000, 0x000000008ac00000| Complete 
| 173|0x000000008ad00000, 0x000000008ae00000, 0x000000008ae00000|100%| E|CS|TAMS 0x000000008ad00000, 0x000000008ad00000| Complete 
| 174|0x000000008ae00000, 0x000000008af00000, 0x000000008af00000|100%| E|CS|TAMS 0x000000008ae00000, 0x000000008ae00000| Complete 
| 175|0x000000008af00000, 0x000000008b000000, 0x000000008b000000|100%| E|CS|TAMS 0x000000008af00000, 0x000000008af00000| Complete 
| 176|0x000000008b000000, 0x000000008b100000, 0x000000008b100000|100%| E|CS|TAMS 0x000000008b000000, 0x000000008b000000| Complete 
| 177|0x000000008b100000, 0x000000008b200000, 0x000000008b200000|100%| E|CS|TAMS 0x000000008b100000, 0x000000008b100000| Complete 
| 178|0x000000008b200000, 0x000000008b300000, 0x000000008b300000|100%| E|CS|TAMS 0x000000008b200000, 0x000000008b200000| Complete 
| 179|0x000000008b300000, 0x000000008b400000, 0x000000008b400000|100%| E|CS|TAMS 0x000000008b300000, 0x000000008b300000| Complete 
| 180|0x000000008b400000, 0x000000008b500000, 0x000000008b500000|100%| E|CS|TAMS 0x000000008b400000, 0x000000008b400000| Complete 
| 181|0x000000008b500000, 0x000000008b600000, 0x000000008b600000|100%| E|CS|TAMS 0x000000008b500000, 0x000000008b500000| Complete 
| 182|0x000000008b600000, 0x000000008b700000, 0x000000008b700000|100%| E|CS|TAMS 0x000000008b600000, 0x000000008b600000| Complete 
| 183|0x000000008b700000, 0x000000008b800000, 0x000000008b800000|100%| E|CS|TAMS 0x000000008b700000, 0x000000008b700000| Complete 
| 184|0x000000008b800000, 0x000000008b900000, 0x000000008b900000|100%| E|CS|TAMS 0x000000008b800000, 0x000000008b800000| Complete 

Card table byte_map: [0x00000224f5a70000,0x00000224f5e70000] _byte_map_base: 0x00000224f5670000

Marking Bits (Prev, Next): (CMBitMap*) 0x00000224e0d551c8, (CMBitMap*) 0x00000224e0d55200
 Prev Bits: [0x00000224f6270000, 0x00000224f8270000)
 Next Bits: [0x00000224f8270000, 0x00000224fa270000)

Polling page: 0x00000224e0df0000

Metaspace:

Usage:
  Non-class:     48.34 MB capacity,    47.30 MB ( 98%) used,   892.45 KB (  2%) free+waste,   179.19 KB ( <1%) overhead. 
      Class:      7.55 MB capacity,     6.89 MB ( 91%) used,   591.79 KB (  8%) free+waste,    86.31 KB (  1%) overhead. 
       Both:     55.90 MB capacity,    54.19 MB ( 97%) used,     1.45 MB (  3%) free+waste,   265.50 KB ( <1%) overhead. 

Virtual space:
  Non-class space:       50.00 MB reserved,      48.50 MB ( 97%) committed 
      Class space:        1.00 GB reserved,       7.62 MB ( <1%) committed 
             Both:        1.05 GB reserved,      56.12 MB (  5%) committed 

Chunk freelists:
   Non-Class:  31.00 KB
       Class:  9.00 KB
        Both:  40.00 KB

MaxMetaspaceSize: 17179869184.00 GB
CompressedClassSpaceSize: 1.00 GB
Initial GC threshold: 20.80 MB
Current GC threshold: 58.75 MB
CDS: off

CodeHeap 'non-profiled nmethods': size=120064Kb used=5101Kb max_used=5101Kb free=114962Kb
 bounds [0x00000224edb00000, 0x00000224ee000000, 0x00000224f5040000]
CodeHeap 'profiled nmethods': size=120000Kb used=14483Kb max_used=14483Kb free=105516Kb
 bounds [0x00000224e65d0000, 0x00000224e7400000, 0x00000224edb00000]
CodeHeap 'non-nmethods': size=5696Kb used=2314Kb max_used=2337Kb free=3381Kb
 bounds [0x00000224e6040000, 0x00000224e62b0000, 0x00000224e65d0000]
 total_blobs=7287 nmethods=6467 adapters=732
 compilation: enabled
              stopped_count=0, restarted_count=0
 full_count=0

Compilation events (20 events):
Event: 26.150 Thread 0x00000224fc8f8000 nmethod 6528 0x00000224e73e6610 code [0x00000224e73e6980, 0x00000224e73e7f28]
Event: 26.153 Thread 0x00000224fc8f8000 6529       3       org.gradle.internal.classloader.VisitableURLClassLoader$InstrumentingVisitableURLClassLoader::instrumentClass (10 bytes)
Event: 26.154 Thread 0x00000224fc8f8000 nmethod 6529 0x00000224e73e8610 code [0x00000224e73e8820, 0x00000224e73e8d98]
Event: 26.154 Thread 0x00000224fc8f8000 6530   !   3       org.gradle.internal.classloader.TransformReplacer::getInstrumentedClass (34 bytes)
Event: 26.154 Thread 0x00000224fc8f8000 nmethod 6530 0x00000224e73e9010 code [0x00000224e73e9220, 0x00000224e73e9718]
Event: 26.155 Thread 0x00000224fd640800 6531       4       java.lang.Class::annotationData (44 bytes)
Event: 26.157 Thread 0x00000224fc8f8000 6532       3       java.lang.reflect.Constructor::hasGenericInformation (13 bytes)
Event: 26.157 Thread 0x00000224fc8f8000 nmethod 6532 0x00000224e73e9990 code [0x00000224e73e9b40, 0x00000224e73e9cb8]
Event: 26.157 Thread 0x00000224fc8f8000 6533       3       org.gradle.model.internal.asm.MethodVisitorScope::_INVOKESPECIAL (11 bytes)
Event: 26.158 Thread 0x00000224fc8f8000 nmethod 6533 0x00000224e73e9d90 code [0x00000224e73e9f80, 0x00000224e73ea378]
Event: 26.158 Thread 0x00000224fc8f8000 6534       3       org.gradle.model.internal.asm.MethodVisitorScope::_INVOKESPECIAL (9 bytes)
Event: 26.158 Thread 0x00000224fc8f8000 nmethod 6534 0x00000224e73ea510 code [0x00000224e73ea6e0, 0x00000224e73ea908]
Event: 26.158 Thread 0x00000224fc8f8000 6535  s!   3       org.gradle.internal.classloader.TransformReplacer$JarLoader::loadTransformedClass (56 bytes)
Event: 26.160 Thread 0x00000224fc8f8000 nmethod 6535 0x00000224e73eaa10 code [0x00000224e73ead40, 0x00000224e73ec008]
Event: 26.160 Thread 0x00000224fc8f8000 6536   !   3       org.gradle.internal.classloader.VisitableURLClassLoader$InstrumentingVisitableURLClassLoader::findClass (36 bytes)
Event: 26.162 Thread 0x00000224fc8f8000 nmethod 6536 0x00000224e73ec790 code [0x00000224e73ecac0, 0x00000224e73edcd8]
Event: 26.162 Thread 0x00000224fc8f8000 6537       3       org.gradle.internal.classloader.TransformErrorHandler::enterClassLoadingScope (50 bytes)
Event: 26.164 Thread 0x00000224fc8f8000 nmethod 6537 0x00000224e73ee390 code [0x00000224e73ee660, 0x00000224e73ef2d8]
Event: 26.164 Thread 0x00000224fc8f8000 6538       3       org.gradle.internal.instantiation.generator.AsmBackedClassGenerator::getServicesForNext (13 bytes)
Event: 26.165 Thread 0x00000224fc8f8000 nmethod 6538 0x00000224e73ef790 code [0x00000224e73ef960, 0x00000224e73efbe8]

GC Heap History (20 events):
Event: 14.358 GC heap before
{Heap before GC invocations=7 (full 0):
 garbage-first heap   total 131072K, used 91384K [0x0000000080000000, 0x0000000100000000)
  region size 1024K, 74 young (75776K), 3 survivors (3072K)
 Metaspace       used 26398K, capacity 27023K, committed 27136K, reserved 1073152K
  class space    used 3291K, capacity 3556K, committed 3584K, reserved 1048576K
}
Event: 14.368 GC heap after
{Heap after GC invocations=8 (full 0):
 garbage-first heap   total 131072K, used 19988K [0x0000000080000000, 0x0000000100000000)
  region size 1024K, 5 young (5120K), 5 survivors (5120K)
 Metaspace       used 26398K, capacity 27023K, committed 27136K, reserved 1073152K
  class space    used 3291K, capacity 3556K, committed 3584K, reserved 1048576K
}
Event: 15.811 GC heap before
{Heap before GC invocations=8 (full 0):
 garbage-first heap   total 131072K, used 92692K [0x0000000080000000, 0x0000000100000000)
  region size 1024K, 76 young (77824K), 5 survivors (5120K)
 Metaspace       used 29547K, capacity 30264K, committed 30464K, reserved 1075200K
  class space    used 3776K, capacity 4045K, committed 4096K, reserved 1048576K
}
Event: 15.826 GC heap after
{Heap after GC invocations=9 (full 0):
 garbage-first heap   total 131072K, used 21288K [0x0000000080000000, 0x0000000100000000)
  region size 1024K, 6 young (6144K), 6 survivors (6144K)
 Metaspace       used 29547K, capacity 30264K, committed 30464K, reserved 1075200K
  class space    used 3776K, capacity 4045K, committed 4096K, reserved 1048576K
}
Event: 16.830 GC heap before
{Heap before GC invocations=9 (full 0):
 garbage-first heap   total 131072K, used 92968K [0x0000000080000000, 0x0000000100000000)
  region size 1024K, 76 young (77824K), 6 survivors (6144K)
 Metaspace       used 32474K, capacity 33226K, committed 33536K, reserved 1079296K
  class space    used 4233K, capacity 4546K, committed 4608K, reserved 1048576K
}
Event: 16.842 GC heap after
{Heap after GC invocations=10 (full 0):
 garbage-first heap   total 131072K, used 22180K [0x0000000080000000, 0x0000000100000000)
  region size 1024K, 5 young (5120K), 5 survivors (5120K)
 Metaspace       used 32474K, capacity 33226K, committed 33536K, reserved 1079296K
  class space    used 4233K, capacity 4546K, committed 4608K, reserved 1048576K
}
Event: 17.558 GC heap before
{Heap before GC invocations=10 (full 0):
 garbage-first heap   total 131072K, used 68260K [0x0000000080000000, 0x0000000100000000)
  region size 1024K, 51 young (52224K), 5 survivors (5120K)
 Metaspace       used 34957K, capacity 35776K, committed 35840K, reserved 1081344K
  class space    used 4585K, capacity 4928K, committed 4992K, reserved 1048576K
}
Event: 17.576 GC heap after
{Heap after GC invocations=11 (full 0):
 garbage-first heap   total 131072K, used 22706K [0x0000000080000000, 0x0000000100000000)
  region size 1024K, 6 young (6144K), 6 survivors (6144K)
 Metaspace       used 34957K, capacity 35776K, committed 35840K, reserved 1081344K
  class space    used 4585K, capacity 4928K, committed 4992K, reserved 1048576K
}
Event: 18.697 GC heap before
{Heap before GC invocations=12 (full 0):
 garbage-first heap   total 131072K, used 91314K [0x0000000080000000, 0x0000000100000000)
  region size 1024K, 74 young (75776K), 6 survivors (6144K)
 Metaspace       used 38689K, capacity 39635K, committed 39680K, reserved 1083392K
  class space    used 4972K, capacity 5364K, committed 5376K, reserved 1048576K
}
Event: 18.722 GC heap after
{Heap after GC invocations=13 (full 0):
 garbage-first heap   total 157696K, used 25025K [0x0000000080000000, 0x0000000100000000)
  region size 1024K, 8 young (8192K), 8 survivors (8192K)
 Metaspace       used 38689K, capacity 39635K, committed 39680K, reserved 1083392K
  class space    used 4972K, capacity 5364K, committed 5376K, reserved 1048576K
}
Event: 19.846 GC heap before
{Heap before GC invocations=13 (full 0):
 garbage-first heap   total 157696K, used 105921K [0x0000000080000000, 0x0000000100000000)
  region size 1024K, 88 young (90112K), 8 survivors (8192K)
 Metaspace       used 41674K, capacity 42756K, committed 42880K, reserved 1087488K
  class space    used 5300K, capacity 5740K, committed 5760K, reserved 1048576K
}
Event: 19.869 GC heap after
{Heap after GC invocations=14 (full 0):
 garbage-first heap   total 157696K, used 28384K [0x0000000080000000, 0x0000000100000000)
  region size 1024K, 9 young (9216K), 9 survivors (9216K)
 Metaspace       used 41674K, capacity 42756K, committed 42880K, reserved 1087488K
  class space    used 5300K, capacity 5740K, committed 5760K, reserved 1048576K
}
Event: 21.357 GC heap before
{Heap before GC invocations=14 (full 0):
 garbage-first heap   total 157696K, used 124640K [0x0000000080000000, 0x0000000100000000)
  region size 1024K, 92 young (94208K), 9 survivors (9216K)
 Metaspace       used 44655K, capacity 45883K, committed 46080K, reserved 1089536K
  class space    used 5632K, capacity 6061K, committed 6144K, reserved 1048576K
}
Event: 21.383 GC heap after
{Heap after GC invocations=15 (full 0):
 garbage-first heap   total 157696K, used 31559K [0x0000000080000000, 0x0000000100000000)
  region size 1024K, 10 young (10240K), 10 survivors (10240K)
 Metaspace       used 44655K, capacity 45883K, committed 46080K, reserved 1089536K
  class space    used 5632K, capacity 6061K, committed 6144K, reserved 1048576K
}
Event: 22.417 GC heap before
{Heap before GC invocations=15 (full 0):
 garbage-first heap   total 157696K, used 119623K [0x0000000080000000, 0x0000000100000000)
  region size 1024K, 92 young (94208K), 10 survivors (10240K)
 Metaspace       used 48034K, capacity 49335K, committed 49664K, reserved 1091584K
  class space    used 6048K, capacity 6530K, committed 6656K, reserved 1048576K
}
Event: 22.438 GC heap after
{Heap after GC invocations=16 (full 0):
 garbage-first heap   total 157696K, used 32635K [0x0000000080000000, 0x0000000100000000)
  region size 1024K, 5 young (5120K), 5 survivors (5120K)
 Metaspace       used 48034K, capacity 49335K, committed 49664K, reserved 1091584K
  class space    used 6048K, capacity 6530K, committed 6656K, reserved 1048576K
}
Event: 23.639 GC heap before
{Heap before GC invocations=16 (full 0):
 garbage-first heap   total 157696K, used 121723K [0x0000000080000000, 0x0000000100000000)
  region size 1024K, 92 young (94208K), 5 survivors (5120K)
 Metaspace       used 51152K, capacity 52643K, committed 52864K, reserved 1095680K
  class space    used 6505K, capacity 7036K, committed 7040K, reserved 1048576K
}
Event: 23.661 GC heap after
{Heap after GC invocations=17 (full 0):
 garbage-first heap   total 189440K, used 33416K [0x0000000080000000, 0x0000000100000000)
  region size 1024K, 6 young (6144K), 6 survivors (6144K)
 Metaspace       used 51152K, capacity 52643K, committed 52864K, reserved 1095680K
  class space    used 6505K, capacity 7036K, committed 7040K, reserved 1048576K
}
Event: 25.902 GC heap before
{Heap before GC invocations=17 (full 0):
 garbage-first heap   total 189440K, used 136840K [0x0000000080000000, 0x0000000100000000)
  region size 1024K, 104 young (106496K), 6 survivors (6144K)
 Metaspace       used 54581K, capacity 56330K, committed 56576K, reserved 1097728K
  class space    used 6921K, capacity 7579K, committed 7680K, reserved 1048576K
}
Event: 25.926 GC heap after
{Heap after GC invocations=18 (full 0):
 garbage-first heap   total 189440K, used 46505K [0x0000000080000000, 0x0000000100000000)
  region size 1024K, 13 young (13312K), 13 survivors (13312K)
 Metaspace       used 54581K, capacity 56330K, committed 56576K, reserved 1097728K
  class space    used 6921K, capacity 7579K, committed 7680K, reserved 1048576K
}

Deoptimization events (20 events):
Event: 25.480 Thread 0x0000022481645800 Uncommon trap: trap_request=0xffffffb5 fr.pc=0x00000224edc31898 relative=0x00000000000000d8
Event: 25.480 Thread 0x0000022481645800 Uncommon trap: reason=unloaded action=reinterpret pc=0x00000224edc31898 method=jdk.internal.loader.URLClassPath$JarLoader.ensureOpen()V @ 26 c2
Event: 25.480 Thread 0x0000022481645800 DEOPT PACKING pc=0x00000224edc31898 sp=0x000000f63f1f2310
Event: 25.480 Thread 0x0000022481645800 DEOPT UNPACKING pc=0x00000224e608a1af sp=0x000000f63f1f2298 mode 2
Event: 25.553 Thread 0x0000022481645800 DEOPT PACKING pc=0x00000224e6cfd497 sp=0x000000f63f1f0090
Event: 25.553 Thread 0x0000022481645800 DEOPT UNPACKING pc=0x00000224e608a95e sp=0x000000f63f1ef618 mode 0
Event: 25.801 Thread 0x0000022481645800 DEOPT PACKING pc=0x00000224e7389a84 sp=0x000000f63f1f2c30
Event: 25.801 Thread 0x0000022481645800 DEOPT UNPACKING pc=0x00000224e608a95e sp=0x000000f63f1f2208 mode 0
Event: 26.034 Thread 0x0000022481645800 Uncommon trap: trap_request=0xffffff45 fr.pc=0x00000224eded56ac relative=0x0000000000000e8c
Event: 26.034 Thread 0x0000022481645800 Uncommon trap: reason=unstable_fused_if action=reinterpret pc=0x00000224eded56ac method=org.objectweb.asm.ByteVector.putUTF8(Ljava/lang/String;)Lorg/objectweb/asm/ByteVector; @ 93 c2
Event: 26.034 Thread 0x0000022481645800 DEOPT PACKING pc=0x00000224eded56ac sp=0x000000f63f1f5300
Event: 26.034 Thread 0x0000022481645800 DEOPT UNPACKING pc=0x00000224e608a1af sp=0x000000f63f1f5248 mode 2
Event: 26.101 Thread 0x0000022481645800 Uncommon trap: trap_request=0xffffff45 fr.pc=0x00000224ede023cc relative=0x000000000000040c
Event: 26.101 Thread 0x0000022481645800 Uncommon trap: reason=unstable_fused_if action=reinterpret pc=0x00000224ede023cc method=org.objectweb.asm.ByteVector.putUTF8(Ljava/lang/String;)Lorg/objectweb/asm/ByteVector; @ 93 c2
Event: 26.101 Thread 0x0000022481645800 DEOPT PACKING pc=0x00000224ede023cc sp=0x000000f63f1f6620
Event: 26.101 Thread 0x0000022481645800 DEOPT UNPACKING pc=0x00000224e608a1af sp=0x000000f63f1f65a0 mode 2
Event: 26.104 Thread 0x0000022481645800 Uncommon trap: trap_request=0xffffff4d fr.pc=0x00000224ededfa44 relative=0x0000000000001744
Event: 26.104 Thread 0x0000022481645800 Uncommon trap: reason=unstable_if action=reinterpret pc=0x00000224ededfa44 method=org.objectweb.asm.Frame.execute(IILorg/objectweb/asm/Symbol;Lorg/objectweb/asm/SymbolTable;)V @ 1 c2
Event: 26.104 Thread 0x0000022481645800 DEOPT PACKING pc=0x00000224ededfa44 sp=0x000000f63f1f64f0
Event: 26.104 Thread 0x0000022481645800 DEOPT UNPACKING pc=0x00000224e608a1af sp=0x000000f63f1f6488 mode 2

Classes redefined (0 events):
No events

Internal exceptions (20 events):
Event: 25.515 Thread 0x0000022481645800 Exception <a 'java/security/PrivilegedActionException'{0x0000000087c7e0f0}> (0x0000000087c7e0f0) thrown at [src/hotspot/share/prims/jvm.cpp, line 1306]
Event: 25.515 Thread 0x0000022481645800 Exception <a 'java/security/PrivilegedActionException'{0x0000000087c7f658}> (0x0000000087c7f658) thrown at [src/hotspot/share/prims/jvm.cpp, line 1306]
Event: 25.516 Thread 0x0000022481645800 Exception <a 'java/security/PrivilegedActionException'{0x0000000087c97120}> (0x0000000087c97120) thrown at [src/hotspot/share/prims/jvm.cpp, line 1306]
Event: 25.516 Thread 0x0000022481645800 Exception <a 'java/security/PrivilegedActionException'{0x0000000087c98688}> (0x0000000087c98688) thrown at [src/hotspot/share/prims/jvm.cpp, line 1306]
Event: 25.516 Thread 0x0000022481645800 Exception <a 'java/security/PrivilegedActionException'{0x0000000087c9c170}> (0x0000000087c9c170) thrown at [src/hotspot/share/prims/jvm.cpp, line 1306]
Event: 25.516 Thread 0x0000022481645800 Exception <a 'java/security/PrivilegedActionException'{0x0000000087c9d6d8}> (0x0000000087c9d6d8) thrown at [src/hotspot/share/prims/jvm.cpp, line 1306]
Event: 25.516 Thread 0x0000022481645800 Exception <a 'java/security/PrivilegedActionException'{0x0000000087ca10c8}> (0x0000000087ca10c8) thrown at [src/hotspot/share/prims/jvm.cpp, line 1306]
Event: 25.516 Thread 0x0000022481645800 Exception <a 'java/security/PrivilegedActionException'{0x0000000087ca2630}> (0x0000000087ca2630) thrown at [src/hotspot/share/prims/jvm.cpp, line 1306]
Event: 25.517 Thread 0x0000022481645800 Exception <a 'java/security/PrivilegedActionException'{0x0000000087ca6090}> (0x0000000087ca6090) thrown at [src/hotspot/share/prims/jvm.cpp, line 1306]
Event: 25.517 Thread 0x0000022481645800 Exception <a 'java/security/PrivilegedActionException'{0x0000000087ca75f8}> (0x0000000087ca75f8) thrown at [src/hotspot/share/prims/jvm.cpp, line 1306]
Event: 25.517 Thread 0x0000022481645800 Exception <a 'java/security/PrivilegedActionException'{0x0000000087cab0e0}> (0x0000000087cab0e0) thrown at [src/hotspot/share/prims/jvm.cpp, line 1306]
Event: 25.517 Thread 0x0000022481645800 Exception <a 'java/security/PrivilegedActionException'{0x0000000087cac648}> (0x0000000087cac648) thrown at [src/hotspot/share/prims/jvm.cpp, line 1306]
Event: 25.575 Thread 0x0000022481645800 Exception <a 'java/lang/ClassNotFoundException'{0x0000000087719ea8}: sun/misc/SharedSecrets> (0x0000000087719ea8) thrown at [src/hotspot/share/classfile/systemDictionary.cpp, line 230]
Event: 25.575 Thread 0x0000022481645800 Exception <a 'java/lang/ClassNotFoundException'{0x000000008771b1d8}: org/gradle/api/internal/plugins/DefaultObjectConfigurationActionBeanInfo> (0x000000008771b1d8) thrown at [src/hotspot/share/classfile/systemDictionary.cpp, line 230]
Event: 25.577 Thread 0x0000022481645800 Exception <a 'java/lang/ClassNotFoundException'{0x0000000087754bd8}: org/gradle/api/internal/plugins/DefaultObjectConfigurationActionCustomizer> (0x0000000087754bd8) thrown at [src/hotspot/share/classfile/systemDictionary.cpp, line 230]
Event: 25.697 Thread 0x0000022481645800 Exception <a 'java/lang/NoSuchMethodError'{0x0000000086fd5ca8}: 'java.lang.Object java.lang.invoke.DirectMethodHandle$Holder.invokeSpecial(java.lang.Object, java.lang.Object, int, int, int, java.lang.Object, java.lang.Object, java.lang.Object, java.lang.Object)'> (0x0000000086fd5ca8) thrown at [src/hotspot/share/interpreter/linkResolver.cpp, line 773]
Event: 25.698 Thread 0x0000022481645800 Exception <a 'java/lang/NoSuchMethodError'{0x0000000086fda450}: 'java.lang.Object java.lang.invoke.DelegatingMethodHandle$Holder.reinvoke_L(java.lang.Object, int, int, int, java.lang.Object, java.lang.Object, java.lang.Object, java.lang.Object)'> (0x0000000086fda450) thrown at [src/hotspot/share/interpreter/linkResolver.cpp, line 773]
Event: 26.080 Thread 0x0000022481645800 Exception <a 'java/lang/NoSuchMethodError'{0x000000008ac5a378}: 'java.lang.Object java.lang.invoke.DirectMethodHandle$Holder.invokeStatic(java.lang.Object, java.lang.Object, java.lang.Object, java.lang.Object, int)'> (0x000000008ac5a378) thrown at [src/hotspot/share/interpreter/linkResolver.cpp, line 773]
Event: 26.080 Thread 0x0000022481645800 Exception <a 'java/lang/NoSuchMethodError'{0x000000008ac5ea10}: 'java.lang.Object java.lang.invoke.DirectMethodHandle$Holder.invokeSpecial(java.lang.Object, java.lang.Object, java.lang.Object, java.lang.Object, java.lang.Object, int)'> (0x000000008ac5ea10) thrown at [src/hotspot/share/interpreter/linkResolver.cpp, line 773]
Event: 26.083 Thread 0x0000022481645800 Exception <a 'java/lang/NoSuchMethodError'{0x000000008ac62bf8}: 'java.lang.Object java.lang.invoke.Invokers$Holder.linkToTargetMethod(java.lang.Object, java.lang.Object, java.lang.Object, int, java.lang.Object)'> (0x000000008ac62bf8) thrown at [src/hotspot/share/interpreter/linkResolver.cpp, line 773]

Events (20 events):
Event: 26.150 loading class org/gradle/internal/isolated/IsolationScheme$ServicesForIsolatedObject
Event: 26.150 loading class org/gradle/internal/isolated/IsolationScheme$ServicesForIsolatedObject done
Event: 26.152 loading class com/android/build/gradle/options/ProjectOptions
Event: 26.152 loading class com/android/build/gradle/options/ProjectOptions done
Event: 26.155 loading class org/gradle/api/provider/ProviderFactory
Event: 26.155 loading class org/gradle/api/provider/ProviderFactory done
Event: 26.158 loading class com/android/build/gradle/options/Option
Event: 26.158 loading class com/android/build/gradle/options/Option done
Event: 26.160 loading class com/android/utils/ILogger
Event: 26.160 loading class com/android/utils/ILogger done
Event: 26.162 loading class com/android/build/gradle/internal/utils/GuavaKtxKt
Event: 26.162 loading class com/android/build/gradle/internal/utils/GuavaKtxKt done
Event: 26.167 loading class com/google/common/collect/ImmutableMap$MapViewOfValuesAsSingletonSets
Event: 26.168 loading class com/google/common/collect/ImmutableMap$MapViewOfValuesAsSingletonSets done
Event: 26.169 loading class com/google/common/collect/ImmutableBiMap
Event: 26.169 loading class com/google/common/collect/ImmutableBiMap done
Event: 26.170 loading class com/google/common/collect/ImmutableBiMapFauxverideShim
Event: 26.170 loading class com/google/common/collect/ImmutableBiMapFauxverideShim done
Event: 26.171 loading class com/google/common/collect/ImmutableMap$1
Event: 26.171 loading class com/google/common/collect/ImmutableMap$1 done


Dynamic libraries:
0x00007ff7a6e00000 - 0x00007ff7a6e0a000 	C:\Program Files\Android\Android Studio\jbr\bin\java.exe
0x00007ff902a30000 - 0x00007ff902c28000 	C:\WINDOWS\SYSTEM32\ntdll.dll
0x00007ff901d00000 - 0x00007ff901dbf000 	C:\WINDOWS\System32\KERNEL32.DLL
0x00007ff9002a0000 - 0x00007ff900596000 	C:\WINDOWS\System32\KERNELBASE.dll
0x00007ff9001a0000 - 0x00007ff9002a0000 	C:\WINDOWS\System32\ucrtbase.dll
0x00007ff8ec850000 - 0x00007ff8ec867000 	C:\Program Files\Android\Android Studio\jbr\bin\jli.dll
0x00007ff9027f0000 - 0x00007ff90298d000 	C:\WINDOWS\System32\USER32.dll
0x00007ff900610000 - 0x00007ff900632000 	C:\WINDOWS\System32\win32u.dll
0x00007ff902120000 - 0x00007ff90214c000 	C:\WINDOWS\System32\GDI32.dll
0x00007ff8f81b0000 - 0x00007ff8f81cb000 	C:\Program Files\Android\Android Studio\jbr\bin\VCRUNTIME140.dll
0x00007ff9006e0000 - 0x00007ff9007f5000 	C:\WINDOWS\System32\gdi32full.dll
0x00007ff900640000 - 0x00007ff9006dd000 	C:\WINDOWS\System32\msvcp_win.dll
0x00007ff8ebc40000 - 0x00007ff8ebeda000 	C:\WINDOWS\WinSxS\amd64_microsoft.windows.common-controls_6595b64144ccf1df_6.0.19041.1110_none_60b5254171f9507e\COMCTL32.dll
0x00007ff9024d0000 - 0x00007ff90256e000 	C:\WINDOWS\System32\msvcrt.dll
0x00007ff901400000 - 0x00007ff901430000 	C:\WINDOWS\System32\IMM32.DLL
0x00007ff8fb560000 - 0x00007ff8fb56c000 	C:\Program Files\Android\Android Studio\jbr\bin\vcruntime140_1.dll
0x00007ff8e3770000 - 0x00007ff8e37fd000 	C:\Program Files\Android\Android Studio\jbr\bin\msvcp140.dll
0x00007ff8bb460000 - 0x00007ff8bc01c000 	C:\Program Files\Android\Android Studio\jbr\bin\server\jvm.dll
0x00007ff900f00000 - 0x00007ff900faf000 	C:\WINDOWS\System32\ADVAPI32.dll
0x00007ff902750000 - 0x00007ff9027ec000 	C:\WINDOWS\System32\sechost.dll
0x00007ff902570000 - 0x00007ff902696000 	C:\WINDOWS\System32\RPCRT4.dll
0x00007ff902740000 - 0x00007ff902748000 	C:\WINDOWS\System32\PSAPI.DLL
0x00007ff8f9f30000 - 0x00007ff8f9f39000 	C:\WINDOWS\SYSTEM32\WSOCK32.dll
0x00007ff901010000 - 0x00007ff90107b000 	C:\WINDOWS\System32\WS2_32.dll
0x00007ff8f2a10000 - 0x00007ff8f2a37000 	C:\WINDOWS\SYSTEM32\WINMM.dll
0x00007ff8f3d40000 - 0x00007ff8f3d4a000 	C:\WINDOWS\SYSTEM32\VERSION.dll
0x00007ff8fe910000 - 0x00007ff8fe922000 	C:\WINDOWS\SYSTEM32\kernel.appcore.dll
0x00007ff8f8b10000 - 0x00007ff8f8b20000 	C:\Program Files\Android\Android Studio\jbr\bin\verify.dll
0x00007ff8efcb0000 - 0x00007ff8efe94000 	C:\WINDOWS\SYSTEM32\DBGHELP.DLL
0x00007ff8efc70000 - 0x00007ff8efca4000 	C:\WINDOWS\SYSTEM32\dbgcore.DLL
0x00007ff900110000 - 0x00007ff900192000 	C:\WINDOWS\System32\bcryptPrimitives.dll
0x00007ff8f8ae0000 - 0x00007ff8f8b08000 	C:\Program Files\Android\Android Studio\jbr\bin\java.dll
0x00007ff8f86d0000 - 0x00007ff8f86da000 	C:\Program Files\Android\Android Studio\jbr\bin\jimage.dll
0x00007ff8ec870000 - 0x00007ff8ec87e000 	C:\Program Files\Android\Android Studio\jbr\bin\instrument.dll
0x00007ff8ec830000 - 0x00007ff8ec848000 	C:\Program Files\Android\Android Studio\jbr\bin\zip.dll
0x00007ff9015b0000 - 0x00007ff901cf4000 	C:\WINDOWS\System32\SHELL32.dll
0x00007ff8fdb30000 - 0x00007ff8fe2c3000 	C:\WINDOWS\SYSTEM32\windows.storage.dll
0x00007ff901dc0000 - 0x00007ff902114000 	C:\WINDOWS\System32\combase.dll
0x00007ff8ff9a0000 - 0x00007ff8ff9ce000 	C:\WINDOWS\SYSTEM32\Wldp.dll
0x00007ff902420000 - 0x00007ff9024cd000 	C:\WINDOWS\System32\SHCORE.dll
0x00007ff902990000 - 0x00007ff9029e5000 	C:\WINDOWS\System32\shlwapi.dll
0x00007ff900050000 - 0x00007ff90006f000 	C:\WINDOWS\SYSTEM32\profapi.dll
0x00007ff8e1a40000 - 0x00007ff8e1a4a000 	C:\Program Files\Android\Android Studio\jbr\bin\management.dll
0x00007ff8e19d0000 - 0x00007ff8e19db000 	C:\Program Files\Android\Android Studio\jbr\bin\management_ext.dll
0x00007ff8c9c80000 - 0x00007ff8c9c99000 	C:\Program Files\Android\Android Studio\jbr\bin\net.dll
0x00007ff8f5190000 - 0x00007ff8f529a000 	C:\WINDOWS\SYSTEM32\WINHTTP.dll
0x00007ff8ff780000 - 0x00007ff8ff7ea000 	C:\WINDOWS\system32\mswsock.dll
0x00007ff8c9c60000 - 0x00007ff8c9c73000 	C:\Program Files\Android\Android Studio\jbr\bin\nio.dll
0x00007ff8bded0000 - 0x00007ff8bdee7000 	C:\WINDOWS\system32\napinsp.dll
0x00007ff8bdeb0000 - 0x00007ff8bdecb000 	C:\WINDOWS\system32\pnrpnsp.dll
0x00007ff8e03c0000 - 0x00007ff8e03d5000 	C:\WINDOWS\system32\wshbth.dll
0x00007ff8fb4a0000 - 0x00007ff8fb4bd000 	C:\WINDOWS\system32\NLAapi.dll
0x00007ff8ff490000 - 0x00007ff8ff4cc000 	C:\WINDOWS\SYSTEM32\IPHLPAPI.DLL
0x00007ff8ff4d0000 - 0x00007ff8ff59a000 	C:\WINDOWS\SYSTEM32\DNSAPI.dll
0x00007ff902410000 - 0x00007ff902418000 	C:\WINDOWS\System32\NSI.dll
0x00007ff8bde90000 - 0x00007ff8bdea2000 	C:\WINDOWS\System32\winrnr.dll
0x00007ff8f3b20000 - 0x00007ff8f3b2a000 	C:\Windows\System32\rasadhlp.dll
0x00007ff8f5020000 - 0x00007ff8f50a2000 	C:\WINDOWS\System32\fwpuclnt.dll
0x00007ff900a60000 - 0x00007ff900a87000 	C:\WINDOWS\System32\bcrypt.dll
0x00007ff8fb520000 - 0x00007ff8fb547000 	C:\Users\shahzaib lptp\AndroidStudioProjects\loginsqlite\native\68d5fa5c4cc2d200863cafc0d521ce42e7d3e7ee720ec0a83991735586a16f82\windows-amd64\native-platform.dll
0x00007ff8b9de0000 - 0x00007ff8b9f24000 	C:\Users\shahzaib lptp\AndroidStudioProjects\loginsqlite\native\e376f236ea51e6404a007f0833ffe2c6e607c4080706a723a18a27aeea778392\windows-amd64\native-platform-file-events.dll
0x00007ff8ffcf0000 - 0x00007ff8ffd08000 	C:\WINDOWS\SYSTEM32\CRYPTSP.dll
0x00007ff8ff0c0000 - 0x00007ff8ff0f4000 	C:\WINDOWS\system32\rsaenh.dll
0x00007ff900010000 - 0x00007ff90003e000 	C:\WINDOWS\SYSTEM32\USERENV.dll
0x00007ff8ff910000 - 0x00007ff8ff91c000 	C:\WINDOWS\SYSTEM32\CRYPTBASE.dll
0x00007ff8f6ef0000 - 0x00007ff8f6f07000 	C:\WINDOWS\SYSTEM32\dhcpcsvc6.DLL
0x00007ff8f6ed0000 - 0x00007ff8f6eed000 	C:\WINDOWS\SYSTEM32\dhcpcsvc.DLL

dbghelp: loaded successfully - version: 4.0.5 - missing functions: none
symbol engine: initialized successfully - sym options: 0x614 - pdb path: .;C:\Program Files\Android\Android Studio\jbr\bin;C:\WINDOWS\SYSTEM32;C:\WINDOWS\WinSxS\amd64_microsoft.windows.common-controls_6595b64144ccf1df_6.0.19041.1110_none_60b5254171f9507e;C:\Program Files\Android\Android Studio\jbr\bin\server;C:\Users\shahzaib lptp\AndroidStudioProjects\loginsqlite\native\68d5fa5c4cc2d200863cafc0d521ce42e7d3e7ee720ec0a83991735586a16f82\windows-amd64;C:\Users\shahzaib lptp\AndroidStudioProjects\loginsqlite\native\e376f236ea51e6404a007f0833ffe2c6e607c4080706a723a18a27aeea778392\windows-amd64

VM Arguments:
jvm_args: --add-opens=java.base/java.util.concurrent.atomic=ALL-UNNAMED -javaagent:C:\Program Files\Android\Android Studio\plugins\android\resources\trace_agent.jar=C:\Users\SHAHZA~1\AppData\Local\Temp\sync.trace.profile --add-opens=java.base/java.util=ALL-UNNAMED --add-opens=java.base/java.lang=ALL-UNNAMED --add-opens=java.base/java.lang.invoke=ALL-UNNAMED --add-opens=java.prefs/java.util.prefs=ALL-UNNAMED --add-opens=java.base/java.nio.charset=ALL-UNNAMED --add-opens=java.base/java.net=ALL-UNNAMED --add-opens=java.base/java.util.concurrent.atomic=ALL-UNNAMED -Xmx2048m -Dfile.encoding=UTF-8 -Duser.country=US -Duser.language=en -Duser.variant -javaagent:C:\Users\shahzaib lptp\AndroidStudioProjects\loginsqlite\wrapper\dists\gradle-8.3-rc-1-bin\3lbs5z64xhcdp1uarsx2vp16o\gradle-8.3-rc-1\lib\agents\gradle-instrumentation-agent-8.3.jar 
java_command: org.gradle.launcher.daemon.bootstrap.GradleDaemon 8.3-rc-1
java_class_path (initial): C:\Users\shahzaib lptp\AndroidStudioProjects\loginsqlite\wrapper\dists\gradle-8.3-rc-1-bin\3lbs5z64xhcdp1uarsx2vp16o\gradle-8.3-rc-1\lib\gradle-launcher-8.3.jar
Launcher Type: SUN_STANDARD

[Global flags]
     intx CICompilerCount                          = 3                                         {product} {ergonomic}
     uint ConcGCThreads                            = 1                                         {product} {ergonomic}
     uint G1ConcRefinementThreads                  = 4                                         {product} {ergonomic}
   size_t G1HeapRegionSize                         = 1048576                                   {product} {ergonomic}
    uintx GCDrainStackTargetSize                   = 64                                        {product} {ergonomic}
   size_t InitialHeapSize                          = 134217728                                 {product} {ergonomic}
   size_t MarkStackSize                            = 4194304                                   {product} {ergonomic}
   size_t MaxHeapSize                              = 2147483648                                {product} {command line}
   size_t MaxNewSize                               = 1287651328                                {product} {ergonomic}
   size_t MinHeapDeltaBytes                        = 1048576                                   {product} {ergonomic}
    uintx NonNMethodCodeHeapSize                   = 5830732                                {pd product} {ergonomic}
    uintx NonProfiledCodeHeapSize                  = 122913754                              {pd product} {ergonomic}
    uintx ProfiledCodeHeapSize                     = 122913754                              {pd product} {ergonomic}
    uintx ReservedCodeCacheSize                    = 251658240                              {pd product} {ergonomic}
     bool SegmentedCodeCache                       = true                                      {product} {ergonomic}
     bool UseCompressedClassPointers               = true                                 {lp64_product} {ergonomic}
     bool UseCompressedOops                        = true                                 {lp64_product} {ergonomic}
     bool UseG1GC                                  = true                                      {product} {ergonomic}
     bool UseLargePagesIndividualAllocation        = false                                  {pd product} {ergonomic}

Logging:
Log output configuration:
 #0: stdout all=warning uptime,level,tags
 #1: stderr all=off uptime,level,tags

Environment Variables:
PATH=C:\Program Files\Python310\Scripts\;C:\Program Files\Python310\;C:\Program Files\Common Files\Oracle\Java\javapath;C:\app\bin;C:\app\shahzaiblptp\product\11.2.0\dbhome_1\bin;C:\WINDOWS\system32;C:\WINDOWS;C:\WINDOWS\System32\Wbem;C:\WINDOWS\System32\WindowsPowerShell\v1.0\;c:\Program Files (x86)\Microsoft SQL Server\100\Tools\Binn\;c:\Program Files\Microsoft SQL Server\100\Tools\Binn\;c:\Program Files\Microsoft SQL Server\100\DTS\Binn\;C:\WINDOWS\System32\OpenSSH\;C:\ProgramData\chocolatey\bin;%JAVA_HOME%\bin;C:\Program Files\Git\cmd;C:\WINDOWS\System32;C:\Users\shahzaib lptp\AppData\Local\Microsoft\WindowsApps;C:\Program Files\JetBrains\IntelliJ IDEA Community Edition 2021.3\bin;;C:\Program Files\Python310\PyCharm Community Edition 2022.1\bin;;C:\Users\shahzaib lptp\AppData\Local\Programs\Microsoft VS Code\bin;C:\Program Files\flutter\bin;C:\src\flutter\bin;C:\Program Files\Android\Android Studio\bin;
USERNAME=shahzaib lptp
OS=Windows_NT
PROCESSOR_IDENTIFIER=Intel64 Family 6 Model 69 Stepping 1, GenuineIntel



---------------  S Y S T E M  ---------------

OS: Windows 10 , 64 bit Build 19041 (10.0.19041.3031)
OS uptime: 1 days 7:15 hours
Hyper-V role detected

CPU:total 4 (initial active 4) (2 cores per cpu, 2 threads per core) family 6 model 69 stepping 1 microcode 0x26, cmov, cx8, fxsr, mmx, sse, sse2, sse3, ssse3, sse4.1, sse4.2, popcnt, avx, avx2, aes, clmul, erms, lzcnt, ht, tsc, tscinvbit, bmi1, bmi2, fma

Memory: 4k page, system-wide physical 8073M (540M free)
TotalPageFile size 10073M (AvailPageFile size 5M)
current process WorkingSet (physical memory assigned to process): 360M, peak: 360M
current process commit charge ("private bytes"): 395M, peak: 396M

vm_info: OpenJDK 64-Bit Server VM (11.0.15+0-b2043.56-9505619) for windows-amd64 JRE (11.0.15+0-b2043.56-9505619), built on Jan 19 2023 02:48:00 by "builduser" with unknown MS VC++:1929

END.
