#
# There is insufficient memory for the Java Runtime Environment to continue.
# Native memory allocation (malloc) failed to allocate 1826896 bytes for Chunk::new
# Possible reasons:
#   The system is out of physical RAM or swap space
#   The process is running with CompressedOops enabled, and the Java Heap may be blocking the growth of the native heap
# Possible solutions:
#   Reduce memory load on the system
#   Increase physical memory or swap space
#   Check if swap backing store is full
#   Decrease Java heap size (-Xmx/-Xms)
#   Decrease number of Java threads
#   Decrease Java thread stack sizes (-Xss)
#   Set larger code cache with -XX:ReservedCodeCacheSize=
#   JVM is running with Unscaled Compressed Oops mode in which the Java heap is
#     placed in the first 4GB address space. The Java Heap base address is the
#     maximum limit for the native heap growth. Please use -XX:HeapBaseMinAddress
#     to set the Java Heap base and to place the Java Heap above 4GB virtual address.
# This output file may be truncated or incomplete.
#
#  Out of Memory Error (src/hotspot/share/memory/arena.cpp:197), pid=11920, tid=11640
#
# JRE version: OpenJDK Runtime Environment (11.0.15) (build 11.0.15+0-b2043.56-9505619)
# Java VM: OpenJDK 64-Bit Server VM (11.0.15+0-b2043.56-9505619, mixed mode, tiered, compressed oops, g1 gc, windows-amd64)
# No core dump will be written. Minidumps are not enabled by default on client versions of Windows
#

---------------  S U M M A R Y ------------

Command Line: -javaagent:C:\Program Files\Android\Android Studio\plugins\android\resources\trace_agent.jar=C:\Users\SHAHZA~1\AppData\Local\Temp\sync.trace.profile --add-opens=java.base/java.util=ALL-UNNAMED --add-opens=java.base/java.lang=ALL-UNNAMED --add-opens=java.base/java.lang.invoke=ALL-UNNAMED --add-opens=java.base/java.util=ALL-UNNAMED --add-opens=java.prefs/java.util.prefs=ALL-UNNAMED --add-opens=java.prefs/java.util.prefs=ALL-UNNAMED --add-opens=java.base/java.nio.charset=ALL-UNNAMED --add-opens=java.base/java.net=ALL-UNNAMED --add-opens=java.base/java.util.concurrent.atomic=ALL-UNNAMED -Xmx2048m -Dfile.encoding=UTF-8 -Duser.country=US -Duser.language=en -Duser.variant org.gradle.launcher.daemon.bootstrap.GradleDaemon 7.5

Host: Intel(R) Core(TM) i5-4310U CPU @ 2.00GHz, 4 cores, 7G,  Windows 10 , 64 bit Build 19041 (10.0.19041.2913)
Time: Tue Jun 13 13:47:59 2023 Pakistan Standard Time elapsed time: 8249.855677 seconds (0d 2h 17m 29s)

---------------  T H R E A D  ---------------

Current thread (0x0000022daccac800):  JavaThread "C2 CompilerThread0" daemon [_thread_in_native, id=11640, stack(0x000000e707300000,0x000000e707400000)]


Current CompileTask:
C2:8249855 40757       4       org.gradle.internal.service.DefaultServiceRegistry$ClassInspector::getDetailsForClass (50 bytes)

Stack: [0x000000e707300000,0x000000e707400000]
Native frames: (J=compiled Java code, j=interpreted, Vv=VM code, C=native code)
V  [jvm.dll+0x64135a]
V  [jvm.dll+0x7d39f9]
V  [jvm.dll+0x7d51b9]
V  [jvm.dll+0x7d58a3]
V  [jvm.dll+0x2691c5]
V  [jvm.dll+0xc1a5c]
V  [jvm.dll+0xc200c]
V  [jvm.dll+0x3774a7]
V  [jvm.dll+0x1b3914]
V  [jvm.dll+0x22163e]
V  [jvm.dll+0x220498]
V  [jvm.dll+0x19e851]
V  [jvm.dll+0x230479]
V  [jvm.dll+0x22e5ef]
V  [jvm.dll+0x794de1]
V  [jvm.dll+0x78dc24]
V  [jvm.dll+0x6400f6]
C  [ucrtbase.dll+0x21bb2]
C  [KERNEL32.DLL+0x17614]
C  [ntdll.dll+0x526a1]


---------------  P R O C E S S  ---------------

Threads class SMR info:
_java_thread_list=0x0000022db688d000, length=112, elements={
0x0000022d93076000, 0x0000022dacc88000, 0x0000022dacc8a000, 0x0000022dacca4000,
0x0000022dacca6000, 0x0000022dacca9800, 0x0000022daccac800, 0x0000022daccb0000,
0x0000022daccb8800, 0x0000022dacc28000, 0x0000022dae111000, 0x0000022db13ea000,
0x0000022db1868800, 0x0000022db3fa1000, 0x0000022db3fa5000, 0x0000022db3fa2000,
0x0000022db3fa2800, 0x0000022db3fa3800, 0x0000022db3fa0800, 0x0000022db4379000,
0x0000022db4376800, 0x0000022db4377800, 0x0000022db4375000, 0x0000022db4378800,
0x0000022daedfc800, 0x0000022daedfb000, 0x0000022dbef6f800, 0x0000022db23a0800,
0x0000022db3ecb800, 0x0000022db4382000, 0x0000022db3ed4800, 0x0000022db3ec9000,
0x0000022db3ecf000, 0x0000022db3ece000, 0x0000022db012b000, 0x0000022dbef72000,
0x0000022db3ecc800, 0x0000022db3ed2000, 0x0000022db437b800, 0x0000022db0127000,
0x0000022db437a800, 0x0000022db4376000, 0x0000022daedff000, 0x0000022daedfe000,
0x0000022daedfc000, 0x0000022db437c800, 0x0000022db4374000, 0x0000022db437d000,
0x0000022db012c000, 0x0000022db3fa4800, 0x0000022db3fa6000, 0x0000022db3fa7000,
0x0000022db5fef800, 0x0000022db5fef000, 0x0000022db5fea000, 0x0000022db5ff0800,
0x0000022db5ff1800, 0x0000022db5feb800, 0x0000022db5ff2000, 0x0000022db5fed000,
0x0000022db5ff3000, 0x0000022db5fee000, 0x0000022db5ff7000, 0x0000022db5ff3800,
0x0000022db5ff8000, 0x0000022db5ff4800, 0x0000022db5ff6000, 0x0000022db5ff8800,
0x0000022db5ff5800, 0x0000022db23a6000, 0x0000022db23a4800, 0x0000022db23a7000,
0x0000022db23a1000, 0x0000022db23a5000, 0x0000022db23a7800, 0x0000022db23a2000,
0x0000022db23a3000, 0x0000022db23a9800, 0x0000022db23a3800, 0x0000022db23af000,
0x0000022db23ab000, 0x0000022db23aa000, 0x0000022db23ab800, 0x0000022db23ac800,
0x0000022db23ad800, 0x0000022db23ae000, 0x0000022daedf1000, 0x0000022daedf2000,
0x0000022daedf6000, 0x0000022daedf3000, 0x0000022daedf0800, 0x0000022daedf8800,
0x0000022daedf7000, 0x0000022daedf3800, 0x0000022daedfa000, 0x0000022daedf4800,
0x0000022daedf5000, 0x0000022daedfd800, 0x0000022daedf7800, 0x0000022db437f800,
0x0000022db437a000, 0x0000022db4381000, 0x0000022db437e000, 0x0000022dbbe8d000,
0x0000022db437f000, 0x0000022db4380800, 0x0000022db69b5000, 0x0000022db69ba800,
0x0000022db69bb800, 0x0000022db69b8000, 0x0000022db69ba000, 0x0000022db69b9000
}

Java Threads: ( => current thread )
  0x0000022d93076000 JavaThread "main" [_thread_blocked, id=13072, stack(0x000000e706700000,0x000000e706800000)]
  0x0000022dacc88000 JavaThread "Reference Handler" daemon [_thread_blocked, id=11544, stack(0x000000e706e00000,0x000000e706f00000)]
  0x0000022dacc8a000 JavaThread "Finalizer" daemon [_thread_blocked, id=1592, stack(0x000000e706f00000,0x000000e707000000)]
  0x0000022dacca4000 JavaThread "Signal Dispatcher" daemon [_thread_blocked, id=13036, stack(0x000000e707000000,0x000000e707100000)]
  0x0000022dacca6000 JavaThread "Attach Listener" daemon [_thread_blocked, id=6232, stack(0x000000e707100000,0x000000e707200000)]
  0x0000022dacca9800 JavaThread "Service Thread" daemon [_thread_blocked, id=12128, stack(0x000000e707200000,0x000000e707300000)]
=>0x0000022daccac800 JavaThread "C2 CompilerThread0" daemon [_thread_in_native, id=11640, stack(0x000000e707300000,0x000000e707400000)]
  0x0000022daccb0000 JavaThread "C1 CompilerThread0" daemon [_thread_blocked, id=6888, stack(0x000000e707400000,0x000000e707500000)]
  0x0000022daccb8800 JavaThread "Sweeper thread" daemon [_thread_blocked, id=12476, stack(0x000000e707500000,0x000000e707600000)]
  0x0000022dacc28000 JavaThread "Common-Cleaner" daemon [_thread_blocked, id=10308, stack(0x000000e707600000,0x000000e707700000)]
  0x0000022dae111000 JavaThread "Daemon health stats" [_thread_blocked, id=5452, stack(0x000000e707b00000,0x000000e707c00000)]
  0x0000022db13ea000 JavaThread "Incoming local TCP Connector on port 51136" [_thread_in_native, id=11432, stack(0x000000e707c00000,0x000000e707d00000)]
  0x0000022db1868800 JavaThread "Daemon periodic checks" [_thread_blocked, id=3308, stack(0x000000e707d00000,0x000000e707e00000)]
  0x0000022db3fa1000 JavaThread "Cache worker for journal cache (C:\Users\shahzaib lptp\AndroidStudioProjects\loginsqlite\caches\journal-1)" [_thread_blocked, id=11312, stack(0x000000e708600000,0x000000e708700000)]
  0x0000022db3fa5000 JavaThread "File lock request listener" [_thread_in_native, id=11972, stack(0x000000e708700000,0x000000e708800000)]
  0x0000022db3fa2000 JavaThread "Cache worker for file hash cache (C:\Users\shahzaib lptp\AndroidStudioProjects\loginsqlite\caches\7.5\fileHashes)" [_thread_blocked, id=12692, stack(0x000000e708800000,0x000000e708900000)]
  0x0000022db3fa2800 JavaThread "File watcher server" daemon [_thread_in_native, id=8024, stack(0x000000e708900000,0x000000e708a00000)]
  0x0000022db3fa3800 JavaThread "File watcher consumer" daemon [_thread_blocked, id=12392, stack(0x000000e708a00000,0x000000e708b00000)]
  0x0000022db3fa0800 JavaThread "Cache worker for file content cache (C:\Users\shahzaib lptp\AndroidStudioProjects\loginsqlite\caches\7.5\fileContent)" [_thread_blocked, id=11960, stack(0x000000e708d00000,0x000000e708e00000)]
  0x0000022db4379000 JavaThread "Cache worker for execution history cache (C:\Users\shahzaib lptp\AndroidStudioProjects\loginsqlite\caches\7.5\executionHistory)" [_thread_blocked, id=11840, stack(0x000000e709000000,0x000000e709100000)]
  0x0000022db4376800 JavaThread "jar transforms" [_thread_blocked, id=6692, stack(0x000000e709100000,0x000000e709200000)]
  0x0000022db4377800 JavaThread "jar transforms Thread 2" [_thread_blocked, id=3288, stack(0x000000e709200000,0x000000e709300000)]
  0x0000022db4375000 JavaThread "jar transforms Thread 3" [_thread_blocked, id=6272, stack(0x000000e709300000,0x000000e709400000)]
  0x0000022db4378800 JavaThread "jar transforms Thread 4" [_thread_blocked, id=6536, stack(0x000000e709400000,0x000000e709500000)]
  0x0000022daedfc800 JavaThread "Memory manager" [_thread_blocked, id=7236, stack(0x000000e70c000000,0x000000e70c100000)]
  0x0000022daedfb000 JavaThread "pool-3-thread-1" [_thread_blocked, id=7012, stack(0x000000e70c100000,0x000000e70c200000)]
  0x0000022dbef6f800 JavaThread "Cache worker for Java compile cache (C:\Users\shahzaib lptp\AndroidStudioProjects\loginsqlite\caches\7.5\javaCompile)" [_thread_blocked, id=12728, stack(0x000000e706600000,0x000000e706700000)]
  0x0000022db23a0800 JavaThread "pool-9-thread-1" [_thread_blocked, id=9940, stack(0x000000e70bf00000,0x000000e70c000000)]
  0x0000022db3ecb800 JavaThread "pool-14-thread-1" [_thread_blocked, id=11752, stack(0x000000e70be00000,0x000000e70bf00000)]
  0x0000022db4382000 JavaThread "pool-19-thread-1" [_thread_blocked, id=5240, stack(0x000000e70c200000,0x000000e70c300000)]
  0x0000022db3ed4800 JavaThread "pool-24-thread-1" [_thread_blocked, id=8516, stack(0x000000e70c300000,0x000000e70c400000)]
  0x0000022db3ec9000 JavaThread "pool-27-thread-1" [_thread_blocked, id=11412, stack(0x000000e70c400000,0x000000e70c500000)]
  0x0000022db3ecf000 JavaThread "pool-32-thread-1" [_thread_blocked, id=7692, stack(0x000000e70c500000,0x000000e70c600000)]
  0x0000022db3ece000 JavaThread "pool-37-thread-1" [_thread_blocked, id=10388, stack(0x000000e70c600000,0x000000e70c700000)]
  0x0000022db012b000 JavaThread "pool-42-thread-1" [_thread_blocked, id=3360, stack(0x000000e70c700000,0x000000e70c800000)]
  0x0000022dbef72000 JavaThread "pool-47-thread-1" [_thread_blocked, id=3264, stack(0x000000e70c800000,0x000000e70c900000)]
  0x0000022db3ecc800 JavaThread "pool-52-thread-1" [_thread_blocked, id=10820, stack(0x000000e70c900000,0x000000e70ca00000)]
  0x0000022db3ed2000 JavaThread "pool-57-thread-1" [_thread_blocked, id=6756, stack(0x000000e70ca00000,0x000000e70cb00000)]
  0x0000022db437b800 JavaThread "pool-62-thread-1" [_thread_blocked, id=4256, stack(0x000000e70cb00000,0x000000e70cc00000)]
  0x0000022db0127000 JavaThread "pool-66-thread-1" [_thread_blocked, id=5080, stack(0x000000e70cc00000,0x000000e70cd00000)]
  0x0000022db437a800 JavaThread "pool-71-thread-1" [_thread_blocked, id=9788, stack(0x000000e70cd00000,0x000000e70ce00000)]
  0x0000022db4376000 JavaThread "pool-76-thread-1" [_thread_blocked, id=6160, stack(0x000000e70ce00000,0x000000e70cf00000)]
  0x0000022daedff000 JavaThread "pool-81-thread-1" [_thread_blocked, id=13148, stack(0x000000e708f00000,0x000000e709000000)]
  0x0000022daedfe000 JavaThread "pool-86-thread-1" [_thread_blocked, id=5040, stack(0x000000e70d000000,0x000000e70d100000)]
  0x0000022daedfc000 JavaThread "pool-91-thread-1" [_thread_blocked, id=11504, stack(0x000000e70d100000,0x000000e70d200000)]
  0x0000022db437c800 JavaThread "pool-96-thread-1" [_thread_blocked, id=5248, stack(0x000000e70cf00000,0x000000e70d000000)]
  0x0000022db4374000 JavaThread "pool-100-thread-1" [_thread_blocked, id=2500, stack(0x000000e70d300000,0x000000e70d400000)]
  0x0000022db437d000 JavaThread "pool-105-thread-1" [_thread_blocked, id=13140, stack(0x000000e70d400000,0x000000e70d500000)]
  0x0000022db012c000 JavaThread "ForkJoinPool.commonPool-worker-5" daemon [_thread_blocked, id=10664, stack(0x000000e70e400000,0x000000e70e500000)]
  0x0000022db3fa4800 JavaThread "ForkJoinPool.commonPool-worker-7" daemon [_thread_blocked, id=9460, stack(0x000000e70e500000,0x000000e70e600000)]
  0x0000022db3fa6000 JavaThread "Daemon Thread 20" [_thread_blocked, id=11652, stack(0x000000e706400000,0x000000e706500000)]
  0x0000022db3fa7000 JavaThread "Handler for socket connection from /127.0.0.1:51136 to /127.0.0.1:56296" [_thread_in_native, id=9664, stack(0x000000e706500000,0x000000e706600000)]
  0x0000022db5fef800 JavaThread "Cancel handler" [_thread_blocked, id=3232, stack(0x000000e707700000,0x000000e707800000)]
  0x0000022db5fef000 JavaThread "Daemon worker Thread 20" [_thread_blocked, id=2136, stack(0x000000e707e00000,0x000000e707f00000)]
  0x0000022db5fea000 JavaThread "Asynchronous log dispatcher for DefaultDaemonConnection: socket connection from /127.0.0.1:51136 to /127.0.0.1:56296" [_thread_blocked, id=12596, stack(0x000000e707f00000,0x000000e708000000)]
  0x0000022db5ff0800 JavaThread "Stdin handler" [_thread_blocked, id=12828, stack(0x000000e708000000,0x000000e708100000)]
  0x0000022db5ff1800 JavaThread "Daemon client event forwarder" [_thread_blocked, id=10076, stack(0x000000e708100000,0x000000e708200000)]
  0x0000022db5feb800 JavaThread "Cache worker for checksums cache (C:\Users\shahzaib lptp\AndroidStudioProjects\EyeonwaterApp\.gradle\7.5\checksums)" [_thread_blocked, id=7112, stack(0x000000e708200000,0x000000e708300000)]
  0x0000022db5ff2000 JavaThread "Cache worker for cache directory md-rule (C:\Users\shahzaib lptp\AndroidStudioProjects\loginsqlite\caches\7.5\md-rule)" [_thread_blocked, id=932, stack(0x000000e708300000,0x000000e708400000)]
  0x0000022db5fed000 JavaThread "Cache worker for file hash cache (C:\Users\shahzaib lptp\AndroidStudioProjects\EyeonwaterApp\.gradle\7.5\fileHashes)" [_thread_blocked, id=10496, stack(0x000000e708400000,0x000000e708500000)]
  0x0000022db5ff3000 JavaThread "Cache worker for cache directory md-supplier (C:\Users\shahzaib lptp\AndroidStudioProjects\loginsqlite\caches\7.5\md-supplier)" [_thread_blocked, id=10276, stack(0x000000e708b00000,0x000000e708c00000)]
  0x0000022db5fee000 JavaThread "Cache worker for dependencies-accessors (C:\Users\shahzaib lptp\AndroidStudioProjects\EyeonwaterApp\.gradle\7.5\dependencies-accessors)" [_thread_blocked, id=12872, stack(0x000000e708c00000,0x000000e708d00000)]
  0x0000022db5ff7000 JavaThread "Cache worker for Build Output Cleanup Cache (C:\Users\shahzaib lptp\AndroidStudioProjects\EyeonwaterApp\.gradle\buildOutputCleanup)" [_thread_blocked, id=10488, stack(0x000000e708e00000,0x000000e708f00000)]
  0x0000022db5ff3800 JavaThread "Unconstrained build operations" [_thread_blocked, id=7164, stack(0x000000e709500000,0x000000e709600000)]
  0x0000022db5ff8000 JavaThread "Unconstrained build operations Thread 2" [_thread_blocked, id=12580, stack(0x000000e709600000,0x000000e709700000)]
  0x0000022db5ff4800 JavaThread "Unconstrained build operations Thread 3" [_thread_blocked, id=10744, stack(0x000000e709700000,0x000000e709800000)]
  0x0000022db5ff6000 JavaThread "Unconstrained build operations Thread 4" [_thread_blocked, id=8128, stack(0x000000e709800000,0x000000e709900000)]
  0x0000022db5ff8800 JavaThread "Unconstrained build operations Thread 5" [_thread_blocked, id=12688, stack(0x000000e709900000,0x000000e709a00000)]
  0x0000022db5ff5800 JavaThread "Unconstrained build operations Thread 6" [_thread_blocked, id=12440, stack(0x000000e709a00000,0x000000e709b00000)]
  0x0000022db23a6000 JavaThread "Unconstrained build operations Thread 7" [_thread_blocked, id=2776, stack(0x000000e709b00000,0x000000e709c00000)]
  0x0000022db23a4800 JavaThread "Unconstrained build operations Thread 8" [_thread_blocked, id=7300, stack(0x000000e709c00000,0x000000e709d00000)]
  0x0000022db23a7000 JavaThread "Unconstrained build operations Thread 9" [_thread_blocked, id=7600, stack(0x000000e709d00000,0x000000e709e00000)]
  0x0000022db23a1000 JavaThread "Unconstrained build operations Thread 10" [_thread_blocked, id=11996, stack(0x000000e709e00000,0x000000e709f00000)]
  0x0000022db23a5000 JavaThread "Unconstrained build operations Thread 11" [_thread_blocked, id=12344, stack(0x000000e709f00000,0x000000e70a000000)]
  0x0000022db23a7800 JavaThread "Unconstrained build operations Thread 12" [_thread_blocked, id=9984, stack(0x000000e70a000000,0x000000e70a100000)]
  0x0000022db23a2000 JavaThread "Unconstrained build operations Thread 13" [_thread_blocked, id=8408, stack(0x000000e70a100000,0x000000e70a200000)]
  0x0000022db23a3000 JavaThread "Unconstrained build operations Thread 14" [_thread_blocked, id=8340, stack(0x000000e70a200000,0x000000e70a300000)]
  0x0000022db23a9800 JavaThread "Unconstrained build operations Thread 15" [_thread_blocked, id=8680, stack(0x000000e70a300000,0x000000e70a400000)]
  0x0000022db23a3800 JavaThread "Unconstrained build operations Thread 16" [_thread_blocked, id=9684, stack(0x000000e70a400000,0x000000e70a500000)]
  0x0000022db23af000 JavaThread "Unconstrained build operations Thread 17" [_thread_blocked, id=5096, stack(0x000000e70a500000,0x000000e70a600000)]
  0x0000022db23ab000 JavaThread "Unconstrained build operations Thread 18" [_thread_blocked, id=1580, stack(0x000000e70a600000,0x000000e70a700000)]
  0x0000022db23aa000 JavaThread "Unconstrained build operations Thread 19" [_thread_blocked, id=9904, stack(0x000000e70a700000,0x000000e70a800000)]
  0x0000022db23ab800 JavaThread "Unconstrained build operations Thread 20" [_thread_blocked, id=5468, stack(0x000000e70a800000,0x000000e70a900000)]
  0x0000022db23ac800 JavaThread "Unconstrained build operations Thread 21" [_thread_blocked, id=2632, stack(0x000000e70a900000,0x000000e70aa00000)]
  0x0000022db23ad800 JavaThread "Unconstrained build operations Thread 22" [_thread_blocked, id=5864, stack(0x000000e70aa00000,0x000000e70ab00000)]
  0x0000022db23ae000 JavaThread "Unconstrained build operations Thread 23" [_thread_blocked, id=2268, stack(0x000000e70ab00000,0x000000e70ac00000)]
  0x0000022daedf1000 JavaThread "Unconstrained build operations Thread 24" [_thread_blocked, id=10784, stack(0x000000e70ac00000,0x000000e70ad00000)]
  0x0000022daedf2000 JavaThread "Unconstrained build operations Thread 25" [_thread_blocked, id=6156, stack(0x000000e70ad00000,0x000000e70ae00000)]
  0x0000022daedf6000 JavaThread "Unconstrained build operations Thread 26" [_thread_blocked, id=1488, stack(0x000000e70ae00000,0x000000e70af00000)]
  0x0000022daedf3000 JavaThread "Unconstrained build operations Thread 27" [_thread_blocked, id=3344, stack(0x000000e70af00000,0x000000e70b000000)]
  0x0000022daedf0800 JavaThread "Unconstrained build operations Thread 28" [_thread_blocked, id=6184, stack(0x000000e70b000000,0x000000e70b100000)]
  0x0000022daedf8800 JavaThread "Unconstrained build operations Thread 29" [_thread_blocked, id=10520, stack(0x000000e70b100000,0x000000e70b200000)]
  0x0000022daedf7000 JavaThread "Unconstrained build operations Thread 30" [_thread_blocked, id=9968, stack(0x000000e70b200000,0x000000e70b300000)]
  0x0000022daedf3800 JavaThread "Unconstrained build operations Thread 31" [_thread_blocked, id=640, stack(0x000000e70b300000,0x000000e70b400000)]
  0x0000022daedfa000 JavaThread "Unconstrained build operations Thread 32" [_thread_blocked, id=5644, stack(0x000000e70b400000,0x000000e70b500000)]
  0x0000022daedf4800 JavaThread "Unconstrained build operations Thread 33" [_thread_blocked, id=9468, stack(0x000000e70b500000,0x000000e70b600000)]
  0x0000022daedf5000 JavaThread "Unconstrained build operations Thread 34" [_thread_blocked, id=8288, stack(0x000000e70b600000,0x000000e70b700000)]
  0x0000022daedfd800 JavaThread "Unconstrained build operations Thread 35" [_thread_blocked, id=11880, stack(0x000000e70b700000,0x000000e70b800000)]
  0x0000022daedf7800 JavaThread "Unconstrained build operations Thread 36" [_thread_blocked, id=7892, stack(0x000000e70b800000,0x000000e70b900000)]
  0x0000022db437f800 JavaThread "Unconstrained build operations Thread 37" [_thread_blocked, id=356, stack(0x000000e70b900000,0x000000e70ba00000)]
  0x0000022db437a000 JavaThread "Unconstrained build operations Thread 38" [_thread_blocked, id=10064, stack(0x000000e70ba00000,0x000000e70bb00000)]
  0x0000022db4381000 JavaThread "Unconstrained build operations Thread 39" [_thread_blocked, id=6040, stack(0x000000e70bb00000,0x000000e70bc00000)]
  0x0000022db437e000 JavaThread "Unconstrained build operations Thread 40" [_thread_blocked, id=2780, stack(0x000000e70bc00000,0x000000e70bd00000)]
  0x0000022dbbe8d000 JavaThread "C2 CompilerThread1" daemon [_thread_blocked, id=10196, stack(0x000000e70bd00000,0x000000e70be00000)]
  0x0000022db437f000 JavaThread "build event listener" [_thread_blocked, id=6548, stack(0x000000e70d200000,0x000000e70d300000)]
  0x0000022db4380800 JavaThread "pool-109-thread-1" [_thread_blocked, id=8812, stack(0x000000e70d500000,0x000000e70d600000)]
  0x0000022db69b5000 JavaThread "build event listener" [_thread_blocked, id=5416, stack(0x000000e70d600000,0x000000e70d700000)]
  0x0000022db69ba800 JavaThread "included builds" [_thread_in_native, id=6364, stack(0x000000e70d700000,0x000000e70d800000)]
  0x0000022db69bb800 JavaThread "Execution worker" [_thread_blocked, id=12528, stack(0x000000e70d800000,0x000000e70d900000)]
  0x0000022db69b8000 JavaThread "Execution worker Thread 2" [_thread_blocked, id=10936, stack(0x000000e70d900000,0x000000e70da00000)]
  0x0000022db69ba000 JavaThread "Execution worker Thread 3" [_thread_blocked, id=6504, stack(0x000000e70da00000,0x000000e70db00000)]
  0x0000022db69b9000 JavaThread "Cache worker for execution history cache (C:\Users\shahzaib lptp\AndroidStudioProjects\EyeonwaterApp\.gradle\7.5\executionHistory)" [_thread_blocked, id=11820, stack(0x000000e70db00000,0x000000e70dc00000)]

Other Threads:
  0x0000022dacc85800 VMThread "VM Thread" [stack: 0x000000e706d00000,0x000000e706e00000] [id=10432]
  0x0000022dae8ad000 WatcherThread [stack: 0x000000e707800000,0x000000e707900000] [id=12724]
  0x0000022d9308e800 GCTaskThread "GC Thread#0" [stack: 0x000000e706800000,0x000000e706900000] [id=5168]
  0x0000022dae08d000 GCTaskThread "GC Thread#1" [stack: 0x000000e707900000,0x000000e707a00000] [id=10740]
  0x0000022daebd8800 GCTaskThread "GC Thread#2" [stack: 0x000000e707a00000,0x000000e707b00000] [id=11768]
  0x0000022db15d2800 GCTaskThread "GC Thread#3" [stack: 0x000000e708500000,0x000000e708600000] [id=11388]
  0x0000022d930c1000 ConcurrentGCThread "G1 Main Marker" [stack: 0x000000e706900000,0x000000e706a00000] [id=11516]
  0x0000022d930c2800 ConcurrentGCThread "G1 Conc#0" [stack: 0x000000e706a00000,0x000000e706b00000] [id=2744]
  0x0000022d93144000 ConcurrentGCThread "G1 Refine#0" [stack: 0x000000e706b00000,0x000000e706c00000] [id=13136]
  0x0000022dacae0800 ConcurrentGCThread "G1 Young RemSet Sampling" [stack: 0x000000e706c00000,0x000000e706d00000] [id=12860]

Threads with active compile tasks:
C2 CompilerThread0  8249907 40757       4       org.gradle.internal.service.DefaultServiceRegistry$ClassInspector::getDetailsForClass (50 bytes)

VM state:not at safepoint (normal execution)

VM Mutex/Monitor currently owned by a thread: None

Heap address: 0x0000000080000000, size: 2048 MB, Compressed Oops mode: 32-bit
Narrow klass base: 0x0000000000000000, Narrow klass shift: 3
Compressed class space size: 1073741824 Address: 0x0000000100000000

Heap:
 garbage-first heap   total 328704K, used 164492K [0x0000000080000000, 0x0000000100000000)
  region size 1024K, 41 young (41984K), 1 survivors (1024K)
 Metaspace       used 151133K, capacity 155942K, committed 156748K, reserved 1185792K
  class space    used 18099K, capacity 20027K, committed 20300K, reserved 1048576K
Heap Regions: E=young(eden), S=young(survivor), O=old, HS=humongous(starts), HC=humongous(continues), CS=collection set, F=free, A=archive, TAMS=top-at-mark-start (previous, next)
|   0|0x0000000080000000, 0x0000000080100000, 0x0000000080100000|100%| O|  |TAMS 0x0000000080100000, 0x0000000080000000| Untracked 
|   1|0x0000000080100000, 0x0000000080200000, 0x0000000080200000|100%| O|  |TAMS 0x0000000080200000, 0x0000000080100000| Untracked 
|   2|0x0000000080200000, 0x0000000080300000, 0x0000000080300000|100%| O|  |TAMS 0x0000000080300000, 0x0000000080200000| Untracked 
|   3|0x0000000080300000, 0x0000000080400000, 0x0000000080400000|100%|HS|  |TAMS 0x0000000080400000, 0x0000000080300000| Complete 
|   4|0x0000000080400000, 0x0000000080500000, 0x0000000080500000|100%|HC|  |TAMS 0x0000000080500000, 0x0000000080400000| Complete 
|   5|0x0000000080500000, 0x0000000080600000, 0x0000000080600000|100%|HC|  |TAMS 0x0000000080600000, 0x0000000080500000| Complete 
|   6|0x0000000080600000, 0x0000000080700000, 0x0000000080700000|100%| O|  |TAMS 0x0000000080700000, 0x0000000080600000| Untracked 
|   7|0x0000000080700000, 0x0000000080800000, 0x0000000080800000|100%| O|  |TAMS 0x0000000080800000, 0x0000000080700000| Untracked 
|   8|0x0000000080800000, 0x0000000080900000, 0x0000000080900000|100%| O|  |TAMS 0x0000000080900000, 0x0000000080800000| Untracked 
|   9|0x0000000080900000, 0x0000000080a00000, 0x0000000080a00000|100%| O|  |TAMS 0x0000000080a00000, 0x0000000080900000| Untracked 
|  10|0x0000000080a00000, 0x0000000080b00000, 0x0000000080b00000|100%| O|  |TAMS 0x0000000080b00000, 0x0000000080a00000| Untracked 
|  11|0x0000000080b00000, 0x0000000080c00000, 0x0000000080c00000|100%| O|  |TAMS 0x0000000080c00000, 0x0000000080b00000| Untracked 
|  12|0x0000000080c00000, 0x0000000080d00000, 0x0000000080d00000|100%| O|  |TAMS 0x0000000080d00000, 0x0000000080c00000| Untracked 
|  13|0x0000000080d00000, 0x0000000080e00000, 0x0000000080e00000|100%| O|  |TAMS 0x0000000080e00000, 0x0000000080d00000| Untracked 
|  14|0x0000000080e00000, 0x0000000080f00000, 0x0000000080f00000|100%| O|  |TAMS 0x0000000080f00000, 0x0000000080e00000| Untracked 
|  15|0x0000000080f00000, 0x0000000081000000, 0x0000000081000000|100%| O|  |TAMS 0x0000000081000000, 0x0000000080f00000| Untracked 
|  16|0x0000000081000000, 0x0000000081100000, 0x0000000081100000|100%| O|  |TAMS 0x0000000081100000, 0x0000000081000000| Untracked 
|  17|0x0000000081100000, 0x0000000081200000, 0x0000000081200000|100%| O|  |TAMS 0x0000000081200000, 0x0000000081100000| Untracked 
|  18|0x0000000081200000, 0x0000000081300000, 0x0000000081300000|100%| O|  |TAMS 0x0000000081300000, 0x0000000081200000| Untracked 
|  19|0x0000000081300000, 0x0000000081400000, 0x0000000081400000|100%| O|  |TAMS 0x0000000081400000, 0x0000000081300000| Untracked 
|  20|0x0000000081400000, 0x0000000081500000, 0x0000000081500000|100%|HS|  |TAMS 0x0000000081500000, 0x0000000081400000| Complete 
|  21|0x0000000081500000, 0x0000000081600000, 0x0000000081600000|100%| O|  |TAMS 0x0000000081600000, 0x0000000081500000| Untracked 
|  22|0x0000000081600000, 0x0000000081700000, 0x0000000081700000|100%| O|  |TAMS 0x0000000081700000, 0x0000000081600000| Untracked 
|  23|0x0000000081700000, 0x0000000081800000, 0x0000000081800000|100%| O|  |TAMS 0x0000000081800000, 0x0000000081700000| Untracked 
|  24|0x0000000081800000, 0x0000000081900000, 0x0000000081900000|100%| O|  |TAMS 0x0000000081900000, 0x0000000081800000| Untracked 
|  25|0x0000000081900000, 0x0000000081a00000, 0x0000000081a00000|100%| O|  |TAMS 0x0000000081a00000, 0x0000000081900000| Untracked 
|  26|0x0000000081a00000, 0x0000000081b00000, 0x0000000081b00000|100%| O|  |TAMS 0x0000000081b00000, 0x0000000081a00000| Untracked 
|  27|0x0000000081b00000, 0x0000000081c00000, 0x0000000081c00000|100%|HS|  |TAMS 0x0000000081c00000, 0x0000000081b00000| Complete 
|  28|0x0000000081c00000, 0x0000000081d00000, 0x0000000081d00000|100%| O|  |TAMS 0x0000000081d00000, 0x0000000081c00000| Untracked 
|  29|0x0000000081d00000, 0x0000000081e00000, 0x0000000081e00000|100%| O|  |TAMS 0x0000000081e00000, 0x0000000081d00000| Untracked 
|  30|0x0000000081e00000, 0x0000000081f00000, 0x0000000081f00000|100%| O|  |TAMS 0x0000000081f00000, 0x0000000081e00000| Untracked 
|  31|0x0000000081f00000, 0x0000000082000000, 0x0000000082000000|100%| O|  |TAMS 0x0000000082000000, 0x0000000081f00000| Untracked 
|  32|0x0000000082000000, 0x0000000082100000, 0x0000000082100000|100%| O|  |TAMS 0x0000000082100000, 0x0000000082000000| Untracked 
|  33|0x0000000082100000, 0x0000000082200000, 0x0000000082200000|100%| O|  |TAMS 0x00000000821f0800, 0x0000000082100000| Untracked 
|  34|0x0000000082200000, 0x0000000082300000, 0x0000000082300000|100%| O|  |TAMS 0x0000000082200000, 0x0000000082200000| Untracked 
|  35|0x0000000082300000, 0x0000000082400000, 0x0000000082400000|100%| O|  |TAMS 0x0000000082400000, 0x0000000082300000| Untracked 
|  36|0x0000000082400000, 0x0000000082500000, 0x0000000082500000|100%| O|  |TAMS 0x0000000082500000, 0x0000000082400000| Untracked 
|  37|0x0000000082500000, 0x0000000082600000, 0x0000000082600000|100%| O|  |TAMS 0x0000000082600000, 0x0000000082500000| Untracked 
|  38|0x0000000082600000, 0x0000000082700000, 0x0000000082700000|100%| O|  |TAMS 0x0000000082700000, 0x0000000082600000| Untracked 
|  39|0x0000000082700000, 0x0000000082800000, 0x0000000082800000|100%| O|  |TAMS 0x0000000082800000, 0x0000000082700000| Untracked 
|  40|0x0000000082800000, 0x0000000082900000, 0x0000000082900000|100%| O|  |TAMS 0x0000000082900000, 0x0000000082800000| Untracked 
|  41|0x0000000082900000, 0x0000000082a00000, 0x0000000082a00000|100%| O|  |TAMS 0x0000000082a00000, 0x0000000082900000| Untracked 
|  42|0x0000000082a00000, 0x0000000082b00000, 0x0000000082b00000|100%| O|  |TAMS 0x0000000082b00000, 0x0000000082a00000| Untracked 
|  43|0x0000000082b00000, 0x0000000082c00000, 0x0000000082c00000|100%| O|  |TAMS 0x0000000082c00000, 0x0000000082b00000| Untracked 
|  44|0x0000000082c00000, 0x0000000082d00000, 0x0000000082d00000|100%| O|  |TAMS 0x0000000082d00000, 0x0000000082c00000| Untracked 
|  45|0x0000000082d00000, 0x0000000082e00000, 0x0000000082e00000|100%| O|  |TAMS 0x0000000082e00000, 0x0000000082d00000| Untracked 
|  46|0x0000000082e00000, 0x0000000082e00000, 0x0000000082f00000|  0%| F|  |TAMS 0x0000000082e00000, 0x0000000082e00000| Untracked 
|  47|0x0000000082f00000, 0x0000000083000000, 0x0000000083000000|100%| O|  |TAMS 0x0000000083000000, 0x0000000082f00000| Untracked 
|  48|0x0000000083000000, 0x0000000083100000, 0x0000000083100000|100%| O|  |TAMS 0x0000000083100000, 0x0000000083000000| Untracked 
|  49|0x0000000083100000, 0x0000000083200000, 0x0000000083200000|100%| O|  |TAMS 0x0000000083200000, 0x0000000083100000| Untracked 
|  50|0x0000000083200000, 0x0000000083200000, 0x0000000083300000|  0%| F|  |TAMS 0x0000000083200000, 0x0000000083200000| Untracked 
|  51|0x0000000083300000, 0x0000000083400000, 0x0000000083400000|100%| O|  |TAMS 0x0000000083400000, 0x0000000083300000| Untracked 
|  52|0x0000000083400000, 0x0000000083500000, 0x0000000083500000|100%| O|  |TAMS 0x0000000083500000, 0x0000000083400000| Untracked 
|  53|0x0000000083500000, 0x0000000083600000, 0x0000000083600000|100%| O|  |TAMS 0x0000000083600000, 0x0000000083500000| Untracked 
|  54|0x0000000083600000, 0x0000000083700000, 0x0000000083700000|100%| O|  |TAMS 0x0000000083700000, 0x0000000083600000| Untracked 
|  55|0x0000000083700000, 0x0000000083800000, 0x0000000083800000|100%| O|  |TAMS 0x0000000083800000, 0x0000000083700000| Untracked 
|  56|0x0000000083800000, 0x0000000083900000, 0x0000000083900000|100%| O|  |TAMS 0x0000000083900000, 0x0000000083800000| Untracked 
|  57|0x0000000083900000, 0x0000000083a00000, 0x0000000083a00000|100%| O|  |TAMS 0x0000000083a00000, 0x0000000083900000| Untracked 
|  58|0x0000000083a00000, 0x0000000083a00000, 0x0000000083b00000|  0%| F|  |TAMS 0x0000000083a00000, 0x0000000083a00000| Untracked 
|  59|0x0000000083b00000, 0x0000000083b00000, 0x0000000083c00000|  0%| F|  |TAMS 0x0000000083b00000, 0x0000000083b00000| Untracked 
|  60|0x0000000083c00000, 0x0000000083c00000, 0x0000000083d00000|  0%| F|  |TAMS 0x0000000083c00000, 0x0000000083c00000| Untracked 
|  61|0x0000000083d00000, 0x0000000083d00000, 0x0000000083e00000|  0%| F|  |TAMS 0x0000000083d00000, 0x0000000083d00000| Untracked 
|  62|0x0000000083e00000, 0x0000000083f00000, 0x0000000083f00000|100%| O|  |TAMS 0x0000000083f00000, 0x0000000083e00000| Untracked 
|  63|0x0000000083f00000, 0x0000000084000000, 0x0000000084000000|100%| O|  |TAMS 0x0000000084000000, 0x0000000083f00000| Untracked 
|  64|0x0000000084000000, 0x0000000084100000, 0x0000000084100000|100%| O|  |TAMS 0x0000000084100000, 0x0000000084000000| Untracked 
|  65|0x0000000084100000, 0x0000000084200000, 0x0000000084200000|100%| O|  |TAMS 0x0000000084200000, 0x0000000084100000| Untracked 
|  66|0x0000000084200000, 0x0000000084300000, 0x0000000084300000|100%| O|  |TAMS 0x0000000084300000, 0x0000000084200000| Untracked 
|  67|0x0000000084300000, 0x0000000084400000, 0x0000000084400000|100%| O|  |TAMS 0x0000000084400000, 0x0000000084300000| Untracked 
|  68|0x0000000084400000, 0x0000000084500000, 0x0000000084500000|100%| O|  |TAMS 0x0000000084500000, 0x0000000084400000| Untracked 
|  69|0x0000000084500000, 0x0000000084600000, 0x0000000084600000|100%| O|  |TAMS 0x0000000084600000, 0x0000000084500000| Untracked 
|  70|0x0000000084600000, 0x0000000084700000, 0x0000000084700000|100%| O|  |TAMS 0x0000000084700000, 0x0000000084600000| Untracked 
|  71|0x0000000084700000, 0x0000000084700000, 0x0000000084800000|  0%| F|  |TAMS 0x0000000084700000, 0x0000000084700000| Untracked 
|  72|0x0000000084800000, 0x0000000084900000, 0x0000000084900000|100%| O|  |TAMS 0x0000000084800000, 0x0000000084800000| Untracked 
|  73|0x0000000084900000, 0x0000000084900000, 0x0000000084a00000|  0%| F|  |TAMS 0x0000000084900000, 0x0000000084900000| Untracked 
|  74|0x0000000084a00000, 0x0000000084a00000, 0x0000000084b00000|  0%| F|  |TAMS 0x0000000084a00000, 0x0000000084a00000| Untracked 
|  75|0x0000000084b00000, 0x0000000084c00000, 0x0000000084c00000|100%| O|  |TAMS 0x0000000084b00000, 0x0000000084b00000| Untracked 
|  76|0x0000000084c00000, 0x0000000084c00000, 0x0000000084d00000|  0%| F|  |TAMS 0x0000000084c00000, 0x0000000084c00000| Untracked 
|  77|0x0000000084d00000, 0x0000000084e00000, 0x0000000084e00000|100%| O|  |TAMS 0x0000000084d00000, 0x0000000084d00000| Untracked 
|  78|0x0000000084e00000, 0x0000000084e00000, 0x0000000084f00000|  0%| F|  |TAMS 0x0000000084e00000, 0x0000000084e00000| Untracked 
|  79|0x0000000084f00000, 0x0000000085000000, 0x0000000085000000|100%| O|  |TAMS 0x0000000085000000, 0x0000000084f00000| Untracked 
|  80|0x0000000085000000, 0x0000000085000000, 0x0000000085100000|  0%| F|  |TAMS 0x0000000085000000, 0x0000000085000000| Untracked 
|  81|0x0000000085100000, 0x0000000085100000, 0x0000000085200000|  0%| F|  |TAMS 0x0000000085100000, 0x0000000085100000| Untracked 
|  82|0x0000000085200000, 0x0000000085300000, 0x0000000085300000|100%| O|  |TAMS 0x0000000085200000, 0x0000000085200000| Untracked 
|  83|0x0000000085300000, 0x0000000085400000, 0x0000000085400000|100%| O|  |TAMS 0x0000000085400000, 0x0000000085300000| Untracked 
|  84|0x0000000085400000, 0x0000000085500000, 0x0000000085500000|100%| O|  |TAMS 0x0000000085400000, 0x0000000085400000| Untracked 
|  85|0x0000000085500000, 0x0000000085600000, 0x0000000085600000|100%| O|  |TAMS 0x0000000085600000, 0x0000000085500000| Untracked 
|  86|0x0000000085600000, 0x0000000085600000, 0x0000000085700000|  0%| F|  |TAMS 0x0000000085600000, 0x0000000085600000| Untracked 
|  87|0x0000000085700000, 0x0000000085800000, 0x0000000085800000|100%| O|  |TAMS 0x0000000085800000, 0x0000000085700000| Untracked 
|  88|0x0000000085800000, 0x0000000085800000, 0x0000000085900000|  0%| F|  |TAMS 0x0000000085800000, 0x0000000085800000| Untracked 
|  89|0x0000000085900000, 0x0000000085a00000, 0x0000000085a00000|100%| O|  |TAMS 0x0000000085a00000, 0x0000000085900000| Untracked 
|  90|0x0000000085a00000, 0x0000000085b00000, 0x0000000085b00000|100%| O|  |TAMS 0x0000000085b00000, 0x0000000085a00000| Untracked 
|  91|0x0000000085b00000, 0x0000000085c00000, 0x0000000085c00000|100%| O|  |TAMS 0x0000000085c00000, 0x0000000085b00000| Untracked 
|  92|0x0000000085c00000, 0x0000000085d00000, 0x0000000085d00000|100%| O|  |TAMS 0x0000000085d00000, 0x0000000085c00000| Untracked 
|  93|0x0000000085d00000, 0x0000000085e00000, 0x0000000085e00000|100%| O|  |TAMS 0x0000000085e00000, 0x0000000085d00000| Untracked 
|  94|0x0000000085e00000, 0x0000000085e00000, 0x0000000085f00000|  0%| F|  |TAMS 0x0000000085e00000, 0x0000000085e00000| Untracked 
|  95|0x0000000085f00000, 0x0000000086000000, 0x0000000086000000|100%| O|  |TAMS 0x0000000085f00000, 0x0000000085f00000| Untracked 
|  96|0x0000000086000000, 0x0000000086100000, 0x0000000086100000|100%| O|  |TAMS 0x0000000086100000, 0x0000000086000000| Untracked 
|  97|0x0000000086100000, 0x0000000086200000, 0x0000000086200000|100%| O|  |TAMS 0x0000000086100000, 0x0000000086100000| Untracked 
|  98|0x0000000086200000, 0x0000000086300000, 0x0000000086300000|100%| O|  |TAMS 0x0000000086300000, 0x0000000086200000| Untracked 
|  99|0x0000000086300000, 0x0000000086400000, 0x0000000086400000|100%| O|  |TAMS 0x0000000086400000, 0x0000000086300000| Untracked 
| 100|0x0000000086400000, 0x0000000086500000, 0x0000000086500000|100%| O|  |TAMS 0x0000000086500000, 0x0000000086400000| Untracked 
| 101|0x0000000086500000, 0x0000000086600000, 0x0000000086600000|100%| O|  |TAMS 0x0000000086600000, 0x0000000086500000| Untracked 
| 102|0x0000000086600000, 0x0000000086700000, 0x0000000086700000|100%| O|  |TAMS 0x0000000086700000, 0x0000000086600000| Untracked 
| 103|0x0000000086700000, 0x0000000086800000, 0x0000000086800000|100%| O|  |TAMS 0x0000000086800000, 0x0000000086700000| Untracked 
| 104|0x0000000086800000, 0x0000000086900000, 0x0000000086900000|100%| O|  |TAMS 0x0000000086900000, 0x0000000086800000| Untracked 
| 105|0x0000000086900000, 0x0000000086a00000, 0x0000000086a00000|100%| O|  |TAMS 0x0000000086a00000, 0x0000000086900000| Untracked 
| 106|0x0000000086a00000, 0x0000000086a00000, 0x0000000086b00000|  0%| F|  |TAMS 0x0000000086a00000, 0x0000000086a00000| Untracked 
| 107|0x0000000086b00000, 0x0000000086b00000, 0x0000000086c00000|  0%| F|  |TAMS 0x0000000086b00000, 0x0000000086b00000| Untracked 
| 108|0x0000000086c00000, 0x0000000086c00000, 0x0000000086d00000|  0%| F|  |TAMS 0x0000000086c00000, 0x0000000086c00000| Untracked 
| 109|0x0000000086d00000, 0x0000000086e00000, 0x0000000086e00000|100%| O|  |TAMS 0x0000000086e00000, 0x0000000086d00000| Untracked 
| 110|0x0000000086e00000, 0x0000000086f00000, 0x0000000086f00000|100%| O|  |TAMS 0x0000000086f00000, 0x0000000086e00000| Untracked 
| 111|0x0000000086f00000, 0x0000000087000000, 0x0000000087000000|100%| O|  |TAMS 0x0000000087000000, 0x0000000086f00000| Untracked 
| 112|0x0000000087000000, 0x0000000087100000, 0x0000000087100000|100%| O|  |TAMS 0x0000000087100000, 0x0000000087000000| Untracked 
| 113|0x0000000087100000, 0x0000000087200000, 0x0000000087200000|100%| O|  |TAMS 0x0000000087200000, 0x0000000087100000| Untracked 
| 114|0x0000000087200000, 0x0000000087300000, 0x0000000087300000|100%| O|  |TAMS 0x0000000087300000, 0x0000000087200000| Untracked 
| 115|0x0000000087300000, 0x0000000087400000, 0x0000000087400000|100%| O|  |TAMS 0x0000000087400000, 0x0000000087300000| Untracked 
| 116|0x0000000087400000, 0x0000000087500000, 0x0000000087500000|100%| O|  |TAMS 0x0000000087500000, 0x0000000087400000| Untracked 
| 117|0x0000000087500000, 0x0000000087600000, 0x0000000087600000|100%| O|  |TAMS 0x0000000087600000, 0x0000000087500000| Untracked 
| 118|0x0000000087600000, 0x0000000087700000, 0x0000000087700000|100%| O|  |TAMS 0x0000000087700000, 0x0000000087600000| Untracked 
| 119|0x0000000087700000, 0x0000000087800000, 0x0000000087800000|100%| O|  |TAMS 0x0000000087800000, 0x0000000087700000| Untracked 
| 120|0x0000000087800000, 0x0000000087800000, 0x0000000087900000|  0%| F|  |TAMS 0x0000000087800000, 0x0000000087800000| Untracked 
| 121|0x0000000087900000, 0x0000000087900000, 0x0000000087a00000|  0%| F|  |TAMS 0x0000000087900000, 0x0000000087900000| Untracked 
| 122|0x0000000087a00000, 0x0000000087a00000, 0x0000000087b00000|  0%| F|  |TAMS 0x0000000087a00000, 0x0000000087a00000| Untracked 
| 123|0x0000000087b00000, 0x0000000087b00000, 0x0000000087c00000|  0%| F|  |TAMS 0x0000000087b00000, 0x0000000087b00000| Untracked 
| 124|0x0000000087c00000, 0x0000000087d00000, 0x0000000087d00000|100%| O|  |TAMS 0x0000000087c00000, 0x0000000087c00000| Untracked 
| 125|0x0000000087d00000, 0x0000000087e00000, 0x0000000087e00000|100%| O|  |TAMS 0x0000000087e00000, 0x0000000087d00000| Untracked 
| 126|0x0000000087e00000, 0x0000000087f00000, 0x0000000087f00000|100%| O|  |TAMS 0x0000000087f00000, 0x0000000087e00000| Untracked 
| 127|0x0000000087f00000, 0x0000000088000000, 0x0000000088000000|100%| O|  |TAMS 0x0000000088000000, 0x0000000087f00000| Untracked 
| 128|0x0000000088000000, 0x0000000088000000, 0x0000000088100000|  0%| F|  |TAMS 0x0000000088000000, 0x0000000088000000| Untracked 
| 129|0x0000000088100000, 0x0000000088100000, 0x0000000088200000|  0%| F|  |TAMS 0x0000000088100000, 0x0000000088100000| Untracked 
| 130|0x0000000088200000, 0x0000000088200000, 0x0000000088300000|  0%| F|  |TAMS 0x0000000088200000, 0x0000000088200000| Untracked 
| 131|0x0000000088300000, 0x0000000088300000, 0x0000000088400000|  0%| F|  |TAMS 0x0000000088300000, 0x0000000088300000| Untracked 
| 132|0x0000000088400000, 0x0000000088500000, 0x0000000088500000|100%| O|  |TAMS 0x0000000088400000, 0x0000000088400000| Untracked 
| 133|0x0000000088500000, 0x0000000088600000, 0x0000000088600000|100%| O|  |TAMS 0x0000000088600000, 0x0000000088500000| Untracked 
| 134|0x0000000088600000, 0x0000000088600000, 0x0000000088700000|  0%| F|  |TAMS 0x0000000088600000, 0x0000000088600000| Untracked 
| 135|0x0000000088700000, 0x0000000088700000, 0x0000000088800000|  0%| F|  |TAMS 0x0000000088700000, 0x0000000088700000| Untracked 
| 136|0x0000000088800000, 0x0000000088800000, 0x0000000088900000|  0%| F|  |TAMS 0x0000000088800000, 0x0000000088800000| Untracked 
| 137|0x0000000088900000, 0x0000000088900000, 0x0000000088a00000|  0%| F|  |TAMS 0x0000000088900000, 0x0000000088900000| Untracked 
| 138|0x0000000088a00000, 0x0000000088b00000, 0x0000000088b00000|100%| O|  |TAMS 0x0000000088b00000, 0x0000000088a00000| Untracked 
| 139|0x0000000088b00000, 0x0000000088b00000, 0x0000000088c00000|  0%| F|  |TAMS 0x0000000088b00000, 0x0000000088b00000| Untracked 
| 140|0x0000000088c00000, 0x0000000088c00000, 0x0000000088d00000|  0%| F|  |TAMS 0x0000000088c00000, 0x0000000088c00000| Untracked 
| 141|0x0000000088d00000, 0x0000000088e00000, 0x0000000088e00000|100%| O|  |TAMS 0x0000000088d00000, 0x0000000088d00000| Untracked 
| 142|0x0000000088e00000, 0x0000000088ea3000, 0x0000000088f00000| 63%| O|  |TAMS 0x0000000088e00000, 0x0000000088e00000| Untracked 
| 143|0x0000000088f00000, 0x0000000088f00000, 0x0000000089000000|  0%| F|  |TAMS 0x0000000088f00000, 0x0000000088f00000| Untracked 
| 144|0x0000000089000000, 0x0000000089000000, 0x0000000089100000|  0%| F|  |TAMS 0x0000000089000000, 0x0000000089000000| Untracked 
| 145|0x0000000089100000, 0x0000000089200000, 0x0000000089200000|100%| O|  |TAMS 0x0000000089200000, 0x0000000089100000| Untracked 
| 146|0x0000000089200000, 0x0000000089300000, 0x0000000089300000|100%| O|  |TAMS 0x0000000089300000, 0x0000000089200000| Untracked 
| 147|0x0000000089300000, 0x0000000089400000, 0x0000000089400000|100%| O|  |TAMS 0x0000000089400000, 0x0000000089300000| Untracked 
| 148|0x0000000089400000, 0x0000000089400000, 0x0000000089500000|  0%| F|  |TAMS 0x0000000089400000, 0x0000000089400000| Untracked 
| 149|0x0000000089500000, 0x0000000089500000, 0x0000000089600000|  0%| F|  |TAMS 0x0000000089500000, 0x0000000089500000| Untracked 
| 150|0x0000000089600000, 0x0000000089600000, 0x0000000089700000|  0%| F|  |TAMS 0x0000000089600000, 0x0000000089600000| Untracked 
| 151|0x0000000089700000, 0x0000000089800000, 0x0000000089800000|100%| O|  |TAMS 0x0000000089800000, 0x0000000089700000| Untracked 
| 152|0x0000000089800000, 0x0000000089900000, 0x0000000089900000|100%| O|  |TAMS 0x0000000089900000, 0x0000000089800000| Untracked 
| 153|0x0000000089900000, 0x0000000089900000, 0x0000000089a00000|  0%| F|  |TAMS 0x0000000089900000, 0x0000000089900000| Untracked 
| 154|0x0000000089a00000, 0x0000000089a00000, 0x0000000089b00000|  0%| F|  |TAMS 0x0000000089a00000, 0x0000000089a00000| Untracked 
| 155|0x0000000089b00000, 0x0000000089b00000, 0x0000000089c00000|  0%| F|  |TAMS 0x0000000089b00000, 0x0000000089b00000| Untracked 
| 156|0x0000000089c00000, 0x0000000089c00000, 0x0000000089d00000|  0%| F|  |TAMS 0x0000000089c00000, 0x0000000089c00000| Untracked 
| 157|0x0000000089d00000, 0x0000000089d00000, 0x0000000089e00000|  0%| F|  |TAMS 0x0000000089d00000, 0x0000000089d00000| Untracked 
| 158|0x0000000089e00000, 0x0000000089e00000, 0x0000000089f00000|  0%| F|  |TAMS 0x0000000089e00000, 0x0000000089e00000| Untracked 
| 159|0x0000000089f00000, 0x0000000089f00000, 0x000000008a000000|  0%| F|  |TAMS 0x0000000089f00000, 0x0000000089f00000| Untracked 
| 160|0x000000008a000000, 0x000000008a000000, 0x000000008a100000|  0%| F|  |TAMS 0x000000008a000000, 0x000000008a000000| Untracked 
| 161|0x000000008a100000, 0x000000008a200000, 0x000000008a200000|100%| O|  |TAMS 0x000000008a200000, 0x000000008a100000| Untracked 
| 162|0x000000008a200000, 0x000000008a200000, 0x000000008a300000|  0%| F|  |TAMS 0x000000008a200000, 0x000000008a200000| Untracked 
| 163|0x000000008a300000, 0x000000008a300000, 0x000000008a400000|  0%| F|  |TAMS 0x000000008a300000, 0x000000008a300000| Untracked 
| 164|0x000000008a400000, 0x000000008a500000, 0x000000008a500000|100%| O|  |TAMS 0x000000008a500000, 0x000000008a400000| Untracked 
| 165|0x000000008a500000, 0x000000008a600000, 0x000000008a600000|100%| O|  |TAMS 0x000000008a600000, 0x000000008a500000| Untracked 
| 166|0x000000008a600000, 0x000000008a700000, 0x000000008a700000|100%| O|  |TAMS 0x000000008a700000, 0x000000008a600000| Untracked 
| 167|0x000000008a700000, 0x000000008a700000, 0x000000008a800000|  0%| F|  |TAMS 0x000000008a700000, 0x000000008a700000| Untracked 
| 168|0x000000008a800000, 0x000000008a800000, 0x000000008a900000|  0%| F|  |TAMS 0x000000008a800000, 0x000000008a800000| Untracked 
| 169|0x000000008a900000, 0x000000008a900000, 0x000000008aa00000|  0%| F|  |TAMS 0x000000008a900000, 0x000000008a900000| Untracked 
| 170|0x000000008aa00000, 0x000000008aa00000, 0x000000008ab00000|  0%| F|  |TAMS 0x000000008aa00000, 0x000000008aa00000| Untracked 
| 171|0x000000008ab00000, 0x000000008ab00000, 0x000000008ac00000|  0%| F|  |TAMS 0x000000008ab00000, 0x000000008ab00000| Untracked 
| 172|0x000000008ac00000, 0x000000008ac00000, 0x000000008ad00000|  0%| F|  |TAMS 0x000000008ac00000, 0x000000008ac00000| Untracked 
| 173|0x000000008ad00000, 0x000000008ad00000, 0x000000008ae00000|  0%| F|  |TAMS 0x000000008ad00000, 0x000000008ad00000| Untracked 
| 174|0x000000008ae00000, 0x000000008ae00000, 0x000000008af00000|  0%| F|  |TAMS 0x000000008ae00000, 0x000000008ae00000| Untracked 
| 175|0x000000008af00000, 0x000000008af00000, 0x000000008b000000|  0%| F|  |TAMS 0x000000008af00000, 0x000000008af00000| Untracked 
| 176|0x000000008b000000, 0x000000008b000000, 0x000000008b100000|  0%| F|  |TAMS 0x000000008b000000, 0x000000008b000000| Untracked 
| 177|0x000000008b100000, 0x000000008b100000, 0x000000008b200000|  0%| F|  |TAMS 0x000000008b100000, 0x000000008b100000| Untracked 
| 178|0x000000008b200000, 0x000000008b200000, 0x000000008b300000|  0%| F|  |TAMS 0x000000008b200000, 0x000000008b200000| Untracked 
| 179|0x000000008b300000, 0x000000008b300000, 0x000000008b400000|  0%| F|  |TAMS 0x000000008b300000, 0x000000008b300000| Untracked 
| 180|0x000000008b400000, 0x000000008b400000, 0x000000008b500000|  0%| F|  |TAMS 0x000000008b400000, 0x000000008b400000| Untracked 
| 181|0x000000008b500000, 0x000000008b500000, 0x000000008b600000|  0%| F|  |TAMS 0x000000008b500000, 0x000000008b500000| Untracked 
| 182|0x000000008b600000, 0x000000008b600000, 0x000000008b700000|  0%| F|  |TAMS 0x000000008b600000, 0x000000008b600000| Untracked 
| 183|0x000000008b700000, 0x000000008b700000, 0x000000008b800000|  0%| F|  |TAMS 0x000000008b700000, 0x000000008b700000| Untracked 
| 184|0x000000008b800000, 0x000000008b800000, 0x000000008b900000|  0%| F|  |TAMS 0x000000008b800000, 0x000000008b800000| Untracked 
| 185|0x000000008b900000, 0x000000008b900000, 0x000000008ba00000|  0%| F|  |TAMS 0x000000008b900000, 0x000000008b900000| Untracked 
| 186|0x000000008ba00000, 0x000000008ba00000, 0x000000008bb00000|  0%| F|  |TAMS 0x000000008ba00000, 0x000000008ba00000| Untracked 
| 187|0x000000008bb00000, 0x000000008bb00000, 0x000000008bc00000|  0%| F|  |TAMS 0x000000008bb00000, 0x000000008bb00000| Untracked 
| 188|0x000000008bc00000, 0x000000008bd00000, 0x000000008bd00000|100%| O|  |TAMS 0x000000008bd00000, 0x000000008bc00000| Untracked 
| 189|0x000000008bd00000, 0x000000008be00000, 0x000000008be00000|100%| O|  |TAMS 0x000000008be00000, 0x000000008bd00000| Untracked 
| 190|0x000000008be00000, 0x000000008bf00000, 0x000000008bf00000|100%| O|  |TAMS 0x000000008bf00000, 0x000000008be00000| Untracked 
| 191|0x000000008bf00000, 0x000000008bf00000, 0x000000008c000000|  0%| F|  |TAMS 0x000000008bf00000, 0x000000008bf00000| Untracked 
| 192|0x000000008c000000, 0x000000008c000000, 0x000000008c100000|  0%| F|  |TAMS 0x000000008c000000, 0x000000008c000000| Untracked 
| 193|0x000000008c100000, 0x000000008c100000, 0x000000008c200000|  0%| F|  |TAMS 0x000000008c100000, 0x000000008c100000| Untracked 
| 194|0x000000008c200000, 0x000000008c200000, 0x000000008c300000|  0%| F|  |TAMS 0x000000008c200000, 0x000000008c200000| Untracked 
| 195|0x000000008c300000, 0x000000008c300000, 0x000000008c400000|  0%| F|  |TAMS 0x000000008c300000, 0x000000008c300000| Untracked 
| 196|0x000000008c400000, 0x000000008c400000, 0x000000008c500000|  0%| F|  |TAMS 0x000000008c400000, 0x000000008c400000| Untracked 
| 197|0x000000008c500000, 0x000000008c500000, 0x000000008c600000|  0%| F|  |TAMS 0x000000008c500000, 0x000000008c500000| Untracked 
| 198|0x000000008c600000, 0x000000008c600000, 0x000000008c700000|  0%| F|  |TAMS 0x000000008c600000, 0x000000008c600000| Untracked 
| 199|0x000000008c700000, 0x000000008c700000, 0x000000008c800000|  0%| F|  |TAMS 0x000000008c700000, 0x000000008c700000| Untracked 
| 200|0x000000008c800000, 0x000000008c800000, 0x000000008c900000|  0%| F|  |TAMS 0x000000008c800000, 0x000000008c800000| Untracked 
| 201|0x000000008c900000, 0x000000008c900000, 0x000000008ca00000|  0%| F|  |TAMS 0x000000008c900000, 0x000000008c900000| Untracked 
| 202|0x000000008ca00000, 0x000000008ca00000, 0x000000008cb00000|  0%| F|  |TAMS 0x000000008ca00000, 0x000000008ca00000| Untracked 
| 203|0x000000008cb00000, 0x000000008cb00000, 0x000000008cc00000|  0%| F|  |TAMS 0x000000008cb00000, 0x000000008cb00000| Untracked 
| 204|0x000000008cc00000, 0x000000008cc00000, 0x000000008cd00000|  0%| F|  |TAMS 0x000000008cc00000, 0x000000008cc00000| Untracked 
| 205|0x000000008cd00000, 0x000000008cd00000, 0x000000008ce00000|  0%| F|  |TAMS 0x000000008cd00000, 0x000000008cd00000| Untracked 
| 206|0x000000008ce00000, 0x000000008ce00000, 0x000000008cf00000|  0%| F|  |TAMS 0x000000008ce00000, 0x000000008ce00000| Untracked 
| 207|0x000000008cf00000, 0x000000008cf00000, 0x000000008d000000|  0%| F|  |TAMS 0x000000008cf00000, 0x000000008cf00000| Untracked 
| 208|0x000000008d000000, 0x000000008d000000, 0x000000008d100000|  0%| F|  |TAMS 0x000000008d000000, 0x000000008d000000| Untracked 
| 209|0x000000008d100000, 0x000000008d100000, 0x000000008d200000|  0%| F|  |TAMS 0x000000008d100000, 0x000000008d100000| Untracked 
| 210|0x000000008d200000, 0x000000008d200000, 0x000000008d300000|  0%| F|  |TAMS 0x000000008d200000, 0x000000008d200000| Untracked 
| 211|0x000000008d300000, 0x000000008d300000, 0x000000008d400000|  0%| F|  |TAMS 0x000000008d300000, 0x000000008d300000| Untracked 
| 212|0x000000008d400000, 0x000000008d400000, 0x000000008d500000|  0%| F|  |TAMS 0x000000008d400000, 0x000000008d400000| Untracked 
| 213|0x000000008d500000, 0x000000008d500000, 0x000000008d600000|  0%| F|  |TAMS 0x000000008d500000, 0x000000008d500000| Untracked 
| 214|0x000000008d600000, 0x000000008d600000, 0x000000008d700000|  0%| F|  |TAMS 0x000000008d600000, 0x000000008d600000| Untracked 
| 215|0x000000008d700000, 0x000000008d700000, 0x000000008d800000|  0%| F|  |TAMS 0x000000008d700000, 0x000000008d700000| Untracked 
| 216|0x000000008d800000, 0x000000008d800000, 0x000000008d900000|  0%| F|  |TAMS 0x000000008d800000, 0x000000008d800000| Untracked 
| 217|0x000000008d900000, 0x000000008d900000, 0x000000008da00000|  0%| F|  |TAMS 0x000000008d900000, 0x000000008d900000| Untracked 
| 218|0x000000008da00000, 0x000000008da00000, 0x000000008db00000|  0%| F|  |TAMS 0x000000008da00000, 0x000000008da00000| Untracked 
| 219|0x000000008db00000, 0x000000008db00000, 0x000000008dc00000|  0%| F|  |TAMS 0x000000008db00000, 0x000000008db00000| Untracked 
| 220|0x000000008dc00000, 0x000000008dc00000, 0x000000008dd00000|  0%| F|  |TAMS 0x000000008dc00000, 0x000000008dc00000| Untracked 
| 221|0x000000008dd00000, 0x000000008dd00000, 0x000000008de00000|  0%| F|  |TAMS 0x000000008dd00000, 0x000000008dd00000| Untracked 
| 222|0x000000008de00000, 0x000000008de00000, 0x000000008df00000|  0%| F|  |TAMS 0x000000008de00000, 0x000000008de00000| Untracked 
| 223|0x000000008df00000, 0x000000008df00000, 0x000000008e000000|  0%| F|  |TAMS 0x000000008df00000, 0x000000008df00000| Untracked 
| 224|0x000000008e000000, 0x000000008e000000, 0x000000008e100000|  0%| F|  |TAMS 0x000000008e000000, 0x000000008e000000| Untracked 
| 225|0x000000008e100000, 0x000000008e100000, 0x000000008e200000|  0%| F|  |TAMS 0x000000008e100000, 0x000000008e100000| Untracked 
| 226|0x000000008e200000, 0x000000008e200000, 0x000000008e300000|  0%| F|  |TAMS 0x000000008e200000, 0x000000008e200000| Untracked 
| 227|0x000000008e300000, 0x000000008e300000, 0x000000008e400000|  0%| F|  |TAMS 0x000000008e300000, 0x000000008e300000| Untracked 
| 228|0x000000008e400000, 0x000000008e400000, 0x000000008e500000|  0%| F|  |TAMS 0x000000008e400000, 0x000000008e400000| Untracked 
| 229|0x000000008e500000, 0x000000008e500000, 0x000000008e600000|  0%| F|  |TAMS 0x000000008e500000, 0x000000008e500000| Untracked 
| 230|0x000000008e600000, 0x000000008e600000, 0x000000008e700000|  0%| F|  |TAMS 0x000000008e600000, 0x000000008e600000| Untracked 
| 231|0x000000008e700000, 0x000000008e700000, 0x000000008e800000|  0%| F|  |TAMS 0x000000008e700000, 0x000000008e700000| Untracked 
| 232|0x000000008e800000, 0x000000008e800000, 0x000000008e900000|  0%| F|  |TAMS 0x000000008e800000, 0x000000008e800000| Untracked 
| 233|0x000000008e900000, 0x000000008e900000, 0x000000008ea00000|  0%| F|  |TAMS 0x000000008e900000, 0x000000008e900000| Untracked 
| 234|0x000000008ea00000, 0x000000008ea00000, 0x000000008eb00000|  0%| F|  |TAMS 0x000000008ea00000, 0x000000008ea00000| Untracked 
| 235|0x000000008eb00000, 0x000000008eb00000, 0x000000008ec00000|  0%| F|  |TAMS 0x000000008eb00000, 0x000000008eb00000| Untracked 
| 236|0x000000008ec00000, 0x000000008ec00000, 0x000000008ed00000|  0%| F|  |TAMS 0x000000008ec00000, 0x000000008ec00000| Untracked 
| 237|0x000000008ed00000, 0x000000008ed00000, 0x000000008ee00000|  0%| F|  |TAMS 0x000000008ed00000, 0x000000008ed00000| Untracked 
| 238|0x000000008ee00000, 0x000000008ee00000, 0x000000008ef00000|  0%| F|  |TAMS 0x000000008ee00000, 0x000000008ee00000| Untracked 
| 239|0x000000008ef00000, 0x000000008ef00000, 0x000000008f000000|  0%| F|  |TAMS 0x000000008ef00000, 0x000000008ef00000| Untracked 
| 240|0x000000008f000000, 0x000000008f000000, 0x000000008f100000|  0%| F|  |TAMS 0x000000008f000000, 0x000000008f000000| Untracked 
| 241|0x000000008f100000, 0x000000008f100000, 0x000000008f200000|  0%| F|  |TAMS 0x000000008f100000, 0x000000008f100000| Untracked 
| 242|0x000000008f200000, 0x000000008f200000, 0x000000008f300000|  0%| F|  |TAMS 0x000000008f200000, 0x000000008f200000| Untracked 
| 243|0x000000008f300000, 0x000000008f300000, 0x000000008f400000|  0%| F|  |TAMS 0x000000008f300000, 0x000000008f300000| Untracked 
| 244|0x000000008f400000, 0x000000008f400000, 0x000000008f500000|  0%| F|  |TAMS 0x000000008f400000, 0x000000008f400000| Untracked 
| 245|0x000000008f500000, 0x000000008f500000, 0x000000008f600000|  0%| F|  |TAMS 0x000000008f500000, 0x000000008f500000| Untracked 
| 246|0x000000008f600000, 0x000000008f600000, 0x000000008f700000|  0%| F|  |TAMS 0x000000008f600000, 0x000000008f600000| Untracked 
| 247|0x000000008f700000, 0x000000008f700000, 0x000000008f800000|  0%| F|  |TAMS 0x000000008f700000, 0x000000008f700000| Untracked 
| 248|0x000000008f800000, 0x000000008f800000, 0x000000008f900000|  0%| F|  |TAMS 0x000000008f800000, 0x000000008f800000| Untracked 
| 249|0x000000008f900000, 0x000000008f900000, 0x000000008fa00000|  0%| F|  |TAMS 0x000000008f900000, 0x000000008f900000| Untracked 
| 250|0x000000008fa00000, 0x000000008fa00000, 0x000000008fb00000|  0%| F|  |TAMS 0x000000008fa00000, 0x000000008fa00000| Untracked 
| 251|0x000000008fb00000, 0x000000008fb00000, 0x000000008fc00000|  0%| F|  |TAMS 0x000000008fb00000, 0x000000008fb00000| Untracked 
| 252|0x000000008fc00000, 0x000000008fc00000, 0x000000008fd00000|  0%| F|  |TAMS 0x000000008fc00000, 0x000000008fc00000| Untracked 
| 253|0x000000008fd00000, 0x000000008fd00000, 0x000000008fe00000|  0%| F|  |TAMS 0x000000008fd00000, 0x000000008fd00000| Untracked 
| 254|0x000000008fe00000, 0x000000008fe00000, 0x000000008ff00000|  0%| F|  |TAMS 0x000000008fe00000, 0x000000008fe00000| Untracked 
| 255|0x000000008ff00000, 0x000000008ff00000, 0x0000000090000000|  0%| F|  |TAMS 0x000000008ff00000, 0x000000008ff00000| Untracked 
| 256|0x0000000090000000, 0x0000000090000000, 0x0000000090100000|  0%| F|  |TAMS 0x0000000090000000, 0x0000000090000000| Untracked 
| 257|0x0000000090100000, 0x0000000090100000, 0x0000000090200000|  0%| F|  |TAMS 0x0000000090100000, 0x0000000090100000| Untracked 
| 258|0x0000000090200000, 0x0000000090200000, 0x0000000090300000|  0%| F|  |TAMS 0x0000000090200000, 0x0000000090200000| Untracked 
| 259|0x0000000090300000, 0x0000000090300000, 0x0000000090400000|  0%| F|  |TAMS 0x0000000090300000, 0x0000000090300000| Untracked 
| 260|0x0000000090400000, 0x0000000090400000, 0x0000000090500000|  0%| F|  |TAMS 0x0000000090400000, 0x0000000090400000| Untracked 
| 261|0x0000000090500000, 0x0000000090500000, 0x0000000090600000|  0%| F|  |TAMS 0x0000000090500000, 0x0000000090500000| Untracked 
| 262|0x0000000090600000, 0x0000000090600000, 0x0000000090700000|  0%| F|  |TAMS 0x0000000090600000, 0x0000000090600000| Untracked 
| 263|0x0000000090700000, 0x0000000090700000, 0x0000000090800000|  0%| F|  |TAMS 0x0000000090700000, 0x0000000090700000| Untracked 
| 264|0x0000000090800000, 0x0000000090800000, 0x0000000090900000|  0%| F|  |TAMS 0x0000000090800000, 0x0000000090800000| Untracked 
| 265|0x0000000090900000, 0x0000000090900000, 0x0000000090a00000|  0%| F|  |TAMS 0x0000000090900000, 0x0000000090900000| Untracked 
| 266|0x0000000090a00000, 0x0000000090a00000, 0x0000000090b00000|  0%| F|  |TAMS 0x0000000090a00000, 0x0000000090a00000| Untracked 
| 267|0x0000000090b00000, 0x0000000090b00000, 0x0000000090c00000|  0%| F|  |TAMS 0x0000000090b00000, 0x0000000090b00000| Untracked 
| 268|0x0000000090c00000, 0x0000000090c00000, 0x0000000090d00000|  0%| F|  |TAMS 0x0000000090c00000, 0x0000000090c00000| Untracked 
| 269|0x0000000090d00000, 0x0000000090d00000, 0x0000000090e00000|  0%| F|  |TAMS 0x0000000090d00000, 0x0000000090d00000| Untracked 
| 270|0x0000000090e00000, 0x0000000090e00000, 0x0000000090f00000|  0%| F|  |TAMS 0x0000000090e00000, 0x0000000090e00000| Untracked 
| 271|0x0000000090f00000, 0x0000000090f00000, 0x0000000091000000|  0%| F|  |TAMS 0x0000000090f00000, 0x0000000090f00000| Untracked 
| 272|0x0000000091000000, 0x0000000091000000, 0x0000000091100000|  0%| F|  |TAMS 0x0000000091000000, 0x0000000091000000| Untracked 
| 273|0x0000000091100000, 0x0000000091100000, 0x0000000091200000|  0%| F|  |TAMS 0x0000000091100000, 0x0000000091100000| Untracked 
| 274|0x0000000091200000, 0x0000000091200000, 0x0000000091300000|  0%| F|  |TAMS 0x0000000091200000, 0x0000000091200000| Untracked 
| 275|0x0000000091300000, 0x0000000091300000, 0x0000000091400000|  0%| F|  |TAMS 0x0000000091300000, 0x0000000091300000| Untracked 
| 276|0x0000000091400000, 0x0000000091400000, 0x0000000091500000|  0%| F|  |TAMS 0x0000000091400000, 0x0000000091400000| Untracked 
| 277|0x0000000091500000, 0x0000000091500000, 0x0000000091600000|  0%| F|  |TAMS 0x0000000091500000, 0x0000000091500000| Untracked 
| 278|0x0000000091600000, 0x0000000091600000, 0x0000000091700000|  0%| F|  |TAMS 0x0000000091600000, 0x0000000091600000| Untracked 
| 279|0x0000000091700000, 0x0000000091793838, 0x0000000091800000| 57%| E|  |TAMS 0x0000000091700000, 0x0000000091700000| Complete 
| 280|0x0000000091800000, 0x0000000091900000, 0x0000000091900000|100%| E|CS|TAMS 0x0000000091800000, 0x0000000091800000| Complete 
| 281|0x0000000091900000, 0x0000000091a00000, 0x0000000091a00000|100%| E|CS|TAMS 0x0000000091900000, 0x0000000091900000| Complete 
| 282|0x0000000091a00000, 0x0000000091b00000, 0x0000000091b00000|100%| E|CS|TAMS 0x0000000091a00000, 0x0000000091a00000| Complete 
| 283|0x0000000091b00000, 0x0000000091c00000, 0x0000000091c00000|100%| E|CS|TAMS 0x0000000091b00000, 0x0000000091b00000| Complete 
| 284|0x0000000091c00000, 0x0000000091d00000, 0x0000000091d00000|100%| E|CS|TAMS 0x0000000091c00000, 0x0000000091c00000| Complete 
| 285|0x0000000091d00000, 0x0000000091e00000, 0x0000000091e00000|100%| E|CS|TAMS 0x0000000091d00000, 0x0000000091d00000| Complete 
| 286|0x0000000091e00000, 0x0000000091effb68, 0x0000000091f00000| 99%| E|  |TAMS 0x0000000091e00000, 0x0000000091e00000| Complete 
| 287|0x0000000091f00000, 0x0000000092000000, 0x0000000092000000|100%| E|CS|TAMS 0x0000000091f00000, 0x0000000091f00000| Complete 
| 288|0x0000000092000000, 0x0000000092100000, 0x0000000092100000|100%| E|CS|TAMS 0x0000000092000000, 0x0000000092000000| Complete 
| 289|0x0000000092100000, 0x0000000092200000, 0x0000000092200000|100%| E|CS|TAMS 0x0000000092100000, 0x0000000092100000| Complete 
| 290|0x0000000092200000, 0x0000000092300000, 0x0000000092300000|100%| E|CS|TAMS 0x0000000092200000, 0x0000000092200000| Complete 
| 291|0x0000000092300000, 0x0000000092400000, 0x0000000092400000|100%| E|CS|TAMS 0x0000000092300000, 0x0000000092300000| Complete 
| 292|0x0000000092400000, 0x0000000092500000, 0x0000000092500000|100%| E|CS|TAMS 0x0000000092400000, 0x0000000092400000| Complete 
| 293|0x0000000092500000, 0x0000000092600000, 0x0000000092600000|100%| E|CS|TAMS 0x0000000092500000, 0x0000000092500000| Complete 
| 294|0x0000000092600000, 0x0000000092700000, 0x0000000092700000|100%| E|CS|TAMS 0x0000000092600000, 0x0000000092600000| Complete 
| 295|0x0000000092700000, 0x0000000092800000, 0x0000000092800000|100%| E|CS|TAMS 0x0000000092700000, 0x0000000092700000| Complete 
| 296|0x0000000092800000, 0x0000000092900000, 0x0000000092900000|100%| E|CS|TAMS 0x0000000092800000, 0x0000000092800000| Complete 
| 297|0x0000000092900000, 0x0000000092a00000, 0x0000000092a00000|100%| E|CS|TAMS 0x0000000092900000, 0x0000000092900000| Complete 
| 298|0x0000000092a00000, 0x0000000092b00000, 0x0000000092b00000|100%| E|CS|TAMS 0x0000000092a00000, 0x0000000092a00000| Complete 
| 299|0x0000000092b00000, 0x0000000092c00000, 0x0000000092c00000|100%| E|CS|TAMS 0x0000000092b00000, 0x0000000092b00000| Complete 
| 300|0x0000000092c00000, 0x0000000092d00000, 0x0000000092d00000|100%| E|CS|TAMS 0x0000000092c00000, 0x0000000092c00000| Complete 
| 301|0x0000000092d00000, 0x0000000092e00000, 0x0000000092e00000|100%| E|CS|TAMS 0x0000000092d00000, 0x0000000092d00000| Complete 
| 302|0x0000000092e00000, 0x0000000092f00000, 0x0000000092f00000|100%| E|CS|TAMS 0x0000000092e00000, 0x0000000092e00000| Complete 
| 303|0x0000000092f00000, 0x0000000093000000, 0x0000000093000000|100%| E|CS|TAMS 0x0000000092f00000, 0x0000000092f00000| Complete 
| 304|0x0000000093000000, 0x0000000093100000, 0x0000000093100000|100%| E|CS|TAMS 0x0000000093000000, 0x0000000093000000| Complete 
| 305|0x0000000093100000, 0x0000000093200000, 0x0000000093200000|100%| E|CS|TAMS 0x0000000093100000, 0x0000000093100000| Complete 
| 306|0x0000000093200000, 0x0000000093300000, 0x0000000093300000|100%| E|CS|TAMS 0x0000000093200000, 0x0000000093200000| Complete 
| 307|0x0000000093300000, 0x0000000093400000, 0x0000000093400000|100%| E|CS|TAMS 0x0000000093300000, 0x0000000093300000| Complete 
| 308|0x0000000093400000, 0x0000000093500000, 0x0000000093500000|100%| E|CS|TAMS 0x0000000093400000, 0x0000000093400000| Complete 
| 309|0x0000000093500000, 0x0000000093600000, 0x0000000093600000|100%| E|CS|TAMS 0x0000000093500000, 0x0000000093500000| Complete 
| 310|0x0000000093600000, 0x0000000093700000, 0x0000000093700000|100%| E|CS|TAMS 0x0000000093600000, 0x0000000093600000| Complete 
| 311|0x0000000093700000, 0x0000000093800000, 0x0000000093800000|100%| S|CS|TAMS 0x0000000093700000, 0x0000000093700000| Complete 
| 312|0x0000000093800000, 0x0000000093900000, 0x0000000093900000|100%| E|CS|TAMS 0x0000000093800000, 0x0000000093800000| Complete 
| 313|0x0000000093900000, 0x0000000093a00000, 0x0000000093a00000|100%| E|CS|TAMS 0x0000000093900000, 0x0000000093900000| Complete 
| 314|0x0000000093a00000, 0x0000000093b00000, 0x0000000093b00000|100%| E|CS|TAMS 0x0000000093a00000, 0x0000000093a00000| Complete 
| 315|0x0000000093b00000, 0x0000000093c00000, 0x0000000093c00000|100%| E|CS|TAMS 0x0000000093b00000, 0x0000000093b00000| Complete 
| 316|0x0000000093c00000, 0x0000000093d00000, 0x0000000093d00000|100%| E|CS|TAMS 0x0000000093c00000, 0x0000000093c00000| Complete 
| 317|0x0000000093d00000, 0x0000000093e00000, 0x0000000093e00000|100%| E|CS|TAMS 0x0000000093d00000, 0x0000000093d00000| Complete 
| 318|0x0000000093e00000, 0x0000000093f00000, 0x0000000093f00000|100%| E|CS|TAMS 0x0000000093e00000, 0x0000000093e00000| Complete 
| 319|0x0000000093f00000, 0x0000000094000000, 0x0000000094000000|100%| E|CS|TAMS 0x0000000093f00000, 0x0000000093f00000| Complete 
| 320|0x0000000094000000, 0x0000000094100000, 0x0000000094100000|100%| E|CS|TAMS 0x0000000094000000, 0x0000000094000000| Complete 

Card table byte_map: [0x0000022da5fa0000,0x0000022da63a0000] _byte_map_base: 0x0000022da5ba0000

Marking Bits (Prev, Next): (CMBitMap*) 0x0000022d930b8628, (CMBitMap*) 0x0000022d930b8660
 Prev Bits: [0x0000022da67a0000, 0x0000022da87a0000)
 Next Bits: [0x0000022da87a0000, 0x0000022daa7a0000)

Polling page: 0x0000022d90ef0000

Metaspace:

Usage:
  Non-class:    132.73 MB capacity,   129.92 MB ( 98%) used,     2.18 MB (  2%) free+waste,   648.06 KB ( <1%) overhead. 
      Class:     19.59 MB capacity,    17.68 MB ( 90%) used,     1.64 MB (  8%) free+waste,   277.69 KB (  1%) overhead. 
       Both:    152.32 MB capacity,   147.59 MB ( 97%) used,     3.82 MB (  3%) free+waste,   925.75 KB ( <1%) overhead. 

Virtual space:
  Non-class space:      134.00 MB reserved,     133.25 MB (>99%) committed 
      Class space:        1.00 GB reserved,      19.82 MB (  2%) committed 
             Both:        1.13 GB reserved,     153.07 MB ( 13%) committed 

Chunk freelists:
   Non-Class:  341.00 KB
       Class:  197.00 KB
        Both:  538.00 KB

MaxMetaspaceSize: 17179869184.00 GB
CompressedClassSpaceSize: 1.00 GB
Initial GC threshold: 20.80 MB
Current GC threshold: 254.71 MB
CDS: off

CodeHeap 'non-profiled nmethods': size=120064Kb used=31378Kb max_used=31391Kb free=88685Kb
 bounds [0x0000022d9e660000, 0x0000022da0510000, 0x0000022da5ba0000]
CodeHeap 'profiled nmethods': size=120000Kb used=66263Kb max_used=68473Kb free=53736Kb
 bounds [0x0000022d97130000, 0x0000022d9b430000, 0x0000022d9e660000]
CodeHeap 'non-nmethods': size=5696Kb used=2483Kb max_used=2562Kb free=3212Kb
 bounds [0x0000022d96ba0000, 0x0000022d96e30000, 0x0000022d97130000]
 total_blobs=32270 nmethods=31249 adapters=929
 compilation: enabled
              stopped_count=0, restarted_count=0
 full_count=0

Compilation events (20 events):
Event: 8249.759 Thread 0x0000022daccb0000 nmethod 40821 0x0000022d981da610 code [0x0000022d981da800, 0x0000022d981dac48]
Event: 8249.760 Thread 0x0000022daccb0000 40822       3       org.gradle.api.DefaultTask::dependsOn (6 bytes)
Event: 8249.760 Thread 0x0000022daccb0000 nmethod 40822 0x0000022d97a70a90 code [0x0000022d97a70c80, 0x0000022d97a71028]
Event: 8249.763 Thread 0x0000022dbbe8d000 40823       4       org.gradle.api.internal.provider.TransformBackedProvider::getProducer (10 bytes)
Event: 8249.763 Thread 0x0000022dbbe8d000 nmethod 40823 0x0000022d9fd52690 code [0x0000022d9fd52820, 0x0000022d9fd528b8]
Event: 8249.766 Thread 0x0000022daccb0000 40824       3       com.android.build.gradle.internal.scope.InternalArtifactType::getFolderName (14 bytes)
Event: 8249.767 Thread 0x0000022daccb0000 nmethod 40824 0x0000022d98978590 code [0x0000022d989787e0, 0x0000022d98978e18]
Event: 8249.767 Thread 0x0000022daccb0000 40825       3       com.android.build.gradle.internal.res.LinkApplicationAndroidResourcesTask_Decorated::getRClassOutputJar (44 bytes)
Event: 8249.768 Thread 0x0000022daccb0000 nmethod 40825 0x0000022d981eea10 code [0x0000022d981eecc0, 0x0000022d981efdd8]
Event: 8249.769 Thread 0x0000022dbbe8d000 40826       4       org.gradle.execution.plan.NodeGroup::checkSuccessorsCompleteFor (4 bytes)
Event: 8249.769 Thread 0x0000022dbbe8d000 nmethod 40826 0x0000022d9fd52390 code [0x0000022d9fd52520, 0x0000022d9fd52598]
Event: 8249.772 Thread 0x0000022dbbe8d000 40827       4       org.gradle.api.internal.provider.ValidatingMapEntryCollector::add (189 bytes)
Event: 8249.788 Thread 0x0000022daccb0000 40828       3       org.gradle.internal.snapshot.impl.AbstractMapSnapshot::<init> (10 bytes)
Event: 8249.788 Thread 0x0000022daccb0000 nmethod 40828 0x0000022d98169c10 code [0x0000022d98169dc0, 0x0000022d98169f78]
Event: 8249.803 Thread 0x0000022daccb0000 40829       3       org.gradle.api.internal.artifacts.configurations.DefaultConfiguration$$Lambda$508/0x0000000100602c40::apply (16 bytes)
Event: 8249.803 Thread 0x0000022daccb0000 nmethod 40829 0x0000022d980d8490 code [0x0000022d980d8660, 0x0000022d980d8888]
Event: 8249.804 Thread 0x0000022daccb0000 40830       3       org.gradle.api.internal.artifacts.configurations.DefaultConfiguration::resolveGraphIfRequired (76 bytes)
Event: 8249.807 Thread 0x0000022daccb0000 nmethod 40830 0x0000022d97469c10 code [0x0000022d97469f00, 0x0000022d9746afc8]
Event: 8249.807 Thread 0x0000022daccb0000 40831       3       org.gradle.internal.management.DefaultDependencyResolutionManagement_Decorated::getRepositories (39 bytes)
Event: 8249.809 Thread 0x0000022daccb0000 nmethod 40831 0x0000022d98633c90 code [0x0000022d98633fa0, 0x0000022d98635318]

GC Heap History (20 events):
Event: 7836.931 GC heap before
{Heap before GC invocations=194 (full 0):
 garbage-first heap   total 328704K, used 150973K [0x0000000080000000, 0x0000000100000000)
  region size 1024K, 16 young (16384K), 7 survivors (7168K)
 Metaspace       used 151224K, capacity 156256K, committed 156492K, reserved 1185792K
  class space    used 18191K, capacity 20200K, committed 20300K, reserved 1048576K
}
Event: 7837.021 GC heap after
{Heap after GC invocations=195 (full 0):
 garbage-first heap   total 328704K, used 133022K [0x0000000080000000, 0x0000000100000000)
  region size 1024K, 1 young (1024K), 1 survivors (1024K)
 Metaspace       used 151224K, capacity 156256K, committed 156492K, reserved 1185792K
  class space    used 18191K, capacity 20200K, committed 20300K, reserved 1048576K
}
Event: 7837.495 GC heap before
{Heap before GC invocations=195 (full 0):
 garbage-first heap   total 328704K, used 155550K [0x0000000080000000, 0x0000000100000000)
  region size 1024K, 24 young (24576K), 1 survivors (1024K)
 Metaspace       used 151230K, capacity 156256K, committed 156492K, reserved 1185792K
  class space    used 18192K, capacity 20200K, committed 20300K, reserved 1048576K
}
Event: 7837.516 GC heap after
{Heap after GC invocations=196 (full 0):
 garbage-first heap   total 328704K, used 135716K [0x0000000080000000, 0x0000000100000000)
  region size 1024K, 4 young (4096K), 4 survivors (4096K)
 Metaspace       used 151230K, capacity 156256K, committed 156492K, reserved 1185792K
  class space    used 18192K, capacity 20200K, committed 20300K, reserved 1048576K
}
Event: 7840.218 GC heap before
{Heap before GC invocations=197 (full 0):
 garbage-first heap   total 328704K, used 252452K [0x0000000080000000, 0x0000000100000000)
  region size 1024K, 100 young (102400K), 4 survivors (4096K)
 Metaspace       used 150918K, capacity 155722K, committed 156492K, reserved 1185792K
  class space    used 18079K, capacity 19998K, committed 20300K, reserved 1048576K
}
Event: 7840.231 GC heap after
{Heap after GC invocations=198 (full 0):
 garbage-first heap   total 328704K, used 139253K [0x0000000080000000, 0x0000000100000000)
  region size 1024K, 6 young (6144K), 6 survivors (6144K)
 Metaspace       used 150918K, capacity 155722K, committed 156492K, reserved 1185792K
  class space    used 18079K, capacity 19998K, committed 20300K, reserved 1048576K
}
Event: 8008.452 GC heap before
{Heap before GC invocations=198 (full 0):
 garbage-first heap   total 328704K, used 149493K [0x0000000080000000, 0x0000000100000000)
  region size 1024K, 16 young (16384K), 6 survivors (6144K)
 Metaspace       used 150921K, capacity 155722K, committed 156492K, reserved 1185792K
  class space    used 18079K, capacity 19998K, committed 20300K, reserved 1048576K
}
Event: 8008.482 GC heap after
{Heap after GC invocations=199 (full 0):
 garbage-first heap   total 328704K, used 121082K [0x0000000080000000, 0x0000000100000000)
  region size 1024K, 1 young (1024K), 1 survivors (1024K)
 Metaspace       used 150921K, capacity 155722K, committed 156492K, reserved 1185792K
  class space    used 18079K, capacity 19998K, committed 20300K, reserved 1048576K
}
Event: 8010.691 GC heap before
{Heap before GC invocations=199 (full 0):
 garbage-first heap   total 328704K, used 234746K [0x0000000080000000, 0x0000000100000000)
  region size 1024K, 113 young (115712K), 1 survivors (1024K)
 Metaspace       used 151143K, capacity 156035K, committed 156492K, reserved 1185792K
  class space    used 18129K, capacity 20084K, committed 20300K, reserved 1048576K
}
Event: 8010.726 GC heap after
{Heap after GC invocations=200 (full 0):
 garbage-first heap   total 328704K, used 130853K [0x0000000080000000, 0x0000000100000000)
  region size 1024K, 11 young (11264K), 11 survivors (11264K)
 Metaspace       used 151143K, capacity 156035K, committed 156492K, reserved 1185792K
  class space    used 18129K, capacity 20084K, committed 20300K, reserved 1048576K
}
Event: 8158.671 GC heap before
{Heap before GC invocations=201 (full 0):
 garbage-first heap   total 328704K, used 259877K [0x0000000080000000, 0x0000000100000000)
  region size 1024K, 121 young (123904K), 11 survivors (11264K)
 Metaspace       used 151167K, capacity 156065K, committed 156492K, reserved 1185792K
  class space    used 18134K, capacity 20093K, committed 20300K, reserved 1048576K
}
Event: 8158.694 GC heap after
{Heap after GC invocations=202 (full 0):
 garbage-first heap   total 328704K, used 128158K [0x0000000080000000, 0x0000000100000000)
  region size 1024K, 4 young (4096K), 4 survivors (4096K)
 Metaspace       used 151167K, capacity 156065K, committed 156492K, reserved 1185792K
  class space    used 18134K, capacity 20093K, committed 20300K, reserved 1048576K
}
Event: 8159.147 GC heap before
{Heap before GC invocations=202 (full 0):
 garbage-first heap   total 328704K, used 139422K [0x0000000080000000, 0x0000000100000000)
  region size 1024K, 16 young (16384K), 4 survivors (4096K)
 Metaspace       used 151169K, capacity 156065K, committed 156492K, reserved 1185792K
  class space    used 18134K, capacity 20093K, committed 20300K, reserved 1048576K
}
Event: 8159.172 GC heap after
{Heap after GC invocations=203 (full 0):
 garbage-first heap   total 328704K, used 129986K [0x0000000080000000, 0x0000000100000000)
  region size 1024K, 2 young (2048K), 2 survivors (2048K)
 Metaspace       used 151169K, capacity 156065K, committed 156492K, reserved 1185792K
  class space    used 18134K, capacity 20093K, committed 20300K, reserved 1048576K
}
Event: 8161.024 GC heap before
{Heap before GC invocations=203 (full 0):
 garbage-first heap   total 328704K, used 168898K [0x0000000080000000, 0x0000000100000000)
  region size 1024K, 42 young (43008K), 2 survivors (2048K)
 Metaspace       used 151173K, capacity 156066K, committed 156492K, reserved 1185792K
  class space    used 18134K, capacity 20093K, committed 20300K, reserved 1048576K
}
Event: 8161.059 GC heap after
{Heap after GC invocations=204 (full 0):
 garbage-first heap   total 328704K, used 135102K [0x0000000080000000, 0x0000000100000000)
  region size 1024K, 7 young (7168K), 7 survivors (7168K)
 Metaspace       used 151173K, capacity 156066K, committed 156492K, reserved 1185792K
  class space    used 18134K, capacity 20093K, committed 20300K, reserved 1048576K
}
Event: 8167.519 GC heap before
{Heap before GC invocations=205 (full 0):
 garbage-first heap   total 328704K, used 228286K [0x0000000080000000, 0x0000000100000000)
  region size 1024K, 97 young (99328K), 7 survivors (7168K)
 Metaspace       used 151071K, capacity 155863K, committed 156492K, reserved 1185792K
  class space    used 18097K, capacity 20023K, committed 20300K, reserved 1048576K
}
Event: 8167.535 GC heap after
{Heap after GC invocations=206 (full 0):
 garbage-first heap   total 328704K, used 138547K [0x0000000080000000, 0x0000000100000000)
  region size 1024K, 7 young (7168K), 7 survivors (7168K)
 Metaspace       used 151071K, capacity 155863K, committed 156492K, reserved 1185792K
  class space    used 18097K, capacity 20023K, committed 20300K, reserved 1048576K
}
Event: 8229.268 GC heap before
{Heap before GC invocations=206 (full 0):
 garbage-first heap   total 328704K, used 165171K [0x0000000080000000, 0x0000000100000000)
  region size 1024K, 16 young (16384K), 7 survivors (7168K)
 Metaspace       used 151089K, capacity 155866K, committed 156492K, reserved 1185792K
  class space    used 18097K, capacity 20024K, committed 20300K, reserved 1048576K
}
Event: 8229.305 GC heap after
{Heap after GC invocations=207 (full 0):
 garbage-first heap   total 328704K, used 125580K [0x0000000080000000, 0x0000000100000000)
  region size 1024K, 1 young (1024K), 1 survivors (1024K)
 Metaspace       used 151089K, capacity 155866K, committed 156492K, reserved 1185792K
  class space    used 18097K, capacity 20024K, committed 20300K, reserved 1048576K
}

Deoptimization events (20 events):
Event: 8009.949 Thread 0x0000022db437e000 Uncommon trap: trap_request=0xffffffbe fr.pc=0x0000022da044d23c relative=0x000000000000199c
Event: 8009.949 Thread 0x0000022db437e000 Uncommon trap: reason=profile_predicate action=maybe_recompile pc=0x0000022da044d23c method=org.gradle.api.internal.artifacts.configurations.Configurations.getNames(Ljava/util/Collection;)Lcom/google/common/collect/ImmutableSet; @ 67 c2
Event: 8009.949 Thread 0x0000022db437e000 DEOPT PACKING pc=0x0000022da044d23c sp=0x000000e70d5fa7d0
Event: 8009.949 Thread 0x0000022db437e000 DEOPT UNPACKING pc=0x0000022d96bea1af sp=0x000000e70d5fa7a0 mode 2
Event: 8009.949 Thread 0x0000022db437e000 Uncommon trap: trap_request=0xffffffbe fr.pc=0x0000022da044d23c relative=0x000000000000199c
Event: 8009.949 Thread 0x0000022db437e000 Uncommon trap: reason=profile_predicate action=maybe_recompile pc=0x0000022da044d23c method=org.gradle.api.internal.artifacts.configurations.Configurations.getNames(Ljava/util/Collection;)Lcom/google/common/collect/ImmutableSet; @ 67 c2
Event: 8009.949 Thread 0x0000022db437e000 DEOPT PACKING pc=0x0000022da044d23c sp=0x000000e70d5fa7d0
Event: 8009.949 Thread 0x0000022db437e000 DEOPT UNPACKING pc=0x0000022d96bea1af sp=0x000000e70d5fa7a0 mode 2
Event: 8010.916 Thread 0x0000022db4380800 Uncommon trap: trap_request=0xffffffd6 fr.pc=0x0000022da042a888 relative=0x00000000000007a8
Event: 8010.916 Thread 0x0000022db4380800 Uncommon trap: reason=array_check action=maybe_recompile pc=0x0000022da042a888 method=java.util.ComparableTimSort.binarySort([Ljava/lang/Object;III)V @ 193 c2
Event: 8010.916 Thread 0x0000022db4380800 DEOPT PACKING pc=0x0000022da042a888 sp=0x000000e70d8f8f20
Event: 8010.916 Thread 0x0000022db4380800 DEOPT UNPACKING pc=0x0000022d96bea1af sp=0x000000e70d8f8ec0 mode 2
Event: 8159.906 Thread 0x0000022db69ba000 DEOPT PACKING pc=0x0000022d979b87c3 sp=0x000000e70d9fa540
Event: 8159.906 Thread 0x0000022db69ba000 DEOPT UNPACKING pc=0x0000022d96bea95e sp=0x000000e70d9f9a18 mode 0
Event: 8165.810 Thread 0x0000022db69ba000 DEOPT PACKING pc=0x0000022d9b1c9f53 sp=0x000000e70d9fa820
Event: 8165.810 Thread 0x0000022db69ba000 DEOPT UNPACKING pc=0x0000022d96bea95e sp=0x000000e70d9f9de0 mode 0
Event: 8166.989 Thread 0x0000022db012a800 Uncommon trap: trap_request=0xffffff7e fr.pc=0x0000022da0285308 relative=0x00000000000019e8
Event: 8166.989 Thread 0x0000022db012a800 Uncommon trap: reason=predicate action=maybe_recompile pc=0x0000022da0285308 method=java.util.TimSort.mergeLo(IIII)V @ 270 c2
Event: 8166.989 Thread 0x0000022db012a800 DEOPT PACKING pc=0x0000022da0285308 sp=0x000000e70e2fc5c0
Event: 8166.989 Thread 0x0000022db012a800 DEOPT UNPACKING pc=0x0000022d96bea1af sp=0x000000e70e2fc598 mode 2

Classes redefined (0 events):
No events

Internal exceptions (20 events):
Event: 8166.351 Thread 0x0000022db0128800 Exception <a 'sun/nio/fs/WindowsException'{0x000000008ee1bff8}> (0x000000008ee1bff8) thrown at [src/hotspot/share/prims/jni.cpp, line 617]
Event: 8166.469 Thread 0x0000022db0128800 Exception <a 'sun/nio/fs/WindowsException'{0x000000008ecfbdb0}> (0x000000008ecfbdb0) thrown at [src/hotspot/share/prims/jni.cpp, line 617]
Event: 8166.471 Thread 0x0000022db0128800 Exception <a 'sun/nio/fs/WindowsException'{0x000000008eb42c60}> (0x000000008eb42c60) thrown at [src/hotspot/share/prims/jni.cpp, line 617]
Event: 8166.476 Thread 0x0000022db012c800 Exception <a 'sun/nio/fs/WindowsException'{0x000000008ec61678}> (0x000000008ec61678) thrown at [src/hotspot/share/prims/jni.cpp, line 617]
Event: 8166.661 Thread 0x0000022db012c800 Exception <a 'sun/nio/fs/WindowsException'{0x000000008eb90208}> (0x000000008eb90208) thrown at [src/hotspot/share/prims/jni.cpp, line 617]
Event: 8166.671 Thread 0x0000022db012c800 Exception <a 'sun/nio/fs/WindowsException'{0x000000008eb96240}> (0x000000008eb96240) thrown at [src/hotspot/share/prims/jni.cpp, line 617]
Event: 8166.912 Thread 0x0000022db012a800 Exception <a 'sun/nio/fs/WindowsException'{0x000000008e707798}> (0x000000008e707798) thrown at [src/hotspot/share/prims/jni.cpp, line 617]
Event: 8167.006 Thread 0x0000022db012a800 Exception <a 'sun/nio/fs/WindowsException'{0x000000008e573c88}> (0x000000008e573c88) thrown at [src/hotspot/share/prims/jni.cpp, line 617]
Event: 8167.846 Thread 0x0000022db3fa6000 Exception <a 'sun/nio/fs/WindowsException'{0x0000000093d2fd80}> (0x0000000093d2fd80) thrown at [src/hotspot/share/prims/jni.cpp, line 617]
Event: 8167.850 Thread 0x0000022dbef73800 Exception <a 'sun/nio/fs/WindowsException'{0x0000000093d26bb0}> (0x0000000093d26bb0) thrown at [src/hotspot/share/prims/jni.cpp, line 617]
Event: 8167.850 Thread 0x0000022dbef73800 Exception <a 'sun/nio/fs/WindowsException'{0x0000000093d26c38}> (0x0000000093d26c38) thrown at [src/hotspot/share/prims/jni.cpp, line 617]
Event: 8167.850 Thread 0x0000022dbef73800 Exception <a 'sun/nio/fs/WindowsException'{0x0000000093d285d8}> (0x0000000093d285d8) thrown at [src/hotspot/share/prims/jni.cpp, line 617]
Event: 8249.663 Thread 0x0000022db5fef000 Exception <a 'sun/nio/fs/WindowsException'{0x00000000928d16a8}> (0x00000000928d16a8) thrown at [src/hotspot/share/prims/jni.cpp, line 617]
Event: 8249.708 Thread 0x0000022db5fef000 Exception <a 'java/lang/NoClassDefFoundError'{0x0000000092315dd8}: org/jetbrains/kotlin/gradle/plugin/KotlinBasePluginWrapper> (0x0000000092315dd8) thrown at [src/hotspot/share/oops/constantPool.cpp, line 775]
Event: 8249.727 Thread 0x0000022db5fef000 Exception <a 'sun/nio/fs/WindowsException'{0x00000000922a2078}> (0x00000000922a2078) thrown at [src/hotspot/share/prims/jni.cpp, line 617]
Event: 8249.733 Thread 0x0000022db5fef000 Exception <a 'sun/nio/fs/WindowsException'{0x00000000921454a0}> (0x00000000921454a0) thrown at [src/hotspot/share/prims/jni.cpp, line 617]
Event: 8249.733 Thread 0x0000022db5fef000 Exception <a 'sun/nio/fs/WindowsException'{0x00000000921466f8}> (0x00000000921466f8) thrown at [src/hotspot/share/prims/jni.cpp, line 617]
Event: 8249.733 Thread 0x0000022db5fef000 Exception <a 'sun/nio/fs/WindowsException'{0x00000000921479a0}> (0x00000000921479a0) thrown at [src/hotspot/share/prims/jni.cpp, line 617]
Event: 8249.733 Thread 0x0000022db5fef000 Exception <a 'sun/nio/fs/WindowsException'{0x0000000092148c48}> (0x0000000092148c48) thrown at [src/hotspot/share/prims/jni.cpp, line 617]
Event: 8249.775 Thread 0x0000022db5fef000 Exception <a 'sun/nio/fs/WindowsException'{0x0000000091d7db20}> (0x0000000091d7db20) thrown at [src/hotspot/share/prims/jni.cpp, line 617]

Events (20 events):
Event: 8249.651 Thread 0x0000022db437f000 Thread added: 0x0000022db437f000
Event: 8249.671 Executing VM operation: ICBufferFull
Event: 8249.671 Executing VM operation: ICBufferFull done
Event: 8249.776 Thread 0x0000022db4380800 Thread added: 0x0000022db4380800
Event: 8249.777 Thread 0x0000022db69b5000 Thread added: 0x0000022db69b5000
Event: 8249.780 Thread 0x0000022db69ba800 Thread added: 0x0000022db69ba800
Event: 8249.781 Thread 0x0000022db69bb800 Thread added: 0x0000022db69bb800
Event: 8249.781 Thread 0x0000022db69b8000 Thread added: 0x0000022db69b8000
Event: 8249.782 Thread 0x0000022db69ba000 Thread added: 0x0000022db69ba000
Event: 8249.784 Thread 0x0000022db69b9000 Thread added: 0x0000022db69b9000
Event: 8249.789 Executing VM operation: RevokeBias
Event: 8249.791 Executing VM operation: RevokeBias done
Event: 8249.791 Executing VM operation: RevokeBias
Event: 8249.791 Executing VM operation: RevokeBias done
Event: 8249.805 Executing VM operation: RevokeBias
Event: 8249.805 Executing VM operation: RevokeBias done
Event: 8249.809 Executing VM operation: RevokeBias
Event: 8249.809 Executing VM operation: RevokeBias done
Event: 8249.817 Executing VM operation: RevokeBias
Event: 8249.818 Executing VM operation: RevokeBias done


Dynamic libraries:
0x00007ff7a6240000 - 0x00007ff7a624a000 	C:\Program Files\Android\Android Studio\jbr\bin\java.exe
0x00007ffb0e0d0000 - 0x00007ffb0e2c8000 	C:\WINDOWS\SYSTEM32\ntdll.dll
0x00007ffb0c4c0000 - 0x00007ffb0c57f000 	C:\WINDOWS\System32\KERNEL32.DLL
0x00007ffb0b9e0000 - 0x00007ffb0bcd6000 	C:\WINDOWS\System32\KERNELBASE.dll
0x00007ffb0bce0000 - 0x00007ffb0bde0000 	C:\WINDOWS\System32\ucrtbase.dll
0x00007ffb05fb0000 - 0x00007ffb05fc7000 	C:\Program Files\Android\Android Studio\jbr\bin\jli.dll
0x00007ffb06c30000 - 0x00007ffb06c4b000 	C:\Program Files\Android\Android Studio\jbr\bin\VCRUNTIME140.dll
0x00007ffb0def0000 - 0x00007ffb0e08d000 	C:\WINDOWS\System32\USER32.dll
0x00007ffb0b9b0000 - 0x00007ffb0b9d2000 	C:\WINDOWS\System32\win32u.dll
0x00007ffb0c930000 - 0x00007ffb0c95c000 	C:\WINDOWS\System32\GDI32.dll
0x00007ffb0bf80000 - 0x00007ffb0c095000 	C:\WINDOWS\System32\gdi32full.dll
0x00007ffaef490000 - 0x00007ffaef72a000 	C:\WINDOWS\WinSxS\amd64_microsoft.windows.common-controls_6595b64144ccf1df_6.0.19041.1110_none_60b5254171f9507e\COMCTL32.dll
0x00007ffb0bde0000 - 0x00007ffb0be7d000 	C:\WINDOWS\System32\msvcp_win.dll
0x00007ffb0c320000 - 0x00007ffb0c3be000 	C:\WINDOWS\System32\msvcrt.dll
0x00007ffb0c3c0000 - 0x00007ffb0c3f0000 	C:\WINDOWS\System32\IMM32.DLL
0x00007ffb06c20000 - 0x00007ffb06c2c000 	C:\Program Files\Android\Android Studio\jbr\bin\vcruntime140_1.dll
0x00007ffb06b90000 - 0x00007ffb06c1d000 	C:\Program Files\Android\Android Studio\jbr\bin\msvcp140.dll
0x00007ffaf8660000 - 0x00007ffaf921c000 	C:\Program Files\Android\Android Studio\jbr\bin\server\jvm.dll
0x00007ffb0cc60000 - 0x00007ffb0cd0f000 	C:\WINDOWS\System32\ADVAPI32.dll
0x00007ffb0cbc0000 - 0x00007ffb0cc5c000 	C:\WINDOWS\System32\sechost.dll
0x00007ffb0d820000 - 0x00007ffb0d946000 	C:\WINDOWS\System32\RPCRT4.dll
0x00007ffb0c130000 - 0x00007ffb0c138000 	C:\WINDOWS\System32\PSAPI.DLL
0x00007ffb06030000 - 0x00007ffb06039000 	C:\WINDOWS\SYSTEM32\WSOCK32.dll
0x00007ffb0c710000 - 0x00007ffb0c77b000 	C:\WINDOWS\System32\WS2_32.dll
0x00007ffafc300000 - 0x00007ffafc327000 	C:\WINDOWS\SYSTEM32\WINMM.dll
0x00007ffafef20000 - 0x00007ffafef2a000 	C:\WINDOWS\SYSTEM32\VERSION.dll
0x00007ffb09630000 - 0x00007ffb09642000 	C:\WINDOWS\SYSTEM32\kernel.appcore.dll
0x00007ffb06020000 - 0x00007ffb06030000 	C:\Program Files\Android\Android Studio\jbr\bin\verify.dll
0x00007ffafb530000 - 0x00007ffafb714000 	C:\WINDOWS\SYSTEM32\DBGHELP.DLL
0x00007ffafb4f0000 - 0x00007ffafb524000 	C:\WINDOWS\SYSTEM32\dbgcore.DLL
0x00007ffb0c0a0000 - 0x00007ffb0c122000 	C:\WINDOWS\System32\bcryptPrimitives.dll
0x00007ffb05ff0000 - 0x00007ffb06018000 	C:\Program Files\Android\Android Studio\jbr\bin\java.dll
0x00007ffb05fe0000 - 0x00007ffb05fea000 	C:\Program Files\Android\Android Studio\jbr\bin\jimage.dll
0x00007ffb05fd0000 - 0x00007ffb05fde000 	C:\Program Files\Android\Android Studio\jbr\bin\instrument.dll
0x00007ffb057f0000 - 0x00007ffb05808000 	C:\Program Files\Android\Android Studio\jbr\bin\zip.dll
0x00007ffb0d070000 - 0x00007ffb0d7b4000 	C:\WINDOWS\System32\SHELL32.dll
0x00007ffb09830000 - 0x00007ffb09fc3000 	C:\WINDOWS\SYSTEM32\windows.storage.dll
0x00007ffb0cd10000 - 0x00007ffb0d064000 	C:\WINDOWS\System32\combase.dll
0x00007ffb0b050000 - 0x00007ffb0b07e000 	C:\WINDOWS\SYSTEM32\Wldp.dll
0x00007ffb0c260000 - 0x00007ffb0c30d000 	C:\WINDOWS\System32\SHCORE.dll
0x00007ffb0c3f0000 - 0x00007ffb0c445000 	C:\WINDOWS\System32\shlwapi.dll
0x00007ffb0b6f0000 - 0x00007ffb0b70f000 	C:\WINDOWS\SYSTEM32\profapi.dll
0x00007ffb057e0000 - 0x00007ffb057ea000 	C:\Program Files\Android\Android Studio\jbr\bin\management.dll
0x00007ffb04450000 - 0x00007ffb0445b000 	C:\Program Files\Android\Android Studio\jbr\bin\management_ext.dll
0x00007ffaf9dc0000 - 0x00007ffaf9dd9000 	C:\Program Files\Android\Android Studio\jbr\bin\net.dll
0x00007ffb029e0000 - 0x00007ffb02aea000 	C:\WINDOWS\SYSTEM32\WINHTTP.dll
0x00007ffb0ae30000 - 0x00007ffb0ae9a000 	C:\WINDOWS\system32\mswsock.dll
0x00007ffaf9d70000 - 0x00007ffaf9d83000 	C:\Program Files\Android\Android Studio\jbr\bin\nio.dll
0x00007ffab7dd0000 - 0x00007ffab7de7000 	C:\WINDOWS\system32\napinsp.dll
0x00007ffabb100000 - 0x00007ffabb11b000 	C:\WINDOWS\system32\pnrpnsp.dll
0x00007ffaedaa0000 - 0x00007ffaedab5000 	C:\WINDOWS\system32\wshbth.dll
0x00007ffb06ac0000 - 0x00007ffb06add000 	C:\WINDOWS\system32\NLAapi.dll
0x00007ffb0ab40000 - 0x00007ffb0ab7c000 	C:\WINDOWS\SYSTEM32\IPHLPAPI.DLL
0x00007ffb0ab80000 - 0x00007ffb0ac4b000 	C:\WINDOWS\SYSTEM32\DNSAPI.dll
0x00007ffb0c310000 - 0x00007ffb0c318000 	C:\WINDOWS\System32\NSI.dll
0x00007ffabc190000 - 0x00007ffabc1a2000 	C:\WINDOWS\System32\winrnr.dll
0x00007ffaff440000 - 0x00007ffaff44a000 	C:\Windows\System32\rasadhlp.dll
0x00007ffb01740000 - 0x00007ffb017c2000 	C:\WINDOWS\System32\fwpuclnt.dll
0x00007ffb0b7b0000 - 0x00007ffb0b7d7000 	C:\WINDOWS\System32\bcrypt.dll
0x00007ffae75e0000 - 0x00007ffae7607000 	C:\Users\shahzaib lptp\AndroidStudioProjects\loginsqlite\native\e1d6ef7f7dcc3fd88c89a11ec53ec762bb8ba0a96d01ffa2cd45eb1d1d8dd5c5\windows-amd64\native-platform.dll
0x00007ffaba650000 - 0x00007ffaba794000 	C:\Users\shahzaib lptp\AndroidStudioProjects\loginsqlite\native\0d407fdbe67a94daf76414ababcb853783967236a71b16ec16e742cd7a986fd3\windows-amd64\native-platform-file-events.dll
0x00007ffb0b380000 - 0x00007ffb0b398000 	C:\WINDOWS\SYSTEM32\CRYPTSP.dll
0x00007ffb0a770000 - 0x00007ffb0a7a4000 	C:\WINDOWS\system32\rsaenh.dll
0x00007ffb0b6b0000 - 0x00007ffb0b6de000 	C:\WINDOWS\SYSTEM32\USERENV.dll
0x00007ffb0afc0000 - 0x00007ffb0afcc000 	C:\WINDOWS\SYSTEM32\CRYPTBASE.dll
0x00007ffb005c0000 - 0x00007ffb005d7000 	C:\WINDOWS\SYSTEM32\dhcpcsvc6.DLL
0x00007ffb005a0000 - 0x00007ffb005bd000 	C:\WINDOWS\SYSTEM32\dhcpcsvc.DLL
0x00007ffb0a8b0000 - 0x00007ffb0a8e3000 	C:\WINDOWS\SYSTEM32\ntmarta.dll
0x00007ffaf8130000 - 0x00007ffaf8157000 	C:\Program Files\Android\Android Studio\jbr\bin\sunec.dll

dbghelp: loaded successfully - version: 4.0.5 - missing functions: none
symbol engine: initialized successfully - sym options: 0x614 - pdb path: .;C:\Program Files\Android\Android Studio\jbr\bin;C:\WINDOWS\SYSTEM32;C:\WINDOWS\WinSxS\amd64_microsoft.windows.common-controls_6595b64144ccf1df_6.0.19041.1110_none_60b5254171f9507e;C:\Program Files\Android\Android Studio\jbr\bin\server;C:\Users\shahzaib lptp\AndroidStudioProjects\loginsqlite\native\e1d6ef7f7dcc3fd88c89a11ec53ec762bb8ba0a96d01ffa2cd45eb1d1d8dd5c5\windows-amd64;C:\Users\shahzaib lptp\AndroidStudioProjects\loginsqlite\native\0d407fdbe67a94daf76414ababcb853783967236a71b16ec16e742cd7a986fd3\windows-amd64

VM Arguments:
jvm_args: -javaagent:C:\Program Files\Android\Android Studio\plugins\android\resources\trace_agent.jar=C:\Users\SHAHZA~1\AppData\Local\Temp\sync.trace.profile --add-opens=java.base/java.util=ALL-UNNAMED --add-opens=java.base/java.lang=ALL-UNNAMED --add-opens=java.base/java.lang.invoke=ALL-UNNAMED --add-opens=java.base/java.util=ALL-UNNAMED --add-opens=java.prefs/java.util.prefs=ALL-UNNAMED --add-opens=java.prefs/java.util.prefs=ALL-UNNAMED --add-opens=java.base/java.nio.charset=ALL-UNNAMED --add-opens=java.base/java.net=ALL-UNNAMED --add-opens=java.base/java.util.concurrent.atomic=ALL-UNNAMED -Xmx2048m -Dfile.encoding=UTF-8 -Duser.country=US -Duser.language=en -Duser.variant 
java_command: org.gradle.launcher.daemon.bootstrap.GradleDaemon 7.5
java_class_path (initial): C:\Users\shahzaib lptp\AndroidStudioProjects\loginsqlite\wrapper\dists\gradle-7.5-bin\f1w0cc9nuo0eivz97x2xlu9sv\gradle-7.5\lib\gradle-launcher-7.5.jar
Launcher Type: SUN_STANDARD

[Global flags]
     intx CICompilerCount                          = 3                                         {product} {ergonomic}
     uint ConcGCThreads                            = 1                                         {product} {ergonomic}
     uint G1ConcRefinementThreads                  = 4                                         {product} {ergonomic}
   size_t G1HeapRegionSize                         = 1048576                                   {product} {ergonomic}
    uintx GCDrainStackTargetSize                   = 64                                        {product} {ergonomic}
   size_t InitialHeapSize                          = 134217728                                 {product} {ergonomic}
   size_t MarkStackSize                            = 4194304                                   {product} {ergonomic}
   size_t MaxHeapSize                              = 2147483648                                {product} {command line}
   size_t MaxNewSize                               = 1287651328                                {product} {ergonomic}
   size_t MinHeapDeltaBytes                        = 1048576                                   {product} {ergonomic}
    uintx NonNMethodCodeHeapSize                   = 5830732                                {pd product} {ergonomic}
    uintx NonProfiledCodeHeapSize                  = 122913754                              {pd product} {ergonomic}
    uintx ProfiledCodeHeapSize                     = 122913754                              {pd product} {ergonomic}
    uintx ReservedCodeCacheSize                    = 251658240                              {pd product} {ergonomic}
     bool SegmentedCodeCache                       = true                                      {product} {ergonomic}
     bool UseCompressedClassPointers               = true                                 {lp64_product} {ergonomic}
     bool UseCompressedOops                        = true                                 {lp64_product} {ergonomic}
     bool UseG1GC                                  = true                                      {product} {ergonomic}
     bool UseLargePagesIndividualAllocation        = false                                  {pd product} {ergonomic}

Logging:
Log output configuration:
 #0: stdout all=warning uptime,level,tags
 #1: stderr all=off uptime,level,tags

Environment Variables:
PATH=C:\Program Files\Python310\Scripts\;C:\Program Files\Python310\;C:\Program Files\Common Files\Oracle\Java\javapath;C:\app\bin;C:\app\shahzaiblptp\product\11.2.0\dbhome_1\bin;C:\WINDOWS\system32;C:\WINDOWS;C:\WINDOWS\System32\Wbem;C:\WINDOWS\System32\WindowsPowerShell\v1.0\;c:\Program Files (x86)\Microsoft SQL Server\100\Tools\Binn\;c:\Program Files\Microsoft SQL Server\100\Tools\Binn\;c:\Program Files\Microsoft SQL Server\100\DTS\Binn\;C:\WINDOWS\System32\OpenSSH\;C:\ProgramData\chocolatey\bin;%JAVA_HOME%\bin;C:\Program Files\Git\cmd;C:\Users\shahzaib lptp\AppData\Local\Microsoft\WindowsApps;C:\Program Files\JetBrains\IntelliJ IDEA Community Edition 2021.3\bin;;C:\Program Files\Python310\PyCharm Community Edition 2022.1\bin;;C:\Users\shahzaib lptp\AppData\Local\Programs\Microsoft VS Code\bin;C:\Program Files\flutter\bin;C:\src\flutter\bin;C:\Program Files\Android\Android Studio\bin;
USERNAME=shahzaib lptp
OS=Windows_NT
PROCESSOR_IDENTIFIER=Intel64 Family 6 Model 69 Stepping 1, GenuineIntel



---------------  S Y S T E M  ---------------

OS: Windows 10 , 64 bit Build 19041 (10.0.19041.2913)
OS uptime: 0 days 2:32 hours
Hyper-V role detected

CPU:total 4 (initial active 4) (2 cores per cpu, 2 threads per core) family 6 model 69 stepping 1 microcode 0x26, cmov, cx8, fxsr, mmx, sse, sse2, sse3, ssse3, sse4.1, sse4.2, popcnt, avx, avx2, aes, clmul, erms, lzcnt, ht, tsc, tscinvbit, bmi1, bmi2, fma

Memory: 4k page, system-wide physical 8073M (677M free)
TotalPageFile size 10073M (AvailPageFile size 4M)
current process WorkingSet (physical memory assigned to process): 651M, peak: 758M
current process commit charge ("private bytes"): 804M, peak: 822M

vm_info: OpenJDK 64-Bit Server VM (11.0.15+0-b2043.56-9505619) for windows-amd64 JRE (11.0.15+0-b2043.56-9505619), built on Jan 19 2023 02:48:00 by "builduser" with unknown MS VC++:1929

END.
