#
# There is insufficient memory for the Java Runtime Environment to continue.
# Native memory allocation (malloc) failed to allocate 941376 bytes for Chunk::new
# Possible reasons:
#   The system is out of physical RAM or swap space
#   The process is running with CompressedOops enabled, and the Java Heap may be blocking the growth of the native heap
# Possible solutions:
#   Reduce memory load on the system
#   Increase physical memory or swap space
#   Check if swap backing store is full
#   Decrease Java heap size (-Xmx/-Xms)
#   Decrease number of Java threads
#   Decrease Java thread stack sizes (-Xss)
#   Set larger code cache with -XX:ReservedCodeCacheSize=
#   JVM is running with Unscaled Compressed Oops mode in which the Java heap is
#     placed in the first 4GB address space. The Java Heap base address is the
#     maximum limit for the native heap growth. Please use -XX:HeapBaseMinAddress
#     to set the Java Heap base and to place the Java Heap above 4GB virtual address.
# This output file may be truncated or incomplete.
#
#  Out of Memory Error (src/hotspot/share/memory/arena.cpp:197), pid=12172, tid=1188
#
# JRE version: OpenJDK Runtime Environment (11.0.15) (build 11.0.15+0-b2043.56-9505619)
# Java VM: OpenJDK 64-Bit Server VM (11.0.15+0-b2043.56-9505619, mixed mode, tiered, compressed oops, g1 gc, windows-amd64)
# No core dump will be written. Minidumps are not enabled by default on client versions of Windows
#

---------------  S U M M A R Y ------------

Command Line: --add-opens=java.base/java.util.concurrent.atomic=ALL-UNNAMED -javaagent:C:\Program Files\Android\Android Studio\plugins\android\resources\trace_agent.jar=C:\Users\SHAHZA~1\AppData\Local\Temp\sync.trace.profile --add-opens=java.base/java.util=ALL-UNNAMED --add-opens=java.base/java.lang=ALL-UNNAMED --add-opens=java.base/java.lang.invoke=ALL-UNNAMED --add-opens=java.prefs/java.util.prefs=ALL-UNNAMED --add-opens=java.base/java.nio.charset=ALL-UNNAMED --add-opens=java.base/java.net=ALL-UNNAMED --add-opens=java.base/java.util.concurrent.atomic=ALL-UNNAMED -Xmx2048m -Dfile.encoding=UTF-8 -Duser.country=US -Duser.language=en -Duser.variant -javaagent:C:\Users\shahzaib lptp\AndroidStudioProjects\loginsqlite\wrapper\dists\gradle-8.3-rc-1-bin\3lbs5z64xhcdp1uarsx2vp16o\gradle-8.3-rc-1\lib\agents\gradle-instrumentation-agent-8.3.jar org.gradle.launcher.daemon.bootstrap.GradleDaemon 8.3-rc-1

Host: Intel(R) Core(TM) i5-4310U CPU @ 2.00GHz, 4 cores, 7G,  Windows 10 , 64 bit Build 19041 (10.0.19041.3031)
Time: Fri Jul 28 01:02:44 2023 Pakistan Standard Time elapsed time: 44.402382 seconds (0d 0h 0m 44s)

---------------  T H R E A D  ---------------

Current thread (0x000001ea616a8000):  JavaThread "C2 CompilerThread0" daemon [_thread_in_native, id=1188, stack(0x000000e95be00000,0x000000e95bf00000)]


Current CompileTask:
C2:  44402 9523       4       java.beans.Introspector::addMethod (196 bytes)

Stack: [0x000000e95be00000,0x000000e95bf00000]
Native frames: (J=compiled Java code, j=interpreted, Vv=VM code, C=native code)
V  [jvm.dll+0x64135a]
V  [jvm.dll+0x7d39f9]
V  [jvm.dll+0x7d51b9]
V  [jvm.dll+0x7d58a3]
V  [jvm.dll+0x2691c5]
V  [jvm.dll+0xc1a5c]
V  [jvm.dll+0xc200c]
V  [jvm.dll+0x2da2c2]
V  [jvm.dll+0x54cad9]
V  [jvm.dll+0x220c9d]
V  [jvm.dll+0x222d45]
V  [jvm.dll+0x220384]
V  [jvm.dll+0x19e851]
V  [jvm.dll+0x230479]
V  [jvm.dll+0x22e5ef]
V  [jvm.dll+0x794de1]
V  [jvm.dll+0x78dc24]
V  [jvm.dll+0x6400f6]
C  [ucrtbase.dll+0x21bb2]
C  [KERNEL32.DLL+0x17614]
C  [ntdll.dll+0x526f1]


---------------  P R O C E S S  ---------------

Threads class SMR info:
_java_thread_list=0x000001ea68869ca0, length=43, elements={
0x000001ea47a7a800, 0x000001ea61683800, 0x000001ea61685800, 0x000001ea616a2800,
0x000001ea616a3800, 0x000001ea616a4800, 0x000001ea616a8000, 0x000001ea616ad000,
0x000001ea616af000, 0x000001ea47b4a000, 0x000001ea675d0800, 0x000001ea66feb800,
0x000001ea676aa000, 0x000001ea6750a800, 0x000001ea66f5c000, 0x000001ea66418000,
0x000001ea679d3000, 0x000001ea67626800, 0x000001ea672fa800, 0x000001ea62c32800,
0x000001ea67732000, 0x000001ea67733800, 0x000001ea67734800, 0x000001ea6772e800,
0x000001ea67735000, 0x000001ea6772f800, 0x000001ea67731000, 0x000001ea67732800,
0x000001ea67730000, 0x000001ea6329d000, 0x000001ea632a2000, 0x000001ea6329e000,
0x000001ea632a0800, 0x000001ea65cd9800, 0x000001ea65cdb000, 0x000001ea65cd8800,
0x000001ea65cd5800, 0x000001ea65cd8000, 0x000001ea65cda800, 0x000001ea65cdc000,
0x000001ea65cd6800, 0x000001ea65cdd000, 0x000001ea65aed800
}

Java Threads: ( => current thread )
  0x000001ea47a7a800 JavaThread "main" [_thread_blocked, id=12456, stack(0x000000e95b200000,0x000000e95b300000)]
  0x000001ea61683800 JavaThread "Reference Handler" daemon [_thread_blocked, id=10456, stack(0x000000e95b900000,0x000000e95ba00000)]
  0x000001ea61685800 JavaThread "Finalizer" daemon [_thread_blocked, id=12564, stack(0x000000e95ba00000,0x000000e95bb00000)]
  0x000001ea616a2800 JavaThread "Signal Dispatcher" daemon [_thread_blocked, id=3020, stack(0x000000e95bb00000,0x000000e95bc00000)]
  0x000001ea616a3800 JavaThread "Attach Listener" daemon [_thread_blocked, id=8696, stack(0x000000e95bc00000,0x000000e95bd00000)]
  0x000001ea616a4800 JavaThread "Service Thread" daemon [_thread_blocked, id=12892, stack(0x000000e95bd00000,0x000000e95be00000)]
=>0x000001ea616a8000 JavaThread "C2 CompilerThread0" daemon [_thread_in_native, id=1188, stack(0x000000e95be00000,0x000000e95bf00000)]
  0x000001ea616ad000 JavaThread "C1 CompilerThread0" daemon [_thread_in_native, id=968, stack(0x000000e95bf00000,0x000000e95c000000)]
  0x000001ea616af000 JavaThread "Sweeper thread" daemon [_thread_blocked, id=7524, stack(0x000000e95c000000,0x000000e95c100000)]
  0x000001ea47b4a000 JavaThread "Common-Cleaner" daemon [_thread_blocked, id=2228, stack(0x000000e95c100000,0x000000e95c200000)]
  0x000001ea675d0800 JavaThread "Daemon health stats" [_thread_blocked, id=13552, stack(0x000000e95c600000,0x000000e95c700000)]
  0x000001ea66feb800 JavaThread "Incoming local TCP Connector on port 57849" [_thread_in_native, id=10644, stack(0x000000e95c700000,0x000000e95c800000)]
  0x000001ea676aa000 JavaThread "Daemon periodic checks" [_thread_blocked, id=11936, stack(0x000000e95c800000,0x000000e95c900000)]
  0x000001ea6750a800 JavaThread "Daemon" [_thread_blocked, id=13128, stack(0x000000e95c900000,0x000000e95ca00000)]
  0x000001ea66f5c000 JavaThread "Handler for socket connection from /127.0.0.1:57849 to /127.0.0.1:57850" [_thread_in_native, id=13164, stack(0x000000e95ca00000,0x000000e95cb00000)]
  0x000001ea66418000 JavaThread "Cancel handler" [_thread_blocked, id=8224, stack(0x000000e95cc00000,0x000000e95cd00000)]
  0x000001ea679d3000 JavaThread "Daemon worker" [_thread_in_Java, id=9232, stack(0x000000e95cd00000,0x000000e95ce00000)]
  0x000001ea67626800 JavaThread "Asynchronous log dispatcher for DefaultDaemonConnection: socket connection from /127.0.0.1:57849 to /127.0.0.1:57850" [_thread_blocked, id=13868, stack(0x000000e95ce00000,0x000000e95cf00000)]
  0x000001ea672fa800 JavaThread "Stdin handler" [_thread_blocked, id=13356, stack(0x000000e95cf00000,0x000000e95d000000)]
  0x000001ea62c32800 JavaThread "Daemon client event forwarder" [_thread_blocked, id=12568, stack(0x000000e95d000000,0x000000e95d100000)]
  0x000001ea67732000 JavaThread "Cache worker for journal cache (C:\Users\shahzaib lptp\AndroidStudioProjects\loginsqlite\caches\journal-1)" [_thread_blocked, id=8228, stack(0x000000e95d100000,0x000000e95d200000)]
  0x000001ea67733800 JavaThread "File lock request listener" [_thread_in_native, id=4172, stack(0x000000e95d200000,0x000000e95d300000)]
  0x000001ea67734800 JavaThread "Cache worker for file hash cache (C:\Users\shahzaib lptp\AndroidStudioProjects\loginsqlite\caches\8.3-rc-1\fileHashes)" [_thread_blocked, id=964, stack(0x000000e95d300000,0x000000e95d400000)]
  0x000001ea6772e800 JavaThread "File watcher server" daemon [_thread_in_native, id=13388, stack(0x000000e95d400000,0x000000e95d500000)]
  0x000001ea67735000 JavaThread "File watcher consumer" daemon [_thread_blocked, id=4916, stack(0x000000e95d500000,0x000000e95d600000)]
  0x000001ea6772f800 JavaThread "Cache worker for checksums cache (C:\Users\shahzaib lptp\AndroidStudioProjects\EyeonwaterApp\.gradle\8.3-rc-1\checksums)" [_thread_blocked, id=3132, stack(0x000000e95d600000,0x000000e95d700000)]
  0x000001ea67731000 JavaThread "Cache worker for file hash cache (C:\Users\shahzaib lptp\AndroidStudioProjects\EyeonwaterApp\.gradle\8.3-rc-1\fileHashes)" [_thread_blocked, id=1160, stack(0x000000e95d700000,0x000000e95d800000)]
  0x000001ea67732800 JavaThread "Cache worker for cache directory md-supplier (C:\Users\shahzaib lptp\AndroidStudioProjects\loginsqlite\caches\8.3-rc-1\md-supplier)" [_thread_blocked, id=6056, stack(0x000000e95d800000,0x000000e95d900000)]
  0x000001ea67730000 JavaThread "Cache worker for file content cache (C:\Users\shahzaib lptp\AndroidStudioProjects\loginsqlite\caches\8.3-rc-1\fileContent)" [_thread_blocked, id=1988, stack(0x000000e95d900000,0x000000e95da00000)]
  0x000001ea6329d000 JavaThread "Cache worker for cache directory md-rule (C:\Users\shahzaib lptp\AndroidStudioProjects\loginsqlite\caches\8.3-rc-1\md-rule)" [_thread_blocked, id=3616, stack(0x000000e95da00000,0x000000e95db00000)]
  0x000001ea632a2000 JavaThread "Cache worker for execution history cache (C:\Users\shahzaib lptp\AndroidStudioProjects\loginsqlite\caches\8.3-rc-1\executionHistory)" [_thread_blocked, id=12268, stack(0x000000e95db00000,0x000000e95dc00000)]
  0x000001ea6329e000 JavaThread "jar transforms" [_thread_blocked, id=2624, stack(0x000000e95dc00000,0x000000e95dd00000)]
  0x000001ea632a0800 JavaThread "jar transforms Thread 2" [_thread_blocked, id=10564, stack(0x000000e95dd00000,0x000000e95de00000)]
  0x000001ea65cd9800 JavaThread "jar transforms Thread 3" [_thread_blocked, id=12136, stack(0x000000e95de00000,0x000000e95df00000)]
  0x000001ea65cdb000 JavaThread "jar transforms Thread 4" [_thread_blocked, id=9120, stack(0x000000e95df00000,0x000000e95e000000)]
  0x000001ea65cd8800 JavaThread "Cache worker for dependencies-accessors (C:\Users\shahzaib lptp\AndroidStudioProjects\EyeonwaterApp\.gradle\8.3-rc-1\dependencies-accessors)" [_thread_blocked, id=9056, stack(0x000000e95e000000,0x000000e95e100000)]
  0x000001ea65cd5800 JavaThread "Cache worker for Build Output Cleanup Cache (C:\Users\shahzaib lptp\AndroidStudioProjects\EyeonwaterApp\.gradle\buildOutputCleanup)" [_thread_blocked, id=12964, stack(0x000000e95e100000,0x000000e95e200000)]
  0x000001ea65cd8000 JavaThread "Unconstrained build operations" [_thread_blocked, id=10028, stack(0x000000e95e200000,0x000000e95e300000)]
  0x000001ea65cda800 JavaThread "Unconstrained build operations Thread 2" [_thread_blocked, id=7060, stack(0x000000e95e300000,0x000000e95e400000)]
  0x000001ea65cdc000 JavaThread "Unconstrained build operations Thread 3" [_thread_blocked, id=1744, stack(0x000000e95e400000,0x000000e95e500000)]
  0x000001ea65cd6800 JavaThread "build event listener" [_thread_blocked, id=1168, stack(0x000000e95c200000,0x000000e95c300000)]
  0x000001ea65cdd000 JavaThread "Memory manager" [_thread_blocked, id=5444, stack(0x000000e95e600000,0x000000e95e700000)]
  0x000001ea65aed800 JavaThread "C2 CompilerThread1" daemon [_thread_in_native, id=8976, stack(0x000000e95e500000,0x000000e95e600000)]

Other Threads:
  0x000001ea61681000 VMThread "VM Thread" [stack: 0x000000e95b800000,0x000000e95b900000] [id=4668]
  0x000001ea62bf8800 WatcherThread [stack: 0x000000e95c300000,0x000000e95c400000] [id=7940]
  0x000001ea47a93800 GCTaskThread "GC Thread#0" [stack: 0x000000e95b300000,0x000000e95b400000] [id=13308]
  0x000001ea63247000 GCTaskThread "GC Thread#1" [stack: 0x000000e95c400000,0x000000e95c500000] [id=1772]
  0x000001ea62fb4000 GCTaskThread "GC Thread#2" [stack: 0x000000e95c500000,0x000000e95c600000] [id=10992]
  0x000001ea67d85000 GCTaskThread "GC Thread#3" [stack: 0x000000e95cb00000,0x000000e95cc00000] [id=4948]
  0x000001ea47ac0800 ConcurrentGCThread "G1 Main Marker" [stack: 0x000000e95b400000,0x000000e95b500000] [id=13848]
  0x000001ea47ac2000 ConcurrentGCThread "G1 Conc#0" [stack: 0x000000e95b500000,0x000000e95b600000] [id=10436]
  0x000001ea614e0800 ConcurrentGCThread "G1 Refine#0" [stack: 0x000000e95b600000,0x000000e95b700000] [id=8544]
  0x000001ea614e1000 ConcurrentGCThread "G1 Young RemSet Sampling" [stack: 0x000000e95b700000,0x000000e95b800000] [id=6336]

Threads with active compile tasks:
C2 CompilerThread0    44455 9523       4       java.beans.Introspector::addMethod (196 bytes)
C2 CompilerThread1    44455 9529       4       java.beans.MethodRef::set (58 bytes)

VM state:not at safepoint (normal execution)

VM Mutex/Monitor currently owned by a thread: None

Heap address: 0x0000000080000000, size: 2048 MB, Compressed Oops mode: 32-bit
Narrow klass base: 0x0000000000000000, Narrow klass shift: 3
Compressed class space size: 1073741824 Address: 0x0000000100000000

Heap:
 garbage-first heap   total 227328K, used 122926K [0x0000000080000000, 0x0000000100000000)
  region size 1024K, 56 young (57344K), 6 survivors (6144K)
 Metaspace       used 85590K, capacity 88061K, committed 88268K, reserved 1126400K
  class space    used 11183K, capacity 12125K, committed 12236K, reserved 1048576K
Heap Regions: E=young(eden), S=young(survivor), O=old, HS=humongous(starts), HC=humongous(continues), CS=collection set, F=free, A=archive, TAMS=top-at-mark-start (previous, next)
|   0|0x0000000080000000, 0x0000000080100000, 0x0000000080100000|100%|HS|  |TAMS 0x0000000080100000, 0x0000000080000000| Complete 
|   1|0x0000000080100000, 0x0000000080200000, 0x0000000080200000|100%|HC|  |TAMS 0x0000000080200000, 0x0000000080100000| Complete 
|   2|0x0000000080200000, 0x0000000080300000, 0x0000000080300000|100%|HC|  |TAMS 0x0000000080300000, 0x0000000080200000| Complete 
|   3|0x0000000080300000, 0x0000000080400000, 0x0000000080400000|100%|HC|  |TAMS 0x0000000080400000, 0x0000000080300000| Complete 
|   4|0x0000000080400000, 0x0000000080500000, 0x0000000080500000|100%| O|  |TAMS 0x0000000080500000, 0x0000000080400000| Untracked 
|   5|0x0000000080500000, 0x0000000080600000, 0x0000000080600000|100%| O|  |TAMS 0x0000000080600000, 0x0000000080500000| Untracked 
|   6|0x0000000080600000, 0x0000000080700000, 0x0000000080700000|100%| O|  |TAMS 0x0000000080700000, 0x0000000080600000| Untracked 
|   7|0x0000000080700000, 0x0000000080800000, 0x0000000080800000|100%| O|  |TAMS 0x0000000080800000, 0x0000000080700000| Untracked 
|   8|0x0000000080800000, 0x0000000080900000, 0x0000000080900000|100%| O|  |TAMS 0x0000000080900000, 0x0000000080800000| Untracked 
|   9|0x0000000080900000, 0x0000000080a00000, 0x0000000080a00000|100%| O|  |TAMS 0x0000000080a00000, 0x0000000080900000| Untracked 
|  10|0x0000000080a00000, 0x0000000080b00000, 0x0000000080b00000|100%| O|  |TAMS 0x0000000080b00000, 0x0000000080a00000| Untracked 
|  11|0x0000000080b00000, 0x0000000080c00000, 0x0000000080c00000|100%| O|  |TAMS 0x0000000080c00000, 0x0000000080b00000| Untracked 
|  12|0x0000000080c00000, 0x0000000080d00000, 0x0000000080d00000|100%| O|  |TAMS 0x0000000080d00000, 0x0000000080c00000| Untracked 
|  13|0x0000000080d00000, 0x0000000080e00000, 0x0000000080e00000|100%| O|  |TAMS 0x0000000080e00000, 0x0000000080d00000| Untracked 
|  14|0x0000000080e00000, 0x0000000080f00000, 0x0000000080f00000|100%| O|  |TAMS 0x0000000080f00000, 0x0000000080e00000| Untracked 
|  15|0x0000000080f00000, 0x0000000081000000, 0x0000000081000000|100%| O|  |TAMS 0x0000000081000000, 0x0000000080f00000| Untracked 
|  16|0x0000000081000000, 0x0000000081100000, 0x0000000081100000|100%| O|  |TAMS 0x0000000081100000, 0x0000000081000000| Untracked 
|  17|0x0000000081100000, 0x0000000081200000, 0x0000000081200000|100%| O|  |TAMS 0x0000000081200000, 0x0000000081100000| Untracked 
|  18|0x0000000081200000, 0x0000000081300000, 0x0000000081300000|100%| O|  |TAMS 0x0000000081300000, 0x0000000081200000| Untracked 
|  19|0x0000000081300000, 0x0000000081400000, 0x0000000081400000|100%| O|  |TAMS 0x0000000081400000, 0x0000000081300000| Untracked 
|  20|0x0000000081400000, 0x0000000081500000, 0x0000000081500000|100%|HS|  |TAMS 0x0000000081500000, 0x0000000081400000| Complete 
|  21|0x0000000081500000, 0x0000000081600000, 0x0000000081600000|100%|HS|  |TAMS 0x0000000081600000, 0x0000000081500000| Complete 
|  22|0x0000000081600000, 0x0000000081700000, 0x0000000081700000|100%| O|  |TAMS 0x0000000081700000, 0x0000000081600000| Untracked 
|  23|0x0000000081700000, 0x0000000081800000, 0x0000000081800000|100%| O|  |TAMS 0x0000000081800000, 0x0000000081700000| Untracked 
|  24|0x0000000081800000, 0x0000000081900000, 0x0000000081900000|100%|HS|  |TAMS 0x0000000081900000, 0x0000000081800000| Complete 
|  25|0x0000000081900000, 0x0000000081a00000, 0x0000000081a00000|100%| O|  |TAMS 0x0000000081a00000, 0x0000000081900000| Untracked 
|  26|0x0000000081a00000, 0x0000000081b00000, 0x0000000081b00000|100%| O|  |TAMS 0x0000000081b00000, 0x0000000081a00000| Untracked 
|  27|0x0000000081b00000, 0x0000000081c00000, 0x0000000081c00000|100%| O|  |TAMS 0x0000000081c00000, 0x0000000081b00000| Untracked 
|  28|0x0000000081c00000, 0x0000000081d00000, 0x0000000081d00000|100%| O|  |TAMS 0x0000000081d00000, 0x0000000081c00000| Untracked 
|  29|0x0000000081d00000, 0x0000000081e00000, 0x0000000081e00000|100%| O|  |TAMS 0x0000000081e00000, 0x0000000081d00000| Untracked 
|  30|0x0000000081e00000, 0x0000000081f00000, 0x0000000081f00000|100%| O|  |TAMS 0x0000000081f00000, 0x0000000081e00000| Untracked 
|  31|0x0000000081f00000, 0x0000000082000000, 0x0000000082000000|100%| O|  |TAMS 0x0000000082000000, 0x0000000081f00000| Untracked 
|  32|0x0000000082000000, 0x0000000082100000, 0x0000000082100000|100%| O|  |TAMS 0x0000000082100000, 0x0000000082000000| Untracked 
|  33|0x0000000082100000, 0x0000000082200000, 0x0000000082200000|100%| O|  |TAMS 0x0000000082200000, 0x0000000082100000| Untracked 
|  34|0x0000000082200000, 0x0000000082300000, 0x0000000082300000|100%| O|  |TAMS 0x0000000082300000, 0x0000000082200000| Untracked 
|  35|0x0000000082300000, 0x0000000082400000, 0x0000000082400000|100%| O|  |TAMS 0x0000000082400000, 0x0000000082300000| Untracked 
|  36|0x0000000082400000, 0x0000000082500000, 0x0000000082500000|100%| O|  |TAMS 0x0000000082500000, 0x0000000082400000| Untracked 
|  37|0x0000000082500000, 0x0000000082600000, 0x0000000082600000|100%| O|  |TAMS 0x0000000082600000, 0x0000000082500000| Untracked 
|  38|0x0000000082600000, 0x0000000082700000, 0x0000000082700000|100%| O|  |TAMS 0x0000000082700000, 0x0000000082600000| Untracked 
|  39|0x0000000082700000, 0x0000000082800000, 0x0000000082800000|100%| O|  |TAMS 0x0000000082800000, 0x0000000082700000| Untracked 
|  40|0x0000000082800000, 0x0000000082900000, 0x0000000082900000|100%| O|  |TAMS 0x0000000082900000, 0x0000000082800000| Untracked 
|  41|0x0000000082900000, 0x0000000082a00000, 0x0000000082a00000|100%| O|  |TAMS 0x0000000082a00000, 0x0000000082900000| Untracked 
|  42|0x0000000082a00000, 0x0000000082b00000, 0x0000000082b00000|100%| O|  |TAMS 0x0000000082b00000, 0x0000000082a00000| Untracked 
|  43|0x0000000082b00000, 0x0000000082c00000, 0x0000000082c00000|100%| O|  |TAMS 0x0000000082c00000, 0x0000000082b00000| Untracked 
|  44|0x0000000082c00000, 0x0000000082d00000, 0x0000000082d00000|100%| O|  |TAMS 0x0000000082ccbe00, 0x0000000082c00000| Untracked 
|  45|0x0000000082d00000, 0x0000000082e00000, 0x0000000082e00000|100%| O|  |TAMS 0x0000000082d00000, 0x0000000082d00000| Untracked 
|  46|0x0000000082e00000, 0x0000000082f00000, 0x0000000082f00000|100%| O|  |TAMS 0x0000000082e00000, 0x0000000082e00000| Untracked 
|  47|0x0000000082f00000, 0x0000000083000000, 0x0000000083000000|100%| O|  |TAMS 0x0000000082f00000, 0x0000000082f00000| Untracked 
|  48|0x0000000083000000, 0x0000000083100000, 0x0000000083100000|100%| O|  |TAMS 0x0000000083000000, 0x0000000083000000| Untracked 
|  49|0x0000000083100000, 0x0000000083200000, 0x0000000083200000|100%| O|  |TAMS 0x0000000083100000, 0x0000000083100000| Untracked 
|  50|0x0000000083200000, 0x0000000083300000, 0x0000000083300000|100%| O|  |TAMS 0x0000000083200000, 0x0000000083200000| Untracked 
|  51|0x0000000083300000, 0x0000000083400000, 0x0000000083400000|100%| O|  |TAMS 0x0000000083300000, 0x0000000083300000| Untracked 
|  52|0x0000000083400000, 0x0000000083500000, 0x0000000083500000|100%| O|  |TAMS 0x0000000083400000, 0x0000000083400000| Untracked 
|  53|0x0000000083500000, 0x0000000083600000, 0x0000000083600000|100%| O|  |TAMS 0x0000000083500000, 0x0000000083500000| Untracked 
|  54|0x0000000083600000, 0x0000000083700000, 0x0000000083700000|100%| O|  |TAMS 0x0000000083600000, 0x0000000083600000| Untracked 
|  55|0x0000000083700000, 0x0000000083800000, 0x0000000083800000|100%| O|  |TAMS 0x0000000083700000, 0x0000000083700000| Untracked 
|  56|0x0000000083800000, 0x0000000083900000, 0x0000000083900000|100%| O|  |TAMS 0x0000000083800000, 0x0000000083800000| Untracked 
|  57|0x0000000083900000, 0x0000000083a00000, 0x0000000083a00000|100%| O|  |TAMS 0x0000000083900000, 0x0000000083900000| Untracked 
|  58|0x0000000083a00000, 0x0000000083b00000, 0x0000000083b00000|100%| O|  |TAMS 0x0000000083a00000, 0x0000000083a00000| Untracked 
|  59|0x0000000083b00000, 0x0000000083c00000, 0x0000000083c00000|100%| O|  |TAMS 0x0000000083b00000, 0x0000000083b00000| Untracked 
|  60|0x0000000083c00000, 0x0000000083d00000, 0x0000000083d00000|100%| O|  |TAMS 0x0000000083c00000, 0x0000000083c00000| Untracked 
|  61|0x0000000083d00000, 0x0000000083e00000, 0x0000000083e00000|100%| O|  |TAMS 0x0000000083d00000, 0x0000000083d00000| Untracked 
|  62|0x0000000083e00000, 0x0000000083f00000, 0x0000000083f00000|100%| O|  |TAMS 0x0000000083e00000, 0x0000000083e00000| Untracked 
|  63|0x0000000083f00000, 0x0000000084000000, 0x0000000084000000|100%| O|  |TAMS 0x0000000083f00000, 0x0000000083f00000| Untracked 
|  64|0x0000000084000000, 0x0000000084100000, 0x0000000084100000|100%| O|  |TAMS 0x0000000084000000, 0x0000000084000000| Untracked 
|  65|0x0000000084100000, 0x000000008414ca00, 0x0000000084200000| 29%| O|  |TAMS 0x0000000084100000, 0x0000000084100000| Untracked 
|  66|0x0000000084200000, 0x0000000084200000, 0x0000000084300000|  0%| F|  |TAMS 0x0000000084200000, 0x0000000084200000| Untracked 
|  67|0x0000000084300000, 0x0000000084300000, 0x0000000084400000|  0%| F|  |TAMS 0x0000000084300000, 0x0000000084300000| Untracked 
|  68|0x0000000084400000, 0x0000000084400000, 0x0000000084500000|  0%| F|  |TAMS 0x0000000084400000, 0x0000000084400000| Untracked 
|  69|0x0000000084500000, 0x0000000084500000, 0x0000000084600000|  0%| F|  |TAMS 0x0000000084500000, 0x0000000084500000| Untracked 
|  70|0x0000000084600000, 0x0000000084600000, 0x0000000084700000|  0%| F|  |TAMS 0x0000000084600000, 0x0000000084600000| Untracked 
|  71|0x0000000084700000, 0x0000000084700000, 0x0000000084800000|  0%| F|  |TAMS 0x0000000084700000, 0x0000000084700000| Untracked 
|  72|0x0000000084800000, 0x0000000084800000, 0x0000000084900000|  0%| F|  |TAMS 0x0000000084800000, 0x0000000084800000| Untracked 
|  73|0x0000000084900000, 0x0000000084900000, 0x0000000084a00000|  0%| F|  |TAMS 0x0000000084900000, 0x0000000084900000| Untracked 
|  74|0x0000000084a00000, 0x0000000084a00000, 0x0000000084b00000|  0%| F|  |TAMS 0x0000000084a00000, 0x0000000084a00000| Untracked 
|  75|0x0000000084b00000, 0x0000000084b00000, 0x0000000084c00000|  0%| F|  |TAMS 0x0000000084b00000, 0x0000000084b00000| Untracked 
|  76|0x0000000084c00000, 0x0000000084c00000, 0x0000000084d00000|  0%| F|  |TAMS 0x0000000084c00000, 0x0000000084c00000| Untracked 
|  77|0x0000000084d00000, 0x0000000084d00000, 0x0000000084e00000|  0%| F|  |TAMS 0x0000000084d00000, 0x0000000084d00000| Untracked 
|  78|0x0000000084e00000, 0x0000000084e00000, 0x0000000084f00000|  0%| F|  |TAMS 0x0000000084e00000, 0x0000000084e00000| Untracked 
|  79|0x0000000084f00000, 0x0000000084f00000, 0x0000000085000000|  0%| F|  |TAMS 0x0000000084f00000, 0x0000000084f00000| Untracked 
|  80|0x0000000085000000, 0x0000000085000000, 0x0000000085100000|  0%| F|  |TAMS 0x0000000085000000, 0x0000000085000000| Untracked 
|  81|0x0000000085100000, 0x0000000085100000, 0x0000000085200000|  0%| F|  |TAMS 0x0000000085100000, 0x0000000085100000| Untracked 
|  82|0x0000000085200000, 0x0000000085200000, 0x0000000085300000|  0%| F|  |TAMS 0x0000000085200000, 0x0000000085200000| Untracked 
|  83|0x0000000085300000, 0x0000000085300000, 0x0000000085400000|  0%| F|  |TAMS 0x0000000085300000, 0x0000000085300000| Untracked 
|  84|0x0000000085400000, 0x0000000085400000, 0x0000000085500000|  0%| F|  |TAMS 0x0000000085400000, 0x0000000085400000| Untracked 
|  85|0x0000000085500000, 0x0000000085500000, 0x0000000085600000|  0%| F|  |TAMS 0x0000000085500000, 0x0000000085500000| Untracked 
|  86|0x0000000085600000, 0x0000000085600000, 0x0000000085700000|  0%| F|  |TAMS 0x0000000085600000, 0x0000000085600000| Untracked 
|  87|0x0000000085700000, 0x0000000085700000, 0x0000000085800000|  0%| F|  |TAMS 0x0000000085700000, 0x0000000085700000| Untracked 
|  88|0x0000000085800000, 0x0000000085800000, 0x0000000085900000|  0%| F|  |TAMS 0x0000000085800000, 0x0000000085800000| Untracked 
|  89|0x0000000085900000, 0x0000000085900000, 0x0000000085a00000|  0%| F|  |TAMS 0x0000000085900000, 0x0000000085900000| Untracked 
|  90|0x0000000085a00000, 0x0000000085a00000, 0x0000000085b00000|  0%| F|  |TAMS 0x0000000085a00000, 0x0000000085a00000| Untracked 
|  91|0x0000000085b00000, 0x0000000085b00000, 0x0000000085c00000|  0%| F|  |TAMS 0x0000000085b00000, 0x0000000085b00000| Untracked 
|  92|0x0000000085c00000, 0x0000000085c00000, 0x0000000085d00000|  0%| F|  |TAMS 0x0000000085c00000, 0x0000000085c00000| Untracked 
|  93|0x0000000085d00000, 0x0000000085d00000, 0x0000000085e00000|  0%| F|  |TAMS 0x0000000085d00000, 0x0000000085d00000| Untracked 
|  94|0x0000000085e00000, 0x0000000085ebefa0, 0x0000000085f00000| 74%| S|CS|TAMS 0x0000000085e00000, 0x0000000085e00000| Complete 
|  95|0x0000000085f00000, 0x0000000086000000, 0x0000000086000000|100%| S|CS|TAMS 0x0000000085f00000, 0x0000000085f00000| Complete 
|  96|0x0000000086000000, 0x0000000086100000, 0x0000000086100000|100%| S|CS|TAMS 0x0000000086000000, 0x0000000086000000| Complete 
|  97|0x0000000086100000, 0x0000000086200000, 0x0000000086200000|100%| S|CS|TAMS 0x0000000086100000, 0x0000000086100000| Complete 
|  98|0x0000000086200000, 0x0000000086300000, 0x0000000086300000|100%| S|CS|TAMS 0x0000000086200000, 0x0000000086200000| Complete 
|  99|0x0000000086300000, 0x0000000086300000, 0x0000000086400000|  0%| F|  |TAMS 0x0000000086300000, 0x0000000086300000| Untracked 
| 100|0x0000000086400000, 0x0000000086400000, 0x0000000086500000|  0%| F|  |TAMS 0x0000000086400000, 0x0000000086400000| Untracked 
| 101|0x0000000086500000, 0x0000000086500000, 0x0000000086600000|  0%| F|  |TAMS 0x0000000086500000, 0x0000000086500000| Untracked 
| 102|0x0000000086600000, 0x0000000086600000, 0x0000000086700000|  0%| F|  |TAMS 0x0000000086600000, 0x0000000086600000| Untracked 
| 103|0x0000000086700000, 0x0000000086700000, 0x0000000086800000|  0%| F|  |TAMS 0x0000000086700000, 0x0000000086700000| Untracked 
| 104|0x0000000086800000, 0x0000000086800000, 0x0000000086900000|  0%| F|  |TAMS 0x0000000086800000, 0x0000000086800000| Untracked 
| 105|0x0000000086900000, 0x0000000086a00000, 0x0000000086a00000|100%| S|CS|TAMS 0x0000000086900000, 0x0000000086900000| Complete 
| 106|0x0000000086a00000, 0x0000000086a00000, 0x0000000086b00000|  0%| F|  |TAMS 0x0000000086a00000, 0x0000000086a00000| Untracked 
| 107|0x0000000086b00000, 0x0000000086b00000, 0x0000000086c00000|  0%| F|  |TAMS 0x0000000086b00000, 0x0000000086b00000| Untracked 
| 108|0x0000000086c00000, 0x0000000086c00000, 0x0000000086d00000|  0%| F|  |TAMS 0x0000000086c00000, 0x0000000086c00000| Untracked 
| 109|0x0000000086d00000, 0x0000000086d00000, 0x0000000086e00000|  0%| F|  |TAMS 0x0000000086d00000, 0x0000000086d00000| Untracked 
| 110|0x0000000086e00000, 0x0000000086e00000, 0x0000000086f00000|  0%| F|  |TAMS 0x0000000086e00000, 0x0000000086e00000| Untracked 
| 111|0x0000000086f00000, 0x0000000086f00000, 0x0000000087000000|  0%| F|  |TAMS 0x0000000086f00000, 0x0000000086f00000| Untracked 
| 112|0x0000000087000000, 0x0000000087000000, 0x0000000087100000|  0%| F|  |TAMS 0x0000000087000000, 0x0000000087000000| Untracked 
| 113|0x0000000087100000, 0x0000000087100000, 0x0000000087200000|  0%| F|  |TAMS 0x0000000087100000, 0x0000000087100000| Untracked 
| 114|0x0000000087200000, 0x0000000087200000, 0x0000000087300000|  0%| F|  |TAMS 0x0000000087200000, 0x0000000087200000| Untracked 
| 115|0x0000000087300000, 0x0000000087300000, 0x0000000087400000|  0%| F|  |TAMS 0x0000000087300000, 0x0000000087300000| Untracked 
| 116|0x0000000087400000, 0x0000000087400000, 0x0000000087500000|  0%| F|  |TAMS 0x0000000087400000, 0x0000000087400000| Untracked 
| 117|0x0000000087500000, 0x0000000087500000, 0x0000000087600000|  0%| F|  |TAMS 0x0000000087500000, 0x0000000087500000| Untracked 
| 118|0x0000000087600000, 0x0000000087600000, 0x0000000087700000|  0%| F|  |TAMS 0x0000000087600000, 0x0000000087600000| Untracked 
| 119|0x0000000087700000, 0x0000000087700000, 0x0000000087800000|  0%| F|  |TAMS 0x0000000087700000, 0x0000000087700000| Untracked 
| 120|0x0000000087800000, 0x0000000087800000, 0x0000000087900000|  0%| F|  |TAMS 0x0000000087800000, 0x0000000087800000| Untracked 
| 121|0x0000000087900000, 0x0000000087900000, 0x0000000087a00000|  0%| F|  |TAMS 0x0000000087900000, 0x0000000087900000| Untracked 
| 122|0x0000000087a00000, 0x0000000087a00000, 0x0000000087b00000|  0%| F|  |TAMS 0x0000000087a00000, 0x0000000087a00000| Untracked 
| 123|0x0000000087b00000, 0x0000000087b00000, 0x0000000087c00000|  0%| F|  |TAMS 0x0000000087b00000, 0x0000000087b00000| Untracked 
| 124|0x0000000087c00000, 0x0000000087c00000, 0x0000000087d00000|  0%| F|  |TAMS 0x0000000087c00000, 0x0000000087c00000| Untracked 
| 125|0x0000000087d00000, 0x0000000087d00000, 0x0000000087e00000|  0%| F|  |TAMS 0x0000000087d00000, 0x0000000087d00000| Untracked 
| 126|0x0000000087e00000, 0x0000000087e00000, 0x0000000087f00000|  0%| F|  |TAMS 0x0000000087e00000, 0x0000000087e00000| Untracked 
| 127|0x0000000087f00000, 0x0000000087f00000, 0x0000000088000000|  0%| F|  |TAMS 0x0000000087f00000, 0x0000000087f00000| Untracked 
| 128|0x0000000088000000, 0x0000000088000000, 0x0000000088100000|  0%| F|  |TAMS 0x0000000088000000, 0x0000000088000000| Untracked 
| 129|0x0000000088100000, 0x0000000088100000, 0x0000000088200000|  0%| F|  |TAMS 0x0000000088100000, 0x0000000088100000| Untracked 
| 130|0x0000000088200000, 0x0000000088200000, 0x0000000088300000|  0%| F|  |TAMS 0x0000000088200000, 0x0000000088200000| Untracked 
| 131|0x0000000088300000, 0x0000000088300000, 0x0000000088400000|  0%| F|  |TAMS 0x0000000088300000, 0x0000000088300000| Untracked 
| 132|0x0000000088400000, 0x0000000088400000, 0x0000000088500000|  0%| F|  |TAMS 0x0000000088400000, 0x0000000088400000| Untracked 
| 133|0x0000000088500000, 0x0000000088500000, 0x0000000088600000|  0%| F|  |TAMS 0x0000000088500000, 0x0000000088500000| Untracked 
| 134|0x0000000088600000, 0x0000000088600000, 0x0000000088700000|  0%| F|  |TAMS 0x0000000088600000, 0x0000000088600000| Untracked 
| 135|0x0000000088700000, 0x0000000088700000, 0x0000000088800000|  0%| F|  |TAMS 0x0000000088700000, 0x0000000088700000| Untracked 
| 136|0x0000000088800000, 0x0000000088800000, 0x0000000088900000|  0%| F|  |TAMS 0x0000000088800000, 0x0000000088800000| Untracked 
| 137|0x0000000088900000, 0x0000000088900000, 0x0000000088a00000|  0%| F|  |TAMS 0x0000000088900000, 0x0000000088900000| Untracked 
| 138|0x0000000088a00000, 0x0000000088a00000, 0x0000000088b00000|  0%| F|  |TAMS 0x0000000088a00000, 0x0000000088a00000| Untracked 
| 139|0x0000000088b00000, 0x0000000088b00000, 0x0000000088c00000|  0%| F|  |TAMS 0x0000000088b00000, 0x0000000088b00000| Untracked 
| 140|0x0000000088c00000, 0x0000000088c00000, 0x0000000088d00000|  0%| F|  |TAMS 0x0000000088c00000, 0x0000000088c00000| Untracked 
| 141|0x0000000088d00000, 0x0000000088d00000, 0x0000000088e00000|  0%| F|  |TAMS 0x0000000088d00000, 0x0000000088d00000| Untracked 
| 142|0x0000000088e00000, 0x0000000088e00000, 0x0000000088f00000|  0%| F|  |TAMS 0x0000000088e00000, 0x0000000088e00000| Untracked 
| 143|0x0000000088f00000, 0x0000000088f00000, 0x0000000089000000|  0%| F|  |TAMS 0x0000000088f00000, 0x0000000088f00000| Untracked 
| 144|0x0000000089000000, 0x0000000089000000, 0x0000000089100000|  0%| F|  |TAMS 0x0000000089000000, 0x0000000089000000| Untracked 
| 145|0x0000000089100000, 0x0000000089100000, 0x0000000089200000|  0%| F|  |TAMS 0x0000000089100000, 0x0000000089100000| Untracked 
| 146|0x0000000089200000, 0x0000000089200000, 0x0000000089300000|  0%| F|  |TAMS 0x0000000089200000, 0x0000000089200000| Untracked 
| 147|0x0000000089300000, 0x0000000089300000, 0x0000000089400000|  0%| F|  |TAMS 0x0000000089300000, 0x0000000089300000| Untracked 
| 148|0x0000000089400000, 0x0000000089400000, 0x0000000089500000|  0%| F|  |TAMS 0x0000000089400000, 0x0000000089400000| Untracked 
| 149|0x0000000089500000, 0x0000000089500000, 0x0000000089600000|  0%| F|  |TAMS 0x0000000089500000, 0x0000000089500000| Untracked 
| 150|0x0000000089600000, 0x0000000089600000, 0x0000000089700000|  0%| F|  |TAMS 0x0000000089600000, 0x0000000089600000| Untracked 
| 151|0x0000000089700000, 0x0000000089700000, 0x0000000089800000|  0%| F|  |TAMS 0x0000000089700000, 0x0000000089700000| Untracked 
| 152|0x0000000089800000, 0x0000000089800000, 0x0000000089900000|  0%| F|  |TAMS 0x0000000089800000, 0x0000000089800000| Untracked 
| 153|0x0000000089900000, 0x0000000089900000, 0x0000000089a00000|  0%| F|  |TAMS 0x0000000089900000, 0x0000000089900000| Untracked 
| 154|0x0000000089a00000, 0x0000000089a00000, 0x0000000089b00000|  0%| F|  |TAMS 0x0000000089a00000, 0x0000000089a00000| Untracked 
| 155|0x0000000089b00000, 0x0000000089b00000, 0x0000000089c00000|  0%| F|  |TAMS 0x0000000089b00000, 0x0000000089b00000| Untracked 
| 156|0x0000000089c00000, 0x0000000089c00000, 0x0000000089d00000|  0%| F|  |TAMS 0x0000000089c00000, 0x0000000089c00000| Untracked 
| 157|0x0000000089d00000, 0x0000000089d00000, 0x0000000089e00000|  0%| F|  |TAMS 0x0000000089d00000, 0x0000000089d00000| Untracked 
| 158|0x0000000089e00000, 0x0000000089e00000, 0x0000000089f00000|  0%| F|  |TAMS 0x0000000089e00000, 0x0000000089e00000| Untracked 
| 159|0x0000000089f00000, 0x0000000089f00000, 0x000000008a000000|  0%| F|  |TAMS 0x0000000089f00000, 0x0000000089f00000| Untracked 
| 160|0x000000008a000000, 0x000000008a000000, 0x000000008a100000|  0%| F|  |TAMS 0x000000008a000000, 0x000000008a000000| Untracked 
| 161|0x000000008a100000, 0x000000008a100000, 0x000000008a200000|  0%| F|  |TAMS 0x000000008a100000, 0x000000008a100000| Untracked 
| 162|0x000000008a200000, 0x000000008a200000, 0x000000008a300000|  0%| F|  |TAMS 0x000000008a200000, 0x000000008a200000| Untracked 
| 163|0x000000008a300000, 0x000000008a300000, 0x000000008a400000|  0%| F|  |TAMS 0x000000008a300000, 0x000000008a300000| Untracked 
| 164|0x000000008a400000, 0x000000008a400000, 0x000000008a500000|  0%| F|  |TAMS 0x000000008a400000, 0x000000008a400000| Untracked 
| 165|0x000000008a500000, 0x000000008a500000, 0x000000008a600000|  0%| F|  |TAMS 0x000000008a500000, 0x000000008a500000| Untracked 
| 166|0x000000008a600000, 0x000000008a600000, 0x000000008a700000|  0%| F|  |TAMS 0x000000008a600000, 0x000000008a600000| Untracked 
| 167|0x000000008a700000, 0x000000008a700000, 0x000000008a800000|  0%| F|  |TAMS 0x000000008a700000, 0x000000008a700000| Untracked 
| 168|0x000000008a800000, 0x000000008a800000, 0x000000008a900000|  0%| F|  |TAMS 0x000000008a800000, 0x000000008a800000| Untracked 
| 169|0x000000008a900000, 0x000000008a900000, 0x000000008aa00000|  0%| F|  |TAMS 0x000000008a900000, 0x000000008a900000| Untracked 
| 170|0x000000008aa00000, 0x000000008aa00000, 0x000000008ab00000|  0%| F|  |TAMS 0x000000008aa00000, 0x000000008aa00000| Untracked 
| 171|0x000000008ab00000, 0x000000008ab00000, 0x000000008ac00000|  0%| F|  |TAMS 0x000000008ab00000, 0x000000008ab00000| Untracked 
| 172|0x000000008ac00000, 0x000000008ad00000, 0x000000008ad00000|100%| E|  |TAMS 0x000000008ac00000, 0x000000008ac00000| Complete 
| 173|0x000000008ad00000, 0x000000008ae00000, 0x000000008ae00000|100%| E|CS|TAMS 0x000000008ad00000, 0x000000008ad00000| Complete 
| 174|0x000000008ae00000, 0x000000008af00000, 0x000000008af00000|100%| E|CS|TAMS 0x000000008ae00000, 0x000000008ae00000| Complete 
| 175|0x000000008af00000, 0x000000008b000000, 0x000000008b000000|100%| E|CS|TAMS 0x000000008af00000, 0x000000008af00000| Complete 
| 176|0x000000008b000000, 0x000000008b100000, 0x000000008b100000|100%| E|CS|TAMS 0x000000008b000000, 0x000000008b000000| Complete 
| 177|0x000000008b100000, 0x000000008b200000, 0x000000008b200000|100%| E|CS|TAMS 0x000000008b100000, 0x000000008b100000| Complete 
| 178|0x000000008b200000, 0x000000008b300000, 0x000000008b300000|100%| E|CS|TAMS 0x000000008b200000, 0x000000008b200000| Complete 
| 179|0x000000008b300000, 0x000000008b400000, 0x000000008b400000|100%| E|CS|TAMS 0x000000008b300000, 0x000000008b300000| Complete 
| 180|0x000000008b400000, 0x000000008b500000, 0x000000008b500000|100%| E|CS|TAMS 0x000000008b400000, 0x000000008b400000| Complete 
| 181|0x000000008b500000, 0x000000008b600000, 0x000000008b600000|100%| E|CS|TAMS 0x000000008b500000, 0x000000008b500000| Complete 
| 182|0x000000008b600000, 0x000000008b700000, 0x000000008b700000|100%| E|CS|TAMS 0x000000008b600000, 0x000000008b600000| Complete 
| 183|0x000000008b700000, 0x000000008b800000, 0x000000008b800000|100%| E|CS|TAMS 0x000000008b700000, 0x000000008b700000| Complete 
| 184|0x000000008b800000, 0x000000008b900000, 0x000000008b900000|100%| E|CS|TAMS 0x000000008b800000, 0x000000008b800000| Complete 
| 185|0x000000008b900000, 0x000000008ba00000, 0x000000008ba00000|100%| E|CS|TAMS 0x000000008b900000, 0x000000008b900000| Complete 
| 186|0x000000008ba00000, 0x000000008bb00000, 0x000000008bb00000|100%| E|CS|TAMS 0x000000008ba00000, 0x000000008ba00000| Complete 
| 187|0x000000008bb00000, 0x000000008bc00000, 0x000000008bc00000|100%| E|CS|TAMS 0x000000008bb00000, 0x000000008bb00000| Complete 
| 188|0x000000008bc00000, 0x000000008bd00000, 0x000000008bd00000|100%| E|CS|TAMS 0x000000008bc00000, 0x000000008bc00000| Complete 
| 189|0x000000008bd00000, 0x000000008be00000, 0x000000008be00000|100%| E|CS|TAMS 0x000000008bd00000, 0x000000008bd00000| Complete 
| 190|0x000000008be00000, 0x000000008bf00000, 0x000000008bf00000|100%| E|CS|TAMS 0x000000008be00000, 0x000000008be00000| Complete 
| 191|0x000000008bf00000, 0x000000008c000000, 0x000000008c000000|100%| E|CS|TAMS 0x000000008bf00000, 0x000000008bf00000| Complete 
| 192|0x000000008c000000, 0x000000008c100000, 0x000000008c100000|100%| E|CS|TAMS 0x000000008c000000, 0x000000008c000000| Complete 
| 193|0x000000008c100000, 0x000000008c200000, 0x000000008c200000|100%| E|CS|TAMS 0x000000008c100000, 0x000000008c100000| Complete 
| 194|0x000000008c200000, 0x000000008c300000, 0x000000008c300000|100%| E|CS|TAMS 0x000000008c200000, 0x000000008c200000| Complete 
| 195|0x000000008c300000, 0x000000008c400000, 0x000000008c400000|100%| E|CS|TAMS 0x000000008c300000, 0x000000008c300000| Complete 
| 196|0x000000008c400000, 0x000000008c500000, 0x000000008c500000|100%| E|CS|TAMS 0x000000008c400000, 0x000000008c400000| Complete 
| 197|0x000000008c500000, 0x000000008c600000, 0x000000008c600000|100%| E|CS|TAMS 0x000000008c500000, 0x000000008c500000| Complete 
| 198|0x000000008c600000, 0x000000008c700000, 0x000000008c700000|100%| E|CS|TAMS 0x000000008c600000, 0x000000008c600000| Complete 
| 199|0x000000008c700000, 0x000000008c800000, 0x000000008c800000|100%| E|CS|TAMS 0x000000008c700000, 0x000000008c700000| Complete 
| 200|0x000000008c800000, 0x000000008c900000, 0x000000008c900000|100%| E|CS|TAMS 0x000000008c800000, 0x000000008c800000| Complete 
| 201|0x000000008c900000, 0x000000008ca00000, 0x000000008ca00000|100%| E|CS|TAMS 0x000000008c900000, 0x000000008c900000| Complete 
| 202|0x000000008ca00000, 0x000000008cb00000, 0x000000008cb00000|100%| E|CS|TAMS 0x000000008ca00000, 0x000000008ca00000| Complete 
| 203|0x000000008cb00000, 0x000000008cc00000, 0x000000008cc00000|100%| E|CS|TAMS 0x000000008cb00000, 0x000000008cb00000| Complete 
| 204|0x000000008cc00000, 0x000000008cd00000, 0x000000008cd00000|100%| E|CS|TAMS 0x000000008cc00000, 0x000000008cc00000| Complete 
| 205|0x000000008cd00000, 0x000000008ce00000, 0x000000008ce00000|100%| E|CS|TAMS 0x000000008cd00000, 0x000000008cd00000| Complete 
| 206|0x000000008ce00000, 0x000000008cf00000, 0x000000008cf00000|100%| E|CS|TAMS 0x000000008ce00000, 0x000000008ce00000| Complete 
| 207|0x000000008cf00000, 0x000000008d000000, 0x000000008d000000|100%| E|CS|TAMS 0x000000008cf00000, 0x000000008cf00000| Complete 
| 208|0x000000008d000000, 0x000000008d100000, 0x000000008d100000|100%| E|CS|TAMS 0x000000008d000000, 0x000000008d000000| Complete 
| 209|0x000000008d100000, 0x000000008d200000, 0x000000008d200000|100%| E|CS|TAMS 0x000000008d100000, 0x000000008d100000| Complete 
| 210|0x000000008d200000, 0x000000008d300000, 0x000000008d300000|100%| E|CS|TAMS 0x000000008d200000, 0x000000008d200000| Complete 
| 211|0x000000008d300000, 0x000000008d400000, 0x000000008d400000|100%| E|CS|TAMS 0x000000008d300000, 0x000000008d300000| Complete 
| 212|0x000000008d400000, 0x000000008d500000, 0x000000008d500000|100%| E|CS|TAMS 0x000000008d400000, 0x000000008d400000| Complete 
| 213|0x000000008d500000, 0x000000008d600000, 0x000000008d600000|100%| E|CS|TAMS 0x000000008d500000, 0x000000008d500000| Complete 
| 214|0x000000008d600000, 0x000000008d700000, 0x000000008d700000|100%| E|CS|TAMS 0x000000008d600000, 0x000000008d600000| Complete 
| 215|0x000000008d700000, 0x000000008d800000, 0x000000008d800000|100%| E|CS|TAMS 0x000000008d700000, 0x000000008d700000| Complete 
| 216|0x000000008d800000, 0x000000008d900000, 0x000000008d900000|100%| E|CS|TAMS 0x000000008d800000, 0x000000008d800000| Complete 
| 217|0x000000008d900000, 0x000000008da00000, 0x000000008da00000|100%| E|CS|TAMS 0x000000008d900000, 0x000000008d900000| Complete 
| 218|0x000000008da00000, 0x000000008db00000, 0x000000008db00000|100%| E|CS|TAMS 0x000000008da00000, 0x000000008da00000| Complete 
| 219|0x000000008db00000, 0x000000008dc00000, 0x000000008dc00000|100%| E|CS|TAMS 0x000000008db00000, 0x000000008db00000| Complete 
| 220|0x000000008dc00000, 0x000000008dd00000, 0x000000008dd00000|100%| E|CS|TAMS 0x000000008dc00000, 0x000000008dc00000| Complete 
| 221|0x000000008dd00000, 0x000000008de00000, 0x000000008de00000|100%| E|CS|TAMS 0x000000008dd00000, 0x000000008dd00000| Complete 

Card table byte_map: [0x000001ea5a9a0000,0x000001ea5ada0000] _byte_map_base: 0x000001ea5a5a0000

Marking Bits (Prev, Next): (CMBitMap*) 0x000001ea47ab8000, (CMBitMap*) 0x000001ea47ab7fc8
 Prev Bits: [0x000001ea5d1a0000, 0x000001ea5f1a0000)
 Next Bits: [0x000001ea5b1a0000, 0x000001ea5d1a0000)

Polling page: 0x000001ea458d0000

Metaspace:

Usage:
  Non-class:     74.16 MB capacity,    72.68 MB ( 98%) used,     1.21 MB (  2%) free+waste,   280.69 KB ( <1%) overhead. 
      Class:     11.84 MB capacity,    10.92 MB ( 92%) used,   809.27 KB (  7%) free+waste,   130.94 KB (  1%) overhead. 
       Both:     86.00 MB capacity,    83.60 MB ( 97%) used,     2.00 MB (  2%) free+waste,   411.62 KB ( <1%) overhead. 

Virtual space:
  Non-class space:       76.00 MB reserved,      74.25 MB ( 98%) committed 
      Class space:        1.00 GB reserved,      11.95 MB (  1%) committed 
             Both:        1.07 GB reserved,      86.20 MB (  8%) committed 

Chunk freelists:
   Non-Class:  29.00 KB
       Class:  3.00 KB
        Both:  32.00 KB

MaxMetaspaceSize: 17179869184.00 GB
CompressedClassSpaceSize: 1.00 GB
Initial GC threshold: 20.80 MB
Current GC threshold: 98.46 MB
CDS: off

CodeHeap 'non-profiled nmethods': size=120064Kb used=7556Kb max_used=7556Kb free=112507Kb
 bounds [0x000001ea53060000, 0x000001ea537d0000, 0x000001ea5a5a0000]
CodeHeap 'profiled nmethods': size=120000Kb used=21584Kb max_used=21584Kb free=98415Kb
 bounds [0x000001ea4bb30000, 0x000001ea4d050000, 0x000001ea53060000]
CodeHeap 'non-nmethods': size=5696Kb used=2376Kb max_used=2450Kb free=3319Kb
 bounds [0x000001ea4b5a0000, 0x000001ea4b810000, 0x000001ea4bb30000]
 total_blobs=10320 nmethods=9421 adapters=811
 compilation: enabled
              stopped_count=0, restarted_count=0
 full_count=0

Compilation events (20 events):
Event: 44.384 Thread 0x000001ea616ad000 9562       3       com.google.common.collect.SingletonImmutableBiMap::createKeySet (8 bytes)
Event: 44.385 Thread 0x000001ea616ad000 nmethod 9562 0x000001ea4d01db10 code [0x000001ea4d01dd20, 0x000001ea4d01e268]
Event: 44.387 Thread 0x000001ea616ad000 9563       3       com.google.common.reflect.TypeToken::getRawTypes (34 bytes)
Event: 44.389 Thread 0x000001ea616ad000 nmethod 9563 0x000001ea4d01e490 code [0x000001ea4d01e740, 0x000001ea4d01f648]
Event: 44.389 Thread 0x000001ea616ad000 9564       3       com.google.common.reflect.TypeToken$4::<init> (10 bytes)
Event: 44.390 Thread 0x000001ea616ad000 nmethod 9564 0x000001ea4d01fb10 code [0x000001ea4d01fd20, 0x000001ea4d0203b8]
Event: 44.390 Thread 0x000001ea616ad000 9566       3       com.google.common.collect.Ordering::natural (4 bytes)
Event: 44.390 Thread 0x000001ea616ad000 nmethod 9566 0x000001ea4d020610 code [0x000001ea4d0207c0, 0x000001ea4d0208b8]
Event: 44.390 Thread 0x000001ea616ad000 9567       3       com.google.common.base.Suppliers::memoize (43 bytes)
Event: 44.391 Thread 0x000001ea616ad000 nmethod 9567 0x000001ea4d020990 code [0x000001ea4d020bc0, 0x000001ea4d0214d8]
Event: 44.391 Thread 0x000001ea616ad000 9568       3       org.gradle.internal.properties.annotations.AbstractTypeMetadataWalker$InstanceTypeMetadataWalker::walkLeaf (13 bytes)
Event: 44.391 Thread 0x000001ea616ad000 nmethod 9568 0x000001ea4d021710 code [0x000001ea4d021920, 0x000001ea4d021dd8]
Event: 44.391 Thread 0x000001ea616ad000 9565       3       java.lang.Package::getName (5 bytes)
Event: 44.392 Thread 0x000001ea616ad000 nmethod 9565 0x000001ea4d022090 code [0x000001ea4d022240, 0x000001ea4d0223d8]
Event: 44.392 Thread 0x000001ea616ad000 9569       3       java.lang.Class::enumConstantDirectory (119 bytes)
Event: 44.394 Thread 0x000001ea616ad000 nmethod 9569 0x000001ea4d022490 code [0x000001ea4d0227c0, 0x000001ea4d023788]
Event: 44.394 Thread 0x000001ea616ad000 9570       3       org.gradle.internal.instantiation.generator.AsmBackedClassGenerator::access$4500 (6 bytes)
Event: 44.395 Thread 0x000001ea616ad000 nmethod 9570 0x000001ea4d023d10 code [0x000001ea4d023ec0, 0x000001ea4d023fc8]
Event: 44.395 Thread 0x000001ea616ad000 9571       3       org.gradle.internal.instantiation.generator.AsmBackedClassGenerator::rawTypeParam (90 bytes)
Event: 44.397 Thread 0x000001ea616ad000 nmethod 9571 0x000001ea4d024090 code [0x000001ea4d024460, 0x000001ea4d025f88]

GC Heap History (20 events):
Event: 28.230 GC heap before
{Heap before GC invocations=19 (full 0):
 garbage-first heap   total 189440K, used 71471K [0x0000000080000000, 0x0000000100000000)
  region size 1024K, 26 young (26624K), 3 survivors (3072K)
 Metaspace       used 58313K, capacity 60127K, committed 60160K, reserved 1101824K
  class space    used 7362K, capacity 8042K, committed 8064K, reserved 1048576K
}
Event: 28.237 GC heap after
{Heap after GC invocations=20 (full 0):
 garbage-first heap   total 189440K, used 48943K [0x0000000080000000, 0x0000000100000000)
  region size 1024K, 3 young (3072K), 3 survivors (3072K)
 Metaspace       used 58313K, capacity 60127K, committed 60160K, reserved 1101824K
  class space    used 7362K, capacity 8042K, committed 8064K, reserved 1048576K
}
Event: 29.307 GC heap before
{Heap before GC invocations=21 (full 0):
 garbage-first heap   total 189440K, used 119599K [0x0000000080000000, 0x0000000100000000)
  region size 1024K, 72 young (73728K), 3 survivors (3072K)
 Metaspace       used 61204K, capacity 63091K, committed 63308K, reserved 1103872K
  class space    used 7685K, capacity 8388K, committed 8524K, reserved 1048576K
}
Event: 29.316 GC heap after
{Heap after GC invocations=22 (full 0):
 garbage-first heap   total 189440K, used 49719K [0x0000000080000000, 0x0000000100000000)
  region size 1024K, 4 young (4096K), 4 survivors (4096K)
 Metaspace       used 61204K, capacity 63091K, committed 63308K, reserved 1103872K
  class space    used 7685K, capacity 8388K, committed 8524K, reserved 1048576K
}
Event: 30.408 GC heap before
{Heap before GC invocations=22 (full 0):
 garbage-first heap   total 189440K, used 124471K [0x0000000080000000, 0x0000000100000000)
  region size 1024K, 77 young (78848K), 4 survivors (4096K)
 Metaspace       used 65005K, capacity 66990K, committed 67148K, reserved 1107968K
  class space    used 8200K, capacity 8925K, committed 9036K, reserved 1048576K
}
Event: 30.420 GC heap after
{Heap after GC invocations=23 (full 0):
 garbage-first heap   total 189440K, used 51625K [0x0000000080000000, 0x0000000100000000)
  region size 1024K, 6 young (6144K), 6 survivors (6144K)
 Metaspace       used 65005K, capacity 66990K, committed 67148K, reserved 1107968K
  class space    used 8200K, capacity 8925K, committed 9036K, reserved 1048576K
}
Event: 32.126 GC heap before
{Heap before GC invocations=23 (full 0):
 garbage-first heap   total 189440K, used 136617K [0x0000000080000000, 0x0000000100000000)
  region size 1024K, 82 young (83968K), 6 survivors (6144K)
 Metaspace       used 67892K, capacity 69979K, committed 70092K, reserved 1110016K
  class space    used 8561K, capacity 9320K, committed 9420K, reserved 1048576K
}
Event: 32.146 GC heap after
{Heap after GC invocations=24 (full 0):
 garbage-first heap   total 189440K, used 55751K [0x0000000080000000, 0x0000000100000000)
  region size 1024K, 10 young (10240K), 10 survivors (10240K)
 Metaspace       used 67892K, capacity 69979K, committed 70092K, reserved 1110016K
  class space    used 8561K, capacity 9320K, committed 9420K, reserved 1048576K
}
Event: 33.629 GC heap before
{Heap before GC invocations=24 (full 0):
 garbage-first heap   total 189440K, used 134599K [0x0000000080000000, 0x0000000100000000)
  region size 1024K, 86 young (88064K), 10 survivors (10240K)
 Metaspace       used 70537K, capacity 72649K, committed 72780K, reserved 1112064K
  class space    used 8918K, capacity 9714K, committed 9804K, reserved 1048576K
}
Event: 33.651 GC heap after
{Heap after GC invocations=25 (full 0):
 garbage-first heap   total 189440K, used 58617K [0x0000000080000000, 0x0000000100000000)
  region size 1024K, 8 young (8192K), 8 survivors (8192K)
 Metaspace       used 70537K, capacity 72649K, committed 72780K, reserved 1112064K
  class space    used 8918K, capacity 9714K, committed 9804K, reserved 1048576K
}
Event: 34.991 GC heap before
{Heap before GC invocations=25 (full 0):
 garbage-first heap   total 189440K, used 138489K [0x0000000080000000, 0x0000000100000000)
  region size 1024K, 86 young (88064K), 8 survivors (8192K)
 Metaspace       used 71955K, capacity 74174K, committed 74444K, reserved 1114112K
  class space    used 9096K, capacity 9900K, committed 9932K, reserved 1048576K
}
Event: 35.010 GC heap after
{Heap after GC invocations=26 (full 0):
 garbage-first heap   total 189440K, used 62820K [0x0000000080000000, 0x0000000100000000)
  region size 1024K, 7 young (7168K), 7 survivors (7168K)
 Metaspace       used 71955K, capacity 74174K, committed 74444K, reserved 1114112K
  class space    used 9096K, capacity 9900K, committed 9932K, reserved 1048576K
}
Event: 36.068 GC heap before
{Heap before GC invocations=26 (full 0):
 garbage-first heap   total 189440K, used 142692K [0x0000000080000000, 0x0000000100000000)
  region size 1024K, 85 young (87040K), 7 survivors (7168K)
 Metaspace       used 75048K, capacity 77250K, committed 77388K, reserved 1116160K
  class space    used 9648K, capacity 10455K, committed 10572K, reserved 1048576K
}
Event: 36.091 GC heap after
{Heap after GC invocations=27 (full 0):
 garbage-first heap   total 189440K, used 64105K [0x0000000080000000, 0x0000000100000000)
  region size 1024K, 6 young (6144K), 6 survivors (6144K)
 Metaspace       used 75048K, capacity 77250K, committed 77388K, reserved 1116160K
  class space    used 9648K, capacity 10455K, committed 10572K, reserved 1048576K
}
Event: 40.762 GC heap before
{Heap before GC invocations=27 (full 0):
 garbage-first heap   total 189440K, used 146025K [0x0000000080000000, 0x0000000100000000)
  region size 1024K, 86 young (88064K), 6 survivors (6144K)
 Metaspace       used 77728K, capacity 79885K, committed 80076K, reserved 1118208K
  class space    used 10079K, capacity 10902K, committed 10956K, reserved 1048576K
}
Event: 40.789 GC heap after
{Heap after GC invocations=28 (full 0):
 garbage-first heap   total 189440K, used 67102K [0x0000000080000000, 0x0000000100000000)
  region size 1024K, 9 young (9216K), 9 survivors (9216K)
 Metaspace       used 77728K, capacity 79885K, committed 80076K, reserved 1118208K
  class space    used 10079K, capacity 10902K, committed 10956K, reserved 1048576K
}
Event: 42.180 GC heap before
{Heap before GC invocations=28 (full 0):
 garbage-first heap   total 189440K, used 149022K [0x0000000080000000, 0x0000000100000000)
  region size 1024K, 89 young (91136K), 9 survivors (9216K)
 Metaspace       used 80473K, capacity 82867K, committed 83148K, reserved 1120256K
  class space    used 10481K, capacity 11380K, committed 11468K, reserved 1048576K
}
Event: 42.209 GC heap after
{Heap after GC invocations=29 (full 0):
 garbage-first heap   total 189440K, used 70885K [0x0000000080000000, 0x0000000100000000)
  region size 1024K, 9 young (9216K), 9 survivors (9216K)
 Metaspace       used 80473K, capacity 82867K, committed 83148K, reserved 1120256K
  class space    used 10481K, capacity 11380K, committed 11468K, reserved 1048576K
}
Event: 43.749 GC heap before
{Heap before GC invocations=29 (full 0):
 garbage-first heap   total 189440K, used 151781K [0x0000000080000000, 0x0000000100000000)
  region size 1024K, 88 young (90112K), 9 survivors (9216K)
 Metaspace       used 83496K, capacity 85886K, committed 86220K, reserved 1124352K
  class space    used 10941K, capacity 11872K, committed 11980K, reserved 1048576K
}
Event: 43.772 GC heap after
{Heap after GC invocations=30 (full 0):
 garbage-first heap   total 227328K, used 72750K [0x0000000080000000, 0x0000000100000000)
  region size 1024K, 6 young (6144K), 6 survivors (6144K)
 Metaspace       used 83496K, capacity 85886K, committed 86220K, reserved 1124352K
  class space    used 10941K, capacity 11872K, committed 11980K, reserved 1048576K
}

Deoptimization events (20 events):
Event: 44.004 Thread 0x000001ea679d3000 Uncommon trap: trap_request=0xffffff4d fr.pc=0x000001ea535f0e80 relative=0x0000000000000520
Event: 44.004 Thread 0x000001ea679d3000 Uncommon trap: reason=unstable_if action=reinterpret pc=0x000001ea535f0e80 method=java.lang.CharacterDataLatin1.digit(II)I @ 12 c2
Event: 44.004 Thread 0x000001ea679d3000 DEOPT PACKING pc=0x000001ea535f0e80 sp=0x000000e95cdf8d00
Event: 44.004 Thread 0x000001ea679d3000 DEOPT UNPACKING pc=0x000001ea4b5ea1af sp=0x000000e95cdf8b20 mode 2
Event: 44.056 Thread 0x000001ea679d3000 Uncommon trap: trap_request=0xffffff4d fr.pc=0x000001ea534a2344 relative=0x00000000000000a4
Event: 44.056 Thread 0x000001ea679d3000 Uncommon trap: reason=unstable_if action=reinterpret pc=0x000001ea534a2344 method=java.lang.CharacterDataLatin1.digit(II)I @ 12 c2
Event: 44.056 Thread 0x000001ea679d3000 DEOPT PACKING pc=0x000001ea534a2344 sp=0x000000e95cdf8b50
Event: 44.056 Thread 0x000001ea679d3000 DEOPT UNPACKING pc=0x000001ea4b5ea1af sp=0x000000e95cdf8ac8 mode 2
Event: 44.120 Thread 0x000001ea679d3000 Uncommon trap: trap_request=0xffffffc6 fr.pc=0x000001ea5352f6c0 relative=0x0000000000000060
Event: 44.120 Thread 0x000001ea679d3000 Uncommon trap: reason=bimorphic_or_optimized_type_check action=maybe_recompile pc=0x000001ea5352f6c0 method=com.google.common.collect.ImmutableList.copyOf(Ljava/util/Collection;)Lcom/google/common/collect/ImmutableList; @ 16 c2
Event: 44.120 Thread 0x000001ea679d3000 DEOPT PACKING pc=0x000001ea5352f6c0 sp=0x000000e95cdf9b70
Event: 44.120 Thread 0x000001ea679d3000 DEOPT UNPACKING pc=0x000001ea4b5ea1af sp=0x000000e95cdf9b38 mode 2
Event: 44.256 Thread 0x000001ea679d3000 Uncommon trap: trap_request=0xffffff7e fr.pc=0x000001ea537b5f9c relative=0x000000000000075c
Event: 44.256 Thread 0x000001ea679d3000 Uncommon trap: reason=predicate action=maybe_recompile pc=0x000001ea537b5f9c method=java.util.TimSort.binarySort([Ljava/lang/Object;IIILjava/util/Comparator;)V @ 34 c2
Event: 44.257 Thread 0x000001ea679d3000 DEOPT PACKING pc=0x000001ea537b5f9c sp=0x000000e95cdf97e0
Event: 44.257 Thread 0x000001ea679d3000 DEOPT UNPACKING pc=0x000001ea4b5ea1af sp=0x000000e95cdf97a0 mode 2
Event: 44.393 Thread 0x000001ea679d3000 Uncommon trap: trap_request=0xfffffff4 fr.pc=0x000001ea537b7b08 relative=0x0000000000000068
Event: 44.393 Thread 0x000001ea679d3000 Uncommon trap: reason=null_check action=make_not_entrant pc=0x000001ea537b7b08 method=java.lang.Class.isAnnotation()Z @ 1 c2
Event: 44.393 Thread 0x000001ea679d3000 DEOPT PACKING pc=0x000001ea537b7b08 sp=0x000000e95cdf8a50
Event: 44.393 Thread 0x000001ea679d3000 DEOPT UNPACKING pc=0x000001ea4b5ea1af sp=0x000000e95cdf89e0 mode 2

Classes redefined (0 events):
No events

Internal exceptions (20 events):
Event: 41.865 Thread 0x000001ea679d3000 Exception <a 'java/lang/NoSuchMethodError'{0x0000000087ce8d68}: 'java.lang.Object java.lang.invoke.Invokers$Holder.linkToTargetMethod(java.lang.Object, java.lang.Object, java.lang.Object, java.lang.Object, java.lang.Object, int, java.lang.Object)'> (0x0000000087ce8d68) thrown at [src/hotspot/share/interpreter/linkResolver.cpp, line 773]
Event: 42.079 Thread 0x000001ea679d3000 Exception <a 'java/lang/NoSuchMethodError'{0x0000000086e5dad0}: 'java.lang.Object java.lang.invoke.DirectMethodHandle$Holder.invokeStatic(java.lang.Object, java.lang.Object, java.lang.Object, java.lang.Object, java.lang.Object, java.lang.Object, int, int)'> (0x0000000086e5dad0) thrown at [src/hotspot/share/interpreter/linkResolver.cpp, line 773]
Event: 42.082 Thread 0x000001ea679d3000 Exception <a 'java/lang/NoSuchMethodError'{0x0000000086e84360}: 'java.lang.Object java.lang.invoke.DirectMethodHandle$Holder.invokeStatic(java.lang.Object, java.lang.Object, java.lang.Object, java.lang.Object, java.lang.Object, java.lang.Object, int, int, java.lang.Object)'> (0x0000000086e84360) thrown at [src/hotspot/share/interpreter/linkResolver.cpp, line 773]
Event: 42.586 Thread 0x000001ea679d3000 Exception <a 'sun/nio/fs/WindowsException'{0x000000008a7522e0}> (0x000000008a7522e0) thrown at [src/hotspot/share/prims/jni.cpp, line 617]
Event: 42.961 Thread 0x000001ea679d3000 Exception <a 'java/lang/NullPointerException'{0x0000000088862d98}> (0x0000000088862d98) thrown at [src/hotspot/share/interpreter/linkResolver.cpp, line 1440]
Event: 43.400 Thread 0x000001ea679d3000 Implicit null exception at 0x000001ea536fcf4c to 0x000001ea536fea08
Event: 44.019 Thread 0x000001ea679d3000 Exception <a 'sun/nio/fs/WindowsException'{0x000000008c3cab58}> (0x000000008c3cab58) thrown at [src/hotspot/share/prims/jni.cpp, line 617]
Event: 44.020 Thread 0x000001ea679d3000 Exception <a 'sun/nio/fs/WindowsException'{0x000000008c3cbf20}> (0x000000008c3cbf20) thrown at [src/hotspot/share/prims/jni.cpp, line 617]
Event: 44.020 Thread 0x000001ea679d3000 Exception <a 'sun/nio/fs/WindowsException'{0x000000008c3cd338}> (0x000000008c3cd338) thrown at [src/hotspot/share/prims/jni.cpp, line 617]
Event: 44.020 Thread 0x000001ea679d3000 Exception <a 'sun/nio/fs/WindowsException'{0x000000008c3ce750}> (0x000000008c3ce750) thrown at [src/hotspot/share/prims/jni.cpp, line 617]
Event: 44.299 Thread 0x000001ea679d3000 Exception <a 'java/lang/ClassNotFoundException'{0x000000008b54ba18}: com/google/gms/googleservices/GoogleServicesTask_DecoratedBeanInfo> (0x000000008b54ba18) thrown at [src/hotspot/share/classfile/systemDictionary.cpp, line 230]
Event: 44.301 Thread 0x000001ea679d3000 Exception <a 'java/lang/ClassNotFoundException'{0x000000008b5694a0}: com/google/gms/googleservices/GoogleServicesTask_DecoratedCustomizer> (0x000000008b5694a0) thrown at [src/hotspot/share/classfile/systemDictionary.cpp, line 230]
Event: 44.308 Thread 0x000001ea679d3000 Exception <a 'java/lang/ClassNotFoundException'{0x000000008b5ea370}: org/gradle/api/internal/file/DefaultFilePropertyFactory$DefaultDirectoryVarBeanInfo> (0x000000008b5ea370) thrown at [src/hotspot/share/classfile/systemDictionary.cpp, line 230]
Event: 44.309 Thread 0x000001ea679d3000 Exception <a 'java/lang/ClassNotFoundException'{0x000000008b409710}: org/gradle/api/internal/file/DefaultFilePropertyFactory$AbstractFileVarBeanInfo> (0x000000008b409710) thrown at [src/hotspot/share/classfile/systemDictionary.cpp, line 230]
Event: 44.310 Thread 0x000001ea679d3000 Exception <a 'java/lang/ClassNotFoundException'{0x000000008b4285e8}: org/gradle/api/internal/file/DefaultFilePropertyFactory$AbstractFileVarCustomizer> (0x000000008b4285e8) thrown at [src/hotspot/share/classfile/systemDictionary.cpp, line 230]
Event: 44.319 Thread 0x000001ea679d3000 Exception <a 'java/lang/ClassNotFoundException'{0x000000008b4b6f70}: org/gradle/api/internal/file/DefaultFilePropertyFactory$DefaultDirectoryVarCustomizer> (0x000000008b4b6f70) thrown at [src/hotspot/share/classfile/systemDictionary.cpp, line 230]
Event: 44.330 Thread 0x000001ea679d3000 Exception <a 'java/lang/ClassNotFoundException'{0x000000008b3c0200}: org/gradle/api/internal/file/collections/DefaultConfigurableFileCollectionBeanInfo> (0x000000008b3c0200) thrown at [src/hotspot/share/classfile/systemDictionary.cpp, line 230]
Event: 44.331 Thread 0x000001ea679d3000 Exception <a 'java/lang/ClassNotFoundException'{0x000000008b3dc130}: org/gradle/api/internal/file/CompositeFileCollectionBeanInfo> (0x000000008b3dc130) thrown at [src/hotspot/share/classfile/systemDictionary.cpp, line 230]
Event: 44.332 Thread 0x000001ea679d3000 Exception <a 'java/lang/ClassNotFoundException'{0x000000008b3f8330}: org/gradle/api/internal/file/CompositeFileCollectionCustomizer> (0x000000008b3f8330) thrown at [src/hotspot/share/classfile/systemDictionary.cpp, line 230]
Event: 44.334 Thread 0x000001ea679d3000 Exception <a 'java/lang/ClassNotFoundException'{0x000000008b220d18}: org/gradle/api/internal/file/collections/DefaultConfigurableFileCollectionCustomizer> (0x000000008b220d18) thrown at [src/hotspot/share/classfile/systemDictionary.cpp, line 230]

Events (20 events):
Event: 44.342 loading class org/gradle/api/Action
Event: 44.342 loading class org/gradle/api/Action done
Event: 44.342 loading class org/gradle/internal/reflect/validation/PropertyProblemBuilder
Event: 44.342 loading class org/gradle/internal/reflect/validation/PropertyProblemBuilder done
Event: 44.342 loading class org/gradle/api/Action
Event: 44.342 loading class org/gradle/api/Action done
Event: 44.348 loading class org/gradle/api/internal/artifacts/ivyservice/moduleconverter/dependencies/DefaultLocalConfigurationMetadataBuilder$DefaultLocalFileDependencyMetadata
Event: 44.348 loading class org/gradle/api/internal/artifacts/ivyservice/moduleconverter/dependencies/DefaultLocalConfigurationMetadataBuilder$DefaultLocalFileDependencyMetadata done
Event: 44.350 loading class org/gradle/internal/component/local/model/LocalFileDependencyMetadata
Event: 44.350 loading class org/gradle/internal/component/local/model/LocalFileDependencyMetadata done
Event: 44.353 loading class org/gradle/api/internal/artifacts/ivyservice/resolveengine/artifact/FileDependencyArtifactSet
Event: 44.353 loading class org/gradle/api/internal/artifacts/ivyservice/resolveengine/artifact/FileDependencyArtifactSet done
Event: 44.354 loading class org/gradle/api/internal/artifacts/ivyservice/resolveengine/artifact/LocalFileDependencyBackedArtifactSet
Event: 44.354 loading class org/gradle/api/internal/artifacts/ivyservice/resolveengine/artifact/LocalFileDependencyBackedArtifactSet done
Event: 44.357 loading class org/gradle/api/internal/artifacts/ivyservice/resolveengine/artifact/LocalDependencyFiles
Event: 44.357 loading class org/gradle/api/internal/artifacts/ivyservice/resolveengine/artifact/LocalDependencyFiles done
Event: 44.359 loading class com/android/build/gradle/internal/TaskManager$createMockableJarTask$1$1
Event: 44.359 loading class com/android/build/gradle/internal/TaskManager$createMockableJarTask$1$1 done
Event: 44.399 loading class com/android/build/gradle/tasks/MapSourceSetPathsTask_Decorated
Event: 44.399 loading class com/android/build/gradle/tasks/MapSourceSetPathsTask_Decorated done


Dynamic libraries:
0x00007ff7a6e00000 - 0x00007ff7a6e0a000 	C:\Program Files\Android\Android Studio\jbr\bin\java.exe
0x00007ff902a30000 - 0x00007ff902c28000 	C:\WINDOWS\SYSTEM32\ntdll.dll
0x00007ff901d00000 - 0x00007ff901dbf000 	C:\WINDOWS\System32\KERNEL32.DLL
0x00007ff9002a0000 - 0x00007ff900596000 	C:\WINDOWS\System32\KERNELBASE.dll
0x00007ff9001a0000 - 0x00007ff9002a0000 	C:\WINDOWS\System32\ucrtbase.dll
0x00007ff8ec850000 - 0x00007ff8ec867000 	C:\Program Files\Android\Android Studio\jbr\bin\jli.dll
0x00007ff8f8b20000 - 0x00007ff8f8b3b000 	C:\Program Files\Android\Android Studio\jbr\bin\VCRUNTIME140.dll
0x00007ff9027f0000 - 0x00007ff90298d000 	C:\WINDOWS\System32\USER32.dll
0x00007ff900610000 - 0x00007ff900632000 	C:\WINDOWS\System32\win32u.dll
0x00007ff902120000 - 0x00007ff90214c000 	C:\WINDOWS\System32\GDI32.dll
0x00007ff9006e0000 - 0x00007ff9007f5000 	C:\WINDOWS\System32\gdi32full.dll
0x00007ff900640000 - 0x00007ff9006dd000 	C:\WINDOWS\System32\msvcp_win.dll
0x00007ff8ebc40000 - 0x00007ff8ebeda000 	C:\WINDOWS\WinSxS\amd64_microsoft.windows.common-controls_6595b64144ccf1df_6.0.19041.1110_none_60b5254171f9507e\COMCTL32.dll
0x00007ff9024d0000 - 0x00007ff90256e000 	C:\WINDOWS\System32\msvcrt.dll
0x00007ff901400000 - 0x00007ff901430000 	C:\WINDOWS\System32\IMM32.DLL
0x00007ff8fb560000 - 0x00007ff8fb56c000 	C:\Program Files\Android\Android Studio\jbr\bin\vcruntime140_1.dll
0x00007ff8e3880000 - 0x00007ff8e390d000 	C:\Program Files\Android\Android Studio\jbr\bin\msvcp140.dll
0x00007ff8bb460000 - 0x00007ff8bc01c000 	C:\Program Files\Android\Android Studio\jbr\bin\server\jvm.dll
0x00007ff900f00000 - 0x00007ff900faf000 	C:\WINDOWS\System32\ADVAPI32.dll
0x00007ff902750000 - 0x00007ff9027ec000 	C:\WINDOWS\System32\sechost.dll
0x00007ff902570000 - 0x00007ff902696000 	C:\WINDOWS\System32\RPCRT4.dll
0x00007ff902740000 - 0x00007ff902748000 	C:\WINDOWS\System32\PSAPI.DLL
0x00007ff8f9f30000 - 0x00007ff8f9f39000 	C:\WINDOWS\SYSTEM32\WSOCK32.dll
0x00007ff8f2a10000 - 0x00007ff8f2a37000 	C:\WINDOWS\SYSTEM32\WINMM.dll
0x00007ff901010000 - 0x00007ff90107b000 	C:\WINDOWS\System32\WS2_32.dll
0x00007ff8f3d40000 - 0x00007ff8f3d4a000 	C:\WINDOWS\SYSTEM32\VERSION.dll
0x00007ff8fe910000 - 0x00007ff8fe922000 	C:\WINDOWS\SYSTEM32\kernel.appcore.dll
0x00007ff8f8b10000 - 0x00007ff8f8b20000 	C:\Program Files\Android\Android Studio\jbr\bin\verify.dll
0x00007ff8efcb0000 - 0x00007ff8efe94000 	C:\WINDOWS\SYSTEM32\DBGHELP.DLL
0x00007ff8efc70000 - 0x00007ff8efca4000 	C:\WINDOWS\SYSTEM32\dbgcore.DLL
0x00007ff900110000 - 0x00007ff900192000 	C:\WINDOWS\System32\bcryptPrimitives.dll
0x00007ff8f8ae0000 - 0x00007ff8f8b08000 	C:\Program Files\Android\Android Studio\jbr\bin\java.dll
0x00007ff8f86d0000 - 0x00007ff8f86da000 	C:\Program Files\Android\Android Studio\jbr\bin\jimage.dll
0x00007ff8ec870000 - 0x00007ff8ec87e000 	C:\Program Files\Android\Android Studio\jbr\bin\instrument.dll
0x00007ff8ec830000 - 0x00007ff8ec848000 	C:\Program Files\Android\Android Studio\jbr\bin\zip.dll
0x00007ff9015b0000 - 0x00007ff901cf4000 	C:\WINDOWS\System32\SHELL32.dll
0x00007ff8fdb30000 - 0x00007ff8fe2c3000 	C:\WINDOWS\SYSTEM32\windows.storage.dll
0x00007ff901dc0000 - 0x00007ff902114000 	C:\WINDOWS\System32\combase.dll
0x00007ff8ff9a0000 - 0x00007ff8ff9ce000 	C:\WINDOWS\SYSTEM32\Wldp.dll
0x00007ff902420000 - 0x00007ff9024cd000 	C:\WINDOWS\System32\SHCORE.dll
0x00007ff902990000 - 0x00007ff9029e5000 	C:\WINDOWS\System32\shlwapi.dll
0x00007ff900050000 - 0x00007ff90006f000 	C:\WINDOWS\SYSTEM32\profapi.dll
0x00007ff8e1a40000 - 0x00007ff8e1a4a000 	C:\Program Files\Android\Android Studio\jbr\bin\management.dll
0x00007ff8e19d0000 - 0x00007ff8e19db000 	C:\Program Files\Android\Android Studio\jbr\bin\management_ext.dll
0x00007ff8c9c80000 - 0x00007ff8c9c99000 	C:\Program Files\Android\Android Studio\jbr\bin\net.dll
0x00007ff8f5190000 - 0x00007ff8f529a000 	C:\WINDOWS\SYSTEM32\WINHTTP.dll
0x00007ff8ff780000 - 0x00007ff8ff7ea000 	C:\WINDOWS\system32\mswsock.dll
0x00007ff8c9c60000 - 0x00007ff8c9c73000 	C:\Program Files\Android\Android Studio\jbr\bin\nio.dll
0x00007ff8bded0000 - 0x00007ff8bdee7000 	C:\WINDOWS\system32\napinsp.dll
0x00007ff8bdeb0000 - 0x00007ff8bdecb000 	C:\WINDOWS\system32\pnrpnsp.dll
0x00007ff8e03c0000 - 0x00007ff8e03d5000 	C:\WINDOWS\system32\wshbth.dll
0x00007ff8fb4a0000 - 0x00007ff8fb4bd000 	C:\WINDOWS\system32\NLAapi.dll
0x00007ff8ff490000 - 0x00007ff8ff4cc000 	C:\WINDOWS\SYSTEM32\IPHLPAPI.DLL
0x00007ff8ff4d0000 - 0x00007ff8ff59a000 	C:\WINDOWS\SYSTEM32\DNSAPI.dll
0x00007ff902410000 - 0x00007ff902418000 	C:\WINDOWS\System32\NSI.dll
0x00007ff8bde90000 - 0x00007ff8bdea2000 	C:\WINDOWS\System32\winrnr.dll
0x00007ff8f3b20000 - 0x00007ff8f3b2a000 	C:\Windows\System32\rasadhlp.dll
0x00007ff8f5020000 - 0x00007ff8f50a2000 	C:\WINDOWS\System32\fwpuclnt.dll
0x00007ff900a60000 - 0x00007ff900a87000 	C:\WINDOWS\System32\bcrypt.dll
0x00007ff8fb520000 - 0x00007ff8fb547000 	C:\Users\shahzaib lptp\AndroidStudioProjects\loginsqlite\native\68d5fa5c4cc2d200863cafc0d521ce42e7d3e7ee720ec0a83991735586a16f82\windows-amd64\native-platform.dll
0x00007ff8d6220000 - 0x00007ff8d6364000 	C:\Users\shahzaib lptp\AndroidStudioProjects\loginsqlite\native\e376f236ea51e6404a007f0833ffe2c6e607c4080706a723a18a27aeea778392\windows-amd64\native-platform-file-events.dll
0x00007ff8ffcf0000 - 0x00007ff8ffd08000 	C:\WINDOWS\SYSTEM32\CRYPTSP.dll
0x00007ff8ff0c0000 - 0x00007ff8ff0f4000 	C:\WINDOWS\system32\rsaenh.dll
0x00007ff900010000 - 0x00007ff90003e000 	C:\WINDOWS\SYSTEM32\USERENV.dll
0x00007ff8ff910000 - 0x00007ff8ff91c000 	C:\WINDOWS\SYSTEM32\CRYPTBASE.dll
0x00007ff8f6ef0000 - 0x00007ff8f6f07000 	C:\WINDOWS\SYSTEM32\dhcpcsvc6.DLL
0x00007ff8f6ed0000 - 0x00007ff8f6eed000 	C:\WINDOWS\SYSTEM32\dhcpcsvc.DLL

dbghelp: loaded successfully - version: 4.0.5 - missing functions: none
symbol engine: initialized successfully - sym options: 0x614 - pdb path: .;C:\Program Files\Android\Android Studio\jbr\bin;C:\WINDOWS\SYSTEM32;C:\WINDOWS\WinSxS\amd64_microsoft.windows.common-controls_6595b64144ccf1df_6.0.19041.1110_none_60b5254171f9507e;C:\Program Files\Android\Android Studio\jbr\bin\server;C:\Users\shahzaib lptp\AndroidStudioProjects\loginsqlite\native\68d5fa5c4cc2d200863cafc0d521ce42e7d3e7ee720ec0a83991735586a16f82\windows-amd64;C:\Users\shahzaib lptp\AndroidStudioProjects\loginsqlite\native\e376f236ea51e6404a007f0833ffe2c6e607c4080706a723a18a27aeea778392\windows-amd64

VM Arguments:
jvm_args: --add-opens=java.base/java.util.concurrent.atomic=ALL-UNNAMED -javaagent:C:\Program Files\Android\Android Studio\plugins\android\resources\trace_agent.jar=C:\Users\SHAHZA~1\AppData\Local\Temp\sync.trace.profile --add-opens=java.base/java.util=ALL-UNNAMED --add-opens=java.base/java.lang=ALL-UNNAMED --add-opens=java.base/java.lang.invoke=ALL-UNNAMED --add-opens=java.prefs/java.util.prefs=ALL-UNNAMED --add-opens=java.base/java.nio.charset=ALL-UNNAMED --add-opens=java.base/java.net=ALL-UNNAMED --add-opens=java.base/java.util.concurrent.atomic=ALL-UNNAMED -Xmx2048m -Dfile.encoding=UTF-8 -Duser.country=US -Duser.language=en -Duser.variant -javaagent:C:\Users\shahzaib lptp\AndroidStudioProjects\loginsqlite\wrapper\dists\gradle-8.3-rc-1-bin\3lbs5z64xhcdp1uarsx2vp16o\gradle-8.3-rc-1\lib\agents\gradle-instrumentation-agent-8.3.jar 
java_command: org.gradle.launcher.daemon.bootstrap.GradleDaemon 8.3-rc-1
java_class_path (initial): C:\Users\shahzaib lptp\AndroidStudioProjects\loginsqlite\wrapper\dists\gradle-8.3-rc-1-bin\3lbs5z64xhcdp1uarsx2vp16o\gradle-8.3-rc-1\lib\gradle-launcher-8.3.jar
Launcher Type: SUN_STANDARD

[Global flags]
     intx CICompilerCount                          = 3                                         {product} {ergonomic}
     uint ConcGCThreads                            = 1                                         {product} {ergonomic}
     uint G1ConcRefinementThreads                  = 4                                         {product} {ergonomic}
   size_t G1HeapRegionSize                         = 1048576                                   {product} {ergonomic}
    uintx GCDrainStackTargetSize                   = 64                                        {product} {ergonomic}
   size_t InitialHeapSize                          = 134217728                                 {product} {ergonomic}
   size_t MarkStackSize                            = 4194304                                   {product} {ergonomic}
   size_t MaxHeapSize                              = 2147483648                                {product} {command line}
   size_t MaxNewSize                               = 1287651328                                {product} {ergonomic}
   size_t MinHeapDeltaBytes                        = 1048576                                   {product} {ergonomic}
    uintx NonNMethodCodeHeapSize                   = 5830732                                {pd product} {ergonomic}
    uintx NonProfiledCodeHeapSize                  = 122913754                              {pd product} {ergonomic}
    uintx ProfiledCodeHeapSize                     = 122913754                              {pd product} {ergonomic}
    uintx ReservedCodeCacheSize                    = 251658240                              {pd product} {ergonomic}
     bool SegmentedCodeCache                       = true                                      {product} {ergonomic}
     bool UseCompressedClassPointers               = true                                 {lp64_product} {ergonomic}
     bool UseCompressedOops                        = true                                 {lp64_product} {ergonomic}
     bool UseG1GC                                  = true                                      {product} {ergonomic}
     bool UseLargePagesIndividualAllocation        = false                                  {pd product} {ergonomic}

Logging:
Log output configuration:
 #0: stdout all=warning uptime,level,tags
 #1: stderr all=off uptime,level,tags

Environment Variables:
PATH=C:\Program Files\Python310\Scripts\;C:\Program Files\Python310\;C:\Program Files\Common Files\Oracle\Java\javapath;C:\app\bin;C:\app\shahzaiblptp\product\11.2.0\dbhome_1\bin;C:\WINDOWS\system32;C:\WINDOWS;C:\WINDOWS\System32\Wbem;C:\WINDOWS\System32\WindowsPowerShell\v1.0\;c:\Program Files (x86)\Microsoft SQL Server\100\Tools\Binn\;c:\Program Files\Microsoft SQL Server\100\Tools\Binn\;c:\Program Files\Microsoft SQL Server\100\DTS\Binn\;C:\WINDOWS\System32\OpenSSH\;C:\ProgramData\chocolatey\bin;%JAVA_HOME%\bin;C:\Program Files\Git\cmd;C:\WINDOWS\System32;C:\Users\shahzaib lptp\AppData\Local\Microsoft\WindowsApps;C:\Program Files\JetBrains\IntelliJ IDEA Community Edition 2021.3\bin;;C:\Program Files\Python310\PyCharm Community Edition 2022.1\bin;;C:\Users\shahzaib lptp\AppData\Local\Programs\Microsoft VS Code\bin;C:\Program Files\flutter\bin;C:\src\flutter\bin;C:\Program Files\Android\Android Studio\bin;
USERNAME=shahzaib lptp
OS=Windows_NT
PROCESSOR_IDENTIFIER=Intel64 Family 6 Model 69 Stepping 1, GenuineIntel



---------------  S Y S T E M  ---------------

OS: Windows 10 , 64 bit Build 19041 (10.0.19041.3031)
OS uptime: 1 days 7:09 hours
Hyper-V role detected

CPU:total 4 (initial active 4) (2 cores per cpu, 2 threads per core) family 6 model 69 stepping 1 microcode 0x26, cmov, cx8, fxsr, mmx, sse, sse2, sse3, ssse3, sse4.1, sse4.2, popcnt, avx, avx2, aes, clmul, erms, lzcnt, ht, tsc, tscinvbit, bmi1, bmi2, fma

Memory: 4k page, system-wide physical 8073M (432M free)
TotalPageFile size 10073M (AvailPageFile size 0M)
current process WorkingSet (physical memory assigned to process): 479M, peak: 479M
current process commit charge ("private bytes"): 505M, peak: 506M

vm_info: OpenJDK 64-Bit Server VM (11.0.15+0-b2043.56-9505619) for windows-amd64 JRE (11.0.15+0-b2043.56-9505619), built on Jan 19 2023 02:48:00 by "builduser" with unknown MS VC++:1929

END.
