#
# There is insufficient memory for the Java Runtime Environment to continue.
# Native memory allocation (malloc) failed to allocate 1068176 bytes for Chunk::new
# Possible reasons:
#   The system is out of physical RAM or swap space
#   The process is running with CompressedOops enabled, and the Java Heap may be blocking the growth of the native heap
# Possible solutions:
#   Reduce memory load on the system
#   Increase physical memory or swap space
#   Check if swap backing store is full
#   Decrease Java heap size (-Xmx/-Xms)
#   Decrease number of Java threads
#   Decrease Java thread stack sizes (-Xss)
#   Set larger code cache with -XX:ReservedCodeCacheSize=
#   JVM is running with Unscaled Compressed Oops mode in which the Java heap is
#     placed in the first 4GB address space. The Java Heap base address is the
#     maximum limit for the native heap growth. Please use -XX:HeapBaseMinAddress
#     to set the Java Heap base and to place the Java Heap above 4GB virtual address.
# This output file may be truncated or incomplete.
#
#  Out of Memory Error (src/hotspot/share/memory/arena.cpp:197), pid=15132, tid=16748
#
# JRE version: OpenJDK Runtime Environment (11.0.15) (build 11.0.15+0-b2043.56-9505619)
# Java VM: OpenJDK 64-Bit Server VM (11.0.15+0-b2043.56-9505619, mixed mode, tiered, compressed oops, g1 gc, windows-amd64)
# No core dump will be written. Minidumps are not enabled by default on client versions of Windows
#

---------------  S U M M A R Y ------------

Command Line: -javaagent:C:\Program Files\Android\Android Studio\plugins\android\resources\trace_agent.jar=C:\Users\SHAHZA~1\AppData\Local\Temp\sync.trace.profile --add-opens=java.base/java.util=ALL-UNNAMED --add-opens=java.base/java.lang=ALL-UNNAMED --add-opens=java.base/java.lang.invoke=ALL-UNNAMED --add-opens=java.base/java.util=ALL-UNNAMED --add-opens=java.prefs/java.util.prefs=ALL-UNNAMED --add-opens=java.prefs/java.util.prefs=ALL-UNNAMED --add-opens=java.base/java.nio.charset=ALL-UNNAMED --add-opens=java.base/java.net=ALL-UNNAMED --add-opens=java.base/java.util.concurrent.atomic=ALL-UNNAMED -Xmx2048m -Dfile.encoding=UTF-8 -Duser.country=US -Duser.language=en -Duser.variant org.gradle.launcher.daemon.bootstrap.GradleDaemon 7.5

Host: Intel(R) Core(TM) i5-4310U CPU @ 2.00GHz, 4 cores, 7G,  Windows 10 , 64 bit Build 19041 (10.0.19041.2913)
Time: Fri May 26 09:58:44 2023 Pakistan Standard Time elapsed time: 49.992882 seconds (0d 0h 0m 49s)

---------------  T H R E A D  ---------------

Current thread (0x0000025a162bc800):  JavaThread "C2 CompilerThread1" daemon [_thread_in_native, id=16748, stack(0x000000b035700000,0x000000b035800000)]


Current CompileTask:
C2:  49993 13601       4       java.util.regex.Pattern::compile (500 bytes)

Stack: [0x000000b035700000,0x000000b035800000]
Native frames: (J=compiled Java code, j=interpreted, Vv=VM code, C=native code)
V  [jvm.dll+0x64135a]
V  [jvm.dll+0x7d39f9]
V  [jvm.dll+0x7d51b9]
V  [jvm.dll+0x7d58a3]
V  [jvm.dll+0x2691c5]
V  [jvm.dll+0xc1a5c]
V  [jvm.dll+0xc200c]
V  [jvm.dll+0x3774a7]
V  [jvm.dll+0x342495]
V  [jvm.dll+0x34186a]
V  [jvm.dll+0x2214bd]
V  [jvm.dll+0x220498]
V  [jvm.dll+0x19e851]
V  [jvm.dll+0x230479]
V  [jvm.dll+0x22e5ef]
V  [jvm.dll+0x794de1]
V  [jvm.dll+0x78dc24]
V  [jvm.dll+0x6400f6]
C  [ucrtbase.dll+0x21bb2]
C  [KERNEL32.DLL+0x17614]
C  [ntdll.dll+0x526a1]


---------------  P R O C E S S  ---------------

Threads class SMR info:
_java_thread_list=0x0000025a18816670, length=91, elements={
0x0000025a79891000, 0x0000025a13526800, 0x0000025a13527800, 0x0000025a13d85800,
0x0000025a13d87000, 0x0000025a13d88000, 0x0000025a13d89000, 0x0000025a13d99800,
0x0000025a13d9a800, 0x0000025a134b8800, 0x0000025a153a1800, 0x0000025a17ab3000,
0x0000025a1861f000, 0x0000025a169f7800, 0x0000025a151d9000, 0x0000025a17ec3800,
0x0000025a180e5800, 0x0000025a17d70000, 0x0000025a14fbb000, 0x0000025a15c86800,
0x0000025a1626b000, 0x0000025a16269800, 0x0000025a1626a000, 0x0000025a1626b800,
0x0000025a15ac0000, 0x0000025a15ac1000, 0x0000025a15ac2800, 0x0000025a15ac1800,
0x0000025a15abf000, 0x0000025a15ac9000, 0x0000025a15ac8000, 0x0000025a15ac3800,
0x0000025a15ac4000, 0x0000025a15ac7800, 0x0000025a15acb800, 0x0000025a15ac6000,
0x0000025a15acc800, 0x0000025a15ac6800, 0x0000025a15acd000, 0x0000025a15ace000,
0x0000025a18e52000, 0x0000025a18e51000, 0x0000025a18e4e000, 0x0000025a18e4c800,
0x0000025a18e53000, 0x0000025a18e4d000, 0x0000025a18e4e800, 0x0000025a18e50800,
0x0000025a18e4f800, 0x0000025a15ffc800, 0x0000025a15ff9000, 0x0000025a15ffd800,
0x0000025a15ffa000, 0x0000025a15ffb000, 0x0000025a15ff8800, 0x0000025a15ffb800,
0x0000025a15ff7800, 0x0000025a15fff000, 0x0000025a16000800, 0x0000025a15fff800,
0x0000025a16002000, 0x0000025a16001800, 0x0000025a15ffe000, 0x0000025a16004800,
0x0000025a16004000, 0x0000025a16005800, 0x0000025a16006800, 0x0000025a16003000,
0x0000025a18b38800, 0x0000025a18b39800, 0x0000025a18b3a800, 0x0000025a18b35800,
0x0000025a18b34800, 0x0000025a18b37000, 0x0000025a18b3b000, 0x0000025a18b38000,
0x0000025a18b3c000, 0x0000025a18b36000, 0x0000025a18b41000, 0x0000025a18b3d800,
0x0000025a18b3f000, 0x0000025a18b42800, 0x0000025a18b3c800, 0x0000025a18b43000,
0x0000025a18709800, 0x0000025a1870a000, 0x0000025a162bc800, 0x0000025a18708800,
0x0000025a18707000, 0x0000025a1870c800, 0x0000025a1870b000
}

Java Threads: ( => current thread )
  0x0000025a79891000 JavaThread "main" [_thread_blocked, id=5360, stack(0x000000b02ff00000,0x000000b030000000)]
  0x0000025a13526800 JavaThread "Reference Handler" daemon [_thread_blocked, id=2676, stack(0x000000b030600000,0x000000b030700000)]
  0x0000025a13527800 JavaThread "Finalizer" daemon [_thread_blocked, id=5196, stack(0x000000b030700000,0x000000b030800000)]
  0x0000025a13d85800 JavaThread "Signal Dispatcher" daemon [_thread_blocked, id=14020, stack(0x000000b030900000,0x000000b030a00000)]
  0x0000025a13d87000 JavaThread "Attach Listener" daemon [_thread_blocked, id=3872, stack(0x000000b030a00000,0x000000b030b00000)]
  0x0000025a13d88000 JavaThread "Service Thread" daemon [_thread_blocked, id=1828, stack(0x000000b030b00000,0x000000b030c00000)]
  0x0000025a13d89000 JavaThread "C2 CompilerThread0" daemon [_thread_in_native, id=9204, stack(0x000000b030c00000,0x000000b030d00000)]
  0x0000025a13d99800 JavaThread "C1 CompilerThread0" daemon [_thread_in_native, id=13672, stack(0x000000b030d00000,0x000000b030e00000)]
  0x0000025a13d9a800 JavaThread "Sweeper thread" daemon [_thread_blocked, id=13076, stack(0x000000b030e00000,0x000000b030f00000)]
  0x0000025a134b8800 JavaThread "Common-Cleaner" daemon [_thread_blocked, id=13692, stack(0x000000b030f00000,0x000000b031000000)]
  0x0000025a153a1800 JavaThread "Daemon health stats" [_thread_blocked, id=13192, stack(0x000000b031400000,0x000000b031500000)]
  0x0000025a17ab3000 JavaThread "Incoming local TCP Connector on port 56122" [_thread_in_native, id=15256, stack(0x000000b031000000,0x000000b031100000)]
  0x0000025a1861f000 JavaThread "Daemon" [_thread_blocked, id=9716, stack(0x000000b031600000,0x000000b031700000)]
  0x0000025a169f7800 JavaThread "Handler for socket connection from /127.0.0.1:56122 to /127.0.0.1:56123" [_thread_in_native, id=14440, stack(0x000000b031700000,0x000000b031800000)]
  0x0000025a151d9000 JavaThread "Daemon periodic checks" [_thread_blocked, id=1760, stack(0x000000b031800000,0x000000b031900000)]
  0x0000025a17ec3800 JavaThread "Cancel handler" [_thread_blocked, id=11100, stack(0x000000b031900000,0x000000b031a00000)]
  0x0000025a180e5800 JavaThread "Daemon worker" [_thread_blocked, id=1676, stack(0x000000b031a00000,0x000000b031b00000)]
  0x0000025a17d70000 JavaThread "Asynchronous log dispatcher for DefaultDaemonConnection: socket connection from /127.0.0.1:56122 to /127.0.0.1:56123" [_thread_blocked, id=8580, stack(0x000000b031b00000,0x000000b031c00000)]
  0x0000025a14fbb000 JavaThread "Stdin handler" [_thread_blocked, id=8928, stack(0x000000b031c00000,0x000000b031d00000)]
  0x0000025a15c86800 JavaThread "Daemon client event forwarder" [_thread_blocked, id=11580, stack(0x000000b031d00000,0x000000b031e00000)]
  0x0000025a1626b000 JavaThread "Cache worker for journal cache (C:\Users\shahzaib lptp\AndroidStudioProjects\loginsqlite\caches\journal-1)" [_thread_blocked, id=13380, stack(0x000000b031f00000,0x000000b032000000)]
  0x0000025a16269800 JavaThread "File lock request listener" [_thread_in_native, id=10272, stack(0x000000b032000000,0x000000b032100000)]
  0x0000025a1626a000 JavaThread "Cache worker for file hash cache (C:\Users\shahzaib lptp\AndroidStudioProjects\loginsqlite\caches\7.5\fileHashes)" [_thread_blocked, id=11260, stack(0x000000b032100000,0x000000b032200000)]
  0x0000025a1626b800 JavaThread "File watcher server" daemon [_thread_in_native, id=7668, stack(0x000000b032200000,0x000000b032300000)]
  0x0000025a15ac0000 JavaThread "File watcher consumer" daemon [_thread_blocked, id=12012, stack(0x000000b032300000,0x000000b032400000)]
  0x0000025a15ac1000 JavaThread "Cache worker for checksums cache (C:\Users\shahzaib lptp\AndroidStudioProjects\EyeonwaterApp\.gradle\7.5\checksums)" [_thread_blocked, id=9872, stack(0x000000b032400000,0x000000b032500000)]
  0x0000025a15ac2800 JavaThread "Cache worker for cache directory md-rule (C:\Users\shahzaib lptp\AndroidStudioProjects\loginsqlite\caches\7.5\md-rule)" [_thread_blocked, id=1228, stack(0x000000b032500000,0x000000b032600000)]
  0x0000025a15ac1800 JavaThread "Cache worker for file content cache (C:\Users\shahzaib lptp\AndroidStudioProjects\loginsqlite\caches\7.5\fileContent)" [_thread_blocked, id=12664, stack(0x000000b032600000,0x000000b032700000)]
  0x0000025a15abf000 JavaThread "Cache worker for file hash cache (C:\Users\shahzaib lptp\AndroidStudioProjects\EyeonwaterApp\.gradle\7.5\fileHashes)" [_thread_blocked, id=6240, stack(0x000000b032700000,0x000000b032800000)]
  0x0000025a15ac9000 JavaThread "Cache worker for cache directory md-supplier (C:\Users\shahzaib lptp\AndroidStudioProjects\loginsqlite\caches\7.5\md-supplier)" [_thread_blocked, id=256, stack(0x000000b032800000,0x000000b032900000)]
  0x0000025a15ac8000 JavaThread "Cache worker for execution history cache (C:\Users\shahzaib lptp\AndroidStudioProjects\loginsqlite\caches\7.5\executionHistory)" [_thread_blocked, id=360, stack(0x000000b032900000,0x000000b032a00000)]
  0x0000025a15ac3800 JavaThread "jar transforms" [_thread_blocked, id=13820, stack(0x000000b031500000,0x000000b031600000)]
  0x0000025a15ac4000 JavaThread "jar transforms Thread 2" [_thread_blocked, id=13336, stack(0x000000b032b00000,0x000000b032c00000)]
  0x0000025a15ac7800 JavaThread "jar transforms Thread 3" [_thread_blocked, id=14704, stack(0x000000b032a00000,0x000000b032b00000)]
  0x0000025a15acb800 JavaThread "jar transforms Thread 4" [_thread_blocked, id=10672, stack(0x000000b032d00000,0x000000b032e00000)]
  0x0000025a15ac6000 JavaThread "Cache worker for dependencies-accessors (C:\Users\shahzaib lptp\AndroidStudioProjects\EyeonwaterApp\.gradle\7.5\dependencies-accessors)" [_thread_blocked, id=3928, stack(0x000000b032e00000,0x000000b032f00000)]
  0x0000025a15acc800 JavaThread "Cache worker for Build Output Cleanup Cache (C:\Users\shahzaib lptp\AndroidStudioProjects\EyeonwaterApp\.gradle\buildOutputCleanup)" [_thread_blocked, id=8164, stack(0x000000b032c00000,0x000000b032d00000)]
  0x0000025a15ac6800 JavaThread "Unconstrained build operations" [_thread_blocked, id=8584, stack(0x000000b032f00000,0x000000b033000000)]
  0x0000025a15acd000 JavaThread "Unconstrained build operations Thread 2" [_thread_blocked, id=16548, stack(0x000000b033000000,0x000000b033100000)]
  0x0000025a15ace000 JavaThread "Unconstrained build operations Thread 3" [_thread_blocked, id=7080, stack(0x000000b033100000,0x000000b033200000)]
  0x0000025a18e52000 JavaThread "Unconstrained build operations Thread 4" [_thread_blocked, id=8268, stack(0x000000b033200000,0x000000b033300000)]
  0x0000025a18e51000 JavaThread "Unconstrained build operations Thread 5" [_thread_blocked, id=13664, stack(0x000000b033300000,0x000000b033400000)]
  0x0000025a18e4e000 JavaThread "Unconstrained build operations Thread 6" [_thread_blocked, id=13200, stack(0x000000b033400000,0x000000b033500000)]
  0x0000025a18e4c800 JavaThread "Unconstrained build operations Thread 7" [_thread_blocked, id=11388, stack(0x000000b033500000,0x000000b033600000)]
  0x0000025a18e53000 JavaThread "Unconstrained build operations Thread 8" [_thread_blocked, id=2740, stack(0x000000b033600000,0x000000b033700000)]
  0x0000025a18e4d000 JavaThread "Unconstrained build operations Thread 9" [_thread_blocked, id=10556, stack(0x000000b033700000,0x000000b033800000)]
  0x0000025a18e4e800 JavaThread "Unconstrained build operations Thread 10" [_thread_blocked, id=9492, stack(0x000000b033800000,0x000000b033900000)]
  0x0000025a18e50800 JavaThread "Unconstrained build operations Thread 11" [_thread_blocked, id=12860, stack(0x000000b033900000,0x000000b033a00000)]
  0x0000025a18e4f800 JavaThread "Unconstrained build operations Thread 12" [_thread_blocked, id=6120, stack(0x000000b033a00000,0x000000b033b00000)]
  0x0000025a15ffc800 JavaThread "Unconstrained build operations Thread 13" [_thread_blocked, id=13516, stack(0x000000b033b00000,0x000000b033c00000)]
  0x0000025a15ff9000 JavaThread "Unconstrained build operations Thread 14" [_thread_blocked, id=10948, stack(0x000000b033c00000,0x000000b033d00000)]
  0x0000025a15ffd800 JavaThread "Unconstrained build operations Thread 15" [_thread_blocked, id=5740, stack(0x000000b033d00000,0x000000b033e00000)]
  0x0000025a15ffa000 JavaThread "Unconstrained build operations Thread 16" [_thread_blocked, id=1736, stack(0x000000b033e00000,0x000000b033f00000)]
  0x0000025a15ffb000 JavaThread "Unconstrained build operations Thread 17" [_thread_blocked, id=2256, stack(0x000000b033f00000,0x000000b034000000)]
  0x0000025a15ff8800 JavaThread "Unconstrained build operations Thread 18" [_thread_blocked, id=2352, stack(0x000000b034000000,0x000000b034100000)]
  0x0000025a15ffb800 JavaThread "Unconstrained build operations Thread 19" [_thread_blocked, id=3404, stack(0x000000b034100000,0x000000b034200000)]
  0x0000025a15ff7800 JavaThread "Unconstrained build operations Thread 20" [_thread_blocked, id=15708, stack(0x000000b034200000,0x000000b034300000)]
  0x0000025a15fff000 JavaThread "Unconstrained build operations Thread 21" [_thread_blocked, id=17344, stack(0x000000b034300000,0x000000b034400000)]
  0x0000025a16000800 JavaThread "Unconstrained build operations Thread 22" [_thread_blocked, id=9388, stack(0x000000b034400000,0x000000b034500000)]
  0x0000025a15fff800 JavaThread "Unconstrained build operations Thread 23" [_thread_blocked, id=16172, stack(0x000000b034500000,0x000000b034600000)]
  0x0000025a16002000 JavaThread "Unconstrained build operations Thread 24" [_thread_blocked, id=8564, stack(0x000000b034600000,0x000000b034700000)]
  0x0000025a16001800 JavaThread "Unconstrained build operations Thread 25" [_thread_blocked, id=11612, stack(0x000000b034700000,0x000000b034800000)]
  0x0000025a15ffe000 JavaThread "Unconstrained build operations Thread 26" [_thread_blocked, id=17208, stack(0x000000b034800000,0x000000b034900000)]
  0x0000025a16004800 JavaThread "Unconstrained build operations Thread 27" [_thread_blocked, id=9448, stack(0x000000b034900000,0x000000b034a00000)]
  0x0000025a16004000 JavaThread "Unconstrained build operations Thread 28" [_thread_blocked, id=14944, stack(0x000000b034a00000,0x000000b034b00000)]
  0x0000025a16005800 JavaThread "Unconstrained build operations Thread 29" [_thread_blocked, id=7496, stack(0x000000b034b00000,0x000000b034c00000)]
  0x0000025a16006800 JavaThread "Unconstrained build operations Thread 30" [_thread_blocked, id=10676, stack(0x000000b034c00000,0x000000b034d00000)]
  0x0000025a16003000 JavaThread "Unconstrained build operations Thread 31" [_thread_blocked, id=5532, stack(0x000000b034d00000,0x000000b034e00000)]
  0x0000025a18b38800 JavaThread "Unconstrained build operations Thread 32" [_thread_blocked, id=8604, stack(0x000000b034e00000,0x000000b034f00000)]
  0x0000025a18b39800 JavaThread "Unconstrained build operations Thread 33" [_thread_blocked, id=2392, stack(0x000000b034f00000,0x000000b035000000)]
  0x0000025a18b3a800 JavaThread "Unconstrained build operations Thread 34" [_thread_blocked, id=15760, stack(0x000000b035000000,0x000000b035100000)]
  0x0000025a18b35800 JavaThread "Unconstrained build operations Thread 35" [_thread_blocked, id=16084, stack(0x000000b035100000,0x000000b035200000)]
  0x0000025a18b34800 JavaThread "Unconstrained build operations Thread 36" [_thread_blocked, id=6464, stack(0x000000b035200000,0x000000b035300000)]
  0x0000025a18b37000 JavaThread "Unconstrained build operations Thread 37" [_thread_blocked, id=2212, stack(0x000000b035300000,0x000000b035400000)]
  0x0000025a18b3b000 JavaThread "Unconstrained build operations Thread 38" [_thread_blocked, id=7324, stack(0x000000b035400000,0x000000b035500000)]
  0x0000025a18b38000 JavaThread "Unconstrained build operations Thread 39" [_thread_blocked, id=12420, stack(0x000000b035500000,0x000000b035600000)]
  0x0000025a18b3c000 JavaThread "Unconstrained build operations Thread 40" [_thread_blocked, id=2408, stack(0x000000b035600000,0x000000b035700000)]
  0x0000025a18b36000 JavaThread "build event listener" [_thread_blocked, id=3796, stack(0x000000b035800000,0x000000b035900000)]
  0x0000025a18b41000 JavaThread "Memory manager" [_thread_blocked, id=16444, stack(0x000000b035900000,0x000000b035a00000)]
  0x0000025a18b3d800 JavaThread "pool-3-thread-1" [_thread_blocked, id=14192, stack(0x000000b035c00000,0x000000b035d00000)]
  0x0000025a18b3f000 JavaThread "build event listener" [_thread_blocked, id=15884, stack(0x000000b035d00000,0x000000b035e00000)]
  0x0000025a18b42800 JavaThread "included builds" [_thread_in_native, id=9044, stack(0x000000b035e00000,0x000000b035f00000)]
  0x0000025a18b3c800 JavaThread "Execution worker" [_thread_blocked, id=16580, stack(0x000000b035f00000,0x000000b036000000)]
  0x0000025a18b43000 JavaThread "Execution worker Thread 2" [_thread_blocked, id=17144, stack(0x000000b036000000,0x000000b036100000)]
  0x0000025a18709800 JavaThread "Execution worker Thread 3" [_thread_blocked, id=12148, stack(0x000000b036100000,0x000000b036200000)]
  0x0000025a1870a000 JavaThread "Cache worker for execution history cache (C:\Users\shahzaib lptp\AndroidStudioProjects\EyeonwaterApp\.gradle\7.5\executionHistory)" [_thread_blocked, id=16936, stack(0x000000b036200000,0x000000b036300000)]
=>0x0000025a162bc800 JavaThread "C2 CompilerThread1" daemon [_thread_in_native, id=16748, stack(0x000000b035700000,0x000000b035800000)]
  0x0000025a18708800 JavaThread "WorkerExecutor Queue" [_thread_blocked, id=11356, stack(0x000000b036300000,0x000000b036400000)]
  0x0000025a18707000 JavaThread "WorkerExecutor Queue Thread 2" [_thread_blocked, id=15192, stack(0x000000b036400000,0x000000b036500000)]
  0x0000025a1870c800 JavaThread "WorkerExecutor Queue Thread 3" [_thread_blocked, id=420, stack(0x000000b036500000,0x000000b036600000)]
  0x0000025a1870b000 JavaThread "WorkerExecutor Queue Thread 4" [_thread_blocked, id=9264, stack(0x000000b036600000,0x000000b036700000)]

Other Threads:
  0x0000025a13d35800 VMThread "VM Thread" [stack: 0x000000b030500000,0x000000b030600000] [id=15864]
  0x0000025a145df800 WatcherThread [stack: 0x000000b031100000,0x000000b031200000] [id=640]
  0x0000025a798a2000 GCTaskThread "GC Thread#0" [stack: 0x000000b030000000,0x000000b030100000] [id=3468]
  0x0000025a152a2000 GCTaskThread "GC Thread#1" [stack: 0x000000b031200000,0x000000b031300000] [id=1644]
  0x0000025a15183800 GCTaskThread "GC Thread#2" [stack: 0x000000b031300000,0x000000b031400000] [id=6132]
  0x0000025a17bcc800 GCTaskThread "GC Thread#3" [stack: 0x000000b031e00000,0x000000b031f00000] [id=15136]
  0x0000025a798dd000 ConcurrentGCThread "G1 Main Marker" [stack: 0x000000b030100000,0x000000b030200000] [id=10872]
  0x0000025a798de800 ConcurrentGCThread "G1 Conc#0" [stack: 0x000000b030200000,0x000000b030300000] [id=9408]
  0x0000025a7996e000 ConcurrentGCThread "G1 Refine#0" [stack: 0x000000b030300000,0x000000b030400000] [id=11984]
  0x0000025a13368800 ConcurrentGCThread "G1 Young RemSet Sampling" [stack: 0x000000b030400000,0x000000b030500000] [id=8708]

Threads with active compile tasks:
C2 CompilerThread0    50053 13666       4       java.util.regex.Pattern::atom (422 bytes)
C2 CompilerThread1    50053 13601       4       java.util.regex.Pattern::compile (500 bytes)

VM state:not at safepoint (normal execution)

VM Mutex/Monitor currently owned by a thread: None

Heap address: 0x0000000080000000, size: 2048 MB, Compressed Oops mode: 32-bit
Narrow klass base: 0x0000000000000000, Narrow klass shift: 3
Compressed class space size: 1073741824 Address: 0x0000000100000000

Heap:
 garbage-first heap   total 273408K, used 144351K [0x0000000080000000, 0x0000000100000000)
  region size 1024K, 28 young (28672K), 4 survivors (4096K)
 Metaspace       used 97202K, capacity 99880K, committed 99968K, reserved 1136640K
  class space    used 12416K, capacity 13435K, committed 13440K, reserved 1048576K
Heap Regions: E=young(eden), S=young(survivor), O=old, HS=humongous(starts), HC=humongous(continues), CS=collection set, F=free, A=archive, TAMS=top-at-mark-start (previous, next)
|   0|0x0000000080000000, 0x0000000080100000, 0x0000000080100000|100%| O|  |TAMS 0x0000000080100000, 0x0000000080000000| Untracked 
|   1|0x0000000080100000, 0x0000000080200000, 0x0000000080200000|100%| O|  |TAMS 0x0000000080200000, 0x0000000080100000| Untracked 
|   2|0x0000000080200000, 0x0000000080300000, 0x0000000080300000|100%| O|  |TAMS 0x0000000080300000, 0x0000000080200000| Untracked 
|   3|0x0000000080300000, 0x0000000080400000, 0x0000000080400000|100%|HS|  |TAMS 0x0000000080400000, 0x0000000080300000| Complete 
|   4|0x0000000080400000, 0x0000000080500000, 0x0000000080500000|100%|HC|  |TAMS 0x0000000080500000, 0x0000000080400000| Complete 
|   5|0x0000000080500000, 0x0000000080600000, 0x0000000080600000|100%|HC|  |TAMS 0x0000000080600000, 0x0000000080500000| Complete 
|   6|0x0000000080600000, 0x0000000080700000, 0x0000000080700000|100%| O|  |TAMS 0x0000000080700000, 0x0000000080600000| Untracked 
|   7|0x0000000080700000, 0x0000000080800000, 0x0000000080800000|100%| O|  |TAMS 0x0000000080800000, 0x0000000080700000| Untracked 
|   8|0x0000000080800000, 0x0000000080900000, 0x0000000080900000|100%| O|  |TAMS 0x0000000080900000, 0x0000000080800000| Untracked 
|   9|0x0000000080900000, 0x0000000080a00000, 0x0000000080a00000|100%| O|  |TAMS 0x0000000080a00000, 0x0000000080900000| Untracked 
|  10|0x0000000080a00000, 0x0000000080b00000, 0x0000000080b00000|100%| O|  |TAMS 0x0000000080b00000, 0x0000000080a00000| Untracked 
|  11|0x0000000080b00000, 0x0000000080c00000, 0x0000000080c00000|100%| O|  |TAMS 0x0000000080c00000, 0x0000000080b00000| Untracked 
|  12|0x0000000080c00000, 0x0000000080d00000, 0x0000000080d00000|100%| O|  |TAMS 0x0000000080d00000, 0x0000000080c00000| Untracked 
|  13|0x0000000080d00000, 0x0000000080e00000, 0x0000000080e00000|100%| O|  |TAMS 0x0000000080e00000, 0x0000000080d00000| Untracked 
|  14|0x0000000080e00000, 0x0000000080f00000, 0x0000000080f00000|100%| O|  |TAMS 0x0000000080f00000, 0x0000000080e00000| Untracked 
|  15|0x0000000080f00000, 0x0000000081000000, 0x0000000081000000|100%| O|  |TAMS 0x0000000081000000, 0x0000000080f00000| Untracked 
|  16|0x0000000081000000, 0x0000000081100000, 0x0000000081100000|100%| O|  |TAMS 0x0000000081100000, 0x0000000081000000| Untracked 
|  17|0x0000000081100000, 0x0000000081200000, 0x0000000081200000|100%| O|  |TAMS 0x0000000081200000, 0x0000000081100000| Untracked 
|  18|0x0000000081200000, 0x0000000081300000, 0x0000000081300000|100%| O|  |TAMS 0x0000000081300000, 0x0000000081200000| Untracked 
|  19|0x0000000081300000, 0x0000000081400000, 0x0000000081400000|100%| O|  |TAMS 0x0000000081400000, 0x0000000081300000| Untracked 
|  20|0x0000000081400000, 0x0000000081500000, 0x0000000081500000|100%|HS|  |TAMS 0x0000000081500000, 0x0000000081400000| Complete 
|  21|0x0000000081500000, 0x0000000081600000, 0x0000000081600000|100%|HS|  |TAMS 0x0000000081600000, 0x0000000081500000| Complete 
|  22|0x0000000081600000, 0x0000000081700000, 0x0000000081700000|100%| O|  |TAMS 0x0000000081700000, 0x0000000081600000| Untracked 
|  23|0x0000000081700000, 0x0000000081800000, 0x0000000081800000|100%| O|  |TAMS 0x0000000081800000, 0x0000000081700000| Untracked 
|  24|0x0000000081800000, 0x0000000081900000, 0x0000000081900000|100%| O|  |TAMS 0x0000000081900000, 0x0000000081800000| Untracked 
|  25|0x0000000081900000, 0x0000000081a00000, 0x0000000081a00000|100%| O|  |TAMS 0x0000000081a00000, 0x0000000081900000| Untracked 
|  26|0x0000000081a00000, 0x0000000081b00000, 0x0000000081b00000|100%| O|  |TAMS 0x0000000081b00000, 0x0000000081a00000| Untracked 
|  27|0x0000000081b00000, 0x0000000081c00000, 0x0000000081c00000|100%| O|  |TAMS 0x0000000081c00000, 0x0000000081b00000| Untracked 
|  28|0x0000000081c00000, 0x0000000081d00000, 0x0000000081d00000|100%| O|  |TAMS 0x0000000081d00000, 0x0000000081c00000| Untracked 
|  29|0x0000000081d00000, 0x0000000081e00000, 0x0000000081e00000|100%| O|  |TAMS 0x0000000081e00000, 0x0000000081d00000| Untracked 
|  30|0x0000000081e00000, 0x0000000081f00000, 0x0000000081f00000|100%| O|  |TAMS 0x0000000081f00000, 0x0000000081e00000| Untracked 
|  31|0x0000000081f00000, 0x0000000082000000, 0x0000000082000000|100%| O|  |TAMS 0x0000000082000000, 0x0000000081f00000| Untracked 
|  32|0x0000000082000000, 0x0000000082100000, 0x0000000082100000|100%| O|  |TAMS 0x0000000082100000, 0x0000000082000000| Untracked 
|  33|0x0000000082100000, 0x0000000082200000, 0x0000000082200000|100%| O|  |TAMS 0x0000000082200000, 0x0000000082100000| Untracked 
|  34|0x0000000082200000, 0x0000000082300000, 0x0000000082300000|100%| O|  |TAMS 0x0000000082300000, 0x0000000082200000| Untracked 
|  35|0x0000000082300000, 0x0000000082400000, 0x0000000082400000|100%| O|  |TAMS 0x0000000082400000, 0x0000000082300000| Untracked 
|  36|0x0000000082400000, 0x0000000082500000, 0x0000000082500000|100%| O|  |TAMS 0x0000000082500000, 0x0000000082400000| Untracked 
|  37|0x0000000082500000, 0x0000000082600000, 0x0000000082600000|100%| O|  |TAMS 0x0000000082600000, 0x0000000082500000| Untracked 
|  38|0x0000000082600000, 0x0000000082700000, 0x0000000082700000|100%| O|  |TAMS 0x0000000082700000, 0x0000000082600000| Untracked 
|  39|0x0000000082700000, 0x0000000082800000, 0x0000000082800000|100%| O|  |TAMS 0x0000000082800000, 0x0000000082700000| Untracked 
|  40|0x0000000082800000, 0x0000000082900000, 0x0000000082900000|100%| O|  |TAMS 0x0000000082900000, 0x0000000082800000| Untracked 
|  41|0x0000000082900000, 0x0000000082a00000, 0x0000000082a00000|100%| O|  |TAMS 0x0000000082a00000, 0x0000000082900000| Untracked 
|  42|0x0000000082a00000, 0x0000000082b00000, 0x0000000082b00000|100%| O|  |TAMS 0x0000000082b00000, 0x0000000082a00000| Untracked 
|  43|0x0000000082b00000, 0x0000000082c00000, 0x0000000082c00000|100%| O|  |TAMS 0x0000000082c00000, 0x0000000082b00000| Untracked 
|  44|0x0000000082c00000, 0x0000000082d00000, 0x0000000082d00000|100%| O|  |TAMS 0x0000000082d00000, 0x0000000082c00000| Untracked 
|  45|0x0000000082d00000, 0x0000000082e00000, 0x0000000082e00000|100%| O|  |TAMS 0x0000000082e00000, 0x0000000082d00000| Untracked 
|  46|0x0000000082e00000, 0x0000000082f00000, 0x0000000082f00000|100%| O|  |TAMS 0x0000000082f00000, 0x0000000082e00000| Untracked 
|  47|0x0000000082f00000, 0x0000000083000000, 0x0000000083000000|100%| O|  |TAMS 0x0000000083000000, 0x0000000082f00000| Untracked 
|  48|0x0000000083000000, 0x0000000083100000, 0x0000000083100000|100%| O|  |TAMS 0x0000000083100000, 0x0000000083000000| Untracked 
|  49|0x0000000083100000, 0x0000000083200000, 0x0000000083200000|100%| O|  |TAMS 0x0000000083200000, 0x0000000083100000| Untracked 
|  50|0x0000000083200000, 0x0000000083300000, 0x0000000083300000|100%| O|  |TAMS 0x0000000083300000, 0x0000000083200000| Untracked 
|  51|0x0000000083300000, 0x0000000083400000, 0x0000000083400000|100%| O|  |TAMS 0x0000000083400000, 0x0000000083300000| Untracked 
|  52|0x0000000083400000, 0x0000000083500000, 0x0000000083500000|100%| O|  |TAMS 0x0000000083500000, 0x0000000083400000| Untracked 
|  53|0x0000000083500000, 0x0000000083600000, 0x0000000083600000|100%| O|  |TAMS 0x0000000083600000, 0x0000000083500000| Untracked 
|  54|0x0000000083600000, 0x0000000083700000, 0x0000000083700000|100%| O|  |TAMS 0x0000000083700000, 0x0000000083600000| Untracked 
|  55|0x0000000083700000, 0x0000000083800000, 0x0000000083800000|100%| O|  |TAMS 0x0000000083800000, 0x0000000083700000| Untracked 
|  56|0x0000000083800000, 0x0000000083900000, 0x0000000083900000|100%| O|  |TAMS 0x0000000083900000, 0x0000000083800000| Untracked 
|  57|0x0000000083900000, 0x0000000083a00000, 0x0000000083a00000|100%| O|  |TAMS 0x0000000083a00000, 0x0000000083900000| Untracked 
|  58|0x0000000083a00000, 0x0000000083b00000, 0x0000000083b00000|100%| O|  |TAMS 0x0000000083b00000, 0x0000000083a00000| Untracked 
|  59|0x0000000083b00000, 0x0000000083c00000, 0x0000000083c00000|100%| O|  |TAMS 0x0000000083c00000, 0x0000000083b00000| Untracked 
|  60|0x0000000083c00000, 0x0000000083d00000, 0x0000000083d00000|100%| O|  |TAMS 0x0000000083d00000, 0x0000000083c00000| Untracked 
|  61|0x0000000083d00000, 0x0000000083e00000, 0x0000000083e00000|100%| O|  |TAMS 0x0000000083e00000, 0x0000000083d00000| Untracked 
|  62|0x0000000083e00000, 0x0000000083f00000, 0x0000000083f00000|100%| O|  |TAMS 0x0000000083f00000, 0x0000000083e00000| Untracked 
|  63|0x0000000083f00000, 0x0000000084000000, 0x0000000084000000|100%| O|  |TAMS 0x0000000084000000, 0x0000000083f00000| Untracked 
|  64|0x0000000084000000, 0x0000000084100000, 0x0000000084100000|100%| O|  |TAMS 0x0000000084100000, 0x0000000084000000| Untracked 
|  65|0x0000000084100000, 0x0000000084200000, 0x0000000084200000|100%| O|  |TAMS 0x0000000084200000, 0x0000000084100000| Untracked 
|  66|0x0000000084200000, 0x0000000084300000, 0x0000000084300000|100%| O|  |TAMS 0x0000000084300000, 0x0000000084200000| Untracked 
|  67|0x0000000084300000, 0x0000000084400000, 0x0000000084400000|100%| O|  |TAMS 0x0000000084400000, 0x0000000084300000| Untracked 
|  68|0x0000000084400000, 0x0000000084500000, 0x0000000084500000|100%| O|  |TAMS 0x0000000084500000, 0x0000000084400000| Untracked 
|  69|0x0000000084500000, 0x0000000084600000, 0x0000000084600000|100%| O|  |TAMS 0x0000000084600000, 0x0000000084500000| Untracked 
|  70|0x0000000084600000, 0x0000000084700000, 0x0000000084700000|100%| O|  |TAMS 0x0000000084700000, 0x0000000084600000| Untracked 
|  71|0x0000000084700000, 0x0000000084800000, 0x0000000084800000|100%| O|  |TAMS 0x0000000084800000, 0x0000000084700000| Untracked 
|  72|0x0000000084800000, 0x0000000084900000, 0x0000000084900000|100%| O|  |TAMS 0x0000000084900000, 0x0000000084800000| Untracked 
|  73|0x0000000084900000, 0x0000000084a00000, 0x0000000084a00000|100%| O|  |TAMS 0x0000000084a00000, 0x0000000084900000| Untracked 
|  74|0x0000000084a00000, 0x0000000084b00000, 0x0000000084b00000|100%| O|  |TAMS 0x0000000084b00000, 0x0000000084a00000| Untracked 
|  75|0x0000000084b00000, 0x0000000084c00000, 0x0000000084c00000|100%| O|  |TAMS 0x0000000084c00000, 0x0000000084b00000| Untracked 
|  76|0x0000000084c00000, 0x0000000084d00000, 0x0000000084d00000|100%| O|  |TAMS 0x0000000084d00000, 0x0000000084c00000| Untracked 
|  77|0x0000000084d00000, 0x0000000084e00000, 0x0000000084e00000|100%| O|  |TAMS 0x0000000084e00000, 0x0000000084d00000| Untracked 
|  78|0x0000000084e00000, 0x0000000084f00000, 0x0000000084f00000|100%| O|  |TAMS 0x0000000084f00000, 0x0000000084e00000| Untracked 
|  79|0x0000000084f00000, 0x0000000085000000, 0x0000000085000000|100%| O|  |TAMS 0x0000000085000000, 0x0000000084f00000| Untracked 
|  80|0x0000000085000000, 0x0000000085100000, 0x0000000085100000|100%| O|  |TAMS 0x0000000085100000, 0x0000000085000000| Untracked 
|  81|0x0000000085100000, 0x0000000085200000, 0x0000000085200000|100%| O|  |TAMS 0x0000000085200000, 0x0000000085100000| Untracked 
|  82|0x0000000085200000, 0x0000000085300000, 0x0000000085300000|100%| O|  |TAMS 0x0000000085300000, 0x0000000085200000| Untracked 
|  83|0x0000000085300000, 0x0000000085400000, 0x0000000085400000|100%| O|  |TAMS 0x0000000085400000, 0x0000000085300000| Untracked 
|  84|0x0000000085400000, 0x0000000085500000, 0x0000000085500000|100%| O|  |TAMS 0x0000000085500000, 0x0000000085400000| Untracked 
|  85|0x0000000085500000, 0x0000000085600000, 0x0000000085600000|100%| O|  |TAMS 0x0000000085600000, 0x0000000085500000| Untracked 
|  86|0x0000000085600000, 0x0000000085700000, 0x0000000085700000|100%| O|  |TAMS 0x0000000085700000, 0x0000000085600000| Untracked 
|  87|0x0000000085700000, 0x0000000085800000, 0x0000000085800000|100%| O|  |TAMS 0x0000000085800000, 0x0000000085700000| Untracked 
|  88|0x0000000085800000, 0x0000000085900000, 0x0000000085900000|100%| O|  |TAMS 0x0000000085900000, 0x0000000085800000| Untracked 
|  89|0x0000000085900000, 0x0000000085a00000, 0x0000000085a00000|100%| O|  |TAMS 0x0000000085a00000, 0x0000000085900000| Untracked 
|  90|0x0000000085a00000, 0x0000000085b00000, 0x0000000085b00000|100%| O|  |TAMS 0x0000000085b00000, 0x0000000085a00000| Untracked 
|  91|0x0000000085b00000, 0x0000000085c00000, 0x0000000085c00000|100%| O|  |TAMS 0x0000000085c00000, 0x0000000085b00000| Untracked 
|  92|0x0000000085c00000, 0x0000000085d00000, 0x0000000085d00000|100%| O|  |TAMS 0x0000000085d00000, 0x0000000085c00000| Untracked 
|  93|0x0000000085d00000, 0x0000000085e00000, 0x0000000085e00000|100%| O|  |TAMS 0x0000000085e00000, 0x0000000085d00000| Untracked 
|  94|0x0000000085e00000, 0x0000000085f00000, 0x0000000085f00000|100%| O|  |TAMS 0x0000000085f00000, 0x0000000085e00000| Untracked 
|  95|0x0000000085f00000, 0x0000000086000000, 0x0000000086000000|100%| O|  |TAMS 0x0000000085f00000, 0x0000000085f00000| Untracked 
|  96|0x0000000086000000, 0x0000000086000000, 0x0000000086100000|  0%| F|  |TAMS 0x0000000086000000, 0x0000000086000000| Untracked 
|  97|0x0000000086100000, 0x0000000086100000, 0x0000000086200000|  0%| F|  |TAMS 0x0000000086100000, 0x0000000086100000| Untracked 
|  98|0x0000000086200000, 0x0000000086300000, 0x0000000086300000|100%| O|  |TAMS 0x0000000086300000, 0x0000000086200000| Untracked 
|  99|0x0000000086300000, 0x0000000086400000, 0x0000000086400000|100%| O|  |TAMS 0x0000000086400000, 0x0000000086300000| Untracked 
| 100|0x0000000086400000, 0x0000000086500000, 0x0000000086500000|100%| O|  |TAMS 0x0000000086500000, 0x0000000086400000| Untracked 
| 101|0x0000000086500000, 0x0000000086600000, 0x0000000086600000|100%| O|  |TAMS 0x0000000086600000, 0x0000000086500000| Untracked 
| 102|0x0000000086600000, 0x0000000086700000, 0x0000000086700000|100%| O|  |TAMS 0x0000000086700000, 0x0000000086600000| Untracked 
| 103|0x0000000086700000, 0x0000000086800000, 0x0000000086800000|100%| O|  |TAMS 0x0000000086800000, 0x0000000086700000| Untracked 
| 104|0x0000000086800000, 0x0000000086900000, 0x0000000086900000|100%| O|  |TAMS 0x0000000086900000, 0x0000000086800000| Untracked 
| 105|0x0000000086900000, 0x0000000086a00000, 0x0000000086a00000|100%| O|  |TAMS 0x0000000086a00000, 0x0000000086900000| Untracked 
| 106|0x0000000086a00000, 0x0000000086b00000, 0x0000000086b00000|100%| O|  |TAMS 0x0000000086b00000, 0x0000000086a00000| Untracked 
| 107|0x0000000086b00000, 0x0000000086c00000, 0x0000000086c00000|100%| O|  |TAMS 0x0000000086c00000, 0x0000000086b00000| Untracked 
| 108|0x0000000086c00000, 0x0000000086d00000, 0x0000000086d00000|100%| O|  |TAMS 0x0000000086d00000, 0x0000000086c00000| Untracked 
| 109|0x0000000086d00000, 0x0000000086e00000, 0x0000000086e00000|100%| O|  |TAMS 0x0000000086e00000, 0x0000000086d00000| Untracked 
| 110|0x0000000086e00000, 0x0000000086f00000, 0x0000000086f00000|100%| O|  |TAMS 0x0000000086efac00, 0x0000000086e00000| Untracked 
| 111|0x0000000086f00000, 0x0000000086f00000, 0x0000000087000000|  0%| F|  |TAMS 0x0000000086f00000, 0x0000000086f00000| Untracked 
| 112|0x0000000087000000, 0x0000000087000000, 0x0000000087100000|  0%| F|  |TAMS 0x0000000087000000, 0x0000000087000000| Untracked 
| 113|0x0000000087100000, 0x0000000087100000, 0x0000000087200000|  0%| F|  |TAMS 0x0000000087100000, 0x0000000087100000| Untracked 
| 114|0x0000000087200000, 0x0000000087200000, 0x0000000087300000|  0%| F|  |TAMS 0x0000000087200000, 0x0000000087200000| Untracked 
| 115|0x0000000087300000, 0x0000000087300000, 0x0000000087400000|  0%| F|  |TAMS 0x0000000087300000, 0x0000000087300000| Untracked 
| 116|0x0000000087400000, 0x0000000087400000, 0x0000000087500000|  0%| F|  |TAMS 0x0000000087400000, 0x0000000087400000| Untracked 
| 117|0x0000000087500000, 0x0000000087500000, 0x0000000087600000|  0%| F|  |TAMS 0x0000000087500000, 0x0000000087500000| Untracked 
| 118|0x0000000087600000, 0x0000000087600000, 0x0000000087700000|  0%| F|  |TAMS 0x0000000087600000, 0x0000000087600000| Untracked 
| 119|0x0000000087700000, 0x0000000087700000, 0x0000000087800000|  0%| F|  |TAMS 0x0000000087700000, 0x0000000087700000| Untracked 
| 120|0x0000000087800000, 0x0000000087800000, 0x0000000087900000|  0%| F|  |TAMS 0x0000000087800000, 0x0000000087800000| Untracked 
| 121|0x0000000087900000, 0x0000000087900000, 0x0000000087a00000|  0%| F|  |TAMS 0x0000000087900000, 0x0000000087900000| Untracked 
| 122|0x0000000087a00000, 0x0000000087a00000, 0x0000000087b00000|  0%| F|  |TAMS 0x0000000087a00000, 0x0000000087a00000| Untracked 
| 123|0x0000000087b00000, 0x0000000087b00000, 0x0000000087c00000|  0%| F|  |TAMS 0x0000000087b00000, 0x0000000087b00000| Untracked 
| 124|0x0000000087c00000, 0x0000000087c00000, 0x0000000087d00000|  0%| F|  |TAMS 0x0000000087c00000, 0x0000000087c00000| Untracked 
| 125|0x0000000087d00000, 0x0000000087d00000, 0x0000000087e00000|  0%| F|  |TAMS 0x0000000087d00000, 0x0000000087d00000| Untracked 
| 126|0x0000000087e00000, 0x0000000087e00000, 0x0000000087f00000|  0%| F|  |TAMS 0x0000000087e00000, 0x0000000087e00000| Untracked 
| 127|0x0000000087f00000, 0x0000000087f00000, 0x0000000088000000|  0%| F|  |TAMS 0x0000000087f00000, 0x0000000087f00000| Untracked 
| 128|0x0000000088000000, 0x0000000088000000, 0x0000000088100000|  0%| F|  |TAMS 0x0000000088000000, 0x0000000088000000| Untracked 
| 129|0x0000000088100000, 0x0000000088100000, 0x0000000088200000|  0%| F|  |TAMS 0x0000000088100000, 0x0000000088100000| Untracked 
| 130|0x0000000088200000, 0x0000000088200000, 0x0000000088300000|  0%| F|  |TAMS 0x0000000088200000, 0x0000000088200000| Untracked 
| 131|0x0000000088300000, 0x0000000088300000, 0x0000000088400000|  0%| F|  |TAMS 0x0000000088300000, 0x0000000088300000| Untracked 
| 132|0x0000000088400000, 0x0000000088400000, 0x0000000088500000|  0%| F|  |TAMS 0x0000000088400000, 0x0000000088400000| Untracked 
| 133|0x0000000088500000, 0x0000000088600000, 0x0000000088600000|100%| O|  |TAMS 0x0000000088500000, 0x0000000088500000| Untracked 
| 134|0x0000000088600000, 0x0000000088700000, 0x0000000088700000|100%| O|  |TAMS 0x0000000088600000, 0x0000000088600000| Untracked 
| 135|0x0000000088700000, 0x0000000088800000, 0x0000000088800000|100%| O|  |TAMS 0x0000000088700000, 0x0000000088700000| Untracked 
| 136|0x0000000088800000, 0x0000000088900000, 0x0000000088900000|100%| O|  |TAMS 0x0000000088800000, 0x0000000088800000| Untracked 
| 137|0x0000000088900000, 0x0000000088a00000, 0x0000000088a00000|100%| O|  |TAMS 0x0000000088900000, 0x0000000088900000| Untracked 
| 138|0x0000000088a00000, 0x0000000088a80000, 0x0000000088b00000| 50%| O|  |TAMS 0x0000000088a00000, 0x0000000088a00000| Untracked 
| 139|0x0000000088b00000, 0x0000000088b00000, 0x0000000088c00000|  0%| F|  |TAMS 0x0000000088b00000, 0x0000000088b00000| Untracked 
| 140|0x0000000088c00000, 0x0000000088c00000, 0x0000000088d00000|  0%| F|  |TAMS 0x0000000088c00000, 0x0000000088c00000| Untracked 
| 141|0x0000000088d00000, 0x0000000088d00000, 0x0000000088e00000|  0%| F|  |TAMS 0x0000000088d00000, 0x0000000088d00000| Untracked 
| 142|0x0000000088e00000, 0x0000000088e00000, 0x0000000088f00000|  0%| F|  |TAMS 0x0000000088e00000, 0x0000000088e00000| Untracked 
| 143|0x0000000088f00000, 0x0000000088f00000, 0x0000000089000000|  0%| F|  |TAMS 0x0000000088f00000, 0x0000000088f00000| Untracked 
| 144|0x0000000089000000, 0x0000000089000000, 0x0000000089100000|  0%| F|  |TAMS 0x0000000089000000, 0x0000000089000000| Untracked 
| 145|0x0000000089100000, 0x0000000089100000, 0x0000000089200000|  0%| F|  |TAMS 0x0000000089100000, 0x0000000089100000| Untracked 
| 146|0x0000000089200000, 0x0000000089200000, 0x0000000089300000|  0%| F|  |TAMS 0x0000000089200000, 0x0000000089200000| Untracked 
| 147|0x0000000089300000, 0x0000000089300000, 0x0000000089400000|  0%| F|  |TAMS 0x0000000089300000, 0x0000000089300000| Untracked 
| 148|0x0000000089400000, 0x0000000089400000, 0x0000000089500000|  0%| F|  |TAMS 0x0000000089400000, 0x0000000089400000| Untracked 
| 149|0x0000000089500000, 0x0000000089500000, 0x0000000089600000|  0%| F|  |TAMS 0x0000000089500000, 0x0000000089500000| Untracked 
| 150|0x0000000089600000, 0x0000000089600000, 0x0000000089700000|  0%| F|  |TAMS 0x0000000089600000, 0x0000000089600000| Untracked 
| 151|0x0000000089700000, 0x0000000089700000, 0x0000000089800000|  0%| F|  |TAMS 0x0000000089700000, 0x0000000089700000| Untracked 
| 152|0x0000000089800000, 0x0000000089800000, 0x0000000089900000|  0%| F|  |TAMS 0x0000000089800000, 0x0000000089800000| Untracked 
| 153|0x0000000089900000, 0x0000000089900000, 0x0000000089a00000|  0%| F|  |TAMS 0x0000000089900000, 0x0000000089900000| Untracked 
| 154|0x0000000089a00000, 0x0000000089a00000, 0x0000000089b00000|  0%| F|  |TAMS 0x0000000089a00000, 0x0000000089a00000| Untracked 
| 155|0x0000000089b00000, 0x0000000089b00000, 0x0000000089c00000|  0%| F|  |TAMS 0x0000000089b00000, 0x0000000089b00000| Untracked 
| 156|0x0000000089c00000, 0x0000000089c00000, 0x0000000089d00000|  0%| F|  |TAMS 0x0000000089c00000, 0x0000000089c00000| Untracked 
| 157|0x0000000089d00000, 0x0000000089d00000, 0x0000000089e00000|  0%| F|  |TAMS 0x0000000089d00000, 0x0000000089d00000| Untracked 
| 158|0x0000000089e00000, 0x0000000089e00000, 0x0000000089f00000|  0%| F|  |TAMS 0x0000000089e00000, 0x0000000089e00000| Untracked 
| 159|0x0000000089f00000, 0x0000000089f00000, 0x000000008a000000|  0%| F|  |TAMS 0x0000000089f00000, 0x0000000089f00000| Untracked 
| 160|0x000000008a000000, 0x000000008a000000, 0x000000008a100000|  0%| F|  |TAMS 0x000000008a000000, 0x000000008a000000| Untracked 
| 161|0x000000008a100000, 0x000000008a100000, 0x000000008a200000|  0%| F|  |TAMS 0x000000008a100000, 0x000000008a100000| Untracked 
| 162|0x000000008a200000, 0x000000008a200000, 0x000000008a300000|  0%| F|  |TAMS 0x000000008a200000, 0x000000008a200000| Untracked 
| 163|0x000000008a300000, 0x000000008a300000, 0x000000008a400000|  0%| F|  |TAMS 0x000000008a300000, 0x000000008a300000| Untracked 
| 164|0x000000008a400000, 0x000000008a400000, 0x000000008a500000|  0%| F|  |TAMS 0x000000008a400000, 0x000000008a400000| Untracked 
| 165|0x000000008a500000, 0x000000008a500000, 0x000000008a600000|  0%| F|  |TAMS 0x000000008a500000, 0x000000008a500000| Untracked 
| 166|0x000000008a600000, 0x000000008a600000, 0x000000008a700000|  0%| F|  |TAMS 0x000000008a600000, 0x000000008a600000| Untracked 
| 167|0x000000008a700000, 0x000000008a700000, 0x000000008a800000|  0%| F|  |TAMS 0x000000008a700000, 0x000000008a700000| Untracked 
| 168|0x000000008a800000, 0x000000008a800000, 0x000000008a900000|  0%| F|  |TAMS 0x000000008a800000, 0x000000008a800000| Untracked 
| 169|0x000000008a900000, 0x000000008a900000, 0x000000008aa00000|  0%| F|  |TAMS 0x000000008a900000, 0x000000008a900000| Untracked 
| 170|0x000000008aa00000, 0x000000008aa00000, 0x000000008ab00000|  0%| F|  |TAMS 0x000000008aa00000, 0x000000008aa00000| Untracked 
| 171|0x000000008ab00000, 0x000000008ab00000, 0x000000008ac00000|  0%| F|  |TAMS 0x000000008ab00000, 0x000000008ab00000| Untracked 
| 172|0x000000008ac00000, 0x000000008ac00000, 0x000000008ad00000|  0%| F|  |TAMS 0x000000008ac00000, 0x000000008ac00000| Untracked 
| 173|0x000000008ad00000, 0x000000008ad00000, 0x000000008ae00000|  0%| F|  |TAMS 0x000000008ad00000, 0x000000008ad00000| Untracked 
| 174|0x000000008ae00000, 0x000000008ae00000, 0x000000008af00000|  0%| F|  |TAMS 0x000000008ae00000, 0x000000008ae00000| Untracked 
| 175|0x000000008af00000, 0x000000008af00000, 0x000000008b000000|  0%| F|  |TAMS 0x000000008af00000, 0x000000008af00000| Untracked 
| 176|0x000000008b000000, 0x000000008b000000, 0x000000008b100000|  0%| F|  |TAMS 0x000000008b000000, 0x000000008b000000| Untracked 
| 177|0x000000008b100000, 0x000000008b100000, 0x000000008b200000|  0%| F|  |TAMS 0x000000008b100000, 0x000000008b100000| Untracked 
| 178|0x000000008b200000, 0x000000008b200000, 0x000000008b300000|  0%| F|  |TAMS 0x000000008b200000, 0x000000008b200000| Untracked 
| 179|0x000000008b300000, 0x000000008b300000, 0x000000008b400000|  0%| F|  |TAMS 0x000000008b300000, 0x000000008b300000| Untracked 
| 180|0x000000008b400000, 0x000000008b400000, 0x000000008b500000|  0%| F|  |TAMS 0x000000008b400000, 0x000000008b400000| Untracked 
| 181|0x000000008b500000, 0x000000008b500000, 0x000000008b600000|  0%| F|  |TAMS 0x000000008b500000, 0x000000008b500000| Untracked 
| 182|0x000000008b600000, 0x000000008b600000, 0x000000008b700000|  0%| F|  |TAMS 0x000000008b600000, 0x000000008b600000| Untracked 
| 183|0x000000008b700000, 0x000000008b700000, 0x000000008b800000|  0%| F|  |TAMS 0x000000008b700000, 0x000000008b700000| Untracked 
| 184|0x000000008b800000, 0x000000008b800000, 0x000000008b900000|  0%| F|  |TAMS 0x000000008b800000, 0x000000008b800000| Untracked 
| 185|0x000000008b900000, 0x000000008b900000, 0x000000008ba00000|  0%| F|  |TAMS 0x000000008b900000, 0x000000008b900000| Untracked 
| 186|0x000000008ba00000, 0x000000008ba00000, 0x000000008bb00000|  0%| F|  |TAMS 0x000000008ba00000, 0x000000008ba00000| Untracked 
| 187|0x000000008bb00000, 0x000000008bb00000, 0x000000008bc00000|  0%| F|  |TAMS 0x000000008bb00000, 0x000000008bb00000| Untracked 
| 188|0x000000008bc00000, 0x000000008bc00000, 0x000000008bd00000|  0%| F|  |TAMS 0x000000008bc00000, 0x000000008bc00000| Untracked 
| 189|0x000000008bd00000, 0x000000008bd00000, 0x000000008be00000|  0%| F|  |TAMS 0x000000008bd00000, 0x000000008bd00000| Untracked 
| 190|0x000000008be00000, 0x000000008be00000, 0x000000008bf00000|  0%| F|  |TAMS 0x000000008be00000, 0x000000008be00000| Untracked 
| 191|0x000000008bf00000, 0x000000008bf00000, 0x000000008c000000|  0%| F|  |TAMS 0x000000008bf00000, 0x000000008bf00000| Untracked 
| 192|0x000000008c000000, 0x000000008c000000, 0x000000008c100000|  0%| F|  |TAMS 0x000000008c000000, 0x000000008c000000| Untracked 
| 193|0x000000008c100000, 0x000000008c100000, 0x000000008c200000|  0%| F|  |TAMS 0x000000008c100000, 0x000000008c100000| Untracked 
| 194|0x000000008c200000, 0x000000008c200000, 0x000000008c300000|  0%| F|  |TAMS 0x000000008c200000, 0x000000008c200000| Untracked 
| 195|0x000000008c300000, 0x000000008c300000, 0x000000008c400000|  0%| F|  |TAMS 0x000000008c300000, 0x000000008c300000| Untracked 
| 196|0x000000008c400000, 0x000000008c400000, 0x000000008c500000|  0%| F|  |TAMS 0x000000008c400000, 0x000000008c400000| Untracked 
| 197|0x000000008c500000, 0x000000008c500000, 0x000000008c600000|  0%| F|  |TAMS 0x000000008c500000, 0x000000008c500000| Untracked 
| 198|0x000000008c600000, 0x000000008c600000, 0x000000008c700000|  0%| F|  |TAMS 0x000000008c600000, 0x000000008c600000| Untracked 
| 199|0x000000008c700000, 0x000000008c777e60, 0x000000008c800000| 46%| S|CS|TAMS 0x000000008c700000, 0x000000008c700000| Complete 
| 200|0x000000008c800000, 0x000000008c900000, 0x000000008c900000|100%| S|CS|TAMS 0x000000008c800000, 0x000000008c800000| Complete 
| 201|0x000000008c900000, 0x000000008ca00000, 0x000000008ca00000|100%| S|CS|TAMS 0x000000008c900000, 0x000000008c900000| Complete 
| 202|0x000000008ca00000, 0x000000008cb00000, 0x000000008cb00000|100%| S|CS|TAMS 0x000000008ca00000, 0x000000008ca00000| Complete 
| 203|0x000000008cb00000, 0x000000008cb00000, 0x000000008cc00000|  0%| F|  |TAMS 0x000000008cb00000, 0x000000008cb00000| Untracked 
| 204|0x000000008cc00000, 0x000000008cc00000, 0x000000008cd00000|  0%| F|  |TAMS 0x000000008cc00000, 0x000000008cc00000| Untracked 
| 205|0x000000008cd00000, 0x000000008cd00000, 0x000000008ce00000|  0%| F|  |TAMS 0x000000008cd00000, 0x000000008cd00000| Untracked 
| 206|0x000000008ce00000, 0x000000008ce00000, 0x000000008cf00000|  0%| F|  |TAMS 0x000000008ce00000, 0x000000008ce00000| Untracked 
| 207|0x000000008cf00000, 0x000000008cf00000, 0x000000008d000000|  0%| F|  |TAMS 0x000000008cf00000, 0x000000008cf00000| Untracked 
| 208|0x000000008d000000, 0x000000008d000000, 0x000000008d100000|  0%| F|  |TAMS 0x000000008d000000, 0x000000008d000000| Untracked 
| 209|0x000000008d100000, 0x000000008d100000, 0x000000008d200000|  0%| F|  |TAMS 0x000000008d100000, 0x000000008d100000| Untracked 
| 210|0x000000008d200000, 0x000000008d200000, 0x000000008d300000|  0%| F|  |TAMS 0x000000008d200000, 0x000000008d200000| Untracked 
| 211|0x000000008d300000, 0x000000008d300000, 0x000000008d400000|  0%| F|  |TAMS 0x000000008d300000, 0x000000008d300000| Untracked 
| 212|0x000000008d400000, 0x000000008d400000, 0x000000008d500000|  0%| F|  |TAMS 0x000000008d400000, 0x000000008d400000| Untracked 
| 213|0x000000008d500000, 0x000000008d500000, 0x000000008d600000|  0%| F|  |TAMS 0x000000008d500000, 0x000000008d500000| Untracked 
| 214|0x000000008d600000, 0x000000008d600000, 0x000000008d700000|  0%| F|  |TAMS 0x000000008d600000, 0x000000008d600000| Untracked 
| 215|0x000000008d700000, 0x000000008d700000, 0x000000008d800000|  0%| F|  |TAMS 0x000000008d700000, 0x000000008d700000| Untracked 
| 216|0x000000008d800000, 0x000000008d800000, 0x000000008d900000|  0%| F|  |TAMS 0x000000008d800000, 0x000000008d800000| Untracked 
| 217|0x000000008d900000, 0x000000008d900000, 0x000000008da00000|  0%| F|  |TAMS 0x000000008d900000, 0x000000008d900000| Untracked 
| 218|0x000000008da00000, 0x000000008da00000, 0x000000008db00000|  0%| F|  |TAMS 0x000000008da00000, 0x000000008da00000| Untracked 
| 219|0x000000008db00000, 0x000000008db00000, 0x000000008dc00000|  0%| F|  |TAMS 0x000000008db00000, 0x000000008db00000| Untracked 
| 220|0x000000008dc00000, 0x000000008dc00000, 0x000000008dd00000|  0%| F|  |TAMS 0x000000008dc00000, 0x000000008dc00000| Untracked 
| 221|0x000000008dd00000, 0x000000008dd00000, 0x000000008de00000|  0%| F|  |TAMS 0x000000008dd00000, 0x000000008dd00000| Untracked 
| 222|0x000000008de00000, 0x000000008de00000, 0x000000008df00000|  0%| F|  |TAMS 0x000000008de00000, 0x000000008de00000| Untracked 
| 223|0x000000008df00000, 0x000000008df00000, 0x000000008e000000|  0%| F|  |TAMS 0x000000008df00000, 0x000000008df00000| Untracked 
| 224|0x000000008e000000, 0x000000008e000000, 0x000000008e100000|  0%| F|  |TAMS 0x000000008e000000, 0x000000008e000000| Untracked 
| 225|0x000000008e100000, 0x000000008e100000, 0x000000008e200000|  0%| F|  |TAMS 0x000000008e100000, 0x000000008e100000| Untracked 
| 226|0x000000008e200000, 0x000000008e200000, 0x000000008e300000|  0%| F|  |TAMS 0x000000008e200000, 0x000000008e200000| Untracked 
| 227|0x000000008e300000, 0x000000008e300000, 0x000000008e400000|  0%| F|  |TAMS 0x000000008e300000, 0x000000008e300000| Untracked 
| 228|0x000000008e400000, 0x000000008e400000, 0x000000008e500000|  0%| F|  |TAMS 0x000000008e400000, 0x000000008e400000| Untracked 
| 229|0x000000008e500000, 0x000000008e500000, 0x000000008e600000|  0%| F|  |TAMS 0x000000008e500000, 0x000000008e500000| Untracked 
| 230|0x000000008e600000, 0x000000008e600000, 0x000000008e700000|  0%| F|  |TAMS 0x000000008e600000, 0x000000008e600000| Untracked 
| 231|0x000000008e700000, 0x000000008e700000, 0x000000008e800000|  0%| F|  |TAMS 0x000000008e700000, 0x000000008e700000| Untracked 
| 232|0x000000008e800000, 0x000000008e800000, 0x000000008e900000|  0%| F|  |TAMS 0x000000008e800000, 0x000000008e800000| Untracked 
| 233|0x000000008e900000, 0x000000008e900000, 0x000000008ea00000|  0%| F|  |TAMS 0x000000008e900000, 0x000000008e900000| Untracked 
| 234|0x000000008ea00000, 0x000000008ea00000, 0x000000008eb00000|  0%| F|  |TAMS 0x000000008ea00000, 0x000000008ea00000| Untracked 
| 235|0x000000008eb00000, 0x000000008eb00000, 0x000000008ec00000|  0%| F|  |TAMS 0x000000008eb00000, 0x000000008eb00000| Untracked 
| 236|0x000000008ec00000, 0x000000008ec00000, 0x000000008ed00000|  0%| F|  |TAMS 0x000000008ec00000, 0x000000008ec00000| Untracked 
| 237|0x000000008ed00000, 0x000000008ed00000, 0x000000008ee00000|  0%| F|  |TAMS 0x000000008ed00000, 0x000000008ed00000| Untracked 
| 238|0x000000008ee00000, 0x000000008ee00000, 0x000000008ef00000|  0%| F|  |TAMS 0x000000008ee00000, 0x000000008ee00000| Untracked 
| 239|0x000000008ef00000, 0x000000008ef00000, 0x000000008f000000|  0%| F|  |TAMS 0x000000008ef00000, 0x000000008ef00000| Untracked 
| 240|0x000000008f000000, 0x000000008f000000, 0x000000008f100000|  0%| F|  |TAMS 0x000000008f000000, 0x000000008f000000| Untracked 
| 241|0x000000008f100000, 0x000000008f100000, 0x000000008f200000|  0%| F|  |TAMS 0x000000008f100000, 0x000000008f100000| Untracked 
| 242|0x000000008f200000, 0x000000008f200000, 0x000000008f300000|  0%| F|  |TAMS 0x000000008f200000, 0x000000008f200000| Untracked 
| 243|0x000000008f300000, 0x000000008f400000, 0x000000008f400000|100%| E|  |TAMS 0x000000008f300000, 0x000000008f300000| Complete 
| 244|0x000000008f400000, 0x000000008f500000, 0x000000008f500000|100%| E|CS|TAMS 0x000000008f400000, 0x000000008f400000| Complete 
| 245|0x000000008f500000, 0x000000008f600000, 0x000000008f600000|100%| E|CS|TAMS 0x000000008f500000, 0x000000008f500000| Complete 
| 246|0x000000008f600000, 0x000000008f700000, 0x000000008f700000|100%| E|CS|TAMS 0x000000008f600000, 0x000000008f600000| Complete 
| 247|0x000000008f700000, 0x000000008f800000, 0x000000008f800000|100%| E|CS|TAMS 0x000000008f700000, 0x000000008f700000| Complete 
| 248|0x000000008f800000, 0x000000008f900000, 0x000000008f900000|100%| E|CS|TAMS 0x000000008f800000, 0x000000008f800000| Complete 
| 249|0x000000008f900000, 0x000000008fa00000, 0x000000008fa00000|100%| E|CS|TAMS 0x000000008f900000, 0x000000008f900000| Complete 
| 250|0x000000008fa00000, 0x000000008fb00000, 0x000000008fb00000|100%| E|CS|TAMS 0x000000008fa00000, 0x000000008fa00000| Complete 
| 251|0x000000008fb00000, 0x000000008fc00000, 0x000000008fc00000|100%| E|CS|TAMS 0x000000008fb00000, 0x000000008fb00000| Complete 
| 252|0x000000008fc00000, 0x000000008fd00000, 0x000000008fd00000|100%| E|CS|TAMS 0x000000008fc00000, 0x000000008fc00000| Complete 
| 253|0x000000008fd00000, 0x000000008fe00000, 0x000000008fe00000|100%| E|CS|TAMS 0x000000008fd00000, 0x000000008fd00000| Complete 
| 254|0x000000008fe00000, 0x000000008ff00000, 0x000000008ff00000|100%| E|CS|TAMS 0x000000008fe00000, 0x000000008fe00000| Complete 
| 255|0x000000008ff00000, 0x0000000090000000, 0x0000000090000000|100%| E|CS|TAMS 0x000000008ff00000, 0x000000008ff00000| Complete 
| 256|0x0000000090000000, 0x0000000090100000, 0x0000000090100000|100%| E|CS|TAMS 0x0000000090000000, 0x0000000090000000| Complete 
| 257|0x0000000090100000, 0x0000000090200000, 0x0000000090200000|100%| E|CS|TAMS 0x0000000090100000, 0x0000000090100000| Complete 
| 258|0x0000000090200000, 0x0000000090300000, 0x0000000090300000|100%| E|CS|TAMS 0x0000000090200000, 0x0000000090200000| Complete 
| 259|0x0000000090300000, 0x0000000090400000, 0x0000000090400000|100%| E|CS|TAMS 0x0000000090300000, 0x0000000090300000| Complete 
| 260|0x0000000090400000, 0x0000000090500000, 0x0000000090500000|100%| E|CS|TAMS 0x0000000090400000, 0x0000000090400000| Complete 
| 261|0x0000000090500000, 0x0000000090600000, 0x0000000090600000|100%| E|CS|TAMS 0x0000000090500000, 0x0000000090500000| Complete 
| 262|0x0000000090600000, 0x0000000090700000, 0x0000000090700000|100%| E|CS|TAMS 0x0000000090600000, 0x0000000090600000| Complete 
| 263|0x0000000090700000, 0x0000000090800000, 0x0000000090800000|100%| E|CS|TAMS 0x0000000090700000, 0x0000000090700000| Complete 
| 264|0x0000000090800000, 0x0000000090900000, 0x0000000090900000|100%| E|CS|TAMS 0x0000000090800000, 0x0000000090800000| Complete 
| 265|0x0000000090900000, 0x0000000090a00000, 0x0000000090a00000|100%| E|CS|TAMS 0x0000000090900000, 0x0000000090900000| Complete 
| 266|0x0000000090a00000, 0x0000000090b00000, 0x0000000090b00000|100%| E|CS|TAMS 0x0000000090a00000, 0x0000000090a00000| Complete 

Card table byte_map: [0x0000025a7d7c0000,0x0000025a7dbc0000] _byte_map_base: 0x0000025a7d3c0000

Marking Bits (Prev, Next): (CMBitMap*) 0x0000025a798d4508, (CMBitMap*) 0x0000025a798d4540
 Prev Bits: [0x0000025a7dfc0000, 0x0000025a7ffc0000)
 Next Bits: [0x0000025a0f000000, 0x0000025a11000000)

Polling page: 0x0000025a79070000

Metaspace:

Usage:
  Non-class:     84.42 MB capacity,    82.81 MB ( 98%) used,     1.30 MB (  2%) free+waste,   318.38 KB ( <1%) overhead. 
      Class:     13.12 MB capacity,    12.13 MB ( 92%) used,   875.12 KB (  7%) free+waste,   142.94 KB (  1%) overhead. 
       Both:     97.54 MB capacity,    94.93 MB ( 97%) used,     2.16 MB (  2%) free+waste,   461.31 KB ( <1%) overhead. 

Virtual space:
  Non-class space:       86.00 MB reserved,      84.50 MB ( 98%) committed 
      Class space:        1.00 GB reserved,      13.12 MB (  1%) committed 
             Both:        1.08 GB reserved,      97.62 MB (  9%) committed 

Chunk freelists:
   Non-Class:  19.00 KB
       Class:  5.00 KB
        Both:  24.00 KB

MaxMetaspaceSize: 17179869184.00 GB
CompressedClassSpaceSize: 1.00 GB
Initial GC threshold: 20.80 MB
Current GC threshold: 157.09 MB
CDS: off

CodeHeap 'non-profiled nmethods': size=120064Kb used=10072Kb max_used=10072Kb free=109992Kb
 bounds [0x0000025a07ac0000, 0x0000025a084a0000, 0x0000025a0f000000]
CodeHeap 'profiled nmethods': size=120000Kb used=30758Kb max_used=30758Kb free=89241Kb
 bounds [0x0000025a00590000, 0x0000025a023a0000, 0x0000025a07ac0000]
CodeHeap 'non-nmethods': size=5696Kb used=2400Kb max_used=2445Kb free=3295Kb
 bounds [0x0000025a00000000, 0x0000025a00270000, 0x0000025a00590000]
 total_blobs=14440 nmethods=13507 adapters=845
 compilation: enabled
              stopped_count=0, restarted_count=0
 full_count=0

Compilation events (20 events):
Event: 49.970 Thread 0x0000025a13d99800 nmethod 13707 0x0000025a02378610 code [0x0000025a023787c0, 0x0000025a023789a8]
Event: 49.970 Thread 0x0000025a13d99800 13708       2       org.apache.xerces.parsers.ObjectFactory::findClassLoader (89 bytes)
Event: 49.972 Thread 0x0000025a13d99800 nmethod 13708 0x0000025a02378a90 code [0x0000025a02378d00, 0x0000025a02379608]
Event: 49.972 Thread 0x0000025a13d99800 13709       2       org.apache.xerces.impl.XMLEntityManager$ByteBufferPool::<init> (7 bytes)
Event: 49.973 Thread 0x0000025a13d99800 nmethod 13709 0x0000025a02379b10 code [0x0000025a02379cc0, 0x0000025a02379eb8]
Event: 49.973 Thread 0x0000025a13d99800 13705       3       com.google.common.collect.ImmutableList::construct (8 bytes)
Event: 49.973 Thread 0x0000025a13d99800 nmethod 13705 0x0000025a02379f90 code [0x0000025a0237a180, 0x0000025a0237a4b8]
Event: 49.973 Thread 0x0000025a13d99800 13710       1       org.apache.xerces.impl.XMLErrorReporter::setLocale (6 bytes)
Event: 49.973 Thread 0x0000025a13d99800 nmethod 13710 0x0000025a08491990 code [0x0000025a08491b40, 0x0000025a08491c38]
Event: 49.973 Thread 0x0000025a13d99800 13711       1       org.apache.xerces.parsers.XML11Configuration::setDTDHandler (6 bytes)
Event: 49.974 Thread 0x0000025a13d99800 nmethod 13711 0x0000025a08491c90 code [0x0000025a08491e40, 0x0000025a08491f38]
Event: 49.974 Thread 0x0000025a13d99800 13712       1       org.apache.xerces.parsers.XML11Configuration::setDTDContentModelHandler (6 bytes)
Event: 49.974 Thread 0x0000025a13d99800 nmethod 13712 0x0000025a08491f90 code [0x0000025a08492140, 0x0000025a08492238]
Event: 49.975 Thread 0x0000025a13d99800 13713       2       java.util.Formatter$FormatSpecifier::printString (108 bytes)
Event: 49.977 Thread 0x0000025a13d99800 nmethod 13713 0x0000025a0237a690 code [0x0000025a0237a900, 0x0000025a0237b028]
Event: 49.977 Thread 0x0000025a13d99800 13714       2       java.util.Formatter$FormatSpecifier::print (63 bytes)
Event: 49.978 Thread 0x0000025a13d99800 nmethod 13714 0x0000025a0237b490 code [0x0000025a0237b6a0, 0x0000025a0237ba38]
Event: 49.982 Thread 0x0000025a13d99800 13717       3       com.android.utils.PositionXmlParser$DomBuilder::getCurrentPosition (262 bytes)
Event: 49.984 Thread 0x0000025a13d99800 nmethod 13717 0x0000025a0237bd10 code [0x0000025a0237c080, 0x0000025a0237d818]
Event: 49.984 Thread 0x0000025a13d99800 13720 %     3       com.android.utils.PositionXmlParser::getPositionHelper @ 215 (894 bytes)

GC Heap History (20 events):
Event: 37.433 GC heap before
{Heap before GC invocations=30 (full 0):
 garbage-first heap   total 157696K, used 125613K [0x0000000080000000, 0x0000000100000000)
  region size 1024K, 69 young (70656K), 8 survivors (8192K)
 Metaspace       used 79199K, capacity 81268K, committed 81536K, reserved 1120256K
  class space    used 10335K, capacity 11090K, committed 11136K, reserved 1048576K
}
Event: 37.448 GC heap after
{Heap after GC invocations=31 (full 0):
 garbage-first heap   total 189440K, used 64487K [0x0000000080000000, 0x0000000100000000)
  region size 1024K, 5 young (5120K), 5 survivors (5120K)
 Metaspace       used 79199K, capacity 81268K, committed 81536K, reserved 1120256K
  class space    used 10335K, capacity 11090K, committed 11136K, reserved 1048576K
}
Event: 38.478 GC heap before
{Heap before GC invocations=31 (full 0):
 garbage-first heap   total 189440K, used 142311K [0x0000000080000000, 0x0000000100000000)
  region size 1024K, 81 young (82944K), 5 survivors (5120K)
 Metaspace       used 82497K, capacity 84606K, committed 84864K, reserved 1122304K
  class space    used 10719K, capacity 11535K, committed 11648K, reserved 1048576K
}
Event: 38.491 GC heap after
{Heap after GC invocations=32 (full 0):
 garbage-first heap   total 189440K, used 67457K [0x0000000080000000, 0x0000000100000000)
  region size 1024K, 8 young (8192K), 8 survivors (8192K)
 Metaspace       used 82497K, capacity 84606K, committed 84864K, reserved 1122304K
  class space    used 10719K, capacity 11535K, committed 11648K, reserved 1048576K
}
Event: 39.540 GC heap before
{Heap before GC invocations=32 (full 0):
 garbage-first heap   total 189440K, used 147329K [0x0000000080000000, 0x0000000100000000)
  region size 1024K, 86 young (88064K), 8 survivors (8192K)
 Metaspace       used 83626K, capacity 85771K, committed 85888K, reserved 1124352K
  class space    used 10833K, capacity 11623K, committed 11648K, reserved 1048576K
}
Event: 39.567 GC heap after
{Heap after GC invocations=33 (full 0):
 garbage-first heap   total 189440K, used 76476K [0x0000000080000000, 0x0000000100000000)
  region size 1024K, 11 young (11264K), 11 survivors (11264K)
 Metaspace       used 83626K, capacity 85771K, committed 85888K, reserved 1124352K
  class space    used 10833K, capacity 11623K, committed 11648K, reserved 1048576K
}
Event: 41.083 GC heap before
{Heap before GC invocations=33 (full 0):
 garbage-first heap   total 189440K, used 147132K [0x0000000080000000, 0x0000000100000000)
  region size 1024K, 81 young (82944K), 11 survivors (11264K)
 Metaspace       used 86870K, capacity 89350K, committed 89600K, reserved 1126400K
  class space    used 11247K, capacity 12169K, committed 12288K, reserved 1048576K
}
Event: 41.114 GC heap after
{Heap after GC invocations=34 (full 0):
 garbage-first heap   total 189440K, used 82821K [0x0000000080000000, 0x0000000100000000)
  region size 1024K, 7 young (7168K), 7 survivors (7168K)
 Metaspace       used 86870K, capacity 89350K, committed 89600K, reserved 1126400K
  class space    used 11247K, capacity 12169K, committed 12288K, reserved 1048576K
}
Event: 43.034 GC heap before
{Heap before GC invocations=34 (full 0):
 garbage-first heap   total 189440K, used 150405K [0x0000000080000000, 0x0000000100000000)
  region size 1024K, 74 young (75776K), 7 survivors (7168K)
 Metaspace       used 87783K, capacity 90278K, committed 90368K, reserved 1128448K
  class space    used 11325K, capacity 12270K, committed 12288K, reserved 1048576K
}
Event: 43.053 GC heap after
{Heap after GC invocations=35 (full 0):
 garbage-first heap   total 227328K, used 86539K [0x0000000080000000, 0x0000000100000000)
  region size 1024K, 5 young (5120K), 5 survivors (5120K)
 Metaspace       used 87783K, capacity 90278K, committed 90368K, reserved 1128448K
  class space    used 11325K, capacity 12270K, committed 12288K, reserved 1048576K
}
Event: 44.902 GC heap before
{Heap before GC invocations=35 (full 0):
 garbage-first heap   total 227328K, used 175627K [0x0000000080000000, 0x0000000100000000)
  region size 1024K, 90 young (92160K), 5 survivors (5120K)
 Metaspace       used 90680K, capacity 93270K, committed 93312K, reserved 1130496K
  class space    used 11687K, capacity 12661K, committed 12672K, reserved 1048576K
}
Event: 44.926 GC heap after
{Heap after GC invocations=36 (full 0):
 garbage-first heap   total 227328K, used 96832K [0x0000000080000000, 0x0000000100000000)
  region size 1024K, 12 young (12288K), 12 survivors (12288K)
 Metaspace       used 90680K, capacity 93270K, committed 93312K, reserved 1130496K
  class space    used 11687K, capacity 12661K, committed 12672K, reserved 1048576K
}
Event: 46.477 GC heap before
{Heap before GC invocations=36 (full 0):
 garbage-first heap   total 227328K, used 175680K [0x0000000080000000, 0x0000000100000000)
  region size 1024K, 89 young (91136K), 12 survivors (12288K)
 Metaspace       used 93669K, capacity 96298K, committed 96512K, reserved 1132544K
  class space    used 12052K, capacity 13053K, committed 13056K, reserved 1048576K
}
Event: 46.508 GC heap after
{Heap after GC invocations=37 (full 0):
 garbage-first heap   total 227328K, used 109463K [0x0000000080000000, 0x0000000100000000)
  region size 1024K, 12 young (12288K), 12 survivors (12288K)
 Metaspace       used 93669K, capacity 96298K, committed 96512K, reserved 1132544K
  class space    used 12052K, capacity 13053K, committed 13056K, reserved 1048576K
}
Event: 46.697 GC heap before
{Heap before GC invocations=37 (full 0):
 garbage-first heap   total 227328K, used 119703K [0x0000000080000000, 0x0000000100000000)
  region size 1024K, 20 young (20480K), 12 survivors (12288K)
 Metaspace       used 93686K, capacity 96298K, committed 96512K, reserved 1132544K
  class space    used 12053K, capacity 13053K, committed 13056K, reserved 1048576K
}
Event: 46.722 GC heap after
{Heap after GC invocations=38 (full 0):
 garbage-first heap   total 227328K, used 119275K [0x0000000080000000, 0x0000000100000000)
  region size 1024K, 7 young (7168K), 7 survivors (7168K)
 Metaspace       used 93686K, capacity 96298K, committed 96512K, reserved 1132544K
  class space    used 12053K, capacity 13053K, committed 13056K, reserved 1048576K
}
Event: 47.761 GC heap before
{Heap before GC invocations=39 (full 0):
 garbage-first heap   total 227328K, used 181739K [0x0000000080000000, 0x0000000100000000)
  region size 1024K, 47 young (48128K), 7 survivors (7168K)
 Metaspace       used 95513K, capacity 98144K, committed 98304K, reserved 1134592K
  class space    used 12252K, capacity 13239K, committed 13312K, reserved 1048576K
}
Event: 47.784 GC heap after
{Heap after GC invocations=40 (full 0):
 garbage-first heap   total 273408K, used 119296K [0x0000000080000000, 0x0000000100000000)
  region size 1024K, 2 young (2048K), 2 survivors (2048K)
 Metaspace       used 95513K, capacity 98144K, committed 98304K, reserved 1134592K
  class space    used 12252K, capacity 13239K, committed 13312K, reserved 1048576K
}
Event: 49.464 GC heap before
{Heap before GC invocations=40 (full 0):
 garbage-first heap   total 273408K, used 184832K [0x0000000080000000, 0x0000000100000000)
  region size 1024K, 66 young (67584K), 2 survivors (2048K)
 Metaspace       used 96520K, capacity 99252K, committed 99456K, reserved 1134592K
  class space    used 12349K, capacity 13397K, committed 13440K, reserved 1048576K
}
Event: 49.472 GC heap after
{Heap after GC invocations=41 (full 0):
 garbage-first heap   total 273408K, used 120799K [0x0000000080000000, 0x0000000100000000)
  region size 1024K, 4 young (4096K), 4 survivors (4096K)
 Metaspace       used 96520K, capacity 99252K, committed 99456K, reserved 1134592K
  class space    used 12349K, capacity 13397K, committed 13440K, reserved 1048576K
}

Deoptimization events (20 events):
Event: 49.820 Thread 0x0000025a18b42800 Uncommon trap: trap_request=0xffffffbe fr.pc=0x0000025a08480010 relative=0x00000000000002d0
Event: 49.820 Thread 0x0000025a18b42800 Uncommon trap: reason=profile_predicate action=maybe_recompile pc=0x0000025a08480010 method=java.util.regex.Pattern$Slice.match(Ljava/util/regex/Matcher;ILjava/lang/CharSequence;)Z @ 18 c2
Event: 49.820 Thread 0x0000025a18b42800 DEOPT PACKING pc=0x0000025a08480010 sp=0x000000b035ef94b0
Event: 49.820 Thread 0x0000025a18b42800 DEOPT UNPACKING pc=0x0000025a0004a1af sp=0x000000b035ef9420 mode 2
Event: 49.821 Thread 0x0000025a18b42800 Uncommon trap: trap_request=0xffffffbe fr.pc=0x0000025a08480010 relative=0x00000000000002d0
Event: 49.821 Thread 0x0000025a18b42800 Uncommon trap: reason=profile_predicate action=maybe_recompile pc=0x0000025a08480010 method=java.util.regex.Pattern$Slice.match(Ljava/util/regex/Matcher;ILjava/lang/CharSequence;)Z @ 18 c2
Event: 49.821 Thread 0x0000025a18b42800 DEOPT PACKING pc=0x0000025a08480010 sp=0x000000b035ef94b0
Event: 49.821 Thread 0x0000025a18b42800 DEOPT UNPACKING pc=0x0000025a0004a1af sp=0x000000b035ef9420 mode 2
Event: 49.840 Thread 0x0000025a18b42800 Uncommon trap: trap_request=0xffffff4d fr.pc=0x0000025a0835c174 relative=0x0000000000000214
Event: 49.840 Thread 0x0000025a18b42800 Uncommon trap: reason=unstable_if action=reinterpret pc=0x0000025a0835c174 method=java.util.regex.Matcher.match(II)Z @ 30 c2
Event: 49.840 Thread 0x0000025a18b42800 DEOPT PACKING pc=0x0000025a0835c174 sp=0x000000b035ef94f0
Event: 49.840 Thread 0x0000025a18b42800 DEOPT UNPACKING pc=0x0000025a0004a1af sp=0x000000b035ef9478 mode 2
Event: 49.920 Thread 0x0000025a18b42800 DEOPT PACKING pc=0x0000025a0231df98 sp=0x000000b035ef8ee0
Event: 49.920 Thread 0x0000025a18b42800 DEOPT UNPACKING pc=0x0000025a0004a95e sp=0x000000b035ef8420 mode 0
Event: 49.982 Thread 0x0000025a18b42800 DEOPT PACKING pc=0x0000025a02317754 sp=0x000000b035ef8ef0
Event: 49.982 Thread 0x0000025a18b42800 DEOPT UNPACKING pc=0x0000025a0004a95e sp=0x000000b035ef8430 mode 0
Event: 49.983 Thread 0x0000025a18b42800 Uncommon trap: trap_request=0xffffffbe fr.pc=0x0000025a08453034 relative=0x00000000000004f4
Event: 49.983 Thread 0x0000025a18b42800 Uncommon trap: reason=profile_predicate action=maybe_recompile pc=0x0000025a08453034 method=com.google.common.base.CharMatcher.indexIn(Ljava/lang/CharSequence;I)I @ 19 c2
Event: 49.983 Thread 0x0000025a18b42800 DEOPT PACKING pc=0x0000025a08453034 sp=0x000000b035ef92b0
Event: 49.983 Thread 0x0000025a18b42800 DEOPT UNPACKING pc=0x0000025a0004a1af sp=0x000000b035ef9248 mode 2

Classes redefined (0 events):
No events

Internal exceptions (20 events):
Event: 40.411 Thread 0x0000025a18b42800 Exception <a 'java/lang/NoSuchMethodError'{0x00000000882fe348}: 'int java.lang.invoke.DirectMethodHandle$Holder.invokeSpecial(java.lang.Object, java.lang.Object, java.lang.Object, java.lang.Object, java.lang.Object)'> (0x00000000882fe348) thrown at [src/hotspot/share/interpreter/linkResolver.cpp, line 773]
Event: 41.275 Thread 0x0000025a18b42800 Exception <a 'java/lang/NoSuchMethodError'{0x000000008b27c430}: 'void java.lang.invoke.DirectMethodHandle$Holder.invokeStatic(java.lang.Object, java.lang.Object, java.lang.Object, java.lang.Object, int, java.lang.Object, java.lang.Object)'> (0x000000008b27c430) thrown at [src/hotspot/share/interpreter/linkResolver.cpp, line 773]
Event: 41.332 Thread 0x0000025a18b38800 Exception <a 'java/lang/NoSuchMethodError'{0x000000008ac98cc8}: 'java.lang.Object java.lang.invoke.DirectMethodHandle$Holder.invokeSpecialIFC(java.lang.Object, java.lang.Object, java.lang.Object)'> (0x000000008ac98cc8) thrown at [src/hotspot/share/interpreter/linkResolver.cpp, line 773]
Event: 41.332 Thread 0x0000025a15ac6800 Exception <a 'java/lang/NoSuchMethodError'{0x000000008ab3db48}: 'java.lang.Object java.lang.invoke.DirectMethodHandle$Holder.invokeSpecialIFC(java.lang.Object, java.lang.Object, java.lang.Object)'> (0x000000008ab3db48) thrown at [src/hotspot/share/interpreter/linkResolver.cpp, line 773]
Event: 41.553 Thread 0x0000025a18b38800 Implicit null exception at 0x0000025a0827665b to 0x0000025a082766ec
Event: 42.608 Thread 0x0000025a18b42800 Implicit null exception at 0x0000025a082c8224 to 0x0000025a082c83c4
Event: 42.608 Thread 0x0000025a15acd000 Implicit null exception at 0x0000025a082c8224 to 0x0000025a082c83c4
Event: 42.610 Thread 0x0000025a15acd000 Exception <a 'java/lang/NoSuchMethodError'{0x0000000088a51058}: 'void java.lang.invoke.DirectMethodHandle$Holder.invokeVirtual(java.lang.Object, java.lang.Object)'> (0x0000000088a51058) thrown at [src/hotspot/share/interpreter/linkResolver.cpp, line 773]
Event: 43.974 Thread 0x0000025a18b42800 Exception <a 'java/lang/NoSuchMethodError'{0x000000008b9863d0}: 'void java.lang.invoke.DirectMethodHandle$Holder.invokeInterface(java.lang.Object, java.lang.Object, java.lang.Object, java.lang.Object)'> (0x000000008b9863d0) thrown at [src/hotspot/share/interpreter/linkResolver.cpp, line 773]
Event: 45.441 Thread 0x0000025a18b42800 Exception <a 'java/lang/NoSuchMethodError'{0x000000008c7ef948}: 'java.lang.Object java.lang.invoke.DirectMethodHandle$Holder.invokeSpecial(java.lang.Object, java.lang.Object, int, int, int, java.lang.Object, java.lang.Object, java.lang.Object, int)'> (0x000000008c7ef948) thrown at [src/hotspot/share/interpreter/linkResolver.cpp, line 773]
Event: 45.442 Thread 0x0000025a18b42800 Exception <a 'java/lang/NoSuchMethodError'{0x000000008c7f3aa0}: 'java.lang.Object java.lang.invoke.DelegatingMethodHandle$Holder.reinvoke_L(java.lang.Object, int, int, int, java.lang.Object, java.lang.Object, java.lang.Object, int)'> (0x000000008c7f3aa0) thrown at [src/hotspot/share/interpreter/linkResolver.cpp, line 773]
Event: 45.445 Thread 0x0000025a18b42800 Exception <a 'java/lang/NoSuchMethodError'{0x000000008c6232e0}: 'java.lang.Object java.lang.invoke.DirectMethodHandle$Holder.invokeStatic(java.lang.Object, java.lang.Object, java.lang.Object, java.lang.Object, java.lang.Object, java.lang.Object, java.lang.Object, int)'> (0x000000008c6232e0) thrown at [src/hotspot/share/interpreter/linkResolver.cpp, line 773]
Event: 45.756 Thread 0x0000025a18b42800 Implicit null exception at 0x0000025a08359020 to 0x0000025a0835a8aa
Event: 45.852 Thread 0x0000025a18b42800 Implicit null exception at 0x0000025a0835c5da to 0x0000025a0835c694
Event: 46.435 Thread 0x0000025a18b42800 Implicit null exception at 0x0000025a0836f2d8 to 0x0000025a0836fd64
Event: 47.193 Thread 0x0000025a18b42800 Exception <a 'java/lang/NoSuchMethodError'{0x000000008d716530}: 'java.lang.Object java.lang.invoke.DirectMethodHandle$Holder.invokeStatic(java.lang.Object, java.lang.Object, java.lang.Object, java.lang.Object, java.lang.Object, java.lang.Object, java.lang.Object, java.lang.Object, java.lang.Object, java.lang.Object, java.lang.Object, java.lang.Object, java.lang.Object, java.lang.Object, java.lang.Object, int)'> (0x000000008d716530) thrown at [src/hotspot/share/interpreter/linkResolver.cpp, line 773]
Event: 47.228 Thread 0x0000025a18b42800 Exception <a 'java/lang/NoSuchMethodError'{0x000000008d7e33c8}: <clinit>> (0x000000008d7e33c8) thrown at [src/hotspot/share/prims/jni.cpp, line 1367]
Event: 47.244 Thread 0x0000025a18b42800 Exception <a 'java/lang/NoSuchMethodError'{0x000000008ce08a28}: <clinit>> (0x000000008ce08a28) thrown at [src/hotspot/share/prims/jni.cpp, line 1367]
Event: 47.248 Thread 0x0000025a18b42800 Exception <a 'java/lang/NoSuchMethodError'{0x000000008ce3eff0}: <clinit>> (0x000000008ce3eff0) thrown at [src/hotspot/share/prims/jni.cpp, line 1367]
Event: 47.759 Thread 0x0000025a18b42800 Exception <a 'java/lang/NoSuchMethodError'{0x000000008af1ded8}: 'java.lang.Object java.lang.invoke.DirectMethodHandle$Holder.newInvokeSpecial(java.lang.Object, java.lang.Object, java.lang.Object, java.lang.Object)'> (0x000000008af1ded8) thrown at [src/hotspot/share/interpreter/linkResolver.cpp, line 773]

Events (20 events):
Event: 49.692 loading class com/android/manifmerger/XmlNode$NodeKey
Event: 49.692 loading class com/android/manifmerger/XmlNode$NodeKey done
Event: 49.693 loading class com/android/manifmerger/Actions$ActionType
Event: 49.693 loading class com/android/manifmerger/Actions$ActionType done
Event: 49.694 loading class com/android/manifmerger/Actions$NodeRecord
Event: 49.694 loading class com/android/manifmerger/Actions$NodeRecord done
Event: 49.695 loading class com/android/manifmerger/Actions$Record
Event: 49.695 loading class com/android/manifmerger/Actions$Record done
Event: 49.696 loading class com/android/manifmerger/Actions
Event: 49.696 loading class com/android/manifmerger/Actions done
Event: 49.699 loading class com/android/manifmerger/Actions$AttributeRecord
Event: 49.699 loading class com/android/manifmerger/Actions$AttributeRecord done
Event: 49.699 loading class com/android/manifmerger/XmlNode$NodeKey
Event: 49.699 loading class com/android/manifmerger/XmlNode$NodeKey done
Event: 49.701 loading class com/android/manifmerger/XmlNode$NodeName
Event: 49.701 loading class com/android/manifmerger/XmlNode$NodeName done
Event: 49.701 loading class com/android/manifmerger/XmlNode$NodeName
Event: 49.701 loading class com/android/manifmerger/XmlNode$NodeName done
Event: 49.762 loading class com/android/manifmerger/Selector
Event: 49.762 loading class com/android/manifmerger/Selector done


Dynamic libraries:
0x00007ff6f1d70000 - 0x00007ff6f1d7a000 	C:\Program Files\Android\Android Studio\jbr\bin\java.exe
0x00007ffc1d7b0000 - 0x00007ffc1d9a8000 	C:\WINDOWS\SYSTEM32\ntdll.dll
0x00007ffc1bc80000 - 0x00007ffc1bd3f000 	C:\WINDOWS\System32\KERNEL32.DLL
0x00007ffc1b2e0000 - 0x00007ffc1b5d6000 	C:\WINDOWS\System32\KERNELBASE.dll
0x00007ffc1b710000 - 0x00007ffc1b810000 	C:\WINDOWS\System32\ucrtbase.dll
0x00007ffbcf0f0000 - 0x00007ffbcf107000 	C:\Program Files\Android\Android Studio\jbr\bin\jli.dll
0x00007ffc1bae0000 - 0x00007ffc1bc7d000 	C:\WINDOWS\System32\USER32.dll
0x00007ffc1b190000 - 0x00007ffc1b1b2000 	C:\WINDOWS\System32\win32u.dll
0x00007ffc1ce70000 - 0x00007ffc1ce9c000 	C:\WINDOWS\System32\GDI32.dll
0x00007ffc1b1c0000 - 0x00007ffc1b2d5000 	C:\WINDOWS\System32\gdi32full.dll
0x00007ffc1aee0000 - 0x00007ffc1af7d000 	C:\WINDOWS\System32\msvcp_win.dll
0x00007ffc00a10000 - 0x00007ffc00caa000 	C:\WINDOWS\WinSxS\amd64_microsoft.windows.common-controls_6595b64144ccf1df_6.0.19041.1110_none_60b5254171f9507e\COMCTL32.dll
0x00007ffc1b810000 - 0x00007ffc1b8ae000 	C:\WINDOWS\System32\msvcrt.dll
0x00007ffc14fc0000 - 0x00007ffc14fdb000 	C:\Program Files\Android\Android Studio\jbr\bin\VCRUNTIME140.dll
0x00007ffc1c6e0000 - 0x00007ffc1c710000 	C:\WINDOWS\System32\IMM32.DLL
0x00007ffc14fb0000 - 0x00007ffc14fbc000 	C:\Program Files\Android\Android Studio\jbr\bin\vcruntime140_1.dll
0x00007ffc042e0000 - 0x00007ffc0436d000 	C:\Program Files\Android\Android Studio\jbr\bin\msvcp140.dll
0x00007ffbcf140000 - 0x00007ffbcfcfc000 	C:\Program Files\Android\Android Studio\jbr\bin\server\jvm.dll
0x00007ffc1cea0000 - 0x00007ffc1cf4f000 	C:\WINDOWS\System32\ADVAPI32.dll
0x00007ffc1cf70000 - 0x00007ffc1d00c000 	C:\WINDOWS\System32\sechost.dll
0x00007ffc1be60000 - 0x00007ffc1bf86000 	C:\WINDOWS\System32\RPCRT4.dll
0x00007ffc1d0c0000 - 0x00007ffc1d0c8000 	C:\WINDOWS\System32\PSAPI.DLL
0x00007ffc04240000 - 0x00007ffc04249000 	C:\WINDOWS\SYSTEM32\WSOCK32.dll
0x00007ffc1b9f0000 - 0x00007ffc1ba5b000 	C:\WINDOWS\System32\WS2_32.dll
0x00007ffc07770000 - 0x00007ffc07797000 	C:\WINDOWS\SYSTEM32\WINMM.dll
0x00007ffc0ea70000 - 0x00007ffc0ea7a000 	C:\WINDOWS\SYSTEM32\VERSION.dll
0x00007ffc18d10000 - 0x00007ffc18d22000 	C:\WINDOWS\SYSTEM32\kernel.appcore.dll
0x00007ffbffb60000 - 0x00007ffbffb70000 	C:\Program Files\Android\Android Studio\jbr\bin\verify.dll
0x00007ffc0af70000 - 0x00007ffc0b154000 	C:\WINDOWS\SYSTEM32\DBGHELP.DLL
0x00007ffc0af30000 - 0x00007ffc0af64000 	C:\WINDOWS\SYSTEM32\dbgcore.DLL
0x00007ffc1b680000 - 0x00007ffc1b702000 	C:\WINDOWS\System32\bcryptPrimitives.dll
0x00007ffbcf110000 - 0x00007ffbcf138000 	C:\Program Files\Android\Android Studio\jbr\bin\java.dll
0x00007ffbff980000 - 0x00007ffbff98a000 	C:\Program Files\Android\Android Studio\jbr\bin\jimage.dll
0x00007ffbff490000 - 0x00007ffbff49e000 	C:\Program Files\Android\Android Studio\jbr\bin\instrument.dll
0x00007ffbcf0d0000 - 0x00007ffbcf0e8000 	C:\Program Files\Android\Android Studio\jbr\bin\zip.dll
0x00007ffc1bf90000 - 0x00007ffc1c6d4000 	C:\WINDOWS\System32\SHELL32.dll
0x00007ffc18f10000 - 0x00007ffc196a3000 	C:\WINDOWS\SYSTEM32\windows.storage.dll
0x00007ffc1d130000 - 0x00007ffc1d484000 	C:\WINDOWS\System32\combase.dll
0x00007ffc1a730000 - 0x00007ffc1a75e000 	C:\WINDOWS\SYSTEM32\Wldp.dll
0x00007ffc1d010000 - 0x00007ffc1d0bd000 	C:\WINDOWS\System32\SHCORE.dll
0x00007ffc1d0d0000 - 0x00007ffc1d125000 	C:\WINDOWS\System32\shlwapi.dll
0x00007ffc1add0000 - 0x00007ffc1adef000 	C:\WINDOWS\SYSTEM32\profapi.dll
0x00007ffbff2d0000 - 0x00007ffbff2da000 	C:\Program Files\Android\Android Studio\jbr\bin\management.dll
0x00007ffbff1e0000 - 0x00007ffbff1eb000 	C:\Program Files\Android\Android Studio\jbr\bin\management_ext.dll
0x00007ffc041d0000 - 0x00007ffc041e9000 	C:\Program Files\Android\Android Studio\jbr\bin\net.dll
0x00007ffc0fe00000 - 0x00007ffc0ff0a000 	C:\WINDOWS\SYSTEM32\WINHTTP.dll
0x00007ffc1a510000 - 0x00007ffc1a57a000 	C:\WINDOWS\system32\mswsock.dll
0x00007ffbd1850000 - 0x00007ffbd1863000 	C:\Program Files\Android\Android Studio\jbr\bin\nio.dll
0x00007ffc14f60000 - 0x00007ffc14f77000 	C:\WINDOWS\system32\napinsp.dll
0x00007ffc14e00000 - 0x00007ffc14e1b000 	C:\WINDOWS\system32\pnrpnsp.dll
0x00007ffbfcc50000 - 0x00007ffbfcc65000 	C:\WINDOWS\system32\wshbth.dll
0x00007ffc161f0000 - 0x00007ffc1620d000 	C:\WINDOWS\system32\NLAapi.dll
0x00007ffc1a220000 - 0x00007ffc1a25c000 	C:\WINDOWS\SYSTEM32\IPHLPAPI.DLL
0x00007ffc1a260000 - 0x00007ffc1a32b000 	C:\WINDOWS\SYSTEM32\DNSAPI.dll
0x00007ffc1b8b0000 - 0x00007ffc1b8b8000 	C:\WINDOWS\System32\NSI.dll
0x00007ffc16210000 - 0x00007ffc16222000 	C:\WINDOWS\System32\winrnr.dll
0x00007ffc0eb20000 - 0x00007ffc0eb2a000 	C:\Windows\System32\rasadhlp.dll
0x00007ffc0fb20000 - 0x00007ffc0fba2000 	C:\WINDOWS\System32\fwpuclnt.dll
0x00007ffc1b5e0000 - 0x00007ffc1b607000 	C:\WINDOWS\System32\bcrypt.dll
0x00007ffbfdae0000 - 0x00007ffbfdb07000 	C:\Users\shahzaib lptp\AndroidStudioProjects\loginsqlite\native\e1d6ef7f7dcc3fd88c89a11ec53ec762bb8ba0a96d01ffa2cd45eb1d1d8dd5c5\windows-amd64\native-platform.dll
0x00007ffbd0570000 - 0x00007ffbd06b4000 	C:\Users\shahzaib lptp\AndroidStudioProjects\loginsqlite\native\0d407fdbe67a94daf76414ababcb853783967236a71b16ec16e742cd7a986fd3\windows-amd64\native-platform-file-events.dll
0x00007ffc1aa60000 - 0x00007ffc1aa78000 	C:\WINDOWS\SYSTEM32\CRYPTSP.dll
0x00007ffc19e50000 - 0x00007ffc19e84000 	C:\WINDOWS\system32\rsaenh.dll
0x00007ffc1ad90000 - 0x00007ffc1adbe000 	C:\WINDOWS\SYSTEM32\USERENV.dll
0x00007ffc1a6a0000 - 0x00007ffc1a6ac000 	C:\WINDOWS\SYSTEM32\CRYPTBASE.dll
0x00007ffc103b0000 - 0x00007ffc103c7000 	C:\WINDOWS\SYSTEM32\dhcpcsvc6.DLL
0x00007ffc10300000 - 0x00007ffc1031d000 	C:\WINDOWS\SYSTEM32\dhcpcsvc.DLL
0x00007ffc19f70000 - 0x00007ffc19fa3000 	C:\WINDOWS\SYSTEM32\ntmarta.dll

dbghelp: loaded successfully - version: 4.0.5 - missing functions: none
symbol engine: initialized successfully - sym options: 0x614 - pdb path: .;C:\Program Files\Android\Android Studio\jbr\bin;C:\WINDOWS\SYSTEM32;C:\WINDOWS\WinSxS\amd64_microsoft.windows.common-controls_6595b64144ccf1df_6.0.19041.1110_none_60b5254171f9507e;C:\Program Files\Android\Android Studio\jbr\bin\server;C:\Users\shahzaib lptp\AndroidStudioProjects\loginsqlite\native\e1d6ef7f7dcc3fd88c89a11ec53ec762bb8ba0a96d01ffa2cd45eb1d1d8dd5c5\windows-amd64;C:\Users\shahzaib lptp\AndroidStudioProjects\loginsqlite\native\0d407fdbe67a94daf76414ababcb853783967236a71b16ec16e742cd7a986fd3\windows-amd64

VM Arguments:
jvm_args: -javaagent:C:\Program Files\Android\Android Studio\plugins\android\resources\trace_agent.jar=C:\Users\SHAHZA~1\AppData\Local\Temp\sync.trace.profile --add-opens=java.base/java.util=ALL-UNNAMED --add-opens=java.base/java.lang=ALL-UNNAMED --add-opens=java.base/java.lang.invoke=ALL-UNNAMED --add-opens=java.base/java.util=ALL-UNNAMED --add-opens=java.prefs/java.util.prefs=ALL-UNNAMED --add-opens=java.prefs/java.util.prefs=ALL-UNNAMED --add-opens=java.base/java.nio.charset=ALL-UNNAMED --add-opens=java.base/java.net=ALL-UNNAMED --add-opens=java.base/java.util.concurrent.atomic=ALL-UNNAMED -Xmx2048m -Dfile.encoding=UTF-8 -Duser.country=US -Duser.language=en -Duser.variant 
java_command: org.gradle.launcher.daemon.bootstrap.GradleDaemon 7.5
java_class_path (initial): C:\Users\shahzaib lptp\AndroidStudioProjects\loginsqlite\wrapper\dists\gradle-7.5-bin\f1w0cc9nuo0eivz97x2xlu9sv\gradle-7.5\lib\gradle-launcher-7.5.jar
Launcher Type: SUN_STANDARD

[Global flags]
     intx CICompilerCount                          = 3                                         {product} {ergonomic}
     uint ConcGCThreads                            = 1                                         {product} {ergonomic}
     uint G1ConcRefinementThreads                  = 4                                         {product} {ergonomic}
   size_t G1HeapRegionSize                         = 1048576                                   {product} {ergonomic}
    uintx GCDrainStackTargetSize                   = 64                                        {product} {ergonomic}
   size_t InitialHeapSize                          = 134217728                                 {product} {ergonomic}
   size_t MarkStackSize                            = 4194304                                   {product} {ergonomic}
   size_t MaxHeapSize                              = 2147483648                                {product} {command line}
   size_t MaxNewSize                               = 1287651328                                {product} {ergonomic}
   size_t MinHeapDeltaBytes                        = 1048576                                   {product} {ergonomic}
    uintx NonNMethodCodeHeapSize                   = 5830732                                {pd product} {ergonomic}
    uintx NonProfiledCodeHeapSize                  = 122913754                              {pd product} {ergonomic}
    uintx ProfiledCodeHeapSize                     = 122913754                              {pd product} {ergonomic}
    uintx ReservedCodeCacheSize                    = 251658240                              {pd product} {ergonomic}
     bool SegmentedCodeCache                       = true                                      {product} {ergonomic}
     bool UseCompressedClassPointers               = true                                 {lp64_product} {ergonomic}
     bool UseCompressedOops                        = true                                 {lp64_product} {ergonomic}
     bool UseG1GC                                  = true                                      {product} {ergonomic}
     bool UseLargePagesIndividualAllocation        = false                                  {pd product} {ergonomic}

Logging:
Log output configuration:
 #0: stdout all=warning uptime,level,tags
 #1: stderr all=off uptime,level,tags

Environment Variables:
PATH=C:\Program Files\Python310\Scripts\;C:\Program Files\Python310\;C:\Program Files\Common Files\Oracle\Java\javapath;C:\app\bin;C:\app\shahzaiblptp\product\11.2.0\dbhome_1\bin;C:\WINDOWS\system32;C:\WINDOWS;C:\WINDOWS\System32\Wbem;C:\WINDOWS\System32\WindowsPowerShell\v1.0\;c:\Program Files (x86)\Microsoft SQL Server\100\Tools\Binn\;c:\Program Files\Microsoft SQL Server\100\Tools\Binn\;c:\Program Files\Microsoft SQL Server\100\DTS\Binn\;C:\WINDOWS\System32\OpenSSH\;C:\ProgramData\chocolatey\bin;%JAVA_HOME%\bin;C:\Program Files\Git\cmd;C:\Users\shahzaib lptp\AppData\Local\Microsoft\WindowsApps;C:\Program Files\JetBrains\IntelliJ IDEA Community Edition 2021.3\bin;;C:\Program Files\Python310\PyCharm Community Edition 2022.1\bin;;C:\Users\shahzaib lptp\AppData\Local\Programs\Microsoft VS Code\bin;C:\Program Files\flutter\bin;C:\src\flutter\bin;C:\Program Files\Android\Android Studio\bin;
USERNAME=shahzaib lptp
OS=Windows_NT
PROCESSOR_IDENTIFIER=Intel64 Family 6 Model 69 Stepping 1, GenuineIntel



---------------  S Y S T E M  ---------------

OS: Windows 10 , 64 bit Build 19041 (10.0.19041.2913)
OS uptime: 10 days 9:54 hours
Hyper-V role detected

CPU:total 4 (initial active 4) (2 cores per cpu, 2 threads per core) family 6 model 69 stepping 1 microcode 0x26, cmov, cx8, fxsr, mmx, sse, sse2, sse3, ssse3, sse4.1, sse4.2, popcnt, avx, avx2, aes, clmul, erms, lzcnt, ht, tsc, tscinvbit, bmi1, bmi2, fma

Memory: 4k page, system-wide physical 8073M (375M free)
TotalPageFile size 10073M (AvailPageFile size 3M)
current process WorkingSet (physical memory assigned to process): 560M, peak: 562M
current process commit charge ("private bytes"): 589M, peak: 592M

vm_info: OpenJDK 64-Bit Server VM (11.0.15+0-b2043.56-9505619) for windows-amd64 JRE (11.0.15+0-b2043.56-9505619), built on Jan 19 2023 02:48:00 by "builduser" with unknown MS VC++:1929

END.
