#
# There is insufficient memory for the Java Runtime Environment to continue.
# Native memory allocation (malloc) failed to allocate 1060896 bytes for Chunk::new
# Possible reasons:
#   The system is out of physical RAM or swap space
#   The process is running with CompressedOops enabled, and the Java Heap may be blocking the growth of the native heap
# Possible solutions:
#   Reduce memory load on the system
#   Increase physical memory or swap space
#   Check if swap backing store is full
#   Decrease Java heap size (-Xmx/-Xms)
#   Decrease number of Java threads
#   Decrease Java thread stack sizes (-Xss)
#   Set larger code cache with -XX:ReservedCodeCacheSize=
#   JVM is running with Unscaled Compressed Oops mode in which the Java heap is
#     placed in the first 4GB address space. The Java Heap base address is the
#     maximum limit for the native heap growth. Please use -XX:HeapBaseMinAddress
#     to set the Java Heap base and to place the Java Heap above 4GB virtual address.
# This output file may be truncated or incomplete.
#
#  Out of Memory Error (src/hotspot/share/memory/arena.cpp:197), pid=14344, tid=14620
#
# JRE version: OpenJDK Runtime Environment (11.0.15) (build 11.0.15+0-b2043.56-9505619)
# Java VM: OpenJDK 64-Bit Server VM (11.0.15+0-b2043.56-9505619, mixed mode, tiered, compressed oops, g1 gc, windows-amd64)
# No core dump will be written. Minidumps are not enabled by default on client versions of Windows
#

---------------  S U M M A R Y ------------

Command Line: -javaagent:C:\Program Files\Android\Android Studio\plugins\android\resources\trace_agent.jar=C:\Users\SHAHZA~1\AppData\Local\Temp\sync.trace.profile --add-opens=java.base/java.util=ALL-UNNAMED --add-opens=java.base/java.lang=ALL-UNNAMED --add-opens=java.base/java.lang.invoke=ALL-UNNAMED --add-opens=java.base/java.util=ALL-UNNAMED --add-opens=java.prefs/java.util.prefs=ALL-UNNAMED --add-opens=java.prefs/java.util.prefs=ALL-UNNAMED --add-opens=java.base/java.nio.charset=ALL-UNNAMED --add-opens=java.base/java.net=ALL-UNNAMED --add-opens=java.base/java.util.concurrent.atomic=ALL-UNNAMED -Xmx2048m -Dfile.encoding=UTF-8 -Duser.country=US -Duser.language=en -Duser.variant org.gradle.launcher.daemon.bootstrap.GradleDaemon 7.5

Host: Intel(R) Core(TM) i5-4310U CPU @ 2.00GHz, 4 cores, 7G,  Windows 10 , 64 bit Build 19041 (10.0.19041.2788)
Time: Mon May  8 15:54:00 2023 Pakistan Standard Time elapsed time: 2769.226497 seconds (0d 0h 46m 9s)

---------------  T H R E A D  ---------------

Current thread (0x0000021afc3b9000):  JavaThread "C2 CompilerThread0" daemon [_thread_in_native, id=14620, stack(0x00000030ca500000,0x00000030ca600000)]


Current CompileTask:
C2:2769227 19023 %     4       com.google.common.collect.SparseImmutableTable::<init> @ 129 (468 bytes)

Stack: [0x00000030ca500000,0x00000030ca600000]
Native frames: (J=compiled Java code, j=interpreted, Vv=VM code, C=native code)
V  [jvm.dll+0x64135a]
V  [jvm.dll+0x7d39f9]
V  [jvm.dll+0x7d51b9]
V  [jvm.dll+0x7d58a3]
V  [jvm.dll+0x2691c5]
V  [jvm.dll+0xc1a5c]
V  [jvm.dll+0xc200c]
V  [jvm.dll+0x2da2c2]
V  [jvm.dll+0x54cad9]
V  [jvm.dll+0x220c9d]
V  [jvm.dll+0x223152]
V  [jvm.dll+0x220384]
V  [jvm.dll+0x19e851]
V  [jvm.dll+0x230479]
V  [jvm.dll+0x22e5ef]
V  [jvm.dll+0x794de1]
V  [jvm.dll+0x78dc24]
V  [jvm.dll+0x6400f6]
C  [ucrtbase.dll+0x21bb2]
C  [KERNEL32.DLL+0x17604]
C  [ntdll.dll+0x526a1]


---------------  P R O C E S S  ---------------

Threads class SMR info:
_java_thread_list=0x0000021a88398bd0, length=94, elements={
0x0000021ae0824800, 0x0000021afc397000, 0x0000021afc398000, 0x0000021afc3b1000,
0x0000021afc3b3000, 0x0000021afc3b4000, 0x0000021afc3b9000, 0x0000021afc3d9800,
0x0000021afcd85000, 0x0000021ae08f9000, 0x0000021a8221b000, 0x0000021afd065800,
0x0000021a82462800, 0x0000021afe833800, 0x0000021afe836000, 0x0000021afe836800,
0x0000021afe838800, 0x0000021afe837800, 0x0000021afe834000, 0x0000021afdfba000,
0x0000021afdfb4000, 0x0000021afdfb6000, 0x0000021afdfbe000, 0x0000021afdfb9000,
0x0000021afd4b6800, 0x0000021afd4b6000, 0x0000021a8a340800, 0x0000021a8a02e000,
0x0000021a8a33b000, 0x0000021a8a33a000, 0x0000021a8a33c000, 0x0000021a8a339800,
0x0000021a8a336000, 0x0000021a8a33c800, 0x0000021a8a337000, 0x0000021a8a33d800,
0x0000021a8a338000, 0x0000021a8a33e800, 0x0000021a8a338800, 0x0000021a8a342800,
0x0000021a8a343000, 0x0000021a8a33f000, 0x0000021a8a344000, 0x0000021a8a345000,
0x0000021a8a340000, 0x0000021a8a341800, 0x0000021a8a022800, 0x0000021a8a025000,
0x0000021a8a020000, 0x0000021a8a026000, 0x0000021a8a023800, 0x0000021a8a026800,
0x0000021a8a024800, 0x0000021a8a021000, 0x0000021a8a027800, 0x0000021a8a022000,
0x0000021a8a029000, 0x0000021a8a02c800, 0x0000021a8a02b000, 0x0000021a8a02a000,
0x0000021a8a02b800, 0x0000021a8a02d800, 0x0000021a8a02f000, 0x0000021afd4b1800,
0x0000021afd4b3800, 0x0000021afd4b5000, 0x0000021afd4b7800, 0x0000021afd4b8000,
0x0000021afd4b2800, 0x0000021afd4ba000, 0x0000021afd4bc800, 0x0000021afd4bb800,
0x0000021afd4bd000, 0x0000021afd4bf000, 0x0000021afd4b9000, 0x0000021afd4bf800,
0x0000021afd4ba800, 0x0000021afdfb5000, 0x0000021afdfc2000, 0x0000021afdfbf800,
0x0000021afdfc3000, 0x0000021afdfc0800, 0x0000021afdfc1000, 0x0000021afe832800,
0x0000021afe839000, 0x0000021afe835000, 0x0000021a8353b000, 0x0000021a8353a000,
0x0000021a83536000, 0x0000021a8353c000, 0x0000021a8353c800, 0x0000021a83537000,
0x0000021a8353d800, 0x0000021afe1d6000
}

Java Threads: ( => current thread )
  0x0000021ae0824800 JavaThread "main" [_thread_blocked, id=1328, stack(0x00000030c9900000,0x00000030c9a00000)]
  0x0000021afc397000 JavaThread "Reference Handler" daemon [_thread_blocked, id=15700, stack(0x00000030ca000000,0x00000030ca100000)]
  0x0000021afc398000 JavaThread "Finalizer" daemon [_thread_blocked, id=6136, stack(0x00000030ca100000,0x00000030ca200000)]
  0x0000021afc3b1000 JavaThread "Signal Dispatcher" daemon [_thread_blocked, id=11180, stack(0x00000030ca200000,0x00000030ca300000)]
  0x0000021afc3b3000 JavaThread "Attach Listener" daemon [_thread_blocked, id=7308, stack(0x00000030ca300000,0x00000030ca400000)]
  0x0000021afc3b4000 JavaThread "Service Thread" daemon [_thread_blocked, id=10664, stack(0x00000030ca400000,0x00000030ca500000)]
=>0x0000021afc3b9000 JavaThread "C2 CompilerThread0" daemon [_thread_in_native, id=14620, stack(0x00000030ca500000,0x00000030ca600000)]
  0x0000021afc3d9800 JavaThread "C1 CompilerThread0" daemon [_thread_blocked, id=1688, stack(0x00000030ca600000,0x00000030ca700000)]
  0x0000021afcd85000 JavaThread "Sweeper thread" daemon [_thread_blocked, id=14548, stack(0x00000030ca700000,0x00000030ca800000)]
  0x0000021ae08f9000 JavaThread "Common-Cleaner" daemon [_thread_blocked, id=11040, stack(0x00000030ca800000,0x00000030ca900000)]
  0x0000021a8221b000 JavaThread "Daemon health stats" [_thread_blocked, id=7620, stack(0x00000030cad00000,0x00000030cae00000)]
  0x0000021afd065800 JavaThread "Incoming local TCP Connector on port 51330" [_thread_in_native, id=12772, stack(0x00000030ca900000,0x00000030caa00000)]
  0x0000021a82462800 JavaThread "Daemon periodic checks" [_thread_blocked, id=6632, stack(0x00000030cae00000,0x00000030caf00000)]
  0x0000021afe833800 JavaThread "Cache worker for journal cache (C:\Users\shahzaib lptp\AndroidStudioProjects\loginsqlite\caches\journal-1)" [_thread_blocked, id=8444, stack(0x00000030cb800000,0x00000030cb900000)]
  0x0000021afe836000 JavaThread "File lock request listener" [_thread_in_native, id=13432, stack(0x00000030cb900000,0x00000030cba00000)]
  0x0000021afe836800 JavaThread "Cache worker for file hash cache (C:\Users\shahzaib lptp\AndroidStudioProjects\loginsqlite\caches\7.5\fileHashes)" [_thread_blocked, id=14820, stack(0x00000030cba00000,0x00000030cbb00000)]
  0x0000021afe838800 JavaThread "File watcher server" daemon [_thread_in_native, id=10636, stack(0x00000030cbb00000,0x00000030cbc00000)]
  0x0000021afe837800 JavaThread "File watcher consumer" daemon [_thread_blocked, id=8440, stack(0x00000030cbc00000,0x00000030cbd00000)]
  0x0000021afe834000 JavaThread "Cache worker for file content cache (C:\Users\shahzaib lptp\AndroidStudioProjects\loginsqlite\caches\7.5\fileContent)" [_thread_blocked, id=10904, stack(0x00000030cbf00000,0x00000030cc000000)]
  0x0000021afdfba000 JavaThread "Cache worker for execution history cache (C:\Users\shahzaib lptp\AndroidStudioProjects\loginsqlite\caches\7.5\executionHistory)" [_thread_blocked, id=14808, stack(0x00000030cc200000,0x00000030cc300000)]
  0x0000021afdfb4000 JavaThread "jar transforms" [_thread_blocked, id=8760, stack(0x00000030cc300000,0x00000030cc400000)]
  0x0000021afdfb6000 JavaThread "jar transforms Thread 2" [_thread_blocked, id=7616, stack(0x00000030cc400000,0x00000030cc500000)]
  0x0000021afdfbe000 JavaThread "jar transforms Thread 3" [_thread_blocked, id=252, stack(0x00000030cb600000,0x00000030cb700000)]
  0x0000021afdfb9000 JavaThread "jar transforms Thread 4" [_thread_blocked, id=4708, stack(0x00000030cc600000,0x00000030cc700000)]
  0x0000021afd4b6800 JavaThread "Memory manager" [_thread_blocked, id=2968, stack(0x00000030cf300000,0x00000030cf400000)]
  0x0000021afd4b6000 JavaThread "pool-3-thread-1" [_thread_blocked, id=10568, stack(0x00000030cf400000,0x00000030cf500000)]
  0x0000021a8a340800 JavaThread "pool-8-thread-1" [_thread_blocked, id=7932, stack(0x00000030cf000000,0x00000030cf100000)]
  0x0000021a8a02e000 JavaThread "ForkJoinPool.commonPool-worker-1" daemon [_thread_blocked, id=10552, stack(0x00000030d0100000,0x00000030d0200000)]
  0x0000021a8a33b000 JavaThread "Daemon Thread 2" [_thread_blocked, id=15284, stack(0x00000030c9600000,0x00000030c9700000)]
  0x0000021a8a33a000 JavaThread "Handler for socket connection from /127.0.0.1:51330 to /127.0.0.1:53098" [_thread_in_native, id=14604, stack(0x00000030c9700000,0x00000030c9800000)]
  0x0000021a8a33c000 JavaThread "Cancel handler" [_thread_blocked, id=16192, stack(0x00000030c9800000,0x00000030c9900000)]
  0x0000021a8a339800 JavaThread "Daemon worker Thread 2" [_thread_blocked, id=15408, stack(0x00000030caf00000,0x00000030cb000000)]
  0x0000021a8a336000 JavaThread "Asynchronous log dispatcher for DefaultDaemonConnection: socket connection from /127.0.0.1:51330 to /127.0.0.1:53098" [_thread_blocked, id=11536, stack(0x00000030cb000000,0x00000030cb100000)]
  0x0000021a8a33c800 JavaThread "Stdin handler" [_thread_blocked, id=5304, stack(0x00000030cb100000,0x00000030cb200000)]
  0x0000021a8a337000 JavaThread "Daemon client event forwarder" [_thread_blocked, id=10040, stack(0x00000030cb200000,0x00000030cb300000)]
  0x0000021a8a33d800 JavaThread "Cache worker for checksums cache (C:\Users\shahzaib lptp\AndroidStudioProjects\EyeonwaterApp\.gradle\7.5\checksums)" [_thread_blocked, id=7536, stack(0x00000030cb300000,0x00000030cb400000)]
  0x0000021a8a338000 JavaThread "Cache worker for cache directory md-rule (C:\Users\shahzaib lptp\AndroidStudioProjects\loginsqlite\caches\7.5\md-rule)" [_thread_blocked, id=260, stack(0x00000030cb400000,0x00000030cb500000)]
  0x0000021a8a33e800 JavaThread "Cache worker for file hash cache (C:\Users\shahzaib lptp\AndroidStudioProjects\EyeonwaterApp\.gradle\7.5\fileHashes)" [_thread_blocked, id=9772, stack(0x00000030cb500000,0x00000030cb600000)]
  0x0000021a8a338800 JavaThread "Cache worker for cache directory md-supplier (C:\Users\shahzaib lptp\AndroidStudioProjects\loginsqlite\caches\7.5\md-supplier)" [_thread_blocked, id=14496, stack(0x00000030cbd00000,0x00000030cbe00000)]
  0x0000021a8a342800 JavaThread "Cache worker for dependencies-accessors (C:\Users\shahzaib lptp\AndroidStudioProjects\EyeonwaterApp\.gradle\7.5\dependencies-accessors)" [_thread_blocked, id=11104, stack(0x00000030cbe00000,0x00000030cbf00000)]
  0x0000021a8a343000 JavaThread "Cache worker for Build Output Cleanup Cache (C:\Users\shahzaib lptp\AndroidStudioProjects\EyeonwaterApp\.gradle\buildOutputCleanup)" [_thread_blocked, id=6664, stack(0x00000030cc100000,0x00000030cc200000)]
  0x0000021a8a33f000 JavaThread "Unconstrained build operations" [_thread_blocked, id=14236, stack(0x00000030cc500000,0x00000030cc600000)]
  0x0000021a8a344000 JavaThread "Unconstrained build operations Thread 2" [_thread_blocked, id=13540, stack(0x00000030cc700000,0x00000030cc800000)]
  0x0000021a8a345000 JavaThread "Unconstrained build operations Thread 3" [_thread_blocked, id=3908, stack(0x00000030cc800000,0x00000030cc900000)]
  0x0000021a8a340000 JavaThread "Unconstrained build operations Thread 4" [_thread_blocked, id=12776, stack(0x00000030cc900000,0x00000030cca00000)]
  0x0000021a8a341800 JavaThread "Unconstrained build operations Thread 5" [_thread_blocked, id=13532, stack(0x00000030cca00000,0x00000030ccb00000)]
  0x0000021a8a022800 JavaThread "Unconstrained build operations Thread 6" [_thread_blocked, id=7064, stack(0x00000030ccb00000,0x00000030ccc00000)]
  0x0000021a8a025000 JavaThread "Unconstrained build operations Thread 7" [_thread_blocked, id=9600, stack(0x00000030ccc00000,0x00000030ccd00000)]
  0x0000021a8a020000 JavaThread "Unconstrained build operations Thread 8" [_thread_blocked, id=3176, stack(0x00000030ccd00000,0x00000030cce00000)]
  0x0000021a8a026000 JavaThread "Unconstrained build operations Thread 9" [_thread_blocked, id=10992, stack(0x00000030cce00000,0x00000030ccf00000)]
  0x0000021a8a023800 JavaThread "Unconstrained build operations Thread 10" [_thread_blocked, id=15152, stack(0x00000030ccf00000,0x00000030cd000000)]
  0x0000021a8a026800 JavaThread "Unconstrained build operations Thread 11" [_thread_blocked, id=2752, stack(0x00000030cd000000,0x00000030cd100000)]
  0x0000021a8a024800 JavaThread "Unconstrained build operations Thread 12" [_thread_blocked, id=6948, stack(0x00000030cd100000,0x00000030cd200000)]
  0x0000021a8a021000 JavaThread "Unconstrained build operations Thread 13" [_thread_blocked, id=12628, stack(0x00000030cd200000,0x00000030cd300000)]
  0x0000021a8a027800 JavaThread "Unconstrained build operations Thread 14" [_thread_blocked, id=16136, stack(0x00000030cd300000,0x00000030cd400000)]
  0x0000021a8a022000 JavaThread "Unconstrained build operations Thread 15" [_thread_blocked, id=12616, stack(0x00000030cd400000,0x00000030cd500000)]
  0x0000021a8a029000 JavaThread "Unconstrained build operations Thread 16" [_thread_blocked, id=10844, stack(0x00000030cd500000,0x00000030cd600000)]
  0x0000021a8a02c800 JavaThread "Unconstrained build operations Thread 17" [_thread_blocked, id=15256, stack(0x00000030cd600000,0x00000030cd700000)]
  0x0000021a8a02b000 JavaThread "Unconstrained build operations Thread 18" [_thread_blocked, id=4600, stack(0x00000030cd700000,0x00000030cd800000)]
  0x0000021a8a02a000 JavaThread "Unconstrained build operations Thread 19" [_thread_blocked, id=348, stack(0x00000030cd800000,0x00000030cd900000)]
  0x0000021a8a02b800 JavaThread "Unconstrained build operations Thread 20" [_thread_blocked, id=9972, stack(0x00000030cd900000,0x00000030cda00000)]
  0x0000021a8a02d800 JavaThread "Unconstrained build operations Thread 21" [_thread_blocked, id=14424, stack(0x00000030cda00000,0x00000030cdb00000)]
  0x0000021a8a02f000 JavaThread "Unconstrained build operations Thread 22" [_thread_blocked, id=4520, stack(0x00000030cdb00000,0x00000030cdc00000)]
  0x0000021afd4b1800 JavaThread "Unconstrained build operations Thread 23" [_thread_blocked, id=8196, stack(0x00000030cdc00000,0x00000030cdd00000)]
  0x0000021afd4b3800 JavaThread "Unconstrained build operations Thread 24" [_thread_blocked, id=9112, stack(0x00000030cdd00000,0x00000030cde00000)]
  0x0000021afd4b5000 JavaThread "Unconstrained build operations Thread 25" [_thread_blocked, id=6876, stack(0x00000030cde00000,0x00000030cdf00000)]
  0x0000021afd4b7800 JavaThread "Unconstrained build operations Thread 26" [_thread_blocked, id=9472, stack(0x00000030cdf00000,0x00000030ce000000)]
  0x0000021afd4b8000 JavaThread "Unconstrained build operations Thread 27" [_thread_blocked, id=10436, stack(0x00000030ce000000,0x00000030ce100000)]
  0x0000021afd4b2800 JavaThread "Unconstrained build operations Thread 28" [_thread_blocked, id=7276, stack(0x00000030ce100000,0x00000030ce200000)]
  0x0000021afd4ba000 JavaThread "Unconstrained build operations Thread 29" [_thread_blocked, id=14868, stack(0x00000030ce200000,0x00000030ce300000)]
  0x0000021afd4bc800 JavaThread "Unconstrained build operations Thread 30" [_thread_blocked, id=11488, stack(0x00000030ce300000,0x00000030ce400000)]
  0x0000021afd4bb800 JavaThread "Unconstrained build operations Thread 31" [_thread_blocked, id=9968, stack(0x00000030ce400000,0x00000030ce500000)]
  0x0000021afd4bd000 JavaThread "Unconstrained build operations Thread 32" [_thread_blocked, id=3620, stack(0x00000030ce500000,0x00000030ce600000)]
  0x0000021afd4bf000 JavaThread "Unconstrained build operations Thread 33" [_thread_blocked, id=13196, stack(0x00000030ce600000,0x00000030ce700000)]
  0x0000021afd4b9000 JavaThread "Unconstrained build operations Thread 34" [_thread_blocked, id=8096, stack(0x00000030ce700000,0x00000030ce800000)]
  0x0000021afd4bf800 JavaThread "Unconstrained build operations Thread 35" [_thread_blocked, id=7864, stack(0x00000030ce800000,0x00000030ce900000)]
  0x0000021afd4ba800 JavaThread "Unconstrained build operations Thread 36" [_thread_blocked, id=13620, stack(0x00000030ce900000,0x00000030cea00000)]
  0x0000021afdfb5000 JavaThread "Unconstrained build operations Thread 37" [_thread_blocked, id=14768, stack(0x00000030cea00000,0x00000030ceb00000)]
  0x0000021afdfc2000 JavaThread "Unconstrained build operations Thread 38" [_thread_blocked, id=12268, stack(0x00000030ceb00000,0x00000030cec00000)]
  0x0000021afdfbf800 JavaThread "Unconstrained build operations Thread 39" [_thread_blocked, id=14056, stack(0x00000030cec00000,0x00000030ced00000)]
  0x0000021afdfc3000 JavaThread "Unconstrained build operations Thread 40" [_thread_blocked, id=16336, stack(0x00000030ced00000,0x00000030cee00000)]
  0x0000021afdfc0800 JavaThread "build event listener" [_thread_blocked, id=16340, stack(0x00000030cee00000,0x00000030cef00000)]
  0x0000021afdfc1000 JavaThread "pool-13-thread-1" [_thread_blocked, id=7300, stack(0x00000030cef00000,0x00000030cf000000)]
  0x0000021afe832800 JavaThread "build event listener" [_thread_blocked, id=8948, stack(0x00000030cf100000,0x00000030cf200000)]
  0x0000021afe839000 JavaThread "included builds" [_thread_blocked, id=6824, stack(0x00000030cf200000,0x00000030cf300000)]
  0x0000021afe835000 JavaThread "Execution worker" [_thread_in_vm, id=14824, stack(0x00000030cf500000,0x00000030cf600000)]
  0x0000021a8353b000 JavaThread "Execution worker Thread 2" [_thread_blocked, id=1556, stack(0x00000030cf600000,0x00000030cf700000)]
  0x0000021a8353a000 JavaThread "Execution worker Thread 3" [_thread_blocked, id=7296, stack(0x00000030cf700000,0x00000030cf800000)]
  0x0000021a83536000 JavaThread "Cache worker for execution history cache (C:\Users\shahzaib lptp\AndroidStudioProjects\EyeonwaterApp\.gradle\7.5\executionHistory)" [_thread_blocked, id=10380, stack(0x00000030cf800000,0x00000030cf900000)]
  0x0000021a8353c000 JavaThread "WorkerExecutor Queue" [_thread_blocked, id=1608, stack(0x00000030cf900000,0x00000030cfa00000)]
  0x0000021a8353c800 JavaThread "WorkerExecutor Queue Thread 2" [_thread_blocked, id=3068, stack(0x00000030cfa00000,0x00000030cfb00000)]
  0x0000021a83537000 JavaThread "WorkerExecutor Queue Thread 3" [_thread_blocked, id=14128, stack(0x00000030cfb00000,0x00000030cfc00000)]
  0x0000021a8353d800 JavaThread "WorkerExecutor Queue Thread 4" [_thread_blocked, id=9436, stack(0x00000030cfc00000,0x00000030cfd00000)]
  0x0000021afe1d6000 JavaThread "C2 CompilerThread1" daemon [_thread_in_native, id=16076, stack(0x00000030cc000000,0x00000030cc100000)]

Other Threads:
  0x0000021afc392800 VMThread "VM Thread" [stack: 0x00000030c9f00000,0x00000030ca000000] [id=9908]
  0x0000021afdf53000 WatcherThread [stack: 0x00000030caa00000,0x00000030cab00000] [id=15128]
  0x0000021ae083f000 GCTaskThread "GC Thread#0" [stack: 0x00000030c9a00000,0x00000030c9b00000] [id=11228]
  0x0000021afe68a000 GCTaskThread "GC Thread#1" [stack: 0x00000030cab00000,0x00000030cac00000] [id=9060]
  0x0000021afdebf000 GCTaskThread "GC Thread#2" [stack: 0x00000030cac00000,0x00000030cad00000] [id=13936]
  0x0000021afe58c000 GCTaskThread "GC Thread#3" [stack: 0x00000030cb700000,0x00000030cb800000] [id=15036]
  0x0000021ae086f800 ConcurrentGCThread "G1 Main Marker" [stack: 0x00000030c9b00000,0x00000030c9c00000] [id=16060]
  0x0000021ae0871000 ConcurrentGCThread "G1 Conc#0" [stack: 0x00000030c9c00000,0x00000030c9d00000] [id=4364]
  0x0000021afc1f0800 ConcurrentGCThread "G1 Refine#0" [stack: 0x00000030c9d00000,0x00000030c9e00000] [id=15144]
  0x0000021afc1f1800 ConcurrentGCThread "G1 Young RemSet Sampling" [stack: 0x00000030c9e00000,0x00000030c9f00000] [id=12816]

Threads with active compile tasks:
C2 CompilerThread0  2769308 19023 %     4       com.google.common.collect.SparseImmutableTable::<init> @ 129 (468 bytes)
C2 CompilerThread1  2769309 19079       4       com.google.gson.stream.JsonReader::doPeek (744 bytes)

VM state:not at safepoint (normal execution)

VM Mutex/Monitor currently owned by a thread: None

Heap address: 0x0000000080000000, size: 2048 MB, Compressed Oops mode: 32-bit
Narrow klass base: 0x0000000000000000, Narrow klass shift: 3
Compressed class space size: 1073741824 Address: 0x0000000100000000

Heap:
 garbage-first heap   total 227328K, used 173309K [0x0000000080000000, 0x0000000100000000)
  region size 1024K, 48 young (49152K), 1 survivors (1024K)
 Metaspace       used 110435K, capacity 113271K, committed 113828K, reserved 1148928K
  class space    used 13617K, capacity 14660K, committed 14848K, reserved 1048576K
Heap Regions: E=young(eden), S=young(survivor), O=old, HS=humongous(starts), HC=humongous(continues), CS=collection set, F=free, A=archive, TAMS=top-at-mark-start (previous, next)
|   0|0x0000000080000000, 0x0000000080100000, 0x0000000080100000|100%| O|  |TAMS 0x0000000080100000, 0x0000000080000000| Untracked 
|   1|0x0000000080100000, 0x0000000080200000, 0x0000000080200000|100%| O|  |TAMS 0x0000000080200000, 0x0000000080100000| Untracked 
|   2|0x0000000080200000, 0x0000000080300000, 0x0000000080300000|100%| O|  |TAMS 0x0000000080300000, 0x0000000080200000| Untracked 
|   3|0x0000000080300000, 0x0000000080400000, 0x0000000080400000|100%|HS|  |TAMS 0x0000000080400000, 0x0000000080300000| Complete 
|   4|0x0000000080400000, 0x0000000080500000, 0x0000000080500000|100%|HC|  |TAMS 0x0000000080500000, 0x0000000080400000| Complete 
|   5|0x0000000080500000, 0x0000000080600000, 0x0000000080600000|100%|HC|  |TAMS 0x0000000080600000, 0x0000000080500000| Complete 
|   6|0x0000000080600000, 0x0000000080700000, 0x0000000080700000|100%| O|  |TAMS 0x0000000080700000, 0x0000000080600000| Untracked 
|   7|0x0000000080700000, 0x0000000080800000, 0x0000000080800000|100%| O|  |TAMS 0x0000000080800000, 0x0000000080700000| Untracked 
|   8|0x0000000080800000, 0x0000000080900000, 0x0000000080900000|100%| O|  |TAMS 0x0000000080900000, 0x0000000080800000| Untracked 
|   9|0x0000000080900000, 0x0000000080a00000, 0x0000000080a00000|100%| O|  |TAMS 0x0000000080a00000, 0x0000000080900000| Untracked 
|  10|0x0000000080a00000, 0x0000000080b00000, 0x0000000080b00000|100%| O|  |TAMS 0x0000000080b00000, 0x0000000080a00000| Untracked 
|  11|0x0000000080b00000, 0x0000000080c00000, 0x0000000080c00000|100%| O|  |TAMS 0x0000000080c00000, 0x0000000080b00000| Untracked 
|  12|0x0000000080c00000, 0x0000000080d00000, 0x0000000080d00000|100%| O|  |TAMS 0x0000000080d00000, 0x0000000080c00000| Untracked 
|  13|0x0000000080d00000, 0x0000000080e00000, 0x0000000080e00000|100%| O|  |TAMS 0x0000000080e00000, 0x0000000080d00000| Untracked 
|  14|0x0000000080e00000, 0x0000000080f00000, 0x0000000080f00000|100%| O|  |TAMS 0x0000000080f00000, 0x0000000080e00000| Untracked 
|  15|0x0000000080f00000, 0x0000000081000000, 0x0000000081000000|100%| O|  |TAMS 0x0000000081000000, 0x0000000080f00000| Untracked 
|  16|0x0000000081000000, 0x0000000081100000, 0x0000000081100000|100%| O|  |TAMS 0x0000000081100000, 0x0000000081000000| Untracked 
|  17|0x0000000081100000, 0x0000000081200000, 0x0000000081200000|100%| O|  |TAMS 0x0000000081200000, 0x0000000081100000| Untracked 
|  18|0x0000000081200000, 0x0000000081300000, 0x0000000081300000|100%| O|  |TAMS 0x0000000081300000, 0x0000000081200000| Untracked 
|  19|0x0000000081300000, 0x0000000081400000, 0x0000000081400000|100%|HS|  |TAMS 0x0000000081400000, 0x0000000081300000| Complete 
|  20|0x0000000081400000, 0x0000000081500000, 0x0000000081500000|100%|HS|  |TAMS 0x0000000081500000, 0x0000000081400000| Complete 
|  21|0x0000000081500000, 0x0000000081600000, 0x0000000081600000|100%| O|  |TAMS 0x0000000081600000, 0x0000000081500000| Untracked 
|  22|0x0000000081600000, 0x0000000081700000, 0x0000000081700000|100%| O|  |TAMS 0x0000000081700000, 0x0000000081600000| Untracked 
|  23|0x0000000081700000, 0x0000000081800000, 0x0000000081800000|100%| O|  |TAMS 0x0000000081800000, 0x0000000081700000| Untracked 
|  24|0x0000000081800000, 0x0000000081900000, 0x0000000081900000|100%| O|  |TAMS 0x0000000081900000, 0x0000000081800000| Untracked 
|  25|0x0000000081900000, 0x0000000081a00000, 0x0000000081a00000|100%| O|  |TAMS 0x0000000081a00000, 0x0000000081900000| Untracked 
|  26|0x0000000081a00000, 0x0000000081b00000, 0x0000000081b00000|100%| O|  |TAMS 0x0000000081b00000, 0x0000000081a00000| Untracked 
|  27|0x0000000081b00000, 0x0000000081c00000, 0x0000000081c00000|100%| O|  |TAMS 0x0000000081c00000, 0x0000000081b00000| Untracked 
|  28|0x0000000081c00000, 0x0000000081d00000, 0x0000000081d00000|100%| O|  |TAMS 0x0000000081d00000, 0x0000000081c00000| Untracked 
|  29|0x0000000081d00000, 0x0000000081e00000, 0x0000000081e00000|100%| O|  |TAMS 0x0000000081e00000, 0x0000000081d00000| Untracked 
|  30|0x0000000081e00000, 0x0000000081e00000, 0x0000000081f00000|  0%| F|  |TAMS 0x0000000081e00000, 0x0000000081e00000| Untracked 
|  31|0x0000000081f00000, 0x0000000082000000, 0x0000000082000000|100%| O|  |TAMS 0x0000000082000000, 0x0000000081f00000| Untracked 
|  32|0x0000000082000000, 0x0000000082100000, 0x0000000082100000|100%| O|  |TAMS 0x0000000082100000, 0x0000000082000000| Untracked 
|  33|0x0000000082100000, 0x0000000082200000, 0x0000000082200000|100%| O|  |TAMS 0x0000000082200000, 0x0000000082100000| Untracked 
|  34|0x0000000082200000, 0x0000000082300000, 0x0000000082300000|100%| O|  |TAMS 0x0000000082300000, 0x0000000082200000| Untracked 
|  35|0x0000000082300000, 0x0000000082400000, 0x0000000082400000|100%| O|  |TAMS 0x0000000082400000, 0x0000000082300000| Untracked 
|  36|0x0000000082400000, 0x0000000082500000, 0x0000000082500000|100%| O|  |TAMS 0x0000000082500000, 0x0000000082400000| Untracked 
|  37|0x0000000082500000, 0x0000000082600000, 0x0000000082600000|100%| O|  |TAMS 0x0000000082600000, 0x0000000082500000| Untracked 
|  38|0x0000000082600000, 0x0000000082700000, 0x0000000082700000|100%| O|  |TAMS 0x0000000082700000, 0x0000000082600000| Untracked 
|  39|0x0000000082700000, 0x0000000082800000, 0x0000000082800000|100%| O|  |TAMS 0x0000000082800000, 0x0000000082700000| Untracked 
|  40|0x0000000082800000, 0x0000000082900000, 0x0000000082900000|100%| O|  |TAMS 0x0000000082900000, 0x0000000082800000| Untracked 
|  41|0x0000000082900000, 0x0000000082a00000, 0x0000000082a00000|100%| O|  |TAMS 0x0000000082a00000, 0x0000000082900000| Untracked 
|  42|0x0000000082a00000, 0x0000000082b00000, 0x0000000082b00000|100%| O|  |TAMS 0x0000000082b00000, 0x0000000082a00000| Untracked 
|  43|0x0000000082b00000, 0x0000000082c00000, 0x0000000082c00000|100%| O|  |TAMS 0x0000000082c00000, 0x0000000082b00000| Untracked 
|  44|0x0000000082c00000, 0x0000000082d00000, 0x0000000082d00000|100%| O|  |TAMS 0x0000000082c8f400, 0x0000000082c00000| Untracked 
|  45|0x0000000082d00000, 0x0000000082e00000, 0x0000000082e00000|100%| O|  |TAMS 0x0000000082d00000, 0x0000000082d00000| Untracked 
|  46|0x0000000082e00000, 0x0000000082f00000, 0x0000000082f00000|100%| O|  |TAMS 0x0000000082f00000, 0x0000000082e00000| Untracked 
|  47|0x0000000082f00000, 0x0000000083000000, 0x0000000083000000|100%| O|  |TAMS 0x0000000082f00000, 0x0000000082f00000| Untracked 
|  48|0x0000000083000000, 0x0000000083100000, 0x0000000083100000|100%| O|  |TAMS 0x0000000083100000, 0x0000000083000000| Untracked 
|  49|0x0000000083100000, 0x0000000083200000, 0x0000000083200000|100%| O|  |TAMS 0x0000000083100000, 0x0000000083100000| Untracked 
|  50|0x0000000083200000, 0x0000000083300000, 0x0000000083300000|100%| O|  |TAMS 0x0000000083300000, 0x0000000083200000| Untracked 
|  51|0x0000000083300000, 0x0000000083400000, 0x0000000083400000|100%| O|  |TAMS 0x0000000083300000, 0x0000000083300000| Untracked 
|  52|0x0000000083400000, 0x0000000083500000, 0x0000000083500000|100%| O|  |TAMS 0x0000000083500000, 0x0000000083400000| Untracked 
|  53|0x0000000083500000, 0x0000000083600000, 0x0000000083600000|100%| O|  |TAMS 0x0000000083600000, 0x0000000083500000| Untracked 
|  54|0x0000000083600000, 0x0000000083700000, 0x0000000083700000|100%| O|  |TAMS 0x0000000083700000, 0x0000000083600000| Untracked 
|  55|0x0000000083700000, 0x0000000083800000, 0x0000000083800000|100%| O|  |TAMS 0x0000000083800000, 0x0000000083700000| Untracked 
|  56|0x0000000083800000, 0x0000000083900000, 0x0000000083900000|100%| O|  |TAMS 0x0000000083800000, 0x0000000083800000| Untracked 
|  57|0x0000000083900000, 0x0000000083a00000, 0x0000000083a00000|100%| O|  |TAMS 0x0000000083a00000, 0x0000000083900000| Untracked 
|  58|0x0000000083a00000, 0x0000000083b00000, 0x0000000083b00000|100%| O|  |TAMS 0x0000000083a00000, 0x0000000083a00000| Untracked 
|  59|0x0000000083b00000, 0x0000000083c00000, 0x0000000083c00000|100%| O|  |TAMS 0x0000000083c00000, 0x0000000083b00000| Untracked 
|  60|0x0000000083c00000, 0x0000000083d00000, 0x0000000083d00000|100%| O|  |TAMS 0x0000000083d00000, 0x0000000083c00000| Untracked 
|  61|0x0000000083d00000, 0x0000000083e00000, 0x0000000083e00000|100%| O|  |TAMS 0x0000000083e00000, 0x0000000083d00000| Untracked 
|  62|0x0000000083e00000, 0x0000000083f00000, 0x0000000083f00000|100%| O|  |TAMS 0x0000000083f00000, 0x0000000083e00000| Untracked 
|  63|0x0000000083f00000, 0x0000000084000000, 0x0000000084000000|100%| O|  |TAMS 0x0000000084000000, 0x0000000083f00000| Untracked 
|  64|0x0000000084000000, 0x0000000084100000, 0x0000000084100000|100%| O|  |TAMS 0x0000000084000000, 0x0000000084000000| Untracked 
|  65|0x0000000084100000, 0x0000000084200000, 0x0000000084200000|100%| O|  |TAMS 0x0000000084200000, 0x0000000084100000| Untracked 
|  66|0x0000000084200000, 0x0000000084300000, 0x0000000084300000|100%| O|  |TAMS 0x0000000084300000, 0x0000000084200000| Untracked 
|  67|0x0000000084300000, 0x0000000084400000, 0x0000000084400000|100%| O|  |TAMS 0x0000000084300000, 0x0000000084300000| Untracked 
|  68|0x0000000084400000, 0x0000000084500000, 0x0000000084500000|100%| O|  |TAMS 0x0000000084500000, 0x0000000084400000| Untracked 
|  69|0x0000000084500000, 0x0000000084600000, 0x0000000084600000|100%| O|  |TAMS 0x0000000084500000, 0x0000000084500000| Untracked 
|  70|0x0000000084600000, 0x0000000084700000, 0x0000000084700000|100%| O|  |TAMS 0x0000000084600000, 0x0000000084600000| Untracked 
|  71|0x0000000084700000, 0x0000000084800000, 0x0000000084800000|100%| O|  |TAMS 0x0000000084800000, 0x0000000084700000| Untracked 
|  72|0x0000000084800000, 0x0000000084900000, 0x0000000084900000|100%| O|  |TAMS 0x0000000084900000, 0x0000000084800000| Untracked 
|  73|0x0000000084900000, 0x0000000084a00000, 0x0000000084a00000|100%| O|  |TAMS 0x0000000084a00000, 0x0000000084900000| Untracked 
|  74|0x0000000084a00000, 0x0000000084b00000, 0x0000000084b00000|100%| O|  |TAMS 0x0000000084b00000, 0x0000000084a00000| Untracked 
|  75|0x0000000084b00000, 0x0000000084c00000, 0x0000000084c00000|100%| O|  |TAMS 0x0000000084b00000, 0x0000000084b00000| Untracked 
|  76|0x0000000084c00000, 0x0000000084d00000, 0x0000000084d00000|100%| O|  |TAMS 0x0000000084d00000, 0x0000000084c00000| Untracked 
|  77|0x0000000084d00000, 0x0000000084e00000, 0x0000000084e00000|100%| O|  |TAMS 0x0000000084d00000, 0x0000000084d00000| Untracked 
|  78|0x0000000084e00000, 0x0000000084ed7800, 0x0000000084f00000| 84%| O|  |TAMS 0x0000000084e00000, 0x0000000084e00000| Untracked 
|  79|0x0000000084f00000, 0x0000000085000000, 0x0000000085000000|100%| O|  |TAMS 0x0000000085000000, 0x0000000084f00000| Untracked 
|  80|0x0000000085000000, 0x0000000085100000, 0x0000000085100000|100%| O|  |TAMS 0x0000000085100000, 0x0000000085000000| Untracked 
|  81|0x0000000085100000, 0x0000000085200000, 0x0000000085200000|100%| O|  |TAMS 0x0000000085200000, 0x0000000085100000| Untracked 
|  82|0x0000000085200000, 0x0000000085300000, 0x0000000085300000|100%| O|  |TAMS 0x0000000085300000, 0x0000000085200000| Untracked 
|  83|0x0000000085300000, 0x0000000085400000, 0x0000000085400000|100%| O|  |TAMS 0x0000000085400000, 0x0000000085300000| Untracked 
|  84|0x0000000085400000, 0x0000000085500000, 0x0000000085500000|100%| O|  |TAMS 0x0000000085500000, 0x0000000085400000| Untracked 
|  85|0x0000000085500000, 0x0000000085600000, 0x0000000085600000|100%| O|  |TAMS 0x0000000085600000, 0x0000000085500000| Untracked 
|  86|0x0000000085600000, 0x0000000085700000, 0x0000000085700000|100%| O|  |TAMS 0x0000000085700000, 0x0000000085600000| Untracked 
|  87|0x0000000085700000, 0x0000000085800000, 0x0000000085800000|100%| O|  |TAMS 0x0000000085800000, 0x0000000085700000| Untracked 
|  88|0x0000000085800000, 0x0000000085900000, 0x0000000085900000|100%| O|  |TAMS 0x0000000085900000, 0x0000000085800000| Untracked 
|  89|0x0000000085900000, 0x0000000085900000, 0x0000000085a00000|  0%| F|  |TAMS 0x0000000085900000, 0x0000000085900000| Untracked 
|  90|0x0000000085a00000, 0x0000000085b00000, 0x0000000085b00000|100%| O|  |TAMS 0x0000000085a00000, 0x0000000085a00000| Untracked 
|  91|0x0000000085b00000, 0x0000000085b00000, 0x0000000085c00000|  0%| F|  |TAMS 0x0000000085b00000, 0x0000000085b00000| Untracked 
|  92|0x0000000085c00000, 0x0000000085c00000, 0x0000000085d00000|  0%| F|  |TAMS 0x0000000085c00000, 0x0000000085c00000| Untracked 
|  93|0x0000000085d00000, 0x0000000085d00000, 0x0000000085e00000|  0%| F|  |TAMS 0x0000000085d00000, 0x0000000085d00000| Untracked 
|  94|0x0000000085e00000, 0x0000000085e00000, 0x0000000085f00000|  0%| F|  |TAMS 0x0000000085e00000, 0x0000000085e00000| Untracked 
|  95|0x0000000085f00000, 0x0000000086000000, 0x0000000086000000|100%| O|  |TAMS 0x0000000086000000, 0x0000000085f00000| Untracked 
|  96|0x0000000086000000, 0x0000000086000000, 0x0000000086100000|  0%| F|  |TAMS 0x0000000086000000, 0x0000000086000000| Untracked 
|  97|0x0000000086100000, 0x0000000086100000, 0x0000000086200000|  0%| F|  |TAMS 0x0000000086100000, 0x0000000086100000| Untracked 
|  98|0x0000000086200000, 0x0000000086200000, 0x0000000086300000|  0%| F|  |TAMS 0x0000000086200000, 0x0000000086200000| Untracked 
|  99|0x0000000086300000, 0x0000000086300000, 0x0000000086400000|  0%| F|  |TAMS 0x0000000086300000, 0x0000000086300000| Untracked 
| 100|0x0000000086400000, 0x0000000086400000, 0x0000000086500000|  0%| F|  |TAMS 0x0000000086400000, 0x0000000086400000| Untracked 
| 101|0x0000000086500000, 0x0000000086600000, 0x0000000086600000|100%| O|  |TAMS 0x0000000086600000, 0x0000000086500000| Untracked 
| 102|0x0000000086600000, 0x0000000086700000, 0x0000000086700000|100%| O|  |TAMS 0x0000000086700000, 0x0000000086600000| Untracked 
| 103|0x0000000086700000, 0x0000000086800000, 0x0000000086800000|100%| O|  |TAMS 0x0000000086800000, 0x0000000086700000| Untracked 
| 104|0x0000000086800000, 0x0000000086900000, 0x0000000086900000|100%| O|  |TAMS 0x0000000086900000, 0x0000000086800000| Untracked 
| 105|0x0000000086900000, 0x0000000086a00000, 0x0000000086a00000|100%| O|  |TAMS 0x0000000086a00000, 0x0000000086900000| Untracked 
| 106|0x0000000086a00000, 0x0000000086b00000, 0x0000000086b00000|100%| O|  |TAMS 0x0000000086b00000, 0x0000000086a00000| Untracked 
| 107|0x0000000086b00000, 0x0000000086b00000, 0x0000000086c00000|  0%| F|  |TAMS 0x0000000086b00000, 0x0000000086b00000| Untracked 
| 108|0x0000000086c00000, 0x0000000086c00000, 0x0000000086d00000|  0%| F|  |TAMS 0x0000000086c00000, 0x0000000086c00000| Untracked 
| 109|0x0000000086d00000, 0x0000000086d00000, 0x0000000086e00000|  0%| F|  |TAMS 0x0000000086d00000, 0x0000000086d00000| Untracked 
| 110|0x0000000086e00000, 0x0000000086e00000, 0x0000000086f00000|  0%| F|  |TAMS 0x0000000086e00000, 0x0000000086e00000| Untracked 
| 111|0x0000000086f00000, 0x0000000086f00000, 0x0000000087000000|  0%| F|  |TAMS 0x0000000086f00000, 0x0000000086f00000| Untracked 
| 112|0x0000000087000000, 0x0000000087000000, 0x0000000087100000|  0%| F|  |TAMS 0x0000000087000000, 0x0000000087000000| Untracked 
| 113|0x0000000087100000, 0x0000000087100000, 0x0000000087200000|  0%| F|  |TAMS 0x0000000087100000, 0x0000000087100000| Untracked 
| 114|0x0000000087200000, 0x0000000087300000, 0x0000000087300000|100%| O|  |TAMS 0x0000000087300000, 0x0000000087200000| Untracked 
| 115|0x0000000087300000, 0x0000000087400000, 0x0000000087400000|100%| O|  |TAMS 0x0000000087400000, 0x0000000087300000| Untracked 
| 116|0x0000000087400000, 0x0000000087500000, 0x0000000087500000|100%| O|  |TAMS 0x0000000087500000, 0x0000000087400000| Untracked 
| 117|0x0000000087500000, 0x0000000087600000, 0x0000000087600000|100%| O|  |TAMS 0x0000000087600000, 0x0000000087500000| Untracked 
| 118|0x0000000087600000, 0x0000000087700000, 0x0000000087700000|100%| O|  |TAMS 0x0000000087700000, 0x0000000087600000| Untracked 
| 119|0x0000000087700000, 0x0000000087800000, 0x0000000087800000|100%| O|  |TAMS 0x0000000087800000, 0x0000000087700000| Untracked 
| 120|0x0000000087800000, 0x0000000087900000, 0x0000000087900000|100%| O|  |TAMS 0x0000000087900000, 0x0000000087800000| Untracked 
| 121|0x0000000087900000, 0x0000000087a00000, 0x0000000087a00000|100%| O|  |TAMS 0x0000000087a00000, 0x0000000087900000| Untracked 
| 122|0x0000000087a00000, 0x0000000087b00000, 0x0000000087b00000|100%| O|  |TAMS 0x0000000087b00000, 0x0000000087a00000| Untracked 
| 123|0x0000000087b00000, 0x0000000087c00000, 0x0000000087c00000|100%| O|  |TAMS 0x0000000087c00000, 0x0000000087b00000| Untracked 
| 124|0x0000000087c00000, 0x0000000087d00000, 0x0000000087d00000|100%| O|  |TAMS 0x0000000087d00000, 0x0000000087c00000| Untracked 
| 125|0x0000000087d00000, 0x0000000087e00000, 0x0000000087e00000|100%| O|  |TAMS 0x0000000087e00000, 0x0000000087d00000| Untracked 
| 126|0x0000000087e00000, 0x0000000087f00000, 0x0000000087f00000|100%| O|  |TAMS 0x0000000087f00000, 0x0000000087e00000| Untracked 
| 127|0x0000000087f00000, 0x0000000088000000, 0x0000000088000000|100%| O|  |TAMS 0x0000000088000000, 0x0000000087f00000| Untracked 
| 128|0x0000000088000000, 0x0000000088100000, 0x0000000088100000|100%| O|  |TAMS 0x0000000088100000, 0x0000000088000000| Untracked 
| 129|0x0000000088100000, 0x0000000088200000, 0x0000000088200000|100%| O|  |TAMS 0x0000000088200000, 0x0000000088100000| Untracked 
| 130|0x0000000088200000, 0x0000000088300000, 0x0000000088300000|100%| O|  |TAMS 0x0000000088300000, 0x0000000088200000| Untracked 
| 131|0x0000000088300000, 0x0000000088300000, 0x0000000088400000|  0%| F|  |TAMS 0x0000000088300000, 0x0000000088300000| Untracked 
| 132|0x0000000088400000, 0x0000000088400000, 0x0000000088500000|  0%| F|  |TAMS 0x0000000088400000, 0x0000000088400000| Untracked 
| 133|0x0000000088500000, 0x0000000088500000, 0x0000000088600000|  0%| F|  |TAMS 0x0000000088500000, 0x0000000088500000| Untracked 
| 134|0x0000000088600000, 0x0000000088700000, 0x0000000088700000|100%| O|  |TAMS 0x0000000088700000, 0x0000000088600000| Untracked 
| 135|0x0000000088700000, 0x0000000088700000, 0x0000000088800000|  0%| F|  |TAMS 0x0000000088700000, 0x0000000088700000| Untracked 
| 136|0x0000000088800000, 0x0000000088900000, 0x0000000088900000|100%| O|  |TAMS 0x0000000088900000, 0x0000000088800000| Untracked 
| 137|0x0000000088900000, 0x0000000088a00000, 0x0000000088a00000|100%| O|  |TAMS 0x0000000088a00000, 0x0000000088900000| Untracked 
| 138|0x0000000088a00000, 0x0000000088b00000, 0x0000000088b00000|100%| O|  |TAMS 0x0000000088b00000, 0x0000000088a00000| Untracked 
| 139|0x0000000088b00000, 0x0000000088c00000, 0x0000000088c00000|100%| O|  |TAMS 0x0000000088c00000, 0x0000000088b00000| Untracked 
| 140|0x0000000088c00000, 0x0000000088d00000, 0x0000000088d00000|100%| O|  |TAMS 0x0000000088d00000, 0x0000000088c00000| Untracked 
| 141|0x0000000088d00000, 0x0000000088d00000, 0x0000000088e00000|  0%| F|  |TAMS 0x0000000088d00000, 0x0000000088d00000| Untracked 
| 142|0x0000000088e00000, 0x0000000088e00000, 0x0000000088f00000|  0%| F|  |TAMS 0x0000000088e00000, 0x0000000088e00000| Untracked 
| 143|0x0000000088f00000, 0x0000000089000000, 0x0000000089000000|100%| O|  |TAMS 0x0000000089000000, 0x0000000088f00000| Untracked 
| 144|0x0000000089000000, 0x0000000089100000, 0x0000000089100000|100%| O|  |TAMS 0x0000000089100000, 0x0000000089000000| Untracked 
| 145|0x0000000089100000, 0x0000000089200000, 0x0000000089200000|100%| O|  |TAMS 0x0000000089200000, 0x0000000089100000| Untracked 
| 146|0x0000000089200000, 0x0000000089300000, 0x0000000089300000|100%| O|  |TAMS 0x0000000089300000, 0x0000000089200000| Untracked 
| 147|0x0000000089300000, 0x0000000089400000, 0x0000000089400000|100%| O|  |TAMS 0x0000000089400000, 0x0000000089300000| Untracked 
| 148|0x0000000089400000, 0x0000000089400000, 0x0000000089500000|  0%| F|  |TAMS 0x0000000089400000, 0x0000000089400000| Untracked 
| 149|0x0000000089500000, 0x0000000089500000, 0x0000000089600000|  0%| F|  |TAMS 0x0000000089500000, 0x0000000089500000| Untracked 
| 150|0x0000000089600000, 0x0000000089600000, 0x0000000089700000|  0%| F|  |TAMS 0x0000000089600000, 0x0000000089600000| Untracked 
| 151|0x0000000089700000, 0x0000000089700000, 0x0000000089800000|  0%| F|  |TAMS 0x0000000089700000, 0x0000000089700000| Untracked 
| 152|0x0000000089800000, 0x0000000089800000, 0x0000000089900000|  0%| F|  |TAMS 0x0000000089800000, 0x0000000089800000| Untracked 
| 153|0x0000000089900000, 0x0000000089900000, 0x0000000089a00000|  0%| F|  |TAMS 0x0000000089900000, 0x0000000089900000| Untracked 
| 154|0x0000000089a00000, 0x0000000089a00000, 0x0000000089b00000|  0%| F|  |TAMS 0x0000000089a00000, 0x0000000089a00000| Untracked 
| 155|0x0000000089b00000, 0x0000000089b00000, 0x0000000089c00000|  0%| F|  |TAMS 0x0000000089b00000, 0x0000000089b00000| Untracked 
| 156|0x0000000089c00000, 0x0000000089c00000, 0x0000000089d00000|  0%| F|  |TAMS 0x0000000089c00000, 0x0000000089c00000| Untracked 
| 157|0x0000000089d00000, 0x0000000089d00000, 0x0000000089e00000|  0%| F|  |TAMS 0x0000000089d00000, 0x0000000089d00000| Untracked 
| 158|0x0000000089e00000, 0x0000000089e00000, 0x0000000089f00000|  0%| F|  |TAMS 0x0000000089e00000, 0x0000000089e00000| Untracked 
| 159|0x0000000089f00000, 0x0000000089f00000, 0x000000008a000000|  0%| F|  |TAMS 0x0000000089f00000, 0x0000000089f00000| Untracked 
| 160|0x000000008a000000, 0x000000008a000000, 0x000000008a100000|  0%| F|  |TAMS 0x000000008a000000, 0x000000008a000000| Untracked 
| 161|0x000000008a100000, 0x000000008a100000, 0x000000008a200000|  0%| F|  |TAMS 0x000000008a100000, 0x000000008a100000| Untracked 
| 162|0x000000008a200000, 0x000000008a200000, 0x000000008a300000|  0%| F|  |TAMS 0x000000008a200000, 0x000000008a200000| Untracked 
| 163|0x000000008a300000, 0x000000008a300000, 0x000000008a400000|  0%| F|  |TAMS 0x000000008a300000, 0x000000008a300000| Untracked 
| 164|0x000000008a400000, 0x000000008a400000, 0x000000008a500000|  0%| F|  |TAMS 0x000000008a400000, 0x000000008a400000| Untracked 
| 165|0x000000008a500000, 0x000000008a500000, 0x000000008a600000|  0%| F|  |TAMS 0x000000008a500000, 0x000000008a500000| Untracked 
| 166|0x000000008a600000, 0x000000008a600000, 0x000000008a700000|  0%| F|  |TAMS 0x000000008a600000, 0x000000008a600000| Untracked 
| 167|0x000000008a700000, 0x000000008a700000, 0x000000008a800000|  0%| F|  |TAMS 0x000000008a700000, 0x000000008a700000| Untracked 
| 168|0x000000008a800000, 0x000000008a800000, 0x000000008a900000|  0%| F|  |TAMS 0x000000008a800000, 0x000000008a800000| Untracked 
| 169|0x000000008a900000, 0x000000008a900000, 0x000000008aa00000|  0%| F|  |TAMS 0x000000008a900000, 0x000000008a900000| Untracked 
| 170|0x000000008aa00000, 0x000000008aa00000, 0x000000008ab00000|  0%| F|  |TAMS 0x000000008aa00000, 0x000000008aa00000| Untracked 
| 171|0x000000008ab00000, 0x000000008ab00000, 0x000000008ac00000|  0%| F|  |TAMS 0x000000008ab00000, 0x000000008ab00000| Untracked 
| 172|0x000000008ac00000, 0x000000008ac00000, 0x000000008ad00000|  0%| F|  |TAMS 0x000000008ac00000, 0x000000008ac00000| Untracked 
| 173|0x000000008ad00000, 0x000000008ad00000, 0x000000008ae00000|  0%| F|  |TAMS 0x000000008ad00000, 0x000000008ad00000| Untracked 
| 174|0x000000008ae00000, 0x000000008aeaa890, 0x000000008af00000| 70%| E|  |TAMS 0x000000008ae00000, 0x000000008ae00000| Complete 
| 175|0x000000008af00000, 0x000000008b000000, 0x000000008b000000|100%| E|CS|TAMS 0x000000008af00000, 0x000000008af00000| Complete 
| 176|0x000000008b000000, 0x000000008b100000, 0x000000008b100000|100%| E|CS|TAMS 0x000000008b000000, 0x000000008b000000| Complete 
| 177|0x000000008b100000, 0x000000008b200000, 0x000000008b200000|100%| E|CS|TAMS 0x000000008b100000, 0x000000008b100000| Complete 
| 178|0x000000008b200000, 0x000000008b300000, 0x000000008b300000|100%| E|CS|TAMS 0x000000008b200000, 0x000000008b200000| Complete 
| 179|0x000000008b300000, 0x000000008b400000, 0x000000008b400000|100%| E|CS|TAMS 0x000000008b300000, 0x000000008b300000| Complete 
| 180|0x000000008b400000, 0x000000008b500000, 0x000000008b500000|100%| E|CS|TAMS 0x000000008b400000, 0x000000008b400000| Complete 
| 181|0x000000008b500000, 0x000000008b600000, 0x000000008b600000|100%| E|CS|TAMS 0x000000008b500000, 0x000000008b500000| Complete 
| 182|0x000000008b600000, 0x000000008b700000, 0x000000008b700000|100%| E|CS|TAMS 0x000000008b600000, 0x000000008b600000| Complete 
| 183|0x000000008b700000, 0x000000008b800000, 0x000000008b800000|100%| E|CS|TAMS 0x000000008b700000, 0x000000008b700000| Complete 
| 184|0x000000008b800000, 0x000000008b900000, 0x000000008b900000|100%| E|CS|TAMS 0x000000008b800000, 0x000000008b800000| Complete 
| 185|0x000000008b900000, 0x000000008ba00000, 0x000000008ba00000|100%| E|CS|TAMS 0x000000008b900000, 0x000000008b900000| Complete 
| 186|0x000000008ba00000, 0x000000008bb00000, 0x000000008bb00000|100%| E|CS|TAMS 0x000000008ba00000, 0x000000008ba00000| Complete 
| 187|0x000000008bb00000, 0x000000008bc00000, 0x000000008bc00000|100%| E|CS|TAMS 0x000000008bb00000, 0x000000008bb00000| Complete 
| 188|0x000000008bc00000, 0x000000008bd00000, 0x000000008bd00000|100%| E|CS|TAMS 0x000000008bc00000, 0x000000008bc00000| Complete 
| 189|0x000000008bd00000, 0x000000008be00000, 0x000000008be00000|100%| E|CS|TAMS 0x000000008bd00000, 0x000000008bd00000| Complete 
| 190|0x000000008be00000, 0x000000008bf00000, 0x000000008bf00000|100%| E|CS|TAMS 0x000000008be00000, 0x000000008be00000| Complete 
| 191|0x000000008bf00000, 0x000000008c000000, 0x000000008c000000|100%| E|  |TAMS 0x000000008bf00000, 0x000000008bf00000| Complete 
| 192|0x000000008c000000, 0x000000008c100000, 0x000000008c100000|100%| E|CS|TAMS 0x000000008c000000, 0x000000008c000000| Complete 
| 193|0x000000008c100000, 0x000000008c200000, 0x000000008c200000|100%| E|CS|TAMS 0x000000008c100000, 0x000000008c100000| Complete 
| 194|0x000000008c200000, 0x000000008c300000, 0x000000008c300000|100%| E|CS|TAMS 0x000000008c200000, 0x000000008c200000| Complete 
| 195|0x000000008c300000, 0x000000008c400000, 0x000000008c400000|100%| E|CS|TAMS 0x000000008c300000, 0x000000008c300000| Complete 
| 196|0x000000008c400000, 0x000000008c500000, 0x000000008c500000|100%| E|CS|TAMS 0x000000008c400000, 0x000000008c400000| Complete 
| 197|0x000000008c500000, 0x000000008c600000, 0x000000008c600000|100%| E|CS|TAMS 0x000000008c500000, 0x000000008c500000| Complete 
| 198|0x000000008c600000, 0x000000008c700000, 0x000000008c700000|100%| E|CS|TAMS 0x000000008c600000, 0x000000008c600000| Complete 
| 199|0x000000008c700000, 0x000000008c800000, 0x000000008c800000|100%| E|CS|TAMS 0x000000008c700000, 0x000000008c700000| Complete 
| 200|0x000000008c800000, 0x000000008c900000, 0x000000008c900000|100%| E|CS|TAMS 0x000000008c800000, 0x000000008c800000| Complete 
| 201|0x000000008c900000, 0x000000008ca00000, 0x000000008ca00000|100%| E|CS|TAMS 0x000000008c900000, 0x000000008c900000| Complete 
| 202|0x000000008ca00000, 0x000000008cb00000, 0x000000008cb00000|100%| E|CS|TAMS 0x000000008ca00000, 0x000000008ca00000| Complete 
| 203|0x000000008cb00000, 0x000000008cc00000, 0x000000008cc00000|100%| E|CS|TAMS 0x000000008cb00000, 0x000000008cb00000| Complete 
| 204|0x000000008cc00000, 0x000000008cd00000, 0x000000008cd00000|100%| E|CS|TAMS 0x000000008cc00000, 0x000000008cc00000| Complete 
| 205|0x000000008cd00000, 0x000000008ce00000, 0x000000008ce00000|100%| E|CS|TAMS 0x000000008cd00000, 0x000000008cd00000| Complete 
| 206|0x000000008ce00000, 0x000000008cf00000, 0x000000008cf00000|100%| E|CS|TAMS 0x000000008ce00000, 0x000000008ce00000| Complete 
| 207|0x000000008cf00000, 0x000000008d000000, 0x000000008d000000|100%| E|CS|TAMS 0x000000008cf00000, 0x000000008cf00000| Complete 
| 208|0x000000008d000000, 0x000000008d100000, 0x000000008d100000|100%| E|CS|TAMS 0x000000008d000000, 0x000000008d000000| Complete 
| 209|0x000000008d100000, 0x000000008d200000, 0x000000008d200000|100%| E|CS|TAMS 0x000000008d100000, 0x000000008d100000| Complete 
| 210|0x000000008d200000, 0x000000008d300000, 0x000000008d300000|100%| E|CS|TAMS 0x000000008d200000, 0x000000008d200000| Complete 
| 211|0x000000008d300000, 0x000000008d400000, 0x000000008d400000|100%| E|CS|TAMS 0x000000008d300000, 0x000000008d300000| Complete 
| 212|0x000000008d400000, 0x000000008d467f60, 0x000000008d500000| 40%| S|CS|TAMS 0x000000008d400000, 0x000000008d400000| Complete 
| 213|0x000000008d500000, 0x000000008d600000, 0x000000008d600000|100%| E|CS|TAMS 0x000000008d500000, 0x000000008d500000| Complete 
| 214|0x000000008d600000, 0x000000008d700000, 0x000000008d700000|100%| E|CS|TAMS 0x000000008d600000, 0x000000008d600000| Complete 
| 215|0x000000008d700000, 0x000000008d800000, 0x000000008d800000|100%| E|CS|TAMS 0x000000008d700000, 0x000000008d700000| Complete 
| 216|0x000000008d800000, 0x000000008d900000, 0x000000008d900000|100%| E|CS|TAMS 0x000000008d800000, 0x000000008d800000| Complete 
| 217|0x000000008d900000, 0x000000008da00000, 0x000000008da00000|100%| E|CS|TAMS 0x000000008d900000, 0x000000008d900000| Complete 
| 218|0x000000008da00000, 0x000000008db00000, 0x000000008db00000|100%| E|CS|TAMS 0x000000008da00000, 0x000000008da00000| Complete 
| 219|0x000000008db00000, 0x000000008dc00000, 0x000000008dc00000|100%| E|CS|TAMS 0x000000008db00000, 0x000000008db00000| Complete 
| 220|0x000000008dc00000, 0x000000008dd00000, 0x000000008dd00000|100%| E|CS|TAMS 0x000000008dc00000, 0x000000008dc00000| Complete 
| 221|0x000000008dd00000, 0x000000008de00000, 0x000000008de00000|100%| E|CS|TAMS 0x000000008dd00000, 0x000000008dd00000| Complete 

Card table byte_map: [0x0000021af5550000,0x0000021af5950000] _byte_map_base: 0x0000021af5150000

Marking Bits (Prev, Next): (CMBitMap*) 0x0000021ae0866d30, (CMBitMap*) 0x0000021ae0866cf8
 Prev Bits: [0x0000021af7d50000, 0x0000021af9d50000)
 Next Bits: [0x0000021af5d50000, 0x0000021af7d50000)

Polling page: 0x0000021ae0620000

Metaspace:

Usage:
  Non-class:     96.30 MB capacity,    94.60 MB ( 98%) used,     1.37 MB (  1%) free+waste,   345.25 KB ( <1%) overhead. 
      Class:     14.32 MB capacity,    13.30 MB ( 93%) used,   886.59 KB (  6%) free+waste,   149.75 KB (  1%) overhead. 
       Both:    110.62 MB capacity,   107.90 MB ( 98%) used,     2.23 MB (  2%) free+waste,   495.00 KB ( <1%) overhead. 

Virtual space:
  Non-class space:       98.00 MB reserved,      96.66 MB ( 99%) committed 
      Class space:        1.00 GB reserved,      14.50 MB (  1%) committed 
             Both:        1.10 GB reserved,     111.16 MB ( 10%) committed 

Chunk freelists:
   Non-Class:  177.00 KB
       Class:  92.00 KB
        Both:  269.00 KB

MaxMetaspaceSize: 17179869184.00 GB
CompressedClassSpaceSize: 1.00 GB
Initial GC threshold: 20.80 MB
Current GC threshold: 181.52 MB
CDS: off

CodeHeap 'non-profiled nmethods': size=120064Kb used=12419Kb max_used=12419Kb free=107644Kb
 bounds [0x0000021aed5d0000, 0x0000021aee200000, 0x0000021af4b10000]
CodeHeap 'profiled nmethods': size=120000Kb used=37047Kb max_used=37047Kb free=82952Kb
 bounds [0x0000021ae60a0000, 0x0000021ae84d0000, 0x0000021aed5d0000]
CodeHeap 'non-nmethods': size=5696Kb used=2434Kb max_used=2480Kb free=3261Kb
 bounds [0x0000021ae5b10000, 0x0000021ae5d90000, 0x0000021ae60a0000]
 total_blobs=18949 nmethods=17986 adapters=874
 compilation: enabled
              stopped_count=0, restarted_count=0
 full_count=0

Compilation events (20 events):
Event: 2769.145 Thread 0x0000021afc3d9800 19050       3       sun.nio.cs.UTF_8::newDecoder (9 bytes)
Event: 2769.146 Thread 0x0000021afc3d9800 nmethod 19050 0x0000021ae84bcf90 code [0x0000021ae84bd180, 0x0000021ae84bd408]
Event: 2769.152 Thread 0x0000021afc3d9800 19051       3       com.google.common.cache.LocalCache$SoftValueReference::<init> (12 bytes)
Event: 2769.153 Thread 0x0000021afc3d9800 nmethod 19051 0x0000021ae84bd590 code [0x0000021ae84bd760, 0x0000021ae84bdaf8]
Event: 2769.177 Thread 0x0000021afe1d6000 nmethod 19033 0x0000021aee1ea490 code [0x0000021aee1ea6c0, 0x0000021aee1eb338]
Event: 2769.177 Thread 0x0000021afe1d6000 19026       4       com.android.ide.common.symbols.Symbol$BasicNormalSymbol::equals (52 bytes)
Event: 2769.182 Thread 0x0000021afc3d9800 19053   !   3       sun.nio.fs.WindowsFileSystemProvider::newFileChannel (113 bytes)
Event: 2769.182 Thread 0x0000021afe1d6000 nmethod 19026 0x0000021aee1eba10 code [0x0000021aee1ebbc0, 0x0000021aee1ebe38]
Event: 2769.182 Thread 0x0000021afe1d6000 19052       4       com.google.common.collect.ImmutableMap::copyOf (58 bytes)
Event: 2769.183 Thread 0x0000021afc3d9800 nmethod 19053 0x0000021ae84bdc10 code [0x0000021ae84bdea0, 0x0000021ae84be928]
Event: 2769.187 Thread 0x0000021afe1d6000 nmethod 19052 0x0000021aee1ec010 code [0x0000021aee1ec1c0, 0x0000021aee1ec3c8]
Event: 2769.187 Thread 0x0000021afe1d6000 19039       4       javax.lang.model.SourceVersion::isKeyword (1616 bytes)
Event: 2769.213 Thread 0x0000021afc3d9800 19055       3       java.nio.file.Files::asUncheckedRunnable (7 bytes)
Event: 2769.214 Thread 0x0000021afc3d9800 nmethod 19055 0x0000021ae84bee10 code [0x0000021ae84bf000, 0x0000021ae84bf578]
Event: 2769.214 Thread 0x0000021afc3d9800 19056       3       java.nio.file.Files$$Lambda$1126/0x0000000100d0f840::get$Lambda (9 bytes)
Event: 2769.214 Thread 0x0000021afc3d9800 nmethod 19056 0x0000021ae84bf710 code [0x0000021ae84bf8e0, 0x0000021ae84bfb38]
Event: 2769.214 Thread 0x0000021afc3d9800 19057       3       java.nio.file.Files$$Lambda$1126/0x0000000100d0f840::run (8 bytes)
Event: 2769.215 Thread 0x0000021afc3d9800 nmethod 19057 0x0000021ae84bfc10 code [0x0000021ae84bfde0, 0x0000021ae84c00f8]
Event: 2769.215 Thread 0x0000021afc3d9800 19058       3       java.nio.file.Files::lines (67 bytes)
Event: 2769.218 Thread 0x0000021afc3d9800 nmethod 19058 0x0000021ae84c0290 code [0x0000021ae84c0680, 0x0000021ae84c2268]

GC Heap History (20 events):
Event: 123.673 GC heap before
{Heap before GC invocations=47 (full 0):
 garbage-first heap   total 227328K, used 183309K [0x0000000080000000, 0x0000000100000000)
  region size 1024K, 67 young (68608K), 5 survivors (5120K)
 Metaspace       used 104405K, capacity 107226K, committed 107300K, reserved 1142784K
  class space    used 13062K, capacity 14141K, committed 14208K, reserved 1048576K
}
Event: 123.690 GC heap after
{Heap after GC invocations=48 (full 0):
 garbage-first heap   total 227328K, used 124486K [0x0000000080000000, 0x0000000100000000)
  region size 1024K, 8 young (8192K), 8 survivors (8192K)
 Metaspace       used 104405K, capacity 107226K, committed 107300K, reserved 1142784K
  class space    used 13062K, capacity 14141K, committed 14208K, reserved 1048576K
}
Event: 2349.675 GC heap before
{Heap before GC invocations=49 (full 0):
 garbage-first heap   total 227328K, used 203334K [0x0000000080000000, 0x0000000100000000)
  region size 1024K, 69 young (70656K), 8 survivors (8192K)
 Metaspace       used 104809K, capacity 107703K, committed 107812K, reserved 1142784K
  class space    used 13068K, capacity 14146K, committed 14208K, reserved 1048576K
}
Event: 2349.825 GC heap after
{Heap after GC invocations=50 (full 0):
 garbage-first heap   total 227328K, used 121356K [0x0000000080000000, 0x0000000100000000)
  region size 1024K, 2 young (2048K), 2 survivors (2048K)
 Metaspace       used 104809K, capacity 107703K, committed 107812K, reserved 1142784K
  class space    used 13068K, capacity 14146K, committed 14208K, reserved 1048576K
}
Event: 2355.039 GC heap before
{Heap before GC invocations=50 (full 0):
 garbage-first heap   total 227328K, used 129548K [0x0000000080000000, 0x0000000100000000)
  region size 1024K, 11 young (11264K), 2 survivors (2048K)
 Metaspace       used 104820K, capacity 107703K, committed 107812K, reserved 1142784K
  class space    used 13068K, capacity 14146K, committed 14208K, reserved 1048576K
}
Event: 2355.184 GC heap after
{Heap after GC invocations=51 (full 0):
 garbage-first heap   total 227328K, used 114231K [0x0000000080000000, 0x0000000100000000)
  region size 1024K, 1 young (1024K), 1 survivors (1024K)
 Metaspace       used 104820K, capacity 107703K, committed 107812K, reserved 1142784K
  class space    used 13068K, capacity 14146K, committed 14208K, reserved 1048576K
}
Event: 2758.080 GC heap before
{Heap before GC invocations=51 (full 0):
 garbage-first heap   total 227328K, used 183863K [0x0000000080000000, 0x0000000100000000)
  region size 1024K, 71 young (72704K), 1 survivors (1024K)
 Metaspace       used 105256K, capacity 108119K, committed 108324K, reserved 1142784K
  class space    used 13096K, capacity 14175K, committed 14208K, reserved 1048576K
}
Event: 2758.154 GC heap after
{Heap after GC invocations=52 (full 0):
 garbage-first heap   total 227328K, used 120794K [0x0000000080000000, 0x0000000100000000)
  region size 1024K, 8 young (8192K), 8 survivors (8192K)
 Metaspace       used 105256K, capacity 108119K, committed 108324K, reserved 1142784K
  class space    used 13096K, capacity 14175K, committed 14208K, reserved 1048576K
}
Event: 2761.632 GC heap before
{Heap before GC invocations=53 (full 0):
 garbage-first heap   total 227328K, used 187354K [0x0000000080000000, 0x0000000100000000)
  region size 1024K, 72 young (73728K), 8 survivors (8192K)
 Metaspace       used 106675K, capacity 109365K, committed 110116K, reserved 1144832K
  class space    used 13229K, capacity 14194K, committed 14464K, reserved 1048576K
}
Event: 2761.721 GC heap after
{Heap after GC invocations=54 (full 0):
 garbage-first heap   total 227328K, used 137611K [0x0000000080000000, 0x0000000100000000)
  region size 1024K, 9 young (9216K), 9 survivors (9216K)
 Metaspace       used 106675K, capacity 109365K, committed 110116K, reserved 1144832K
  class space    used 13229K, capacity 14194K, committed 14464K, reserved 1048576K
}
Event: 2761.743 GC heap before
{Heap before GC invocations=54 (full 0):
 garbage-first heap   total 227328K, used 138635K [0x0000000080000000, 0x0000000100000000)
  region size 1024K, 11 young (11264K), 9 survivors (9216K)
 Metaspace       used 106803K, capacity 109429K, committed 110116K, reserved 1144832K
  class space    used 13240K, capacity 14194K, committed 14464K, reserved 1048576K
}
Event: 2761.850 GC heap after
{Heap after GC invocations=55 (full 0):
 garbage-first heap   total 227328K, used 128416K [0x0000000080000000, 0x0000000100000000)
  region size 1024K, 2 young (2048K), 2 survivors (2048K)
 Metaspace       used 106803K, capacity 109429K, committed 110116K, reserved 1144832K
  class space    used 13240K, capacity 14194K, committed 14464K, reserved 1048576K
}
Event: 2762.102 GC heap before
{Heap before GC invocations=55 (full 0):
 garbage-first heap   total 227328K, used 137632K [0x0000000080000000, 0x0000000100000000)
  region size 1024K, 11 young (11264K), 2 survivors (2048K)
 Metaspace       used 107250K, capacity 109973K, committed 110756K, reserved 1144832K
  class space    used 13305K, capacity 14290K, committed 14592K, reserved 1048576K
}
Event: 2762.120 GC heap after
{Heap after GC invocations=56 (full 0):
 garbage-first heap   total 227328K, used 127626K [0x0000000080000000, 0x0000000100000000)
  region size 1024K, 1 young (1024K), 1 survivors (1024K)
 Metaspace       used 107250K, capacity 109973K, committed 110756K, reserved 1144832K
  class space    used 13305K, capacity 14290K, committed 14592K, reserved 1048576K
}
Event: 2763.306 GC heap before
{Heap before GC invocations=56 (full 0):
 garbage-first heap   total 227328K, used 154250K [0x0000000080000000, 0x0000000100000000)
  region size 1024K, 28 young (28672K), 1 survivors (1024K)
 Metaspace       used 108173K, capacity 110897K, committed 111524K, reserved 1146880K
  class space    used 13399K, capacity 14384K, committed 14592K, reserved 1048576K
}
Event: 2763.339 GC heap after
{Heap after GC invocations=57 (full 0):
 garbage-first heap   total 227328K, used 136765K [0x0000000080000000, 0x0000000100000000)
  region size 1024K, 7 young (7168K), 7 survivors (7168K)
 Metaspace       used 108173K, capacity 110897K, committed 111524K, reserved 1146880K
  class space    used 13399K, capacity 14384K, committed 14592K, reserved 1048576K
}
Event: 2765.783 GC heap before
{Heap before GC invocations=58 (full 0):
 garbage-first heap   total 227328K, used 206397K [0x0000000080000000, 0x0000000100000000)
  region size 1024K, 49 young (50176K), 7 survivors (7168K)
 Metaspace       used 109901K, capacity 112714K, committed 113188K, reserved 1148928K
  class space    used 13580K, capacity 14625K, committed 14720K, reserved 1048576K
}
Event: 2765.824 GC heap after
{Heap after GC invocations=59 (full 0):
 garbage-first heap   total 227328K, used 138192K [0x0000000080000000, 0x0000000100000000)
  region size 1024K, 2 young (2048K), 2 survivors (2048K)
 Metaspace       used 109901K, capacity 112714K, committed 113188K, reserved 1148928K
  class space    used 13580K, capacity 14625K, committed 14720K, reserved 1048576K
}
Event: 2766.707 GC heap before
{Heap before GC invocations=59 (full 0):
 garbage-first heap   total 227328K, used 146384K [0x0000000080000000, 0x0000000100000000)
  region size 1024K, 11 young (11264K), 2 survivors (2048K)
 Metaspace       used 110048K, capacity 112842K, committed 113188K, reserved 1148928K
  class space    used 13594K, capacity 14625K, committed 14720K, reserved 1048576K
}
Event: 2766.745 GC heap after
{Heap after GC invocations=60 (full 0):
 garbage-first heap   total 227328K, used 127229K [0x0000000080000000, 0x0000000100000000)
  region size 1024K, 1 young (1024K), 1 survivors (1024K)
 Metaspace       used 110048K, capacity 112842K, committed 113188K, reserved 1148928K
  class space    used 13594K, capacity 14625K, committed 14720K, reserved 1048576K
}

Deoptimization events (20 events):
Event: 2768.910 Thread 0x0000021afe835000 Uncommon trap: trap_request=0xffffffd6 fr.pc=0x0000021aee1ddbe8 relative=0x0000000000000648
Event: 2768.910 Thread 0x0000021afe835000 Uncommon trap: reason=array_check action=maybe_recompile pc=0x0000021aee1ddbe8 method=java.util.TimSort.reverseRange([Ljava/lang/Object;II)V @ 20 c2
Event: 2768.910 Thread 0x0000021afe835000 DEOPT PACKING pc=0x0000021aee1ddbe8 sp=0x00000030cf5fa950
Event: 2768.910 Thread 0x0000021afe835000 DEOPT UNPACKING pc=0x0000021ae5b5a1af sp=0x00000030cf5fa900 mode 2
Event: 2768.910 Thread 0x0000021afe835000 Uncommon trap: trap_request=0xffffffd6 fr.pc=0x0000021aee1ddbe8 relative=0x0000000000000648
Event: 2768.910 Thread 0x0000021afe835000 Uncommon trap: reason=array_check action=maybe_recompile pc=0x0000021aee1ddbe8 method=java.util.TimSort.reverseRange([Ljava/lang/Object;II)V @ 20 c2
Event: 2768.910 Thread 0x0000021afe835000 DEOPT PACKING pc=0x0000021aee1ddbe8 sp=0x00000030cf5fa700
Event: 2768.910 Thread 0x0000021afe835000 DEOPT UNPACKING pc=0x0000021ae5b5a1af sp=0x00000030cf5fa6b0 mode 2
Event: 2769.007 Thread 0x0000021afe835000 DEOPT PACKING pc=0x0000021ae7af6be2 sp=0x00000030cf5f9bc0
Event: 2769.007 Thread 0x0000021afe835000 DEOPT UNPACKING pc=0x0000021ae5b5a95e sp=0x00000030cf5f9198 mode 0
Event: 2769.040 Thread 0x0000021afe835000 DEOPT PACKING pc=0x0000021ae7af6be2 sp=0x00000030cf5f9bc0
Event: 2769.040 Thread 0x0000021afe835000 DEOPT UNPACKING pc=0x0000021ae5b5a95e sp=0x00000030cf5f9198 mode 0
Event: 2769.077 Thread 0x0000021afe835000 DEOPT PACKING pc=0x0000021ae6b7c104 sp=0x00000030cf5fa070
Event: 2769.077 Thread 0x0000021afe835000 DEOPT UNPACKING pc=0x0000021ae5b5a95e sp=0x00000030cf5f95c0 mode 0
Event: 2769.080 Thread 0x0000021afe835000 DEOPT PACKING pc=0x0000021ae7ac6d88 sp=0x00000030cf5f99f0
Event: 2769.080 Thread 0x0000021afe835000 DEOPT UNPACKING pc=0x0000021ae5b5a95e sp=0x00000030cf5f8ef8 mode 0
Event: 2769.138 Thread 0x0000021afe835000 DEOPT PACKING pc=0x0000021ae7879721 sp=0x00000030cf5f9cf0
Event: 2769.138 Thread 0x0000021afe835000 DEOPT UNPACKING pc=0x0000021ae5b5a95e sp=0x00000030cf5f9098 mode 0
Event: 2769.148 Thread 0x0000021afe835000 DEOPT PACKING pc=0x0000021ae7af6be2 sp=0x00000030cf5f9b00
Event: 2769.148 Thread 0x0000021afe835000 DEOPT UNPACKING pc=0x0000021ae5b5a95e sp=0x00000030cf5f90d8 mode 0

Classes redefined (0 events):
No events

Internal exceptions (20 events):
Event: 2756.613 Thread 0x0000021a8a339800 Exception <a 'sun/nio/fs/WindowsException'{0x000000008b4bb0b8}> (0x000000008b4bb0b8) thrown at [src/hotspot/share/prims/jni.cpp, line 617]
Event: 2756.613 Thread 0x0000021a8a339800 Exception <a 'sun/nio/fs/WindowsException'{0x000000008b4bc4b0}> (0x000000008b4bc4b0) thrown at [src/hotspot/share/prims/jni.cpp, line 617]
Event: 2756.614 Thread 0x0000021a8a339800 Exception <a 'sun/nio/fs/WindowsException'{0x000000008b4bd8a8}> (0x000000008b4bd8a8) thrown at [src/hotspot/share/prims/jni.cpp, line 617]
Event: 2756.909 Thread 0x0000021a8a339800 Implicit null exception at 0x0000021aedfff452 to 0x0000021aedffff50
Event: 2756.955 Thread 0x0000021a8a339800 Exception <a 'sun/nio/fs/WindowsException'{0x000000008af3ae58}> (0x000000008af3ae58) thrown at [src/hotspot/share/prims/jni.cpp, line 617]
Event: 2759.259 Thread 0x0000021afe839000 Implicit null exception at 0x0000021aed9b21fd to 0x0000021aed9b4bc8
Event: 2759.592 Thread 0x0000021afe839000 Exception <a 'java/lang/NoSuchMethodError'{0x000000008cdf4060}: 'java.lang.Object java.lang.invoke.DelegatingMethodHandle$Holder.reinvoke_L(java.lang.Object, int, int, java.lang.Object, java.lang.Object, java.lang.Object)'> (0x000000008cdf4060) thrown at [src/hotspot/share/interpreter/linkResolver.cpp, line 773]
Event: 2760.314 Thread 0x0000021afe839000 Exception <a 'java/lang/NoSuchMethodError'{0x000000008b69fa68}: 'java.lang.Object java.lang.invoke.DirectMethodHandle$Holder.invokeSpecial(java.lang.Object, java.lang.Object, int, int, int, java.lang.Object, java.lang.Object, java.lang.Object, int)'> (0x000000008b69fa68) thrown at [src/hotspot/share/interpreter/linkResolver.cpp, line 773]
Event: 2760.314 Thread 0x0000021afe839000 Exception <a 'java/lang/NoSuchMethodError'{0x000000008b6a3bc0}: 'java.lang.Object java.lang.invoke.DelegatingMethodHandle$Holder.reinvoke_L(java.lang.Object, int, int, int, java.lang.Object, java.lang.Object, java.lang.Object, int)'> (0x000000008b6a3bc0) thrown at [src/hotspot/share/interpreter/linkResolver.cpp, line 773]
Event: 2761.879 Thread 0x0000021afe839000 Implicit null exception at 0x0000021aed73c8da to 0x0000021aed73c994
Event: 2762.346 Thread 0x0000021afe839000 Implicit null exception at 0x0000021aedb6860c to 0x0000021aedb6b94c
Event: 2762.348 Thread 0x0000021afe839000 Implicit null exception at 0x0000021aed9b92cf to 0x0000021aed9b9668
Event: 2762.348 Thread 0x0000021afe839000 Implicit null exception at 0x0000021aed93fa27 to 0x0000021aed93fba8
Event: 2762.348 Thread 0x0000021afe839000 Implicit null exception at 0x0000021aee09bc7f to 0x0000021aee09f920
Event: 2764.316 Thread 0x0000021afe839000 Implicit null exception at 0x0000021aeda1e1ef to 0x0000021aeda1e630
Event: 2764.353 Thread 0x0000021afe839000 Exception <a 'java/lang/NoSuchMethodError'{0x000000008d8a7660}: <clinit>> (0x000000008d8a7660) thrown at [src/hotspot/share/prims/jni.cpp, line 1367]
Event: 2764.370 Thread 0x0000021afe839000 Exception <a 'java/lang/NoSuchMethodError'{0x000000008d76e9f8}: <clinit>> (0x000000008d76e9f8) thrown at [src/hotspot/share/prims/jni.cpp, line 1367]
Event: 2764.378 Thread 0x0000021afe839000 Exception <a 'java/lang/NoSuchMethodError'{0x000000008d797dc8}: <clinit>> (0x000000008d797dc8) thrown at [src/hotspot/share/prims/jni.cpp, line 1367]
Event: 2764.475 Thread 0x0000021a8353c000 Implicit null exception at 0x0000021aede9a0f8 to 0x0000021aede9b0b4
Event: 2766.424 Thread 0x0000021a8353c800 Implicit null exception at 0x0000021aed703b2f to 0x0000021aed704308

Events (20 events):
Event: 2766.893 Thread 0x0000021afe1d6000 Thread exited: 0x0000021afe1d6000
Event: 2766.908 Executing VM operation: RevokeBias
Event: 2766.908 Executing VM operation: RevokeBias done
Event: 2767.342 Thread 0x0000021afe1d6000 Thread added: 0x0000021afe1d6000
Event: 2768.852 Executing VM operation: RevokeBias
Event: 2768.853 Executing VM operation: RevokeBias done
Event: 2768.915 Executing VM operation: RevokeBias
Event: 2768.916 Executing VM operation: RevokeBias done
Event: 2768.922 loading class com/android/build/gradle/internal/tasks/databinding/DataBindingGenBaseClassesTask$writeBaseClasses$$inlined$recordTaskAction$1
Event: 2768.922 loading class com/android/build/gradle/internal/tasks/databinding/DataBindingGenBaseClassesTask$writeBaseClasses$$inlined$recordTaskAction$1 done
Event: 2768.927 loading class com/android/build/gradle/internal/tasks/databinding/DataBindingGenBaseClassesTask$CodeGenerator
Event: 2768.927 loading class com/android/build/gradle/internal/tasks/databinding/DataBindingGenBaseClassesTask$CodeGenerator done
Event: 2768.929 loading class org/apache/log4j/Logger
Event: 2768.929 loading class org/apache/log4j/Logger done
Event: 2768.929 loading class org/apache/log4j/Logger
Event: 2768.929 loading class org/apache/log4j/Logger done
Event: 2768.932 loading class org/apache/log4j/Category
Event: 2768.932 loading class org/apache/log4j/Category done
Event: 2768.936 loading class org/apache/log4j/Log4jLoggerFactory
Event: 2768.936 loading class org/apache/log4j/Log4jLoggerFactory done


Dynamic libraries:
0x00007ff605dd0000 - 0x00007ff605dda000 	C:\Program Files\Android\Android Studio\jbr\bin\java.exe
0x00007ffe327f0000 - 0x00007ffe329e8000 	C:\WINDOWS\SYSTEM32\ntdll.dll
0x00007ffe31d30000 - 0x00007ffe31def000 	C:\WINDOWS\System32\KERNEL32.DLL
0x00007ffe30000000 - 0x00007ffe302da000 	C:\WINDOWS\System32\KERNELBASE.dll
0x00007ffe2ff00000 - 0x00007ffe30000000 	C:\WINDOWS\System32\ucrtbase.dll
0x00007ffe2cfe0000 - 0x00007ffe2cffb000 	C:\Program Files\Android\Android Studio\jbr\bin\VCRUNTIME140.dll
0x00007ffe28820000 - 0x00007ffe28837000 	C:\Program Files\Android\Android Studio\jbr\bin\jli.dll
0x00007ffe32600000 - 0x00007ffe3279d000 	C:\WINDOWS\System32\USER32.dll
0x00007ffe30780000 - 0x00007ffe307a2000 	C:\WINDOWS\System32\win32u.dll
0x00007ffe31400000 - 0x00007ffe3142b000 	C:\WINDOWS\System32\GDI32.dll
0x00007ffe303c0000 - 0x00007ffe304d0000 	C:\WINDOWS\System32\gdi32full.dll
0x00007ffe307b0000 - 0x00007ffe3084d000 	C:\WINDOWS\System32\msvcp_win.dll
0x00007ffe1e340000 - 0x00007ffe1e5da000 	C:\WINDOWS\WinSxS\amd64_microsoft.windows.common-controls_6595b64144ccf1df_6.0.19041.1110_none_60b5254171f9507e\COMCTL32.dll
0x00007ffe32240000 - 0x00007ffe322de000 	C:\WINDOWS\System32\msvcrt.dll
0x00007ffe30850000 - 0x00007ffe30880000 	C:\WINDOWS\System32\IMM32.DLL
0x00007ffe28520000 - 0x00007ffe2852c000 	C:\Program Files\Android\Android Studio\jbr\bin\vcruntime140_1.dll
0x00007ffe0a2f0000 - 0x00007ffe0a37d000 	C:\Program Files\Android\Android Studio\jbr\bin\msvcp140.dll
0x00007ffdcc9a0000 - 0x00007ffdcd55c000 	C:\Program Files\Android\Android Studio\jbr\bin\server\jvm.dll
0x00007ffe31c80000 - 0x00007ffe31d2e000 	C:\WINDOWS\System32\ADVAPI32.dll
0x00007ffe310f0000 - 0x00007ffe3118c000 	C:\WINDOWS\System32\sechost.dll
0x00007ffe324d0000 - 0x00007ffe325f6000 	C:\WINDOWS\System32\RPCRT4.dll
0x00007ffe30880000 - 0x00007ffe30888000 	C:\WINDOWS\System32\PSAPI.DLL
0x00007ffe2ca20000 - 0x00007ffe2ca29000 	C:\WINDOWS\SYSTEM32\WSOCK32.dll
0x00007ffe321d0000 - 0x00007ffe3223b000 	C:\WINDOWS\System32\WS2_32.dll
0x00007ffe1d6c0000 - 0x00007ffe1d6e7000 	C:\WINDOWS\SYSTEM32\WINMM.dll
0x00007ffe209f0000 - 0x00007ffe209fa000 	C:\WINDOWS\SYSTEM32\VERSION.dll
0x00007ffe2e710000 - 0x00007ffe2e722000 	C:\WINDOWS\SYSTEM32\kernel.appcore.dll
0x00007ffe2b220000 - 0x00007ffe2b230000 	C:\Program Files\Android\Android Studio\jbr\bin\verify.dll
0x00007ffe1bf90000 - 0x00007ffe1c174000 	C:\WINDOWS\SYSTEM32\DBGHELP.DLL
0x00007ffe1bf50000 - 0x00007ffe1bf84000 	C:\WINDOWS\SYSTEM32\dbgcore.DLL
0x00007ffe302e0000 - 0x00007ffe30362000 	C:\WINDOWS\System32\bcryptPrimitives.dll
0x00007ffe23740000 - 0x00007ffe23768000 	C:\Program Files\Android\Android Studio\jbr\bin\java.dll
0x00007ffe2af80000 - 0x00007ffe2af8a000 	C:\Program Files\Android\Android Studio\jbr\bin\jimage.dll
0x00007ffe2a450000 - 0x00007ffe2a45e000 	C:\Program Files\Android\Android Studio\jbr\bin\instrument.dll
0x00007ffe25080000 - 0x00007ffe25098000 	C:\Program Files\Android\Android Studio\jbr\bin\zip.dll
0x00007ffe314a0000 - 0x00007ffe31be4000 	C:\WINDOWS\System32\SHELL32.dll
0x00007ffe2deb0000 - 0x00007ffe2e643000 	C:\WINDOWS\SYSTEM32\windows.storage.dll
0x00007ffe31df0000 - 0x00007ffe32144000 	C:\WINDOWS\System32\combase.dll
0x00007ffe2f7a0000 - 0x00007ffe2f7ce000 	C:\WINDOWS\SYSTEM32\Wldp.dll
0x00007ffe308f0000 - 0x00007ffe3099d000 	C:\WINDOWS\System32\SHCORE.dll
0x00007ffe31190000 - 0x00007ffe311e5000 	C:\WINDOWS\System32\shlwapi.dll
0x00007ffe2fe40000 - 0x00007ffe2fe5f000 	C:\WINDOWS\SYSTEM32\profapi.dll
0x00007ffe29fb0000 - 0x00007ffe29fba000 	C:\Program Files\Android\Android Studio\jbr\bin\management.dll
0x00007ffe28890000 - 0x00007ffe2889b000 	C:\Program Files\Android\Android Studio\jbr\bin\management_ext.dll
0x00007ffe24eb0000 - 0x00007ffe24ec9000 	C:\Program Files\Android\Android Studio\jbr\bin\net.dll
0x00007ffe221f0000 - 0x00007ffe222fa000 	C:\WINDOWS\SYSTEM32\WINHTTP.dll
0x00007ffe2f580000 - 0x00007ffe2f5ea000 	C:\WINDOWS\system32\mswsock.dll
0x00007ffe24950000 - 0x00007ffe24963000 	C:\Program Files\Android\Android Studio\jbr\bin\nio.dll
0x00007ffe1f250000 - 0x00007ffe1f267000 	C:\WINDOWS\system32\napinsp.dll
0x00007ffe24c70000 - 0x00007ffe24c8b000 	C:\WINDOWS\system32\pnrpnsp.dll
0x00007ffe29f30000 - 0x00007ffe29f45000 	C:\WINDOWS\system32\wshbth.dll
0x00007ffe2b1e0000 - 0x00007ffe2b1fd000 	C:\WINDOWS\system32\NLAapi.dll
0x00007ffe2f290000 - 0x00007ffe2f2cc000 	C:\WINDOWS\SYSTEM32\IPHLPAPI.DLL
0x00007ffe2f2d0000 - 0x00007ffe2f39b000 	C:\WINDOWS\SYSTEM32\DNSAPI.dll
0x00007ffe327a0000 - 0x00007ffe327a8000 	C:\WINDOWS\System32\NSI.dll
0x00007ffe28a30000 - 0x00007ffe28a42000 	C:\WINDOWS\System32\winrnr.dll
0x00007ffe20e00000 - 0x00007ffe20e0a000 	C:\Windows\System32\rasadhlp.dll
0x00007ffe21fb0000 - 0x00007ffe22030000 	C:\WINDOWS\System32\fwpuclnt.dll
0x00007ffe30750000 - 0x00007ffe30777000 	C:\WINDOWS\System32\bcrypt.dll
0x00007ffe10e30000 - 0x00007ffe10e57000 	C:\Users\shahzaib lptp\AndroidStudioProjects\loginsqlite\native\e1d6ef7f7dcc3fd88c89a11ec53ec762bb8ba0a96d01ffa2cd45eb1d1d8dd5c5\windows-amd64\native-platform.dll
0x00007ffde7db0000 - 0x00007ffde7ef4000 	C:\Users\shahzaib lptp\AndroidStudioProjects\loginsqlite\native\0d407fdbe67a94daf76414ababcb853783967236a71b16ec16e742cd7a986fd3\windows-amd64\native-platform-file-events.dll
0x00007ffe2fb20000 - 0x00007ffe2fb38000 	C:\WINDOWS\SYSTEM32\CRYPTSP.dll
0x00007ffe2eec0000 - 0x00007ffe2eef4000 	C:\WINDOWS\system32\rsaenh.dll
0x00007ffe2fe00000 - 0x00007ffe2fe2e000 	C:\WINDOWS\SYSTEM32\USERENV.dll
0x00007ffe2f710000 - 0x00007ffe2f71c000 	C:\WINDOWS\SYSTEM32\CRYPTBASE.dll
0x00007ffe23110000 - 0x00007ffe23127000 	C:\WINDOWS\SYSTEM32\dhcpcsvc6.DLL
0x00007ffe230f0000 - 0x00007ffe2310d000 	C:\WINDOWS\SYSTEM32\dhcpcsvc.DLL
0x00007ffe17280000 - 0x00007ffe172a7000 	C:\Program Files\Android\Android Studio\jbr\bin\sunec.dll
0x00007ffe2efe0000 - 0x00007ffe2f013000 	C:\WINDOWS\SYSTEM32\ntmarta.dll

dbghelp: loaded successfully - version: 4.0.5 - missing functions: none
symbol engine: initialized successfully - sym options: 0x614 - pdb path: .;C:\Program Files\Android\Android Studio\jbr\bin;C:\WINDOWS\SYSTEM32;C:\WINDOWS\WinSxS\amd64_microsoft.windows.common-controls_6595b64144ccf1df_6.0.19041.1110_none_60b5254171f9507e;C:\Program Files\Android\Android Studio\jbr\bin\server;C:\Users\shahzaib lptp\AndroidStudioProjects\loginsqlite\native\e1d6ef7f7dcc3fd88c89a11ec53ec762bb8ba0a96d01ffa2cd45eb1d1d8dd5c5\windows-amd64;C:\Users\shahzaib lptp\AndroidStudioProjects\loginsqlite\native\0d407fdbe67a94daf76414ababcb853783967236a71b16ec16e742cd7a986fd3\windows-amd64

VM Arguments:
jvm_args: -javaagent:C:\Program Files\Android\Android Studio\plugins\android\resources\trace_agent.jar=C:\Users\SHAHZA~1\AppData\Local\Temp\sync.trace.profile --add-opens=java.base/java.util=ALL-UNNAMED --add-opens=java.base/java.lang=ALL-UNNAMED --add-opens=java.base/java.lang.invoke=ALL-UNNAMED --add-opens=java.base/java.util=ALL-UNNAMED --add-opens=java.prefs/java.util.prefs=ALL-UNNAMED --add-opens=java.prefs/java.util.prefs=ALL-UNNAMED --add-opens=java.base/java.nio.charset=ALL-UNNAMED --add-opens=java.base/java.net=ALL-UNNAMED --add-opens=java.base/java.util.concurrent.atomic=ALL-UNNAMED -Xmx2048m -Dfile.encoding=UTF-8 -Duser.country=US -Duser.language=en -Duser.variant 
java_command: org.gradle.launcher.daemon.bootstrap.GradleDaemon 7.5
java_class_path (initial): C:\Users\shahzaib lptp\AndroidStudioProjects\loginsqlite\wrapper\dists\gradle-7.5-bin\f1w0cc9nuo0eivz97x2xlu9sv\gradle-7.5\lib\gradle-launcher-7.5.jar
Launcher Type: SUN_STANDARD

[Global flags]
     intx CICompilerCount                          = 3                                         {product} {ergonomic}
     uint ConcGCThreads                            = 1                                         {product} {ergonomic}
     uint G1ConcRefinementThreads                  = 4                                         {product} {ergonomic}
   size_t G1HeapRegionSize                         = 1048576                                   {product} {ergonomic}
    uintx GCDrainStackTargetSize                   = 64                                        {product} {ergonomic}
   size_t InitialHeapSize                          = 134217728                                 {product} {ergonomic}
   size_t MarkStackSize                            = 4194304                                   {product} {ergonomic}
   size_t MaxHeapSize                              = 2147483648                                {product} {command line}
   size_t MaxNewSize                               = 1287651328                                {product} {ergonomic}
   size_t MinHeapDeltaBytes                        = 1048576                                   {product} {ergonomic}
    uintx NonNMethodCodeHeapSize                   = 5830732                                {pd product} {ergonomic}
    uintx NonProfiledCodeHeapSize                  = 122913754                              {pd product} {ergonomic}
    uintx ProfiledCodeHeapSize                     = 122913754                              {pd product} {ergonomic}
    uintx ReservedCodeCacheSize                    = 251658240                              {pd product} {ergonomic}
     bool SegmentedCodeCache                       = true                                      {product} {ergonomic}
     bool UseCompressedClassPointers               = true                                 {lp64_product} {ergonomic}
     bool UseCompressedOops                        = true                                 {lp64_product} {ergonomic}
     bool UseG1GC                                  = true                                      {product} {ergonomic}
     bool UseLargePagesIndividualAllocation        = false                                  {pd product} {ergonomic}

Logging:
Log output configuration:
 #0: stdout all=warning uptime,level,tags
 #1: stderr all=off uptime,level,tags

Environment Variables:
PATH=C:\Program Files\Python310\Scripts\;C:\Program Files\Python310\;C:\Program Files\Common Files\Oracle\Java\javapath;C:\app\bin;C:\app\shahzaiblptp\product\11.2.0\dbhome_1\bin;C:\WINDOWS\system32;C:\WINDOWS;C:\WINDOWS\System32\Wbem;C:\WINDOWS\System32\WindowsPowerShell\v1.0\;c:\Program Files (x86)\Microsoft SQL Server\100\Tools\Binn\;c:\Program Files\Microsoft SQL Server\100\Tools\Binn\;c:\Program Files\Microsoft SQL Server\100\DTS\Binn\;C:\WINDOWS\System32\OpenSSH\;C:\ProgramData\chocolatey\bin;%JAVA_HOME%\bin;C:\Users\shahzaib lptp\AppData\Local\Microsoft\WindowsApps;C:\Program Files\JetBrains\IntelliJ IDEA Community Edition 2021.3\bin;;C:\Program Files\Python310\PyCharm Community Edition 2022.1\bin;;C:\Users\shahzaib lptp\AppData\Local\Programs\Microsoft VS Code\bin;C:\Program Files\flutter\bin;C:\src\flutter\bin;C:\Program Files\Android\Android Studio\bin;
USERNAME=shahzaib lptp
OS=Windows_NT
PROCESSOR_IDENTIFIER=Intel64 Family 6 Model 69 Stepping 1, GenuineIntel



---------------  S Y S T E M  ---------------

OS: Windows 10 , 64 bit Build 19041 (10.0.19041.2788)
OS uptime: 8 days 17:46 hours
Hyper-V role detected

CPU:total 4 (initial active 4) (2 cores per cpu, 2 threads per core) family 6 model 69 stepping 1 microcode 0x26, cmov, cx8, fxsr, mmx, sse, sse2, sse3, ssse3, sse4.1, sse4.2, popcnt, avx, avx2, aes, clmul, erms, lzcnt, ht, tsc, tscinvbit, bmi1, bmi2, fma

Memory: 4k page, system-wide physical 8073M (573M free)
TotalPageFile size 10073M (AvailPageFile size 3M)
current process WorkingSet (physical memory assigned to process): 473M, peak: 483M
current process commit charge ("private bytes"): 561M, peak: 566M

vm_info: OpenJDK 64-Bit Server VM (11.0.15+0-b2043.56-9505619) for windows-amd64 JRE (11.0.15+0-b2043.56-9505619), built on Jan 19 2023 02:48:00 by "builduser" with unknown MS VC++:1929

END.
