#
# There is insufficient memory for the Java Runtime Environment to continue.
# Native memory allocation (malloc) failed to allocate 885536 bytes for Chunk::new
# Possible reasons:
#   The system is out of physical RAM or swap space
#   The process is running with CompressedOops enabled, and the Java Heap may be blocking the growth of the native heap
# Possible solutions:
#   Reduce memory load on the system
#   Increase physical memory or swap space
#   Check if swap backing store is full
#   Decrease Java heap size (-Xmx/-Xms)
#   Decrease number of Java threads
#   Decrease Java thread stack sizes (-Xss)
#   Set larger code cache with -XX:ReservedCodeCacheSize=
#   JVM is running with Unscaled Compressed Oops mode in which the Java heap is
#     placed in the first 4GB address space. The Java Heap base address is the
#     maximum limit for the native heap growth. Please use -XX:HeapBaseMinAddress
#     to set the Java Heap base and to place the Java Heap above 4GB virtual address.
# This output file may be truncated or incomplete.
#
#  Out of Memory Error (src/hotspot/share/memory/arena.cpp:197), pid=1876, tid=15612
#
# JRE version: OpenJDK Runtime Environment (11.0.15) (build 11.0.15+0-b2043.56-9505619)
# Java VM: OpenJDK 64-Bit Server VM (11.0.15+0-b2043.56-9505619, mixed mode, tiered, compressed oops, g1 gc, windows-amd64)
# No core dump will be written. Minidumps are not enabled by default on client versions of Windows
#

---------------  S U M M A R Y ------------

Command Line: -javaagent:C:\Program Files\Android\Android Studio\plugins\android\resources\trace_agent.jar=C:\Users\SHAHZA~1\AppData\Local\Temp\sync.trace.profile --add-opens=java.base/java.util=ALL-UNNAMED --add-opens=java.base/java.lang=ALL-UNNAMED --add-opens=java.base/java.lang.invoke=ALL-UNNAMED --add-opens=java.base/java.util=ALL-UNNAMED --add-opens=java.prefs/java.util.prefs=ALL-UNNAMED --add-opens=java.prefs/java.util.prefs=ALL-UNNAMED --add-opens=java.base/java.nio.charset=ALL-UNNAMED --add-opens=java.base/java.net=ALL-UNNAMED --add-opens=java.base/java.util.concurrent.atomic=ALL-UNNAMED -Xmx2048m -Dfile.encoding=UTF-8 -Duser.country=US -Duser.language=en -Duser.variant org.gradle.launcher.daemon.bootstrap.GradleDaemon 7.5

Host: Intel(R) Core(TM) i5-4310U CPU @ 2.00GHz, 4 cores, 7G,  Windows 10 , 64 bit Build 19041 (10.0.19041.3031)
Time: Fri Jul 14 11:09:49 2023 Pakistan Standard Time elapsed time: 32.331162 seconds (0d 0h 0m 32s)

---------------  T H R E A D  ---------------

Current thread (0x000001b71f549000):  JavaThread "C2 CompilerThread0" daemon [_thread_in_native, id=15612, stack(0x0000005548100000,0x0000005548200000)]


Current CompileTask:
C2:  32331 4360       4       org.codehaus.groovy.runtime.metaclass.MetaMethodIndex::addMethodToList (131 bytes)

Stack: [0x0000005548100000,0x0000005548200000]
Native frames: (J=compiled Java code, j=interpreted, Vv=VM code, C=native code)
V  [jvm.dll+0x64135a]
V  [jvm.dll+0x7d39f9]
V  [jvm.dll+0x7d51b9]
V  [jvm.dll+0x7d58a3]
V  [jvm.dll+0x2691c5]
V  [jvm.dll+0xc1a5c]
V  [jvm.dll+0xc200c]
V  [jvm.dll+0x2da2c2]
V  [jvm.dll+0x54cad9]
V  [jvm.dll+0x220c9d]
V  [jvm.dll+0x223152]
V  [jvm.dll+0x220384]
V  [jvm.dll+0x19e851]
V  [jvm.dll+0x230479]
V  [jvm.dll+0x22e5ef]
V  [jvm.dll+0x794de1]
V  [jvm.dll+0x78dc24]
V  [jvm.dll+0x6400f6]
C  [ucrtbase.dll+0x21bb2]
C  [KERNEL32.DLL+0x17614]
C  [ntdll.dll+0x526f1]


---------------  P R O C E S S  ---------------

Threads class SMR info:
_java_thread_list=0x000001b723b60020, length=34, elements={
0x000001b7039a2800, 0x000001b71f525800, 0x000001b71f527000, 0x000001b71f544800,
0x000001b71f545800, 0x000001b71f546000, 0x000001b71f549000, 0x000001b71f56b000,
0x000001b71f56b800, 0x000001b720002000, 0x000001b7217c2800, 0x000001b720953800,
0x000001b724ea5000, 0x000001b724f95000, 0x000001b7222c5000, 0x000001b7214de800,
0x000001b724e8f800, 0x000001b723ffe000, 0x000001b7223b5000, 0x000001b72069a000,
0x000001b723f48800, 0x000001b723f4b000, 0x000001b723f49000, 0x000001b723f4a000,
0x000001b72411c800, 0x000001b72411d800, 0x000001b724120800, 0x000001b72411e000,
0x000001b72411f000, 0x000001b724122000, 0x000001b724123000, 0x000001b724124000,
0x000001b724121800, 0x000001b724126800
}

Java Threads: ( => current thread )
  0x000001b7039a2800 JavaThread "main" [_thread_blocked, id=2316, stack(0x0000005547500000,0x0000005547600000)]
  0x000001b71f525800 JavaThread "Reference Handler" daemon [_thread_blocked, id=11816, stack(0x0000005547c00000,0x0000005547d00000)]
  0x000001b71f527000 JavaThread "Finalizer" daemon [_thread_blocked, id=14140, stack(0x0000005547d00000,0x0000005547e00000)]
  0x000001b71f544800 JavaThread "Signal Dispatcher" daemon [_thread_blocked, id=2460, stack(0x0000005547e00000,0x0000005547f00000)]
  0x000001b71f545800 JavaThread "Attach Listener" daemon [_thread_blocked, id=6812, stack(0x0000005547f00000,0x0000005548000000)]
  0x000001b71f546000 JavaThread "Service Thread" daemon [_thread_blocked, id=16348, stack(0x0000005548000000,0x0000005548100000)]
=>0x000001b71f549000 JavaThread "C2 CompilerThread0" daemon [_thread_in_native, id=15612, stack(0x0000005548100000,0x0000005548200000)]
  0x000001b71f56b000 JavaThread "C1 CompilerThread0" daemon [_thread_blocked, id=12168, stack(0x0000005548200000,0x0000005548300000)]
  0x000001b71f56b800 JavaThread "Sweeper thread" daemon [_thread_blocked, id=15076, stack(0x0000005548300000,0x0000005548400000)]
  0x000001b720002000 JavaThread "Common-Cleaner" daemon [_thread_blocked, id=10436, stack(0x0000005548400000,0x0000005548500000)]
  0x000001b7217c2800 JavaThread "Daemon health stats" [_thread_blocked, id=2716, stack(0x0000005548900000,0x0000005548a00000)]
  0x000001b720953800 JavaThread "Incoming local TCP Connector on port 59380" [_thread_in_native, id=2720, stack(0x0000005548500000,0x0000005548600000)]
  0x000001b724ea5000 JavaThread "Daemon periodic checks" [_thread_blocked, id=10004, stack(0x0000005548b00000,0x0000005548c00000)]
  0x000001b724f95000 JavaThread "Daemon" [_thread_blocked, id=5512, stack(0x0000005548c00000,0x0000005548d00000)]
  0x000001b7222c5000 JavaThread "Handler for socket connection from /127.0.0.1:59380 to /127.0.0.1:59382" [_thread_in_native, id=12144, stack(0x0000005548d00000,0x0000005548e00000)]
  0x000001b7214de800 JavaThread "Cancel handler" [_thread_blocked, id=5852, stack(0x0000005548e00000,0x0000005548f00000)]
  0x000001b724e8f800 JavaThread "Daemon worker" [_thread_in_vm, id=9204, stack(0x0000005548f00000,0x0000005549000000)]
  0x000001b723ffe000 JavaThread "Asynchronous log dispatcher for DefaultDaemonConnection: socket connection from /127.0.0.1:59380 to /127.0.0.1:59382" [_thread_blocked, id=4484, stack(0x0000005549000000,0x0000005549100000)]
  0x000001b7223b5000 JavaThread "Stdin handler" [_thread_blocked, id=14784, stack(0x0000005549100000,0x0000005549200000)]
  0x000001b72069a000 JavaThread "Daemon client event forwarder" [_thread_blocked, id=8844, stack(0x0000005549200000,0x0000005549300000)]
  0x000001b723f48800 JavaThread "Cache worker for journal cache (C:\Users\shahzaib lptp\AndroidStudioProjects\loginsqlite\caches\journal-1)" [_thread_blocked, id=2256, stack(0x0000005549400000,0x0000005549500000)]
  0x000001b723f4b000 JavaThread "File lock request listener" [_thread_in_native, id=9236, stack(0x0000005549500000,0x0000005549600000)]
  0x000001b723f49000 JavaThread "Cache worker for file hash cache (C:\Users\shahzaib lptp\AndroidStudioProjects\loginsqlite\caches\7.5\fileHashes)" [_thread_in_Java, id=14448, stack(0x0000005548a00000,0x0000005548b00000)]
  0x000001b723f4a000 JavaThread "File watcher server" daemon [_thread_in_native, id=12952, stack(0x0000005549600000,0x0000005549700000)]
  0x000001b72411c800 JavaThread "File watcher consumer" daemon [_thread_blocked, id=9400, stack(0x0000005549700000,0x0000005549800000)]
  0x000001b72411d800 JavaThread "Cache worker for checksums cache (C:\Users\shahzaib lptp\AndroidStudioProjects\EyeonwaterApp\.gradle\7.5\checksums)" [_thread_blocked, id=14476, stack(0x0000005549900000,0x0000005549a00000)]
  0x000001b724120800 JavaThread "Cache worker for cache directory md-rule (C:\Users\shahzaib lptp\AndroidStudioProjects\loginsqlite\caches\7.5\md-rule)" [_thread_blocked, id=11200, stack(0x0000005549a00000,0x0000005549b00000)]
  0x000001b72411e000 JavaThread "Cache worker for file content cache (C:\Users\shahzaib lptp\AndroidStudioProjects\loginsqlite\caches\7.5\fileContent)" [_thread_blocked, id=6804, stack(0x0000005549b00000,0x0000005549c00000)]
  0x000001b72411f000 JavaThread "Cache worker for file hash cache (C:\Users\shahzaib lptp\AndroidStudioProjects\EyeonwaterApp\.gradle\7.5\fileHashes)" [_thread_blocked, id=9284, stack(0x0000005549800000,0x0000005549900000)]
  0x000001b724122000 JavaThread "Cache worker for cache directory md-supplier (C:\Users\shahzaib lptp\AndroidStudioProjects\loginsqlite\caches\7.5\md-supplier)" [_thread_blocked, id=2440, stack(0x0000005549c00000,0x0000005549d00000)]
  0x000001b724123000 JavaThread "Cache worker for execution history cache (C:\Users\shahzaib lptp\AndroidStudioProjects\loginsqlite\caches\7.5\executionHistory)" [_thread_blocked, id=15588, stack(0x0000005549e00000,0x0000005549f00000)]
  0x000001b724124000 JavaThread "jar transforms" [_thread_blocked, id=14868, stack(0x0000005549d00000,0x0000005549e00000)]
  0x000001b724121800 JavaThread "jar transforms Thread 2" [_thread_blocked, id=10772, stack(0x0000005549f00000,0x000000554a000000)]
  0x000001b724126800 JavaThread "jar transforms Thread 3" [_thread_blocked, id=15632, stack(0x000000554a200000,0x000000554a300000)]

Other Threads:
  0x000001b71f521000 VMThread "VM Thread" [stack: 0x0000005547b00000,0x0000005547c00000] [id=16284]
  0x000001b720184000 WatcherThread [stack: 0x0000005548600000,0x0000005548700000] [id=10440]
  0x000001b7039b2800 GCTaskThread "GC Thread#0" [stack: 0x0000005547600000,0x0000005547700000] [id=14472]
  0x000001b72187e000 GCTaskThread "GC Thread#1" [stack: 0x0000005548700000,0x0000005548800000] [id=7012]
  0x000001b721917800 GCTaskThread "GC Thread#2" [stack: 0x0000005548800000,0x0000005548900000] [id=12012]
  0x000001b7240f9800 GCTaskThread "GC Thread#3" [stack: 0x0000005549300000,0x0000005549400000] [id=6192]
  0x000001b7039ed800 ConcurrentGCThread "G1 Main Marker" [stack: 0x0000005547700000,0x0000005547800000] [id=10456]
  0x000001b7039ee800 ConcurrentGCThread "G1 Conc#0" [stack: 0x0000005547800000,0x0000005547900000] [id=14956]
  0x000001b703a7c000 ConcurrentGCThread "G1 Refine#0" [stack: 0x0000005547900000,0x0000005547a00000] [id=3336]
  0x000001b703a7d000 ConcurrentGCThread "G1 Young RemSet Sampling" [stack: 0x0000005547a00000,0x0000005547b00000] [id=14732]

Threads with active compile tasks:
C2 CompilerThread0    32386 4360       4       org.codehaus.groovy.runtime.metaclass.MetaMethodIndex::addMethodToList (131 bytes)

VM state:not at safepoint (normal execution)

VM Mutex/Monitor currently owned by a thread: None

Heap address: 0x0000000080000000, size: 2048 MB, Compressed Oops mode: 32-bit
Narrow klass base: 0x0000000000000000, Narrow klass shift: 3
Compressed class space size: 1073741824 Address: 0x0000000100000000

Heap:
 garbage-first heap   total 131072K, used 35179K [0x0000000080000000, 0x0000000100000000)
  region size 1024K, 17 young (17408K), 9 survivors (9216K)
 Metaspace       used 41671K, capacity 42785K, committed 43008K, reserved 1087488K
  class space    used 5199K, capacity 5615K, committed 5632K, reserved 1048576K
Heap Regions: E=young(eden), S=young(survivor), O=old, HS=humongous(starts), HC=humongous(continues), CS=collection set, F=free, A=archive, TAMS=top-at-mark-start (previous, next)
|   0|0x0000000080000000, 0x0000000080100000, 0x0000000080100000|100%| O|  |TAMS 0x0000000080100000, 0x0000000080000000| Untracked 
|   1|0x0000000080100000, 0x0000000080200000, 0x0000000080200000|100%| O|  |TAMS 0x0000000080200000, 0x0000000080100000| Untracked 
|   2|0x0000000080200000, 0x0000000080300000, 0x0000000080300000|100%| O|  |TAMS 0x0000000080300000, 0x0000000080200000| Untracked 
|   3|0x0000000080300000, 0x0000000080400000, 0x0000000080400000|100%|HS|  |TAMS 0x0000000080400000, 0x0000000080300000| Complete 
|   4|0x0000000080400000, 0x0000000080500000, 0x0000000080500000|100%|HC|  |TAMS 0x0000000080500000, 0x0000000080400000| Complete 
|   5|0x0000000080500000, 0x0000000080600000, 0x0000000080600000|100%|HC|  |TAMS 0x0000000080600000, 0x0000000080500000| Complete 
|   6|0x0000000080600000, 0x0000000080700000, 0x0000000080700000|100%| O|  |TAMS 0x0000000080700000, 0x0000000080600000| Untracked 
|   7|0x0000000080700000, 0x0000000080800000, 0x0000000080800000|100%| O|  |TAMS 0x0000000080800000, 0x0000000080700000| Untracked 
|   8|0x0000000080800000, 0x0000000080900000, 0x0000000080900000|100%| O|  |TAMS 0x0000000080900000, 0x0000000080800000| Untracked 
|   9|0x0000000080900000, 0x0000000080a00000, 0x0000000080a00000|100%| O|  |TAMS 0x0000000080a00000, 0x0000000080900000| Untracked 
|  10|0x0000000080a00000, 0x0000000080b00000, 0x0000000080b00000|100%| O|  |TAMS 0x0000000080b00000, 0x0000000080a00000| Untracked 
|  11|0x0000000080b00000, 0x0000000080c00000, 0x0000000080c00000|100%| O|  |TAMS 0x0000000080c00000, 0x0000000080b00000| Untracked 
|  12|0x0000000080c00000, 0x0000000080d00000, 0x0000000080d00000|100%| O|  |TAMS 0x0000000080d00000, 0x0000000080c00000| Untracked 
|  13|0x0000000080d00000, 0x0000000080e00000, 0x0000000080e00000|100%| O|  |TAMS 0x0000000080e00000, 0x0000000080d00000| Untracked 
|  14|0x0000000080e00000, 0x0000000080f00000, 0x0000000080f00000|100%| O|  |TAMS 0x0000000080f00000, 0x0000000080e00000| Untracked 
|  15|0x0000000080f00000, 0x0000000081000000, 0x0000000081000000|100%| O|  |TAMS 0x0000000080fe0e00, 0x0000000080f00000| Untracked 
|  16|0x0000000081000000, 0x0000000081100000, 0x0000000081100000|100%| O|  |TAMS 0x0000000081000000, 0x0000000081000000| Untracked 
|  17|0x0000000081100000, 0x0000000081200000, 0x0000000081200000|100%| O|  |TAMS 0x0000000081100000, 0x0000000081100000| Untracked 
|  18|0x0000000081200000, 0x0000000081200000, 0x0000000081300000|  0%| F|  |TAMS 0x0000000081200000, 0x0000000081200000| Untracked 
|  19|0x0000000081300000, 0x0000000081300000, 0x0000000081400000|  0%| F|  |TAMS 0x0000000081300000, 0x0000000081300000| Untracked 
|  20|0x0000000081400000, 0x0000000081400000, 0x0000000081500000|  0%| F|  |TAMS 0x0000000081400000, 0x0000000081400000| Untracked 
|  21|0x0000000081500000, 0x0000000081500000, 0x0000000081600000|  0%| F|  |TAMS 0x0000000081500000, 0x0000000081500000| Untracked 
|  22|0x0000000081600000, 0x0000000081600000, 0x0000000081700000|  0%| F|  |TAMS 0x0000000081600000, 0x0000000081600000| Untracked 
|  23|0x0000000081700000, 0x0000000081700000, 0x0000000081800000|  0%| F|  |TAMS 0x0000000081700000, 0x0000000081700000| Untracked 
|  24|0x0000000081800000, 0x0000000081800000, 0x0000000081900000|  0%| F|  |TAMS 0x0000000081800000, 0x0000000081800000| Untracked 
|  25|0x0000000081900000, 0x0000000081900000, 0x0000000081a00000|  0%| F|  |TAMS 0x0000000081900000, 0x0000000081900000| Untracked 
|  26|0x0000000081a00000, 0x0000000081a00000, 0x0000000081b00000|  0%| F|  |TAMS 0x0000000081a00000, 0x0000000081a00000| Untracked 
|  27|0x0000000081b00000, 0x0000000081b00000, 0x0000000081c00000|  0%| F|  |TAMS 0x0000000081b00000, 0x0000000081b00000| Untracked 
|  28|0x0000000081c00000, 0x0000000081ce4e00, 0x0000000081d00000| 89%| O|  |TAMS 0x0000000081c00000, 0x0000000081c00000| Untracked 
|  29|0x0000000081d00000, 0x0000000081d00000, 0x0000000081e00000|  0%| F|  |TAMS 0x0000000081d00000, 0x0000000081d00000| Untracked 
|  30|0x0000000081e00000, 0x0000000081e00000, 0x0000000081f00000|  0%| F|  |TAMS 0x0000000081e00000, 0x0000000081e00000| Untracked 
|  31|0x0000000081f00000, 0x0000000081f00000, 0x0000000082000000|  0%| F|  |TAMS 0x0000000081f00000, 0x0000000081f00000| Untracked 
|  32|0x0000000082000000, 0x0000000082000000, 0x0000000082100000|  0%| F|  |TAMS 0x0000000082000000, 0x0000000082000000| Untracked 
|  33|0x0000000082100000, 0x0000000082100000, 0x0000000082200000|  0%| F|  |TAMS 0x0000000082100000, 0x0000000082100000| Untracked 
|  34|0x0000000082200000, 0x0000000082200000, 0x0000000082300000|  0%| F|  |TAMS 0x0000000082200000, 0x0000000082200000| Untracked 
|  35|0x0000000082300000, 0x0000000082300000, 0x0000000082400000|  0%| F|  |TAMS 0x0000000082300000, 0x0000000082300000| Untracked 
|  36|0x0000000082400000, 0x0000000082400000, 0x0000000082500000|  0%| F|  |TAMS 0x0000000082400000, 0x0000000082400000| Untracked 
|  37|0x0000000082500000, 0x0000000082500000, 0x0000000082600000|  0%| F|  |TAMS 0x0000000082500000, 0x0000000082500000| Untracked 
|  38|0x0000000082600000, 0x0000000082600000, 0x0000000082700000|  0%| F|  |TAMS 0x0000000082600000, 0x0000000082600000| Untracked 
|  39|0x0000000082700000, 0x0000000082700000, 0x0000000082800000|  0%| F|  |TAMS 0x0000000082700000, 0x0000000082700000| Untracked 
|  40|0x0000000082800000, 0x0000000082800000, 0x0000000082900000|  0%| F|  |TAMS 0x0000000082800000, 0x0000000082800000| Untracked 
|  41|0x0000000082900000, 0x0000000082900000, 0x0000000082a00000|  0%| F|  |TAMS 0x0000000082900000, 0x0000000082900000| Untracked 
|  42|0x0000000082a00000, 0x0000000082a00000, 0x0000000082b00000|  0%| F|  |TAMS 0x0000000082a00000, 0x0000000082a00000| Untracked 
|  43|0x0000000082b00000, 0x0000000082b75e28, 0x0000000082c00000| 46%| S|CS|TAMS 0x0000000082b00000, 0x0000000082b00000| Complete 
|  44|0x0000000082c00000, 0x0000000082d00000, 0x0000000082d00000|100%| S|CS|TAMS 0x0000000082c00000, 0x0000000082c00000| Complete 
|  45|0x0000000082d00000, 0x0000000082e00000, 0x0000000082e00000|100%| S|CS|TAMS 0x0000000082d00000, 0x0000000082d00000| Complete 
|  46|0x0000000082e00000, 0x0000000082e00000, 0x0000000082f00000|  0%| F|  |TAMS 0x0000000082e00000, 0x0000000082e00000| Untracked 
|  47|0x0000000082f00000, 0x0000000082f00000, 0x0000000083000000|  0%| F|  |TAMS 0x0000000082f00000, 0x0000000082f00000| Untracked 
|  48|0x0000000083000000, 0x0000000083000000, 0x0000000083100000|  0%| F|  |TAMS 0x0000000083000000, 0x0000000083000000| Untracked 
|  49|0x0000000083100000, 0x0000000083100000, 0x0000000083200000|  0%| F|  |TAMS 0x0000000083100000, 0x0000000083100000| Untracked 
|  50|0x0000000083200000, 0x0000000083200000, 0x0000000083300000|  0%| F|  |TAMS 0x0000000083200000, 0x0000000083200000| Untracked 
|  51|0x0000000083300000, 0x0000000083300000, 0x0000000083400000|  0%| F|  |TAMS 0x0000000083300000, 0x0000000083300000| Untracked 
|  52|0x0000000083400000, 0x0000000083500000, 0x0000000083500000|100%| S|CS|TAMS 0x0000000083400000, 0x0000000083400000| Complete 
|  53|0x0000000083500000, 0x0000000083600000, 0x0000000083600000|100%| S|CS|TAMS 0x0000000083500000, 0x0000000083500000| Complete 
|  54|0x0000000083600000, 0x0000000083700000, 0x0000000083700000|100%| S|CS|TAMS 0x0000000083600000, 0x0000000083600000| Complete 
|  55|0x0000000083700000, 0x0000000083800000, 0x0000000083800000|100%| S|CS|TAMS 0x0000000083700000, 0x0000000083700000| Complete 
|  56|0x0000000083800000, 0x0000000083900000, 0x0000000083900000|100%| S|CS|TAMS 0x0000000083800000, 0x0000000083800000| Complete 
|  57|0x0000000083900000, 0x0000000083a00000, 0x0000000083a00000|100%| S|CS|TAMS 0x0000000083900000, 0x0000000083900000| Complete 
|  58|0x0000000083a00000, 0x0000000083a00000, 0x0000000083b00000|  0%| F|  |TAMS 0x0000000083a00000, 0x0000000083a00000| Untracked 
|  59|0x0000000083b00000, 0x0000000083b00000, 0x0000000083c00000|  0%| F|  |TAMS 0x0000000083b00000, 0x0000000083b00000| Untracked 
|  60|0x0000000083c00000, 0x0000000083c00000, 0x0000000083d00000|  0%| F|  |TAMS 0x0000000083c00000, 0x0000000083c00000| Untracked 
|  61|0x0000000083d00000, 0x0000000083d00000, 0x0000000083e00000|  0%| F|  |TAMS 0x0000000083d00000, 0x0000000083d00000| Untracked 
|  62|0x0000000083e00000, 0x0000000083e00000, 0x0000000083f00000|  0%| F|  |TAMS 0x0000000083e00000, 0x0000000083e00000| Untracked 
|  63|0x0000000083f00000, 0x0000000083f00000, 0x0000000084000000|  0%| F|  |TAMS 0x0000000083f00000, 0x0000000083f00000| Untracked 
|  64|0x0000000084000000, 0x0000000084000000, 0x0000000084100000|  0%| F|  |TAMS 0x0000000084000000, 0x0000000084000000| Untracked 
|  65|0x0000000084100000, 0x0000000084100000, 0x0000000084200000|  0%| F|  |TAMS 0x0000000084100000, 0x0000000084100000| Untracked 
|  66|0x0000000084200000, 0x0000000084200000, 0x0000000084300000|  0%| F|  |TAMS 0x0000000084200000, 0x0000000084200000| Untracked 
|  67|0x0000000084300000, 0x0000000084300000, 0x0000000084400000|  0%| F|  |TAMS 0x0000000084300000, 0x0000000084300000| Untracked 
|  68|0x0000000084400000, 0x0000000084400000, 0x0000000084500000|  0%| F|  |TAMS 0x0000000084400000, 0x0000000084400000| Untracked 
|  69|0x0000000084500000, 0x0000000084500000, 0x0000000084600000|  0%| F|  |TAMS 0x0000000084500000, 0x0000000084500000| Untracked 
|  70|0x0000000084600000, 0x0000000084600000, 0x0000000084700000|  0%| F|  |TAMS 0x0000000084600000, 0x0000000084600000| Untracked 
|  71|0x0000000084700000, 0x0000000084700000, 0x0000000084800000|  0%| F|  |TAMS 0x0000000084700000, 0x0000000084700000| Untracked 
|  72|0x0000000084800000, 0x0000000084800000, 0x0000000084900000|  0%| F|  |TAMS 0x0000000084800000, 0x0000000084800000| Untracked 
|  73|0x0000000084900000, 0x0000000084900000, 0x0000000084a00000|  0%| F|  |TAMS 0x0000000084900000, 0x0000000084900000| Untracked 
|  74|0x0000000084a00000, 0x0000000084a00000, 0x0000000084b00000|  0%| F|  |TAMS 0x0000000084a00000, 0x0000000084a00000| Untracked 
|  75|0x0000000084b00000, 0x0000000084b00000, 0x0000000084c00000|  0%| F|  |TAMS 0x0000000084b00000, 0x0000000084b00000| Untracked 
|  76|0x0000000084c00000, 0x0000000084c00000, 0x0000000084d00000|  0%| F|  |TAMS 0x0000000084c00000, 0x0000000084c00000| Untracked 
|  77|0x0000000084d00000, 0x0000000084d00000, 0x0000000084e00000|  0%| F|  |TAMS 0x0000000084d00000, 0x0000000084d00000| Untracked 
|  78|0x0000000084e00000, 0x0000000084e00000, 0x0000000084f00000|  0%| F|  |TAMS 0x0000000084e00000, 0x0000000084e00000| Untracked 
|  79|0x0000000084f00000, 0x0000000084f00000, 0x0000000085000000|  0%| F|  |TAMS 0x0000000084f00000, 0x0000000084f00000| Untracked 
|  80|0x0000000085000000, 0x0000000085000000, 0x0000000085100000|  0%| F|  |TAMS 0x0000000085000000, 0x0000000085000000| Untracked 
|  81|0x0000000085100000, 0x0000000085100000, 0x0000000085200000|  0%| F|  |TAMS 0x0000000085100000, 0x0000000085100000| Untracked 
|  82|0x0000000085200000, 0x0000000085200000, 0x0000000085300000|  0%| F|  |TAMS 0x0000000085200000, 0x0000000085200000| Untracked 
|  83|0x0000000085300000, 0x0000000085300000, 0x0000000085400000|  0%| F|  |TAMS 0x0000000085300000, 0x0000000085300000| Untracked 
|  84|0x0000000085400000, 0x0000000085400000, 0x0000000085500000|  0%| F|  |TAMS 0x0000000085400000, 0x0000000085400000| Untracked 
|  85|0x0000000085500000, 0x0000000085500000, 0x0000000085600000|  0%| F|  |TAMS 0x0000000085500000, 0x0000000085500000| Untracked 
|  86|0x0000000085600000, 0x0000000085600000, 0x0000000085700000|  0%| F|  |TAMS 0x0000000085600000, 0x0000000085600000| Untracked 
|  87|0x0000000085700000, 0x0000000085700000, 0x0000000085800000|  0%| F|  |TAMS 0x0000000085700000, 0x0000000085700000| Untracked 
|  88|0x0000000085800000, 0x0000000085800000, 0x0000000085900000|  0%| F|  |TAMS 0x0000000085800000, 0x0000000085800000| Untracked 
|  89|0x0000000085900000, 0x0000000085900000, 0x0000000085a00000|  0%| F|  |TAMS 0x0000000085900000, 0x0000000085900000| Untracked 
|  90|0x0000000085a00000, 0x0000000085a00000, 0x0000000085b00000|  0%| F|  |TAMS 0x0000000085a00000, 0x0000000085a00000| Untracked 
|  91|0x0000000085b00000, 0x0000000085b00000, 0x0000000085c00000|  0%| F|  |TAMS 0x0000000085b00000, 0x0000000085b00000| Untracked 
|  92|0x0000000085c00000, 0x0000000085c00000, 0x0000000085d00000|  0%| F|  |TAMS 0x0000000085c00000, 0x0000000085c00000| Untracked 
|  93|0x0000000085d00000, 0x0000000085d00000, 0x0000000085e00000|  0%| F|  |TAMS 0x0000000085d00000, 0x0000000085d00000| Untracked 
|  94|0x0000000085e00000, 0x0000000085e00000, 0x0000000085f00000|  0%| F|  |TAMS 0x0000000085e00000, 0x0000000085e00000| Untracked 
|  95|0x0000000085f00000, 0x0000000085f00000, 0x0000000086000000|  0%| F|  |TAMS 0x0000000085f00000, 0x0000000085f00000| Untracked 
|  96|0x0000000086000000, 0x0000000086000000, 0x0000000086100000|  0%| F|  |TAMS 0x0000000086000000, 0x0000000086000000| Untracked 
|  97|0x0000000086100000, 0x0000000086100000, 0x0000000086200000|  0%| F|  |TAMS 0x0000000086100000, 0x0000000086100000| Untracked 
|  98|0x0000000086200000, 0x0000000086200000, 0x0000000086300000|  0%| F|  |TAMS 0x0000000086200000, 0x0000000086200000| Untracked 
|  99|0x0000000086300000, 0x0000000086300000, 0x0000000086400000|  0%| F|  |TAMS 0x0000000086300000, 0x0000000086300000| Untracked 
| 100|0x0000000086400000, 0x0000000086400000, 0x0000000086500000|  0%| F|  |TAMS 0x0000000086400000, 0x0000000086400000| Untracked 
| 101|0x0000000086500000, 0x0000000086500000, 0x0000000086600000|  0%| F|  |TAMS 0x0000000086500000, 0x0000000086500000| Untracked 
| 102|0x0000000086600000, 0x0000000086600000, 0x0000000086700000|  0%| F|  |TAMS 0x0000000086600000, 0x0000000086600000| Untracked 
| 103|0x0000000086700000, 0x0000000086700000, 0x0000000086800000|  0%| F|  |TAMS 0x0000000086700000, 0x0000000086700000| Untracked 
| 104|0x0000000086800000, 0x0000000086800000, 0x0000000086900000|  0%| F|  |TAMS 0x0000000086800000, 0x0000000086800000| Untracked 
| 105|0x0000000086900000, 0x0000000086900000, 0x0000000086a00000|  0%| F|  |TAMS 0x0000000086900000, 0x0000000086900000| Untracked 
| 106|0x0000000086a00000, 0x0000000086a00000, 0x0000000086b00000|  0%| F|  |TAMS 0x0000000086a00000, 0x0000000086a00000| Untracked 
| 107|0x0000000086b00000, 0x0000000086b00000, 0x0000000086c00000|  0%| F|  |TAMS 0x0000000086b00000, 0x0000000086b00000| Untracked 
| 108|0x0000000086c00000, 0x0000000086c00000, 0x0000000086d00000|  0%| F|  |TAMS 0x0000000086c00000, 0x0000000086c00000| Untracked 
| 109|0x0000000086d00000, 0x0000000086d00000, 0x0000000086e00000|  0%| F|  |TAMS 0x0000000086d00000, 0x0000000086d00000| Untracked 
| 110|0x0000000086e00000, 0x0000000086e00000, 0x0000000086f00000|  0%| F|  |TAMS 0x0000000086e00000, 0x0000000086e00000| Untracked 
| 111|0x0000000086f00000, 0x0000000086f00000, 0x0000000087000000|  0%| F|  |TAMS 0x0000000086f00000, 0x0000000086f00000| Untracked 
| 112|0x0000000087000000, 0x0000000087000000, 0x0000000087100000|  0%| F|  |TAMS 0x0000000087000000, 0x0000000087000000| Untracked 
| 113|0x0000000087100000, 0x0000000087100000, 0x0000000087200000|  0%| F|  |TAMS 0x0000000087100000, 0x0000000087100000| Untracked 
| 114|0x0000000087200000, 0x0000000087200000, 0x0000000087300000|  0%| F|  |TAMS 0x0000000087200000, 0x0000000087200000| Untracked 
| 115|0x0000000087300000, 0x0000000087300000, 0x0000000087400000|  0%| F|  |TAMS 0x0000000087300000, 0x0000000087300000| Untracked 
| 116|0x0000000087400000, 0x0000000087400000, 0x0000000087500000|  0%| F|  |TAMS 0x0000000087400000, 0x0000000087400000| Untracked 
| 117|0x0000000087500000, 0x0000000087500000, 0x0000000087600000|  0%| F|  |TAMS 0x0000000087500000, 0x0000000087500000| Untracked 
| 118|0x0000000087600000, 0x0000000087600000, 0x0000000087700000|  0%| F|  |TAMS 0x0000000087600000, 0x0000000087600000| Untracked 
| 119|0x0000000087700000, 0x0000000087700000, 0x0000000087800000|  0%| F|  |TAMS 0x0000000087700000, 0x0000000087700000| Untracked 
| 120|0x0000000087800000, 0x0000000087900000, 0x0000000087900000|100%| E|  |TAMS 0x0000000087800000, 0x0000000087800000| Complete 
| 121|0x0000000087900000, 0x0000000087a00000, 0x0000000087a00000|100%| E|CS|TAMS 0x0000000087900000, 0x0000000087900000| Complete 
| 122|0x0000000087a00000, 0x0000000087b00000, 0x0000000087b00000|100%| E|CS|TAMS 0x0000000087a00000, 0x0000000087a00000| Complete 
| 123|0x0000000087b00000, 0x0000000087c00000, 0x0000000087c00000|100%| E|CS|TAMS 0x0000000087b00000, 0x0000000087b00000| Complete 
| 124|0x0000000087c00000, 0x0000000087d00000, 0x0000000087d00000|100%| E|CS|TAMS 0x0000000087c00000, 0x0000000087c00000| Complete 
| 125|0x0000000087d00000, 0x0000000087e00000, 0x0000000087e00000|100%| E|CS|TAMS 0x0000000087d00000, 0x0000000087d00000| Complete 
| 126|0x0000000087e00000, 0x0000000087f00000, 0x0000000087f00000|100%| E|CS|TAMS 0x0000000087e00000, 0x0000000087e00000| Complete 
| 127|0x0000000087f00000, 0x0000000088000000, 0x0000000088000000|100%| E|CS|TAMS 0x0000000087f00000, 0x0000000087f00000| Complete 

Card table byte_map: [0x000001b7186e0000,0x000001b718ae0000] _byte_map_base: 0x000001b7182e0000

Marking Bits (Prev, Next): (CMBitMap*) 0x000001b7039e48a8, (CMBitMap*) 0x000001b7039e48e0
 Prev Bits: [0x000001b718ee0000, 0x000001b71aee0000)
 Next Bits: [0x000001b71aee0000, 0x000001b71cee0000)

Polling page: 0x000001b705230000

Metaspace:

Usage:
  Non-class:     36.30 MB capacity,    35.62 MB ( 98%) used,   593.38 KB (  2%) free+waste,   105.00 KB ( <1%) overhead. 
      Class:      5.48 MB capacity,     5.08 MB ( 93%) used,   365.03 KB (  7%) free+waste,    50.06 KB ( <1%) overhead. 
       Both:     41.78 MB capacity,    40.69 MB ( 97%) used,   958.41 KB (  2%) free+waste,   155.06 KB ( <1%) overhead. 

Virtual space:
  Non-class space:       38.00 MB reserved,      36.50 MB ( 96%) committed 
      Class space:        1.00 GB reserved,       5.50 MB ( <1%) committed 
             Both:        1.04 GB reserved,      42.00 MB (  4%) committed 

Chunk freelists:
   Non-Class:  14.00 KB
       Class:  17.00 KB
        Both:  31.00 KB

MaxMetaspaceSize: 17179869184.00 GB
CompressedClassSpaceSize: 1.00 GB
Initial GC threshold: 20.80 MB
Current GC threshold: 58.75 MB
CDS: off

CodeHeap 'non-profiled nmethods': size=120064Kb used=4092Kb max_used=4092Kb free=115971Kb
 bounds [0x000001b710760000, 0x000001b710b60000, 0x000001b717ca0000]
CodeHeap 'profiled nmethods': size=120000Kb used=10149Kb max_used=10149Kb free=109850Kb
 bounds [0x000001b709230000, 0x000001b709c20000, 0x000001b710760000]
CodeHeap 'non-nmethods': size=5696Kb used=2278Kb max_used=2294Kb free=3417Kb
 bounds [0x000001b708ca0000, 0x000001b708f10000, 0x000001b709230000]
 total_blobs=5116 nmethods=4342 adapters=686
 compilation: enabled
              stopped_count=0, restarted_count=0
 full_count=0

Compilation events (20 events):
Event: 32.210 Thread 0x000001b71f549000 nmethod 4359 0x000001b710b5c710 code [0x000001b710b5c8e0, 0x000001b710b5cf68]
Event: 32.210 Thread 0x000001b71f549000 4360       4       org.codehaus.groovy.runtime.metaclass.MetaMethodIndex::addMethodToList (131 bytes)
Event: 32.218 Thread 0x000001b71f56b000 4364       1       java.lang.Thread::getThreadGroup (5 bytes)
Event: 32.218 Thread 0x000001b71f56b000 nmethod 4364 0x000001b710b5d290 code [0x000001b710b5d440, 0x000001b710b5d4f8]
Event: 32.221 Thread 0x000001b71f56b000 4365       3       java.beans.Introspector::addPropertyDescriptor (265 bytes)
Event: 32.229 Thread 0x000001b71f56b000 nmethod 4365 0x000001b709c09010 code [0x000001b709c096a0, 0x000001b709c0e0b8]
Event: 32.298 Thread 0x000001b71f56b000 4366       3       java.util.Collections::emptyMap (4 bytes)
Event: 32.298 Thread 0x000001b71f56b000 nmethod 4366 0x000001b709c0f390 code [0x000001b709c0f540, 0x000001b709c0f638]
Event: 32.299 Thread 0x000001b71f56b000 4367       3       java.util.TreeMap::rotateLeft (96 bytes)
Event: 32.299 Thread 0x000001b71f56b000 nmethod 4367 0x000001b709c0f690 code [0x000001b709c0f880, 0x000001b709c0fd98]
Event: 32.309 Thread 0x000001b71f56b000 4368  s!   3       java.beans.PropertyDescriptor::getPropertyType (33 bytes)
Event: 32.311 Thread 0x000001b71f56b000 nmethod 4368 0x000001b709c0ff10 code [0x000001b709c10160, 0x000001b709c10bc8]
Event: 32.313 Thread 0x000001b71f56b000 4369       3       org.codehaus.groovy.util.SingleKeyHashMap::<init> (5 bytes)
Event: 32.313 Thread 0x000001b71f56b000 nmethod 4369 0x000001b709c10f10 code [0x000001b709c110e0, 0x000001b709c11478]
Event: 32.314 Thread 0x000001b71f56b000 4370       3       org.codehaus.groovy.util.ComplexKeyHashMap::<init> (11 bytes)
Event: 32.314 Thread 0x000001b71f56b000 nmethod 4370 0x000001b709c11590 code [0x000001b709c11760, 0x000001b709c11a98]
Event: 32.314 Thread 0x000001b71f56b000 4371       3       org.codehaus.groovy.util.ComplexKeyHashMap::init (20 bytes)
Event: 32.315 Thread 0x000001b71f56b000 nmethod 4371 0x000001b709c11b90 code [0x000001b709c11d40, 0x000001b709c11f58]
Event: 32.321 Thread 0x000001b71f56b000 4372       1       java.util.stream.Node::getChildCount (2 bytes)
Event: 32.321 Thread 0x000001b71f56b000 nmethod 4372 0x000001b710b5d590 code [0x000001b710b5d740, 0x000001b710b5d7f8]

GC Heap History (20 events):
Event: 8.671 GC heap before
{Heap before GC invocations=2 (full 0):
 garbage-first heap   total 131072K, used 80011K [0x0000000080000000, 0x0000000100000000)
  region size 1024K, 76 young (77824K), 8 survivors (8192K)
 Metaspace       used 14557K, capacity 14935K, committed 14976K, reserved 1062912K
  class space    used 1518K, capacity 1640K, committed 1664K, reserved 1048576K
}
Event: 8.686 GC heap after
{Heap after GC invocations=3 (full 0):
 garbage-first heap   total 131072K, used 15228K [0x0000000080000000, 0x0000000100000000)
  region size 1024K, 10 young (10240K), 10 survivors (10240K)
 Metaspace       used 14557K, capacity 14935K, committed 14976K, reserved 1062912K
  class space    used 1518K, capacity 1640K, committed 1664K, reserved 1048576K
}
Event: 15.207 GC heap before
{Heap before GC invocations=3 (full 0):
 garbage-first heap   total 131072K, used 82812K [0x0000000080000000, 0x0000000100000000)
  region size 1024K, 76 young (77824K), 10 survivors (10240K)
 Metaspace       used 18692K, capacity 19029K, committed 19200K, reserved 1067008K
  class space    used 2094K, capacity 2239K, committed 2304K, reserved 1048576K
}
Event: 15.241 GC heap after
{Heap after GC invocations=4 (full 0):
 garbage-first heap   total 131072K, used 16837K [0x0000000080000000, 0x0000000100000000)
  region size 1024K, 7 young (7168K), 7 survivors (7168K)
 Metaspace       used 18692K, capacity 19029K, committed 19200K, reserved 1067008K
  class space    used 2094K, capacity 2239K, committed 2304K, reserved 1048576K
}
Event: 16.280 GC heap before
{Heap before GC invocations=4 (full 0):
 garbage-first heap   total 131072K, used 58821K [0x0000000080000000, 0x0000000100000000)
  region size 1024K, 49 young (50176K), 7 survivors (7168K)
 Metaspace       used 20783K, capacity 21217K, committed 21248K, reserved 1069056K
  class space    used 2389K, capacity 2544K, committed 2560K, reserved 1048576K
}
Event: 16.292 GC heap after
{Heap after GC invocations=5 (full 0):
 garbage-first heap   total 131072K, used 17428K [0x0000000080000000, 0x0000000100000000)
  region size 1024K, 3 young (3072K), 3 survivors (3072K)
 Metaspace       used 20783K, capacity 21217K, committed 21248K, reserved 1069056K
  class space    used 2389K, capacity 2544K, committed 2560K, reserved 1048576K
}
Event: 18.712 GC heap before
{Heap before GC invocations=6 (full 0):
 garbage-first heap   total 131072K, used 92180K [0x0000000080000000, 0x0000000100000000)
  region size 1024K, 76 young (77824K), 3 survivors (3072K)
 Metaspace       used 23731K, capacity 24253K, committed 24448K, reserved 1071104K
  class space    used 2907K, capacity 3094K, committed 3200K, reserved 1048576K
}
Event: 18.719 GC heap after
{Heap after GC invocations=7 (full 0):
 garbage-first heap   total 131072K, used 18089K [0x0000000080000000, 0x0000000100000000)
  region size 1024K, 3 young (3072K), 3 survivors (3072K)
 Metaspace       used 23731K, capacity 24253K, committed 24448K, reserved 1071104K
  class space    used 2907K, capacity 3094K, committed 3200K, reserved 1048576K
}
Event: 20.675 GC heap before
{Heap before GC invocations=7 (full 0):
 garbage-first heap   total 131072K, used 92841K [0x0000000080000000, 0x0000000100000000)
  region size 1024K, 76 young (77824K), 3 survivors (3072K)
 Metaspace       used 27354K, capacity 28011K, committed 28160K, reserved 1073152K
  class space    used 3474K, capacity 3714K, committed 3840K, reserved 1048576K
}
Event: 20.684 GC heap after
{Heap after GC invocations=8 (full 0):
 garbage-first heap   total 131072K, used 19375K [0x0000000080000000, 0x0000000100000000)
  region size 1024K, 5 young (5120K), 5 survivors (5120K)
 Metaspace       used 27354K, capacity 28011K, committed 28160K, reserved 1073152K
  class space    used 3474K, capacity 3714K, committed 3840K, reserved 1048576K
}
Event: 22.674 GC heap before
{Heap before GC invocations=8 (full 0):
 garbage-first heap   total 131072K, used 92079K [0x0000000080000000, 0x0000000100000000)
  region size 1024K, 76 young (77824K), 5 survivors (5120K)
 Metaspace       used 30453K, capacity 31140K, committed 31488K, reserved 1077248K
  class space    used 3941K, capacity 4232K, committed 4352K, reserved 1048576K
}
Event: 22.684 GC heap after
{Heap after GC invocations=9 (full 0):
 garbage-first heap   total 131072K, used 20634K [0x0000000080000000, 0x0000000100000000)
  region size 1024K, 6 young (6144K), 6 survivors (6144K)
 Metaspace       used 30453K, capacity 31140K, committed 31488K, reserved 1077248K
  class space    used 3941K, capacity 4232K, committed 4352K, reserved 1048576K
}
Event: 24.650 GC heap before
{Heap before GC invocations=9 (full 0):
 garbage-first heap   total 131072K, used 92314K [0x0000000080000000, 0x0000000100000000)
  region size 1024K, 76 young (77824K), 6 survivors (6144K)
 Metaspace       used 34076K, capacity 34861K, committed 35072K, reserved 1079296K
  class space    used 4495K, capacity 4811K, committed 4864K, reserved 1048576K
}
Event: 24.662 GC heap after
{Heap after GC invocations=10 (full 0):
 garbage-first heap   total 131072K, used 21756K [0x0000000080000000, 0x0000000100000000)
  region size 1024K, 7 young (7168K), 7 survivors (7168K)
 Metaspace       used 34076K, capacity 34861K, committed 35072K, reserved 1079296K
  class space    used 4495K, capacity 4811K, committed 4864K, reserved 1048576K
}
Event: 25.522 GC heap before
{Heap before GC invocations=10 (full 0):
 garbage-first heap   total 131072K, used 36092K [0x0000000080000000, 0x0000000100000000)
  region size 1024K, 23 young (23552K), 7 survivors (7168K)
 Metaspace       used 34868K, capacity 35707K, committed 35840K, reserved 1081344K
  class space    used 4558K, capacity 4880K, committed 4992K, reserved 1048576K
}
Event: 25.539 GC heap after
{Heap after GC invocations=11 (full 0):
 garbage-first heap   total 131072K, used 22694K [0x0000000080000000, 0x0000000100000000)
  region size 1024K, 7 young (7168K), 7 survivors (7168K)
 Metaspace       used 34868K, capacity 35707K, committed 35840K, reserved 1081344K
  class space    used 4558K, capacity 4880K, committed 4992K, reserved 1048576K
}
Event: 27.091 GC heap before
{Heap before GC invocations=12 (full 0):
 garbage-first heap   total 131072K, used 92326K [0x0000000080000000, 0x0000000100000000)
  region size 1024K, 76 young (77824K), 7 survivors (7168K)
 Metaspace       used 38756K, capacity 39695K, committed 39936K, reserved 1083392K
  class space    used 4951K, capacity 5337K, committed 5376K, reserved 1048576K
}
Event: 27.112 GC heap after
{Heap after GC invocations=13 (full 0):
 garbage-first heap   total 131072K, used 23944K [0x0000000080000000, 0x0000000100000000)
  region size 1024K, 6 young (6144K), 6 survivors (6144K)
 Metaspace       used 38756K, capacity 39695K, committed 39936K, reserved 1083392K
  class space    used 4951K, capacity 5337K, committed 5376K, reserved 1048576K
}
Event: 31.830 GC heap before
{Heap before GC invocations=13 (full 0):
 garbage-first heap   total 131072K, used 105864K [0x0000000080000000, 0x0000000100000000)
  region size 1024K, 76 young (77824K), 6 survivors (6144K)
 Metaspace       used 41363K, capacity 42399K, committed 42496K, reserved 1085440K
  class space    used 5169K, capacity 5573K, committed 5632K, reserved 1048576K
}
Event: 31.851 GC heap after
{Heap after GC invocations=14 (full 0):
 garbage-first heap   total 131072K, used 28011K [0x0000000080000000, 0x0000000100000000)
  region size 1024K, 9 young (9216K), 9 survivors (9216K)
 Metaspace       used 41363K, capacity 42399K, committed 42496K, reserved 1085440K
  class space    used 5169K, capacity 5573K, committed 5632K, reserved 1048576K
}

Deoptimization events (20 events):
Event: 28.943 Thread 0x000001b724e8f800 Uncommon trap: trap_request=0xffffffbe fr.pc=0x000001b710b2dc00 relative=0x0000000000000820
Event: 28.943 Thread 0x000001b724e8f800 Uncommon trap: reason=profile_predicate action=maybe_recompile pc=0x000001b710b2dc00 method=java.lang.PublicMethods$MethodList.filter([Ljava/lang/reflect/Method;Ljava/lang/String;[Ljava/lang/Class;Z)Ljava/lang/PublicMethods$MethodList; @ 21 c2
Event: 28.943 Thread 0x000001b724e8f800 DEOPT PACKING pc=0x000001b710b2dc00 sp=0x0000005548ff8160
Event: 28.943 Thread 0x000001b724e8f800 DEOPT UNPACKING pc=0x000001b708cea1af sp=0x0000005548ff8118 mode 2
Event: 29.934 Thread 0x000001b724e8f800 Uncommon trap: trap_request=0xffffffde fr.pc=0x000001b710b1e8e4 relative=0x0000000000000364
Event: 29.934 Thread 0x000001b724e8f800 Uncommon trap: reason=class_check action=maybe_recompile pc=0x000001b710b1e8e4 method=java.util.regex.Pattern$Start.match(Ljava/util/regex/Matcher;ILjava/lang/CharSequence;)Z @ 44 c2
Event: 29.934 Thread 0x000001b724e8f800 DEOPT PACKING pc=0x000001b710b1e8e4 sp=0x0000005548ff7680
Event: 29.934 Thread 0x000001b724e8f800 DEOPT UNPACKING pc=0x000001b708cea1af sp=0x0000005548ff7558 mode 2
Event: 29.935 Thread 0x000001b724e8f800 Uncommon trap: trap_request=0xffffffde fr.pc=0x000001b710b1e8e4 relative=0x0000000000000364
Event: 29.935 Thread 0x000001b724e8f800 Uncommon trap: reason=class_check action=maybe_recompile pc=0x000001b710b1e8e4 method=java.util.regex.Pattern$Start.match(Ljava/util/regex/Matcher;ILjava/lang/CharSequence;)Z @ 44 c2
Event: 29.935 Thread 0x000001b724e8f800 DEOPT PACKING pc=0x000001b710b1e8e4 sp=0x0000005548ff7680
Event: 29.935 Thread 0x000001b724e8f800 DEOPT UNPACKING pc=0x000001b708cea1af sp=0x0000005548ff7558 mode 2
Event: 29.936 Thread 0x000001b724e8f800 Uncommon trap: trap_request=0xffffffde fr.pc=0x000001b710b07630 relative=0x0000000000000330
Event: 29.936 Thread 0x000001b724e8f800 Uncommon trap: reason=class_check action=maybe_recompile pc=0x000001b710b07630 method=java.util.regex.Pattern$Start.match(Ljava/util/regex/Matcher;ILjava/lang/CharSequence;)Z @ 44 c2
Event: 29.936 Thread 0x000001b724e8f800 DEOPT PACKING pc=0x000001b710b07630 sp=0x0000005548ff7610
Event: 29.936 Thread 0x000001b724e8f800 DEOPT UNPACKING pc=0x000001b708cea1af sp=0x0000005548ff7560 mode 2
Event: 32.010 Thread 0x000001b724e8f800 Uncommon trap: trap_request=0xffffff4d fr.pc=0x000001b71099bbd4 relative=0x00000000000006d4
Event: 32.010 Thread 0x000001b724e8f800 Uncommon trap: reason=unstable_if action=reinterpret pc=0x000001b71099bbd4 method=java.util.HashMap.putVal(ILjava/lang/Object;Ljava/lang/Object;ZZ)Ljava/lang/Object; @ 162 c2
Event: 32.010 Thread 0x000001b724e8f800 DEOPT PACKING pc=0x000001b71099bbd4 sp=0x0000005548ffa3b0
Event: 32.010 Thread 0x000001b724e8f800 DEOPT UNPACKING pc=0x000001b708cea1af sp=0x0000005548ffa2c0 mode 2

Classes redefined (0 events):
No events

Internal exceptions (20 events):
Event: 29.078 Thread 0x000001b724e8f800 Exception <a 'java/lang/ClassNotFoundException'{0x00000000857eea60}: org/gradle/invocation/DefaultGradle_DecoratedBeanInfo> (0x00000000857eea60) thrown at [src/hotspot/share/classfile/systemDictionary.cpp, line 230]
Event: 29.081 Thread 0x000001b724e8f800 Exception <a 'java/lang/ClassNotFoundException'{0x0000000085611ac0}: org/gradle/invocation/DefaultGradleBeanInfo> (0x0000000085611ac0) thrown at [src/hotspot/share/classfile/systemDictionary.cpp, line 230]
Event: 29.083 Thread 0x000001b724e8f800 Exception <a 'java/lang/ClassNotFoundException'{0x0000000085638a88}: org/gradle/api/internal/project/AbstractPluginAwareBeanInfo> (0x0000000085638a88) thrown at [src/hotspot/share/classfile/systemDictionary.cpp, line 230]
Event: 29.084 Thread 0x000001b724e8f800 Exception <a 'java/lang/ClassNotFoundException'{0x000000008565faf8}: org/gradle/api/internal/project/AbstractPluginAwareCustomizer> (0x000000008565faf8) thrown at [src/hotspot/share/classfile/systemDictionary.cpp, line 230]
Event: 29.089 Thread 0x000001b724e8f800 Exception <a 'java/lang/ClassNotFoundException'{0x0000000085688b10}: org/gradle/invocation/DefaultGradleCustomizer> (0x0000000085688b10) thrown at [src/hotspot/share/classfile/systemDictionary.cpp, line 230]
Event: 29.293 Thread 0x000001b724e8f800 Exception <a 'java/lang/ClassNotFoundException'{0x00000000856df630}: org/gradle/invocation/DefaultGradle_DecoratedCustomizer> (0x00000000856df630) thrown at [src/hotspot/share/classfile/systemDictionary.cpp, line 230]
Event: 29.929 Thread 0x000001b724e8f800 Exception <a 'java/lang/ClassNotFoundException'{0x00000000852482b0}: groovy/lang/Closure$1BeanInfo> (0x00000000852482b0) thrown at [src/hotspot/share/classfile/systemDictionary.cpp, line 230]
Event: 29.931 Thread 0x000001b724e8f800 Exception <a 'java/lang/ClassNotFoundException'{0x000000008527bad0}: groovy/lang/ClosureBeanInfo> (0x000000008527bad0) thrown at [src/hotspot/share/classfile/systemDictionary.cpp, line 230]
Event: 29.932 Thread 0x000001b724e8f800 Exception <a 'java/lang/ClassNotFoundException'{0x00000000852af728}: groovy/lang/ClosureCustomizer> (0x00000000852af728) thrown at [src/hotspot/share/classfile/systemDictionary.cpp, line 230]
Event: 29.940 Thread 0x000001b724e8f800 Exception <a 'java/lang/ClassNotFoundException'{0x0000000085105b70}: groovy/lang/Closure$1Customizer> (0x0000000085105b70) thrown at [src/hotspot/share/classfile/systemDictionary.cpp, line 230]
Event: 31.374 Thread 0x000001b724e8f800 Exception <a 'java/lang/ClassNotFoundException'{0x00000000840323b8}: org/gradle/execution/taskgraph/DefaultTaskExecutionGraphBeanInfo> (0x00000000840323b8) thrown at [src/hotspot/share/classfile/systemDictionary.cpp, line 230]
Event: 31.376 Thread 0x000001b724e8f800 Exception <a 'java/lang/ClassNotFoundException'{0x000000008405a690}: org/gradle/execution/taskgraph/DefaultTaskExecutionGraphCustomizer> (0x000000008405a690) thrown at [src/hotspot/share/classfile/systemDictionary.cpp, line 230]
Event: 31.961 Thread 0x000001b724e8f800 Exception <a 'java/lang/ClassNotFoundException'{0x0000000087eefe20}: org/gradle/configuration/internal/DefaultListenerBuildOperationDecorator$BuildOperationEmittingClosureBeanInfo> (0x0000000087eefe20) thrown at [src/hotspot/share/classfile/systemDictionary.cpp, line 230]
Event: 31.964 Thread 0x000001b724e8f800 Exception <a 'java/lang/ClassNotFoundException'{0x0000000087d24058}: org/gradle/configuration/internal/DefaultListenerBuildOperationDecorator$BuildOperationEmittingClosureCustomizer> (0x0000000087d24058) thrown at [src/hotspot/share/classfile/systemDictionary.cpp, line 230]
Event: 32.205 Thread 0x000001b724e8f800 Exception <a 'java/lang/ClassNotFoundException'{0x0000000087ad58b8}: settings_da3goflst81i5w1dhcaq5wwliBeanInfo> (0x0000000087ad58b8) thrown at [src/hotspot/share/classfile/systemDictionary.cpp, line 230]
Event: 32.212 Thread 0x000001b724e8f800 Exception <a 'java/lang/ClassNotFoundException'{0x0000000087aebe80}: org/gradle/initialization/SettingsScriptBeanInfo> (0x0000000087aebe80) thrown at [src/hotspot/share/classfile/systemDictionary.cpp, line 230]
Event: 32.218 Thread 0x000001b724e8f800 Exception <a 'java/lang/ClassNotFoundException'{0x0000000087903df0}: org/gradle/plugin/use/internal/PluginsAwareScriptBeanInfo> (0x0000000087903df0) thrown at [src/hotspot/share/classfile/systemDictionary.cpp, line 230]
Event: 32.220 Thread 0x000001b724e8f800 Exception <a 'java/lang/ClassNotFoundException'{0x000000008791cb88}: org/gradle/plugin/use/internal/PluginsAwareScriptCustomizer> (0x000000008791cb88) thrown at [src/hotspot/share/classfile/systemDictionary.cpp, line 230]
Event: 32.296 Thread 0x000001b724e8f800 Exception <a 'java/lang/ClassNotFoundException'{0x000000008793aaa8}: org/gradle/initialization/SettingsScriptCustomizer> (0x000000008793aaa8) thrown at [src/hotspot/share/classfile/systemDictionary.cpp, line 230]
Event: 32.306 Thread 0x000001b724e8f800 Exception <a 'java/lang/ClassNotFoundException'{0x000000008794dbd8}: settings_da3goflst81i5w1dhcaq5wwliCustomizer> (0x000000008794dbd8) thrown at [src/hotspot/share/classfile/systemDictionary.cpp, line 230]

Events (20 events):
Event: 32.219 loading class org/gradle/plugin/use/internal/PluginsAwareScriptCustomizer
Event: 32.219 loading class org/gradle/plugin/use/internal/PluginsAwareScriptCustomizer done
Event: 32.220 loading class org/gradle/plugin/use/internal/PluginsAwareScriptCustomizer
Event: 32.220 loading class org/gradle/plugin/use/internal/PluginsAwareScriptCustomizer done
Event: 32.224 loading class org/gradle/initialization/SettingsScriptCustomizer
Event: 32.224 loading class org/gradle/initialization/SettingsScriptCustomizer done
Event: 32.226 loading class org/gradle/initialization/SettingsScriptCustomizer
Event: 32.226 loading class org/gradle/initialization/SettingsScriptCustomizer done
Event: 32.296 loading class org/gradle/initialization/SettingsScriptCustomizer
Event: 32.296 loading class org/gradle/initialization/SettingsScriptCustomizer done
Event: 32.301 loading class settings_da3goflst81i5w1dhcaq5wwliCustomizer
Event: 32.301 loading class settings_da3goflst81i5w1dhcaq5wwliCustomizer done
Event: 32.306 loading class settings_da3goflst81i5w1dhcaq5wwliCustomizer
Event: 32.306 loading class settings_da3goflst81i5w1dhcaq5wwliCustomizer done
Event: 32.317 loading class groovy/runtime/metaclass/settings_da3goflst81i5w1dhcaq5wwli$_run_closure1MetaClass
Event: 32.317 loading class groovy/runtime/metaclass/settings_da3goflst81i5w1dhcaq5wwli$_run_closure1MetaClass done
Event: 32.322 loading class org/codehaus/groovy/runtime/metaclass/ClosureMetaClass$StandardClosureChooser
Event: 32.322 loading class org/codehaus/groovy/runtime/metaclass/ClosureMetaClass$StandardClosureChooser done
Event: 32.323 loading class org/codehaus/groovy/runtime/callsite/PogoMetaClassSite
Event: 32.323 loading class org/codehaus/groovy/runtime/callsite/PogoMetaClassSite done


Dynamic libraries:
0x00007ff71fcb0000 - 0x00007ff71fcba000 	C:\Program Files\Android\Android Studio\jbr\bin\java.exe
0x00007ffb43950000 - 0x00007ffb43b48000 	C:\WINDOWS\SYSTEM32\ntdll.dll
0x00007ffb41da0000 - 0x00007ffb41e5f000 	C:\WINDOWS\System32\KERNEL32.DLL
0x00007ffb414e0000 - 0x00007ffb417d6000 	C:\WINDOWS\System32\KERNELBASE.dll
0x00007ffb41340000 - 0x00007ffb41440000 	C:\WINDOWS\System32\ucrtbase.dll
0x00007ffb24ee0000 - 0x00007ffb24ef7000 	C:\Program Files\Android\Android Studio\jbr\bin\jli.dll
0x00007ffb42df0000 - 0x00007ffb42f8d000 	C:\WINDOWS\System32\USER32.dll
0x00007ffb41030000 - 0x00007ffb41052000 	C:\WINDOWS\System32\win32u.dll
0x00007ffb43870000 - 0x00007ffb4389c000 	C:\WINDOWS\System32\GDI32.dll
0x00007ffb41890000 - 0x00007ffb419a5000 	C:\WINDOWS\System32\gdi32full.dll
0x00007ffb41440000 - 0x00007ffb414dd000 	C:\WINDOWS\System32\msvcp_win.dll
0x00007ffb2f840000 - 0x00007ffb2f85b000 	C:\Program Files\Android\Android Studio\jbr\bin\VCRUNTIME140.dll
0x00007ffb27b40000 - 0x00007ffb27dda000 	C:\WINDOWS\WinSxS\amd64_microsoft.windows.common-controls_6595b64144ccf1df_6.0.19041.1110_none_60b5254171f9507e\COMCTL32.dll
0x00007ffb41b90000 - 0x00007ffb41c2e000 	C:\WINDOWS\System32\msvcrt.dll
0x00007ffb41c90000 - 0x00007ffb41cc0000 	C:\WINDOWS\System32\IMM32.DLL
0x00007ffb34430000 - 0x00007ffb3443c000 	C:\Program Files\Android\Android Studio\jbr\bin\vcruntime140_1.dll
0x00007ffaf9c10000 - 0x00007ffaf9c9d000 	C:\Program Files\Android\Android Studio\jbr\bin\msvcp140.dll
0x00007ffade6b0000 - 0x00007ffadf26c000 	C:\Program Files\Android\Android Studio\jbr\bin\server\jvm.dll
0x00007ffb420a0000 - 0x00007ffb4214f000 	C:\WINDOWS\System32\ADVAPI32.dll
0x00007ffb42d40000 - 0x00007ffb42ddc000 	C:\WINDOWS\System32\sechost.dll
0x00007ffb419b0000 - 0x00007ffb41ad6000 	C:\WINDOWS\System32\RPCRT4.dll
0x00007ffb438a0000 - 0x00007ffb438a8000 	C:\WINDOWS\System32\PSAPI.DLL
0x00007ffb29290000 - 0x00007ffb29299000 	C:\WINDOWS\SYSTEM32\WSOCK32.dll
0x00007ffb319d0000 - 0x00007ffb319f7000 	C:\WINDOWS\SYSTEM32\WINMM.dll
0x00007ffb43800000 - 0x00007ffb4386b000 	C:\WINDOWS\System32\WS2_32.dll
0x00007ffb34f60000 - 0x00007ffb34f6a000 	C:\WINDOWS\SYSTEM32\VERSION.dll
0x00007ffb3f830000 - 0x00007ffb3f842000 	C:\WINDOWS\SYSTEM32\kernel.appcore.dll
0x00007ffb275d0000 - 0x00007ffb275e0000 	C:\Program Files\Android\Android Studio\jbr\bin\verify.dll
0x00007ffb31390000 - 0x00007ffb31574000 	C:\WINDOWS\SYSTEM32\DBGHELP.DLL
0x00007ffb312b0000 - 0x00007ffb312e4000 	C:\WINDOWS\SYSTEM32\dbgcore.DLL
0x00007ffb41060000 - 0x00007ffb410e2000 	C:\WINDOWS\System32\bcryptPrimitives.dll
0x00007ffb24f10000 - 0x00007ffb24f38000 	C:\Program Files\Android\Android Studio\jbr\bin\java.dll
0x00007ffb275c0000 - 0x00007ffb275ca000 	C:\Program Files\Android\Android Studio\jbr\bin\jimage.dll
0x00007ffb24f00000 - 0x00007ffb24f0e000 	C:\Program Files\Android\Android Studio\jbr\bin\instrument.dll
0x00007ffb179c0000 - 0x00007ffb179d8000 	C:\Program Files\Android\Android Studio\jbr\bin\zip.dll
0x00007ffb425f0000 - 0x00007ffb42d34000 	C:\WINDOWS\System32\SHELL32.dll
0x00007ffb3ea50000 - 0x00007ffb3f1e3000 	C:\WINDOWS\SYSTEM32\windows.storage.dll
0x00007ffb42150000 - 0x00007ffb424a4000 	C:\WINDOWS\System32\combase.dll
0x00007ffb408c0000 - 0x00007ffb408ee000 	C:\WINDOWS\SYSTEM32\Wldp.dll
0x00007ffb41ae0000 - 0x00007ffb41b8d000 	C:\WINDOWS\System32\SHCORE.dll
0x00007ffb41c30000 - 0x00007ffb41c85000 	C:\WINDOWS\System32\shlwapi.dll
0x00007ffb40f70000 - 0x00007ffb40f8f000 	C:\WINDOWS\SYSTEM32\profapi.dll
0x00007ffb24ed0000 - 0x00007ffb24eda000 	C:\Program Files\Android\Android Studio\jbr\bin\management.dll
0x00007ffb17970000 - 0x00007ffb1797b000 	C:\Program Files\Android\Android Studio\jbr\bin\management_ext.dll
0x00007ffb179a0000 - 0x00007ffb179b9000 	C:\Program Files\Android\Android Studio\jbr\bin\net.dll
0x00007ffb36190000 - 0x00007ffb3629a000 	C:\WINDOWS\SYSTEM32\WINHTTP.dll
0x00007ffb406a0000 - 0x00007ffb4070a000 	C:\WINDOWS\system32\mswsock.dll
0x00007ffb17980000 - 0x00007ffb17993000 	C:\Program Files\Android\Android Studio\jbr\bin\nio.dll
0x00007ffb17950000 - 0x00007ffb17967000 	C:\WINDOWS\system32\napinsp.dll
0x00007ffb17930000 - 0x00007ffb1794b000 	C:\WINDOWS\system32\pnrpnsp.dll
0x00007ffb23230000 - 0x00007ffb23245000 	C:\WINDOWS\system32\wshbth.dll
0x00007ffb3c3c0000 - 0x00007ffb3c3dd000 	C:\WINDOWS\system32\NLAapi.dll
0x00007ffb403b0000 - 0x00007ffb403ec000 	C:\WINDOWS\SYSTEM32\IPHLPAPI.DLL
0x00007ffb403f0000 - 0x00007ffb404ba000 	C:\WINDOWS\SYSTEM32\DNSAPI.dll
0x00007ffb42de0000 - 0x00007ffb42de8000 	C:\WINDOWS\System32\NSI.dll
0x00007ffb178a0000 - 0x00007ffb178b2000 	C:\WINDOWS\System32\winrnr.dll
0x00007ffb34a30000 - 0x00007ffb34a3a000 	C:\Windows\System32\rasadhlp.dll
0x00007ffb35e50000 - 0x00007ffb35ed2000 	C:\WINDOWS\System32\fwpuclnt.dll
0x00007ffb41250000 - 0x00007ffb41277000 	C:\WINDOWS\System32\bcrypt.dll
0x00007ffb2f880000 - 0x00007ffb2f8a7000 	C:\Users\shahzaib lptp\AndroidStudioProjects\loginsqlite\native\e1d6ef7f7dcc3fd88c89a11ec53ec762bb8ba0a96d01ffa2cd45eb1d1d8dd5c5\windows-amd64\native-platform.dll
0x00007ffaf9610000 - 0x00007ffaf9754000 	C:\Users\shahzaib lptp\AndroidStudioProjects\loginsqlite\native\0d407fdbe67a94daf76414ababcb853783967236a71b16ec16e742cd7a986fd3\windows-amd64\native-platform-file-events.dll
0x00007ffb40c10000 - 0x00007ffb40c28000 	C:\WINDOWS\SYSTEM32\CRYPTSP.dll
0x00007ffb3ffe0000 - 0x00007ffb40014000 	C:\WINDOWS\system32\rsaenh.dll
0x00007ffb40f30000 - 0x00007ffb40f5e000 	C:\WINDOWS\SYSTEM32\USERENV.dll
0x00007ffb40830000 - 0x00007ffb4083c000 	C:\WINDOWS\SYSTEM32\CRYPTBASE.dll
0x00007ffb38e80000 - 0x00007ffb38e97000 	C:\WINDOWS\SYSTEM32\dhcpcsvc6.DLL
0x00007ffb38510000 - 0x00007ffb3852d000 	C:\WINDOWS\SYSTEM32\dhcpcsvc.DLL

dbghelp: loaded successfully - version: 4.0.5 - missing functions: none
symbol engine: initialized successfully - sym options: 0x614 - pdb path: .;C:\Program Files\Android\Android Studio\jbr\bin;C:\WINDOWS\SYSTEM32;C:\WINDOWS\WinSxS\amd64_microsoft.windows.common-controls_6595b64144ccf1df_6.0.19041.1110_none_60b5254171f9507e;C:\Program Files\Android\Android Studio\jbr\bin\server;C:\Users\shahzaib lptp\AndroidStudioProjects\loginsqlite\native\e1d6ef7f7dcc3fd88c89a11ec53ec762bb8ba0a96d01ffa2cd45eb1d1d8dd5c5\windows-amd64;C:\Users\shahzaib lptp\AndroidStudioProjects\loginsqlite\native\0d407fdbe67a94daf76414ababcb853783967236a71b16ec16e742cd7a986fd3\windows-amd64

VM Arguments:
jvm_args: -javaagent:C:\Program Files\Android\Android Studio\plugins\android\resources\trace_agent.jar=C:\Users\SHAHZA~1\AppData\Local\Temp\sync.trace.profile --add-opens=java.base/java.util=ALL-UNNAMED --add-opens=java.base/java.lang=ALL-UNNAMED --add-opens=java.base/java.lang.invoke=ALL-UNNAMED --add-opens=java.base/java.util=ALL-UNNAMED --add-opens=java.prefs/java.util.prefs=ALL-UNNAMED --add-opens=java.prefs/java.util.prefs=ALL-UNNAMED --add-opens=java.base/java.nio.charset=ALL-UNNAMED --add-opens=java.base/java.net=ALL-UNNAMED --add-opens=java.base/java.util.concurrent.atomic=ALL-UNNAMED -Xmx2048m -Dfile.encoding=UTF-8 -Duser.country=US -Duser.language=en -Duser.variant 
java_command: org.gradle.launcher.daemon.bootstrap.GradleDaemon 7.5
java_class_path (initial): C:\Users\shahzaib lptp\AndroidStudioProjects\loginsqlite\wrapper\dists\gradle-7.5-bin\f1w0cc9nuo0eivz97x2xlu9sv\gradle-7.5\lib\gradle-launcher-7.5.jar
Launcher Type: SUN_STANDARD

[Global flags]
     intx CICompilerCount                          = 3                                         {product} {ergonomic}
     uint ConcGCThreads                            = 1                                         {product} {ergonomic}
     uint G1ConcRefinementThreads                  = 4                                         {product} {ergonomic}
   size_t G1HeapRegionSize                         = 1048576                                   {product} {ergonomic}
    uintx GCDrainStackTargetSize                   = 64                                        {product} {ergonomic}
   size_t InitialHeapSize                          = 134217728                                 {product} {ergonomic}
   size_t MarkStackSize                            = 4194304                                   {product} {ergonomic}
   size_t MaxHeapSize                              = 2147483648                                {product} {command line}
   size_t MaxNewSize                               = 1287651328                                {product} {ergonomic}
   size_t MinHeapDeltaBytes                        = 1048576                                   {product} {ergonomic}
    uintx NonNMethodCodeHeapSize                   = 5830732                                {pd product} {ergonomic}
    uintx NonProfiledCodeHeapSize                  = 122913754                              {pd product} {ergonomic}
    uintx ProfiledCodeHeapSize                     = 122913754                              {pd product} {ergonomic}
    uintx ReservedCodeCacheSize                    = 251658240                              {pd product} {ergonomic}
     bool SegmentedCodeCache                       = true                                      {product} {ergonomic}
     bool UseCompressedClassPointers               = true                                 {lp64_product} {ergonomic}
     bool UseCompressedOops                        = true                                 {lp64_product} {ergonomic}
     bool UseG1GC                                  = true                                      {product} {ergonomic}
     bool UseLargePagesIndividualAllocation        = false                                  {pd product} {ergonomic}

Logging:
Log output configuration:
 #0: stdout all=warning uptime,level,tags
 #1: stderr all=off uptime,level,tags

Environment Variables:
PATH=C:\Program Files\Python310\Scripts\;C:\Program Files\Python310\;C:\Program Files\Common Files\Oracle\Java\javapath;C:\app\bin;C:\app\shahzaiblptp\product\11.2.0\dbhome_1\bin;C:\WINDOWS\system32;C:\WINDOWS;C:\WINDOWS\System32\Wbem;C:\WINDOWS\System32\WindowsPowerShell\v1.0\;c:\Program Files (x86)\Microsoft SQL Server\100\Tools\Binn\;c:\Program Files\Microsoft SQL Server\100\Tools\Binn\;c:\Program Files\Microsoft SQL Server\100\DTS\Binn\;C:\WINDOWS\System32\OpenSSH\;C:\ProgramData\chocolatey\bin;%JAVA_HOME%\bin;C:\Program Files\Git\cmd;C:\Users\shahzaib lptp\AppData\Local\Microsoft\WindowsApps;C:\Program Files\JetBrains\IntelliJ IDEA Community Edition 2021.3\bin;;C:\Program Files\Python310\PyCharm Community Edition 2022.1\bin;;C:\Users\shahzaib lptp\AppData\Local\Programs\Microsoft VS Code\bin;C:\Program Files\flutter\bin;C:\src\flutter\bin;C:\Program Files\Android\Android Studio\bin;
USERNAME=shahzaib lptp
OS=Windows_NT
PROCESSOR_IDENTIFIER=Intel64 Family 6 Model 69 Stepping 1, GenuineIntel



---------------  S Y S T E M  ---------------

OS: Windows 10 , 64 bit Build 19041 (10.0.19041.3031)
OS uptime: 1 days 17:20 hours
Hyper-V role detected

CPU:total 4 (initial active 4) (2 cores per cpu, 2 threads per core) family 6 model 69 stepping 1 microcode 0x26, cmov, cx8, fxsr, mmx, sse, sse2, sse3, ssse3, sse4.1, sse4.2, popcnt, avx, avx2, aes, clmul, erms, lzcnt, ht, tsc, tscinvbit, bmi1, bmi2, fma

Memory: 4k page, system-wide physical 8073M (355M free)
TotalPageFile size 10073M (AvailPageFile size 3M)
current process WorkingSet (physical memory assigned to process): 261M, peak: 261M
current process commit charge ("private bytes"): 306M, peak: 311M

vm_info: OpenJDK 64-Bit Server VM (11.0.15+0-b2043.56-9505619) for windows-amd64 JRE (11.0.15+0-b2043.56-9505619), built on Jan 19 2023 02:48:00 by "builduser" with unknown MS VC++:1929

END.
