#
# There is insufficient memory for the Java Runtime Environment to continue.
# Native memory allocation (mmap) failed to map 65536 bytes for Failed to commit area from 0x000001c977670000 to 0x000001c977680000 of length 65536.
# Possible reasons:
#   The system is out of physical RAM or swap space
#   The process is running with CompressedOops enabled, and the Java Heap may be blocking the growth of the native heap
# Possible solutions:
#   Reduce memory load on the system
#   Increase physical memory or swap space
#   Check if swap backing store is full
#   Decrease Java heap size (-Xmx/-Xms)
#   Decrease number of Java threads
#   Decrease Java thread stack sizes (-Xss)
#   Set larger code cache with -XX:ReservedCodeCacheSize=
#   JVM is running with Unscaled Compressed Oops mode in which the Java heap is
#     placed in the first 4GB address space. The Java Heap base address is the
#     maximum limit for the native heap growth. Please use -XX:HeapBaseMinAddress
#     to set the Java Heap base and to place the Java Heap above 4GB virtual address.
# This output file may be truncated or incomplete.
#
#  Out of Memory Error (src/hotspot/os/windows/os_windows.cpp:3627), pid=14668, tid=7140
#
# JRE version: OpenJDK Runtime Environment (11.0.15) (build 11.0.15+0-b2043.56-9505619)
# Java VM: OpenJDK 64-Bit Server VM (11.0.15+0-b2043.56-9505619, mixed mode, tiered, compressed oops, g1 gc, windows-amd64)
# No core dump will be written. Minidumps are not enabled by default on client versions of Windows
#

---------------  S U M M A R Y ------------

Command Line: -javaagent:C:\Program Files\Android\Android Studio\plugins\android\resources\trace_agent.jar=C:\Users\SHAHZA~1\AppData\Local\Temp\sync.trace.profile --add-opens=java.base/java.util=ALL-UNNAMED --add-opens=java.base/java.lang=ALL-UNNAMED --add-opens=java.base/java.lang.invoke=ALL-UNNAMED --add-opens=java.base/java.util=ALL-UNNAMED --add-opens=java.prefs/java.util.prefs=ALL-UNNAMED --add-opens=java.prefs/java.util.prefs=ALL-UNNAMED --add-opens=java.base/java.nio.charset=ALL-UNNAMED --add-opens=java.base/java.net=ALL-UNNAMED --add-opens=java.base/java.util.concurrent.atomic=ALL-UNNAMED -Xmx2048m -Dfile.encoding=UTF-8 -Duser.country=US -Duser.language=en -Duser.variant org.gradle.launcher.daemon.bootstrap.GradleDaemon 7.5

Host: Intel(R) Core(TM) i5-4310U CPU @ 2.00GHz, 4 cores, 7G,  Windows 10 , 64 bit Build 19041 (10.0.19041.2913)
Time: Fri May 26 10:04:15 2023 Pakistan Standard Time elapsed time: 28.148565 seconds (0d 0h 0m 28s)

---------------  T H R E A D  ---------------

Current thread (0x000001c97e433000):  VMThread "VM Thread" [stack: 0x0000002fc7900000,0x0000002fc7a00000] [id=7140]

Stack: [0x0000002fc7900000,0x0000002fc7a00000]
[error occurred during error reporting (printing stack bounds), id 0xc0000005, EXCEPTION_ACCESS_VIOLATION (0xc0000005) at pc=0x000001c90000112d]

Native frames: (J=compiled Java code, j=interpreted, Vv=VM code, C=native code)
V  [jvm.dll+0x64135a]
V  [jvm.dll+0x7d39f9]
V  [jvm.dll+0x7d51b9]
V  [jvm.dll+0x7d5805]
V  [jvm.dll+0x7d57bb]
V  [jvm.dll+0x640655]
V  [jvm.dll+0x640d68]
C  [ntdll.dll+0xa23df]
C  [ntdll.dll+0x514a4]
C  [ntdll.dll+0xa0f0e]
C  0x000001c90000112d

VM_Operation (0x0000002fccff75c0): G1CollectForAllocation, mode: safepoint, requested by thread 0x000001c9138f5800


---------------  P R O C E S S  ---------------

Threads class SMR info:
_java_thread_list=0x000001c912a054b0, length=87, elements={
0x000001c9718e4800, 0x000001c97e435800, 0x000001c97e43f800, 0x000001c97e451800,
0x000001c97e453800, 0x000001c97e457000, 0x000001c97e45b800, 0x000001c97e462800,
0x000001c97e464000, 0x000001c97ef16800, 0x000001c90fd4e000, 0x000001c97f06c000,
0x000001c912e25000, 0x000001c912e12000, 0x000001c9130ff800, 0x000001c9138a0800,
0x000001c912999800, 0x000001c912c1e800, 0x000001c90f35a800, 0x000001c90f97a800,
0x000001c911c94800, 0x000001c90fc9f800, 0x000001c90fca0800, 0x000001c90fc9e000,
0x000001c90fc9f000, 0x000001c90fca2000, 0x000001c90fca1000, 0x000001c90fc9c800,
0x000001c90fc9d000, 0x000001c90fca3000, 0x000001c913bb4800, 0x000001c913bb7000,
0x000001c913bb4000, 0x000001c913bb5800, 0x000001c913bbc000, 0x000001c913bbd000,
0x000001c913bbd800, 0x000001c913bbf800, 0x000001c913bb9800, 0x000001c913bc0000,
0x000001c913bba800, 0x000001c913bbb000, 0x000001c913bc2000, 0x000001c913bc1000,
0x000001c97f73e800, 0x000001c97f73d800, 0x000001c97f73f800, 0x000001c97f740000,
0x000001c97f741000, 0x000001c97f742000, 0x000001c97f742800, 0x000001c97f73d000,
0x000001c97f743800, 0x000001c91336a000, 0x000001c91336b000, 0x000001c91336b800,
0x000001c913369800, 0x000001c91336d800, 0x000001c91336c800, 0x000001c91336e000,
0x000001c91336f000, 0x000001c913370000, 0x000001c9141e6000, 0x000001c9141e5800,
0x000001c9141e3000, 0x000001c9141e1000, 0x000001c9141e0800, 0x000001c9141e8000,
0x000001c9141e3800, 0x000001c9141e2000, 0x000001c9141e4800, 0x000001c9141ea000,
0x000001c9141eb000, 0x000001c9141ec800, 0x000001c9141e9800, 0x000001c9141ec000,
0x000001c9141e7000, 0x000001c9141ed800, 0x000001c9141ee800, 0x000001c9141ef000,
0x000001c9138f4000, 0x000001c9138f2800, 0x000001c9138f5800, 0x000001c9138f6800,
0x000001c9138f3000, 0x000001c9138f9000, 0x000001c9138f7000
}

Java Threads: ( => current thread )
  0x000001c9718e4800 JavaThread "main" [_thread_blocked, id=10540, stack(0x0000002fc7300000,0x0000002fc7400000)]
  0x000001c97e435800 JavaThread "Reference Handler" daemon [_thread_blocked, id=3880, stack(0x0000002fc7a00000,0x0000002fc7b00000)]
  0x000001c97e43f800 JavaThread "Finalizer" daemon [_thread_blocked, id=11500, stack(0x0000002fc7b00000,0x0000002fc7c00000)]
  0x000001c97e451800 JavaThread "Signal Dispatcher" daemon [_thread_blocked, id=10652, stack(0x0000002fc7c00000,0x0000002fc7d00000)]
  0x000001c97e453800 JavaThread "Attach Listener" daemon [_thread_blocked, id=17240, stack(0x0000002fc7d00000,0x0000002fc7e00000)]
  0x000001c97e457000 JavaThread "Service Thread" daemon [_thread_blocked, id=12976, stack(0x0000002fc7e00000,0x0000002fc7f00000)]
  0x000001c97e45b800 JavaThread "C2 CompilerThread0" daemon [_thread_in_native, id=7816, stack(0x0000002fc7f00000,0x0000002fc8000000)]
  0x000001c97e462800 JavaThread "C1 CompilerThread0" daemon [_thread_blocked, id=7652, stack(0x0000002fc8000000,0x0000002fc8100000)]
  0x000001c97e464000 JavaThread "Sweeper thread" daemon [_thread_blocked, id=15368, stack(0x0000002fc8100000,0x0000002fc8200000)]
  0x000001c97ef16800 JavaThread "Common-Cleaner" daemon [_thread_blocked, id=7544, stack(0x0000002fc8200000,0x0000002fc8300000)]
  0x000001c90fd4e000 JavaThread "Daemon health stats" [_thread_blocked, id=13284, stack(0x0000002fc8700000,0x0000002fc8800000)]
  0x000001c97f06c000 JavaThread "Incoming local TCP Connector on port 56755" [_thread_in_native, id=8836, stack(0x0000002fc8300000,0x0000002fc8400000)]
  0x000001c912e25000 JavaThread "C2 CompilerThread1" daemon [_thread_blocked, id=16924, stack(0x0000002fc8800000,0x0000002fc8900000)]
  0x000001c912e12000 JavaThread "Daemon" [_thread_blocked, id=15656, stack(0x0000002fc8900000,0x0000002fc8a00000)]
  0x000001c9130ff800 JavaThread "Daemon periodic checks" [_thread_blocked, id=14568, stack(0x0000002fc8a00000,0x0000002fc8b00000)]
  0x000001c9138a0800 JavaThread "Handler for socket connection from /127.0.0.1:56755 to /127.0.0.1:56756" [_thread_in_native, id=7320, stack(0x0000002fc8b00000,0x0000002fc8c00000)]
  0x000001c912999800 JavaThread "Cancel handler" [_thread_blocked, id=10300, stack(0x0000002fc8c00000,0x0000002fc8d00000)]
  0x000001c912c1e800 JavaThread "Daemon worker" [_thread_blocked, id=8172, stack(0x0000002fc8d00000,0x0000002fc8e00000)]
  0x000001c90f35a800 JavaThread "Asynchronous log dispatcher for DefaultDaemonConnection: socket connection from /127.0.0.1:56755 to /127.0.0.1:56756" [_thread_blocked, id=12440, stack(0x0000002fc8e00000,0x0000002fc8f00000)]
  0x000001c90f97a800 JavaThread "Stdin handler" [_thread_blocked, id=8108, stack(0x0000002fc8f00000,0x0000002fc9000000)]
  0x000001c911c94800 JavaThread "Daemon client event forwarder" [_thread_blocked, id=10388, stack(0x0000002fc9000000,0x0000002fc9100000)]
  0x000001c90fc9f800 JavaThread "Cache worker for journal cache (C:\Users\shahzaib lptp\AndroidStudioProjects\loginsqlite\caches\journal-1)" [_thread_blocked, id=15588, stack(0x0000002fc9200000,0x0000002fc9300000)]
  0x000001c90fca0800 JavaThread "File lock request listener" [_thread_in_native, id=12620, stack(0x0000002fc9300000,0x0000002fc9400000)]
  0x000001c90fc9e000 JavaThread "Cache worker for file hash cache (C:\Users\shahzaib lptp\AndroidStudioProjects\loginsqlite\caches\7.5\fileHashes)" [_thread_blocked, id=6212, stack(0x0000002fc9400000,0x0000002fc9500000)]
  0x000001c90fc9f000 JavaThread "File watcher server" daemon [_thread_blocked, id=10620, stack(0x0000002fc9500000,0x0000002fc9600000)]
  0x000001c90fca2000 JavaThread "File watcher consumer" daemon [_thread_blocked, id=14672, stack(0x0000002fc9600000,0x0000002fc9700000)]
  0x000001c90fca1000 JavaThread "Cache worker for checksums cache (C:\Users\shahzaib lptp\AndroidStudioProjects\EyeonwaterApp\.gradle\7.5\checksums)" [_thread_blocked, id=3992, stack(0x0000002fc9700000,0x0000002fc9800000)]
  0x000001c90fc9c800 JavaThread "Cache worker for cache directory md-rule (C:\Users\shahzaib lptp\AndroidStudioProjects\loginsqlite\caches\7.5\md-rule)" [_thread_blocked, id=5836, stack(0x0000002fc9800000,0x0000002fc9900000)]
  0x000001c90fc9d000 JavaThread "Cache worker for file content cache (C:\Users\shahzaib lptp\AndroidStudioProjects\loginsqlite\caches\7.5\fileContent)" [_thread_blocked, id=14964, stack(0x0000002fc9900000,0x0000002fc9a00000)]
  0x000001c90fca3000 JavaThread "Cache worker for file hash cache (C:\Users\shahzaib lptp\AndroidStudioProjects\EyeonwaterApp\.gradle\7.5\fileHashes)" [_thread_blocked, id=4888, stack(0x0000002fc9a00000,0x0000002fc9b00000)]
  0x000001c913bb4800 JavaThread "Cache worker for cache directory md-supplier (C:\Users\shahzaib lptp\AndroidStudioProjects\loginsqlite\caches\7.5\md-supplier)" [_thread_blocked, id=1212, stack(0x0000002fc9b00000,0x0000002fc9c00000)]
  0x000001c913bb7000 JavaThread "Cache worker for execution history cache (C:\Users\shahzaib lptp\AndroidStudioProjects\loginsqlite\caches\7.5\executionHistory)" [_thread_blocked, id=13556, stack(0x0000002fc9c00000,0x0000002fc9d00000)]
  0x000001c913bb4000 JavaThread "jar transforms" [_thread_blocked, id=11596, stack(0x0000002fc9d00000,0x0000002fc9e00000)]
  0x000001c913bb5800 JavaThread "jar transforms Thread 2" [_thread_blocked, id=10348, stack(0x0000002fc9e00000,0x0000002fc9f00000)]
  0x000001c913bbc000 JavaThread "jar transforms Thread 3" [_thread_blocked, id=7308, stack(0x0000002fc9f00000,0x0000002fca000000)]
  0x000001c913bbd000 JavaThread "jar transforms Thread 4" [_thread_blocked, id=7684, stack(0x0000002fca000000,0x0000002fca100000)]
  0x000001c913bbd800 JavaThread "Cache worker for dependencies-accessors (C:\Users\shahzaib lptp\AndroidStudioProjects\EyeonwaterApp\.gradle\7.5\dependencies-accessors)" [_thread_blocked, id=4592, stack(0x0000002fca100000,0x0000002fca200000)]
  0x000001c913bbf800 JavaThread "Cache worker for Build Output Cleanup Cache (C:\Users\shahzaib lptp\AndroidStudioProjects\EyeonwaterApp\.gradle\buildOutputCleanup)" [_thread_blocked, id=16184, stack(0x0000002fca200000,0x0000002fca300000)]
  0x000001c913bb9800 JavaThread "Unconstrained build operations" [_thread_blocked, id=14064, stack(0x0000002fca300000,0x0000002fca400000)]
  0x000001c913bc0000 JavaThread "Unconstrained build operations Thread 2" [_thread_blocked, id=4008, stack(0x0000002fca400000,0x0000002fca500000)]
  0x000001c913bba800 JavaThread "Unconstrained build operations Thread 3" [_thread_blocked, id=12552, stack(0x0000002fca500000,0x0000002fca600000)]
  0x000001c913bbb000 JavaThread "Unconstrained build operations Thread 4" [_thread_blocked, id=12556, stack(0x0000002fca600000,0x0000002fca700000)]
  0x000001c913bc2000 JavaThread "Unconstrained build operations Thread 5" [_thread_blocked, id=14624, stack(0x0000002fca700000,0x0000002fca800000)]
  0x000001c913bc1000 JavaThread "Unconstrained build operations Thread 6" [_thread_blocked, id=3164, stack(0x0000002fca800000,0x0000002fca900000)]
  0x000001c97f73e800 JavaThread "Unconstrained build operations Thread 7" [_thread_blocked, id=6004, stack(0x0000002fca900000,0x0000002fcaa00000)]
  0x000001c97f73d800 JavaThread "Unconstrained build operations Thread 8" [_thread_blocked, id=10520, stack(0x0000002fcaa00000,0x0000002fcab00000)]
  0x000001c97f73f800 JavaThread "Unconstrained build operations Thread 9" [_thread_blocked, id=12992, stack(0x0000002fcab00000,0x0000002fcac00000)]
  0x000001c97f740000 JavaThread "Unconstrained build operations Thread 10" [_thread_blocked, id=11004, stack(0x0000002fcac00000,0x0000002fcad00000)]
  0x000001c97f741000 JavaThread "Unconstrained build operations Thread 11" [_thread_blocked, id=16524, stack(0x0000002fcad00000,0x0000002fcae00000)]
  0x000001c97f742000 JavaThread "Unconstrained build operations Thread 12" [_thread_blocked, id=16884, stack(0x0000002fcae00000,0x0000002fcaf00000)]
  0x000001c97f742800 JavaThread "Unconstrained build operations Thread 13" [_thread_blocked, id=16000, stack(0x0000002fcaf00000,0x0000002fcb000000)]
  0x000001c97f73d000 JavaThread "Unconstrained build operations Thread 14" [_thread_blocked, id=7300, stack(0x0000002fcb000000,0x0000002fcb100000)]
  0x000001c97f743800 JavaThread "Unconstrained build operations Thread 15" [_thread_blocked, id=1252, stack(0x0000002fcb100000,0x0000002fcb200000)]
  0x000001c91336a000 JavaThread "Unconstrained build operations Thread 16" [_thread_blocked, id=13540, stack(0x0000002fcb200000,0x0000002fcb300000)]
  0x000001c91336b000 JavaThread "Unconstrained build operations Thread 17" [_thread_blocked, id=12008, stack(0x0000002fcb300000,0x0000002fcb400000)]
  0x000001c91336b800 JavaThread "Unconstrained build operations Thread 18" [_thread_blocked, id=6084, stack(0x0000002fcb400000,0x0000002fcb500000)]
  0x000001c913369800 JavaThread "Unconstrained build operations Thread 19" [_thread_blocked, id=16228, stack(0x0000002fcb500000,0x0000002fcb600000)]
  0x000001c91336d800 JavaThread "Unconstrained build operations Thread 20" [_thread_blocked, id=5876, stack(0x0000002fcb600000,0x0000002fcb700000)]
  0x000001c91336c800 JavaThread "Unconstrained build operations Thread 21" [_thread_blocked, id=9556, stack(0x0000002fcb700000,0x0000002fcb800000)]
  0x000001c91336e000 JavaThread "Unconstrained build operations Thread 22" [_thread_blocked, id=6736, stack(0x0000002fcb800000,0x0000002fcb900000)]
  0x000001c91336f000 JavaThread "Unconstrained build operations Thread 23" [_thread_blocked, id=16668, stack(0x0000002fcb900000,0x0000002fcba00000)]
  0x000001c913370000 JavaThread "Unconstrained build operations Thread 24" [_thread_blocked, id=11376, stack(0x0000002fcba00000,0x0000002fcbb00000)]
  0x000001c9141e6000 JavaThread "Unconstrained build operations Thread 25" [_thread_blocked, id=11304, stack(0x0000002fcbb00000,0x0000002fcbc00000)]
  0x000001c9141e5800 JavaThread "Unconstrained build operations Thread 26" [_thread_blocked, id=16816, stack(0x0000002fcbc00000,0x0000002fcbd00000)]
  0x000001c9141e3000 JavaThread "Unconstrained build operations Thread 27" [_thread_blocked, id=12352, stack(0x0000002fcbd00000,0x0000002fcbe00000)]
  0x000001c9141e1000 JavaThread "Unconstrained build operations Thread 28" [_thread_blocked, id=6392, stack(0x0000002fcbe00000,0x0000002fcbf00000)]
  0x000001c9141e0800 JavaThread "Unconstrained build operations Thread 29" [_thread_blocked, id=10416, stack(0x0000002fcbf00000,0x0000002fcc000000)]
  0x000001c9141e8000 JavaThread "Unconstrained build operations Thread 30" [_thread_blocked, id=17244, stack(0x0000002fcc000000,0x0000002fcc100000)]
  0x000001c9141e3800 JavaThread "Unconstrained build operations Thread 31" [_thread_blocked, id=16232, stack(0x0000002fcc100000,0x0000002fcc200000)]
  0x000001c9141e2000 JavaThread "Unconstrained build operations Thread 32" [_thread_blocked, id=4624, stack(0x0000002fcc200000,0x0000002fcc300000)]
  0x000001c9141e4800 JavaThread "Unconstrained build operations Thread 33" [_thread_blocked, id=15600, stack(0x0000002fcc300000,0x0000002fcc400000)]
  0x000001c9141ea000 JavaThread "Unconstrained build operations Thread 34" [_thread_blocked, id=804, stack(0x0000002fcc400000,0x0000002fcc500000)]
  0x000001c9141eb000 JavaThread "Unconstrained build operations Thread 35" [_thread_blocked, id=14780, stack(0x0000002fcc500000,0x0000002fcc600000)]
  0x000001c9141ec800 JavaThread "Unconstrained build operations Thread 36" [_thread_blocked, id=14136, stack(0x0000002fcc600000,0x0000002fcc700000)]
  0x000001c9141e9800 JavaThread "Unconstrained build operations Thread 37" [_thread_blocked, id=16960, stack(0x0000002fcc700000,0x0000002fcc800000)]
  0x000001c9141ec000 JavaThread "Unconstrained build operations Thread 38" [_thread_blocked, id=5760, stack(0x0000002fcc800000,0x0000002fcc900000)]
  0x000001c9141e7000 JavaThread "Unconstrained build operations Thread 39" [_thread_blocked, id=10448, stack(0x0000002fcc900000,0x0000002fcca00000)]
  0x000001c9141ed800 JavaThread "Unconstrained build operations Thread 40" [_thread_blocked, id=13176, stack(0x0000002fcca00000,0x0000002fccb00000)]
  0x000001c9141ee800 JavaThread "build event listener" [_thread_blocked, id=15160, stack(0x0000002fccb00000,0x0000002fccc00000)]
  0x000001c9141ef000 JavaThread "Memory manager" [_thread_blocked, id=12120, stack(0x0000002fccc00000,0x0000002fccd00000)]
  0x000001c9138f4000 JavaThread "pool-3-thread-1" [_thread_blocked, id=4344, stack(0x0000002fccd00000,0x0000002fcce00000)]
  0x000001c9138f2800 JavaThread "build event listener" [_thread_blocked, id=11688, stack(0x0000002fcce00000,0x0000002fccf00000)]
  0x000001c9138f5800 JavaThread "included builds" [_thread_blocked, id=12544, stack(0x0000002fccf00000,0x0000002fcd000000)]
  0x000001c9138f6800 JavaThread "Execution worker" [_thread_blocked, id=816, stack(0x0000002fcd000000,0x0000002fcd100000)]
  0x000001c9138f3000 JavaThread "Execution worker Thread 2" [_thread_blocked, id=9572, stack(0x0000002fcd100000,0x0000002fcd200000)]
  0x000001c9138f9000 JavaThread "Execution worker Thread 3" [_thread_blocked, id=12388, stack(0x0000002fcd200000,0x0000002fcd300000)]
  0x000001c9138f7000 JavaThread "Cache worker for execution history cache (C:\Users\shahzaib lptp\AndroidStudioProjects\EyeonwaterApp\.gradle\7.5\executionHistory)" [_thread_blocked, id=6916, stack(0x0000002fcd300000,0x0000002fcd400000)]

Other Threads:
=>0x000001c97e433000 VMThread "VM Thread" [stack: 0x0000002fc7900000,0x0000002fc7a00000] [id=7140]
  0x000001c97f856800 WatcherThread [stack: 0x0000002fc8400000,0x0000002fc8500000] [id=5680]
  0x000001c9718fd800 GCTaskThread "GC Thread#0" [stack: 0x0000002fc7400000,0x0000002fc7500000] [id=9652]
  0x000001c90f378000 GCTaskThread "GC Thread#1" [stack: 0x0000002fc8500000,0x0000002fc8600000] [id=11852]
  0x000001c97f56f800 GCTaskThread "GC Thread#2" [stack: 0x0000002fc8600000,0x0000002fc8700000] [id=4292]
  0x000001c911c8f800 GCTaskThread "GC Thread#3" [stack: 0x0000002fc9100000,0x0000002fc9200000] [id=13504]
  0x000001c971930000 ConcurrentGCThread "G1 Main Marker" [stack: 0x0000002fc7500000,0x0000002fc7600000] [id=14700]
  0x000001c971931800 ConcurrentGCThread "G1 Conc#0" [stack: 0x0000002fc7600000,0x0000002fc7700000] [id=4600]
  0x000001c97e290800 ConcurrentGCThread "G1 Refine#0" [stack: 0x0000002fc7700000,0x0000002fc7800000] [id=10216]
  0x000001c97e291800 ConcurrentGCThread "G1 Young RemSet Sampling" [stack: 0x0000002fc7800000,0x0000002fc7900000] [id=13572]

Threads with active compile tasks:
C2 CompilerThread0    28174 9405  s!   4       java.beans.PropertyDescriptor::getWriteMethod (152 bytes)
C2 CompilerThread1    28175 9674       4       java.util.jar.Manifest::getTrustedAttributes (57 bytes)

VM state:at safepoint (normal execution)

VM Mutex/Monitor currently owned by a thread:  ([mutex/lock_event])
[0x000001c9718dfd90] Threads_lock - owner thread: 0x000001c97e433000
[0x000001c9718df520] Heap_lock - owner thread: 0x000001c9138f5800

Heap address: 0x0000000080000000, size: 2048 MB, Compressed Oops mode: 32-bit
Narrow klass base: 0x0000000000000000, Narrow klass shift: 3
Compressed class space size: 1073741824 Address: 0x0000000100000000

Heap:
 garbage-first heap   total 273408K, used 79045K [0x0000000080000000, 0x0000000100000000)
  region size 1024K, 16 young (16384K), 16 survivors (16384K)
 Metaspace       used 85728K, capacity 88111K, committed 88268K, reserved 1126400K
  class space    used 11106K, capacity 11955K, committed 11980K, reserved 1048576K
Heap Regions: E=young(eden), S=young(survivor), O=old, HS=humongous(starts), HC=humongous(continues), CS=collection set, F=free, A=archive, TAMS=top-at-mark-start (previous, next)
|   0|0x0000000080000000, 0x0000000080100000, 0x0000000080100000|100%| O|  |TAMS 0x0000000080100000, 0x0000000080000000| Untracked 
|   1|0x0000000080100000, 0x0000000080200000, 0x0000000080200000|100%| O|  |TAMS 0x0000000080200000, 0x0000000080100000| Untracked 
|   2|0x0000000080200000, 0x0000000080300000, 0x0000000080300000|100%| O|  |TAMS 0x0000000080300000, 0x0000000080200000| Untracked 
|   3|0x0000000080300000, 0x0000000080400000, 0x0000000080400000|100%|HS|  |TAMS 0x0000000080400000, 0x0000000080300000| Complete 
|   4|0x0000000080400000, 0x0000000080500000, 0x0000000080500000|100%|HC|  |TAMS 0x0000000080500000, 0x0000000080400000| Complete 
|   5|0x0000000080500000, 0x0000000080600000, 0x0000000080600000|100%|HC|  |TAMS 0x0000000080600000, 0x0000000080500000| Complete 
|   6|0x0000000080600000, 0x0000000080700000, 0x0000000080700000|100%| O|  |TAMS 0x0000000080700000, 0x0000000080600000| Untracked 
|   7|0x0000000080700000, 0x0000000080800000, 0x0000000080800000|100%| O|  |TAMS 0x0000000080800000, 0x0000000080700000| Untracked 
|   8|0x0000000080800000, 0x0000000080900000, 0x0000000080900000|100%| O|  |TAMS 0x0000000080900000, 0x0000000080800000| Untracked 
|   9|0x0000000080900000, 0x0000000080a00000, 0x0000000080a00000|100%| O|  |TAMS 0x0000000080a00000, 0x0000000080900000| Untracked 
|  10|0x0000000080a00000, 0x0000000080b00000, 0x0000000080b00000|100%| O|  |TAMS 0x0000000080b00000, 0x0000000080a00000| Untracked 
|  11|0x0000000080b00000, 0x0000000080c00000, 0x0000000080c00000|100%| O|  |TAMS 0x0000000080c00000, 0x0000000080b00000| Untracked 
|  12|0x0000000080c00000, 0x0000000080d00000, 0x0000000080d00000|100%| O|  |TAMS 0x0000000080d00000, 0x0000000080c00000| Untracked 
|  13|0x0000000080d00000, 0x0000000080e00000, 0x0000000080e00000|100%| O|  |TAMS 0x0000000080e00000, 0x0000000080d00000| Untracked 
|  14|0x0000000080e00000, 0x0000000080f00000, 0x0000000080f00000|100%| O|  |TAMS 0x0000000080f00000, 0x0000000080e00000| Untracked 
|  15|0x0000000080f00000, 0x0000000081000000, 0x0000000081000000|100%| O|  |TAMS 0x0000000081000000, 0x0000000080f00000| Untracked 
|  16|0x0000000081000000, 0x0000000081100000, 0x0000000081100000|100%| O|  |TAMS 0x0000000081100000, 0x0000000081000000| Untracked 
|  17|0x0000000081100000, 0x0000000081200000, 0x0000000081200000|100%| O|  |TAMS 0x0000000081200000, 0x0000000081100000| Untracked 
|  18|0x0000000081200000, 0x0000000081300000, 0x0000000081300000|100%| O|  |TAMS 0x0000000081300000, 0x0000000081200000| Untracked 
|  19|0x0000000081300000, 0x0000000081400000, 0x0000000081400000|100%| O|  |TAMS 0x0000000081400000, 0x0000000081300000| Untracked 
|  20|0x0000000081400000, 0x0000000081500000, 0x0000000081500000|100%| O|  |TAMS 0x0000000081500000, 0x0000000081400000| Untracked 
|  21|0x0000000081500000, 0x0000000081600000, 0x0000000081600000|100%| O|  |TAMS 0x0000000081600000, 0x0000000081500000| Untracked 
|  22|0x0000000081600000, 0x0000000081700000, 0x0000000081700000|100%|HS|  |TAMS 0x0000000081700000, 0x0000000081600000| Complete 
|  23|0x0000000081700000, 0x0000000081800000, 0x0000000081800000|100%|HS|  |TAMS 0x0000000081800000, 0x0000000081700000| Complete 
|  24|0x0000000081800000, 0x0000000081900000, 0x0000000081900000|100%| O|  |TAMS 0x0000000081900000, 0x0000000081800000| Untracked 
|  25|0x0000000081900000, 0x0000000081a00000, 0x0000000081a00000|100%| O|  |TAMS 0x0000000081a00000, 0x0000000081900000| Untracked 
|  26|0x0000000081a00000, 0x0000000081b00000, 0x0000000081b00000|100%| O|  |TAMS 0x0000000081b00000, 0x0000000081a00000| Untracked 
|  27|0x0000000081b00000, 0x0000000081c00000, 0x0000000081c00000|100%| O|  |TAMS 0x0000000081c00000, 0x0000000081b00000| Untracked 
|  28|0x0000000081c00000, 0x0000000081d00000, 0x0000000081d00000|100%| O|  |TAMS 0x0000000081d00000, 0x0000000081c00000| Untracked 
|  29|0x0000000081d00000, 0x0000000081e00000, 0x0000000081e00000|100%| O|  |TAMS 0x0000000081e00000, 0x0000000081d00000| Untracked 
|  30|0x0000000081e00000, 0x0000000081f00000, 0x0000000081f00000|100%| O|  |TAMS 0x0000000081f00000, 0x0000000081e00000| Untracked 
|  31|0x0000000081f00000, 0x0000000082000000, 0x0000000082000000|100%| O|  |TAMS 0x0000000082000000, 0x0000000081f00000| Untracked 
|  32|0x0000000082000000, 0x0000000082100000, 0x0000000082100000|100%| O|  |TAMS 0x0000000082100000, 0x0000000082000000| Untracked 
|  33|0x0000000082100000, 0x0000000082200000, 0x0000000082200000|100%| O|  |TAMS 0x0000000082200000, 0x0000000082100000| Untracked 
|  34|0x0000000082200000, 0x0000000082300000, 0x0000000082300000|100%| O|  |TAMS 0x0000000082261200, 0x0000000082200000| Untracked 
|  35|0x0000000082300000, 0x0000000082400000, 0x0000000082400000|100%| O|  |TAMS 0x0000000082300000, 0x0000000082300000| Untracked 
|  36|0x0000000082400000, 0x0000000082500000, 0x0000000082500000|100%| O|  |TAMS 0x0000000082400000, 0x0000000082400000| Untracked 
|  37|0x0000000082500000, 0x0000000082600000, 0x0000000082600000|100%| O|  |TAMS 0x0000000082500000, 0x0000000082500000| Untracked 
|  38|0x0000000082600000, 0x0000000082700000, 0x0000000082700000|100%| O|  |TAMS 0x0000000082600000, 0x0000000082600000| Untracked 
|  39|0x0000000082700000, 0x0000000082800000, 0x0000000082800000|100%| O|  |TAMS 0x0000000082700000, 0x0000000082700000| Untracked 
|  40|0x0000000082800000, 0x0000000082900000, 0x0000000082900000|100%| O|  |TAMS 0x0000000082800000, 0x0000000082800000| Untracked 
|  41|0x0000000082900000, 0x0000000082a00000, 0x0000000082a00000|100%| O|  |TAMS 0x0000000082900000, 0x0000000082900000| Untracked 
|  42|0x0000000082a00000, 0x0000000082b00000, 0x0000000082b00000|100%| O|  |TAMS 0x0000000082a00000, 0x0000000082a00000| Untracked 
|  43|0x0000000082b00000, 0x0000000082c00000, 0x0000000082c00000|100%| O|  |TAMS 0x0000000082b00000, 0x0000000082b00000| Untracked 
|  44|0x0000000082c00000, 0x0000000082d00000, 0x0000000082d00000|100%| O|  |TAMS 0x0000000082c00000, 0x0000000082c00000| Untracked 
|  45|0x0000000082d00000, 0x0000000082e00000, 0x0000000082e00000|100%| O|  |TAMS 0x0000000082d00000, 0x0000000082d00000| Untracked 
|  46|0x0000000082e00000, 0x0000000082f00000, 0x0000000082f00000|100%| O|  |TAMS 0x0000000082e00000, 0x0000000082e00000| Untracked 
|  47|0x0000000082f00000, 0x0000000083000000, 0x0000000083000000|100%| O|  |TAMS 0x0000000082f00000, 0x0000000082f00000| Untracked 
|  48|0x0000000083000000, 0x0000000083100000, 0x0000000083100000|100%| O|  |TAMS 0x0000000083000000, 0x0000000083000000| Untracked 
|  49|0x0000000083100000, 0x0000000083200000, 0x0000000083200000|100%| O|  |TAMS 0x0000000083100000, 0x0000000083100000| Untracked 
|  50|0x0000000083200000, 0x0000000083300000, 0x0000000083300000|100%| O|  |TAMS 0x0000000083200000, 0x0000000083200000| Untracked 
|  51|0x0000000083300000, 0x0000000083400000, 0x0000000083400000|100%| O|  |TAMS 0x0000000083300000, 0x0000000083300000| Untracked 
|  52|0x0000000083400000, 0x0000000083500000, 0x0000000083500000|100%| O|  |TAMS 0x0000000083400000, 0x0000000083400000| Untracked 
|  53|0x0000000083500000, 0x0000000083600000, 0x0000000083600000|100%| O|  |TAMS 0x0000000083500000, 0x0000000083500000| Untracked 
|  54|0x0000000083600000, 0x0000000083600000, 0x0000000083700000|  0%| F|  |TAMS 0x0000000083600000, 0x0000000083600000| Untracked 
|  55|0x0000000083700000, 0x0000000083800000, 0x0000000083800000|100%| O|  |TAMS 0x0000000083700000, 0x0000000083700000| Untracked 
|  56|0x0000000083800000, 0x0000000083900000, 0x0000000083900000|100%| O|  |TAMS 0x0000000083800000, 0x0000000083800000| Untracked 
|  57|0x0000000083900000, 0x0000000083a00000, 0x0000000083a00000|100%| O|  |TAMS 0x0000000083900000, 0x0000000083900000| Untracked 
|  58|0x0000000083a00000, 0x0000000083b00000, 0x0000000083b00000|100%| O|  |TAMS 0x0000000083a00000, 0x0000000083a00000| Untracked 
|  59|0x0000000083b00000, 0x0000000083c00000, 0x0000000083c00000|100%| O|  |TAMS 0x0000000083b00000, 0x0000000083b00000| Untracked 
|  60|0x0000000083c00000, 0x0000000083d00000, 0x0000000083d00000|100%| O|  |TAMS 0x0000000083c00000, 0x0000000083c00000| Untracked 
|  61|0x0000000083d00000, 0x0000000083e00000, 0x0000000083e00000|100%| O|  |TAMS 0x0000000083d00000, 0x0000000083d00000| Untracked 
|  62|0x0000000083e00000, 0x0000000083e31400, 0x0000000083f00000| 19%| O|  |TAMS 0x0000000083e00000, 0x0000000083e00000| Untracked 
|  63|0x0000000083f00000, 0x0000000083f00000, 0x0000000084000000|  0%| F|  |TAMS 0x0000000083f00000, 0x0000000083f00000| Untracked 
|  64|0x0000000084000000, 0x0000000084000000, 0x0000000084100000|  0%| F|  |TAMS 0x0000000084000000, 0x0000000084000000| Untracked 
|  65|0x0000000084100000, 0x0000000084100000, 0x0000000084200000|  0%| F|  |TAMS 0x0000000084100000, 0x0000000084100000| Untracked 
|  66|0x0000000084200000, 0x0000000084200000, 0x0000000084300000|  0%| F|  |TAMS 0x0000000084200000, 0x0000000084200000| Untracked 
|  67|0x0000000084300000, 0x0000000084300000, 0x0000000084400000|  0%| F|  |TAMS 0x0000000084300000, 0x0000000084300000| Untracked 
|  68|0x0000000084400000, 0x0000000084400000, 0x0000000084500000|  0%| F|  |TAMS 0x0000000084400000, 0x0000000084400000| Untracked 
|  69|0x0000000084500000, 0x0000000084500000, 0x0000000084600000|  0%| F|  |TAMS 0x0000000084500000, 0x0000000084500000| Untracked 
|  70|0x0000000084600000, 0x0000000084600000, 0x0000000084700000|  0%| F|  |TAMS 0x0000000084600000, 0x0000000084600000| Untracked 
|  71|0x0000000084700000, 0x0000000084700000, 0x0000000084800000|  0%| F|  |TAMS 0x0000000084700000, 0x0000000084700000| Untracked 
|  72|0x0000000084800000, 0x0000000084800000, 0x0000000084900000|  0%| F|  |TAMS 0x0000000084800000, 0x0000000084800000| Untracked 
|  73|0x0000000084900000, 0x0000000084900000, 0x0000000084a00000|  0%| F|  |TAMS 0x0000000084900000, 0x0000000084900000| Untracked 
|  74|0x0000000084a00000, 0x0000000084a00000, 0x0000000084b00000|  0%| F|  |TAMS 0x0000000084a00000, 0x0000000084a00000| Untracked 
|  75|0x0000000084b00000, 0x0000000084b00000, 0x0000000084c00000|  0%| F|  |TAMS 0x0000000084b00000, 0x0000000084b00000| Untracked 
|  76|0x0000000084c00000, 0x0000000084c00000, 0x0000000084d00000|  0%| F|  |TAMS 0x0000000084c00000, 0x0000000084c00000| Untracked 
|  77|0x0000000084d00000, 0x0000000084d00000, 0x0000000084e00000|  0%| F|  |TAMS 0x0000000084d00000, 0x0000000084d00000| Untracked 
|  78|0x0000000084e00000, 0x0000000084e00000, 0x0000000084f00000|  0%| F|  |TAMS 0x0000000084e00000, 0x0000000084e00000| Untracked 
|  79|0x0000000084f00000, 0x0000000084f00000, 0x0000000085000000|  0%| F|  |TAMS 0x0000000084f00000, 0x0000000084f00000| Untracked 
|  80|0x0000000085000000, 0x0000000085100000, 0x0000000085100000|100%| S|CS|TAMS 0x0000000085000000, 0x0000000085000000| Complete 
|  81|0x0000000085100000, 0x0000000085200000, 0x0000000085200000|100%| S|CS|TAMS 0x0000000085100000, 0x0000000085100000| Complete 
|  82|0x0000000085200000, 0x0000000085200000, 0x0000000085300000|  0%| F|  |TAMS 0x0000000085200000, 0x0000000085200000| Untracked 
|  83|0x0000000085300000, 0x0000000085300000, 0x0000000085400000|  0%| F|  |TAMS 0x0000000085300000, 0x0000000085300000| Untracked 
|  84|0x0000000085400000, 0x0000000085500000, 0x0000000085500000|100%| S|CS|TAMS 0x0000000085400000, 0x0000000085400000| Complete 
|  85|0x0000000085500000, 0x0000000085600000, 0x0000000085600000|100%| S|CS|TAMS 0x0000000085500000, 0x0000000085500000| Complete 
|  86|0x0000000085600000, 0x0000000085700000, 0x0000000085700000|100%| S|CS|TAMS 0x0000000085600000, 0x0000000085600000| Complete 
|  87|0x0000000085700000, 0x0000000085800000, 0x0000000085800000|100%| S|CS|TAMS 0x0000000085700000, 0x0000000085700000| Complete 
|  88|0x0000000085800000, 0x0000000085900000, 0x0000000085900000|100%| S|CS|TAMS 0x0000000085800000, 0x0000000085800000| Complete 
|  89|0x0000000085900000, 0x0000000085a00000, 0x0000000085a00000|100%| S|CS|TAMS 0x0000000085900000, 0x0000000085900000| Complete 
|  90|0x0000000085a00000, 0x0000000085b00000, 0x0000000085b00000|100%| S|CS|TAMS 0x0000000085a00000, 0x0000000085a00000| Complete 
|  91|0x0000000085b00000, 0x0000000085c00000, 0x0000000085c00000|100%| S|CS|TAMS 0x0000000085b00000, 0x0000000085b00000| Complete 
|  92|0x0000000085c00000, 0x0000000085d00000, 0x0000000085d00000|100%| S|CS|TAMS 0x0000000085c00000, 0x0000000085c00000| Complete 
|  93|0x0000000085d00000, 0x0000000085e00000, 0x0000000085e00000|100%| S|CS|TAMS 0x0000000085d00000, 0x0000000085d00000| Complete 
|  94|0x0000000085e00000, 0x0000000085f00000, 0x0000000085f00000|100%| S|CS|TAMS 0x0000000085e00000, 0x0000000085e00000| Complete 
|  95|0x0000000085f00000, 0x0000000086000000, 0x0000000086000000|100%| S|CS|TAMS 0x0000000085f00000, 0x0000000085f00000| Complete 
|  96|0x0000000086000000, 0x0000000086100000, 0x0000000086100000|100%| S|CS|TAMS 0x0000000086000000, 0x0000000086000000| Complete 
|  97|0x0000000086100000, 0x0000000086100000, 0x0000000086200000|  0%| F|  |TAMS 0x0000000086100000, 0x0000000086100000| Untracked 
|  98|0x0000000086200000, 0x0000000086200000, 0x0000000086300000|  0%| F|  |TAMS 0x0000000086200000, 0x0000000086200000| Untracked 
|  99|0x0000000086300000, 0x0000000086300000, 0x0000000086400000|  0%| F|  |TAMS 0x0000000086300000, 0x0000000086300000| Untracked 
| 100|0x0000000086400000, 0x0000000086400000, 0x0000000086500000|  0%| F|  |TAMS 0x0000000086400000, 0x0000000086400000| Untracked 
| 101|0x0000000086500000, 0x0000000086500000, 0x0000000086600000|  0%| F|  |TAMS 0x0000000086500000, 0x0000000086500000| Untracked 
| 102|0x0000000086600000, 0x0000000086600000, 0x0000000086700000|  0%| F|  |TAMS 0x0000000086600000, 0x0000000086600000| Untracked 
| 103|0x0000000086700000, 0x0000000086700000, 0x0000000086800000|  0%| F|  |TAMS 0x0000000086700000, 0x0000000086700000| Untracked 
| 104|0x0000000086800000, 0x0000000086800000, 0x0000000086900000|  0%| F|  |TAMS 0x0000000086800000, 0x0000000086800000| Untracked 
| 105|0x0000000086900000, 0x0000000086900000, 0x0000000086a00000|  0%| F|  |TAMS 0x0000000086900000, 0x0000000086900000| Untracked 
| 106|0x0000000086a00000, 0x0000000086a00000, 0x0000000086b00000|  0%| F|  |TAMS 0x0000000086a00000, 0x0000000086a00000| Untracked 
| 107|0x0000000086b00000, 0x0000000086b00000, 0x0000000086c00000|  0%| F|  |TAMS 0x0000000086b00000, 0x0000000086b00000| Untracked 
| 108|0x0000000086c00000, 0x0000000086d00000, 0x0000000086d00000|100%| S|CS|TAMS 0x0000000086c00000, 0x0000000086c00000| Complete 
| 109|0x0000000086d00000, 0x0000000086d00000, 0x0000000086e00000|  0%| F|  |TAMS 0x0000000086d00000, 0x0000000086d00000| Untracked 
| 110|0x0000000086e00000, 0x0000000086e00000, 0x0000000086f00000|  0%| F|  |TAMS 0x0000000086e00000, 0x0000000086e00000| Untracked 
| 111|0x0000000086f00000, 0x0000000086f00000, 0x0000000087000000|  0%| F|  |TAMS 0x0000000086f00000, 0x0000000086f00000| Untracked 
| 112|0x0000000087000000, 0x0000000087000000, 0x0000000087100000|  0%| F|  |TAMS 0x0000000087000000, 0x0000000087000000| Untracked 
| 113|0x0000000087100000, 0x0000000087100000, 0x0000000087200000|  0%| F|  |TAMS 0x0000000087100000, 0x0000000087100000| Untracked 
| 114|0x0000000087200000, 0x0000000087200000, 0x0000000087300000|  0%| F|  |TAMS 0x0000000087200000, 0x0000000087200000| Untracked 
| 115|0x0000000087300000, 0x0000000087300000, 0x0000000087400000|  0%| F|  |TAMS 0x0000000087300000, 0x0000000087300000| Untracked 
| 116|0x0000000087400000, 0x0000000087400000, 0x0000000087500000|  0%| F|  |TAMS 0x0000000087400000, 0x0000000087400000| Untracked 
| 117|0x0000000087500000, 0x0000000087500000, 0x0000000087600000|  0%| F|  |TAMS 0x0000000087500000, 0x0000000087500000| Untracked 
| 118|0x0000000087600000, 0x0000000087600000, 0x0000000087700000|  0%| F|  |TAMS 0x0000000087600000, 0x0000000087600000| Untracked 
| 119|0x0000000087700000, 0x0000000087700000, 0x0000000087800000|  0%| F|  |TAMS 0x0000000087700000, 0x0000000087700000| Untracked 
| 120|0x0000000087800000, 0x0000000087800000, 0x0000000087900000|  0%| F|  |TAMS 0x0000000087800000, 0x0000000087800000| Untracked 
| 121|0x0000000087900000, 0x0000000087900000, 0x0000000087a00000|  0%| F|  |TAMS 0x0000000087900000, 0x0000000087900000| Untracked 
| 122|0x0000000087a00000, 0x0000000087a00000, 0x0000000087b00000|  0%| F|  |TAMS 0x0000000087a00000, 0x0000000087a00000| Untracked 
| 123|0x0000000087b00000, 0x0000000087b00000, 0x0000000087c00000|  0%| F|  |TAMS 0x0000000087b00000, 0x0000000087b00000| Untracked 
| 124|0x0000000087c00000, 0x0000000087c00000, 0x0000000087d00000|  0%| F|  |TAMS 0x0000000087c00000, 0x0000000087c00000| Untracked 
| 125|0x0000000087d00000, 0x0000000087d00000, 0x0000000087e00000|  0%| F|  |TAMS 0x0000000087d00000, 0x0000000087d00000| Untracked 
| 126|0x0000000087e00000, 0x0000000087e00000, 0x0000000087f00000|  0%| F|  |TAMS 0x0000000087e00000, 0x0000000087e00000| Untracked 
| 127|0x0000000087f00000, 0x0000000087f00000, 0x0000000088000000|  0%| F|  |TAMS 0x0000000087f00000, 0x0000000087f00000| Untracked 
| 128|0x0000000088000000, 0x0000000088000000, 0x0000000088100000|  0%| F|  |TAMS 0x0000000088000000, 0x0000000088000000| Untracked 
| 129|0x0000000088100000, 0x0000000088100000, 0x0000000088200000|  0%| F|  |TAMS 0x0000000088100000, 0x0000000088100000| Untracked 
| 130|0x0000000088200000, 0x0000000088200000, 0x0000000088300000|  0%| F|  |TAMS 0x0000000088200000, 0x0000000088200000| Untracked 
| 131|0x0000000088300000, 0x0000000088300000, 0x0000000088400000|  0%| F|  |TAMS 0x0000000088300000, 0x0000000088300000| Untracked 
| 132|0x0000000088400000, 0x0000000088400000, 0x0000000088500000|  0%| F|  |TAMS 0x0000000088400000, 0x0000000088400000| Untracked 
| 133|0x0000000088500000, 0x0000000088500000, 0x0000000088600000|  0%| F|  |TAMS 0x0000000088500000, 0x0000000088500000| Untracked 
| 134|0x0000000088600000, 0x0000000088600000, 0x0000000088700000|  0%| F|  |TAMS 0x0000000088600000, 0x0000000088600000| Untracked 
| 135|0x0000000088700000, 0x0000000088700000, 0x0000000088800000|  0%| F|  |TAMS 0x0000000088700000, 0x0000000088700000| Untracked 
| 136|0x0000000088800000, 0x0000000088800000, 0x0000000088900000|  0%| F|  |TAMS 0x0000000088800000, 0x0000000088800000| Untracked 
| 137|0x0000000088900000, 0x0000000088900000, 0x0000000088a00000|  0%| F|  |TAMS 0x0000000088900000, 0x0000000088900000| Untracked 
| 138|0x0000000088a00000, 0x0000000088a00000, 0x0000000088b00000|  0%| F|  |TAMS 0x0000000088a00000, 0x0000000088a00000| Untracked 
| 139|0x0000000088b00000, 0x0000000088b00000, 0x0000000088c00000|  0%| F|  |TAMS 0x0000000088b00000, 0x0000000088b00000| Untracked 
| 140|0x0000000088c00000, 0x0000000088c00000, 0x0000000088d00000|  0%| F|  |TAMS 0x0000000088c00000, 0x0000000088c00000| Untracked 
| 141|0x0000000088d00000, 0x0000000088d00000, 0x0000000088e00000|  0%| F|  |TAMS 0x0000000088d00000, 0x0000000088d00000| Untracked 
| 142|0x0000000088e00000, 0x0000000088e00000, 0x0000000088f00000|  0%| F|  |TAMS 0x0000000088e00000, 0x0000000088e00000| Untracked 
| 143|0x0000000088f00000, 0x0000000088f00000, 0x0000000089000000|  0%| F|  |TAMS 0x0000000088f00000, 0x0000000088f00000| Untracked 
| 144|0x0000000089000000, 0x0000000089000000, 0x0000000089100000|  0%| F|  |TAMS 0x0000000089000000, 0x0000000089000000| Untracked 
| 145|0x0000000089100000, 0x0000000089100000, 0x0000000089200000|  0%| F|  |TAMS 0x0000000089100000, 0x0000000089100000| Untracked 
| 146|0x0000000089200000, 0x0000000089200000, 0x0000000089300000|  0%| F|  |TAMS 0x0000000089200000, 0x0000000089200000| Untracked 
| 147|0x0000000089300000, 0x0000000089300000, 0x0000000089400000|  0%| F|  |TAMS 0x0000000089300000, 0x0000000089300000| Untracked 
| 148|0x0000000089400000, 0x0000000089400000, 0x0000000089500000|  0%| F|  |TAMS 0x0000000089400000, 0x0000000089400000| Untracked 
| 149|0x0000000089500000, 0x0000000089500000, 0x0000000089600000|  0%| F|  |TAMS 0x0000000089500000, 0x0000000089500000| Untracked 
| 150|0x0000000089600000, 0x0000000089600000, 0x0000000089700000|  0%| F|  |TAMS 0x0000000089600000, 0x0000000089600000| Untracked 
| 151|0x0000000089700000, 0x0000000089700000, 0x0000000089800000|  0%| F|  |TAMS 0x0000000089700000, 0x0000000089700000| Untracked 
| 152|0x0000000089800000, 0x0000000089800000, 0x0000000089900000|  0%| F|  |TAMS 0x0000000089800000, 0x0000000089800000| Untracked 
| 153|0x0000000089900000, 0x0000000089900000, 0x0000000089a00000|  0%| F|  |TAMS 0x0000000089900000, 0x0000000089900000| Untracked 
| 154|0x0000000089a00000, 0x0000000089a00000, 0x0000000089b00000|  0%| F|  |TAMS 0x0000000089a00000, 0x0000000089a00000| Untracked 
| 155|0x0000000089b00000, 0x0000000089b00000, 0x0000000089c00000|  0%| F|  |TAMS 0x0000000089b00000, 0x0000000089b00000| Untracked 
| 156|0x0000000089c00000, 0x0000000089c00000, 0x0000000089d00000|  0%| F|  |TAMS 0x0000000089c00000, 0x0000000089c00000| Untracked 
| 157|0x0000000089d00000, 0x0000000089d00000, 0x0000000089e00000|  0%| F|  |TAMS 0x0000000089d00000, 0x0000000089d00000| Untracked 
| 158|0x0000000089e00000, 0x0000000089e00000, 0x0000000089f00000|  0%| F|  |TAMS 0x0000000089e00000, 0x0000000089e00000| Untracked 
| 159|0x0000000089f00000, 0x0000000089f00000, 0x000000008a000000|  0%| F|  |TAMS 0x0000000089f00000, 0x0000000089f00000| Untracked 
| 160|0x000000008a000000, 0x000000008a000000, 0x000000008a100000|  0%| F|  |TAMS 0x000000008a000000, 0x000000008a000000| Untracked 
| 161|0x000000008a100000, 0x000000008a100000, 0x000000008a200000|  0%| F|  |TAMS 0x000000008a100000, 0x000000008a100000| Untracked 
| 162|0x000000008a200000, 0x000000008a200000, 0x000000008a300000|  0%| F|  |TAMS 0x000000008a200000, 0x000000008a200000| Untracked 
| 163|0x000000008a300000, 0x000000008a300000, 0x000000008a400000|  0%| F|  |TAMS 0x000000008a300000, 0x000000008a300000| Untracked 
| 164|0x000000008a400000, 0x000000008a400000, 0x000000008a500000|  0%| F|  |TAMS 0x000000008a400000, 0x000000008a400000| Untracked 
| 165|0x000000008a500000, 0x000000008a500000, 0x000000008a600000|  0%| F|  |TAMS 0x000000008a500000, 0x000000008a500000| Untracked 
| 166|0x000000008a600000, 0x000000008a600000, 0x000000008a700000|  0%| F|  |TAMS 0x000000008a600000, 0x000000008a600000| Untracked 
| 167|0x000000008a700000, 0x000000008a700000, 0x000000008a800000|  0%| F|  |TAMS 0x000000008a700000, 0x000000008a700000| Untracked 
| 168|0x000000008a800000, 0x000000008a800000, 0x000000008a900000|  0%| F|  |TAMS 0x000000008a800000, 0x000000008a800000| Untracked 
| 169|0x000000008a900000, 0x000000008a900000, 0x000000008aa00000|  0%| F|  |TAMS 0x000000008a900000, 0x000000008a900000| Untracked 
| 170|0x000000008aa00000, 0x000000008aa00000, 0x000000008ab00000|  0%| F|  |TAMS 0x000000008aa00000, 0x000000008aa00000| Untracked 
| 171|0x000000008ab00000, 0x000000008ab00000, 0x000000008ac00000|  0%| F|  |TAMS 0x000000008ab00000, 0x000000008ab00000| Untracked 
| 172|0x000000008ac00000, 0x000000008ac00000, 0x000000008ad00000|  0%| F|  |TAMS 0x000000008ac00000, 0x000000008ac00000| Untracked 
| 173|0x000000008ad00000, 0x000000008ad00000, 0x000000008ae00000|  0%| F|  |TAMS 0x000000008ad00000, 0x000000008ad00000| Untracked 
| 174|0x000000008ae00000, 0x000000008ae00000, 0x000000008af00000|  0%| F|  |TAMS 0x000000008ae00000, 0x000000008ae00000| Untracked 
| 175|0x000000008af00000, 0x000000008af00000, 0x000000008b000000|  0%| F|  |TAMS 0x000000008af00000, 0x000000008af00000| Untracked 
| 176|0x000000008b000000, 0x000000008b000000, 0x000000008b100000|  0%| F|  |TAMS 0x000000008b000000, 0x000000008b000000| Untracked 
| 177|0x000000008b100000, 0x000000008b100000, 0x000000008b200000|  0%| F|  |TAMS 0x000000008b100000, 0x000000008b100000| Untracked 
| 178|0x000000008b200000, 0x000000008b200000, 0x000000008b300000|  0%| F|  |TAMS 0x000000008b200000, 0x000000008b200000| Untracked 
| 179|0x000000008b300000, 0x000000008b300000, 0x000000008b400000|  0%| F|  |TAMS 0x000000008b300000, 0x000000008b300000| Untracked 
| 180|0x000000008b400000, 0x000000008b400000, 0x000000008b500000|  0%| F|  |TAMS 0x000000008b400000, 0x000000008b400000| Untracked 
| 181|0x000000008b500000, 0x000000008b500000, 0x000000008b600000|  0%| F|  |TAMS 0x000000008b500000, 0x000000008b500000| Untracked 
| 182|0x000000008b600000, 0x000000008b600000, 0x000000008b700000|  0%| F|  |TAMS 0x000000008b600000, 0x000000008b600000| Untracked 
| 183|0x000000008b700000, 0x000000008b700000, 0x000000008b800000|  0%| F|  |TAMS 0x000000008b700000, 0x000000008b700000| Untracked 
| 184|0x000000008b800000, 0x000000008b800000, 0x000000008b900000|  0%| F|  |TAMS 0x000000008b800000, 0x000000008b800000| Untracked 
| 185|0x000000008b900000, 0x000000008b900000, 0x000000008ba00000|  0%| F|  |TAMS 0x000000008b900000, 0x000000008b900000| Untracked 
| 186|0x000000008ba00000, 0x000000008ba00000, 0x000000008bb00000|  0%| F|  |TAMS 0x000000008ba00000, 0x000000008ba00000| Untracked 
| 187|0x000000008bb00000, 0x000000008bb00000, 0x000000008bc00000|  0%| F|  |TAMS 0x000000008bb00000, 0x000000008bb00000| Untracked 
| 188|0x000000008bc00000, 0x000000008bc00000, 0x000000008bd00000|  0%| F|  |TAMS 0x000000008bc00000, 0x000000008bc00000| Untracked 
| 189|0x000000008bd00000, 0x000000008bd00000, 0x000000008be00000|  0%| F|  |TAMS 0x000000008bd00000, 0x000000008bd00000| Untracked 
| 190|0x000000008be00000, 0x000000008be00000, 0x000000008bf00000|  0%| F|  |TAMS 0x000000008be00000, 0x000000008be00000| Untracked 
| 191|0x000000008bf00000, 0x000000008bf00000, 0x000000008c000000|  0%| F|  |TAMS 0x000000008bf00000, 0x000000008bf00000| Untracked 
| 192|0x000000008c000000, 0x000000008c000000, 0x000000008c100000|  0%| F|  |TAMS 0x000000008c000000, 0x000000008c000000| Untracked 
| 193|0x000000008c100000, 0x000000008c100000, 0x000000008c200000|  0%| F|  |TAMS 0x000000008c100000, 0x000000008c100000| Untracked 
| 194|0x000000008c200000, 0x000000008c200000, 0x000000008c300000|  0%| F|  |TAMS 0x000000008c200000, 0x000000008c200000| Untracked 
| 195|0x000000008c300000, 0x000000008c300000, 0x000000008c400000|  0%| F|  |TAMS 0x000000008c300000, 0x000000008c300000| Untracked 
| 196|0x000000008c400000, 0x000000008c400000, 0x000000008c500000|  0%| F|  |TAMS 0x000000008c400000, 0x000000008c400000| Untracked 
| 197|0x000000008c500000, 0x000000008c500000, 0x000000008c600000|  0%| F|  |TAMS 0x000000008c500000, 0x000000008c500000| Untracked 
| 198|0x000000008c600000, 0x000000008c600000, 0x000000008c700000|  0%| F|  |TAMS 0x000000008c600000, 0x000000008c600000| Untracked 
| 199|0x000000008c700000, 0x000000008c700000, 0x000000008c800000|  0%| F|  |TAMS 0x000000008c700000, 0x000000008c700000| Untracked 
| 200|0x000000008c800000, 0x000000008c800000, 0x000000008c900000|  0%| F|  |TAMS 0x000000008c800000, 0x000000008c800000| Untracked 
| 201|0x000000008c900000, 0x000000008c900000, 0x000000008ca00000|  0%| F|  |TAMS 0x000000008c900000, 0x000000008c900000| Untracked 
| 202|0x000000008ca00000, 0x000000008ca00000, 0x000000008cb00000|  0%| F|  |TAMS 0x000000008ca00000, 0x000000008ca00000| Untracked 
| 203|0x000000008cb00000, 0x000000008cb00000, 0x000000008cc00000|  0%| F|  |TAMS 0x000000008cb00000, 0x000000008cb00000| Untracked 
| 204|0x000000008cc00000, 0x000000008cc00000, 0x000000008cd00000|  0%| F|  |TAMS 0x000000008cc00000, 0x000000008cc00000| Untracked 
| 205|0x000000008cd00000, 0x000000008cd00000, 0x000000008ce00000|  0%| F|  |TAMS 0x000000008cd00000, 0x000000008cd00000| Untracked 
| 206|0x000000008ce00000, 0x000000008ce00000, 0x000000008cf00000|  0%| F|  |TAMS 0x000000008ce00000, 0x000000008ce00000| Untracked 
| 207|0x000000008cf00000, 0x000000008cf00000, 0x000000008d000000|  0%| F|  |TAMS 0x000000008cf00000, 0x000000008cf00000| Untracked 
| 208|0x000000008d000000, 0x000000008d000000, 0x000000008d100000|  0%| F|  |TAMS 0x000000008d000000, 0x000000008d000000| Untracked 
| 209|0x000000008d100000, 0x000000008d100000, 0x000000008d200000|  0%| F|  |TAMS 0x000000008d100000, 0x000000008d100000| Untracked 
| 210|0x000000008d200000, 0x000000008d200000, 0x000000008d300000|  0%| F|  |TAMS 0x000000008d200000, 0x000000008d200000| Untracked 
| 211|0x000000008d300000, 0x000000008d300000, 0x000000008d400000|  0%| F|  |TAMS 0x000000008d300000, 0x000000008d300000| Untracked 
| 212|0x000000008d400000, 0x000000008d400000, 0x000000008d500000|  0%| F|  |TAMS 0x000000008d400000, 0x000000008d400000| Untracked 
| 213|0x000000008d500000, 0x000000008d500000, 0x000000008d600000|  0%| F|  |TAMS 0x000000008d500000, 0x000000008d500000| Untracked 
| 214|0x000000008d600000, 0x000000008d600000, 0x000000008d700000|  0%| F|  |TAMS 0x000000008d600000, 0x000000008d600000| Untracked 
| 215|0x000000008d700000, 0x000000008d700000, 0x000000008d800000|  0%| F|  |TAMS 0x000000008d700000, 0x000000008d700000| Untracked 
| 216|0x000000008d800000, 0x000000008d800000, 0x000000008d900000|  0%| F|  |TAMS 0x000000008d800000, 0x000000008d800000| Untracked 
| 217|0x000000008d900000, 0x000000008d900000, 0x000000008da00000|  0%| F|  |TAMS 0x000000008d900000, 0x000000008d900000| Untracked 
| 218|0x000000008da00000, 0x000000008da00000, 0x000000008db00000|  0%| F|  |TAMS 0x000000008da00000, 0x000000008da00000| Untracked 
| 219|0x000000008db00000, 0x000000008db00000, 0x000000008dc00000|  0%| F|  |TAMS 0x000000008db00000, 0x000000008db00000| Untracked 
| 220|0x000000008dc00000, 0x000000008dc00000, 0x000000008dd00000|  0%| F|  |TAMS 0x000000008dc00000, 0x000000008dc00000| Untracked 
| 221|0x000000008dd00000, 0x000000008dd00000, 0x000000008de00000|  0%| F|  |TAMS 0x000000008dd00000, 0x000000008dd00000| Untracked 

Card table byte_map: [0x000001c9775f0000,0x000001c9779f0000] _byte_map_base: 0x000001c9771f0000

Marking Bits (Prev, Next): (CMBitMap*) 0x000001c9719272e0, (CMBitMap*) 0x000001c9719272a8
 Prev Bits: [0x000001c979df0000, 0x000001c97bdf0000)
 Next Bits: [0x000001c977df0000, 0x000001c979df0000)

Polling page: 0x000001c971780000

Metaspace:

Usage:
  Non-class:     74.37 MB capacity,    72.87 MB ( 98%) used,     1.25 MB (  2%) free+waste,   254.12 KB ( <1%) overhead. 
      Class:     11.67 MB capacity,    10.85 MB ( 93%) used,   730.59 KB (  6%) free+waste,   118.25 KB ( <1%) overhead. 
       Both:     86.05 MB capacity,    83.72 MB ( 97%) used,     1.96 MB (  2%) free+waste,   372.38 KB ( <1%) overhead. 

Virtual space:
  Non-class space:       76.00 MB reserved,      74.50 MB ( 98%) committed 
      Class space:        1.00 GB reserved,      11.70 MB (  1%) committed 
             Both:        1.07 GB reserved,      86.20 MB (  8%) committed 

Chunk freelists:
   Non-Class:  4.00 KB
       Class:  0 bytes
        Both:  4.00 KB

MaxMetaspaceSize: 17179869184.00 GB
CompressedClassSpaceSize: 1.00 GB
Initial GC threshold: 20.80 MB
Current GC threshold: 98.46 MB
CDS: off

CodeHeap 'non-profiled nmethods': size=120064Kb used=6971Kb max_used=6971Kb free=113092Kb
 bounds [0x000001c907ac0000, 0x000001c908190000, 0x000001c90f000000]
CodeHeap 'profiled nmethods': size=120000Kb used=21229Kb max_used=21229Kb free=98770Kb
 bounds [0x000001c900590000, 0x000001c901a50000, 0x000001c907ac0000]
CodeHeap 'non-nmethods': size=5696Kb used=2376Kb max_used=2431Kb free=3319Kb
 bounds [0x000001c900000000, 0x000001c900270000, 0x000001c900590000]
 total_blobs=10415 nmethods=9517 adapters=810
 compilation: enabled
              stopped_count=0, restarted_count=0
 full_count=0

Compilation events (20 events):
Event: 27.988 Thread 0x000001c912e25000 nmethod 9667 0x000001c90818c690 code [0x000001c90818c820, 0x000001c90818c878]
Event: 28.000 Thread 0x000001c97e462800 9668       3       java.lang.invoke.DelegatingMethodHandle::chooseDelegatingForm (24 bytes)
Event: 28.000 Thread 0x000001c97e462800 nmethod 9668 0x000001c901a46a90 code [0x000001c901a46c60, 0x000001c901a46fc8]
Event: 28.007 Thread 0x000001c912e25000 9669       4       jdk.internal.loader.URLClassPath$JarLoader$2::getBytes (48 bytes)
Event: 28.008 Thread 0x000001c97e462800 9670       3       com.google.common.collect.RegularImmutableList::<init> (10 bytes)
Event: 28.009 Thread 0x000001c97e462800 nmethod 9670 0x000001c901a47110 code [0x000001c901a472e0, 0x000001c901a475b8]
Event: 28.011 Thread 0x000001c912e25000 nmethod 9669 0x000001c90818c990 code [0x000001c90818cb40, 0x000001c90818cc88]
Event: 28.019 Thread 0x000001c97e462800 9671       3       jdk.internal.org.objectweb.asm.MethodWriter::visitInsn (114 bytes)
Event: 28.020 Thread 0x000001c97e462800 nmethod 9671 0x000001c901a47710 code [0x000001c901a47900, 0x000001c901a47d28]
Event: 28.021 Thread 0x000001c97e462800 9672       3       org.gradle.internal.hash.Hashing::newHasher (9 bytes)
Event: 28.022 Thread 0x000001c97e462800 nmethod 9672 0x000001c901a47f10 code [0x000001c901a48180, 0x000001c901a48cf8]
Event: 28.046 Thread 0x000001c912e25000 9673   !   4       java.lang.ClassLoader::loadClass (122 bytes)
Event: 28.090 Thread 0x000001c912e25000 nmethod 9673 0x000001c90818ce90 code [0x000001c90818d0e0, 0x000001c90818e188]
Event: 28.090 Thread 0x000001c912e25000 9674       4       java.util.jar.Manifest::getTrustedAttributes (57 bytes)
Event: 28.096 Thread 0x000001c97e462800 9675       3       java.lang.invoke.MethodHandles::constant (87 bytes)
Event: 28.098 Thread 0x000001c97e462800 nmethod 9675 0x000001c901a49110 code [0x000001c901a49420, 0x000001c901a4a2f8]
Event: 28.100 Thread 0x000001c97e462800 9676       3       com.google.common.collect.ImmutableMap::entryOf (15 bytes)
Event: 28.101 Thread 0x000001c97e462800 nmethod 9676 0x000001c901a4a810 code [0x000001c901a4a9e0, 0x000001c901a4acc8]
Event: 28.103 Thread 0x000001c97e462800 9677       3       com.google.common.collect.ImmutableMap$Builder::put (35 bytes)
Event: 28.103 Thread 0x000001c97e462800 nmethod 9677 0x000001c901a4ae10 code [0x000001c901a4b020, 0x000001c901a4b598]

GC Heap History (20 events):
Event: 15.278 GC heap after
{Heap after GC invocations=16 (full 0):
 garbage-first heap   total 157696K, used 31754K [0x0000000080000000, 0x0000000100000000)
  region size 1024K, 5 young (5120K), 5 survivors (5120K)
 Metaspace       used 47289K, capacity 48595K, committed 48768K, reserved 1091584K
  class space    used 5974K, capacity 6408K, committed 6528K, reserved 1048576K
}
Event: 16.537 GC heap before
{Heap before GC invocations=16 (full 0):
 garbage-first heap   total 157696K, used 115722K [0x0000000080000000, 0x0000000100000000)
  region size 1024K, 87 young (89088K), 5 survivors (5120K)
 Metaspace       used 50255K, capacity 51700K, committed 51968K, reserved 1093632K
  class space    used 6326K, capacity 6844K, committed 6912K, reserved 1048576K
}
Event: 16.553 GC heap after
{Heap after GC invocations=17 (full 0):
 garbage-first heap   total 189440K, used 33764K [0x0000000080000000, 0x0000000100000000)
  region size 1024K, 7 young (7168K), 7 survivors (7168K)
 Metaspace       used 50255K, capacity 51700K, committed 51968K, reserved 1093632K
  class space    used 6326K, capacity 6844K, committed 6912K, reserved 1048576K
}
Event: 17.972 GC heap before
{Heap before GC invocations=17 (full 0):
 garbage-first heap   total 189440K, used 134116K [0x0000000080000000, 0x0000000100000000)
  region size 1024K, 103 young (105472K), 7 survivors (7168K)
 Metaspace       used 54416K, capacity 55951K, committed 56192K, reserved 1097728K
  class space    used 6875K, capacity 7432K, committed 7552K, reserved 1048576K
}
Event: 17.986 GC heap after
{Heap after GC invocations=18 (full 0):
 garbage-first heap   total 189440K, used 42101K [0x0000000080000000, 0x0000000100000000)
  region size 1024K, 13 young (13312K), 13 survivors (13312K)
 Metaspace       used 54416K, capacity 55951K, committed 56192K, reserved 1097728K
  class space    used 6875K, capacity 7432K, committed 7552K, reserved 1048576K
}
Event: 18.805 GC heap before
{Heap before GC invocations=18 (full 0):
 garbage-first heap   total 189440K, used 120949K [0x0000000080000000, 0x0000000100000000)
  region size 1024K, 91 young (93184K), 13 survivors (13312K)
 Metaspace       used 58359K, capacity 60047K, committed 60160K, reserved 1101824K
  class space    used 7274K, capacity 7886K, committed 7936K, reserved 1048576K
}
Event: 18.830 GC heap after
{Heap after GC invocations=19 (full 0):
 garbage-first heap   total 189440K, used 44302K [0x0000000080000000, 0x0000000100000000)
  region size 1024K, 9 young (9216K), 9 survivors (9216K)
 Metaspace       used 58359K, capacity 60047K, committed 60160K, reserved 1101824K
  class space    used 7274K, capacity 7886K, committed 7936K, reserved 1048576K
}
Event: 20.022 GC heap before
{Heap before GC invocations=20 (full 0):
 garbage-first heap   total 189440K, used 147726K [0x0000000080000000, 0x0000000100000000)
  region size 1024K, 103 young (105472K), 9 survivors (9216K)
 Metaspace       used 62772K, capacity 64534K, committed 64716K, reserved 1105920K
  class space    used 7891K, capacity 8554K, committed 8652K, reserved 1048576K
}
Event: 20.035 GC heap after
{Heap after GC invocations=21 (full 0):
 garbage-first heap   total 189440K, used 47440K [0x0000000080000000, 0x0000000100000000)
  region size 1024K, 6 young (6144K), 6 survivors (6144K)
 Metaspace       used 62772K, capacity 64534K, committed 64716K, reserved 1105920K
  class space    used 7891K, capacity 8554K, committed 8652K, reserved 1048576K
}
Event: 21.222 GC heap before
{Heap before GC invocations=21 (full 0):
 garbage-first heap   total 189440K, used 144720K [0x0000000080000000, 0x0000000100000000)
  region size 1024K, 100 young (102400K), 6 survivors (6144K)
 Metaspace       used 66751K, capacity 68524K, committed 68684K, reserved 1110016K
  class space    used 8377K, capacity 9022K, committed 9036K, reserved 1048576K
}
Event: 21.237 GC heap after
{Heap after GC invocations=22 (full 0):
 garbage-first heap   total 189440K, used 50232K [0x0000000080000000, 0x0000000100000000)
  region size 1024K, 9 young (9216K), 9 survivors (9216K)
 Metaspace       used 66751K, capacity 68524K, committed 68684K, reserved 1110016K
  class space    used 8377K, capacity 9022K, committed 9036K, reserved 1048576K
}
Event: 22.322 GC heap before
{Heap before GC invocations=22 (full 0):
 garbage-first heap   total 189440K, used 146488K [0x0000000080000000, 0x0000000100000000)
  region size 1024K, 103 young (105472K), 9 survivors (9216K)
 Metaspace       used 68996K, capacity 70833K, committed 71116K, reserved 1112064K
  class space    used 8690K, capacity 9363K, committed 9420K, reserved 1048576K
}
Event: 22.344 GC heap after
{Heap after GC invocations=23 (full 0):
 garbage-first heap   total 227328K, used 55139K [0x0000000080000000, 0x0000000100000000)
  region size 1024K, 8 young (8192K), 8 survivors (8192K)
 Metaspace       used 68996K, capacity 70833K, committed 71116K, reserved 1112064K
  class space    used 8690K, capacity 9363K, committed 9420K, reserved 1048576K
}
Event: 23.776 GC heap before
{Heap before GC invocations=23 (full 0):
 garbage-first heap   total 227328K, used 168803K [0x0000000080000000, 0x0000000100000000)
  region size 1024K, 119 young (121856K), 8 survivors (8192K)
 Metaspace       used 73789K, capacity 75732K, committed 75852K, reserved 1114112K
  class space    used 9505K, capacity 10203K, committed 10316K, reserved 1048576K
}
Event: 23.799 GC heap after
{Heap after GC invocations=24 (full 0):
 garbage-first heap   total 227328K, used 58211K [0x0000000080000000, 0x0000000100000000)
  region size 1024K, 11 young (11264K), 11 survivors (11264K)
 Metaspace       used 73789K, capacity 75732K, committed 75852K, reserved 1114112K
  class space    used 9505K, capacity 10203K, committed 10316K, reserved 1048576K
}
Event: 25.166 GC heap before
{Heap before GC invocations=24 (full 0):
 garbage-first heap   total 227328K, used 174947K [0x0000000080000000, 0x0000000100000000)
  region size 1024K, 125 young (128000K), 11 survivors (11264K)
 Metaspace       used 77914K, capacity 79934K, committed 80076K, reserved 1118208K
  class space    used 10117K, capacity 10855K, committed 10956K, reserved 1048576K
}
Event: 25.189 GC heap after
{Heap after GC invocations=25 (full 0):
 garbage-first heap   total 227328K, used 62817K [0x0000000080000000, 0x0000000100000000)
  region size 1024K, 13 young (13312K), 13 survivors (13312K)
 Metaspace       used 77914K, capacity 79934K, committed 80076K, reserved 1118208K
  class space    used 10117K, capacity 10855K, committed 10956K, reserved 1048576K
}
Event: 26.848 GC heap before
{Heap before GC invocations=25 (full 0):
 garbage-first heap   total 227328K, used 179553K [0x0000000080000000, 0x0000000100000000)
  region size 1024K, 127 young (130048K), 13 survivors (13312K)
 Metaspace       used 82930K, capacity 85123K, committed 85324K, reserved 1122304K
  class space    used 10778K, capacity 11554K, committed 11596K, reserved 1048576K
}
Event: 26.875 GC heap after
{Heap after GC invocations=26 (full 0):
 garbage-first heap   total 227328K, used 67569K [0x0000000080000000, 0x0000000100000000)
  region size 1024K, 13 young (13312K), 13 survivors (13312K)
 Metaspace       used 82930K, capacity 85123K, committed 85324K, reserved 1122304K
  class space    used 10778K, capacity 11554K, committed 11596K, reserved 1048576K
}
Event: 28.106 GC heap before
{Heap before GC invocations=26 (full 0):
 garbage-first heap   total 227328K, used 183281K [0x0000000080000000, 0x0000000100000000)
  region size 1024K, 126 young (129024K), 13 survivors (13312K)
 Metaspace       used 85728K, capacity 88111K, committed 88268K, reserved 1126400K
  class space    used 11106K, capacity 11955K, committed 11980K, reserved 1048576K
}

Deoptimization events (20 events):
Event: 27.839 Thread 0x000001c9138f5800 Uncommon trap: trap_request=0xffffffde fr.pc=0x000001c907d00f4c relative=0x0000000000000b4c
Event: 27.839 Thread 0x000001c9138f5800 Uncommon trap: reason=class_check action=maybe_recompile pc=0x000001c907d00f4c method=java.util.Collections$SetFromMap.remove(Ljava/lang/Object;)Z @ 5 c2
Event: 27.839 Thread 0x000001c9138f5800 DEOPT PACKING pc=0x000001c907d00f4c sp=0x0000002fccffd9e0
Event: 27.839 Thread 0x000001c9138f5800 DEOPT UNPACKING pc=0x000001c90004a1af sp=0x0000002fccffd9e8 mode 2
Event: 27.902 Thread 0x000001c9138f5800 Uncommon trap: trap_request=0xffffffde fr.pc=0x000001c907f7b288 relative=0x00000000000002c8
Event: 27.902 Thread 0x000001c9138f5800 Uncommon trap: reason=class_check action=maybe_recompile pc=0x000001c907f7b288 method=java.util.stream.StreamOpFlag.fromCharacteristics(Ljava/util/Spliterator;)I @ 14 c2
Event: 27.902 Thread 0x000001c9138f5800 DEOPT PACKING pc=0x000001c907f7b288 sp=0x0000002fccffd360
Event: 27.902 Thread 0x000001c9138f5800 DEOPT UNPACKING pc=0x000001c90004a1af sp=0x0000002fccffd248 mode 2
Event: 27.907 Thread 0x000001c9138f5800 Uncommon trap: trap_request=0xffffffde fr.pc=0x000001c907f7b288 relative=0x00000000000002c8
Event: 27.907 Thread 0x000001c9138f5800 Uncommon trap: reason=class_check action=maybe_recompile pc=0x000001c907f7b288 method=java.util.stream.StreamOpFlag.fromCharacteristics(Ljava/util/Spliterator;)I @ 14 c2
Event: 27.907 Thread 0x000001c9138f5800 DEOPT PACKING pc=0x000001c907f7b288 sp=0x0000002fccffd360
Event: 27.907 Thread 0x000001c9138f5800 DEOPT UNPACKING pc=0x000001c90004a1af sp=0x0000002fccffd248 mode 2
Event: 27.908 Thread 0x000001c9138f5800 Uncommon trap: trap_request=0xffffffde fr.pc=0x000001c907f7b288 relative=0x00000000000002c8
Event: 27.908 Thread 0x000001c9138f5800 Uncommon trap: reason=class_check action=maybe_recompile pc=0x000001c907f7b288 method=java.util.stream.StreamOpFlag.fromCharacteristics(Ljava/util/Spliterator;)I @ 14 c2
Event: 27.909 Thread 0x000001c9138f5800 DEOPT PACKING pc=0x000001c907f7b288 sp=0x0000002fccffd360
Event: 27.909 Thread 0x000001c9138f5800 DEOPT UNPACKING pc=0x000001c90004a1af sp=0x0000002fccffd248 mode 2
Event: 27.988 Thread 0x000001c9138f5800 Uncommon trap: trap_request=0xffffff4d fr.pc=0x000001c90809bfa8 relative=0x00000000000001e8
Event: 27.988 Thread 0x000001c9138f5800 Uncommon trap: reason=unstable_if action=reinterpret pc=0x000001c90809bfa8 method=com.google.common.collect.RegularImmutableSet.contains(Ljava/lang/Object;)Z @ 10 c2
Event: 27.988 Thread 0x000001c9138f5800 DEOPT PACKING pc=0x000001c90809bfa8 sp=0x0000002fccffa880
Event: 27.988 Thread 0x000001c9138f5800 DEOPT UNPACKING pc=0x000001c90004a1af sp=0x0000002fccffa818 mode 2

Classes redefined (0 events):
No events

Internal exceptions (20 events):
Event: 27.359 Thread 0x000001c912c1e800 Exception <a 'java/lang/ClassNotFoundException'{0x000000008a54e450}: com/android/build/gradle/tasks/PackageAndroidArtifactCustomizer> (0x000000008a54e450) thrown at [src/hotspot/share/classfile/systemDictionary.cpp, line 230]
Event: 27.361 Thread 0x000001c912c1e800 Exception <a 'java/lang/ClassNotFoundException'{0x000000008a5b7a20}: com/android/build/gradle/tasks/PackageApplicationCustomizer> (0x000000008a5b7a20) thrown at [src/hotspot/share/classfile/systemDictionary.cpp, line 230]
Event: 27.362 Thread 0x000001c912c1e800 Exception <a 'java/lang/ClassNotFoundException'{0x000000008a5f1b10}: com/android/build/gradle/tasks/PackageApplication_DecoratedCustomizer> (0x000000008a5f1b10) thrown at [src/hotspot/share/classfile/systemDictionary.cpp, line 230]
Event: 27.369 Thread 0x000001c912c1e800 Exception <a 'java/lang/ClassNotFoundException'{0x000000008a4d6f60}: com/android/build/gradle/internal/tasks/ListingFileRedirectTask_DecoratedBeanInfo> (0x000000008a4d6f60) thrown at [src/hotspot/share/classfile/systemDictionary.cpp, line 230]
Event: 27.369 Thread 0x000001c912c1e800 Exception <a 'java/lang/ClassNotFoundException'{0x000000008a4f4640}: com/android/build/gradle/internal/tasks/ListingFileRedirectTaskBeanInfo> (0x000000008a4f4640) thrown at [src/hotspot/share/classfile/systemDictionary.cpp, line 230]
Event: 27.370 Thread 0x000001c912c1e800 Exception <a 'java/lang/ClassNotFoundException'{0x000000008a312250}: com/android/build/gradle/internal/tasks/ListingFileRedirectTaskCustomizer> (0x000000008a312250) thrown at [src/hotspot/share/classfile/systemDictionary.cpp, line 230]
Event: 27.372 Thread 0x000001c912c1e800 Exception <a 'java/lang/ClassNotFoundException'{0x000000008a343608}: com/android/build/gradle/internal/tasks/ListingFileRedirectTask_DecoratedCustomizer> (0x000000008a343608) thrown at [src/hotspot/share/classfile/systemDictionary.cpp, line 230]
Event: 27.618 Thread 0x000001c912c1e800 Exception <a 'java/lang/NoSuchMethodError'{0x000000008909d990}: <clinit>> (0x000000008909d990) thrown at [src/hotspot/share/prims/jni.cpp, line 1367]
Event: 27.631 Thread 0x000001c912c1e800 Exception <a 'java/lang/NoSuchMethodError'{0x0000000088f053b0}: <clinit>> (0x0000000088f053b0) thrown at [src/hotspot/share/prims/jni.cpp, line 1367]
Event: 27.635 Thread 0x000001c912c1e800 Exception <a 'java/lang/NoSuchMethodError'{0x0000000088f3a8d0}: 'void java.lang.invoke.DirectMethodHandle$Holder.invokeSpecial(java.lang.Object, java.lang.Object, java.lang.Object, int)'> (0x0000000088f3a8d0) thrown at [src/hotspot/share/interpreter/linkResolver.cpp, line 773]
Event: 27.734 Thread 0x000001c912c1e800 Exception <a 'sun/nio/fs/WindowsException'{0x000000008805b4d0}> (0x000000008805b4d0) thrown at [src/hotspot/share/prims/jni.cpp, line 617]
Event: 27.746 Thread 0x000001c912c1e800 Exception <a 'java/lang/NoSuchMethodError'{0x00000000880d59d8}: 'java.lang.Object java.lang.invoke.DirectMethodHandle$Holder.invokeStatic(java.lang.Object, java.lang.Object, java.lang.Object, java.lang.Object, int, java.lang.Object)'> (0x00000000880d59d8) thrown at [src/hotspot/share/interpreter/linkResolver.cpp, line 773]
Event: 27.746 Thread 0x000001c912c1e800 Exception <a 'java/lang/NoSuchMethodError'{0x00000000880da2a8}: 'java.lang.Object java.lang.invoke.DirectMethodHandle$Holder.invokeSpecial(java.lang.Object, java.lang.Object, java.lang.Object, java.lang.Object, java.lang.Object, int, java.lang.Object)'> (0x00000000880da2a8) thrown at [src/hotspot/share/interpreter/linkResolver.cpp, line 773]
Event: 27.747 Thread 0x000001c912c1e800 Exception <a 'java/lang/NoSuchMethodError'{0x00000000880de538}: 'java.lang.Object java.lang.invoke.Invokers$Holder.linkToTargetMethod(java.lang.Object, java.lang.Object, java.lang.Object, int, java.lang.Object, java.lang.Object)'> (0x00000000880de538) thrown at [src/hotspot/share/interpreter/linkResolver.cpp, line 773]
Event: 27.909 Thread 0x000001c911c94800 Exception <a 'java/lang/NoSuchMethodError'{0x00000000876b3388}: <clinit>> (0x00000000876b3388) thrown at [src/hotspot/share/prims/jni.cpp, line 1367]
Event: 27.910 Thread 0x000001c911c94800 Exception <a 'java/lang/NoSuchMethodError'{0x00000000876c3f60}: <clinit>> (0x00000000876c3f60) thrown at [src/hotspot/share/prims/jni.cpp, line 1367]
Event: 27.947 Thread 0x000001c9138f5800 Exception <a 'java/lang/IncompatibleClassChangeError'{0x000000008759db38}: Found class java.lang.Object, but interface was expected> (0x000000008759db38) thrown at [src/hotspot/share/interpreter/linkResolver.cpp, line 839]
Event: 27.988 Thread 0x000001c9138f5800 Implicit null exception at 0x000001c90809bdf7 to 0x000001c90809bf90
Event: 28.005 Thread 0x000001c9138f5800 Exception <a 'java/lang/IncompatibleClassChangeError'{0x0000000087145e50}: Found class java.lang.Object, but interface was expected> (0x0000000087145e50) thrown at [src/hotspot/share/interpreter/linkResolver.cpp, line 839]
Event: 28.096 Thread 0x000001c9138f5800 Exception <a 'java/lang/NoSuchMethodError'{0x0000000086d7e180}: 'int java.lang.invoke.DirectMethodHandle$Holder.invokeStaticInit(java.lang.Object, java.lang.Object, java.lang.Object, java.lang.Object, java.lang.Object)'> (0x0000000086d7e180) thrown at [src/hotspot/share/interpreter/linkResolver.cpp, line 773]

Events (20 events):
Event: 28.090 loading class org/gradle/internal/execution/history/changes/TrivialChangeDetector done
Event: 28.093 loading class org/gradle/internal/execution/history/changes/NormalizedPathFingerprintCompareStrategy
Event: 28.093 loading class org/gradle/internal/execution/history/changes/NormalizedPathFingerprintCompareStrategy done
Event: 28.096 loading class org/gradle/internal/execution/history/changes/CompareStrategy$ChangeDetector
Event: 28.096 loading class org/gradle/internal/execution/history/changes/CompareStrategy$ChangeDetector done
Event: 28.098 loading class org/gradle/internal/execution/history/changes/IgnoredPathCompareStrategy
Event: 28.098 loading class org/gradle/internal/execution/history/changes/IgnoredPathCompareStrategy done
Event: 28.099 loading class org/gradle/internal/execution/history/changes/CompareStrategy$ChangeDetector
Event: 28.099 loading class org/gradle/internal/execution/history/changes/CompareStrategy$ChangeDetector done
Event: 28.101 loading class org/gradle/internal/execution/history/changes/ClasspathCompareStrategy
Event: 28.101 loading class org/gradle/internal/execution/history/changes/ClasspathCompareStrategy done
Event: 28.102 loading class org/gradle/internal/execution/history/changes/CompareStrategy$ChangeDetector
Event: 28.102 loading class org/gradle/internal/execution/history/changes/CompareStrategy$ChangeDetector done
Event: 28.103 loading class org/gradle/internal/execution/history/changes/OutputFileChanges
Event: 28.103 loading class org/gradle/internal/execution/history/changes/OutputFileChanges done
Event: 28.104 loading class org/gradle/internal/execution/history/changes/OutputFileChanges$1
Event: 28.104 loading class org/gradle/internal/execution/history/changes/OutputFileChanges$1 done
Event: 28.105 loading class org/gradle/internal/execution/history/changes/OutputFileChanges$2
Event: 28.105 loading class org/gradle/internal/execution/history/changes/OutputFileChanges$2 done
Event: 28.106 Executing VM operation: G1CollectForAllocation


Dynamic libraries:
0x00007ff6f1d70000 - 0x00007ff6f1d7a000 	C:\Program Files\Android\Android Studio\jbr\bin\java.exe
0x00007ffc1d7b0000 - 0x00007ffc1d9a8000 	C:\WINDOWS\SYSTEM32\ntdll.dll
0x00007ffc1bc80000 - 0x00007ffc1bd3f000 	C:\WINDOWS\System32\KERNEL32.DLL
0x00007ffc1b2e0000 - 0x00007ffc1b5d6000 	C:\WINDOWS\System32\KERNELBASE.dll
0x00007ffc1b710000 - 0x00007ffc1b810000 	C:\WINDOWS\System32\ucrtbase.dll
0x00007ffbcf0f0000 - 0x00007ffbcf107000 	C:\Program Files\Android\Android Studio\jbr\bin\jli.dll
0x00007ffc14fc0000 - 0x00007ffc14fdb000 	C:\Program Files\Android\Android Studio\jbr\bin\VCRUNTIME140.dll
0x00007ffc1bae0000 - 0x00007ffc1bc7d000 	C:\WINDOWS\System32\USER32.dll
0x00007ffc1b190000 - 0x00007ffc1b1b2000 	C:\WINDOWS\System32\win32u.dll
0x00007ffc00a10000 - 0x00007ffc00caa000 	C:\WINDOWS\WinSxS\amd64_microsoft.windows.common-controls_6595b64144ccf1df_6.0.19041.1110_none_60b5254171f9507e\COMCTL32.dll
0x00007ffc1ce70000 - 0x00007ffc1ce9c000 	C:\WINDOWS\System32\GDI32.dll
0x00007ffc1b810000 - 0x00007ffc1b8ae000 	C:\WINDOWS\System32\msvcrt.dll
0x00007ffc1b1c0000 - 0x00007ffc1b2d5000 	C:\WINDOWS\System32\gdi32full.dll
0x00007ffc1aee0000 - 0x00007ffc1af7d000 	C:\WINDOWS\System32\msvcp_win.dll
0x00007ffc1c6e0000 - 0x00007ffc1c710000 	C:\WINDOWS\System32\IMM32.DLL
0x00007ffc14fb0000 - 0x00007ffc14fbc000 	C:\Program Files\Android\Android Studio\jbr\bin\vcruntime140_1.dll
0x00007ffc042e0000 - 0x00007ffc0436d000 	C:\Program Files\Android\Android Studio\jbr\bin\msvcp140.dll
0x00007ffbcf140000 - 0x00007ffbcfcfc000 	C:\Program Files\Android\Android Studio\jbr\bin\server\jvm.dll
0x00007ffc1cea0000 - 0x00007ffc1cf4f000 	C:\WINDOWS\System32\ADVAPI32.dll
0x00007ffc1cf70000 - 0x00007ffc1d00c000 	C:\WINDOWS\System32\sechost.dll
0x00007ffc1be60000 - 0x00007ffc1bf86000 	C:\WINDOWS\System32\RPCRT4.dll
0x00007ffc1d0c0000 - 0x00007ffc1d0c8000 	C:\WINDOWS\System32\PSAPI.DLL
0x00007ffc04240000 - 0x00007ffc04249000 	C:\WINDOWS\SYSTEM32\WSOCK32.dll
0x00007ffc07770000 - 0x00007ffc07797000 	C:\WINDOWS\SYSTEM32\WINMM.dll
0x00007ffc1b9f0000 - 0x00007ffc1ba5b000 	C:\WINDOWS\System32\WS2_32.dll
0x00007ffc0ea70000 - 0x00007ffc0ea7a000 	C:\WINDOWS\SYSTEM32\VERSION.dll
0x00007ffc18d10000 - 0x00007ffc18d22000 	C:\WINDOWS\SYSTEM32\kernel.appcore.dll
0x00007ffbffb60000 - 0x00007ffbffb70000 	C:\Program Files\Android\Android Studio\jbr\bin\verify.dll
0x00007ffc0af70000 - 0x00007ffc0b154000 	C:\WINDOWS\SYSTEM32\DBGHELP.DLL
0x00007ffc0af30000 - 0x00007ffc0af64000 	C:\WINDOWS\SYSTEM32\dbgcore.DLL
0x00007ffc1b680000 - 0x00007ffc1b702000 	C:\WINDOWS\System32\bcryptPrimitives.dll
0x00007ffbcf110000 - 0x00007ffbcf138000 	C:\Program Files\Android\Android Studio\jbr\bin\java.dll
0x00007ffbff980000 - 0x00007ffbff98a000 	C:\Program Files\Android\Android Studio\jbr\bin\jimage.dll
0x00007ffbff490000 - 0x00007ffbff49e000 	C:\Program Files\Android\Android Studio\jbr\bin\instrument.dll
0x00007ffbcf0d0000 - 0x00007ffbcf0e8000 	C:\Program Files\Android\Android Studio\jbr\bin\zip.dll
0x00007ffc1bf90000 - 0x00007ffc1c6d4000 	C:\WINDOWS\System32\SHELL32.dll
0x00007ffc18f10000 - 0x00007ffc196a3000 	C:\WINDOWS\SYSTEM32\windows.storage.dll
0x00007ffc1d130000 - 0x00007ffc1d484000 	C:\WINDOWS\System32\combase.dll
0x00007ffc1a730000 - 0x00007ffc1a75e000 	C:\WINDOWS\SYSTEM32\Wldp.dll
0x00007ffc1d010000 - 0x00007ffc1d0bd000 	C:\WINDOWS\System32\SHCORE.dll
0x00007ffc1d0d0000 - 0x00007ffc1d125000 	C:\WINDOWS\System32\shlwapi.dll
0x00007ffc1add0000 - 0x00007ffc1adef000 	C:\WINDOWS\SYSTEM32\profapi.dll
0x00007ffbff2d0000 - 0x00007ffbff2da000 	C:\Program Files\Android\Android Studio\jbr\bin\management.dll
0x00007ffbff1e0000 - 0x00007ffbff1eb000 	C:\Program Files\Android\Android Studio\jbr\bin\management_ext.dll
0x00007ffc041d0000 - 0x00007ffc041e9000 	C:\Program Files\Android\Android Studio\jbr\bin\net.dll
0x00007ffc0fe00000 - 0x00007ffc0ff0a000 	C:\WINDOWS\SYSTEM32\WINHTTP.dll
0x00007ffc1a510000 - 0x00007ffc1a57a000 	C:\WINDOWS\system32\mswsock.dll
0x00007ffbd1850000 - 0x00007ffbd1863000 	C:\Program Files\Android\Android Studio\jbr\bin\nio.dll
0x00007ffc14f60000 - 0x00007ffc14f77000 	C:\WINDOWS\system32\napinsp.dll
0x00007ffc14e00000 - 0x00007ffc14e1b000 	C:\WINDOWS\system32\pnrpnsp.dll
0x00007ffbfcc50000 - 0x00007ffbfcc65000 	C:\WINDOWS\system32\wshbth.dll
0x00007ffc161f0000 - 0x00007ffc1620d000 	C:\WINDOWS\system32\NLAapi.dll
0x00007ffc1a220000 - 0x00007ffc1a25c000 	C:\WINDOWS\SYSTEM32\IPHLPAPI.DLL
0x00007ffc1a260000 - 0x00007ffc1a32b000 	C:\WINDOWS\SYSTEM32\DNSAPI.dll
0x00007ffc1b8b0000 - 0x00007ffc1b8b8000 	C:\WINDOWS\System32\NSI.dll
0x00007ffc16210000 - 0x00007ffc16222000 	C:\WINDOWS\System32\winrnr.dll
0x00007ffc0eb20000 - 0x00007ffc0eb2a000 	C:\Windows\System32\rasadhlp.dll
0x00007ffc0fb20000 - 0x00007ffc0fba2000 	C:\WINDOWS\System32\fwpuclnt.dll
0x00007ffc1b5e0000 - 0x00007ffc1b607000 	C:\WINDOWS\System32\bcrypt.dll
0x00007ffbfdae0000 - 0x00007ffbfdb07000 	C:\Users\shahzaib lptp\AndroidStudioProjects\loginsqlite\native\e1d6ef7f7dcc3fd88c89a11ec53ec762bb8ba0a96d01ffa2cd45eb1d1d8dd5c5\windows-amd64\native-platform.dll
0x00007ffbd0570000 - 0x00007ffbd06b4000 	C:\Users\shahzaib lptp\AndroidStudioProjects\loginsqlite\native\0d407fdbe67a94daf76414ababcb853783967236a71b16ec16e742cd7a986fd3\windows-amd64\native-platform-file-events.dll
0x00007ffc1aa60000 - 0x00007ffc1aa78000 	C:\WINDOWS\SYSTEM32\CRYPTSP.dll
0x00007ffc19e50000 - 0x00007ffc19e84000 	C:\WINDOWS\system32\rsaenh.dll
0x00007ffc1ad90000 - 0x00007ffc1adbe000 	C:\WINDOWS\SYSTEM32\USERENV.dll
0x00007ffc1a6a0000 - 0x00007ffc1a6ac000 	C:\WINDOWS\SYSTEM32\CRYPTBASE.dll
0x00007ffc103b0000 - 0x00007ffc103c7000 	C:\WINDOWS\SYSTEM32\dhcpcsvc6.DLL
0x00007ffc10300000 - 0x00007ffc1031d000 	C:\WINDOWS\SYSTEM32\dhcpcsvc.DLL

dbghelp: loaded successfully - version: 4.0.5 - missing functions: none
symbol engine: initialized successfully - sym options: 0x614 - pdb path: .;C:\Program Files\Android\Android Studio\jbr\bin;C:\WINDOWS\SYSTEM32;C:\WINDOWS\WinSxS\amd64_microsoft.windows.common-controls_6595b64144ccf1df_6.0.19041.1110_none_60b5254171f9507e;C:\Program Files\Android\Android Studio\jbr\bin\server;C:\Users\shahzaib lptp\AndroidStudioProjects\loginsqlite\native\e1d6ef7f7dcc3fd88c89a11ec53ec762bb8ba0a96d01ffa2cd45eb1d1d8dd5c5\windows-amd64;C:\Users\shahzaib lptp\AndroidStudioProjects\loginsqlite\native\0d407fdbe67a94daf76414ababcb853783967236a71b16ec16e742cd7a986fd3\windows-amd64

VM Arguments:
jvm_args: -javaagent:C:\Program Files\Android\Android Studio\plugins\android\resources\trace_agent.jar=C:\Users\SHAHZA~1\AppData\Local\Temp\sync.trace.profile --add-opens=java.base/java.util=ALL-UNNAMED --add-opens=java.base/java.lang=ALL-UNNAMED --add-opens=java.base/java.lang.invoke=ALL-UNNAMED --add-opens=java.base/java.util=ALL-UNNAMED --add-opens=java.prefs/java.util.prefs=ALL-UNNAMED --add-opens=java.prefs/java.util.prefs=ALL-UNNAMED --add-opens=java.base/java.nio.charset=ALL-UNNAMED --add-opens=java.base/java.net=ALL-UNNAMED --add-opens=java.base/java.util.concurrent.atomic=ALL-UNNAMED -Xmx2048m -Dfile.encoding=UTF-8 -Duser.country=US -Duser.language=en -Duser.variant 
java_command: org.gradle.launcher.daemon.bootstrap.GradleDaemon 7.5
java_class_path (initial): C:\Users\shahzaib lptp\AndroidStudioProjects\loginsqlite\wrapper\dists\gradle-7.5-bin\f1w0cc9nuo0eivz97x2xlu9sv\gradle-7.5\lib\gradle-launcher-7.5.jar
Launcher Type: SUN_STANDARD

[Global flags]
     intx CICompilerCount                          = 3                                         {product} {ergonomic}
     uint ConcGCThreads                            = 1                                         {product} {ergonomic}
     uint G1ConcRefinementThreads                  = 4                                         {product} {ergonomic}
   size_t G1HeapRegionSize                         = 1048576                                   {product} {ergonomic}
    uintx GCDrainStackTargetSize                   = 64                                        {product} {ergonomic}
   size_t InitialHeapSize                          = 134217728                                 {product} {ergonomic}
   size_t MarkStackSize                            = 4194304                                   {product} {ergonomic}
   size_t MaxHeapSize                              = 2147483648                                {product} {command line}
   size_t MaxNewSize                               = 1287651328                                {product} {ergonomic}
   size_t MinHeapDeltaBytes                        = 1048576                                   {product} {ergonomic}
    uintx NonNMethodCodeHeapSize                   = 5830732                                {pd product} {ergonomic}
    uintx NonProfiledCodeHeapSize                  = 122913754                              {pd product} {ergonomic}
    uintx ProfiledCodeHeapSize                     = 122913754                              {pd product} {ergonomic}
    uintx ReservedCodeCacheSize                    = 251658240                              {pd product} {ergonomic}
     bool SegmentedCodeCache                       = true                                      {product} {ergonomic}
     bool UseCompressedClassPointers               = true                                 {lp64_product} {ergonomic}
     bool UseCompressedOops                        = true                                 {lp64_product} {ergonomic}
     bool UseG1GC                                  = true                                      {product} {ergonomic}
     bool UseLargePagesIndividualAllocation        = false                                  {pd product} {ergonomic}

Logging:
Log output configuration:
 #0: stdout all=warning uptime,level,tags
 #1: stderr all=off uptime,level,tags

Environment Variables:
PATH=C:\Program Files\Python310\Scripts\;C:\Program Files\Python310\;C:\Program Files\Common Files\Oracle\Java\javapath;C:\app\bin;C:\app\shahzaiblptp\product\11.2.0\dbhome_1\bin;C:\WINDOWS\system32;C:\WINDOWS;C:\WINDOWS\System32\Wbem;C:\WINDOWS\System32\WindowsPowerShell\v1.0\;c:\Program Files (x86)\Microsoft SQL Server\100\Tools\Binn\;c:\Program Files\Microsoft SQL Server\100\Tools\Binn\;c:\Program Files\Microsoft SQL Server\100\DTS\Binn\;C:\WINDOWS\System32\OpenSSH\;C:\ProgramData\chocolatey\bin;%JAVA_HOME%\bin;C:\Program Files\Git\cmd;C:\Users\shahzaib lptp\AppData\Local\Microsoft\WindowsApps;C:\Program Files\JetBrains\IntelliJ IDEA Community Edition 2021.3\bin;;C:\Program Files\Python310\PyCharm Community Edition 2022.1\bin;;C:\Users\shahzaib lptp\AppData\Local\Programs\Microsoft VS Code\bin;C:\Program Files\flutter\bin;C:\src\flutter\bin;C:\Program Files\Android\Android Studio\bin;
USERNAME=shahzaib lptp
OS=Windows_NT
PROCESSOR_IDENTIFIER=Intel64 Family 6 Model 69 Stepping 1, GenuineIntel



---------------  S Y S T E M  ---------------

OS: Windows 10 , 64 bit Build 19041 (10.0.19041.2913)
OS uptime: 10 days 9:59 hours
Hyper-V role detected

CPU:total 4 (initial active 4) (2 cores per cpu, 2 threads per core) family 6 model 69 stepping 1 microcode 0x26, cmov, cx8, fxsr, mmx, sse, sse2, sse3, ssse3, sse4.1, sse4.2, popcnt, avx, avx2, aes, clmul, erms, lzcnt, ht, tsc, tscinvbit, bmi1, bmi2, fma

Memory: 4k page, system-wide physical 8073M (689M free)
TotalPageFile size 10073M (AvailPageFile size 6M)
current process WorkingSet (physical memory assigned to process): 484M, peak: 488M
current process commit charge ("private bytes"): 559M, peak: 561M

vm_info: OpenJDK 64-Bit Server VM (11.0.15+0-b2043.56-9505619) for windows-amd64 JRE (11.0.15+0-b2043.56-9505619), built on Jan 19 2023 02:48:00 by "builduser" with unknown MS VC++:1929

END.
