#
# There is insufficient memory for the Java Runtime Environment to continue.
# Native memory allocation (mmap) failed to map 38797312 bytes for Failed to commit area from 0x000000008b900000 to 0x000000008de00000 of length 38797312.
# Possible reasons:
#   The system is out of physical RAM or swap space
#   The process is running with CompressedOops enabled, and the Java Heap may be blocking the growth of the native heap
# Possible solutions:
#   Reduce memory load on the system
#   Increase physical memory or swap space
#   Check if swap backing store is full
#   Decrease Java heap size (-Xmx/-Xms)
#   Decrease number of Java threads
#   Decrease Java thread stack sizes (-Xss)
#   Set larger code cache with -XX:ReservedCodeCacheSize=
#   JVM is running with Unscaled Compressed Oops mode in which the Java heap is
#     placed in the first 4GB address space. The Java Heap base address is the
#     maximum limit for the native heap growth. Please use -XX:HeapBaseMinAddress
#     to set the Java Heap base and to place the Java Heap above 4GB virtual address.
# This output file may be truncated or incomplete.
#
#  Out of Memory Error (src/hotspot/os/windows/os_windows.cpp:3627), pid=13680, tid=15520
#
# JRE version: OpenJDK Runtime Environment (11.0.15) (build 11.0.15+0-b2043.56-9505619)
# Java VM: OpenJDK 64-Bit Server VM (11.0.15+0-b2043.56-9505619, mixed mode, tiered, compressed oops, g1 gc, windows-amd64)
# No core dump will be written. Minidumps are not enabled by default on client versions of Windows
#

---------------  S U M M A R Y ------------

Command Line: -javaagent:C:\Program Files\Android\Android Studio\plugins\android\resources\trace_agent.jar=C:\Users\SHAHZA~1\AppData\Local\Temp\sync.trace.profile --add-opens=java.base/java.util=ALL-UNNAMED --add-opens=java.base/java.lang=ALL-UNNAMED --add-opens=java.base/java.lang.invoke=ALL-UNNAMED --add-opens=java.base/java.util=ALL-UNNAMED --add-opens=java.prefs/java.util.prefs=ALL-UNNAMED --add-opens=java.prefs/java.util.prefs=ALL-UNNAMED --add-opens=java.base/java.nio.charset=ALL-UNNAMED --add-opens=java.base/java.net=ALL-UNNAMED --add-opens=java.base/java.util.concurrent.atomic=ALL-UNNAMED -Xmx2048m -Dfile.encoding=UTF-8 -Duser.country=US -Duser.language=en -Duser.variant org.gradle.launcher.daemon.bootstrap.GradleDaemon 7.5

Host: Intel(R) Core(TM) i5-4310U CPU @ 2.00GHz, 4 cores, 7G,  Windows 10 , 64 bit Build 19041 (10.0.19041.2788)
Time: Mon May  8 16:39:37 2023 Pakistan Standard Time elapsed time: 19.098524 seconds (0d 0h 0m 19s)

---------------  T H R E A D  ---------------

Current thread (0x00000299b6212000):  VMThread "VM Thread" [stack: 0x000000cc53400000,0x000000cc53500000] [id=15520]

Stack: [0x000000cc53400000,0x000000cc53500000]
[error occurred during error reporting (printing stack bounds), id 0xc0000005, EXCEPTION_ACCESS_VIOLATION (0xc0000005) at pc=0x000002999f9a112d]

Native frames: (J=compiled Java code, j=interpreted, Vv=VM code, C=native code)
V  [jvm.dll+0x64135a]
V  [jvm.dll+0x7d39f9]
V  [jvm.dll+0x7d51b9]
V  [jvm.dll+0x7d5805]
V  [jvm.dll+0x7d57bb]
V  [jvm.dll+0x640655]
V  [jvm.dll+0x640d68]
C  [ntdll.dll+0xa23df]
C  [ntdll.dll+0x514a4]
C  [ntdll.dll+0xa0f0e]
C  0x000002999f9a112d

VM_Operation (0x000000cc548f1520): G1CollectForAllocation, mode: safepoint, requested by thread 0x00000299b72a7800


---------------  P R O C E S S  ---------------

Threads class SMR info:
_java_thread_list=0x00000299bc388070, length=80, elements={
0x000002999a6a5000, 0x00000299b6217000, 0x00000299b6218000, 0x00000299b622f000,
0x00000299b6230800, 0x00000299b6231800, 0x00000299b6234800, 0x00000299b625c000,
0x00000299b625d000, 0x000002999a777000, 0x00000299bb731800, 0x00000299ba9a5800,
0x00000299ba017800, 0x00000299bbdbf800, 0x00000299b9992000, 0x00000299b72a9000,
0x00000299b72a6800, 0x00000299b72a7800, 0x00000299b72a8000, 0x00000299b72aa000,
0x00000299b72aa800, 0x00000299b72ab800, 0x00000299b72a5800, 0x00000299b72ac000,
0x00000299bbcff800, 0x00000299bbcfb800, 0x00000299bbd00800, 0x00000299bbcfa800,
0x00000299bbd01800, 0x00000299bbcfd000, 0x00000299bbd02000, 0x00000299bbcfc800,
0x00000299bbcff000, 0x00000299bbd03800, 0x00000299bbd08800, 0x00000299bbd06000,
0x00000299bbd04800, 0x00000299bbd05800, 0x00000299bbd07000, 0x00000299bbd08000,
0x00000299bd134800, 0x00000299bd133800, 0x00000299bd135800, 0x00000299bd136000,
0x00000299bd137000, 0x00000299bd131800, 0x00000299bd138000, 0x00000299bd132000,
0x00000299bd138800, 0x00000299bd133000, 0x00000299bd13e800, 0x00000299bd13b000,
0x00000299bd13f000, 0x00000299bd13c000, 0x00000299bd13c800, 0x00000299bd13a800,
0x00000299bd13d800, 0x00000299bd139800, 0x00000299bd140000, 0x00000299b9ff0000,
0x00000299b9feb000, 0x00000299b9ff1800, 0x00000299b9fed800, 0x00000299b9fee800,
0x00000299b9fef000, 0x00000299b9ff1000, 0x00000299b9fec000, 0x00000299b9ff2800,
0x00000299b9fed000, 0x00000299b9ff7800, 0x00000299b9ff8000, 0x00000299b9ff9000,
0x00000299b9ff5800, 0x00000299b9ff6800, 0x00000299b9ff3800, 0x00000299b9ffa000,
0x00000299b9ff4000, 0x00000299b9ff5000, 0x00000299bb143000, 0x00000299bb141800
}

Java Threads: ( => current thread )
  0x000002999a6a5000 JavaThread "main" [_thread_blocked, id=7248, stack(0x000000cc52e00000,0x000000cc52f00000)]
  0x00000299b6217000 JavaThread "Reference Handler" daemon [_thread_blocked, id=10924, stack(0x000000cc53500000,0x000000cc53600000)]
  0x00000299b6218000 JavaThread "Finalizer" daemon [_thread_blocked, id=4384, stack(0x000000cc53600000,0x000000cc53700000)]
  0x00000299b622f000 JavaThread "Signal Dispatcher" daemon [_thread_blocked, id=1712, stack(0x000000cc53700000,0x000000cc53800000)]
  0x00000299b6230800 JavaThread "Attach Listener" daemon [_thread_blocked, id=11600, stack(0x000000cc53800000,0x000000cc53900000)]
  0x00000299b6231800 JavaThread "Service Thread" daemon [_thread_blocked, id=12156, stack(0x000000cc53900000,0x000000cc53a00000)]
  0x00000299b6234800 JavaThread "C2 CompilerThread0" daemon [_thread_blocked, id=9824, stack(0x000000cc53a00000,0x000000cc53b00000)]
  0x00000299b625c000 JavaThread "C1 CompilerThread0" daemon [_thread_blocked, id=6668, stack(0x000000cc53b00000,0x000000cc53c00000)]
  0x00000299b625d000 JavaThread "Sweeper thread" daemon [_thread_blocked, id=15856, stack(0x000000cc53c00000,0x000000cc53d00000)]
  0x000002999a777000 JavaThread "Common-Cleaner" daemon [_thread_blocked, id=4716, stack(0x000000cc53d00000,0x000000cc53e00000)]
  0x00000299bb731800 JavaThread "Daemon health stats" [_thread_blocked, id=13692, stack(0x000000cc54200000,0x000000cc54300000)]
  0x00000299ba9a5800 JavaThread "C2 CompilerThread1" daemon [_thread_blocked, id=2604, stack(0x000000cc53e00000,0x000000cc53f00000)]
  0x00000299ba017800 JavaThread "Incoming local TCP Connector on port 53672" [_thread_in_native, id=8336, stack(0x000000cc54300000,0x000000cc54400000)]
  0x00000299bbdbf800 JavaThread "Daemon periodic checks" [_thread_blocked, id=5376, stack(0x000000cc54400000,0x000000cc54500000)]
  0x00000299b9992000 JavaThread "Daemon" [_thread_blocked, id=11924, stack(0x000000cc54500000,0x000000cc54600000)]
  0x00000299b72a9000 JavaThread "Handler for socket connection from /127.0.0.1:53672 to /127.0.0.1:53673" [_thread_in_native, id=13096, stack(0x000000cc54600000,0x000000cc54700000)]
  0x00000299b72a6800 JavaThread "Cancel handler" [_thread_blocked, id=5604, stack(0x000000cc54700000,0x000000cc54800000)]
  0x00000299b72a7800 JavaThread "Daemon worker" [_thread_blocked, id=10216, stack(0x000000cc54800000,0x000000cc54900000)]
  0x00000299b72a8000 JavaThread "Asynchronous log dispatcher for DefaultDaemonConnection: socket connection from /127.0.0.1:53672 to /127.0.0.1:53673" [_thread_blocked, id=11508, stack(0x000000cc54900000,0x000000cc54a00000)]
  0x00000299b72aa000 JavaThread "Stdin handler" [_thread_blocked, id=7992, stack(0x000000cc54a00000,0x000000cc54b00000)]
  0x00000299b72aa800 JavaThread "Daemon client event forwarder" [_thread_blocked, id=15484, stack(0x000000cc54b00000,0x000000cc54c00000)]
  0x00000299b72ab800 JavaThread "Cache worker for journal cache (C:\Users\shahzaib lptp\AndroidStudioProjects\loginsqlite\caches\journal-1)" [_thread_blocked, id=12692, stack(0x000000cc54d00000,0x000000cc54e00000)]
  0x00000299b72a5800 JavaThread "File lock request listener" [_thread_in_native, id=1236, stack(0x000000cc54e00000,0x000000cc54f00000)]
  0x00000299b72ac000 JavaThread "Cache worker for file hash cache (C:\Users\shahzaib lptp\AndroidStudioProjects\loginsqlite\caches\7.5\fileHashes)" [_thread_blocked, id=6284, stack(0x000000cc54f00000,0x000000cc55000000)]
  0x00000299bbcff800 JavaThread "File watcher server" daemon [_thread_in_native, id=5304, stack(0x000000cc55000000,0x000000cc55100000)]
  0x00000299bbcfb800 JavaThread "File watcher consumer" daemon [_thread_blocked, id=11676, stack(0x000000cc55100000,0x000000cc55200000)]
  0x00000299bbd00800 JavaThread "Cache worker for checksums cache (C:\Users\shahzaib lptp\AndroidStudioProjects\EyeonwaterApp\.gradle\7.5\checksums)" [_thread_blocked, id=14744, stack(0x000000cc55200000,0x000000cc55300000)]
  0x00000299bbcfa800 JavaThread "Cache worker for cache directory md-rule (C:\Users\shahzaib lptp\AndroidStudioProjects\loginsqlite\caches\7.5\md-rule)" [_thread_blocked, id=8060, stack(0x000000cc55300000,0x000000cc55400000)]
  0x00000299bbd01800 JavaThread "Cache worker for file content cache (C:\Users\shahzaib lptp\AndroidStudioProjects\loginsqlite\caches\7.5\fileContent)" [_thread_blocked, id=11596, stack(0x000000cc55400000,0x000000cc55500000)]
  0x00000299bbcfd000 JavaThread "Cache worker for file hash cache (C:\Users\shahzaib lptp\AndroidStudioProjects\EyeonwaterApp\.gradle\7.5\fileHashes)" [_thread_blocked, id=9164, stack(0x000000cc55500000,0x000000cc55600000)]
  0x00000299bbd02000 JavaThread "Cache worker for cache directory md-supplier (C:\Users\shahzaib lptp\AndroidStudioProjects\loginsqlite\caches\7.5\md-supplier)" [_thread_blocked, id=13168, stack(0x000000cc55600000,0x000000cc55700000)]
  0x00000299bbcfc800 JavaThread "Cache worker for execution history cache (C:\Users\shahzaib lptp\AndroidStudioProjects\loginsqlite\caches\7.5\executionHistory)" [_thread_blocked, id=1700, stack(0x000000cc55700000,0x000000cc55800000)]
  0x00000299bbcff000 JavaThread "jar transforms" [_thread_blocked, id=13940, stack(0x000000cc55800000,0x000000cc55900000)]
  0x00000299bbd03800 JavaThread "jar transforms Thread 2" [_thread_blocked, id=148, stack(0x000000cc55900000,0x000000cc55a00000)]
  0x00000299bbd08800 JavaThread "jar transforms Thread 3" [_thread_blocked, id=9144, stack(0x000000cc55a00000,0x000000cc55b00000)]
  0x00000299bbd06000 JavaThread "jar transforms Thread 4" [_thread_blocked, id=11152, stack(0x000000cc55b00000,0x000000cc55c00000)]
  0x00000299bbd04800 JavaThread "Cache worker for dependencies-accessors (C:\Users\shahzaib lptp\AndroidStudioProjects\EyeonwaterApp\.gradle\7.5\dependencies-accessors)" [_thread_blocked, id=6168, stack(0x000000cc55c00000,0x000000cc55d00000)]
  0x00000299bbd05800 JavaThread "Cache worker for Build Output Cleanup Cache (C:\Users\shahzaib lptp\AndroidStudioProjects\EyeonwaterApp\.gradle\buildOutputCleanup)" [_thread_blocked, id=11656, stack(0x000000cc55d00000,0x000000cc55e00000)]
  0x00000299bbd07000 JavaThread "Unconstrained build operations" [_thread_blocked, id=852, stack(0x000000cc55e00000,0x000000cc55f00000)]
  0x00000299bbd08000 JavaThread "Unconstrained build operations Thread 2" [_thread_blocked, id=12164, stack(0x000000cc55f00000,0x000000cc56000000)]
  0x00000299bd134800 JavaThread "Unconstrained build operations Thread 3" [_thread_blocked, id=9936, stack(0x000000cc56000000,0x000000cc56100000)]
  0x00000299bd133800 JavaThread "Unconstrained build operations Thread 4" [_thread_blocked, id=8828, stack(0x000000cc56100000,0x000000cc56200000)]
  0x00000299bd135800 JavaThread "Unconstrained build operations Thread 5" [_thread_blocked, id=10320, stack(0x000000cc56200000,0x000000cc56300000)]
  0x00000299bd136000 JavaThread "Unconstrained build operations Thread 6" [_thread_blocked, id=15196, stack(0x000000cc56300000,0x000000cc56400000)]
  0x00000299bd137000 JavaThread "Unconstrained build operations Thread 7" [_thread_blocked, id=4012, stack(0x000000cc56400000,0x000000cc56500000)]
  0x00000299bd131800 JavaThread "Unconstrained build operations Thread 8" [_thread_blocked, id=15292, stack(0x000000cc56500000,0x000000cc56600000)]
  0x00000299bd138000 JavaThread "Unconstrained build operations Thread 9" [_thread_blocked, id=5992, stack(0x000000cc56600000,0x000000cc56700000)]
  0x00000299bd132000 JavaThread "Unconstrained build operations Thread 10" [_thread_blocked, id=9900, stack(0x000000cc56700000,0x000000cc56800000)]
  0x00000299bd138800 JavaThread "Unconstrained build operations Thread 11" [_thread_blocked, id=14080, stack(0x000000cc56800000,0x000000cc56900000)]
  0x00000299bd133000 JavaThread "Unconstrained build operations Thread 12" [_thread_blocked, id=696, stack(0x000000cc56900000,0x000000cc56a00000)]
  0x00000299bd13e800 JavaThread "Unconstrained build operations Thread 13" [_thread_blocked, id=5620, stack(0x000000cc56a00000,0x000000cc56b00000)]
  0x00000299bd13b000 JavaThread "Unconstrained build operations Thread 14" [_thread_blocked, id=3400, stack(0x000000cc56b00000,0x000000cc56c00000)]
  0x00000299bd13f000 JavaThread "Unconstrained build operations Thread 15" [_thread_blocked, id=13180, stack(0x000000cc56c00000,0x000000cc56d00000)]
  0x00000299bd13c000 JavaThread "Unconstrained build operations Thread 16" [_thread_blocked, id=12468, stack(0x000000cc56d00000,0x000000cc56e00000)]
  0x00000299bd13c800 JavaThread "Unconstrained build operations Thread 17" [_thread_blocked, id=13016, stack(0x000000cc56e00000,0x000000cc56f00000)]
  0x00000299bd13a800 JavaThread "Unconstrained build operations Thread 18" [_thread_blocked, id=11328, stack(0x000000cc56f00000,0x000000cc57000000)]
  0x00000299bd13d800 JavaThread "Unconstrained build operations Thread 19" [_thread_blocked, id=9508, stack(0x000000cc57000000,0x000000cc57100000)]
  0x00000299bd139800 JavaThread "Unconstrained build operations Thread 20" [_thread_blocked, id=15424, stack(0x000000cc57100000,0x000000cc57200000)]
  0x00000299bd140000 JavaThread "Unconstrained build operations Thread 21" [_thread_blocked, id=9660, stack(0x000000cc57200000,0x000000cc57300000)]
  0x00000299b9ff0000 JavaThread "Unconstrained build operations Thread 22" [_thread_blocked, id=14936, stack(0x000000cc57300000,0x000000cc57400000)]
  0x00000299b9feb000 JavaThread "Unconstrained build operations Thread 23" [_thread_blocked, id=1668, stack(0x000000cc57400000,0x000000cc57500000)]
  0x00000299b9ff1800 JavaThread "Unconstrained build operations Thread 24" [_thread_blocked, id=13432, stack(0x000000cc57500000,0x000000cc57600000)]
  0x00000299b9fed800 JavaThread "Unconstrained build operations Thread 25" [_thread_blocked, id=15308, stack(0x000000cc57600000,0x000000cc57700000)]
  0x00000299b9fee800 JavaThread "Unconstrained build operations Thread 26" [_thread_blocked, id=2484, stack(0x000000cc57700000,0x000000cc57800000)]
  0x00000299b9fef000 JavaThread "Unconstrained build operations Thread 27" [_thread_blocked, id=7172, stack(0x000000cc57800000,0x000000cc57900000)]
  0x00000299b9ff1000 JavaThread "Unconstrained build operations Thread 28" [_thread_blocked, id=9580, stack(0x000000cc57900000,0x000000cc57a00000)]
  0x00000299b9fec000 JavaThread "Unconstrained build operations Thread 29" [_thread_blocked, id=8092, stack(0x000000cc57a00000,0x000000cc57b00000)]
  0x00000299b9ff2800 JavaThread "Unconstrained build operations Thread 30" [_thread_blocked, id=12060, stack(0x000000cc57b00000,0x000000cc57c00000)]
  0x00000299b9fed000 JavaThread "Unconstrained build operations Thread 31" [_thread_blocked, id=4240, stack(0x000000cc57c00000,0x000000cc57d00000)]
  0x00000299b9ff7800 JavaThread "Unconstrained build operations Thread 32" [_thread_blocked, id=772, stack(0x000000cc57d00000,0x000000cc57e00000)]
  0x00000299b9ff8000 JavaThread "Unconstrained build operations Thread 33" [_thread_blocked, id=3412, stack(0x000000cc57e00000,0x000000cc57f00000)]
  0x00000299b9ff9000 JavaThread "Unconstrained build operations Thread 34" [_thread_blocked, id=14640, stack(0x000000cc57f00000,0x000000cc58000000)]
  0x00000299b9ff5800 JavaThread "Unconstrained build operations Thread 35" [_thread_blocked, id=13764, stack(0x000000cc58000000,0x000000cc58100000)]
  0x00000299b9ff6800 JavaThread "Unconstrained build operations Thread 36" [_thread_blocked, id=1212, stack(0x000000cc58100000,0x000000cc58200000)]
  0x00000299b9ff3800 JavaThread "Unconstrained build operations Thread 37" [_thread_blocked, id=15904, stack(0x000000cc58200000,0x000000cc58300000)]
  0x00000299b9ffa000 JavaThread "Unconstrained build operations Thread 38" [_thread_blocked, id=7916, stack(0x000000cc58300000,0x000000cc58400000)]
  0x00000299b9ff4000 JavaThread "Unconstrained build operations Thread 39" [_thread_blocked, id=9972, stack(0x000000cc58400000,0x000000cc58500000)]
  0x00000299b9ff5000 JavaThread "Unconstrained build operations Thread 40" [_thread_blocked, id=1192, stack(0x000000cc58500000,0x000000cc58600000)]
  0x00000299bb143000 JavaThread "build event listener" [_thread_blocked, id=11208, stack(0x000000cc58600000,0x000000cc58700000)]
  0x00000299bb141800 JavaThread "Memory manager" [_thread_blocked, id=12180, stack(0x000000cc58700000,0x000000cc58800000)]

Other Threads:
=>0x00000299b6212000 VMThread "VM Thread" [stack: 0x000000cc53400000,0x000000cc53500000] [id=15520]
  0x00000299b77fc800 WatcherThread [stack: 0x000000cc53f00000,0x000000cc54000000] [id=16048]
  0x000002999a6bf800 GCTaskThread "GC Thread#0" [stack: 0x000000cc52f00000,0x000000cc53000000] [id=6960]
  0x00000299b7a27800 GCTaskThread "GC Thread#1" [stack: 0x000000cc54000000,0x000000cc54100000] [id=2556]
  0x00000299b79d6000 GCTaskThread "GC Thread#2" [stack: 0x000000cc54100000,0x000000cc54200000] [id=10228]
  0x00000299b9a30800 GCTaskThread "GC Thread#3" [stack: 0x000000cc54c00000,0x000000cc54d00000] [id=7092]
  0x000002999a6f0800 ConcurrentGCThread "G1 Main Marker" [stack: 0x000000cc53000000,0x000000cc53100000] [id=6920]
  0x000002999a6f1800 ConcurrentGCThread "G1 Conc#0" [stack: 0x000000cc53100000,0x000000cc53200000] [id=2976]
  0x00000299b6070800 ConcurrentGCThread "G1 Refine#0" [stack: 0x000000cc53200000,0x000000cc53300000] [id=3076]
  0x00000299b6071000 ConcurrentGCThread "G1 Young RemSet Sampling" [stack: 0x000000cc53300000,0x000000cc53400000] [id=8632]

Threads with active compile tasks:
C2 CompilerThread0    19116 7680       4       org.codehaus.groovy.reflection.CachedMethod::compareTo (25 bytes)
C2 CompilerThread1    19116 7685       4       java.util.Arrays::spliterator (10 bytes)

VM state:at safepoint (normal execution)

VM Mutex/Monitor currently owned by a thread:  ([mutex/lock_event])
[0x000002999a6a0c90] Threads_lock - owner thread: 0x00000299b6212000
[0x000002999a6a1080] Heap_lock - owner thread: 0x00000299b72a7800

Heap address: 0x0000000080000000, size: 2048 MB, Compressed Oops mode: 32-bit
Narrow klass base: 0x0000000000000000, Narrow klass shift: 3
Compressed class space size: 1073741824 Address: 0x0000000100000000

Heap:
 garbage-first heap   total 227328K, used 53441K [0x0000000080000000, 0x0000000100000000)
  region size 1024K, 7 young (7168K), 7 survivors (7168K)
 Metaspace       used 67134K, capacity 68980K, committed 69068K, reserved 1110016K
  class space    used 8454K, capacity 9133K, committed 9164K, reserved 1048576K
Heap Regions: E=young(eden), S=young(survivor), O=old, HS=humongous(starts), HC=humongous(continues), CS=collection set, F=free, A=archive, TAMS=top-at-mark-start (previous, next)
|   0|0x0000000080000000, 0x0000000080100000, 0x0000000080100000|100%| O|  |TAMS 0x0000000080100000, 0x0000000080000000| Untracked 
|   1|0x0000000080100000, 0x0000000080200000, 0x0000000080200000|100%| O|  |TAMS 0x0000000080200000, 0x0000000080100000| Untracked 
|   2|0x0000000080200000, 0x0000000080300000, 0x0000000080300000|100%| O|  |TAMS 0x0000000080300000, 0x0000000080200000| Untracked 
|   3|0x0000000080300000, 0x0000000080400000, 0x0000000080400000|100%|HS|  |TAMS 0x0000000080400000, 0x0000000080300000| Complete 
|   4|0x0000000080400000, 0x0000000080500000, 0x0000000080500000|100%|HC|  |TAMS 0x0000000080500000, 0x0000000080400000| Complete 
|   5|0x0000000080500000, 0x0000000080600000, 0x0000000080600000|100%|HC|  |TAMS 0x0000000080600000, 0x0000000080500000| Complete 
|   6|0x0000000080600000, 0x0000000080700000, 0x0000000080700000|100%| O|  |TAMS 0x0000000080700000, 0x0000000080600000| Untracked 
|   7|0x0000000080700000, 0x0000000080800000, 0x0000000080800000|100%| O|  |TAMS 0x0000000080800000, 0x0000000080700000| Untracked 
|   8|0x0000000080800000, 0x0000000080900000, 0x0000000080900000|100%| O|  |TAMS 0x0000000080900000, 0x0000000080800000| Untracked 
|   9|0x0000000080900000, 0x0000000080a00000, 0x0000000080a00000|100%| O|  |TAMS 0x0000000080a00000, 0x0000000080900000| Untracked 
|  10|0x0000000080a00000, 0x0000000080b00000, 0x0000000080b00000|100%| O|  |TAMS 0x0000000080b00000, 0x0000000080a00000| Untracked 
|  11|0x0000000080b00000, 0x0000000080c00000, 0x0000000080c00000|100%| O|  |TAMS 0x0000000080c00000, 0x0000000080b00000| Untracked 
|  12|0x0000000080c00000, 0x0000000080d00000, 0x0000000080d00000|100%| O|  |TAMS 0x0000000080d00000, 0x0000000080c00000| Untracked 
|  13|0x0000000080d00000, 0x0000000080e00000, 0x0000000080e00000|100%| O|  |TAMS 0x0000000080e00000, 0x0000000080d00000| Untracked 
|  14|0x0000000080e00000, 0x0000000080f00000, 0x0000000080f00000|100%| O|  |TAMS 0x0000000080f00000, 0x0000000080e00000| Untracked 
|  15|0x0000000080f00000, 0x0000000081000000, 0x0000000081000000|100%| O|  |TAMS 0x0000000081000000, 0x0000000080f00000| Untracked 
|  16|0x0000000081000000, 0x0000000081100000, 0x0000000081100000|100%|HS|  |TAMS 0x0000000081100000, 0x0000000081000000| Complete 
|  17|0x0000000081100000, 0x0000000081200000, 0x0000000081200000|100%|HS|  |TAMS 0x0000000081200000, 0x0000000081100000| Complete 
|  18|0x0000000081200000, 0x0000000081300000, 0x0000000081300000|100%| O|  |TAMS 0x0000000081300000, 0x0000000081200000| Untracked 
|  19|0x0000000081300000, 0x0000000081400000, 0x0000000081400000|100%| O|  |TAMS 0x0000000081400000, 0x0000000081300000| Untracked 
|  20|0x0000000081400000, 0x0000000081500000, 0x0000000081500000|100%| O|  |TAMS 0x0000000081500000, 0x0000000081400000| Untracked 
|  21|0x0000000081500000, 0x0000000081600000, 0x0000000081600000|100%| O|  |TAMS 0x0000000081600000, 0x0000000081500000| Untracked 
|  22|0x0000000081600000, 0x0000000081700000, 0x0000000081700000|100%| O|  |TAMS 0x0000000081700000, 0x0000000081600000| Untracked 
|  23|0x0000000081700000, 0x0000000081800000, 0x0000000081800000|100%| O|  |TAMS 0x0000000081800000, 0x0000000081700000| Untracked 
|  24|0x0000000081800000, 0x0000000081900000, 0x0000000081900000|100%| O|  |TAMS 0x0000000081900000, 0x0000000081800000| Untracked 
|  25|0x0000000081900000, 0x0000000081a00000, 0x0000000081a00000|100%| O|  |TAMS 0x0000000081a00000, 0x0000000081900000| Untracked 
|  26|0x0000000081a00000, 0x0000000081b00000, 0x0000000081b00000|100%| O|  |TAMS 0x0000000081b00000, 0x0000000081a00000| Untracked 
|  27|0x0000000081b00000, 0x0000000081c00000, 0x0000000081c00000|100%| O|  |TAMS 0x0000000081c00000, 0x0000000081b00000| Untracked 
|  28|0x0000000081c00000, 0x0000000081d00000, 0x0000000081d00000|100%| O|  |TAMS 0x0000000081d00000, 0x0000000081c00000| Untracked 
|  29|0x0000000081d00000, 0x0000000081e00000, 0x0000000081e00000|100%| O|  |TAMS 0x0000000081e00000, 0x0000000081d00000| Untracked 
|  30|0x0000000081e00000, 0x0000000081f00000, 0x0000000081f00000|100%| O|  |TAMS 0x0000000081f00000, 0x0000000081e00000| Untracked 
|  31|0x0000000081f00000, 0x0000000082000000, 0x0000000082000000|100%| O|  |TAMS 0x0000000082000000, 0x0000000081f00000| Untracked 
|  32|0x0000000082000000, 0x0000000082100000, 0x0000000082100000|100%| O|  |TAMS 0x0000000082100000, 0x0000000082000000| Untracked 
|  33|0x0000000082100000, 0x0000000082200000, 0x0000000082200000|100%| O|  |TAMS 0x0000000082200000, 0x0000000082100000| Untracked 
|  34|0x0000000082200000, 0x0000000082300000, 0x0000000082300000|100%| O|  |TAMS 0x0000000082300000, 0x0000000082200000| Untracked 
|  35|0x0000000082300000, 0x0000000082400000, 0x0000000082400000|100%| O|  |TAMS 0x0000000082400000, 0x0000000082300000| Untracked 
|  36|0x0000000082400000, 0x0000000082500000, 0x0000000082500000|100%| O|  |TAMS 0x0000000082500000, 0x0000000082400000| Untracked 
|  37|0x0000000082500000, 0x0000000082600000, 0x0000000082600000|100%| O|  |TAMS 0x0000000082600000, 0x0000000082500000| Untracked 
|  38|0x0000000082600000, 0x0000000082700000, 0x0000000082700000|100%| O|  |TAMS 0x0000000082700000, 0x0000000082600000| Untracked 
|  39|0x0000000082700000, 0x0000000082800000, 0x0000000082800000|100%| O|  |TAMS 0x0000000082800000, 0x0000000082700000| Untracked 
|  40|0x0000000082800000, 0x0000000082900000, 0x0000000082900000|100%| O|  |TAMS 0x0000000082887800, 0x0000000082800000| Untracked 
|  41|0x0000000082900000, 0x0000000082900000, 0x0000000082a00000|  0%| F|  |TAMS 0x0000000082900000, 0x0000000082900000| Untracked 
|  42|0x0000000082a00000, 0x0000000082a00000, 0x0000000082b00000|  0%| F|  |TAMS 0x0000000082a00000, 0x0000000082a00000| Untracked 
|  43|0x0000000082b00000, 0x0000000082b00000, 0x0000000082c00000|  0%| F|  |TAMS 0x0000000082b00000, 0x0000000082b00000| Untracked 
|  44|0x0000000082c00000, 0x0000000082c00000, 0x0000000082d00000|  0%| F|  |TAMS 0x0000000082c00000, 0x0000000082c00000| Untracked 
|  45|0x0000000082d00000, 0x0000000082d00000, 0x0000000082e00000|  0%| F|  |TAMS 0x0000000082d00000, 0x0000000082d00000| Untracked 
|  46|0x0000000082e00000, 0x0000000082f00000, 0x0000000082f00000|100%| O|  |TAMS 0x0000000082e00000, 0x0000000082e00000| Untracked 
|  47|0x0000000082f00000, 0x0000000083000000, 0x0000000083000000|100%| O|  |TAMS 0x0000000082f00000, 0x0000000082f00000| Untracked 
|  48|0x0000000083000000, 0x0000000083100000, 0x0000000083100000|100%| O|  |TAMS 0x0000000083000000, 0x0000000083000000| Untracked 
|  49|0x0000000083100000, 0x0000000083200000, 0x0000000083200000|100%| O|  |TAMS 0x0000000083100000, 0x0000000083100000| Untracked 
|  50|0x0000000083200000, 0x00000000832b3200, 0x0000000083300000| 69%| O|  |TAMS 0x0000000083200000, 0x0000000083200000| Untracked 
|  51|0x0000000083300000, 0x0000000083300000, 0x0000000083400000|  0%| F|  |TAMS 0x0000000083300000, 0x0000000083300000| Untracked 
|  52|0x0000000083400000, 0x0000000083400000, 0x0000000083500000|  0%| F|  |TAMS 0x0000000083400000, 0x0000000083400000| Untracked 
|  53|0x0000000083500000, 0x0000000083500000, 0x0000000083600000|  0%| F|  |TAMS 0x0000000083500000, 0x0000000083500000| Untracked 
|  54|0x0000000083600000, 0x0000000083600000, 0x0000000083700000|  0%| F|  |TAMS 0x0000000083600000, 0x0000000083600000| Untracked 
|  55|0x0000000083700000, 0x0000000083700000, 0x0000000083800000|  0%| F|  |TAMS 0x0000000083700000, 0x0000000083700000| Untracked 
|  56|0x0000000083800000, 0x0000000083800000, 0x0000000083900000|  0%| F|  |TAMS 0x0000000083800000, 0x0000000083800000| Untracked 
|  57|0x0000000083900000, 0x0000000083900000, 0x0000000083a00000|  0%| F|  |TAMS 0x0000000083900000, 0x0000000083900000| Untracked 
|  58|0x0000000083a00000, 0x0000000083a00000, 0x0000000083b00000|  0%| F|  |TAMS 0x0000000083a00000, 0x0000000083a00000| Untracked 
|  59|0x0000000083b00000, 0x0000000083b00000, 0x0000000083c00000|  0%| F|  |TAMS 0x0000000083b00000, 0x0000000083b00000| Untracked 
|  60|0x0000000083c00000, 0x0000000083c00000, 0x0000000083d00000|  0%| F|  |TAMS 0x0000000083c00000, 0x0000000083c00000| Untracked 
|  61|0x0000000083d00000, 0x0000000083d00000, 0x0000000083e00000|  0%| F|  |TAMS 0x0000000083d00000, 0x0000000083d00000| Untracked 
|  62|0x0000000083e00000, 0x0000000083e00000, 0x0000000083f00000|  0%| F|  |TAMS 0x0000000083e00000, 0x0000000083e00000| Untracked 
|  63|0x0000000083f00000, 0x0000000083f00000, 0x0000000084000000|  0%| F|  |TAMS 0x0000000083f00000, 0x0000000083f00000| Untracked 
|  64|0x0000000084000000, 0x0000000084000000, 0x0000000084100000|  0%| F|  |TAMS 0x0000000084000000, 0x0000000084000000| Untracked 
|  65|0x0000000084100000, 0x0000000084100000, 0x0000000084200000|  0%| F|  |TAMS 0x0000000084100000, 0x0000000084100000| Untracked 
|  66|0x0000000084200000, 0x0000000084200000, 0x0000000084300000|  0%| F|  |TAMS 0x0000000084200000, 0x0000000084200000| Untracked 
|  67|0x0000000084300000, 0x0000000084300000, 0x0000000084400000|  0%| F|  |TAMS 0x0000000084300000, 0x0000000084300000| Untracked 
|  68|0x0000000084400000, 0x0000000084400000, 0x0000000084500000|  0%| F|  |TAMS 0x0000000084400000, 0x0000000084400000| Untracked 
|  69|0x0000000084500000, 0x0000000084500000, 0x0000000084600000|  0%| F|  |TAMS 0x0000000084500000, 0x0000000084500000| Untracked 
|  70|0x0000000084600000, 0x0000000084600000, 0x0000000084700000|  0%| F|  |TAMS 0x0000000084600000, 0x0000000084600000| Untracked 
|  71|0x0000000084700000, 0x0000000084700000, 0x0000000084800000|  0%| F|  |TAMS 0x0000000084700000, 0x0000000084700000| Untracked 
|  72|0x0000000084800000, 0x0000000084800000, 0x0000000084900000|  0%| F|  |TAMS 0x0000000084800000, 0x0000000084800000| Untracked 
|  73|0x0000000084900000, 0x0000000084900000, 0x0000000084a00000|  0%| F|  |TAMS 0x0000000084900000, 0x0000000084900000| Untracked 
|  74|0x0000000084a00000, 0x0000000084a00000, 0x0000000084b00000|  0%| F|  |TAMS 0x0000000084a00000, 0x0000000084a00000| Untracked 
|  75|0x0000000084b00000, 0x0000000084b00000, 0x0000000084c00000|  0%| F|  |TAMS 0x0000000084b00000, 0x0000000084b00000| Untracked 
|  76|0x0000000084c00000, 0x0000000084c00000, 0x0000000084d00000|  0%| F|  |TAMS 0x0000000084c00000, 0x0000000084c00000| Untracked 
|  77|0x0000000084d00000, 0x0000000084d00000, 0x0000000084e00000|  0%| F|  |TAMS 0x0000000084d00000, 0x0000000084d00000| Untracked 
|  78|0x0000000084e00000, 0x0000000084e00000, 0x0000000084f00000|  0%| F|  |TAMS 0x0000000084e00000, 0x0000000084e00000| Untracked 
|  79|0x0000000084f00000, 0x0000000084f00000, 0x0000000085000000|  0%| F|  |TAMS 0x0000000084f00000, 0x0000000084f00000| Untracked 
|  80|0x0000000085000000, 0x0000000085000000, 0x0000000085100000|  0%| F|  |TAMS 0x0000000085000000, 0x0000000085000000| Untracked 
|  81|0x0000000085100000, 0x0000000085100000, 0x0000000085200000|  0%| F|  |TAMS 0x0000000085100000, 0x0000000085100000| Untracked 
|  82|0x0000000085200000, 0x0000000085200000, 0x0000000085300000|  0%| F|  |TAMS 0x0000000085200000, 0x0000000085200000| Untracked 
|  83|0x0000000085300000, 0x0000000085300000, 0x0000000085400000|  0%| F|  |TAMS 0x0000000085300000, 0x0000000085300000| Untracked 
|  84|0x0000000085400000, 0x0000000085400000, 0x0000000085500000|  0%| F|  |TAMS 0x0000000085400000, 0x0000000085400000| Untracked 
|  85|0x0000000085500000, 0x0000000085500000, 0x0000000085600000|  0%| F|  |TAMS 0x0000000085500000, 0x0000000085500000| Untracked 
|  86|0x0000000085600000, 0x0000000085600000, 0x0000000085700000|  0%| F|  |TAMS 0x0000000085600000, 0x0000000085600000| Untracked 
|  87|0x0000000085700000, 0x0000000085700000, 0x0000000085800000|  0%| F|  |TAMS 0x0000000085700000, 0x0000000085700000| Untracked 
|  88|0x0000000085800000, 0x0000000085800000, 0x0000000085900000|  0%| F|  |TAMS 0x0000000085800000, 0x0000000085800000| Untracked 
|  89|0x0000000085900000, 0x0000000085900000, 0x0000000085a00000|  0%| F|  |TAMS 0x0000000085900000, 0x0000000085900000| Untracked 
|  90|0x0000000085a00000, 0x0000000085a00000, 0x0000000085b00000|  0%| F|  |TAMS 0x0000000085a00000, 0x0000000085a00000| Untracked 
|  91|0x0000000085b00000, 0x0000000085b00000, 0x0000000085c00000|  0%| F|  |TAMS 0x0000000085b00000, 0x0000000085b00000| Untracked 
|  92|0x0000000085c00000, 0x0000000085c00000, 0x0000000085d00000|  0%| F|  |TAMS 0x0000000085c00000, 0x0000000085c00000| Untracked 
|  93|0x0000000085d00000, 0x0000000085d00000, 0x0000000085e00000|  0%| F|  |TAMS 0x0000000085d00000, 0x0000000085d00000| Untracked 
|  94|0x0000000085e00000, 0x0000000085e7d550, 0x0000000085f00000| 48%| S|CS|TAMS 0x0000000085e00000, 0x0000000085e00000| Complete 
|  95|0x0000000085f00000, 0x0000000086000000, 0x0000000086000000|100%| S|CS|TAMS 0x0000000085f00000, 0x0000000085f00000| Complete 
|  96|0x0000000086000000, 0x0000000086100000, 0x0000000086100000|100%| S|CS|TAMS 0x0000000086000000, 0x0000000086000000| Complete 
|  97|0x0000000086100000, 0x0000000086200000, 0x0000000086200000|100%| S|CS|TAMS 0x0000000086100000, 0x0000000086100000| Complete 
|  98|0x0000000086200000, 0x0000000086300000, 0x0000000086300000|100%| S|CS|TAMS 0x0000000086200000, 0x0000000086200000| Complete 
|  99|0x0000000086300000, 0x0000000086400000, 0x0000000086400000|100%| S|CS|TAMS 0x0000000086300000, 0x0000000086300000| Complete 
| 100|0x0000000086400000, 0x0000000086500000, 0x0000000086500000|100%| S|CS|TAMS 0x0000000086400000, 0x0000000086400000| Complete 
| 101|0x0000000086500000, 0x0000000086500000, 0x0000000086600000|  0%| F|  |TAMS 0x0000000086500000, 0x0000000086500000| Untracked 
| 102|0x0000000086600000, 0x0000000086600000, 0x0000000086700000|  0%| F|  |TAMS 0x0000000086600000, 0x0000000086600000| Untracked 
| 103|0x0000000086700000, 0x0000000086700000, 0x0000000086800000|  0%| F|  |TAMS 0x0000000086700000, 0x0000000086700000| Untracked 
| 104|0x0000000086800000, 0x0000000086800000, 0x0000000086900000|  0%| F|  |TAMS 0x0000000086800000, 0x0000000086800000| Untracked 
| 105|0x0000000086900000, 0x0000000086900000, 0x0000000086a00000|  0%| F|  |TAMS 0x0000000086900000, 0x0000000086900000| Untracked 
| 106|0x0000000086a00000, 0x0000000086a00000, 0x0000000086b00000|  0%| F|  |TAMS 0x0000000086a00000, 0x0000000086a00000| Untracked 
| 107|0x0000000086b00000, 0x0000000086b00000, 0x0000000086c00000|  0%| F|  |TAMS 0x0000000086b00000, 0x0000000086b00000| Untracked 
| 108|0x0000000086c00000, 0x0000000086c00000, 0x0000000086d00000|  0%| F|  |TAMS 0x0000000086c00000, 0x0000000086c00000| Untracked 
| 109|0x0000000086d00000, 0x0000000086d00000, 0x0000000086e00000|  0%| F|  |TAMS 0x0000000086d00000, 0x0000000086d00000| Untracked 
| 110|0x0000000086e00000, 0x0000000086e00000, 0x0000000086f00000|  0%| F|  |TAMS 0x0000000086e00000, 0x0000000086e00000| Untracked 
| 111|0x0000000086f00000, 0x0000000086f00000, 0x0000000087000000|  0%| F|  |TAMS 0x0000000086f00000, 0x0000000086f00000| Untracked 
| 112|0x0000000087000000, 0x0000000087000000, 0x0000000087100000|  0%| F|  |TAMS 0x0000000087000000, 0x0000000087000000| Untracked 
| 113|0x0000000087100000, 0x0000000087100000, 0x0000000087200000|  0%| F|  |TAMS 0x0000000087100000, 0x0000000087100000| Untracked 
| 114|0x0000000087200000, 0x0000000087200000, 0x0000000087300000|  0%| F|  |TAMS 0x0000000087200000, 0x0000000087200000| Untracked 
| 115|0x0000000087300000, 0x0000000087300000, 0x0000000087400000|  0%| F|  |TAMS 0x0000000087300000, 0x0000000087300000| Untracked 
| 116|0x0000000087400000, 0x0000000087400000, 0x0000000087500000|  0%| F|  |TAMS 0x0000000087400000, 0x0000000087400000| Untracked 
| 117|0x0000000087500000, 0x0000000087500000, 0x0000000087600000|  0%| F|  |TAMS 0x0000000087500000, 0x0000000087500000| Untracked 
| 118|0x0000000087600000, 0x0000000087600000, 0x0000000087700000|  0%| F|  |TAMS 0x0000000087600000, 0x0000000087600000| Untracked 
| 119|0x0000000087700000, 0x0000000087700000, 0x0000000087800000|  0%| F|  |TAMS 0x0000000087700000, 0x0000000087700000| Untracked 
| 120|0x0000000087800000, 0x0000000087800000, 0x0000000087900000|  0%| F|  |TAMS 0x0000000087800000, 0x0000000087800000| Untracked 
| 121|0x0000000087900000, 0x0000000087900000, 0x0000000087a00000|  0%| F|  |TAMS 0x0000000087900000, 0x0000000087900000| Untracked 
| 122|0x0000000087a00000, 0x0000000087a00000, 0x0000000087b00000|  0%| F|  |TAMS 0x0000000087a00000, 0x0000000087a00000| Untracked 
| 123|0x0000000087b00000, 0x0000000087b00000, 0x0000000087c00000|  0%| F|  |TAMS 0x0000000087b00000, 0x0000000087b00000| Untracked 
| 124|0x0000000087c00000, 0x0000000087c00000, 0x0000000087d00000|  0%| F|  |TAMS 0x0000000087c00000, 0x0000000087c00000| Untracked 
| 125|0x0000000087d00000, 0x0000000087d00000, 0x0000000087e00000|  0%| F|  |TAMS 0x0000000087d00000, 0x0000000087d00000| Untracked 
| 126|0x0000000087e00000, 0x0000000087e00000, 0x0000000087f00000|  0%| F|  |TAMS 0x0000000087e00000, 0x0000000087e00000| Untracked 
| 127|0x0000000087f00000, 0x0000000087f00000, 0x0000000088000000|  0%| F|  |TAMS 0x0000000087f00000, 0x0000000087f00000| Untracked 
| 128|0x0000000088000000, 0x0000000088000000, 0x0000000088100000|  0%| F|  |TAMS 0x0000000088000000, 0x0000000088000000| Untracked 
| 129|0x0000000088100000, 0x0000000088100000, 0x0000000088200000|  0%| F|  |TAMS 0x0000000088100000, 0x0000000088100000| Untracked 
| 130|0x0000000088200000, 0x0000000088200000, 0x0000000088300000|  0%| F|  |TAMS 0x0000000088200000, 0x0000000088200000| Untracked 
| 131|0x0000000088300000, 0x0000000088300000, 0x0000000088400000|  0%| F|  |TAMS 0x0000000088300000, 0x0000000088300000| Untracked 
| 132|0x0000000088400000, 0x0000000088400000, 0x0000000088500000|  0%| F|  |TAMS 0x0000000088400000, 0x0000000088400000| Untracked 
| 133|0x0000000088500000, 0x0000000088500000, 0x0000000088600000|  0%| F|  |TAMS 0x0000000088500000, 0x0000000088500000| Untracked 
| 134|0x0000000088600000, 0x0000000088600000, 0x0000000088700000|  0%| F|  |TAMS 0x0000000088600000, 0x0000000088600000| Untracked 
| 135|0x0000000088700000, 0x0000000088700000, 0x0000000088800000|  0%| F|  |TAMS 0x0000000088700000, 0x0000000088700000| Untracked 
| 136|0x0000000088800000, 0x0000000088800000, 0x0000000088900000|  0%| F|  |TAMS 0x0000000088800000, 0x0000000088800000| Untracked 
| 137|0x0000000088900000, 0x0000000088900000, 0x0000000088a00000|  0%| F|  |TAMS 0x0000000088900000, 0x0000000088900000| Untracked 
| 138|0x0000000088a00000, 0x0000000088a00000, 0x0000000088b00000|  0%| F|  |TAMS 0x0000000088a00000, 0x0000000088a00000| Untracked 
| 139|0x0000000088b00000, 0x0000000088b00000, 0x0000000088c00000|  0%| F|  |TAMS 0x0000000088b00000, 0x0000000088b00000| Untracked 
| 140|0x0000000088c00000, 0x0000000088c00000, 0x0000000088d00000|  0%| F|  |TAMS 0x0000000088c00000, 0x0000000088c00000| Untracked 
| 141|0x0000000088d00000, 0x0000000088d00000, 0x0000000088e00000|  0%| F|  |TAMS 0x0000000088d00000, 0x0000000088d00000| Untracked 
| 142|0x0000000088e00000, 0x0000000088e00000, 0x0000000088f00000|  0%| F|  |TAMS 0x0000000088e00000, 0x0000000088e00000| Untracked 
| 143|0x0000000088f00000, 0x0000000088f00000, 0x0000000089000000|  0%| F|  |TAMS 0x0000000088f00000, 0x0000000088f00000| Untracked 
| 144|0x0000000089000000, 0x0000000089000000, 0x0000000089100000|  0%| F|  |TAMS 0x0000000089000000, 0x0000000089000000| Untracked 
| 145|0x0000000089100000, 0x0000000089100000, 0x0000000089200000|  0%| F|  |TAMS 0x0000000089100000, 0x0000000089100000| Untracked 
| 146|0x0000000089200000, 0x0000000089200000, 0x0000000089300000|  0%| F|  |TAMS 0x0000000089200000, 0x0000000089200000| Untracked 
| 147|0x0000000089300000, 0x0000000089300000, 0x0000000089400000|  0%| F|  |TAMS 0x0000000089300000, 0x0000000089300000| Untracked 
| 148|0x0000000089400000, 0x0000000089400000, 0x0000000089500000|  0%| F|  |TAMS 0x0000000089400000, 0x0000000089400000| Untracked 
| 149|0x0000000089500000, 0x0000000089500000, 0x0000000089600000|  0%| F|  |TAMS 0x0000000089500000, 0x0000000089500000| Untracked 
| 150|0x0000000089600000, 0x0000000089600000, 0x0000000089700000|  0%| F|  |TAMS 0x0000000089600000, 0x0000000089600000| Untracked 
| 151|0x0000000089700000, 0x0000000089700000, 0x0000000089800000|  0%| F|  |TAMS 0x0000000089700000, 0x0000000089700000| Untracked 
| 152|0x0000000089800000, 0x0000000089800000, 0x0000000089900000|  0%| F|  |TAMS 0x0000000089800000, 0x0000000089800000| Untracked 
| 153|0x0000000089900000, 0x0000000089900000, 0x0000000089a00000|  0%| F|  |TAMS 0x0000000089900000, 0x0000000089900000| Untracked 
| 154|0x0000000089a00000, 0x0000000089a00000, 0x0000000089b00000|  0%| F|  |TAMS 0x0000000089a00000, 0x0000000089a00000| Untracked 
| 155|0x0000000089b00000, 0x0000000089b00000, 0x0000000089c00000|  0%| F|  |TAMS 0x0000000089b00000, 0x0000000089b00000| Untracked 
| 156|0x0000000089c00000, 0x0000000089c00000, 0x0000000089d00000|  0%| F|  |TAMS 0x0000000089c00000, 0x0000000089c00000| Untracked 
| 157|0x0000000089d00000, 0x0000000089d00000, 0x0000000089e00000|  0%| F|  |TAMS 0x0000000089d00000, 0x0000000089d00000| Untracked 
| 158|0x0000000089e00000, 0x0000000089e00000, 0x0000000089f00000|  0%| F|  |TAMS 0x0000000089e00000, 0x0000000089e00000| Untracked 
| 159|0x0000000089f00000, 0x0000000089f00000, 0x000000008a000000|  0%| F|  |TAMS 0x0000000089f00000, 0x0000000089f00000| Untracked 
| 160|0x000000008a000000, 0x000000008a000000, 0x000000008a100000|  0%| F|  |TAMS 0x000000008a000000, 0x000000008a000000| Untracked 
| 161|0x000000008a100000, 0x000000008a100000, 0x000000008a200000|  0%| F|  |TAMS 0x000000008a100000, 0x000000008a100000| Untracked 
| 162|0x000000008a200000, 0x000000008a200000, 0x000000008a300000|  0%| F|  |TAMS 0x000000008a200000, 0x000000008a200000| Untracked 
| 163|0x000000008a300000, 0x000000008a300000, 0x000000008a400000|  0%| F|  |TAMS 0x000000008a300000, 0x000000008a300000| Untracked 
| 164|0x000000008a400000, 0x000000008a400000, 0x000000008a500000|  0%| F|  |TAMS 0x000000008a400000, 0x000000008a400000| Untracked 
| 165|0x000000008a500000, 0x000000008a500000, 0x000000008a600000|  0%| F|  |TAMS 0x000000008a500000, 0x000000008a500000| Untracked 
| 166|0x000000008a600000, 0x000000008a600000, 0x000000008a700000|  0%| F|  |TAMS 0x000000008a600000, 0x000000008a600000| Untracked 
| 167|0x000000008a700000, 0x000000008a700000, 0x000000008a800000|  0%| F|  |TAMS 0x000000008a700000, 0x000000008a700000| Untracked 
| 168|0x000000008a800000, 0x000000008a800000, 0x000000008a900000|  0%| F|  |TAMS 0x000000008a800000, 0x000000008a800000| Untracked 
| 169|0x000000008a900000, 0x000000008a900000, 0x000000008aa00000|  0%| F|  |TAMS 0x000000008a900000, 0x000000008a900000| Untracked 
| 170|0x000000008aa00000, 0x000000008aa00000, 0x000000008ab00000|  0%| F|  |TAMS 0x000000008aa00000, 0x000000008aa00000| Untracked 
| 171|0x000000008ab00000, 0x000000008ab00000, 0x000000008ac00000|  0%| F|  |TAMS 0x000000008ab00000, 0x000000008ab00000| Untracked 
| 172|0x000000008ac00000, 0x000000008ac00000, 0x000000008ad00000|  0%| F|  |TAMS 0x000000008ac00000, 0x000000008ac00000| Untracked 
| 173|0x000000008ad00000, 0x000000008ad00000, 0x000000008ae00000|  0%| F|  |TAMS 0x000000008ad00000, 0x000000008ad00000| Untracked 
| 174|0x000000008ae00000, 0x000000008ae00000, 0x000000008af00000|  0%| F|  |TAMS 0x000000008ae00000, 0x000000008ae00000| Untracked 
| 175|0x000000008af00000, 0x000000008af00000, 0x000000008b000000|  0%| F|  |TAMS 0x000000008af00000, 0x000000008af00000| Untracked 
| 176|0x000000008b000000, 0x000000008b000000, 0x000000008b100000|  0%| F|  |TAMS 0x000000008b000000, 0x000000008b000000| Untracked 
| 177|0x000000008b100000, 0x000000008b100000, 0x000000008b200000|  0%| F|  |TAMS 0x000000008b100000, 0x000000008b100000| Untracked 
| 178|0x000000008b200000, 0x000000008b200000, 0x000000008b300000|  0%| F|  |TAMS 0x000000008b200000, 0x000000008b200000| Untracked 
| 179|0x000000008b300000, 0x000000008b300000, 0x000000008b400000|  0%| F|  |TAMS 0x000000008b300000, 0x000000008b300000| Untracked 
| 180|0x000000008b400000, 0x000000008b400000, 0x000000008b500000|  0%| F|  |TAMS 0x000000008b400000, 0x000000008b400000| Untracked 
| 181|0x000000008b500000, 0x000000008b500000, 0x000000008b600000|  0%| F|  |TAMS 0x000000008b500000, 0x000000008b500000| Untracked 
| 182|0x000000008b600000, 0x000000008b600000, 0x000000008b700000|  0%| F|  |TAMS 0x000000008b600000, 0x000000008b600000| Untracked 
| 183|0x000000008b700000, 0x000000008b700000, 0x000000008b800000|  0%| F|  |TAMS 0x000000008b700000, 0x000000008b700000| Untracked 
| 184|0x000000008b800000, 0x000000008b800000, 0x000000008b900000|  0%| F|  |TAMS 0x000000008b800000, 0x000000008b800000| Untracked 

Card table byte_map: [0x00000299af3d0000,0x00000299af7d0000] _byte_map_base: 0x00000299aefd0000

Marking Bits (Prev, Next): (CMBitMap*) 0x000002999a6e7780, (CMBitMap*) 0x000002999a6e7748
 Prev Bits: [0x00000299b1bd0000, 0x00000299b3bd0000)
 Next Bits: [0x00000299afbd0000, 0x00000299b1bd0000)

Polling page: 0x000002999f980000

Metaspace:

Usage:
  Non-class:     58.44 MB capacity,    57.30 MB ( 98%) used,   980.91 KB (  2%) free+waste,   186.38 KB ( <1%) overhead. 
      Class:      8.92 MB capacity,     8.26 MB ( 93%) used,   590.40 KB (  6%) free+waste,    87.88 KB ( <1%) overhead. 
       Both:     67.36 MB capacity,    65.56 MB ( 97%) used,     1.53 MB (  2%) free+waste,   274.25 KB ( <1%) overhead. 

Virtual space:
  Non-class space:       60.00 MB reserved,      58.50 MB ( 98%) committed 
      Class space:        1.00 GB reserved,       8.95 MB ( <1%) committed 
             Both:        1.06 GB reserved,      67.45 MB (  6%) committed 

Chunk freelists:
   Non-Class:  57.00 KB
       Class:  19.00 KB
        Both:  76.00 KB

MaxMetaspaceSize: 17179869184.00 GB
CompressedClassSpaceSize: 1.00 GB
Initial GC threshold: 20.80 MB
Current GC threshold: 98.46 MB
CDS: off

CodeHeap 'non-profiled nmethods': size=120064Kb used=5300Kb max_used=5300Kb free=114763Kb
 bounds [0x00000299a7460000, 0x00000299a7990000, 0x00000299ae9a0000]
CodeHeap 'profiled nmethods': size=120000Kb used=16599Kb max_used=16599Kb free=103401Kb
 bounds [0x000002999ff30000, 0x00000299a0f70000, 0x00000299a7460000]
CodeHeap 'non-nmethods': size=5696Kb used=2356Kb max_used=2394Kb free=3339Kb
 bounds [0x000002999f9a0000, 0x000002999fc10000, 0x000002999ff30000]
 total_blobs=8460 nmethods=7587 adapters=785
 compilation: enabled
              stopped_count=0, restarted_count=0
 full_count=0

Compilation events (20 events):
Event: 19.044 Thread 0x00000299b625c000 7735       3       com.sun.beans.util.Cache$Kind$Soft::isStale (14 bytes)
Event: 19.045 Thread 0x00000299b625c000 nmethod 7735 0x00000299a0f63d10 code [0x00000299a0f63ee0, 0x00000299a0f641d8]
Event: 19.048 Thread 0x00000299b625c000 7736       1       groovy.lang.GroovyObjectSupport::getMetaClass (5 bytes)
Event: 19.049 Thread 0x00000299b625c000 nmethod 7736 0x00000299a7989e90 code [0x00000299a798a040, 0x00000299a798a0f8]
Event: 19.056 Thread 0x00000299ba9a5800 nmethod 7723 0x00000299a798a190 code [0x00000299a798a380, 0x00000299a798ad48]
Event: 19.056 Thread 0x00000299ba9a5800 7715       4       java.util.LinkedList::add (7 bytes)
Event: 19.064 Thread 0x00000299ba9a5800 nmethod 7715 0x00000299a798b110 code [0x00000299a798b2a0, 0x00000299a798b798]
Event: 19.064 Thread 0x00000299ba9a5800 7729       4       java.util.LinkedList$Node::<init> (20 bytes)
Event: 19.066 Thread 0x00000299b625c000 7737       3       java.lang.NoSuchMethodException::<init> (6 bytes)
Event: 19.066 Thread 0x00000299b625c000 nmethod 7737 0x00000299a0f64290 code [0x00000299a0f64460, 0x00000299a0f64648]
Event: 19.066 Thread 0x00000299b625c000 7738       3       java.lang.Class::methodToString (98 bytes)
Event: 19.068 Thread 0x00000299b625c000 nmethod 7738 0x00000299a0f64710 code [0x00000299a0f64a00, 0x00000299a0f65718]
Event: 19.068 Thread 0x00000299ba9a5800 nmethod 7729 0x00000299a798b890 code [0x00000299a798ba20, 0x00000299a798bcd8]
Event: 19.068 Thread 0x00000299ba9a5800 7734       4       java.lang.reflect.Type::getTypeName (5 bytes)
Event: 19.068 Thread 0x00000299ba9a5800 nmethod 7734 0x00000299a798bd90 code [0x00000299a798bf20, 0x00000299a798bf98]
Event: 19.069 Thread 0x00000299ba9a5800 7683       4       java.util.Arrays::stream (8 bytes)
Event: 19.076 Thread 0x00000299ba9a5800 nmethod 7683 0x00000299a798c090 code [0x00000299a798c240, 0x00000299a798c658]
Event: 19.076 Thread 0x00000299ba9a5800 7684       4       java.util.Arrays::stream (11 bytes)
Event: 19.084 Thread 0x00000299ba9a5800 nmethod 7684 0x00000299a798c810 code [0x00000299a798c9c0, 0x00000299a798ce38]
Event: 19.084 Thread 0x00000299ba9a5800 7685       4       java.util.Arrays::spliterator (10 bytes)

GC Heap History (20 events):
Event: 10.791 GC heap after
{Heap after GC invocations=10 (full 0):
 garbage-first heap   total 157696K, used 22478K [0x0000000080000000, 0x0000000100000000)
  region size 1024K, 8 young (8192K), 8 survivors (8192K)
 Metaspace       used 34905K, capacity 35718K, committed 35840K, reserved 1081344K
  class space    used 4573K, capacity 4912K, committed 4992K, reserved 1048576K
}
Event: 11.518 GC heap before
{Heap before GC invocations=11 (full 0):
 garbage-first heap   total 157696K, used 107470K [0x0000000080000000, 0x0000000100000000)
  region size 1024K, 92 young (94208K), 8 survivors (8192K)
 Metaspace       used 39413K, capacity 40410K, committed 40576K, reserved 1085440K
  class space    used 5014K, capacity 5389K, committed 5504K, reserved 1048576K
}
Event: 11.532 GC heap after
{Heap after GC invocations=12 (full 0):
 garbage-first heap   total 157696K, used 25153K [0x0000000080000000, 0x0000000100000000)
  region size 1024K, 9 young (9216K), 9 survivors (9216K)
 Metaspace       used 39413K, capacity 40410K, committed 40576K, reserved 1085440K
  class space    used 5014K, capacity 5389K, committed 5504K, reserved 1048576K
}
Event: 12.310 GC heap before
{Heap before GC invocations=12 (full 0):
 garbage-first heap   total 157696K, used 120385K [0x0000000080000000, 0x0000000100000000)
  region size 1024K, 92 young (94208K), 9 survivors (9216K)
 Metaspace       used 41927K, capacity 43013K, committed 43136K, reserved 1087488K
  class space    used 5268K, capacity 5657K, committed 5760K, reserved 1048576K
}
Event: 12.336 GC heap after
{Heap after GC invocations=13 (full 0):
 garbage-first heap   total 157696K, used 28275K [0x0000000080000000, 0x0000000100000000)
  region size 1024K, 9 young (9216K), 9 survivors (9216K)
 Metaspace       used 41927K, capacity 43013K, committed 43136K, reserved 1087488K
  class space    used 5268K, capacity 5657K, committed 5760K, reserved 1048576K
}
Event: 13.075 GC heap before
{Heap before GC invocations=13 (full 0):
 garbage-first heap   total 157696K, used 114291K [0x0000000080000000, 0x0000000100000000)
  region size 1024K, 92 young (94208K), 9 survivors (9216K)
 Metaspace       used 44967K, capacity 46162K, committed 46336K, reserved 1089536K
  class space    used 5714K, capacity 6132K, committed 6144K, reserved 1048576K
}
Event: 13.095 GC heap after
{Heap after GC invocations=14 (full 0):
 garbage-first heap   total 189440K, used 35134K [0x0000000080000000, 0x0000000100000000)
  region size 1024K, 11 young (11264K), 11 survivors (11264K)
 Metaspace       used 44967K, capacity 46162K, committed 46336K, reserved 1089536K
  class space    used 5714K, capacity 6132K, committed 6144K, reserved 1048576K
}
Event: 14.056 GC heap before
{Heap before GC invocations=14 (full 0):
 garbage-first heap   total 189440K, used 138558K [0x0000000080000000, 0x0000000100000000)
  region size 1024K, 111 young (113664K), 11 survivors (11264K)
 Metaspace       used 49326K, capacity 50681K, committed 50816K, reserved 1093632K
  class space    used 6263K, capacity 6727K, committed 6784K, reserved 1048576K
}
Event: 14.082 GC heap after
{Heap after GC invocations=15 (full 0):
 garbage-first heap   total 189440K, used 32942K [0x0000000080000000, 0x0000000100000000)
  region size 1024K, 5 young (5120K), 5 survivors (5120K)
 Metaspace       used 49326K, capacity 50681K, committed 50816K, reserved 1093632K
  class space    used 6263K, capacity 6727K, committed 6784K, reserved 1048576K
}
Event: 15.596 GC heap before
{Heap before GC invocations=15 (full 0):
 garbage-first heap   total 189440K, used 143534K [0x0000000080000000, 0x0000000100000000)
  region size 1024K, 111 young (113664K), 5 survivors (5120K)
 Metaspace       used 53223K, capacity 54715K, committed 54912K, reserved 1097728K
  class space    used 6708K, capacity 7237K, committed 7296K, reserved 1048576K
}
Event: 15.607 GC heap after
{Heap after GC invocations=16 (full 0):
 garbage-first heap   total 189440K, used 41721K [0x0000000080000000, 0x0000000100000000)
  region size 1024K, 12 young (12288K), 12 survivors (12288K)
 Metaspace       used 53223K, capacity 54715K, committed 54912K, reserved 1097728K
  class space    used 6708K, capacity 7237K, committed 7296K, reserved 1048576K
}
Event: 16.462 GC heap before
{Heap before GC invocations=16 (full 0):
 garbage-first heap   total 189440K, used 143097K [0x0000000080000000, 0x0000000100000000)
  region size 1024K, 111 young (113664K), 12 survivors (12288K)
 Metaspace       used 58297K, capacity 60036K, committed 60160K, reserved 1101824K
  class space    used 7271K, capacity 7886K, committed 7936K, reserved 1048576K
}
Event: 16.480 GC heap after
{Heap after GC invocations=17 (full 0):
 garbage-first heap   total 189440K, used 43550K [0x0000000080000000, 0x0000000100000000)
  region size 1024K, 2 young (2048K), 2 survivors (2048K)
 Metaspace       used 58297K, capacity 60036K, committed 60160K, reserved 1101824K
  class space    used 7271K, capacity 7886K, committed 7936K, reserved 1048576K
}
Event: 16.512 GC heap before
{Heap before GC invocations=17 (full 0):
 garbage-first heap   total 189440K, used 46622K [0x0000000080000000, 0x0000000100000000)
  region size 1024K, 6 young (6144K), 2 survivors (2048K)
 Metaspace       used 58473K, capacity 60132K, committed 60160K, reserved 1101824K
  class space    used 7307K, capacity 7918K, committed 7936K, reserved 1048576K
}
Event: 16.517 GC heap after
{Heap after GC invocations=18 (full 0):
 garbage-first heap   total 189440K, used 43277K [0x0000000080000000, 0x0000000100000000)
  region size 1024K, 2 young (2048K), 2 survivors (2048K)
 Metaspace       used 58473K, capacity 60132K, committed 60160K, reserved 1101824K
  class space    used 7307K, capacity 7918K, committed 7936K, reserved 1048576K
}
Event: 17.351 GC heap before
{Heap before GC invocations=19 (full 0):
 garbage-first heap   total 189440K, used 126221K [0x0000000080000000, 0x0000000100000000)
  region size 1024K, 78 young (79872K), 2 survivors (2048K)
 Metaspace       used 62214K, capacity 63924K, committed 64076K, reserved 1105920K
  class space    used 7796K, capacity 8419K, committed 8524K, reserved 1048576K
}
Event: 17.362 GC heap after
{Heap after GC invocations=20 (full 0):
 garbage-first heap   total 189440K, used 51926K [0x0000000080000000, 0x0000000100000000)
  region size 1024K, 8 young (8192K), 8 survivors (8192K)
 Metaspace       used 62214K, capacity 63924K, committed 64076K, reserved 1105920K
  class space    used 7796K, capacity 8419K, committed 8524K, reserved 1048576K
}
Event: 18.316 GC heap before
{Heap before GC invocations=20 (full 0):
 garbage-first heap   total 189440K, used 130774K [0x0000000080000000, 0x0000000100000000)
  region size 1024K, 83 young (84992K), 8 survivors (8192K)
 Metaspace       used 65301K, capacity 67066K, committed 67276K, reserved 1107968K
  class space    used 8184K, capacity 8820K, committed 8908K, reserved 1048576K
}
Event: 18.329 GC heap after
{Heap after GC invocations=21 (full 0):
 garbage-first heap   total 189440K, used 49705K [0x0000000080000000, 0x0000000100000000)
  region size 1024K, 3 young (3072K), 3 survivors (3072K)
 Metaspace       used 65301K, capacity 67066K, committed 67276K, reserved 1107968K
  class space    used 8184K, capacity 8820K, committed 8908K, reserved 1048576K
}
Event: 19.086 GC heap before
{Heap before GC invocations=21 (full 0):
 garbage-first heap   total 189440K, used 132649K [0x0000000080000000, 0x0000000100000000)
  region size 1024K, 84 young (86016K), 3 survivors (3072K)
 Metaspace       used 67134K, capacity 68980K, committed 69068K, reserved 1110016K
  class space    used 8454K, capacity 9133K, committed 9164K, reserved 1048576K
}

Deoptimization events (20 events):
Event: 18.616 Thread 0x00000299b72a7800 Uncommon trap: trap_request=0xffffff4d fr.pc=0x00000299a74a0bd4 relative=0x0000000000000034
Event: 18.616 Thread 0x00000299b72a7800 Uncommon trap: reason=unstable_if action=reinterpret pc=0x00000299a74a0bd4 method=java.lang.StringLatin1.canEncode(I)Z @ 4 c2
Event: 18.616 Thread 0x00000299b72a7800 DEOPT PACKING pc=0x00000299a74a0bd4 sp=0x000000cc548f5ea0
Event: 18.616 Thread 0x00000299b72a7800 DEOPT UNPACKING pc=0x000002999f9ea1af sp=0x000000cc548f5e30 mode 2
Event: 18.688 Thread 0x00000299b72a7800 Uncommon trap: trap_request=0xffffff4d fr.pc=0x00000299a795caa4 relative=0x0000000000002084
Event: 18.688 Thread 0x00000299b72a7800 Uncommon trap: reason=unstable_if action=reinterpret pc=0x00000299a795caa4 method=java.util.concurrent.ConcurrentHashMap.computeIfAbsent(Ljava/lang/Object;Ljava/util/function/Function;)Ljava/lang/Object; @ 364 c2
Event: 18.688 Thread 0x00000299b72a7800 DEOPT PACKING pc=0x00000299a795caa4 sp=0x000000cc548f7390
Event: 18.688 Thread 0x00000299b72a7800 DEOPT UNPACKING pc=0x000002999f9ea1af sp=0x000000cc548f7318 mode 2
Event: 18.744 Thread 0x00000299b72a7800 Uncommon trap: trap_request=0xffffff4d fr.pc=0x00000299a7875a70 relative=0x0000000000000bb0
Event: 18.744 Thread 0x00000299b72a7800 Uncommon trap: reason=unstable_if action=reinterpret pc=0x00000299a7875a70 method=java.lang.ClassLoader.loadClass(Ljava/lang/String;Z)Ljava/lang/Class; @ 29 c2
Event: 18.744 Thread 0x00000299b72a7800 DEOPT PACKING pc=0x00000299a7875a70 sp=0x000000cc548f6760
Event: 18.744 Thread 0x00000299b72a7800 DEOPT UNPACKING pc=0x000002999f9ea1af sp=0x000000cc548f6728 mode 2
Event: 18.959 Thread 0x00000299b72a7800 Uncommon trap: trap_request=0xfffffff4 fr.pc=0x00000299a7984bf4 relative=0x0000000000000cd4
Event: 18.959 Thread 0x00000299b72a7800 Uncommon trap: reason=null_check action=make_not_entrant pc=0x00000299a7984bf4 method=java.lang.PublicMethods$MethodList.getMostSpecific()Ljava/lang/reflect/Method; @ 41 c2
Event: 18.959 Thread 0x00000299b72a7800 DEOPT PACKING pc=0x00000299a7984bf4 sp=0x000000cc548f4eb0
Event: 18.959 Thread 0x00000299b72a7800 DEOPT UNPACKING pc=0x000002999f9ea1af sp=0x000000cc548f4d90 mode 2
Event: 19.039 Thread 0x00000299b72a7800 Uncommon trap: trap_request=0xffffffde fr.pc=0x00000299a7713ba8 relative=0x00000000000009c8
Event: 19.039 Thread 0x00000299b72a7800 Uncommon trap: reason=class_check action=maybe_recompile pc=0x00000299a7713ba8 method=java.util.WeakHashMap.eq(Ljava/lang/Object;Ljava/lang/Object;)Z @ 7 c2
Event: 19.039 Thread 0x00000299b72a7800 DEOPT PACKING pc=0x00000299a7713ba8 sp=0x000000cc548f3170
Event: 19.039 Thread 0x00000299b72a7800 DEOPT UNPACKING pc=0x000002999f9ea1af sp=0x000000cc548f30e0 mode 2

Classes redefined (0 events):
No events

Internal exceptions (20 events):
Event: 18.979 Thread 0x00000299b72a7800 Exception <a 'java/lang/ClassNotFoundException'{0x00000000875c08b8}: com/android/build/gradle/internal/dsl/BaseFlavorCustomizer> (0x00000000875c08b8) thrown at [src/hotspot/share/classfile/systemDictionary.cpp, line 230]
Event: 18.984 Thread 0x00000299b72a7800 Exception <a 'java/lang/ClassNotFoundException'{0x0000000087438990}: com/android/build/gradle/internal/dsl/DefaultConfigCustomizer> (0x0000000087438990) thrown at [src/hotspot/share/classfile/systemDictionary.cpp, line 230]
Event: 18.986 Thread 0x00000299b72a7800 Exception <a 'java/lang/ClassNotFoundException'{0x000000008746fa88}: com/android/build/gradle/internal/dsl/DefaultConfig$AgpDecoratedCustomizer> (0x000000008746fa88) thrown at [src/hotspot/share/classfile/systemDictionary.cpp, line 230]
Event: 18.990 Thread 0x00000299b72a7800 Exception <a 'java/lang/ClassNotFoundException'{0x00000000874d62b0}: com/android/build/gradle/internal/dsl/DefaultConfig$AgpDecorated_DecoratedCustomizer> (0x00000000874d62b0) thrown at [src/hotspot/share/classfile/systemDictionary.cpp, line 230]
Event: 19.006 Thread 0x00000299b72a7800 Exception <a 'java/lang/ClassNotFoundException'{0x0000000087265660}: com/android/build/gradle/internal/dsl/ApplicationBuildFeaturesImpl_DecoratedBeanInfo> (0x0000000087265660) thrown at [src/hotspot/share/classfile/systemDictionary.cpp, line 230]
Event: 19.007 Thread 0x00000299b72a7800 Exception <a 'java/lang/ClassNotFoundException'{0x0000000087285000}: com/android/build/gradle/internal/dsl/ApplicationBuildFeaturesImplBeanInfo> (0x0000000087285000) thrown at [src/hotspot/share/classfile/systemDictionary.cpp, line 230]
Event: 19.007 Thread 0x00000299b72a7800 Exception <a 'java/lang/ClassNotFoundException'{0x00000000872a2990}: com/android/build/gradle/internal/dsl/BuildFeaturesImplBeanInfo> (0x00000000872a2990) thrown at [src/hotspot/share/classfile/systemDictionary.cpp, line 230]
Event: 19.008 Thread 0x00000299b72a7800 Exception <a 'java/lang/ClassNotFoundException'{0x00000000872c0358}: com/android/build/gradle/internal/dsl/BuildFeaturesImplCustomizer> (0x00000000872c0358) thrown at [src/hotspot/share/classfile/systemDictionary.cpp, line 230]
Event: 19.008 Thread 0x00000299b72a7800 Exception <a 'java/lang/ClassNotFoundException'{0x00000000872eb2a0}: com/android/build/gradle/internal/dsl/ApplicationBuildFeaturesImplCustomizer> (0x00000000872eb2a0) thrown at [src/hotspot/share/classfile/systemDictionary.cpp, line 230]
Event: 19.009 Thread 0x00000299b72a7800 Exception <a 'java/lang/ClassNotFoundException'{0x0000000087112bd0}: com/android/build/gradle/internal/dsl/ApplicationBuildFeaturesImpl_DecoratedCustomizer> (0x0000000087112bd0) thrown at [src/hotspot/share/classfile/systemDictionary.cpp, line 230]
Event: 19.016 Thread 0x00000299b72a7800 Exception <a 'java/lang/ClassNotFoundException'{0x00000000871ce520}: org/gradle/api/internal/NamedDomainObjectContainerConfigureDelegateBeanInfo> (0x00000000871ce520) thrown at [src/hotspot/share/classfile/systemDictionary.cpp, line 230]
Event: 19.018 Thread 0x00000299b72a7800 Exception <a 'java/lang/ClassNotFoundException'{0x000000008700cb58}: org/gradle/api/internal/NamedDomainObjectContainerConfigureDelegateCustomizer> (0x000000008700cb58) thrown at [src/hotspot/share/classfile/systemDictionary.cpp, line 230]
Event: 19.032 Thread 0x00000299b72a7800 Exception <a 'java/lang/ClassNotFoundException'{0x0000000086e9b720}: org/gradle/api/internal/FactoryNamedDomainObjectContainer_DecoratedBeanInfo> (0x0000000086e9b720) thrown at [src/hotspot/share/classfile/systemDictionary.cpp, line 230]
Event: 19.033 Thread 0x00000299b72a7800 Exception <a 'java/lang/ClassNotFoundException'{0x0000000086ed66e0}: org/gradle/api/internal/FactoryNamedDomainObjectContainerBeanInfo> (0x0000000086ed66e0) thrown at [src/hotspot/share/classfile/systemDictionary.cpp, line 230]
Event: 19.035 Thread 0x00000299b72a7800 Exception <a 'java/lang/ClassNotFoundException'{0x0000000086a12c20}: org/gradle/api/internal/AbstractNamedDomainObjectContainerBeanInfo> (0x0000000086a12c20) thrown at [src/hotspot/share/classfile/systemDictionary.cpp, line 230]
Event: 19.037 Thread 0x00000299b72a7800 Exception <a 'java/lang/ClassNotFoundException'{0x0000000086a4d0a0}: org/gradle/api/internal/DefaultNamedDomainObjectSetBeanInfo> (0x0000000086a4d0a0) thrown at [src/hotspot/share/classfile/systemDictionary.cpp, line 230]
Event: 19.038 Thread 0x00000299b72a7800 Exception <a 'java/lang/ClassNotFoundException'{0x0000000086a878f8}: org/gradle/api/internal/DefaultNamedDomainObjectSetCustomizer> (0x0000000086a878f8) thrown at [src/hotspot/share/classfile/systemDictionary.cpp, line 230]
Event: 19.041 Thread 0x00000299b72a7800 Exception <a 'java/lang/ClassNotFoundException'{0x0000000086ad9018}: org/gradle/api/internal/AbstractNamedDomainObjectContainerCustomizer> (0x0000000086ad9018) thrown at [src/hotspot/share/classfile/systemDictionary.cpp, line 230]
Event: 19.044 Thread 0x00000299b72a7800 Exception <a 'java/lang/ClassNotFoundException'{0x0000000086929798}: org/gradle/api/internal/FactoryNamedDomainObjectContainerCustomizer> (0x0000000086929798) thrown at [src/hotspot/share/classfile/systemDictionary.cpp, line 230]
Event: 19.046 Thread 0x00000299b72a7800 Exception <a 'java/lang/ClassNotFoundException'{0x0000000086972f98}: org/gradle/api/internal/FactoryNamedDomainObjectContainer_DecoratedCustomizer> (0x0000000086972f98) thrown at [src/hotspot/share/classfile/systemDictionary.cpp, line 230]

Events (20 events):
Event: 19.041 loading class org/gradle/api/internal/AbstractNamedDomainObjectContainerCustomizer done
Event: 19.042 loading class org/gradle/api/internal/FactoryNamedDomainObjectContainerCustomizer
Event: 19.042 loading class org/gradle/api/internal/FactoryNamedDomainObjectContainerCustomizer done
Event: 19.043 loading class org/gradle/api/internal/FactoryNamedDomainObjectContainerCustomizer
Event: 19.043 loading class org/gradle/api/internal/FactoryNamedDomainObjectContainerCustomizer done
Event: 19.043 loading class org/gradle/api/internal/FactoryNamedDomainObjectContainerCustomizer
Event: 19.043 loading class org/gradle/api/internal/FactoryNamedDomainObjectContainerCustomizer done
Event: 19.044 loading class org/gradle/api/internal/FactoryNamedDomainObjectContainerCustomizer
Event: 19.044 loading class org/gradle/api/internal/FactoryNamedDomainObjectContainerCustomizer done
Event: 19.045 loading class org/gradle/api/internal/FactoryNamedDomainObjectContainer_DecoratedCustomizer
Event: 19.045 loading class org/gradle/api/internal/FactoryNamedDomainObjectContainer_DecoratedCustomizer done
Event: 19.045 loading class org/gradle/api/internal/FactoryNamedDomainObjectContainer_DecoratedCustomizer
Event: 19.045 loading class org/gradle/api/internal/FactoryNamedDomainObjectContainer_DecoratedCustomizer done
Event: 19.045 loading class org/gradle/api/internal/FactoryNamedDomainObjectContainer_DecoratedCustomizer
Event: 19.045 loading class org/gradle/api/internal/FactoryNamedDomainObjectContainer_DecoratedCustomizer done
Event: 19.046 loading class org/gradle/api/internal/FactoryNamedDomainObjectContainer_DecoratedCustomizer
Event: 19.046 loading class org/gradle/api/internal/FactoryNamedDomainObjectContainer_DecoratedCustomizer done
Event: 19.048 loading class groovy/runtime/metaclass/com/android/build/gradle/internal/dsl/BuildType$AgpDecorated_DecoratedMetaClass
Event: 19.048 loading class groovy/runtime/metaclass/com/android/build/gradle/internal/dsl/BuildType$AgpDecorated_DecoratedMetaClass done
Event: 19.086 Executing VM operation: G1CollectForAllocation


Dynamic libraries:
0x00007ff605dd0000 - 0x00007ff605dda000 	C:\Program Files\Android\Android Studio\jbr\bin\java.exe
0x00007ffe327f0000 - 0x00007ffe329e8000 	C:\WINDOWS\SYSTEM32\ntdll.dll
0x00007ffe31d30000 - 0x00007ffe31def000 	C:\WINDOWS\System32\KERNEL32.DLL
0x00007ffe30000000 - 0x00007ffe302da000 	C:\WINDOWS\System32\KERNELBASE.dll
0x00007ffe2ff00000 - 0x00007ffe30000000 	C:\WINDOWS\System32\ucrtbase.dll
0x00007ffe2baa0000 - 0x00007ffe2bab7000 	C:\Program Files\Android\Android Studio\jbr\bin\jli.dll
0x00007ffe28890000 - 0x00007ffe288ab000 	C:\Program Files\Android\Android Studio\jbr\bin\VCRUNTIME140.dll
0x00007ffe32600000 - 0x00007ffe3279d000 	C:\WINDOWS\System32\USER32.dll
0x00007ffe30780000 - 0x00007ffe307a2000 	C:\WINDOWS\System32\win32u.dll
0x00007ffe1e340000 - 0x00007ffe1e5da000 	C:\WINDOWS\WinSxS\amd64_microsoft.windows.common-controls_6595b64144ccf1df_6.0.19041.1110_none_60b5254171f9507e\COMCTL32.dll
0x00007ffe31400000 - 0x00007ffe3142b000 	C:\WINDOWS\System32\GDI32.dll
0x00007ffe32240000 - 0x00007ffe322de000 	C:\WINDOWS\System32\msvcrt.dll
0x00007ffe303c0000 - 0x00007ffe304d0000 	C:\WINDOWS\System32\gdi32full.dll
0x00007ffe307b0000 - 0x00007ffe3084d000 	C:\WINDOWS\System32\msvcp_win.dll
0x00007ffe30850000 - 0x00007ffe30880000 	C:\WINDOWS\System32\IMM32.DLL
0x00007ffe2cc20000 - 0x00007ffe2cc2c000 	C:\Program Files\Android\Android Studio\jbr\bin\vcruntime140_1.dll
0x00007ffe22740000 - 0x00007ffe227cd000 	C:\Program Files\Android\Android Studio\jbr\bin\msvcp140.dll
0x00007ffdfbb00000 - 0x00007ffdfc6bc000 	C:\Program Files\Android\Android Studio\jbr\bin\server\jvm.dll
0x00007ffe31c80000 - 0x00007ffe31d2e000 	C:\WINDOWS\System32\ADVAPI32.dll
0x00007ffe310f0000 - 0x00007ffe3118c000 	C:\WINDOWS\System32\sechost.dll
0x00007ffe324d0000 - 0x00007ffe325f6000 	C:\WINDOWS\System32\RPCRT4.dll
0x00007ffe30880000 - 0x00007ffe30888000 	C:\WINDOWS\System32\PSAPI.DLL
0x00007ffe2cfe0000 - 0x00007ffe2cfe9000 	C:\WINDOWS\SYSTEM32\WSOCK32.dll
0x00007ffe321d0000 - 0x00007ffe3223b000 	C:\WINDOWS\System32\WS2_32.dll
0x00007ffe1d6c0000 - 0x00007ffe1d6e7000 	C:\WINDOWS\SYSTEM32\WINMM.dll
0x00007ffe209f0000 - 0x00007ffe209fa000 	C:\WINDOWS\SYSTEM32\VERSION.dll
0x00007ffe2e710000 - 0x00007ffe2e722000 	C:\WINDOWS\SYSTEM32\kernel.appcore.dll
0x00007ffe2cfd0000 - 0x00007ffe2cfe0000 	C:\Program Files\Android\Android Studio\jbr\bin\verify.dll
0x00007ffe1bf90000 - 0x00007ffe1c174000 	C:\WINDOWS\SYSTEM32\DBGHELP.DLL
0x00007ffe1bf50000 - 0x00007ffe1bf84000 	C:\WINDOWS\SYSTEM32\dbgcore.DLL
0x00007ffe302e0000 - 0x00007ffe30362000 	C:\WINDOWS\System32\bcryptPrimitives.dll
0x00007ffe2cfa0000 - 0x00007ffe2cfc8000 	C:\Program Files\Android\Android Studio\jbr\bin\java.dll
0x00007ffe2cf90000 - 0x00007ffe2cf9a000 	C:\Program Files\Android\Android Studio\jbr\bin\jimage.dll
0x00007ffe2cf80000 - 0x00007ffe2cf8e000 	C:\Program Files\Android\Android Studio\jbr\bin\instrument.dll
0x00007ffe2ba80000 - 0x00007ffe2ba98000 	C:\Program Files\Android\Android Studio\jbr\bin\zip.dll
0x00007ffe314a0000 - 0x00007ffe31be4000 	C:\WINDOWS\System32\SHELL32.dll
0x00007ffe2deb0000 - 0x00007ffe2e643000 	C:\WINDOWS\SYSTEM32\windows.storage.dll
0x00007ffe31df0000 - 0x00007ffe32144000 	C:\WINDOWS\System32\combase.dll
0x00007ffe2f7a0000 - 0x00007ffe2f7ce000 	C:\WINDOWS\SYSTEM32\Wldp.dll
0x00007ffe308f0000 - 0x00007ffe3099d000 	C:\WINDOWS\System32\SHCORE.dll
0x00007ffe31190000 - 0x00007ffe311e5000 	C:\WINDOWS\System32\shlwapi.dll
0x00007ffe2fe40000 - 0x00007ffe2fe5f000 	C:\WINDOWS\SYSTEM32\profapi.dll
0x00007ffe2cf70000 - 0x00007ffe2cf7a000 	C:\Program Files\Android\Android Studio\jbr\bin\management.dll
0x00007ffe2cc90000 - 0x00007ffe2cc9b000 	C:\Program Files\Android\Android Studio\jbr\bin\management_ext.dll
0x00007ffe2ba60000 - 0x00007ffe2ba79000 	C:\Program Files\Android\Android Studio\jbr\bin\net.dll
0x00007ffe221f0000 - 0x00007ffe222fa000 	C:\WINDOWS\SYSTEM32\WINHTTP.dll
0x00007ffe2f580000 - 0x00007ffe2f5ea000 	C:\WINDOWS\system32\mswsock.dll
0x00007ffe2ba40000 - 0x00007ffe2ba53000 	C:\Program Files\Android\Android Studio\jbr\bin\nio.dll
0x00007ffe1f250000 - 0x00007ffe1f267000 	C:\WINDOWS\system32\napinsp.dll
0x00007ffe24c70000 - 0x00007ffe24c8b000 	C:\WINDOWS\system32\pnrpnsp.dll
0x00007ffe29f30000 - 0x00007ffe29f45000 	C:\WINDOWS\system32\wshbth.dll
0x00007ffe2b1e0000 - 0x00007ffe2b1fd000 	C:\WINDOWS\system32\NLAapi.dll
0x00007ffe2f290000 - 0x00007ffe2f2cc000 	C:\WINDOWS\SYSTEM32\IPHLPAPI.DLL
0x00007ffe2f2d0000 - 0x00007ffe2f39b000 	C:\WINDOWS\SYSTEM32\DNSAPI.dll
0x00007ffe327a0000 - 0x00007ffe327a8000 	C:\WINDOWS\System32\NSI.dll
0x00007ffe28a30000 - 0x00007ffe28a42000 	C:\WINDOWS\System32\winrnr.dll
0x00007ffe20e00000 - 0x00007ffe20e0a000 	C:\Windows\System32\rasadhlp.dll
0x00007ffe21fb0000 - 0x00007ffe22030000 	C:\WINDOWS\System32\fwpuclnt.dll
0x00007ffe30750000 - 0x00007ffe30777000 	C:\WINDOWS\System32\bcrypt.dll
0x00007ffe2afb0000 - 0x00007ffe2afd7000 	C:\Users\shahzaib lptp\AndroidStudioProjects\loginsqlite\native\e1d6ef7f7dcc3fd88c89a11ec53ec762bb8ba0a96d01ffa2cd45eb1d1d8dd5c5\windows-amd64\native-platform.dll
0x00007ffe06460000 - 0x00007ffe065a4000 	C:\Users\shahzaib lptp\AndroidStudioProjects\loginsqlite\native\0d407fdbe67a94daf76414ababcb853783967236a71b16ec16e742cd7a986fd3\windows-amd64\native-platform-file-events.dll
0x00007ffe2fb20000 - 0x00007ffe2fb38000 	C:\WINDOWS\SYSTEM32\CRYPTSP.dll
0x00007ffe2eec0000 - 0x00007ffe2eef4000 	C:\WINDOWS\system32\rsaenh.dll
0x00007ffe2fe00000 - 0x00007ffe2fe2e000 	C:\WINDOWS\SYSTEM32\USERENV.dll
0x00007ffe2f710000 - 0x00007ffe2f71c000 	C:\WINDOWS\SYSTEM32\CRYPTBASE.dll
0x00007ffe23110000 - 0x00007ffe23127000 	C:\WINDOWS\SYSTEM32\dhcpcsvc6.DLL
0x00007ffe230f0000 - 0x00007ffe2310d000 	C:\WINDOWS\SYSTEM32\dhcpcsvc.DLL

dbghelp: loaded successfully - version: 4.0.5 - missing functions: none
symbol engine: initialized successfully - sym options: 0x614 - pdb path: .;C:\Program Files\Android\Android Studio\jbr\bin;C:\WINDOWS\SYSTEM32;C:\WINDOWS\WinSxS\amd64_microsoft.windows.common-controls_6595b64144ccf1df_6.0.19041.1110_none_60b5254171f9507e;C:\Program Files\Android\Android Studio\jbr\bin\server;C:\Users\shahzaib lptp\AndroidStudioProjects\loginsqlite\native\e1d6ef7f7dcc3fd88c89a11ec53ec762bb8ba0a96d01ffa2cd45eb1d1d8dd5c5\windows-amd64;C:\Users\shahzaib lptp\AndroidStudioProjects\loginsqlite\native\0d407fdbe67a94daf76414ababcb853783967236a71b16ec16e742cd7a986fd3\windows-amd64

VM Arguments:
jvm_args: -javaagent:C:\Program Files\Android\Android Studio\plugins\android\resources\trace_agent.jar=C:\Users\SHAHZA~1\AppData\Local\Temp\sync.trace.profile --add-opens=java.base/java.util=ALL-UNNAMED --add-opens=java.base/java.lang=ALL-UNNAMED --add-opens=java.base/java.lang.invoke=ALL-UNNAMED --add-opens=java.base/java.util=ALL-UNNAMED --add-opens=java.prefs/java.util.prefs=ALL-UNNAMED --add-opens=java.prefs/java.util.prefs=ALL-UNNAMED --add-opens=java.base/java.nio.charset=ALL-UNNAMED --add-opens=java.base/java.net=ALL-UNNAMED --add-opens=java.base/java.util.concurrent.atomic=ALL-UNNAMED -Xmx2048m -Dfile.encoding=UTF-8 -Duser.country=US -Duser.language=en -Duser.variant 
java_command: org.gradle.launcher.daemon.bootstrap.GradleDaemon 7.5
java_class_path (initial): C:\Users\shahzaib lptp\AndroidStudioProjects\loginsqlite\wrapper\dists\gradle-7.5-bin\f1w0cc9nuo0eivz97x2xlu9sv\gradle-7.5\lib\gradle-launcher-7.5.jar
Launcher Type: SUN_STANDARD

[Global flags]
     intx CICompilerCount                          = 3                                         {product} {ergonomic}
     uint ConcGCThreads                            = 1                                         {product} {ergonomic}
     uint G1ConcRefinementThreads                  = 4                                         {product} {ergonomic}
   size_t G1HeapRegionSize                         = 1048576                                   {product} {ergonomic}
    uintx GCDrainStackTargetSize                   = 64                                        {product} {ergonomic}
   size_t InitialHeapSize                          = 134217728                                 {product} {ergonomic}
   size_t MarkStackSize                            = 4194304                                   {product} {ergonomic}
   size_t MaxHeapSize                              = 2147483648                                {product} {command line}
   size_t MaxNewSize                               = 1287651328                                {product} {ergonomic}
   size_t MinHeapDeltaBytes                        = 1048576                                   {product} {ergonomic}
    uintx NonNMethodCodeHeapSize                   = 5830732                                {pd product} {ergonomic}
    uintx NonProfiledCodeHeapSize                  = 122913754                              {pd product} {ergonomic}
    uintx ProfiledCodeHeapSize                     = 122913754                              {pd product} {ergonomic}
    uintx ReservedCodeCacheSize                    = 251658240                              {pd product} {ergonomic}
     bool SegmentedCodeCache                       = true                                      {product} {ergonomic}
     bool UseCompressedClassPointers               = true                                 {lp64_product} {ergonomic}
     bool UseCompressedOops                        = true                                 {lp64_product} {ergonomic}
     bool UseG1GC                                  = true                                      {product} {ergonomic}
     bool UseLargePagesIndividualAllocation        = false                                  {pd product} {ergonomic}

Logging:
Log output configuration:
 #0: stdout all=warning uptime,level,tags
 #1: stderr all=off uptime,level,tags

Environment Variables:
PATH=C:\Program Files\Python310\Scripts\;C:\Program Files\Python310\;C:\Program Files\Common Files\Oracle\Java\javapath;C:\app\bin;C:\app\shahzaiblptp\product\11.2.0\dbhome_1\bin;C:\WINDOWS\system32;C:\WINDOWS;C:\WINDOWS\System32\Wbem;C:\WINDOWS\System32\WindowsPowerShell\v1.0\;c:\Program Files (x86)\Microsoft SQL Server\100\Tools\Binn\;c:\Program Files\Microsoft SQL Server\100\Tools\Binn\;c:\Program Files\Microsoft SQL Server\100\DTS\Binn\;C:\WINDOWS\System32\OpenSSH\;C:\ProgramData\chocolatey\bin;%JAVA_HOME%\bin;C:\Users\shahzaib lptp\AppData\Local\Microsoft\WindowsApps;C:\Program Files\JetBrains\IntelliJ IDEA Community Edition 2021.3\bin;;C:\Program Files\Python310\PyCharm Community Edition 2022.1\bin;;C:\Users\shahzaib lptp\AppData\Local\Programs\Microsoft VS Code\bin;C:\Program Files\flutter\bin;C:\src\flutter\bin;C:\Program Files\Android\Android Studio\bin;
USERNAME=shahzaib lptp
OS=Windows_NT
PROCESSOR_IDENTIFIER=Intel64 Family 6 Model 69 Stepping 1, GenuineIntel



---------------  S Y S T E M  ---------------

OS: Windows 10 , 64 bit Build 19041 (10.0.19041.2788)
OS uptime: 8 days 18:31 hours
Hyper-V role detected

CPU:total 4 (initial active 4) (2 cores per cpu, 2 threads per core) family 6 model 69 stepping 1 microcode 0x26, cmov, cx8, fxsr, mmx, sse, sse2, sse3, ssse3, sse4.1, sse4.2, popcnt, avx, avx2, aes, clmul, erms, lzcnt, ht, tsc, tscinvbit, bmi1, bmi2, fma

Memory: 4k page, system-wide physical 8073M (1510M free)
TotalPageFile size 10073M (AvailPageFile size 23M)
current process WorkingSet (physical memory assigned to process): 404M, peak: 404M
current process commit charge ("private bytes"): 430M, peak: 467M

vm_info: OpenJDK 64-Bit Server VM (11.0.15+0-b2043.56-9505619) for windows-amd64 JRE (11.0.15+0-b2043.56-9505619), built on Jan 19 2023 02:48:00 by "builduser" with unknown MS VC++:1929

END.
