#
# There is insufficient memory for the Java Runtime Environment to continue.
# Native memory allocation (malloc) failed to allocate 1098096 bytes for Chunk::new
# Possible reasons:
#   The system is out of physical RAM or swap space
#   The process is running with CompressedOops enabled, and the Java Heap may be blocking the growth of the native heap
# Possible solutions:
#   Reduce memory load on the system
#   Increase physical memory or swap space
#   Check if swap backing store is full
#   Decrease Java heap size (-Xmx/-Xms)
#   Decrease number of Java threads
#   Decrease Java thread stack sizes (-Xss)
#   Set larger code cache with -XX:ReservedCodeCacheSize=
#   JVM is running with Unscaled Compressed Oops mode in which the Java heap is
#     placed in the first 4GB address space. The Java Heap base address is the
#     maximum limit for the native heap growth. Please use -XX:HeapBaseMinAddress
#     to set the Java Heap base and to place the Java Heap above 4GB virtual address.
# This output file may be truncated or incomplete.
#
#  Out of Memory Error (src/hotspot/share/memory/arena.cpp:197), pid=9388, tid=248
#
# JRE version: OpenJDK Runtime Environment (11.0.15) (build 11.0.15+0-b2043.56-9505619)
# Java VM: OpenJDK 64-Bit Server VM (11.0.15+0-b2043.56-9505619, mixed mode, tiered, compressed oops, g1 gc, windows-amd64)
# No core dump will be written. Minidumps are not enabled by default on client versions of Windows
#

---------------  S U M M A R Y ------------

Command Line: -javaagent:C:\Program Files\Android\Android Studio\plugins\android\resources\trace_agent.jar=C:\Users\SHAHZA~1\AppData\Local\Temp\sync.trace.profile --add-opens=java.base/java.util=ALL-UNNAMED --add-opens=java.base/java.lang=ALL-UNNAMED --add-opens=java.base/java.lang.invoke=ALL-UNNAMED --add-opens=java.base/java.util=ALL-UNNAMED --add-opens=java.prefs/java.util.prefs=ALL-UNNAMED --add-opens=java.prefs/java.util.prefs=ALL-UNNAMED --add-opens=java.base/java.nio.charset=ALL-UNNAMED --add-opens=java.base/java.net=ALL-UNNAMED --add-opens=java.base/java.util.concurrent.atomic=ALL-UNNAMED -Xmx2048m -Dfile.encoding=UTF-8 -Duser.country=US -Duser.language=en -Duser.variant org.gradle.launcher.daemon.bootstrap.GradleDaemon 7.5

Host: Intel(R) Core(TM) i5-4310U CPU @ 2.00GHz, 4 cores, 7G,  Windows 10 , 64 bit Build 19041 (10.0.19041.2913)
Time: Mon May 29 18:17:34 2023 Pakistan Standard Time elapsed time: 52.911816 seconds (0d 0h 0m 52s)

---------------  T H R E A D  ---------------

Current thread (0x000001e47b890800):  JavaThread "C2 CompilerThread0" daemon [_thread_in_native, id=248, stack(0x0000008dda600000,0x0000008dda700000)]


Current CompileTask:
C2:  52911 8550       4       java.util.TreeMap::put (247 bytes)

Stack: [0x0000008dda600000,0x0000008dda700000]
Native frames: (J=compiled Java code, j=interpreted, Vv=VM code, C=native code)
V  [jvm.dll+0x64135a]
V  [jvm.dll+0x7d39f9]
V  [jvm.dll+0x7d51b9]
V  [jvm.dll+0x7d58a3]
V  [jvm.dll+0x2691c5]
V  [jvm.dll+0xc1a5c]
V  [jvm.dll+0xc200c]
V  [jvm.dll+0x377462]
V  [jvm.dll+0x342495]
V  [jvm.dll+0x34186a]
V  [jvm.dll+0x2214bd]
V  [jvm.dll+0x220498]
V  [jvm.dll+0x19e851]
V  [jvm.dll+0x230479]
V  [jvm.dll+0x22e5ef]
V  [jvm.dll+0x794de1]
V  [jvm.dll+0x78dc24]
V  [jvm.dll+0x6400f6]
C  [ucrtbase.dll+0x21bb2]
C  [KERNEL32.DLL+0x17614]
C  [ntdll.dll+0x526a1]


---------------  P R O C E S S  ---------------

Threads class SMR info:
_java_thread_list=0x000001e47c9f5230, length=79, elements={
0x000001e470c42800, 0x000001e47b868000, 0x000001e47b869800, 0x000001e47b889800,
0x000001e47b88a800, 0x000001e47b88b800, 0x000001e47b890800, 0x000001e47b893800,
0x000001e47c23c000, 0x000001e47b800000, 0x000001e410bab000, 0x000001e47df67000,
0x000001e40f26e000, 0x000001e40ffc7800, 0x000001e47d98d800, 0x000001e40f5af800,
0x000001e40f236800, 0x000001e410fa0800, 0x000001e47c876800, 0x000001e47d603800,
0x000001e47ea4c800, 0x000001e47ea4d800, 0x000001e47ea4e800, 0x000001e47ea4c000,
0x000001e47ea4f000, 0x000001e47ea51800, 0x000001e47ea50000, 0x000001e47ea52800,
0x000001e47e84a800, 0x000001e47e84b800, 0x000001e47e849000, 0x000001e47e84a000,
0x000001e47e84d000, 0x000001e47e84f800, 0x000001e47e851000, 0x000001e47e850800,
0x000001e47e852000, 0x000001e47e853000, 0x000001e47e854800, 0x000001e47e853800,
0x000001e47e84e800, 0x000001e47e855000, 0x000001e47e857000, 0x000001e47e856000,
0x000001e47ef15000, 0x000001e47ef17800, 0x000001e47ef13000, 0x000001e47ef18000,
0x000001e47ef19000, 0x000001e47ef19800, 0x000001e47ef16800, 0x000001e47ef14000,
0x000001e47ef1a800, 0x000001e47ef1b800, 0x000001e47ef15800, 0x000001e47ef1f800,
0x000001e47ef1d000, 0x000001e47ef1e800, 0x000001e47ef21000, 0x000001e47ef20800,
0x000001e47ef22000, 0x000001e47ef1c000, 0x000001e47ef1e000, 0x000001e47ee8c000,
0x000001e47ee87000, 0x000001e47ee86000, 0x000001e47ee88000, 0x000001e47ee8d000,
0x000001e47ee89800, 0x000001e47ee8a800, 0x000001e47ee8e800, 0x000001e47ee88800,
0x000001e47ee8d800, 0x000001e47ee8f000, 0x000001e47ee91000, 0x000001e47ee90000,
0x000001e47ee8b000, 0x000001e47ee91800, 0x000001e47ee92800
}

Java Threads: ( => current thread )
  0x000001e470c42800 JavaThread "main" [_thread_blocked, id=4956, stack(0x0000008dd9a00000,0x0000008dd9b00000)]
  0x000001e47b868000 JavaThread "Reference Handler" daemon [_thread_blocked, id=1608, stack(0x0000008dda100000,0x0000008dda200000)]
  0x000001e47b869800 JavaThread "Finalizer" daemon [_thread_blocked, id=10872, stack(0x0000008dda200000,0x0000008dda300000)]
  0x000001e47b889800 JavaThread "Signal Dispatcher" daemon [_thread_blocked, id=9016, stack(0x0000008dda300000,0x0000008dda400000)]
  0x000001e47b88a800 JavaThread "Attach Listener" daemon [_thread_blocked, id=4244, stack(0x0000008dda400000,0x0000008dda500000)]
  0x000001e47b88b800 JavaThread "Service Thread" daemon [_thread_blocked, id=2612, stack(0x0000008dda500000,0x0000008dda600000)]
=>0x000001e47b890800 JavaThread "C2 CompilerThread0" daemon [_thread_in_native, id=248, stack(0x0000008dda600000,0x0000008dda700000)]
  0x000001e47b893800 JavaThread "C1 CompilerThread0" daemon [_thread_blocked, id=2276, stack(0x0000008dda700000,0x0000008dda800000)]
  0x000001e47c23c000 JavaThread "Sweeper thread" daemon [_thread_blocked, id=3452, stack(0x0000008dda800000,0x0000008dda900000)]
  0x000001e47b800000 JavaThread "Common-Cleaner" daemon [_thread_blocked, id=13648, stack(0x0000008dda900000,0x0000008ddaa00000)]
  0x000001e410bab000 JavaThread "Daemon health stats" [_thread_blocked, id=13560, stack(0x0000008ddae00000,0x0000008ddaf00000)]
  0x000001e47df67000 JavaThread "Incoming local TCP Connector on port 49802" [_thread_in_native, id=13532, stack(0x0000008ddaa00000,0x0000008ddab00000)]
  0x000001e40f26e000 JavaThread "Daemon periodic checks" [_thread_blocked, id=4736, stack(0x0000008ddb000000,0x0000008ddb100000)]
  0x000001e40ffc7800 JavaThread "Daemon" [_thread_blocked, id=13608, stack(0x0000008ddb100000,0x0000008ddb200000)]
  0x000001e47d98d800 JavaThread "Handler for socket connection from /127.0.0.1:49802 to /127.0.0.1:49803" [_thread_in_native, id=7256, stack(0x0000008ddb200000,0x0000008ddb300000)]
  0x000001e40f5af800 JavaThread "Cancel handler" [_thread_blocked, id=11684, stack(0x0000008ddb300000,0x0000008ddb400000)]
  0x000001e40f236800 JavaThread "Daemon worker" [_thread_in_vm, id=1480, stack(0x0000008ddb400000,0x0000008ddb500000)]
  0x000001e410fa0800 JavaThread "Asynchronous log dispatcher for DefaultDaemonConnection: socket connection from /127.0.0.1:49802 to /127.0.0.1:49803" [_thread_blocked, id=8976, stack(0x0000008ddb500000,0x0000008ddb600000)]
  0x000001e47c876800 JavaThread "Stdin handler" [_thread_blocked, id=1464, stack(0x0000008ddb600000,0x0000008ddb700000)]
  0x000001e47d603800 JavaThread "Daemon client event forwarder" [_thread_blocked, id=3280, stack(0x0000008ddb700000,0x0000008ddb800000)]
  0x000001e47ea4c800 JavaThread "Cache worker for journal cache (C:\Users\shahzaib lptp\AndroidStudioProjects\loginsqlite\caches\journal-1)" [_thread_blocked, id=11516, stack(0x0000008ddb900000,0x0000008ddba00000)]
  0x000001e47ea4d800 JavaThread "File lock request listener" [_thread_in_native, id=6228, stack(0x0000008ddba00000,0x0000008ddbb00000)]
  0x000001e47ea4e800 JavaThread "Cache worker for file hash cache (C:\Users\shahzaib lptp\AndroidStudioProjects\loginsqlite\caches\7.5\fileHashes)" [_thread_blocked, id=7760, stack(0x0000008ddbb00000,0x0000008ddbc00000)]
  0x000001e47ea4c000 JavaThread "File watcher server" daemon [_thread_in_native, id=768, stack(0x0000008ddaf00000,0x0000008ddb000000)]
  0x000001e47ea4f000 JavaThread "File watcher consumer" daemon [_thread_blocked, id=9632, stack(0x0000008ddbc00000,0x0000008ddbd00000)]
  0x000001e47ea51800 JavaThread "Cache worker for checksums cache (C:\Users\shahzaib lptp\AndroidStudioProjects\EyeonwaterApp\.gradle\7.5\checksums)" [_thread_blocked, id=7768, stack(0x0000008ddbd00000,0x0000008ddbe00000)]
  0x000001e47ea50000 JavaThread "Cache worker for cache directory md-rule (C:\Users\shahzaib lptp\AndroidStudioProjects\loginsqlite\caches\7.5\md-rule)" [_thread_blocked, id=6848, stack(0x0000008ddbe00000,0x0000008ddbf00000)]
  0x000001e47ea52800 JavaThread "Cache worker for file content cache (C:\Users\shahzaib lptp\AndroidStudioProjects\loginsqlite\caches\7.5\fileContent)" [_thread_blocked, id=13688, stack(0x0000008ddbf00000,0x0000008ddc000000)]
  0x000001e47e84a800 JavaThread "Cache worker for file hash cache (C:\Users\shahzaib lptp\AndroidStudioProjects\EyeonwaterApp\.gradle\7.5\fileHashes)" [_thread_blocked, id=8348, stack(0x0000008ddc000000,0x0000008ddc100000)]
  0x000001e47e84b800 JavaThread "Cache worker for cache directory md-supplier (C:\Users\shahzaib lptp\AndroidStudioProjects\loginsqlite\caches\7.5\md-supplier)" [_thread_blocked, id=6280, stack(0x0000008ddc100000,0x0000008ddc200000)]
  0x000001e47e849000 JavaThread "Cache worker for execution history cache (C:\Users\shahzaib lptp\AndroidStudioProjects\loginsqlite\caches\7.5\executionHistory)" [_thread_blocked, id=1904, stack(0x0000008ddc200000,0x0000008ddc300000)]
  0x000001e47e84a000 JavaThread "jar transforms" [_thread_blocked, id=8196, stack(0x0000008ddc300000,0x0000008ddc400000)]
  0x000001e47e84d000 JavaThread "jar transforms Thread 2" [_thread_blocked, id=4728, stack(0x0000008ddc400000,0x0000008ddc500000)]
  0x000001e47e84f800 JavaThread "jar transforms Thread 3" [_thread_blocked, id=2764, stack(0x0000008ddc500000,0x0000008ddc600000)]
  0x000001e47e851000 JavaThread "jar transforms Thread 4" [_thread_blocked, id=10320, stack(0x0000008ddc800000,0x0000008ddc900000)]
  0x000001e47e850800 JavaThread "Cache worker for dependencies-accessors (C:\Users\shahzaib lptp\AndroidStudioProjects\EyeonwaterApp\.gradle\7.5\dependencies-accessors)" [_thread_blocked, id=11196, stack(0x0000008ddca00000,0x0000008ddcb00000)]
  0x000001e47e852000 JavaThread "Cache worker for Build Output Cleanup Cache (C:\Users\shahzaib lptp\AndroidStudioProjects\EyeonwaterApp\.gradle\buildOutputCleanup)" [_thread_blocked, id=10560, stack(0x0000008ddc900000,0x0000008ddca00000)]
  0x000001e47e853000 JavaThread "Unconstrained build operations" [_thread_blocked, id=13172, stack(0x0000008ddcb00000,0x0000008ddcc00000)]
  0x000001e47e854800 JavaThread "Unconstrained build operations Thread 2" [_thread_blocked, id=6168, stack(0x0000008ddcc00000,0x0000008ddcd00000)]
  0x000001e47e853800 JavaThread "Unconstrained build operations Thread 3" [_thread_blocked, id=12568, stack(0x0000008ddcd00000,0x0000008ddce00000)]
  0x000001e47e84e800 JavaThread "Unconstrained build operations Thread 4" [_thread_blocked, id=2544, stack(0x0000008ddce00000,0x0000008ddcf00000)]
  0x000001e47e855000 JavaThread "Unconstrained build operations Thread 5" [_thread_blocked, id=4948, stack(0x0000008ddcf00000,0x0000008ddd000000)]
  0x000001e47e857000 JavaThread "Unconstrained build operations Thread 6" [_thread_blocked, id=12352, stack(0x0000008ddd000000,0x0000008ddd100000)]
  0x000001e47e856000 JavaThread "Unconstrained build operations Thread 7" [_thread_blocked, id=7144, stack(0x0000008ddd100000,0x0000008ddd200000)]
  0x000001e47ef15000 JavaThread "Unconstrained build operations Thread 8" [_thread_blocked, id=12092, stack(0x0000008ddd200000,0x0000008ddd300000)]
  0x000001e47ef17800 JavaThread "Unconstrained build operations Thread 9" [_thread_blocked, id=5176, stack(0x0000008ddd300000,0x0000008ddd400000)]
  0x000001e47ef13000 JavaThread "Unconstrained build operations Thread 10" [_thread_blocked, id=11872, stack(0x0000008ddd400000,0x0000008ddd500000)]
  0x000001e47ef18000 JavaThread "Unconstrained build operations Thread 11" [_thread_blocked, id=12584, stack(0x0000008ddd500000,0x0000008ddd600000)]
  0x000001e47ef19000 JavaThread "Unconstrained build operations Thread 12" [_thread_blocked, id=13972, stack(0x0000008ddd600000,0x0000008ddd700000)]
  0x000001e47ef19800 JavaThread "Unconstrained build operations Thread 13" [_thread_blocked, id=720, stack(0x0000008ddd700000,0x0000008ddd800000)]
  0x000001e47ef16800 JavaThread "Unconstrained build operations Thread 14" [_thread_blocked, id=6180, stack(0x0000008ddd800000,0x0000008ddd900000)]
  0x000001e47ef14000 JavaThread "Unconstrained build operations Thread 15" [_thread_blocked, id=2768, stack(0x0000008ddd900000,0x0000008ddda00000)]
  0x000001e47ef1a800 JavaThread "Unconstrained build operations Thread 16" [_thread_blocked, id=7172, stack(0x0000008ddda00000,0x0000008dddb00000)]
  0x000001e47ef1b800 JavaThread "Unconstrained build operations Thread 17" [_thread_blocked, id=2376, stack(0x0000008dddb00000,0x0000008dddc00000)]
  0x000001e47ef15800 JavaThread "Unconstrained build operations Thread 18" [_thread_blocked, id=9520, stack(0x0000008dddc00000,0x0000008dddd00000)]
  0x000001e47ef1f800 JavaThread "Unconstrained build operations Thread 19" [_thread_blocked, id=8980, stack(0x0000008dddd00000,0x0000008ddde00000)]
  0x000001e47ef1d000 JavaThread "Unconstrained build operations Thread 20" [_thread_blocked, id=6668, stack(0x0000008ddde00000,0x0000008dddf00000)]
  0x000001e47ef1e800 JavaThread "Unconstrained build operations Thread 21" [_thread_blocked, id=7664, stack(0x0000008dddf00000,0x0000008dde000000)]
  0x000001e47ef21000 JavaThread "Unconstrained build operations Thread 22" [_thread_blocked, id=13052, stack(0x0000008dde000000,0x0000008dde100000)]
  0x000001e47ef20800 JavaThread "Unconstrained build operations Thread 23" [_thread_blocked, id=11008, stack(0x0000008dde100000,0x0000008dde200000)]
  0x000001e47ef22000 JavaThread "Unconstrained build operations Thread 24" [_thread_blocked, id=14092, stack(0x0000008dde200000,0x0000008dde300000)]
  0x000001e47ef1c000 JavaThread "Unconstrained build operations Thread 25" [_thread_blocked, id=4880, stack(0x0000008dde300000,0x0000008dde400000)]
  0x000001e47ef1e000 JavaThread "Unconstrained build operations Thread 26" [_thread_blocked, id=10824, stack(0x0000008dde400000,0x0000008dde500000)]
  0x000001e47ee8c000 JavaThread "Unconstrained build operations Thread 27" [_thread_blocked, id=13636, stack(0x0000008dde500000,0x0000008dde600000)]
  0x000001e47ee87000 JavaThread "Unconstrained build operations Thread 28" [_thread_blocked, id=11064, stack(0x0000008dde600000,0x0000008dde700000)]
  0x000001e47ee86000 JavaThread "Unconstrained build operations Thread 29" [_thread_blocked, id=4264, stack(0x0000008dde700000,0x0000008dde800000)]
  0x000001e47ee88000 JavaThread "Unconstrained build operations Thread 30" [_thread_blocked, id=14736, stack(0x0000008dde800000,0x0000008dde900000)]
  0x000001e47ee8d000 JavaThread "Unconstrained build operations Thread 31" [_thread_blocked, id=14808, stack(0x0000008dde900000,0x0000008ddea00000)]
  0x000001e47ee89800 JavaThread "Unconstrained build operations Thread 32" [_thread_blocked, id=15228, stack(0x0000008ddea00000,0x0000008ddeb00000)]
  0x000001e47ee8a800 JavaThread "Unconstrained build operations Thread 33" [_thread_blocked, id=2424, stack(0x0000008ddeb00000,0x0000008ddec00000)]
  0x000001e47ee8e800 JavaThread "Unconstrained build operations Thread 34" [_thread_blocked, id=12200, stack(0x0000008ddec00000,0x0000008dded00000)]
  0x000001e47ee88800 JavaThread "Unconstrained build operations Thread 35" [_thread_blocked, id=13944, stack(0x0000008dded00000,0x0000008ddee00000)]
  0x000001e47ee8d800 JavaThread "Unconstrained build operations Thread 36" [_thread_blocked, id=1212, stack(0x0000008ddee00000,0x0000008ddef00000)]
  0x000001e47ee8f000 JavaThread "Unconstrained build operations Thread 37" [_thread_blocked, id=13188, stack(0x0000008ddef00000,0x0000008ddf000000)]
  0x000001e47ee91000 JavaThread "Unconstrained build operations Thread 38" [_thread_blocked, id=10092, stack(0x0000008ddf000000,0x0000008ddf100000)]
  0x000001e47ee90000 JavaThread "Unconstrained build operations Thread 39" [_thread_blocked, id=11184, stack(0x0000008ddf100000,0x0000008ddf200000)]
  0x000001e47ee8b000 JavaThread "Unconstrained build operations Thread 40" [_thread_blocked, id=10060, stack(0x0000008ddf200000,0x0000008ddf300000)]
  0x000001e47ee91800 JavaThread "build event listener" [_thread_blocked, id=13668, stack(0x0000008ddf300000,0x0000008ddf400000)]
  0x000001e47ee92800 JavaThread "Memory manager" [_thread_blocked, id=14064, stack(0x0000008ddf400000,0x0000008ddf500000)]

Other Threads:
  0x000001e47b863800 VMThread "VM Thread" [stack: 0x0000008dda000000,0x0000008dda100000] [id=1476]
  0x000001e47c483000 WatcherThread [stack: 0x0000008ddab00000,0x0000008ddac00000] [id=12980]
  0x000001e470c52800 GCTaskThread "GC Thread#0" [stack: 0x0000008dd9b00000,0x0000008dd9c00000] [id=7968]
  0x000001e47cd71000 GCTaskThread "GC Thread#1" [stack: 0x0000008ddac00000,0x0000008ddad00000] [id=14544]
  0x000001e47d70f000 GCTaskThread "GC Thread#2" [stack: 0x0000008ddad00000,0x0000008ddae00000] [id=13788]
  0x000001e40fbca000 GCTaskThread "GC Thread#3" [stack: 0x0000008ddb800000,0x0000008ddb900000] [id=1564]
  0x000001e470c8e800 ConcurrentGCThread "G1 Main Marker" [stack: 0x0000008dd9c00000,0x0000008dd9d00000] [id=11888]
  0x000001e470c90000 ConcurrentGCThread "G1 Conc#0" [stack: 0x0000008dd9d00000,0x0000008dd9e00000] [id=7468]
  0x000001e470d1d800 ConcurrentGCThread "G1 Refine#0" [stack: 0x0000008dd9e00000,0x0000008dd9f00000] [id=5312]
  0x000001e470d1e800 ConcurrentGCThread "G1 Young RemSet Sampling" [stack: 0x0000008dd9f00000,0x0000008dda000000] [id=5916]

Threads with active compile tasks:
C2 CompilerThread0    52970 8550       4       java.util.TreeMap::put (247 bytes)

VM state:not at safepoint (normal execution)

VM Mutex/Monitor currently owned by a thread:  ([mutex/lock_event])
[0x000001e470c3e9a0] SystemDictionary_lock - owner thread: 0x000001e40f236800

Heap address: 0x0000000080000000, size: 2048 MB, Compressed Oops mode: 32-bit
Narrow klass base: 0x0000000000000000, Narrow klass shift: 3
Compressed class space size: 1073741824 Address: 0x0000000100000000

Heap:
 garbage-first heap   total 157696K, used 116629K [0x0000000080000000, 0x0000000100000000)
  region size 1024K, 60 young (61440K), 7 survivors (7168K)
 Metaspace       used 79069K, capacity 81110K, committed 81280K, reserved 1120256K
  class space    used 10306K, capacity 11058K, committed 11136K, reserved 1048576K
Heap Regions: E=young(eden), S=young(survivor), O=old, HS=humongous(starts), HC=humongous(continues), CS=collection set, F=free, A=archive, TAMS=top-at-mark-start (previous, next)
|   0|0x0000000080000000, 0x0000000080100000, 0x0000000080100000|100%| O|  |TAMS 0x0000000080100000, 0x0000000080000000| Untracked 
|   1|0x0000000080100000, 0x0000000080200000, 0x0000000080200000|100%| O|  |TAMS 0x0000000080200000, 0x0000000080100000| Untracked 
|   2|0x0000000080200000, 0x0000000080300000, 0x0000000080300000|100%| O|  |TAMS 0x0000000080300000, 0x0000000080200000| Untracked 
|   3|0x0000000080300000, 0x0000000080400000, 0x0000000080400000|100%|HS|  |TAMS 0x0000000080400000, 0x0000000080300000| Complete 
|   4|0x0000000080400000, 0x0000000080500000, 0x0000000080500000|100%|HC|  |TAMS 0x0000000080500000, 0x0000000080400000| Complete 
|   5|0x0000000080500000, 0x0000000080600000, 0x0000000080600000|100%|HC|  |TAMS 0x0000000080600000, 0x0000000080500000| Complete 
|   6|0x0000000080600000, 0x0000000080700000, 0x0000000080700000|100%| O|  |TAMS 0x0000000080700000, 0x0000000080600000| Untracked 
|   7|0x0000000080700000, 0x0000000080800000, 0x0000000080800000|100%| O|  |TAMS 0x0000000080800000, 0x0000000080700000| Untracked 
|   8|0x0000000080800000, 0x0000000080900000, 0x0000000080900000|100%| O|  |TAMS 0x0000000080900000, 0x0000000080800000| Untracked 
|   9|0x0000000080900000, 0x0000000080a00000, 0x0000000080a00000|100%| O|  |TAMS 0x0000000080a00000, 0x0000000080900000| Untracked 
|  10|0x0000000080a00000, 0x0000000080b00000, 0x0000000080b00000|100%| O|  |TAMS 0x0000000080b00000, 0x0000000080a00000| Untracked 
|  11|0x0000000080b00000, 0x0000000080c00000, 0x0000000080c00000|100%| O|  |TAMS 0x0000000080c00000, 0x0000000080b00000| Untracked 
|  12|0x0000000080c00000, 0x0000000080d00000, 0x0000000080d00000|100%| O|  |TAMS 0x0000000080d00000, 0x0000000080c00000| Untracked 
|  13|0x0000000080d00000, 0x0000000080e00000, 0x0000000080e00000|100%| O|  |TAMS 0x0000000080e00000, 0x0000000080d00000| Untracked 
|  14|0x0000000080e00000, 0x0000000080f00000, 0x0000000080f00000|100%| O|  |TAMS 0x0000000080f00000, 0x0000000080e00000| Untracked 
|  15|0x0000000080f00000, 0x0000000081000000, 0x0000000081000000|100%| O|  |TAMS 0x0000000081000000, 0x0000000080f00000| Untracked 
|  16|0x0000000081000000, 0x0000000081100000, 0x0000000081100000|100%| O|  |TAMS 0x0000000081100000, 0x0000000081000000| Untracked 
|  17|0x0000000081100000, 0x0000000081200000, 0x0000000081200000|100%| O|  |TAMS 0x0000000081200000, 0x0000000081100000| Untracked 
|  18|0x0000000081200000, 0x0000000081300000, 0x0000000081300000|100%| O|  |TAMS 0x0000000081300000, 0x0000000081200000| Untracked 
|  19|0x0000000081300000, 0x0000000081400000, 0x0000000081400000|100%| O|  |TAMS 0x0000000081400000, 0x0000000081300000| Untracked 
|  20|0x0000000081400000, 0x0000000081500000, 0x0000000081500000|100%|HS|  |TAMS 0x0000000081500000, 0x0000000081400000| Complete 
|  21|0x0000000081500000, 0x0000000081600000, 0x0000000081600000|100%|HS|  |TAMS 0x0000000081600000, 0x0000000081500000| Complete 
|  22|0x0000000081600000, 0x0000000081700000, 0x0000000081700000|100%| O|  |TAMS 0x0000000081700000, 0x0000000081600000| Untracked 
|  23|0x0000000081700000, 0x0000000081800000, 0x0000000081800000|100%| O|  |TAMS 0x0000000081800000, 0x0000000081700000| Untracked 
|  24|0x0000000081800000, 0x0000000081900000, 0x0000000081900000|100%| O|  |TAMS 0x0000000081900000, 0x0000000081800000| Untracked 
|  25|0x0000000081900000, 0x0000000081a00000, 0x0000000081a00000|100%| O|  |TAMS 0x0000000081a00000, 0x0000000081900000| Untracked 
|  26|0x0000000081a00000, 0x0000000081b00000, 0x0000000081b00000|100%| O|  |TAMS 0x0000000081b00000, 0x0000000081a00000| Untracked 
|  27|0x0000000081b00000, 0x0000000081c00000, 0x0000000081c00000|100%| O|  |TAMS 0x0000000081c00000, 0x0000000081b00000| Untracked 
|  28|0x0000000081c00000, 0x0000000081d00000, 0x0000000081d00000|100%| O|  |TAMS 0x0000000081d00000, 0x0000000081c00000| Untracked 
|  29|0x0000000081d00000, 0x0000000081e00000, 0x0000000081e00000|100%| O|  |TAMS 0x0000000081e00000, 0x0000000081d00000| Untracked 
|  30|0x0000000081e00000, 0x0000000081f00000, 0x0000000081f00000|100%| O|  |TAMS 0x0000000081f00000, 0x0000000081e00000| Untracked 
|  31|0x0000000081f00000, 0x0000000082000000, 0x0000000082000000|100%| O|  |TAMS 0x0000000082000000, 0x0000000081f00000| Untracked 
|  32|0x0000000082000000, 0x0000000082100000, 0x0000000082100000|100%| O|  |TAMS 0x0000000082100000, 0x0000000082000000| Untracked 
|  33|0x0000000082100000, 0x0000000082200000, 0x0000000082200000|100%| O|  |TAMS 0x0000000082200000, 0x0000000082100000| Untracked 
|  34|0x0000000082200000, 0x0000000082300000, 0x0000000082300000|100%| O|  |TAMS 0x0000000082300000, 0x0000000082200000| Untracked 
|  35|0x0000000082300000, 0x0000000082400000, 0x0000000082400000|100%| O|  |TAMS 0x0000000082400000, 0x0000000082300000| Untracked 
|  36|0x0000000082400000, 0x0000000082500000, 0x0000000082500000|100%| O|  |TAMS 0x0000000082500000, 0x0000000082400000| Untracked 
|  37|0x0000000082500000, 0x0000000082600000, 0x0000000082600000|100%| O|  |TAMS 0x0000000082600000, 0x0000000082500000| Untracked 
|  38|0x0000000082600000, 0x0000000082700000, 0x0000000082700000|100%| O|  |TAMS 0x0000000082700000, 0x0000000082600000| Untracked 
|  39|0x0000000082700000, 0x0000000082800000, 0x0000000082800000|100%| O|  |TAMS 0x0000000082800000, 0x0000000082700000| Untracked 
|  40|0x0000000082800000, 0x0000000082900000, 0x0000000082900000|100%| O|  |TAMS 0x0000000082835600, 0x0000000082800000| Untracked 
|  41|0x0000000082900000, 0x0000000082a00000, 0x0000000082a00000|100%| O|  |TAMS 0x0000000082900000, 0x0000000082900000| Untracked 
|  42|0x0000000082a00000, 0x0000000082b00000, 0x0000000082b00000|100%| O|  |TAMS 0x0000000082a00000, 0x0000000082a00000| Untracked 
|  43|0x0000000082b00000, 0x0000000082c00000, 0x0000000082c00000|100%| O|  |TAMS 0x0000000082b00000, 0x0000000082b00000| Untracked 
|  44|0x0000000082c00000, 0x0000000082d00000, 0x0000000082d00000|100%| O|  |TAMS 0x0000000082c00000, 0x0000000082c00000| Untracked 
|  45|0x0000000082d00000, 0x0000000082e00000, 0x0000000082e00000|100%| O|  |TAMS 0x0000000082d00000, 0x0000000082d00000| Untracked 
|  46|0x0000000082e00000, 0x0000000082f00000, 0x0000000082f00000|100%| O|  |TAMS 0x0000000082e00000, 0x0000000082e00000| Untracked 
|  47|0x0000000082f00000, 0x0000000083000000, 0x0000000083000000|100%| O|  |TAMS 0x0000000082f00000, 0x0000000082f00000| Untracked 
|  48|0x0000000083000000, 0x0000000083100000, 0x0000000083100000|100%| O|  |TAMS 0x0000000083000000, 0x0000000083000000| Untracked 
|  49|0x0000000083100000, 0x0000000083200000, 0x0000000083200000|100%| O|  |TAMS 0x0000000083100000, 0x0000000083100000| Untracked 
|  50|0x0000000083200000, 0x0000000083300000, 0x0000000083300000|100%| O|  |TAMS 0x0000000083200000, 0x0000000083200000| Untracked 
|  51|0x0000000083300000, 0x0000000083400000, 0x0000000083400000|100%| O|  |TAMS 0x0000000083300000, 0x0000000083300000| Untracked 
|  52|0x0000000083400000, 0x0000000083500000, 0x0000000083500000|100%| O|  |TAMS 0x0000000083400000, 0x0000000083400000| Untracked 
|  53|0x0000000083500000, 0x0000000083600000, 0x0000000083600000|100%| O|  |TAMS 0x0000000083500000, 0x0000000083500000| Untracked 
|  54|0x0000000083600000, 0x00000000836e5600, 0x0000000083700000| 89%| O|  |TAMS 0x0000000083600000, 0x0000000083600000| Untracked 
|  55|0x0000000083700000, 0x0000000083700000, 0x0000000083800000|  0%| F|  |TAMS 0x0000000083700000, 0x0000000083700000| Untracked 
|  56|0x0000000083800000, 0x0000000083800000, 0x0000000083900000|  0%| F|  |TAMS 0x0000000083800000, 0x0000000083800000| Untracked 
|  57|0x0000000083900000, 0x0000000083900000, 0x0000000083a00000|  0%| F|  |TAMS 0x0000000083900000, 0x0000000083900000| Untracked 
|  58|0x0000000083a00000, 0x0000000083a00000, 0x0000000083b00000|  0%| F|  |TAMS 0x0000000083a00000, 0x0000000083a00000| Untracked 
|  59|0x0000000083b00000, 0x0000000083b00000, 0x0000000083c00000|  0%| F|  |TAMS 0x0000000083b00000, 0x0000000083b00000| Untracked 
|  60|0x0000000083c00000, 0x0000000083c00000, 0x0000000083d00000|  0%| F|  |TAMS 0x0000000083c00000, 0x0000000083c00000| Untracked 
|  61|0x0000000083d00000, 0x0000000083d00000, 0x0000000083e00000|  0%| F|  |TAMS 0x0000000083d00000, 0x0000000083d00000| Untracked 
|  62|0x0000000083e00000, 0x0000000083e00000, 0x0000000083f00000|  0%| F|  |TAMS 0x0000000083e00000, 0x0000000083e00000| Untracked 
|  63|0x0000000083f00000, 0x0000000083f00000, 0x0000000084000000|  0%| F|  |TAMS 0x0000000083f00000, 0x0000000083f00000| Untracked 
|  64|0x0000000084000000, 0x0000000084000000, 0x0000000084100000|  0%| F|  |TAMS 0x0000000084000000, 0x0000000084000000| Untracked 
|  65|0x0000000084100000, 0x0000000084100000, 0x0000000084200000|  0%| F|  |TAMS 0x0000000084100000, 0x0000000084100000| Untracked 
|  66|0x0000000084200000, 0x0000000084200000, 0x0000000084300000|  0%| F|  |TAMS 0x0000000084200000, 0x0000000084200000| Untracked 
|  67|0x0000000084300000, 0x0000000084300000, 0x0000000084400000|  0%| F|  |TAMS 0x0000000084300000, 0x0000000084300000| Untracked 
|  68|0x0000000084400000, 0x0000000084400000, 0x0000000084500000|  0%| F|  |TAMS 0x0000000084400000, 0x0000000084400000| Untracked 
|  69|0x0000000084500000, 0x0000000084500000, 0x0000000084600000|  0%| F|  |TAMS 0x0000000084500000, 0x0000000084500000| Untracked 
|  70|0x0000000084600000, 0x0000000084600000, 0x0000000084700000|  0%| F|  |TAMS 0x0000000084600000, 0x0000000084600000| Untracked 
|  71|0x0000000084700000, 0x0000000084700000, 0x0000000084800000|  0%| F|  |TAMS 0x0000000084700000, 0x0000000084700000| Untracked 
|  72|0x0000000084800000, 0x0000000084800000, 0x0000000084900000|  0%| F|  |TAMS 0x0000000084800000, 0x0000000084800000| Untracked 
|  73|0x0000000084900000, 0x0000000084900000, 0x0000000084a00000|  0%| F|  |TAMS 0x0000000084900000, 0x0000000084900000| Untracked 
|  74|0x0000000084a00000, 0x0000000084a00000, 0x0000000084b00000|  0%| F|  |TAMS 0x0000000084a00000, 0x0000000084a00000| Untracked 
|  75|0x0000000084b00000, 0x0000000084b00000, 0x0000000084c00000|  0%| F|  |TAMS 0x0000000084b00000, 0x0000000084b00000| Untracked 
|  76|0x0000000084c00000, 0x0000000084c00000, 0x0000000084d00000|  0%| F|  |TAMS 0x0000000084c00000, 0x0000000084c00000| Untracked 
|  77|0x0000000084d00000, 0x0000000084d00000, 0x0000000084e00000|  0%| F|  |TAMS 0x0000000084d00000, 0x0000000084d00000| Untracked 
|  78|0x0000000084e00000, 0x0000000084e00000, 0x0000000084f00000|  0%| F|  |TAMS 0x0000000084e00000, 0x0000000084e00000| Untracked 
|  79|0x0000000084f00000, 0x0000000084f00000, 0x0000000085000000|  0%| F|  |TAMS 0x0000000084f00000, 0x0000000084f00000| Untracked 
|  80|0x0000000085000000, 0x0000000085000000, 0x0000000085100000|  0%| F|  |TAMS 0x0000000085000000, 0x0000000085000000| Untracked 
|  81|0x0000000085100000, 0x0000000085100000, 0x0000000085200000|  0%| F|  |TAMS 0x0000000085100000, 0x0000000085100000| Untracked 
|  82|0x0000000085200000, 0x0000000085200000, 0x0000000085300000|  0%| F|  |TAMS 0x0000000085200000, 0x0000000085200000| Untracked 
|  83|0x0000000085300000, 0x0000000085300000, 0x0000000085400000|  0%| F|  |TAMS 0x0000000085300000, 0x0000000085300000| Untracked 
|  84|0x0000000085400000, 0x0000000085400000, 0x0000000085500000|  0%| F|  |TAMS 0x0000000085400000, 0x0000000085400000| Untracked 
|  85|0x0000000085500000, 0x0000000085500000, 0x0000000085600000|  0%| F|  |TAMS 0x0000000085500000, 0x0000000085500000| Untracked 
|  86|0x0000000085600000, 0x0000000085600000, 0x0000000085700000|  0%| F|  |TAMS 0x0000000085600000, 0x0000000085600000| Untracked 
|  87|0x0000000085700000, 0x0000000085800000, 0x0000000085800000|100%| S|CS|TAMS 0x0000000085700000, 0x0000000085700000| Complete 
|  88|0x0000000085800000, 0x0000000085900000, 0x0000000085900000|100%| S|CS|TAMS 0x0000000085800000, 0x0000000085800000| Complete 
|  89|0x0000000085900000, 0x0000000085a00000, 0x0000000085a00000|100%| S|CS|TAMS 0x0000000085900000, 0x0000000085900000| Complete 
|  90|0x0000000085a00000, 0x0000000085b00000, 0x0000000085b00000|100%| S|CS|TAMS 0x0000000085a00000, 0x0000000085a00000| Complete 
|  91|0x0000000085b00000, 0x0000000085c00000, 0x0000000085c00000|100%| S|CS|TAMS 0x0000000085b00000, 0x0000000085b00000| Complete 
|  92|0x0000000085c00000, 0x0000000085d00000, 0x0000000085d00000|100%| S|CS|TAMS 0x0000000085c00000, 0x0000000085c00000| Complete 
|  93|0x0000000085d00000, 0x0000000085e00000, 0x0000000085e00000|100%| S|CS|TAMS 0x0000000085d00000, 0x0000000085d00000| Complete 
|  94|0x0000000085e00000, 0x0000000085e00000, 0x0000000085f00000|  0%| F|  |TAMS 0x0000000085e00000, 0x0000000085e00000| Untracked 
|  95|0x0000000085f00000, 0x0000000085f00000, 0x0000000086000000|  0%| F|  |TAMS 0x0000000085f00000, 0x0000000085f00000| Untracked 
|  96|0x0000000086000000, 0x0000000086000000, 0x0000000086100000|  0%| F|  |TAMS 0x0000000086000000, 0x0000000086000000| Untracked 
|  97|0x0000000086100000, 0x0000000086100000, 0x0000000086200000|  0%| F|  |TAMS 0x0000000086100000, 0x0000000086100000| Untracked 
|  98|0x0000000086200000, 0x0000000086200000, 0x0000000086300000|  0%| F|  |TAMS 0x0000000086200000, 0x0000000086200000| Untracked 
|  99|0x0000000086300000, 0x0000000086300000, 0x0000000086400000|  0%| F|  |TAMS 0x0000000086300000, 0x0000000086300000| Untracked 
| 100|0x0000000086400000, 0x0000000086400000, 0x0000000086500000|  0%| F|  |TAMS 0x0000000086400000, 0x0000000086400000| Untracked 
| 101|0x0000000086500000, 0x0000000086580810, 0x0000000086600000| 50%| E|  |TAMS 0x0000000086500000, 0x0000000086500000| Complete 
| 102|0x0000000086600000, 0x0000000086700000, 0x0000000086700000|100%| E|CS|TAMS 0x0000000086600000, 0x0000000086600000| Complete 
| 103|0x0000000086700000, 0x0000000086800000, 0x0000000086800000|100%| E|CS|TAMS 0x0000000086700000, 0x0000000086700000| Complete 
| 104|0x0000000086800000, 0x0000000086900000, 0x0000000086900000|100%| E|CS|TAMS 0x0000000086800000, 0x0000000086800000| Complete 
| 105|0x0000000086900000, 0x0000000086a00000, 0x0000000086a00000|100%| E|CS|TAMS 0x0000000086900000, 0x0000000086900000| Complete 
| 106|0x0000000086a00000, 0x0000000086b00000, 0x0000000086b00000|100%| E|CS|TAMS 0x0000000086a00000, 0x0000000086a00000| Complete 
| 107|0x0000000086b00000, 0x0000000086c00000, 0x0000000086c00000|100%| E|CS|TAMS 0x0000000086b00000, 0x0000000086b00000| Complete 
| 108|0x0000000086c00000, 0x0000000086d00000, 0x0000000086d00000|100%| E|CS|TAMS 0x0000000086c00000, 0x0000000086c00000| Complete 
| 109|0x0000000086d00000, 0x0000000086e00000, 0x0000000086e00000|100%| E|CS|TAMS 0x0000000086d00000, 0x0000000086d00000| Complete 
| 110|0x0000000086e00000, 0x0000000086f00000, 0x0000000086f00000|100%| E|CS|TAMS 0x0000000086e00000, 0x0000000086e00000| Complete 
| 111|0x0000000086f00000, 0x0000000087000000, 0x0000000087000000|100%| E|CS|TAMS 0x0000000086f00000, 0x0000000086f00000| Complete 
| 112|0x0000000087000000, 0x0000000087100000, 0x0000000087100000|100%| E|CS|TAMS 0x0000000087000000, 0x0000000087000000| Complete 
| 113|0x0000000087100000, 0x0000000087200000, 0x0000000087200000|100%| E|CS|TAMS 0x0000000087100000, 0x0000000087100000| Complete 
| 114|0x0000000087200000, 0x0000000087300000, 0x0000000087300000|100%| E|CS|TAMS 0x0000000087200000, 0x0000000087200000| Complete 
| 115|0x0000000087300000, 0x0000000087400000, 0x0000000087400000|100%| E|CS|TAMS 0x0000000087300000, 0x0000000087300000| Complete 
| 116|0x0000000087400000, 0x0000000087500000, 0x0000000087500000|100%| E|CS|TAMS 0x0000000087400000, 0x0000000087400000| Complete 
| 117|0x0000000087500000, 0x0000000087600000, 0x0000000087600000|100%| E|CS|TAMS 0x0000000087500000, 0x0000000087500000| Complete 
| 118|0x0000000087600000, 0x0000000087700000, 0x0000000087700000|100%| E|CS|TAMS 0x0000000087600000, 0x0000000087600000| Complete 
| 119|0x0000000087700000, 0x0000000087800000, 0x0000000087800000|100%| E|CS|TAMS 0x0000000087700000, 0x0000000087700000| Complete 
| 120|0x0000000087800000, 0x0000000087900000, 0x0000000087900000|100%| E|CS|TAMS 0x0000000087800000, 0x0000000087800000| Complete 
| 121|0x0000000087900000, 0x0000000087a00000, 0x0000000087a00000|100%| E|CS|TAMS 0x0000000087900000, 0x0000000087900000| Complete 
| 122|0x0000000087a00000, 0x0000000087b00000, 0x0000000087b00000|100%| E|CS|TAMS 0x0000000087a00000, 0x0000000087a00000| Complete 
| 123|0x0000000087b00000, 0x0000000087c00000, 0x0000000087c00000|100%| E|CS|TAMS 0x0000000087b00000, 0x0000000087b00000| Complete 
| 124|0x0000000087c00000, 0x0000000087d00000, 0x0000000087d00000|100%| E|CS|TAMS 0x0000000087c00000, 0x0000000087c00000| Complete 
| 125|0x0000000087d00000, 0x0000000087e00000, 0x0000000087e00000|100%| E|CS|TAMS 0x0000000087d00000, 0x0000000087d00000| Complete 
| 126|0x0000000087e00000, 0x0000000087f00000, 0x0000000087f00000|100%| E|CS|TAMS 0x0000000087e00000, 0x0000000087e00000| Complete 
| 127|0x0000000087f00000, 0x0000000088000000, 0x0000000088000000|100%| E|CS|TAMS 0x0000000087f00000, 0x0000000087f00000| Complete 
| 128|0x0000000088000000, 0x0000000088100000, 0x0000000088100000|100%| E|CS|TAMS 0x0000000088000000, 0x0000000088000000| Complete 
| 129|0x0000000088100000, 0x0000000088200000, 0x0000000088200000|100%| E|CS|TAMS 0x0000000088100000, 0x0000000088100000| Complete 
| 130|0x0000000088200000, 0x0000000088300000, 0x0000000088300000|100%| E|CS|TAMS 0x0000000088200000, 0x0000000088200000| Complete 
| 131|0x0000000088300000, 0x0000000088400000, 0x0000000088400000|100%| E|CS|TAMS 0x0000000088300000, 0x0000000088300000| Complete 
| 132|0x0000000088400000, 0x0000000088500000, 0x0000000088500000|100%| E|CS|TAMS 0x0000000088400000, 0x0000000088400000| Complete 
| 133|0x0000000088500000, 0x0000000088600000, 0x0000000088600000|100%| E|CS|TAMS 0x0000000088500000, 0x0000000088500000| Complete 
| 134|0x0000000088600000, 0x0000000088700000, 0x0000000088700000|100%| E|CS|TAMS 0x0000000088600000, 0x0000000088600000| Complete 
| 135|0x0000000088700000, 0x0000000088800000, 0x0000000088800000|100%| E|CS|TAMS 0x0000000088700000, 0x0000000088700000| Complete 
| 136|0x0000000088800000, 0x0000000088900000, 0x0000000088900000|100%| E|CS|TAMS 0x0000000088800000, 0x0000000088800000| Complete 
| 137|0x0000000088900000, 0x0000000088a00000, 0x0000000088a00000|100%| E|CS|TAMS 0x0000000088900000, 0x0000000088900000| Complete 
| 138|0x0000000088a00000, 0x0000000088b00000, 0x0000000088b00000|100%| E|CS|TAMS 0x0000000088a00000, 0x0000000088a00000| Complete 
| 139|0x0000000088b00000, 0x0000000088c00000, 0x0000000088c00000|100%| E|CS|TAMS 0x0000000088b00000, 0x0000000088b00000| Complete 
| 140|0x0000000088c00000, 0x0000000088d00000, 0x0000000088d00000|100%| E|CS|TAMS 0x0000000088c00000, 0x0000000088c00000| Complete 
| 141|0x0000000088d00000, 0x0000000088e00000, 0x0000000088e00000|100%| E|CS|TAMS 0x0000000088d00000, 0x0000000088d00000| Complete 
| 142|0x0000000088e00000, 0x0000000088f00000, 0x0000000088f00000|100%| E|CS|TAMS 0x0000000088e00000, 0x0000000088e00000| Complete 
| 143|0x0000000088f00000, 0x0000000089000000, 0x0000000089000000|100%| E|CS|TAMS 0x0000000088f00000, 0x0000000088f00000| Complete 
| 144|0x0000000089000000, 0x0000000089100000, 0x0000000089100000|100%| E|CS|TAMS 0x0000000089000000, 0x0000000089000000| Complete 
| 145|0x0000000089100000, 0x0000000089200000, 0x0000000089200000|100%| E|CS|TAMS 0x0000000089100000, 0x0000000089100000| Complete 
| 146|0x0000000089200000, 0x0000000089300000, 0x0000000089300000|100%| E|CS|TAMS 0x0000000089200000, 0x0000000089200000| Complete 
| 147|0x0000000089300000, 0x0000000089400000, 0x0000000089400000|100%| E|CS|TAMS 0x0000000089300000, 0x0000000089300000| Complete 
| 148|0x0000000089400000, 0x0000000089500000, 0x0000000089500000|100%| E|CS|TAMS 0x0000000089400000, 0x0000000089400000| Complete 
| 149|0x0000000089500000, 0x0000000089600000, 0x0000000089600000|100%| E|CS|TAMS 0x0000000089500000, 0x0000000089500000| Complete 
| 150|0x0000000089600000, 0x0000000089700000, 0x0000000089700000|100%| E|CS|TAMS 0x0000000089600000, 0x0000000089600000| Complete 
| 151|0x0000000089700000, 0x0000000089800000, 0x0000000089800000|100%| E|CS|TAMS 0x0000000089700000, 0x0000000089700000| Complete 
| 152|0x0000000089800000, 0x0000000089900000, 0x0000000089900000|100%| E|CS|TAMS 0x0000000089800000, 0x0000000089800000| Complete 
| 153|0x0000000089900000, 0x0000000089a00000, 0x0000000089a00000|100%| E|CS|TAMS 0x0000000089900000, 0x0000000089900000| Complete 

Card table byte_map: [0x000001e474b70000,0x000001e474f70000] _byte_map_base: 0x000001e474770000

Marking Bits (Prev, Next): (CMBitMap*) 0x000001e470c85a90, (CMBitMap*) 0x000001e470c85a58
 Prev Bits: [0x000001e477370000, 0x000001e479370000)
 Next Bits: [0x000001e475370000, 0x000001e477370000)

Polling page: 0x000001e46ea30000

Metaspace:

Usage:
  Non-class:     68.41 MB capacity,    67.16 MB ( 98%) used,     1.04 MB (  2%) free+waste,   220.25 KB ( <1%) overhead. 
      Class:     10.80 MB capacity,    10.06 MB ( 93%) used,   648.55 KB (  6%) free+waste,   103.06 KB ( <1%) overhead. 
       Both:     79.21 MB capacity,    77.22 MB ( 97%) used,     1.67 MB (  2%) free+waste,   323.31 KB ( <1%) overhead. 

Virtual space:
  Non-class space:       70.00 MB reserved,      68.50 MB ( 98%) committed 
      Class space:        1.00 GB reserved,      10.88 MB (  1%) committed 
             Both:        1.07 GB reserved,      79.38 MB (  7%) committed 

Chunk freelists:
   Non-Class:  28.00 KB
       Class:  14.00 KB
        Both:  42.00 KB

MaxMetaspaceSize: 17179869184.00 GB
CompressedClassSpaceSize: 1.00 GB
Initial GC threshold: 20.80 MB
Current GC threshold: 98.34 MB
CDS: off

CodeHeap 'non-profiled nmethods': size=120064Kb used=6391Kb max_used=6391Kb free=113672Kb
 bounds [0x000001e407ac0000, 0x000001e408100000, 0x000001e40f000000]
CodeHeap 'profiled nmethods': size=120000Kb used=19217Kb max_used=19217Kb free=100782Kb
 bounds [0x000001e400590000, 0x000001e401860000, 0x000001e407ac0000]
CodeHeap 'non-nmethods': size=5696Kb used=2366Kb max_used=2410Kb free=3329Kb
 bounds [0x000001e400000000, 0x000001e400270000, 0x000001e400590000]
 total_blobs=9395 nmethods=8507 adapters=799
 compilation: enabled
              stopped_count=0, restarted_count=0
 full_count=0

Compilation events (20 events):
Event: 52.890 Thread 0x000001e47b893800 8599       1       com.sun.xml.bind.v2.model.impl.PropertyInfoImpl::getAdapter (5 bytes)
Event: 52.890 Thread 0x000001e47b893800 nmethod 8599 0x000001e4080fce90 code [0x000001e4080fd040, 0x000001e4080fd0f8]
Event: 52.890 Thread 0x000001e47b893800 8598       1       com.sun.xml.bind.v2.model.impl.ClassInfoImpl::getClazz (5 bytes)
Event: 52.890 Thread 0x000001e47b893800 nmethod 8598 0x000001e4080fd190 code [0x000001e4080fd340, 0x000001e4080fd3f8]
Event: 52.892 Thread 0x000001e47b893800 8601       3       java.lang.reflect.Field::getDeclaredAnnotations (8 bytes)
Event: 52.892 Thread 0x000001e47b893800 nmethod 8601 0x000001e40183f090 code [0x000001e40183f280, 0x000001e40183f688]
Event: 52.897 Thread 0x000001e47b893800 8602       3       com.sun.xml.bind.v2.model.annotation.Quick::<init> (10 bytes)
Event: 52.898 Thread 0x000001e47b893800 nmethod 8602 0x000001e40183f810 code [0x000001e40183f9c0, 0x000001e40183fb78]
Event: 52.900 Thread 0x000001e47b893800 8603       3       com.sun.xml.bind.v2.model.impl.RuntimeClassInfoImpl$RuntimePropertySeed::getName (10 bytes)
Event: 52.901 Thread 0x000001e47b893800 nmethod 8603 0x000001e40183fc10 code [0x000001e40183fdc0, 0x000001e40183ff88]
Event: 52.901 Thread 0x000001e47b893800 8605       3       com.sun.xml.bind.v2.model.impl.RuntimeElementPropertyInfoImpl::getTypes (5 bytes)
Event: 52.901 Thread 0x000001e47b893800 nmethod 8605 0x000001e401840090 code [0x000001e401840240, 0x000001e401840368]
Event: 52.901 Thread 0x000001e47b893800 8604       3       com.sun.xml.bind.v2.model.impl.FieldPropertySeed::getName (17 bytes)
Event: 52.902 Thread 0x000001e47b893800 nmethod 8604 0x000001e401840410 code [0x000001e4018405e0, 0x000001e401840958]
Event: 52.905 Thread 0x000001e47b893800 8606       3       com.sun.xml.bind.v2.model.nav.ReflectionNavigator::use (9 bytes)
Event: 52.905 Thread 0x000001e47b893800 nmethod 8606 0x000001e401840b10 code [0x000001e401840cc0, 0x000001e401840ef8]
Event: 52.905 Thread 0x000001e47b893800 8607       3       com.sun.xml.bind.v2.model.nav.ReflectionNavigator::use (2 bytes)
Event: 52.905 Thread 0x000001e47b893800 nmethod 8607 0x000001e401841010 code [0x000001e4018411c0, 0x000001e4018412b8]
Event: 52.908 Thread 0x000001e47b893800 8608       3       com.sun.xml.bind.v2.model.annotation.MethodLocatable::<init> (20 bytes)
Event: 52.908 Thread 0x000001e47b893800 nmethod 8608 0x000001e401841390 code [0x000001e401841540, 0x000001e4018417b8]

GC Heap History (20 events):
Event: 43.065 GC heap before
{Heap before GC invocations=20 (full 0):
 garbage-first heap   total 131072K, used 65353K [0x0000000080000000, 0x0000000100000000)
  region size 1024K, 25 young (25600K), 2 survivors (2048K)
 Metaspace       used 58398K, capacity 60015K, committed 60160K, reserved 1101824K
  class space    used 7269K, capacity 7854K, committed 7936K, reserved 1048576K
}
Event: 43.070 GC heap after
{Heap after GC invocations=21 (full 0):
 garbage-first heap   total 131072K, used 43209K [0x0000000080000000, 0x0000000100000000)
  region size 1024K, 2 young (2048K), 2 survivors (2048K)
 Metaspace       used 58398K, capacity 60015K, committed 60160K, reserved 1101824K
  class space    used 7269K, capacity 7854K, committed 7936K, reserved 1048576K
}
Event: 44.339 GC heap before
{Heap before GC invocations=22 (full 0):
 garbage-first heap   total 131072K, used 98505K [0x0000000080000000, 0x0000000100000000)
  region size 1024K, 56 young (57344K), 2 survivors (2048K)
 Metaspace       used 61257K, capacity 62905K, committed 63104K, reserved 1103872K
  class space    used 7676K, capacity 8289K, committed 8320K, reserved 1048576K
}
Event: 44.348 GC heap after
{Heap after GC invocations=23 (full 0):
 garbage-first heap   total 131072K, used 44970K [0x0000000080000000, 0x0000000100000000)
  region size 1024K, 4 young (4096K), 4 survivors (4096K)
 Metaspace       used 61257K, capacity 62905K, committed 63104K, reserved 1103872K
  class space    used 7676K, capacity 8289K, committed 8320K, reserved 1048576K
}
Event: 45.757 GC heap before
{Heap before GC invocations=23 (full 0):
 garbage-first heap   total 131072K, used 107434K [0x0000000080000000, 0x0000000100000000)
  region size 1024K, 58 young (59392K), 4 survivors (4096K)
 Metaspace       used 63560K, capacity 65361K, committed 65536K, reserved 1105920K
  class space    used 7960K, capacity 8615K, committed 8704K, reserved 1048576K
}
Event: 45.767 GC heap after
{Heap after GC invocations=24 (full 0):
 garbage-first heap   total 131072K, used 47903K [0x0000000080000000, 0x0000000100000000)
  region size 1024K, 7 young (7168K), 7 survivors (7168K)
 Metaspace       used 63560K, capacity 65361K, committed 65536K, reserved 1105920K
  class space    used 7960K, capacity 8615K, committed 8704K, reserved 1048576K
}
Event: 46.751 GC heap before
{Heap before GC invocations=24 (full 0):
 garbage-first heap   total 131072K, used 102175K [0x0000000080000000, 0x0000000100000000)
  region size 1024K, 60 young (61440K), 7 survivors (7168K)
 Metaspace       used 65641K, capacity 67425K, committed 67584K, reserved 1107968K
  class space    used 8202K, capacity 8852K, committed 8960K, reserved 1048576K
}
Event: 46.764 GC heap after
{Heap after GC invocations=25 (full 0):
 garbage-first heap   total 131072K, used 50606K [0x0000000080000000, 0x0000000100000000)
  region size 1024K, 7 young (7168K), 7 survivors (7168K)
 Metaspace       used 65641K, capacity 67425K, committed 67584K, reserved 1107968K
  class space    used 8202K, capacity 8852K, committed 8960K, reserved 1048576K
}
Event: 47.584 GC heap before
{Heap before GC invocations=25 (full 0):
 garbage-first heap   total 131072K, used 103854K [0x0000000080000000, 0x0000000100000000)
  region size 1024K, 59 young (60416K), 7 survivors (7168K)
 Metaspace       used 67198K, capacity 69014K, committed 69376K, reserved 1110016K
  class space    used 8449K, capacity 9099K, committed 9216K, reserved 1048576K
}
Event: 47.595 GC heap after
{Heap after GC invocations=26 (full 0):
 garbage-first heap   total 131072K, used 52964K [0x0000000080000000, 0x0000000100000000)
  region size 1024K, 5 young (5120K), 5 survivors (5120K)
 Metaspace       used 67198K, capacity 69014K, committed 69376K, reserved 1110016K
  class space    used 8449K, capacity 9099K, committed 9216K, reserved 1048576K
}
Event: 48.258 GC heap before
{Heap before GC invocations=26 (full 0):
 garbage-first heap   total 131072K, used 106212K [0x0000000080000000, 0x0000000100000000)
  region size 1024K, 57 young (58368K), 5 survivors (5120K)
 Metaspace       used 68334K, capacity 70145K, committed 70272K, reserved 1110016K
  class space    used 8570K, capacity 9263K, committed 9344K, reserved 1048576K
}
Event: 48.270 GC heap after
{Heap after GC invocations=27 (full 0):
 garbage-first heap   total 131072K, used 55401K [0x0000000080000000, 0x0000000100000000)
  region size 1024K, 5 young (5120K), 5 survivors (5120K)
 Metaspace       used 68334K, capacity 70145K, committed 70272K, reserved 1110016K
  class space    used 8570K, capacity 9263K, committed 9344K, reserved 1048576K
}
Event: 49.101 GC heap before
{Heap before GC invocations=27 (full 0):
 garbage-first heap   total 131072K, used 106601K [0x0000000080000000, 0x0000000100000000)
  region size 1024K, 55 young (56320K), 5 survivors (5120K)
 Metaspace       used 70676K, capacity 72524K, committed 72704K, reserved 1112064K
  class space    used 8961K, capacity 9651K, committed 9728K, reserved 1048576K
}
Event: 49.112 GC heap after
{Heap after GC invocations=28 (full 0):
 garbage-first heap   total 131072K, used 56601K [0x0000000080000000, 0x0000000100000000)
  region size 1024K, 4 young (4096K), 4 survivors (4096K)
 Metaspace       used 70676K, capacity 72524K, committed 72704K, reserved 1112064K
  class space    used 8961K, capacity 9651K, committed 9728K, reserved 1048576K
}
Event: 49.859 GC heap before
{Heap before GC invocations=28 (full 0):
 garbage-first heap   total 131072K, used 107801K [0x0000000080000000, 0x0000000100000000)
  region size 1024K, 54 young (55296K), 4 survivors (4096K)
 Metaspace       used 73176K, capacity 75015K, committed 75136K, reserved 1114112K
  class space    used 9412K, capacity 10095K, committed 10112K, reserved 1048576K
}
Event: 49.869 GC heap after
{Heap after GC invocations=29 (full 0):
 garbage-first heap   total 131072K, used 57645K [0x0000000080000000, 0x0000000100000000)
  region size 1024K, 5 young (5120K), 5 survivors (5120K)
 Metaspace       used 73176K, capacity 75015K, committed 75136K, reserved 1114112K
  class space    used 9412K, capacity 10095K, committed 10112K, reserved 1048576K
}
Event: 50.647 GC heap before
{Heap before GC invocations=29 (full 0):
 garbage-first heap   total 131072K, used 108845K [0x0000000080000000, 0x0000000100000000)
  region size 1024K, 55 young (56320K), 5 survivors (5120K)
 Metaspace       used 74499K, capacity 76385K, committed 76672K, reserved 1116160K
  class space    used 9606K, capacity 10295K, committed 10368K, reserved 1048576K
}
Event: 50.660 GC heap after
{Heap after GC invocations=30 (full 0):
 garbage-first heap   total 157696K, used 60481K [0x0000000080000000, 0x0000000100000000)
  region size 1024K, 6 young (6144K), 6 survivors (6144K)
 Metaspace       used 74499K, capacity 76385K, committed 76672K, reserved 1116160K
  class space    used 9606K, capacity 10295K, committed 10368K, reserved 1048576K
}
Event: 51.828 GC heap before
{Heap before GC invocations=30 (full 0):
 garbage-first heap   total 157696K, used 121921K [0x0000000080000000, 0x0000000100000000)
  region size 1024K, 66 young (67584K), 6 survivors (6144K)
 Metaspace       used 76681K, capacity 78711K, committed 78848K, reserved 1118208K
  class space    used 9927K, capacity 10685K, committed 10752K, reserved 1048576K
}
Event: 51.843 GC heap after
{Heap after GC invocations=31 (full 0):
 garbage-first heap   total 157696K, used 63381K [0x0000000080000000, 0x0000000100000000)
  region size 1024K, 7 young (7168K), 7 survivors (7168K)
 Metaspace       used 76681K, capacity 78711K, committed 78848K, reserved 1118208K
  class space    used 9927K, capacity 10685K, committed 10752K, reserved 1048576K
}

Deoptimization events (20 events):
Event: 51.393 Thread 0x000001e40f236800 Uncommon trap: trap_request=0xffffff4d fr.pc=0x000001e4080171ec relative=0x00000000000001ac
Event: 51.393 Thread 0x000001e40f236800 Uncommon trap: reason=unstable_if action=reinterpret pc=0x000001e4080171ec method=java.util.HashMap.getNode(ILjava/lang/Object;)Ljava/util/HashMap$Node; @ 84 c2
Event: 51.393 Thread 0x000001e40f236800 DEOPT PACKING pc=0x000001e4080171ec sp=0x0000008ddb4f8ed0
Event: 51.393 Thread 0x000001e40f236800 DEOPT UNPACKING pc=0x000001e40004a1af sp=0x0000008ddb4f8e58 mode 2
Event: 52.005 Thread 0x000001e40f236800 Uncommon trap: trap_request=0xffffffe4 fr.pc=0x000001e407df72c0 relative=0x0000000000001540
Event: 52.005 Thread 0x000001e40f236800 Uncommon trap: reason=range_check action=make_not_entrant pc=0x000001e407df72c0 method=com.android.tools.tracer.agent.objectweb.asm.ClassReader.readUnsignedShort(I)I @ 19 c2
Event: 52.006 Thread 0x000001e40f236800 DEOPT PACKING pc=0x000001e407df72c0 sp=0x0000008ddb4f2f20
Event: 52.006 Thread 0x000001e40f236800 DEOPT UNPACKING pc=0x000001e40004a1af sp=0x0000008ddb4f2e30 mode 2
Event: 52.054 Thread 0x000001e40f236800 Uncommon trap: trap_request=0xffffff4d fr.pc=0x000001e407f872e4 relative=0x0000000000001044
Event: 52.054 Thread 0x000001e40f236800 Uncommon trap: reason=unstable_if action=reinterpret pc=0x000001e407f872e4 method=sun.nio.fs.WindowsPathParser.nextNonSlash(Ljava/lang/String;II)I @ 2 c2
Event: 52.054 Thread 0x000001e40f236800 DEOPT PACKING pc=0x000001e407f872e4 sp=0x0000008ddb4f8ca0
Event: 52.054 Thread 0x000001e40f236800 DEOPT UNPACKING pc=0x000001e40004a1af sp=0x0000008ddb4f8c10 mode 2
Event: 52.139 Thread 0x000001e40f236800 Uncommon trap: trap_request=0xffffff4d fr.pc=0x000001e407da76c0 relative=0x0000000000001600
Event: 52.139 Thread 0x000001e40f236800 Uncommon trap: reason=unstable_if action=reinterpret pc=0x000001e407da76c0 method=com.android.tools.tracer.agent.objectweb.asm.commons.AdviceAdapter.doVisitMethodInsn(ILjava/lang/String;Ljava/lang/String;)V @ 135 c2
Event: 52.139 Thread 0x000001e40f236800 DEOPT PACKING pc=0x000001e407da76c0 sp=0x0000008ddb4f3d70
Event: 52.139 Thread 0x000001e40f236800 DEOPT UNPACKING pc=0x000001e40004a1af sp=0x0000008ddb4f3d40 mode 2
Event: 52.757 Thread 0x000001e40f236800 Uncommon trap: trap_request=0xfffffff4 fr.pc=0x000001e4080a78e0 relative=0x0000000000002060
Event: 52.757 Thread 0x000001e40f236800 Uncommon trap: reason=null_check action=make_not_entrant pc=0x000001e4080a78e0 method=java.lang.Class.createAnnotationData(I)Ljava/lang/Class$AnnotationData; @ 14 c2
Event: 52.757 Thread 0x000001e40f236800 DEOPT PACKING pc=0x000001e4080a78e0 sp=0x0000008ddb4f6e30
Event: 52.757 Thread 0x000001e40f236800 DEOPT UNPACKING pc=0x000001e40004a1af sp=0x0000008ddb4f6dd0 mode 2

Classes redefined (0 events):
No events

Internal exceptions (20 events):
Event: 50.686 Thread 0x000001e40f236800 Exception <a 'java/lang/ClassNotFoundException'{0x00000000896360e8}: org/gradle/api/internal/artifacts/configurations/DefaultConfigurationContainer_DecoratedCustomizer> (0x00000000896360e8) thrown at [src/hotspot/share/classfile/systemDictionary.cpp, line 230]
Event: 50.717 Thread 0x000001e40f236800 Exception <a 'java/lang/ClassNotFoundException'{0x00000000894d6500}: org/gradle/api/internal/artifacts/configurations/DefaultConfiguration_DecoratedBeanInfo> (0x00000000894d6500) thrown at [src/hotspot/share/classfile/systemDictionary.cpp, line 230]
Event: 50.719 Thread 0x000001e40f236800 Exception <a 'java/lang/ClassNotFoundException'{0x00000000893049a0}: org/gradle/api/internal/artifacts/configurations/DefaultConfigurationBeanInfo> (0x00000000893049a0) thrown at [src/hotspot/share/classfile/systemDictionary.cpp, line 230]
Event: 50.719 Thread 0x000001e40f236800 Exception <a 'java/lang/ClassNotFoundException'{0x000000008931fd90}: org/gradle/api/internal/file/AbstractFileCollectionBeanInfo> (0x000000008931fd90) thrown at [src/hotspot/share/classfile/systemDictionary.cpp, line 230]
Event: 50.720 Thread 0x000001e40f236800 Exception <a 'java/lang/ClassNotFoundException'{0x000000008933b478}: org/gradle/api/internal/file/AbstractFileCollectionCustomizer> (0x000000008933b478) thrown at [src/hotspot/share/classfile/systemDictionary.cpp, line 230]
Event: 50.721 Thread 0x000001e40f236800 Exception <a 'java/lang/ClassNotFoundException'{0x000000008937ae98}: org/gradle/api/internal/artifacts/configurations/DefaultConfigurationCustomizer> (0x000000008937ae98) thrown at [src/hotspot/share/classfile/systemDictionary.cpp, line 230]
Event: 50.727 Thread 0x000001e40f236800 Exception <a 'java/lang/ClassNotFoundException'{0x000000008921d458}: org/gradle/api/internal/artifacts/configurations/DefaultConfiguration_DecoratedCustomizer> (0x000000008921d458) thrown at [src/hotspot/share/classfile/systemDictionary.cpp, line 230]
Event: 50.735 Thread 0x000001e40f236800 Implicit null exception at 0x000001e408021312 to 0x000001e408022104
Event: 50.753 Thread 0x000001e40f236800 Exception <a 'java/lang/ClassNotFoundException'{0x00000000890cce48}: org/codehaus/groovy/runtime/MethodClosureBeanInfo> (0x00000000890cce48) thrown at [src/hotspot/share/classfile/systemDictionary.cpp, line 230]
Event: 50.759 Thread 0x000001e40f236800 Exception <a 'java/lang/ClassNotFoundException'{0x0000000088ea7c90}: org/codehaus/groovy/runtime/MethodClosureCustomizer> (0x0000000088ea7c90) thrown at [src/hotspot/share/classfile/systemDictionary.cpp, line 230]
Event: 50.764 Thread 0x000001e40f236800 Exception <a 'java/lang/ClassNotFoundException'{0x0000000088d16438}: org/gradle/api/internal/artifacts/configurations/DefaultConfiguration$ConfigurationResolvableDependencies_DecoratedBeanInfo> (0x0000000088d16438) thrown at [src/hotspot/share/classfile/systemDictionary.cpp, line 230]
Event: 50.766 Thread 0x000001e40f236800 Exception <a 'java/lang/ClassNotFoundException'{0x0000000088d4d670}: org/gradle/api/internal/artifacts/configurations/DefaultConfiguration$ConfigurationResolvableDependenciesBeanInfo> (0x0000000088d4d670) thrown at [src/hotspot/share/classfile/systemDictionary.cpp, line 230]
Event: 50.767 Thread 0x000001e40f236800 Exception <a 'java/lang/ClassNotFoundException'{0x0000000088d85d18}: org/gradle/api/internal/artifacts/configurations/DefaultConfiguration$ConfigurationResolvableDependenciesCustomizer> (0x0000000088d85d18) thrown at [src/hotspot/share/classfile/systemDictionary.cpp, line 230]
Event: 50.770 Thread 0x000001e40f236800 Exception <a 'java/lang/ClassNotFoundException'{0x0000000088dcefd8}: org/gradle/api/internal/artifacts/configurations/DefaultConfiguration$ConfigurationResolvableDependencies_DecoratedCustomizer> (0x0000000088dcefd8) thrown at [src/hotspot/share/classfile/systemDictionary.cpp, line 230]
Event: 51.499 Thread 0x000001e40f236800 Exception <a 'java/lang/NoSuchMethodError'{0x0000000086dcb4b0}: 'java.lang.Object java.lang.invoke.DirectMethodHandle$Holder.invokeStatic(java.lang.Object, java.lang.Object, java.lang.Object, java.lang.Object, java.lang.Object, java.lang.Object, int)'> (0x0000000086dcb4b0) thrown at [src/hotspot/share/interpreter/linkResolver.cpp, line 773]
Event: 51.517 Thread 0x000001e40f236800 Exception <a 'java/lang/NoSuchMethodError'{0x0000000086defdc8}: 'java.lang.Object java.lang.invoke.DirectMethodHandle$Holder.invokeStatic(java.lang.Object, java.lang.Object, java.lang.Object, java.lang.Object, java.lang.Object, java.lang.Object, int, int)'> (0x0000000086defdc8) thrown at [src/hotspot/share/interpreter/linkResolver.cpp, line 773]
Event: 51.520 Thread 0x000001e40f236800 Exception <a 'java/lang/NoSuchMethodError'{0x0000000086c15b08}: 'java.lang.Object java.lang.invoke.DirectMethodHandle$Holder.invokeStatic(java.lang.Object, java.lang.Object, java.lang.Object, java.lang.Object, java.lang.Object, java.lang.Object, int, int, java.lang.Object)'> (0x0000000086c15b08) thrown at [src/hotspot/share/interpreter/linkResolver.cpp, line 773]
Event: 51.909 Thread 0x000001e40f236800 Exception <a 'sun/nio/fs/WindowsException'{0x0000000089617a98}> (0x0000000089617a98) thrown at [src/hotspot/share/prims/jni.cpp, line 617]
Event: 52.318 Thread 0x000001e40f236800 Exception <a 'java/lang/NullPointerException'{0x0000000087c38278}> (0x0000000087c38278) thrown at [src/hotspot/share/interpreter/linkResolver.cpp, line 1440]
Event: 52.757 Thread 0x000001e40f236800 Implicit null exception at 0x000001e4080a5aa9 to 0x000001e4080a78b8

Events (20 events):
Event: 52.809 loading class com/android/sdklib/repository/generated/common/v2/ApiDetailsType
Event: 52.809 loading class com/android/sdklib/repository/generated/common/v2/ApiDetailsType done
Event: 52.810 loading class com/android/repository/impl/generated/v2/TypeDetails
Event: 52.810 loading class com/android/repository/impl/generated/v2/TypeDetails done
Event: 52.811 loading class com/android/sdklib/repository/generated/repository/v2/SourceDetailsType
Event: 52.811 loading class com/android/sdklib/repository/generated/repository/v2/SourceDetailsType done
Event: 52.894 loading class com/android/sdklib/repository/generated/repository/v3/PlatformDetailsType
Event: 52.894 loading class com/android/sdklib/repository/generated/repository/v3/PlatformDetailsType done
Event: 52.895 loading class com/android/sdklib/repository/generated/common/v3/ApiDetailsType
Event: 52.895 loading class com/android/sdklib/repository/generated/common/v3/ApiDetailsType done
Event: 52.896 loading class com/android/sdklib/repository/generated/repository/v3/SourceDetailsType
Event: 52.896 loading class com/android/sdklib/repository/generated/repository/v3/SourceDetailsType done
Event: 52.901 loading class com/android/sdklib/repository/generated/addon/v1/MavenType
Event: 52.901 loading class com/android/sdklib/repository/generated/addon/v1/MavenType done
Event: 52.902 loading class com/android/sdklib/repository/meta/DetailsTypes$MavenType
Event: 52.902 loading class com/android/sdklib/repository/meta/DetailsTypes$MavenType done
Event: 52.903 loading class com/android/sdklib/repository/generated/addon/v1/AddonDetailsType
Event: 52.903 loading class com/android/sdklib/repository/generated/addon/v1/AddonDetailsType done
Event: 52.904 loading class com/android/sdklib/repository/generated/addon/v1/ExtraDetailsType
Event: 52.904 loading class com/android/sdklib/repository/generated/addon/v1/ExtraDetailsType done


Dynamic libraries:
0x00007ff6f8390000 - 0x00007ff6f839a000 	C:\Program Files\Android\Android Studio\jbr\bin\java.exe
0x00007ffb9f8f0000 - 0x00007ffb9fae8000 	C:\WINDOWS\SYSTEM32\ntdll.dll
0x00007ffb9f460000 - 0x00007ffb9f51f000 	C:\WINDOWS\System32\KERNEL32.DLL
0x00007ffb9d070000 - 0x00007ffb9d366000 	C:\WINDOWS\System32\KERNELBASE.dll
0x00007ffb9d650000 - 0x00007ffb9d750000 	C:\WINDOWS\System32\ucrtbase.dll
0x00007ffb95a40000 - 0x00007ffb95a57000 	C:\Program Files\Android\Android Studio\jbr\bin\jli.dll
0x00007ffb9f520000 - 0x00007ffb9f6bd000 	C:\WINDOWS\System32\USER32.dll
0x00007ffb9d920000 - 0x00007ffb9d942000 	C:\WINDOWS\System32\win32u.dll
0x00007ffb82ef0000 - 0x00007ffb82f0b000 	C:\Program Files\Android\Android Studio\jbr\bin\VCRUNTIME140.dll
0x00007ffb9f290000 - 0x00007ffb9f2bc000 	C:\WINDOWS\System32\GDI32.dll
0x00007ffb9d800000 - 0x00007ffb9d915000 	C:\WINDOWS\System32\gdi32full.dll
0x00007ffb835a0000 - 0x00007ffb8383a000 	C:\WINDOWS\WinSxS\amd64_microsoft.windows.common-controls_6595b64144ccf1df_6.0.19041.1110_none_60b5254171f9507e\COMCTL32.dll
0x00007ffb9eb10000 - 0x00007ffb9ebae000 	C:\WINDOWS\System32\msvcrt.dll
0x00007ffb9cfd0000 - 0x00007ffb9d06d000 	C:\WINDOWS\System32\msvcp_win.dll
0x00007ffb9da00000 - 0x00007ffb9da30000 	C:\WINDOWS\System32\IMM32.DLL
0x00007ffb860d0000 - 0x00007ffb860dc000 	C:\Program Files\Android\Android Studio\jbr\bin\vcruntime140_1.dll
0x00007ffb7b350000 - 0x00007ffb7b3dd000 	C:\Program Files\Android\Android Studio\jbr\bin\msvcp140.dll
0x00007ffb44af0000 - 0x00007ffb456ac000 	C:\Program Files\Android\Android Studio\jbr\bin\server\jvm.dll
0x00007ffb9d950000 - 0x00007ffb9d9ff000 	C:\WINDOWS\System32\ADVAPI32.dll
0x00007ffb9dfe0000 - 0x00007ffb9e07c000 	C:\WINDOWS\System32\sechost.dll
0x00007ffb9f2c0000 - 0x00007ffb9f3e6000 	C:\WINDOWS\System32\RPCRT4.dll
0x00007ffb9e200000 - 0x00007ffb9e208000 	C:\WINDOWS\System32\PSAPI.DLL
0x00007ffb98430000 - 0x00007ffb98439000 	C:\WINDOWS\SYSTEM32\WSOCK32.dll
0x00007ffb9f3f0000 - 0x00007ffb9f45b000 	C:\WINDOWS\System32\WS2_32.dll
0x00007ffb8de90000 - 0x00007ffb8deb7000 	C:\WINDOWS\SYSTEM32\WINMM.dll
0x00007ffb90b00000 - 0x00007ffb90b0a000 	C:\WINDOWS\SYSTEM32\VERSION.dll
0x00007ffb9b7e0000 - 0x00007ffb9b7f2000 	C:\WINDOWS\SYSTEM32\kernel.appcore.dll
0x00007ffb98400000 - 0x00007ffb98410000 	C:\Program Files\Android\Android Studio\jbr\bin\verify.dll
0x00007ffb8cde0000 - 0x00007ffb8cfc4000 	C:\WINDOWS\SYSTEM32\DBGHELP.DLL
0x00007ffb8cda0000 - 0x00007ffb8cdd4000 	C:\WINDOWS\SYSTEM32\dbgcore.DLL
0x00007ffb9d410000 - 0x00007ffb9d492000 	C:\WINDOWS\System32\bcryptPrimitives.dll
0x00007ffb956d0000 - 0x00007ffb956f8000 	C:\Program Files\Android\Android Studio\jbr\bin\java.dll
0x00007ffb96f20000 - 0x00007ffb96f2a000 	C:\Program Files\Android\Android Studio\jbr\bin\jimage.dll
0x00007ffb96de0000 - 0x00007ffb96dee000 	C:\Program Files\Android\Android Studio\jbr\bin\instrument.dll
0x00007ffb959e0000 - 0x00007ffb959f8000 	C:\Program Files\Android\Android Studio\jbr\bin\zip.dll
0x00007ffb9e3c0000 - 0x00007ffb9eb04000 	C:\WINDOWS\System32\SHELL32.dll
0x00007ffb9aa00000 - 0x00007ffb9b193000 	C:\WINDOWS\SYSTEM32\windows.storage.dll
0x00007ffb9db20000 - 0x00007ffb9de74000 	C:\WINDOWS\System32\combase.dll
0x00007ffb9c870000 - 0x00007ffb9c89e000 	C:\WINDOWS\SYSTEM32\Wldp.dll
0x00007ffb9de80000 - 0x00007ffb9df2d000 	C:\WINDOWS\System32\SHCORE.dll
0x00007ffb9da30000 - 0x00007ffb9da85000 	C:\WINDOWS\System32\shlwapi.dll
0x00007ffb9cf10000 - 0x00007ffb9cf2f000 	C:\WINDOWS\SYSTEM32\profapi.dll
0x00007ffb95a10000 - 0x00007ffb95a1a000 	C:\Program Files\Android\Android Studio\jbr\bin\management.dll
0x00007ffb8a030000 - 0x00007ffb8a03b000 	C:\Program Files\Android\Android Studio\jbr\bin\management_ext.dll
0x00007ffb85f30000 - 0x00007ffb85f49000 	C:\Program Files\Android\Android Studio\jbr\bin\net.dll
0x00007ffb91f60000 - 0x00007ffb9206a000 	C:\WINDOWS\SYSTEM32\WINHTTP.dll
0x00007ffb9c650000 - 0x00007ffb9c6ba000 	C:\WINDOWS\system32\mswsock.dll
0x00007ffb85e30000 - 0x00007ffb85e43000 	C:\Program Files\Android\Android Studio\jbr\bin\nio.dll
0x00007ffb76a50000 - 0x00007ffb76a67000 	C:\WINDOWS\system32\napinsp.dll
0x00007ffb76a70000 - 0x00007ffb76a8b000 	C:\WINDOWS\system32\pnrpnsp.dll
0x00007ffb88ac0000 - 0x00007ffb88ad5000 	C:\WINDOWS\system32\wshbth.dll
0x00007ffb98320000 - 0x00007ffb9833d000 	C:\WINDOWS\system32\NLAapi.dll
0x00007ffb9c360000 - 0x00007ffb9c39c000 	C:\WINDOWS\SYSTEM32\IPHLPAPI.DLL
0x00007ffb9c3a0000 - 0x00007ffb9c46b000 	C:\WINDOWS\SYSTEM32\DNSAPI.dll
0x00007ffb9e3a0000 - 0x00007ffb9e3a8000 	C:\WINDOWS\System32\NSI.dll
0x00007ffb7b4f0000 - 0x00007ffb7b502000 	C:\WINDOWS\System32\winrnr.dll
0x00007ffb90c40000 - 0x00007ffb90c4a000 	C:\Windows\System32\rasadhlp.dll
0x00007ffb91ae0000 - 0x00007ffb91b62000 	C:\WINDOWS\System32\fwpuclnt.dll
0x00007ffb9d370000 - 0x00007ffb9d397000 	C:\WINDOWS\System32\bcrypt.dll
0x00007ffb7b3e0000 - 0x00007ffb7b407000 	C:\Users\shahzaib lptp\AndroidStudioProjects\loginsqlite\native\e1d6ef7f7dcc3fd88c89a11ec53ec762bb8ba0a96d01ffa2cd45eb1d1d8dd5c5\windows-amd64\native-platform.dll
0x00007ffb76210000 - 0x00007ffb76354000 	C:\Users\shahzaib lptp\AndroidStudioProjects\loginsqlite\native\0d407fdbe67a94daf76414ababcb853783967236a71b16ec16e742cd7a986fd3\windows-amd64\native-platform-file-events.dll
0x00007ffb9cbb0000 - 0x00007ffb9cbc8000 	C:\WINDOWS\SYSTEM32\CRYPTSP.dll
0x00007ffb9bf90000 - 0x00007ffb9bfc4000 	C:\WINDOWS\system32\rsaenh.dll
0x00007ffb9ced0000 - 0x00007ffb9cefe000 	C:\WINDOWS\SYSTEM32\USERENV.dll
0x00007ffb9c7e0000 - 0x00007ffb9c7ec000 	C:\WINDOWS\SYSTEM32\CRYPTBASE.dll
0x00007ffb92180000 - 0x00007ffb92197000 	C:\WINDOWS\SYSTEM32\dhcpcsvc6.DLL
0x00007ffb923c0000 - 0x00007ffb923dd000 	C:\WINDOWS\SYSTEM32\dhcpcsvc.DLL

dbghelp: loaded successfully - version: 4.0.5 - missing functions: none
symbol engine: initialized successfully - sym options: 0x614 - pdb path: .;C:\Program Files\Android\Android Studio\jbr\bin;C:\WINDOWS\SYSTEM32;C:\WINDOWS\WinSxS\amd64_microsoft.windows.common-controls_6595b64144ccf1df_6.0.19041.1110_none_60b5254171f9507e;C:\Program Files\Android\Android Studio\jbr\bin\server;C:\Users\shahzaib lptp\AndroidStudioProjects\loginsqlite\native\e1d6ef7f7dcc3fd88c89a11ec53ec762bb8ba0a96d01ffa2cd45eb1d1d8dd5c5\windows-amd64;C:\Users\shahzaib lptp\AndroidStudioProjects\loginsqlite\native\0d407fdbe67a94daf76414ababcb853783967236a71b16ec16e742cd7a986fd3\windows-amd64

VM Arguments:
jvm_args: -javaagent:C:\Program Files\Android\Android Studio\plugins\android\resources\trace_agent.jar=C:\Users\SHAHZA~1\AppData\Local\Temp\sync.trace.profile --add-opens=java.base/java.util=ALL-UNNAMED --add-opens=java.base/java.lang=ALL-UNNAMED --add-opens=java.base/java.lang.invoke=ALL-UNNAMED --add-opens=java.base/java.util=ALL-UNNAMED --add-opens=java.prefs/java.util.prefs=ALL-UNNAMED --add-opens=java.prefs/java.util.prefs=ALL-UNNAMED --add-opens=java.base/java.nio.charset=ALL-UNNAMED --add-opens=java.base/java.net=ALL-UNNAMED --add-opens=java.base/java.util.concurrent.atomic=ALL-UNNAMED -Xmx2048m -Dfile.encoding=UTF-8 -Duser.country=US -Duser.language=en -Duser.variant 
java_command: org.gradle.launcher.daemon.bootstrap.GradleDaemon 7.5
java_class_path (initial): C:\Users\shahzaib lptp\AndroidStudioProjects\loginsqlite\wrapper\dists\gradle-7.5-bin\f1w0cc9nuo0eivz97x2xlu9sv\gradle-7.5\lib\gradle-launcher-7.5.jar
Launcher Type: SUN_STANDARD

[Global flags]
     intx CICompilerCount                          = 3                                         {product} {ergonomic}
     uint ConcGCThreads                            = 1                                         {product} {ergonomic}
     uint G1ConcRefinementThreads                  = 4                                         {product} {ergonomic}
   size_t G1HeapRegionSize                         = 1048576                                   {product} {ergonomic}
    uintx GCDrainStackTargetSize                   = 64                                        {product} {ergonomic}
   size_t InitialHeapSize                          = 134217728                                 {product} {ergonomic}
   size_t MarkStackSize                            = 4194304                                   {product} {ergonomic}
   size_t MaxHeapSize                              = 2147483648                                {product} {command line}
   size_t MaxNewSize                               = 1287651328                                {product} {ergonomic}
   size_t MinHeapDeltaBytes                        = 1048576                                   {product} {ergonomic}
    uintx NonNMethodCodeHeapSize                   = 5830732                                {pd product} {ergonomic}
    uintx NonProfiledCodeHeapSize                  = 122913754                              {pd product} {ergonomic}
    uintx ProfiledCodeHeapSize                     = 122913754                              {pd product} {ergonomic}
    uintx ReservedCodeCacheSize                    = 251658240                              {pd product} {ergonomic}
     bool SegmentedCodeCache                       = true                                      {product} {ergonomic}
     bool UseCompressedClassPointers               = true                                 {lp64_product} {ergonomic}
     bool UseCompressedOops                        = true                                 {lp64_product} {ergonomic}
     bool UseG1GC                                  = true                                      {product} {ergonomic}
     bool UseLargePagesIndividualAllocation        = false                                  {pd product} {ergonomic}

Logging:
Log output configuration:
 #0: stdout all=warning uptime,level,tags
 #1: stderr all=off uptime,level,tags

Environment Variables:
PATH=C:\Program Files\Python310\Scripts\;C:\Program Files\Python310\;C:\Program Files\Common Files\Oracle\Java\javapath;C:\app\bin;C:\app\shahzaiblptp\product\11.2.0\dbhome_1\bin;C:\WINDOWS\system32;C:\WINDOWS;C:\WINDOWS\System32\Wbem;C:\WINDOWS\System32\WindowsPowerShell\v1.0\;c:\Program Files (x86)\Microsoft SQL Server\100\Tools\Binn\;c:\Program Files\Microsoft SQL Server\100\Tools\Binn\;c:\Program Files\Microsoft SQL Server\100\DTS\Binn\;C:\WINDOWS\System32\OpenSSH\;C:\ProgramData\chocolatey\bin;%JAVA_HOME%\bin;C:\Program Files\Git\cmd;C:\Users\shahzaib lptp\AppData\Local\Microsoft\WindowsApps;C:\Program Files\JetBrains\IntelliJ IDEA Community Edition 2021.3\bin;;C:\Program Files\Python310\PyCharm Community Edition 2022.1\bin;;C:\Users\shahzaib lptp\AppData\Local\Programs\Microsoft VS Code\bin;C:\Program Files\flutter\bin;C:\src\flutter\bin;C:\Program Files\Android\Android Studio\bin;
USERNAME=shahzaib lptp
OS=Windows_NT
PROCESSOR_IDENTIFIER=Intel64 Family 6 Model 69 Stepping 1, GenuineIntel



---------------  S Y S T E M  ---------------

OS: Windows 10 , 64 bit Build 19041 (10.0.19041.2913)
OS uptime: 2 days 21:10 hours
Hyper-V role detected

CPU:total 4 (initial active 4) (2 cores per cpu, 2 threads per core) family 6 model 69 stepping 1 microcode 0x26, cmov, cx8, fxsr, mmx, sse, sse2, sse3, ssse3, sse4.1, sse4.2, popcnt, avx, avx2, aes, clmul, erms, lzcnt, ht, tsc, tscinvbit, bmi1, bmi2, fma

Memory: 4k page, system-wide physical 8073M (281M free)
TotalPageFile size 10073M (AvailPageFile size 3M)
current process WorkingSet (physical memory assigned to process): 376M, peak: 376M
current process commit charge ("private bytes"): 404M, peak: 405M

vm_info: OpenJDK 64-Bit Server VM (11.0.15+0-b2043.56-9505619) for windows-amd64 JRE (11.0.15+0-b2043.56-9505619), built on Jan 19 2023 02:48:00 by "builduser" with unknown MS VC++:1929

END.
