#
# There is insufficient memory for the Java Runtime Environment to continue.
# Native memory allocation (malloc) failed to allocate 1650096 bytes for Chunk::new
# Possible reasons:
#   The system is out of physical RAM or swap space
#   The process is running with CompressedOops enabled, and the Java Heap may be blocking the growth of the native heap
# Possible solutions:
#   Reduce memory load on the system
#   Increase physical memory or swap space
#   Check if swap backing store is full
#   Decrease Java heap size (-Xmx/-Xms)
#   Decrease number of Java threads
#   Decrease Java thread stack sizes (-Xss)
#   Set larger code cache with -XX:ReservedCodeCacheSize=
#   JVM is running with Unscaled Compressed Oops mode in which the Java heap is
#     placed in the first 4GB address space. The Java Heap base address is the
#     maximum limit for the native heap growth. Please use -XX:HeapBaseMinAddress
#     to set the Java Heap base and to place the Java Heap above 4GB virtual address.
# This output file may be truncated or incomplete.
#
#  Out of Memory Error (src/hotspot/share/memory/arena.cpp:197), pid=11192, tid=2556
#
# JRE version: OpenJDK Runtime Environment (11.0.15) (build 11.0.15+0-b2043.56-9505619)
# Java VM: OpenJDK 64-Bit Server VM (11.0.15+0-b2043.56-9505619, mixed mode, tiered, compressed oops, g1 gc, windows-amd64)
# No core dump will be written. Minidumps are not enabled by default on client versions of Windows
#

---------------  S U M M A R Y ------------

Command Line: -javaagent:C:\Program Files\Android\Android Studio\plugins\android\resources\trace_agent.jar=C:\Users\SHAHZA~1\AppData\Local\Temp\sync.trace.profile --add-opens=java.base/java.util=ALL-UNNAMED --add-opens=java.base/java.lang=ALL-UNNAMED --add-opens=java.base/java.lang.invoke=ALL-UNNAMED --add-opens=java.base/java.util=ALL-UNNAMED --add-opens=java.prefs/java.util.prefs=ALL-UNNAMED --add-opens=java.prefs/java.util.prefs=ALL-UNNAMED --add-opens=java.base/java.nio.charset=ALL-UNNAMED --add-opens=java.base/java.net=ALL-UNNAMED --add-opens=java.base/java.util.concurrent.atomic=ALL-UNNAMED -Xmx2048m -Dfile.encoding=UTF-8 -Duser.country=US -Duser.language=en -Duser.variant org.gradle.launcher.daemon.bootstrap.GradleDaemon 7.5

Host: Intel(R) Core(TM) i5-4310U CPU @ 2.00GHz, 4 cores, 7G,  Windows 10 , 64 bit Build 19041 (10.0.19041.2788)
Time: Mon May  8 16:01:42 2023 Pakistan Standard Time elapsed time: 26.479498 seconds (0d 0h 0m 26s)

---------------  T H R E A D  ---------------

Current thread (0x00000210234db800):  JavaThread "C2 CompilerThread0" daemon [_thread_in_native, id=2556, stack(0x000000e95e400000,0x000000e95e500000)]


Current CompileTask:
C2:  26479 6796       4       jdk.internal.org.objectweb.asm.Frame::execute (2264 bytes)

Stack: [0x000000e95e400000,0x000000e95e500000]
Native frames: (J=compiled Java code, j=interpreted, Vv=VM code, C=native code)
V  [jvm.dll+0x64135a]
V  [jvm.dll+0x7d39f9]
V  [jvm.dll+0x7d51b9]
V  [jvm.dll+0x7d58a3]
V  [jvm.dll+0x2691c5]
V  [jvm.dll+0xc1a5c]
V  [jvm.dll+0xc200c]
V  [jvm.dll+0x3774a7]
V  [jvm.dll+0x342495]
V  [jvm.dll+0x34186a]
V  [jvm.dll+0x2214bd]
V  [jvm.dll+0x220498]
V  [jvm.dll+0x19e851]
V  [jvm.dll+0x230479]
V  [jvm.dll+0x22e5ef]
V  [jvm.dll+0x794de1]
V  [jvm.dll+0x78dc24]
V  [jvm.dll+0x6400f6]
C  [ucrtbase.dll+0x21bb2]
C  [KERNEL32.DLL+0x17604]
C  [ntdll.dll+0x526a1]


---------------  P R O C E S S  ---------------

Threads class SMR info:
_java_thread_list=0x0000021027aed720, length=79, elements={
0x00000210098a2000, 0x00000210234b7000, 0x00000210234c0800, 0x0000021023e43000,
0x00000210234d6800, 0x00000210234d7800, 0x00000210234db800, 0x00000210234e2000,
0x00000210234e4000, 0x0000021023f0d800, 0x0000021026567800, 0x0000021025e60000,
0x000002102824b800, 0x00000210297ea000, 0x0000021028250000, 0x0000021027f60000,
0x0000021028bb5000, 0x000002102663e800, 0x0000021024bb0800, 0x0000021025fb4000,
0x0000021028990800, 0x0000021028991800, 0x0000021028992800, 0x0000021028993000,
0x0000021028994000, 0x0000021028990000, 0x0000021028995000, 0x000002102898f000,
0x0000021028995800, 0x0000021024519800, 0x000002102451a800, 0x000002102451d000,
0x000002102451d800, 0x0000021024518800, 0x0000021024524000, 0x0000021024521800,
0x0000021024525000, 0x000002102419d800, 0x000002102451f000, 0x0000021024522800,
0x0000021024526000, 0x0000021024520000, 0x0000021024526800, 0x0000021024521000,
0x0000021024523800, 0x000002102a670800, 0x000002102a672000, 0x000002102a66c800,
0x000002102a673000, 0x000002102a66e800, 0x000002102a66d000, 0x000002102a66e000,
0x000002102a66f800, 0x000002102a671000, 0x00000210267d3000, 0x00000210267d0800,
0x00000210267d4000, 0x00000210267d1800, 0x00000210267d2800, 0x00000210267d4800,
0x00000210267cf000, 0x00000210267d5800, 0x00000210267d0000, 0x00000210267d9000,
0x00000210267dc000, 0x00000210267d9800, 0x00000210267db800, 0x00000210267d8000,
0x00000210267d6800, 0x00000210267dd000, 0x00000210267da800, 0x00000210267d7000,
0x00000210267dd800, 0x0000021025e12000, 0x0000021025e18800, 0x0000021025e15000,
0x0000021025e13000, 0x0000021025e19800, 0x0000021025e16000
}

Java Threads: ( => current thread )
  0x00000210098a2000 JavaThread "main" [_thread_blocked, id=2604, stack(0x000000e95d800000,0x000000e95d900000)]
  0x00000210234b7000 JavaThread "Reference Handler" daemon [_thread_blocked, id=3604, stack(0x000000e95df00000,0x000000e95e000000)]
  0x00000210234c0800 JavaThread "Finalizer" daemon [_thread_blocked, id=14936, stack(0x000000e95e000000,0x000000e95e100000)]
  0x0000021023e43000 JavaThread "Signal Dispatcher" daemon [_thread_blocked, id=4772, stack(0x000000e95e100000,0x000000e95e200000)]
  0x00000210234d6800 JavaThread "Attach Listener" daemon [_thread_blocked, id=15632, stack(0x000000e95e200000,0x000000e95e300000)]
  0x00000210234d7800 JavaThread "Service Thread" daemon [_thread_blocked, id=13592, stack(0x000000e95e300000,0x000000e95e400000)]
=>0x00000210234db800 JavaThread "C2 CompilerThread0" daemon [_thread_in_native, id=2556, stack(0x000000e95e400000,0x000000e95e500000)]
  0x00000210234e2000 JavaThread "C1 CompilerThread0" daemon [_thread_in_vm, id=2356, stack(0x000000e95e500000,0x000000e95e600000)]
  0x00000210234e4000 JavaThread "Sweeper thread" daemon [_thread_blocked, id=4324, stack(0x000000e95e600000,0x000000e95e700000)]
  0x0000021023f0d800 JavaThread "Common-Cleaner" daemon [_thread_blocked, id=14468, stack(0x000000e95e700000,0x000000e95e800000)]
  0x0000021026567800 JavaThread "Daemon health stats" [_thread_blocked, id=14000, stack(0x000000e95ec00000,0x000000e95ed00000)]
  0x0000021025e60000 JavaThread "Incoming local TCP Connector on port 53261" [_thread_in_native, id=2484, stack(0x000000e95ed00000,0x000000e95ee00000)]
  0x000002102824b800 JavaThread "Daemon" [_thread_blocked, id=240, stack(0x000000e95ee00000,0x000000e95ef00000)]
  0x00000210297ea000 JavaThread "Daemon periodic checks" [_thread_blocked, id=2804, stack(0x000000e95ef00000,0x000000e95f000000)]
  0x0000021028250000 JavaThread "Handler for socket connection from /127.0.0.1:53261 to /127.0.0.1:53262" [_thread_in_native, id=10864, stack(0x000000e95f000000,0x000000e95f100000)]
  0x0000021027f60000 JavaThread "Cancel handler" [_thread_blocked, id=844, stack(0x000000e95f100000,0x000000e95f200000)]
  0x0000021028bb5000 JavaThread "Daemon worker" [_thread_in_vm, id=15800, stack(0x000000e95f200000,0x000000e95f300000)]
  0x000002102663e800 JavaThread "Asynchronous log dispatcher for DefaultDaemonConnection: socket connection from /127.0.0.1:53261 to /127.0.0.1:53262" [_thread_blocked, id=15960, stack(0x000000e95f300000,0x000000e95f400000)]
  0x0000021024bb0800 JavaThread "Stdin handler" [_thread_blocked, id=11232, stack(0x000000e95f400000,0x000000e95f500000)]
  0x0000021025fb4000 JavaThread "Daemon client event forwarder" [_thread_blocked, id=1544, stack(0x000000e95f500000,0x000000e95f600000)]
  0x0000021028990800 JavaThread "Cache worker for journal cache (C:\Users\shahzaib lptp\AndroidStudioProjects\loginsqlite\caches\journal-1)" [_thread_blocked, id=16376, stack(0x000000e95f700000,0x000000e95f800000)]
  0x0000021028991800 JavaThread "File lock request listener" [_thread_in_native, id=15196, stack(0x000000e95f800000,0x000000e95f900000)]
  0x0000021028992800 JavaThread "Cache worker for file hash cache (C:\Users\shahzaib lptp\AndroidStudioProjects\loginsqlite\caches\7.5\fileHashes)" [_thread_blocked, id=6968, stack(0x000000e95f900000,0x000000e95fa00000)]
  0x0000021028993000 JavaThread "File watcher server" daemon [_thread_in_native, id=2548, stack(0x000000e95fa00000,0x000000e95fb00000)]
  0x0000021028994000 JavaThread "File watcher consumer" daemon [_thread_blocked, id=13412, stack(0x000000e95fb00000,0x000000e95fc00000)]
  0x0000021028990000 JavaThread "Cache worker for checksums cache (C:\Users\shahzaib lptp\AndroidStudioProjects\EyeonwaterApp\.gradle\7.5\checksums)" [_thread_blocked, id=5116, stack(0x000000e95fc00000,0x000000e95fd00000)]
  0x0000021028995000 JavaThread "Cache worker for cache directory md-rule (C:\Users\shahzaib lptp\AndroidStudioProjects\loginsqlite\caches\7.5\md-rule)" [_thread_blocked, id=12368, stack(0x000000e95fd00000,0x000000e95fe00000)]
  0x000002102898f000 JavaThread "Cache worker for file content cache (C:\Users\shahzaib lptp\AndroidStudioProjects\loginsqlite\caches\7.5\fileContent)" [_thread_blocked, id=15228, stack(0x000000e95fe00000,0x000000e95ff00000)]
  0x0000021028995800 JavaThread "Cache worker for file hash cache (C:\Users\shahzaib lptp\AndroidStudioProjects\EyeonwaterApp\.gradle\7.5\fileHashes)" [_thread_blocked, id=16236, stack(0x000000e95ff00000,0x000000e960000000)]
  0x0000021024519800 JavaThread "Cache worker for cache directory md-supplier (C:\Users\shahzaib lptp\AndroidStudioProjects\loginsqlite\caches\7.5\md-supplier)" [_thread_blocked, id=12008, stack(0x000000e960000000,0x000000e960100000)]
  0x000002102451a800 JavaThread "Cache worker for execution history cache (C:\Users\shahzaib lptp\AndroidStudioProjects\loginsqlite\caches\7.5\executionHistory)" [_thread_blocked, id=10248, stack(0x000000e960100000,0x000000e960200000)]
  0x000002102451d000 JavaThread "jar transforms" [_thread_blocked, id=3192, stack(0x000000e960200000,0x000000e960300000)]
  0x000002102451d800 JavaThread "jar transforms Thread 2" [_thread_blocked, id=12832, stack(0x000000e960300000,0x000000e960400000)]
  0x0000021024518800 JavaThread "jar transforms Thread 3" [_thread_blocked, id=16004, stack(0x000000e960400000,0x000000e960500000)]
  0x0000021024524000 JavaThread "jar transforms Thread 4" [_thread_blocked, id=13508, stack(0x000000e960500000,0x000000e960600000)]
  0x0000021024521800 JavaThread "Cache worker for dependencies-accessors (C:\Users\shahzaib lptp\AndroidStudioProjects\EyeonwaterApp\.gradle\7.5\dependencies-accessors)" [_thread_blocked, id=7600, stack(0x000000e960600000,0x000000e960700000)]
  0x0000021024525000 JavaThread "Cache worker for Build Output Cleanup Cache (C:\Users\shahzaib lptp\AndroidStudioProjects\EyeonwaterApp\.gradle\buildOutputCleanup)" [_thread_blocked, id=2172, stack(0x000000e95e800000,0x000000e95e900000)]
  0x000002102419d800 JavaThread "C2 CompilerThread1" daemon [_thread_in_native, id=8328, stack(0x000000e960700000,0x000000e960800000)]
  0x000002102451f000 JavaThread "Unconstrained build operations" [_thread_blocked, id=13052, stack(0x000000e960800000,0x000000e960900000)]
  0x0000021024522800 JavaThread "Unconstrained build operations Thread 2" [_thread_blocked, id=7928, stack(0x000000e960900000,0x000000e960a00000)]
  0x0000021024526000 JavaThread "Unconstrained build operations Thread 3" [_thread_blocked, id=15544, stack(0x000000e960a00000,0x000000e960b00000)]
  0x0000021024520000 JavaThread "Unconstrained build operations Thread 4" [_thread_blocked, id=15184, stack(0x000000e960b00000,0x000000e960c00000)]
  0x0000021024526800 JavaThread "Unconstrained build operations Thread 5" [_thread_blocked, id=10796, stack(0x000000e960c00000,0x000000e960d00000)]
  0x0000021024521000 JavaThread "Unconstrained build operations Thread 6" [_thread_blocked, id=9580, stack(0x000000e960d00000,0x000000e960e00000)]
  0x0000021024523800 JavaThread "Unconstrained build operations Thread 7" [_thread_blocked, id=5980, stack(0x000000e960e00000,0x000000e960f00000)]
  0x000002102a670800 JavaThread "Unconstrained build operations Thread 8" [_thread_blocked, id=8952, stack(0x000000e960f00000,0x000000e961000000)]
  0x000002102a672000 JavaThread "Unconstrained build operations Thread 9" [_thread_blocked, id=5644, stack(0x000000e961000000,0x000000e961100000)]
  0x000002102a66c800 JavaThread "Unconstrained build operations Thread 10" [_thread_blocked, id=3268, stack(0x000000e961100000,0x000000e961200000)]
  0x000002102a673000 JavaThread "Unconstrained build operations Thread 11" [_thread_blocked, id=14368, stack(0x000000e961200000,0x000000e961300000)]
  0x000002102a66e800 JavaThread "Unconstrained build operations Thread 12" [_thread_blocked, id=4464, stack(0x000000e961300000,0x000000e961400000)]
  0x000002102a66d000 JavaThread "Unconstrained build operations Thread 13" [_thread_blocked, id=13820, stack(0x000000e961400000,0x000000e961500000)]
  0x000002102a66e000 JavaThread "Unconstrained build operations Thread 14" [_thread_blocked, id=4580, stack(0x000000e961500000,0x000000e961600000)]
  0x000002102a66f800 JavaThread "Unconstrained build operations Thread 15" [_thread_blocked, id=4776, stack(0x000000e961600000,0x000000e961700000)]
  0x000002102a671000 JavaThread "Unconstrained build operations Thread 16" [_thread_blocked, id=8828, stack(0x000000e961700000,0x000000e961800000)]
  0x00000210267d3000 JavaThread "Unconstrained build operations Thread 17" [_thread_blocked, id=4868, stack(0x000000e961800000,0x000000e961900000)]
  0x00000210267d0800 JavaThread "Unconstrained build operations Thread 18" [_thread_blocked, id=7100, stack(0x000000e961900000,0x000000e961a00000)]
  0x00000210267d4000 JavaThread "Unconstrained build operations Thread 19" [_thread_blocked, id=12092, stack(0x000000e961a00000,0x000000e961b00000)]
  0x00000210267d1800 JavaThread "Unconstrained build operations Thread 20" [_thread_blocked, id=3492, stack(0x000000e961b00000,0x000000e961c00000)]
  0x00000210267d2800 JavaThread "Unconstrained build operations Thread 21" [_thread_blocked, id=9844, stack(0x000000e961c00000,0x000000e961d00000)]
  0x00000210267d4800 JavaThread "Unconstrained build operations Thread 22" [_thread_blocked, id=14860, stack(0x000000e961d00000,0x000000e961e00000)]
  0x00000210267cf000 JavaThread "Unconstrained build operations Thread 23" [_thread_blocked, id=13420, stack(0x000000e961e00000,0x000000e961f00000)]
  0x00000210267d5800 JavaThread "Unconstrained build operations Thread 24" [_thread_blocked, id=10060, stack(0x000000e961f00000,0x000000e962000000)]
  0x00000210267d0000 JavaThread "Unconstrained build operations Thread 25" [_thread_blocked, id=11316, stack(0x000000e962000000,0x000000e962100000)]
  0x00000210267d9000 JavaThread "Unconstrained build operations Thread 26" [_thread_blocked, id=3172, stack(0x000000e962100000,0x000000e962200000)]
  0x00000210267dc000 JavaThread "Unconstrained build operations Thread 27" [_thread_blocked, id=13784, stack(0x000000e962200000,0x000000e962300000)]
  0x00000210267d9800 JavaThread "Unconstrained build operations Thread 28" [_thread_blocked, id=9996, stack(0x000000e962300000,0x000000e962400000)]
  0x00000210267db800 JavaThread "Unconstrained build operations Thread 29" [_thread_blocked, id=13500, stack(0x000000e962400000,0x000000e962500000)]
  0x00000210267d8000 JavaThread "Unconstrained build operations Thread 30" [_thread_blocked, id=10756, stack(0x000000e962500000,0x000000e962600000)]
  0x00000210267d6800 JavaThread "Unconstrained build operations Thread 31" [_thread_blocked, id=5960, stack(0x000000e962600000,0x000000e962700000)]
  0x00000210267dd000 JavaThread "Unconstrained build operations Thread 32" [_thread_blocked, id=10316, stack(0x000000e962700000,0x000000e962800000)]
  0x00000210267da800 JavaThread "Unconstrained build operations Thread 33" [_thread_blocked, id=11372, stack(0x000000e962800000,0x000000e962900000)]
  0x00000210267d7000 JavaThread "Unconstrained build operations Thread 34" [_thread_blocked, id=11496, stack(0x000000e962900000,0x000000e962a00000)]
  0x00000210267dd800 JavaThread "Unconstrained build operations Thread 35" [_thread_blocked, id=8000, stack(0x000000e962a00000,0x000000e962b00000)]
  0x0000021025e12000 JavaThread "Unconstrained build operations Thread 36" [_thread_blocked, id=2936, stack(0x000000e962b00000,0x000000e962c00000)]
  0x0000021025e18800 JavaThread "Unconstrained build operations Thread 37" [_thread_blocked, id=14756, stack(0x000000e962c00000,0x000000e962d00000)]
  0x0000021025e15000 JavaThread "Unconstrained build operations Thread 38" [_thread_blocked, id=8224, stack(0x000000e962d00000,0x000000e962e00000)]
  0x0000021025e13000 JavaThread "Unconstrained build operations Thread 39" [_thread_blocked, id=15720, stack(0x000000e962e00000,0x000000e962f00000)]
  0x0000021025e19800 JavaThread "Unconstrained build operations Thread 40" [_thread_blocked, id=15040, stack(0x000000e962f00000,0x000000e963000000)]
  0x0000021025e16000 JavaThread "build event listener" [_thread_blocked, id=10772, stack(0x000000e963000000,0x000000e963100000)]

Other Threads:
  0x00000210234b3000 VMThread "VM Thread" [stack: 0x000000e95de00000,0x000000e95df00000] [id=3864]
  0x0000021024a26800 WatcherThread [stack: 0x000000e95e900000,0x000000e95ea00000] [id=14852]
  0x00000210098bd800 GCTaskThread "GC Thread#0" [stack: 0x000000e95d900000,0x000000e95da00000] [id=13320]
  0x0000021024b61800 GCTaskThread "GC Thread#1" [stack: 0x000000e95ea00000,0x000000e95eb00000] [id=11868]
  0x0000021024c2c000 GCTaskThread "GC Thread#2" [stack: 0x000000e95eb00000,0x000000e95ec00000] [id=14012]
  0x000002102a1c3800 GCTaskThread "GC Thread#3" [stack: 0x000000e95f600000,0x000000e95f700000] [id=7248]
  0x00000210098ee000 ConcurrentGCThread "G1 Main Marker" [stack: 0x000000e95da00000,0x000000e95db00000] [id=908]
  0x00000210098ef000 ConcurrentGCThread "G1 Conc#0" [stack: 0x000000e95db00000,0x000000e95dc00000] [id=6956]
  0x000002100997e000 ConcurrentGCThread "G1 Refine#0" [stack: 0x000000e95dc00000,0x000000e95dd00000] [id=11632]
  0x0000021023302800 ConcurrentGCThread "G1 Young RemSet Sampling" [stack: 0x000000e95dd00000,0x000000e95de00000] [id=8092]

Threads with active compile tasks:
C2 CompilerThread0    26550 6796       4       jdk.internal.org.objectweb.asm.Frame::execute (2264 bytes)
C1 CompilerThread0    26550 6847       3       org.gradle.internal.instantiation.generator.AsmBackedClassGenerator$ClassBuilderImpl$32::<init> (403 bytes)
C2 CompilerThread1    26550 6704   !   4       com.google.common.reflect.TypeVisitor::visit (244 bytes)

VM state:not at safepoint (normal execution)

VM Mutex/Monitor currently owned by a thread: None

Heap address: 0x0000000080000000, size: 2048 MB, Compressed Oops mode: 32-bit
Narrow klass base: 0x0000000000000000, Narrow klass shift: 3
Compressed class space size: 1073741824 Address: 0x0000000100000000

Heap:
 garbage-first heap   total 189440K, used 48017K [0x0000000080000000, 0x0000000100000000)
  region size 1024K, 9 young (9216K), 3 survivors (3072K)
 Metaspace       used 58656K, capacity 60322K, committed 60492K, reserved 1101824K
  class space    used 7340K, capacity 7956K, committed 8012K, reserved 1048576K
Heap Regions: E=young(eden), S=young(survivor), O=old, HS=humongous(starts), HC=humongous(continues), CS=collection set, F=free, A=archive, TAMS=top-at-mark-start (previous, next)
|   0|0x0000000080000000, 0x0000000080100000, 0x0000000080100000|100%| O|  |TAMS 0x0000000080100000, 0x0000000080000000| Updating 
|   1|0x0000000080100000, 0x0000000080200000, 0x0000000080200000|100%| O|  |TAMS 0x0000000080200000, 0x0000000080100000| Updating 
|   2|0x0000000080200000, 0x0000000080300000, 0x0000000080300000|100%| O|  |TAMS 0x0000000080300000, 0x0000000080200000| Updating 
|   3|0x0000000080300000, 0x0000000080400000, 0x0000000080400000|100%|HS|  |TAMS 0x0000000080400000, 0x0000000080300000| Complete 
|   4|0x0000000080400000, 0x0000000080500000, 0x0000000080500000|100%|HC|  |TAMS 0x0000000080500000, 0x0000000080400000| Complete 
|   5|0x0000000080500000, 0x0000000080600000, 0x0000000080600000|100%|HC|  |TAMS 0x0000000080600000, 0x0000000080500000| Complete 
|   6|0x0000000080600000, 0x0000000080700000, 0x0000000080700000|100%| O|  |TAMS 0x0000000080700000, 0x0000000080600000| Updating 
|   7|0x0000000080700000, 0x0000000080800000, 0x0000000080800000|100%| O|  |TAMS 0x0000000080800000, 0x0000000080700000| Updating 
|   8|0x0000000080800000, 0x0000000080900000, 0x0000000080900000|100%| O|  |TAMS 0x0000000080900000, 0x0000000080800000| Updating 
|   9|0x0000000080900000, 0x0000000080a00000, 0x0000000080a00000|100%| O|  |TAMS 0x0000000080a00000, 0x0000000080900000| Updating 
|  10|0x0000000080a00000, 0x0000000080b00000, 0x0000000080b00000|100%| O|  |TAMS 0x0000000080b00000, 0x0000000080a00000| Updating 
|  11|0x0000000080b00000, 0x0000000080c00000, 0x0000000080c00000|100%| O|  |TAMS 0x0000000080c00000, 0x0000000080b00000| Updating 
|  12|0x0000000080c00000, 0x0000000080d00000, 0x0000000080d00000|100%| O|  |TAMS 0x0000000080d00000, 0x0000000080c00000| Updating 
|  13|0x0000000080d00000, 0x0000000080e00000, 0x0000000080e00000|100%| O|  |TAMS 0x0000000080e00000, 0x0000000080d00000| Updating 
|  14|0x0000000080e00000, 0x0000000080f00000, 0x0000000080f00000|100%| O|  |TAMS 0x0000000080f00000, 0x0000000080e00000| Updating 
|  15|0x0000000080f00000, 0x0000000081000000, 0x0000000081000000|100%| O|  |TAMS 0x0000000081000000, 0x0000000080f00000| Updating 
|  16|0x0000000081000000, 0x0000000081100000, 0x0000000081100000|100%| O|  |TAMS 0x0000000081100000, 0x0000000081000000| Updating 
|  17|0x0000000081100000, 0x0000000081200000, 0x0000000081200000|100%| O|  |TAMS 0x0000000081200000, 0x0000000081100000| Updating 
|  18|0x0000000081200000, 0x0000000081300000, 0x0000000081300000|100%| O|  |TAMS 0x0000000081300000, 0x0000000081200000| Updating 
|  19|0x0000000081300000, 0x0000000081400000, 0x0000000081400000|100%| O|  |TAMS 0x0000000081400000, 0x0000000081300000| Updating 
|  20|0x0000000081400000, 0x0000000081500000, 0x0000000081500000|100%| O|  |TAMS 0x0000000081500000, 0x0000000081400000| Updating 
|  21|0x0000000081500000, 0x0000000081600000, 0x0000000081600000|100%| O|  |TAMS 0x0000000081600000, 0x0000000081500000| Updating 
|  22|0x0000000081600000, 0x0000000081700000, 0x0000000081700000|100%|HS|  |TAMS 0x0000000081700000, 0x0000000081600000| Complete 
|  23|0x0000000081700000, 0x0000000081800000, 0x0000000081800000|100%|HS|  |TAMS 0x0000000081800000, 0x0000000081700000| Complete 
|  24|0x0000000081800000, 0x0000000081900000, 0x0000000081900000|100%| O|  |TAMS 0x0000000081900000, 0x0000000081800000| Updating 
|  25|0x0000000081900000, 0x0000000081a00000, 0x0000000081a00000|100%| O|  |TAMS 0x0000000081a00000, 0x0000000081900000| Updating 
|  26|0x0000000081a00000, 0x0000000081b00000, 0x0000000081b00000|100%| O|  |TAMS 0x0000000081b00000, 0x0000000081a00000| Updating 
|  27|0x0000000081b00000, 0x0000000081c00000, 0x0000000081c00000|100%| O|  |TAMS 0x0000000081c00000, 0x0000000081b00000| Updating 
|  28|0x0000000081c00000, 0x0000000081d00000, 0x0000000081d00000|100%| O|  |TAMS 0x0000000081d00000, 0x0000000081c00000| Updating 
|  29|0x0000000081d00000, 0x0000000081e00000, 0x0000000081e00000|100%| O|  |TAMS 0x0000000081e00000, 0x0000000081d00000| Updating 
|  30|0x0000000081e00000, 0x0000000081f00000, 0x0000000081f00000|100%| O|  |TAMS 0x0000000081f00000, 0x0000000081e00000| Updating 
|  31|0x0000000081f00000, 0x0000000082000000, 0x0000000082000000|100%| O|  |TAMS 0x0000000082000000, 0x0000000081f00000| Updating 
|  32|0x0000000082000000, 0x0000000082100000, 0x0000000082100000|100%| O|  |TAMS 0x0000000082100000, 0x0000000082000000| Updating 
|  33|0x0000000082100000, 0x0000000082200000, 0x0000000082200000|100%| O|  |TAMS 0x0000000082200000, 0x0000000082100000| Updating 
|  34|0x0000000082200000, 0x0000000082300000, 0x0000000082300000|100%| O|  |TAMS 0x0000000082300000, 0x0000000082200000| Updating 
|  35|0x0000000082300000, 0x0000000082400000, 0x0000000082400000|100%| O|  |TAMS 0x0000000082400000, 0x0000000082300000| Updating 
|  36|0x0000000082400000, 0x0000000082500000, 0x0000000082500000|100%| O|  |TAMS 0x0000000082500000, 0x0000000082400000| Updating 
|  37|0x0000000082500000, 0x0000000082600000, 0x0000000082600000|100%| O|  |TAMS 0x0000000082600000, 0x0000000082500000| Updating 
|  38|0x0000000082600000, 0x0000000082700000, 0x0000000082700000|100%| O|  |TAMS 0x0000000082700000, 0x0000000082600000| Updating 
|  39|0x0000000082700000, 0x00000000827a4e00, 0x0000000082800000| 64%| O|  |TAMS 0x00000000827a4e00, 0x0000000082700000| Updating 
|  40|0x0000000082800000, 0x0000000082800000, 0x0000000082900000|  0%| F|  |TAMS 0x0000000082800000, 0x0000000082800000| Untracked 
|  41|0x0000000082900000, 0x0000000082900000, 0x0000000082a00000|  0%| F|  |TAMS 0x0000000082900000, 0x0000000082900000| Untracked 
|  42|0x0000000082a00000, 0x0000000082a00000, 0x0000000082b00000|  0%| F|  |TAMS 0x0000000082a00000, 0x0000000082a00000| Untracked 
|  43|0x0000000082b00000, 0x0000000082b00000, 0x0000000082c00000|  0%| F|  |TAMS 0x0000000082b00000, 0x0000000082b00000| Untracked 
|  44|0x0000000082c00000, 0x0000000082c00000, 0x0000000082d00000|  0%| F|  |TAMS 0x0000000082c00000, 0x0000000082c00000| Untracked 
|  45|0x0000000082d00000, 0x0000000082d00000, 0x0000000082e00000|  0%| F|  |TAMS 0x0000000082d00000, 0x0000000082d00000| Untracked 
|  46|0x0000000082e00000, 0x0000000082e00000, 0x0000000082f00000|  0%| F|  |TAMS 0x0000000082e00000, 0x0000000082e00000| Untracked 
|  47|0x0000000082f00000, 0x0000000082f00000, 0x0000000083000000|  0%| F|  |TAMS 0x0000000082f00000, 0x0000000082f00000| Untracked 
|  48|0x0000000083000000, 0x0000000083000000, 0x0000000083100000|  0%| F|  |TAMS 0x0000000083000000, 0x0000000083000000| Untracked 
|  49|0x0000000083100000, 0x0000000083100000, 0x0000000083200000|  0%| F|  |TAMS 0x0000000083100000, 0x0000000083100000| Untracked 
|  50|0x0000000083200000, 0x0000000083200000, 0x0000000083300000|  0%| F|  |TAMS 0x0000000083200000, 0x0000000083200000| Untracked 
|  51|0x0000000083300000, 0x0000000083300000, 0x0000000083400000|  0%| F|  |TAMS 0x0000000083300000, 0x0000000083300000| Untracked 
|  52|0x0000000083400000, 0x0000000083400000, 0x0000000083500000|  0%| F|  |TAMS 0x0000000083400000, 0x0000000083400000| Untracked 
|  53|0x0000000083500000, 0x0000000083500000, 0x0000000083600000|  0%| F|  |TAMS 0x0000000083500000, 0x0000000083500000| Untracked 
|  54|0x0000000083600000, 0x0000000083600000, 0x0000000083700000|  0%| F|  |TAMS 0x0000000083600000, 0x0000000083600000| Untracked 
|  55|0x0000000083700000, 0x0000000083700000, 0x0000000083800000|  0%| F|  |TAMS 0x0000000083700000, 0x0000000083700000| Untracked 
|  56|0x0000000083800000, 0x0000000083800000, 0x0000000083900000|  0%| F|  |TAMS 0x0000000083800000, 0x0000000083800000| Untracked 
|  57|0x0000000083900000, 0x0000000083900000, 0x0000000083a00000|  0%| F|  |TAMS 0x0000000083900000, 0x0000000083900000| Untracked 
|  58|0x0000000083a00000, 0x0000000083a00000, 0x0000000083b00000|  0%| F|  |TAMS 0x0000000083a00000, 0x0000000083a00000| Untracked 
|  59|0x0000000083b00000, 0x0000000083b00000, 0x0000000083c00000|  0%| F|  |TAMS 0x0000000083b00000, 0x0000000083b00000| Untracked 
|  60|0x0000000083c00000, 0x0000000083c00000, 0x0000000083d00000|  0%| F|  |TAMS 0x0000000083c00000, 0x0000000083c00000| Untracked 
|  61|0x0000000083d00000, 0x0000000083d00000, 0x0000000083e00000|  0%| F|  |TAMS 0x0000000083d00000, 0x0000000083d00000| Untracked 
|  62|0x0000000083e00000, 0x0000000083e00000, 0x0000000083f00000|  0%| F|  |TAMS 0x0000000083e00000, 0x0000000083e00000| Untracked 
|  63|0x0000000083f00000, 0x0000000083f00000, 0x0000000084000000|  0%| F|  |TAMS 0x0000000083f00000, 0x0000000083f00000| Untracked 
|  64|0x0000000084000000, 0x0000000084000000, 0x0000000084100000|  0%| F|  |TAMS 0x0000000084000000, 0x0000000084000000| Untracked 
|  65|0x0000000084100000, 0x0000000084100000, 0x0000000084200000|  0%| F|  |TAMS 0x0000000084100000, 0x0000000084100000| Untracked 
|  66|0x0000000084200000, 0x0000000084200000, 0x0000000084300000|  0%| F|  |TAMS 0x0000000084200000, 0x0000000084200000| Untracked 
|  67|0x0000000084300000, 0x0000000084300000, 0x0000000084400000|  0%| F|  |TAMS 0x0000000084300000, 0x0000000084300000| Untracked 
|  68|0x0000000084400000, 0x0000000084400000, 0x0000000084500000|  0%| F|  |TAMS 0x0000000084400000, 0x0000000084400000| Untracked 
|  69|0x0000000084500000, 0x0000000084500000, 0x0000000084600000|  0%| F|  |TAMS 0x0000000084500000, 0x0000000084500000| Untracked 
|  70|0x0000000084600000, 0x0000000084600000, 0x0000000084700000|  0%| F|  |TAMS 0x0000000084600000, 0x0000000084600000| Untracked 
|  71|0x0000000084700000, 0x0000000084700000, 0x0000000084800000|  0%| F|  |TAMS 0x0000000084700000, 0x0000000084700000| Untracked 
|  72|0x0000000084800000, 0x0000000084800000, 0x0000000084900000|  0%| F|  |TAMS 0x0000000084800000, 0x0000000084800000| Untracked 
|  73|0x0000000084900000, 0x0000000084900000, 0x0000000084a00000|  0%| F|  |TAMS 0x0000000084900000, 0x0000000084900000| Untracked 
|  74|0x0000000084a00000, 0x0000000084a00000, 0x0000000084b00000|  0%| F|  |TAMS 0x0000000084a00000, 0x0000000084a00000| Untracked 
|  75|0x0000000084b00000, 0x0000000084b00000, 0x0000000084c00000|  0%| F|  |TAMS 0x0000000084b00000, 0x0000000084b00000| Untracked 
|  76|0x0000000084c00000, 0x0000000084c00000, 0x0000000084d00000|  0%| F|  |TAMS 0x0000000084c00000, 0x0000000084c00000| Untracked 
|  77|0x0000000084d00000, 0x0000000084d00000, 0x0000000084e00000|  0%| F|  |TAMS 0x0000000084d00000, 0x0000000084d00000| Untracked 
|  78|0x0000000084e00000, 0x0000000084e00000, 0x0000000084f00000|  0%| F|  |TAMS 0x0000000084e00000, 0x0000000084e00000| Untracked 
|  79|0x0000000084f00000, 0x0000000084f00000, 0x0000000085000000|  0%| F|  |TAMS 0x0000000084f00000, 0x0000000084f00000| Untracked 
|  80|0x0000000085000000, 0x0000000085000000, 0x0000000085100000|  0%| F|  |TAMS 0x0000000085000000, 0x0000000085000000| Untracked 
|  81|0x0000000085100000, 0x0000000085100000, 0x0000000085200000|  0%| F|  |TAMS 0x0000000085100000, 0x0000000085100000| Untracked 
|  82|0x0000000085200000, 0x0000000085200000, 0x0000000085300000|  0%| F|  |TAMS 0x0000000085200000, 0x0000000085200000| Untracked 
|  83|0x0000000085300000, 0x0000000085300000, 0x0000000085400000|  0%| F|  |TAMS 0x0000000085300000, 0x0000000085300000| Untracked 
|  84|0x0000000085400000, 0x000000008543f780, 0x0000000085500000| 24%| S|CS|TAMS 0x0000000085400000, 0x0000000085400000| Complete 
|  85|0x0000000085500000, 0x0000000085600000, 0x0000000085600000|100%| S|CS|TAMS 0x0000000085500000, 0x0000000085500000| Complete 
|  86|0x0000000085600000, 0x0000000085700000, 0x0000000085700000|100%| S|CS|TAMS 0x0000000085600000, 0x0000000085600000| Complete 
|  87|0x0000000085700000, 0x0000000085700000, 0x0000000085800000|  0%| F|  |TAMS 0x0000000085700000, 0x0000000085700000| Untracked 
|  88|0x0000000085800000, 0x0000000085800000, 0x0000000085900000|  0%| F|  |TAMS 0x0000000085800000, 0x0000000085800000| Untracked 
|  89|0x0000000085900000, 0x0000000085900000, 0x0000000085a00000|  0%| F|  |TAMS 0x0000000085900000, 0x0000000085900000| Untracked 
|  90|0x0000000085a00000, 0x0000000085a00000, 0x0000000085b00000|  0%| F|  |TAMS 0x0000000085a00000, 0x0000000085a00000| Untracked 
|  91|0x0000000085b00000, 0x0000000085b00000, 0x0000000085c00000|  0%| F|  |TAMS 0x0000000085b00000, 0x0000000085b00000| Untracked 
|  92|0x0000000085c00000, 0x0000000085c00000, 0x0000000085d00000|  0%| F|  |TAMS 0x0000000085c00000, 0x0000000085c00000| Untracked 
|  93|0x0000000085d00000, 0x0000000085d00000, 0x0000000085e00000|  0%| F|  |TAMS 0x0000000085d00000, 0x0000000085d00000| Untracked 
|  94|0x0000000085e00000, 0x0000000085e00000, 0x0000000085f00000|  0%| F|  |TAMS 0x0000000085e00000, 0x0000000085e00000| Untracked 
|  95|0x0000000085f00000, 0x0000000085f00000, 0x0000000086000000|  0%| F|  |TAMS 0x0000000085f00000, 0x0000000085f00000| Untracked 
|  96|0x0000000086000000, 0x0000000086000000, 0x0000000086100000|  0%| F|  |TAMS 0x0000000086000000, 0x0000000086000000| Untracked 
|  97|0x0000000086100000, 0x0000000086100000, 0x0000000086200000|  0%| F|  |TAMS 0x0000000086100000, 0x0000000086100000| Untracked 
|  98|0x0000000086200000, 0x0000000086200000, 0x0000000086300000|  0%| F|  |TAMS 0x0000000086200000, 0x0000000086200000| Untracked 
|  99|0x0000000086300000, 0x0000000086300000, 0x0000000086400000|  0%| F|  |TAMS 0x0000000086300000, 0x0000000086300000| Untracked 
| 100|0x0000000086400000, 0x0000000086400000, 0x0000000086500000|  0%| F|  |TAMS 0x0000000086400000, 0x0000000086400000| Untracked 
| 101|0x0000000086500000, 0x0000000086500000, 0x0000000086600000|  0%| F|  |TAMS 0x0000000086500000, 0x0000000086500000| Untracked 
| 102|0x0000000086600000, 0x0000000086600000, 0x0000000086700000|  0%| F|  |TAMS 0x0000000086600000, 0x0000000086600000| Untracked 
| 103|0x0000000086700000, 0x0000000086700000, 0x0000000086800000|  0%| F|  |TAMS 0x0000000086700000, 0x0000000086700000| Untracked 
| 104|0x0000000086800000, 0x0000000086800000, 0x0000000086900000|  0%| F|  |TAMS 0x0000000086800000, 0x0000000086800000| Untracked 
| 105|0x0000000086900000, 0x0000000086900000, 0x0000000086a00000|  0%| F|  |TAMS 0x0000000086900000, 0x0000000086900000| Untracked 
| 106|0x0000000086a00000, 0x0000000086a00000, 0x0000000086b00000|  0%| F|  |TAMS 0x0000000086a00000, 0x0000000086a00000| Untracked 
| 107|0x0000000086b00000, 0x0000000086b00000, 0x0000000086c00000|  0%| F|  |TAMS 0x0000000086b00000, 0x0000000086b00000| Untracked 
| 108|0x0000000086c00000, 0x0000000086c00000, 0x0000000086d00000|  0%| F|  |TAMS 0x0000000086c00000, 0x0000000086c00000| Untracked 
| 109|0x0000000086d00000, 0x0000000086d00000, 0x0000000086e00000|  0%| F|  |TAMS 0x0000000086d00000, 0x0000000086d00000| Untracked 
| 110|0x0000000086e00000, 0x0000000086e00000, 0x0000000086f00000|  0%| F|  |TAMS 0x0000000086e00000, 0x0000000086e00000| Untracked 
| 111|0x0000000086f00000, 0x0000000086f00000, 0x0000000087000000|  0%| F|  |TAMS 0x0000000086f00000, 0x0000000086f00000| Untracked 
| 112|0x0000000087000000, 0x0000000087000000, 0x0000000087100000|  0%| F|  |TAMS 0x0000000087000000, 0x0000000087000000| Untracked 
| 113|0x0000000087100000, 0x0000000087100000, 0x0000000087200000|  0%| F|  |TAMS 0x0000000087100000, 0x0000000087100000| Untracked 
| 114|0x0000000087200000, 0x0000000087200000, 0x0000000087300000|  0%| F|  |TAMS 0x0000000087200000, 0x0000000087200000| Untracked 
| 115|0x0000000087300000, 0x0000000087300000, 0x0000000087400000|  0%| F|  |TAMS 0x0000000087300000, 0x0000000087300000| Untracked 
| 116|0x0000000087400000, 0x0000000087400000, 0x0000000087500000|  0%| F|  |TAMS 0x0000000087400000, 0x0000000087400000| Untracked 
| 117|0x0000000087500000, 0x0000000087500000, 0x0000000087600000|  0%| F|  |TAMS 0x0000000087500000, 0x0000000087500000| Untracked 
| 118|0x0000000087600000, 0x0000000087600000, 0x0000000087700000|  0%| F|  |TAMS 0x0000000087600000, 0x0000000087600000| Untracked 
| 119|0x0000000087700000, 0x0000000087700000, 0x0000000087800000|  0%| F|  |TAMS 0x0000000087700000, 0x0000000087700000| Untracked 
| 120|0x0000000087800000, 0x0000000087800000, 0x0000000087900000|  0%| F|  |TAMS 0x0000000087800000, 0x0000000087800000| Untracked 
| 121|0x0000000087900000, 0x0000000087900000, 0x0000000087a00000|  0%| F|  |TAMS 0x0000000087900000, 0x0000000087900000| Untracked 
| 122|0x0000000087a00000, 0x0000000087a00000, 0x0000000087b00000|  0%| F|  |TAMS 0x0000000087a00000, 0x0000000087a00000| Untracked 
| 123|0x0000000087b00000, 0x0000000087b00000, 0x0000000087c00000|  0%| F|  |TAMS 0x0000000087b00000, 0x0000000087b00000| Untracked 
| 124|0x0000000087c00000, 0x0000000087c00000, 0x0000000087d00000|  0%| F|  |TAMS 0x0000000087c00000, 0x0000000087c00000| Untracked 
| 125|0x0000000087d00000, 0x0000000087d00000, 0x0000000087e00000|  0%| F|  |TAMS 0x0000000087d00000, 0x0000000087d00000| Untracked 
| 126|0x0000000087e00000, 0x0000000087e00000, 0x0000000087f00000|  0%| F|  |TAMS 0x0000000087e00000, 0x0000000087e00000| Untracked 
| 127|0x0000000087f00000, 0x0000000087f00000, 0x0000000088000000|  0%| F|  |TAMS 0x0000000087f00000, 0x0000000087f00000| Untracked 
| 128|0x0000000088000000, 0x0000000088000000, 0x0000000088100000|  0%| F|  |TAMS 0x0000000088000000, 0x0000000088000000| Untracked 
| 129|0x0000000088100000, 0x0000000088100000, 0x0000000088200000|  0%| F|  |TAMS 0x0000000088100000, 0x0000000088100000| Untracked 
| 130|0x0000000088200000, 0x0000000088200000, 0x0000000088300000|  0%| F|  |TAMS 0x0000000088200000, 0x0000000088200000| Untracked 
| 131|0x0000000088300000, 0x0000000088300000, 0x0000000088400000|  0%| F|  |TAMS 0x0000000088300000, 0x0000000088300000| Untracked 
| 132|0x0000000088400000, 0x0000000088400000, 0x0000000088500000|  0%| F|  |TAMS 0x0000000088400000, 0x0000000088400000| Untracked 
| 133|0x0000000088500000, 0x0000000088500000, 0x0000000088600000|  0%| F|  |TAMS 0x0000000088500000, 0x0000000088500000| Untracked 
| 134|0x0000000088600000, 0x0000000088600000, 0x0000000088700000|  0%| F|  |TAMS 0x0000000088600000, 0x0000000088600000| Untracked 
| 135|0x0000000088700000, 0x0000000088700000, 0x0000000088800000|  0%| F|  |TAMS 0x0000000088700000, 0x0000000088700000| Untracked 
| 136|0x0000000088800000, 0x0000000088800000, 0x0000000088900000|  0%| F|  |TAMS 0x0000000088800000, 0x0000000088800000| Untracked 
| 137|0x0000000088900000, 0x0000000088900000, 0x0000000088a00000|  0%| F|  |TAMS 0x0000000088900000, 0x0000000088900000| Untracked 
| 138|0x0000000088a00000, 0x0000000088a00000, 0x0000000088b00000|  0%| F|  |TAMS 0x0000000088a00000, 0x0000000088a00000| Untracked 
| 139|0x0000000088b00000, 0x0000000088b00000, 0x0000000088c00000|  0%| F|  |TAMS 0x0000000088b00000, 0x0000000088b00000| Untracked 
| 140|0x0000000088c00000, 0x0000000088c00000, 0x0000000088d00000|  0%| F|  |TAMS 0x0000000088c00000, 0x0000000088c00000| Untracked 
| 141|0x0000000088d00000, 0x0000000088d00000, 0x0000000088e00000|  0%| F|  |TAMS 0x0000000088d00000, 0x0000000088d00000| Untracked 
| 142|0x0000000088e00000, 0x0000000088e00000, 0x0000000088f00000|  0%| F|  |TAMS 0x0000000088e00000, 0x0000000088e00000| Untracked 
| 143|0x0000000088f00000, 0x0000000088f00000, 0x0000000089000000|  0%| F|  |TAMS 0x0000000088f00000, 0x0000000088f00000| Untracked 
| 144|0x0000000089000000, 0x0000000089000000, 0x0000000089100000|  0%| F|  |TAMS 0x0000000089000000, 0x0000000089000000| Untracked 
| 145|0x0000000089100000, 0x0000000089100000, 0x0000000089200000|  0%| F|  |TAMS 0x0000000089100000, 0x0000000089100000| Untracked 
| 146|0x0000000089200000, 0x0000000089200000, 0x0000000089300000|  0%| F|  |TAMS 0x0000000089200000, 0x0000000089200000| Untracked 
| 147|0x0000000089300000, 0x0000000089300000, 0x0000000089400000|  0%| F|  |TAMS 0x0000000089300000, 0x0000000089300000| Untracked 
| 148|0x0000000089400000, 0x0000000089400000, 0x0000000089500000|  0%| F|  |TAMS 0x0000000089400000, 0x0000000089400000| Untracked 
| 149|0x0000000089500000, 0x0000000089500000, 0x0000000089600000|  0%| F|  |TAMS 0x0000000089500000, 0x0000000089500000| Untracked 
| 150|0x0000000089600000, 0x0000000089600000, 0x0000000089700000|  0%| F|  |TAMS 0x0000000089600000, 0x0000000089600000| Untracked 
| 151|0x0000000089700000, 0x0000000089700000, 0x0000000089800000|  0%| F|  |TAMS 0x0000000089700000, 0x0000000089700000| Untracked 
| 152|0x0000000089800000, 0x0000000089800000, 0x0000000089900000|  0%| F|  |TAMS 0x0000000089800000, 0x0000000089800000| Untracked 
| 153|0x0000000089900000, 0x0000000089900000, 0x0000000089a00000|  0%| F|  |TAMS 0x0000000089900000, 0x0000000089900000| Untracked 
| 154|0x0000000089a00000, 0x0000000089a00000, 0x0000000089b00000|  0%| F|  |TAMS 0x0000000089a00000, 0x0000000089a00000| Untracked 
| 155|0x0000000089b00000, 0x0000000089b00000, 0x0000000089c00000|  0%| F|  |TAMS 0x0000000089b00000, 0x0000000089b00000| Untracked 
| 156|0x0000000089c00000, 0x0000000089c00000, 0x0000000089d00000|  0%| F|  |TAMS 0x0000000089c00000, 0x0000000089c00000| Untracked 
| 157|0x0000000089d00000, 0x0000000089d00000, 0x0000000089e00000|  0%| F|  |TAMS 0x0000000089d00000, 0x0000000089d00000| Untracked 
| 158|0x0000000089e00000, 0x0000000089e00000, 0x0000000089f00000|  0%| F|  |TAMS 0x0000000089e00000, 0x0000000089e00000| Untracked 
| 159|0x0000000089f00000, 0x0000000089f00000, 0x000000008a000000|  0%| F|  |TAMS 0x0000000089f00000, 0x0000000089f00000| Untracked 
| 160|0x000000008a000000, 0x000000008a000000, 0x000000008a100000|  0%| F|  |TAMS 0x000000008a000000, 0x000000008a000000| Untracked 
| 161|0x000000008a100000, 0x000000008a100000, 0x000000008a200000|  0%| F|  |TAMS 0x000000008a100000, 0x000000008a100000| Untracked 
| 162|0x000000008a200000, 0x000000008a200000, 0x000000008a300000|  0%| F|  |TAMS 0x000000008a200000, 0x000000008a200000| Untracked 
| 163|0x000000008a300000, 0x000000008a300000, 0x000000008a400000|  0%| F|  |TAMS 0x000000008a300000, 0x000000008a300000| Untracked 
| 164|0x000000008a400000, 0x000000008a400000, 0x000000008a500000|  0%| F|  |TAMS 0x000000008a400000, 0x000000008a400000| Untracked 
| 165|0x000000008a500000, 0x000000008a500000, 0x000000008a600000|  0%| F|  |TAMS 0x000000008a500000, 0x000000008a500000| Untracked 
| 166|0x000000008a600000, 0x000000008a600000, 0x000000008a700000|  0%| F|  |TAMS 0x000000008a600000, 0x000000008a600000| Untracked 
| 167|0x000000008a700000, 0x000000008a700000, 0x000000008a800000|  0%| F|  |TAMS 0x000000008a700000, 0x000000008a700000| Untracked 
| 168|0x000000008a800000, 0x000000008a800000, 0x000000008a900000|  0%| F|  |TAMS 0x000000008a800000, 0x000000008a800000| Untracked 
| 169|0x000000008a900000, 0x000000008a900000, 0x000000008aa00000|  0%| F|  |TAMS 0x000000008a900000, 0x000000008a900000| Untracked 
| 170|0x000000008aa00000, 0x000000008aa00000, 0x000000008ab00000|  0%| F|  |TAMS 0x000000008aa00000, 0x000000008aa00000| Untracked 
| 171|0x000000008ab00000, 0x000000008ab00000, 0x000000008ac00000|  0%| F|  |TAMS 0x000000008ab00000, 0x000000008ab00000| Untracked 
| 172|0x000000008ac00000, 0x000000008ac00000, 0x000000008ad00000|  0%| F|  |TAMS 0x000000008ac00000, 0x000000008ac00000| Untracked 
| 173|0x000000008ad00000, 0x000000008ad00000, 0x000000008ae00000|  0%| F|  |TAMS 0x000000008ad00000, 0x000000008ad00000| Untracked 
| 174|0x000000008ae00000, 0x000000008ae00000, 0x000000008af00000|  0%| F|  |TAMS 0x000000008ae00000, 0x000000008ae00000| Untracked 
| 175|0x000000008af00000, 0x000000008af00000, 0x000000008b000000|  0%| F|  |TAMS 0x000000008af00000, 0x000000008af00000| Untracked 
| 176|0x000000008b000000, 0x000000008b000000, 0x000000008b100000|  0%| F|  |TAMS 0x000000008b000000, 0x000000008b000000| Untracked 
| 177|0x000000008b100000, 0x000000008b100000, 0x000000008b200000|  0%| F|  |TAMS 0x000000008b100000, 0x000000008b100000| Untracked 
| 178|0x000000008b200000, 0x000000008b2036f0, 0x000000008b300000|  1%| E|  |TAMS 0x000000008b200000, 0x000000008b200000| Complete 
| 179|0x000000008b300000, 0x000000008b400000, 0x000000008b400000|100%| E|CS|TAMS 0x000000008b300000, 0x000000008b300000| Complete 
| 180|0x000000008b400000, 0x000000008b500000, 0x000000008b500000|100%| E|CS|TAMS 0x000000008b400000, 0x000000008b400000| Complete 
| 181|0x000000008b500000, 0x000000008b600000, 0x000000008b600000|100%| E|CS|TAMS 0x000000008b500000, 0x000000008b500000| Complete 
| 182|0x000000008b600000, 0x000000008b700000, 0x000000008b700000|100%| E|CS|TAMS 0x000000008b600000, 0x000000008b600000| Complete 
| 183|0x000000008b700000, 0x000000008b800000, 0x000000008b800000|100%| E|CS|TAMS 0x000000008b700000, 0x000000008b700000| Complete 
| 184|0x000000008b800000, 0x000000008b900000, 0x000000008b900000|100%| E|CS|TAMS 0x000000008b800000, 0x000000008b800000| Complete 

Card table byte_map: [0x000002101c7d0000,0x000002101cbd0000] _byte_map_base: 0x000002101c3d0000

Marking Bits (Prev, Next): (CMBitMap*) 0x00000210098e5050, (CMBitMap*) 0x00000210098e5018
 Prev Bits: [0x000002101efd0000, 0x0000021020fd0000)
 Next Bits: [0x000002101cfd0000, 0x000002101efd0000)

Polling page: 0x0000021007830000

Metaspace:

Usage:
  Non-class:     51.14 MB capacity,    50.12 MB ( 98%) used,   881.40 KB (  2%) free+waste,   165.25 KB ( <1%) overhead. 
      Class:      7.77 MB capacity,     7.18 MB ( 92%) used,   528.19 KB (  7%) free+waste,    78.81 KB ( <1%) overhead. 
       Both:     58.91 MB capacity,    57.29 MB ( 97%) used,     1.38 MB (  2%) free+waste,   244.06 KB ( <1%) overhead. 

Virtual space:
  Non-class space:       52.00 MB reserved,      51.25 MB ( 99%) committed 
      Class space:        1.00 GB reserved,       7.82 MB ( <1%) committed 
             Both:        1.05 GB reserved,      59.07 MB (  5%) committed 

Chunk freelists:
   Non-Class:  50.00 KB
       Class:  44.00 KB
        Both:  94.00 KB

MaxMetaspaceSize: 17179869184.00 GB
CompressedClassSpaceSize: 1.00 GB
Initial GC threshold: 20.80 MB
Current GC threshold: 98.46 MB
CDS: off

CodeHeap 'non-profiled nmethods': size=120064Kb used=4955Kb max_used=4955Kb free=115109Kb
 bounds [0x0000021014e90000, 0x0000021015370000, 0x000002101c3d0000]
CodeHeap 'profiled nmethods': size=120000Kb used=14677Kb max_used=14677Kb free=105322Kb
 bounds [0x000002100d960000, 0x000002100e7c0000, 0x0000021014e90000]
CodeHeap 'non-nmethods': size=5696Kb used=2329Kb max_used=2366Kb free=3366Kb
 bounds [0x000002100d3d0000, 0x000002100d640000, 0x000002100d960000]
 total_blobs=7564 nmethods=6724 adapters=752
 compilation: enabled
              stopped_count=0, restarted_count=0
 full_count=0

Compilation events (20 events):
Event: 26.416 Thread 0x00000210234e2000 6822       3       org.gradle.tooling.internal.provider.runner.ClientBuildEventGenerator::started (168 bytes)
Event: 26.418 Thread 0x00000210234e2000 nmethod 6822 0x000002100e78c310 code [0x000002100e78c620, 0x000002100e78d6c8]
Event: 26.424 Thread 0x00000210234e2000 6823       3       org.gradle.tooling.internal.provider.runner.ClientBuildEventGenerator$Disabled::accept (20 bytes)
Event: 26.424 Thread 0x00000210234e2000 nmethod 6823 0x000002100e78db90 code [0x000002100e78dd60, 0x000002100e78df58]
Event: 26.434 Thread 0x00000210234e2000 6824       3       java.lang.invoke.DelegatingMethodHandle::<init> (10 bytes)
Event: 26.435 Thread 0x00000210234e2000 nmethod 6824 0x000002100e78e090 code [0x000002100e78e280, 0x000002100e78e6b8]
Event: 26.437 Thread 0x00000210234e2000 6825       3       sun.invoke.util.VerifyAccess$1::<init> (15 bytes)
Event: 26.438 Thread 0x00000210234e2000 nmethod 6825 0x000002100e78e810 code [0x000002100e78e9c0, 0x000002100e78ebd8]
Event: 26.438 Thread 0x00000210234e2000 6826       3       sun.invoke.util.VerifyAccess$1::run (5 bytes)
Event: 26.438 Thread 0x00000210234e2000 nmethod 6826 0x000002100e78ec90 code [0x000002100e78ee60, 0x000002100e78f048]
Event: 26.452 Thread 0x00000210234e2000 6827       3       java.net.URL::openConnection (9 bytes)
Event: 26.452 Thread 0x00000210234e2000 nmethod 6827 0x000002100e78f110 code [0x000002100e78f2c0, 0x000002100e78f488]
Event: 26.461 Thread 0x00000210234e2000 6828       3       jdk.internal.reflect.ClassFileAssembler::append (30 bytes)
Event: 26.462 Thread 0x00000210234e2000 nmethod 6828 0x000002100e78f590 code [0x000002100e78f7a0, 0x000002100e78fc58]
Event: 26.470 Thread 0x00000210234e2000 6829       3       org.gradle.internal.Describables$AbstractDescribable::<init> (5 bytes)
Event: 26.471 Thread 0x00000210234e2000 nmethod 6829 0x000002100e78ff10 code [0x000002100e7900c0, 0x000002100e790278]
Event: 26.471 Thread 0x00000210234e2000 6830       3       org.gradle.internal.Describables$AbstractDescribable::<init> (5 bytes)
Event: 26.471 Thread 0x00000210234e2000 nmethod 6830 0x000002100e790390 code [0x000002100e790540, 0x000002100e790698]
Event: 26.471 Thread 0x00000210234e2000 6831       3       org.gradle.internal.operations.DefaultBuildOperationListenerManager$ProgressShieldingBuildOperationListener::finished (26 bytes)
Event: 26.472 Thread 0x00000210234e2000 nmethod 6831 0x000002100e790790 code [0x000002100e790960, 0x000002100e790c18]

GC Heap History (20 events):
Event: 12.018 GC heap before
{Heap before GC invocations=8 (full 0):
 garbage-first heap   total 131072K, used 92191K [0x0000000080000000, 0x0000000100000000)
  region size 1024K, 76 young (77824K), 5 survivors (5120K)
 Metaspace       used 30377K, capacity 31070K, committed 31232K, reserved 1077248K
  class space    used 3945K, capacity 4232K, committed 4352K, reserved 1048576K
}
Event: 12.030 GC heap after
{Heap after GC invocations=9 (full 0):
 garbage-first heap   total 131072K, used 20615K [0x0000000080000000, 0x0000000100000000)
  region size 1024K, 6 young (6144K), 6 survivors (6144K)
 Metaspace       used 30377K, capacity 31070K, committed 31232K, reserved 1077248K
  class space    used 3945K, capacity 4232K, committed 4352K, reserved 1048576K
}
Event: 14.163 GC heap before
{Heap before GC invocations=9 (full 0):
 garbage-first heap   total 131072K, used 92295K [0x0000000080000000, 0x0000000100000000)
  region size 1024K, 76 young (77824K), 6 survivors (6144K)
 Metaspace       used 33970K, capacity 34794K, committed 35072K, reserved 1079296K
  class space    used 4493K, capacity 4813K, committed 4864K, reserved 1048576K
}
Event: 14.178 GC heap after
{Heap after GC invocations=10 (full 0):
 garbage-first heap   total 131072K, used 21739K [0x0000000080000000, 0x0000000100000000)
  region size 1024K, 7 young (7168K), 7 survivors (7168K)
 Metaspace       used 33970K, capacity 34794K, committed 35072K, reserved 1079296K
  class space    used 4493K, capacity 4813K, committed 4864K, reserved 1048576K
}
Event: 16.336 GC heap before
{Heap before GC invocations=10 (full 0):
 garbage-first heap   total 131072K, used 40171K [0x0000000080000000, 0x0000000100000000)
  region size 1024K, 26 young (26624K), 7 survivors (7168K)
 Metaspace       used 34924K, capacity 35730K, committed 35840K, reserved 1081344K
  class space    used 4573K, capacity 4912K, committed 4992K, reserved 1048576K
}
Event: 16.359 GC heap after
{Heap after GC invocations=11 (full 0):
 garbage-first heap   total 131072K, used 22471K [0x0000000080000000, 0x0000000100000000)
  region size 1024K, 6 young (6144K), 6 survivors (6144K)
 Metaspace       used 34924K, capacity 35730K, committed 35840K, reserved 1081344K
  class space    used 4573K, capacity 4912K, committed 4992K, reserved 1048576K
}
Event: 18.270 GC heap before
{Heap before GC invocations=12 (full 0):
 garbage-first heap   total 131072K, used 93127K [0x0000000080000000, 0x0000000100000000)
  region size 1024K, 76 young (77824K), 6 survivors (6144K)
 Metaspace       used 38813K, capacity 39818K, committed 39936K, reserved 1083392K
  class space    used 4971K, capacity 5338K, committed 5376K, reserved 1048576K
}
Event: 18.285 GC heap after
{Heap after GC invocations=13 (full 0):
 garbage-first heap   total 157696K, used 23970K [0x0000000080000000, 0x0000000100000000)
  region size 1024K, 6 young (6144K), 6 survivors (6144K)
 Metaspace       used 38813K, capacity 39818K, committed 39936K, reserved 1083392K
  class space    used 4971K, capacity 5338K, committed 5376K, reserved 1048576K
}
Event: 20.933 GC heap before
{Heap before GC invocations=13 (full 0):
 garbage-first heap   total 157696K, used 121250K [0x0000000080000000, 0x0000000100000000)
  region size 1024K, 92 young (94208K), 6 survivors (6144K)
 Metaspace       used 41701K, capacity 42719K, committed 42752K, reserved 1087488K
  class space    used 5219K, capacity 5616K, committed 5632K, reserved 1048576K
}
Event: 20.955 GC heap after
{Heap after GC invocations=14 (full 0):
 garbage-first heap   total 157696K, used 28537K [0x0000000080000000, 0x0000000100000000)
  region size 1024K, 11 young (11264K), 11 survivors (11264K)
 Metaspace       used 41701K, capacity 42719K, committed 42752K, reserved 1087488K
  class space    used 5219K, capacity 5616K, committed 5632K, reserved 1048576K
}
Event: 22.090 GC heap before
{Heap before GC invocations=14 (full 0):
 garbage-first heap   total 157696K, used 111481K [0x0000000080000000, 0x0000000100000000)
  region size 1024K, 92 young (94208K), 11 survivors (11264K)
 Metaspace       used 44912K, capacity 46148K, committed 46464K, reserved 1089536K
  class space    used 5716K, capacity 6164K, committed 6272K, reserved 1048576K
}
Event: 22.114 GC heap after
{Heap after GC invocations=15 (full 0):
 garbage-first heap   total 157696K, used 29898K [0x0000000080000000, 0x0000000100000000)
  region size 1024K, 8 young (8192K), 8 survivors (8192K)
 Metaspace       used 44912K, capacity 46148K, committed 46464K, reserved 1089536K
  class space    used 5716K, capacity 6164K, committed 6272K, reserved 1048576K
}
Event: 22.905 GC heap before
{Heap before GC invocations=15 (full 0):
 garbage-first heap   total 157696K, used 117962K [0x0000000080000000, 0x0000000100000000)
  region size 1024K, 92 young (94208K), 8 survivors (8192K)
 Metaspace       used 48135K, capacity 49481K, committed 49664K, reserved 1091584K
  class space    used 6093K, capacity 6553K, committed 6656K, reserved 1048576K
}
Event: 22.923 GC heap after
{Heap after GC invocations=16 (full 0):
 garbage-first heap   total 157696K, used 31451K [0x0000000080000000, 0x0000000100000000)
  region size 1024K, 4 young (4096K), 4 survivors (4096K)
 Metaspace       used 48135K, capacity 49481K, committed 49664K, reserved 1091584K
  class space    used 6093K, capacity 6553K, committed 6656K, reserved 1048576K
}
Event: 24.592 GC heap before
{Heap before GC invocations=16 (full 0):
 garbage-first heap   total 157696K, used 123611K [0x0000000080000000, 0x0000000100000000)
  region size 1024K, 92 young (94208K), 4 survivors (4096K)
 Metaspace       used 51186K, capacity 52747K, committed 52864K, reserved 1095680K
  class space    used 6458K, capacity 6998K, committed 7040K, reserved 1048576K
}
Event: 24.608 GC heap after
{Heap after GC invocations=17 (full 0):
 garbage-first heap   total 157696K, used 41605K [0x0000000080000000, 0x0000000100000000)
  region size 1024K, 12 young (12288K), 12 survivors (12288K)
 Metaspace       used 51186K, capacity 52747K, committed 52864K, reserved 1095680K
  class space    used 6458K, capacity 6998K, committed 7040K, reserved 1048576K
}
Event: 25.567 GC heap before
{Heap before GC invocations=17 (full 0):
 garbage-first heap   total 157696K, used 123525K [0x0000000080000000, 0x0000000100000000)
  region size 1024K, 92 young (94208K), 12 survivors (12288K)
 Metaspace       used 55074K, capacity 56691K, committed 56960K, reserved 1099776K
  class space    used 6937K, capacity 7485K, committed 7552K, reserved 1048576K
}
Event: 25.587 GC heap after
{Heap after GC invocations=18 (full 0):
 garbage-first heap   total 157696K, used 42323K [0x0000000080000000, 0x0000000100000000)
  region size 1024K, 2 young (2048K), 2 survivors (2048K)
 Metaspace       used 55074K, capacity 56691K, committed 56960K, reserved 1099776K
  class space    used 6937K, capacity 7485K, committed 7552K, reserved 1048576K
}
Event: 26.362 GC heap before
{Heap before GC invocations=18 (full 0):
 garbage-first heap   total 157696K, used 109907K [0x0000000080000000, 0x0000000100000000)
  region size 1024K, 69 young (70656K), 2 survivors (2048K)
 Metaspace       used 58439K, capacity 60107K, committed 60160K, reserved 1101824K
  class space    used 7299K, capacity 7904K, committed 7936K, reserved 1048576K
}
Event: 26.376 GC heap after
{Heap after GC invocations=19 (full 0):
 garbage-first heap   total 189440K, used 42897K [0x0000000080000000, 0x0000000100000000)
  region size 1024K, 3 young (3072K), 3 survivors (3072K)
 Metaspace       used 58439K, capacity 60107K, committed 60160K, reserved 1101824K
  class space    used 7299K, capacity 7904K, committed 7936K, reserved 1048576K
}

Deoptimization events (20 events):
Event: 25.321 Thread 0x0000021028bb5000 DEOPT PACKING pc=0x000002100df1b03b sp=0x000000e95f2f7440
Event: 25.321 Thread 0x0000021028bb5000 DEOPT UNPACKING pc=0x000002100d41a95e sp=0x000000e95f2f6928 mode 0
Event: 25.453 Thread 0x0000021028bb5000 Uncommon trap: trap_request=0xffffffc6 fr.pc=0x0000021015305100 relative=0x0000000000000340
Event: 25.453 Thread 0x0000021028bb5000 Uncommon trap: reason=bimorphic_or_optimized_type_check action=maybe_recompile pc=0x0000021015305100 method=com.google.common.collect.RegularImmutableSet.contains(Ljava/lang/Object;)Z @ 42 c2
Event: 25.453 Thread 0x0000021028bb5000 DEOPT PACKING pc=0x0000021015305100 sp=0x000000e95f2f78f0
Event: 25.453 Thread 0x0000021028bb5000 DEOPT UNPACKING pc=0x000002100d41a1af sp=0x000000e95f2f7890 mode 2
Event: 25.485 Thread 0x0000021028bb5000 Uncommon trap: trap_request=0xffffff4d fr.pc=0x000002101528b250 relative=0x00000000000002f0
Event: 25.485 Thread 0x0000021028bb5000 Uncommon trap: reason=unstable_if action=reinterpret pc=0x000002101528b250 method=org.gradle.internal.instantiation.generator.AbstractClassGenerator$InjectionAnnotationValidator.validateMethod(Ljava/lang/reflect/Method;Lorg/gradle/internal/reflect/Propert
Event: 25.485 Thread 0x0000021028bb5000 DEOPT PACKING pc=0x000002101528b250 sp=0x000000e95f2f7280
Event: 25.485 Thread 0x0000021028bb5000 DEOPT UNPACKING pc=0x000002100d41a1af sp=0x000000e95f2f7248 mode 2
Event: 25.588 Thread 0x0000021023f0d800 Uncommon trap: trap_request=0xffffffde fr.pc=0x0000021015259e6c relative=0x000000000000052c
Event: 25.588 Thread 0x0000021023f0d800 Uncommon trap: reason=class_check action=maybe_recompile pc=0x0000021015259e6c method=jdk.internal.ref.PhantomCleanable.clean()V @ 12 c2
Event: 25.588 Thread 0x0000021023f0d800 DEOPT PACKING pc=0x0000021015259e6c sp=0x000000e95e7ff1d0
Event: 25.588 Thread 0x0000021023f0d800 DEOPT UNPACKING pc=0x000002100d41a1af sp=0x000000e95e7ff1b0 mode 2
Event: 26.149 Thread 0x0000021028bb5000 Uncommon trap: trap_request=0xffffffde fr.pc=0x000002101521e1ec relative=0x00000000000012ec
Event: 26.151 Thread 0x0000021028bb5000 Uncommon trap: reason=class_check action=maybe_recompile pc=0x000002101521e1ec method=jdk.internal.loader.BuiltinClassLoader.loadClassOrNull(Ljava/lang/String;Z)Ljava/lang/Class; @ 86 c2
Event: 26.151 Thread 0x0000021028bb5000 DEOPT PACKING pc=0x000002101521e1ec sp=0x000000e95f2f5620
Event: 26.151 Thread 0x0000021028bb5000 DEOPT UNPACKING pc=0x000002100d41a1af sp=0x000000e95f2f55e8 mode 2
Event: 26.386 Thread 0x0000021028bb5000 DEOPT PACKING pc=0x000002100e02c488 sp=0x000000e95f2f5b50
Event: 26.386 Thread 0x0000021028bb5000 DEOPT UNPACKING pc=0x000002100d41a95e sp=0x000000e95f2f5048 mode 0

Classes redefined (0 events):
No events

Internal exceptions (20 events):
Event: 24.404 Thread 0x0000021028bb5000 Exception <a 'java/security/PrivilegedActionException'{0x0000000084ec8830}> (0x0000000084ec8830) thrown at [src/hotspot/share/prims/jvm.cpp, line 1306]
Event: 24.404 Thread 0x0000021028bb5000 Exception <a 'java/security/PrivilegedActionException'{0x0000000084ecbbe8}> (0x0000000084ecbbe8) thrown at [src/hotspot/share/prims/jvm.cpp, line 1306]
Event: 24.404 Thread 0x0000021028bb5000 Exception <a 'java/security/PrivilegedActionException'{0x0000000084ecd150}> (0x0000000084ecd150) thrown at [src/hotspot/share/prims/jvm.cpp, line 1306]
Event: 24.405 Thread 0x0000021028bb5000 Exception <a 'java/security/PrivilegedActionException'{0x0000000084ed0538}> (0x0000000084ed0538) thrown at [src/hotspot/share/prims/jvm.cpp, line 1306]
Event: 24.405 Thread 0x0000021028bb5000 Exception <a 'java/security/PrivilegedActionException'{0x0000000084ed1aa0}> (0x0000000084ed1aa0) thrown at [src/hotspot/share/prims/jvm.cpp, line 1306]
Event: 24.405 Thread 0x0000021028bb5000 Exception <a 'java/security/PrivilegedActionException'{0x0000000084ed4f38}> (0x0000000084ed4f38) thrown at [src/hotspot/share/prims/jvm.cpp, line 1306]
Event: 24.405 Thread 0x0000021028bb5000 Exception <a 'java/security/PrivilegedActionException'{0x0000000084ed64a0}> (0x0000000084ed64a0) thrown at [src/hotspot/share/prims/jvm.cpp, line 1306]
Event: 24.474 Thread 0x0000021028bb5000 Exception <a 'java/lang/ClassNotFoundException'{0x0000000084af7ab0}: org/gradle/api/internal/plugins/DefaultObjectConfigurationActionBeanInfo> (0x0000000084af7ab0) thrown at [src/hotspot/share/classfile/systemDictionary.cpp, line 230]
Event: 24.478 Thread 0x0000021028bb5000 Exception <a 'java/lang/ClassNotFoundException'{0x000000008492e3f8}: org/gradle/api/internal/plugins/DefaultObjectConfigurationActionCustomizer> (0x000000008492e3f8) thrown at [src/hotspot/share/classfile/systemDictionary.cpp, line 230]
Event: 24.855 Thread 0x0000021028bb5000 Exception <a 'java/lang/NoSuchMethodError'{0x00000000882a1960}: 'java.lang.Object java.lang.invoke.DirectMethodHandle$Holder.invokeStatic(java.lang.Object, java.lang.Object, java.lang.Object, java.lang.Object, int)'> (0x00000000882a1960) thrown at [src/hotspot/share/interpreter/linkResolver.cpp, line 773]
Event: 24.855 Thread 0x0000021028bb5000 Exception <a 'java/lang/NoSuchMethodError'{0x00000000882a6358}: 'java.lang.Object java.lang.invoke.DirectMethodHandle$Holder.invokeSpecial(java.lang.Object, java.lang.Object, java.lang.Object, java.lang.Object, java.lang.Object, int)'> (0x00000000882a6358) thrown at [src/hotspot/share/interpreter/linkResolver.cpp, line 773]
Event: 24.855 Thread 0x0000021028bb5000 Exception <a 'java/lang/NoSuchMethodError'{0x00000000882aa998}: 'java.lang.Object java.lang.invoke.Invokers$Holder.linkToTargetMethod(java.lang.Object, java.lang.Object, java.lang.Object, int, java.lang.Object)'> (0x00000000882aa998) thrown at [src/hotspot/share/interpreter/linkResolver.cpp, line 773]
Event: 24.876 Thread 0x0000021028bb5000 Exception <a 'java/lang/NoSuchMethodError'{0x000000008801cfe8}: 'java.lang.Object java.lang.invoke.Invokers$Holder.linkToTargetMethod(java.lang.Object, int, int, java.lang.Object)'> (0x000000008801cfe8) thrown at [src/hotspot/share/interpreter/linkResolver.cpp, line 773]
Event: 24.878 Thread 0x0000021028bb5000 Exception <a 'java/lang/NoSuchMethodError'{0x000000008803ad10}: 'java.lang.Object java.lang.invoke.DirectMethodHandle$Holder.invokeStatic(java.lang.Object, java.lang.Object, int, int, java.lang.Object, java.lang.Object)'> (0x000000008803ad10) thrown at [src/hotspot/share/interpreter/linkResolver.cpp, line 773]
Event: 25.357 Thread 0x0000021028bb5000 Exception <a 'java/lang/NoSuchMethodError'{0x0000000085c749c0}: 'java.lang.Object java.lang.invoke.DirectMethodHandle$Holder.invokeStatic(java.lang.Object, java.lang.Object, java.lang.Object, java.lang.Object, java.lang.Object, java.lang.Object, java.lang.Object, java.lang.Object, java.lang.Object, java.lang.Object, java.lang.Object, java.lang.Object, java.lang.Object, int)'> (0x0000000085c749c0) thrown at [src/hotspot/share/interpreter/linkResolver.cpp, line 773]
Event: 25.360 Thread 0x0000021028bb5000 Exception <a 'java/lang/NoSuchMethodError'{0x0000000085c92330}: 'java.lang.Object java.lang.invoke.DirectMethodHandle$Holder.invokeStatic(java.lang.Object, java.lang.Object, java.lang.Object, java.lang.Object, java.lang.Object, java.lang.Object, java.lang.Object, java.lang.Object, java.lang.Object, java.lang.Object, java.lang.Object, java.lang.Object, java.lang.Object, int, int)'> (0x0000000085c92330) thrown at [src/hotspot/share/interpreter/linkResolver.cpp, line 773]
Event: 25.446 Thread 0x0000021028bb5000 Exception <a 'java/lang/NoSuchMethodError'{0x0000000085783fd0}: 'int java.lang.invoke.DirectMethodHandle$Holder.invokeInterface(java.lang.Object, java.lang.Object, java.lang.Object, java.lang.Object)'> (0x0000000085783fd0) thrown at [src/hotspot/share/interpreter/linkResolver.cpp, line 773]
Event: 26.292 Thread 0x0000021028bb5000 Exception <a 'java/lang/NoSuchMethodError'{0x0000000085b800b8}: 'java.lang.Object java.lang.invoke.DirectMethodHandle$Holder.invokeSpecial(java.lang.Object, java.lang.Object, int, int, int, java.lang.Object, java.lang.Object, java.lang.Object, java.lang.Object)'> (0x0000000085b800b8) thrown at [src/hotspot/share/interpreter/linkResolver.cpp, line 773]
Event: 26.293 Thread 0x0000021028bb5000 Exception <a 'java/lang/NoSuchMethodError'{0x0000000085b84b40}: 'java.lang.Object java.lang.invoke.DelegatingMethodHandle$Holder.reinvoke_L(java.lang.Object, int, int, int, java.lang.Object, java.lang.Object, java.lang.Object, java.lang.Object)'> (0x0000000085b84b40) thrown at [src/hotspot/share/interpreter/linkResolver.cpp, line 773]
Event: 26.295 Thread 0x0000021028bb5000 Exception <a 'java/lang/NoSuchMethodError'{0x0000000085b99648}: 'java.lang.Object java.lang.invoke.DirectMethodHandle$Holder.invokeStatic(java.lang.Object, java.lang.Object, java.lang.Object, java.lang.Object, java.lang.Object, int)'> (0x0000000085b99648) thrown at [src/hotspot/share/interpreter/linkResolver.cpp, line 773]

Events (20 events):
Event: 26.460 loading class org/gradle/api/tasks/bundling/AbstractArchiveTask
Event: 26.460 loading class org/gradle/api/tasks/bundling/AbstractArchiveTask done
Event: 26.460 loading class org/gradle/api/plugins/BasePluginExtension
Event: 26.460 loading class org/gradle/api/plugins/BasePluginExtension done
Event: 26.464 loading class org/gradle/api/internal/DefaultCollectionCallbackActionDecorator$BuildOperationEmittingAction$1
Event: 26.464 loading class org/gradle/api/internal/DefaultCollectionCallbackActionDecorator$BuildOperationEmittingAction$1 done
Event: 26.465 loading class org/gradle/api/internal/DefaultCollectionCallbackActionDecorator$Operation
Event: 26.465 loading class org/gradle/api/internal/DefaultCollectionCallbackActionDecorator$Operation done
Event: 26.466 loading class org/gradle/api/internal/DefaultCollectionCallbackActionDecorator$OperationDetails
Event: 26.466 loading class org/gradle/api/internal/DefaultCollectionCallbackActionDecorator$OperationDetails done
Event: 26.467 loading class com/android/build/gradle/internal/DependencyResolutionChecks$registerDependencyCheck$4$1
Event: 26.467 loading class com/android/build/gradle/internal/DependencyResolutionChecks$registerDependencyCheck$4$1 done
Event: 26.468 loading class org/gradle/api/internal/ExecuteDomainObjectCollectionCallbackBuildOperationType
Event: 26.468 loading class org/gradle/api/internal/ExecuteDomainObjectCollectionCallbackBuildOperationType done
Event: 26.469 loading class org/gradle/api/internal/ExecuteDomainObjectCollectionCallbackBuildOperationType$Result
Event: 26.469 loading class org/gradle/api/internal/ExecuteDomainObjectCollectionCallbackBuildOperationType$Result done
Event: 26.469 loading class org/gradle/api/internal/ExecuteDomainObjectCollectionCallbackBuildOperationType$1
Event: 26.469 loading class org/gradle/api/internal/ExecuteDomainObjectCollectionCallbackBuildOperationType$1 done
Event: 26.472 loading class org/gradle/api/internal/plugins/DefaultArtifactPublicationSet$DefaultArtifactProvider
Event: 26.472 loading class org/gradle/api/internal/plugins/DefaultArtifactPublicationSet$DefaultArtifactProvider done


Dynamic libraries:
0x00007ff605dd0000 - 0x00007ff605dda000 	C:\Program Files\Android\Android Studio\jbr\bin\java.exe
0x00007ffe327f0000 - 0x00007ffe329e8000 	C:\WINDOWS\SYSTEM32\ntdll.dll
0x00007ffe31d30000 - 0x00007ffe31def000 	C:\WINDOWS\System32\KERNEL32.DLL
0x00007ffe30000000 - 0x00007ffe302da000 	C:\WINDOWS\System32\KERNELBASE.dll
0x00007ffe2ff00000 - 0x00007ffe30000000 	C:\WINDOWS\System32\ucrtbase.dll
0x00007ffe28820000 - 0x00007ffe28837000 	C:\Program Files\Android\Android Studio\jbr\bin\jli.dll
0x00007ffe24dc0000 - 0x00007ffe24ddb000 	C:\Program Files\Android\Android Studio\jbr\bin\VCRUNTIME140.dll
0x00007ffe32600000 - 0x00007ffe3279d000 	C:\WINDOWS\System32\USER32.dll
0x00007ffe30780000 - 0x00007ffe307a2000 	C:\WINDOWS\System32\win32u.dll
0x00007ffe1e340000 - 0x00007ffe1e5da000 	C:\WINDOWS\WinSxS\amd64_microsoft.windows.common-controls_6595b64144ccf1df_6.0.19041.1110_none_60b5254171f9507e\COMCTL32.dll
0x00007ffe31400000 - 0x00007ffe3142b000 	C:\WINDOWS\System32\GDI32.dll
0x00007ffe32240000 - 0x00007ffe322de000 	C:\WINDOWS\System32\msvcrt.dll
0x00007ffe303c0000 - 0x00007ffe304d0000 	C:\WINDOWS\System32\gdi32full.dll
0x00007ffe307b0000 - 0x00007ffe3084d000 	C:\WINDOWS\System32\msvcp_win.dll
0x00007ffe30850000 - 0x00007ffe30880000 	C:\WINDOWS\System32\IMM32.DLL
0x00007ffe2cff0000 - 0x00007ffe2cffc000 	C:\Program Files\Android\Android Studio\jbr\bin\vcruntime140_1.dll
0x00007ffe0fb60000 - 0x00007ffe0fbed000 	C:\Program Files\Android\Android Studio\jbr\bin\msvcp140.dll
0x00007ffdcc9a0000 - 0x00007ffdcd55c000 	C:\Program Files\Android\Android Studio\jbr\bin\server\jvm.dll
0x00007ffe31c80000 - 0x00007ffe31d2e000 	C:\WINDOWS\System32\ADVAPI32.dll
0x00007ffe310f0000 - 0x00007ffe3118c000 	C:\WINDOWS\System32\sechost.dll
0x00007ffe324d0000 - 0x00007ffe325f6000 	C:\WINDOWS\System32\RPCRT4.dll
0x00007ffe30880000 - 0x00007ffe30888000 	C:\WINDOWS\System32\PSAPI.DLL
0x00007ffe2ca20000 - 0x00007ffe2ca29000 	C:\WINDOWS\SYSTEM32\WSOCK32.dll
0x00007ffe1d6c0000 - 0x00007ffe1d6e7000 	C:\WINDOWS\SYSTEM32\WINMM.dll
0x00007ffe209f0000 - 0x00007ffe209fa000 	C:\WINDOWS\SYSTEM32\VERSION.dll
0x00007ffe321d0000 - 0x00007ffe3223b000 	C:\WINDOWS\System32\WS2_32.dll
0x00007ffe2e710000 - 0x00007ffe2e722000 	C:\WINDOWS\SYSTEM32\kernel.appcore.dll
0x00007ffe2b220000 - 0x00007ffe2b230000 	C:\Program Files\Android\Android Studio\jbr\bin\verify.dll
0x00007ffe1bf90000 - 0x00007ffe1c174000 	C:\WINDOWS\SYSTEM32\DBGHELP.DLL
0x00007ffe1bf50000 - 0x00007ffe1bf84000 	C:\WINDOWS\SYSTEM32\dbgcore.DLL
0x00007ffe302e0000 - 0x00007ffe30362000 	C:\WINDOWS\System32\bcryptPrimitives.dll
0x00007ffe23740000 - 0x00007ffe23768000 	C:\Program Files\Android\Android Studio\jbr\bin\java.dll
0x00007ffe2af80000 - 0x00007ffe2af8a000 	C:\Program Files\Android\Android Studio\jbr\bin\jimage.dll
0x00007ffe2a450000 - 0x00007ffe2a45e000 	C:\Program Files\Android\Android Studio\jbr\bin\instrument.dll
0x00007ffe25080000 - 0x00007ffe25098000 	C:\Program Files\Android\Android Studio\jbr\bin\zip.dll
0x00007ffe314a0000 - 0x00007ffe31be4000 	C:\WINDOWS\System32\SHELL32.dll
0x00007ffe2deb0000 - 0x00007ffe2e643000 	C:\WINDOWS\SYSTEM32\windows.storage.dll
0x00007ffe31df0000 - 0x00007ffe32144000 	C:\WINDOWS\System32\combase.dll
0x00007ffe2f7a0000 - 0x00007ffe2f7ce000 	C:\WINDOWS\SYSTEM32\Wldp.dll
0x00007ffe308f0000 - 0x00007ffe3099d000 	C:\WINDOWS\System32\SHCORE.dll
0x00007ffe31190000 - 0x00007ffe311e5000 	C:\WINDOWS\System32\shlwapi.dll
0x00007ffe2fe40000 - 0x00007ffe2fe5f000 	C:\WINDOWS\SYSTEM32\profapi.dll
0x00007ffe29fb0000 - 0x00007ffe29fba000 	C:\Program Files\Android\Android Studio\jbr\bin\management.dll
0x00007ffe28890000 - 0x00007ffe2889b000 	C:\Program Files\Android\Android Studio\jbr\bin\management_ext.dll
0x00007ffe24eb0000 - 0x00007ffe24ec9000 	C:\Program Files\Android\Android Studio\jbr\bin\net.dll
0x00007ffe221f0000 - 0x00007ffe222fa000 	C:\WINDOWS\SYSTEM32\WINHTTP.dll
0x00007ffe2f580000 - 0x00007ffe2f5ea000 	C:\WINDOWS\system32\mswsock.dll
0x00007ffe24950000 - 0x00007ffe24963000 	C:\Program Files\Android\Android Studio\jbr\bin\nio.dll
0x00007ffe1f250000 - 0x00007ffe1f267000 	C:\WINDOWS\system32\napinsp.dll
0x00007ffe24c70000 - 0x00007ffe24c8b000 	C:\WINDOWS\system32\pnrpnsp.dll
0x00007ffe29f30000 - 0x00007ffe29f45000 	C:\WINDOWS\system32\wshbth.dll
0x00007ffe2b1e0000 - 0x00007ffe2b1fd000 	C:\WINDOWS\system32\NLAapi.dll
0x00007ffe2f290000 - 0x00007ffe2f2cc000 	C:\WINDOWS\SYSTEM32\IPHLPAPI.DLL
0x00007ffe2f2d0000 - 0x00007ffe2f39b000 	C:\WINDOWS\SYSTEM32\DNSAPI.dll
0x00007ffe327a0000 - 0x00007ffe327a8000 	C:\WINDOWS\System32\NSI.dll
0x00007ffe28a30000 - 0x00007ffe28a42000 	C:\WINDOWS\System32\winrnr.dll
0x00007ffe20e00000 - 0x00007ffe20e0a000 	C:\Windows\System32\rasadhlp.dll
0x00007ffe21fb0000 - 0x00007ffe22030000 	C:\WINDOWS\System32\fwpuclnt.dll
0x00007ffe30750000 - 0x00007ffe30777000 	C:\WINDOWS\System32\bcrypt.dll
0x00007ffe10e30000 - 0x00007ffe10e57000 	C:\Users\shahzaib lptp\AndroidStudioProjects\loginsqlite\native\e1d6ef7f7dcc3fd88c89a11ec53ec762bb8ba0a96d01ffa2cd45eb1d1d8dd5c5\windows-amd64\native-platform.dll
0x00007ffe02b50000 - 0x00007ffe02c94000 	C:\Users\shahzaib lptp\AndroidStudioProjects\loginsqlite\native\0d407fdbe67a94daf76414ababcb853783967236a71b16ec16e742cd7a986fd3\windows-amd64\native-platform-file-events.dll
0x00007ffe2fb20000 - 0x00007ffe2fb38000 	C:\WINDOWS\SYSTEM32\CRYPTSP.dll
0x00007ffe2eec0000 - 0x00007ffe2eef4000 	C:\WINDOWS\system32\rsaenh.dll
0x00007ffe2fe00000 - 0x00007ffe2fe2e000 	C:\WINDOWS\SYSTEM32\USERENV.dll
0x00007ffe2f710000 - 0x00007ffe2f71c000 	C:\WINDOWS\SYSTEM32\CRYPTBASE.dll
0x00007ffe23110000 - 0x00007ffe23127000 	C:\WINDOWS\SYSTEM32\dhcpcsvc6.DLL
0x00007ffe230f0000 - 0x00007ffe2310d000 	C:\WINDOWS\SYSTEM32\dhcpcsvc.DLL

dbghelp: loaded successfully - version: 4.0.5 - missing functions: none
symbol engine: initialized successfully - sym options: 0x614 - pdb path: .;C:\Program Files\Android\Android Studio\jbr\bin;C:\WINDOWS\SYSTEM32;C:\WINDOWS\WinSxS\amd64_microsoft.windows.common-controls_6595b64144ccf1df_6.0.19041.1110_none_60b5254171f9507e;C:\Program Files\Android\Android Studio\jbr\bin\server;C:\Users\shahzaib lptp\AndroidStudioProjects\loginsqlite\native\e1d6ef7f7dcc3fd88c89a11ec53ec762bb8ba0a96d01ffa2cd45eb1d1d8dd5c5\windows-amd64;C:\Users\shahzaib lptp\AndroidStudioProjects\loginsqlite\native\0d407fdbe67a94daf76414ababcb853783967236a71b16ec16e742cd7a986fd3\windows-amd64

VM Arguments:
jvm_args: -javaagent:C:\Program Files\Android\Android Studio\plugins\android\resources\trace_agent.jar=C:\Users\SHAHZA~1\AppData\Local\Temp\sync.trace.profile --add-opens=java.base/java.util=ALL-UNNAMED --add-opens=java.base/java.lang=ALL-UNNAMED --add-opens=java.base/java.lang.invoke=ALL-UNNAMED --add-opens=java.base/java.util=ALL-UNNAMED --add-opens=java.prefs/java.util.prefs=ALL-UNNAMED --add-opens=java.prefs/java.util.prefs=ALL-UNNAMED --add-opens=java.base/java.nio.charset=ALL-UNNAMED --add-opens=java.base/java.net=ALL-UNNAMED --add-opens=java.base/java.util.concurrent.atomic=ALL-UNNAMED -Xmx2048m -Dfile.encoding=UTF-8 -Duser.country=US -Duser.language=en -Duser.variant 
java_command: org.gradle.launcher.daemon.bootstrap.GradleDaemon 7.5
java_class_path (initial): C:\Users\shahzaib lptp\AndroidStudioProjects\loginsqlite\wrapper\dists\gradle-7.5-bin\f1w0cc9nuo0eivz97x2xlu9sv\gradle-7.5\lib\gradle-launcher-7.5.jar
Launcher Type: SUN_STANDARD

[Global flags]
     intx CICompilerCount                          = 3                                         {product} {ergonomic}
     uint ConcGCThreads                            = 1                                         {product} {ergonomic}
     uint G1ConcRefinementThreads                  = 4                                         {product} {ergonomic}
   size_t G1HeapRegionSize                         = 1048576                                   {product} {ergonomic}
    uintx GCDrainStackTargetSize                   = 64                                        {product} {ergonomic}
   size_t InitialHeapSize                          = 134217728                                 {product} {ergonomic}
   size_t MarkStackSize                            = 4194304                                   {product} {ergonomic}
   size_t MaxHeapSize                              = 2147483648                                {product} {command line}
   size_t MaxNewSize                               = 1287651328                                {product} {ergonomic}
   size_t MinHeapDeltaBytes                        = 1048576                                   {product} {ergonomic}
    uintx NonNMethodCodeHeapSize                   = 5830732                                {pd product} {ergonomic}
    uintx NonProfiledCodeHeapSize                  = 122913754                              {pd product} {ergonomic}
    uintx ProfiledCodeHeapSize                     = 122913754                              {pd product} {ergonomic}
    uintx ReservedCodeCacheSize                    = 251658240                              {pd product} {ergonomic}
     bool SegmentedCodeCache                       = true                                      {product} {ergonomic}
     bool UseCompressedClassPointers               = true                                 {lp64_product} {ergonomic}
     bool UseCompressedOops                        = true                                 {lp64_product} {ergonomic}
     bool UseG1GC                                  = true                                      {product} {ergonomic}
     bool UseLargePagesIndividualAllocation        = false                                  {pd product} {ergonomic}

Logging:
Log output configuration:
 #0: stdout all=warning uptime,level,tags
 #1: stderr all=off uptime,level,tags

Environment Variables:
PATH=C:\Program Files\Python310\Scripts\;C:\Program Files\Python310\;C:\Program Files\Common Files\Oracle\Java\javapath;C:\app\bin;C:\app\shahzaiblptp\product\11.2.0\dbhome_1\bin;C:\WINDOWS\system32;C:\WINDOWS;C:\WINDOWS\System32\Wbem;C:\WINDOWS\System32\WindowsPowerShell\v1.0\;c:\Program Files (x86)\Microsoft SQL Server\100\Tools\Binn\;c:\Program Files\Microsoft SQL Server\100\Tools\Binn\;c:\Program Files\Microsoft SQL Server\100\DTS\Binn\;C:\WINDOWS\System32\OpenSSH\;C:\ProgramData\chocolatey\bin;%JAVA_HOME%\bin;C:\Users\shahzaib lptp\AppData\Local\Microsoft\WindowsApps;C:\Program Files\JetBrains\IntelliJ IDEA Community Edition 2021.3\bin;;C:\Program Files\Python310\PyCharm Community Edition 2022.1\bin;;C:\Users\shahzaib lptp\AppData\Local\Programs\Microsoft VS Code\bin;C:\Program Files\flutter\bin;C:\src\flutter\bin;C:\Program Files\Android\Android Studio\bin;
USERNAME=shahzaib lptp
OS=Windows_NT
PROCESSOR_IDENTIFIER=Intel64 Family 6 Model 69 Stepping 1, GenuineIntel



---------------  S Y S T E M  ---------------

OS: Windows 10 , 64 bit Build 19041 (10.0.19041.2788)
OS uptime: 8 days 17:54 hours
Hyper-V role detected

CPU:total 4 (initial active 4) (2 cores per cpu, 2 threads per core) family 6 model 69 stepping 1 microcode 0x26, cmov, cx8, fxsr, mmx, sse, sse2, sse3, ssse3, sse4.1, sse4.2, popcnt, avx, avx2, aes, clmul, erms, lzcnt, ht, tsc, tscinvbit, bmi1, bmi2, fma

Memory: 4k page, system-wide physical 8073M (1032M free)
TotalPageFile size 10073M (AvailPageFile size 5M)
current process WorkingSet (physical memory assigned to process): 355M, peak: 356M
current process commit charge ("private bytes"): 417M, peak: 419M

vm_info: OpenJDK 64-Bit Server VM (11.0.15+0-b2043.56-9505619) for windows-amd64 JRE (11.0.15+0-b2043.56-9505619), built on Jan 19 2023 02:48:00 by "builduser" with unknown MS VC++:1929

END.
