#
# There is insufficient memory for the Java Runtime Environment to continue.
# Native memory allocation (mmap) failed to map 65536 bytes for Failed to commit area from 0x0000019d27700000 to 0x0000019d27710000 of length 65536.
# Possible reasons:
#   The system is out of physical RAM or swap space
#   The process is running with CompressedOops enabled, and the Java Heap may be blocking the growth of the native heap
# Possible solutions:
#   Reduce memory load on the system
#   Increase physical memory or swap space
#   Check if swap backing store is full
#   Decrease Java heap size (-Xmx/-Xms)
#   Decrease number of Java threads
#   Decrease Java thread stack sizes (-Xss)
#   Set larger code cache with -XX:ReservedCodeCacheSize=
#   JVM is running with Unscaled Compressed Oops mode in which the Java heap is
#     placed in the first 4GB address space. The Java Heap base address is the
#     maximum limit for the native heap growth. Please use -XX:HeapBaseMinAddress
#     to set the Java Heap base and to place the Java Heap above 4GB virtual address.
# This output file may be truncated or incomplete.
#
#  Out of Memory Error (src/hotspot/os/windows/os_windows.cpp:3627), pid=6924, tid=13924
#
# JRE version: OpenJDK Runtime Environment (11.0.15) (build 11.0.15+0-b2043.56-9505619)
# Java VM: OpenJDK 64-Bit Server VM (11.0.15+0-b2043.56-9505619, mixed mode, tiered, compressed oops, g1 gc, windows-amd64)
# No core dump will be written. Minidumps are not enabled by default on client versions of Windows
#

---------------  S U M M A R Y ------------

Command Line: -javaagent:C:\Program Files\Android\Android Studio\plugins\android\resources\trace_agent.jar=C:\Users\SHAHZA~1\AppData\Local\Temp\sync.trace.profile --add-opens=java.base/java.util=ALL-UNNAMED --add-opens=java.base/java.lang=ALL-UNNAMED --add-opens=java.base/java.lang.invoke=ALL-UNNAMED --add-opens=java.base/java.util=ALL-UNNAMED --add-opens=java.prefs/java.util.prefs=ALL-UNNAMED --add-opens=java.prefs/java.util.prefs=ALL-UNNAMED --add-opens=java.base/java.nio.charset=ALL-UNNAMED --add-opens=java.base/java.net=ALL-UNNAMED --add-opens=java.base/java.util.concurrent.atomic=ALL-UNNAMED -Xmx2048m -Dfile.encoding=UTF-8 -Duser.country=US -Duser.language=en -Duser.variant org.gradle.launcher.daemon.bootstrap.GradleDaemon 7.5

Host: Intel(R) Core(TM) i5-4310U CPU @ 2.00GHz, 4 cores, 7G,  Windows 10 , 64 bit Build 19041 (10.0.19041.2788)
Time: Sat May  6 21:42:50 2023 Pakistan Standard Time elapsed time: 128.163558 seconds (0d 0h 2m 8s)

---------------  T H R E A D  ---------------

Current thread (0x0000019d2b682800):  VMThread "VM Thread" [stack: 0x0000007f05c00000,0x0000007f05d00000] [id=13924]

Stack: [0x0000007f05c00000,0x0000007f05d00000]
[error occurred during error reporting (printing stack bounds), id 0xc0000005, EXCEPTION_ACCESS_VIOLATION (0xc0000005) at pc=0x0000019d155a112d]

Native frames: (J=compiled Java code, j=interpreted, Vv=VM code, C=native code)
V  [jvm.dll+0x64135a]
V  [jvm.dll+0x7d39f9]
V  [jvm.dll+0x7d51b9]
V  [jvm.dll+0x7d5805]
V  [jvm.dll+0x7d57bb]
V  [jvm.dll+0x640655]
V  [jvm.dll+0x640d68]
C  [ntdll.dll+0xa23df]
C  [ntdll.dll+0x514a4]
C  [ntdll.dll+0xa0f0e]
C  0x0000019d155a112d

VM_Operation (0x0000007f0befdf00): G1CollectForAllocation, mode: safepoint, requested by thread 0x0000019d331ed000


---------------  P R O C E S S  ---------------

Threads class SMR info:
_java_thread_list=0x0000019d3301d4d0, length=96, elements={
0x0000019d11a7a800, 0x0000019d2b687800, 0x0000019d2b691000, 0x0000019d2b69f800,
0x0000019d2b6a1000, 0x0000019d2b6a6800, 0x0000019d2b6aa000, 0x0000019d2b6b1000,
0x0000019d2c05b800, 0x0000019d11b49000, 0x0000019d30d31800, 0x0000019d2c450800,
0x0000019d2df5e800, 0x0000019d2ff38000, 0x0000019d2cb03800, 0x0000019d2cb04000,
0x0000019d300ef000, 0x0000019d2ff17800, 0x0000019d2c4c1800, 0x0000019d2c4c2800,
0x0000019d2c4c0000, 0x0000019d2c4c3000, 0x0000019d2c4c0800, 0x0000019d2c4be800,
0x0000019d2c4bf000, 0x0000019d2c4c5000, 0x0000019d2c4c4000, 0x0000019d30d53800,
0x0000019d30d56800, 0x0000019d30d59000, 0x0000019d30d55800, 0x0000019d30d5a000,
0x0000019d3107b000, 0x0000019d3107a000, 0x0000019d3107c000, 0x0000019d3107c800,
0x0000019d3107d800, 0x0000019d31077800, 0x0000019d3107e000, 0x0000019d31078800,
0x0000019d3107f000, 0x0000019d31079800, 0x0000019d31083000, 0x0000019d31084800,
0x0000019d31084000, 0x0000019d31085800, 0x0000019d31080000, 0x0000019d31081800,
0x0000019d31080800, 0x0000019d31086800, 0x0000019d31082800, 0x0000019d2d3ba000,
0x0000019d2d3b6800, 0x0000019d2d3b9000, 0x0000019d2d3b5000, 0x0000019d2d3b4000,
0x0000019d2d3ba800, 0x0000019d2d3bb800, 0x0000019d2d3b6000, 0x0000019d2d3b7800,
0x0000019d2d3be000, 0x0000019d2d3bc800, 0x0000019d2d3b8800, 0x0000019d2d3bf000,
0x0000019d2d3c1800, 0x0000019d2d3c2000, 0x0000019d2d3bf800, 0x0000019d2d3c3000,
0x0000019d2d3bd000, 0x0000019d2d3c0800, 0x0000019d2ca1e800, 0x0000019d2ca1c000,
0x0000019d2ca1d800, 0x0000019d2ca20000, 0x0000019d2ca21000, 0x0000019d2ca1b000,
0x0000019d2ca21800, 0x0000019d2ca1c800, 0x0000019d2ca25000, 0x0000019d2ca1f000,
0x0000019d2ca27800, 0x0000019d2ca28000, 0x0000019d2ca25800, 0x0000019d2ca26800,
0x0000019d2ca2a000, 0x0000019d2ca29000, 0x0000019d331e2800, 0x0000019d331e1800,
0x0000019d331e0000, 0x0000019d331e9800, 0x0000019d331ea800, 0x0000019d331e7000,
0x0000019d331eb800, 0x0000019d331ee000, 0x0000019d331e8000, 0x0000019d331ed000
}

Java Threads: ( => current thread )
  0x0000019d11a7a800 JavaThread "main" [_thread_blocked, id=432, stack(0x0000007f05600000,0x0000007f05700000)]
  0x0000019d2b687800 JavaThread "Reference Handler" daemon [_thread_blocked, id=15040, stack(0x0000007f05d00000,0x0000007f05e00000)]
  0x0000019d2b691000 JavaThread "Finalizer" daemon [_thread_blocked, id=11616, stack(0x0000007f05e00000,0x0000007f05f00000)]
  0x0000019d2b69f800 JavaThread "Signal Dispatcher" daemon [_thread_blocked, id=4508, stack(0x0000007f05f00000,0x0000007f06000000)]
  0x0000019d2b6a1000 JavaThread "Attach Listener" daemon [_thread_blocked, id=832, stack(0x0000007f06000000,0x0000007f06100000)]
  0x0000019d2b6a6800 JavaThread "Service Thread" daemon [_thread_blocked, id=5304, stack(0x0000007f06100000,0x0000007f06200000)]
  0x0000019d2b6aa000 JavaThread "C2 CompilerThread0" daemon [_thread_in_native, id=16252, stack(0x0000007f06200000,0x0000007f06300000)]
  0x0000019d2b6b1000 JavaThread "C1 CompilerThread0" daemon [_thread_blocked, id=9568, stack(0x0000007f06300000,0x0000007f06400000)]
  0x0000019d2c05b800 JavaThread "Sweeper thread" daemon [_thread_blocked, id=11804, stack(0x0000007f06400000,0x0000007f06500000)]
  0x0000019d11b49000 JavaThread "Common-Cleaner" daemon [_thread_blocked, id=1408, stack(0x0000007f06500000,0x0000007f06600000)]
  0x0000019d30d31800 JavaThread "Daemon health stats" [_thread_blocked, id=13356, stack(0x0000007f06a00000,0x0000007f06b00000)]
  0x0000019d2c450800 JavaThread "Incoming local TCP Connector on port 59761" [_thread_in_native, id=13264, stack(0x0000007f06600000,0x0000007f06700000)]
  0x0000019d2df5e800 JavaThread "Daemon periodic checks" [_thread_blocked, id=11228, stack(0x0000007f06c00000,0x0000007f06d00000)]
  0x0000019d2ff38000 JavaThread "Daemon" [_thread_blocked, id=5388, stack(0x0000007f06d00000,0x0000007f06e00000)]
  0x0000019d2cb03800 JavaThread "Handler for socket connection from /127.0.0.1:59761 to /127.0.0.1:59762" [_thread_in_native, id=7548, stack(0x0000007f06e00000,0x0000007f06f00000)]
  0x0000019d2cb04000 JavaThread "Cancel handler" [_thread_blocked, id=4744, stack(0x0000007f06f00000,0x0000007f07000000)]
  0x0000019d300ef000 JavaThread "Daemon worker" [_thread_blocked, id=13840, stack(0x0000007f07000000,0x0000007f07100000)]
  0x0000019d2ff17800 JavaThread "Asynchronous log dispatcher for DefaultDaemonConnection: socket connection from /127.0.0.1:59761 to /127.0.0.1:59762" [_thread_blocked, id=13340, stack(0x0000007f07100000,0x0000007f07200000)]
  0x0000019d2c4c1800 JavaThread "Daemon client event forwarder" [_thread_blocked, id=8316, stack(0x0000007f07300000,0x0000007f07400000)]
  0x0000019d2c4c2800 JavaThread "Cache worker for journal cache (C:\Users\shahzaib lptp\AndroidStudioProjects\loginsqlite\caches\journal-1)" [_thread_blocked, id=8056, stack(0x0000007f07500000,0x0000007f07600000)]
  0x0000019d2c4c0000 JavaThread "File lock request listener" [_thread_in_native, id=492, stack(0x0000007f07600000,0x0000007f07700000)]
  0x0000019d2c4c3000 JavaThread "Cache worker for file hash cache (C:\Users\shahzaib lptp\AndroidStudioProjects\loginsqlite\caches\7.5\fileHashes)" [_thread_blocked, id=6544, stack(0x0000007f07700000,0x0000007f07800000)]
  0x0000019d2c4c0800 JavaThread "File watcher server" daemon [_thread_blocked, id=13136, stack(0x0000007f07800000,0x0000007f07900000)]
  0x0000019d2c4be800 JavaThread "File watcher consumer" daemon [_thread_blocked, id=11108, stack(0x0000007f07900000,0x0000007f07a00000)]
  0x0000019d2c4bf000 JavaThread "Cache worker for checksums cache (C:\Users\shahzaib lptp\AndroidStudioProjects\EyeonwaterApp\.gradle\7.5\checksums)" [_thread_blocked, id=12860, stack(0x0000007f07a00000,0x0000007f07b00000)]
  0x0000019d2c4c5000 JavaThread "Cache worker for cache directory md-rule (C:\Users\shahzaib lptp\AndroidStudioProjects\loginsqlite\caches\7.5\md-rule)" [_thread_blocked, id=12856, stack(0x0000007f07b00000,0x0000007f07c00000)]
  0x0000019d2c4c4000 JavaThread "Cache worker for file content cache (C:\Users\shahzaib lptp\AndroidStudioProjects\loginsqlite\caches\7.5\fileContent)" [_thread_blocked, id=15916, stack(0x0000007f07c00000,0x0000007f07d00000)]
  0x0000019d30d53800 JavaThread "Cache worker for file hash cache (C:\Users\shahzaib lptp\AndroidStudioProjects\EyeonwaterApp\.gradle\7.5\fileHashes)" [_thread_blocked, id=9156, stack(0x0000007f07d00000,0x0000007f07e00000)]
  0x0000019d30d56800 JavaThread "Cache worker for cache directory md-supplier (C:\Users\shahzaib lptp\AndroidStudioProjects\loginsqlite\caches\7.5\md-supplier)" [_thread_blocked, id=11240, stack(0x0000007f07e00000,0x0000007f07f00000)]
  0x0000019d30d59000 JavaThread "Cache worker for execution history cache (C:\Users\shahzaib lptp\AndroidStudioProjects\loginsqlite\caches\7.5\executionHistory)" [_thread_blocked, id=9464, stack(0x0000007f07f00000,0x0000007f08000000)]
  0x0000019d30d55800 JavaThread "jar transforms" [_thread_blocked, id=8756, stack(0x0000007f08000000,0x0000007f08100000)]
  0x0000019d30d5a000 JavaThread "jar transforms Thread 2" [_thread_blocked, id=14852, stack(0x0000007f08100000,0x0000007f08200000)]
  0x0000019d3107b000 JavaThread "jar transforms Thread 3" [_thread_blocked, id=13740, stack(0x0000007f08200000,0x0000007f08300000)]
  0x0000019d3107a000 JavaThread "jar transforms Thread 4" [_thread_blocked, id=8944, stack(0x0000007f08300000,0x0000007f08400000)]
  0x0000019d3107c000 JavaThread "Cache worker for dependencies-accessors (C:\Users\shahzaib lptp\AndroidStudioProjects\EyeonwaterApp\.gradle\7.5\dependencies-accessors)" [_thread_blocked, id=16216, stack(0x0000007f08400000,0x0000007f08500000)]
  0x0000019d3107c800 JavaThread "Cache worker for Build Output Cleanup Cache (C:\Users\shahzaib lptp\AndroidStudioProjects\EyeonwaterApp\.gradle\buildOutputCleanup)" [_thread_blocked, id=9424, stack(0x0000007f08500000,0x0000007f08600000)]
  0x0000019d3107d800 JavaThread "Unconstrained build operations" [_thread_blocked, id=7064, stack(0x0000007f08600000,0x0000007f08700000)]
  0x0000019d31077800 JavaThread "Unconstrained build operations Thread 2" [_thread_blocked, id=5572, stack(0x0000007f08700000,0x0000007f08800000)]
  0x0000019d3107e000 JavaThread "Unconstrained build operations Thread 3" [_thread_blocked, id=4236, stack(0x0000007f08800000,0x0000007f08900000)]
  0x0000019d31078800 JavaThread "Unconstrained build operations Thread 4" [_thread_blocked, id=16020, stack(0x0000007f08900000,0x0000007f08a00000)]
  0x0000019d3107f000 JavaThread "Unconstrained build operations Thread 5" [_thread_blocked, id=12836, stack(0x0000007f08a00000,0x0000007f08b00000)]
  0x0000019d31079800 JavaThread "Unconstrained build operations Thread 6" [_thread_blocked, id=11196, stack(0x0000007f08b00000,0x0000007f08c00000)]
  0x0000019d31083000 JavaThread "Unconstrained build operations Thread 7" [_thread_blocked, id=12176, stack(0x0000007f08c00000,0x0000007f08d00000)]
  0x0000019d31084800 JavaThread "Unconstrained build operations Thread 8" [_thread_blocked, id=4452, stack(0x0000007f08d00000,0x0000007f08e00000)]
  0x0000019d31084000 JavaThread "Unconstrained build operations Thread 9" [_thread_blocked, id=13896, stack(0x0000007f08e00000,0x0000007f08f00000)]
  0x0000019d31085800 JavaThread "Unconstrained build operations Thread 10" [_thread_blocked, id=4360, stack(0x0000007f08f00000,0x0000007f09000000)]
  0x0000019d31080000 JavaThread "Unconstrained build operations Thread 11" [_thread_blocked, id=9548, stack(0x0000007f09000000,0x0000007f09100000)]
  0x0000019d31081800 JavaThread "Unconstrained build operations Thread 12" [_thread_blocked, id=9236, stack(0x0000007f09100000,0x0000007f09200000)]
  0x0000019d31080800 JavaThread "Unconstrained build operations Thread 13" [_thread_blocked, id=5356, stack(0x0000007f09200000,0x0000007f09300000)]
  0x0000019d31086800 JavaThread "Unconstrained build operations Thread 14" [_thread_blocked, id=7528, stack(0x0000007f09300000,0x0000007f09400000)]
  0x0000019d31082800 JavaThread "Unconstrained build operations Thread 15" [_thread_blocked, id=15844, stack(0x0000007f09400000,0x0000007f09500000)]
  0x0000019d2d3ba000 JavaThread "Unconstrained build operations Thread 16" [_thread_blocked, id=4880, stack(0x0000007f09500000,0x0000007f09600000)]
  0x0000019d2d3b6800 JavaThread "Unconstrained build operations Thread 17" [_thread_blocked, id=7016, stack(0x0000007f09600000,0x0000007f09700000)]
  0x0000019d2d3b9000 JavaThread "Unconstrained build operations Thread 18" [_thread_blocked, id=6472, stack(0x0000007f09700000,0x0000007f09800000)]
  0x0000019d2d3b5000 JavaThread "Unconstrained build operations Thread 19" [_thread_blocked, id=15204, stack(0x0000007f09800000,0x0000007f09900000)]
  0x0000019d2d3b4000 JavaThread "Unconstrained build operations Thread 20" [_thread_blocked, id=6092, stack(0x0000007f09900000,0x0000007f09a00000)]
  0x0000019d2d3ba800 JavaThread "Unconstrained build operations Thread 21" [_thread_blocked, id=12200, stack(0x0000007f09a00000,0x0000007f09b00000)]
  0x0000019d2d3bb800 JavaThread "Unconstrained build operations Thread 22" [_thread_blocked, id=3492, stack(0x0000007f09b00000,0x0000007f09c00000)]
  0x0000019d2d3b6000 JavaThread "Unconstrained build operations Thread 23" [_thread_blocked, id=6416, stack(0x0000007f09c00000,0x0000007f09d00000)]
  0x0000019d2d3b7800 JavaThread "Unconstrained build operations Thread 24" [_thread_blocked, id=7156, stack(0x0000007f09d00000,0x0000007f09e00000)]
  0x0000019d2d3be000 JavaThread "Unconstrained build operations Thread 25" [_thread_blocked, id=72, stack(0x0000007f09e00000,0x0000007f09f00000)]
  0x0000019d2d3bc800 JavaThread "Unconstrained build operations Thread 26" [_thread_blocked, id=15148, stack(0x0000007f09f00000,0x0000007f0a000000)]
  0x0000019d2d3b8800 JavaThread "Unconstrained build operations Thread 27" [_thread_blocked, id=1548, stack(0x0000007f0a000000,0x0000007f0a100000)]
  0x0000019d2d3bf000 JavaThread "Unconstrained build operations Thread 28" [_thread_blocked, id=15068, stack(0x0000007f0a100000,0x0000007f0a200000)]
  0x0000019d2d3c1800 JavaThread "Unconstrained build operations Thread 29" [_thread_blocked, id=3468, stack(0x0000007f0a200000,0x0000007f0a300000)]
  0x0000019d2d3c2000 JavaThread "Unconstrained build operations Thread 30" [_thread_blocked, id=8932, stack(0x0000007f0a300000,0x0000007f0a400000)]
  0x0000019d2d3bf800 JavaThread "Unconstrained build operations Thread 31" [_thread_blocked, id=11344, stack(0x0000007f0a400000,0x0000007f0a500000)]
  0x0000019d2d3c3000 JavaThread "Unconstrained build operations Thread 32" [_thread_blocked, id=2664, stack(0x0000007f0a500000,0x0000007f0a600000)]
  0x0000019d2d3bd000 JavaThread "Unconstrained build operations Thread 33" [_thread_blocked, id=2040, stack(0x0000007f0a600000,0x0000007f0a700000)]
  0x0000019d2d3c0800 JavaThread "Unconstrained build operations Thread 34" [_thread_blocked, id=2300, stack(0x0000007f0a700000,0x0000007f0a800000)]
  0x0000019d2ca1e800 JavaThread "Unconstrained build operations Thread 35" [_thread_blocked, id=9924, stack(0x0000007f0a800000,0x0000007f0a900000)]
  0x0000019d2ca1c000 JavaThread "Unconstrained build operations Thread 36" [_thread_blocked, id=6272, stack(0x0000007f0a900000,0x0000007f0aa00000)]
  0x0000019d2ca1d800 JavaThread "Unconstrained build operations Thread 37" [_thread_blocked, id=12788, stack(0x0000007f0aa00000,0x0000007f0ab00000)]
  0x0000019d2ca20000 JavaThread "Unconstrained build operations Thread 38" [_thread_blocked, id=15032, stack(0x0000007f0ab00000,0x0000007f0ac00000)]
  0x0000019d2ca21000 JavaThread "Unconstrained build operations Thread 39" [_thread_blocked, id=10648, stack(0x0000007f0ac00000,0x0000007f0ad00000)]
  0x0000019d2ca1b000 JavaThread "Unconstrained build operations Thread 40" [_thread_blocked, id=14228, stack(0x0000007f0ad00000,0x0000007f0ae00000)]
  0x0000019d2ca21800 JavaThread "build event listener" [_thread_blocked, id=7636, stack(0x0000007f06b00000,0x0000007f06c00000)]
  0x0000019d2ca1c800 JavaThread "Memory manager" [_thread_blocked, id=14012, stack(0x0000007f0af00000,0x0000007f0b000000)]
  0x0000019d2ca25000 JavaThread "pool-3-thread-1" [_thread_blocked, id=16220, stack(0x0000007f0b100000,0x0000007f0b200000)]
  0x0000019d2ca1f000 JavaThread "build event listener" [_thread_blocked, id=12128, stack(0x0000007f0b200000,0x0000007f0b300000)]
  0x0000019d2ca27800 JavaThread "included builds" [_thread_blocked, id=9672, stack(0x0000007f0b300000,0x0000007f0b400000)]
  0x0000019d2ca28000 JavaThread "Execution worker" [_thread_blocked, id=1788, stack(0x0000007f0b400000,0x0000007f0b500000)]
  0x0000019d2ca25800 JavaThread "Execution worker Thread 2" [_thread_blocked, id=12460, stack(0x0000007f0b500000,0x0000007f0b600000)]
  0x0000019d2ca26800 JavaThread "Execution worker Thread 3" [_thread_blocked, id=10624, stack(0x0000007f0b600000,0x0000007f0b700000)]
  0x0000019d2ca2a000 JavaThread "Cache worker for execution history cache (C:\Users\shahzaib lptp\AndroidStudioProjects\EyeonwaterApp\.gradle\7.5\executionHistory)" [_thread_blocked, id=15408, stack(0x0000007f0b700000,0x0000007f0b800000)]
  0x0000019d2ca29000 JavaThread "WorkerExecutor Queue" [_thread_blocked, id=4940, stack(0x0000007f05400000,0x0000007f05500000)]
  0x0000019d331e2800 JavaThread "WorkerExecutor Queue Thread 2" [_thread_blocked, id=340, stack(0x0000007f05500000,0x0000007f05600000)]
  0x0000019d331e1800 JavaThread "WorkerExecutor Queue Thread 3" [_thread_blocked, id=14620, stack(0x0000007f0ae00000,0x0000007f0af00000)]
  0x0000019d331e0000 JavaThread "WorkerExecutor Queue Thread 4" [_thread_blocked, id=3600, stack(0x0000007f0b800000,0x0000007f0b900000)]
  0x0000019d331e9800 JavaThread "pool-4-thread-1" [_thread_blocked, id=6568, stack(0x0000007f07200000,0x0000007f07300000)]
  0x0000019d331ea800 JavaThread "stderr" [_thread_in_native, id=10916, stack(0x0000007f0b900000,0x0000007f0ba00000)]
  0x0000019d331e7000 JavaThread "stdout" [_thread_in_native, id=14148, stack(0x0000007f0ba00000,0x0000007f0bb00000)]
  0x0000019d331eb800 JavaThread "ForkJoinPool-1-worker-3" daemon [_thread_blocked, id=3076, stack(0x0000007f0bb00000,0x0000007f0bc00000)]
  0x0000019d331ee000 JavaThread "ForkJoinPool-1-worker-5" daemon [_thread_blocked, id=11900, stack(0x0000007f0bc00000,0x0000007f0bd00000)]
  0x0000019d331e8000 JavaThread "ForkJoinPool-1-worker-7" daemon [_thread_blocked, id=1516, stack(0x0000007f0bd00000,0x0000007f0be00000)]
  0x0000019d331ed000 JavaThread "ForkJoinPool-1-worker-1" daemon [_thread_blocked, id=11292, stack(0x0000007f0be00000,0x0000007f0bf00000)]

Other Threads:
=>0x0000019d2b682800 VMThread "VM Thread" [stack: 0x0000007f05c00000,0x0000007f05d00000] [id=13924]
  0x0000019d2c447000 WatcherThread [stack: 0x0000007f06700000,0x0000007f06800000] [id=14120]
  0x0000019d11a94800 GCTaskThread "GC Thread#0" [stack: 0x0000007f05700000,0x0000007f05800000] [id=13532]
  0x0000019d2cfba000 GCTaskThread "GC Thread#1" [stack: 0x0000007f06800000,0x0000007f06900000] [id=14376]
  0x0000019d2c447800 GCTaskThread "GC Thread#2" [stack: 0x0000007f06900000,0x0000007f06a00000] [id=1856]
  0x0000019d301a4000 GCTaskThread "GC Thread#3" [stack: 0x0000007f07400000,0x0000007f07500000] [id=10220]
  0x0000019d11ac1000 ConcurrentGCThread "G1 Main Marker" [stack: 0x0000007f05800000,0x0000007f05900000] [id=9396]
  0x0000019d0f9cd000 ConcurrentGCThread "G1 Conc#0" [stack: 0x0000007f05900000,0x0000007f05a00000] [id=6428]
  0x0000019d2b4e0800 ConcurrentGCThread "G1 Refine#0" [stack: 0x0000007f05a00000,0x0000007f05b00000] [id=11560]
  0x0000019d2b4e1000 ConcurrentGCThread "G1 Young RemSet Sampling" [stack: 0x0000007f05b00000,0x0000007f05c00000] [id=3216]

Threads with active compile tasks:
C2 CompilerThread0   128226 24136 %     4       com.android.tools.r8.dex.i::a @ 315 (1041 bytes)

VM state:at safepoint (normal execution)

VM Mutex/Monitor currently owned by a thread:  ([mutex/lock_event])
[0x0000019d11a764d0] Threads_lock - owner thread: 0x0000019d2b682800
[0x0000019d11a765f0] Heap_lock - owner thread: 0x0000019d331ed000

Heap address: 0x0000000080000000, size: 2048 MB, Compressed Oops mode: 32-bit
Narrow klass base: 0x0000000000000000, Narrow klass shift: 3
Compressed class space size: 1073741824 Address: 0x0000000100000000

Heap:
 garbage-first heap   total 396288K, used 270336K [0x0000000080000000, 0x0000000100000000)
  region size 1024K, 3 young (3072K), 3 survivors (3072K)
 Metaspace       used 126280K, capacity 129903K, committed 130176K, reserved 1163264K
  class space    used 15756K, capacity 17156K, committed 17280K, reserved 1048576K
Heap Regions: E=young(eden), S=young(survivor), O=old, HS=humongous(starts), HC=humongous(continues), CS=collection set, F=free, A=archive, TAMS=top-at-mark-start (previous, next)
|   0|0x0000000080000000, 0x0000000080100000, 0x0000000080100000|100%| O|  |TAMS 0x0000000080100000, 0x0000000080100000| Untracked 
|   1|0x0000000080100000, 0x0000000080200000, 0x0000000080200000|100%| O|  |TAMS 0x0000000080200000, 0x0000000080200000| Untracked 
|   2|0x0000000080200000, 0x0000000080300000, 0x0000000080300000|100%| O|  |TAMS 0x0000000080300000, 0x0000000080300000| Untracked 
|   3|0x0000000080300000, 0x0000000080400000, 0x0000000080400000|100%|HS|  |TAMS 0x0000000080400000, 0x0000000080400000| Complete 
|   4|0x0000000080400000, 0x0000000080500000, 0x0000000080500000|100%|HC|  |TAMS 0x0000000080500000, 0x0000000080500000| Complete 
|   5|0x0000000080500000, 0x0000000080600000, 0x0000000080600000|100%|HC|  |TAMS 0x0000000080600000, 0x0000000080600000| Complete 
|   6|0x0000000080600000, 0x0000000080700000, 0x0000000080700000|100%| O|  |TAMS 0x0000000080700000, 0x0000000080700000| Untracked 
|   7|0x0000000080700000, 0x0000000080800000, 0x0000000080800000|100%| O|  |TAMS 0x0000000080800000, 0x0000000080800000| Untracked 
|   8|0x0000000080800000, 0x0000000080900000, 0x0000000080900000|100%| O|  |TAMS 0x0000000080900000, 0x0000000080900000| Untracked 
|   9|0x0000000080900000, 0x0000000080a00000, 0x0000000080a00000|100%| O|  |TAMS 0x0000000080a00000, 0x0000000080a00000| Untracked 
|  10|0x0000000080a00000, 0x0000000080b00000, 0x0000000080b00000|100%| O|  |TAMS 0x0000000080b00000, 0x0000000080b00000| Untracked 
|  11|0x0000000080b00000, 0x0000000080c00000, 0x0000000080c00000|100%| O|  |TAMS 0x0000000080c00000, 0x0000000080c00000| Untracked 
|  12|0x0000000080c00000, 0x0000000080d00000, 0x0000000080d00000|100%| O|  |TAMS 0x0000000080d00000, 0x0000000080d00000| Untracked 
|  13|0x0000000080d00000, 0x0000000080e00000, 0x0000000080e00000|100%| O|  |TAMS 0x0000000080e00000, 0x0000000080e00000| Untracked 
|  14|0x0000000080e00000, 0x0000000080f00000, 0x0000000080f00000|100%| O|  |TAMS 0x0000000080f00000, 0x0000000080f00000| Untracked 
|  15|0x0000000080f00000, 0x0000000081000000, 0x0000000081000000|100%| O|  |TAMS 0x0000000081000000, 0x0000000081000000| Untracked 
|  16|0x0000000081000000, 0x0000000081100000, 0x0000000081100000|100%| O|  |TAMS 0x0000000081100000, 0x0000000081100000| Untracked 
|  17|0x0000000081100000, 0x0000000081200000, 0x0000000081200000|100%| O|  |TAMS 0x0000000081200000, 0x0000000081200000| Untracked 
|  18|0x0000000081200000, 0x0000000081300000, 0x0000000081300000|100%| O|  |TAMS 0x0000000081300000, 0x0000000081300000| Untracked 
|  19|0x0000000081300000, 0x0000000081400000, 0x0000000081400000|100%| O|  |TAMS 0x0000000081400000, 0x0000000081400000| Untracked 
|  20|0x0000000081400000, 0x0000000081500000, 0x0000000081500000|100%| O|  |TAMS 0x0000000081500000, 0x0000000081500000| Untracked 
|  21|0x0000000081500000, 0x0000000081600000, 0x0000000081600000|100%| O|  |TAMS 0x0000000081600000, 0x0000000081600000| Untracked 
|  22|0x0000000081600000, 0x0000000081700000, 0x0000000081700000|100%| O|  |TAMS 0x0000000081700000, 0x0000000081700000| Untracked 
|  23|0x0000000081700000, 0x0000000081800000, 0x0000000081800000|100%|HS|  |TAMS 0x0000000081800000, 0x0000000081800000| Complete 
|  24|0x0000000081800000, 0x0000000081900000, 0x0000000081900000|100%| O|  |TAMS 0x0000000081900000, 0x0000000081900000| Untracked 
|  25|0x0000000081900000, 0x0000000081a00000, 0x0000000081a00000|100%| O|  |TAMS 0x0000000081a00000, 0x0000000081a00000| Untracked 
|  26|0x0000000081a00000, 0x0000000081b00000, 0x0000000081b00000|100%|HS|  |TAMS 0x0000000081b00000, 0x0000000081b00000| Complete 
|  27|0x0000000081b00000, 0x0000000081c00000, 0x0000000081c00000|100%| O|  |TAMS 0x0000000081c00000, 0x0000000081c00000| Untracked 
|  28|0x0000000081c00000, 0x0000000081d00000, 0x0000000081d00000|100%| O|  |TAMS 0x0000000081d00000, 0x0000000081d00000| Untracked 
|  29|0x0000000081d00000, 0x0000000081e00000, 0x0000000081e00000|100%| O|  |TAMS 0x0000000081e00000, 0x0000000081e00000| Untracked 
|  30|0x0000000081e00000, 0x0000000081f00000, 0x0000000081f00000|100%| O|  |TAMS 0x0000000081f00000, 0x0000000081f00000| Untracked 
|  31|0x0000000081f00000, 0x0000000082000000, 0x0000000082000000|100%| O|  |TAMS 0x0000000082000000, 0x0000000082000000| Untracked 
|  32|0x0000000082000000, 0x0000000082100000, 0x0000000082100000|100%| O|  |TAMS 0x0000000082100000, 0x0000000082100000| Untracked 
|  33|0x0000000082100000, 0x0000000082200000, 0x0000000082200000|100%| O|  |TAMS 0x0000000082200000, 0x0000000082200000| Untracked 
|  34|0x0000000082200000, 0x0000000082300000, 0x0000000082300000|100%| O|  |TAMS 0x0000000082300000, 0x0000000082300000| Untracked 
|  35|0x0000000082300000, 0x0000000082400000, 0x0000000082400000|100%| O|  |TAMS 0x0000000082400000, 0x0000000082400000| Untracked 
|  36|0x0000000082400000, 0x0000000082500000, 0x0000000082500000|100%| O|  |TAMS 0x0000000082500000, 0x0000000082500000| Untracked 
|  37|0x0000000082500000, 0x0000000082600000, 0x0000000082600000|100%| O|  |TAMS 0x0000000082600000, 0x0000000082600000| Untracked 
|  38|0x0000000082600000, 0x0000000082700000, 0x0000000082700000|100%| O|  |TAMS 0x0000000082700000, 0x0000000082700000| Untracked 
|  39|0x0000000082700000, 0x0000000082800000, 0x0000000082800000|100%| O|  |TAMS 0x0000000082800000, 0x0000000082800000| Untracked 
|  40|0x0000000082800000, 0x0000000082900000, 0x0000000082900000|100%| O|  |TAMS 0x0000000082900000, 0x0000000082900000| Untracked 
|  41|0x0000000082900000, 0x0000000082a00000, 0x0000000082a00000|100%| O|  |TAMS 0x0000000082a00000, 0x0000000082a00000| Untracked 
|  42|0x0000000082a00000, 0x0000000082b00000, 0x0000000082b00000|100%| O|  |TAMS 0x0000000082b00000, 0x0000000082b00000| Untracked 
|  43|0x0000000082b00000, 0x0000000082c00000, 0x0000000082c00000|100%| O|  |TAMS 0x0000000082c00000, 0x0000000082c00000| Untracked 
|  44|0x0000000082c00000, 0x0000000082d00000, 0x0000000082d00000|100%| O|  |TAMS 0x0000000082d00000, 0x0000000082d00000| Untracked 
|  45|0x0000000082d00000, 0x0000000082e00000, 0x0000000082e00000|100%| O|  |TAMS 0x0000000082e00000, 0x0000000082e00000| Untracked 
|  46|0x0000000082e00000, 0x0000000082f00000, 0x0000000082f00000|100%| O|  |TAMS 0x0000000082f00000, 0x0000000082f00000| Untracked 
|  47|0x0000000082f00000, 0x0000000083000000, 0x0000000083000000|100%| O|  |TAMS 0x0000000083000000, 0x0000000083000000| Untracked 
|  48|0x0000000083000000, 0x0000000083100000, 0x0000000083100000|100%| O|  |TAMS 0x0000000083100000, 0x0000000083100000| Untracked 
|  49|0x0000000083100000, 0x0000000083200000, 0x0000000083200000|100%| O|  |TAMS 0x0000000083200000, 0x0000000083200000| Untracked 
|  50|0x0000000083200000, 0x0000000083300000, 0x0000000083300000|100%| O|  |TAMS 0x0000000083300000, 0x0000000083300000| Untracked 
|  51|0x0000000083300000, 0x0000000083400000, 0x0000000083400000|100%| O|  |TAMS 0x0000000083400000, 0x0000000083400000| Untracked 
|  52|0x0000000083400000, 0x0000000083500000, 0x0000000083500000|100%| O|  |TAMS 0x0000000083500000, 0x0000000083500000| Untracked 
|  53|0x0000000083500000, 0x0000000083600000, 0x0000000083600000|100%| O|  |TAMS 0x0000000083600000, 0x0000000083600000| Untracked 
|  54|0x0000000083600000, 0x0000000083700000, 0x0000000083700000|100%| O|  |TAMS 0x0000000083700000, 0x0000000083700000| Untracked 
|  55|0x0000000083700000, 0x0000000083800000, 0x0000000083800000|100%| O|  |TAMS 0x0000000083800000, 0x0000000083800000| Untracked 
|  56|0x0000000083800000, 0x0000000083900000, 0x0000000083900000|100%| O|  |TAMS 0x0000000083900000, 0x0000000083900000| Untracked 
|  57|0x0000000083900000, 0x0000000083a00000, 0x0000000083a00000|100%| O|  |TAMS 0x0000000083a00000, 0x0000000083a00000| Untracked 
|  58|0x0000000083a00000, 0x0000000083b00000, 0x0000000083b00000|100%| O|  |TAMS 0x0000000083b00000, 0x0000000083b00000| Untracked 
|  59|0x0000000083b00000, 0x0000000083c00000, 0x0000000083c00000|100%| O|  |TAMS 0x0000000083c00000, 0x0000000083c00000| Untracked 
|  60|0x0000000083c00000, 0x0000000083d00000, 0x0000000083d00000|100%| O|  |TAMS 0x0000000083d00000, 0x0000000083d00000| Untracked 
|  61|0x0000000083d00000, 0x0000000083e00000, 0x0000000083e00000|100%| O|  |TAMS 0x0000000083e00000, 0x0000000083e00000| Untracked 
|  62|0x0000000083e00000, 0x0000000083f00000, 0x0000000083f00000|100%| O|  |TAMS 0x0000000083f00000, 0x0000000083f00000| Untracked 
|  63|0x0000000083f00000, 0x0000000084000000, 0x0000000084000000|100%| O|  |TAMS 0x0000000084000000, 0x0000000084000000| Untracked 
|  64|0x0000000084000000, 0x0000000084100000, 0x0000000084100000|100%| O|  |TAMS 0x0000000084100000, 0x0000000084100000| Untracked 
|  65|0x0000000084100000, 0x0000000084200000, 0x0000000084200000|100%| O|  |TAMS 0x0000000084200000, 0x0000000084200000| Untracked 
|  66|0x0000000084200000, 0x0000000084300000, 0x0000000084300000|100%| O|  |TAMS 0x0000000084300000, 0x0000000084300000| Untracked 
|  67|0x0000000084300000, 0x0000000084400000, 0x0000000084400000|100%| O|  |TAMS 0x0000000084400000, 0x0000000084400000| Untracked 
|  68|0x0000000084400000, 0x0000000084500000, 0x0000000084500000|100%| O|  |TAMS 0x0000000084500000, 0x0000000084500000| Untracked 
|  69|0x0000000084500000, 0x0000000084600000, 0x0000000084600000|100%| O|  |TAMS 0x0000000084600000, 0x0000000084600000| Untracked 
|  70|0x0000000084600000, 0x0000000084700000, 0x0000000084700000|100%| O|  |TAMS 0x0000000084700000, 0x0000000084700000| Untracked 
|  71|0x0000000084700000, 0x0000000084800000, 0x0000000084800000|100%| O|  |TAMS 0x0000000084800000, 0x0000000084800000| Untracked 
|  72|0x0000000084800000, 0x0000000084900000, 0x0000000084900000|100%| O|  |TAMS 0x0000000084900000, 0x0000000084900000| Untracked 
|  73|0x0000000084900000, 0x0000000084a00000, 0x0000000084a00000|100%| O|  |TAMS 0x0000000084a00000, 0x0000000084a00000| Untracked 
|  74|0x0000000084a00000, 0x0000000084b00000, 0x0000000084b00000|100%| O|  |TAMS 0x0000000084b00000, 0x0000000084b00000| Untracked 
|  75|0x0000000084b00000, 0x0000000084c00000, 0x0000000084c00000|100%| O|  |TAMS 0x0000000084c00000, 0x0000000084c00000| Untracked 
|  76|0x0000000084c00000, 0x0000000084d00000, 0x0000000084d00000|100%| O|  |TAMS 0x0000000084d00000, 0x0000000084d00000| Untracked 
|  77|0x0000000084d00000, 0x0000000084e00000, 0x0000000084e00000|100%| O|  |TAMS 0x0000000084e00000, 0x0000000084e00000| Untracked 
|  78|0x0000000084e00000, 0x0000000084f00000, 0x0000000084f00000|100%| O|  |TAMS 0x0000000084f00000, 0x0000000084f00000| Untracked 
|  79|0x0000000084f00000, 0x0000000085000000, 0x0000000085000000|100%| O|  |TAMS 0x0000000085000000, 0x0000000085000000| Untracked 
|  80|0x0000000085000000, 0x0000000085100000, 0x0000000085100000|100%| O|  |TAMS 0x0000000085100000, 0x0000000085100000| Untracked 
|  81|0x0000000085100000, 0x0000000085200000, 0x0000000085200000|100%| O|  |TAMS 0x0000000085100000, 0x0000000085200000| Untracked 
|  82|0x0000000085200000, 0x0000000085300000, 0x0000000085300000|100%| O|  |TAMS 0x0000000085300000, 0x0000000085300000| Untracked 
|  83|0x0000000085300000, 0x0000000085400000, 0x0000000085400000|100%| O|  |TAMS 0x0000000085300000, 0x0000000085400000| Untracked 
|  84|0x0000000085400000, 0x0000000085500000, 0x0000000085500000|100%| O|  |TAMS 0x0000000085400000, 0x0000000085500000| Untracked 
|  85|0x0000000085500000, 0x0000000085600000, 0x0000000085600000|100%| O|  |TAMS 0x0000000085500000, 0x0000000085600000| Untracked 
|  86|0x0000000085600000, 0x0000000085700000, 0x0000000085700000|100%| O|  |TAMS 0x0000000085600000, 0x0000000085700000| Untracked 
|  87|0x0000000085700000, 0x0000000085800000, 0x0000000085800000|100%| O|  |TAMS 0x0000000085800000, 0x0000000085800000| Untracked 
|  88|0x0000000085800000, 0x0000000085900000, 0x0000000085900000|100%| O|  |TAMS 0x0000000085900000, 0x0000000085900000| Untracked 
|  89|0x0000000085900000, 0x0000000085a00000, 0x0000000085a00000|100%| O|  |TAMS 0x0000000085900000, 0x0000000085a00000| Untracked 
|  90|0x0000000085a00000, 0x0000000085b00000, 0x0000000085b00000|100%| O|  |TAMS 0x0000000085a00000, 0x0000000085b00000| Untracked 
|  91|0x0000000085b00000, 0x0000000085c00000, 0x0000000085c00000|100%| O|  |TAMS 0x0000000085c00000, 0x0000000085c00000| Untracked 
|  92|0x0000000085c00000, 0x0000000085d00000, 0x0000000085d00000|100%| O|  |TAMS 0x0000000085c00000, 0x0000000085d00000| Untracked 
|  93|0x0000000085d00000, 0x0000000085e00000, 0x0000000085e00000|100%| O|  |TAMS 0x0000000085e00000, 0x0000000085e00000| Untracked 
|  94|0x0000000085e00000, 0x0000000085f00000, 0x0000000085f00000|100%| O|  |TAMS 0x0000000085e00000, 0x0000000085f00000| Untracked 
|  95|0x0000000085f00000, 0x0000000086000000, 0x0000000086000000|100%| O|  |TAMS 0x0000000086000000, 0x0000000086000000| Untracked 
|  96|0x0000000086000000, 0x0000000086100000, 0x0000000086100000|100%| O|  |TAMS 0x0000000086100000, 0x0000000086100000| Untracked 
|  97|0x0000000086100000, 0x0000000086200000, 0x0000000086200000|100%| O|  |TAMS 0x0000000086100000, 0x0000000086200000| Untracked 
|  98|0x0000000086200000, 0x0000000086300000, 0x0000000086300000|100%| O|  |TAMS 0x0000000086200000, 0x0000000086300000| Untracked 
|  99|0x0000000086300000, 0x0000000086400000, 0x0000000086400000|100%| O|  |TAMS 0x0000000086400000, 0x0000000086400000| Untracked 
| 100|0x0000000086400000, 0x0000000086500000, 0x0000000086500000|100%| O|  |TAMS 0x0000000086400000, 0x0000000086500000| Untracked 
| 101|0x0000000086500000, 0x0000000086600000, 0x0000000086600000|100%| O|  |TAMS 0x0000000086600000, 0x0000000086600000| Untracked 
| 102|0x0000000086600000, 0x0000000086700000, 0x0000000086700000|100%| O|  |TAMS 0x0000000086700000, 0x0000000086700000| Untracked 
| 103|0x0000000086700000, 0x0000000086800000, 0x0000000086800000|100%| O|  |TAMS 0x0000000086800000, 0x0000000086800000| Untracked 
| 104|0x0000000086800000, 0x0000000086900000, 0x0000000086900000|100%| O|  |TAMS 0x0000000086900000, 0x0000000086900000| Untracked 
| 105|0x0000000086900000, 0x0000000086a00000, 0x0000000086a00000|100%| O|  |TAMS 0x0000000086a00000, 0x0000000086a00000| Untracked 
| 106|0x0000000086a00000, 0x0000000086b00000, 0x0000000086b00000|100%| O|  |TAMS 0x0000000086b00000, 0x0000000086b00000| Untracked 
| 107|0x0000000086b00000, 0x0000000086c00000, 0x0000000086c00000|100%| O|  |TAMS 0x0000000086c00000, 0x0000000086c00000| Untracked 
| 108|0x0000000086c00000, 0x0000000086d00000, 0x0000000086d00000|100%| O|  |TAMS 0x0000000086d00000, 0x0000000086d00000| Untracked 
| 109|0x0000000086d00000, 0x0000000086e00000, 0x0000000086e00000|100%| O|  |TAMS 0x0000000086e00000, 0x0000000086e00000| Untracked 
| 110|0x0000000086e00000, 0x0000000086f00000, 0x0000000086f00000|100%| O|  |TAMS 0x0000000086f00000, 0x0000000086f00000| Untracked 
| 111|0x0000000086f00000, 0x0000000087000000, 0x0000000087000000|100%| O|  |TAMS 0x0000000087000000, 0x0000000087000000| Untracked 
| 112|0x0000000087000000, 0x0000000087100000, 0x0000000087100000|100%| O|  |TAMS 0x0000000087100000, 0x0000000087100000| Untracked 
| 113|0x0000000087100000, 0x0000000087200000, 0x0000000087200000|100%| O|  |TAMS 0x0000000087100000, 0x0000000087200000| Untracked 
| 114|0x0000000087200000, 0x0000000087300000, 0x0000000087300000|100%| O|  |TAMS 0x0000000087200000, 0x0000000087300000| Untracked 
| 115|0x0000000087300000, 0x0000000087400000, 0x0000000087400000|100%| O|  |TAMS 0x0000000087300000, 0x0000000087400000| Untracked 
| 116|0x0000000087400000, 0x0000000087500000, 0x0000000087500000|100%| O|  |TAMS 0x0000000087400000, 0x0000000087500000| Untracked 
| 117|0x0000000087500000, 0x0000000087600000, 0x0000000087600000|100%| O|  |TAMS 0x0000000087600000, 0x0000000087600000| Untracked 
| 118|0x0000000087600000, 0x0000000087700000, 0x0000000087700000|100%| O|  |TAMS 0x0000000087600000, 0x0000000087700000| Untracked 
| 119|0x0000000087700000, 0x0000000087800000, 0x0000000087800000|100%| O|  |TAMS 0x0000000087700000, 0x0000000087800000| Untracked 
| 120|0x0000000087800000, 0x0000000087900000, 0x0000000087900000|100%| O|  |TAMS 0x0000000087900000, 0x0000000087900000| Untracked 
| 121|0x0000000087900000, 0x0000000087a00000, 0x0000000087a00000|100%| O|  |TAMS 0x0000000087900000, 0x0000000087a00000| Untracked 
| 122|0x0000000087a00000, 0x0000000087b00000, 0x0000000087b00000|100%| O|  |TAMS 0x0000000087b00000, 0x0000000087b00000| Untracked 
| 123|0x0000000087b00000, 0x0000000087c00000, 0x0000000087c00000|100%| O|  |TAMS 0x0000000087c00000, 0x0000000087c00000| Untracked 
| 124|0x0000000087c00000, 0x0000000087d00000, 0x0000000087d00000|100%| O|  |TAMS 0x0000000087d00000, 0x0000000087d00000| Untracked 
| 125|0x0000000087d00000, 0x0000000087e00000, 0x0000000087e00000|100%| O|  |TAMS 0x0000000087e00000, 0x0000000087e00000| Untracked 
| 126|0x0000000087e00000, 0x0000000087f00000, 0x0000000087f00000|100%| O|  |TAMS 0x0000000087e00000, 0x0000000087f00000| Untracked 
| 127|0x0000000087f00000, 0x0000000088000000, 0x0000000088000000|100%| O|  |TAMS 0x0000000087f00000, 0x0000000088000000| Untracked 
| 128|0x0000000088000000, 0x0000000088100000, 0x0000000088100000|100%| O|  |TAMS 0x0000000088100000, 0x0000000088100000| Untracked 
| 129|0x0000000088100000, 0x0000000088200000, 0x0000000088200000|100%| O|  |TAMS 0x0000000088200000, 0x0000000088200000| Untracked 
| 130|0x0000000088200000, 0x0000000088300000, 0x0000000088300000|100%| O|  |TAMS 0x0000000088200000, 0x0000000088300000| Untracked 
| 131|0x0000000088300000, 0x0000000088400000, 0x0000000088400000|100%| O|  |TAMS 0x0000000088300000, 0x0000000088400000| Untracked 
| 132|0x0000000088400000, 0x0000000088500000, 0x0000000088500000|100%| O|  |TAMS 0x0000000088400000, 0x0000000088500000| Untracked 
| 133|0x0000000088500000, 0x0000000088600000, 0x0000000088600000|100%| O|  |TAMS 0x0000000088500000, 0x0000000088600000| Untracked 
| 134|0x0000000088600000, 0x0000000088700000, 0x0000000088700000|100%| O|  |TAMS 0x0000000088600000, 0x0000000088700000| Untracked 
| 135|0x0000000088700000, 0x0000000088800000, 0x0000000088800000|100%| O|  |TAMS 0x0000000088700000, 0x0000000088800000| Untracked 
| 136|0x0000000088800000, 0x0000000088900000, 0x0000000088900000|100%| O|  |TAMS 0x0000000088800000, 0x0000000088900000| Untracked 
| 137|0x0000000088900000, 0x0000000088a00000, 0x0000000088a00000|100%| O|  |TAMS 0x0000000088900000, 0x0000000088a00000| Untracked 
| 138|0x0000000088a00000, 0x0000000088b00000, 0x0000000088b00000|100%| O|  |TAMS 0x0000000088a00000, 0x0000000088b00000| Untracked 
| 139|0x0000000088b00000, 0x0000000088c00000, 0x0000000088c00000|100%|HS|  |TAMS 0x0000000088b00000, 0x0000000088c00000| Complete 
| 140|0x0000000088c00000, 0x0000000088d00000, 0x0000000088d00000|100%|HS|  |TAMS 0x0000000088d00000, 0x0000000088d00000| Complete 
| 141|0x0000000088d00000, 0x0000000088e00000, 0x0000000088e00000|100%|HC|  |TAMS 0x0000000088e00000, 0x0000000088e00000| Complete 
| 142|0x0000000088e00000, 0x0000000088f00000, 0x0000000088f00000|100%|HS|  |TAMS 0x0000000088f00000, 0x0000000088f00000| Complete 
| 143|0x0000000088f00000, 0x0000000089000000, 0x0000000089000000|100%|HS|  |TAMS 0x0000000089000000, 0x0000000089000000| Complete 
| 144|0x0000000089000000, 0x0000000089100000, 0x0000000089100000|100%|HS|  |TAMS 0x0000000089100000, 0x0000000089100000| Complete 
| 145|0x0000000089100000, 0x0000000089200000, 0x0000000089200000|100%| O|  |TAMS 0x0000000089100000, 0x0000000089200000| Untracked 
| 146|0x0000000089200000, 0x0000000089300000, 0x0000000089300000|100%|HS|  |TAMS 0x0000000089300000, 0x0000000089300000| Complete 
| 147|0x0000000089300000, 0x0000000089400000, 0x0000000089400000|100%|HC|  |TAMS 0x0000000089400000, 0x0000000089400000| Complete 
| 148|0x0000000089400000, 0x0000000089500000, 0x0000000089500000|100%|HS|  |TAMS 0x0000000089500000, 0x0000000089500000| Complete 
| 149|0x0000000089500000, 0x0000000089600000, 0x0000000089600000|100%|HC|  |TAMS 0x0000000089600000, 0x0000000089600000| Complete 
| 150|0x0000000089600000, 0x0000000089700000, 0x0000000089700000|100%| O|  |TAMS 0x0000000089700000, 0x0000000089700000| Untracked 
| 151|0x0000000089700000, 0x0000000089800000, 0x0000000089800000|100%|HS|  |TAMS 0x0000000089800000, 0x0000000089800000| Complete 
| 152|0x0000000089800000, 0x0000000089900000, 0x0000000089900000|100%|HC|  |TAMS 0x0000000089900000, 0x0000000089900000| Complete 
| 153|0x0000000089900000, 0x0000000089a00000, 0x0000000089a00000|100%|HC|  |TAMS 0x0000000089a00000, 0x0000000089a00000| Complete 
| 154|0x0000000089a00000, 0x0000000089b00000, 0x0000000089b00000|100%| O|  |TAMS 0x0000000089a00000, 0x0000000089b00000| Untracked 
| 155|0x0000000089b00000, 0x0000000089c00000, 0x0000000089c00000|100%| O|  |TAMS 0x0000000089b00000, 0x0000000089c00000| Untracked 
| 156|0x0000000089c00000, 0x0000000089d00000, 0x0000000089d00000|100%|HS|  |TAMS 0x0000000089d00000, 0x0000000089d00000| Complete 
| 157|0x0000000089d00000, 0x0000000089e00000, 0x0000000089e00000|100%|HC|  |TAMS 0x0000000089e00000, 0x0000000089e00000| Complete 
| 158|0x0000000089e00000, 0x0000000089f00000, 0x0000000089f00000|100%|HS|  |TAMS 0x0000000089e00000, 0x0000000089f00000| Complete 
| 159|0x0000000089f00000, 0x000000008a000000, 0x000000008a000000|100%|HS|  |TAMS 0x000000008a000000, 0x000000008a000000| Complete 
| 160|0x000000008a000000, 0x000000008a100000, 0x000000008a100000|100%|HS|  |TAMS 0x000000008a000000, 0x000000008a100000| Complete 
| 161|0x000000008a100000, 0x000000008a200000, 0x000000008a200000|100%|HC|  |TAMS 0x000000008a100000, 0x000000008a200000| Complete 
| 162|0x000000008a200000, 0x000000008a300000, 0x000000008a300000|100%| O|  |TAMS 0x000000008a200000, 0x000000008a300000| Untracked 
| 163|0x000000008a300000, 0x000000008a400000, 0x000000008a400000|100%| O|  |TAMS 0x000000008a300000, 0x000000008a400000| Untracked 
| 164|0x000000008a400000, 0x000000008a500000, 0x000000008a500000|100%| O|  |TAMS 0x000000008a400000, 0x000000008a500000| Untracked 
| 165|0x000000008a500000, 0x000000008a600000, 0x000000008a600000|100%| O|  |TAMS 0x000000008a500000, 0x000000008a600000| Untracked 
| 166|0x000000008a600000, 0x000000008a700000, 0x000000008a700000|100%| O|  |TAMS 0x000000008a600000, 0x000000008a700000| Untracked 
| 167|0x000000008a700000, 0x000000008a800000, 0x000000008a800000|100%|HS|  |TAMS 0x000000008a700000, 0x000000008a800000| Complete 
| 168|0x000000008a800000, 0x000000008a900000, 0x000000008a900000|100%|HC|  |TAMS 0x000000008a800000, 0x000000008a900000| Complete 
| 169|0x000000008a900000, 0x000000008aa00000, 0x000000008aa00000|100%|HC|  |TAMS 0x000000008a900000, 0x000000008aa00000| Complete 
| 170|0x000000008aa00000, 0x000000008ab00000, 0x000000008ab00000|100%|HS|  |TAMS 0x000000008ab00000, 0x000000008ab00000| Complete 
| 171|0x000000008ab00000, 0x000000008ac00000, 0x000000008ac00000|100%| O|  |TAMS 0x000000008ab00000, 0x000000008ac00000| Untracked 
| 172|0x000000008ac00000, 0x000000008ad00000, 0x000000008ad00000|100%| O|  |TAMS 0x000000008ac00000, 0x000000008ad00000| Untracked 
| 173|0x000000008ad00000, 0x000000008ae00000, 0x000000008ae00000|100%| O|  |TAMS 0x000000008ad00000, 0x000000008ae00000| Untracked 
| 174|0x000000008ae00000, 0x000000008af00000, 0x000000008af00000|100%| O|  |TAMS 0x000000008ae00000, 0x000000008af00000| Untracked 
| 175|0x000000008af00000, 0x000000008b000000, 0x000000008b000000|100%|HS|  |TAMS 0x000000008b000000, 0x000000008b000000| Complete 
| 176|0x000000008b000000, 0x000000008b100000, 0x000000008b100000|100%| O|  |TAMS 0x000000008b000000, 0x000000008b100000| Untracked 
| 177|0x000000008b100000, 0x000000008b200000, 0x000000008b200000|100%| O|  |TAMS 0x000000008b100000, 0x000000008b200000| Untracked 
| 178|0x000000008b200000, 0x000000008b300000, 0x000000008b300000|100%| O|  |TAMS 0x000000008b200000, 0x000000008b300000| Untracked 
| 179|0x000000008b300000, 0x000000008b400000, 0x000000008b400000|100%|HS|  |TAMS 0x000000008b400000, 0x000000008b400000| Complete 
| 180|0x000000008b400000, 0x000000008b500000, 0x000000008b500000|100%|HC|  |TAMS 0x000000008b500000, 0x000000008b500000| Complete 
| 181|0x000000008b500000, 0x000000008b600000, 0x000000008b600000|100%| O|  |TAMS 0x000000008b500000, 0x000000008b600000| Untracked 
| 182|0x000000008b600000, 0x000000008b700000, 0x000000008b700000|100%| O|  |TAMS 0x000000008b700000, 0x000000008b700000| Untracked 
| 183|0x000000008b700000, 0x000000008b800000, 0x000000008b800000|100%| O|  |TAMS 0x000000008b800000, 0x000000008b800000| Untracked 
| 184|0x000000008b800000, 0x000000008b900000, 0x000000008b900000|100%| O|  |TAMS 0x000000008b900000, 0x000000008b900000| Untracked 
| 185|0x000000008b900000, 0x000000008ba00000, 0x000000008ba00000|100%| O|  |TAMS 0x000000008ba00000, 0x000000008ba00000| Untracked 
| 186|0x000000008ba00000, 0x000000008bb00000, 0x000000008bb00000|100%| O|  |TAMS 0x000000008bb00000, 0x000000008bb00000| Untracked 
| 187|0x000000008bb00000, 0x000000008bc00000, 0x000000008bc00000|100%| O|  |TAMS 0x000000008bc00000, 0x000000008bc00000| Untracked 
| 188|0x000000008bc00000, 0x000000008bd00000, 0x000000008bd00000|100%| O|  |TAMS 0x000000008bd00000, 0x000000008bd00000| Untracked 
| 189|0x000000008bd00000, 0x000000008be00000, 0x000000008be00000|100%| O|  |TAMS 0x000000008be00000, 0x000000008be00000| Untracked 
| 190|0x000000008be00000, 0x000000008bf00000, 0x000000008bf00000|100%| O|  |TAMS 0x000000008bf00000, 0x000000008bf00000| Untracked 
| 191|0x000000008bf00000, 0x000000008c000000, 0x000000008c000000|100%| O|  |TAMS 0x000000008c000000, 0x000000008c000000| Untracked 
| 192|0x000000008c000000, 0x000000008c100000, 0x000000008c100000|100%| O|  |TAMS 0x000000008c100000, 0x000000008c100000| Untracked 
| 193|0x000000008c100000, 0x000000008c200000, 0x000000008c200000|100%| O|  |TAMS 0x000000008c200000, 0x000000008c200000| Untracked 
| 194|0x000000008c200000, 0x000000008c300000, 0x000000008c300000|100%| O|  |TAMS 0x000000008c200000, 0x000000008c300000| Untracked 
| 195|0x000000008c300000, 0x000000008c400000, 0x000000008c400000|100%| O|  |TAMS 0x000000008c300000, 0x000000008c400000| Untracked 
| 196|0x000000008c400000, 0x000000008c500000, 0x000000008c500000|100%| O|  |TAMS 0x000000008c400000, 0x000000008c500000| Untracked 
| 197|0x000000008c500000, 0x000000008c600000, 0x000000008c600000|100%| O|  |TAMS 0x000000008c500000, 0x000000008c600000| Untracked 
| 198|0x000000008c600000, 0x000000008c700000, 0x000000008c700000|100%| O|  |TAMS 0x000000008c600000, 0x000000008c700000| Untracked 
| 199|0x000000008c700000, 0x000000008c800000, 0x000000008c800000|100%| O|  |TAMS 0x000000008c700000, 0x000000008c800000| Untracked 
| 200|0x000000008c800000, 0x000000008c900000, 0x000000008c900000|100%| O|  |TAMS 0x000000008c800000, 0x000000008c900000| Untracked 
| 201|0x000000008c900000, 0x000000008ca00000, 0x000000008ca00000|100%| O|  |TAMS 0x000000008c900000, 0x000000008ca00000| Untracked 
| 202|0x000000008ca00000, 0x000000008cb00000, 0x000000008cb00000|100%| O|  |TAMS 0x000000008ca00000, 0x000000008cb00000| Untracked 
| 203|0x000000008cb00000, 0x000000008cc00000, 0x000000008cc00000|100%| O|  |TAMS 0x000000008cb00000, 0x000000008cc00000| Untracked 
| 204|0x000000008cc00000, 0x000000008cd00000, 0x000000008cd00000|100%| O|  |TAMS 0x000000008cc00000, 0x000000008cd00000| Untracked 
| 205|0x000000008cd00000, 0x000000008ce00000, 0x000000008ce00000|100%| O|  |TAMS 0x000000008cd00000, 0x000000008ce00000| Untracked 
| 206|0x000000008ce00000, 0x000000008cf00000, 0x000000008cf00000|100%| O|  |TAMS 0x000000008ce00000, 0x000000008cf00000| Untracked 
| 207|0x000000008cf00000, 0x000000008d000000, 0x000000008d000000|100%| O|  |TAMS 0x000000008cf00000, 0x000000008d000000| Untracked 
| 208|0x000000008d000000, 0x000000008d100000, 0x000000008d100000|100%| O|  |TAMS 0x000000008d000000, 0x000000008d100000| Untracked 
| 209|0x000000008d100000, 0x000000008d200000, 0x000000008d200000|100%| O|  |TAMS 0x000000008d100000, 0x000000008d200000| Untracked 
| 210|0x000000008d200000, 0x000000008d300000, 0x000000008d300000|100%| O|  |TAMS 0x000000008d200000, 0x000000008d300000| Untracked 
| 211|0x000000008d300000, 0x000000008d400000, 0x000000008d400000|100%| O|  |TAMS 0x000000008d300000, 0x000000008d400000| Untracked 
| 212|0x000000008d400000, 0x000000008d500000, 0x000000008d500000|100%| O|  |TAMS 0x000000008d400000, 0x000000008d500000| Untracked 
| 213|0x000000008d500000, 0x000000008d600000, 0x000000008d600000|100%| O|  |TAMS 0x000000008d500000, 0x000000008d600000| Untracked 
| 214|0x000000008d600000, 0x000000008d700000, 0x000000008d700000|100%| O|  |TAMS 0x000000008d600000, 0x000000008d700000| Untracked 
| 215|0x000000008d700000, 0x000000008d800000, 0x000000008d800000|100%| O|  |TAMS 0x000000008d700000, 0x000000008d800000| Untracked 
| 216|0x000000008d800000, 0x000000008d900000, 0x000000008d900000|100%| O|  |TAMS 0x000000008d800000, 0x000000008d900000| Untracked 
| 217|0x000000008d900000, 0x000000008da00000, 0x000000008da00000|100%| O|  |TAMS 0x000000008d900000, 0x000000008da00000| Untracked 
| 218|0x000000008da00000, 0x000000008db00000, 0x000000008db00000|100%| O|  |TAMS 0x000000008da00000, 0x000000008db00000| Untracked 
| 219|0x000000008db00000, 0x000000008dc00000, 0x000000008dc00000|100%| O|  |TAMS 0x000000008db00000, 0x000000008dc00000| Untracked 
| 220|0x000000008dc00000, 0x000000008dd00000, 0x000000008dd00000|100%| O|  |TAMS 0x000000008dc00000, 0x000000008dd00000| Untracked 
| 221|0x000000008dd00000, 0x000000008de00000, 0x000000008de00000|100%| O|  |TAMS 0x000000008dd00000, 0x000000008de00000| Untracked 
| 222|0x000000008de00000, 0x000000008df00000, 0x000000008df00000|100%| O|  |TAMS 0x000000008de00000, 0x000000008df00000| Untracked 
| 223|0x000000008df00000, 0x000000008e000000, 0x000000008e000000|100%| O|  |TAMS 0x000000008df00000, 0x000000008e000000| Untracked 
| 224|0x000000008e000000, 0x000000008e100000, 0x000000008e100000|100%| O|  |TAMS 0x000000008e000000, 0x000000008e100000| Untracked 
| 225|0x000000008e100000, 0x000000008e200000, 0x000000008e200000|100%| O|  |TAMS 0x000000008e100000, 0x000000008e200000| Untracked 
| 226|0x000000008e200000, 0x000000008e300000, 0x000000008e300000|100%| O|  |TAMS 0x000000008e200000, 0x000000008e300000| Untracked 
| 227|0x000000008e300000, 0x000000008e400000, 0x000000008e400000|100%| O|  |TAMS 0x000000008e300000, 0x000000008e400000| Untracked 
| 228|0x000000008e400000, 0x000000008e500000, 0x000000008e500000|100%| O|  |TAMS 0x000000008e400000, 0x000000008e500000| Untracked 
| 229|0x000000008e500000, 0x000000008e600000, 0x000000008e600000|100%| O|  |TAMS 0x000000008e500000, 0x000000008e600000| Untracked 
| 230|0x000000008e600000, 0x000000008e700000, 0x000000008e700000|100%| O|  |TAMS 0x000000008e600000, 0x000000008e700000| Untracked 
| 231|0x000000008e700000, 0x000000008e800000, 0x000000008e800000|100%| O|  |TAMS 0x000000008e700000, 0x000000008e800000| Untracked 
| 232|0x000000008e800000, 0x000000008e900000, 0x000000008e900000|100%| O|  |TAMS 0x000000008e800000, 0x000000008e900000| Untracked 
| 233|0x000000008e900000, 0x000000008ea00000, 0x000000008ea00000|100%| O|  |TAMS 0x000000008e900000, 0x000000008ea00000| Untracked 
| 234|0x000000008ea00000, 0x000000008eb00000, 0x000000008eb00000|100%| O|  |TAMS 0x000000008ea00000, 0x000000008eb00000| Untracked 
| 235|0x000000008eb00000, 0x000000008ec00000, 0x000000008ec00000|100%| O|  |TAMS 0x000000008eb00000, 0x000000008ec00000| Untracked 
| 236|0x000000008ec00000, 0x000000008ed00000, 0x000000008ed00000|100%| O|  |TAMS 0x000000008ec00000, 0x000000008ed00000| Untracked 
| 237|0x000000008ed00000, 0x000000008ee00000, 0x000000008ee00000|100%| O|  |TAMS 0x000000008ed00000, 0x000000008ee00000| Untracked 
| 238|0x000000008ee00000, 0x000000008ef00000, 0x000000008ef00000|100%| O|  |TAMS 0x000000008ee00000, 0x000000008ef00000| Untracked 
| 239|0x000000008ef00000, 0x000000008f000000, 0x000000008f000000|100%| O|  |TAMS 0x000000008ef00000, 0x000000008f000000| Untracked 
| 240|0x000000008f000000, 0x000000008f100000, 0x000000008f100000|100%| O|  |TAMS 0x000000008f000000, 0x000000008f100000| Untracked 
| 241|0x000000008f100000, 0x000000008f200000, 0x000000008f200000|100%| O|  |TAMS 0x000000008f100000, 0x000000008f200000| Untracked 
| 242|0x000000008f200000, 0x000000008f300000, 0x000000008f300000|100%| O|  |TAMS 0x000000008f200000, 0x000000008f300000| Untracked 
| 243|0x000000008f300000, 0x000000008f400000, 0x000000008f400000|100%| O|  |TAMS 0x000000008f300000, 0x000000008f400000| Untracked 
| 244|0x000000008f400000, 0x000000008f500000, 0x000000008f500000|100%| O|  |TAMS 0x000000008f400000, 0x000000008f500000| Untracked 
| 245|0x000000008f500000, 0x000000008f600000, 0x000000008f600000|100%| O|  |TAMS 0x000000008f500000, 0x000000008f600000| Untracked 
| 246|0x000000008f600000, 0x000000008f700000, 0x000000008f700000|100%| O|  |TAMS 0x000000008f600000, 0x000000008f700000| Untracked 
| 247|0x000000008f700000, 0x000000008f800000, 0x000000008f800000|100%| O|  |TAMS 0x000000008f700000, 0x000000008f800000| Untracked 
| 248|0x000000008f800000, 0x000000008f900000, 0x000000008f900000|100%| O|  |TAMS 0x000000008f800000, 0x000000008f900000| Untracked 
| 249|0x000000008f900000, 0x000000008fa00000, 0x000000008fa00000|100%| O|  |TAMS 0x000000008f900000, 0x000000008fa00000| Untracked 
| 250|0x000000008fa00000, 0x000000008fb00000, 0x000000008fb00000|100%| O|  |TAMS 0x000000008fa00000, 0x000000008fb00000| Untracked 
| 251|0x000000008fb00000, 0x000000008fc00000, 0x000000008fc00000|100%| O|  |TAMS 0x000000008fb00000, 0x000000008fc00000| Untracked 
| 252|0x000000008fc00000, 0x000000008fd00000, 0x000000008fd00000|100%| O|  |TAMS 0x000000008fc00000, 0x000000008fd00000| Untracked 
| 253|0x000000008fd00000, 0x000000008fe00000, 0x000000008fe00000|100%| O|  |TAMS 0x000000008fd00000, 0x000000008fe00000| Untracked 
| 254|0x000000008fe00000, 0x000000008ff00000, 0x000000008ff00000|100%| O|  |TAMS 0x000000008fe00000, 0x000000008ff00000| Untracked 
| 255|0x000000008ff00000, 0x0000000090000000, 0x0000000090000000|100%| O|  |TAMS 0x000000008ff00000, 0x0000000090000000| Untracked 
| 256|0x0000000090000000, 0x0000000090100000, 0x0000000090100000|100%| O|  |TAMS 0x0000000090000000, 0x0000000090100000| Untracked 
| 257|0x0000000090100000, 0x0000000090200000, 0x0000000090200000|100%| O|  |TAMS 0x0000000090100000, 0x0000000090200000| Untracked 
| 258|0x0000000090200000, 0x0000000090300000, 0x0000000090300000|100%| O|  |TAMS 0x0000000090200000, 0x0000000090300000| Untracked 
| 259|0x0000000090300000, 0x0000000090400000, 0x0000000090400000|100%| O|  |TAMS 0x0000000090300000, 0x0000000090400000| Untracked 
| 260|0x0000000090400000, 0x0000000090500000, 0x0000000090500000|100%| O|  |TAMS 0x0000000090400000, 0x0000000090500000| Untracked 
| 261|0x0000000090500000, 0x0000000090500000, 0x0000000090600000|  0%| F|  |TAMS 0x0000000090500000, 0x0000000090500000| Untracked 
| 262|0x0000000090600000, 0x0000000090600000, 0x0000000090700000|  0%| F|  |TAMS 0x0000000090600000, 0x0000000090600000| Untracked 
| 263|0x0000000090700000, 0x0000000090700000, 0x0000000090800000|  0%| F|  |TAMS 0x0000000090700000, 0x0000000090700000| Untracked 
| 264|0x0000000090800000, 0x0000000090800000, 0x0000000090900000|  0%| F|  |TAMS 0x0000000090800000, 0x0000000090800000| Untracked 
| 265|0x0000000090900000, 0x0000000090900000, 0x0000000090a00000|  0%| F|  |TAMS 0x0000000090900000, 0x0000000090900000| Untracked 
| 266|0x0000000090a00000, 0x0000000090a00000, 0x0000000090b00000|  0%| F|  |TAMS 0x0000000090a00000, 0x0000000090a00000| Untracked 
| 267|0x0000000090b00000, 0x0000000090b00000, 0x0000000090c00000|  0%| F|  |TAMS 0x0000000090b00000, 0x0000000090b00000| Untracked 
| 268|0x0000000090c00000, 0x0000000090c00000, 0x0000000090d00000|  0%| F|  |TAMS 0x0000000090c00000, 0x0000000090c00000| Untracked 
| 269|0x0000000090d00000, 0x0000000090d00000, 0x0000000090e00000|  0%| F|  |TAMS 0x0000000090d00000, 0x0000000090d00000| Untracked 
| 270|0x0000000090e00000, 0x0000000090e00000, 0x0000000090f00000|  0%| F|  |TAMS 0x0000000090e00000, 0x0000000090e00000| Untracked 
| 271|0x0000000090f00000, 0x0000000090f00000, 0x0000000091000000|  0%| F|  |TAMS 0x0000000090f00000, 0x0000000090f00000| Untracked 
| 272|0x0000000091000000, 0x0000000091000000, 0x0000000091100000|  0%| F|  |TAMS 0x0000000091000000, 0x0000000091000000| Untracked 
| 273|0x0000000091100000, 0x0000000091100000, 0x0000000091200000|  0%| F|  |TAMS 0x0000000091100000, 0x0000000091100000| Untracked 
| 274|0x0000000091200000, 0x0000000091200000, 0x0000000091300000|  0%| F|  |TAMS 0x0000000091200000, 0x0000000091200000| Untracked 
| 275|0x0000000091300000, 0x0000000091300000, 0x0000000091400000|  0%| F|  |TAMS 0x0000000091300000, 0x0000000091300000| Untracked 
| 276|0x0000000091400000, 0x0000000091400000, 0x0000000091500000|  0%| F|  |TAMS 0x0000000091400000, 0x0000000091400000| Untracked 
| 277|0x0000000091500000, 0x0000000091500000, 0x0000000091600000|  0%| F|  |TAMS 0x0000000091500000, 0x0000000091500000| Untracked 
| 278|0x0000000091600000, 0x0000000091600000, 0x0000000091700000|  0%| F|  |TAMS 0x0000000091600000, 0x0000000091600000| Untracked 
| 279|0x0000000091700000, 0x0000000091700000, 0x0000000091800000|  0%| F|  |TAMS 0x0000000091700000, 0x0000000091700000| Untracked 
| 280|0x0000000091800000, 0x0000000091800000, 0x0000000091900000|  0%| F|  |TAMS 0x0000000091800000, 0x0000000091800000| Untracked 
| 281|0x0000000091900000, 0x0000000091900000, 0x0000000091a00000|  0%| F|  |TAMS 0x0000000091900000, 0x0000000091900000| Untracked 
| 282|0x0000000091a00000, 0x0000000091a00000, 0x0000000091b00000|  0%| F|  |TAMS 0x0000000091a00000, 0x0000000091a00000| Untracked 
| 283|0x0000000091b00000, 0x0000000091b00000, 0x0000000091c00000|  0%| F|  |TAMS 0x0000000091b00000, 0x0000000091b00000| Untracked 
| 284|0x0000000091c00000, 0x0000000091c00000, 0x0000000091d00000|  0%| F|  |TAMS 0x0000000091c00000, 0x0000000091c00000| Untracked 
| 285|0x0000000091d00000, 0x0000000091d00000, 0x0000000091e00000|  0%| F|  |TAMS 0x0000000091d00000, 0x0000000091d00000| Untracked 
| 286|0x0000000091e00000, 0x0000000091e00000, 0x0000000091f00000|  0%| F|  |TAMS 0x0000000091e00000, 0x0000000091e00000| Untracked 
| 287|0x0000000091f00000, 0x0000000091f00000, 0x0000000092000000|  0%| F|  |TAMS 0x0000000091f00000, 0x0000000091f00000| Untracked 
| 288|0x0000000092000000, 0x0000000092000000, 0x0000000092100000|  0%| F|  |TAMS 0x0000000092000000, 0x0000000092000000| Untracked 
| 289|0x0000000092100000, 0x0000000092100000, 0x0000000092200000|  0%| F|  |TAMS 0x0000000092100000, 0x0000000092100000| Untracked 
| 290|0x0000000092200000, 0x0000000092200000, 0x0000000092300000|  0%| F|  |TAMS 0x0000000092200000, 0x0000000092200000| Untracked 
| 291|0x0000000092300000, 0x0000000092300000, 0x0000000092400000|  0%| F|  |TAMS 0x0000000092300000, 0x0000000092300000| Untracked 
| 292|0x0000000092400000, 0x0000000092400000, 0x0000000092500000|  0%| F|  |TAMS 0x0000000092400000, 0x0000000092400000| Untracked 
| 293|0x0000000092500000, 0x0000000092500000, 0x0000000092600000|  0%| F|  |TAMS 0x0000000092500000, 0x0000000092500000| Untracked 
| 294|0x0000000092600000, 0x0000000092600000, 0x0000000092700000|  0%| F|  |TAMS 0x0000000092600000, 0x0000000092600000| Untracked 
| 295|0x0000000092700000, 0x0000000092700000, 0x0000000092800000|  0%| F|  |TAMS 0x0000000092700000, 0x0000000092700000| Untracked 
| 296|0x0000000092800000, 0x0000000092800000, 0x0000000092900000|  0%| F|  |TAMS 0x0000000092800000, 0x0000000092800000| Untracked 
| 297|0x0000000092900000, 0x0000000092900000, 0x0000000092a00000|  0%| F|  |TAMS 0x0000000092900000, 0x0000000092900000| Untracked 
| 298|0x0000000092a00000, 0x0000000092a00000, 0x0000000092b00000|  0%| F|  |TAMS 0x0000000092a00000, 0x0000000092a00000| Untracked 
| 299|0x0000000092b00000, 0x0000000092b00000, 0x0000000092c00000|  0%| F|  |TAMS 0x0000000092b00000, 0x0000000092b00000| Untracked 
| 300|0x0000000092c00000, 0x0000000092c00000, 0x0000000092d00000|  0%| F|  |TAMS 0x0000000092c00000, 0x0000000092c00000| Untracked 
| 301|0x0000000092d00000, 0x0000000092d00000, 0x0000000092e00000|  0%| F|  |TAMS 0x0000000092d00000, 0x0000000092d00000| Untracked 
| 302|0x0000000092e00000, 0x0000000092e00000, 0x0000000092f00000|  0%| F|  |TAMS 0x0000000092e00000, 0x0000000092e00000| Untracked 
| 303|0x0000000092f00000, 0x0000000092f00000, 0x0000000093000000|  0%| F|  |TAMS 0x0000000092f00000, 0x0000000092f00000| Untracked 
| 304|0x0000000093000000, 0x0000000093100000, 0x0000000093100000|100%| S|CS|TAMS 0x0000000093000000, 0x0000000093000000| Complete 
| 305|0x0000000093100000, 0x0000000093200000, 0x0000000093200000|100%| S|CS|TAMS 0x0000000093100000, 0x0000000093100000| Complete 
| 306|0x0000000093200000, 0x0000000093300000, 0x0000000093300000|100%| S|CS|TAMS 0x0000000093200000, 0x0000000093200000| Complete 
| 307|0x0000000093300000, 0x0000000093300000, 0x0000000093400000|  0%| F|  |TAMS 0x0000000093300000, 0x0000000093300000| Untracked 
| 308|0x0000000093400000, 0x0000000093400000, 0x0000000093500000|  0%| F|  |TAMS 0x0000000093400000, 0x0000000093400000| Untracked 
| 309|0x0000000093500000, 0x0000000093500000, 0x0000000093600000|  0%| F|  |TAMS 0x0000000093500000, 0x0000000093500000| Untracked 
| 310|0x0000000093600000, 0x0000000093600000, 0x0000000093700000|  0%| F|  |TAMS 0x0000000093600000, 0x0000000093600000| Untracked 
| 311|0x0000000093700000, 0x0000000093700000, 0x0000000093800000|  0%| F|  |TAMS 0x0000000093700000, 0x0000000093700000| Untracked 
| 312|0x0000000093800000, 0x0000000093800000, 0x0000000093900000|  0%| F|  |TAMS 0x0000000093800000, 0x0000000093800000| Untracked 
| 313|0x0000000093900000, 0x0000000093900000, 0x0000000093a00000|  0%| F|  |TAMS 0x0000000093900000, 0x0000000093900000| Untracked 
| 314|0x0000000093a00000, 0x0000000093a00000, 0x0000000093b00000|  0%| F|  |TAMS 0x0000000093a00000, 0x0000000093a00000| Untracked 
| 315|0x0000000093b00000, 0x0000000093b00000, 0x0000000093c00000|  0%| F|  |TAMS 0x0000000093b00000, 0x0000000093b00000| Untracked 
| 316|0x0000000093c00000, 0x0000000093c00000, 0x0000000093d00000|  0%| F|  |TAMS 0x0000000093c00000, 0x0000000093c00000| Untracked 
| 317|0x0000000093d00000, 0x0000000093d00000, 0x0000000093e00000|  0%| F|  |TAMS 0x0000000093d00000, 0x0000000093d00000| Untracked 
| 318|0x0000000093e00000, 0x0000000093e00000, 0x0000000093f00000|  0%| F|  |TAMS 0x0000000093e00000, 0x0000000093e00000| Untracked 
| 319|0x0000000093f00000, 0x0000000093f00000, 0x0000000094000000|  0%| F|  |TAMS 0x0000000093f00000, 0x0000000093f00000| Untracked 
| 320|0x0000000094000000, 0x0000000094000000, 0x0000000094100000|  0%| F|  |TAMS 0x0000000094000000, 0x0000000094000000| Untracked 
| 321|0x0000000094100000, 0x0000000094100000, 0x0000000094200000|  0%| F|  |TAMS 0x0000000094100000, 0x0000000094100000| Untracked 

Card table byte_map: [0x0000019d249a0000,0x0000019d24da0000] _byte_map_base: 0x0000019d245a0000

Marking Bits (Prev, Next): (CMBitMap*) 0x0000019d0f9cc808, (CMBitMap*) 0x0000019d0f9cc840
 Prev Bits: [0x0000019d251a0000, 0x0000019d271a0000)
 Next Bits: [0x0000019d271a0000, 0x0000019d291a0000)

Polling page: 0x0000019d11250000

Metaspace:

Usage:
  Non-class:    110.10 MB capacity,   107.93 MB ( 98%) used,     1.72 MB (  2%) free+waste,   463.25 KB ( <1%) overhead. 
      Class:     16.75 MB capacity,    15.39 MB ( 92%) used,     1.17 MB (  7%) free+waste,   203.06 KB (  1%) overhead. 
       Both:    126.86 MB capacity,   123.32 MB ( 97%) used,     2.89 MB (  2%) free+waste,   666.31 KB ( <1%) overhead. 

Virtual space:
  Non-class space:      112.00 MB reserved,     110.25 MB ( 98%) committed 
      Class space:        1.00 GB reserved,      16.88 MB (  2%) committed 
             Both:        1.11 GB reserved,     127.12 MB ( 11%) committed 

Chunk freelists:
   Non-Class:  21.00 KB
       Class:  0 bytes
        Both:  21.00 KB

MaxMetaspaceSize: 17179869184.00 GB
CompressedClassSpaceSize: 1.00 GB
Initial GC threshold: 20.80 MB
Current GC threshold: 210.84 MB
CDS: off

CodeHeap 'non-profiled nmethods': size=120064Kb used=13903Kb max_used=13903Kb free=106160Kb
 bounds [0x0000019d1d060000, 0x0000019d1de00000, 0x0000019d245a0000]
CodeHeap 'profiled nmethods': size=120000Kb used=49922Kb max_used=49922Kb free=70078Kb
 bounds [0x0000019d15b30000, 0x0000019d18c00000, 0x0000019d1d060000]
CodeHeap 'non-nmethods': size=5696Kb used=2457Kb max_used=2520Kb free=3239Kb
 bounds [0x0000019d155a0000, 0x0000019d15820000, 0x0000019d15b30000]
 total_blobs=22041 nmethods=21051 adapters=901
 compilation: enabled
              stopped_count=0, restarted_count=0
 full_count=0

Compilation events (20 events):
Event: 127.475 Thread 0x0000019d2b6b1000 24208       2       com.android.tools.r8.dex.code.t2::<init> (7 bytes)
Event: 127.475 Thread 0x0000019d2b6b1000 nmethod 24208 0x0000019d18be2f10 code [0x0000019d18be30e0, 0x0000019d18be3318]
Event: 127.493 Thread 0x0000019d2b6b1000 24209       2       com.android.tools.r8.dex.code.a::<init> (7 bytes)
Event: 127.494 Thread 0x0000019d2b6b1000 nmethod 24209 0x0000019d18be3510 code [0x0000019d18be36c0, 0x0000019d18be3818]
Event: 127.553 Thread 0x0000019d2b6b1000 24210       2       com.android.tools.r8.dex.code.s::<init> (7 bytes)
Event: 127.554 Thread 0x0000019d2b6b1000 nmethod 24210 0x0000019d18be3910 code [0x0000019d18be3ae0, 0x0000019d18be3d18]
Event: 127.564 Thread 0x0000019d2b6b1000 24212       2       com.android.tools.r8.dex.code.O3::<init> (7 bytes)
Event: 127.564 Thread 0x0000019d2b6b1000 nmethod 24212 0x0000019d18be3f10 code [0x0000019d18be40e0, 0x0000019d18be4318]
Event: 127.570 Thread 0x0000019d2b6b1000 24213       2       com.android.tools.r8.dex.code.F3::hashCode (35 bytes)
Event: 127.571 Thread 0x0000019d2b6b1000 nmethod 24213 0x0000019d18be4510 code [0x0000019d18be46e0, 0x0000019d18be4838]
Event: 127.571 Thread 0x0000019d2b6b1000 24214 %     3       com.android.tools.r8.dex.g::<init> @ 776 (812 bytes)
Event: 127.582 Thread 0x0000019d2b6b1000 nmethod 24214% 0x0000019d18be4910 code [0x0000019d18be51c0, 0x0000019d18beaeb8]
Event: 127.582 Thread 0x0000019d2b6b1000 24215       2       com.android.tools.r8.dex.i::a (908 bytes)
Event: 127.591 Thread 0x0000019d2b6b1000 nmethod 24215 0x0000019d18becc90 code [0x0000019d18bed1c0, 0x0000019d18bef338]
Event: 127.591 Thread 0x0000019d2b6b1000 24216       2       com.android.tools.r8.graph.v0$$Lambda$1761/0x0000000100e92440::apply (15 bytes)
Event: 127.592 Thread 0x0000019d2b6b1000 nmethod 24216 0x0000019d18bf1a10 code [0x0000019d18bf1bc0, 0x0000019d18bf1d58]
Event: 127.704 Thread 0x0000019d2b6b1000 24217       2       com.android.tools.r8.dex.code.K::<init> (18 bytes)
Event: 127.705 Thread 0x0000019d2b6b1000 nmethod 24217 0x0000019d18bf1e90 code [0x0000019d18bf2060, 0x0000019d18bf22c8]
Event: 127.835 Thread 0x0000019d2b6b1000 24218       2       com.android.tools.r8.dex.code.v::<init> (7 bytes)
Event: 127.835 Thread 0x0000019d2b6b1000 nmethod 24218 0x0000019d18bf2510 code [0x0000019d18bf26c0, 0x0000019d18bf2818]

GC Heap History (20 events):
Event: 121.129 GC heap after
{Heap after GC invocations=67 (full 0):
 garbage-first heap   total 274432K, used 165586K [0x0000000080000000, 0x0000000100000000)
  region size 1024K, 12 young (12288K), 12 survivors (12288K)
 Metaspace       used 124962K, capacity 128526K, committed 128640K, reserved 1161216K
  class space    used 15616K, capacity 17000K, committed 17024K, reserved 1048576K
}
Event: 122.135 GC heap before
{Heap before GC invocations=67 (full 0):
 garbage-first heap   total 274432K, used 224978K [0x0000000080000000, 0x0000000100000000)
  region size 1024K, 52 young (53248K), 12 survivors (12288K)
 Metaspace       used 125663K, capacity 129277K, committed 129536K, reserved 1161216K
  class space    used 15704K, capacity 17079K, committed 17152K, reserved 1048576K
}
Event: 122.159 GC heap after
{Heap after GC invocations=68 (full 0):
 garbage-first heap   total 274432K, used 187160K [0x0000000080000000, 0x0000000100000000)
  region size 1024K, 10 young (10240K), 10 survivors (10240K)
 Metaspace       used 125663K, capacity 129277K, committed 129536K, reserved 1161216K
  class space    used 15704K, capacity 17079K, committed 17152K, reserved 1048576K
}
Event: 124.414 GC heap before
{Heap before GC invocations=69 (full 0):
 garbage-first heap   total 274432K, used 242456K [0x0000000080000000, 0x0000000100000000)
  region size 1024K, 51 young (52224K), 10 survivors (10240K)
 Metaspace       used 125771K, capacity 129336K, committed 129536K, reserved 1161216K
  class space    used 15709K, capacity 17099K, committed 17152K, reserved 1048576K
}
Event: 124.454 GC heap after
{Heap after GC invocations=70 (full 0):
 garbage-first heap   total 274432K, used 206338K [0x0000000080000000, 0x0000000100000000)
  region size 1024K, 7 young (7168K), 7 survivors (7168K)
 Metaspace       used 125771K, capacity 129336K, committed 129536K, reserved 1161216K
  class space    used 15709K, capacity 17099K, committed 17152K, reserved 1048576K
}
Event: 124.583 GC heap before
{Heap before GC invocations=70 (full 0):
 garbage-first heap   total 274432K, used 213506K [0x0000000080000000, 0x0000000100000000)
  region size 1024K, 13 young (13312K), 7 survivors (7168K)
 Metaspace       used 125771K, capacity 129336K, committed 129536K, reserved 1161216K
  class space    used 15709K, capacity 17099K, committed 17152K, reserved 1048576K
}
Event: 124.639 GC heap after
{Heap after GC invocations=71 (full 0):
 garbage-first heap   total 274432K, used 185344K [0x0000000080000000, 0x0000000100000000)
  region size 1024K, 2 young (2048K), 2 survivors (2048K)
 Metaspace       used 125771K, capacity 129336K, committed 129536K, reserved 1161216K
  class space    used 15709K, capacity 17099K, committed 17152K, reserved 1048576K
}
Event: 125.021 GC heap before
{Heap before GC invocations=71 (full 0):
 garbage-first heap   total 274432K, used 196608K [0x0000000080000000, 0x0000000100000000)
  region size 1024K, 13 young (13312K), 2 survivors (2048K)
 Metaspace       used 125773K, capacity 129336K, committed 129536K, reserved 1161216K
  class space    used 15709K, capacity 17099K, committed 17152K, reserved 1048576K
}
Event: 125.063 GC heap after
{Heap after GC invocations=72 (full 0):
 garbage-first heap   total 274432K, used 188293K [0x0000000080000000, 0x0000000100000000)
  region size 1024K, 2 young (2048K), 2 survivors (2048K)
 Metaspace       used 125773K, capacity 129336K, committed 129536K, reserved 1161216K
  class space    used 15709K, capacity 17099K, committed 17152K, reserved 1048576K
}
Event: 125.900 GC heap before
{Heap before GC invocations=72 (full 0):
 garbage-first heap   total 274432K, used 222085K [0x0000000080000000, 0x0000000100000000)
  region size 1024K, 36 young (36864K), 2 survivors (2048K)
 Metaspace       used 126247K, capacity 129897K, committed 130176K, reserved 1163264K
  class space    used 15755K, capacity 17155K, committed 17280K, reserved 1048576K
}
Event: 125.945 GC heap after
{Heap after GC invocations=73 (full 0):
 garbage-first heap   total 274432K, used 202664K [0x0000000080000000, 0x0000000100000000)
  region size 1024K, 5 young (5120K), 5 survivors (5120K)
 Metaspace       used 126247K, capacity 129897K, committed 130176K, reserved 1163264K
  class space    used 15755K, capacity 17155K, committed 17280K, reserved 1048576K
}
Event: 126.195 GC heap before
{Heap before GC invocations=73 (full 0):
 garbage-first heap   total 274432K, used 226216K [0x0000000080000000, 0x0000000100000000)
  region size 1024K, 28 young (28672K), 5 survivors (5120K)
 Metaspace       used 126267K, capacity 129903K, committed 130176K, reserved 1163264K
  class space    used 15756K, capacity 17156K, committed 17280K, reserved 1048576K
}
Event: 126.251 GC heap after
{Heap after GC invocations=74 (full 0):
 garbage-first heap   total 329728K, used 215040K [0x0000000080000000, 0x0000000100000000)
  region size 1024K, 4 young (4096K), 4 survivors (4096K)
 Metaspace       used 126267K, capacity 129903K, committed 130176K, reserved 1163264K
  class space    used 15756K, capacity 17156K, committed 17280K, reserved 1048576K
}
Event: 127.077 GC heap before
{Heap before GC invocations=74 (full 0):
 garbage-first heap   total 329728K, used 251904K [0x0000000080000000, 0x0000000100000000)
  region size 1024K, 40 young (40960K), 4 survivors (4096K)
 Metaspace       used 126272K, capacity 129903K, committed 130176K, reserved 1163264K
  class space    used 15756K, capacity 17156K, committed 17280K, reserved 1048576K
}
Event: 127.128 GC heap after
{Heap after GC invocations=75 (full 0):
 garbage-first heap   total 329728K, used 233984K [0x0000000080000000, 0x0000000100000000)
  region size 1024K, 5 young (5120K), 5 survivors (5120K)
 Metaspace       used 126272K, capacity 129903K, committed 130176K, reserved 1163264K
  class space    used 15756K, capacity 17156K, committed 17280K, reserved 1048576K
}
Event: 127.402 GC heap before
{Heap before GC invocations=75 (full 0):
 garbage-first heap   total 329728K, used 262656K [0x0000000080000000, 0x0000000100000000)
  region size 1024K, 33 young (33792K), 5 survivors (5120K)
 Metaspace       used 126272K, capacity 129903K, committed 130176K, reserved 1163264K
  class space    used 15756K, capacity 17156K, committed 17280K, reserved 1048576K
}
Event: 127.442 GC heap after
{Heap after GC invocations=76 (full 0):
 garbage-first heap   total 329728K, used 249344K [0x0000000080000000, 0x0000000100000000)
  region size 1024K, 5 young (5120K), 5 survivors (5120K)
 Metaspace       used 126272K, capacity 129903K, committed 130176K, reserved 1163264K
  class space    used 15756K, capacity 17156K, committed 17280K, reserved 1048576K
}
Event: 127.658 GC heap before
{Heap before GC invocations=76 (full 0):
 garbage-first heap   total 329728K, used 270848K [0x0000000080000000, 0x0000000100000000)
  region size 1024K, 26 young (26624K), 5 survivors (5120K)
 Metaspace       used 126280K, capacity 129903K, committed 130176K, reserved 1163264K
  class space    used 15756K, capacity 17156K, committed 17280K, reserved 1048576K
}
Event: 127.692 GC heap after
{Heap after GC invocations=77 (full 0):
 garbage-first heap   total 329728K, used 261632K [0x0000000080000000, 0x0000000100000000)
  region size 1024K, 4 young (4096K), 4 survivors (4096K)
 Metaspace       used 126280K, capacity 129903K, committed 130176K, reserved 1163264K
  class space    used 15756K, capacity 17156K, committed 17280K, reserved 1048576K
}
Event: 128.124 GC heap before
{Heap before GC invocations=77 (full 0):
 garbage-first heap   total 329728K, used 276992K [0x0000000080000000, 0x0000000100000000)
  region size 1024K, 19 young (19456K), 4 survivors (4096K)
 Metaspace       used 126280K, capacity 129903K, committed 130176K, reserved 1163264K
  class space    used 15756K, capacity 17156K, committed 17280K, reserved 1048576K
}

Deoptimization events (20 events):
Event: 127.558 Thread 0x0000019d331eb800 DEOPT PACKING pc=0x0000019d18b2d706 sp=0x0000007f0bbfe3a0
Event: 127.559 Thread 0x0000019d331eb800 DEOPT UNPACKING pc=0x0000019d155ea95e sp=0x0000007f0bbfdfd0 mode 0
Event: 127.567 Thread 0x0000019d331eb800 DEOPT PACKING pc=0x0000019d18b2d706 sp=0x0000007f0bbfe3a0
Event: 127.567 Thread 0x0000019d331eb800 DEOPT UNPACKING pc=0x0000019d155ea95e sp=0x0000007f0bbfdfd0 mode 0
Event: 127.578 Thread 0x0000019d331ee000 DEOPT PACKING pc=0x0000019d18b2d706 sp=0x0000007f0bcfe250
Event: 127.578 Thread 0x0000019d331ee000 DEOPT UNPACKING pc=0x0000019d155ea95e sp=0x0000007f0bcfde80 mode 0
Event: 127.657 Thread 0x0000019d331ed000 DEOPT PACKING pc=0x0000019d18b2d706 sp=0x0000007f0befe340
Event: 127.657 Thread 0x0000019d331ed000 DEOPT UNPACKING pc=0x0000019d155ea95e sp=0x0000007f0befdf70 mode 0
Event: 127.704 Thread 0x0000019d331ed000 DEOPT PACKING pc=0x0000019d18b2d706 sp=0x0000007f0befe340
Event: 127.704 Thread 0x0000019d331ed000 DEOPT UNPACKING pc=0x0000019d155ea95e sp=0x0000007f0befdf70 mode 0
Event: 127.716 Thread 0x0000019d331ed000 DEOPT PACKING pc=0x0000019d18b2d706 sp=0x0000007f0befe340
Event: 127.716 Thread 0x0000019d331ed000 DEOPT UNPACKING pc=0x0000019d155ea95e sp=0x0000007f0befdf70 mode 0
Event: 127.870 Thread 0x0000019d331ed000 DEOPT PACKING pc=0x0000019d18b2d706 sp=0x0000007f0befe360
Event: 127.870 Thread 0x0000019d331ed000 DEOPT UNPACKING pc=0x0000019d155ea95e sp=0x0000007f0befdf90 mode 0
Event: 127.972 Thread 0x0000019d331ed000 DEOPT PACKING pc=0x0000019d18b2d706 sp=0x0000007f0befe340
Event: 127.972 Thread 0x0000019d331ed000 DEOPT UNPACKING pc=0x0000019d155ea95e sp=0x0000007f0befdf70 mode 0
Event: 127.984 Thread 0x0000019d331ed000 DEOPT PACKING pc=0x0000019d18b2d706 sp=0x0000007f0befe340
Event: 127.984 Thread 0x0000019d331ed000 DEOPT UNPACKING pc=0x0000019d155ea95e sp=0x0000007f0befdf70 mode 0
Event: 128.047 Thread 0x0000019d331ed000 DEOPT PACKING pc=0x0000019d18b2d706 sp=0x0000007f0befe340
Event: 128.047 Thread 0x0000019d331ed000 DEOPT UNPACKING pc=0x0000019d155ea95e sp=0x0000007f0befdf70 mode 0

Classes redefined (0 events):
No events

Internal exceptions (20 events):
Event: 120.049 Thread 0x0000019d2ca26800 Exception <a 'java/lang/NoSuchMethodError'{0x000000008d760d70}: <clinit>> (0x000000008d760d70) thrown at [src/hotspot/share/prims/jni.cpp, line 1367]
Event: 120.051 Thread 0x0000019d2ca26800 Exception <a 'java/lang/NoSuchMethodError'{0x000000008d77f730}: <clinit>> (0x000000008d77f730) thrown at [src/hotspot/share/prims/jni.cpp, line 1367]
Event: 120.051 Thread 0x0000019d2ca26800 Exception <a 'java/lang/NoSuchMethodError'{0x000000008d780968}: <clinit>> (0x000000008d780968) thrown at [src/hotspot/share/prims/jni.cpp, line 1367]
Event: 121.315 Thread 0x0000019d2ca26800 Exception <a 'sun/nio/fs/WindowsException'{0x0000000090677bf0}> (0x0000000090677bf0) thrown at [src/hotspot/share/prims/jni.cpp, line 617]
Event: 121.315 Thread 0x0000019d2ca26800 Exception <a 'sun/nio/fs/WindowsException'{0x0000000090678ac8}> (0x0000000090678ac8) thrown at [src/hotspot/share/prims/jni.cpp, line 617]
Event: 121.316 Thread 0x0000019d2ca26800 Exception <a 'sun/nio/fs/WindowsException'{0x0000000090678e80}> (0x0000000090678e80) thrown at [src/hotspot/share/prims/jni.cpp, line 617]
Event: 121.316 Thread 0x0000019d2ca26800 Exception <a 'sun/nio/fs/WindowsException'{0x0000000090679d38}> (0x0000000090679d38) thrown at [src/hotspot/share/prims/jni.cpp, line 617]
Event: 121.317 Thread 0x0000019d2ca26800 Exception <a 'sun/nio/fs/WindowsException'{0x000000009067a0b8}> (0x000000009067a0b8) thrown at [src/hotspot/share/prims/jni.cpp, line 617]
Event: 121.317 Thread 0x0000019d2ca26800 Exception <a 'sun/nio/fs/WindowsException'{0x0000000090548260}> (0x0000000090548260) thrown at [src/hotspot/share/prims/jni.cpp, line 617]
Event: 121.317 Thread 0x0000019d2ca26800 Exception <a 'sun/nio/fs/WindowsException'{0x0000000090548580}> (0x0000000090548580) thrown at [src/hotspot/share/prims/jni.cpp, line 617]
Event: 121.317 Thread 0x0000019d2ca26800 Exception <a 'sun/nio/fs/WindowsException'{0x0000000090549420}> (0x0000000090549420) thrown at [src/hotspot/share/prims/jni.cpp, line 617]
Event: 121.317 Thread 0x0000019d2ca26800 Exception <a 'sun/nio/fs/WindowsException'{0x0000000090549740}> (0x0000000090549740) thrown at [src/hotspot/share/prims/jni.cpp, line 617]
Event: 121.379 Thread 0x0000019d2ca29000 Exception <a 'sun/nio/fs/WindowsException'{0x000000009049e0e8}> (0x000000009049e0e8) thrown at [src/hotspot/share/prims/jni.cpp, line 617]
Event: 121.426 Thread 0x0000019d2ca26800 Exception <a 'java/lang/NoSuchMethodError'{0x0000000090268800}: <clinit>> (0x0000000090268800) thrown at [src/hotspot/share/prims/jni.cpp, line 1367]
Event: 121.433 Thread 0x0000019d2ca26800 Exception <a 'java/lang/NoSuchMethodError'{0x00000000902b1bd0}: <clinit>> (0x00000000902b1bd0) thrown at [src/hotspot/share/prims/jni.cpp, line 1367]
Event: 121.436 Thread 0x0000019d2ca26800 Exception <a 'java/lang/NoSuchMethodError'{0x00000000902c8578}: <clinit>> (0x00000000902c8578) thrown at [src/hotspot/share/prims/jni.cpp, line 1367]
Event: 123.528 Thread 0x0000019d331e0000 Exception <a 'java/lang/NoSuchMethodError'{0x000000008fefe5c8}: 'void java.lang.invoke.DirectMethodHandle$Holder.invokeStatic(java.lang.Object, long)'> (0x000000008fefe5c8) thrown at [src/hotspot/share/interpreter/linkResolver.cpp, line 773]
Event: 123.534 Thread 0x0000019d331e0000 Exception <a 'java/lang/NoSuchMethodError'{0x000000008fd3e800}: 'java.lang.Object java.lang.invoke.DirectMethodHandle$Holder.invokeStaticInit(java.lang.Object, java.lang.Object, long, java.lang.Object)'> (0x000000008fd3e800) thrown at [src/hotspot/share/interpreter/linkResolver.cpp, line 773]
Event: 125.244 Thread 0x0000019d2ca29000 Implicit null exception at 0x0000019d1ddd766b to 0x0000019d1dddb34c
Event: 125.375 Thread 0x0000019d331e0000 Exception <a 'java/lang/NoSuchMethodError'{0x000000008fb9d038}: 'int java.lang.invoke.DirectMethodHandle$Holder.invokeSpecialIFC(java.lang.Object, java.lang.Object, java.lang.Object)'> (0x000000008fb9d038) thrown at [src/hotspot/share/interpreter/linkResolver.cpp, line 773]

Events (20 events):
Event: 125.588 Executing VM operation: RevokeBias done
Event: 125.593 Executing VM operation: RevokeBias
Event: 125.593 Executing VM operation: RevokeBias done
Event: 125.898 Executing VM operation: G1CollectForAllocation
Event: 125.945 Executing VM operation: G1CollectForAllocation done
Event: 125.959 loading class com/android/tools/r8/graph/c0$a
Event: 125.959 loading class com/android/tools/r8/graph/c0$a done
Event: 125.959 loading class com/android/tools/r8/graph/c0$a
Event: 125.959 loading class com/android/tools/r8/graph/c0$a done
Event: 125.959 loading class com/android/tools/r8/dex/i
Event: 125.959 loading class com/android/tools/r8/dex/i done
Event: 126.194 Executing VM operation: G1CollectForAllocation
Event: 126.251 Executing VM operation: G1CollectForAllocation done
Event: 127.039 Executing VM operation: G1CollectForAllocation
Event: 127.128 Executing VM operation: G1CollectForAllocation done
Event: 127.384 Executing VM operation: G1CollectForAllocation
Event: 127.442 Executing VM operation: G1CollectForAllocation done
Event: 127.657 Executing VM operation: G1CollectForAllocation
Event: 127.692 Executing VM operation: G1CollectForAllocation done
Event: 128.124 Executing VM operation: G1CollectForAllocation


Dynamic libraries:
0x00007ff61fd90000 - 0x00007ff61fd9a000 	C:\Program Files\Android\Android Studio\jbr\bin\java.exe
0x00007ffe327f0000 - 0x00007ffe329e8000 	C:\WINDOWS\SYSTEM32\ntdll.dll
0x00007ffe31d30000 - 0x00007ffe31def000 	C:\WINDOWS\System32\KERNEL32.DLL
0x00007ffe30000000 - 0x00007ffe302da000 	C:\WINDOWS\System32\KERNELBASE.dll
0x00007ffe2ff00000 - 0x00007ffe30000000 	C:\WINDOWS\System32\ucrtbase.dll
0x00007ffe28900000 - 0x00007ffe28917000 	C:\Program Files\Android\Android Studio\jbr\bin\jli.dll
0x00007ffe32600000 - 0x00007ffe3279d000 	C:\WINDOWS\System32\USER32.dll
0x00007ffe2b3a0000 - 0x00007ffe2b3bb000 	C:\Program Files\Android\Android Studio\jbr\bin\VCRUNTIME140.dll
0x00007ffe30780000 - 0x00007ffe307a2000 	C:\WINDOWS\System32\win32u.dll
0x00007ffe31400000 - 0x00007ffe3142b000 	C:\WINDOWS\System32\GDI32.dll
0x00007ffe303c0000 - 0x00007ffe304d0000 	C:\WINDOWS\System32\gdi32full.dll
0x00007ffe1e340000 - 0x00007ffe1e5da000 	C:\WINDOWS\WinSxS\amd64_microsoft.windows.common-controls_6595b64144ccf1df_6.0.19041.1110_none_60b5254171f9507e\COMCTL32.dll
0x00007ffe307b0000 - 0x00007ffe3084d000 	C:\WINDOWS\System32\msvcp_win.dll
0x00007ffe32240000 - 0x00007ffe322de000 	C:\WINDOWS\System32\msvcrt.dll
0x00007ffe30850000 - 0x00007ffe30880000 	C:\WINDOWS\System32\IMM32.DLL
0x00007ffe28920000 - 0x00007ffe2892c000 	C:\Program Files\Android\Android Studio\jbr\bin\vcruntime140_1.dll
0x00007ffe252a0000 - 0x00007ffe2532d000 	C:\Program Files\Android\Android Studio\jbr\bin\msvcp140.dll
0x00007ffdfe590000 - 0x00007ffdff14c000 	C:\Program Files\Android\Android Studio\jbr\bin\server\jvm.dll
0x00007ffe31c80000 - 0x00007ffe31d2e000 	C:\WINDOWS\System32\ADVAPI32.dll
0x00007ffe310f0000 - 0x00007ffe3118c000 	C:\WINDOWS\System32\sechost.dll
0x00007ffe324d0000 - 0x00007ffe325f6000 	C:\WINDOWS\System32\RPCRT4.dll
0x00007ffe30880000 - 0x00007ffe30888000 	C:\WINDOWS\System32\PSAPI.DLL
0x00007ffe2cf60000 - 0x00007ffe2cf69000 	C:\WINDOWS\SYSTEM32\WSOCK32.dll
0x00007ffe1d6c0000 - 0x00007ffe1d6e7000 	C:\WINDOWS\SYSTEM32\WINMM.dll
0x00007ffe321d0000 - 0x00007ffe3223b000 	C:\WINDOWS\System32\WS2_32.dll
0x00007ffe209f0000 - 0x00007ffe209fa000 	C:\WINDOWS\SYSTEM32\VERSION.dll
0x00007ffe2e710000 - 0x00007ffe2e722000 	C:\WINDOWS\SYSTEM32\kernel.appcore.dll
0x00007ffe2b380000 - 0x00007ffe2b390000 	C:\Program Files\Android\Android Studio\jbr\bin\verify.dll
0x00007ffe1bf90000 - 0x00007ffe1c174000 	C:\WINDOWS\SYSTEM32\DBGHELP.DLL
0x00007ffe1bf50000 - 0x00007ffe1bf84000 	C:\WINDOWS\SYSTEM32\dbgcore.DLL
0x00007ffe302e0000 - 0x00007ffe30362000 	C:\WINDOWS\System32\bcryptPrimitives.dll
0x00007ffe29af0000 - 0x00007ffe29b18000 	C:\Program Files\Android\Android Studio\jbr\bin\java.dll
0x00007ffe29fd0000 - 0x00007ffe29fda000 	C:\Program Files\Android\Android Studio\jbr\bin\jimage.dll
0x00007ffe29a20000 - 0x00007ffe29a2e000 	C:\Program Files\Android\Android Studio\jbr\bin\instrument.dll
0x00007ffe28610000 - 0x00007ffe28628000 	C:\Program Files\Android\Android Studio\jbr\bin\zip.dll
0x00007ffe314a0000 - 0x00007ffe31be4000 	C:\WINDOWS\System32\SHELL32.dll
0x00007ffe2deb0000 - 0x00007ffe2e643000 	C:\WINDOWS\SYSTEM32\windows.storage.dll
0x00007ffe31df0000 - 0x00007ffe32144000 	C:\WINDOWS\System32\combase.dll
0x00007ffe2f7a0000 - 0x00007ffe2f7ce000 	C:\WINDOWS\SYSTEM32\Wldp.dll
0x00007ffe308f0000 - 0x00007ffe3099d000 	C:\WINDOWS\System32\SHCORE.dll
0x00007ffe31190000 - 0x00007ffe311e5000 	C:\WINDOWS\System32\shlwapi.dll
0x00007ffe2fe40000 - 0x00007ffe2fe5f000 	C:\WINDOWS\SYSTEM32\profapi.dll
0x00007ffe28b30000 - 0x00007ffe28b3a000 	C:\Program Files\Android\Android Studio\jbr\bin\management.dll
0x00007ffe28990000 - 0x00007ffe2899b000 	C:\Program Files\Android\Android Studio\jbr\bin\management_ext.dll
0x00007ffe26500000 - 0x00007ffe26519000 	C:\Program Files\Android\Android Studio\jbr\bin\net.dll
0x00007ffe221f0000 - 0x00007ffe222fa000 	C:\WINDOWS\SYSTEM32\WINHTTP.dll
0x00007ffe2f580000 - 0x00007ffe2f5ea000 	C:\WINDOWS\system32\mswsock.dll
0x00007ffe264e0000 - 0x00007ffe264f3000 	C:\Program Files\Android\Android Studio\jbr\bin\nio.dll
0x00007ffe1f250000 - 0x00007ffe1f267000 	C:\WINDOWS\system32\napinsp.dll
0x00007ffe24c70000 - 0x00007ffe24c8b000 	C:\WINDOWS\system32\pnrpnsp.dll
0x00007ffe29f30000 - 0x00007ffe29f45000 	C:\WINDOWS\system32\wshbth.dll
0x00007ffe2b1e0000 - 0x00007ffe2b1fd000 	C:\WINDOWS\system32\NLAapi.dll
0x00007ffe2f290000 - 0x00007ffe2f2cc000 	C:\WINDOWS\SYSTEM32\IPHLPAPI.DLL
0x00007ffe2f2d0000 - 0x00007ffe2f39b000 	C:\WINDOWS\SYSTEM32\DNSAPI.dll
0x00007ffe327a0000 - 0x00007ffe327a8000 	C:\WINDOWS\System32\NSI.dll
0x00007ffe28a30000 - 0x00007ffe28a42000 	C:\WINDOWS\System32\winrnr.dll
0x00007ffe20e00000 - 0x00007ffe20e0a000 	C:\Windows\System32\rasadhlp.dll
0x00007ffe21fb0000 - 0x00007ffe22030000 	C:\WINDOWS\System32\fwpuclnt.dll
0x00007ffe30750000 - 0x00007ffe30777000 	C:\WINDOWS\System32\bcrypt.dll
0x00007ffe262c0000 - 0x00007ffe262e7000 	C:\Users\shahzaib lptp\AndroidStudioProjects\loginsqlite\native\e1d6ef7f7dcc3fd88c89a11ec53ec762bb8ba0a96d01ffa2cd45eb1d1d8dd5c5\windows-amd64\native-platform.dll
0x00007ffe11e40000 - 0x00007ffe11f84000 	C:\Users\shahzaib lptp\AndroidStudioProjects\loginsqlite\native\0d407fdbe67a94daf76414ababcb853783967236a71b16ec16e742cd7a986fd3\windows-amd64\native-platform-file-events.dll
0x00007ffe2fb20000 - 0x00007ffe2fb38000 	C:\WINDOWS\SYSTEM32\CRYPTSP.dll
0x00007ffe2eec0000 - 0x00007ffe2eef4000 	C:\WINDOWS\system32\rsaenh.dll
0x00007ffe2fe00000 - 0x00007ffe2fe2e000 	C:\WINDOWS\SYSTEM32\USERENV.dll
0x00007ffe2f710000 - 0x00007ffe2f71c000 	C:\WINDOWS\SYSTEM32\CRYPTBASE.dll
0x00007ffe23110000 - 0x00007ffe23127000 	C:\WINDOWS\SYSTEM32\dhcpcsvc6.DLL
0x00007ffe230f0000 - 0x00007ffe2310d000 	C:\WINDOWS\SYSTEM32\dhcpcsvc.DLL
0x00007ffe2efe0000 - 0x00007ffe2f013000 	C:\WINDOWS\SYSTEM32\ntmarta.dll

dbghelp: loaded successfully - version: 4.0.5 - missing functions: none
symbol engine: initialized successfully - sym options: 0x614 - pdb path: .;C:\Program Files\Android\Android Studio\jbr\bin;C:\WINDOWS\SYSTEM32;C:\WINDOWS\WinSxS\amd64_microsoft.windows.common-controls_6595b64144ccf1df_6.0.19041.1110_none_60b5254171f9507e;C:\Program Files\Android\Android Studio\jbr\bin\server;C:\Users\shahzaib lptp\AndroidStudioProjects\loginsqlite\native\e1d6ef7f7dcc3fd88c89a11ec53ec762bb8ba0a96d01ffa2cd45eb1d1d8dd5c5\windows-amd64;C:\Users\shahzaib lptp\AndroidStudioProjects\loginsqlite\native\0d407fdbe67a94daf76414ababcb853783967236a71b16ec16e742cd7a986fd3\windows-amd64

VM Arguments:
jvm_args: -javaagent:C:\Program Files\Android\Android Studio\plugins\android\resources\trace_agent.jar=C:\Users\SHAHZA~1\AppData\Local\Temp\sync.trace.profile --add-opens=java.base/java.util=ALL-UNNAMED --add-opens=java.base/java.lang=ALL-UNNAMED --add-opens=java.base/java.lang.invoke=ALL-UNNAMED --add-opens=java.base/java.util=ALL-UNNAMED --add-opens=java.prefs/java.util.prefs=ALL-UNNAMED --add-opens=java.prefs/java.util.prefs=ALL-UNNAMED --add-opens=java.base/java.nio.charset=ALL-UNNAMED --add-opens=java.base/java.net=ALL-UNNAMED --add-opens=java.base/java.util.concurrent.atomic=ALL-UNNAMED -Xmx2048m -Dfile.encoding=UTF-8 -Duser.country=US -Duser.language=en -Duser.variant 
java_command: org.gradle.launcher.daemon.bootstrap.GradleDaemon 7.5
java_class_path (initial): C:\Users\shahzaib lptp\AndroidStudioProjects\loginsqlite\wrapper\dists\gradle-7.5-bin\f1w0cc9nuo0eivz97x2xlu9sv\gradle-7.5\lib\gradle-launcher-7.5.jar
Launcher Type: SUN_STANDARD

[Global flags]
     intx CICompilerCount                          = 3                                         {product} {ergonomic}
     uint ConcGCThreads                            = 1                                         {product} {ergonomic}
     uint G1ConcRefinementThreads                  = 4                                         {product} {ergonomic}
   size_t G1HeapRegionSize                         = 1048576                                   {product} {ergonomic}
    uintx GCDrainStackTargetSize                   = 64                                        {product} {ergonomic}
   size_t InitialHeapSize                          = 134217728                                 {product} {ergonomic}
   size_t MarkStackSize                            = 4194304                                   {product} {ergonomic}
   size_t MaxHeapSize                              = 2147483648                                {product} {command line}
   size_t MaxNewSize                               = 1287651328                                {product} {ergonomic}
   size_t MinHeapDeltaBytes                        = 1048576                                   {product} {ergonomic}
    uintx NonNMethodCodeHeapSize                   = 5830732                                {pd product} {ergonomic}
    uintx NonProfiledCodeHeapSize                  = 122913754                              {pd product} {ergonomic}
    uintx ProfiledCodeHeapSize                     = 122913754                              {pd product} {ergonomic}
    uintx ReservedCodeCacheSize                    = 251658240                              {pd product} {ergonomic}
     bool SegmentedCodeCache                       = true                                      {product} {ergonomic}
     bool UseCompressedClassPointers               = true                                 {lp64_product} {ergonomic}
     bool UseCompressedOops                        = true                                 {lp64_product} {ergonomic}
     bool UseG1GC                                  = true                                      {product} {ergonomic}
     bool UseLargePagesIndividualAllocation        = false                                  {pd product} {ergonomic}

Logging:
Log output configuration:
 #0: stdout all=warning uptime,level,tags
 #1: stderr all=off uptime,level,tags

Environment Variables:
PATH=C:\Program Files\Python310\Scripts\;C:\Program Files\Python310\;C:\Program Files\Common Files\Oracle\Java\javapath;C:\app\bin;C:\app\shahzaiblptp\product\11.2.0\dbhome_1\bin;C:\WINDOWS\system32;C:\WINDOWS;C:\WINDOWS\System32\Wbem;C:\WINDOWS\System32\WindowsPowerShell\v1.0\;c:\Program Files (x86)\Microsoft SQL Server\100\Tools\Binn\;c:\Program Files\Microsoft SQL Server\100\Tools\Binn\;c:\Program Files\Microsoft SQL Server\100\DTS\Binn\;C:\WINDOWS\System32\OpenSSH\;C:\ProgramData\chocolatey\bin;%JAVA_HOME%\bin;C:\Users\shahzaib lptp\AppData\Local\Microsoft\WindowsApps;C:\Program Files\JetBrains\IntelliJ IDEA Community Edition 2021.3\bin;;C:\Program Files\Python310\PyCharm Community Edition 2022.1\bin;;C:\Users\shahzaib lptp\AppData\Local\Programs\Microsoft VS Code\bin;C:\Program Files\flutter\bin;C:\src\flutter\bin;C:\Program Files\Android\Android Studio\bin;
USERNAME=shahzaib lptp
OS=Windows_NT
PROCESSOR_IDENTIFIER=Intel64 Family 6 Model 69 Stepping 1, GenuineIntel



---------------  S Y S T E M  ---------------

OS: Windows 10 , 64 bit Build 19041 (10.0.19041.2788)
OS uptime: 6 days 23:35 hours
Hyper-V role detected

CPU:total 4 (initial active 4) (2 cores per cpu, 2 threads per core) family 6 model 69 stepping 1 microcode 0x26, cmov, cx8, fxsr, mmx, sse, sse2, sse3, ssse3, sse4.1, sse4.2, popcnt, avx, avx2, aes, clmul, erms, lzcnt, ht, tsc, tscinvbit, bmi1, bmi2, fma

Memory: 4k page, system-wide physical 8073M (318M free)
TotalPageFile size 10073M (AvailPageFile size 0M)
current process WorkingSet (physical memory assigned to process): 614M, peak: 614M
current process commit charge ("private bytes"): 784M, peak: 784M

vm_info: OpenJDK 64-Bit Server VM (11.0.15+0-b2043.56-9505619) for windows-amd64 JRE (11.0.15+0-b2043.56-9505619), built on Jan 19 2023 02:48:00 by "builduser" with unknown MS VC++:1929

END.
