#
# There is insufficient memory for the Java Runtime Environment to continue.
# Native memory allocation (mmap) failed to map 32505856 bytes for Failed to commit area from 0x0000000089a00000 to 0x000000008b900000 of length 32505856.
# Possible reasons:
#   The system is out of physical RAM or swap space
#   The process is running with CompressedOops enabled, and the Java Heap may be blocking the growth of the native heap
# Possible solutions:
#   Reduce memory load on the system
#   Increase physical memory or swap space
#   Check if swap backing store is full
#   Decrease Java heap size (-Xmx/-Xms)
#   Decrease number of Java threads
#   Decrease Java thread stack sizes (-Xss)
#   Set larger code cache with -XX:ReservedCodeCacheSize=
#   JVM is running with Unscaled Compressed Oops mode in which the Java heap is
#     placed in the first 4GB address space. The Java Heap base address is the
#     maximum limit for the native heap growth. Please use -XX:HeapBaseMinAddress
#     to set the Java Heap base and to place the Java Heap above 4GB virtual address.
# This output file may be truncated or incomplete.
#
#  Out of Memory Error (src/hotspot/os/windows/os_windows.cpp:3627), pid=9924, tid=11756
#
# JRE version: OpenJDK Runtime Environment (11.0.15) (build 11.0.15+0-b2043.56-9505619)
# Java VM: OpenJDK 64-Bit Server VM (11.0.15+0-b2043.56-9505619, mixed mode, tiered, compressed oops, g1 gc, windows-amd64)
# No core dump will be written. Minidumps are not enabled by default on client versions of Windows
#

---------------  S U M M A R Y ------------

Command Line: -javaagent:C:\Program Files\Android\Android Studio\plugins\android\resources\trace_agent.jar=C:\Users\SHAHZA~1\AppData\Local\Temp\sync.trace.profile --add-opens=java.base/java.util=ALL-UNNAMED --add-opens=java.base/java.lang=ALL-UNNAMED --add-opens=java.base/java.lang.invoke=ALL-UNNAMED --add-opens=java.base/java.util=ALL-UNNAMED --add-opens=java.prefs/java.util.prefs=ALL-UNNAMED --add-opens=java.prefs/java.util.prefs=ALL-UNNAMED --add-opens=java.base/java.nio.charset=ALL-UNNAMED --add-opens=java.base/java.net=ALL-UNNAMED --add-opens=java.base/java.util.concurrent.atomic=ALL-UNNAMED -Xmx2048m -Dfile.encoding=UTF-8 -Duser.country=US -Duser.language=en -Duser.variant org.gradle.launcher.daemon.bootstrap.GradleDaemon 7.5

Host: Intel(R) Core(TM) i5-4310U CPU @ 2.00GHz, 4 cores, 7G,  Windows 10 , 64 bit Build 19041 (10.0.19041.2788)
Time: Mon May  8 16:03:17 2023 Pakistan Standard Time elapsed time: 16.528375 seconds (0d 0h 0m 16s)

---------------  T H R E A D  ---------------

Current thread (0x00000235b5a92800):  VMThread "VM Thread" [stack: 0x0000003657500000,0x0000003657600000] [id=11756]

Stack: [0x0000003657500000,0x0000003657600000]
[error occurred during error reporting (printing stack bounds), id 0xc0000005, EXCEPTION_ACCESS_VIOLATION (0xc0000005) at pc=0x000002359f9b112d]

Native frames: (J=compiled Java code, j=interpreted, Vv=VM code, C=native code)
V  [jvm.dll+0x64135a]
V  [jvm.dll+0x7d39f9]
V  [jvm.dll+0x7d51b9]
V  [jvm.dll+0x7d5805]
V  [jvm.dll+0x7d57bb]
V  [jvm.dll+0x640655]
V  [jvm.dll+0x640d68]
C  [ntdll.dll+0xa23df]
C  [ntdll.dll+0x514a4]
C  [ntdll.dll+0xa0f0e]
C  0x000002359f9b112d

VM_Operation (0x00000036589f4a00): G1CollectForAllocation, mode: safepoint, requested by thread 0x00000235b6699000


---------------  P R O C E S S  ---------------

Threads class SMR info:
_java_thread_list=0x00000235ba156030, length=37, elements={
0x000002359be86000, 0x00000235b5a94800, 0x00000235b5a98000, 0x00000235b6422800,
0x00000235b6423800, 0x00000235b5ab4000, 0x00000235b5ab7000, 0x00000235b5abe800,
0x00000235b5ac5000, 0x00000235b5a30000, 0x00000235bba8d800, 0x00000235bb087800,
0x00000235b6ac4000, 0x00000235b7975800, 0x00000235b8b40800, 0x00000235bb9ba000,
0x00000235bb20b800, 0x00000235b6699000, 0x00000235b89e1800, 0x00000235bbe90800,
0x00000235baee0800, 0x00000235b7093000, 0x00000235b7097000, 0x00000235b7093800,
0x00000235b7094800, 0x00000235b7091800, 0x00000235b7098000, 0x00000235b7095800,
0x00000235b7096000, 0x00000235b7092000, 0x00000235b7e7f000, 0x00000235b7e83800,
0x00000235b7e84000, 0x00000235b7e86000, 0x00000235b7e89000, 0x00000235b7e8a000,
0x00000235b7e88000
}

Java Threads: ( => current thread )
  0x000002359be86000 JavaThread "main" [_thread_blocked, id=10208, stack(0x0000003656f00000,0x0000003657000000)]
  0x00000235b5a94800 JavaThread "Reference Handler" daemon [_thread_blocked, id=3956, stack(0x0000003657600000,0x0000003657700000)]
  0x00000235b5a98000 JavaThread "Finalizer" daemon [_thread_blocked, id=4508, stack(0x0000003657700000,0x0000003657800000)]
  0x00000235b6422800 JavaThread "Signal Dispatcher" daemon [_thread_blocked, id=9632, stack(0x0000003657800000,0x0000003657900000)]
  0x00000235b6423800 JavaThread "Attach Listener" daemon [_thread_blocked, id=4748, stack(0x0000003657900000,0x0000003657a00000)]
  0x00000235b5ab4000 JavaThread "Service Thread" daemon [_thread_blocked, id=5320, stack(0x0000003657a00000,0x0000003657b00000)]
  0x00000235b5ab7000 JavaThread "C2 CompilerThread0" daemon [_thread_blocked, id=13540, stack(0x0000003657b00000,0x0000003657c00000)]
  0x00000235b5abe800 JavaThread "C1 CompilerThread0" daemon [_thread_blocked, id=3920, stack(0x0000003657c00000,0x0000003657d00000)]
  0x00000235b5ac5000 JavaThread "Sweeper thread" daemon [_thread_blocked, id=13364, stack(0x0000003657d00000,0x0000003657e00000)]
  0x00000235b5a30000 JavaThread "Common-Cleaner" daemon [_thread_blocked, id=10000, stack(0x0000003657e00000,0x0000003657f00000)]
  0x00000235bba8d800 JavaThread "Daemon health stats" [_thread_blocked, id=14584, stack(0x0000003658300000,0x0000003658400000)]
  0x00000235bb087800 JavaThread "Incoming local TCP Connector on port 53322" [_thread_in_native, id=7064, stack(0x0000003657f00000,0x0000003658000000)]
  0x00000235b6ac4000 JavaThread "C2 CompilerThread1" daemon [_thread_in_native, id=7796, stack(0x0000003658400000,0x0000003658500000)]
  0x00000235b7975800 JavaThread "Daemon periodic checks" [_thread_blocked, id=7876, stack(0x0000003658500000,0x0000003658600000)]
  0x00000235b8b40800 JavaThread "Daemon" [_thread_blocked, id=15616, stack(0x0000003658600000,0x0000003658700000)]
  0x00000235bb9ba000 JavaThread "Handler for socket connection from /127.0.0.1:53322 to /127.0.0.1:53323" [_thread_in_native, id=12776, stack(0x0000003658700000,0x0000003658800000)]
  0x00000235bb20b800 JavaThread "Cancel handler" [_thread_blocked, id=8268, stack(0x0000003658800000,0x0000003658900000)]
  0x00000235b6699000 JavaThread "Daemon worker" [_thread_blocked, id=6556, stack(0x0000003658900000,0x0000003658a00000)]
  0x00000235b89e1800 JavaThread "Asynchronous log dispatcher for DefaultDaemonConnection: socket connection from /127.0.0.1:53322 to /127.0.0.1:53323" [_thread_blocked, id=11108, stack(0x0000003658a00000,0x0000003658b00000)]
  0x00000235bbe90800 JavaThread "Stdin handler" [_thread_blocked, id=7620, stack(0x0000003658b00000,0x0000003658c00000)]
  0x00000235baee0800 JavaThread "Daemon client event forwarder" [_thread_blocked, id=15760, stack(0x0000003658c00000,0x0000003658d00000)]
  0x00000235b7093000 JavaThread "Cache worker for journal cache (C:\Users\shahzaib lptp\AndroidStudioProjects\loginsqlite\caches\journal-1)" [_thread_blocked, id=11104, stack(0x0000003658e00000,0x0000003658f00000)]
  0x00000235b7097000 JavaThread "File lock request listener" [_thread_in_native, id=2752, stack(0x0000003658f00000,0x0000003659000000)]
  0x00000235b7093800 JavaThread "Cache worker for file hash cache (C:\Users\shahzaib lptp\AndroidStudioProjects\loginsqlite\caches\7.5\fileHashes)" [_thread_blocked, id=2104, stack(0x0000003659000000,0x0000003659100000)]
  0x00000235b7094800 JavaThread "File watcher server" daemon [_thread_in_native, id=15176, stack(0x0000003659100000,0x0000003659200000)]
  0x00000235b7091800 JavaThread "File watcher consumer" daemon [_thread_blocked, id=8256, stack(0x0000003659200000,0x0000003659300000)]
  0x00000235b7098000 JavaThread "Cache worker for checksums cache (C:\Users\shahzaib lptp\AndroidStudioProjects\EyeonwaterApp\.gradle\7.5\checksums)" [_thread_blocked, id=8744, stack(0x0000003659300000,0x0000003659400000)]
  0x00000235b7095800 JavaThread "Cache worker for cache directory md-rule (C:\Users\shahzaib lptp\AndroidStudioProjects\loginsqlite\caches\7.5\md-rule)" [_thread_blocked, id=260, stack(0x0000003659400000,0x0000003659500000)]
  0x00000235b7096000 JavaThread "Cache worker for file content cache (C:\Users\shahzaib lptp\AndroidStudioProjects\loginsqlite\caches\7.5\fileContent)" [_thread_blocked, id=8196, stack(0x0000003659500000,0x0000003659600000)]
  0x00000235b7092000 JavaThread "Cache worker for file hash cache (C:\Users\shahzaib lptp\AndroidStudioProjects\EyeonwaterApp\.gradle\7.5\fileHashes)" [_thread_blocked, id=1688, stack(0x0000003659600000,0x0000003659700000)]
  0x00000235b7e7f000 JavaThread "Cache worker for cache directory md-supplier (C:\Users\shahzaib lptp\AndroidStudioProjects\loginsqlite\caches\7.5\md-supplier)" [_thread_blocked, id=11736, stack(0x0000003659700000,0x0000003659800000)]
  0x00000235b7e83800 JavaThread "Cache worker for execution history cache (C:\Users\shahzaib lptp\AndroidStudioProjects\loginsqlite\caches\7.5\executionHistory)" [_thread_blocked, id=2800, stack(0x0000003659800000,0x0000003659900000)]
  0x00000235b7e84000 JavaThread "jar transforms" [_thread_blocked, id=2808, stack(0x0000003659900000,0x0000003659a00000)]
  0x00000235b7e86000 JavaThread "jar transforms Thread 2" [_thread_blocked, id=10524, stack(0x0000003659a00000,0x0000003659b00000)]
  0x00000235b7e89000 JavaThread "jar transforms Thread 3" [_thread_blocked, id=12520, stack(0x0000003659b00000,0x0000003659c00000)]
  0x00000235b7e8a000 JavaThread "jar transforms Thread 4" [_thread_blocked, id=9192, stack(0x0000003659c00000,0x0000003659d00000)]
  0x00000235b7e88000 JavaThread "Cache worker for dependencies-accessors (C:\Users\shahzaib lptp\AndroidStudioProjects\EyeonwaterApp\.gradle\7.5\dependencies-accessors)" [_thread_blocked, id=5312, stack(0x0000003659d00000,0x0000003659e00000)]

Other Threads:
=>0x00000235b5a92800 VMThread "VM Thread" [stack: 0x0000003657500000,0x0000003657600000] [id=11756]
  0x00000235b6be7000 WatcherThread [stack: 0x0000003658000000,0x0000003658100000] [id=7696]
  0x000002359be9d800 GCTaskThread "GC Thread#0" [stack: 0x0000003657000000,0x0000003657100000] [id=9812]
  0x00000235b74fb800 GCTaskThread "GC Thread#1" [stack: 0x0000003658100000,0x0000003658200000] [id=4316]
  0x00000235b74fc000 GCTaskThread "GC Thread#2" [stack: 0x0000003658200000,0x0000003658300000] [id=1452]
  0x00000235b879a800 GCTaskThread "GC Thread#3" [stack: 0x0000003658d00000,0x0000003658e00000] [id=7296]
  0x000002359bed0000 ConcurrentGCThread "G1 Main Marker" [stack: 0x0000003657100000,0x0000003657200000] [id=13172]
  0x000002359bed1000 ConcurrentGCThread "G1 Conc#0" [stack: 0x0000003657200000,0x0000003657300000] [id=1604]
  0x000002359bf5e000 ConcurrentGCThread "G1 Refine#0" [stack: 0x0000003657300000,0x0000003657400000] [id=1248]
  0x00000235b58e0800 ConcurrentGCThread "G1 Young RemSet Sampling" [stack: 0x0000003657400000,0x0000003657500000] [id=11716]

Threads with active compile tasks:
C2 CompilerThread1    16554 4940       4       groovy.lang.MetaClassImpl$1MOPIter::methodNameAction (325 bytes)

VM state:at safepoint (normal execution)

VM Mutex/Monitor currently owned by a thread:  ([mutex/lock_event])
[0x000002359be81480] Threads_lock - owner thread: 0x00000235b5a92800
[0x000002359be81900] Heap_lock - owner thread: 0x00000235b6699000

Heap address: 0x0000000080000000, size: 2048 MB, Compressed Oops mode: 32-bit
Narrow klass base: 0x0000000000000000, Narrow klass shift: 3
Compressed class space size: 1073741824 Address: 0x0000000100000000

Heap:
 garbage-first heap   total 189440K, used 32093K [0x0000000080000000, 0x0000000100000000)
  region size 1024K, 5 young (5120K), 5 survivors (5120K)
 Metaspace       used 48592K, capacity 50033K, committed 50176K, reserved 1093632K
  class space    used 6150K, capacity 6630K, committed 6656K, reserved 1048576K
Heap Regions: E=young(eden), S=young(survivor), O=old, HS=humongous(starts), HC=humongous(continues), CS=collection set, F=free, A=archive, TAMS=top-at-mark-start (previous, next)
|   0|0x0000000080000000, 0x0000000080100000, 0x0000000080100000|100%| O|  |TAMS 0x0000000080100000, 0x0000000080000000| Untracked 
|   1|0x0000000080100000, 0x0000000080200000, 0x0000000080200000|100%| O|  |TAMS 0x0000000080200000, 0x0000000080100000| Untracked 
|   2|0x0000000080200000, 0x0000000080300000, 0x0000000080300000|100%| O|  |TAMS 0x0000000080300000, 0x0000000080200000| Untracked 
|   3|0x0000000080300000, 0x0000000080400000, 0x0000000080400000|100%|HS|  |TAMS 0x0000000080400000, 0x0000000080300000| Complete 
|   4|0x0000000080400000, 0x0000000080500000, 0x0000000080500000|100%|HC|  |TAMS 0x0000000080500000, 0x0000000080400000| Complete 
|   5|0x0000000080500000, 0x0000000080600000, 0x0000000080600000|100%|HC|  |TAMS 0x0000000080600000, 0x0000000080500000| Complete 
|   6|0x0000000080600000, 0x0000000080700000, 0x0000000080700000|100%| O|  |TAMS 0x0000000080700000, 0x0000000080600000| Untracked 
|   7|0x0000000080700000, 0x0000000080800000, 0x0000000080800000|100%| O|  |TAMS 0x0000000080800000, 0x0000000080700000| Untracked 
|   8|0x0000000080800000, 0x0000000080900000, 0x0000000080900000|100%| O|  |TAMS 0x0000000080900000, 0x0000000080800000| Untracked 
|   9|0x0000000080900000, 0x0000000080a00000, 0x0000000080a00000|100%| O|  |TAMS 0x0000000080a00000, 0x0000000080900000| Untracked 
|  10|0x0000000080a00000, 0x0000000080b00000, 0x0000000080b00000|100%| O|  |TAMS 0x0000000080b00000, 0x0000000080a00000| Untracked 
|  11|0x0000000080b00000, 0x0000000080c00000, 0x0000000080c00000|100%| O|  |TAMS 0x0000000080c00000, 0x0000000080b00000| Untracked 
|  12|0x0000000080c00000, 0x0000000080d00000, 0x0000000080d00000|100%| O|  |TAMS 0x0000000080d00000, 0x0000000080c00000| Untracked 
|  13|0x0000000080d00000, 0x0000000080e00000, 0x0000000080e00000|100%| O|  |TAMS 0x0000000080e00000, 0x0000000080d00000| Untracked 
|  14|0x0000000080e00000, 0x0000000080f00000, 0x0000000080f00000|100%| O|  |TAMS 0x0000000080e84000, 0x0000000080e00000| Untracked 
|  15|0x0000000080f00000, 0x0000000081000000, 0x0000000081000000|100%| O|  |TAMS 0x0000000080f00000, 0x0000000080f00000| Untracked 
|  16|0x0000000081000000, 0x0000000081000000, 0x0000000081100000|  0%| F|  |TAMS 0x0000000081000000, 0x0000000081000000| Untracked 
|  17|0x0000000081100000, 0x0000000081100000, 0x0000000081200000|  0%| F|  |TAMS 0x0000000081100000, 0x0000000081100000| Untracked 
|  18|0x0000000081200000, 0x0000000081300000, 0x0000000081300000|100%| O|  |TAMS 0x0000000081200000, 0x0000000081200000| Untracked 
|  19|0x0000000081300000, 0x0000000081400000, 0x0000000081400000|100%| O|  |TAMS 0x0000000081300000, 0x0000000081300000| Untracked 
|  20|0x0000000081400000, 0x0000000081500000, 0x0000000081500000|100%| O|  |TAMS 0x0000000081400000, 0x0000000081400000| Untracked 
|  21|0x0000000081500000, 0x0000000081500000, 0x0000000081600000|  0%| F|  |TAMS 0x0000000081500000, 0x0000000081500000| Untracked 
|  22|0x0000000081600000, 0x0000000081700000, 0x0000000081700000|100%| O|  |TAMS 0x0000000081600000, 0x0000000081600000| Untracked 
|  23|0x0000000081700000, 0x0000000081800000, 0x0000000081800000|100%| O|  |TAMS 0x0000000081700000, 0x0000000081700000| Untracked 
|  24|0x0000000081800000, 0x0000000081900000, 0x0000000081900000|100%| O|  |TAMS 0x0000000081800000, 0x0000000081800000| Untracked 
|  25|0x0000000081900000, 0x0000000081a00000, 0x0000000081a00000|100%| O|  |TAMS 0x0000000081900000, 0x0000000081900000| Untracked 
|  26|0x0000000081a00000, 0x0000000081b00000, 0x0000000081b00000|100%| O|  |TAMS 0x0000000081a00000, 0x0000000081a00000| Untracked 
|  27|0x0000000081b00000, 0x0000000081c00000, 0x0000000081c00000|100%| O|  |TAMS 0x0000000081b00000, 0x0000000081b00000| Untracked 
|  28|0x0000000081c00000, 0x0000000081d00000, 0x0000000081d00000|100%| O|  |TAMS 0x0000000081c00000, 0x0000000081c00000| Untracked 
|  29|0x0000000081d00000, 0x0000000081ddd200, 0x0000000081e00000| 86%| O|  |TAMS 0x0000000081d00000, 0x0000000081d00000| Untracked 
|  30|0x0000000081e00000, 0x0000000081e00000, 0x0000000081f00000|  0%| F|  |TAMS 0x0000000081e00000, 0x0000000081e00000| Untracked 
|  31|0x0000000081f00000, 0x0000000081f00000, 0x0000000082000000|  0%| F|  |TAMS 0x0000000081f00000, 0x0000000081f00000| Untracked 
|  32|0x0000000082000000, 0x0000000082000000, 0x0000000082100000|  0%| F|  |TAMS 0x0000000082000000, 0x0000000082000000| Untracked 
|  33|0x0000000082100000, 0x0000000082100000, 0x0000000082200000|  0%| F|  |TAMS 0x0000000082100000, 0x0000000082100000| Untracked 
|  34|0x0000000082200000, 0x0000000082200000, 0x0000000082300000|  0%| F|  |TAMS 0x0000000082200000, 0x0000000082200000| Untracked 
|  35|0x0000000082300000, 0x0000000082300000, 0x0000000082400000|  0%| F|  |TAMS 0x0000000082300000, 0x0000000082300000| Untracked 
|  36|0x0000000082400000, 0x0000000082400000, 0x0000000082500000|  0%| F|  |TAMS 0x0000000082400000, 0x0000000082400000| Untracked 
|  37|0x0000000082500000, 0x0000000082500000, 0x0000000082600000|  0%| F|  |TAMS 0x0000000082500000, 0x0000000082500000| Untracked 
|  38|0x0000000082600000, 0x0000000082600000, 0x0000000082700000|  0%| F|  |TAMS 0x0000000082600000, 0x0000000082600000| Untracked 
|  39|0x0000000082700000, 0x0000000082700000, 0x0000000082800000|  0%| F|  |TAMS 0x0000000082700000, 0x0000000082700000| Untracked 
|  40|0x0000000082800000, 0x0000000082800000, 0x0000000082900000|  0%| F|  |TAMS 0x0000000082800000, 0x0000000082800000| Untracked 
|  41|0x0000000082900000, 0x0000000082900000, 0x0000000082a00000|  0%| F|  |TAMS 0x0000000082900000, 0x0000000082900000| Untracked 
|  42|0x0000000082a00000, 0x0000000082a00000, 0x0000000082b00000|  0%| F|  |TAMS 0x0000000082a00000, 0x0000000082a00000| Untracked 
|  43|0x0000000082b00000, 0x0000000082b00000, 0x0000000082c00000|  0%| F|  |TAMS 0x0000000082b00000, 0x0000000082b00000| Untracked 
|  44|0x0000000082c00000, 0x0000000082c00000, 0x0000000082d00000|  0%| F|  |TAMS 0x0000000082c00000, 0x0000000082c00000| Untracked 
|  45|0x0000000082d00000, 0x0000000082d00000, 0x0000000082e00000|  0%| F|  |TAMS 0x0000000082d00000, 0x0000000082d00000| Untracked 
|  46|0x0000000082e00000, 0x0000000082e00000, 0x0000000082f00000|  0%| F|  |TAMS 0x0000000082e00000, 0x0000000082e00000| Untracked 
|  47|0x0000000082f00000, 0x0000000082f00000, 0x0000000083000000|  0%| F|  |TAMS 0x0000000082f00000, 0x0000000082f00000| Untracked 
|  48|0x0000000083000000, 0x0000000083000000, 0x0000000083100000|  0%| F|  |TAMS 0x0000000083000000, 0x0000000083000000| Untracked 
|  49|0x0000000083100000, 0x0000000083100000, 0x0000000083200000|  0%| F|  |TAMS 0x0000000083100000, 0x0000000083100000| Untracked 
|  50|0x0000000083200000, 0x0000000083200000, 0x0000000083300000|  0%| F|  |TAMS 0x0000000083200000, 0x0000000083200000| Untracked 
|  51|0x0000000083300000, 0x0000000083300000, 0x0000000083400000|  0%| F|  |TAMS 0x0000000083300000, 0x0000000083300000| Untracked 
|  52|0x0000000083400000, 0x0000000083400000, 0x0000000083500000|  0%| F|  |TAMS 0x0000000083400000, 0x0000000083400000| Untracked 
|  53|0x0000000083500000, 0x0000000083500000, 0x0000000083600000|  0%| F|  |TAMS 0x0000000083500000, 0x0000000083500000| Untracked 
|  54|0x0000000083600000, 0x0000000083600000, 0x0000000083700000|  0%| F|  |TAMS 0x0000000083600000, 0x0000000083600000| Untracked 
|  55|0x0000000083700000, 0x0000000083700000, 0x0000000083800000|  0%| F|  |TAMS 0x0000000083700000, 0x0000000083700000| Untracked 
|  56|0x0000000083800000, 0x0000000083800000, 0x0000000083900000|  0%| F|  |TAMS 0x0000000083800000, 0x0000000083800000| Untracked 
|  57|0x0000000083900000, 0x0000000083900000, 0x0000000083a00000|  0%| F|  |TAMS 0x0000000083900000, 0x0000000083900000| Untracked 
|  58|0x0000000083a00000, 0x0000000083a00000, 0x0000000083b00000|  0%| F|  |TAMS 0x0000000083a00000, 0x0000000083a00000| Untracked 
|  59|0x0000000083b00000, 0x0000000083b00000, 0x0000000083c00000|  0%| F|  |TAMS 0x0000000083b00000, 0x0000000083b00000| Untracked 
|  60|0x0000000083c00000, 0x0000000083c00000, 0x0000000083d00000|  0%| F|  |TAMS 0x0000000083c00000, 0x0000000083c00000| Untracked 
|  61|0x0000000083d00000, 0x0000000083d00000, 0x0000000083e00000|  0%| F|  |TAMS 0x0000000083d00000, 0x0000000083d00000| Untracked 
|  62|0x0000000083e00000, 0x0000000083e00000, 0x0000000083f00000|  0%| F|  |TAMS 0x0000000083e00000, 0x0000000083e00000| Untracked 
|  63|0x0000000083f00000, 0x0000000083f00000, 0x0000000084000000|  0%| F|  |TAMS 0x0000000083f00000, 0x0000000083f00000| Untracked 
|  64|0x0000000084000000, 0x0000000084000000, 0x0000000084100000|  0%| F|  |TAMS 0x0000000084000000, 0x0000000084000000| Untracked 
|  65|0x0000000084100000, 0x0000000084100000, 0x0000000084200000|  0%| F|  |TAMS 0x0000000084100000, 0x0000000084100000| Untracked 
|  66|0x0000000084200000, 0x0000000084200000, 0x0000000084300000|  0%| F|  |TAMS 0x0000000084200000, 0x0000000084200000| Untracked 
|  67|0x0000000084300000, 0x0000000084300000, 0x0000000084400000|  0%| F|  |TAMS 0x0000000084300000, 0x0000000084300000| Untracked 
|  68|0x0000000084400000, 0x000000008447a258, 0x0000000084500000| 47%| S|CS|TAMS 0x0000000084400000, 0x0000000084400000| Complete 
|  69|0x0000000084500000, 0x0000000084600000, 0x0000000084600000|100%| S|CS|TAMS 0x0000000084500000, 0x0000000084500000| Complete 
|  70|0x0000000084600000, 0x0000000084700000, 0x0000000084700000|100%| S|CS|TAMS 0x0000000084600000, 0x0000000084600000| Complete 
|  71|0x0000000084700000, 0x0000000084800000, 0x0000000084800000|100%| S|CS|TAMS 0x0000000084700000, 0x0000000084700000| Complete 
|  72|0x0000000084800000, 0x0000000084900000, 0x0000000084900000|100%| S|CS|TAMS 0x0000000084800000, 0x0000000084800000| Complete 
|  73|0x0000000084900000, 0x0000000084900000, 0x0000000084a00000|  0%| F|  |TAMS 0x0000000084900000, 0x0000000084900000| Untracked 
|  74|0x0000000084a00000, 0x0000000084a00000, 0x0000000084b00000|  0%| F|  |TAMS 0x0000000084a00000, 0x0000000084a00000| Untracked 
|  75|0x0000000084b00000, 0x0000000084b00000, 0x0000000084c00000|  0%| F|  |TAMS 0x0000000084b00000, 0x0000000084b00000| Untracked 
|  76|0x0000000084c00000, 0x0000000084c00000, 0x0000000084d00000|  0%| F|  |TAMS 0x0000000084c00000, 0x0000000084c00000| Untracked 
|  77|0x0000000084d00000, 0x0000000084d00000, 0x0000000084e00000|  0%| F|  |TAMS 0x0000000084d00000, 0x0000000084d00000| Untracked 
|  78|0x0000000084e00000, 0x0000000084e00000, 0x0000000084f00000|  0%| F|  |TAMS 0x0000000084e00000, 0x0000000084e00000| Untracked 
|  79|0x0000000084f00000, 0x0000000084f00000, 0x0000000085000000|  0%| F|  |TAMS 0x0000000084f00000, 0x0000000084f00000| Untracked 
|  80|0x0000000085000000, 0x0000000085000000, 0x0000000085100000|  0%| F|  |TAMS 0x0000000085000000, 0x0000000085000000| Untracked 
|  81|0x0000000085100000, 0x0000000085100000, 0x0000000085200000|  0%| F|  |TAMS 0x0000000085100000, 0x0000000085100000| Untracked 
|  82|0x0000000085200000, 0x0000000085200000, 0x0000000085300000|  0%| F|  |TAMS 0x0000000085200000, 0x0000000085200000| Untracked 
|  83|0x0000000085300000, 0x0000000085300000, 0x0000000085400000|  0%| F|  |TAMS 0x0000000085300000, 0x0000000085300000| Untracked 
|  84|0x0000000085400000, 0x0000000085400000, 0x0000000085500000|  0%| F|  |TAMS 0x0000000085400000, 0x0000000085400000| Untracked 
|  85|0x0000000085500000, 0x0000000085500000, 0x0000000085600000|  0%| F|  |TAMS 0x0000000085500000, 0x0000000085500000| Untracked 
|  86|0x0000000085600000, 0x0000000085600000, 0x0000000085700000|  0%| F|  |TAMS 0x0000000085600000, 0x0000000085600000| Untracked 
|  87|0x0000000085700000, 0x0000000085700000, 0x0000000085800000|  0%| F|  |TAMS 0x0000000085700000, 0x0000000085700000| Untracked 
|  88|0x0000000085800000, 0x0000000085800000, 0x0000000085900000|  0%| F|  |TAMS 0x0000000085800000, 0x0000000085800000| Untracked 
|  89|0x0000000085900000, 0x0000000085900000, 0x0000000085a00000|  0%| F|  |TAMS 0x0000000085900000, 0x0000000085900000| Untracked 
|  90|0x0000000085a00000, 0x0000000085a00000, 0x0000000085b00000|  0%| F|  |TAMS 0x0000000085a00000, 0x0000000085a00000| Untracked 
|  91|0x0000000085b00000, 0x0000000085b00000, 0x0000000085c00000|  0%| F|  |TAMS 0x0000000085b00000, 0x0000000085b00000| Untracked 
|  92|0x0000000085c00000, 0x0000000085c00000, 0x0000000085d00000|  0%| F|  |TAMS 0x0000000085c00000, 0x0000000085c00000| Untracked 
|  93|0x0000000085d00000, 0x0000000085d00000, 0x0000000085e00000|  0%| F|  |TAMS 0x0000000085d00000, 0x0000000085d00000| Untracked 
|  94|0x0000000085e00000, 0x0000000085e00000, 0x0000000085f00000|  0%| F|  |TAMS 0x0000000085e00000, 0x0000000085e00000| Untracked 
|  95|0x0000000085f00000, 0x0000000085f00000, 0x0000000086000000|  0%| F|  |TAMS 0x0000000085f00000, 0x0000000085f00000| Untracked 
|  96|0x0000000086000000, 0x0000000086000000, 0x0000000086100000|  0%| F|  |TAMS 0x0000000086000000, 0x0000000086000000| Untracked 
|  97|0x0000000086100000, 0x0000000086100000, 0x0000000086200000|  0%| F|  |TAMS 0x0000000086100000, 0x0000000086100000| Untracked 
|  98|0x0000000086200000, 0x0000000086200000, 0x0000000086300000|  0%| F|  |TAMS 0x0000000086200000, 0x0000000086200000| Untracked 
|  99|0x0000000086300000, 0x0000000086300000, 0x0000000086400000|  0%| F|  |TAMS 0x0000000086300000, 0x0000000086300000| Untracked 
| 100|0x0000000086400000, 0x0000000086400000, 0x0000000086500000|  0%| F|  |TAMS 0x0000000086400000, 0x0000000086400000| Untracked 
| 101|0x0000000086500000, 0x0000000086500000, 0x0000000086600000|  0%| F|  |TAMS 0x0000000086500000, 0x0000000086500000| Untracked 
| 102|0x0000000086600000, 0x0000000086600000, 0x0000000086700000|  0%| F|  |TAMS 0x0000000086600000, 0x0000000086600000| Untracked 
| 103|0x0000000086700000, 0x0000000086700000, 0x0000000086800000|  0%| F|  |TAMS 0x0000000086700000, 0x0000000086700000| Untracked 
| 104|0x0000000086800000, 0x0000000086800000, 0x0000000086900000|  0%| F|  |TAMS 0x0000000086800000, 0x0000000086800000| Untracked 
| 105|0x0000000086900000, 0x0000000086900000, 0x0000000086a00000|  0%| F|  |TAMS 0x0000000086900000, 0x0000000086900000| Untracked 
| 106|0x0000000086a00000, 0x0000000086a00000, 0x0000000086b00000|  0%| F|  |TAMS 0x0000000086a00000, 0x0000000086a00000| Untracked 
| 107|0x0000000086b00000, 0x0000000086b00000, 0x0000000086c00000|  0%| F|  |TAMS 0x0000000086b00000, 0x0000000086b00000| Untracked 
| 108|0x0000000086c00000, 0x0000000086c00000, 0x0000000086d00000|  0%| F|  |TAMS 0x0000000086c00000, 0x0000000086c00000| Untracked 
| 109|0x0000000086d00000, 0x0000000086d00000, 0x0000000086e00000|  0%| F|  |TAMS 0x0000000086d00000, 0x0000000086d00000| Untracked 
| 110|0x0000000086e00000, 0x0000000086e00000, 0x0000000086f00000|  0%| F|  |TAMS 0x0000000086e00000, 0x0000000086e00000| Untracked 
| 111|0x0000000086f00000, 0x0000000086f00000, 0x0000000087000000|  0%| F|  |TAMS 0x0000000086f00000, 0x0000000086f00000| Untracked 
| 112|0x0000000087000000, 0x0000000087000000, 0x0000000087100000|  0%| F|  |TAMS 0x0000000087000000, 0x0000000087000000| Untracked 
| 113|0x0000000087100000, 0x0000000087100000, 0x0000000087200000|  0%| F|  |TAMS 0x0000000087100000, 0x0000000087100000| Untracked 
| 114|0x0000000087200000, 0x0000000087200000, 0x0000000087300000|  0%| F|  |TAMS 0x0000000087200000, 0x0000000087200000| Untracked 
| 115|0x0000000087300000, 0x0000000087300000, 0x0000000087400000|  0%| F|  |TAMS 0x0000000087300000, 0x0000000087300000| Untracked 
| 116|0x0000000087400000, 0x0000000087400000, 0x0000000087500000|  0%| F|  |TAMS 0x0000000087400000, 0x0000000087400000| Untracked 
| 117|0x0000000087500000, 0x0000000087500000, 0x0000000087600000|  0%| F|  |TAMS 0x0000000087500000, 0x0000000087500000| Untracked 
| 118|0x0000000087600000, 0x0000000087600000, 0x0000000087700000|  0%| F|  |TAMS 0x0000000087600000, 0x0000000087600000| Untracked 
| 119|0x0000000087700000, 0x0000000087700000, 0x0000000087800000|  0%| F|  |TAMS 0x0000000087700000, 0x0000000087700000| Untracked 
| 120|0x0000000087800000, 0x0000000087800000, 0x0000000087900000|  0%| F|  |TAMS 0x0000000087800000, 0x0000000087800000| Untracked 
| 121|0x0000000087900000, 0x0000000087900000, 0x0000000087a00000|  0%| F|  |TAMS 0x0000000087900000, 0x0000000087900000| Untracked 
| 122|0x0000000087a00000, 0x0000000087a00000, 0x0000000087b00000|  0%| F|  |TAMS 0x0000000087a00000, 0x0000000087a00000| Untracked 
| 123|0x0000000087b00000, 0x0000000087b00000, 0x0000000087c00000|  0%| F|  |TAMS 0x0000000087b00000, 0x0000000087b00000| Untracked 
| 124|0x0000000087c00000, 0x0000000087c00000, 0x0000000087d00000|  0%| F|  |TAMS 0x0000000087c00000, 0x0000000087c00000| Untracked 
| 125|0x0000000087d00000, 0x0000000087d00000, 0x0000000087e00000|  0%| F|  |TAMS 0x0000000087d00000, 0x0000000087d00000| Untracked 
| 126|0x0000000087e00000, 0x0000000087e00000, 0x0000000087f00000|  0%| F|  |TAMS 0x0000000087e00000, 0x0000000087e00000| Untracked 
| 127|0x0000000087f00000, 0x0000000087f00000, 0x0000000088000000|  0%| F|  |TAMS 0x0000000087f00000, 0x0000000087f00000| Untracked 
| 128|0x0000000088000000, 0x0000000088000000, 0x0000000088100000|  0%| F|  |TAMS 0x0000000088000000, 0x0000000088000000| Untracked 
| 129|0x0000000088100000, 0x0000000088100000, 0x0000000088200000|  0%| F|  |TAMS 0x0000000088100000, 0x0000000088100000| Untracked 
| 130|0x0000000088200000, 0x0000000088200000, 0x0000000088300000|  0%| F|  |TAMS 0x0000000088200000, 0x0000000088200000| Untracked 
| 131|0x0000000088300000, 0x0000000088300000, 0x0000000088400000|  0%| F|  |TAMS 0x0000000088300000, 0x0000000088300000| Untracked 
| 132|0x0000000088400000, 0x0000000088400000, 0x0000000088500000|  0%| F|  |TAMS 0x0000000088400000, 0x0000000088400000| Untracked 
| 133|0x0000000088500000, 0x0000000088500000, 0x0000000088600000|  0%| F|  |TAMS 0x0000000088500000, 0x0000000088500000| Untracked 
| 134|0x0000000088600000, 0x0000000088600000, 0x0000000088700000|  0%| F|  |TAMS 0x0000000088600000, 0x0000000088600000| Untracked 
| 135|0x0000000088700000, 0x0000000088700000, 0x0000000088800000|  0%| F|  |TAMS 0x0000000088700000, 0x0000000088700000| Untracked 
| 136|0x0000000088800000, 0x0000000088800000, 0x0000000088900000|  0%| F|  |TAMS 0x0000000088800000, 0x0000000088800000| Untracked 
| 137|0x0000000088900000, 0x0000000088900000, 0x0000000088a00000|  0%| F|  |TAMS 0x0000000088900000, 0x0000000088900000| Untracked 
| 138|0x0000000088a00000, 0x0000000088a00000, 0x0000000088b00000|  0%| F|  |TAMS 0x0000000088a00000, 0x0000000088a00000| Untracked 
| 139|0x0000000088b00000, 0x0000000088b00000, 0x0000000088c00000|  0%| F|  |TAMS 0x0000000088b00000, 0x0000000088b00000| Untracked 
| 140|0x0000000088c00000, 0x0000000088c00000, 0x0000000088d00000|  0%| F|  |TAMS 0x0000000088c00000, 0x0000000088c00000| Untracked 
| 141|0x0000000088d00000, 0x0000000088d00000, 0x0000000088e00000|  0%| F|  |TAMS 0x0000000088d00000, 0x0000000088d00000| Untracked 
| 142|0x0000000088e00000, 0x0000000088e00000, 0x0000000088f00000|  0%| F|  |TAMS 0x0000000088e00000, 0x0000000088e00000| Untracked 
| 143|0x0000000088f00000, 0x0000000088f00000, 0x0000000089000000|  0%| F|  |TAMS 0x0000000088f00000, 0x0000000088f00000| Untracked 
| 144|0x0000000089000000, 0x0000000089000000, 0x0000000089100000|  0%| F|  |TAMS 0x0000000089000000, 0x0000000089000000| Untracked 
| 145|0x0000000089100000, 0x0000000089100000, 0x0000000089200000|  0%| F|  |TAMS 0x0000000089100000, 0x0000000089100000| Untracked 
| 146|0x0000000089200000, 0x0000000089200000, 0x0000000089300000|  0%| F|  |TAMS 0x0000000089200000, 0x0000000089200000| Untracked 
| 147|0x0000000089300000, 0x0000000089300000, 0x0000000089400000|  0%| F|  |TAMS 0x0000000089300000, 0x0000000089300000| Untracked 
| 148|0x0000000089400000, 0x0000000089400000, 0x0000000089500000|  0%| F|  |TAMS 0x0000000089400000, 0x0000000089400000| Untracked 
| 149|0x0000000089500000, 0x0000000089500000, 0x0000000089600000|  0%| F|  |TAMS 0x0000000089500000, 0x0000000089500000| Untracked 
| 150|0x0000000089600000, 0x0000000089600000, 0x0000000089700000|  0%| F|  |TAMS 0x0000000089600000, 0x0000000089600000| Untracked 
| 151|0x0000000089700000, 0x0000000089700000, 0x0000000089800000|  0%| F|  |TAMS 0x0000000089700000, 0x0000000089700000| Untracked 
| 152|0x0000000089800000, 0x0000000089800000, 0x0000000089900000|  0%| F|  |TAMS 0x0000000089800000, 0x0000000089800000| Untracked 
| 153|0x0000000089900000, 0x0000000089900000, 0x0000000089a00000|  0%| F|  |TAMS 0x0000000089900000, 0x0000000089900000| Untracked 

Card table byte_map: [0x00000235aedb0000,0x00000235af1b0000] _byte_map_base: 0x00000235ae9b0000

Marking Bits (Prev, Next): (CMBitMap*) 0x000002359bec6f08, (CMBitMap*) 0x000002359bec6f40
 Prev Bits: [0x00000235af5b0000, 0x00000235b15b0000)
 Next Bits: [0x00000235b15b0000, 0x00000235b35b0000)

Polling page: 0x0000023599df0000

Metaspace:

Usage:
  Non-class:     42.39 MB capacity,    41.45 MB ( 98%) used,   835.47 KB (  2%) free+waste,   125.94 KB ( <1%) overhead. 
      Class:      6.47 MB capacity,     6.01 MB ( 93%) used,   418.77 KB (  6%) free+waste,    60.25 KB ( <1%) overhead. 
       Both:     48.86 MB capacity,    47.45 MB ( 97%) used,     1.22 MB (  3%) free+waste,   186.19 KB ( <1%) overhead. 

Virtual space:
  Non-class space:       44.00 MB reserved,      42.50 MB ( 97%) committed 
      Class space:        1.00 GB reserved,       6.50 MB ( <1%) committed 
             Both:        1.04 GB reserved,      49.00 MB (  5%) committed 

Chunk freelists:
   Non-Class:  53.00 KB
       Class:  26.00 KB
        Both:  79.00 KB

MaxMetaspaceSize: 17179869184.00 GB
CompressedClassSpaceSize: 1.00 GB
Initial GC threshold: 20.80 MB
Current GC threshold: 58.75 MB
CDS: off

CodeHeap 'non-profiled nmethods': size=120064Kb used=3603Kb max_used=3603Kb free=116460Kb
 bounds [0x00000235a7470000, 0x00000235a7800000, 0x00000235ae9b0000]
CodeHeap 'profiled nmethods': size=120000Kb used=10742Kb max_used=10742Kb free=109257Kb
 bounds [0x000002359ff40000, 0x00000235a09c0000, 0x00000235a7470000]
CodeHeap 'non-nmethods': size=5696Kb used=2293Kb max_used=2338Kb free=3402Kb
 bounds [0x000002359f9b0000, 0x000002359fc20000, 0x000002359ff40000]
 total_blobs=5687 nmethods=4893 adapters=706
 compilation: enabled
              stopped_count=0, restarted_count=0
 full_count=0

Compilation events (20 events):
Event: 16.458 Thread 0x00000235b5abe800 5031       3       com.android.tools.tracer.agent.objectweb.asm.commons.AdviceAdapter::visitFieldInsn (190 bytes)
Event: 16.461 Thread 0x00000235b5abe800 nmethod 5031 0x00000235a09b5b10 code [0x00000235a09b5f40, 0x00000235a09b7e78]
Event: 16.479 Thread 0x00000235b5abe800 5032   !   3       java.lang.Class::desiredAssertionStatus (54 bytes)
Event: 16.480 Thread 0x00000235b5abe800 nmethod 5032 0x00000235a09b8810 code [0x00000235a09b8a20, 0x00000235a09b8fd8]
Event: 16.483 Thread 0x00000235b5abe800 5034       3       com.google.common.math.MathPreconditions::checkPositive (53 bytes)
Event: 16.485 Thread 0x00000235b5abe800 nmethod 5034 0x00000235a09b9190 code [0x00000235a09b9460, 0x00000235a09ba038]
Event: 16.485 Thread 0x00000235b5abe800 5035   !   3       org.gradle.internal.serialize.kryo.KryoBackedDecoder::readNullableString (15 bytes)
Event: 16.485 Thread 0x00000235b5abe800 nmethod 5035 0x00000235a09ba510 code [0x00000235a09ba720, 0x00000235a09bacc8]
Event: 16.485 Thread 0x00000235b5abe800 5036       3       com.esotericsoftware.kryo.io.Input::readString (127 bytes)
Event: 16.486 Thread 0x00000235b5abe800 nmethod 5036 0x00000235a09baf10 code [0x00000235a09bb160, 0x00000235a09bb848]
Event: 16.486 Thread 0x00000235b5abe800 5038       3       org.gradle.internal.serialize.kryo.KryoBackedDecoder::readString (5 bytes)
Event: 16.487 Thread 0x00000235b5abe800 nmethod 5038 0x00000235a09bbb10 code [0x00000235a09bbd40, 0x00000235a09bc348]
Event: 16.487 Thread 0x00000235b5abe800 5037       3       com.esotericsoftware.kryo.io.Input::readUtf8Length (139 bytes)
Event: 16.487 Thread 0x00000235b5abe800 nmethod 5037 0x00000235a09bc590 code [0x00000235a09bc760, 0x00000235a09bca78]
Event: 16.495 Thread 0x00000235b5abe800 5039       3       com.google.common.math.IntMath::isPowerOfTwo (24 bytes)
Event: 16.495 Thread 0x00000235b5abe800 nmethod 5039 0x00000235a09bcb90 code [0x00000235a09bcd40, 0x00000235a09bced8]
Event: 16.495 Thread 0x00000235b5abe800 5040       3       com.google.common.math.MathPreconditions::checkRoundingUnnecessary (15 bytes)
Event: 16.495 Thread 0x00000235b5abe800 nmethod 5040 0x00000235a09bcf90 code [0x00000235a09bd160, 0x00000235a09bd348]
Event: 16.504 Thread 0x00000235b5abe800 5041       3       java.lang.invoke.MemberName::equals (24 bytes)
Event: 16.504 Thread 0x00000235b5abe800 nmethod 5041 0x00000235a09bd410 code [0x00000235a09bd5e0, 0x00000235a09bd968]

GC Heap History (20 events):
Event: 4.569 GC heap after
{Heap after GC invocations=3 (full 0):
 garbage-first heap   total 131072K, used 15574K [0x0000000080000000, 0x0000000100000000)
  region size 1024K, 10 young (10240K), 10 survivors (10240K)
 Metaspace       used 14636K, capacity 14969K, committed 15232K, reserved 1062912K
  class space    used 1531K, capacity 1651K, committed 1664K, reserved 1048576K
}
Event: 6.782 GC heap before
{Heap before GC invocations=3 (full 0):
 garbage-first heap   total 131072K, used 83158K [0x0000000080000000, 0x0000000100000000)
  region size 1024K, 76 young (77824K), 10 survivors (10240K)
 Metaspace       used 18689K, capacity 19092K, committed 19200K, reserved 1067008K
  class space    used 2109K, capacity 2239K, committed 2304K, reserved 1048576K
}
Event: 6.799 GC heap after
{Heap after GC invocations=4 (full 0):
 garbage-first heap   total 131072K, used 16706K [0x0000000080000000, 0x0000000100000000)
  region size 1024K, 7 young (7168K), 7 survivors (7168K)
 Metaspace       used 18689K, capacity 19092K, committed 19200K, reserved 1067008K
  class space    used 2109K, capacity 2239K, committed 2304K, reserved 1048576K
}
Event: 7.832 GC heap before
{Heap before GC invocations=4 (full 0):
 garbage-first heap   total 131072K, used 57666K [0x0000000080000000, 0x0000000100000000)
  region size 1024K, 48 young (49152K), 7 survivors (7168K)
 Metaspace       used 20796K, capacity 21216K, committed 21248K, reserved 1069056K
  class space    used 2396K, capacity 2544K, committed 2560K, reserved 1048576K
}
Event: 7.852 GC heap after
{Heap after GC invocations=5 (full 0):
 garbage-first heap   total 131072K, used 17117K [0x0000000080000000, 0x0000000100000000)
  region size 1024K, 3 young (3072K), 3 survivors (3072K)
 Metaspace       used 20796K, capacity 21216K, committed 21248K, reserved 1069056K
  class space    used 2396K, capacity 2544K, committed 2560K, reserved 1048576K
}
Event: 9.023 GC heap before
{Heap before GC invocations=6 (full 0):
 garbage-first heap   total 131072K, used 91869K [0x0000000080000000, 0x0000000100000000)
  region size 1024K, 76 young (77824K), 3 survivors (3072K)
 Metaspace       used 23747K, capacity 24188K, committed 24448K, reserved 1071104K
  class space    used 2917K, capacity 3094K, committed 3200K, reserved 1048576K
}
Event: 9.032 GC heap after
{Heap after GC invocations=7 (full 0):
 garbage-first heap   total 157696K, used 17845K [0x0000000080000000, 0x0000000100000000)
  region size 1024K, 3 young (3072K), 3 survivors (3072K)
 Metaspace       used 23747K, capacity 24188K, committed 24448K, reserved 1071104K
  class space    used 2917K, capacity 3094K, committed 3200K, reserved 1048576K
}
Event: 10.294 GC heap before
{Heap before GC invocations=7 (full 0):
 garbage-first heap   total 157696K, used 107957K [0x0000000080000000, 0x0000000100000000)
  region size 1024K, 91 young (93184K), 3 survivors (3072K)
 Metaspace       used 28105K, capacity 28792K, committed 28928K, reserved 1075200K
  class space    used 3581K, capacity 3830K, committed 3840K, reserved 1048576K
}
Event: 10.302 GC heap after
{Heap after GC invocations=8 (full 0):
 garbage-first heap   total 157696K, used 19352K [0x0000000080000000, 0x0000000100000000)
  region size 1024K, 5 young (5120K), 5 survivors (5120K)
 Metaspace       used 28105K, capacity 28792K, committed 28928K, reserved 1075200K
  class space    used 3581K, capacity 3830K, committed 3840K, reserved 1048576K
}
Event: 11.468 GC heap before
{Heap before GC invocations=8 (full 0):
 garbage-first heap   total 157696K, used 108440K [0x0000000080000000, 0x0000000100000000)
  region size 1024K, 92 young (94208K), 5 survivors (5120K)
 Metaspace       used 31855K, capacity 32666K, committed 33024K, reserved 1077248K
  class space    used 4181K, capacity 4484K, committed 4608K, reserved 1048576K
}
Event: 11.478 GC heap after
{Heap after GC invocations=9 (full 0):
 garbage-first heap   total 157696K, used 20727K [0x0000000080000000, 0x0000000100000000)
  region size 1024K, 6 young (6144K), 6 survivors (6144K)
 Metaspace       used 31855K, capacity 32666K, committed 33024K, reserved 1077248K
  class space    used 4181K, capacity 4484K, committed 4608K, reserved 1048576K
}
Event: 12.212 GC heap before
{Heap before GC invocations=9 (full 0):
 garbage-first heap   total 157696K, used 76023K [0x0000000080000000, 0x0000000100000000)
  region size 1024K, 61 young (62464K), 6 survivors (6144K)
 Metaspace       used 34931K, capacity 35734K, committed 35840K, reserved 1081344K
  class space    used 4575K, capacity 4912K, committed 4992K, reserved 1048576K
}
Event: 12.228 GC heap after
{Heap after GC invocations=10 (full 0):
 garbage-first heap   total 157696K, used 21754K [0x0000000080000000, 0x0000000100000000)
  region size 1024K, 7 young (7168K), 7 survivors (7168K)
 Metaspace       used 34931K, capacity 35734K, committed 35840K, reserved 1081344K
  class space    used 4575K, capacity 4912K, committed 4992K, reserved 1048576K
}
Event: 13.366 GC heap before
{Heap before GC invocations=11 (full 0):
 garbage-first heap   total 157696K, used 107770K [0x0000000080000000, 0x0000000100000000)
  region size 1024K, 92 young (94208K), 7 survivors (7168K)
 Metaspace       used 39427K, capacity 40393K, committed 40448K, reserved 1085440K
  class space    used 5013K, capacity 5357K, committed 5376K, reserved 1048576K
}
Event: 13.385 GC heap after
{Heap after GC invocations=12 (full 0):
 garbage-first heap   total 157696K, used 24942K [0x0000000080000000, 0x0000000100000000)
  region size 1024K, 9 young (9216K), 9 survivors (9216K)
 Metaspace       used 39427K, capacity 40393K, committed 40448K, reserved 1085440K
  class space    used 5013K, capacity 5357K, committed 5376K, reserved 1048576K
}
Event: 14.496 GC heap before
{Heap before GC invocations=12 (full 0):
 garbage-first heap   total 157696K, used 120174K [0x0000000080000000, 0x0000000100000000)
  region size 1024K, 92 young (94208K), 9 survivors (9216K)
 Metaspace       used 41939K, capacity 43026K, committed 43136K, reserved 1087488K
  class space    used 5267K, capacity 5656K, committed 5760K, reserved 1048576K
}
Event: 14.518 GC heap after
{Heap after GC invocations=13 (full 0):
 garbage-first heap   total 157696K, used 28246K [0x0000000080000000, 0x0000000100000000)
  region size 1024K, 9 young (9216K), 9 survivors (9216K)
 Metaspace       used 41939K, capacity 43026K, committed 43136K, reserved 1087488K
  class space    used 5267K, capacity 5656K, committed 5760K, reserved 1048576K
}
Event: 15.515 GC heap before
{Heap before GC invocations=13 (full 0):
 garbage-first heap   total 157696K, used 114262K [0x0000000080000000, 0x0000000100000000)
  region size 1024K, 92 young (94208K), 9 survivors (9216K)
 Metaspace       used 44994K, capacity 46178K, committed 46336K, reserved 1089536K
  class space    used 5714K, capacity 6132K, committed 6144K, reserved 1048576K
}
Event: 15.545 GC heap after
{Heap after GC invocations=14 (full 0):
 garbage-first heap   total 157696K, used 35048K [0x0000000080000000, 0x0000000100000000)
  region size 1024K, 11 young (11264K), 11 survivors (11264K)
 Metaspace       used 44994K, capacity 46178K, committed 46336K, reserved 1089536K
  class space    used 5714K, capacity 6132K, committed 6144K, reserved 1048576K
}
Event: 16.506 GC heap before
{Heap before GC invocations=14 (full 0):
 garbage-first heap   total 157696K, used 119016K [0x0000000080000000, 0x0000000100000000)
  region size 1024K, 92 young (94208K), 11 survivors (11264K)
 Metaspace       used 48592K, capacity 50033K, committed 50176K, reserved 1093632K
  class space    used 6150K, capacity 6630K, committed 6656K, reserved 1048576K
}

Deoptimization events (20 events):
Event: 16.282 Thread 0x00000235b7975800 Uncommon trap: trap_request=0xffffffc6 fr.pc=0x00000235a7701ae8 relative=0x0000000000000408
Event: 16.282 Thread 0x00000235b7975800 Uncommon trap: reason=bimorphic_or_optimized_type_check action=maybe_recompile pc=0x00000235a7701ae8 method=java.io.DataInputStream.readFully([BII)V @ 34 c2
Event: 16.282 Thread 0x00000235b7975800 DEOPT PACKING pc=0x00000235a7701ae8 sp=0x00000036585fe370
Event: 16.282 Thread 0x00000235b7975800 DEOPT UNPACKING pc=0x000002359f9fa1af sp=0x00000036585fe2d0 mode 2
Event: 16.282 Thread 0x00000235b7975800 Uncommon trap: trap_request=0xffffffc6 fr.pc=0x00000235a7701ae8 relative=0x0000000000000408
Event: 16.282 Thread 0x00000235b7975800 Uncommon trap: reason=bimorphic_or_optimized_type_check action=maybe_recompile pc=0x00000235a7701ae8 method=java.io.DataInputStream.readFully([BII)V @ 34 c2
Event: 16.282 Thread 0x00000235b7975800 DEOPT PACKING pc=0x00000235a7701ae8 sp=0x00000036585fe380
Event: 16.282 Thread 0x00000235b7975800 DEOPT UNPACKING pc=0x000002359f9fa1af sp=0x00000036585fe2e0 mode 2
Event: 16.282 Thread 0x00000235b7975800 Uncommon trap: trap_request=0xffffffc6 fr.pc=0x00000235a7701ae8 relative=0x0000000000000408
Event: 16.283 Thread 0x00000235b7975800 Uncommon trap: reason=bimorphic_or_optimized_type_check action=maybe_recompile pc=0x00000235a7701ae8 method=java.io.DataInputStream.readFully([BII)V @ 34 c2
Event: 16.283 Thread 0x00000235b7975800 DEOPT PACKING pc=0x00000235a7701ae8 sp=0x00000036585fe370
Event: 16.283 Thread 0x00000235b7975800 DEOPT UNPACKING pc=0x000002359f9fa1af sp=0x00000036585fe2d0 mode 2
Event: 16.283 Thread 0x00000235b7975800 Uncommon trap: trap_request=0xffffff4d fr.pc=0x00000235a7709d30 relative=0x00000000000008b0
Event: 16.283 Thread 0x00000235b7975800 Uncommon trap: reason=unstable_if action=reinterpret pc=0x00000235a7709d30 method=java.io.DataInputStream.readUTF(Ljava/io/DataInput;)Ljava/lang/String; @ 31 c2
Event: 16.283 Thread 0x00000235b7975800 DEOPT PACKING pc=0x00000235a7709d30 sp=0x00000036585fe2a0
Event: 16.283 Thread 0x00000235b7975800 DEOPT UNPACKING pc=0x000002359f9fa1af sp=0x00000036585fe240 mode 2
Event: 16.448 Thread 0x00000235b6699000 Uncommon trap: trap_request=0xffffff4d fr.pc=0x00000235a778405c relative=0x000000000000011c
Event: 16.448 Thread 0x00000235b6699000 Uncommon trap: reason=unstable_if action=reinterpret pc=0x00000235a778405c method=com.android.tools.tracer.agent.objectweb.asm.commons.AdviceAdapter.visitFieldInsn(ILjava/lang/String;Ljava/lang/String;Ljava/lang/String;)V @ 149 c2
Event: 16.448 Thread 0x00000235b6699000 DEOPT PACKING pc=0x00000235a778405c sp=0x00000036589f40d0
Event: 16.448 Thread 0x00000235b6699000 DEOPT UNPACKING pc=0x000002359f9fa1af sp=0x00000036589f4098 mode 2

Classes redefined (0 events):
No events

Internal exceptions (20 events):
Event: 15.035 Thread 0x00000235baee0800 Exception <a 'java/lang/NoSuchMethodError'{0x00000000877bea78}: <clinit>> (0x00000000877bea78) thrown at [src/hotspot/share/prims/jni.cpp, line 1367]
Event: 15.039 Thread 0x00000235baee0800 Exception <a 'java/lang/NoSuchMethodError'{0x00000000877ee6c8}: <clinit>> (0x00000000877ee6c8) thrown at [src/hotspot/share/prims/jni.cpp, line 1367]
Event: 15.254 Thread 0x00000235b6699000 Implicit null exception at 0x00000235a76c81f4 to 0x00000235a76c8410
Event: 15.255 Thread 0x00000235b6699000 Implicit null exception at 0x00000235a74d8daf to 0x00000235a74d8e1d
Event: 15.666 Thread 0x00000235b6699000 Exception <a 'java/lang/ClassNotFoundException'{0x000000008916c3d8}: build_9gyu84dc5y2nopeaqa54sh5j2BeanInfo> (0x000000008916c3d8) thrown at [src/hotspot/share/classfile/systemDictionary.cpp, line 230]
Event: 15.666 Thread 0x00000235b6699000 Exception <a 'java/lang/ClassNotFoundException'{0x0000000089183e58}: org/gradle/api/internal/project/ProjectScriptBeanInfo> (0x0000000089183e58) thrown at [src/hotspot/share/classfile/systemDictionary.cpp, line 230]
Event: 15.667 Thread 0x00000235b6699000 Exception <a 'java/lang/ClassNotFoundException'{0x000000008919baa8}: org/gradle/api/internal/project/ProjectScriptCustomizer> (0x000000008919baa8) thrown at [src/hotspot/share/classfile/systemDictionary.cpp, line 230]
Event: 15.669 Thread 0x00000235b6699000 Exception <a 'java/lang/ClassNotFoundException'{0x00000000891b7e00}: build_9gyu84dc5y2nopeaqa54sh5j2Customizer> (0x00000000891b7e00) thrown at [src/hotspot/share/classfile/systemDictionary.cpp, line 230]
Event: 15.686 Thread 0x00000235b6699000 Exception <a 'java/lang/ClassNotFoundException'{0x00000000890b3680}: org/gradle/api/internal/initialization/DefaultScriptHandlerBeanInfo> (0x00000000890b3680) thrown at [src/hotspot/share/classfile/systemDictionary.cpp, line 230]
Event: 15.687 Thread 0x00000235b6699000 Exception <a 'java/lang/ClassNotFoundException'{0x00000000890de700}: org/gradle/api/internal/initialization/DefaultScriptHandlerCustomizer> (0x00000000890de700) thrown at [src/hotspot/share/classfile/systemDictionary.cpp, line 230]
Event: 15.902 Thread 0x00000235b6699000 Exception <a 'java/lang/ClassNotFoundException'{0x00000000881f4690}: org/gradle/api/internal/artifacts/dsl/dependencies/DefaultDependencyHandler_DecoratedBeanInfo> (0x00000000881f4690) thrown at [src/hotspot/share/classfile/systemDictionary.cpp, line 230]
Event: 15.907 Thread 0x00000235b6699000 Exception <a 'java/lang/ClassNotFoundException'{0x0000000088034e00}: org/gradle/api/internal/artifacts/dsl/dependencies/DefaultDependencyHandlerBeanInfo> (0x0000000088034e00) thrown at [src/hotspot/share/classfile/systemDictionary.cpp, line 230]
Event: 15.909 Thread 0x00000235b6699000 Exception <a 'java/lang/ClassNotFoundException'{0x0000000088075268}: org/gradle/api/internal/artifacts/dsl/dependencies/DefaultDependencyHandlerCustomizer> (0x0000000088075268) thrown at [src/hotspot/share/classfile/systemDictionary.cpp, line 230]
Event: 15.914 Thread 0x00000235b6699000 Exception <a 'java/lang/ClassNotFoundException'{0x00000000880e03c8}: org/gradle/api/internal/artifacts/dsl/dependencies/DefaultDependencyHandler_DecoratedCustomizer> (0x00000000880e03c8) thrown at [src/hotspot/share/classfile/systemDictionary.cpp, line 230]
Event: 15.947 Thread 0x00000235b6699000 Exception <a 'java/lang/ClassNotFoundException'{0x0000000087e90af0}: org/gradle/plugin/use/internal/PluginRequestCollector$PluginDependenciesSpecImplBeanInfo> (0x0000000087e90af0) thrown at [src/hotspot/share/classfile/systemDictionary.cpp, line 230]
Event: 15.948 Thread 0x00000235b6699000 Exception <a 'java/lang/ClassNotFoundException'{0x0000000087ec0e00}: org/gradle/plugin/use/internal/PluginRequestCollector$PluginDependenciesSpecImplCustomizer> (0x0000000087ec0e00) thrown at [src/hotspot/share/classfile/systemDictionary.cpp, line 230]
Event: 15.957 Thread 0x00000235b6699000 Exception <a 'java/lang/ClassNotFoundException'{0x0000000087d3d080}: org/gradle/plugin/use/internal/PluginRequestCollector$PluginDependencySpecImplBeanInfo> (0x0000000087d3d080) thrown at [src/hotspot/share/classfile/systemDictionary.cpp, line 230]
Event: 15.960 Thread 0x00000235b6699000 Exception <a 'java/lang/ClassNotFoundException'{0x0000000087d6c5c0}: org/gradle/plugin/use/internal/PluginRequestCollector$PluginDependencySpecImplCustomizer> (0x0000000087d6c5c0) thrown at [src/hotspot/share/classfile/systemDictionary.cpp, line 230]
Event: 16.113 Thread 0x00000235b6699000 Exception <a 'java/lang/NoSuchMethodError'{0x000000008723e7c0}: 'java.lang.Object java.lang.invoke.DirectMethodHandle$Holder.invokeStatic(java.lang.Object, int, java.lang.Object)'> (0x000000008723e7c0) thrown at [src/hotspot/share/interpreter/linkResolver.cpp, line 773]
Event: 16.381 Thread 0x00000235b6699000 Exception <a 'java/lang/IncompatibleClassChangeError'{0x00000000856f3118}: Found class java.lang.Object, but interface was expected> (0x00000000856f3118) thrown at [src/hotspot/share/interpreter/linkResolver.cpp, line 839]

Events (20 events):
Event: 16.503 loading class org/gradle/internal/resolve/result/BuildableModuleComponentMetaDataResolveResult$State done
Event: 16.504 loading class org/gradle/api/artifacts/component/ModuleComponentIdentifier
Event: 16.504 loading class org/gradle/api/artifacts/component/ModuleComponentIdentifier done
Event: 16.504 loading class org/gradle/api/internal/artifacts/ivyservice/ivyresolve/ErrorHandlingModuleComponentRepository$ErrorHandlingModuleComponentRepositoryAccess
Event: 16.504 loading class org/gradle/api/internal/artifacts/ivyservice/ivyresolve/ErrorHandlingModuleComponentRepository$ErrorHandlingModuleComponentRepositoryAccess done
Event: 16.504 loading class org/gradle/api/artifacts/component/ModuleComponentIdentifier
Event: 16.504 loading class org/gradle/api/artifacts/component/ModuleComponentIdentifier done
Event: 16.505 loading class org/gradle/internal/resolve/ModuleVersionResolveException
Event: 16.505 loading class org/gradle/internal/resolve/ModuleVersionResolveException done
Event: 16.505 loading class org/gradle/api/artifacts/component/ModuleComponentIdentifier
Event: 16.505 loading class org/gradle/api/artifacts/component/ModuleComponentIdentifier done
Event: 16.505 loading class org/gradle/api/artifacts/component/ModuleComponentIdentifier
Event: 16.505 loading class org/gradle/api/artifacts/component/ModuleComponentIdentifier done
Event: 16.505 loading class org/gradle/internal/resolve/ModuleVersionResolveException
Event: 16.505 loading class org/gradle/internal/resolve/ModuleVersionResolveException done
Event: 16.505 loading class org/gradle/api/artifacts/component/ModuleComponentIdentifier
Event: 16.505 loading class org/gradle/api/artifacts/component/ModuleComponentIdentifier done
Event: 16.506 loading class org/gradle/api/internal/artifacts/ivyservice/ivyresolve/CachedMetadataProvider
Event: 16.506 loading class org/gradle/api/internal/artifacts/ivyservice/ivyresolve/CachedMetadataProvider done
Event: 16.506 Executing VM operation: G1CollectForAllocation


Dynamic libraries:
0x00007ff605dd0000 - 0x00007ff605dda000 	C:\Program Files\Android\Android Studio\jbr\bin\java.exe
0x00007ffe327f0000 - 0x00007ffe329e8000 	C:\WINDOWS\SYSTEM32\ntdll.dll
0x00007ffe31d30000 - 0x00007ffe31def000 	C:\WINDOWS\System32\KERNEL32.DLL
0x00007ffe30000000 - 0x00007ffe302da000 	C:\WINDOWS\System32\KERNELBASE.dll
0x00007ffe2ff00000 - 0x00007ffe30000000 	C:\WINDOWS\System32\ucrtbase.dll
0x00007ffe28820000 - 0x00007ffe28837000 	C:\Program Files\Android\Android Studio\jbr\bin\jli.dll
0x00007ffe2afc0000 - 0x00007ffe2afdb000 	C:\Program Files\Android\Android Studio\jbr\bin\VCRUNTIME140.dll
0x00007ffe32600000 - 0x00007ffe3279d000 	C:\WINDOWS\System32\USER32.dll
0x00007ffe1e340000 - 0x00007ffe1e5da000 	C:\WINDOWS\WinSxS\amd64_microsoft.windows.common-controls_6595b64144ccf1df_6.0.19041.1110_none_60b5254171f9507e\COMCTL32.dll
0x00007ffe32240000 - 0x00007ffe322de000 	C:\WINDOWS\System32\msvcrt.dll
0x00007ffe30780000 - 0x00007ffe307a2000 	C:\WINDOWS\System32\win32u.dll
0x00007ffe31400000 - 0x00007ffe3142b000 	C:\WINDOWS\System32\GDI32.dll
0x00007ffe303c0000 - 0x00007ffe304d0000 	C:\WINDOWS\System32\gdi32full.dll
0x00007ffe307b0000 - 0x00007ffe3084d000 	C:\WINDOWS\System32\msvcp_win.dll
0x00007ffe30850000 - 0x00007ffe30880000 	C:\WINDOWS\System32\IMM32.DLL
0x00007ffe2cff0000 - 0x00007ffe2cffc000 	C:\Program Files\Android\Android Studio\jbr\bin\vcruntime140_1.dll
0x00007ffe22d20000 - 0x00007ffe22dad000 	C:\Program Files\Android\Android Studio\jbr\bin\msvcp140.dll
0x00007ffdcc9a0000 - 0x00007ffdcd55c000 	C:\Program Files\Android\Android Studio\jbr\bin\server\jvm.dll
0x00007ffe31c80000 - 0x00007ffe31d2e000 	C:\WINDOWS\System32\ADVAPI32.dll
0x00007ffe310f0000 - 0x00007ffe3118c000 	C:\WINDOWS\System32\sechost.dll
0x00007ffe324d0000 - 0x00007ffe325f6000 	C:\WINDOWS\System32\RPCRT4.dll
0x00007ffe30880000 - 0x00007ffe30888000 	C:\WINDOWS\System32\PSAPI.DLL
0x00007ffe1d6c0000 - 0x00007ffe1d6e7000 	C:\WINDOWS\SYSTEM32\WINMM.dll
0x00007ffe209f0000 - 0x00007ffe209fa000 	C:\WINDOWS\SYSTEM32\VERSION.dll
0x00007ffe2ca20000 - 0x00007ffe2ca29000 	C:\WINDOWS\SYSTEM32\WSOCK32.dll
0x00007ffe321d0000 - 0x00007ffe3223b000 	C:\WINDOWS\System32\WS2_32.dll
0x00007ffe2e710000 - 0x00007ffe2e722000 	C:\WINDOWS\SYSTEM32\kernel.appcore.dll
0x00007ffe2b220000 - 0x00007ffe2b230000 	C:\Program Files\Android\Android Studio\jbr\bin\verify.dll
0x00007ffe1bf90000 - 0x00007ffe1c174000 	C:\WINDOWS\SYSTEM32\DBGHELP.DLL
0x00007ffe1bf50000 - 0x00007ffe1bf84000 	C:\WINDOWS\SYSTEM32\dbgcore.DLL
0x00007ffe302e0000 - 0x00007ffe30362000 	C:\WINDOWS\System32\bcryptPrimitives.dll
0x00007ffe23740000 - 0x00007ffe23768000 	C:\Program Files\Android\Android Studio\jbr\bin\java.dll
0x00007ffe2af80000 - 0x00007ffe2af8a000 	C:\Program Files\Android\Android Studio\jbr\bin\jimage.dll
0x00007ffe2a450000 - 0x00007ffe2a45e000 	C:\Program Files\Android\Android Studio\jbr\bin\instrument.dll
0x00007ffe25080000 - 0x00007ffe25098000 	C:\Program Files\Android\Android Studio\jbr\bin\zip.dll
0x00007ffe314a0000 - 0x00007ffe31be4000 	C:\WINDOWS\System32\SHELL32.dll
0x00007ffe2deb0000 - 0x00007ffe2e643000 	C:\WINDOWS\SYSTEM32\windows.storage.dll
0x00007ffe31df0000 - 0x00007ffe32144000 	C:\WINDOWS\System32\combase.dll
0x00007ffe2f7a0000 - 0x00007ffe2f7ce000 	C:\WINDOWS\SYSTEM32\Wldp.dll
0x00007ffe308f0000 - 0x00007ffe3099d000 	C:\WINDOWS\System32\SHCORE.dll
0x00007ffe31190000 - 0x00007ffe311e5000 	C:\WINDOWS\System32\shlwapi.dll
0x00007ffe2fe40000 - 0x00007ffe2fe5f000 	C:\WINDOWS\SYSTEM32\profapi.dll
0x00007ffe29fb0000 - 0x00007ffe29fba000 	C:\Program Files\Android\Android Studio\jbr\bin\management.dll
0x00007ffe28890000 - 0x00007ffe2889b000 	C:\Program Files\Android\Android Studio\jbr\bin\management_ext.dll
0x00007ffe24eb0000 - 0x00007ffe24ec9000 	C:\Program Files\Android\Android Studio\jbr\bin\net.dll
0x00007ffe221f0000 - 0x00007ffe222fa000 	C:\WINDOWS\SYSTEM32\WINHTTP.dll
0x00007ffe2f580000 - 0x00007ffe2f5ea000 	C:\WINDOWS\system32\mswsock.dll
0x00007ffe24950000 - 0x00007ffe24963000 	C:\Program Files\Android\Android Studio\jbr\bin\nio.dll
0x00007ffe1f250000 - 0x00007ffe1f267000 	C:\WINDOWS\system32\napinsp.dll
0x00007ffe24c70000 - 0x00007ffe24c8b000 	C:\WINDOWS\system32\pnrpnsp.dll
0x00007ffe29f30000 - 0x00007ffe29f45000 	C:\WINDOWS\system32\wshbth.dll
0x00007ffe2b1e0000 - 0x00007ffe2b1fd000 	C:\WINDOWS\system32\NLAapi.dll
0x00007ffe2f290000 - 0x00007ffe2f2cc000 	C:\WINDOWS\SYSTEM32\IPHLPAPI.DLL
0x00007ffe2f2d0000 - 0x00007ffe2f39b000 	C:\WINDOWS\SYSTEM32\DNSAPI.dll
0x00007ffe327a0000 - 0x00007ffe327a8000 	C:\WINDOWS\System32\NSI.dll
0x00007ffe28a30000 - 0x00007ffe28a42000 	C:\WINDOWS\System32\winrnr.dll
0x00007ffe20e00000 - 0x00007ffe20e0a000 	C:\Windows\System32\rasadhlp.dll
0x00007ffe21fb0000 - 0x00007ffe22030000 	C:\WINDOWS\System32\fwpuclnt.dll
0x00007ffe30750000 - 0x00007ffe30777000 	C:\WINDOWS\System32\bcrypt.dll
0x00007ffe10e30000 - 0x00007ffe10e57000 	C:\Users\shahzaib lptp\AndroidStudioProjects\loginsqlite\native\e1d6ef7f7dcc3fd88c89a11ec53ec762bb8ba0a96d01ffa2cd45eb1d1d8dd5c5\windows-amd64\native-platform.dll
0x00007ffe0faa0000 - 0x00007ffe0fbe4000 	C:\Users\shahzaib lptp\AndroidStudioProjects\loginsqlite\native\0d407fdbe67a94daf76414ababcb853783967236a71b16ec16e742cd7a986fd3\windows-amd64\native-platform-file-events.dll
0x00007ffe2fb20000 - 0x00007ffe2fb38000 	C:\WINDOWS\SYSTEM32\CRYPTSP.dll
0x00007ffe2eec0000 - 0x00007ffe2eef4000 	C:\WINDOWS\system32\rsaenh.dll
0x00007ffe2fe00000 - 0x00007ffe2fe2e000 	C:\WINDOWS\SYSTEM32\USERENV.dll
0x00007ffe2f710000 - 0x00007ffe2f71c000 	C:\WINDOWS\SYSTEM32\CRYPTBASE.dll
0x00007ffe23110000 - 0x00007ffe23127000 	C:\WINDOWS\SYSTEM32\dhcpcsvc6.DLL
0x00007ffe230f0000 - 0x00007ffe2310d000 	C:\WINDOWS\SYSTEM32\dhcpcsvc.DLL

dbghelp: loaded successfully - version: 4.0.5 - missing functions: none
symbol engine: initialized successfully - sym options: 0x614 - pdb path: .;C:\Program Files\Android\Android Studio\jbr\bin;C:\WINDOWS\SYSTEM32;C:\WINDOWS\WinSxS\amd64_microsoft.windows.common-controls_6595b64144ccf1df_6.0.19041.1110_none_60b5254171f9507e;C:\Program Files\Android\Android Studio\jbr\bin\server;C:\Users\shahzaib lptp\AndroidStudioProjects\loginsqlite\native\e1d6ef7f7dcc3fd88c89a11ec53ec762bb8ba0a96d01ffa2cd45eb1d1d8dd5c5\windows-amd64;C:\Users\shahzaib lptp\AndroidStudioProjects\loginsqlite\native\0d407fdbe67a94daf76414ababcb853783967236a71b16ec16e742cd7a986fd3\windows-amd64

VM Arguments:
jvm_args: -javaagent:C:\Program Files\Android\Android Studio\plugins\android\resources\trace_agent.jar=C:\Users\SHAHZA~1\AppData\Local\Temp\sync.trace.profile --add-opens=java.base/java.util=ALL-UNNAMED --add-opens=java.base/java.lang=ALL-UNNAMED --add-opens=java.base/java.lang.invoke=ALL-UNNAMED --add-opens=java.base/java.util=ALL-UNNAMED --add-opens=java.prefs/java.util.prefs=ALL-UNNAMED --add-opens=java.prefs/java.util.prefs=ALL-UNNAMED --add-opens=java.base/java.nio.charset=ALL-UNNAMED --add-opens=java.base/java.net=ALL-UNNAMED --add-opens=java.base/java.util.concurrent.atomic=ALL-UNNAMED -Xmx2048m -Dfile.encoding=UTF-8 -Duser.country=US -Duser.language=en -Duser.variant 
java_command: org.gradle.launcher.daemon.bootstrap.GradleDaemon 7.5
java_class_path (initial): C:\Users\shahzaib lptp\AndroidStudioProjects\loginsqlite\wrapper\dists\gradle-7.5-bin\f1w0cc9nuo0eivz97x2xlu9sv\gradle-7.5\lib\gradle-launcher-7.5.jar
Launcher Type: SUN_STANDARD

[Global flags]
     intx CICompilerCount                          = 3                                         {product} {ergonomic}
     uint ConcGCThreads                            = 1                                         {product} {ergonomic}
     uint G1ConcRefinementThreads                  = 4                                         {product} {ergonomic}
   size_t G1HeapRegionSize                         = 1048576                                   {product} {ergonomic}
    uintx GCDrainStackTargetSize                   = 64                                        {product} {ergonomic}
   size_t InitialHeapSize                          = 134217728                                 {product} {ergonomic}
   size_t MarkStackSize                            = 4194304                                   {product} {ergonomic}
   size_t MaxHeapSize                              = 2147483648                                {product} {command line}
   size_t MaxNewSize                               = 1287651328                                {product} {ergonomic}
   size_t MinHeapDeltaBytes                        = 1048576                                   {product} {ergonomic}
    uintx NonNMethodCodeHeapSize                   = 5830732                                {pd product} {ergonomic}
    uintx NonProfiledCodeHeapSize                  = 122913754                              {pd product} {ergonomic}
    uintx ProfiledCodeHeapSize                     = 122913754                              {pd product} {ergonomic}
    uintx ReservedCodeCacheSize                    = 251658240                              {pd product} {ergonomic}
     bool SegmentedCodeCache                       = true                                      {product} {ergonomic}
     bool UseCompressedClassPointers               = true                                 {lp64_product} {ergonomic}
     bool UseCompressedOops                        = true                                 {lp64_product} {ergonomic}
     bool UseG1GC                                  = true                                      {product} {ergonomic}
     bool UseLargePagesIndividualAllocation        = false                                  {pd product} {ergonomic}

Logging:
Log output configuration:
 #0: stdout all=warning uptime,level,tags
 #1: stderr all=off uptime,level,tags

Environment Variables:
PATH=C:\Program Files\Python310\Scripts\;C:\Program Files\Python310\;C:\Program Files\Common Files\Oracle\Java\javapath;C:\app\bin;C:\app\shahzaiblptp\product\11.2.0\dbhome_1\bin;C:\WINDOWS\system32;C:\WINDOWS;C:\WINDOWS\System32\Wbem;C:\WINDOWS\System32\WindowsPowerShell\v1.0\;c:\Program Files (x86)\Microsoft SQL Server\100\Tools\Binn\;c:\Program Files\Microsoft SQL Server\100\Tools\Binn\;c:\Program Files\Microsoft SQL Server\100\DTS\Binn\;C:\WINDOWS\System32\OpenSSH\;C:\ProgramData\chocolatey\bin;%JAVA_HOME%\bin;C:\Users\shahzaib lptp\AppData\Local\Microsoft\WindowsApps;C:\Program Files\JetBrains\IntelliJ IDEA Community Edition 2021.3\bin;;C:\Program Files\Python310\PyCharm Community Edition 2022.1\bin;;C:\Users\shahzaib lptp\AppData\Local\Programs\Microsoft VS Code\bin;C:\Program Files\flutter\bin;C:\src\flutter\bin;C:\Program Files\Android\Android Studio\bin;
USERNAME=shahzaib lptp
OS=Windows_NT
PROCESSOR_IDENTIFIER=Intel64 Family 6 Model 69 Stepping 1, GenuineIntel



---------------  S Y S T E M  ---------------

OS: Windows 10 , 64 bit Build 19041 (10.0.19041.2788)
OS uptime: 8 days 17:55 hours
Hyper-V role detected

CPU:total 4 (initial active 4) (2 cores per cpu, 2 threads per core) family 6 model 69 stepping 1 microcode 0x26, cmov, cx8, fxsr, mmx, sse, sse2, sse3, ssse3, sse4.1, sse4.2, popcnt, avx, avx2, aes, clmul, erms, lzcnt, ht, tsc, tscinvbit, bmi1, bmi2, fma

Memory: 4k page, system-wide physical 8073M (1025M free)
TotalPageFile size 10073M (AvailPageFile size 30M)
current process WorkingSet (physical memory assigned to process): 308M, peak: 313M
current process commit charge ("private bytes"): 347M, peak: 378M

vm_info: OpenJDK 64-Bit Server VM (11.0.15+0-b2043.56-9505619) for windows-amd64 JRE (11.0.15+0-b2043.56-9505619), built on Jan 19 2023 02:48:00 by "builduser" with unknown MS VC++:1929

END.
