#
# There is insufficient memory for the Java Runtime Environment to continue.
# Native memory allocation (mmap) failed to map 68157440 bytes for Failed to commit area from 0x0000000094100000 to 0x0000000098200000 of length 68157440.
# Possible reasons:
#   The system is out of physical RAM or swap space
#   The process is running with CompressedOops enabled, and the Java Heap may be blocking the growth of the native heap
# Possible solutions:
#   Reduce memory load on the system
#   Increase physical memory or swap space
#   Check if swap backing store is full
#   Decrease Java heap size (-Xmx/-Xms)
#   Decrease number of Java threads
#   Decrease Java thread stack sizes (-Xss)
#   Set larger code cache with -XX:ReservedCodeCacheSize=
#   JVM is running with Unscaled Compressed Oops mode in which the Java heap is
#     placed in the first 4GB address space. The Java Heap base address is the
#     maximum limit for the native heap growth. Please use -XX:HeapBaseMinAddress
#     to set the Java Heap base and to place the Java Heap above 4GB virtual address.
# This output file may be truncated or incomplete.
#
#  Out of Memory Error (src/hotspot/os/windows/os_windows.cpp:3627), pid=8256, tid=11724
#
# JRE version: OpenJDK Runtime Environment (11.0.15) (build 11.0.15+0-b2043.56-9505619)
# Java VM: OpenJDK 64-Bit Server VM (11.0.15+0-b2043.56-9505619, mixed mode, tiered, compressed oops, g1 gc, windows-amd64)
# No core dump will be written. Minidumps are not enabled by default on client versions of Windows
#

---------------  S U M M A R Y ------------

Command Line: -javaagent:C:\Program Files\Android\Android Studio\plugins\android\resources\trace_agent.jar=C:\Users\SHAHZA~1\AppData\Local\Temp\sync.trace.profile --add-opens=java.base/java.util=ALL-UNNAMED --add-opens=java.base/java.lang=ALL-UNNAMED --add-opens=java.base/java.lang.invoke=ALL-UNNAMED --add-opens=java.base/java.util=ALL-UNNAMED --add-opens=java.prefs/java.util.prefs=ALL-UNNAMED --add-opens=java.prefs/java.util.prefs=ALL-UNNAMED --add-opens=java.base/java.nio.charset=ALL-UNNAMED --add-opens=java.base/java.net=ALL-UNNAMED --add-opens=java.base/java.util.concurrent.atomic=ALL-UNNAMED -Xmx2048m -Dfile.encoding=UTF-8 -Duser.country=US -Duser.language=en -Duser.variant org.gradle.launcher.daemon.bootstrap.GradleDaemon 7.5

Host: Intel(R) Core(TM) i5-4310U CPU @ 2.00GHz, 4 cores, 7G,  Windows 10 , 64 bit Build 19041 (10.0.19041.2788)
Time: Mon May  8 16:19:32 2023 Pakistan Standard Time elapsed time: 45.640591 seconds (0d 0h 0m 45s)

---------------  T H R E A D  ---------------

Current thread (0x000001fbfe864000):  VMThread "VM Thread" [stack: 0x0000000fa1700000,0x0000000fa1800000] [id=11724]

Stack: [0x0000000fa1700000,0x0000000fa1800000]
[error occurred during error reporting (printing stack bounds), id 0xc0000005, EXCEPTION_ACCESS_VIOLATION (0xc0000005) at pc=0x000001fb8000112d]

Native frames: (J=compiled Java code, j=interpreted, Vv=VM code, C=native code)
V  [jvm.dll+0x64135a]
V  [jvm.dll+0x7d39f9]
V  [jvm.dll+0x7d51b9]
V  [jvm.dll+0x7d5805]
V  [jvm.dll+0x7d57bb]
V  [jvm.dll+0x640655]
V  [jvm.dll+0x640d68]
C  [ntdll.dll+0xa23df]
C  [ntdll.dll+0x514a4]
C  [ntdll.dll+0xa0f0e]
C  0x000001fb8000112d

VM_Operation (0x0000000fa47f8f00): G1CollectForAllocation, mode: safepoint, requested by thread 0x000001fb94708000


---------------  P R O C E S S  ---------------

Threads class SMR info:
_java_thread_list=0x000001fb9ac2ec90, length=88, elements={
0x000001fbf7c54000, 0x000001fbfe868800, 0x000001fbfe869800, 0x000001fbfe881800,
0x000001fbfe883000, 0x000001fbfe884000, 0x000001fbfe889800, 0x000001fbfe8aa000,
0x000001fbfe8ad800, 0x000001fbf7d2b000, 0x000001fb982e5000, 0x000001fb9840f800,
0x000001fb982c4000, 0x000001fb980b4800, 0x000001fb983f0000, 0x000001fb988dd800,
0x000001fb96f6b800, 0x000001fb96576800, 0x000001fbff51f800, 0x000001fb9707b000,
0x000001fb982bb800, 0x000001fb982b9000, 0x000001fb982ba800, 0x000001fb982bc000,
0x000001fb982bd000, 0x000001fb982b8000, 0x000001fb982bd800, 0x000001fb982be800,
0x000001fb9895a800, 0x000001fb98958000, 0x000001fb9895a000, 0x000001fb98959000,
0x000001fb9895b800, 0x000001fb946fe000, 0x000001fb94705800, 0x000001fb94704800,
0x000001fb94700800, 0x000001fb9470d000, 0x000001fb9470a800, 0x000001fb94708800,
0x000001fb94707000, 0x000001fb94709800, 0x000001fb9470c000, 0x000001fb94708000,
0x000001fb9470b000, 0x000001fb94015000, 0x000001fb94014800, 0x000001fb94016000,
0x000001fb94010800, 0x000001fb94011000, 0x000001fb94017000, 0x000001fb94017800,
0x000001fb94012000, 0x000001fb94012800, 0x000001fb94018800, 0x000001fb94019800,
0x000001fb94013800, 0x000001fb9401e000, 0x000001fb9401c800, 0x000001fb9401f000,
0x000001fb9401a000, 0x000001fb9401b000, 0x000001fb9401b800, 0x000001fb9401d800,
0x000001fb93416800, 0x000001fb9341a000, 0x000001fb93419000, 0x000001fb9341c800,
0x000001fb93417800, 0x000001fb9341b800, 0x000001fb9341d000, 0x000001fb9341e000,
0x000001fb93418000, 0x000001fb9341a800, 0x000001fb93421000, 0x000001fb93424800,
0x000001fb93422000, 0x000001fb9341e800, 0x000001fb93423000, 0x000001fb93423800,
0x000001fb93420800, 0x000001fb93425800, 0x000001fb94fd8000, 0x000001fb94fd2800,
0x000001fb94fd9000, 0x000001fb94fd6000, 0x000001fb93984800, 0x000001fb94fd5000
}

Java Threads: ( => current thread )
  0x000001fbf7c54000 JavaThread "main" [_thread_blocked, id=9924, stack(0x0000000fa1100000,0x0000000fa1200000)]
  0x000001fbfe868800 JavaThread "Reference Handler" daemon [_thread_blocked, id=13524, stack(0x0000000fa1800000,0x0000000fa1900000)]
  0x000001fbfe869800 JavaThread "Finalizer" daemon [_thread_blocked, id=8752, stack(0x0000000fa1900000,0x0000000fa1a00000)]
  0x000001fbfe881800 JavaThread "Signal Dispatcher" daemon [_thread_blocked, id=12732, stack(0x0000000fa1a00000,0x0000000fa1b00000)]
  0x000001fbfe883000 JavaThread "Attach Listener" daemon [_thread_blocked, id=10628, stack(0x0000000fa1b00000,0x0000000fa1c00000)]
  0x000001fbfe884000 JavaThread "Service Thread" daemon [_thread_blocked, id=4708, stack(0x0000000fa1c00000,0x0000000fa1d00000)]
  0x000001fbfe889800 JavaThread "C2 CompilerThread0" daemon [_thread_in_native, id=1648, stack(0x0000000fa1d00000,0x0000000fa1e00000)]
  0x000001fbfe8aa000 JavaThread "C1 CompilerThread0" daemon [_thread_blocked, id=13152, stack(0x0000000fa1e00000,0x0000000fa1f00000)]
  0x000001fbfe8ad800 JavaThread "Sweeper thread" daemon [_thread_blocked, id=12192, stack(0x0000000fa1f00000,0x0000000fa2000000)]
  0x000001fbf7d2b000 JavaThread "Common-Cleaner" daemon [_thread_blocked, id=6364, stack(0x0000000fa2000000,0x0000000fa2100000)]
  0x000001fb982e5000 JavaThread "Daemon health stats" [_thread_blocked, id=13000, stack(0x0000000fa2500000,0x0000000fa2600000)]
  0x000001fb9840f800 JavaThread "Incoming local TCP Connector on port 53621" [_thread_in_native, id=4152, stack(0x0000000fa2600000,0x0000000fa2700000)]
  0x000001fb982c4000 JavaThread "Daemon periodic checks" [_thread_blocked, id=16312, stack(0x0000000fa2700000,0x0000000fa2800000)]
  0x000001fb980b4800 JavaThread "Daemon" [_thread_blocked, id=14200, stack(0x0000000fa2800000,0x0000000fa2900000)]
  0x000001fb983f0000 JavaThread "Handler for socket connection from /127.0.0.1:53621 to /127.0.0.1:53622" [_thread_in_native, id=15104, stack(0x0000000fa2900000,0x0000000fa2a00000)]
  0x000001fb988dd800 JavaThread "Cancel handler" [_thread_blocked, id=9140, stack(0x0000000fa2a00000,0x0000000fa2b00000)]
  0x000001fb96f6b800 JavaThread "Daemon worker" [_thread_blocked, id=11248, stack(0x0000000fa2b00000,0x0000000fa2c00000)]
  0x000001fb96576800 JavaThread "Asynchronous log dispatcher for DefaultDaemonConnection: socket connection from /127.0.0.1:53621 to /127.0.0.1:53622" [_thread_blocked, id=7864, stack(0x0000000fa2c00000,0x0000000fa2d00000)]
  0x000001fbff51f800 JavaThread "Stdin handler" [_thread_blocked, id=11292, stack(0x0000000fa2d00000,0x0000000fa2e00000)]
  0x000001fb9707b000 JavaThread "Daemon client event forwarder" [_thread_blocked, id=16336, stack(0x0000000fa2e00000,0x0000000fa2f00000)]
  0x000001fb982bb800 JavaThread "Cache worker for journal cache (C:\Users\shahzaib lptp\AndroidStudioProjects\loginsqlite\caches\journal-1)" [_thread_blocked, id=9524, stack(0x0000000fa3000000,0x0000000fa3100000)]
  0x000001fb982b9000 JavaThread "File lock request listener" [_thread_in_native, id=13844, stack(0x0000000fa3100000,0x0000000fa3200000)]
  0x000001fb982ba800 JavaThread "Cache worker for file hash cache (C:\Users\shahzaib lptp\AndroidStudioProjects\loginsqlite\caches\7.5\fileHashes)" [_thread_blocked, id=10900, stack(0x0000000fa3200000,0x0000000fa3300000)]
  0x000001fb982bc000 JavaThread "File watcher server" daemon [_thread_blocked, id=11468, stack(0x0000000fa3300000,0x0000000fa3400000)]
  0x000001fb982bd000 JavaThread "File watcher consumer" daemon [_thread_blocked, id=8724, stack(0x0000000fa3400000,0x0000000fa3500000)]
  0x000001fb982b8000 JavaThread "Cache worker for checksums cache (C:\Users\shahzaib lptp\AndroidStudioProjects\EyeonwaterApp\.gradle\7.5\checksums)" [_thread_blocked, id=13504, stack(0x0000000fa3500000,0x0000000fa3600000)]
  0x000001fb982bd800 JavaThread "Cache worker for cache directory md-rule (C:\Users\shahzaib lptp\AndroidStudioProjects\loginsqlite\caches\7.5\md-rule)" [_thread_blocked, id=14748, stack(0x0000000fa3600000,0x0000000fa3700000)]
  0x000001fb982be800 JavaThread "Cache worker for file content cache (C:\Users\shahzaib lptp\AndroidStudioProjects\loginsqlite\caches\7.5\fileContent)" [_thread_blocked, id=10192, stack(0x0000000fa3700000,0x0000000fa3800000)]
  0x000001fb9895a800 JavaThread "Cache worker for file hash cache (C:\Users\shahzaib lptp\AndroidStudioProjects\EyeonwaterApp\.gradle\7.5\fileHashes)" [_thread_blocked, id=7820, stack(0x0000000fa3800000,0x0000000fa3900000)]
  0x000001fb98958000 JavaThread "Cache worker for cache directory md-supplier (C:\Users\shahzaib lptp\AndroidStudioProjects\loginsqlite\caches\7.5\md-supplier)" [_thread_blocked, id=10648, stack(0x0000000fa3900000,0x0000000fa3a00000)]
  0x000001fb9895a000 JavaThread "Cache worker for execution history cache (C:\Users\shahzaib lptp\AndroidStudioProjects\loginsqlite\caches\7.5\executionHistory)" [_thread_blocked, id=15808, stack(0x0000000fa3a00000,0x0000000fa3b00000)]
  0x000001fb98959000 JavaThread "jar transforms" [_thread_blocked, id=8748, stack(0x0000000fa3b00000,0x0000000fa3c00000)]
  0x000001fb9895b800 JavaThread "jar transforms Thread 2" [_thread_blocked, id=2128, stack(0x0000000fa3c00000,0x0000000fa3d00000)]
  0x000001fb946fe000 JavaThread "jar transforms Thread 3" [_thread_blocked, id=7140, stack(0x0000000fa3d00000,0x0000000fa3e00000)]
  0x000001fb94705800 JavaThread "jar transforms Thread 4" [_thread_blocked, id=6524, stack(0x0000000fa3e00000,0x0000000fa3f00000)]
  0x000001fb94704800 JavaThread "Cache worker for dependencies-accessors (C:\Users\shahzaib lptp\AndroidStudioProjects\EyeonwaterApp\.gradle\7.5\dependencies-accessors)" [_thread_blocked, id=1508, stack(0x0000000fa3f00000,0x0000000fa4000000)]
  0x000001fb94700800 JavaThread "Cache worker for Build Output Cleanup Cache (C:\Users\shahzaib lptp\AndroidStudioProjects\EyeonwaterApp\.gradle\buildOutputCleanup)" [_thread_blocked, id=8924, stack(0x0000000fa4000000,0x0000000fa4100000)]
  0x000001fb9470d000 JavaThread "Unconstrained build operations" [_thread_blocked, id=6288, stack(0x0000000fa4100000,0x0000000fa4200000)]
  0x000001fb9470a800 JavaThread "Unconstrained build operations Thread 2" [_thread_blocked, id=2656, stack(0x0000000fa4200000,0x0000000fa4300000)]
  0x000001fb94708800 JavaThread "Unconstrained build operations Thread 3" [_thread_blocked, id=11040, stack(0x0000000fa4300000,0x0000000fa4400000)]
  0x000001fb94707000 JavaThread "Unconstrained build operations Thread 4" [_thread_blocked, id=9588, stack(0x0000000fa4400000,0x0000000fa4500000)]
  0x000001fb94709800 JavaThread "Unconstrained build operations Thread 5" [_thread_blocked, id=13976, stack(0x0000000fa4500000,0x0000000fa4600000)]
  0x000001fb9470c000 JavaThread "Unconstrained build operations Thread 6" [_thread_blocked, id=4576, stack(0x0000000fa4600000,0x0000000fa4700000)]
  0x000001fb94708000 JavaThread "Unconstrained build operations Thread 7" [_thread_blocked, id=12328, stack(0x0000000fa4700000,0x0000000fa4800000)]
  0x000001fb9470b000 JavaThread "Unconstrained build operations Thread 8" [_thread_blocked, id=8784, stack(0x0000000fa4800000,0x0000000fa4900000)]
  0x000001fb94015000 JavaThread "Unconstrained build operations Thread 9" [_thread_blocked, id=13396, stack(0x0000000fa4900000,0x0000000fa4a00000)]
  0x000001fb94014800 JavaThread "Unconstrained build operations Thread 10" [_thread_blocked, id=8404, stack(0x0000000fa4a00000,0x0000000fa4b00000)]
  0x000001fb94016000 JavaThread "Unconstrained build operations Thread 11" [_thread_blocked, id=2692, stack(0x0000000fa4b00000,0x0000000fa4c00000)]
  0x000001fb94010800 JavaThread "Unconstrained build operations Thread 12" [_thread_blocked, id=13384, stack(0x0000000fa4c00000,0x0000000fa4d00000)]
  0x000001fb94011000 JavaThread "Unconstrained build operations Thread 13" [_thread_blocked, id=12220, stack(0x0000000fa4d00000,0x0000000fa4e00000)]
  0x000001fb94017000 JavaThread "Unconstrained build operations Thread 14" [_thread_blocked, id=6336, stack(0x0000000fa4e00000,0x0000000fa4f00000)]
  0x000001fb94017800 JavaThread "Unconstrained build operations Thread 15" [_thread_blocked, id=8240, stack(0x0000000fa4f00000,0x0000000fa5000000)]
  0x000001fb94012000 JavaThread "Unconstrained build operations Thread 16" [_thread_blocked, id=14392, stack(0x0000000fa5000000,0x0000000fa5100000)]
  0x000001fb94012800 JavaThread "Unconstrained build operations Thread 17" [_thread_blocked, id=11052, stack(0x0000000fa5100000,0x0000000fa5200000)]
  0x000001fb94018800 JavaThread "Unconstrained build operations Thread 18" [_thread_blocked, id=10664, stack(0x0000000fa5200000,0x0000000fa5300000)]
  0x000001fb94019800 JavaThread "Unconstrained build operations Thread 19" [_thread_blocked, id=11224, stack(0x0000000fa5300000,0x0000000fa5400000)]
  0x000001fb94013800 JavaThread "Unconstrained build operations Thread 20" [_thread_blocked, id=3080, stack(0x0000000fa5400000,0x0000000fa5500000)]
  0x000001fb9401e000 JavaThread "Unconstrained build operations Thread 21" [_thread_blocked, id=7808, stack(0x0000000fa5500000,0x0000000fa5600000)]
  0x000001fb9401c800 JavaThread "Unconstrained build operations Thread 22" [_thread_blocked, id=5028, stack(0x0000000fa5600000,0x0000000fa5700000)]
  0x000001fb9401f000 JavaThread "Unconstrained build operations Thread 23" [_thread_blocked, id=15940, stack(0x0000000fa5700000,0x0000000fa5800000)]
  0x000001fb9401a000 JavaThread "Unconstrained build operations Thread 24" [_thread_blocked, id=3220, stack(0x0000000fa5800000,0x0000000fa5900000)]
  0x000001fb9401b000 JavaThread "Unconstrained build operations Thread 25" [_thread_blocked, id=6444, stack(0x0000000fa5900000,0x0000000fa5a00000)]
  0x000001fb9401b800 JavaThread "Unconstrained build operations Thread 26" [_thread_blocked, id=6900, stack(0x0000000fa5a00000,0x0000000fa5b00000)]
  0x000001fb9401d800 JavaThread "Unconstrained build operations Thread 27" [_thread_blocked, id=9112, stack(0x0000000fa5b00000,0x0000000fa5c00000)]
  0x000001fb93416800 JavaThread "Unconstrained build operations Thread 28" [_thread_blocked, id=11796, stack(0x0000000fa5c00000,0x0000000fa5d00000)]
  0x000001fb9341a000 JavaThread "Unconstrained build operations Thread 29" [_thread_blocked, id=12216, stack(0x0000000fa5d00000,0x0000000fa5e00000)]
  0x000001fb93419000 JavaThread "Unconstrained build operations Thread 30" [_thread_blocked, id=1592, stack(0x0000000fa5e00000,0x0000000fa5f00000)]
  0x000001fb9341c800 JavaThread "Unconstrained build operations Thread 31" [_thread_blocked, id=11828, stack(0x0000000fa5f00000,0x0000000fa6000000)]
  0x000001fb93417800 JavaThread "Unconstrained build operations Thread 32" [_thread_blocked, id=4552, stack(0x0000000fa6000000,0x0000000fa6100000)]
  0x000001fb9341b800 JavaThread "Unconstrained build operations Thread 33" [_thread_blocked, id=11352, stack(0x0000000fa6100000,0x0000000fa6200000)]
  0x000001fb9341d000 JavaThread "Unconstrained build operations Thread 34" [_thread_blocked, id=1984, stack(0x0000000fa6200000,0x0000000fa6300000)]
  0x000001fb9341e000 JavaThread "Unconstrained build operations Thread 35" [_thread_blocked, id=8732, stack(0x0000000fa6300000,0x0000000fa6400000)]
  0x000001fb93418000 JavaThread "Unconstrained build operations Thread 36" [_thread_blocked, id=5984, stack(0x0000000fa6400000,0x0000000fa6500000)]
  0x000001fb9341a800 JavaThread "Unconstrained build operations Thread 37" [_thread_blocked, id=14768, stack(0x0000000fa6500000,0x0000000fa6600000)]
  0x000001fb93421000 JavaThread "Unconstrained build operations Thread 38" [_thread_blocked, id=2320, stack(0x0000000fa6600000,0x0000000fa6700000)]
  0x000001fb93424800 JavaThread "Unconstrained build operations Thread 39" [_thread_blocked, id=1588, stack(0x0000000fa6700000,0x0000000fa6800000)]
  0x000001fb93422000 JavaThread "Unconstrained build operations Thread 40" [_thread_blocked, id=12396, stack(0x0000000fa6800000,0x0000000fa6900000)]
  0x000001fb9341e800 JavaThread "build event listener" [_thread_blocked, id=1772, stack(0x0000000fa6900000,0x0000000fa6a00000)]
  0x000001fb93423000 JavaThread "Memory manager" [_thread_blocked, id=8448, stack(0x0000000fa6a00000,0x0000000fa6b00000)]
  0x000001fb93423800 JavaThread "pool-3-thread-1" [_thread_blocked, id=13900, stack(0x0000000fa6b00000,0x0000000fa6c00000)]
  0x000001fb93420800 JavaThread "build event listener" [_thread_blocked, id=11124, stack(0x0000000fa6c00000,0x0000000fa6d00000)]
  0x000001fb93425800 JavaThread "included builds" [_thread_blocked, id=12100, stack(0x0000000fa6d00000,0x0000000fa6e00000)]
  0x000001fb94fd8000 JavaThread "Execution worker" [_thread_blocked, id=9608, stack(0x0000000fa6e00000,0x0000000fa6f00000)]
  0x000001fb94fd2800 JavaThread "Execution worker Thread 2" [_thread_blocked, id=16284, stack(0x0000000fa6f00000,0x0000000fa7000000)]
  0x000001fb94fd9000 JavaThread "Execution worker Thread 3" [_thread_blocked, id=10720, stack(0x0000000fa7000000,0x0000000fa7100000)]
  0x000001fb94fd6000 JavaThread "Cache worker for execution history cache (C:\Users\shahzaib lptp\AndroidStudioProjects\EyeonwaterApp\.gradle\7.5\executionHistory)" [_thread_blocked, id=16308, stack(0x0000000fa7100000,0x0000000fa7200000)]
  0x000001fb93984800 JavaThread "C2 CompilerThread1" daemon [_thread_blocked, id=10496, stack(0x0000000fa2100000,0x0000000fa2200000)]
  0x000001fb94fd5000 JavaThread "WorkerExecutor Queue" [_thread_blocked, id=5476, stack(0x0000000fa7200000,0x0000000fa7300000)]

Other Threads:
=>0x000001fbfe864000 VMThread "VM Thread" [stack: 0x0000000fa1700000,0x0000000fa1800000] [id=11724]
  0x000001fbff954000 WatcherThread [stack: 0x0000000fa2200000,0x0000000fa2300000] [id=15536]
  0x000001fbf7c6f000 GCTaskThread "GC Thread#0" [stack: 0x0000000fa1200000,0x0000000fa1300000] [id=3584]
  0x000001fb93612800 GCTaskThread "GC Thread#1" [stack: 0x0000000fa2300000,0x0000000fa2400000] [id=12544]
  0x000001fbff988000 GCTaskThread "GC Thread#2" [stack: 0x0000000fa2400000,0x0000000fa2500000] [id=7596]
  0x000001fb98076800 GCTaskThread "GC Thread#3" [stack: 0x0000000fa2f00000,0x0000000fa3000000] [id=15284]
  0x000001fbf7ca0000 ConcurrentGCThread "G1 Main Marker" [stack: 0x0000000fa1300000,0x0000000fa1400000] [id=9600]
  0x000001fbf7ca1800 ConcurrentGCThread "G1 Conc#0" [stack: 0x0000000fa1400000,0x0000000fa1500000] [id=11764]
  0x000001fbfe6c0800 ConcurrentGCThread "G1 Refine#0" [stack: 0x0000000fa1500000,0x0000000fa1600000] [id=9372]
  0x000001fbfe6c1000 ConcurrentGCThread "G1 Young RemSet Sampling" [stack: 0x0000000fa1600000,0x0000000fa1700000] [id=3988]

Threads with active compile tasks:
C2 CompilerThread0    45661 18258       4       com.android.tools.r8.graph.a0::a (1046 bytes)
C2 CompilerThread1    45661 18265 %     4       com.android.tools.r8.internal.uc::q @ 50 (827 bytes)

VM state:at safepoint (normal execution)

VM Mutex/Monitor currently owned by a thread:  ([mutex/lock_event])
[0x000001fbf7c51490] Threads_lock - owner thread: 0x000001fbfe864000
[0x000001fbf7c50170] Heap_lock - owner thread: 0x000001fb94708000

Heap address: 0x0000000080000000, size: 2048 MB, Compressed Oops mode: 32-bit
Narrow klass base: 0x0000000000000000, Narrow klass shift: 3
Compressed class space size: 1073741824 Address: 0x0000000100000000

Heap:
 garbage-first heap   total 395264K, used 137373K [0x0000000080000000, 0x0000000100000000)
  region size 1024K, 5 young (5120K), 5 survivors (5120K)
 Metaspace       used 111079K, capacity 114479K, committed 114644K, reserved 1148928K
  class space    used 14275K, capacity 15592K, committed 15692K, reserved 1048576K
Heap Regions: E=young(eden), S=young(survivor), O=old, HS=humongous(starts), HC=humongous(continues), CS=collection set, F=free, A=archive, TAMS=top-at-mark-start (previous, next)
|   0|0x0000000080000000, 0x0000000080100000, 0x0000000080100000|100%| O|  |TAMS 0x0000000080100000, 0x0000000080000000| Untracked 
|   1|0x0000000080100000, 0x0000000080200000, 0x0000000080200000|100%| O|  |TAMS 0x0000000080200000, 0x0000000080100000| Untracked 
|   2|0x0000000080200000, 0x0000000080300000, 0x0000000080300000|100%| O|  |TAMS 0x0000000080300000, 0x0000000080200000| Untracked 
|   3|0x0000000080300000, 0x0000000080400000, 0x0000000080400000|100%|HS|  |TAMS 0x0000000080400000, 0x0000000080300000| Complete 
|   4|0x0000000080400000, 0x0000000080500000, 0x0000000080500000|100%|HC|  |TAMS 0x0000000080500000, 0x0000000080400000| Complete 
|   5|0x0000000080500000, 0x0000000080600000, 0x0000000080600000|100%|HC|  |TAMS 0x0000000080600000, 0x0000000080500000| Complete 
|   6|0x0000000080600000, 0x0000000080700000, 0x0000000080700000|100%| O|  |TAMS 0x0000000080700000, 0x0000000080600000| Untracked 
|   7|0x0000000080700000, 0x0000000080800000, 0x0000000080800000|100%| O|  |TAMS 0x0000000080800000, 0x0000000080700000| Untracked 
|   8|0x0000000080800000, 0x0000000080900000, 0x0000000080900000|100%| O|  |TAMS 0x0000000080900000, 0x0000000080800000| Untracked 
|   9|0x0000000080900000, 0x0000000080a00000, 0x0000000080a00000|100%| O|  |TAMS 0x0000000080a00000, 0x0000000080900000| Untracked 
|  10|0x0000000080a00000, 0x0000000080b00000, 0x0000000080b00000|100%| O|  |TAMS 0x0000000080b00000, 0x0000000080a00000| Untracked 
|  11|0x0000000080b00000, 0x0000000080c00000, 0x0000000080c00000|100%| O|  |TAMS 0x0000000080c00000, 0x0000000080b00000| Untracked 
|  12|0x0000000080c00000, 0x0000000080d00000, 0x0000000080d00000|100%| O|  |TAMS 0x0000000080d00000, 0x0000000080c00000| Untracked 
|  13|0x0000000080d00000, 0x0000000080e00000, 0x0000000080e00000|100%| O|  |TAMS 0x0000000080e00000, 0x0000000080d00000| Untracked 
|  14|0x0000000080e00000, 0x0000000080f00000, 0x0000000080f00000|100%| O|  |TAMS 0x0000000080f00000, 0x0000000080e00000| Untracked 
|  15|0x0000000080f00000, 0x0000000081000000, 0x0000000081000000|100%| O|  |TAMS 0x0000000081000000, 0x0000000080f00000| Untracked 
|  16|0x0000000081000000, 0x0000000081100000, 0x0000000081100000|100%| O|  |TAMS 0x0000000081100000, 0x0000000081000000| Untracked 
|  17|0x0000000081100000, 0x0000000081200000, 0x0000000081200000|100%|HS|  |TAMS 0x0000000081200000, 0x0000000081100000| Complete 
|  18|0x0000000081200000, 0x0000000081300000, 0x0000000081300000|100%|HS|  |TAMS 0x0000000081300000, 0x0000000081200000| Complete 
|  19|0x0000000081300000, 0x0000000081400000, 0x0000000081400000|100%| O|  |TAMS 0x0000000081400000, 0x0000000081300000| Untracked 
|  20|0x0000000081400000, 0x0000000081500000, 0x0000000081500000|100%| O|  |TAMS 0x0000000081500000, 0x0000000081400000| Untracked 
|  21|0x0000000081500000, 0x0000000081600000, 0x0000000081600000|100%| O|  |TAMS 0x0000000081600000, 0x0000000081500000| Untracked 
|  22|0x0000000081600000, 0x0000000081700000, 0x0000000081700000|100%| O|  |TAMS 0x0000000081700000, 0x0000000081600000| Untracked 
|  23|0x0000000081700000, 0x0000000081800000, 0x0000000081800000|100%| O|  |TAMS 0x0000000081800000, 0x0000000081700000| Untracked 
|  24|0x0000000081800000, 0x0000000081900000, 0x0000000081900000|100%| O|  |TAMS 0x0000000081900000, 0x0000000081800000| Untracked 
|  25|0x0000000081900000, 0x0000000081a00000, 0x0000000081a00000|100%| O|  |TAMS 0x0000000081a00000, 0x0000000081900000| Untracked 
|  26|0x0000000081a00000, 0x0000000081b00000, 0x0000000081b00000|100%| O|  |TAMS 0x0000000081b00000, 0x0000000081a00000| Untracked 
|  27|0x0000000081b00000, 0x0000000081c00000, 0x0000000081c00000|100%| O|  |TAMS 0x0000000081c00000, 0x0000000081b00000| Untracked 
|  28|0x0000000081c00000, 0x0000000081d00000, 0x0000000081d00000|100%| O|  |TAMS 0x0000000081d00000, 0x0000000081c00000| Untracked 
|  29|0x0000000081d00000, 0x0000000081e00000, 0x0000000081e00000|100%| O|  |TAMS 0x0000000081e00000, 0x0000000081d00000| Untracked 
|  30|0x0000000081e00000, 0x0000000081f00000, 0x0000000081f00000|100%| O|  |TAMS 0x0000000081f00000, 0x0000000081e00000| Untracked 
|  31|0x0000000081f00000, 0x0000000082000000, 0x0000000082000000|100%| O|  |TAMS 0x0000000082000000, 0x0000000081f00000| Untracked 
|  32|0x0000000082000000, 0x0000000082100000, 0x0000000082100000|100%| O|  |TAMS 0x0000000082100000, 0x0000000082000000| Untracked 
|  33|0x0000000082100000, 0x0000000082200000, 0x0000000082200000|100%| O|  |TAMS 0x0000000082200000, 0x0000000082100000| Untracked 
|  34|0x0000000082200000, 0x0000000082300000, 0x0000000082300000|100%| O|  |TAMS 0x0000000082300000, 0x0000000082200000| Untracked 
|  35|0x0000000082300000, 0x0000000082400000, 0x0000000082400000|100%| O|  |TAMS 0x0000000082400000, 0x0000000082300000| Untracked 
|  36|0x0000000082400000, 0x0000000082500000, 0x0000000082500000|100%| O|  |TAMS 0x0000000082500000, 0x0000000082400000| Untracked 
|  37|0x0000000082500000, 0x0000000082600000, 0x0000000082600000|100%| O|  |TAMS 0x0000000082600000, 0x0000000082500000| Untracked 
|  38|0x0000000082600000, 0x0000000082700000, 0x0000000082700000|100%| O|  |TAMS 0x0000000082700000, 0x0000000082600000| Untracked 
|  39|0x0000000082700000, 0x0000000082800000, 0x0000000082800000|100%| O|  |TAMS 0x0000000082800000, 0x0000000082700000| Untracked 
|  40|0x0000000082800000, 0x0000000082900000, 0x0000000082900000|100%| O|  |TAMS 0x0000000082900000, 0x0000000082800000| Untracked 
|  41|0x0000000082900000, 0x0000000082a00000, 0x0000000082a00000|100%| O|  |TAMS 0x0000000082a00000, 0x0000000082900000| Untracked 
|  42|0x0000000082a00000, 0x0000000082b00000, 0x0000000082b00000|100%| O|  |TAMS 0x0000000082b00000, 0x0000000082a00000| Untracked 
|  43|0x0000000082b00000, 0x0000000082c00000, 0x0000000082c00000|100%| O|  |TAMS 0x0000000082c00000, 0x0000000082b00000| Untracked 
|  44|0x0000000082c00000, 0x0000000082d00000, 0x0000000082d00000|100%| O|  |TAMS 0x0000000082d00000, 0x0000000082c00000| Untracked 
|  45|0x0000000082d00000, 0x0000000082e00000, 0x0000000082e00000|100%| O|  |TAMS 0x0000000082e00000, 0x0000000082d00000| Untracked 
|  46|0x0000000082e00000, 0x0000000082f00000, 0x0000000082f00000|100%| O|  |TAMS 0x0000000082f00000, 0x0000000082e00000| Untracked 
|  47|0x0000000082f00000, 0x0000000083000000, 0x0000000083000000|100%| O|  |TAMS 0x0000000083000000, 0x0000000082f00000| Untracked 
|  48|0x0000000083000000, 0x0000000083100000, 0x0000000083100000|100%| O|  |TAMS 0x0000000083100000, 0x0000000083000000| Untracked 
|  49|0x0000000083100000, 0x0000000083200000, 0x0000000083200000|100%| O|  |TAMS 0x0000000083200000, 0x0000000083100000| Untracked 
|  50|0x0000000083200000, 0x0000000083300000, 0x0000000083300000|100%| O|  |TAMS 0x0000000083300000, 0x0000000083200000| Untracked 
|  51|0x0000000083300000, 0x0000000083400000, 0x0000000083400000|100%| O|  |TAMS 0x0000000083400000, 0x0000000083300000| Untracked 
|  52|0x0000000083400000, 0x0000000083500000, 0x0000000083500000|100%| O|  |TAMS 0x0000000083500000, 0x0000000083400000| Untracked 
|  53|0x0000000083500000, 0x0000000083600000, 0x0000000083600000|100%| O|  |TAMS 0x0000000083600000, 0x0000000083500000| Untracked 
|  54|0x0000000083600000, 0x0000000083700000, 0x0000000083700000|100%| O|  |TAMS 0x0000000083700000, 0x0000000083600000| Untracked 
|  55|0x0000000083700000, 0x0000000083800000, 0x0000000083800000|100%| O|  |TAMS 0x0000000083800000, 0x0000000083700000| Untracked 
|  56|0x0000000083800000, 0x0000000083900000, 0x0000000083900000|100%| O|  |TAMS 0x0000000083900000, 0x0000000083800000| Untracked 
|  57|0x0000000083900000, 0x0000000083a00000, 0x0000000083a00000|100%| O|  |TAMS 0x0000000083a00000, 0x0000000083900000| Untracked 
|  58|0x0000000083a00000, 0x0000000083b00000, 0x0000000083b00000|100%| O|  |TAMS 0x0000000083b00000, 0x0000000083a00000| Untracked 
|  59|0x0000000083b00000, 0x0000000083c00000, 0x0000000083c00000|100%| O|  |TAMS 0x0000000083c00000, 0x0000000083b00000| Untracked 
|  60|0x0000000083c00000, 0x0000000083d00000, 0x0000000083d00000|100%| O|  |TAMS 0x0000000083d00000, 0x0000000083c00000| Untracked 
|  61|0x0000000083d00000, 0x0000000083e00000, 0x0000000083e00000|100%| O|  |TAMS 0x0000000083e00000, 0x0000000083d00000| Untracked 
|  62|0x0000000083e00000, 0x0000000083f00000, 0x0000000083f00000|100%| O|  |TAMS 0x0000000083f00000, 0x0000000083e00000| Untracked 
|  63|0x0000000083f00000, 0x0000000084000000, 0x0000000084000000|100%| O|  |TAMS 0x0000000084000000, 0x0000000083f00000| Untracked 
|  64|0x0000000084000000, 0x0000000084100000, 0x0000000084100000|100%| O|  |TAMS 0x0000000084100000, 0x0000000084000000| Untracked 
|  65|0x0000000084100000, 0x0000000084200000, 0x0000000084200000|100%| O|  |TAMS 0x0000000084200000, 0x0000000084100000| Untracked 
|  66|0x0000000084200000, 0x0000000084300000, 0x0000000084300000|100%| O|  |TAMS 0x0000000084300000, 0x0000000084200000| Untracked 
|  67|0x0000000084300000, 0x0000000084400000, 0x0000000084400000|100%| O|  |TAMS 0x0000000084400000, 0x0000000084300000| Untracked 
|  68|0x0000000084400000, 0x0000000084500000, 0x0000000084500000|100%| O|  |TAMS 0x0000000084500000, 0x0000000084400000| Untracked 
|  69|0x0000000084500000, 0x0000000084600000, 0x0000000084600000|100%| O|  |TAMS 0x0000000084600000, 0x0000000084500000| Untracked 
|  70|0x0000000084600000, 0x0000000084700000, 0x0000000084700000|100%| O|  |TAMS 0x0000000084700000, 0x0000000084600000| Untracked 
|  71|0x0000000084700000, 0x0000000084800000, 0x0000000084800000|100%| O|  |TAMS 0x0000000084800000, 0x0000000084700000| Untracked 
|  72|0x0000000084800000, 0x0000000084900000, 0x0000000084900000|100%| O|  |TAMS 0x0000000084900000, 0x0000000084800000| Untracked 
|  73|0x0000000084900000, 0x0000000084a00000, 0x0000000084a00000|100%| O|  |TAMS 0x0000000084a00000, 0x0000000084900000| Untracked 
|  74|0x0000000084a00000, 0x0000000084b00000, 0x0000000084b00000|100%| O|  |TAMS 0x0000000084b00000, 0x0000000084a00000| Untracked 
|  75|0x0000000084b00000, 0x0000000084c00000, 0x0000000084c00000|100%| O|  |TAMS 0x0000000084c00000, 0x0000000084b00000| Untracked 
|  76|0x0000000084c00000, 0x0000000084d00000, 0x0000000084d00000|100%| O|  |TAMS 0x0000000084d00000, 0x0000000084c00000| Untracked 
|  77|0x0000000084d00000, 0x0000000084e00000, 0x0000000084e00000|100%| O|  |TAMS 0x0000000084e00000, 0x0000000084d00000| Untracked 
|  78|0x0000000084e00000, 0x0000000084f00000, 0x0000000084f00000|100%| O|  |TAMS 0x0000000084f00000, 0x0000000084e00000| Untracked 
|  79|0x0000000084f00000, 0x0000000085000000, 0x0000000085000000|100%| O|  |TAMS 0x0000000085000000, 0x0000000084f00000| Untracked 
|  80|0x0000000085000000, 0x0000000085100000, 0x0000000085100000|100%| O|  |TAMS 0x0000000085100000, 0x0000000085000000| Untracked 
|  81|0x0000000085100000, 0x0000000085200000, 0x0000000085200000|100%| O|  |TAMS 0x0000000085200000, 0x0000000085100000| Untracked 
|  82|0x0000000085200000, 0x0000000085300000, 0x0000000085300000|100%| O|  |TAMS 0x0000000085300000, 0x0000000085200000| Untracked 
|  83|0x0000000085300000, 0x0000000085400000, 0x0000000085400000|100%| O|  |TAMS 0x0000000085400000, 0x0000000085300000| Untracked 
|  84|0x0000000085400000, 0x0000000085500000, 0x0000000085500000|100%| O|  |TAMS 0x0000000085500000, 0x0000000085400000| Untracked 
|  85|0x0000000085500000, 0x0000000085600000, 0x0000000085600000|100%| O|  |TAMS 0x0000000085600000, 0x0000000085500000| Untracked 
|  86|0x0000000085600000, 0x0000000085700000, 0x0000000085700000|100%| O|  |TAMS 0x0000000085700000, 0x0000000085600000| Untracked 
|  87|0x0000000085700000, 0x0000000085800000, 0x0000000085800000|100%| O|  |TAMS 0x0000000085800000, 0x0000000085700000| Untracked 
|  88|0x0000000085800000, 0x0000000085900000, 0x0000000085900000|100%| O|  |TAMS 0x0000000085900000, 0x0000000085800000| Untracked 
|  89|0x0000000085900000, 0x0000000085a00000, 0x0000000085a00000|100%| O|  |TAMS 0x0000000085a00000, 0x0000000085900000| Untracked 
|  90|0x0000000085a00000, 0x0000000085b00000, 0x0000000085b00000|100%| O|  |TAMS 0x0000000085b00000, 0x0000000085a00000| Untracked 
|  91|0x0000000085b00000, 0x0000000085c00000, 0x0000000085c00000|100%| O|  |TAMS 0x0000000085c00000, 0x0000000085b00000| Untracked 
|  92|0x0000000085c00000, 0x0000000085d00000, 0x0000000085d00000|100%| O|  |TAMS 0x0000000085d00000, 0x0000000085c00000| Untracked 
|  93|0x0000000085d00000, 0x0000000085e00000, 0x0000000085e00000|100%| O|  |TAMS 0x0000000085e00000, 0x0000000085d00000| Untracked 
|  94|0x0000000085e00000, 0x0000000085f00000, 0x0000000085f00000|100%| O|  |TAMS 0x0000000085f00000, 0x0000000085e00000| Untracked 
|  95|0x0000000085f00000, 0x0000000086000000, 0x0000000086000000|100%| O|  |TAMS 0x0000000086000000, 0x0000000085f00000| Untracked 
|  96|0x0000000086000000, 0x0000000086100000, 0x0000000086100000|100%| O|  |TAMS 0x0000000086100000, 0x0000000086000000| Untracked 
|  97|0x0000000086100000, 0x0000000086200000, 0x0000000086200000|100%| O|  |TAMS 0x0000000086200000, 0x0000000086100000| Untracked 
|  98|0x0000000086200000, 0x0000000086300000, 0x0000000086300000|100%| O|  |TAMS 0x0000000086300000, 0x0000000086200000| Untracked 
|  99|0x0000000086300000, 0x0000000086400000, 0x0000000086400000|100%| O|  |TAMS 0x0000000086400000, 0x0000000086300000| Untracked 
| 100|0x0000000086400000, 0x0000000086500000, 0x0000000086500000|100%| O|  |TAMS 0x0000000086500000, 0x0000000086400000| Untracked 
| 101|0x0000000086500000, 0x0000000086600000, 0x0000000086600000|100%| O|  |TAMS 0x0000000086600000, 0x0000000086500000| Untracked 
| 102|0x0000000086600000, 0x0000000086700000, 0x0000000086700000|100%| O|  |TAMS 0x0000000086700000, 0x0000000086600000| Untracked 
| 103|0x0000000086700000, 0x0000000086800000, 0x0000000086800000|100%| O|  |TAMS 0x0000000086800000, 0x0000000086700000| Untracked 
| 104|0x0000000086800000, 0x0000000086900000, 0x0000000086900000|100%| O|  |TAMS 0x0000000086900000, 0x0000000086800000| Untracked 
| 105|0x0000000086900000, 0x0000000086a00000, 0x0000000086a00000|100%| O|  |TAMS 0x0000000086a00000, 0x0000000086900000| Untracked 
| 106|0x0000000086a00000, 0x0000000086b00000, 0x0000000086b00000|100%| O|  |TAMS 0x0000000086b00000, 0x0000000086a00000| Untracked 
| 107|0x0000000086b00000, 0x0000000086c00000, 0x0000000086c00000|100%| O|  |TAMS 0x0000000086c00000, 0x0000000086b00000| Untracked 
| 108|0x0000000086c00000, 0x0000000086d00000, 0x0000000086d00000|100%| O|  |TAMS 0x0000000086d00000, 0x0000000086c00000| Untracked 
| 109|0x0000000086d00000, 0x0000000086e00000, 0x0000000086e00000|100%| O|  |TAMS 0x0000000086e00000, 0x0000000086d00000| Untracked 
| 110|0x0000000086e00000, 0x0000000086f00000, 0x0000000086f00000|100%| O|  |TAMS 0x0000000086f00000, 0x0000000086e00000| Untracked 
| 111|0x0000000086f00000, 0x0000000087000000, 0x0000000087000000|100%| O|  |TAMS 0x0000000087000000, 0x0000000086f00000| Untracked 
| 112|0x0000000087000000, 0x0000000087100000, 0x0000000087100000|100%| O|  |TAMS 0x0000000087100000, 0x0000000087000000| Untracked 
| 113|0x0000000087100000, 0x0000000087200000, 0x0000000087200000|100%| O|  |TAMS 0x0000000087200000, 0x0000000087100000| Untracked 
| 114|0x0000000087200000, 0x0000000087300000, 0x0000000087300000|100%| O|  |TAMS 0x0000000087300000, 0x0000000087200000| Untracked 
| 115|0x0000000087300000, 0x0000000087400000, 0x0000000087400000|100%| O|  |TAMS 0x0000000087400000, 0x0000000087300000| Untracked 
| 116|0x0000000087400000, 0x0000000087500000, 0x0000000087500000|100%| O|  |TAMS 0x0000000087500000, 0x0000000087400000| Untracked 
| 117|0x0000000087500000, 0x0000000087600000, 0x0000000087600000|100%| O|  |TAMS 0x0000000087600000, 0x0000000087500000| Untracked 
| 118|0x0000000087600000, 0x0000000087700000, 0x0000000087700000|100%| O|  |TAMS 0x0000000087700000, 0x0000000087600000| Untracked 
| 119|0x0000000087700000, 0x0000000087800000, 0x0000000087800000|100%| O|  |TAMS 0x0000000087800000, 0x0000000087700000| Untracked 
| 120|0x0000000087800000, 0x0000000087900000, 0x0000000087900000|100%| O|  |TAMS 0x0000000087900000, 0x0000000087800000| Untracked 
| 121|0x0000000087900000, 0x0000000087a00000, 0x0000000087a00000|100%| O|  |TAMS 0x0000000087a00000, 0x0000000087900000| Untracked 
| 122|0x0000000087a00000, 0x0000000087b00000, 0x0000000087b00000|100%| O|  |TAMS 0x0000000087b00000, 0x0000000087a00000| Untracked 
| 123|0x0000000087b00000, 0x0000000087c00000, 0x0000000087c00000|100%| O|  |TAMS 0x0000000087c00000, 0x0000000087b00000| Untracked 
| 124|0x0000000087c00000, 0x0000000087d00000, 0x0000000087d00000|100%| O|  |TAMS 0x0000000087d00000, 0x0000000087c00000| Untracked 
| 125|0x0000000087d00000, 0x0000000087e00000, 0x0000000087e00000|100%| O|  |TAMS 0x0000000087e00000, 0x0000000087d00000| Untracked 
| 126|0x0000000087e00000, 0x0000000087e00000, 0x0000000087f00000|  0%| F|  |TAMS 0x0000000087e00000, 0x0000000087e00000| Untracked 
| 127|0x0000000087f00000, 0x0000000087f00000, 0x0000000088000000|  0%| F|  |TAMS 0x0000000087f00000, 0x0000000087f00000| Untracked 
| 128|0x0000000088000000, 0x0000000088100000, 0x0000000088100000|100%| O|  |TAMS 0x0000000088000000, 0x0000000088000000| Untracked 
| 129|0x0000000088100000, 0x0000000088200000, 0x0000000088200000|100%| O|  |TAMS 0x0000000088100000, 0x0000000088100000| Untracked 
| 130|0x0000000088200000, 0x0000000088300000, 0x0000000088300000|100%| O|  |TAMS 0x0000000088200000, 0x0000000088200000| Untracked 
| 131|0x0000000088300000, 0x000000008839f000, 0x0000000088400000| 62%| O|  |TAMS 0x0000000088300000, 0x0000000088300000| Untracked 
| 132|0x0000000088400000, 0x0000000088400000, 0x0000000088500000|  0%| F|  |TAMS 0x0000000088400000, 0x0000000088400000| Untracked 
| 133|0x0000000088500000, 0x0000000088500000, 0x0000000088600000|  0%| F|  |TAMS 0x0000000088500000, 0x0000000088500000| Untracked 
| 134|0x0000000088600000, 0x0000000088600000, 0x0000000088700000|  0%| F|  |TAMS 0x0000000088600000, 0x0000000088600000| Untracked 
| 135|0x0000000088700000, 0x0000000088700000, 0x0000000088800000|  0%| F|  |TAMS 0x0000000088700000, 0x0000000088700000| Untracked 
| 136|0x0000000088800000, 0x0000000088800000, 0x0000000088900000|  0%| F|  |TAMS 0x0000000088800000, 0x0000000088800000| Untracked 
| 137|0x0000000088900000, 0x0000000088900000, 0x0000000088a00000|  0%| F|  |TAMS 0x0000000088900000, 0x0000000088900000| Untracked 
| 138|0x0000000088a00000, 0x0000000088a00000, 0x0000000088b00000|  0%| F|  |TAMS 0x0000000088a00000, 0x0000000088a00000| Untracked 
| 139|0x0000000088b00000, 0x0000000088b00000, 0x0000000088c00000|  0%| F|  |TAMS 0x0000000088b00000, 0x0000000088b00000| Untracked 
| 140|0x0000000088c00000, 0x0000000088c00000, 0x0000000088d00000|  0%| F|  |TAMS 0x0000000088c00000, 0x0000000088c00000| Untracked 
| 141|0x0000000088d00000, 0x0000000088d00000, 0x0000000088e00000|  0%| F|  |TAMS 0x0000000088d00000, 0x0000000088d00000| Untracked 
| 142|0x0000000088e00000, 0x0000000088e00000, 0x0000000088f00000|  0%| F|  |TAMS 0x0000000088e00000, 0x0000000088e00000| Untracked 
| 143|0x0000000088f00000, 0x0000000088f00000, 0x0000000089000000|  0%| F|  |TAMS 0x0000000088f00000, 0x0000000088f00000| Untracked 
| 144|0x0000000089000000, 0x0000000089000000, 0x0000000089100000|  0%| F|  |TAMS 0x0000000089000000, 0x0000000089000000| Untracked 
| 145|0x0000000089100000, 0x0000000089100000, 0x0000000089200000|  0%| F|  |TAMS 0x0000000089100000, 0x0000000089100000| Untracked 
| 146|0x0000000089200000, 0x0000000089200000, 0x0000000089300000|  0%| F|  |TAMS 0x0000000089200000, 0x0000000089200000| Untracked 
| 147|0x0000000089300000, 0x0000000089300000, 0x0000000089400000|  0%| F|  |TAMS 0x0000000089300000, 0x0000000089300000| Untracked 
| 148|0x0000000089400000, 0x0000000089400000, 0x0000000089500000|  0%| F|  |TAMS 0x0000000089400000, 0x0000000089400000| Untracked 
| 149|0x0000000089500000, 0x0000000089500000, 0x0000000089600000|  0%| F|  |TAMS 0x0000000089500000, 0x0000000089500000| Untracked 
| 150|0x0000000089600000, 0x0000000089600000, 0x0000000089700000|  0%| F|  |TAMS 0x0000000089600000, 0x0000000089600000| Untracked 
| 151|0x0000000089700000, 0x0000000089700000, 0x0000000089800000|  0%| F|  |TAMS 0x0000000089700000, 0x0000000089700000| Untracked 
| 152|0x0000000089800000, 0x0000000089800000, 0x0000000089900000|  0%| F|  |TAMS 0x0000000089800000, 0x0000000089800000| Untracked 
| 153|0x0000000089900000, 0x0000000089900000, 0x0000000089a00000|  0%| F|  |TAMS 0x0000000089900000, 0x0000000089900000| Untracked 
| 154|0x0000000089a00000, 0x0000000089a00000, 0x0000000089b00000|  0%| F|  |TAMS 0x0000000089a00000, 0x0000000089a00000| Untracked 
| 155|0x0000000089b00000, 0x0000000089b00000, 0x0000000089c00000|  0%| F|  |TAMS 0x0000000089b00000, 0x0000000089b00000| Untracked 
| 156|0x0000000089c00000, 0x0000000089c00000, 0x0000000089d00000|  0%| F|  |TAMS 0x0000000089c00000, 0x0000000089c00000| Untracked 
| 157|0x0000000089d00000, 0x0000000089d00000, 0x0000000089e00000|  0%| F|  |TAMS 0x0000000089d00000, 0x0000000089d00000| Untracked 
| 158|0x0000000089e00000, 0x0000000089e00000, 0x0000000089f00000|  0%| F|  |TAMS 0x0000000089e00000, 0x0000000089e00000| Untracked 
| 159|0x0000000089f00000, 0x0000000089f00000, 0x000000008a000000|  0%| F|  |TAMS 0x0000000089f00000, 0x0000000089f00000| Untracked 
| 160|0x000000008a000000, 0x000000008a000000, 0x000000008a100000|  0%| F|  |TAMS 0x000000008a000000, 0x000000008a000000| Untracked 
| 161|0x000000008a100000, 0x000000008a100000, 0x000000008a200000|  0%| F|  |TAMS 0x000000008a100000, 0x000000008a100000| Untracked 
| 162|0x000000008a200000, 0x000000008a200000, 0x000000008a300000|  0%| F|  |TAMS 0x000000008a200000, 0x000000008a200000| Untracked 
| 163|0x000000008a300000, 0x000000008a300000, 0x000000008a400000|  0%| F|  |TAMS 0x000000008a300000, 0x000000008a300000| Untracked 
| 164|0x000000008a400000, 0x000000008a400000, 0x000000008a500000|  0%| F|  |TAMS 0x000000008a400000, 0x000000008a400000| Untracked 
| 165|0x000000008a500000, 0x000000008a500000, 0x000000008a600000|  0%| F|  |TAMS 0x000000008a500000, 0x000000008a500000| Untracked 
| 166|0x000000008a600000, 0x000000008a600000, 0x000000008a700000|  0%| F|  |TAMS 0x000000008a600000, 0x000000008a600000| Untracked 
| 167|0x000000008a700000, 0x000000008a700000, 0x000000008a800000|  0%| F|  |TAMS 0x000000008a700000, 0x000000008a700000| Untracked 
| 168|0x000000008a800000, 0x000000008a800000, 0x000000008a900000|  0%| F|  |TAMS 0x000000008a800000, 0x000000008a800000| Untracked 
| 169|0x000000008a900000, 0x000000008a9887c0, 0x000000008aa00000| 53%| S|CS|TAMS 0x000000008a900000, 0x000000008a900000| Complete 
| 170|0x000000008aa00000, 0x000000008ab00000, 0x000000008ab00000|100%| S|CS|TAMS 0x000000008aa00000, 0x000000008aa00000| Complete 
| 171|0x000000008ab00000, 0x000000008ac00000, 0x000000008ac00000|100%| S|CS|TAMS 0x000000008ab00000, 0x000000008ab00000| Complete 
| 172|0x000000008ac00000, 0x000000008ad00000, 0x000000008ad00000|100%| S|CS|TAMS 0x000000008ac00000, 0x000000008ac00000| Complete 
| 173|0x000000008ad00000, 0x000000008ad00000, 0x000000008ae00000|  0%| F|  |TAMS 0x000000008ad00000, 0x000000008ad00000| Untracked 
| 174|0x000000008ae00000, 0x000000008ae00000, 0x000000008af00000|  0%| F|  |TAMS 0x000000008ae00000, 0x000000008ae00000| Untracked 
| 175|0x000000008af00000, 0x000000008af00000, 0x000000008b000000|  0%| F|  |TAMS 0x000000008af00000, 0x000000008af00000| Untracked 
| 176|0x000000008b000000, 0x000000008b000000, 0x000000008b100000|  0%| F|  |TAMS 0x000000008b000000, 0x000000008b000000| Untracked 
| 177|0x000000008b100000, 0x000000008b200000, 0x000000008b200000|100%| S|CS|TAMS 0x000000008b100000, 0x000000008b100000| Complete 
| 178|0x000000008b200000, 0x000000008b200000, 0x000000008b300000|  0%| F|  |TAMS 0x000000008b200000, 0x000000008b200000| Untracked 
| 179|0x000000008b300000, 0x000000008b300000, 0x000000008b400000|  0%| F|  |TAMS 0x000000008b300000, 0x000000008b300000| Untracked 
| 180|0x000000008b400000, 0x000000008b400000, 0x000000008b500000|  0%| F|  |TAMS 0x000000008b400000, 0x000000008b400000| Untracked 
| 181|0x000000008b500000, 0x000000008b500000, 0x000000008b600000|  0%| F|  |TAMS 0x000000008b500000, 0x000000008b500000| Untracked 
| 182|0x000000008b600000, 0x000000008b600000, 0x000000008b700000|  0%| F|  |TAMS 0x000000008b600000, 0x000000008b600000| Untracked 
| 183|0x000000008b700000, 0x000000008b700000, 0x000000008b800000|  0%| F|  |TAMS 0x000000008b700000, 0x000000008b700000| Untracked 
| 184|0x000000008b800000, 0x000000008b800000, 0x000000008b900000|  0%| F|  |TAMS 0x000000008b800000, 0x000000008b800000| Untracked 
| 185|0x000000008b900000, 0x000000008b900000, 0x000000008ba00000|  0%| F|  |TAMS 0x000000008b900000, 0x000000008b900000| Untracked 
| 186|0x000000008ba00000, 0x000000008ba00000, 0x000000008bb00000|  0%| F|  |TAMS 0x000000008ba00000, 0x000000008ba00000| Untracked 
| 187|0x000000008bb00000, 0x000000008bb00000, 0x000000008bc00000|  0%| F|  |TAMS 0x000000008bb00000, 0x000000008bb00000| Untracked 
| 188|0x000000008bc00000, 0x000000008bc00000, 0x000000008bd00000|  0%| F|  |TAMS 0x000000008bc00000, 0x000000008bc00000| Untracked 
| 189|0x000000008bd00000, 0x000000008bd00000, 0x000000008be00000|  0%| F|  |TAMS 0x000000008bd00000, 0x000000008bd00000| Untracked 
| 190|0x000000008be00000, 0x000000008be00000, 0x000000008bf00000|  0%| F|  |TAMS 0x000000008be00000, 0x000000008be00000| Untracked 
| 191|0x000000008bf00000, 0x000000008bf00000, 0x000000008c000000|  0%| F|  |TAMS 0x000000008bf00000, 0x000000008bf00000| Untracked 
| 192|0x000000008c000000, 0x000000008c000000, 0x000000008c100000|  0%| F|  |TAMS 0x000000008c000000, 0x000000008c000000| Untracked 
| 193|0x000000008c100000, 0x000000008c100000, 0x000000008c200000|  0%| F|  |TAMS 0x000000008c100000, 0x000000008c100000| Untracked 
| 194|0x000000008c200000, 0x000000008c200000, 0x000000008c300000|  0%| F|  |TAMS 0x000000008c200000, 0x000000008c200000| Untracked 
| 195|0x000000008c300000, 0x000000008c300000, 0x000000008c400000|  0%| F|  |TAMS 0x000000008c300000, 0x000000008c300000| Untracked 
| 196|0x000000008c400000, 0x000000008c400000, 0x000000008c500000|  0%| F|  |TAMS 0x000000008c400000, 0x000000008c400000| Untracked 
| 197|0x000000008c500000, 0x000000008c500000, 0x000000008c600000|  0%| F|  |TAMS 0x000000008c500000, 0x000000008c500000| Untracked 
| 198|0x000000008c600000, 0x000000008c600000, 0x000000008c700000|  0%| F|  |TAMS 0x000000008c600000, 0x000000008c600000| Untracked 
| 199|0x000000008c700000, 0x000000008c700000, 0x000000008c800000|  0%| F|  |TAMS 0x000000008c700000, 0x000000008c700000| Untracked 
| 200|0x000000008c800000, 0x000000008c800000, 0x000000008c900000|  0%| F|  |TAMS 0x000000008c800000, 0x000000008c800000| Untracked 
| 201|0x000000008c900000, 0x000000008c900000, 0x000000008ca00000|  0%| F|  |TAMS 0x000000008c900000, 0x000000008c900000| Untracked 
| 202|0x000000008ca00000, 0x000000008ca00000, 0x000000008cb00000|  0%| F|  |TAMS 0x000000008ca00000, 0x000000008ca00000| Untracked 
| 203|0x000000008cb00000, 0x000000008cb00000, 0x000000008cc00000|  0%| F|  |TAMS 0x000000008cb00000, 0x000000008cb00000| Untracked 
| 204|0x000000008cc00000, 0x000000008cc00000, 0x000000008cd00000|  0%| F|  |TAMS 0x000000008cc00000, 0x000000008cc00000| Untracked 
| 205|0x000000008cd00000, 0x000000008cd00000, 0x000000008ce00000|  0%| F|  |TAMS 0x000000008cd00000, 0x000000008cd00000| Untracked 
| 206|0x000000008ce00000, 0x000000008ce00000, 0x000000008cf00000|  0%| F|  |TAMS 0x000000008ce00000, 0x000000008ce00000| Untracked 
| 207|0x000000008cf00000, 0x000000008cf00000, 0x000000008d000000|  0%| F|  |TAMS 0x000000008cf00000, 0x000000008cf00000| Untracked 
| 208|0x000000008d000000, 0x000000008d000000, 0x000000008d100000|  0%| F|  |TAMS 0x000000008d000000, 0x000000008d000000| Untracked 
| 209|0x000000008d100000, 0x000000008d100000, 0x000000008d200000|  0%| F|  |TAMS 0x000000008d100000, 0x000000008d100000| Untracked 
| 210|0x000000008d200000, 0x000000008d200000, 0x000000008d300000|  0%| F|  |TAMS 0x000000008d200000, 0x000000008d200000| Untracked 
| 211|0x000000008d300000, 0x000000008d300000, 0x000000008d400000|  0%| F|  |TAMS 0x000000008d300000, 0x000000008d300000| Untracked 
| 212|0x000000008d400000, 0x000000008d400000, 0x000000008d500000|  0%| F|  |TAMS 0x000000008d400000, 0x000000008d400000| Untracked 
| 213|0x000000008d500000, 0x000000008d500000, 0x000000008d600000|  0%| F|  |TAMS 0x000000008d500000, 0x000000008d500000| Untracked 
| 214|0x000000008d600000, 0x000000008d600000, 0x000000008d700000|  0%| F|  |TAMS 0x000000008d600000, 0x000000008d600000| Untracked 
| 215|0x000000008d700000, 0x000000008d700000, 0x000000008d800000|  0%| F|  |TAMS 0x000000008d700000, 0x000000008d700000| Untracked 
| 216|0x000000008d800000, 0x000000008d800000, 0x000000008d900000|  0%| F|  |TAMS 0x000000008d800000, 0x000000008d800000| Untracked 
| 217|0x000000008d900000, 0x000000008d900000, 0x000000008da00000|  0%| F|  |TAMS 0x000000008d900000, 0x000000008d900000| Untracked 
| 218|0x000000008da00000, 0x000000008da00000, 0x000000008db00000|  0%| F|  |TAMS 0x000000008da00000, 0x000000008da00000| Untracked 
| 219|0x000000008db00000, 0x000000008db00000, 0x000000008dc00000|  0%| F|  |TAMS 0x000000008db00000, 0x000000008db00000| Untracked 
| 220|0x000000008dc00000, 0x000000008dc00000, 0x000000008dd00000|  0%| F|  |TAMS 0x000000008dc00000, 0x000000008dc00000| Untracked 
| 221|0x000000008dd00000, 0x000000008dd00000, 0x000000008de00000|  0%| F|  |TAMS 0x000000008dd00000, 0x000000008dd00000| Untracked 
| 222|0x000000008de00000, 0x000000008de00000, 0x000000008df00000|  0%| F|  |TAMS 0x000000008de00000, 0x000000008de00000| Untracked 
| 223|0x000000008df00000, 0x000000008df00000, 0x000000008e000000|  0%| F|  |TAMS 0x000000008df00000, 0x000000008df00000| Untracked 
| 224|0x000000008e000000, 0x000000008e000000, 0x000000008e100000|  0%| F|  |TAMS 0x000000008e000000, 0x000000008e000000| Untracked 
| 225|0x000000008e100000, 0x000000008e100000, 0x000000008e200000|  0%| F|  |TAMS 0x000000008e100000, 0x000000008e100000| Untracked 
| 226|0x000000008e200000, 0x000000008e200000, 0x000000008e300000|  0%| F|  |TAMS 0x000000008e200000, 0x000000008e200000| Untracked 
| 227|0x000000008e300000, 0x000000008e300000, 0x000000008e400000|  0%| F|  |TAMS 0x000000008e300000, 0x000000008e300000| Untracked 
| 228|0x000000008e400000, 0x000000008e400000, 0x000000008e500000|  0%| F|  |TAMS 0x000000008e400000, 0x000000008e400000| Untracked 
| 229|0x000000008e500000, 0x000000008e500000, 0x000000008e600000|  0%| F|  |TAMS 0x000000008e500000, 0x000000008e500000| Untracked 
| 230|0x000000008e600000, 0x000000008e600000, 0x000000008e700000|  0%| F|  |TAMS 0x000000008e600000, 0x000000008e600000| Untracked 
| 231|0x000000008e700000, 0x000000008e700000, 0x000000008e800000|  0%| F|  |TAMS 0x000000008e700000, 0x000000008e700000| Untracked 
| 232|0x000000008e800000, 0x000000008e800000, 0x000000008e900000|  0%| F|  |TAMS 0x000000008e800000, 0x000000008e800000| Untracked 
| 233|0x000000008e900000, 0x000000008e900000, 0x000000008ea00000|  0%| F|  |TAMS 0x000000008e900000, 0x000000008e900000| Untracked 
| 234|0x000000008ea00000, 0x000000008ea00000, 0x000000008eb00000|  0%| F|  |TAMS 0x000000008ea00000, 0x000000008ea00000| Untracked 
| 235|0x000000008eb00000, 0x000000008eb00000, 0x000000008ec00000|  0%| F|  |TAMS 0x000000008eb00000, 0x000000008eb00000| Untracked 
| 236|0x000000008ec00000, 0x000000008ec00000, 0x000000008ed00000|  0%| F|  |TAMS 0x000000008ec00000, 0x000000008ec00000| Untracked 
| 237|0x000000008ed00000, 0x000000008ed00000, 0x000000008ee00000|  0%| F|  |TAMS 0x000000008ed00000, 0x000000008ed00000| Untracked 
| 238|0x000000008ee00000, 0x000000008ee00000, 0x000000008ef00000|  0%| F|  |TAMS 0x000000008ee00000, 0x000000008ee00000| Untracked 
| 239|0x000000008ef00000, 0x000000008ef00000, 0x000000008f000000|  0%| F|  |TAMS 0x000000008ef00000, 0x000000008ef00000| Untracked 
| 240|0x000000008f000000, 0x000000008f000000, 0x000000008f100000|  0%| F|  |TAMS 0x000000008f000000, 0x000000008f000000| Untracked 
| 241|0x000000008f100000, 0x000000008f100000, 0x000000008f200000|  0%| F|  |TAMS 0x000000008f100000, 0x000000008f100000| Untracked 
| 242|0x000000008f200000, 0x000000008f200000, 0x000000008f300000|  0%| F|  |TAMS 0x000000008f200000, 0x000000008f200000| Untracked 
| 243|0x000000008f300000, 0x000000008f300000, 0x000000008f400000|  0%| F|  |TAMS 0x000000008f300000, 0x000000008f300000| Untracked 
| 244|0x000000008f400000, 0x000000008f400000, 0x000000008f500000|  0%| F|  |TAMS 0x000000008f400000, 0x000000008f400000| Untracked 
| 245|0x000000008f500000, 0x000000008f500000, 0x000000008f600000|  0%| F|  |TAMS 0x000000008f500000, 0x000000008f500000| Untracked 
| 246|0x000000008f600000, 0x000000008f600000, 0x000000008f700000|  0%| F|  |TAMS 0x000000008f600000, 0x000000008f600000| Untracked 
| 247|0x000000008f700000, 0x000000008f700000, 0x000000008f800000|  0%| F|  |TAMS 0x000000008f700000, 0x000000008f700000| Untracked 
| 248|0x000000008f800000, 0x000000008f800000, 0x000000008f900000|  0%| F|  |TAMS 0x000000008f800000, 0x000000008f800000| Untracked 
| 249|0x000000008f900000, 0x000000008f900000, 0x000000008fa00000|  0%| F|  |TAMS 0x000000008f900000, 0x000000008f900000| Untracked 
| 250|0x000000008fa00000, 0x000000008fa00000, 0x000000008fb00000|  0%| F|  |TAMS 0x000000008fa00000, 0x000000008fa00000| Untracked 
| 251|0x000000008fb00000, 0x000000008fb00000, 0x000000008fc00000|  0%| F|  |TAMS 0x000000008fb00000, 0x000000008fb00000| Untracked 
| 252|0x000000008fc00000, 0x000000008fc00000, 0x000000008fd00000|  0%| F|  |TAMS 0x000000008fc00000, 0x000000008fc00000| Untracked 
| 253|0x000000008fd00000, 0x000000008fd00000, 0x000000008fe00000|  0%| F|  |TAMS 0x000000008fd00000, 0x000000008fd00000| Untracked 
| 254|0x000000008fe00000, 0x000000008fe00000, 0x000000008ff00000|  0%| F|  |TAMS 0x000000008fe00000, 0x000000008fe00000| Untracked 
| 255|0x000000008ff00000, 0x000000008ff00000, 0x0000000090000000|  0%| F|  |TAMS 0x000000008ff00000, 0x000000008ff00000| Untracked 
| 256|0x0000000090000000, 0x0000000090000000, 0x0000000090100000|  0%| F|  |TAMS 0x0000000090000000, 0x0000000090000000| Untracked 
| 257|0x0000000090100000, 0x0000000090100000, 0x0000000090200000|  0%| F|  |TAMS 0x0000000090100000, 0x0000000090100000| Untracked 
| 258|0x0000000090200000, 0x0000000090200000, 0x0000000090300000|  0%| F|  |TAMS 0x0000000090200000, 0x0000000090200000| Untracked 
| 259|0x0000000090300000, 0x0000000090300000, 0x0000000090400000|  0%| F|  |TAMS 0x0000000090300000, 0x0000000090300000| Untracked 
| 260|0x0000000090400000, 0x0000000090400000, 0x0000000090500000|  0%| F|  |TAMS 0x0000000090400000, 0x0000000090400000| Untracked 
| 261|0x0000000090500000, 0x0000000090500000, 0x0000000090600000|  0%| F|  |TAMS 0x0000000090500000, 0x0000000090500000| Untracked 
| 262|0x0000000090600000, 0x0000000090600000, 0x0000000090700000|  0%| F|  |TAMS 0x0000000090600000, 0x0000000090600000| Untracked 
| 263|0x0000000090700000, 0x0000000090700000, 0x0000000090800000|  0%| F|  |TAMS 0x0000000090700000, 0x0000000090700000| Untracked 
| 264|0x0000000090800000, 0x0000000090800000, 0x0000000090900000|  0%| F|  |TAMS 0x0000000090800000, 0x0000000090800000| Untracked 
| 265|0x0000000090900000, 0x0000000090900000, 0x0000000090a00000|  0%| F|  |TAMS 0x0000000090900000, 0x0000000090900000| Untracked 
| 266|0x0000000090a00000, 0x0000000090a00000, 0x0000000090b00000|  0%| F|  |TAMS 0x0000000090a00000, 0x0000000090a00000| Untracked 
| 267|0x0000000090b00000, 0x0000000090b00000, 0x0000000090c00000|  0%| F|  |TAMS 0x0000000090b00000, 0x0000000090b00000| Untracked 
| 268|0x0000000090c00000, 0x0000000090c00000, 0x0000000090d00000|  0%| F|  |TAMS 0x0000000090c00000, 0x0000000090c00000| Untracked 
| 269|0x0000000090d00000, 0x0000000090d00000, 0x0000000090e00000|  0%| F|  |TAMS 0x0000000090d00000, 0x0000000090d00000| Untracked 
| 270|0x0000000090e00000, 0x0000000090e00000, 0x0000000090f00000|  0%| F|  |TAMS 0x0000000090e00000, 0x0000000090e00000| Untracked 
| 271|0x0000000090f00000, 0x0000000090f00000, 0x0000000091000000|  0%| F|  |TAMS 0x0000000090f00000, 0x0000000090f00000| Untracked 
| 272|0x0000000091000000, 0x0000000091000000, 0x0000000091100000|  0%| F|  |TAMS 0x0000000091000000, 0x0000000091000000| Untracked 
| 273|0x0000000091100000, 0x0000000091100000, 0x0000000091200000|  0%| F|  |TAMS 0x0000000091100000, 0x0000000091100000| Untracked 
| 274|0x0000000091200000, 0x0000000091200000, 0x0000000091300000|  0%| F|  |TAMS 0x0000000091200000, 0x0000000091200000| Untracked 
| 275|0x0000000091300000, 0x0000000091300000, 0x0000000091400000|  0%| F|  |TAMS 0x0000000091300000, 0x0000000091300000| Untracked 
| 276|0x0000000091400000, 0x0000000091400000, 0x0000000091500000|  0%| F|  |TAMS 0x0000000091400000, 0x0000000091400000| Untracked 
| 277|0x0000000091500000, 0x0000000091500000, 0x0000000091600000|  0%| F|  |TAMS 0x0000000091500000, 0x0000000091500000| Untracked 
| 278|0x0000000091600000, 0x0000000091600000, 0x0000000091700000|  0%| F|  |TAMS 0x0000000091600000, 0x0000000091600000| Untracked 
| 279|0x0000000091700000, 0x0000000091700000, 0x0000000091800000|  0%| F|  |TAMS 0x0000000091700000, 0x0000000091700000| Untracked 
| 280|0x0000000091800000, 0x0000000091800000, 0x0000000091900000|  0%| F|  |TAMS 0x0000000091800000, 0x0000000091800000| Untracked 
| 281|0x0000000091900000, 0x0000000091900000, 0x0000000091a00000|  0%| F|  |TAMS 0x0000000091900000, 0x0000000091900000| Untracked 
| 282|0x0000000091a00000, 0x0000000091a00000, 0x0000000091b00000|  0%| F|  |TAMS 0x0000000091a00000, 0x0000000091a00000| Untracked 
| 283|0x0000000091b00000, 0x0000000091b00000, 0x0000000091c00000|  0%| F|  |TAMS 0x0000000091b00000, 0x0000000091b00000| Untracked 
| 284|0x0000000091c00000, 0x0000000091c00000, 0x0000000091d00000|  0%| F|  |TAMS 0x0000000091c00000, 0x0000000091c00000| Untracked 
| 285|0x0000000091d00000, 0x0000000091d00000, 0x0000000091e00000|  0%| F|  |TAMS 0x0000000091d00000, 0x0000000091d00000| Untracked 
| 286|0x0000000091e00000, 0x0000000091e00000, 0x0000000091f00000|  0%| F|  |TAMS 0x0000000091e00000, 0x0000000091e00000| Untracked 
| 287|0x0000000091f00000, 0x0000000091f00000, 0x0000000092000000|  0%| F|  |TAMS 0x0000000091f00000, 0x0000000091f00000| Untracked 
| 288|0x0000000092000000, 0x0000000092000000, 0x0000000092100000|  0%| F|  |TAMS 0x0000000092000000, 0x0000000092000000| Untracked 
| 289|0x0000000092100000, 0x0000000092100000, 0x0000000092200000|  0%| F|  |TAMS 0x0000000092100000, 0x0000000092100000| Untracked 
| 290|0x0000000092200000, 0x0000000092200000, 0x0000000092300000|  0%| F|  |TAMS 0x0000000092200000, 0x0000000092200000| Untracked 
| 291|0x0000000092300000, 0x0000000092300000, 0x0000000092400000|  0%| F|  |TAMS 0x0000000092300000, 0x0000000092300000| Untracked 
| 292|0x0000000092400000, 0x0000000092400000, 0x0000000092500000|  0%| F|  |TAMS 0x0000000092400000, 0x0000000092400000| Untracked 
| 293|0x0000000092500000, 0x0000000092500000, 0x0000000092600000|  0%| F|  |TAMS 0x0000000092500000, 0x0000000092500000| Untracked 
| 294|0x0000000092600000, 0x0000000092600000, 0x0000000092700000|  0%| F|  |TAMS 0x0000000092600000, 0x0000000092600000| Untracked 
| 295|0x0000000092700000, 0x0000000092700000, 0x0000000092800000|  0%| F|  |TAMS 0x0000000092700000, 0x0000000092700000| Untracked 
| 296|0x0000000092800000, 0x0000000092800000, 0x0000000092900000|  0%| F|  |TAMS 0x0000000092800000, 0x0000000092800000| Untracked 
| 297|0x0000000092900000, 0x0000000092900000, 0x0000000092a00000|  0%| F|  |TAMS 0x0000000092900000, 0x0000000092900000| Untracked 
| 298|0x0000000092a00000, 0x0000000092a00000, 0x0000000092b00000|  0%| F|  |TAMS 0x0000000092a00000, 0x0000000092a00000| Untracked 
| 299|0x0000000092b00000, 0x0000000092b00000, 0x0000000092c00000|  0%| F|  |TAMS 0x0000000092b00000, 0x0000000092b00000| Untracked 
| 300|0x0000000092c00000, 0x0000000092c00000, 0x0000000092d00000|  0%| F|  |TAMS 0x0000000092c00000, 0x0000000092c00000| Untracked 
| 301|0x0000000092d00000, 0x0000000092d00000, 0x0000000092e00000|  0%| F|  |TAMS 0x0000000092d00000, 0x0000000092d00000| Untracked 
| 302|0x0000000092e00000, 0x0000000092e00000, 0x0000000092f00000|  0%| F|  |TAMS 0x0000000092e00000, 0x0000000092e00000| Untracked 
| 303|0x0000000092f00000, 0x0000000092f00000, 0x0000000093000000|  0%| F|  |TAMS 0x0000000092f00000, 0x0000000092f00000| Untracked 
| 304|0x0000000093000000, 0x0000000093000000, 0x0000000093100000|  0%| F|  |TAMS 0x0000000093000000, 0x0000000093000000| Untracked 
| 305|0x0000000093100000, 0x0000000093100000, 0x0000000093200000|  0%| F|  |TAMS 0x0000000093100000, 0x0000000093100000| Untracked 
| 306|0x0000000093200000, 0x0000000093200000, 0x0000000093300000|  0%| F|  |TAMS 0x0000000093200000, 0x0000000093200000| Untracked 
| 307|0x0000000093300000, 0x0000000093300000, 0x0000000093400000|  0%| F|  |TAMS 0x0000000093300000, 0x0000000093300000| Untracked 
| 308|0x0000000093400000, 0x0000000093400000, 0x0000000093500000|  0%| F|  |TAMS 0x0000000093400000, 0x0000000093400000| Untracked 
| 309|0x0000000093500000, 0x0000000093500000, 0x0000000093600000|  0%| F|  |TAMS 0x0000000093500000, 0x0000000093500000| Untracked 
| 310|0x0000000093600000, 0x0000000093600000, 0x0000000093700000|  0%| F|  |TAMS 0x0000000093600000, 0x0000000093600000| Untracked 
| 311|0x0000000093700000, 0x0000000093700000, 0x0000000093800000|  0%| F|  |TAMS 0x0000000093700000, 0x0000000093700000| Untracked 
| 312|0x0000000093800000, 0x0000000093800000, 0x0000000093900000|  0%| F|  |TAMS 0x0000000093800000, 0x0000000093800000| Untracked 
| 313|0x0000000093900000, 0x0000000093900000, 0x0000000093a00000|  0%| F|  |TAMS 0x0000000093900000, 0x0000000093900000| Untracked 
| 314|0x0000000093a00000, 0x0000000093a00000, 0x0000000093b00000|  0%| F|  |TAMS 0x0000000093a00000, 0x0000000093a00000| Untracked 
| 315|0x0000000093b00000, 0x0000000093b00000, 0x0000000093c00000|  0%| F|  |TAMS 0x0000000093b00000, 0x0000000093b00000| Untracked 
| 316|0x0000000093c00000, 0x0000000093c00000, 0x0000000093d00000|  0%| F|  |TAMS 0x0000000093c00000, 0x0000000093c00000| Untracked 
| 317|0x0000000093d00000, 0x0000000093d00000, 0x0000000093e00000|  0%| F|  |TAMS 0x0000000093d00000, 0x0000000093d00000| Untracked 
| 318|0x0000000093e00000, 0x0000000093e00000, 0x0000000093f00000|  0%| F|  |TAMS 0x0000000093e00000, 0x0000000093e00000| Untracked 
| 319|0x0000000093f00000, 0x0000000093f00000, 0x0000000094000000|  0%| F|  |TAMS 0x0000000093f00000, 0x0000000093f00000| Untracked 
| 320|0x0000000094000000, 0x0000000094000000, 0x0000000094100000|  0%| F|  |TAMS 0x0000000094000000, 0x0000000094000000| Untracked 

Card table byte_map: [0x000001fbfbb80000,0x000001fbfbf80000] _byte_map_base: 0x000001fbfb780000

Marking Bits (Prev, Next): (CMBitMap*) 0x000001fbf7c97298, (CMBitMap*) 0x000001fbf7c972d0
 Prev Bits: [0x000001fbfc380000, 0x000001fbfe380000)
 Next Bits: [0x000001fb8f000000, 0x000001fb91000000)

Polling page: 0x000001fbf5b90000

Metaspace:

Usage:
  Non-class:     96.57 MB capacity,    94.54 MB ( 98%) used,     1.62 MB (  2%) free+waste,   422.88 KB ( <1%) overhead. 
      Class:     15.23 MB capacity,    13.94 MB ( 92%) used,     1.10 MB (  7%) free+waste,   188.62 KB (  1%) overhead. 
       Both:    111.80 MB capacity,   108.48 MB ( 97%) used,     2.72 MB (  2%) free+waste,   611.50 KB ( <1%) overhead. 

Virtual space:
  Non-class space:       98.00 MB reserved,      96.63 MB ( 99%) committed 
      Class space:        1.00 GB reserved,      15.32 MB (  1%) committed 
             Both:        1.10 GB reserved,     111.96 MB ( 10%) committed 

Chunk freelists:
   Non-Class:  1.00 KB
       Class:  0 bytes
        Both:  1.00 KB

MaxMetaspaceSize: 17179869184.00 GB
CompressedClassSpaceSize: 1.00 GB
Initial GC threshold: 20.80 MB
Current GC threshold: 181.18 MB
CDS: off

CodeHeap 'non-profiled nmethods': size=120064Kb used=10537Kb max_used=10537Kb free=109526Kb
 bounds [0x000001fb87ac0000, 0x000001fb88510000, 0x000001fb8f000000]
CodeHeap 'profiled nmethods': size=120000Kb used=38524Kb max_used=38524Kb free=81476Kb
 bounds [0x000001fb80590000, 0x000001fb82b40000, 0x000001fb87ac0000]
CodeHeap 'non-nmethods': size=5696Kb used=2416Kb max_used=2503Kb free=3280Kb
 bounds [0x000001fb80000000, 0x000001fb80280000, 0x000001fb80590000]
 total_blobs=18104 nmethods=17161 adapters=854
 compilation: enabled
              stopped_count=0, restarted_count=0
 full_count=0

Compilation events (20 events):
Event: 45.504 Thread 0x000001fbfe8aa000 18285       2       com.android.tools.r8.internal.ZJ::G (2 bytes)
Event: 45.504 Thread 0x000001fbfe8aa000 nmethod 18285 0x000001fb82b28110 code [0x000001fb82b282c0, 0x000001fb82b283b8]
Event: 45.504 Thread 0x000001fbfe8aa000 18286       2       com.android.tools.r8.internal.B9::a (15 bytes)
Event: 45.505 Thread 0x000001fbfe8aa000 nmethod 18286 0x000001fb82b28490 code [0x000001fb82b28660, 0x000001fb82b287c8]
Event: 45.505 Thread 0x000001fbfe8aa000 18287       2       com.android.tools.r8.internal.B9::a (20 bytes)
Event: 45.506 Thread 0x000001fbfe8aa000 nmethod 18287 0x000001fb82b28910 code [0x000001fb82b28b20, 0x000001fb82b28ea8]
Event: 45.514 Thread 0x000001fb93984800 nmethod 18279 0x000001fb88504b10 code [0x000001fb88504ea0, 0x000001fb88508a00]
Event: 45.514 Thread 0x000001fb93984800 18265 %     4       com.android.tools.r8.internal.uc::q @ 50 (827 bytes)
Event: 45.517 Thread 0x000001fbfe8aa000 18288       2       com.android.tools.r8.internal.Uv::a (170 bytes)
Event: 45.518 Thread 0x000001fbfe8aa000 nmethod 18288 0x000001fb82b29090 code [0x000001fb82b292c0, 0x000001fb82b297a8]
Event: 45.518 Thread 0x000001fbfe8aa000 18289       2       com.android.tools.r8.internal.wh::a (52 bytes)
Event: 45.519 Thread 0x000001fbfe8aa000 nmethod 18289 0x000001fb82b29c10 code [0x000001fb82b29e00, 0x000001fb82b2a268]
Event: 45.519 Thread 0x000001fbfe8aa000 18290       2       com.android.tools.r8.dex.code.V3::<init> (5 bytes)
Event: 45.520 Thread 0x000001fbfe8aa000 nmethod 18290 0x000001fb82b2a510 code [0x000001fb82b2a6c0, 0x000001fb82b2a7b8]
Event: 45.547 Thread 0x000001fbfe8aa000 18292 %     3       com.android.tools.r8.internal.oe::a @ 400 (452 bytes)
Event: 45.552 Thread 0x000001fbfe8aa000 nmethod 18292% 0x000001fb82b2a890 code [0x000001fb82b2ae20, 0x000001fb82b2e218]
Event: 45.556 Thread 0x000001fbfe8aa000 18293       2       com.android.tools.r8.internal.No::i (108 bytes)
Event: 45.556 Thread 0x000001fbfe8aa000 nmethod 18293 0x000001fb82b2f010 code [0x000001fb82b2f220, 0x000001fb82b2f528]
Event: 45.608 Thread 0x000001fbfe8aa000 18295       2       com.android.tools.r8.internal.Uv::a (351 bytes)
Event: 45.609 Thread 0x000001fbfe8aa000 nmethod 18295 0x000001fb82b2f810 code [0x000001fb82b2fa20, 0x000001fb82b30078]

GC Heap History (20 events):
Event: 38.658 GC heap after
{Heap after GC invocations=42 (full 0):
 garbage-first heap   total 328704K, used 134610K [0x0000000080000000, 0x0000000100000000)
  region size 1024K, 6 young (6144K), 6 survivors (6144K)
 Metaspace       used 108170K, capacity 111183K, committed 111572K, reserved 1146880K
  class space    used 13897K, capacity 15035K, committed 15180K, reserved 1048576K
}
Event: 39.313 GC heap before
{Heap before GC invocations=42 (full 0):
 garbage-first heap   total 328704K, used 248274K [0x0000000080000000, 0x0000000100000000)
  region size 1024K, 117 young (119808K), 6 survivors (6144K)
 Metaspace       used 108387K, capacity 111400K, committed 111956K, reserved 1146880K
  class space    used 13924K, capacity 15086K, committed 15308K, reserved 1048576K
}
Event: 39.332 GC heap after
{Heap after GC invocations=43 (full 0):
 garbage-first heap   total 328704K, used 135674K [0x0000000080000000, 0x0000000100000000)
  region size 1024K, 7 young (7168K), 7 survivors (7168K)
 Metaspace       used 108387K, capacity 111400K, committed 111956K, reserved 1146880K
  class space    used 13924K, capacity 15086K, committed 15308K, reserved 1048576K
}
Event: 39.986 GC heap before
{Heap before GC invocations=43 (full 0):
 garbage-first heap   total 328704K, used 253434K [0x0000000080000000, 0x0000000100000000)
  region size 1024K, 122 young (124928K), 7 survivors (7168K)
 Metaspace       used 108466K, capacity 111479K, committed 111956K, reserved 1146880K
  class space    used 13931K, capacity 15089K, committed 15308K, reserved 1048576K
}
Event: 40.002 GC heap after
{Heap after GC invocations=44 (full 0):
 garbage-first heap   total 328704K, used 136485K [0x0000000080000000, 0x0000000100000000)
  region size 1024K, 8 young (8192K), 8 survivors (8192K)
 Metaspace       used 108466K, capacity 111479K, committed 111956K, reserved 1146880K
  class space    used 13931K, capacity 15089K, committed 15308K, reserved 1048576K
}
Event: 40.550 GC heap before
{Heap before GC invocations=44 (full 0):
 garbage-first heap   total 328704K, used 258341K [0x0000000080000000, 0x0000000100000000)
  region size 1024K, 127 young (130048K), 8 survivors (8192K)
 Metaspace       used 108512K, capacity 111560K, committed 111956K, reserved 1146880K
  class space    used 13934K, capacity 15095K, committed 15308K, reserved 1048576K
}
Event: 40.568 GC heap after
{Heap after GC invocations=45 (full 0):
 garbage-first heap   total 328704K, used 138201K [0x0000000080000000, 0x0000000100000000)
  region size 1024K, 9 young (9216K), 9 survivors (9216K)
 Metaspace       used 108512K, capacity 111560K, committed 111956K, reserved 1146880K
  class space    used 13934K, capacity 15095K, committed 15308K, reserved 1048576K
}
Event: 41.121 GC heap before
{Heap before GC invocations=45 (full 0):
 garbage-first heap   total 328704K, used 267225K [0x0000000080000000, 0x0000000100000000)
  region size 1024K, 135 young (138240K), 9 survivors (9216K)
 Metaspace       used 108538K, capacity 111560K, committed 111956K, reserved 1146880K
  class space    used 13934K, capacity 15095K, committed 15308K, reserved 1048576K
}
Event: 41.140 GC heap after
{Heap after GC invocations=46 (full 0):
 garbage-first heap   total 328704K, used 137993K [0x0000000080000000, 0x0000000100000000)
  region size 1024K, 9 young (9216K), 9 survivors (9216K)
 Metaspace       used 108538K, capacity 111560K, committed 111956K, reserved 1146880K
  class space    used 13934K, capacity 15095K, committed 15308K, reserved 1048576K
}
Event: 41.789 GC heap before
{Heap before GC invocations=46 (full 0):
 garbage-first heap   total 328704K, used 272137K [0x0000000080000000, 0x0000000100000000)
  region size 1024K, 140 young (143360K), 9 survivors (9216K)
 Metaspace       used 108608K, capacity 111638K, committed 111956K, reserved 1146880K
  class space    used 13936K, capacity 15097K, committed 15308K, reserved 1048576K
}
Event: 41.808 GC heap after
{Heap after GC invocations=47 (full 0):
 garbage-first heap   total 328704K, used 137615K [0x0000000080000000, 0x0000000100000000)
  region size 1024K, 9 young (9216K), 9 survivors (9216K)
 Metaspace       used 108608K, capacity 111638K, committed 111956K, reserved 1146880K
  class space    used 13936K, capacity 15097K, committed 15308K, reserved 1048576K
}
Event: 42.476 GC heap before
{Heap before GC invocations=47 (full 0):
 garbage-first heap   total 328704K, used 275855K [0x0000000080000000, 0x0000000100000000)
  region size 1024K, 144 young (147456K), 9 survivors (9216K)
 Metaspace       used 108647K, capacity 111648K, committed 111956K, reserved 1146880K
  class space    used 13939K, capacity 15101K, committed 15308K, reserved 1048576K
}
Event: 42.497 GC heap after
{Heap after GC invocations=48 (full 0):
 garbage-first heap   total 328704K, used 138240K [0x0000000080000000, 0x0000000100000000)
  region size 1024K, 9 young (9216K), 9 survivors (9216K)
 Metaspace       used 108647K, capacity 111648K, committed 111956K, reserved 1146880K
  class space    used 13939K, capacity 15101K, committed 15308K, reserved 1048576K
}
Event: 43.117 GC heap before
{Heap before GC invocations=48 (full 0):
 garbage-first heap   total 328704K, used 278528K [0x0000000080000000, 0x0000000100000000)
  region size 1024K, 146 young (149504K), 9 survivors (9216K)
 Metaspace       used 108658K, capacity 111715K, committed 112212K, reserved 1146880K
  class space    used 13939K, capacity 15102K, committed 15308K, reserved 1048576K
}
Event: 43.139 GC heap after
{Heap after GC invocations=49 (full 0):
 garbage-first heap   total 328704K, used 139096K [0x0000000080000000, 0x0000000100000000)
  region size 1024K, 10 young (10240K), 10 survivors (10240K)
 Metaspace       used 108658K, capacity 111715K, committed 112212K, reserved 1146880K
  class space    used 13939K, capacity 15102K, committed 15308K, reserved 1048576K
}
Event: 43.932 GC heap before
{Heap before GC invocations=49 (full 0):
 garbage-first heap   total 328704K, used 279384K [0x0000000080000000, 0x0000000100000000)
  region size 1024K, 147 young (150528K), 10 survivors (10240K)
 Metaspace       used 109543K, capacity 112789K, committed 113108K, reserved 1146880K
  class space    used 14088K, capacity 15333K, committed 15436K, reserved 1048576K
}
Event: 43.959 GC heap after
{Heap after GC invocations=50 (full 0):
 garbage-first heap   total 328704K, used 140154K [0x0000000080000000, 0x0000000100000000)
  region size 1024K, 11 young (11264K), 11 survivors (11264K)
 Metaspace       used 109543K, capacity 112789K, committed 113108K, reserved 1146880K
  class space    used 14088K, capacity 15333K, committed 15436K, reserved 1048576K
}
Event: 44.881 GC heap before
{Heap before GC invocations=50 (full 0):
 garbage-first heap   total 328704K, used 283514K [0x0000000080000000, 0x0000000100000000)
  region size 1024K, 149 young (152576K), 11 survivors (11264K)
 Metaspace       used 111070K, capacity 114477K, committed 114644K, reserved 1148928K
  class space    used 14275K, capacity 15592K, committed 15692K, reserved 1048576K
}
Event: 44.908 GC heap after
{Heap after GC invocations=51 (full 0):
 garbage-first heap   total 328704K, used 137782K [0x0000000080000000, 0x0000000100000000)
  region size 1024K, 5 young (5120K), 5 survivors (5120K)
 Metaspace       used 111070K, capacity 114477K, committed 114644K, reserved 1148928K
  class space    used 14275K, capacity 15592K, committed 15692K, reserved 1048576K
}
Event: 45.622 GC heap before
{Heap before GC invocations=51 (full 0):
 garbage-first heap   total 328704K, used 283190K [0x0000000080000000, 0x0000000100000000)
  region size 1024K, 147 young (150528K), 5 survivors (5120K)
 Metaspace       used 111079K, capacity 114479K, committed 114644K, reserved 1148928K
  class space    used 14275K, capacity 15592K, committed 15692K, reserved 1048576K
}

Deoptimization events (20 events):
Event: 45.095 Thread 0x000001fb94708000 DEOPT PACKING pc=0x000001fb805e31c3 sp=0x0000000fa47f99a0
Event: 45.095 Thread 0x000001fb94708000 DEOPT UNPACKING pc=0x000001fb8004a95e sp=0x0000000fa47f8e50 mode 0
Event: 45.180 Thread 0x000001fb94708000 DEOPT PACKING pc=0x000001fb824f6b0c sp=0x0000000fa47f8d90
Event: 45.180 Thread 0x000001fb94708000 DEOPT UNPACKING pc=0x000001fb8004a95e sp=0x0000000fa47f8620 mode 0
Event: 45.182 Thread 0x000001fb94708000 Uncommon trap: trap_request=0xffffffbe fr.pc=0x000001fb884ebd00 relative=0x0000000000007120
Event: 45.182 Thread 0x000001fb94708000 Uncommon trap: reason=profile_predicate action=maybe_recompile pc=0x000001fb884ebd00 method=com.android.tools.r8.ir.regalloc.b.c(IZ)I @ 963 c2
Event: 45.182 Thread 0x000001fb94708000 DEOPT PACKING pc=0x000001fb884ebd00 sp=0x0000000fa47f90f0
Event: 45.182 Thread 0x000001fb94708000 DEOPT UNPACKING pc=0x000001fb8004a1af sp=0x0000000fa47f9128 mode 2
Event: 45.182 Thread 0x000001fb94708000 Uncommon trap: trap_request=0xffffffbe fr.pc=0x000001fb884ebd00 relative=0x0000000000007120
Event: 45.183 Thread 0x000001fb94708000 Uncommon trap: reason=profile_predicate action=maybe_recompile pc=0x000001fb884ebd00 method=com.android.tools.r8.ir.regalloc.b.c(IZ)I @ 963 c2
Event: 45.183 Thread 0x000001fb94708000 DEOPT PACKING pc=0x000001fb884ebd00 sp=0x0000000fa47f90f0
Event: 45.183 Thread 0x000001fb94708000 DEOPT UNPACKING pc=0x000001fb8004a1af sp=0x0000000fa47f9128 mode 2
Event: 45.188 Thread 0x000001fb94708000 Uncommon trap: trap_request=0xffffffbe fr.pc=0x000001fb884ebd00 relative=0x0000000000007120
Event: 45.188 Thread 0x000001fb94708000 Uncommon trap: reason=profile_predicate action=maybe_recompile pc=0x000001fb884ebd00 method=com.android.tools.r8.ir.regalloc.b.c(IZ)I @ 963 c2
Event: 45.188 Thread 0x000001fb94708000 DEOPT PACKING pc=0x000001fb884ebd00 sp=0x0000000fa47f90f0
Event: 45.188 Thread 0x000001fb94708000 DEOPT UNPACKING pc=0x000001fb8004a1af sp=0x0000000fa47f9128 mode 2
Event: 45.191 Thread 0x000001fb94708000 Uncommon trap: trap_request=0xffffffbe fr.pc=0x000001fb884ebd00 relative=0x0000000000007120
Event: 45.191 Thread 0x000001fb94708000 Uncommon trap: reason=profile_predicate action=maybe_recompile pc=0x000001fb884ebd00 method=com.android.tools.r8.ir.regalloc.b.c(IZ)I @ 963 c2
Event: 45.191 Thread 0x000001fb94708000 DEOPT PACKING pc=0x000001fb884ebd00 sp=0x0000000fa47f90f0
Event: 45.191 Thread 0x000001fb94708000 DEOPT UNPACKING pc=0x000001fb8004a1af sp=0x0000000fa47f9128 mode 2

Classes redefined (0 events):
No events

Internal exceptions (20 events):
Event: 34.389 Thread 0x000001fb9470c000 Exception <a 'java/lang/IncompatibleClassChangeError'{0x000000008f088698}: Found class java.lang.Object, but interface was expected> (0x000000008f088698) thrown at [src/hotspot/share/interpreter/linkResolver.cpp, line 839]
Event: 34.516 Thread 0x000001fb93419000 Exception <a 'java/lang/NoSuchMethodError'{0x000000008e2f7480}: 'void java.lang.invoke.DirectMethodHandle$Holder.invokeSpecial(java.lang.Object, java.lang.Object, int, java.lang.Object)'> (0x000000008e2f7480) thrown at [src/hotspot/share/interpreter/linkResolver.cpp, line 773]
Event: 34.640 Thread 0x000001fb9470c000 Exception <a 'java/lang/NoSuchMethodError'{0x000000008d2c23a8}: 'int java.lang.invoke.DirectMethodHandle$Holder.invokeSpecial(java.lang.Object, java.lang.Object, java.lang.Object, int, java.lang.Object)'> (0x000000008d2c23a8) thrown at [src/hotspot/share/interpreter/linkResolver.cpp, line 773]
Event: 34.640 Thread 0x000001fb94708000 Exception <a 'java/lang/NoSuchMethodError'{0x000000008d38d2e0}: 'int java.lang.invoke.DirectMethodHandle$Holder.invokeSpecial(java.lang.Object, java.lang.Object, java.lang.Object, int, java.lang.Object)'> (0x000000008d38d2e0) thrown at [src/hotspot/share/interpreter/linkResolver.cpp, line 773]
Event: 34.640 Thread 0x000001fb93419000 Exception <a 'java/lang/NoSuchMethodError'{0x000000008d214a30}: 'int java.lang.invoke.DirectMethodHandle$Holder.invokeSpecial(java.lang.Object, java.lang.Object, java.lang.Object, int, java.lang.Object)'> (0x000000008d214a30) thrown at [src/hotspot/share/interpreter/linkResolver.cpp, line 773]
Event: 35.116 Thread 0x000001fb93419000 Exception <a 'java/lang/NoSuchMethodError'{0x000000008bff2e10}: 'java.lang.Object java.lang.invoke.DirectMethodHandle$Holder.invokeInterface(java.lang.Object, java.lang.Object, int)'> (0x000000008bff2e10) thrown at [src/hotspot/share/interpreter/linkResolver.cpp, line 773]
Event: 35.230 Thread 0x000001fb94708000 Exception <a 'java/lang/NoSuchMethodError'{0x0000000090a65860}: 'int java.lang.invoke.DirectMethodHandle$Holder.invokeStatic(java.lang.Object, java.lang.Object, int, java.lang.Object)'> (0x0000000090a65860) thrown at [src/hotspot/share/interpreter/linkResolver.cpp, line 773]
Event: 38.940 Thread 0x000001fb93419000 Exception <a 'java/lang/NoSuchMethodError'{0x0000000090f0d138}: 'java.lang.Object java.lang.invoke.DirectMethodHandle$Holder.invokeSpecial(java.lang.Object, java.lang.Object, java.lang.Object, java.lang.Object, java.lang.Object, java.lang.Object, java.lang.Object, java.lang.Object, java.lang.Object, java.lang.Object, java.lang.Object)'> (0x0000000090f0d138) thrown at [src/hotspot/share/interpreter/linkResolver.cpp, line 773]
Event: 38.941 Thread 0x000001fb93419000 Exception <a 'java/lang/NoSuchMethodError'{0x0000000090f18ad8}: 'java.lang.Object java.lang.invoke.Invokers$Holder.linkToTargetMethod(java.lang.Object, java.lang.Object, java.lang.Object, java.lang.Object, java.lang.Object, java.lang.Object, java.lang.Object, java.lang.Object, java.lang.Object, java.lang.Object)'> (0x0000000090f18ad8) thrown at [src/hotspot/share/interpreter/linkResolver.cpp, line 773]
Event: 38.984 Thread 0x000001fb93419000 Exception <a 'java/lang/IncompatibleClassChangeError'{0x0000000090e6a1f8}: Found class java.lang.Object, but interface was expected> (0x0000000090e6a1f8) thrown at [src/hotspot/share/interpreter/linkResolver.cpp, line 839]
Event: 40.014 Thread 0x000001fb94708000 Exception <a 'java/lang/NoSuchMethodError'{0x00000000940f1618}: 'int java.lang.invoke.DirectMethodHandle$Holder.invokeInterface(java.lang.Object, java.lang.Object, int)'> (0x00000000940f1618) thrown at [src/hotspot/share/interpreter/linkResolver.cpp, line 773]
Event: 43.635 Thread 0x000001fb93419000 Implicit null exception at 0x000001fb8836c0ef to 0x000001fb8836c22c
Event: 43.785 Thread 0x000001fb93419000 Exception <a 'java/lang/NoSuchMethodError'{0x000000008c980938}: 'java.lang.Object java.lang.invoke.Invokers$Holder.linkToTargetMethod(java.lang.Object, int, java.lang.Object, java.lang.Object, java.lang.Object, java.lang.Object)'> (0x000000008c980938) thrown at [src/hotspot/share/interpreter/linkResolver.cpp, line 773]
Event: 43.835 Thread 0x000001fb93419000 Exception <a 'java/lang/NoSuchMethodError'{0x000000008c1ad640}: 'void java.lang.invoke.DirectMethodHandle$Holder.invokeStatic(java.lang.Object, java.lang.Object, java.lang.Object, java.lang.Object, java.lang.Object, java.lang.Object, java.lang.Object, java.lang.Object)'> (0x000000008c1ad640) thrown at [src/hotspot/share/interpreter/linkResolver.cpp, line 773]
Event: 43.854 Thread 0x000001fb93419000 Implicit null exception at 0x000001fb883f7d6f to 0x000001fb883f7e74
Event: 44.228 Thread 0x000001fb93419000 Exception <a 'java/lang/IncompatibleClassChangeError'{0x00000000925e2a38}: Found class java.lang.Object, but interface was expected> (0x00000000925e2a38) thrown at [src/hotspot/share/interpreter/linkResolver.cpp, line 839]
Event: 44.541 Thread 0x000001fb9470c000 Exception <a 'java/lang/NoSuchMethodError'{0x00000000904ee318}: 'void java.lang.invoke.DirectMethodHandle$Holder.invokeSpecial(java.lang.Object, java.lang.Object, int)'> (0x00000000904ee318) thrown at [src/hotspot/share/interpreter/linkResolver.cpp, line 773]
Event: 44.716 Thread 0x000001fb9470c000 Exception <a 'sun/nio/fs/WindowsException'{0x000000008f765730}> (0x000000008f765730) thrown at [src/hotspot/share/prims/jni.cpp, line 617]
Event: 44.716 Thread 0x000001fb93419000 Exception <a 'sun/nio/fs/WindowsException'{0x000000008f7d00a0}> (0x000000008f7d00a0) thrown at [src/hotspot/share/prims/jni.cpp, line 617]
Event: 44.760 Thread 0x000001fb93419000 Exception <a 'java/lang/NoSuchMethodError'{0x000000008f2d9670}: 'java.lang.Object java.lang.invoke.DirectMethodHandle$Holder.newInvokeSpecial(java.lang.Object, java.lang.Object, java.lang.Object, java.lang.Object)'> (0x000000008f2d9670) thrown at [src/hotspot/share/interpreter/linkResolver.cpp, line 773]

Events (20 events):
Event: 44.761 loading class org/gradle/internal/execution/history/AfterExecutionState done
Event: 44.761 loading class org/gradle/internal/execution/steps/RecordOutputsStep
Event: 44.761 loading class org/gradle/internal/execution/steps/RecordOutputsStep done
Event: 44.762 loading class org/gradle/internal/snapshot/FileSystemLocationSnapshot
Event: 44.762 loading class org/gradle/internal/snapshot/FileSystemLocationSnapshot done
Event: 44.762 loading class org/gradle/internal/snapshot/FileSystemLocationSnapshot
Event: 44.762 loading class org/gradle/internal/snapshot/FileSystemLocationSnapshot done
Event: 44.762 loading class org/gradle/internal/execution/history/impl/DefaultOutputFilesRepository
Event: 44.762 loading class org/gradle/internal/execution/history/impl/DefaultOutputFilesRepository done
Event: 44.762 loading class org/gradle/internal/execution/history/impl/DefaultOutputFilesRepository$1
Event: 44.762 loading class org/gradle/internal/execution/history/impl/DefaultOutputFilesRepository$1 done
Event: 44.762 loading class org/gradle/internal/execution/history/impl/FileSystemSnapshotSerializer$1
Event: 44.762 loading class org/gradle/internal/execution/history/impl/FileSystemSnapshotSerializer$1 done
Event: 44.764 loading class org/gradle/internal/execution/history/impl/FileSystemSnapshotSerializer$1$1
Event: 44.764 loading class org/gradle/internal/execution/history/impl/FileSystemSnapshotSerializer$1$1 done
Event: 44.770 loading class org/gradle/internal/execution/steps/SkipUpToDateStep$2
Event: 44.770 loading class org/gradle/internal/execution/steps/SkipUpToDateStep$2 done
Event: 44.880 Executing VM operation: G1CollectForAllocation
Event: 44.908 Executing VM operation: G1CollectForAllocation done
Event: 45.621 Executing VM operation: G1CollectForAllocation


Dynamic libraries:
0x00007ff605dd0000 - 0x00007ff605dda000 	C:\Program Files\Android\Android Studio\jbr\bin\java.exe
0x00007ffe327f0000 - 0x00007ffe329e8000 	C:\WINDOWS\SYSTEM32\ntdll.dll
0x00007ffe31d30000 - 0x00007ffe31def000 	C:\WINDOWS\System32\KERNEL32.DLL
0x00007ffe30000000 - 0x00007ffe302da000 	C:\WINDOWS\System32\KERNELBASE.dll
0x00007ffe2ff00000 - 0x00007ffe30000000 	C:\WINDOWS\System32\ucrtbase.dll
0x00007ffe2baa0000 - 0x00007ffe2bab7000 	C:\Program Files\Android\Android Studio\jbr\bin\jli.dll
0x00007ffe28890000 - 0x00007ffe288ab000 	C:\Program Files\Android\Android Studio\jbr\bin\VCRUNTIME140.dll
0x00007ffe32600000 - 0x00007ffe3279d000 	C:\WINDOWS\System32\USER32.dll
0x00007ffe30780000 - 0x00007ffe307a2000 	C:\WINDOWS\System32\win32u.dll
0x00007ffe1e340000 - 0x00007ffe1e5da000 	C:\WINDOWS\WinSxS\amd64_microsoft.windows.common-controls_6595b64144ccf1df_6.0.19041.1110_none_60b5254171f9507e\COMCTL32.dll
0x00007ffe31400000 - 0x00007ffe3142b000 	C:\WINDOWS\System32\GDI32.dll
0x00007ffe32240000 - 0x00007ffe322de000 	C:\WINDOWS\System32\msvcrt.dll
0x00007ffe303c0000 - 0x00007ffe304d0000 	C:\WINDOWS\System32\gdi32full.dll
0x00007ffe307b0000 - 0x00007ffe3084d000 	C:\WINDOWS\System32\msvcp_win.dll
0x00007ffe30850000 - 0x00007ffe30880000 	C:\WINDOWS\System32\IMM32.DLL
0x00007ffe2cc20000 - 0x00007ffe2cc2c000 	C:\Program Files\Android\Android Studio\jbr\bin\vcruntime140_1.dll
0x00007ffe22740000 - 0x00007ffe227cd000 	C:\Program Files\Android\Android Studio\jbr\bin\msvcp140.dll
0x00007ffdfbb00000 - 0x00007ffdfc6bc000 	C:\Program Files\Android\Android Studio\jbr\bin\server\jvm.dll
0x00007ffe31c80000 - 0x00007ffe31d2e000 	C:\WINDOWS\System32\ADVAPI32.dll
0x00007ffe310f0000 - 0x00007ffe3118c000 	C:\WINDOWS\System32\sechost.dll
0x00007ffe324d0000 - 0x00007ffe325f6000 	C:\WINDOWS\System32\RPCRT4.dll
0x00007ffe30880000 - 0x00007ffe30888000 	C:\WINDOWS\System32\PSAPI.DLL
0x00007ffe2cfe0000 - 0x00007ffe2cfe9000 	C:\WINDOWS\SYSTEM32\WSOCK32.dll
0x00007ffe321d0000 - 0x00007ffe3223b000 	C:\WINDOWS\System32\WS2_32.dll
0x00007ffe1d6c0000 - 0x00007ffe1d6e7000 	C:\WINDOWS\SYSTEM32\WINMM.dll
0x00007ffe209f0000 - 0x00007ffe209fa000 	C:\WINDOWS\SYSTEM32\VERSION.dll
0x00007ffe2e710000 - 0x00007ffe2e722000 	C:\WINDOWS\SYSTEM32\kernel.appcore.dll
0x00007ffe2cfd0000 - 0x00007ffe2cfe0000 	C:\Program Files\Android\Android Studio\jbr\bin\verify.dll
0x00007ffe1bf90000 - 0x00007ffe1c174000 	C:\WINDOWS\SYSTEM32\DBGHELP.DLL
0x00007ffe1bf50000 - 0x00007ffe1bf84000 	C:\WINDOWS\SYSTEM32\dbgcore.DLL
0x00007ffe302e0000 - 0x00007ffe30362000 	C:\WINDOWS\System32\bcryptPrimitives.dll
0x00007ffe2cfa0000 - 0x00007ffe2cfc8000 	C:\Program Files\Android\Android Studio\jbr\bin\java.dll
0x00007ffe2cf90000 - 0x00007ffe2cf9a000 	C:\Program Files\Android\Android Studio\jbr\bin\jimage.dll
0x00007ffe2cf80000 - 0x00007ffe2cf8e000 	C:\Program Files\Android\Android Studio\jbr\bin\instrument.dll
0x00007ffe2ba80000 - 0x00007ffe2ba98000 	C:\Program Files\Android\Android Studio\jbr\bin\zip.dll
0x00007ffe314a0000 - 0x00007ffe31be4000 	C:\WINDOWS\System32\SHELL32.dll
0x00007ffe2deb0000 - 0x00007ffe2e643000 	C:\WINDOWS\SYSTEM32\windows.storage.dll
0x00007ffe31df0000 - 0x00007ffe32144000 	C:\WINDOWS\System32\combase.dll
0x00007ffe2f7a0000 - 0x00007ffe2f7ce000 	C:\WINDOWS\SYSTEM32\Wldp.dll
0x00007ffe308f0000 - 0x00007ffe3099d000 	C:\WINDOWS\System32\SHCORE.dll
0x00007ffe31190000 - 0x00007ffe311e5000 	C:\WINDOWS\System32\shlwapi.dll
0x00007ffe2fe40000 - 0x00007ffe2fe5f000 	C:\WINDOWS\SYSTEM32\profapi.dll
0x00007ffe2cf70000 - 0x00007ffe2cf7a000 	C:\Program Files\Android\Android Studio\jbr\bin\management.dll
0x00007ffe2cc90000 - 0x00007ffe2cc9b000 	C:\Program Files\Android\Android Studio\jbr\bin\management_ext.dll
0x00007ffe2ba60000 - 0x00007ffe2ba79000 	C:\Program Files\Android\Android Studio\jbr\bin\net.dll
0x00007ffe221f0000 - 0x00007ffe222fa000 	C:\WINDOWS\SYSTEM32\WINHTTP.dll
0x00007ffe2f580000 - 0x00007ffe2f5ea000 	C:\WINDOWS\system32\mswsock.dll
0x00007ffe2ba40000 - 0x00007ffe2ba53000 	C:\Program Files\Android\Android Studio\jbr\bin\nio.dll
0x00007ffe1f250000 - 0x00007ffe1f267000 	C:\WINDOWS\system32\napinsp.dll
0x00007ffe24c70000 - 0x00007ffe24c8b000 	C:\WINDOWS\system32\pnrpnsp.dll
0x00007ffe29f30000 - 0x00007ffe29f45000 	C:\WINDOWS\system32\wshbth.dll
0x00007ffe2b1e0000 - 0x00007ffe2b1fd000 	C:\WINDOWS\system32\NLAapi.dll
0x00007ffe2f290000 - 0x00007ffe2f2cc000 	C:\WINDOWS\SYSTEM32\IPHLPAPI.DLL
0x00007ffe2f2d0000 - 0x00007ffe2f39b000 	C:\WINDOWS\SYSTEM32\DNSAPI.dll
0x00007ffe327a0000 - 0x00007ffe327a8000 	C:\WINDOWS\System32\NSI.dll
0x00007ffe28a30000 - 0x00007ffe28a42000 	C:\WINDOWS\System32\winrnr.dll
0x00007ffe20e00000 - 0x00007ffe20e0a000 	C:\Windows\System32\rasadhlp.dll
0x00007ffe21fb0000 - 0x00007ffe22030000 	C:\WINDOWS\System32\fwpuclnt.dll
0x00007ffe30750000 - 0x00007ffe30777000 	C:\WINDOWS\System32\bcrypt.dll
0x00007ffe2afb0000 - 0x00007ffe2afd7000 	C:\Users\shahzaib lptp\AndroidStudioProjects\loginsqlite\native\e1d6ef7f7dcc3fd88c89a11ec53ec762bb8ba0a96d01ffa2cd45eb1d1d8dd5c5\windows-amd64\native-platform.dll
0x00007ffe06460000 - 0x00007ffe065a4000 	C:\Users\shahzaib lptp\AndroidStudioProjects\loginsqlite\native\0d407fdbe67a94daf76414ababcb853783967236a71b16ec16e742cd7a986fd3\windows-amd64\native-platform-file-events.dll
0x00007ffe2fb20000 - 0x00007ffe2fb38000 	C:\WINDOWS\SYSTEM32\CRYPTSP.dll
0x00007ffe2eec0000 - 0x00007ffe2eef4000 	C:\WINDOWS\system32\rsaenh.dll
0x00007ffe2fe00000 - 0x00007ffe2fe2e000 	C:\WINDOWS\SYSTEM32\USERENV.dll
0x00007ffe2f710000 - 0x00007ffe2f71c000 	C:\WINDOWS\SYSTEM32\CRYPTBASE.dll
0x00007ffe23110000 - 0x00007ffe23127000 	C:\WINDOWS\SYSTEM32\dhcpcsvc6.DLL
0x00007ffe230f0000 - 0x00007ffe2310d000 	C:\WINDOWS\SYSTEM32\dhcpcsvc.DLL

dbghelp: loaded successfully - version: 4.0.5 - missing functions: none
symbol engine: initialized successfully - sym options: 0x614 - pdb path: .;C:\Program Files\Android\Android Studio\jbr\bin;C:\WINDOWS\SYSTEM32;C:\WINDOWS\WinSxS\amd64_microsoft.windows.common-controls_6595b64144ccf1df_6.0.19041.1110_none_60b5254171f9507e;C:\Program Files\Android\Android Studio\jbr\bin\server;C:\Users\shahzaib lptp\AndroidStudioProjects\loginsqlite\native\e1d6ef7f7dcc3fd88c89a11ec53ec762bb8ba0a96d01ffa2cd45eb1d1d8dd5c5\windows-amd64;C:\Users\shahzaib lptp\AndroidStudioProjects\loginsqlite\native\0d407fdbe67a94daf76414ababcb853783967236a71b16ec16e742cd7a986fd3\windows-amd64

VM Arguments:
jvm_args: -javaagent:C:\Program Files\Android\Android Studio\plugins\android\resources\trace_agent.jar=C:\Users\SHAHZA~1\AppData\Local\Temp\sync.trace.profile --add-opens=java.base/java.util=ALL-UNNAMED --add-opens=java.base/java.lang=ALL-UNNAMED --add-opens=java.base/java.lang.invoke=ALL-UNNAMED --add-opens=java.base/java.util=ALL-UNNAMED --add-opens=java.prefs/java.util.prefs=ALL-UNNAMED --add-opens=java.prefs/java.util.prefs=ALL-UNNAMED --add-opens=java.base/java.nio.charset=ALL-UNNAMED --add-opens=java.base/java.net=ALL-UNNAMED --add-opens=java.base/java.util.concurrent.atomic=ALL-UNNAMED -Xmx2048m -Dfile.encoding=UTF-8 -Duser.country=US -Duser.language=en -Duser.variant 
java_command: org.gradle.launcher.daemon.bootstrap.GradleDaemon 7.5
java_class_path (initial): C:\Users\shahzaib lptp\AndroidStudioProjects\loginsqlite\wrapper\dists\gradle-7.5-bin\f1w0cc9nuo0eivz97x2xlu9sv\gradle-7.5\lib\gradle-launcher-7.5.jar
Launcher Type: SUN_STANDARD

[Global flags]
     intx CICompilerCount                          = 3                                         {product} {ergonomic}
     uint ConcGCThreads                            = 1                                         {product} {ergonomic}
     uint G1ConcRefinementThreads                  = 4                                         {product} {ergonomic}
   size_t G1HeapRegionSize                         = 1048576                                   {product} {ergonomic}
    uintx GCDrainStackTargetSize                   = 64                                        {product} {ergonomic}
   size_t InitialHeapSize                          = 134217728                                 {product} {ergonomic}
   size_t MarkStackSize                            = 4194304                                   {product} {ergonomic}
   size_t MaxHeapSize                              = 2147483648                                {product} {command line}
   size_t MaxNewSize                               = 1287651328                                {product} {ergonomic}
   size_t MinHeapDeltaBytes                        = 1048576                                   {product} {ergonomic}
    uintx NonNMethodCodeHeapSize                   = 5830732                                {pd product} {ergonomic}
    uintx NonProfiledCodeHeapSize                  = 122913754                              {pd product} {ergonomic}
    uintx ProfiledCodeHeapSize                     = 122913754                              {pd product} {ergonomic}
    uintx ReservedCodeCacheSize                    = 251658240                              {pd product} {ergonomic}
     bool SegmentedCodeCache                       = true                                      {product} {ergonomic}
     bool UseCompressedClassPointers               = true                                 {lp64_product} {ergonomic}
     bool UseCompressedOops                        = true                                 {lp64_product} {ergonomic}
     bool UseG1GC                                  = true                                      {product} {ergonomic}
     bool UseLargePagesIndividualAllocation        = false                                  {pd product} {ergonomic}

Logging:
Log output configuration:
 #0: stdout all=warning uptime,level,tags
 #1: stderr all=off uptime,level,tags

Environment Variables:
PATH=C:\Program Files\Python310\Scripts\;C:\Program Files\Python310\;C:\Program Files\Common Files\Oracle\Java\javapath;C:\app\bin;C:\app\shahzaiblptp\product\11.2.0\dbhome_1\bin;C:\WINDOWS\system32;C:\WINDOWS;C:\WINDOWS\System32\Wbem;C:\WINDOWS\System32\WindowsPowerShell\v1.0\;c:\Program Files (x86)\Microsoft SQL Server\100\Tools\Binn\;c:\Program Files\Microsoft SQL Server\100\Tools\Binn\;c:\Program Files\Microsoft SQL Server\100\DTS\Binn\;C:\WINDOWS\System32\OpenSSH\;C:\ProgramData\chocolatey\bin;%JAVA_HOME%\bin;C:\Users\shahzaib lptp\AppData\Local\Microsoft\WindowsApps;C:\Program Files\JetBrains\IntelliJ IDEA Community Edition 2021.3\bin;;C:\Program Files\Python310\PyCharm Community Edition 2022.1\bin;;C:\Users\shahzaib lptp\AppData\Local\Programs\Microsoft VS Code\bin;C:\Program Files\flutter\bin;C:\src\flutter\bin;C:\Program Files\Android\Android Studio\bin;
USERNAME=shahzaib lptp
OS=Windows_NT
PROCESSOR_IDENTIFIER=Intel64 Family 6 Model 69 Stepping 1, GenuineIntel



---------------  S Y S T E M  ---------------

OS: Windows 10 , 64 bit Build 19041 (10.0.19041.2788)
OS uptime: 8 days 18:11 hours
Hyper-V role detected

CPU:total 4 (initial active 4) (2 cores per cpu, 2 threads per core) family 6 model 69 stepping 1 microcode 0x26, cmov, cx8, fxsr, mmx, sse, sse2, sse3, ssse3, sse4.1, sse4.2, popcnt, avx, avx2, aes, clmul, erms, lzcnt, ht, tsc, tscinvbit, bmi1, bmi2, fma

Memory: 4k page, system-wide physical 8073M (1320M free)
TotalPageFile size 10073M (AvailPageFile size 36M)
current process WorkingSet (physical memory assigned to process): 699M, peak: 700M
current process commit charge ("private bytes"): 749M, peak: 811M

vm_info: OpenJDK 64-Bit Server VM (11.0.15+0-b2043.56-9505619) for windows-amd64 JRE (11.0.15+0-b2043.56-9505619), built on Jan 19 2023 02:48:00 by "builduser" with unknown MS VC++:1929

END.
