#
# There is insufficient memory for the Java Runtime Environment to continue.
# Native memory allocation (malloc) failed to allocate 2232656 bytes for Chunk::new
# Possible reasons:
#   The system is out of physical RAM or swap space
#   The process is running with CompressedOops enabled, and the Java Heap may be blocking the growth of the native heap
# Possible solutions:
#   Reduce memory load on the system
#   Increase physical memory or swap space
#   Check if swap backing store is full
#   Decrease Java heap size (-Xmx/-Xms)
#   Decrease number of Java threads
#   Decrease Java thread stack sizes (-Xss)
#   Set larger code cache with -XX:ReservedCodeCacheSize=
#   JVM is running with Unscaled Compressed Oops mode in which the Java heap is
#     placed in the first 4GB address space. The Java Heap base address is the
#     maximum limit for the native heap growth. Please use -XX:HeapBaseMinAddress
#     to set the Java Heap base and to place the Java Heap above 4GB virtual address.
# This output file may be truncated or incomplete.
#
#  Out of Memory Error (src/hotspot/share/memory/arena.cpp:197), pid=7292, tid=11224
#
# JRE version: OpenJDK Runtime Environment (11.0.15) (build 11.0.15+0-b2043.56-9505619)
# Java VM: OpenJDK 64-Bit Server VM (11.0.15+0-b2043.56-9505619, mixed mode, tiered, compressed oops, g1 gc, windows-amd64)
# No core dump will be written. Minidumps are not enabled by default on client versions of Windows
#

---------------  S U M M A R Y ------------

Command Line: -javaagent:C:\Program Files\Android\Android Studio\plugins\android\resources\trace_agent.jar=C:\Users\SHAHZA~1\AppData\Local\Temp\sync.trace.profile --add-opens=java.base/java.util=ALL-UNNAMED --add-opens=java.base/java.lang=ALL-UNNAMED --add-opens=java.base/java.lang.invoke=ALL-UNNAMED --add-opens=java.base/java.util=ALL-UNNAMED --add-opens=java.prefs/java.util.prefs=ALL-UNNAMED --add-opens=java.prefs/java.util.prefs=ALL-UNNAMED --add-opens=java.base/java.nio.charset=ALL-UNNAMED --add-opens=java.base/java.net=ALL-UNNAMED --add-opens=java.base/java.util.concurrent.atomic=ALL-UNNAMED -Xmx2048m -Dfile.encoding=UTF-8 -Duser.country=US -Duser.language=en -Duser.variant org.gradle.launcher.daemon.bootstrap.GradleDaemon 7.5

Host: Intel(R) Core(TM) i5-4310U CPU @ 2.00GHz, 4 cores, 7G,  Windows 10 , 64 bit Build 19041 (10.0.19041.2788)
Time: Mon May  8 15:59:01 2023 Pakistan Standard Time elapsed time: 18.976125 seconds (0d 0h 0m 18s)

---------------  T H R E A D  ---------------

Current thread (0x000001ca7fadd000):  JavaThread "C2 CompilerThread0" daemon [_thread_in_native, id=11224, stack(0x0000008876800000,0x0000008876900000)]


Current CompileTask:
C2:  18976 6293       4       org.objectweb.asm.SymbolTable::addConstantMemberReference (147 bytes)

Stack: [0x0000008876800000,0x0000008876900000]
Native frames: (J=compiled Java code, j=interpreted, Vv=VM code, C=native code)
V  [jvm.dll+0x64135a]
V  [jvm.dll+0x7d39f9]
V  [jvm.dll+0x7d51b9]
V  [jvm.dll+0x7d58a3]
V  [jvm.dll+0x2691c5]
V  [jvm.dll+0xc1a5c]
V  [jvm.dll+0xc200c]
V  [jvm.dll+0x377462]
V  [jvm.dll+0x342495]
V  [jvm.dll+0x34186a]
V  [jvm.dll+0x2214bd]
V  [jvm.dll+0x220498]
V  [jvm.dll+0x19e851]
V  [jvm.dll+0x230479]
V  [jvm.dll+0x22e5ef]
V  [jvm.dll+0x794de1]
V  [jvm.dll+0x78dc24]
V  [jvm.dll+0x6400f6]
C  [ucrtbase.dll+0x21bb2]
C  [KERNEL32.DLL+0x17604]
C  [ntdll.dll+0x526a1]


---------------  P R O C E S S  ---------------

Threads class SMR info:
_java_thread_list=0x000001ca19104190, length=78, elements={
0x000001ca7ae9b000, 0x000001ca7fabc000, 0x000001ca7fabd000, 0x000001ca7fad3800,
0x000001ca7fad5000, 0x000001ca7fada000, 0x000001ca7fadd000, 0x000001ca7fae0800,
0x000001ca7faf5000, 0x000001ca7fa59000, 0x000001ca1607f800, 0x000001ca180ce000,
0x000001ca1b58e800, 0x000001ca19534800, 0x000001ca1ae54000, 0x000001ca1abee800,
0x000001ca1924f800, 0x000001ca169b6800, 0x000001ca1af4e800, 0x000001ca19726000,
0x000001ca197aa800, 0x000001ca19387800, 0x000001ca19388800, 0x000001ca1938a800,
0x000001ca19389000, 0x000001ca1938a000, 0x000001ca19385000, 0x000001ca1938b800,
0x000001ca19386800, 0x000001ca19386000, 0x000001ca1a7eb000, 0x000001ca1a7ed000,
0x000001ca1a7ee800, 0x000001ca1a7ed800, 0x000001ca1a7ec000, 0x000001ca1a7f6800,
0x000001ca1a7f4000, 0x000001ca1a7f5000, 0x000001ca1a7f7800, 0x000001ca1a7f8000,
0x000001ca1a7f3800, 0x000001ca1a7f2800, 0x000001ca1b293000, 0x000001ca1b297800,
0x000001ca1b293800, 0x000001ca1b297000, 0x000001ca1b294800, 0x000001ca1b292000,
0x000001ca1b29b000, 0x000001ca1b298800, 0x000001ca1b29a000, 0x000001ca1b295800,
0x000001ca1b299800, 0x000001ca1b296000, 0x000001ca1b29c800, 0x000001ca1b29c000,
0x000001ca1b29d800, 0x000001ca1b29e800, 0x000001ca1b29f000, 0x000001ca1b2a0000,
0x000001ca1b2a0800, 0x000001ca1a0d8800, 0x000001ca1a0d5800, 0x000001ca1a0d7000,
0x000001ca1a0d6000, 0x000001ca1a0d7800, 0x000001ca1a0d9800, 0x000001ca1a0d3800,
0x000001ca1a0da000, 0x000001ca1a0d4800, 0x000001ca1a0dd800, 0x000001ca1a0db000,
0x000001ca1a0dc800, 0x000001ca1a0de000, 0x000001ca1a0df000, 0x000001ca1a0e1800,
0x000001ca1a0dc000, 0x000001ca1a0e2800
}

Java Threads: ( => current thread )
  0x000001ca7ae9b000 JavaThread "main" [_thread_blocked, id=13296, stack(0x0000008875c00000,0x0000008875d00000)]
  0x000001ca7fabc000 JavaThread "Reference Handler" daemon [_thread_blocked, id=14328, stack(0x0000008876300000,0x0000008876400000)]
  0x000001ca7fabd000 JavaThread "Finalizer" daemon [_thread_blocked, id=11688, stack(0x0000008876400000,0x0000008876500000)]
  0x000001ca7fad3800 JavaThread "Signal Dispatcher" daemon [_thread_blocked, id=8748, stack(0x0000008876500000,0x0000008876600000)]
  0x000001ca7fad5000 JavaThread "Attach Listener" daemon [_thread_blocked, id=14748, stack(0x0000008876600000,0x0000008876700000)]
  0x000001ca7fada000 JavaThread "Service Thread" daemon [_thread_blocked, id=7820, stack(0x0000008876700000,0x0000008876800000)]
=>0x000001ca7fadd000 JavaThread "C2 CompilerThread0" daemon [_thread_in_native, id=11224, stack(0x0000008876800000,0x0000008876900000)]
  0x000001ca7fae0800 JavaThread "C1 CompilerThread0" daemon [_thread_in_native, id=10648, stack(0x0000008876900000,0x0000008876a00000)]
  0x000001ca7faf5000 JavaThread "Sweeper thread" daemon [_thread_blocked, id=1508, stack(0x0000008876a00000,0x0000008876b00000)]
  0x000001ca7fa59000 JavaThread "Common-Cleaner" daemon [_thread_blocked, id=9088, stack(0x0000008876b00000,0x0000008876c00000)]
  0x000001ca1607f800 JavaThread "C2 CompilerThread1" daemon [_thread_blocked, id=8924, stack(0x0000008876c00000,0x0000008876d00000)]
  0x000001ca180ce000 JavaThread "Daemon health stats" [_thread_blocked, id=6204, stack(0x0000008877000000,0x0000008877100000)]
  0x000001ca1b58e800 JavaThread "Incoming local TCP Connector on port 53176" [_thread_in_native, id=10684, stack(0x0000008877100000,0x0000008877200000)]
  0x000001ca19534800 JavaThread "Daemon periodic checks" [_thread_blocked, id=5760, stack(0x0000008877200000,0x0000008877300000)]
  0x000001ca1ae54000 JavaThread "Daemon" [_thread_blocked, id=13736, stack(0x0000008877300000,0x0000008877400000)]
  0x000001ca1abee800 JavaThread "Handler for socket connection from /127.0.0.1:53176 to /127.0.0.1:53177" [_thread_in_native, id=15324, stack(0x0000008877400000,0x0000008877500000)]
  0x000001ca1924f800 JavaThread "Cancel handler" [_thread_blocked, id=12188, stack(0x0000008877500000,0x0000008877600000)]
  0x000001ca169b6800 JavaThread "Daemon worker" [_thread_in_vm, id=15612, stack(0x0000008877600000,0x0000008877700000)]
  0x000001ca1af4e800 JavaThread "Asynchronous log dispatcher for DefaultDaemonConnection: socket connection from /127.0.0.1:53176 to /127.0.0.1:53177" [_thread_blocked, id=9620, stack(0x0000008877700000,0x0000008877800000)]
  0x000001ca19726000 JavaThread "Stdin handler" [_thread_blocked, id=13972, stack(0x0000008877800000,0x0000008877900000)]
  0x000001ca197aa800 JavaThread "Daemon client event forwarder" [_thread_blocked, id=9368, stack(0x0000008877900000,0x0000008877a00000)]
  0x000001ca19387800 JavaThread "Cache worker for journal cache (C:\Users\shahzaib lptp\AndroidStudioProjects\loginsqlite\caches\journal-1)" [_thread_blocked, id=2128, stack(0x0000008877b00000,0x0000008877c00000)]
  0x000001ca19388800 JavaThread "File lock request listener" [_thread_in_native, id=13976, stack(0x0000008877c00000,0x0000008877d00000)]
  0x000001ca1938a800 JavaThread "Cache worker for file hash cache (C:\Users\shahzaib lptp\AndroidStudioProjects\loginsqlite\caches\7.5\fileHashes)" [_thread_blocked, id=12220, stack(0x0000008877d00000,0x0000008877e00000)]
  0x000001ca19389000 JavaThread "File watcher server" daemon [_thread_in_native, id=2692, stack(0x0000008877e00000,0x0000008877f00000)]
  0x000001ca1938a000 JavaThread "File watcher consumer" daemon [_thread_blocked, id=13384, stack(0x0000008877f00000,0x0000008878000000)]
  0x000001ca19385000 JavaThread "Cache worker for checksums cache (C:\Users\shahzaib lptp\AndroidStudioProjects\EyeonwaterApp\.gradle\7.5\checksums)" [_thread_blocked, id=8404, stack(0x0000008878000000,0x0000008878100000)]
  0x000001ca1938b800 JavaThread "Cache worker for cache directory md-rule (C:\Users\shahzaib lptp\AndroidStudioProjects\loginsqlite\caches\7.5\md-rule)" [_thread_blocked, id=10652, stack(0x0000008878100000,0x0000008878200000)]
  0x000001ca19386800 JavaThread "Cache worker for file content cache (C:\Users\shahzaib lptp\AndroidStudioProjects\loginsqlite\caches\7.5\fileContent)" [_thread_blocked, id=11860, stack(0x0000008878200000,0x0000008878300000)]
  0x000001ca19386000 JavaThread "Cache worker for file hash cache (C:\Users\shahzaib lptp\AndroidStudioProjects\EyeonwaterApp\.gradle\7.5\fileHashes)" [_thread_blocked, id=13396, stack(0x0000008878300000,0x0000008878400000)]
  0x000001ca1a7eb000 JavaThread "Cache worker for cache directory md-supplier (C:\Users\shahzaib lptp\AndroidStudioProjects\loginsqlite\caches\7.5\md-supplier)" [_thread_blocked, id=9588, stack(0x0000008878400000,0x0000008878500000)]
  0x000001ca1a7ed000 JavaThread "Cache worker for execution history cache (C:\Users\shahzaib lptp\AndroidStudioProjects\loginsqlite\caches\7.5\executionHistory)" [_thread_blocked, id=16284, stack(0x0000008878500000,0x0000008878600000)]
  0x000001ca1a7ee800 JavaThread "jar transforms" [_thread_blocked, id=4984, stack(0x0000008878600000,0x0000008878700000)]
  0x000001ca1a7ed800 JavaThread "jar transforms Thread 2" [_thread_blocked, id=708, stack(0x0000008878700000,0x0000008878800000)]
  0x000001ca1a7ec000 JavaThread "jar transforms Thread 3" [_thread_blocked, id=10680, stack(0x0000008878800000,0x0000008878900000)]
  0x000001ca1a7f6800 JavaThread "jar transforms Thread 4" [_thread_blocked, id=6640, stack(0x0000008878900000,0x0000008878a00000)]
  0x000001ca1a7f4000 JavaThread "Cache worker for dependencies-accessors (C:\Users\shahzaib lptp\AndroidStudioProjects\EyeonwaterApp\.gradle\7.5\dependencies-accessors)" [_thread_blocked, id=15200, stack(0x0000008878a00000,0x0000008878b00000)]
  0x000001ca1a7f5000 JavaThread "Cache worker for Build Output Cleanup Cache (C:\Users\shahzaib lptp\AndroidStudioProjects\EyeonwaterApp\.gradle\buildOutputCleanup)" [_thread_blocked, id=16372, stack(0x0000008878b00000,0x0000008878c00000)]
  0x000001ca1a7f7800 JavaThread "Unconstrained build operations" [_thread_blocked, id=7012, stack(0x0000008878c00000,0x0000008878d00000)]
  0x000001ca1a7f8000 JavaThread "Unconstrained build operations Thread 2" [_thread_blocked, id=7700, stack(0x0000008878d00000,0x0000008878e00000)]
  0x000001ca1a7f3800 JavaThread "Unconstrained build operations Thread 3" [_thread_blocked, id=4568, stack(0x0000008878e00000,0x0000008878f00000)]
  0x000001ca1a7f2800 JavaThread "Unconstrained build operations Thread 4" [_thread_blocked, id=12584, stack(0x0000008878f00000,0x0000008879000000)]
  0x000001ca1b293000 JavaThread "Unconstrained build operations Thread 5" [_thread_blocked, id=13188, stack(0x0000008879000000,0x0000008879100000)]
  0x000001ca1b297800 JavaThread "Unconstrained build operations Thread 6" [_thread_blocked, id=3804, stack(0x0000008879100000,0x0000008879200000)]
  0x000001ca1b293800 JavaThread "Unconstrained build operations Thread 7" [_thread_blocked, id=15572, stack(0x0000008879200000,0x0000008879300000)]
  0x000001ca1b297000 JavaThread "Unconstrained build operations Thread 8" [_thread_blocked, id=9720, stack(0x0000008879300000,0x0000008879400000)]
  0x000001ca1b294800 JavaThread "Unconstrained build operations Thread 9" [_thread_blocked, id=10276, stack(0x0000008879400000,0x0000008879500000)]
  0x000001ca1b292000 JavaThread "Unconstrained build operations Thread 10" [_thread_blocked, id=7984, stack(0x0000008879500000,0x0000008879600000)]
  0x000001ca1b29b000 JavaThread "Unconstrained build operations Thread 11" [_thread_blocked, id=8200, stack(0x0000008879600000,0x0000008879700000)]
  0x000001ca1b298800 JavaThread "Unconstrained build operations Thread 12" [_thread_blocked, id=9424, stack(0x0000008879700000,0x0000008879800000)]
  0x000001ca1b29a000 JavaThread "Unconstrained build operations Thread 13" [_thread_blocked, id=10356, stack(0x0000008879800000,0x0000008879900000)]
  0x000001ca1b295800 JavaThread "Unconstrained build operations Thread 14" [_thread_blocked, id=14076, stack(0x0000008879900000,0x0000008879a00000)]
  0x000001ca1b299800 JavaThread "Unconstrained build operations Thread 15" [_thread_blocked, id=5556, stack(0x0000008879a00000,0x0000008879b00000)]
  0x000001ca1b296000 JavaThread "Unconstrained build operations Thread 16" [_thread_blocked, id=11456, stack(0x0000008879b00000,0x0000008879c00000)]
  0x000001ca1b29c800 JavaThread "Unconstrained build operations Thread 17" [_thread_blocked, id=15784, stack(0x0000008879c00000,0x0000008879d00000)]
  0x000001ca1b29c000 JavaThread "Unconstrained build operations Thread 18" [_thread_blocked, id=12100, stack(0x0000008879d00000,0x0000008879e00000)]
  0x000001ca1b29d800 JavaThread "Unconstrained build operations Thread 19" [_thread_blocked, id=14268, stack(0x0000008879e00000,0x0000008879f00000)]
  0x000001ca1b29e800 JavaThread "Unconstrained build operations Thread 20" [_thread_blocked, id=2388, stack(0x0000008879f00000,0x000000887a000000)]
  0x000001ca1b29f000 JavaThread "Unconstrained build operations Thread 21" [_thread_blocked, id=8220, stack(0x000000887a000000,0x000000887a100000)]
  0x000001ca1b2a0000 JavaThread "Unconstrained build operations Thread 22" [_thread_blocked, id=13900, stack(0x000000887a100000,0x000000887a200000)]
  0x000001ca1b2a0800 JavaThread "Unconstrained build operations Thread 23" [_thread_blocked, id=11124, stack(0x000000887a200000,0x000000887a300000)]
  0x000001ca1a0d8800 JavaThread "Unconstrained build operations Thread 24" [_thread_blocked, id=15596, stack(0x000000887a300000,0x000000887a400000)]
  0x000001ca1a0d5800 JavaThread "Unconstrained build operations Thread 25" [_thread_blocked, id=11728, stack(0x000000887a400000,0x000000887a500000)]
  0x000001ca1a0d7000 JavaThread "Unconstrained build operations Thread 26" [_thread_blocked, id=2552, stack(0x000000887a500000,0x000000887a600000)]
  0x000001ca1a0d6000 JavaThread "Unconstrained build operations Thread 27" [_thread_blocked, id=13624, stack(0x000000887a600000,0x000000887a700000)]
  0x000001ca1a0d7800 JavaThread "Unconstrained build operations Thread 28" [_thread_blocked, id=3628, stack(0x000000887a700000,0x000000887a800000)]
  0x000001ca1a0d9800 JavaThread "Unconstrained build operations Thread 29" [_thread_blocked, id=15772, stack(0x000000887a800000,0x000000887a900000)]
  0x000001ca1a0d3800 JavaThread "Unconstrained build operations Thread 30" [_thread_blocked, id=14988, stack(0x000000887a900000,0x000000887aa00000)]
  0x000001ca1a0da000 JavaThread "Unconstrained build operations Thread 31" [_thread_blocked, id=5044, stack(0x000000887aa00000,0x000000887ab00000)]
  0x000001ca1a0d4800 JavaThread "Unconstrained build operations Thread 32" [_thread_blocked, id=9608, stack(0x000000887ab00000,0x000000887ac00000)]
  0x000001ca1a0dd800 JavaThread "Unconstrained build operations Thread 33" [_thread_blocked, id=14392, stack(0x000000887ac00000,0x000000887ad00000)]
  0x000001ca1a0db000 JavaThread "Unconstrained build operations Thread 34" [_thread_blocked, id=14668, stack(0x000000887ad00000,0x000000887ae00000)]
  0x000001ca1a0dc800 JavaThread "Unconstrained build operations Thread 35" [_thread_blocked, id=11168, stack(0x000000887ae00000,0x000000887af00000)]
  0x000001ca1a0de000 JavaThread "Unconstrained build operations Thread 36" [_thread_blocked, id=3220, stack(0x000000887af00000,0x000000887b000000)]
  0x000001ca1a0df000 JavaThread "Unconstrained build operations Thread 37" [_thread_blocked, id=8240, stack(0x000000887b000000,0x000000887b100000)]
  0x000001ca1a0e1800 JavaThread "Unconstrained build operations Thread 38" [_thread_blocked, id=13084, stack(0x000000887b100000,0x000000887b200000)]
  0x000001ca1a0dc000 JavaThread "Unconstrained build operations Thread 39" [_thread_blocked, id=8164, stack(0x000000887b200000,0x000000887b300000)]
  0x000001ca1a0e2800 JavaThread "Unconstrained build operations Thread 40" [_thread_blocked, id=15940, stack(0x000000887b300000,0x000000887b400000)]

Other Threads:
  0x000001ca7fab9000 VMThread "VM Thread" [stack: 0x0000008876200000,0x0000008876300000] [id=6524]
  0x000001ca15823800 WatcherThread [stack: 0x0000008876d00000,0x0000008876e00000] [id=7140]
  0x000001ca7aeb4000 GCTaskThread "GC Thread#0" [stack: 0x0000008875d00000,0x0000008875e00000] [id=8456]
  0x000001ca15885000 GCTaskThread "GC Thread#1" [stack: 0x0000008876e00000,0x0000008876f00000] [id=15808]
  0x000001ca15e3a000 GCTaskThread "GC Thread#2" [stack: 0x0000008876f00000,0x0000008877000000] [id=12328]
  0x000001ca19703800 GCTaskThread "GC Thread#3" [stack: 0x0000008877a00000,0x0000008877b00000] [id=10852]
  0x000001ca7aee1000 ConcurrentGCThread "G1 Main Marker" [stack: 0x0000008875e00000,0x0000008875f00000] [id=8724]
  0x000001ca7aee2800 ConcurrentGCThread "G1 Conc#0" [stack: 0x0000008875f00000,0x0000008876000000] [id=10192]
  0x000001ca7af62800 ConcurrentGCThread "G1 Refine#0" [stack: 0x0000008876000000,0x0000008876100000] [id=13504]
  0x000001ca7af63800 ConcurrentGCThread "G1 Young RemSet Sampling" [stack: 0x0000008876100000,0x0000008876200000] [id=11700]

Threads with active compile tasks:
C2 CompilerThread0    19035 6293       4       org.objectweb.asm.SymbolTable::addConstantMemberReference (147 bytes)

VM state:not at safepoint (normal execution)

VM Mutex/Monitor currently owned by a thread: None

Heap address: 0x0000000080000000, size: 2048 MB, Compressed Oops mode: 32-bit
Narrow klass base: 0x0000000000000000, Narrow klass shift: 3
Compressed class space size: 1073741824 Address: 0x0000000100000000

Heap:
 garbage-first heap   total 189440K, used 60782K [0x0000000080000000, 0x0000000100000000)
  region size 1024K, 31 young (31744K), 12 survivors (12288K)
 Metaspace       used 54069K, capacity 55697K, committed 55808K, reserved 1097728K
  class space    used 6814K, capacity 7372K, committed 7424K, reserved 1048576K
Heap Regions: E=young(eden), S=young(survivor), O=old, HS=humongous(starts), HC=humongous(continues), CS=collection set, F=free, A=archive, TAMS=top-at-mark-start (previous, next)
|   0|0x0000000080000000, 0x0000000080100000, 0x0000000080100000|100%| O|  |TAMS 0x0000000080100000, 0x0000000080000000| Untracked 
|   1|0x0000000080100000, 0x0000000080200000, 0x0000000080200000|100%| O|  |TAMS 0x0000000080200000, 0x0000000080100000| Untracked 
|   2|0x0000000080200000, 0x0000000080300000, 0x0000000080300000|100%| O|  |TAMS 0x0000000080300000, 0x0000000080200000| Untracked 
|   3|0x0000000080300000, 0x0000000080400000, 0x0000000080400000|100%|HS|  |TAMS 0x0000000080400000, 0x0000000080300000| Complete 
|   4|0x0000000080400000, 0x0000000080500000, 0x0000000080500000|100%|HC|  |TAMS 0x0000000080500000, 0x0000000080400000| Complete 
|   5|0x0000000080500000, 0x0000000080600000, 0x0000000080600000|100%|HC|  |TAMS 0x0000000080600000, 0x0000000080500000| Complete 
|   6|0x0000000080600000, 0x0000000080700000, 0x0000000080700000|100%| O|  |TAMS 0x0000000080700000, 0x0000000080600000| Untracked 
|   7|0x0000000080700000, 0x0000000080800000, 0x0000000080800000|100%| O|  |TAMS 0x0000000080800000, 0x0000000080700000| Untracked 
|   8|0x0000000080800000, 0x0000000080900000, 0x0000000080900000|100%| O|  |TAMS 0x0000000080900000, 0x0000000080800000| Untracked 
|   9|0x0000000080900000, 0x0000000080a00000, 0x0000000080a00000|100%| O|  |TAMS 0x0000000080a00000, 0x0000000080900000| Untracked 
|  10|0x0000000080a00000, 0x0000000080b00000, 0x0000000080b00000|100%| O|  |TAMS 0x0000000080b00000, 0x0000000080a00000| Untracked 
|  11|0x0000000080b00000, 0x0000000080c00000, 0x0000000080c00000|100%| O|  |TAMS 0x0000000080c00000, 0x0000000080b00000| Untracked 
|  12|0x0000000080c00000, 0x0000000080d00000, 0x0000000080d00000|100%| O|  |TAMS 0x0000000080d00000, 0x0000000080c00000| Untracked 
|  13|0x0000000080d00000, 0x0000000080e00000, 0x0000000080e00000|100%| O|  |TAMS 0x0000000080e00000, 0x0000000080d00000| Untracked 
|  14|0x0000000080e00000, 0x0000000080f00000, 0x0000000080f00000|100%| O|  |TAMS 0x0000000080f00000, 0x0000000080e00000| Untracked 
|  15|0x0000000080f00000, 0x0000000081000000, 0x0000000081000000|100%| O|  |TAMS 0x0000000081000000, 0x0000000080f00000| Untracked 
|  16|0x0000000081000000, 0x0000000081100000, 0x0000000081100000|100%| O|  |TAMS 0x000000008108a400, 0x0000000081000000| Untracked 
|  17|0x0000000081100000, 0x0000000081200000, 0x0000000081200000|100%|HS|  |TAMS 0x0000000081100000, 0x0000000081100000| Complete 
|  18|0x0000000081200000, 0x0000000081300000, 0x0000000081300000|100%|HS|  |TAMS 0x0000000081200000, 0x0000000081200000| Complete 
|  19|0x0000000081300000, 0x0000000081400000, 0x0000000081400000|100%| O|  |TAMS 0x0000000081300000, 0x0000000081300000| Untracked 
|  20|0x0000000081400000, 0x0000000081500000, 0x0000000081500000|100%| O|  |TAMS 0x0000000081400000, 0x0000000081400000| Untracked 
|  21|0x0000000081500000, 0x0000000081600000, 0x0000000081600000|100%| O|  |TAMS 0x0000000081500000, 0x0000000081500000| Untracked 
|  22|0x0000000081600000, 0x0000000081600000, 0x0000000081700000|  0%| F|  |TAMS 0x0000000081600000, 0x0000000081600000| Untracked 
|  23|0x0000000081700000, 0x0000000081800000, 0x0000000081800000|100%| O|  |TAMS 0x0000000081700000, 0x0000000081700000| Untracked 
|  24|0x0000000081800000, 0x0000000081900000, 0x0000000081900000|100%| O|  |TAMS 0x0000000081800000, 0x0000000081800000| Untracked 
|  25|0x0000000081900000, 0x0000000081a00000, 0x0000000081a00000|100%| O|  |TAMS 0x0000000081900000, 0x0000000081900000| Untracked 
|  26|0x0000000081a00000, 0x0000000081b00000, 0x0000000081b00000|100%| O|  |TAMS 0x0000000081a00000, 0x0000000081a00000| Untracked 
|  27|0x0000000081b00000, 0x0000000081c00000, 0x0000000081c00000|100%| O|  |TAMS 0x0000000081b00000, 0x0000000081b00000| Untracked 
|  28|0x0000000081c00000, 0x0000000081d00000, 0x0000000081d00000|100%| O|  |TAMS 0x0000000081c00000, 0x0000000081c00000| Untracked 
|  29|0x0000000081d00000, 0x0000000081e00000, 0x0000000081e00000|100%| O|  |TAMS 0x0000000081d00000, 0x0000000081d00000| Untracked 
|  30|0x0000000081e00000, 0x0000000081eddc00, 0x0000000081f00000| 86%| O|  |TAMS 0x0000000081e00000, 0x0000000081e00000| Untracked 
|  31|0x0000000081f00000, 0x0000000081f00000, 0x0000000082000000|  0%| F|  |TAMS 0x0000000081f00000, 0x0000000081f00000| Untracked 
|  32|0x0000000082000000, 0x0000000082000000, 0x0000000082100000|  0%| F|  |TAMS 0x0000000082000000, 0x0000000082000000| Untracked 
|  33|0x0000000082100000, 0x0000000082100000, 0x0000000082200000|  0%| F|  |TAMS 0x0000000082100000, 0x0000000082100000| Untracked 
|  34|0x0000000082200000, 0x0000000082200000, 0x0000000082300000|  0%| F|  |TAMS 0x0000000082200000, 0x0000000082200000| Untracked 
|  35|0x0000000082300000, 0x0000000082300000, 0x0000000082400000|  0%| F|  |TAMS 0x0000000082300000, 0x0000000082300000| Untracked 
|  36|0x0000000082400000, 0x0000000082400000, 0x0000000082500000|  0%| F|  |TAMS 0x0000000082400000, 0x0000000082400000| Untracked 
|  37|0x0000000082500000, 0x0000000082500000, 0x0000000082600000|  0%| F|  |TAMS 0x0000000082500000, 0x0000000082500000| Untracked 
|  38|0x0000000082600000, 0x0000000082600000, 0x0000000082700000|  0%| F|  |TAMS 0x0000000082600000, 0x0000000082600000| Untracked 
|  39|0x0000000082700000, 0x0000000082700000, 0x0000000082800000|  0%| F|  |TAMS 0x0000000082700000, 0x0000000082700000| Untracked 
|  40|0x0000000082800000, 0x0000000082800000, 0x0000000082900000|  0%| F|  |TAMS 0x0000000082800000, 0x0000000082800000| Untracked 
|  41|0x0000000082900000, 0x0000000082900000, 0x0000000082a00000|  0%| F|  |TAMS 0x0000000082900000, 0x0000000082900000| Untracked 
|  42|0x0000000082a00000, 0x0000000082a00000, 0x0000000082b00000|  0%| F|  |TAMS 0x0000000082a00000, 0x0000000082a00000| Untracked 
|  43|0x0000000082b00000, 0x0000000082b00000, 0x0000000082c00000|  0%| F|  |TAMS 0x0000000082b00000, 0x0000000082b00000| Untracked 
|  44|0x0000000082c00000, 0x0000000082c00000, 0x0000000082d00000|  0%| F|  |TAMS 0x0000000082c00000, 0x0000000082c00000| Untracked 
|  45|0x0000000082d00000, 0x0000000082d00000, 0x0000000082e00000|  0%| F|  |TAMS 0x0000000082d00000, 0x0000000082d00000| Untracked 
|  46|0x0000000082e00000, 0x0000000082e00000, 0x0000000082f00000|  0%| F|  |TAMS 0x0000000082e00000, 0x0000000082e00000| Untracked 
|  47|0x0000000082f00000, 0x0000000082f00000, 0x0000000083000000|  0%| F|  |TAMS 0x0000000082f00000, 0x0000000082f00000| Untracked 
|  48|0x0000000083000000, 0x0000000083000000, 0x0000000083100000|  0%| F|  |TAMS 0x0000000083000000, 0x0000000083000000| Untracked 
|  49|0x0000000083100000, 0x0000000083100000, 0x0000000083200000|  0%| F|  |TAMS 0x0000000083100000, 0x0000000083100000| Untracked 
|  50|0x0000000083200000, 0x0000000083200000, 0x0000000083300000|  0%| F|  |TAMS 0x0000000083200000, 0x0000000083200000| Untracked 
|  51|0x0000000083300000, 0x0000000083300000, 0x0000000083400000|  0%| F|  |TAMS 0x0000000083300000, 0x0000000083300000| Untracked 
|  52|0x0000000083400000, 0x0000000083400000, 0x0000000083500000|  0%| F|  |TAMS 0x0000000083400000, 0x0000000083400000| Untracked 
|  53|0x0000000083500000, 0x0000000083500000, 0x0000000083600000|  0%| F|  |TAMS 0x0000000083500000, 0x0000000083500000| Untracked 
|  54|0x0000000083600000, 0x0000000083600000, 0x0000000083700000|  0%| F|  |TAMS 0x0000000083600000, 0x0000000083600000| Untracked 
|  55|0x0000000083700000, 0x0000000083700000, 0x0000000083800000|  0%| F|  |TAMS 0x0000000083700000, 0x0000000083700000| Untracked 
|  56|0x0000000083800000, 0x0000000083800000, 0x0000000083900000|  0%| F|  |TAMS 0x0000000083800000, 0x0000000083800000| Untracked 
|  57|0x0000000083900000, 0x0000000083900000, 0x0000000083a00000|  0%| F|  |TAMS 0x0000000083900000, 0x0000000083900000| Untracked 
|  58|0x0000000083a00000, 0x0000000083a00000, 0x0000000083b00000|  0%| F|  |TAMS 0x0000000083a00000, 0x0000000083a00000| Untracked 
|  59|0x0000000083b00000, 0x0000000083b00000, 0x0000000083c00000|  0%| F|  |TAMS 0x0000000083b00000, 0x0000000083b00000| Untracked 
|  60|0x0000000083c00000, 0x0000000083c00000, 0x0000000083d00000|  0%| F|  |TAMS 0x0000000083c00000, 0x0000000083c00000| Untracked 
|  61|0x0000000083d00000, 0x0000000083d00000, 0x0000000083e00000|  0%| F|  |TAMS 0x0000000083d00000, 0x0000000083d00000| Untracked 
|  62|0x0000000083e00000, 0x0000000083e7df10, 0x0000000083f00000| 49%| S|CS|TAMS 0x0000000083e00000, 0x0000000083e00000| Complete 
|  63|0x0000000083f00000, 0x0000000084000000, 0x0000000084000000|100%| S|CS|TAMS 0x0000000083f00000, 0x0000000083f00000| Complete 
|  64|0x0000000084000000, 0x0000000084100000, 0x0000000084100000|100%| S|CS|TAMS 0x0000000084000000, 0x0000000084000000| Complete 
|  65|0x0000000084100000, 0x0000000084200000, 0x0000000084200000|100%| S|CS|TAMS 0x0000000084100000, 0x0000000084100000| Complete 
|  66|0x0000000084200000, 0x0000000084300000, 0x0000000084300000|100%| S|CS|TAMS 0x0000000084200000, 0x0000000084200000| Complete 
|  67|0x0000000084300000, 0x0000000084400000, 0x0000000084400000|100%| S|CS|TAMS 0x0000000084300000, 0x0000000084300000| Complete 
|  68|0x0000000084400000, 0x0000000084500000, 0x0000000084500000|100%| S|CS|TAMS 0x0000000084400000, 0x0000000084400000| Complete 
|  69|0x0000000084500000, 0x0000000084600000, 0x0000000084600000|100%| S|CS|TAMS 0x0000000084500000, 0x0000000084500000| Complete 
|  70|0x0000000084600000, 0x0000000084700000, 0x0000000084700000|100%| S|CS|TAMS 0x0000000084600000, 0x0000000084600000| Complete 
|  71|0x0000000084700000, 0x0000000084800000, 0x0000000084800000|100%| S|CS|TAMS 0x0000000084700000, 0x0000000084700000| Complete 
|  72|0x0000000084800000, 0x0000000084900000, 0x0000000084900000|100%| S|CS|TAMS 0x0000000084800000, 0x0000000084800000| Complete 
|  73|0x0000000084900000, 0x0000000084a00000, 0x0000000084a00000|100%| S|CS|TAMS 0x0000000084900000, 0x0000000084900000| Complete 
|  74|0x0000000084a00000, 0x0000000084a00000, 0x0000000084b00000|  0%| F|  |TAMS 0x0000000084a00000, 0x0000000084a00000| Untracked 
|  75|0x0000000084b00000, 0x0000000084b00000, 0x0000000084c00000|  0%| F|  |TAMS 0x0000000084b00000, 0x0000000084b00000| Untracked 
|  76|0x0000000084c00000, 0x0000000084c00000, 0x0000000084d00000|  0%| F|  |TAMS 0x0000000084c00000, 0x0000000084c00000| Untracked 
|  77|0x0000000084d00000, 0x0000000084d00000, 0x0000000084e00000|  0%| F|  |TAMS 0x0000000084d00000, 0x0000000084d00000| Untracked 
|  78|0x0000000084e00000, 0x0000000084e00000, 0x0000000084f00000|  0%| F|  |TAMS 0x0000000084e00000, 0x0000000084e00000| Untracked 
|  79|0x0000000084f00000, 0x0000000084f00000, 0x0000000085000000|  0%| F|  |TAMS 0x0000000084f00000, 0x0000000084f00000| Untracked 
|  80|0x0000000085000000, 0x0000000085000000, 0x0000000085100000|  0%| F|  |TAMS 0x0000000085000000, 0x0000000085000000| Untracked 
|  81|0x0000000085100000, 0x0000000085100000, 0x0000000085200000|  0%| F|  |TAMS 0x0000000085100000, 0x0000000085100000| Untracked 
|  82|0x0000000085200000, 0x0000000085200000, 0x0000000085300000|  0%| F|  |TAMS 0x0000000085200000, 0x0000000085200000| Untracked 
|  83|0x0000000085300000, 0x0000000085300000, 0x0000000085400000|  0%| F|  |TAMS 0x0000000085300000, 0x0000000085300000| Untracked 
|  84|0x0000000085400000, 0x0000000085400000, 0x0000000085500000|  0%| F|  |TAMS 0x0000000085400000, 0x0000000085400000| Untracked 
|  85|0x0000000085500000, 0x0000000085500000, 0x0000000085600000|  0%| F|  |TAMS 0x0000000085500000, 0x0000000085500000| Untracked 
|  86|0x0000000085600000, 0x0000000085600000, 0x0000000085700000|  0%| F|  |TAMS 0x0000000085600000, 0x0000000085600000| Untracked 
|  87|0x0000000085700000, 0x0000000085700000, 0x0000000085800000|  0%| F|  |TAMS 0x0000000085700000, 0x0000000085700000| Untracked 
|  88|0x0000000085800000, 0x0000000085800000, 0x0000000085900000|  0%| F|  |TAMS 0x0000000085800000, 0x0000000085800000| Untracked 
|  89|0x0000000085900000, 0x0000000085900000, 0x0000000085a00000|  0%| F|  |TAMS 0x0000000085900000, 0x0000000085900000| Untracked 
|  90|0x0000000085a00000, 0x0000000085a00000, 0x0000000085b00000|  0%| F|  |TAMS 0x0000000085a00000, 0x0000000085a00000| Untracked 
|  91|0x0000000085b00000, 0x0000000085b00000, 0x0000000085c00000|  0%| F|  |TAMS 0x0000000085b00000, 0x0000000085b00000| Untracked 
|  92|0x0000000085c00000, 0x0000000085c00000, 0x0000000085d00000|  0%| F|  |TAMS 0x0000000085c00000, 0x0000000085c00000| Untracked 
|  93|0x0000000085d00000, 0x0000000085d00000, 0x0000000085e00000|  0%| F|  |TAMS 0x0000000085d00000, 0x0000000085d00000| Untracked 
|  94|0x0000000085e00000, 0x0000000085e00000, 0x0000000085f00000|  0%| F|  |TAMS 0x0000000085e00000, 0x0000000085e00000| Untracked 
|  95|0x0000000085f00000, 0x0000000085f00000, 0x0000000086000000|  0%| F|  |TAMS 0x0000000085f00000, 0x0000000085f00000| Untracked 
|  96|0x0000000086000000, 0x0000000086000000, 0x0000000086100000|  0%| F|  |TAMS 0x0000000086000000, 0x0000000086000000| Untracked 
|  97|0x0000000086100000, 0x0000000086100000, 0x0000000086200000|  0%| F|  |TAMS 0x0000000086100000, 0x0000000086100000| Untracked 
|  98|0x0000000086200000, 0x0000000086200000, 0x0000000086300000|  0%| F|  |TAMS 0x0000000086200000, 0x0000000086200000| Untracked 
|  99|0x0000000086300000, 0x0000000086300000, 0x0000000086400000|  0%| F|  |TAMS 0x0000000086300000, 0x0000000086300000| Untracked 
| 100|0x0000000086400000, 0x0000000086400000, 0x0000000086500000|  0%| F|  |TAMS 0x0000000086400000, 0x0000000086400000| Untracked 
| 101|0x0000000086500000, 0x0000000086500000, 0x0000000086600000|  0%| F|  |TAMS 0x0000000086500000, 0x0000000086500000| Untracked 
| 102|0x0000000086600000, 0x0000000086600000, 0x0000000086700000|  0%| F|  |TAMS 0x0000000086600000, 0x0000000086600000| Untracked 
| 103|0x0000000086700000, 0x0000000086700000, 0x0000000086800000|  0%| F|  |TAMS 0x0000000086700000, 0x0000000086700000| Untracked 
| 104|0x0000000086800000, 0x0000000086800000, 0x0000000086900000|  0%| F|  |TAMS 0x0000000086800000, 0x0000000086800000| Untracked 
| 105|0x0000000086900000, 0x0000000086900000, 0x0000000086a00000|  0%| F|  |TAMS 0x0000000086900000, 0x0000000086900000| Untracked 
| 106|0x0000000086a00000, 0x0000000086a00000, 0x0000000086b00000|  0%| F|  |TAMS 0x0000000086a00000, 0x0000000086a00000| Untracked 
| 107|0x0000000086b00000, 0x0000000086b00000, 0x0000000086c00000|  0%| F|  |TAMS 0x0000000086b00000, 0x0000000086b00000| Untracked 
| 108|0x0000000086c00000, 0x0000000086c00000, 0x0000000086d00000|  0%| F|  |TAMS 0x0000000086c00000, 0x0000000086c00000| Untracked 
| 109|0x0000000086d00000, 0x0000000086d00000, 0x0000000086e00000|  0%| F|  |TAMS 0x0000000086d00000, 0x0000000086d00000| Untracked 
| 110|0x0000000086e00000, 0x0000000086e00000, 0x0000000086f00000|  0%| F|  |TAMS 0x0000000086e00000, 0x0000000086e00000| Untracked 
| 111|0x0000000086f00000, 0x0000000086f00000, 0x0000000087000000|  0%| F|  |TAMS 0x0000000086f00000, 0x0000000086f00000| Untracked 
| 112|0x0000000087000000, 0x0000000087000000, 0x0000000087100000|  0%| F|  |TAMS 0x0000000087000000, 0x0000000087000000| Untracked 
| 113|0x0000000087100000, 0x0000000087100000, 0x0000000087200000|  0%| F|  |TAMS 0x0000000087100000, 0x0000000087100000| Untracked 
| 114|0x0000000087200000, 0x0000000087200000, 0x0000000087300000|  0%| F|  |TAMS 0x0000000087200000, 0x0000000087200000| Untracked 
| 115|0x0000000087300000, 0x0000000087300000, 0x0000000087400000|  0%| F|  |TAMS 0x0000000087300000, 0x0000000087300000| Untracked 
| 116|0x0000000087400000, 0x0000000087400000, 0x0000000087500000|  0%| F|  |TAMS 0x0000000087400000, 0x0000000087400000| Untracked 
| 117|0x0000000087500000, 0x0000000087500000, 0x0000000087600000|  0%| F|  |TAMS 0x0000000087500000, 0x0000000087500000| Untracked 
| 118|0x0000000087600000, 0x0000000087600000, 0x0000000087700000|  0%| F|  |TAMS 0x0000000087600000, 0x0000000087600000| Untracked 
| 119|0x0000000087700000, 0x0000000087700000, 0x0000000087800000|  0%| F|  |TAMS 0x0000000087700000, 0x0000000087700000| Untracked 
| 120|0x0000000087800000, 0x0000000087800000, 0x0000000087900000|  0%| F|  |TAMS 0x0000000087800000, 0x0000000087800000| Untracked 
| 121|0x0000000087900000, 0x0000000087900000, 0x0000000087a00000|  0%| F|  |TAMS 0x0000000087900000, 0x0000000087900000| Untracked 
| 122|0x0000000087a00000, 0x0000000087a00000, 0x0000000087b00000|  0%| F|  |TAMS 0x0000000087a00000, 0x0000000087a00000| Untracked 
| 123|0x0000000087b00000, 0x0000000087b00000, 0x0000000087c00000|  0%| F|  |TAMS 0x0000000087b00000, 0x0000000087b00000| Untracked 
| 124|0x0000000087c00000, 0x0000000087c00000, 0x0000000087d00000|  0%| F|  |TAMS 0x0000000087c00000, 0x0000000087c00000| Untracked 
| 125|0x0000000087d00000, 0x0000000087d00000, 0x0000000087e00000|  0%| F|  |TAMS 0x0000000087d00000, 0x0000000087d00000| Untracked 
| 126|0x0000000087e00000, 0x0000000087e00000, 0x0000000087f00000|  0%| F|  |TAMS 0x0000000087e00000, 0x0000000087e00000| Untracked 
| 127|0x0000000087f00000, 0x0000000087f00000, 0x0000000088000000|  0%| F|  |TAMS 0x0000000087f00000, 0x0000000087f00000| Untracked 
| 128|0x0000000088000000, 0x0000000088000000, 0x0000000088100000|  0%| F|  |TAMS 0x0000000088000000, 0x0000000088000000| Untracked 
| 129|0x0000000088100000, 0x0000000088100000, 0x0000000088200000|  0%| F|  |TAMS 0x0000000088100000, 0x0000000088100000| Untracked 
| 130|0x0000000088200000, 0x0000000088200000, 0x0000000088300000|  0%| F|  |TAMS 0x0000000088200000, 0x0000000088200000| Untracked 
| 131|0x0000000088300000, 0x0000000088300000, 0x0000000088400000|  0%| F|  |TAMS 0x0000000088300000, 0x0000000088300000| Untracked 
| 132|0x0000000088400000, 0x0000000088400000, 0x0000000088500000|  0%| F|  |TAMS 0x0000000088400000, 0x0000000088400000| Untracked 
| 133|0x0000000088500000, 0x0000000088500000, 0x0000000088600000|  0%| F|  |TAMS 0x0000000088500000, 0x0000000088500000| Untracked 
| 134|0x0000000088600000, 0x0000000088600000, 0x0000000088700000|  0%| F|  |TAMS 0x0000000088600000, 0x0000000088600000| Untracked 
| 135|0x0000000088700000, 0x0000000088700000, 0x0000000088800000|  0%| F|  |TAMS 0x0000000088700000, 0x0000000088700000| Untracked 
| 136|0x0000000088800000, 0x0000000088800000, 0x0000000088900000|  0%| F|  |TAMS 0x0000000088800000, 0x0000000088800000| Untracked 
| 137|0x0000000088900000, 0x0000000088900000, 0x0000000088a00000|  0%| F|  |TAMS 0x0000000088900000, 0x0000000088900000| Untracked 
| 138|0x0000000088a00000, 0x0000000088a00000, 0x0000000088b00000|  0%| F|  |TAMS 0x0000000088a00000, 0x0000000088a00000| Untracked 
| 139|0x0000000088b00000, 0x0000000088b00000, 0x0000000088c00000|  0%| F|  |TAMS 0x0000000088b00000, 0x0000000088b00000| Untracked 
| 140|0x0000000088c00000, 0x0000000088c00000, 0x0000000088d00000|  0%| F|  |TAMS 0x0000000088c00000, 0x0000000088c00000| Untracked 
| 141|0x0000000088d00000, 0x0000000088d00000, 0x0000000088e00000|  0%| F|  |TAMS 0x0000000088d00000, 0x0000000088d00000| Untracked 
| 142|0x0000000088e00000, 0x0000000088e00000, 0x0000000088f00000|  0%| F|  |TAMS 0x0000000088e00000, 0x0000000088e00000| Untracked 
| 143|0x0000000088f00000, 0x0000000088f00000, 0x0000000089000000|  0%| F|  |TAMS 0x0000000088f00000, 0x0000000088f00000| Untracked 
| 144|0x0000000089000000, 0x0000000089000000, 0x0000000089100000|  0%| F|  |TAMS 0x0000000089000000, 0x0000000089000000| Untracked 
| 145|0x0000000089100000, 0x0000000089100000, 0x0000000089200000|  0%| F|  |TAMS 0x0000000089100000, 0x0000000089100000| Untracked 
| 146|0x0000000089200000, 0x0000000089200000, 0x0000000089300000|  0%| F|  |TAMS 0x0000000089200000, 0x0000000089200000| Untracked 
| 147|0x0000000089300000, 0x0000000089300000, 0x0000000089400000|  0%| F|  |TAMS 0x0000000089300000, 0x0000000089300000| Untracked 
| 148|0x0000000089400000, 0x0000000089400000, 0x0000000089500000|  0%| F|  |TAMS 0x0000000089400000, 0x0000000089400000| Untracked 
| 149|0x0000000089500000, 0x0000000089500000, 0x0000000089600000|  0%| F|  |TAMS 0x0000000089500000, 0x0000000089500000| Untracked 
| 150|0x0000000089600000, 0x0000000089600000, 0x0000000089700000|  0%| F|  |TAMS 0x0000000089600000, 0x0000000089600000| Untracked 
| 151|0x0000000089700000, 0x0000000089700000, 0x0000000089800000|  0%| F|  |TAMS 0x0000000089700000, 0x0000000089700000| Untracked 
| 152|0x0000000089800000, 0x0000000089800000, 0x0000000089900000|  0%| F|  |TAMS 0x0000000089800000, 0x0000000089800000| Untracked 
| 153|0x0000000089900000, 0x0000000089900000, 0x0000000089a00000|  0%| F|  |TAMS 0x0000000089900000, 0x0000000089900000| Untracked 
| 154|0x0000000089a00000, 0x0000000089a00000, 0x0000000089b00000|  0%| F|  |TAMS 0x0000000089a00000, 0x0000000089a00000| Untracked 
| 155|0x0000000089b00000, 0x0000000089b00000, 0x0000000089c00000|  0%| F|  |TAMS 0x0000000089b00000, 0x0000000089b00000| Untracked 
| 156|0x0000000089c00000, 0x0000000089c00000, 0x0000000089d00000|  0%| F|  |TAMS 0x0000000089c00000, 0x0000000089c00000| Untracked 
| 157|0x0000000089d00000, 0x0000000089d00000, 0x0000000089e00000|  0%| F|  |TAMS 0x0000000089d00000, 0x0000000089d00000| Untracked 
| 158|0x0000000089e00000, 0x0000000089e00000, 0x0000000089f00000|  0%| F|  |TAMS 0x0000000089e00000, 0x0000000089e00000| Untracked 
| 159|0x0000000089f00000, 0x0000000089f00000, 0x000000008a000000|  0%| F|  |TAMS 0x0000000089f00000, 0x0000000089f00000| Untracked 
| 160|0x000000008a000000, 0x000000008a000000, 0x000000008a100000|  0%| F|  |TAMS 0x000000008a000000, 0x000000008a000000| Untracked 
| 161|0x000000008a100000, 0x000000008a100000, 0x000000008a200000|  0%| F|  |TAMS 0x000000008a100000, 0x000000008a100000| Untracked 
| 162|0x000000008a200000, 0x000000008a200000, 0x000000008a300000|  0%| F|  |TAMS 0x000000008a200000, 0x000000008a200000| Untracked 
| 163|0x000000008a300000, 0x000000008a300000, 0x000000008a400000|  0%| F|  |TAMS 0x000000008a300000, 0x000000008a300000| Untracked 
| 164|0x000000008a400000, 0x000000008a400000, 0x000000008a500000|  0%| F|  |TAMS 0x000000008a400000, 0x000000008a400000| Untracked 
| 165|0x000000008a500000, 0x000000008a500000, 0x000000008a600000|  0%| F|  |TAMS 0x000000008a500000, 0x000000008a500000| Untracked 
| 166|0x000000008a600000, 0x000000008a680800, 0x000000008a700000| 50%| E|  |TAMS 0x000000008a600000, 0x000000008a600000| Complete 
| 167|0x000000008a700000, 0x000000008a800000, 0x000000008a800000|100%| E|CS|TAMS 0x000000008a700000, 0x000000008a700000| Complete 
| 168|0x000000008a800000, 0x000000008a900000, 0x000000008a900000|100%| E|CS|TAMS 0x000000008a800000, 0x000000008a800000| Complete 
| 169|0x000000008a900000, 0x000000008aa00000, 0x000000008aa00000|100%| E|CS|TAMS 0x000000008a900000, 0x000000008a900000| Complete 
| 170|0x000000008aa00000, 0x000000008ab00000, 0x000000008ab00000|100%| E|CS|TAMS 0x000000008aa00000, 0x000000008aa00000| Complete 
| 171|0x000000008ab00000, 0x000000008ac00000, 0x000000008ac00000|100%| E|CS|TAMS 0x000000008ab00000, 0x000000008ab00000| Complete 
| 172|0x000000008ac00000, 0x000000008ad00000, 0x000000008ad00000|100%| E|CS|TAMS 0x000000008ac00000, 0x000000008ac00000| Complete 
| 173|0x000000008ad00000, 0x000000008ae00000, 0x000000008ae00000|100%| E|CS|TAMS 0x000000008ad00000, 0x000000008ad00000| Complete 
| 174|0x000000008ae00000, 0x000000008af00000, 0x000000008af00000|100%| E|CS|TAMS 0x000000008ae00000, 0x000000008ae00000| Complete 
| 175|0x000000008af00000, 0x000000008b000000, 0x000000008b000000|100%| E|CS|TAMS 0x000000008af00000, 0x000000008af00000| Complete 
| 176|0x000000008b000000, 0x000000008b100000, 0x000000008b100000|100%| E|CS|TAMS 0x000000008b000000, 0x000000008b000000| Complete 
| 177|0x000000008b100000, 0x000000008b200000, 0x000000008b200000|100%| E|CS|TAMS 0x000000008b100000, 0x000000008b100000| Complete 
| 178|0x000000008b200000, 0x000000008b300000, 0x000000008b300000|100%| E|CS|TAMS 0x000000008b200000, 0x000000008b200000| Complete 
| 179|0x000000008b300000, 0x000000008b400000, 0x000000008b400000|100%| E|CS|TAMS 0x000000008b300000, 0x000000008b300000| Complete 
| 180|0x000000008b400000, 0x000000008b500000, 0x000000008b500000|100%| E|CS|TAMS 0x000000008b400000, 0x000000008b400000| Complete 
| 181|0x000000008b500000, 0x000000008b600000, 0x000000008b600000|100%| E|CS|TAMS 0x000000008b500000, 0x000000008b500000| Complete 
| 182|0x000000008b600000, 0x000000008b700000, 0x000000008b700000|100%| E|CS|TAMS 0x000000008b600000, 0x000000008b600000| Complete 
| 183|0x000000008b700000, 0x000000008b800000, 0x000000008b800000|100%| E|CS|TAMS 0x000000008b700000, 0x000000008b700000| Complete 
| 184|0x000000008b800000, 0x000000008b900000, 0x000000008b900000|100%| E|CS|TAMS 0x000000008b800000, 0x000000008b800000| Complete 

Card table byte_map: [0x000001ca7edc0000,0x000001ca7f1c0000] _byte_map_base: 0x000001ca7e9c0000

Marking Bits (Prev, Next): (CMBitMap*) 0x000001ca78cae788, (CMBitMap*) 0x000001ca78cae7c0
 Prev Bits: [0x000001ca0f000000, 0x000001ca11000000)
 Next Bits: [0x000001ca11000000, 0x000001ca13000000)

Polling page: 0x000001ca78de0000

Metaspace:

Usage:
  Non-class:     47.19 MB capacity,    46.15 MB ( 98%) used,   914.03 KB (  2%) free+waste,   149.50 KB ( <1%) overhead. 
      Class:      7.20 MB capacity,     6.66 MB ( 92%) used,   485.59 KB (  7%) free+waste,    71.38 KB ( <1%) overhead. 
       Both:     54.39 MB capacity,    52.81 MB ( 97%) used,     1.37 MB (  3%) free+waste,   220.88 KB ( <1%) overhead. 

Virtual space:
  Non-class space:       48.00 MB reserved,      47.25 MB ( 98%) committed 
      Class space:        1.00 GB reserved,       7.25 MB ( <1%) committed 
             Both:        1.05 GB reserved,      54.50 MB (  5%) committed 

Chunk freelists:
   Non-Class:  59.00 KB
       Class:  20.00 KB
        Both:  79.00 KB

MaxMetaspaceSize: 17179869184.00 GB
CompressedClassSpaceSize: 1.00 GB
Initial GC threshold: 20.80 MB
Current GC threshold: 58.75 MB
CDS: off

CodeHeap 'non-profiled nmethods': size=120064Kb used=4348Kb max_used=4348Kb free=115715Kb
 bounds [0x000001ca07ac0000, 0x000001ca07f00000, 0x000001ca0f000000]
CodeHeap 'profiled nmethods': size=120000Kb used=13143Kb max_used=13143Kb free=106856Kb
 bounds [0x000001ca00590000, 0x000001ca01270000, 0x000001ca07ac0000]
CodeHeap 'non-nmethods': size=5696Kb used=2312Kb max_used=2341Kb free=3383Kb
 bounds [0x000001ca00000000, 0x000001ca00270000, 0x000001ca00590000]
 total_blobs=7062 nmethods=6245 adapters=729
 compilation: enabled
              stopped_count=0, restarted_count=0
 full_count=0

Compilation events (20 events):
Event: 18.950 Thread 0x000001ca1607f800 nmethod 6356 0x000001ca07efb590 code [0x000001ca07efb780, 0x000001ca07efbf70]
Event: 18.950 Thread 0x000001ca1607f800 6357       4       java.util.concurrent.atomic.AtomicReferenceArray::get (12 bytes)
Event: 18.952 Thread 0x000001ca7fae0800 6358       3       com.google.common.collect.MapMakerInternalMap$StrongKeyWeakValueEntry::getValue (10 bytes)
Event: 18.952 Thread 0x000001ca7fae0800 nmethod 6358 0x000001ca01251590 code [0x000001ca01251740, 0x000001ca01251908]
Event: 18.953 Thread 0x000001ca1607f800 nmethod 6357 0x000001ca07efc410 code [0x000001ca07efc5a0, 0x000001ca07efc638]
Event: 18.957 Thread 0x000001ca7fae0800 6359       3       com.android.tools.tracer.agent.objectweb.asm.SymbolTable::addBootstrapMethod (209 bytes)
Event: 18.958 Thread 0x000001ca7fae0800 nmethod 6359 0x000001ca01251a10 code [0x000001ca01251ca0, 0x000001ca01252718]
Event: 18.958 Thread 0x000001ca7fae0800 6360       3       com.android.tools.tracer.agent.objectweb.asm.SymbolTable::addConstantDynamicOrInvokeDynamicReference (140 bytes)
Event: 18.960 Thread 0x000001ca7fae0800 nmethod 6360 0x000001ca01252c10 code [0x000001ca01252e80, 0x000001ca01253658]
Event: 18.960 Thread 0x000001ca1607f800 6361       4       java.lang.ClassLoader::checkPackageAccess (102 bytes)
Event: 18.961 Thread 0x000001ca1607f800 nmethod 6361 0x000001ca07efc790 code [0x000001ca07efc920, 0x000001ca07efc9b8]
Event: 18.961 Thread 0x000001ca1607f800 6363       4       java.lang.invoke.Invokers$Holder::linkToTargetMethod (9 bytes)
Event: 18.962 Thread 0x000001ca1607f800 nmethod 6363 0x000001ca07efca90 code [0x000001ca07efcc40, 0x000001ca07efccf8]
Event: 18.962 Thread 0x000001ca1607f800 6362       4       java.lang.Class::getGenericInfo (52 bytes)
Event: 18.966 Thread 0x000001ca1607f800 nmethod 6362 0x000001ca07efce10 code [0x000001ca07efcfc0, 0x000001ca07efd188]
Event: 18.968 Thread 0x000001ca1607f800 6364       4       java.util.jar.Attributes::getValue (9 bytes)
Event: 18.970 Thread 0x000001ca7fae0800 6365       3       com.google.common.collect.ImmutableMap::of (4 bytes)
Event: 18.970 Thread 0x000001ca7fae0800 nmethod 6365 0x000001ca01253b10 code [0x000001ca01253cc0, 0x000001ca01253db8]
Event: 18.970 Thread 0x000001ca7fae0800 6366       3       com.google.common.reflect.TypeResolver::<init> (10 bytes)
Event: 18.970 Thread 0x000001ca7fae0800 nmethod 6366 0x000001ca01253e90 code [0x000001ca01254040, 0x000001ca012541f8]

GC Heap History (20 events):
Event: 9.099 GC heap before
{Heap before GC invocations=6 (full 0):
 garbage-first heap   total 131072K, used 93657K [0x0000000080000000, 0x0000000100000000)
  region size 1024K, 76 young (77824K), 2 survivors (2048K)
 Metaspace       used 23738K, capacity 24237K, committed 24448K, reserved 1071104K
  class space    used 2915K, capacity 3094K, committed 3200K, reserved 1048576K
}
Event: 9.106 GC heap after
{Heap after GC invocations=7 (full 0):
 garbage-first heap   total 131072K, used 18845K [0x0000000080000000, 0x0000000100000000)
  region size 1024K, 3 young (3072K), 3 survivors (3072K)
 Metaspace       used 23738K, capacity 24237K, committed 24448K, reserved 1071104K
  class space    used 2915K, capacity 3094K, committed 3200K, reserved 1048576K
}
Event: 10.256 GC heap before
{Heap before GC invocations=7 (full 0):
 garbage-first heap   total 131072K, used 93597K [0x0000000080000000, 0x0000000100000000)
  region size 1024K, 76 young (77824K), 3 survivors (3072K)
 Metaspace       used 27381K, capacity 28029K, committed 28160K, reserved 1073152K
  class space    used 3485K, capacity 3728K, committed 3840K, reserved 1048576K
}
Event: 10.264 GC heap after
{Heap after GC invocations=8 (full 0):
 garbage-first heap   total 131072K, used 20056K [0x0000000080000000, 0x0000000100000000)
  region size 1024K, 5 young (5120K), 5 survivors (5120K)
 Metaspace       used 27381K, capacity 28029K, committed 28160K, reserved 1073152K
  class space    used 3485K, capacity 3728K, committed 3840K, reserved 1048576K
}
Event: 11.244 GC heap before
{Heap before GC invocations=8 (full 0):
 garbage-first heap   total 131072K, used 92760K [0x0000000080000000, 0x0000000100000000)
  region size 1024K, 76 young (77824K), 5 survivors (5120K)
 Metaspace       used 30378K, capacity 31124K, committed 31488K, reserved 1077248K
  class space    used 3941K, capacity 4232K, committed 4352K, reserved 1048576K
}
Event: 11.260 GC heap after
{Heap after GC invocations=9 (full 0):
 garbage-first heap   total 131072K, used 21135K [0x0000000080000000, 0x0000000100000000)
  region size 1024K, 6 young (6144K), 6 survivors (6144K)
 Metaspace       used 30378K, capacity 31124K, committed 31488K, reserved 1077248K
  class space    used 3941K, capacity 4232K, committed 4352K, reserved 1048576K
}
Event: 12.297 GC heap before
{Heap before GC invocations=9 (full 0):
 garbage-first heap   total 131072K, used 92815K [0x0000000080000000, 0x0000000100000000)
  region size 1024K, 76 young (77824K), 6 survivors (6144K)
 Metaspace       used 33991K, capacity 34846K, committed 35072K, reserved 1079296K
  class space    used 4489K, capacity 4812K, committed 4864K, reserved 1048576K
}
Event: 12.314 GC heap after
{Heap after GC invocations=10 (full 0):
 garbage-first heap   total 157696K, used 22677K [0x0000000080000000, 0x0000000100000000)
  region size 1024K, 7 young (7168K), 7 survivors (7168K)
 Metaspace       used 33991K, capacity 34846K, committed 35072K, reserved 1079296K
  class space    used 4489K, capacity 4812K, committed 4864K, reserved 1048576K
}
Event: 12.556 GC heap before
{Heap before GC invocations=10 (full 0):
 garbage-first heap   total 157696K, used 38037K [0x0000000080000000, 0x0000000100000000)
  region size 1024K, 24 young (24576K), 7 survivors (7168K)
 Metaspace       used 34855K, capacity 35687K, committed 35840K, reserved 1081344K
  class space    used 4553K, capacity 4880K, committed 4992K, reserved 1048576K
}
Event: 12.580 GC heap after
{Heap after GC invocations=11 (full 0):
 garbage-first heap   total 157696K, used 23081K [0x0000000080000000, 0x0000000100000000)
  region size 1024K, 6 young (6144K), 6 survivors (6144K)
 Metaspace       used 34855K, capacity 35687K, committed 35840K, reserved 1081344K
  class space    used 4553K, capacity 4880K, committed 4992K, reserved 1048576K
}
Event: 13.478 GC heap before
{Heap before GC invocations=12 (full 0):
 garbage-first heap   total 157696K, used 110121K [0x0000000080000000, 0x0000000100000000)
  region size 1024K, 92 young (94208K), 6 survivors (6144K)
 Metaspace       used 39422K, capacity 40379K, committed 40448K, reserved 1085440K
  class space    used 5009K, capacity 5357K, committed 5376K, reserved 1048576K
}
Event: 13.500 GC heap after
{Heap after GC invocations=13 (full 0):
 garbage-first heap   total 157696K, used 25884K [0x0000000080000000, 0x0000000100000000)
  region size 1024K, 9 young (9216K), 9 survivors (9216K)
 Metaspace       used 39422K, capacity 40379K, committed 40448K, reserved 1085440K
  class space    used 5009K, capacity 5357K, committed 5376K, reserved 1048576K
}
Event: 14.523 GC heap before
{Heap before GC invocations=13 (full 0):
 garbage-first heap   total 157696K, used 120092K [0x0000000080000000, 0x0000000100000000)
  region size 1024K, 92 young (94208K), 9 survivors (9216K)
 Metaspace       used 41945K, capacity 43014K, committed 43136K, reserved 1087488K
  class space    used 5265K, capacity 5657K, committed 5760K, reserved 1048576K
}
Event: 14.551 GC heap after
{Heap after GC invocations=14 (full 0):
 garbage-first heap   total 157696K, used 29095K [0x0000000080000000, 0x0000000100000000)
  region size 1024K, 9 young (9216K), 9 survivors (9216K)
 Metaspace       used 41945K, capacity 43014K, committed 43136K, reserved 1087488K
  class space    used 5265K, capacity 5657K, committed 5760K, reserved 1048576K
}
Event: 15.545 GC heap before
{Heap before GC invocations=14 (full 0):
 garbage-first heap   total 157696K, used 116135K [0x0000000080000000, 0x0000000100000000)
  region size 1024K, 92 young (94208K), 9 survivors (9216K)
 Metaspace       used 45010K, capacity 46227K, committed 46336K, reserved 1089536K
  class space    used 5713K, capacity 6132K, committed 6144K, reserved 1048576K
}
Event: 15.572 GC heap after
{Heap after GC invocations=15 (full 0):
 garbage-first heap   total 189440K, used 35325K [0x0000000080000000, 0x0000000100000000)
  region size 1024K, 11 young (11264K), 11 survivors (11264K)
 Metaspace       used 45010K, capacity 46227K, committed 46336K, reserved 1089536K
  class space    used 5713K, capacity 6132K, committed 6144K, reserved 1048576K
}
Event: 16.741 GC heap before
{Heap before GC invocations=15 (full 0):
 garbage-first heap   total 189440K, used 135677K [0x0000000080000000, 0x0000000100000000)
  region size 1024K, 108 young (110592K), 11 survivors (11264K)
 Metaspace       used 49262K, capacity 50673K, committed 50816K, reserved 1093632K
  class space    used 6249K, capacity 6724K, committed 6784K, reserved 1048576K
}
Event: 16.760 GC heap after
{Heap after GC invocations=16 (full 0):
 garbage-first heap   total 189440K, used 33573K [0x0000000080000000, 0x0000000100000000)
  region size 1024K, 5 young (5120K), 5 survivors (5120K)
 Metaspace       used 49262K, capacity 50673K, committed 50816K, reserved 1093632K
  class space    used 6249K, capacity 6724K, committed 6784K, reserved 1048576K
}
Event: 18.748 GC heap before
{Heap before GC invocations=16 (full 0):
 garbage-first heap   total 189440K, used 145189K [0x0000000080000000, 0x0000000100000000)
  region size 1024K, 111 young (113664K), 5 survivors (5120K)
 Metaspace       used 53155K, capacity 54719K, committed 54912K, reserved 1097728K
  class space    used 6697K, capacity 7238K, committed 7296K, reserved 1048576K
}
Event: 18.767 GC heap after
{Heap after GC invocations=17 (full 0):
 garbage-first heap   total 189440K, used 42350K [0x0000000080000000, 0x0000000100000000)
  region size 1024K, 12 young (12288K), 12 survivors (12288K)
 Metaspace       used 53155K, capacity 54719K, committed 54912K, reserved 1097728K
  class space    used 6697K, capacity 7238K, committed 7296K, reserved 1048576K
}

Deoptimization events (20 events):
Event: 18.701 Thread 0x000001ca169b6800 Uncommon trap: trap_request=0xffffff4d fr.pc=0x000001ca07daef04 relative=0x0000000000000444
Event: 18.701 Thread 0x000001ca169b6800 Uncommon trap: reason=unstable_if action=reinterpret pc=0x000001ca07daef04 method=java.lang.String.substring(II)Ljava/lang/String; @ 31 c2
Event: 18.701 Thread 0x000001ca169b6800 DEOPT PACKING pc=0x000001ca07daef04 sp=0x00000088776f4cf0
Event: 18.701 Thread 0x000001ca169b6800 DEOPT UNPACKING pc=0x000001ca0004a1af sp=0x00000088776f4c50 mode 2
Event: 18.702 Thread 0x000001ca169b6800 Uncommon trap: trap_request=0xffffff4d fr.pc=0x000001ca07adef98 relative=0x0000000000000458
Event: 18.702 Thread 0x000001ca169b6800 Uncommon trap: reason=unstable_if action=reinterpret pc=0x000001ca07adef98 method=java.lang.String.substring(II)Ljava/lang/String; @ 31 c2
Event: 18.702 Thread 0x000001ca169b6800 DEOPT PACKING pc=0x000001ca07adef98 sp=0x00000088776f4c80
Event: 18.702 Thread 0x000001ca169b6800 DEOPT UNPACKING pc=0x000001ca0004a1af sp=0x00000088776f4c50 mode 2
Event: 18.720 Thread 0x000001ca169b6800 Uncommon trap: trap_request=0xffffff4d fr.pc=0x000001ca07b0b67c relative=0x000000000000043c
Event: 18.720 Thread 0x000001ca169b6800 Uncommon trap: reason=unstable_if action=reinterpret pc=0x000001ca07b0b67c method=java.lang.String.substring(I)Ljava/lang/String; @ 43 c2
Event: 18.720 Thread 0x000001ca169b6800 DEOPT PACKING pc=0x000001ca07b0b67c sp=0x00000088776f4fb0
Event: 18.720 Thread 0x000001ca169b6800 DEOPT UNPACKING pc=0x000001ca0004a1af sp=0x00000088776f4f88 mode 2
Event: 18.721 Thread 0x000001ca169b6800 Uncommon trap: trap_request=0xffffff4d fr.pc=0x000001ca07adf86c relative=0x000000000000042c
Event: 18.721 Thread 0x000001ca169b6800 Uncommon trap: reason=unstable_if action=reinterpret pc=0x000001ca07adf86c method=java.lang.AbstractStringBuilder.putStringAt(ILjava/lang/String;)V @ 8 c2
Event: 18.721 Thread 0x000001ca169b6800 DEOPT PACKING pc=0x000001ca07adf86c sp=0x00000088776f4cc0
Event: 18.721 Thread 0x000001ca169b6800 DEOPT UNPACKING pc=0x000001ca0004a1af sp=0x00000088776f4bd8 mode 2
Event: 18.721 Thread 0x000001ca169b6800 Uncommon trap: trap_request=0xffffff4d fr.pc=0x000001ca07adb83c relative=0x00000000000003fc
Event: 18.721 Thread 0x000001ca169b6800 Uncommon trap: reason=unstable_if action=reinterpret pc=0x000001ca07adb83c method=java.lang.AbstractStringBuilder.putStringAt(ILjava/lang/String;)V @ 8 c2
Event: 18.721 Thread 0x000001ca169b6800 DEOPT PACKING pc=0x000001ca07adb83c sp=0x00000088776f4ce0
Event: 18.721 Thread 0x000001ca169b6800 DEOPT UNPACKING pc=0x000001ca0004a1af sp=0x00000088776f4c50 mode 2

Classes redefined (0 events):
No events

Internal exceptions (20 events):
Event: 18.017 Thread 0x000001ca169b6800 Exception <a 'java/security/PrivilegedActionException'{0x0000000088767a38}> (0x0000000088767a38) thrown at [src/hotspot/share/prims/jvm.cpp, line 1306]
Event: 18.064 Thread 0x000001ca169b6800 Exception <a 'java/security/PrivilegedActionException'{0x0000000088501a20}> (0x0000000088501a20) thrown at [src/hotspot/share/prims/jvm.cpp, line 1306]
Event: 18.064 Thread 0x000001ca169b6800 Exception <a 'java/security/PrivilegedActionException'{0x0000000088502f88}> (0x0000000088502f88) thrown at [src/hotspot/share/prims/jvm.cpp, line 1306]
Event: 18.064 Thread 0x000001ca169b6800 Exception <a 'java/security/PrivilegedActionException'{0x0000000088506320}> (0x0000000088506320) thrown at [src/hotspot/share/prims/jvm.cpp, line 1306]
Event: 18.064 Thread 0x000001ca169b6800 Exception <a 'java/security/PrivilegedActionException'{0x0000000088507888}> (0x0000000088507888) thrown at [src/hotspot/share/prims/jvm.cpp, line 1306]
Event: 18.065 Thread 0x000001ca169b6800 Exception <a 'java/security/PrivilegedActionException'{0x000000008850ad50}> (0x000000008850ad50) thrown at [src/hotspot/share/prims/jvm.cpp, line 1306]
Event: 18.065 Thread 0x000001ca169b6800 Exception <a 'java/security/PrivilegedActionException'{0x000000008850c2b8}> (0x000000008850c2b8) thrown at [src/hotspot/share/prims/jvm.cpp, line 1306]
Event: 18.065 Thread 0x000001ca169b6800 Exception <a 'java/security/PrivilegedActionException'{0x000000008850f6a0}> (0x000000008850f6a0) thrown at [src/hotspot/share/prims/jvm.cpp, line 1306]
Event: 18.065 Thread 0x000001ca169b6800 Exception <a 'java/security/PrivilegedActionException'{0x0000000088510c08}> (0x0000000088510c08) thrown at [src/hotspot/share/prims/jvm.cpp, line 1306]
Event: 18.066 Thread 0x000001ca169b6800 Exception <a 'java/security/PrivilegedActionException'{0x0000000088514020}> (0x0000000088514020) thrown at [src/hotspot/share/prims/jvm.cpp, line 1306]
Event: 18.066 Thread 0x000001ca169b6800 Exception <a 'java/security/PrivilegedActionException'{0x0000000088515588}> (0x0000000088515588) thrown at [src/hotspot/share/prims/jvm.cpp, line 1306]
Event: 18.066 Thread 0x000001ca169b6800 Exception <a 'java/security/PrivilegedActionException'{0x0000000088518a50}> (0x0000000088518a50) thrown at [src/hotspot/share/prims/jvm.cpp, line 1306]
Event: 18.066 Thread 0x000001ca169b6800 Exception <a 'java/security/PrivilegedActionException'{0x0000000088519fb8}> (0x0000000088519fb8) thrown at [src/hotspot/share/prims/jvm.cpp, line 1306]
Event: 18.128 Thread 0x000001ca169b6800 Exception <a 'java/lang/ClassNotFoundException'{0x000000008813c268}: org/gradle/api/internal/plugins/DefaultObjectConfigurationActionBeanInfo> (0x000000008813c268) thrown at [src/hotspot/share/classfile/systemDictionary.cpp, line 230]
Event: 18.129 Thread 0x000001ca169b6800 Exception <a 'java/lang/ClassNotFoundException'{0x00000000881726a0}: org/gradle/api/internal/plugins/DefaultObjectConfigurationActionCustomizer> (0x00000000881726a0) thrown at [src/hotspot/share/classfile/systemDictionary.cpp, line 230]
Event: 18.465 Thread 0x000001ca169b6800 Exception <a 'java/lang/NoSuchMethodError'{0x00000000862e1ed8}: 'java.lang.Object java.lang.invoke.DirectMethodHandle$Holder.invokeStatic(java.lang.Object, java.lang.Object, java.lang.Object, java.lang.Object, int)'> (0x00000000862e1ed8) thrown at [src/hotspot/share/interpreter/linkResolver.cpp, line 773]
Event: 18.466 Thread 0x000001ca169b6800 Exception <a 'java/lang/NoSuchMethodError'{0x00000000862e68d0}: 'java.lang.Object java.lang.invoke.DirectMethodHandle$Holder.invokeSpecial(java.lang.Object, java.lang.Object, java.lang.Object, java.lang.Object, java.lang.Object, int)'> (0x00000000862e68d0) thrown at [src/hotspot/share/interpreter/linkResolver.cpp, line 773]
Event: 18.466 Thread 0x000001ca169b6800 Exception <a 'java/lang/NoSuchMethodError'{0x00000000862eaf10}: 'java.lang.Object java.lang.invoke.Invokers$Holder.linkToTargetMethod(java.lang.Object, java.lang.Object, java.lang.Object, int, java.lang.Object)'> (0x00000000862eaf10) thrown at [src/hotspot/share/interpreter/linkResolver.cpp, line 773]
Event: 18.492 Thread 0x000001ca169b6800 Exception <a 'java/lang/NoSuchMethodError'{0x000000008605d368}: 'java.lang.Object java.lang.invoke.Invokers$Holder.linkToTargetMethod(java.lang.Object, int, int, java.lang.Object)'> (0x000000008605d368) thrown at [src/hotspot/share/interpreter/linkResolver.cpp, line 773]
Event: 18.496 Thread 0x000001ca169b6800 Exception <a 'java/lang/NoSuchMethodError'{0x000000008607b0c0}: 'java.lang.Object java.lang.invoke.DirectMethodHandle$Holder.invokeStatic(java.lang.Object, java.lang.Object, int, int, java.lang.Object, java.lang.Object)'> (0x000000008607b0c0) thrown at [src/hotspot/share/interpreter/linkResolver.cpp, line 773]

Events (20 events):
Event: 18.956 loading class com/android/build/gradle/internal/errors/DeprecationReporterImpl
Event: 18.956 loading class com/android/build/gradle/internal/errors/DeprecationReporterImpl done
Event: 18.958 loading class com/android/build/gradle/internal/errors/DeprecationReporter
Event: 18.958 loading class com/android/build/gradle/internal/errors/DeprecationReporter done
Event: 18.959 loading class com/android/build/gradle/internal/errors/DeprecationReporterImpl$Companion
Event: 18.959 loading class com/android/build/gradle/internal/errors/DeprecationReporterImpl$Companion done
Event: 18.961 loading class kotlin/collections/SetsKt
Event: 18.961 loading class kotlin/collections/SetsKt done
Event: 18.961 loading class kotlin/collections/EmptySet
Event: 18.961 loading class kotlin/collections/EmptySet done
Event: 18.963 loading class org/gradle/api/internal/file/DefaultFilePropertyFactory$FixedDirectory
Event: 18.963 loading class org/gradle/api/internal/file/DefaultFilePropertyFactory$FixedDirectory done
Event: 18.965 loading class org/gradle/api/internal/file/DefaultFilePropertyFactory$DefaultDirectoryVar
Event: 18.965 loading class org/gradle/api/internal/file/DefaultFilePropertyFactory$DefaultDirectoryVar done
Event: 18.967 loading class com/android/build/gradle/internal/lint/LintFromMaven
Event: 18.967 loading class com/android/build/gradle/internal/lint/LintFromMaven done
Event: 18.968 loading class com/android/build/gradle/internal/lint/LintFromMaven$Companion
Event: 18.968 loading class com/android/build/gradle/internal/lint/LintFromMaven$Companion done
Event: 18.970 loading class com/android/build/gradle/internal/lint/AndroidLintInputs
Event: 18.970 loading class com/android/build/gradle/internal/lint/AndroidLintInputs done


Dynamic libraries:
0x00007ff605dd0000 - 0x00007ff605dda000 	C:\Program Files\Android\Android Studio\jbr\bin\java.exe
0x00007ffe327f0000 - 0x00007ffe329e8000 	C:\WINDOWS\SYSTEM32\ntdll.dll
0x00007ffe31d30000 - 0x00007ffe31def000 	C:\WINDOWS\System32\KERNEL32.DLL
0x00007ffe30000000 - 0x00007ffe302da000 	C:\WINDOWS\System32\KERNELBASE.dll
0x00007ffe2ff00000 - 0x00007ffe30000000 	C:\WINDOWS\System32\ucrtbase.dll
0x00007ffe24f70000 - 0x00007ffe24f8b000 	C:\Program Files\Android\Android Studio\jbr\bin\VCRUNTIME140.dll
0x00007ffe28820000 - 0x00007ffe28837000 	C:\Program Files\Android\Android Studio\jbr\bin\jli.dll
0x00007ffe32600000 - 0x00007ffe3279d000 	C:\WINDOWS\System32\USER32.dll
0x00007ffe30780000 - 0x00007ffe307a2000 	C:\WINDOWS\System32\win32u.dll
0x00007ffe1e340000 - 0x00007ffe1e5da000 	C:\WINDOWS\WinSxS\amd64_microsoft.windows.common-controls_6595b64144ccf1df_6.0.19041.1110_none_60b5254171f9507e\COMCTL32.dll
0x00007ffe31400000 - 0x00007ffe3142b000 	C:\WINDOWS\System32\GDI32.dll
0x00007ffe32240000 - 0x00007ffe322de000 	C:\WINDOWS\System32\msvcrt.dll
0x00007ffe303c0000 - 0x00007ffe304d0000 	C:\WINDOWS\System32\gdi32full.dll
0x00007ffe307b0000 - 0x00007ffe3084d000 	C:\WINDOWS\System32\msvcp_win.dll
0x00007ffe30850000 - 0x00007ffe30880000 	C:\WINDOWS\System32\IMM32.DLL
0x00007ffe2cc60000 - 0x00007ffe2cc6c000 	C:\Program Files\Android\Android Studio\jbr\bin\vcruntime140_1.dll
0x00007ffe0fb60000 - 0x00007ffe0fbed000 	C:\Program Files\Android\Android Studio\jbr\bin\msvcp140.dll
0x00007ffdcc9a0000 - 0x00007ffdcd55c000 	C:\Program Files\Android\Android Studio\jbr\bin\server\jvm.dll
0x00007ffe31c80000 - 0x00007ffe31d2e000 	C:\WINDOWS\System32\ADVAPI32.dll
0x00007ffe310f0000 - 0x00007ffe3118c000 	C:\WINDOWS\System32\sechost.dll
0x00007ffe324d0000 - 0x00007ffe325f6000 	C:\WINDOWS\System32\RPCRT4.dll
0x00007ffe30880000 - 0x00007ffe30888000 	C:\WINDOWS\System32\PSAPI.DLL
0x00007ffe2ca20000 - 0x00007ffe2ca29000 	C:\WINDOWS\SYSTEM32\WSOCK32.dll
0x00007ffe321d0000 - 0x00007ffe3223b000 	C:\WINDOWS\System32\WS2_32.dll
0x00007ffe1d6c0000 - 0x00007ffe1d6e7000 	C:\WINDOWS\SYSTEM32\WINMM.dll
0x00007ffe209f0000 - 0x00007ffe209fa000 	C:\WINDOWS\SYSTEM32\VERSION.dll
0x00007ffe2e710000 - 0x00007ffe2e722000 	C:\WINDOWS\SYSTEM32\kernel.appcore.dll
0x00007ffe2b220000 - 0x00007ffe2b230000 	C:\Program Files\Android\Android Studio\jbr\bin\verify.dll
0x00007ffe1bf90000 - 0x00007ffe1c174000 	C:\WINDOWS\SYSTEM32\DBGHELP.DLL
0x00007ffe1bf50000 - 0x00007ffe1bf84000 	C:\WINDOWS\SYSTEM32\dbgcore.DLL
0x00007ffe302e0000 - 0x00007ffe30362000 	C:\WINDOWS\System32\bcryptPrimitives.dll
0x00007ffe23740000 - 0x00007ffe23768000 	C:\Program Files\Android\Android Studio\jbr\bin\java.dll
0x00007ffe2af80000 - 0x00007ffe2af8a000 	C:\Program Files\Android\Android Studio\jbr\bin\jimage.dll
0x00007ffe2a450000 - 0x00007ffe2a45e000 	C:\Program Files\Android\Android Studio\jbr\bin\instrument.dll
0x00007ffe25080000 - 0x00007ffe25098000 	C:\Program Files\Android\Android Studio\jbr\bin\zip.dll
0x00007ffe314a0000 - 0x00007ffe31be4000 	C:\WINDOWS\System32\SHELL32.dll
0x00007ffe2deb0000 - 0x00007ffe2e643000 	C:\WINDOWS\SYSTEM32\windows.storage.dll
0x00007ffe31df0000 - 0x00007ffe32144000 	C:\WINDOWS\System32\combase.dll
0x00007ffe2f7a0000 - 0x00007ffe2f7ce000 	C:\WINDOWS\SYSTEM32\Wldp.dll
0x00007ffe308f0000 - 0x00007ffe3099d000 	C:\WINDOWS\System32\SHCORE.dll
0x00007ffe31190000 - 0x00007ffe311e5000 	C:\WINDOWS\System32\shlwapi.dll
0x00007ffe2fe40000 - 0x00007ffe2fe5f000 	C:\WINDOWS\SYSTEM32\profapi.dll
0x00007ffe29fb0000 - 0x00007ffe29fba000 	C:\Program Files\Android\Android Studio\jbr\bin\management.dll
0x00007ffe28890000 - 0x00007ffe2889b000 	C:\Program Files\Android\Android Studio\jbr\bin\management_ext.dll
0x00007ffe24eb0000 - 0x00007ffe24ec9000 	C:\Program Files\Android\Android Studio\jbr\bin\net.dll
0x00007ffe221f0000 - 0x00007ffe222fa000 	C:\WINDOWS\SYSTEM32\WINHTTP.dll
0x00007ffe2f580000 - 0x00007ffe2f5ea000 	C:\WINDOWS\system32\mswsock.dll
0x00007ffe24950000 - 0x00007ffe24963000 	C:\Program Files\Android\Android Studio\jbr\bin\nio.dll
0x00007ffe1f250000 - 0x00007ffe1f267000 	C:\WINDOWS\system32\napinsp.dll
0x00007ffe24c70000 - 0x00007ffe24c8b000 	C:\WINDOWS\system32\pnrpnsp.dll
0x00007ffe29f30000 - 0x00007ffe29f45000 	C:\WINDOWS\system32\wshbth.dll
0x00007ffe2b1e0000 - 0x00007ffe2b1fd000 	C:\WINDOWS\system32\NLAapi.dll
0x00007ffe2f290000 - 0x00007ffe2f2cc000 	C:\WINDOWS\SYSTEM32\IPHLPAPI.DLL
0x00007ffe2f2d0000 - 0x00007ffe2f39b000 	C:\WINDOWS\SYSTEM32\DNSAPI.dll
0x00007ffe327a0000 - 0x00007ffe327a8000 	C:\WINDOWS\System32\NSI.dll
0x00007ffe28a30000 - 0x00007ffe28a42000 	C:\WINDOWS\System32\winrnr.dll
0x00007ffe20e00000 - 0x00007ffe20e0a000 	C:\Windows\System32\rasadhlp.dll
0x00007ffe21fb0000 - 0x00007ffe22030000 	C:\WINDOWS\System32\fwpuclnt.dll
0x00007ffe30750000 - 0x00007ffe30777000 	C:\WINDOWS\System32\bcrypt.dll
0x00007ffe10e30000 - 0x00007ffe10e57000 	C:\Users\shahzaib lptp\AndroidStudioProjects\loginsqlite\native\e1d6ef7f7dcc3fd88c89a11ec53ec762bb8ba0a96d01ffa2cd45eb1d1d8dd5c5\windows-amd64\native-platform.dll
0x00007ffdff290000 - 0x00007ffdff3d4000 	C:\Users\shahzaib lptp\AndroidStudioProjects\loginsqlite\native\0d407fdbe67a94daf76414ababcb853783967236a71b16ec16e742cd7a986fd3\windows-amd64\native-platform-file-events.dll
0x00007ffe2fb20000 - 0x00007ffe2fb38000 	C:\WINDOWS\SYSTEM32\CRYPTSP.dll
0x00007ffe2eec0000 - 0x00007ffe2eef4000 	C:\WINDOWS\system32\rsaenh.dll
0x00007ffe2fe00000 - 0x00007ffe2fe2e000 	C:\WINDOWS\SYSTEM32\USERENV.dll
0x00007ffe2f710000 - 0x00007ffe2f71c000 	C:\WINDOWS\SYSTEM32\CRYPTBASE.dll
0x00007ffe23110000 - 0x00007ffe23127000 	C:\WINDOWS\SYSTEM32\dhcpcsvc6.DLL
0x00007ffe230f0000 - 0x00007ffe2310d000 	C:\WINDOWS\SYSTEM32\dhcpcsvc.DLL

dbghelp: loaded successfully - version: 4.0.5 - missing functions: none
symbol engine: initialized successfully - sym options: 0x614 - pdb path: .;C:\Program Files\Android\Android Studio\jbr\bin;C:\WINDOWS\SYSTEM32;C:\WINDOWS\WinSxS\amd64_microsoft.windows.common-controls_6595b64144ccf1df_6.0.19041.1110_none_60b5254171f9507e;C:\Program Files\Android\Android Studio\jbr\bin\server;C:\Users\shahzaib lptp\AndroidStudioProjects\loginsqlite\native\e1d6ef7f7dcc3fd88c89a11ec53ec762bb8ba0a96d01ffa2cd45eb1d1d8dd5c5\windows-amd64;C:\Users\shahzaib lptp\AndroidStudioProjects\loginsqlite\native\0d407fdbe67a94daf76414ababcb853783967236a71b16ec16e742cd7a986fd3\windows-amd64

VM Arguments:
jvm_args: -javaagent:C:\Program Files\Android\Android Studio\plugins\android\resources\trace_agent.jar=C:\Users\SHAHZA~1\AppData\Local\Temp\sync.trace.profile --add-opens=java.base/java.util=ALL-UNNAMED --add-opens=java.base/java.lang=ALL-UNNAMED --add-opens=java.base/java.lang.invoke=ALL-UNNAMED --add-opens=java.base/java.util=ALL-UNNAMED --add-opens=java.prefs/java.util.prefs=ALL-UNNAMED --add-opens=java.prefs/java.util.prefs=ALL-UNNAMED --add-opens=java.base/java.nio.charset=ALL-UNNAMED --add-opens=java.base/java.net=ALL-UNNAMED --add-opens=java.base/java.util.concurrent.atomic=ALL-UNNAMED -Xmx2048m -Dfile.encoding=UTF-8 -Duser.country=US -Duser.language=en -Duser.variant 
java_command: org.gradle.launcher.daemon.bootstrap.GradleDaemon 7.5
java_class_path (initial): C:\Users\shahzaib lptp\AndroidStudioProjects\loginsqlite\wrapper\dists\gradle-7.5-bin\f1w0cc9nuo0eivz97x2xlu9sv\gradle-7.5\lib\gradle-launcher-7.5.jar
Launcher Type: SUN_STANDARD

[Global flags]
     intx CICompilerCount                          = 3                                         {product} {ergonomic}
     uint ConcGCThreads                            = 1                                         {product} {ergonomic}
     uint G1ConcRefinementThreads                  = 4                                         {product} {ergonomic}
   size_t G1HeapRegionSize                         = 1048576                                   {product} {ergonomic}
    uintx GCDrainStackTargetSize                   = 64                                        {product} {ergonomic}
   size_t InitialHeapSize                          = 134217728                                 {product} {ergonomic}
   size_t MarkStackSize                            = 4194304                                   {product} {ergonomic}
   size_t MaxHeapSize                              = 2147483648                                {product} {command line}
   size_t MaxNewSize                               = 1287651328                                {product} {ergonomic}
   size_t MinHeapDeltaBytes                        = 1048576                                   {product} {ergonomic}
    uintx NonNMethodCodeHeapSize                   = 5830732                                {pd product} {ergonomic}
    uintx NonProfiledCodeHeapSize                  = 122913754                              {pd product} {ergonomic}
    uintx ProfiledCodeHeapSize                     = 122913754                              {pd product} {ergonomic}
    uintx ReservedCodeCacheSize                    = 251658240                              {pd product} {ergonomic}
     bool SegmentedCodeCache                       = true                                      {product} {ergonomic}
     bool UseCompressedClassPointers               = true                                 {lp64_product} {ergonomic}
     bool UseCompressedOops                        = true                                 {lp64_product} {ergonomic}
     bool UseG1GC                                  = true                                      {product} {ergonomic}
     bool UseLargePagesIndividualAllocation        = false                                  {pd product} {ergonomic}

Logging:
Log output configuration:
 #0: stdout all=warning uptime,level,tags
 #1: stderr all=off uptime,level,tags

Environment Variables:
PATH=C:\Program Files\Python310\Scripts\;C:\Program Files\Python310\;C:\Program Files\Common Files\Oracle\Java\javapath;C:\app\bin;C:\app\shahzaiblptp\product\11.2.0\dbhome_1\bin;C:\WINDOWS\system32;C:\WINDOWS;C:\WINDOWS\System32\Wbem;C:\WINDOWS\System32\WindowsPowerShell\v1.0\;c:\Program Files (x86)\Microsoft SQL Server\100\Tools\Binn\;c:\Program Files\Microsoft SQL Server\100\Tools\Binn\;c:\Program Files\Microsoft SQL Server\100\DTS\Binn\;C:\WINDOWS\System32\OpenSSH\;C:\ProgramData\chocolatey\bin;%JAVA_HOME%\bin;C:\Users\shahzaib lptp\AppData\Local\Microsoft\WindowsApps;C:\Program Files\JetBrains\IntelliJ IDEA Community Edition 2021.3\bin;;C:\Program Files\Python310\PyCharm Community Edition 2022.1\bin;;C:\Users\shahzaib lptp\AppData\Local\Programs\Microsoft VS Code\bin;C:\Program Files\flutter\bin;C:\src\flutter\bin;C:\Program Files\Android\Android Studio\bin;
USERNAME=shahzaib lptp
OS=Windows_NT
PROCESSOR_IDENTIFIER=Intel64 Family 6 Model 69 Stepping 1, GenuineIntel



---------------  S Y S T E M  ---------------

OS: Windows 10 , 64 bit Build 19041 (10.0.19041.2788)
OS uptime: 8 days 17:51 hours
Hyper-V role detected

CPU:total 4 (initial active 4) (2 cores per cpu, 2 threads per core) family 6 model 69 stepping 1 microcode 0x26, cmov, cx8, fxsr, mmx, sse, sse2, sse3, ssse3, sse4.1, sse4.2, popcnt, avx, avx2, aes, clmul, erms, lzcnt, ht, tsc, tscinvbit, bmi1, bmi2, fma

Memory: 4k page, system-wide physical 8073M (827M free)
TotalPageFile size 10073M (AvailPageFile size 3M)
current process WorkingSet (physical memory assigned to process): 364M, peak: 364M
current process commit charge ("private bytes"): 404M, peak: 405M

vm_info: OpenJDK 64-Bit Server VM (11.0.15+0-b2043.56-9505619) for windows-amd64 JRE (11.0.15+0-b2043.56-9505619), built on Jan 19 2023 02:48:00 by "builduser" with unknown MS VC++:1929

END.
