#
# There is insufficient memory for the Java Runtime Environment to continue.
# Native memory allocation (mmap) failed to map 32505856 bytes for Failed to commit area from 0x0000000089a00000 to 0x000000008b900000 of length 32505856.
# Possible reasons:
#   The system is out of physical RAM or swap space
#   The process is running with CompressedOops enabled, and the Java Heap may be blocking the growth of the native heap
# Possible solutions:
#   Reduce memory load on the system
#   Increase physical memory or swap space
#   Check if swap backing store is full
#   Decrease Java heap size (-Xmx/-Xms)
#   Decrease number of Java threads
#   Decrease Java thread stack sizes (-Xss)
#   Set larger code cache with -XX:ReservedCodeCacheSize=
#   JVM is running with Unscaled Compressed Oops mode in which the Java heap is
#     placed in the first 4GB address space. The Java Heap base address is the
#     maximum limit for the native heap growth. Please use -XX:HeapBaseMinAddress
#     to set the Java Heap base and to place the Java Heap above 4GB virtual address.
# This output file may be truncated or incomplete.
#
#  Out of Memory Error (src/hotspot/os/windows/os_windows.cpp:3627), pid=15036, tid=12676
#
# JRE version: OpenJDK Runtime Environment (11.0.15) (build 11.0.15+0-b2043.56-9505619)
# Java VM: OpenJDK 64-Bit Server VM (11.0.15+0-b2043.56-9505619, mixed mode, tiered, compressed oops, g1 gc, windows-amd64)
# No core dump will be written. Minidumps are not enabled by default on client versions of Windows
#

---------------  S U M M A R Y ------------

Command Line: -javaagent:C:\Program Files\Android\Android Studio\plugins\android\resources\trace_agent.jar=C:\Users\SHAHZA~1\AppData\Local\Temp\sync.trace.profile --add-opens=java.base/java.util=ALL-UNNAMED --add-opens=java.base/java.lang=ALL-UNNAMED --add-opens=java.base/java.lang.invoke=ALL-UNNAMED --add-opens=java.base/java.util=ALL-UNNAMED --add-opens=java.prefs/java.util.prefs=ALL-UNNAMED --add-opens=java.prefs/java.util.prefs=ALL-UNNAMED --add-opens=java.base/java.nio.charset=ALL-UNNAMED --add-opens=java.base/java.net=ALL-UNNAMED --add-opens=java.base/java.util.concurrent.atomic=ALL-UNNAMED -Xmx2048m -Dfile.encoding=UTF-8 -Duser.country=US -Duser.language=en -Duser.variant org.gradle.launcher.daemon.bootstrap.GradleDaemon 7.5

Host: Intel(R) Core(TM) i5-4310U CPU @ 2.00GHz, 4 cores, 7G,  Windows 10 , 64 bit Build 19041 (10.0.19041.2788)
Time: Mon May  8 16:02:50 2023 Pakistan Standard Time elapsed time: 15.543796 seconds (0d 0h 0m 15s)

---------------  T H R E A D  ---------------

Current thread (0x0000022d33f85000):  VMThread "VM Thread" [stack: 0x0000004b89d00000,0x0000004b89e00000] [id=12676]

Stack: [0x0000004b89d00000,0x0000004b89e00000]
[error occurred during error reporting (printing stack bounds), id 0xc0000005, EXCEPTION_ACCESS_VIOLATION (0xc0000005) at pc=0x0000022d1d65112d]

Native frames: (J=compiled Java code, j=interpreted, Vv=VM code, C=native code)
V  [jvm.dll+0x64135a]
V  [jvm.dll+0x7d39f9]
V  [jvm.dll+0x7d51b9]
V  [jvm.dll+0x7d5805]
V  [jvm.dll+0x7d57bb]
V  [jvm.dll+0x640655]
V  [jvm.dll+0x640d68]
C  [ntdll.dll+0xa23df]
C  [ntdll.dll+0x514a4]
C  [ntdll.dll+0xa0f0e]
C  0x0000022d1d65112d

VM_Operation (0x0000004b8b1f31b0): G1CollectForAllocation, mode: safepoint, requested by thread 0x0000022d35939800


---------------  P R O C E S S  ---------------

Threads class SMR info:
_java_thread_list=0x0000022d36bd9d20, length=37, elements={
0x0000022d19b23000, 0x0000022d3377c000, 0x0000022d3377e000, 0x0000022d33fcf800,
0x0000022d33fd2000, 0x0000022d33fd3800, 0x0000022d33fd6800, 0x0000022d33fe0000,
0x0000022d33fe1800, 0x0000022d34146000, 0x0000022d3424a000, 0x0000022d39d17800,
0x0000022d3a25a800, 0x0000022d3a257800, 0x0000022d36bbb000, 0x0000022d39e5d800,
0x0000022d3a19c800, 0x0000022d35939800, 0x0000022d34294800, 0x0000022d39c37000,
0x0000022d39c38000, 0x0000022d39c35800, 0x0000022d39c36000, 0x0000022d39c32000,
0x0000022d39c33000, 0x0000022d39c34800, 0x0000022d39c33800, 0x0000022d39c38800,
0x0000022d39cc4000, 0x0000022d39cc1000, 0x0000022d39cc1800, 0x0000022d39cc5000,
0x0000022d39cc2800, 0x0000022d39cc0000, 0x0000022d34604000, 0x0000022d34602000,
0x0000022d345fe000
}

Java Threads: ( => current thread )
  0x0000022d19b23000 JavaThread "main" [_thread_blocked, id=12992, stack(0x0000004b89700000,0x0000004b89800000)]
  0x0000022d3377c000 JavaThread "Reference Handler" daemon [_thread_blocked, id=13332, stack(0x0000004b89e00000,0x0000004b89f00000)]
  0x0000022d3377e000 JavaThread "Finalizer" daemon [_thread_blocked, id=9572, stack(0x0000004b89f00000,0x0000004b8a000000)]
  0x0000022d33fcf800 JavaThread "Signal Dispatcher" daemon [_thread_blocked, id=10532, stack(0x0000004b8a000000,0x0000004b8a100000)]
  0x0000022d33fd2000 JavaThread "Attach Listener" daemon [_thread_blocked, id=10712, stack(0x0000004b8a100000,0x0000004b8a200000)]
  0x0000022d33fd3800 JavaThread "Service Thread" daemon [_thread_blocked, id=5084, stack(0x0000004b8a200000,0x0000004b8a300000)]
  0x0000022d33fd6800 JavaThread "C2 CompilerThread0" daemon [_thread_in_native, id=9352, stack(0x0000004b8a300000,0x0000004b8a400000)]
  0x0000022d33fe0000 JavaThread "C1 CompilerThread0" daemon [_thread_blocked, id=9760, stack(0x0000004b8a400000,0x0000004b8a500000)]
  0x0000022d33fe1800 JavaThread "Sweeper thread" daemon [_thread_blocked, id=9440, stack(0x0000004b8a500000,0x0000004b8a600000)]
  0x0000022d34146000 JavaThread "Common-Cleaner" daemon [_thread_blocked, id=14564, stack(0x0000004b8a600000,0x0000004b8a700000)]
  0x0000022d3424a000 JavaThread "C2 CompilerThread1" daemon [_thread_blocked, id=6320, stack(0x0000004b8a700000,0x0000004b8a800000)]
  0x0000022d39d17800 JavaThread "Daemon health stats" [_thread_blocked, id=5148, stack(0x0000004b8ab00000,0x0000004b8ac00000)]
  0x0000022d3a25a800 JavaThread "Incoming local TCP Connector on port 53305" [_thread_in_native, id=804, stack(0x0000004b8ac00000,0x0000004b8ad00000)]
  0x0000022d3a257800 JavaThread "Daemon periodic checks" [_thread_blocked, id=6872, stack(0x0000004b8ad00000,0x0000004b8ae00000)]
  0x0000022d36bbb000 JavaThread "Daemon" [_thread_blocked, id=8044, stack(0x0000004b8ae00000,0x0000004b8af00000)]
  0x0000022d39e5d800 JavaThread "Handler for socket connection from /127.0.0.1:53305 to /127.0.0.1:53306" [_thread_in_native, id=10420, stack(0x0000004b8af00000,0x0000004b8b000000)]
  0x0000022d3a19c800 JavaThread "Cancel handler" [_thread_blocked, id=13904, stack(0x0000004b8b000000,0x0000004b8b100000)]
  0x0000022d35939800 JavaThread "Daemon worker" [_thread_blocked, id=14616, stack(0x0000004b8b100000,0x0000004b8b200000)]
  0x0000022d34294800 JavaThread "Asynchronous log dispatcher for DefaultDaemonConnection: socket connection from /127.0.0.1:53305 to /127.0.0.1:53306" [_thread_blocked, id=11904, stack(0x0000004b8b200000,0x0000004b8b300000)]
  0x0000022d39c37000 JavaThread "Stdin handler" [_thread_blocked, id=12332, stack(0x0000004b8b300000,0x0000004b8b400000)]
  0x0000022d39c38000 JavaThread "Daemon client event forwarder" [_thread_blocked, id=8804, stack(0x0000004b8b400000,0x0000004b8b500000)]
  0x0000022d39c35800 JavaThread "Cache worker for journal cache (C:\Users\shahzaib lptp\AndroidStudioProjects\loginsqlite\caches\journal-1)" [_thread_blocked, id=11888, stack(0x0000004b8b600000,0x0000004b8b700000)]
  0x0000022d39c36000 JavaThread "File lock request listener" [_thread_in_native, id=820, stack(0x0000004b8b700000,0x0000004b8b800000)]
  0x0000022d39c32000 JavaThread "Cache worker for file hash cache (C:\Users\shahzaib lptp\AndroidStudioProjects\loginsqlite\caches\7.5\fileHashes)" [_thread_blocked, id=15068, stack(0x0000004b8b800000,0x0000004b8b900000)]
  0x0000022d39c33000 JavaThread "File watcher server" daemon [_thread_in_native, id=12660, stack(0x0000004b8b900000,0x0000004b8ba00000)]
  0x0000022d39c34800 JavaThread "File watcher consumer" daemon [_thread_blocked, id=13036, stack(0x0000004b8ba00000,0x0000004b8bb00000)]
  0x0000022d39c33800 JavaThread "Cache worker for checksums cache (C:\Users\shahzaib lptp\AndroidStudioProjects\EyeonwaterApp\.gradle\7.5\checksums)" [_thread_blocked, id=1448, stack(0x0000004b8bb00000,0x0000004b8bc00000)]
  0x0000022d39c38800 JavaThread "Cache worker for cache directory md-rule (C:\Users\shahzaib lptp\AndroidStudioProjects\loginsqlite\caches\7.5\md-rule)" [_thread_blocked, id=11336, stack(0x0000004b8bc00000,0x0000004b8bd00000)]
  0x0000022d39cc4000 JavaThread "Cache worker for file content cache (C:\Users\shahzaib lptp\AndroidStudioProjects\loginsqlite\caches\7.5\fileContent)" [_thread_blocked, id=1624, stack(0x0000004b8bd00000,0x0000004b8be00000)]
  0x0000022d39cc1000 JavaThread "Cache worker for file hash cache (C:\Users\shahzaib lptp\AndroidStudioProjects\EyeonwaterApp\.gradle\7.5\fileHashes)" [_thread_blocked, id=12204, stack(0x0000004b8be00000,0x0000004b8bf00000)]
  0x0000022d39cc1800 JavaThread "Cache worker for cache directory md-supplier (C:\Users\shahzaib lptp\AndroidStudioProjects\loginsqlite\caches\7.5\md-supplier)" [_thread_blocked, id=12140, stack(0x0000004b8bf00000,0x0000004b8c000000)]
  0x0000022d39cc5000 JavaThread "Cache worker for execution history cache (C:\Users\shahzaib lptp\AndroidStudioProjects\loginsqlite\caches\7.5\executionHistory)" [_thread_blocked, id=16140, stack(0x0000004b8c000000,0x0000004b8c100000)]
  0x0000022d39cc2800 JavaThread "jar transforms" [_thread_blocked, id=10868, stack(0x0000004b8c100000,0x0000004b8c200000)]
  0x0000022d39cc0000 JavaThread "jar transforms Thread 2" [_thread_blocked, id=7604, stack(0x0000004b8c200000,0x0000004b8c300000)]
  0x0000022d34604000 JavaThread "jar transforms Thread 3" [_thread_blocked, id=5972, stack(0x0000004b8c300000,0x0000004b8c400000)]
  0x0000022d34602000 JavaThread "jar transforms Thread 4" [_thread_blocked, id=10888, stack(0x0000004b8c400000,0x0000004b8c500000)]
  0x0000022d345fe000 JavaThread "Cache worker for dependencies-accessors (C:\Users\shahzaib lptp\AndroidStudioProjects\EyeonwaterApp\.gradle\7.5\dependencies-accessors)" [_thread_blocked, id=1860, stack(0x0000004b8c500000,0x0000004b8c600000)]

Other Threads:
=>0x0000022d33f85000 VMThread "VM Thread" [stack: 0x0000004b89d00000,0x0000004b89e00000] [id=12676]
  0x0000022d34dd8000 WatcherThread [stack: 0x0000004b8a800000,0x0000004b8a900000] [id=8416]
  0x0000022d19b3e000 GCTaskThread "GC Thread#0" [stack: 0x0000004b89800000,0x0000004b89900000] [id=9980]
  0x0000022d34dd9000 GCTaskThread "GC Thread#1" [stack: 0x0000004b8a900000,0x0000004b8aa00000] [id=2568]
  0x0000022d3506a000 GCTaskThread "GC Thread#2" [stack: 0x0000004b8aa00000,0x0000004b8ab00000] [id=3504]
  0x0000022d37e8e000 GCTaskThread "GC Thread#3" [stack: 0x0000004b8b500000,0x0000004b8b600000] [id=4744]
  0x0000022d19b6e800 ConcurrentGCThread "G1 Main Marker" [stack: 0x0000004b89900000,0x0000004b89a00000] [id=11964]
  0x0000022d19b6f800 ConcurrentGCThread "G1 Conc#0" [stack: 0x0000004b89a00000,0x0000004b89b00000] [id=13704]
  0x0000022d335bc800 ConcurrentGCThread "G1 Refine#0" [stack: 0x0000004b89b00000,0x0000004b89c00000] [id=12796]
  0x0000022d19bfe000 ConcurrentGCThread "G1 Young RemSet Sampling" [stack: 0x0000004b89c00000,0x0000004b89d00000] [id=9548]

Threads with active compile tasks:
C2 CompilerThread0    15571 4870       4       java.lang.invoke.MethodType::makeImpl (108 bytes)
C2 CompilerThread1    15571 4873       4       java.lang.invoke.MethodType$ConcurrentWeakInternSet::get (54 bytes)

VM state:at safepoint (normal execution)

VM Mutex/Monitor currently owned by a thread:  ([mutex/lock_event])
[0x0000022d1791a240] Threads_lock - owner thread: 0x0000022d33f85000
[0x0000022d19b21170] Heap_lock - owner thread: 0x0000022d35939800

Heap address: 0x0000000080000000, size: 2048 MB, Compressed Oops mode: 32-bit
Narrow klass base: 0x0000000000000000, Narrow klass shift: 3
Compressed class space size: 1073741824 Address: 0x0000000100000000

Heap:
 garbage-first heap   total 189440K, used 32480K [0x0000000080000000, 0x0000000100000000)
  region size 1024K, 5 young (5120K), 5 survivors (5120K)
 Metaspace       used 48595K, capacity 49953K, committed 50176K, reserved 1093632K
  class space    used 6151K, capacity 6630K, committed 6656K, reserved 1048576K
Heap Regions: E=young(eden), S=young(survivor), O=old, HS=humongous(starts), HC=humongous(continues), CS=collection set, F=free, A=archive, TAMS=top-at-mark-start (previous, next)
|   0|0x0000000080000000, 0x0000000080100000, 0x0000000080100000|100%| O|  |TAMS 0x0000000080100000, 0x0000000080000000| Untracked 
|   1|0x0000000080100000, 0x0000000080200000, 0x0000000080200000|100%| O|  |TAMS 0x0000000080200000, 0x0000000080100000| Untracked 
|   2|0x0000000080200000, 0x0000000080300000, 0x0000000080300000|100%| O|  |TAMS 0x0000000080300000, 0x0000000080200000| Untracked 
|   3|0x0000000080300000, 0x0000000080400000, 0x0000000080400000|100%|HS|  |TAMS 0x0000000080400000, 0x0000000080300000| Complete 
|   4|0x0000000080400000, 0x0000000080500000, 0x0000000080500000|100%|HC|  |TAMS 0x0000000080500000, 0x0000000080400000| Complete 
|   5|0x0000000080500000, 0x0000000080600000, 0x0000000080600000|100%|HC|  |TAMS 0x0000000080600000, 0x0000000080500000| Complete 
|   6|0x0000000080600000, 0x0000000080700000, 0x0000000080700000|100%| O|  |TAMS 0x0000000080700000, 0x0000000080600000| Untracked 
|   7|0x0000000080700000, 0x0000000080800000, 0x0000000080800000|100%| O|  |TAMS 0x0000000080800000, 0x0000000080700000| Untracked 
|   8|0x0000000080800000, 0x0000000080900000, 0x0000000080900000|100%| O|  |TAMS 0x0000000080900000, 0x0000000080800000| Untracked 
|   9|0x0000000080900000, 0x0000000080a00000, 0x0000000080a00000|100%| O|  |TAMS 0x0000000080a00000, 0x0000000080900000| Untracked 
|  10|0x0000000080a00000, 0x0000000080b00000, 0x0000000080b00000|100%| O|  |TAMS 0x0000000080b00000, 0x0000000080a00000| Untracked 
|  11|0x0000000080b00000, 0x0000000080c00000, 0x0000000080c00000|100%| O|  |TAMS 0x0000000080c00000, 0x0000000080b00000| Untracked 
|  12|0x0000000080c00000, 0x0000000080d00000, 0x0000000080d00000|100%| O|  |TAMS 0x0000000080d00000, 0x0000000080c00000| Untracked 
|  13|0x0000000080d00000, 0x0000000080e00000, 0x0000000080e00000|100%| O|  |TAMS 0x0000000080e00000, 0x0000000080d00000| Untracked 
|  14|0x0000000080e00000, 0x0000000080f00000, 0x0000000080f00000|100%| O|  |TAMS 0x0000000080ea2400, 0x0000000080e00000| Untracked 
|  15|0x0000000080f00000, 0x0000000081000000, 0x0000000081000000|100%| O|  |TAMS 0x0000000080f00000, 0x0000000080f00000| Untracked 
|  16|0x0000000081000000, 0x0000000081000000, 0x0000000081100000|  0%| F|  |TAMS 0x0000000081000000, 0x0000000081000000| Untracked 
|  17|0x0000000081100000, 0x0000000081100000, 0x0000000081200000|  0%| F|  |TAMS 0x0000000081100000, 0x0000000081100000| Untracked 
|  18|0x0000000081200000, 0x0000000081300000, 0x0000000081300000|100%| O|  |TAMS 0x0000000081200000, 0x0000000081200000| Untracked 
|  19|0x0000000081300000, 0x0000000081400000, 0x0000000081400000|100%| O|  |TAMS 0x0000000081300000, 0x0000000081300000| Untracked 
|  20|0x0000000081400000, 0x0000000081500000, 0x0000000081500000|100%| O|  |TAMS 0x0000000081400000, 0x0000000081400000| Untracked 
|  21|0x0000000081500000, 0x0000000081500000, 0x0000000081600000|  0%| F|  |TAMS 0x0000000081500000, 0x0000000081500000| Untracked 
|  22|0x0000000081600000, 0x0000000081700000, 0x0000000081700000|100%| O|  |TAMS 0x0000000081600000, 0x0000000081600000| Untracked 
|  23|0x0000000081700000, 0x0000000081800000, 0x0000000081800000|100%| O|  |TAMS 0x0000000081700000, 0x0000000081700000| Untracked 
|  24|0x0000000081800000, 0x0000000081900000, 0x0000000081900000|100%| O|  |TAMS 0x0000000081800000, 0x0000000081800000| Untracked 
|  25|0x0000000081900000, 0x0000000081a00000, 0x0000000081a00000|100%| O|  |TAMS 0x0000000081900000, 0x0000000081900000| Untracked 
|  26|0x0000000081a00000, 0x0000000081b00000, 0x0000000081b00000|100%| O|  |TAMS 0x0000000081a00000, 0x0000000081a00000| Untracked 
|  27|0x0000000081b00000, 0x0000000081c00000, 0x0000000081c00000|100%| O|  |TAMS 0x0000000081b00000, 0x0000000081b00000| Untracked 
|  28|0x0000000081c00000, 0x0000000081d00000, 0x0000000081d00000|100%| O|  |TAMS 0x0000000081c00000, 0x0000000081c00000| Untracked 
|  29|0x0000000081d00000, 0x0000000081e00000, 0x0000000081e00000|100%| O|  |TAMS 0x0000000081d00000, 0x0000000081d00000| Untracked 
|  30|0x0000000081e00000, 0x0000000081e40200, 0x0000000081f00000| 25%| O|  |TAMS 0x0000000081e00000, 0x0000000081e00000| Untracked 
|  31|0x0000000081f00000, 0x0000000081f00000, 0x0000000082000000|  0%| F|  |TAMS 0x0000000081f00000, 0x0000000081f00000| Untracked 
|  32|0x0000000082000000, 0x0000000082000000, 0x0000000082100000|  0%| F|  |TAMS 0x0000000082000000, 0x0000000082000000| Untracked 
|  33|0x0000000082100000, 0x0000000082100000, 0x0000000082200000|  0%| F|  |TAMS 0x0000000082100000, 0x0000000082100000| Untracked 
|  34|0x0000000082200000, 0x0000000082200000, 0x0000000082300000|  0%| F|  |TAMS 0x0000000082200000, 0x0000000082200000| Untracked 
|  35|0x0000000082300000, 0x0000000082300000, 0x0000000082400000|  0%| F|  |TAMS 0x0000000082300000, 0x0000000082300000| Untracked 
|  36|0x0000000082400000, 0x0000000082400000, 0x0000000082500000|  0%| F|  |TAMS 0x0000000082400000, 0x0000000082400000| Untracked 
|  37|0x0000000082500000, 0x0000000082500000, 0x0000000082600000|  0%| F|  |TAMS 0x0000000082500000, 0x0000000082500000| Untracked 
|  38|0x0000000082600000, 0x0000000082600000, 0x0000000082700000|  0%| F|  |TAMS 0x0000000082600000, 0x0000000082600000| Untracked 
|  39|0x0000000082700000, 0x0000000082700000, 0x0000000082800000|  0%| F|  |TAMS 0x0000000082700000, 0x0000000082700000| Untracked 
|  40|0x0000000082800000, 0x0000000082800000, 0x0000000082900000|  0%| F|  |TAMS 0x0000000082800000, 0x0000000082800000| Untracked 
|  41|0x0000000082900000, 0x0000000082900000, 0x0000000082a00000|  0%| F|  |TAMS 0x0000000082900000, 0x0000000082900000| Untracked 
|  42|0x0000000082a00000, 0x0000000082a00000, 0x0000000082b00000|  0%| F|  |TAMS 0x0000000082a00000, 0x0000000082a00000| Untracked 
|  43|0x0000000082b00000, 0x0000000082b00000, 0x0000000082c00000|  0%| F|  |TAMS 0x0000000082b00000, 0x0000000082b00000| Untracked 
|  44|0x0000000082c00000, 0x0000000082c00000, 0x0000000082d00000|  0%| F|  |TAMS 0x0000000082c00000, 0x0000000082c00000| Untracked 
|  45|0x0000000082d00000, 0x0000000082d00000, 0x0000000082e00000|  0%| F|  |TAMS 0x0000000082d00000, 0x0000000082d00000| Untracked 
|  46|0x0000000082e00000, 0x0000000082e00000, 0x0000000082f00000|  0%| F|  |TAMS 0x0000000082e00000, 0x0000000082e00000| Untracked 
|  47|0x0000000082f00000, 0x0000000082f00000, 0x0000000083000000|  0%| F|  |TAMS 0x0000000082f00000, 0x0000000082f00000| Untracked 
|  48|0x0000000083000000, 0x0000000083000000, 0x0000000083100000|  0%| F|  |TAMS 0x0000000083000000, 0x0000000083000000| Untracked 
|  49|0x0000000083100000, 0x0000000083100000, 0x0000000083200000|  0%| F|  |TAMS 0x0000000083100000, 0x0000000083100000| Untracked 
|  50|0x0000000083200000, 0x0000000083200000, 0x0000000083300000|  0%| F|  |TAMS 0x0000000083200000, 0x0000000083200000| Untracked 
|  51|0x0000000083300000, 0x0000000083300000, 0x0000000083400000|  0%| F|  |TAMS 0x0000000083300000, 0x0000000083300000| Untracked 
|  52|0x0000000083400000, 0x0000000083400000, 0x0000000083500000|  0%| F|  |TAMS 0x0000000083400000, 0x0000000083400000| Untracked 
|  53|0x0000000083500000, 0x0000000083500000, 0x0000000083600000|  0%| F|  |TAMS 0x0000000083500000, 0x0000000083500000| Untracked 
|  54|0x0000000083600000, 0x0000000083600000, 0x0000000083700000|  0%| F|  |TAMS 0x0000000083600000, 0x0000000083600000| Untracked 
|  55|0x0000000083700000, 0x0000000083700000, 0x0000000083800000|  0%| F|  |TAMS 0x0000000083700000, 0x0000000083700000| Untracked 
|  56|0x0000000083800000, 0x0000000083800000, 0x0000000083900000|  0%| F|  |TAMS 0x0000000083800000, 0x0000000083800000| Untracked 
|  57|0x0000000083900000, 0x0000000083900000, 0x0000000083a00000|  0%| F|  |TAMS 0x0000000083900000, 0x0000000083900000| Untracked 
|  58|0x0000000083a00000, 0x0000000083a00000, 0x0000000083b00000|  0%| F|  |TAMS 0x0000000083a00000, 0x0000000083a00000| Untracked 
|  59|0x0000000083b00000, 0x0000000083b00000, 0x0000000083c00000|  0%| F|  |TAMS 0x0000000083b00000, 0x0000000083b00000| Untracked 
|  60|0x0000000083c00000, 0x0000000083c00000, 0x0000000083d00000|  0%| F|  |TAMS 0x0000000083c00000, 0x0000000083c00000| Untracked 
|  61|0x0000000083d00000, 0x0000000083d00000, 0x0000000083e00000|  0%| F|  |TAMS 0x0000000083d00000, 0x0000000083d00000| Untracked 
|  62|0x0000000083e00000, 0x0000000083e00000, 0x0000000083f00000|  0%| F|  |TAMS 0x0000000083e00000, 0x0000000083e00000| Untracked 
|  63|0x0000000083f00000, 0x0000000083f00000, 0x0000000084000000|  0%| F|  |TAMS 0x0000000083f00000, 0x0000000083f00000| Untracked 
|  64|0x0000000084000000, 0x0000000084000000, 0x0000000084100000|  0%| F|  |TAMS 0x0000000084000000, 0x0000000084000000| Untracked 
|  65|0x0000000084100000, 0x0000000084100000, 0x0000000084200000|  0%| F|  |TAMS 0x0000000084100000, 0x0000000084100000| Untracked 
|  66|0x0000000084200000, 0x0000000084200000, 0x0000000084300000|  0%| F|  |TAMS 0x0000000084200000, 0x0000000084200000| Untracked 
|  67|0x0000000084300000, 0x0000000084300000, 0x0000000084400000|  0%| F|  |TAMS 0x0000000084300000, 0x0000000084300000| Untracked 
|  68|0x0000000084400000, 0x0000000084477ee8, 0x0000000084500000| 46%| S|CS|TAMS 0x0000000084400000, 0x0000000084400000| Complete 
|  69|0x0000000084500000, 0x0000000084600000, 0x0000000084600000|100%| S|CS|TAMS 0x0000000084500000, 0x0000000084500000| Complete 
|  70|0x0000000084600000, 0x0000000084700000, 0x0000000084700000|100%| S|CS|TAMS 0x0000000084600000, 0x0000000084600000| Complete 
|  71|0x0000000084700000, 0x0000000084800000, 0x0000000084800000|100%| S|CS|TAMS 0x0000000084700000, 0x0000000084700000| Complete 
|  72|0x0000000084800000, 0x0000000084900000, 0x0000000084900000|100%| S|CS|TAMS 0x0000000084800000, 0x0000000084800000| Complete 
|  73|0x0000000084900000, 0x0000000084900000, 0x0000000084a00000|  0%| F|  |TAMS 0x0000000084900000, 0x0000000084900000| Untracked 
|  74|0x0000000084a00000, 0x0000000084a00000, 0x0000000084b00000|  0%| F|  |TAMS 0x0000000084a00000, 0x0000000084a00000| Untracked 
|  75|0x0000000084b00000, 0x0000000084b00000, 0x0000000084c00000|  0%| F|  |TAMS 0x0000000084b00000, 0x0000000084b00000| Untracked 
|  76|0x0000000084c00000, 0x0000000084c00000, 0x0000000084d00000|  0%| F|  |TAMS 0x0000000084c00000, 0x0000000084c00000| Untracked 
|  77|0x0000000084d00000, 0x0000000084d00000, 0x0000000084e00000|  0%| F|  |TAMS 0x0000000084d00000, 0x0000000084d00000| Untracked 
|  78|0x0000000084e00000, 0x0000000084e00000, 0x0000000084f00000|  0%| F|  |TAMS 0x0000000084e00000, 0x0000000084e00000| Untracked 
|  79|0x0000000084f00000, 0x0000000084f00000, 0x0000000085000000|  0%| F|  |TAMS 0x0000000084f00000, 0x0000000084f00000| Untracked 
|  80|0x0000000085000000, 0x0000000085000000, 0x0000000085100000|  0%| F|  |TAMS 0x0000000085000000, 0x0000000085000000| Untracked 
|  81|0x0000000085100000, 0x0000000085100000, 0x0000000085200000|  0%| F|  |TAMS 0x0000000085100000, 0x0000000085100000| Untracked 
|  82|0x0000000085200000, 0x0000000085200000, 0x0000000085300000|  0%| F|  |TAMS 0x0000000085200000, 0x0000000085200000| Untracked 
|  83|0x0000000085300000, 0x0000000085300000, 0x0000000085400000|  0%| F|  |TAMS 0x0000000085300000, 0x0000000085300000| Untracked 
|  84|0x0000000085400000, 0x0000000085400000, 0x0000000085500000|  0%| F|  |TAMS 0x0000000085400000, 0x0000000085400000| Untracked 
|  85|0x0000000085500000, 0x0000000085500000, 0x0000000085600000|  0%| F|  |TAMS 0x0000000085500000, 0x0000000085500000| Untracked 
|  86|0x0000000085600000, 0x0000000085600000, 0x0000000085700000|  0%| F|  |TAMS 0x0000000085600000, 0x0000000085600000| Untracked 
|  87|0x0000000085700000, 0x0000000085700000, 0x0000000085800000|  0%| F|  |TAMS 0x0000000085700000, 0x0000000085700000| Untracked 
|  88|0x0000000085800000, 0x0000000085800000, 0x0000000085900000|  0%| F|  |TAMS 0x0000000085800000, 0x0000000085800000| Untracked 
|  89|0x0000000085900000, 0x0000000085900000, 0x0000000085a00000|  0%| F|  |TAMS 0x0000000085900000, 0x0000000085900000| Untracked 
|  90|0x0000000085a00000, 0x0000000085a00000, 0x0000000085b00000|  0%| F|  |TAMS 0x0000000085a00000, 0x0000000085a00000| Untracked 
|  91|0x0000000085b00000, 0x0000000085b00000, 0x0000000085c00000|  0%| F|  |TAMS 0x0000000085b00000, 0x0000000085b00000| Untracked 
|  92|0x0000000085c00000, 0x0000000085c00000, 0x0000000085d00000|  0%| F|  |TAMS 0x0000000085c00000, 0x0000000085c00000| Untracked 
|  93|0x0000000085d00000, 0x0000000085d00000, 0x0000000085e00000|  0%| F|  |TAMS 0x0000000085d00000, 0x0000000085d00000| Untracked 
|  94|0x0000000085e00000, 0x0000000085e00000, 0x0000000085f00000|  0%| F|  |TAMS 0x0000000085e00000, 0x0000000085e00000| Untracked 
|  95|0x0000000085f00000, 0x0000000085f00000, 0x0000000086000000|  0%| F|  |TAMS 0x0000000085f00000, 0x0000000085f00000| Untracked 
|  96|0x0000000086000000, 0x0000000086000000, 0x0000000086100000|  0%| F|  |TAMS 0x0000000086000000, 0x0000000086000000| Untracked 
|  97|0x0000000086100000, 0x0000000086100000, 0x0000000086200000|  0%| F|  |TAMS 0x0000000086100000, 0x0000000086100000| Untracked 
|  98|0x0000000086200000, 0x0000000086200000, 0x0000000086300000|  0%| F|  |TAMS 0x0000000086200000, 0x0000000086200000| Untracked 
|  99|0x0000000086300000, 0x0000000086300000, 0x0000000086400000|  0%| F|  |TAMS 0x0000000086300000, 0x0000000086300000| Untracked 
| 100|0x0000000086400000, 0x0000000086400000, 0x0000000086500000|  0%| F|  |TAMS 0x0000000086400000, 0x0000000086400000| Untracked 
| 101|0x0000000086500000, 0x0000000086500000, 0x0000000086600000|  0%| F|  |TAMS 0x0000000086500000, 0x0000000086500000| Untracked 
| 102|0x0000000086600000, 0x0000000086600000, 0x0000000086700000|  0%| F|  |TAMS 0x0000000086600000, 0x0000000086600000| Untracked 
| 103|0x0000000086700000, 0x0000000086700000, 0x0000000086800000|  0%| F|  |TAMS 0x0000000086700000, 0x0000000086700000| Untracked 
| 104|0x0000000086800000, 0x0000000086800000, 0x0000000086900000|  0%| F|  |TAMS 0x0000000086800000, 0x0000000086800000| Untracked 
| 105|0x0000000086900000, 0x0000000086900000, 0x0000000086a00000|  0%| F|  |TAMS 0x0000000086900000, 0x0000000086900000| Untracked 
| 106|0x0000000086a00000, 0x0000000086a00000, 0x0000000086b00000|  0%| F|  |TAMS 0x0000000086a00000, 0x0000000086a00000| Untracked 
| 107|0x0000000086b00000, 0x0000000086b00000, 0x0000000086c00000|  0%| F|  |TAMS 0x0000000086b00000, 0x0000000086b00000| Untracked 
| 108|0x0000000086c00000, 0x0000000086c00000, 0x0000000086d00000|  0%| F|  |TAMS 0x0000000086c00000, 0x0000000086c00000| Untracked 
| 109|0x0000000086d00000, 0x0000000086d00000, 0x0000000086e00000|  0%| F|  |TAMS 0x0000000086d00000, 0x0000000086d00000| Untracked 
| 110|0x0000000086e00000, 0x0000000086e00000, 0x0000000086f00000|  0%| F|  |TAMS 0x0000000086e00000, 0x0000000086e00000| Untracked 
| 111|0x0000000086f00000, 0x0000000086f00000, 0x0000000087000000|  0%| F|  |TAMS 0x0000000086f00000, 0x0000000086f00000| Untracked 
| 112|0x0000000087000000, 0x0000000087000000, 0x0000000087100000|  0%| F|  |TAMS 0x0000000087000000, 0x0000000087000000| Untracked 
| 113|0x0000000087100000, 0x0000000087100000, 0x0000000087200000|  0%| F|  |TAMS 0x0000000087100000, 0x0000000087100000| Untracked 
| 114|0x0000000087200000, 0x0000000087200000, 0x0000000087300000|  0%| F|  |TAMS 0x0000000087200000, 0x0000000087200000| Untracked 
| 115|0x0000000087300000, 0x0000000087300000, 0x0000000087400000|  0%| F|  |TAMS 0x0000000087300000, 0x0000000087300000| Untracked 
| 116|0x0000000087400000, 0x0000000087400000, 0x0000000087500000|  0%| F|  |TAMS 0x0000000087400000, 0x0000000087400000| Untracked 
| 117|0x0000000087500000, 0x0000000087500000, 0x0000000087600000|  0%| F|  |TAMS 0x0000000087500000, 0x0000000087500000| Untracked 
| 118|0x0000000087600000, 0x0000000087600000, 0x0000000087700000|  0%| F|  |TAMS 0x0000000087600000, 0x0000000087600000| Untracked 
| 119|0x0000000087700000, 0x0000000087700000, 0x0000000087800000|  0%| F|  |TAMS 0x0000000087700000, 0x0000000087700000| Untracked 
| 120|0x0000000087800000, 0x0000000087800000, 0x0000000087900000|  0%| F|  |TAMS 0x0000000087800000, 0x0000000087800000| Untracked 
| 121|0x0000000087900000, 0x0000000087900000, 0x0000000087a00000|  0%| F|  |TAMS 0x0000000087900000, 0x0000000087900000| Untracked 
| 122|0x0000000087a00000, 0x0000000087a00000, 0x0000000087b00000|  0%| F|  |TAMS 0x0000000087a00000, 0x0000000087a00000| Untracked 
| 123|0x0000000087b00000, 0x0000000087b00000, 0x0000000087c00000|  0%| F|  |TAMS 0x0000000087b00000, 0x0000000087b00000| Untracked 
| 124|0x0000000087c00000, 0x0000000087c00000, 0x0000000087d00000|  0%| F|  |TAMS 0x0000000087c00000, 0x0000000087c00000| Untracked 
| 125|0x0000000087d00000, 0x0000000087d00000, 0x0000000087e00000|  0%| F|  |TAMS 0x0000000087d00000, 0x0000000087d00000| Untracked 
| 126|0x0000000087e00000, 0x0000000087e00000, 0x0000000087f00000|  0%| F|  |TAMS 0x0000000087e00000, 0x0000000087e00000| Untracked 
| 127|0x0000000087f00000, 0x0000000087f00000, 0x0000000088000000|  0%| F|  |TAMS 0x0000000087f00000, 0x0000000087f00000| Untracked 
| 128|0x0000000088000000, 0x0000000088000000, 0x0000000088100000|  0%| F|  |TAMS 0x0000000088000000, 0x0000000088000000| Untracked 
| 129|0x0000000088100000, 0x0000000088100000, 0x0000000088200000|  0%| F|  |TAMS 0x0000000088100000, 0x0000000088100000| Untracked 
| 130|0x0000000088200000, 0x0000000088200000, 0x0000000088300000|  0%| F|  |TAMS 0x0000000088200000, 0x0000000088200000| Untracked 
| 131|0x0000000088300000, 0x0000000088300000, 0x0000000088400000|  0%| F|  |TAMS 0x0000000088300000, 0x0000000088300000| Untracked 
| 132|0x0000000088400000, 0x0000000088400000, 0x0000000088500000|  0%| F|  |TAMS 0x0000000088400000, 0x0000000088400000| Untracked 
| 133|0x0000000088500000, 0x0000000088500000, 0x0000000088600000|  0%| F|  |TAMS 0x0000000088500000, 0x0000000088500000| Untracked 
| 134|0x0000000088600000, 0x0000000088600000, 0x0000000088700000|  0%| F|  |TAMS 0x0000000088600000, 0x0000000088600000| Untracked 
| 135|0x0000000088700000, 0x0000000088700000, 0x0000000088800000|  0%| F|  |TAMS 0x0000000088700000, 0x0000000088700000| Untracked 
| 136|0x0000000088800000, 0x0000000088800000, 0x0000000088900000|  0%| F|  |TAMS 0x0000000088800000, 0x0000000088800000| Untracked 
| 137|0x0000000088900000, 0x0000000088900000, 0x0000000088a00000|  0%| F|  |TAMS 0x0000000088900000, 0x0000000088900000| Untracked 
| 138|0x0000000088a00000, 0x0000000088a00000, 0x0000000088b00000|  0%| F|  |TAMS 0x0000000088a00000, 0x0000000088a00000| Untracked 
| 139|0x0000000088b00000, 0x0000000088b00000, 0x0000000088c00000|  0%| F|  |TAMS 0x0000000088b00000, 0x0000000088b00000| Untracked 
| 140|0x0000000088c00000, 0x0000000088c00000, 0x0000000088d00000|  0%| F|  |TAMS 0x0000000088c00000, 0x0000000088c00000| Untracked 
| 141|0x0000000088d00000, 0x0000000088d00000, 0x0000000088e00000|  0%| F|  |TAMS 0x0000000088d00000, 0x0000000088d00000| Untracked 
| 142|0x0000000088e00000, 0x0000000088e00000, 0x0000000088f00000|  0%| F|  |TAMS 0x0000000088e00000, 0x0000000088e00000| Untracked 
| 143|0x0000000088f00000, 0x0000000088f00000, 0x0000000089000000|  0%| F|  |TAMS 0x0000000088f00000, 0x0000000088f00000| Untracked 
| 144|0x0000000089000000, 0x0000000089000000, 0x0000000089100000|  0%| F|  |TAMS 0x0000000089000000, 0x0000000089000000| Untracked 
| 145|0x0000000089100000, 0x0000000089100000, 0x0000000089200000|  0%| F|  |TAMS 0x0000000089100000, 0x0000000089100000| Untracked 
| 146|0x0000000089200000, 0x0000000089200000, 0x0000000089300000|  0%| F|  |TAMS 0x0000000089200000, 0x0000000089200000| Untracked 
| 147|0x0000000089300000, 0x0000000089300000, 0x0000000089400000|  0%| F|  |TAMS 0x0000000089300000, 0x0000000089300000| Untracked 
| 148|0x0000000089400000, 0x0000000089400000, 0x0000000089500000|  0%| F|  |TAMS 0x0000000089400000, 0x0000000089400000| Untracked 
| 149|0x0000000089500000, 0x0000000089500000, 0x0000000089600000|  0%| F|  |TAMS 0x0000000089500000, 0x0000000089500000| Untracked 
| 150|0x0000000089600000, 0x0000000089600000, 0x0000000089700000|  0%| F|  |TAMS 0x0000000089600000, 0x0000000089600000| Untracked 
| 151|0x0000000089700000, 0x0000000089700000, 0x0000000089800000|  0%| F|  |TAMS 0x0000000089700000, 0x0000000089700000| Untracked 
| 152|0x0000000089800000, 0x0000000089800000, 0x0000000089900000|  0%| F|  |TAMS 0x0000000089800000, 0x0000000089800000| Untracked 
| 153|0x0000000089900000, 0x0000000089900000, 0x0000000089a00000|  0%| F|  |TAMS 0x0000000089900000, 0x0000000089900000| Untracked 

Card table byte_map: [0x0000022d2ca50000,0x0000022d2ce50000] _byte_map_base: 0x0000022d2c650000

Marking Bits (Prev, Next): (CMBitMap*) 0x0000022d19b65788, (CMBitMap*) 0x0000022d19b657c0
 Prev Bits: [0x0000022d2d250000, 0x0000022d2f250000)
 Next Bits: [0x0000022d2f250000, 0x0000022d31250000)

Polling page: 0x0000022d17cd0000

Metaspace:

Usage:
  Non-class:     42.31 MB capacity,    41.45 MB ( 98%) used,   752.99 KB (  2%) free+waste,   125.62 KB ( <1%) overhead. 
      Class:      6.47 MB capacity,     6.01 MB ( 93%) used,   418.48 KB (  6%) free+waste,    60.25 KB ( <1%) overhead. 
       Both:     48.78 MB capacity,    47.46 MB ( 97%) used,     1.14 MB (  2%) free+waste,   185.88 KB ( <1%) overhead. 

Virtual space:
  Non-class space:       44.00 MB reserved,      42.50 MB ( 97%) committed 
      Class space:        1.00 GB reserved,       6.50 MB ( <1%) committed 
             Both:        1.04 GB reserved,      49.00 MB (  5%) committed 

Chunk freelists:
   Non-Class:  5.00 KB
       Class:  26.00 KB
        Both:  31.00 KB

MaxMetaspaceSize: 17179869184.00 GB
CompressedClassSpaceSize: 1.00 GB
Initial GC threshold: 20.80 MB
Current GC threshold: 58.75 MB
CDS: off

CodeHeap 'non-profiled nmethods': size=120064Kb used=3568Kb max_used=3568Kb free=116495Kb
 bounds [0x0000022d25110000, 0x0000022d25490000, 0x0000022d2c650000]
CodeHeap 'profiled nmethods': size=120000Kb used=10075Kb max_used=10075Kb free=109924Kb
 bounds [0x0000022d1dbe0000, 0x0000022d1e5c0000, 0x0000022d25110000]
CodeHeap 'non-nmethods': size=5696Kb used=2294Kb max_used=2343Kb free=3401Kb
 bounds [0x0000022d1d650000, 0x0000022d1d8c0000, 0x0000022d1dbe0000]
 total_blobs=5556 nmethods=4761 adapters=707
 compilation: enabled
              stopped_count=0, restarted_count=0
 full_count=0

Compilation events (20 events):
Event: 15.448 Thread 0x0000022d3424a000 nmethod 4868 0x0000022d25487e10 code [0x0000022d254880a0, 0x0000022d2548a250]
Event: 15.448 Thread 0x0000022d3424a000 4883       4       org.gradle.cache.internal.btree.BlockPointer::pos (56 bytes)
Event: 15.449 Thread 0x0000022d3424a000 nmethod 4883 0x0000022d2548b410 code [0x0000022d2548b5c0, 0x0000022d2548b6b8]
Event: 15.449 Thread 0x0000022d3424a000 4875       4       com.android.tools.tracer.agent.objectweb.asm.ClassVisitor::visitSource (17 bytes)
Event: 15.456 Thread 0x0000022d3424a000 nmethod 4875 0x0000022d2548b790 code [0x0000022d2548b960, 0x0000022d2548bcf8]
Event: 15.456 Thread 0x0000022d3424a000 4873       4       java.lang.invoke.MethodType$ConcurrentWeakInternSet::get (54 bytes)
Event: 15.461 Thread 0x0000022d33fe0000 4885   !   3       java.lang.Class::desiredAssertionStatus (54 bytes)
Event: 15.461 Thread 0x0000022d33fe0000 nmethod 4885 0x0000022d1e5b3110 code [0x0000022d1e5b3320, 0x0000022d1e5b38d8]
Event: 15.464 Thread 0x0000022d33fe0000 4887       3       com.google.common.math.MathPreconditions::checkPositive (53 bytes)
Event: 15.466 Thread 0x0000022d33fe0000 nmethod 4887 0x0000022d1e5b3a90 code [0x0000022d1e5b3d60, 0x0000022d1e5b4938]
Event: 15.466 Thread 0x0000022d33fe0000 4888       3       com.esotericsoftware.kryo.io.Input::readUtf8Length (139 bytes)
Event: 15.466 Thread 0x0000022d33fe0000 nmethod 4888 0x0000022d1e5b4e10 code [0x0000022d1e5b4fe0, 0x0000022d1e5b52f8]
Event: 15.467 Thread 0x0000022d33fe0000 4889       3       org.gradle.internal.serialize.kryo.KryoBackedDecoder::readString (5 bytes)
Event: 15.467 Thread 0x0000022d33fe0000 nmethod 4889 0x0000022d1e5b5410 code [0x0000022d1e5b5640, 0x0000022d1e5b5c48]
Event: 15.479 Thread 0x0000022d33fe0000 4890       3       com.google.common.math.IntMath::isPowerOfTwo (24 bytes)
Event: 15.480 Thread 0x0000022d33fe0000 nmethod 4890 0x0000022d1e5b5e90 code [0x0000022d1e5b6040, 0x0000022d1e5b61d8]
Event: 15.480 Thread 0x0000022d33fe0000 4891       3       com.google.common.math.MathPreconditions::checkRoundingUnnecessary (15 bytes)
Event: 15.481 Thread 0x0000022d33fe0000 nmethod 4891 0x0000022d1e5b6290 code [0x0000022d1e5b6460, 0x0000022d1e5b6648]
Event: 15.492 Thread 0x0000022d33fe0000 4892       3       java.lang.invoke.MemberName::equals (24 bytes)
Event: 15.492 Thread 0x0000022d33fe0000 nmethod 4892 0x0000022d1e5b6710 code [0x0000022d1e5b68e0, 0x0000022d1e5b6c68]

GC Heap History (20 events):
Event: 4.306 GC heap after
{Heap after GC invocations=3 (full 0):
 garbage-first heap   total 131072K, used 14932K [0x0000000080000000, 0x0000000100000000)
  region size 1024K, 10 young (10240K), 10 survivors (10240K)
 Metaspace       used 14569K, capacity 14953K, committed 14976K, reserved 1062912K
  class space    used 1527K, capacity 1651K, committed 1664K, reserved 1048576K
}
Event: 6.545 GC heap before
{Heap before GC invocations=3 (full 0):
 garbage-first heap   total 131072K, used 82516K [0x0000000080000000, 0x0000000100000000)
  region size 1024K, 76 young (77824K), 10 survivors (10240K)
 Metaspace       used 18667K, capacity 19076K, committed 19200K, reserved 1067008K
  class space    used 2105K, capacity 2239K, committed 2304K, reserved 1048576K
}
Event: 6.593 GC heap after
{Heap after GC invocations=4 (full 0):
 garbage-first heap   total 131072K, used 16595K [0x0000000080000000, 0x0000000100000000)
  region size 1024K, 2 young (2048K), 2 survivors (2048K)
 Metaspace       used 18667K, capacity 19076K, committed 19200K, reserved 1067008K
  class space    used 2105K, capacity 2239K, committed 2304K, reserved 1048576K
}
Event: 7.189 GC heap before
{Heap before GC invocations=4 (full 0):
 garbage-first heap   total 131072K, used 57555K [0x0000000080000000, 0x0000000100000000)
  region size 1024K, 43 young (44032K), 2 survivors (2048K)
 Metaspace       used 20783K, capacity 21200K, committed 21248K, reserved 1069056K
  class space    used 2397K, capacity 2544K, committed 2560K, reserved 1048576K
}
Event: 7.197 GC heap after
{Heap after GC invocations=5 (full 0):
 garbage-first heap   total 131072K, used 16961K [0x0000000080000000, 0x0000000100000000)
  region size 1024K, 2 young (2048K), 2 survivors (2048K)
 Metaspace       used 20783K, capacity 21200K, committed 21248K, reserved 1069056K
  class space    used 2397K, capacity 2544K, committed 2560K, reserved 1048576K
}
Event: 8.166 GC heap before
{Heap before GC invocations=6 (full 0):
 garbage-first heap   total 131072K, used 92737K [0x0000000080000000, 0x0000000100000000)
  region size 1024K, 76 young (77824K), 2 survivors (2048K)
 Metaspace       used 23718K, capacity 24172K, committed 24448K, reserved 1071104K
  class space    used 2919K, capacity 3094K, committed 3200K, reserved 1048576K
}
Event: 8.182 GC heap after
{Heap after GC invocations=7 (full 0):
 garbage-first heap   total 131072K, used 17916K [0x0000000080000000, 0x0000000100000000)
  region size 1024K, 3 young (3072K), 3 survivors (3072K)
 Metaspace       used 23718K, capacity 24172K, committed 24448K, reserved 1071104K
  class space    used 2919K, capacity 3094K, committed 3200K, reserved 1048576K
}
Event: 9.372 GC heap before
{Heap before GC invocations=7 (full 0):
 garbage-first heap   total 131072K, used 92668K [0x0000000080000000, 0x0000000100000000)
  region size 1024K, 76 young (77824K), 3 survivors (3072K)
 Metaspace       used 27334K, capacity 27968K, committed 28160K, reserved 1073152K
  class space    used 3485K, capacity 3729K, committed 3840K, reserved 1048576K
}
Event: 9.384 GC heap after
{Heap after GC invocations=8 (full 0):
 garbage-first heap   total 157696K, used 19081K [0x0000000080000000, 0x0000000100000000)
  region size 1024K, 4 young (4096K), 4 survivors (4096K)
 Metaspace       used 27334K, capacity 27968K, committed 28160K, reserved 1073152K
  class space    used 3485K, capacity 3729K, committed 3840K, reserved 1048576K
}
Event: 10.466 GC heap before
{Heap before GC invocations=8 (full 0):
 garbage-first heap   total 157696K, used 106121K [0x0000000080000000, 0x0000000100000000)
  region size 1024K, 89 young (91136K), 4 survivors (4096K)
 Metaspace       used 31012K, capacity 31720K, committed 31744K, reserved 1077248K
  class space    used 4059K, capacity 4344K, committed 4352K, reserved 1048576K
}
Event: 10.479 GC heap after
{Heap after GC invocations=9 (full 0):
 garbage-first heap   total 157696K, used 20465K [0x0000000080000000, 0x0000000100000000)
  region size 1024K, 6 young (6144K), 6 survivors (6144K)
 Metaspace       used 31012K, capacity 31720K, committed 31744K, reserved 1077248K
  class space    used 4059K, capacity 4344K, committed 4352K, reserved 1048576K
}
Event: 11.418 GC heap before
{Heap before GC invocations=9 (full 0):
 garbage-first heap   total 157696K, used 95217K [0x0000000080000000, 0x0000000100000000)
  region size 1024K, 80 young (81920K), 6 survivors (6144K)
 Metaspace       used 34899K, capacity 35686K, committed 35840K, reserved 1081344K
  class space    used 4570K, capacity 4880K, committed 4992K, reserved 1048576K
}
Event: 11.435 GC heap after
{Heap after GC invocations=10 (full 0):
 garbage-first heap   total 157696K, used 22083K [0x0000000080000000, 0x0000000100000000)
  region size 1024K, 7 young (7168K), 7 survivors (7168K)
 Metaspace       used 34899K, capacity 35686K, committed 35840K, reserved 1081344K
  class space    used 4570K, capacity 4880K, committed 4992K, reserved 1048576K
}
Event: 12.568 GC heap before
{Heap before GC invocations=11 (full 0):
 garbage-first heap   total 157696K, used 108099K [0x0000000080000000, 0x0000000100000000)
  region size 1024K, 92 young (94208K), 7 survivors (7168K)
 Metaspace       used 39389K, capacity 40345K, committed 40576K, reserved 1085440K
  class space    used 5012K, capacity 5389K, committed 5504K, reserved 1048576K
}
Event: 12.591 GC heap after
{Heap after GC invocations=12 (full 0):
 garbage-first heap   total 157696K, used 25781K [0x0000000080000000, 0x0000000100000000)
  region size 1024K, 10 young (10240K), 10 survivors (10240K)
 Metaspace       used 39389K, capacity 40345K, committed 40576K, reserved 1085440K
  class space    used 5012K, capacity 5389K, committed 5504K, reserved 1048576K
}
Event: 13.568 GC heap before
{Heap before GC invocations=12 (full 0):
 garbage-first heap   total 157696K, used 119989K [0x0000000080000000, 0x0000000100000000)
  region size 1024K, 92 young (94208K), 10 survivors (10240K)
 Metaspace       used 41904K, capacity 42949K, committed 43136K, reserved 1087488K
  class space    used 5270K, capacity 5657K, committed 5760K, reserved 1048576K
}
Event: 13.590 GC heap after
{Heap after GC invocations=13 (full 0):
 garbage-first heap   total 157696K, used 28299K [0x0000000080000000, 0x0000000100000000)
  region size 1024K, 9 young (9216K), 9 survivors (9216K)
 Metaspace       used 41904K, capacity 42949K, committed 43136K, reserved 1087488K
  class space    used 5270K, capacity 5657K, committed 5760K, reserved 1048576K
}
Event: 14.558 GC heap before
{Heap before GC invocations=13 (full 0):
 garbage-first heap   total 157696K, used 115339K [0x0000000080000000, 0x0000000100000000)
  region size 1024K, 92 young (94208K), 9 survivors (9216K)
 Metaspace       used 44958K, capacity 46162K, committed 46336K, reserved 1089536K
  class space    used 5714K, capacity 6132K, committed 6144K, reserved 1048576K
}
Event: 14.583 GC heap after
{Heap after GC invocations=14 (full 0):
 garbage-first heap   total 157696K, used 35224K [0x0000000080000000, 0x0000000100000000)
  region size 1024K, 11 young (11264K), 11 survivors (11264K)
 Metaspace       used 44958K, capacity 46162K, committed 46336K, reserved 1089536K
  class space    used 5714K, capacity 6132K, committed 6144K, reserved 1048576K
}
Event: 15.515 GC heap before
{Heap before GC invocations=14 (full 0):
 garbage-first heap   total 157696K, used 119192K [0x0000000080000000, 0x0000000100000000)
  region size 1024K, 92 young (94208K), 11 survivors (11264K)
 Metaspace       used 48595K, capacity 49953K, committed 50176K, reserved 1093632K
  class space    used 6151K, capacity 6630K, committed 6656K, reserved 1048576K
}

Deoptimization events (20 events):
Event: 14.955 Thread 0x0000022d35939800 DEOPT PACKING pc=0x0000022d2532a760 sp=0x0000004b8b1f7c60
Event: 14.955 Thread 0x0000022d35939800 DEOPT UNPACKING pc=0x0000022d1d69a1af sp=0x0000004b8b1f7bf8 mode 2
Event: 14.968 Thread 0x0000022d35939800 Uncommon trap: trap_request=0xffffffbe fr.pc=0x0000022d2532a760 relative=0x00000000000004a0
Event: 14.968 Thread 0x0000022d35939800 Uncommon trap: reason=profile_predicate action=maybe_recompile pc=0x0000022d2532a760 method=com.google.common.base.CharMatcher.indexIn(Ljava/lang/CharSequence;I)I @ 19 c2
Event: 14.968 Thread 0x0000022d35939800 DEOPT PACKING pc=0x0000022d2532a760 sp=0x0000004b8b1f96a0
Event: 14.968 Thread 0x0000022d35939800 DEOPT UNPACKING pc=0x0000022d1d69a1af sp=0x0000004b8b1f9638 mode 2
Event: 15.003 Thread 0x0000022d35939800 Uncommon trap: trap_request=0xffffff4d fr.pc=0x0000022d251e97e8 relative=0x0000000000000148
Event: 15.004 Thread 0x0000022d35939800 Uncommon trap: reason=unstable_if action=reinterpret pc=0x0000022d251e97e8 method=java.net.URI.match(CJJ)Z @ 45 c2
Event: 15.004 Thread 0x0000022d35939800 DEOPT PACKING pc=0x0000022d251e97e8 sp=0x0000004b8b1f8870
Event: 15.004 Thread 0x0000022d35939800 DEOPT UNPACKING pc=0x0000022d1d69a1af sp=0x0000004b8b1f87a8 mode 2
Event: 15.007 Thread 0x0000022d35939800 Uncommon trap: trap_request=0xffffff4d fr.pc=0x0000022d251c54c4 relative=0x00000000000000a4
Event: 15.007 Thread 0x0000022d35939800 Uncommon trap: reason=unstable_if action=reinterpret pc=0x0000022d251c54c4 method=java.net.URI.match(CJJ)Z @ 45 c2
Event: 15.007 Thread 0x0000022d35939800 DEOPT PACKING pc=0x0000022d251c54c4 sp=0x0000004b8b1f8800
Event: 15.007 Thread 0x0000022d35939800 DEOPT UNPACKING pc=0x0000022d1d69a1af sp=0x0000004b8b1f87b0 mode 2
Event: 15.140 Thread 0x0000022d35939800 DEOPT PACKING pc=0x0000022d1ddec69b sp=0x0000004b8b1f5c70
Event: 15.140 Thread 0x0000022d35939800 DEOPT UNPACKING pc=0x0000022d1d69a95e sp=0x0000004b8b1f51b0 mode 0
Event: 15.425 Thread 0x0000022d35939800 Uncommon trap: trap_request=0xffffff4d fr.pc=0x0000022d2541305c relative=0x000000000000011c
Event: 15.425 Thread 0x0000022d35939800 Uncommon trap: reason=unstable_if action=reinterpret pc=0x0000022d2541305c method=com.android.tools.tracer.agent.objectweb.asm.commons.AdviceAdapter.visitFieldInsn(ILjava/lang/String;Ljava/lang/String;Ljava/lang/String;)V @ 149 c2
Event: 15.425 Thread 0x0000022d35939800 DEOPT PACKING pc=0x0000022d2541305c sp=0x0000004b8b1f41f0
Event: 15.425 Thread 0x0000022d35939800 DEOPT UNPACKING pc=0x0000022d1d69a1af sp=0x0000004b8b1f41b8 mode 2

Classes redefined (0 events):
No events

Internal exceptions (20 events):
Event: 14.087 Thread 0x0000022d39c38000 Exception <a 'java/lang/NoSuchMethodError'{0x000000008779ae40}: <clinit>> (0x000000008779ae40) thrown at [src/hotspot/share/prims/jni.cpp, line 1367]
Event: 14.087 Thread 0x0000022d39c38000 Exception <a 'java/lang/NoSuchMethodError'{0x000000008779d408}: <clinit>> (0x000000008779d408) thrown at [src/hotspot/share/prims/jni.cpp, line 1367]
Event: 14.093 Thread 0x0000022d39c38000 Exception <a 'java/lang/NoSuchMethodError'{0x0000000087607cf0}: <clinit>> (0x0000000087607cf0) thrown at [src/hotspot/share/prims/jni.cpp, line 1367]
Event: 14.309 Thread 0x0000022d35939800 Implicit null exception at 0x0000022d253563f4 to 0x0000022d25356610
Event: 14.672 Thread 0x0000022d35939800 Exception <a 'java/lang/ClassNotFoundException'{0x00000000892e6740}: build_9gyu84dc5y2nopeaqa54sh5j2BeanInfo> (0x00000000892e6740) thrown at [src/hotspot/share/classfile/systemDictionary.cpp, line 230]
Event: 14.673 Thread 0x0000022d35939800 Exception <a 'java/lang/ClassNotFoundException'{0x00000000892fe1c0}: org/gradle/api/internal/project/ProjectScriptBeanInfo> (0x00000000892fe1c0) thrown at [src/hotspot/share/classfile/systemDictionary.cpp, line 230]
Event: 14.674 Thread 0x0000022d35939800 Exception <a 'java/lang/ClassNotFoundException'{0x00000000891162b8}: org/gradle/api/internal/project/ProjectScriptCustomizer> (0x00000000891162b8) thrown at [src/hotspot/share/classfile/systemDictionary.cpp, line 230]
Event: 14.675 Thread 0x0000022d35939800 Exception <a 'java/lang/ClassNotFoundException'{0x00000000891325e0}: build_9gyu84dc5y2nopeaqa54sh5j2Customizer> (0x00000000891325e0) thrown at [src/hotspot/share/classfile/systemDictionary.cpp, line 230]
Event: 14.692 Thread 0x0000022d35939800 Exception <a 'java/lang/ClassNotFoundException'{0x000000008902c758}: org/gradle/api/internal/initialization/DefaultScriptHandlerBeanInfo> (0x000000008902c758) thrown at [src/hotspot/share/classfile/systemDictionary.cpp, line 230]
Event: 14.693 Thread 0x0000022d35939800 Exception <a 'java/lang/ClassNotFoundException'{0x00000000890577d8}: org/gradle/api/internal/initialization/DefaultScriptHandlerCustomizer> (0x00000000890577d8) thrown at [src/hotspot/share/classfile/systemDictionary.cpp, line 230]
Event: 14.903 Thread 0x0000022d35939800 Exception <a 'java/lang/ClassNotFoundException'{0x0000000088149200}: org/gradle/api/internal/artifacts/dsl/dependencies/DefaultDependencyHandler_DecoratedBeanInfo> (0x0000000088149200) thrown at [src/hotspot/share/classfile/systemDictionary.cpp, line 230]
Event: 14.906 Thread 0x0000022d35939800 Exception <a 'java/lang/ClassNotFoundException'{0x0000000088189710}: org/gradle/api/internal/artifacts/dsl/dependencies/DefaultDependencyHandlerBeanInfo> (0x0000000088189710) thrown at [src/hotspot/share/classfile/systemDictionary.cpp, line 230]
Event: 14.909 Thread 0x0000022d35939800 Exception <a 'java/lang/ClassNotFoundException'{0x00000000881c9b78}: org/gradle/api/internal/artifacts/dsl/dependencies/DefaultDependencyHandlerCustomizer> (0x00000000881c9b78) thrown at [src/hotspot/share/classfile/systemDictionary.cpp, line 230]
Event: 14.913 Thread 0x0000022d35939800 Exception <a 'java/lang/ClassNotFoundException'{0x0000000088034f98}: org/gradle/api/internal/artifacts/dsl/dependencies/DefaultDependencyHandler_DecoratedCustomizer> (0x0000000088034f98) thrown at [src/hotspot/share/classfile/systemDictionary.cpp, line 230]
Event: 14.939 Thread 0x0000022d35939800 Exception <a 'java/lang/ClassNotFoundException'{0x0000000087fe2588}: org/gradle/plugin/use/internal/PluginRequestCollector$PluginDependenciesSpecImplBeanInfo> (0x0000000087fe2588) thrown at [src/hotspot/share/classfile/systemDictionary.cpp, line 230]
Event: 14.941 Thread 0x0000022d35939800 Exception <a 'java/lang/ClassNotFoundException'{0x0000000087e12e38}: org/gradle/plugin/use/internal/PluginRequestCollector$PluginDependenciesSpecImplCustomizer> (0x0000000087e12e38) thrown at [src/hotspot/share/classfile/systemDictionary.cpp, line 230]
Event: 14.950 Thread 0x0000022d35939800 Exception <a 'java/lang/ClassNotFoundException'{0x0000000087e8dc18}: org/gradle/plugin/use/internal/PluginRequestCollector$PluginDependencySpecImplBeanInfo> (0x0000000087e8dc18) thrown at [src/hotspot/share/classfile/systemDictionary.cpp, line 230]
Event: 14.951 Thread 0x0000022d35939800 Exception <a 'java/lang/ClassNotFoundException'{0x0000000087ebd158}: org/gradle/plugin/use/internal/PluginRequestCollector$PluginDependencySpecImplCustomizer> (0x0000000087ebd158) thrown at [src/hotspot/share/classfile/systemDictionary.cpp, line 230]
Event: 15.082 Thread 0x0000022d35939800 Exception <a 'java/lang/NoSuchMethodError'{0x0000000087377a40}: 'java.lang.Object java.lang.invoke.DirectMethodHandle$Holder.invokeStatic(java.lang.Object, int, java.lang.Object)'> (0x0000000087377a40) thrown at [src/hotspot/share/interpreter/linkResolver.cpp, line 773]
Event: 15.338 Thread 0x0000022d35939800 Exception <a 'java/lang/IncompatibleClassChangeError'{0x0000000085715d00}: Found class java.lang.Object, but interface was expected> (0x0000000085715d00) thrown at [src/hotspot/share/interpreter/linkResolver.cpp, line 839]

Events (20 events):
Event: 15.500 loading class org/gradle/internal/resolve/ResolveExceptionAnalyzer done
Event: 15.501 loading class org/gradle/api/internal/artifacts/ivyservice/ivyresolve/RepositoryChainModuleSource
Event: 15.501 loading class org/gradle/api/internal/artifacts/ivyservice/ivyresolve/RepositoryChainModuleSource done
Event: 15.503 loading class org/gradle/internal/component/external/model/maven/RealisedMavenModuleResolveMetadata
Event: 15.503 loading class org/gradle/internal/component/external/model/maven/RealisedMavenModuleResolveMetadata done
Event: 15.505 loading class org/gradle/internal/component/external/model/AbstractRealisedModuleComponentResolveMetadata
Event: 15.505 loading class org/gradle/internal/component/external/model/AbstractRealisedModuleComponentResolveMetadata done
Event: 15.508 loading class org/gradle/internal/component/model/DefaultIvyArtifactName
Event: 15.508 loading class org/gradle/internal/component/model/DefaultIvyArtifactName done
Event: 15.510 loading class org/gradle/internal/component/external/model/ModuleComponentOptionalArtifactMetadata
Event: 15.510 loading class org/gradle/internal/component/external/model/ModuleComponentOptionalArtifactMetadata done
Event: 15.510 loading class org/gradle/internal/component/external/model/DefaultModuleComponentArtifactMetadata
Event: 15.510 loading class org/gradle/internal/component/external/model/DefaultModuleComponentArtifactMetadata done
Event: 15.512 loading class org/gradle/api/artifacts/ArtifactIdentifier
Event: 15.512 loading class org/gradle/api/artifacts/ArtifactIdentifier done
Event: 15.513 loading class org/gradle/internal/component/external/model/DefaultConfigurationMetadata
Event: 15.513 loading class org/gradle/internal/component/external/model/DefaultConfigurationMetadata done
Event: 15.515 loading class org/gradle/internal/component/external/model/AbstractConfigurationMetadata
Event: 15.515 loading class org/gradle/internal/component/external/model/AbstractConfigurationMetadata done
Event: 15.515 Executing VM operation: G1CollectForAllocation


Dynamic libraries:
0x00007ff605dd0000 - 0x00007ff605dda000 	C:\Program Files\Android\Android Studio\jbr\bin\java.exe
0x00007ffe327f0000 - 0x00007ffe329e8000 	C:\WINDOWS\SYSTEM32\ntdll.dll
0x00007ffe31d30000 - 0x00007ffe31def000 	C:\WINDOWS\System32\KERNEL32.DLL
0x00007ffe30000000 - 0x00007ffe302da000 	C:\WINDOWS\System32\KERNELBASE.dll
0x00007ffe2ff00000 - 0x00007ffe30000000 	C:\WINDOWS\System32\ucrtbase.dll
0x00007ffe2afc0000 - 0x00007ffe2afdb000 	C:\Program Files\Android\Android Studio\jbr\bin\VCRUNTIME140.dll
0x00007ffe28820000 - 0x00007ffe28837000 	C:\Program Files\Android\Android Studio\jbr\bin\jli.dll
0x00007ffe32600000 - 0x00007ffe3279d000 	C:\WINDOWS\System32\USER32.dll
0x00007ffe30780000 - 0x00007ffe307a2000 	C:\WINDOWS\System32\win32u.dll
0x00007ffe1e340000 - 0x00007ffe1e5da000 	C:\WINDOWS\WinSxS\amd64_microsoft.windows.common-controls_6595b64144ccf1df_6.0.19041.1110_none_60b5254171f9507e\COMCTL32.dll
0x00007ffe32240000 - 0x00007ffe322de000 	C:\WINDOWS\System32\msvcrt.dll
0x00007ffe31400000 - 0x00007ffe3142b000 	C:\WINDOWS\System32\GDI32.dll
0x00007ffe303c0000 - 0x00007ffe304d0000 	C:\WINDOWS\System32\gdi32full.dll
0x00007ffe307b0000 - 0x00007ffe3084d000 	C:\WINDOWS\System32\msvcp_win.dll
0x00007ffe30850000 - 0x00007ffe30880000 	C:\WINDOWS\System32\IMM32.DLL
0x00007ffe2cff0000 - 0x00007ffe2cffc000 	C:\Program Files\Android\Android Studio\jbr\bin\vcruntime140_1.dll
0x00007ffe22d20000 - 0x00007ffe22dad000 	C:\Program Files\Android\Android Studio\jbr\bin\msvcp140.dll
0x00007ffdcc9a0000 - 0x00007ffdcd55c000 	C:\Program Files\Android\Android Studio\jbr\bin\server\jvm.dll
0x00007ffe31c80000 - 0x00007ffe31d2e000 	C:\WINDOWS\System32\ADVAPI32.dll
0x00007ffe310f0000 - 0x00007ffe3118c000 	C:\WINDOWS\System32\sechost.dll
0x00007ffe324d0000 - 0x00007ffe325f6000 	C:\WINDOWS\System32\RPCRT4.dll
0x00007ffe30880000 - 0x00007ffe30888000 	C:\WINDOWS\System32\PSAPI.DLL
0x00007ffe2ca20000 - 0x00007ffe2ca29000 	C:\WINDOWS\SYSTEM32\WSOCK32.dll
0x00007ffe1d6c0000 - 0x00007ffe1d6e7000 	C:\WINDOWS\SYSTEM32\WINMM.dll
0x00007ffe209f0000 - 0x00007ffe209fa000 	C:\WINDOWS\SYSTEM32\VERSION.dll
0x00007ffe321d0000 - 0x00007ffe3223b000 	C:\WINDOWS\System32\WS2_32.dll
0x00007ffe2e710000 - 0x00007ffe2e722000 	C:\WINDOWS\SYSTEM32\kernel.appcore.dll
0x00007ffe2b220000 - 0x00007ffe2b230000 	C:\Program Files\Android\Android Studio\jbr\bin\verify.dll
0x00007ffe1bf90000 - 0x00007ffe1c174000 	C:\WINDOWS\SYSTEM32\DBGHELP.DLL
0x00007ffe1bf50000 - 0x00007ffe1bf84000 	C:\WINDOWS\SYSTEM32\dbgcore.DLL
0x00007ffe302e0000 - 0x00007ffe30362000 	C:\WINDOWS\System32\bcryptPrimitives.dll
0x00007ffe23740000 - 0x00007ffe23768000 	C:\Program Files\Android\Android Studio\jbr\bin\java.dll
0x00007ffe2af80000 - 0x00007ffe2af8a000 	C:\Program Files\Android\Android Studio\jbr\bin\jimage.dll
0x00007ffe2a450000 - 0x00007ffe2a45e000 	C:\Program Files\Android\Android Studio\jbr\bin\instrument.dll
0x00007ffe25080000 - 0x00007ffe25098000 	C:\Program Files\Android\Android Studio\jbr\bin\zip.dll
0x00007ffe314a0000 - 0x00007ffe31be4000 	C:\WINDOWS\System32\SHELL32.dll
0x00007ffe2deb0000 - 0x00007ffe2e643000 	C:\WINDOWS\SYSTEM32\windows.storage.dll
0x00007ffe31df0000 - 0x00007ffe32144000 	C:\WINDOWS\System32\combase.dll
0x00007ffe2f7a0000 - 0x00007ffe2f7ce000 	C:\WINDOWS\SYSTEM32\Wldp.dll
0x00007ffe308f0000 - 0x00007ffe3099d000 	C:\WINDOWS\System32\SHCORE.dll
0x00007ffe31190000 - 0x00007ffe311e5000 	C:\WINDOWS\System32\shlwapi.dll
0x00007ffe2fe40000 - 0x00007ffe2fe5f000 	C:\WINDOWS\SYSTEM32\profapi.dll
0x00007ffe29fb0000 - 0x00007ffe29fba000 	C:\Program Files\Android\Android Studio\jbr\bin\management.dll
0x00007ffe28890000 - 0x00007ffe2889b000 	C:\Program Files\Android\Android Studio\jbr\bin\management_ext.dll
0x00007ffe24eb0000 - 0x00007ffe24ec9000 	C:\Program Files\Android\Android Studio\jbr\bin\net.dll
0x00007ffe221f0000 - 0x00007ffe222fa000 	C:\WINDOWS\SYSTEM32\WINHTTP.dll
0x00007ffe2f580000 - 0x00007ffe2f5ea000 	C:\WINDOWS\system32\mswsock.dll
0x00007ffe24950000 - 0x00007ffe24963000 	C:\Program Files\Android\Android Studio\jbr\bin\nio.dll
0x00007ffe1f250000 - 0x00007ffe1f267000 	C:\WINDOWS\system32\napinsp.dll
0x00007ffe24c70000 - 0x00007ffe24c8b000 	C:\WINDOWS\system32\pnrpnsp.dll
0x00007ffe29f30000 - 0x00007ffe29f45000 	C:\WINDOWS\system32\wshbth.dll
0x00007ffe2b1e0000 - 0x00007ffe2b1fd000 	C:\WINDOWS\system32\NLAapi.dll
0x00007ffe2f290000 - 0x00007ffe2f2cc000 	C:\WINDOWS\SYSTEM32\IPHLPAPI.DLL
0x00007ffe2f2d0000 - 0x00007ffe2f39b000 	C:\WINDOWS\SYSTEM32\DNSAPI.dll
0x00007ffe327a0000 - 0x00007ffe327a8000 	C:\WINDOWS\System32\NSI.dll
0x00007ffe28a30000 - 0x00007ffe28a42000 	C:\WINDOWS\System32\winrnr.dll
0x00007ffe20e00000 - 0x00007ffe20e0a000 	C:\Windows\System32\rasadhlp.dll
0x00007ffe21fb0000 - 0x00007ffe22030000 	C:\WINDOWS\System32\fwpuclnt.dll
0x00007ffe30750000 - 0x00007ffe30777000 	C:\WINDOWS\System32\bcrypt.dll
0x00007ffe10e30000 - 0x00007ffe10e57000 	C:\Users\shahzaib lptp\AndroidStudioProjects\loginsqlite\native\e1d6ef7f7dcc3fd88c89a11ec53ec762bb8ba0a96d01ffa2cd45eb1d1d8dd5c5\windows-amd64\native-platform.dll
0x00007ffe0faa0000 - 0x00007ffe0fbe4000 	C:\Users\shahzaib lptp\AndroidStudioProjects\loginsqlite\native\0d407fdbe67a94daf76414ababcb853783967236a71b16ec16e742cd7a986fd3\windows-amd64\native-platform-file-events.dll
0x00007ffe2fb20000 - 0x00007ffe2fb38000 	C:\WINDOWS\SYSTEM32\CRYPTSP.dll
0x00007ffe2eec0000 - 0x00007ffe2eef4000 	C:\WINDOWS\system32\rsaenh.dll
0x00007ffe2fe00000 - 0x00007ffe2fe2e000 	C:\WINDOWS\SYSTEM32\USERENV.dll
0x00007ffe2f710000 - 0x00007ffe2f71c000 	C:\WINDOWS\SYSTEM32\CRYPTBASE.dll
0x00007ffe23110000 - 0x00007ffe23127000 	C:\WINDOWS\SYSTEM32\dhcpcsvc6.DLL
0x00007ffe230f0000 - 0x00007ffe2310d000 	C:\WINDOWS\SYSTEM32\dhcpcsvc.DLL

dbghelp: loaded successfully - version: 4.0.5 - missing functions: none
symbol engine: initialized successfully - sym options: 0x614 - pdb path: .;C:\Program Files\Android\Android Studio\jbr\bin;C:\WINDOWS\SYSTEM32;C:\WINDOWS\WinSxS\amd64_microsoft.windows.common-controls_6595b64144ccf1df_6.0.19041.1110_none_60b5254171f9507e;C:\Program Files\Android\Android Studio\jbr\bin\server;C:\Users\shahzaib lptp\AndroidStudioProjects\loginsqlite\native\e1d6ef7f7dcc3fd88c89a11ec53ec762bb8ba0a96d01ffa2cd45eb1d1d8dd5c5\windows-amd64;C:\Users\shahzaib lptp\AndroidStudioProjects\loginsqlite\native\0d407fdbe67a94daf76414ababcb853783967236a71b16ec16e742cd7a986fd3\windows-amd64

VM Arguments:
jvm_args: -javaagent:C:\Program Files\Android\Android Studio\plugins\android\resources\trace_agent.jar=C:\Users\SHAHZA~1\AppData\Local\Temp\sync.trace.profile --add-opens=java.base/java.util=ALL-UNNAMED --add-opens=java.base/java.lang=ALL-UNNAMED --add-opens=java.base/java.lang.invoke=ALL-UNNAMED --add-opens=java.base/java.util=ALL-UNNAMED --add-opens=java.prefs/java.util.prefs=ALL-UNNAMED --add-opens=java.prefs/java.util.prefs=ALL-UNNAMED --add-opens=java.base/java.nio.charset=ALL-UNNAMED --add-opens=java.base/java.net=ALL-UNNAMED --add-opens=java.base/java.util.concurrent.atomic=ALL-UNNAMED -Xmx2048m -Dfile.encoding=UTF-8 -Duser.country=US -Duser.language=en -Duser.variant 
java_command: org.gradle.launcher.daemon.bootstrap.GradleDaemon 7.5
java_class_path (initial): C:\Users\shahzaib lptp\AndroidStudioProjects\loginsqlite\wrapper\dists\gradle-7.5-bin\f1w0cc9nuo0eivz97x2xlu9sv\gradle-7.5\lib\gradle-launcher-7.5.jar
Launcher Type: SUN_STANDARD

[Global flags]
     intx CICompilerCount                          = 3                                         {product} {ergonomic}
     uint ConcGCThreads                            = 1                                         {product} {ergonomic}
     uint G1ConcRefinementThreads                  = 4                                         {product} {ergonomic}
   size_t G1HeapRegionSize                         = 1048576                                   {product} {ergonomic}
    uintx GCDrainStackTargetSize                   = 64                                        {product} {ergonomic}
   size_t InitialHeapSize                          = 134217728                                 {product} {ergonomic}
   size_t MarkStackSize                            = 4194304                                   {product} {ergonomic}
   size_t MaxHeapSize                              = 2147483648                                {product} {command line}
   size_t MaxNewSize                               = 1287651328                                {product} {ergonomic}
   size_t MinHeapDeltaBytes                        = 1048576                                   {product} {ergonomic}
    uintx NonNMethodCodeHeapSize                   = 5830732                                {pd product} {ergonomic}
    uintx NonProfiledCodeHeapSize                  = 122913754                              {pd product} {ergonomic}
    uintx ProfiledCodeHeapSize                     = 122913754                              {pd product} {ergonomic}
    uintx ReservedCodeCacheSize                    = 251658240                              {pd product} {ergonomic}
     bool SegmentedCodeCache                       = true                                      {product} {ergonomic}
     bool UseCompressedClassPointers               = true                                 {lp64_product} {ergonomic}
     bool UseCompressedOops                        = true                                 {lp64_product} {ergonomic}
     bool UseG1GC                                  = true                                      {product} {ergonomic}
     bool UseLargePagesIndividualAllocation        = false                                  {pd product} {ergonomic}

Logging:
Log output configuration:
 #0: stdout all=warning uptime,level,tags
 #1: stderr all=off uptime,level,tags

Environment Variables:
PATH=C:\Program Files\Python310\Scripts\;C:\Program Files\Python310\;C:\Program Files\Common Files\Oracle\Java\javapath;C:\app\bin;C:\app\shahzaiblptp\product\11.2.0\dbhome_1\bin;C:\WINDOWS\system32;C:\WINDOWS;C:\WINDOWS\System32\Wbem;C:\WINDOWS\System32\WindowsPowerShell\v1.0\;c:\Program Files (x86)\Microsoft SQL Server\100\Tools\Binn\;c:\Program Files\Microsoft SQL Server\100\Tools\Binn\;c:\Program Files\Microsoft SQL Server\100\DTS\Binn\;C:\WINDOWS\System32\OpenSSH\;C:\ProgramData\chocolatey\bin;%JAVA_HOME%\bin;C:\Users\shahzaib lptp\AppData\Local\Microsoft\WindowsApps;C:\Program Files\JetBrains\IntelliJ IDEA Community Edition 2021.3\bin;;C:\Program Files\Python310\PyCharm Community Edition 2022.1\bin;;C:\Users\shahzaib lptp\AppData\Local\Programs\Microsoft VS Code\bin;C:\Program Files\flutter\bin;C:\src\flutter\bin;C:\Program Files\Android\Android Studio\bin;
USERNAME=shahzaib lptp
OS=Windows_NT
PROCESSOR_IDENTIFIER=Intel64 Family 6 Model 69 Stepping 1, GenuineIntel



---------------  S Y S T E M  ---------------

OS: Windows 10 , 64 bit Build 19041 (10.0.19041.2788)
OS uptime: 8 days 17:55 hours
Hyper-V role detected

CPU:total 4 (initial active 4) (2 cores per cpu, 2 threads per core) family 6 model 69 stepping 1 microcode 0x26, cmov, cx8, fxsr, mmx, sse, sse2, sse3, ssse3, sse4.1, sse4.2, popcnt, avx, avx2, aes, clmul, erms, lzcnt, ht, tsc, tscinvbit, bmi1, bmi2, fma

Memory: 4k page, system-wide physical 8073M (1004M free)
TotalPageFile size 10073M (AvailPageFile size 25M)
current process WorkingSet (physical memory assigned to process): 319M, peak: 322M
current process commit charge ("private bytes"): 357M, peak: 391M

vm_info: OpenJDK 64-Bit Server VM (11.0.15+0-b2043.56-9505619) for windows-amd64 JRE (11.0.15+0-b2043.56-9505619), built on Jan 19 2023 02:48:00 by "builduser" with unknown MS VC++:1929

END.
